2023-11-11 00:21:28 开始第 7865 次操作

2023-11-11 00:21:28 开始操作号码 【1957783】
2023-11-11 00:21:33 GSD getOne 第 1 次 等待 3 秒
2023-11-11 00:21:36 查询号码 【1957783】，返回信息 {"status":"ok","msg":"江西-上饶","gid":"472077","time_insert":"2021-08-01 21:53"}
2023-11-11 00:21:36 查询号码 【1957783】，GSD为【"江西-上饶"】

2023-11-11 00:21:37 开始第 7866 次操作

2023-11-11 00:21:37 开始操作号码 【1957784】
2023-11-11 00:21:41 GSD getOne 第 1 次 等待 3 秒
2023-11-11 00:21:44 查询号码 【1957784】，返回信息 {"status":"ok","msg":"江西-抚州","gid":"472067","time_insert":"2021-08-01 21:52"}
2023-11-11 00:21:44 查询号码 【1957784】，GSD为【"江西-抚州"】

2023-11-11 00:21:45 开始第 7867 次操作

2023-11-11 00:21:45 开始操作号码 【1957785】
2023-11-11 00:21:49 GSD getOne 第 1 次 等待 3 秒
2023-11-11 00:21:52 查询号码 【1957785】，返回信息 {"status":"ok","msg":"江西-上饶","gid":"472059","time_insert":"2021-08-01 21:52"}
2023-11-11 00:21:52 查询号码 【1957785】，GSD为【"江西-上饶"】

2023-11-11 00:21:53 开始第 7868 次操作

2023-11-11 00:21:53 开始操作号码 【1957786】
2023-11-11 00:21:57 GSD getOne 第 1 次 等待 3 秒
2023-11-11 00:22:00 查询号码 【1957786】，返回信息 {"status":"ok","msg":"江西-吉安","gid":"472047","time_insert":"2021-08-01 21:51"}
2023-11-11 00:22:00 查询号码 【1957786】，GSD为【"江西-吉安"】

2023-11-11 00:40:36 开始第 7869 次操作

2023-11-11 00:40:36 开始操作号码 【1957787】
2023-11-11 00:40:39 GSD getOne 第 1 次 等待 3 秒
2023-11-11 00:40:42 查询号码 【1957787】，返回信息 {"status":"ok","msg":"江西-赣州","gid":"472037","time_insert":"2021-08-01 21:50"}
2023-11-11 00:40:42 查询号码 【1957787】，GSD为【"江西-赣州"】

2023-11-11 00:40:43 开始第 7870 次操作

2023-11-11 00:40:43 开始操作号码 【1957788】
2023-11-11 00:40:47 GSD getOne 第 1 次 等待 3 秒
2023-11-11 00:40:50 查询号码 【1957788】，返回信息 {"status":"ok","msg":"江西-抚州","gid":"472024","time_insert":"2021-08-01 21:50"}
2023-11-11 00:40:50 查询号码 【1957788】，GSD为【"江西-抚州"】

2023-11-11 00:40:51 开始第 7871 次操作

2023-11-11 00:40:51 开始操作号码 【1957789】
2023-11-11 00:40:54 GSD getOne 第 1 次 等待 3 秒
2023-11-11 00:40:57 查询号码 【1957789】，返回信息 {"status":"ok","msg":"江西-南昌","gid":"472015","time_insert":"2021-08-01 21:49"}
2023-11-11 00:40:57 查询号码 【1957789】，GSD为【"江西-南昌"】

2023-11-11 00:40:58 开始第 7872 次操作

2023-11-11 00:40:58 开始操作号码 【1957790】
2023-11-11 00:41:01 GSD getOne 第 1 次 等待 3 秒
2023-11-11 00:41:04 查询号码 【1957790】，返回信息 {"status":"ok","msg":"新疆-阿克苏","gid":"471996","time_insert":"2021-08-01 21:47"}
2023-11-11 00:41:04 查询号码 【1957790】，GSD为【"新疆-阿克苏"】

