2024-04-07 00:21:09 开始第 2285 次操作

2024-04-07 00:21:09 开始操作号码 【1632204】
2024-04-07 00:21:13 GSD getOne 第 1 次 等待 3 秒
2024-04-07 00:21:17 查询号码 【1632204】，返回信息 {"status":"ok","msg":"-","gid":"558718","time_insert":"2023-02-27 13:52"}
2024-04-07 00:21:17 查询号码 【1632204】，GSD为【"-"】
2024-04-07 00:21:17 ok && -
2024-04-07 00:21:20 CHB 1632204?1712420477 第 1 次 等待 3 秒
2024-04-07 00:21:23 CHB 1632204?1712420477 第 1 次 获取到号码【1632204】GSD
2024-04-07 00:21:23 未获取到号码【1632204】GSD，可能号码格式错误
2024-04-07 00:21:23 获取到号码【1632204】的GSD为【-】
2024-04-07 00:21:29 GSD insert 第 1 次 等待 3 秒
2024-04-07 00:21:32 {"status":"bad","gid":"558718","msg":"添加失败！号码【1632204(-|-)】已存在！"}
2024-04-07 00:21:32 随机等待 154 秒，约 2 分钟
2024-04-07 00:21:32 下次操作: 2024-04-07 00:24:06

2024-04-07 00:24:06 开始第 2286 次操作

2024-04-07 00:24:06 开始操作号码 【1632205】
2024-04-07 00:24:10 GSD getOne 第 1 次 等待 3 秒
2024-04-07 00:24:13 查询号码 【1632205】，返回信息 {"status":"ok","msg":"-","gid":"558739","time_insert":"2023-02-27 14:03"}
2024-04-07 00:24:13 查询号码 【1632205】，GSD为【"-"】
2024-04-07 00:24:13 ok && -
2024-04-07 00:24:16 CHB 1632205?1712420653 第 1 次 等待 3 秒
2024-04-07 00:24:19 CHB 1632205?1712420653 第 1 次 获取到号码【1632205】GSD
2024-04-07 00:24:19 未获取到号码【1632205】GSD，可能号码格式错误
2024-04-07 00:24:19 获取到号码【1632205】的GSD为【-】
2024-04-07 00:24:24 GSD insert 第 1 次 等待 3 秒
2024-04-07 00:24:27 {"status":"bad","gid":"558739","msg":"添加失败！号码【1632205(-|-)】已存在！"}
2024-04-07 00:24:27 随机等待 144 秒，约 2 分钟
2024-04-07 00:24:27 下次操作: 2024-04-07 00:26:51

2024-04-07 00:26:51 开始第 2287 次操作

2024-04-07 00:26:51 开始操作号码 【1632206】
2024-04-07 00:26:55 GSD getOne 第 1 次 等待 3 秒
2024-04-07 00:26:58 查询号码 【1632206】，返回信息 {"status":"ok","msg":"-","gid":"558754","time_insert":"2023-02-27 14:16"}
2024-04-07 00:26:59 查询号码 【1632206】，GSD为【"-"】
2024-04-07 00:26:59 ok && -
2024-04-07 00:27:01 CHB 1632206?1712420819 第 1 次 等待 3 秒
2024-04-07 00:27:04 CHB 1632206?1712420819 第 1 次 获取到号码【1632206】GSD
2024-04-07 00:27:04 未获取到号码【1632206】GSD，可能号码格式错误
2024-04-07 00:27:04 获取到号码【1632206】的GSD为【-】
2024-04-07 00:27:09 GSD insert 第 1 次 等待 3 秒
2024-04-07 00:27:12 {"status":"bad","gid":"558754","msg":"添加失败！号码【1632206(-|-)】已存在！"}
2024-04-07 00:27:12 随机等待 163 秒，约 2 分钟
2024-04-07 00:27:12 下次操作: 2024-04-07 00:29:55

2024-04-07 00:29:56 开始第 2288 次操作

2024-04-07 00:29:56 开始操作号码 【1632207】
2024-04-07 00:30:00 GSD getOne 第 1 次 等待 3 秒
2024-04-07 00:30:03 查询号码 【1632207】，返回信息 {"status":"ok","msg":"-","gid":"558774","time_insert":"2023-02-27 14:28"}
2024-04-07 00:30:03 查询号码 【1632207】，GSD为【"-"】
2024-04-07 00:30:04 ok && -
2024-04-07 00:30:07 CHB 1632207?1712421004 第 1 次 等待 3 秒
2024-04-07 00:30:10 CHB 1632207?1712421004 第 1 次 获取到号码【1632207】GSD
2024-04-07 00:30:10 未获取到号码【1632207】GSD，可能号码格式错误
2024-04-07 00:30:10 获取到号码【1632207】的GSD为【-】
2024-04-07 00:30:15 GSD insert 第 1 次 等待 3 秒
2024-04-07 00:30:18 {"status":"bad","gid":"558774","msg":"添加失败！号码【1632207(-|-)】已存在！"}

2024-04-07 00:37:43 开始第 2289 次操作

2024-04-07 00:37:43 开始操作号码 【1632208】
2024-04-07 00:37:50 GSD getOne 第 1 次 等待 3 秒
2024-04-07 00:37:53 查询号码 【1632208】，返回信息 {"status":"ok","msg":"-","gid":"558796","time_insert":"2023-02-27 14:42"}
2024-04-07 00:37:53 查询号码 【1632208】，GSD为【"-"】
2024-04-07 00:37:53 ok && -
2024-04-07 00:37:56 CHB 1632208?1712421473 第 1 次 等待 3 秒
2024-04-07 00:37:59 CHB 1632208?1712421473 第 1 次 获取到号码【1632208】GSD
2024-04-07 00:37:59 未获取到号码【1632208】GSD，可能号码格式错误
2024-04-07 00:37:59 获取到号码【1632208】的GSD为【-】
2024-04-07 00:38:10 GSD insert 第 1 次 等待 3 秒
2024-04-07 00:38:13 {"status":"bad","gid":"558796","msg":"添加失败！号码【1632208(-|-)】已存在！"}
2024-04-07 00:38:13 随机等待 115 秒，约 1 分钟
2024-04-07 00:38:13 下次操作: 2024-04-07 00:40:08

2024-04-07 00:40:08 开始第 2290 次操作

2024-04-07 00:40:08 开始操作号码 【1632209】
2024-04-07 00:40:12 GSD getOne 第 1 次 等待 3 秒
2024-04-07 00:40:15 查询号码 【1632209】，返回信息 {"status":"ok","msg":"-","gid":"558819","time_insert":"2023-02-27 14:56"}
2024-04-07 00:40:15 查询号码 【1632209】，GSD为【"-"】
2024-04-07 00:40:15 ok && -
2024-04-07 00:40:18 CHB 1632209?1712421615 第 1 次 等待 3 秒
2024-04-07 00:40:21 CHB 1632209?1712421615 第 1 次 获取到号码【1632209】GSD
2024-04-07 00:40:21 未获取到号码【1632209】GSD，可能号码格式错误
2024-04-07 00:40:21 获取到号码【1632209】的GSD为【-】
2024-04-07 00:40:25 GSD insert 第 1 次 等待 3 秒
2024-04-07 00:40:28 {"status":"bad","gid":"558819","msg":"添加失败！号码【1632209(-|-)】已存在！"}
2024-04-07 00:40:28 随机等待 85 秒，约 1 分钟
2024-04-07 00:40:28 下次操作: 2024-04-07 00:41:53

2024-04-07 00:41:53 开始第 2291 次操作

2024-04-07 00:41:53 开始操作号码 【1632210】
2024-04-07 00:41:58 GSD getOne 第 1 次 等待 3 秒
2024-04-07 00:42:01 查询号码 【1632210】，返回信息 {"status":"ok","msg":"-","gid":"558835","time_insert":"2023-02-27 15:07"}
2024-04-07 00:42:01 查询号码 【1632210】，GSD为【"-"】
2024-04-07 00:42:01 ok && -
2024-04-07 00:42:03 CHB 1632210?1712421721 第 1 次 等待 3 秒
2024-04-07 00:42:06 CHB 1632210?1712421721 第 1 次 获取到号码【1632210】GSD
2024-04-07 00:42:06 未获取到号码【1632210】GSD，可能号码格式错误
2024-04-07 00:42:06 获取到号码【1632210】的GSD为【-】
2024-04-07 00:42:07 GSD insert 第 1 次 等待 3 秒
2024-04-07 00:42:16 GSD insert 第 2 次 等待 3 秒
2024-04-07 00:42:19 {"status":"bad","gid":"558835","msg":"添加失败！号码【1632210(-|-)】已存在！"}
2024-04-07 00:42:19 随机等待 124 秒，约 2 分钟
2024-04-07 00:42:19 下次操作: 2024-04-07 00:44:23

2024-04-07 00:44:23 开始第 2292 次操作

2024-04-07 00:44:23 开始操作号码 【1632211】
2024-04-07 00:44:28 GSD getOne 第 1 次 等待 3 秒
2024-04-07 00:44:31 查询号码 【1632211】，返回信息 {"status":"ok","msg":"-","gid":"558858","time_insert":"2023-02-27 15:20"}
2024-04-07 00:44:31 查询号码 【1632211】，GSD为【"-"】
2024-04-07 00:44:31 ok && -
2024-04-07 00:44:33 CHB 1632211?1712421871 第 1 次 等待 3 秒
2024-04-07 00:44:36 CHB 1632211?1712421871 第 1 次 获取到号码【1632211】GSD
2024-04-07 00:44:36 未获取到号码【1632211】GSD，可能号码格式错误
2024-04-07 00:44:36 获取到号码【1632211】的GSD为【-】
2024-04-07 00:44:41 GSD insert 第 1 次 等待 3 秒
2024-04-07 00:44:44 {"status":"bad","gid":"558858","msg":"添加失败！号码【1632211(-|-)】已存在！"}

2024-04-07 01:15:23 开始第 2293 次操作

2024-04-07 01:15:23 开始操作号码 【1632212】
2024-04-07 01:15:31 GSD getOne 第 1 次 等待 3 秒
2024-04-07 01:15:34 查询号码 【1632212】，返回信息 {"status":"ok","msg":"-","gid":"558891","time_insert":"2023-02-27 15:39"}
2024-04-07 01:15:34 查询号码 【1632212】，GSD为【"-"】
2024-04-07 01:15:34 ok && -
2024-04-07 01:15:37 CHB 1632212?1712423734 第 1 次 等待 3 秒
2024-04-07 01:15:40 CHB 1632212?1712423734 第 1 次 获取到号码【1632212】GSD
2024-04-07 01:15:40 未获取到号码【1632212】GSD，可能号码格式错误
2024-04-07 01:15:40 获取到号码【1632212】的GSD为【-】
2024-04-07 01:15:46 GSD insert 第 1 次 等待 3 秒
2024-04-07 01:15:49 {"status":"bad","gid":"558891","msg":"添加失败！号码【1632212(-|-)】已存在！"}
2024-04-07 01:15:49 随机等待 131 秒，约 2 分钟
2024-04-07 01:15:49 下次操作: 2024-04-07 01:18:00

2024-04-07 01:18:00 开始第 2294 次操作

2024-04-07 01:18:00 开始操作号码 【1632213】
2024-04-07 01:18:05 GSD getOne 第 1 次 等待 3 秒
2024-04-07 01:18:08 查询号码 【1632213】，返回信息 {"status":"ok","msg":"-","gid":"558919","time_insert":"2023-02-27 15:53"}
2024-04-07 01:18:08 查询号码 【1632213】，GSD为【"-"】
2024-04-07 01:18:08 ok && -
2024-04-07 01:18:10 CHB 1632213?1712423888 第 1 次 等待 3 秒
2024-04-07 01:18:13 CHB 1632213?1712423888 第 1 次 获取到号码【1632213】GSD
2024-04-07 01:18:13 未获取到号码【1632213】GSD，可能号码格式错误
2024-04-07 01:18:13 获取到号码【1632213】的GSD为【-】
2024-04-07 01:18:18 GSD insert 第 1 次 等待 3 秒
2024-04-07 01:18:21 {"status":"bad","gid":"558919","msg":"添加失败！号码【1632213(-|-)】已存在！"}
2024-04-07 01:18:21 随机等待 165 秒，约 2 分钟
2024-04-07 01:18:21 下次操作: 2024-04-07 01:21:06

2024-04-07 01:21:06 开始第 2295 次操作

2024-04-07 01:21:06 开始操作号码 【1632214】
2024-04-07 01:21:11 GSD getOne 第 1 次 等待 3 秒
2024-04-07 01:21:14 查询号码 【1632214】，返回信息 {"status":"ok","msg":"-","gid":"558936","time_insert":"2023-02-27 16:02"}
2024-04-07 01:21:14 查询号码 【1632214】，GSD为【"-"】
2024-04-07 01:21:14 ok && -
2024-04-07 01:21:16 CHB 1632214?1712424074 第 1 次 等待 3 秒
2024-04-07 01:21:19 CHB 1632214?1712424074 第 1 次 获取到号码【1632214】GSD
2024-04-07 01:21:19 未获取到号码【1632214】GSD，可能号码格式错误
2024-04-07 01:21:19 获取到号码【1632214】的GSD为【-】
2024-04-07 01:21:24 GSD insert 第 1 次 等待 3 秒
2024-04-07 01:21:27 {"status":"bad","gid":"558936","msg":"添加失败！号码【1632214(-|-)】已存在！"}
2024-04-07 01:21:27 随机等待 118 秒，约 1 分钟
2024-04-07 01:21:27 下次操作: 2024-04-07 01:23:25

2024-04-07 01:23:25 开始第 2296 次操作

2024-04-07 01:23:25 开始操作号码 【1632215】
2024-04-07 01:23:29 GSD getOne 第 1 次 等待 3 秒
2024-04-07 01:23:32 查询号码 【1632215】，返回信息 {"status":"ok","msg":"-","gid":"558949","time_insert":"2023-02-27 16:15"}
2024-04-07 01:23:32 查询号码 【1632215】，GSD为【"-"】
2024-04-07 01:23:32 ok && -
2024-04-07 01:23:36 CHB 1632215?1712424212 第 1 次 等待 3 秒
2024-04-07 01:23:39 CHB 1632215?1712424212 第 1 次 获取到号码【1632215】GSD
2024-04-07 01:23:39 未获取到号码【1632215】GSD，可能号码格式错误
2024-04-07 01:23:39 获取到号码【1632215】的GSD为【-】
2024-04-07 01:23:43 GSD insert 第 1 次 等待 3 秒
2024-04-07 01:23:46 {"status":"bad","gid":"558949","msg":"添加失败！号码【1632215(-|-)】已存在！"}

