2024-10-05 00:42:11 开始第 8197 次操作

2024-10-05 00:42:11 开始操作号码 【1418193】
2024-10-05 00:42:16 GSD getOne 第 1 次 等待 3 秒
2024-10-05 00:42:19 查询号码 【1418193】，返回信息 {"status":"ok","msg":"-","gid":"695826","time_insert":"2023-05-07 07:31"}
2024-10-05 00:42:19 查询号码 【1418193】，GSD为【"-"】
2024-10-05 00:42:19 ok && -
2024-10-05 00:42:25 CHB 1418193?1728060139 第 1 次 等待 3 秒
2024-10-05 00:42:28 CHB 1418193?1728060139 第 1 次 获取到号码【1418193】GSD
2024-10-05 00:42:28 未获取到号码【1418193】GSD，可能号码格式错误
2024-10-05 00:42:28 获取到号码【1418193】的GSD为【-】
2024-10-05 00:42:30 GSD insert 第 1 次 等待 3 秒
2024-10-05 00:42:33 {"status":"bad","gid":"695826","msg":"添加失败！号码【1418193(-|-)】已存在！"}
2024-10-05 00:42:33 随机等待 131 秒，约 2 分钟
2024-10-05 00:42:33 下次操作: 2024-10-05 00:44:44

2024-10-05 00:44:44 开始第 8198 次操作

2024-10-05 00:44:44 开始操作号码 【1418194】
2024-10-05 00:44:46 GSD getOne 第 1 次 等待 3 秒
2024-10-05 00:44:49 查询号码 【1418194】，返回信息 {"status":"ok","msg":"-","gid":"695836","time_insert":"2023-05-07 07:45"}
2024-10-05 00:44:49 查询号码 【1418194】，GSD为【"-"】
2024-10-05 00:44:49 ok && -
2024-10-05 00:44:51 CHB 1418194?1728060289 第 1 次 等待 3 秒
2024-10-05 00:44:54 CHB 1418194?1728060289 第 1 次 获取到号码【1418194】GSD
2024-10-05 00:44:54 未获取到号码【1418194】GSD，可能号码格式错误
2024-10-05 00:44:54 获取到号码【1418194】的GSD为【-】
2024-10-05 00:44:56 GSD insert 第 1 次 等待 3 秒
2024-10-05 00:44:59 {"status":"bad","gid":"695836","msg":"添加失败！号码【1418194(-|-)】已存在！"}
2024-10-05 00:44:59 随机等待 162 秒，约 2 分钟
2024-10-05 00:44:59 下次操作: 2024-10-05 00:47:41

2024-10-05 00:47:41 开始第 8199 次操作

2024-10-05 00:47:41 开始操作号码 【1418195】
2024-10-05 00:47:43 GSD getOne 第 1 次 等待 3 秒
2024-10-05 00:47:46 查询号码 【1418195】，返回信息 {"status":"ok","msg":"-","gid":"695850","time_insert":"2023-05-07 07:57"}
2024-10-05 00:47:46 查询号码 【1418195】，GSD为【"-"】
2024-10-05 00:47:46 ok && -
2024-10-05 00:47:48 CHB 1418195?1728060466 第 1 次 等待 3 秒
2024-10-05 00:47:51 CHB 1418195?1728060466 第 1 次 获取到号码【1418195】GSD
2024-10-05 00:47:51 未获取到号码【1418195】GSD，可能号码格式错误
2024-10-05 00:47:51 获取到号码【1418195】的GSD为【-】
2024-10-05 00:47:54 GSD insert 第 1 次 等待 3 秒
2024-10-05 00:47:57 {"status":"bad","gid":"695850","msg":"添加失败！号码【1418195(-|-)】已存在！"}
2024-10-05 00:47:57 随机等待 78 秒，约 1 分钟
2024-10-05 00:47:57 下次操作: 2024-10-05 00:49:15

2024-10-05 00:49:15 开始第 8200 次操作

2024-10-05 00:49:15 开始操作号码 【1418196】
2024-10-05 00:49:20 GSD getOne 第 1 次 等待 3 秒
2024-10-05 00:49:23 查询号码 【1418196】，返回信息 {"status":"ok","msg":"-","gid":"695860","time_insert":"2023-05-07 08:06"}
2024-10-05 00:49:23 查询号码 【1418196】，GSD为【"-"】
2024-10-05 00:49:23 ok && -
2024-10-05 00:49:25 CHB 1418196?1728060563 第 1 次 等待 3 秒
2024-10-05 00:49:28 CHB 1418196?1728060563 第 1 次 获取到号码【1418196】GSD
2024-10-05 00:49:28 未获取到号码【1418196】GSD，可能号码格式错误
2024-10-05 00:49:28 获取到号码【1418196】的GSD为【-】
2024-10-05 00:49:30 GSD insert 第 1 次 等待 3 秒
2024-10-05 00:49:33 {"status":"bad","gid":"695860","msg":"添加失败！号码【1418196(-|-)】已存在！"}

2024-10-05 01:09:28 开始第 8201 次操作

2024-10-05 01:09:28 开始操作号码 【1418197】
2024-10-05 01:09:32 GSD getOne 第 1 次 等待 3 秒
2024-10-05 01:09:35 查询号码 【1418197】，返回信息 {"status":"ok","msg":"-","gid":"695877","time_insert":"2023-05-07 08:25"}
2024-10-05 01:09:35 查询号码 【1418197】，GSD为【"-"】
2024-10-05 01:09:35 ok && -
2024-10-05 01:09:37 CHB 1418197?1728061775 第 1 次 等待 3 秒
2024-10-05 01:09:40 CHB 1418197?1728061775 第 1 次 获取到号码【1418197】GSD
2024-10-05 01:09:40 未获取到号码【1418197】GSD，可能号码格式错误
2024-10-05 01:09:40 获取到号码【1418197】的GSD为【-】
2024-10-05 01:09:42 GSD insert 第 1 次 等待 3 秒
2024-10-05 01:09:45 {"status":"bad","gid":"695877","msg":"添加失败！号码【1418197(-|-)】已存在！"}
2024-10-05 01:09:45 随机等待 146 秒，约 2 分钟
2024-10-05 01:09:45 下次操作: 2024-10-05 01:12:11

2024-10-05 01:12:11 开始第 8202 次操作

2024-10-05 01:12:11 开始操作号码 【1418198】
2024-10-05 01:12:13 GSD getOne 第 1 次 等待 3 秒
2024-10-05 01:12:16 查询号码 【1418198】，返回信息 {"status":"ok","msg":"-","gid":"695886","time_insert":"2023-05-07 08:36"}
2024-10-05 01:12:16 查询号码 【1418198】，GSD为【"-"】
2024-10-05 01:12:16 ok && -
2024-10-05 01:12:17 CHB 1418198?1728061936 第 1 次 等待 3 秒
2024-10-05 01:12:20 CHB 1418198?1728061936 第 1 次 获取到号码【1418198】GSD
2024-10-05 01:12:20 未获取到号码【1418198】GSD，可能号码格式错误
2024-10-05 01:12:20 获取到号码【1418198】的GSD为【-】
2024-10-05 01:12:22 GSD insert 第 1 次 等待 3 秒
2024-10-05 01:12:25 {"status":"bad","gid":"695886","msg":"添加失败！号码【1418198(-|-)】已存在！"}
2024-10-05 01:12:25 随机等待 88 秒，约 1 分钟
2024-10-05 01:12:25 下次操作: 2024-10-05 01:13:53

2024-10-05 01:13:53 开始第 8203 次操作

2024-10-05 01:13:53 开始操作号码 【1418199】
2024-10-05 01:13:55 GSD getOne 第 1 次 等待 3 秒
2024-10-05 01:13:58 查询号码 【1418199】，返回信息 {"status":"ok","msg":"-","gid":"695901","time_insert":"2023-05-07 08:55"}
2024-10-05 01:13:58 查询号码 【1418199】，GSD为【"-"】
2024-10-05 01:13:58 ok && -
2024-10-05 01:14:00 CHB 1418199?1728062038 第 1 次 等待 3 秒
2024-10-05 01:14:03 CHB 1418199?1728062038 第 1 次 获取到号码【1418199】GSD
2024-10-05 01:14:03 未获取到号码【1418199】GSD，可能号码格式错误
2024-10-05 01:14:03 获取到号码【1418199】的GSD为【-】
2024-10-05 01:14:05 GSD insert 第 1 次 等待 3 秒
2024-10-05 01:14:08 {"status":"bad","gid":"695901","msg":"添加失败！号码【1418199(-|-)】已存在！"}
2024-10-05 01:14:08 随机等待 69 秒，约 1 分钟
2024-10-05 01:14:08 下次操作: 2024-10-05 01:15:17

2024-10-05 01:15:17 开始第 8204 次操作

2024-10-05 01:15:17 开始操作号码 【1418200】
2024-10-05 01:15:19 GSD getOne 第 1 次 等待 3 秒
2024-10-05 01:15:22 查询号码 【1418200】，返回信息 {"status":"ok","msg":"-","gid":"695925","time_insert":"2023-05-07 09:18"}
2024-10-05 01:15:22 查询号码 【1418200】，GSD为【"-"】
2024-10-05 01:15:22 ok && -
2024-10-05 01:15:24 CHB 1418200?1728062122 第 1 次 等待 3 秒
2024-10-05 01:15:27 CHB 1418200?1728062122 第 1 次 获取到号码【1418200】GSD
2024-10-05 01:15:27 未获取到号码【1418200】GSD，可能号码格式错误
2024-10-05 01:15:27 获取到号码【1418200】的GSD为【-】
2024-10-05 01:15:29 GSD insert 第 1 次 等待 3 秒
2024-10-05 01:15:32 {"status":"bad","gid":"695925","msg":"添加失败！号码【1418200(-|-)】已存在！"}

2024-10-05 01:35:52 开始第 8205 次操作

2024-10-05 01:35:52 开始操作号码 【1418201】
2024-10-05 01:35:55 GSD getOne 第 1 次 等待 3 秒
2024-10-05 01:35:58 查询号码 【1418201】，返回信息 {"status":"ok","msg":"-","gid":"695934","time_insert":"2023-05-07 09:29"}
2024-10-05 01:35:58 查询号码 【1418201】，GSD为【"-"】
2024-10-05 01:35:58 ok && -
2024-10-05 01:36:00 CHB 1418201?1728063358 第 1 次 等待 3 秒
2024-10-05 01:36:03 CHB 1418201?1728063358 第 1 次 获取到号码【1418201】GSD
2024-10-05 01:36:03 未获取到号码【1418201】GSD，可能号码格式错误
2024-10-05 01:36:03 获取到号码【1418201】的GSD为【-】
2024-10-05 01:36:04 GSD insert 第 1 次 等待 3 秒
2024-10-05 01:36:07 {"status":"bad","gid":"695934","msg":"添加失败！号码【1418201(-|-)】已存在！"}
2024-10-05 01:36:07 随机等待 126 秒，约 2 分钟
2024-10-05 01:36:07 下次操作: 2024-10-05 01:38:13

2024-10-05 01:38:13 开始第 8206 次操作

2024-10-05 01:38:13 开始操作号码 【1418202】
2024-10-05 01:38:15 GSD getOne 第 1 次 等待 3 秒
2024-10-05 01:38:18 查询号码 【1418202】，返回信息 {"status":"ok","msg":"-","gid":"695949","time_insert":"2023-05-07 09:46"}
2024-10-05 01:38:18 查询号码 【1418202】，GSD为【"-"】
2024-10-05 01:38:18 ok && -
2024-10-05 01:38:20 CHB 1418202?1728063498 第 1 次 等待 3 秒
2024-10-05 01:38:23 CHB 1418202?1728063498 第 1 次 获取到号码【1418202】GSD
2024-10-05 01:38:23 未获取到号码【1418202】GSD，可能号码格式错误
2024-10-05 01:38:23 获取到号码【1418202】的GSD为【-】
2024-10-05 01:38:25 GSD insert 第 1 次 等待 3 秒
2024-10-05 01:38:28 {"status":"bad","gid":"695949","msg":"添加失败！号码【1418202(-|-)】已存在！"}
2024-10-05 01:38:28 随机等待 182 秒，约 3 分钟
2024-10-05 01:38:28 下次操作: 2024-10-05 01:41:30

2024-10-05 01:41:30 开始第 8207 次操作

2024-10-05 01:41:30 开始操作号码 【1418203】
2024-10-05 01:41:33 GSD getOne 第 1 次 等待 3 秒
2024-10-05 01:41:37 查询号码 【1418203】，返回信息 {"status":"ok","msg":"-","gid":"695960","time_insert":"2023-05-07 09:56"}
2024-10-05 01:41:37 查询号码 【1418203】，GSD为【"-"】
2024-10-05 01:41:37 ok && -
2024-10-05 01:41:38 CHB 1418203?1728063697 第 1 次 等待 3 秒
2024-10-05 01:41:41 CHB 1418203?1728063697 第 1 次 获取到号码【1418203】GSD
2024-10-05 01:41:41 未获取到号码【1418203】GSD，可能号码格式错误
2024-10-05 01:41:41 获取到号码【1418203】的GSD为【-】
2024-10-05 01:41:43 GSD insert 第 1 次 等待 3 秒
2024-10-05 01:41:46 {"status":"bad","gid":"695960","msg":"添加失败！号码【1418203(-|-)】已存在！"}
2024-10-05 01:41:46 随机等待 158 秒，约 2 分钟
2024-10-05 01:41:46 下次操作: 2024-10-05 01:44:24

2024-10-05 01:44:24 开始第 8208 次操作

2024-10-05 01:44:24 开始操作号码 【1418204】
2024-10-05 01:44:26 GSD getOne 第 1 次 等待 3 秒
2024-10-05 01:44:29 查询号码 【1418204】，返回信息 {"status":"ok","msg":"-","gid":"695974","time_insert":"2023-05-07 10:14"}
2024-10-05 01:44:29 查询号码 【1418204】，GSD为【"-"】
2024-10-05 01:44:29 ok && -
2024-10-05 01:44:30 CHB 1418204?1728063869 第 1 次 等待 3 秒
2024-10-05 01:44:33 CHB 1418204?1728063869 第 1 次 获取到号码【1418204】GSD
2024-10-05 01:44:33 未获取到号码【1418204】GSD，可能号码格式错误
2024-10-05 01:44:33 获取到号码【1418204】的GSD为【-】
2024-10-05 01:44:35 GSD insert 第 1 次 等待 3 秒
2024-10-05 01:44:38 {"status":"bad","gid":"695974","msg":"添加失败！号码【1418204(-|-)】已存在！"}

2024-10-05 02:14:05 开始第 8209 次操作

2024-10-05 02:14:05 开始操作号码 【1418205】
2024-10-05 02:14:07 GSD getOne 第 1 次 等待 3 秒
2024-10-05 02:14:10 查询号码 【1418205】，返回信息 {"status":"ok","msg":"-","gid":"695993","time_insert":"2023-05-07 10:34"}
2024-10-05 02:14:10 查询号码 【1418205】，GSD为【"-"】
2024-10-05 02:14:10 ok && -
2024-10-05 02:14:12 CHB 1418205?1728065650 第 1 次 等待 3 秒
2024-10-05 02:14:15 CHB 1418205?1728065650 第 1 次 获取到号码【1418205】GSD
2024-10-05 02:14:15 未获取到号码【1418205】GSD，可能号码格式错误
2024-10-05 02:14:15 获取到号码【1418205】的GSD为【-】
2024-10-05 02:14:17 GSD insert 第 1 次 等待 3 秒
2024-10-05 02:14:20 {"status":"bad","gid":"695993","msg":"添加失败！号码【1418205(-|-)】已存在！"}
2024-10-05 02:14:20 随机等待 161 秒，约 2 分钟
2024-10-05 02:14:20 下次操作: 2024-10-05 02:17:01

2024-10-05 02:17:01 开始第 8210 次操作

2024-10-05 02:17:01 开始操作号码 【1418206】
2024-10-05 02:17:03 GSD getOne 第 1 次 等待 3 秒
2024-10-05 02:17:06 查询号码 【1418206】，返回信息 {"status":"ok","msg":"-","gid":"696003","time_insert":"2023-05-07 10:47"}
2024-10-05 02:17:06 查询号码 【1418206】，GSD为【"-"】
2024-10-05 02:17:06 ok && -
2024-10-05 02:17:08 CHB 1418206?1728065826 第 1 次 等待 3 秒
2024-10-05 02:17:11 CHB 1418206?1728065826 第 1 次 获取到号码【1418206】GSD
2024-10-05 02:17:11 未获取到号码【1418206】GSD，可能号码格式错误
2024-10-05 02:17:11 获取到号码【1418206】的GSD为【-】
2024-10-05 02:17:15 GSD insert 第 1 次 等待 3 秒
2024-10-05 02:17:18 {"status":"bad","gid":"696003","msg":"添加失败！号码【1418206(-|-)】已存在！"}
2024-10-05 02:17:18 随机等待 75 秒，约 1 分钟
2024-10-05 02:17:18 下次操作: 2024-10-05 02:18:33

2024-10-05 02:18:33 开始第 8211 次操作

2024-10-05 02:18:33 开始操作号码 【1418207】
2024-10-05 02:18:35 GSD getOne 第 1 次 等待 3 秒
2024-10-05 02:18:38 查询号码 【1418207】，返回信息 {"status":"ok","msg":"-","gid":"696019","time_insert":"2023-05-07 11:05"}
2024-10-05 02:18:39 查询号码 【1418207】，GSD为【"-"】
2024-10-05 02:18:39 ok && -
2024-10-05 02:18:40 CHB 1418207?1728065919 第 1 次 等待 3 秒
2024-10-05 02:18:43 CHB 1418207?1728065919 第 1 次 获取到号码【1418207】GSD
2024-10-05 02:18:43 未获取到号码【1418207】GSD，可能号码格式错误
2024-10-05 02:18:43 获取到号码【1418207】的GSD为【-】
2024-10-05 02:18:45 GSD insert 第 1 次 等待 3 秒
2024-10-05 02:18:48 {"status":"bad","gid":"696019","msg":"添加失败！号码【1418207(-|-)】已存在！"}
2024-10-05 02:18:48 随机等待 80 秒，约 1 分钟
2024-10-05 02:18:48 下次操作: 2024-10-05 02:20:08

2024-10-05 02:20:08 开始第 8212 次操作

2024-10-05 02:20:08 开始操作号码 【1418208】
2024-10-05 02:20:11 GSD getOne 第 1 次 等待 3 秒
2024-10-05 02:20:14 查询号码 【1418208】，返回信息 {"status":"ok","msg":"-","gid":"696039","time_insert":"2023-05-07 11:26"}
2024-10-05 02:20:15 查询号码 【1418208】，GSD为【"-"】
2024-10-05 02:20:15 ok && -
2024-10-05 02:20:16 CHB 1418208?1728066015 第 1 次 等待 3 秒
2024-10-05 02:20:19 CHB 1418208?1728066015 第 1 次 获取到号码【1418208】GSD
2024-10-05 02:20:19 未获取到号码【1418208】GSD，可能号码格式错误
2024-10-05 02:20:19 获取到号码【1418208】的GSD为【-】
2024-10-05 02:20:22 GSD insert 第 1 次 等待 3 秒
2024-10-05 02:20:25 {"status":"bad","gid":"696039","msg":"添加失败！号码【1418208(-|-)】已存在！"}

2024-10-05 02:41:32 开始第 8213 次操作

2024-10-05 02:41:32 开始操作号码 【1418209】
2024-10-05 02:41:35 GSD getOne 第 1 次 等待 3 秒
2024-10-05 02:41:38 查询号码 【1418209】，返回信息 {"status":"ok","msg":"-","gid":"696050","time_insert":"2023-05-07 11:39"}
2024-10-05 02:41:38 查询号码 【1418209】，GSD为【"-"】
2024-10-05 02:41:38 ok && -
2024-10-05 02:41:40 CHB 1418209?1728067298 第 1 次 等待 3 秒
2024-10-05 02:41:43 CHB 1418209?1728067298 第 1 次 获取到号码【1418209】GSD
2024-10-05 02:41:43 未获取到号码【1418209】GSD，可能号码格式错误
2024-10-05 02:41:43 获取到号码【1418209】的GSD为【-】
2024-10-05 02:41:45 GSD insert 第 1 次 等待 3 秒
2024-10-05 02:41:48 {"status":"bad","gid":"696050","msg":"添加失败！号码【1418209(-|-)】已存在！"}
2024-10-05 02:41:48 随机等待 147 秒，约 2 分钟
2024-10-05 02:41:48 下次操作: 2024-10-05 02:44:15

2024-10-05 02:44:15 开始第 8214 次操作

2024-10-05 02:44:15 开始操作号码 【1418210】
2024-10-05 02:44:17 GSD getOne 第 1 次 等待 3 秒
2024-10-05 02:44:20 查询号码 【1418210】，返回信息 {"status":"ok","msg":"-","gid":"696059","time_insert":"2023-05-07 11:47"}
2024-10-05 02:44:20 查询号码 【1418210】，GSD为【"-"】
2024-10-05 02:44:20 ok && -
2024-10-05 02:44:22 CHB 1418210?1728067460 第 1 次 等待 3 秒
2024-10-05 02:44:25 CHB 1418210?1728067460 第 1 次 获取到号码【1418210】GSD
2024-10-05 02:44:26 未获取到号码【1418210】GSD，可能号码格式错误
2024-10-05 02:44:26 获取到号码【1418210】的GSD为【-】
2024-10-05 02:44:44 GSD insert 第 1 次 等待 3 秒
2024-10-05 02:44:47 {"status":"bad","gid":"696059","msg":"添加失败！号码【1418210(-|-)】已存在！"}
2024-10-05 02:44:47 随机等待 157 秒，约 2 分钟
2024-10-05 02:44:47 下次操作: 2024-10-05 02:47:24

2024-10-05 02:47:24 开始第 8215 次操作

2024-10-05 02:47:24 开始操作号码 【1418211】
2024-10-05 02:47:26 GSD getOne 第 1 次 等待 3 秒
2024-10-05 02:47:29 查询号码 【1418211】，返回信息 {"status":"ok","msg":"-","gid":"696064","time_insert":"2023-05-07 11:55"}
2024-10-05 02:47:29 查询号码 【1418211】，GSD为【"-"】
2024-10-05 02:47:29 ok && -
2024-10-05 02:47:31 CHB 1418211?1728067649 第 1 次 等待 3 秒
2024-10-05 02:47:34 CHB 1418211?1728067649 第 1 次 获取到号码【1418211】GSD
2024-10-05 02:47:34 未获取到号码【1418211】GSD，可能号码格式错误
2024-10-05 02:47:34 获取到号码【1418211】的GSD为【-】
2024-10-05 02:47:36 GSD insert 第 1 次 等待 3 秒
2024-10-05 02:47:39 {"status":"bad","gid":"696064","msg":"添加失败！号码【1418211(-|-)】已存在！"}
2024-10-05 02:47:39 随机等待 218 秒，约 3 分钟
2024-10-05 02:47:39 下次操作: 2024-10-05 02:51:17

2024-10-05 02:51:17 开始第 8216 次操作

2024-10-05 02:51:17 开始操作号码 【1418212】
2024-10-05 02:51:19 GSD getOne 第 1 次 等待 3 秒
2024-10-05 02:51:22 查询号码 【1418212】，返回信息 {"status":"ok","msg":"-","gid":"696086","time_insert":"2023-05-07 12:16"}
2024-10-05 02:51:22 查询号码 【1418212】，GSD为【"-"】
2024-10-05 02:51:22 ok && -
2024-10-05 02:52:25 CHB 1418212?1728067882 第 1 次 等待 3 秒
2024-10-05 02:52:28 CHB 1418212?1728067882 第 1 次 获取到号码【1418212】GSD
2024-10-05 02:52:28 未获取到号码【1418212】GSD，可能号码格式错误
2024-10-05 02:52:28 获取到号码【1418212】的GSD为【-】
2024-10-05 02:52:30 GSD insert 第 1 次 等待 3 秒
2024-10-05 02:52:33 {"status":"bad","gid":"696086","msg":"添加失败！号码【1418212(-|-)】已存在！"}

