2024-01-16 00:22:32 开始第 8853 次操作

2024-01-16 00:22:32 开始操作号码 【1858772】
2024-01-16 00:22:36 GSD getOne 第 1 次 等待 3 秒
2024-01-16 00:22:39 查询号码 【1858772】，返回信息 {"status":"ok","msg":"广西-南宁","gid":"417235","time_insert":"2021-07-27 21:23"}
2024-01-16 00:22:39 查询号码 【1858772】，GSD为【"广西-南宁"】

2024-01-16 00:22:40 开始第 8854 次操作

2024-01-16 00:22:40 开始操作号码 【1858773】
2024-01-16 00:22:45 GSD getOne 第 1 次 等待 3 秒
2024-01-16 00:22:48 查询号码 【1858773】，返回信息 {"status":"ok","msg":"广西-南宁","gid":"417225","time_insert":"2021-07-27 21:22"}
2024-01-16 00:22:48 查询号码 【1858773】，GSD为【"广西-南宁"】

2024-01-16 00:22:49 开始第 8855 次操作

2024-01-16 00:22:49 开始操作号码 【1858774】
2024-01-16 00:22:53 GSD getOne 第 1 次 等待 3 秒
2024-01-16 00:22:56 查询号码 【1858774】，返回信息 {"status":"ok","msg":"广西-南宁","gid":"417215","time_insert":"2021-07-27 21:21"}
2024-01-16 00:22:56 查询号码 【1858774】，GSD为【"广西-南宁"】

2024-01-16 00:22:57 开始第 8856 次操作

2024-01-16 00:22:57 开始操作号码 【1858775】
2024-01-16 00:23:01 GSD getOne 第 1 次 等待 3 秒
2024-01-16 00:23:04 查询号码 【1858775】，返回信息 {"status":"ok","msg":"广西-南宁","gid":"417209","time_insert":"2021-07-27 21:20"}
2024-01-16 00:23:04 查询号码 【1858775】，GSD为【"广西-南宁"】

