2024-05-05 00:20:09 开始第 7061 次操作

2024-05-05 00:20:09 开始操作号码 【1636978】
2024-05-05 00:20:17 GSD getOne 第 1 次 等待 3 秒
2024-05-05 00:20:20 查询号码 【1636978】，返回信息 {"status":"ok","msg":"-","gid":"671498","time_insert":"2023-04-22 21:23"}
2024-05-05 00:20:20 查询号码 【1636978】，GSD为【"-"】
2024-05-05 00:20:20 ok && -
2024-05-05 00:20:23 CHB 1636978?1714839620 第 1 次 等待 3 秒
2024-05-05 00:20:26 CHB 1636978?1714839620 第 1 次 获取到号码【1636978】GSD
2024-05-05 00:20:26 未获取到号码【1636978】GSD，可能号码格式错误
2024-05-05 00:20:26 获取到号码【1636978】的GSD为【-】
2024-05-05 00:20:31 GSD insert 第 1 次 等待 3 秒
2024-05-05 00:20:34 {"status":"bad","gid":"671498","msg":"添加失败！号码【1636978(-|-)】已存在！"}
2024-05-05 00:20:34 随机等待 133 秒，约 2 分钟
2024-05-05 00:20:34 下次操作: 2024-05-05 00:22:47

2024-05-05 00:22:48 开始第 7062 次操作

2024-05-05 00:22:48 开始操作号码 【1636979】
2024-05-05 00:22:53 GSD getOne 第 1 次 等待 3 秒
2024-05-05 00:22:56 查询号码 【1636979】，返回信息 {"status":"ok","msg":"-","gid":"671511","time_insert":"2023-04-22 21:32"}
2024-05-05 00:22:56 查询号码 【1636979】，GSD为【"-"】
2024-05-05 00:22:56 ok && -
2024-05-05 00:22:58 CHB 1636979?1714839776 第 1 次 等待 3 秒
2024-05-05 00:23:01 CHB 1636979?1714839776 第 1 次 获取到号码【1636979】GSD
2024-05-05 00:23:01 未获取到号码【1636979】GSD，可能号码格式错误
2024-05-05 00:23:01 获取到号码【1636979】的GSD为【-】
2024-05-05 00:23:07 GSD insert 第 1 次 等待 3 秒
2024-05-05 00:23:10 {"status":"bad","gid":"671511","msg":"添加失败！号码【1636979(-|-)】已存在！"}
2024-05-05 00:23:10 随机等待 122 秒，约 2 分钟
2024-05-05 00:23:10 下次操作: 2024-05-05 00:25:12

2024-05-05 00:25:12 开始第 7063 次操作

2024-05-05 00:25:12 开始操作号码 【1636980】
2024-05-05 00:25:22 GSD getOne 第 1 次 等待 3 秒
2024-05-05 00:25:25 查询号码 【1636980】，返回信息 {"status":"ok","msg":"-","gid":"671525","time_insert":"2023-04-22 21:41"}
2024-05-05 00:25:25 查询号码 【1636980】，GSD为【"-"】
2024-05-05 00:25:25 ok && -
2024-05-05 00:25:27 CHB 1636980?1714839925 第 1 次 等待 3 秒
2024-05-05 00:25:30 CHB 1636980?1714839925 第 1 次 获取到号码【1636980】GSD
2024-05-05 00:25:30 未获取到号码【1636980】GSD，可能号码格式错误
2024-05-05 00:25:30 获取到号码【1636980】的GSD为【-】
2024-05-05 00:25:40 GSD insert 第 1 次 等待 3 秒
2024-05-05 00:25:43 {"status":"bad","gid":"671525","msg":"添加失败！号码【1636980(-|-)】已存在！"}
2024-05-05 00:25:43 随机等待 175 秒，约 2 分钟
2024-05-05 00:25:43 下次操作: 2024-05-05 00:28:38

2024-05-05 00:28:38 开始第 7064 次操作

2024-05-05 00:28:38 开始操作号码 【1636981】
2024-05-05 00:28:43 GSD getOne 第 1 次 等待 3 秒
2024-05-05 00:28:46 查询号码 【1636981】，返回信息 {"status":"ok","msg":"-","gid":"671542","time_insert":"2023-04-22 21:52"}
2024-05-05 00:28:46 查询号码 【1636981】，GSD为【"-"】
2024-05-05 00:28:46 ok && -
2024-05-05 00:28:49 CHB 1636981?1714840126 第 1 次 等待 3 秒
2024-05-05 00:28:52 CHB 1636981?1714840126 第 1 次 获取到号码【1636981】GSD
2024-05-05 00:28:52 未获取到号码【1636981】GSD，可能号码格式错误
2024-05-05 00:28:52 获取到号码【1636981】的GSD为【-】
2024-05-05 00:28:58 GSD insert 第 1 次 等待 3 秒
2024-05-05 00:29:01 {"status":"bad","gid":"671542","msg":"添加失败！号码【1636981(-|-)】已存在！"}

