2024-02-14 00:20:55 开始第 3549 次操作

2024-02-14 00:20:55 开始操作号码 【1743467】
2024-02-14 00:21:01 GSD getOne 第 1 次 等待 3 秒
2024-02-14 00:21:04 查询号码 【1743467】，返回信息 {"status":"ok","msg":"-","gid":"190145","time_insert":"2021-07-04 13:14"}
2024-02-14 00:21:04 查询号码 【1743467】，GSD为【"-"】
2024-02-14 00:21:04 ok && -
2024-02-14 00:21:08 CHB 1743467?1707841264 第 1 次 等待 3 秒
2024-02-14 00:21:11 CHB 1743467?1707841264 第 1 次 获取到号码【1743467】GSD
2024-02-14 00:21:11 未获取到号码【1743467】GSD，可能号码格式错误
2024-02-14 00:21:11 获取到号码【1743467】的GSD为【-】
2024-02-14 00:21:15 GSD insert 第 1 次 等待 3 秒
2024-02-14 00:21:18 {"status":"bad","gid":"190145","msg":"添加失败！号码【1743467(-|-)】已存在！"}
2024-02-14 00:21:18 随机等待 162 秒，约 2 分钟
2024-02-14 00:21:18 下次操作: 2024-02-14 00:24:00

2024-02-14 00:24:00 开始第 3550 次操作

2024-02-14 00:24:00 开始操作号码 【1743468】
2024-02-14 00:24:05 GSD getOne 第 1 次 等待 3 秒
2024-02-14 00:24:08 查询号码 【1743468】，返回信息 {"status":"ok","msg":"-","gid":"190154","time_insert":"2021-07-04 13:15"}
2024-02-14 00:24:08 查询号码 【1743468】，GSD为【"-"】
2024-02-14 00:24:08 ok && -
2024-02-14 00:24:11 CHB 1743468?1707841448 第 1 次 等待 3 秒
2024-02-14 00:24:14 CHB 1743468?1707841448 第 1 次 获取到号码【1743468】GSD
2024-02-14 00:24:14 未获取到号码【1743468】GSD，可能号码格式错误
2024-02-14 00:24:14 获取到号码【1743468】的GSD为【-】
2024-02-14 00:24:18 GSD insert 第 1 次 等待 3 秒
2024-02-14 00:24:21 {"status":"bad","gid":"190154","msg":"添加失败！号码【1743468(-|-)】已存在！"}
2024-02-14 00:24:21 随机等待 228 秒，约 3 分钟
2024-02-14 00:24:21 下次操作: 2024-02-14 00:28:09

2024-02-14 00:28:09 开始第 3551 次操作

2024-02-14 00:28:09 开始操作号码 【1743469】
2024-02-14 00:28:14 GSD getOne 第 1 次 等待 3 秒
2024-02-14 00:28:17 查询号码 【1743469】，返回信息 {"status":"ok","msg":"-","gid":"190163","time_insert":"2021-07-04 13:16"}
2024-02-14 00:28:17 查询号码 【1743469】，GSD为【"-"】
2024-02-14 00:28:17 ok && -
2024-02-14 00:28:20 CHB 1743469?1707841697 第 1 次 等待 3 秒
2024-02-14 00:28:23 CHB 1743469?1707841697 第 1 次 获取到号码【1743469】GSD
2024-02-14 00:28:23 未获取到号码【1743469】GSD，可能号码格式错误
2024-02-14 00:28:23 获取到号码【1743469】的GSD为【-】
2024-02-14 00:28:27 GSD insert 第 1 次 等待 3 秒
2024-02-14 00:28:30 {"status":"bad","gid":"190163","msg":"添加失败！号码【1743469(-|-)】已存在！"}
2024-02-14 00:28:30 随机等待 107 秒，约 1 分钟
2024-02-14 00:28:30 下次操作: 2024-02-14 00:30:17

2024-02-14 00:30:17 开始第 3552 次操作

2024-02-14 00:30:17 开始操作号码 【1743470】
2024-02-14 00:30:22 GSD getOne 第 1 次 等待 3 秒
2024-02-14 00:30:25 查询号码 【1743470】，返回信息 {"status":"ok","msg":"-","gid":"190169","time_insert":"2021-07-04 13:16"}
2024-02-14 00:30:25 查询号码 【1743470】，GSD为【"-"】
2024-02-14 00:30:25 ok && -
2024-02-14 00:30:28 CHB 1743470?1707841825 第 1 次 等待 3 秒
2024-02-14 00:30:31 CHB 1743470?1707841825 第 1 次 获取到号码【1743470】GSD
2024-02-14 00:30:31 未获取到号码【1743470】GSD，可能号码格式错误
2024-02-14 00:30:31 获取到号码【1743470】的GSD为【-】
2024-02-14 00:30:37 GSD insert 第 1 次 等待 3 秒
2024-02-14 00:30:40 {"status":"bad","gid":"190169","msg":"添加失败！号码【1743470(-|-)】已存在！"}

