2023-10-22 00:19:26 开始第 4333 次操作

2023-10-22 00:19:26 开始操作号码 【1954251】
2023-10-22 00:19:39 GSD getOne 第 1 次 等待 3 秒
2023-10-22 00:19:42 查询号码 【1954251】，返回信息 {"status":"ok","msg":"云南-昭通","gid":"515162","time_insert":"2021-08-17 15:05"}
2023-10-22 00:19:42 查询号码 【1954251】，GSD为【"云南-昭通"】

2023-10-22 00:19:43 开始第 4334 次操作

2023-10-22 00:19:43 开始操作号码 【1954252】
2023-10-22 00:19:56 GSD getOne 第 1 次 等待 3 秒
2023-10-22 00:19:59 查询号码 【1954252】，返回信息 {"status":"ok","msg":"云南-昭通","gid":"515169","time_insert":"2021-08-17 15:07"}
2023-10-22 00:19:59 查询号码 【1954252】，GSD为【"云南-昭通"】

2023-10-22 00:20:00 开始第 4335 次操作

2023-10-22 00:20:00 开始操作号码 【1954253】
2023-10-22 00:20:06 GSD getOne 第 1 次 等待 3 秒
2023-10-22 00:20:09 查询号码 【1954253】，返回信息 {"status":"ok","msg":"云南-昭通","gid":"515188","time_insert":"2021-08-17 15:20"}
2023-10-22 00:20:09 查询号码 【1954253】，GSD为【"云南-昭通"】

2023-10-22 00:20:10 开始第 4336 次操作

2023-10-22 00:20:10 开始操作号码 【1954254】
2023-10-22 00:20:18 GSD getOne 第 1 次 等待 3 秒
2023-10-22 00:20:21 查询号码 【1954254】，返回信息 {"status":"ok","msg":"云南-昭通","gid":"515204","time_insert":"2021-08-17 15:29"}
2023-10-22 00:20:21 查询号码 【1954254】，GSD为【"云南-昭通"】

