2021-07-13 00:00:19 开始第 28 次操作

2021-07-13 00:00:19 开始操作号码 【1774594】
2021-07-13 00:00:22 GSD getOne 第 1 次 等待 1 秒
2021-07-13 00:00:23 查询号码 【1774594】，返回信息 {"status":"bad","msg":""}
2021-07-13 00:00:23 查询号码 【1774594】，GSD为【""】
2021-07-13 00:00:23 bad
2021-07-13 00:00:27 CHB 1774594?1626105623 第 1 次 等待 1 秒
2021-07-13 00:00:28 CHB 1774594?1626105623 第 1 次 获取到号码【1774594】GSD
2021-07-13 00:00:28 获取到号码【1774594】的GSD为【河北-衡水】
2021-07-13 00:00:33 GSD insert 第 1 次 等待 1 秒
2021-07-13 00:00:34 {"status":"ok","id":260612,"msg":"添加成功！260612"}
2021-07-13 00:00:34 下次操作: 2021-07-13 00:00:47

2021-07-13 00:00:47 开始第 29 次操作

2021-07-13 00:00:47 开始操作号码 【1774593】
2021-07-13 00:00:51 GSD getOne 第 1 次 等待 1 秒
2021-07-13 00:00:52 查询号码 【1774593】，返回信息 {"status":"bad","msg":""}
2021-07-13 00:00:52 查询号码 【1774593】，GSD为【""】
2021-07-13 00:00:52 bad
2021-07-13 00:00:54 CHB 1774593?1626105652 第 1 次 等待 1 秒
2021-07-13 00:00:55 CHB 1774593?1626105652 第 1 次 获取到号码【1774593】GSD
2021-07-13 00:00:55 获取到号码【1774593】的GSD为【河北-衡水】
2021-07-13 00:01:04 GSD insert 第 1 次 等待 1 秒
2021-07-13 00:01:05 {"status":"ok","id":260621,"msg":"添加成功！260621"}
2021-07-13 00:01:05 下次操作: 2021-07-13 00:01:23

2021-07-13 00:01:23 开始第 30 次操作

2021-07-13 00:01:23 开始操作号码 【1774592】
2021-07-13 00:01:27 GSD getOne 第 1 次 等待 1 秒
2021-07-13 00:01:28 查询号码 【1774592】，返回信息 {"status":"bad","msg":""}
2021-07-13 00:01:28 查询号码 【1774592】，GSD为【""】
2021-07-13 00:01:28 bad
2021-07-13 00:01:30 CHB 1774592?1626105688 第 1 次 等待 1 秒
2021-07-13 00:01:31 CHB 1774592?1626105688 第 1 次 获取到号码【1774592】GSD
2021-07-13 00:01:31 获取到号码【1774592】的GSD为【河北-衡水】
2021-07-13 00:01:35 GSD insert 第 1 次 等待 1 秒
2021-07-13 00:01:36 {"status":"ok","id":260629,"msg":"添加成功！260629"}

2021-07-13 01:04:19 开始第 1 次操作

2021-07-13 01:04:19 开始操作号码 【1774591】
2021-07-13 01:04:28 GSD getOne 第 1 次 等待 1 秒
2021-07-13 01:04:29 查询号码 【1774591】，返回信息 {"status":"bad","msg":""}
2021-07-13 01:04:29 查询号码 【1774591】，GSD为【""】
2021-07-13 01:04:29 bad
2021-07-13 01:04:31 CHB 1774591?1626109469 第 1 次 等待 1 秒
2021-07-13 01:04:32 CHB 1774591?1626109469 第 1 次 获取到号码【1774591】GSD
2021-07-13 01:04:32 获取到号码【1774591】的GSD为【河北-衡水】
2021-07-13 01:04:39 GSD insert 第 1 次 等待 1 秒
2021-07-13 01:04:40 {"status":"ok","id":260833,"msg":"添加成功！260833"}
2021-07-13 01:04:40 下次操作: 2021-07-13 01:04:54

2021-07-13 01:04:54 开始第 2 次操作

2021-07-13 01:04:54 开始操作号码 【1774590】
2021-07-13 01:04:59 GSD getOne 第 1 次 等待 1 秒
2021-07-13 01:05:00 查询号码 【1774590】，返回信息 {"status":"bad","msg":""}
2021-07-13 01:05:00 查询号码 【1774590】，GSD为【""】
2021-07-13 01:05:00 bad
2021-07-13 01:05:04 CHB 1774590?1626109500 第 1 次 等待 1 秒
2021-07-13 01:05:05 CHB 1774590?1626109500 第 1 次 获取到号码【1774590】GSD
2021-07-13 01:05:05 获取到号码【1774590】的GSD为【河北-衡水】
2021-07-13 01:05:08 GSD insert 第 1 次 等待 1 秒
2021-07-13 01:05:09 {"status":"ok","id":260839,"msg":"添加成功！260839"}
2021-07-13 01:05:09 下次操作: 2021-07-13 01:05:15

2021-07-13 01:05:15 开始第 3 次操作

2021-07-13 01:05:15 开始操作号码 【1774589】
2021-07-13 01:05:28 GSD getOne 第 1 次 等待 1 秒
2021-07-13 01:05:29 查询号码 【1774589】，返回信息 {"status":"bad","msg":""}
2021-07-13 01:05:29 查询号码 【1774589】，GSD为【""】
2021-07-13 01:05:29 bad
2021-07-13 01:05:31 CHB 1774589?1626109529 第 1 次 等待 1 秒
2021-07-13 01:05:32 CHB 1774589?1626109529 第 1 次 获取到号码【1774589】GSD
2021-07-13 01:05:32 获取到号码【1774589】的GSD为【甘肃-酒泉】
2021-07-13 01:05:35 GSD insert 第 1 次 等待 1 秒
2021-07-13 01:05:36 {"status":"ok","id":260847,"msg":"添加成功！260847"}
2021-07-13 01:05:36 下次操作: 2021-07-13 01:05:51

2021-07-13 01:05:51 开始第 4 次操作

2021-07-13 01:05:51 开始操作号码 【1774588】
2021-07-13 01:05:55 GSD getOne 第 1 次 等待 1 秒
2021-07-13 01:05:56 查询号码 【1774588】，返回信息 {"status":"bad","msg":""}
2021-07-13 01:05:56 查询号码 【1774588】，GSD为【""】
2021-07-13 01:05:56 bad
2021-07-13 01:06:01 CHB 1774588?1626109556 第 1 次 等待 1 秒
2021-07-13 01:06:02 CHB 1774588?1626109556 第 1 次 获取到号码【1774588】GSD
2021-07-13 01:06:02 获取到号码【1774588】的GSD为【甘肃-酒泉】
2021-07-13 01:06:05 GSD insert 第 1 次 等待 1 秒
2021-07-13 01:06:06 {"status":"ok","id":260859,"msg":"添加成功！260859"}
2021-07-13 01:06:06 下次操作: 2021-07-13 01:06:13

2021-07-13 01:06:13 开始第 5 次操作

2021-07-13 01:06:13 开始操作号码 【1774587】
2021-07-13 01:06:27 GSD getOne 第 1 次 等待 1 秒
2021-07-13 01:06:28 查询号码 【1774587】，返回信息 {"status":"bad","msg":""}
2021-07-13 01:06:28 查询号码 【1774587】，GSD为【""】
2021-07-13 01:06:28 bad
2021-07-13 01:06:30 CHB 1774587?1626109588 第 1 次 等待 1 秒
2021-07-13 01:06:31 CHB 1774587?1626109588 第 1 次 获取到号码【1774587】GSD
2021-07-13 01:06:31 获取到号码【1774587】的GSD为【甘肃-酒泉】
2021-07-13 01:06:37 GSD insert 第 1 次 等待 1 秒
2021-07-13 01:06:38 {"status":"ok","id":260867,"msg":"添加成功！260867"}
2021-07-13 01:06:38 下次操作: 2021-07-13 01:06:44

2021-07-13 01:06:44 开始第 6 次操作

2021-07-13 01:06:44 开始操作号码 【1774586】
2021-07-13 01:06:47 GSD getOne 第 1 次 等待 1 秒
2021-07-13 01:06:48 查询号码 【1774586】，返回信息 {"status":"bad","msg":""}
2021-07-13 01:06:48 查询号码 【1774586】，GSD为【""】
2021-07-13 01:06:48 bad
2021-07-13 01:06:51 CHB 1774586?1626109608 第 1 次 等待 1 秒
2021-07-13 01:06:52 CHB 1774586?1626109608 第 1 次 获取到号码【1774586】GSD
2021-07-13 01:06:52 获取到号码【1774586】的GSD为【甘肃-武威】
2021-07-13 01:07:00 GSD insert 第 1 次 等待 1 秒
2021-07-13 01:07:01 {"status":"ok","id":260871,"msg":"添加成功！260871"}
2021-07-13 01:07:01 下次操作: 2021-07-13 01:07:17

2021-07-13 01:07:17 开始第 7 次操作

2021-07-13 01:07:17 开始操作号码 【1774585】
2021-07-13 01:07:25 GSD getOne 第 1 次 等待 1 秒
2021-07-13 01:07:26 查询号码 【1774585】，返回信息 {"status":"bad","msg":""}
2021-07-13 01:07:26 查询号码 【1774585】，GSD为【""】
2021-07-13 01:07:26 bad
2021-07-13 01:07:28 CHB 1774585?1626109646 第 1 次 等待 1 秒
2021-07-13 01:07:29 CHB 1774585?1626109646 第 1 次 获取到号码【1774585】GSD
2021-07-13 01:07:29 获取到号码【1774585】的GSD为【甘肃-武威】
2021-07-13 01:07:39 GSD insert 第 1 次 等待 1 秒
2021-07-13 01:07:40 {"status":"ok","id":260883,"msg":"添加成功！260883"}
2021-07-13 01:07:41 下次操作: 2021-07-13 01:07:55

2021-07-13 01:07:56 开始第 8 次操作

2021-07-13 01:07:56 开始操作号码 【1774584】
2021-07-13 01:07:58 GSD getOne 第 1 次 等待 1 秒
2021-07-13 01:07:59 查询号码 【1774584】，返回信息 {"status":"bad","msg":""}
2021-07-13 01:08:00 查询号码 【1774584】，GSD为【""】
2021-07-13 01:08:00 bad
2021-07-13 01:08:01 CHB 1774584?1626109680 第 1 次 等待 1 秒
2021-07-13 01:08:02 CHB 1774584?1626109680 第 1 次 获取到号码【1774584】GSD
2021-07-13 01:08:02 获取到号码【1774584】的GSD为【甘肃-陇南】
2021-07-13 01:08:05 GSD insert 第 1 次 等待 1 秒
2021-07-13 01:08:06 {"status":"ok","id":260891,"msg":"添加成功！260891"}
2021-07-13 01:08:06 下次操作: 2021-07-13 01:08:14

2021-07-13 01:08:14 开始第 9 次操作

2021-07-13 01:08:14 开始操作号码 【1774583】
2021-07-13 01:08:17 GSD getOne 第 1 次 等待 1 秒
2021-07-13 01:08:18 查询号码 【1774583】，返回信息 {"status":"ok","msg":"甘肃-陇南","gid":"30777","time_insert":"2018-07-30 17:53","time_update":"2020-12-13 05:02"}
2021-07-13 01:08:18 查询号码 【1774583】，GSD为【"甘肃-陇南"】

2021-07-13 01:08:18 开始第 9 次操作

2021-07-13 01:08:18 开始操作号码 【1774582】
2021-07-13 01:08:21 GSD getOne 第 1 次 等待 1 秒
2021-07-13 01:08:22 查询号码 【1774582】，返回信息 {"status":"bad","msg":""}
2021-07-13 01:08:22 查询号码 【1774582】，GSD为【""】
2021-07-13 01:08:22 bad
2021-07-13 01:08:23 CHB 1774582?1626109702 第 1 次 等待 1 秒
2021-07-13 01:08:24 CHB 1774582?1626109702 第 1 次 获取到号码【1774582】GSD
2021-07-13 01:08:25 获取到号码【1774582】的GSD为【甘肃-武威】
2021-07-13 01:08:31 GSD insert 第 1 次 等待 1 秒
2021-07-13 01:08:32 {"status":"ok","id":260900,"msg":"添加成功！260900"}
2021-07-13 01:08:32 下次操作: 2021-07-13 01:08:39

2021-07-13 01:08:39 开始第 10 次操作

2021-07-13 01:08:39 开始操作号码 【1774581】
2021-07-13 01:08:43 GSD getOne 第 1 次 等待 1 秒
2021-07-13 01:08:44 查询号码 【1774581】，返回信息 {"status":"bad","msg":""}
2021-07-13 01:08:44 查询号码 【1774581】，GSD为【""】
2021-07-13 01:08:44 bad
2021-07-13 01:08:46 CHB 1774581?1626109724 第 1 次 等待 1 秒
2021-07-13 01:08:47 CHB 1774581?1626109724 第 1 次 获取到号码【1774581】GSD
2021-07-13 01:08:47 获取到号码【1774581】的GSD为【甘肃-甘南】
2021-07-13 01:08:56 GSD insert 第 1 次 等待 1 秒
2021-07-13 01:08:57 {"status":"ok","id":260906,"msg":"添加成功！260906"}
2021-07-13 01:08:57 下次操作: 2021-07-13 01:09:09

2021-07-13 01:09:09 开始第 11 次操作

2021-07-13 01:09:09 开始操作号码 【1774580】
2021-07-13 01:09:20 GSD getOne 第 1 次 等待 1 秒
2021-07-13 01:09:21 查询号码 【1774580】，返回信息 {"status":"bad","msg":""}
2021-07-13 01:09:21 查询号码 【1774580】，GSD为【""】
2021-07-13 01:09:21 bad
2021-07-13 01:09:23 CHB 1774580?1626109761 第 1 次 等待 1 秒
2021-07-13 01:09:24 CHB 1774580?1626109761 第 1 次 获取到号码【1774580】GSD
2021-07-13 01:09:24 获取到号码【1774580】的GSD为【甘肃-甘南】
2021-07-13 01:09:28 GSD insert 第 1 次 等待 1 秒
2021-07-13 01:09:29 {"status":"ok","id":260914,"msg":"添加成功！260914"}
2021-07-13 01:09:29 下次操作: 2021-07-13 01:09:36

2021-07-13 01:09:36 开始第 12 次操作

2021-07-13 01:09:36 开始操作号码 【1774579】
2021-07-13 01:09:45 GSD getOne 第 1 次 等待 1 秒
2021-07-13 01:09:46 查询号码 【1774579】，返回信息 {"status":"bad","msg":""}
2021-07-13 01:09:46 查询号码 【1774579】，GSD为【""】
2021-07-13 01:09:46 bad
2021-07-13 01:09:48 CHB 1774579?1626109786 第 1 次 等待 1 秒
2021-07-13 01:09:49 CHB 1774579?1626109786 第 1 次 获取到号码【1774579】GSD
2021-07-13 01:09:49 获取到号码【1774579】的GSD为【河北-石家庄】
2021-07-13 01:09:56 GSD insert 第 1 次 等待 1 秒
2021-07-13 01:09:57 {"status":"ok","id":260921,"msg":"添加成功！260921"}
2021-07-13 01:09:57 下次操作: 2021-07-13 01:10:12

2021-07-13 01:10:12 开始第 13 次操作

2021-07-13 01:10:12 开始操作号码 【1774578】
2021-07-13 01:10:28 GSD getOne 第 1 次 等待 1 秒
2021-07-13 01:10:29 查询号码 【1774578】，返回信息 {"status":"bad","msg":""}
2021-07-13 01:10:29 查询号码 【1774578】，GSD为【""】
2021-07-13 01:10:29 bad
2021-07-13 01:10:31 CHB 1774578?1626109829 第 1 次 等待 1 秒
2021-07-13 01:10:32 CHB 1774578?1626109829 第 1 次 获取到号码【1774578】GSD
2021-07-13 01:10:32 获取到号码【1774578】的GSD为【河北-石家庄】
2021-07-13 01:10:35 GSD insert 第 1 次 等待 1 秒
2021-07-13 01:10:36 {"status":"ok","id":260932,"msg":"添加成功！260932"}
2021-07-13 01:10:36 下次操作: 2021-07-13 01:10:52

2021-07-13 01:10:52 开始第 14 次操作

2021-07-13 01:10:52 开始操作号码 【1774577】
2021-07-13 01:10:59 GSD getOne 第 1 次 等待 1 秒
2021-07-13 01:11:00 查询号码 【1774577】，返回信息 {"status":"bad","msg":""}
2021-07-13 01:11:00 查询号码 【1774577】，GSD为【""】
2021-07-13 01:11:00 bad
2021-07-13 01:11:01 CHB 1774577?1626109860 第 1 次 等待 1 秒
2021-07-13 01:11:02 CHB 1774577?1626109860 第 1 次 获取到号码【1774577】GSD
2021-07-13 01:11:02 获取到号码【1774577】的GSD为【河北-石家庄】
2021-07-13 01:11:05 GSD insert 第 1 次 等待 1 秒
2021-07-13 01:11:06 {"status":"ok","id":260944,"msg":"添加成功！260944"}
2021-07-13 01:11:06 下次操作: 2021-07-13 01:11:16

2021-07-13 01:11:16 开始第 15 次操作

2021-07-13 01:11:16 开始操作号码 【1774576】
2021-07-13 01:11:23 GSD getOne 第 1 次 等待 1 秒
2021-07-13 01:11:24 查询号码 【1774576】，返回信息 {"status":"bad","msg":""}
2021-07-13 01:11:24 查询号码 【1774576】，GSD为【""】
2021-07-13 01:11:24 bad
2021-07-13 01:11:25 CHB 1774576?1626109884 第 1 次 等待 1 秒
2021-07-13 01:11:26 CHB 1774576?1626109884 第 1 次 获取到号码【1774576】GSD
2021-07-13 01:11:26 获取到号码【1774576】的GSD为【河北-石家庄】
2021-07-13 01:11:35 GSD insert 第 1 次 等待 1 秒
2021-07-13 01:11:36 {"status":"ok","id":260948,"msg":"添加成功！260948"}
2021-07-13 01:11:36 下次操作: 2021-07-13 01:11:49

2021-07-13 01:11:49 开始第 16 次操作

2021-07-13 01:11:49 开始操作号码 【1774575】
2021-07-13 01:11:54 GSD getOne 第 1 次 等待 1 秒
2021-07-13 01:11:55 查询号码 【1774575】，返回信息 {"status":"bad","msg":""}
2021-07-13 01:11:55 查询号码 【1774575】，GSD为【""】
2021-07-13 01:11:55 bad
2021-07-13 01:11:56 CHB 1774575?1626109915 第 1 次 等待 1 秒
2021-07-13 01:11:57 CHB 1774575?1626109915 第 1 次 获取到号码【1774575】GSD
2021-07-13 01:11:57 获取到号码【1774575】的GSD为【河北-石家庄】
2021-07-13 01:12:00 GSD insert 第 1 次 等待 1 秒
2021-07-13 01:12:01 {"status":"ok","id":260957,"msg":"添加成功！260957"}
2021-07-13 01:12:01 下次操作: 2021-07-13 01:12:11

2021-07-13 01:12:11 开始第 17 次操作

2021-07-13 01:12:11 开始操作号码 【1774574】
2021-07-13 01:12:14 GSD getOne 第 1 次 等待 1 秒
2021-07-13 01:12:15 查询号码 【1774574】，返回信息 {"status":"bad","msg":""}
2021-07-13 01:12:15 查询号码 【1774574】，GSD为【""】
2021-07-13 01:12:15 bad
2021-07-13 01:12:17 CHB 1774574?1626109935 第 1 次 等待 1 秒
2021-07-13 01:12:18 CHB 1774574?1626109935 第 1 次 获取到号码【1774574】GSD
2021-07-13 01:12:18 获取到号码【1774574】的GSD为【河北-石家庄】
2021-07-13 01:12:33 GSD insert 第 1 次 等待 1 秒
2021-07-13 01:12:34 {"status":"ok","id":260968,"msg":"添加成功！260968"}
2021-07-13 01:12:34 下次操作: 2021-07-13 01:12:45

2021-07-13 01:12:45 开始第 18 次操作

2021-07-13 01:12:45 开始操作号码 【1774573】
2021-07-13 01:12:47 GSD getOne 第 1 次 等待 1 秒
2021-07-13 01:12:48 查询号码 【1774573】，返回信息 {"status":"bad","msg":""}
2021-07-13 01:12:48 查询号码 【1774573】，GSD为【""】
2021-07-13 01:12:48 bad
2021-07-13 01:12:50 CHB 1774573?1626109968 第 1 次 等待 1 秒
2021-07-13 01:12:51 CHB 1774573?1626109968 第 1 次 获取到号码【1774573】GSD
2021-07-13 01:12:51 获取到号码【1774573】的GSD为【河北-邢台】
2021-07-13 01:13:00 GSD insert 第 1 次 等待 1 秒
2021-07-13 01:13:01 {"status":"ok","id":260976,"msg":"添加成功！260976"}
2021-07-13 01:13:01 下次操作: 2021-07-13 01:13:17

2021-07-13 01:13:17 开始第 19 次操作

2021-07-13 01:13:17 开始操作号码 【1774572】
2021-07-13 01:13:19 GSD getOne 第 1 次 等待 1 秒
2021-07-13 01:13:20 查询号码 【1774572】，返回信息 {"status":"bad","msg":""}
2021-07-13 01:13:20 查询号码 【1774572】，GSD为【""】
2021-07-13 01:13:20 bad
2021-07-13 01:13:23 CHB 1774572?1626110000 第 1 次 等待 1 秒
2021-07-13 01:13:24 CHB 1774572?1626110000 第 1 次 获取到号码【1774572】GSD
2021-07-13 01:13:24 获取到号码【1774572】的GSD为【河北-邢台】
2021-07-13 01:13:33 GSD insert 第 1 次 等待 1 秒
2021-07-13 01:13:34 {"status":"ok","id":260987,"msg":"添加成功！260987"}
2021-07-13 01:13:34 下次操作: 2021-07-13 01:13:42

2021-07-13 01:13:42 开始第 20 次操作

2021-07-13 01:13:42 开始操作号码 【1774571】
2021-07-13 01:13:46 GSD getOne 第 1 次 等待 1 秒
2021-07-13 01:13:47 查询号码 【1774571】，返回信息 {"status":"bad","msg":""}
2021-07-13 01:13:47 查询号码 【1774571】，GSD为【""】
2021-07-13 01:13:47 bad
2021-07-13 01:13:50 CHB 1774571?1626110027 第 1 次 等待 1 秒
2021-07-13 01:13:51 CHB 1774571?1626110027 第 1 次 获取到号码【1774571】GSD
2021-07-13 01:13:51 获取到号码【1774571】的GSD为【河北-邢台】
2021-07-13 01:13:58 GSD insert 第 1 次 等待 1 秒
2021-07-13 01:13:59 {"status":"ok","id":260996,"msg":"添加成功！260996"}
2021-07-13 01:13:59 下次操作: 2021-07-13 01:14:08

2021-07-13 01:14:08 开始第 21 次操作

2021-07-13 01:14:08 开始操作号码 【1774570】
2021-07-13 01:14:30 GSD getOne 第 1 次 等待 1 秒
2021-07-13 01:14:31 查询号码 【1774570】，返回信息 {"status":"bad","msg":""}
2021-07-13 01:14:31 查询号码 【1774570】，GSD为【""】
2021-07-13 01:14:31 bad
2021-07-13 01:14:33 CHB 1774570?1626110071 第 1 次 等待 1 秒
2021-07-13 01:14:34 CHB 1774570?1626110071 第 1 次 获取到号码【1774570】GSD
2021-07-13 01:14:34 获取到号码【1774570】的GSD为【河北-邢台】
2021-07-13 01:14:39 GSD insert 第 1 次 等待 1 秒
2021-07-13 01:14:40 {"status":"ok","id":261004,"msg":"添加成功！261004"}
2021-07-13 01:14:40 下次操作: 2021-07-13 01:14:54

2021-07-13 01:14:54 开始第 22 次操作

2021-07-13 01:14:54 开始操作号码 【1774569】
2021-07-13 01:14:56 GSD getOne 第 1 次 等待 1 秒
2021-07-13 01:14:57 查询号码 【1774569】，返回信息 {"status":"bad","msg":""}
2021-07-13 01:14:57 查询号码 【1774569】，GSD为【""】
2021-07-13 01:14:57 bad
2021-07-13 01:14:59 CHB 1774569?1626110097 第 1 次 等待 1 秒
2021-07-13 01:15:00 CHB 1774569?1626110097 第 1 次 获取到号码【1774569】GSD
2021-07-13 01:15:00 获取到号码【1774569】的GSD为【黑龙江-哈尔滨】
2021-07-13 01:15:05 GSD insert 第 1 次 等待 1 秒
2021-07-13 01:15:06 {"status":"ok","id":261012,"msg":"添加成功！261012"}
2021-07-13 01:15:06 下次操作: 2021-07-13 01:15:22

2021-07-13 01:15:22 开始第 23 次操作

2021-07-13 01:15:22 开始操作号码 【1774568】
2021-07-13 01:15:30 GSD getOne 第 1 次 等待 1 秒
2021-07-13 01:15:31 查询号码 【1774568】，返回信息 {"status":"bad","msg":""}
2021-07-13 01:15:31 查询号码 【1774568】，GSD为【""】
2021-07-13 01:15:31 bad
2021-07-13 01:15:36 CHB 1774568?1626110131 第 1 次 等待 1 秒
2021-07-13 01:15:37 CHB 1774568?1626110131 第 1 次 获取到号码【1774568】GSD
2021-07-13 01:15:37 获取到号码【1774568】的GSD为【黑龙江-哈尔滨】
2021-07-13 01:15:41 GSD insert 第 1 次 等待 1 秒
2021-07-13 01:15:42 {"status":"ok","id":261022,"msg":"添加成功！261022"}
2021-07-13 01:15:42 下次操作: 2021-07-13 01:15:50

2021-07-13 01:15:50 开始第 24 次操作

2021-07-13 01:15:50 开始操作号码 【1774567】
2021-07-13 01:15:56 GSD getOne 第 1 次 等待 1 秒
2021-07-13 01:15:57 查询号码 【1774567】，返回信息 {"status":"bad","msg":""}
2021-07-13 01:15:57 查询号码 【1774567】，GSD为【""】
2021-07-13 01:15:57 bad
2021-07-13 01:15:58 CHB 1774567?1626110157 第 1 次 等待 1 秒
2021-07-13 01:15:59 CHB 1774567?1626110157 第 1 次 获取到号码【1774567】GSD
2021-07-13 01:15:59 获取到号码【1774567】的GSD为【黑龙江-哈尔滨】
2021-07-13 01:16:02 GSD insert 第 1 次 等待 1 秒
2021-07-13 01:16:03 {"status":"ok","id":261030,"msg":"添加成功！261030"}
2021-07-13 01:16:03 下次操作: 2021-07-13 01:16:15

2021-07-13 01:16:15 开始第 25 次操作

2021-07-13 01:16:15 开始操作号码 【1774566】
2021-07-13 01:16:21 GSD getOne 第 1 次 等待 1 秒
2021-07-13 01:16:22 查询号码 【1774566】，返回信息 {"status":"bad","msg":""}
2021-07-13 01:16:22 查询号码 【1774566】，GSD为【""】
2021-07-13 01:16:22 bad
2021-07-13 01:16:23 CHB 1774566?1626110182 第 1 次 等待 1 秒
2021-07-13 01:16:24 CHB 1774566?1626110182 第 1 次 获取到号码【1774566】GSD
2021-07-13 01:16:24 获取到号码【1774566】的GSD为【黑龙江-哈尔滨】
2021-07-13 01:16:29 GSD insert 第 1 次 等待 1 秒
2021-07-13 01:16:30 {"status":"ok","id":261037,"msg":"添加成功！261037"}
2021-07-13 01:16:30 下次操作: 2021-07-13 01:16:39

2021-07-13 01:16:39 开始第 26 次操作

2021-07-13 01:16:39 开始操作号码 【1774565】
2021-07-13 01:16:42 GSD getOne 第 1 次 等待 1 秒
2021-07-13 01:16:43 查询号码 【1774565】，返回信息 {"status":"bad","msg":""}
2021-07-13 01:16:43 查询号码 【1774565】，GSD为【""】
2021-07-13 01:16:43 bad
2021-07-13 01:16:44 CHB 1774565?1626110203 第 1 次 等待 1 秒
2021-07-13 01:16:45 CHB 1774565?1626110203 第 1 次 获取到号码【1774565】GSD
2021-07-13 01:16:45 获取到号码【1774565】的GSD为【黑龙江-哈尔滨】
2021-07-13 01:16:48 GSD insert 第 1 次 等待 1 秒
2021-07-13 01:16:49 {"status":"ok","id":261041,"msg":"添加成功！261041"}
2021-07-13 01:16:49 下次操作: 2021-07-13 01:17:05

2021-07-13 01:17:05 开始第 27 次操作

2021-07-13 01:17:05 开始操作号码 【1774564】
2021-07-13 01:17:14 GSD getOne 第 1 次 等待 1 秒
2021-07-13 01:17:15 查询号码 【1774564】，返回信息 {"status":"bad","msg":""}
2021-07-13 01:17:15 查询号码 【1774564】，GSD为【""】
2021-07-13 01:17:15 bad
2021-07-13 01:17:17 CHB 1774564?1626110235 第 1 次 等待 1 秒
2021-07-13 01:17:18 CHB 1774564?1626110235 第 1 次 获取到号码【1774564】GSD
2021-07-13 01:17:18 获取到号码【1774564】的GSD为【黑龙江-哈尔滨】
2021-07-13 01:17:48 GSD insert 第 1 次 等待 1 秒
2021-07-13 01:17:49 {"status":"ok","id":261058,"msg":"添加成功！261058"}
2021-07-13 01:17:49 下次操作: 2021-07-13 01:18:00

2021-07-13 01:18:00 开始第 28 次操作

2021-07-13 01:18:00 开始操作号码 【1774563】
2021-07-13 01:18:03 GSD getOne 第 1 次 等待 1 秒
2021-07-13 01:18:04 查询号码 【1774563】，返回信息 {"status":"bad","msg":""}
2021-07-13 01:18:04 查询号码 【1774563】，GSD为【""】
2021-07-13 01:18:04 bad
2021-07-13 01:18:05 CHB 1774563?1626110284 第 1 次 等待 1 秒
2021-07-13 01:18:06 CHB 1774563?1626110284 第 1 次 获取到号码【1774563】GSD
2021-07-13 01:18:06 获取到号码【1774563】的GSD为【黑龙江-哈尔滨】
2021-07-13 01:18:15 GSD insert 第 1 次 等待 1 秒
2021-07-13 01:18:16 {"status":"ok","id":261065,"msg":"添加成功！261065"}
2021-07-13 01:18:16 下次操作: 2021-07-13 01:18:22

2021-07-13 01:18:22 开始第 29 次操作

2021-07-13 01:18:22 开始操作号码 【1774562】
2021-07-13 01:18:27 GSD getOne 第 1 次 等待 1 秒
2021-07-13 01:18:28 查询号码 【1774562】，返回信息 {"status":"bad","msg":""}
2021-07-13 01:18:28 查询号码 【1774562】，GSD为【""】
2021-07-13 01:18:28 bad
2021-07-13 01:18:31 CHB 1774562?1626110308 第 1 次 等待 1 秒
2021-07-13 01:18:32 CHB 1774562?1626110308 第 1 次 获取到号码【1774562】GSD
2021-07-13 01:18:32 获取到号码【1774562】的GSD为【黑龙江-哈尔滨】
2021-07-13 01:18:35 GSD insert 第 1 次 等待 1 秒
2021-07-13 01:18:36 {"status":"ok","id":261070,"msg":"添加成功！261070"}
2021-07-13 01:18:36 下次操作: 2021-07-13 01:18:51

2021-07-13 01:18:51 开始第 30 次操作

2021-07-13 01:18:51 开始操作号码 【1774561】
2021-07-13 01:18:54 GSD getOne 第 1 次 等待 1 秒
2021-07-13 01:18:55 查询号码 【1774561】，返回信息 {"status":"bad","msg":""}
2021-07-13 01:18:55 查询号码 【1774561】，GSD为【""】
2021-07-13 01:18:55 bad
2021-07-13 01:18:57 CHB 1774561?1626110335 第 1 次 等待 1 秒
2021-07-13 01:18:58 CHB 1774561?1626110335 第 1 次 获取到号码【1774561】GSD
2021-07-13 01:18:58 获取到号码【1774561】的GSD为【黑龙江-哈尔滨】
2021-07-13 01:19:04 GSD insert 第 1 次 等待 1 秒
2021-07-13 01:19:05 {"status":"ok","id":261079,"msg":"添加成功！261079"}

