2024-08-05 00:21:09 开始第 9645 次操作

2024-08-05 00:21:09 开始操作号码 【1529547】
2024-08-05 00:21:26 GSD getOne 第 1 次 等待 3 秒
2024-08-05 00:21:29 查询号码 【1529547】，返回信息 {"status":"ok","msg":"江苏-徐州","gid":"361200","time_insert":"2021-07-23 02:00"}
2024-08-05 00:21:29 查询号码 【1529547】，GSD为【"江苏-徐州"】

2024-08-05 00:21:30 开始第 9646 次操作

2024-08-05 00:21:30 开始操作号码 【1529548】
2024-08-05 00:21:41 GSD getOne 第 1 次 等待 3 秒
2024-08-05 00:21:44 查询号码 【1529548】，返回信息 {"status":"ok","msg":"江苏-徐州","gid":"361191","time_insert":"2021-07-23 01:59"}
2024-08-05 00:21:44 查询号码 【1529548】，GSD为【"江苏-徐州"】

2024-08-05 00:21:45 开始第 9647 次操作

2024-08-05 00:21:45 开始操作号码 【1529549】
2024-08-05 00:21:53 GSD getOne 第 1 次 等待 3 秒
2024-08-05 00:21:56 查询号码 【1529549】，返回信息 {"status":"ok","msg":"江苏-徐州","gid":"20462","time_insert":"2017-05-20 15:23","time_update":"2020-08-25 10:52"}
2024-08-05 00:21:56 查询号码 【1529549】，GSD为【"江苏-徐州"】

2024-08-05 00:21:57 开始第 9648 次操作

2024-08-05 00:21:57 开始操作号码 【1529550】
2024-08-05 00:22:05 GSD getOne 第 1 次 等待 3 秒
2024-08-05 00:22:08 查询号码 【1529550】，返回信息 {"status":"ok","msg":"江苏-南京","gid":"361180","time_insert":"2021-07-23 01:59"}
2024-08-05 00:22:09 查询号码 【1529550】，GSD为【"江苏-南京"】

2024-08-05 00:39:26 开始第 9649 次操作

2024-08-05 00:39:26 开始操作号码 【1529551】
2024-08-05 00:39:49 GSD getOne 第 1 次 等待 3 秒
2024-08-05 00:39:52 查询号码 【1529551】，返回信息 {"status":"ok","msg":"江苏-南京","gid":"361170","time_insert":"2021-07-23 01:58"}
2024-08-05 00:39:52 查询号码 【1529551】，GSD为【"江苏-南京"】

2024-08-05 00:39:53 开始第 9650 次操作

2024-08-05 00:39:53 开始操作号码 【1529552】
2024-08-05 00:40:11 GSD getOne 第 1 次 等待 3 秒
2024-08-05 00:40:14 查询号码 【1529552】，返回信息 {"status":"ok","msg":"江苏-南京","gid":"20463","time_insert":"2018-01-07 09:55","time_update":"2020-08-25 10:57"}
2024-08-05 00:40:14 查询号码 【1529552】，GSD为【"江苏-南京"】

2024-08-05 00:40:15 开始第 9651 次操作

2024-08-05 00:40:15 开始操作号码 【1529553】
2024-08-05 00:40:23 GSD getOne 第 1 次 等待 3 秒
2024-08-05 00:40:26 查询号码 【1529553】，返回信息 {"status":"ok","msg":"江苏-南京","gid":"20464","time_insert":"2015-12-20 09:34","time_update":"2020-08-25 11:00"}
2024-08-05 00:40:26 查询号码 【1529553】，GSD为【"江苏-南京"】

2024-08-05 00:40:27 开始第 9652 次操作

2024-08-05 00:40:27 开始操作号码 【1529554】
2024-08-05 00:40:35 GSD getOne 第 1 次 等待 3 秒
2024-08-05 00:40:38 查询号码 【1529554】，返回信息 {"status":"ok","msg":"江苏-南京","gid":"361159","time_insert":"2021-07-23 01:57"}
2024-08-05 00:40:38 查询号码 【1529554】，GSD为【"江苏-南京"】

2024-08-05 01:15:42 开始第 9653 次操作

2024-08-05 01:15:42 开始操作号码 【1529555】
2024-08-05 01:15:51 GSD getOne 第 1 次 等待 3 秒
2024-08-05 01:15:54 查询号码 【1529555】，返回信息 {"status":"ok","msg":"江苏-南京","gid":"361149","time_insert":"2021-07-23 01:57"}
2024-08-05 01:15:54 查询号码 【1529555】，GSD为【"江苏-南京"】

2024-08-05 01:15:55 开始第 9654 次操作

2024-08-05 01:15:55 开始操作号码 【1529556】
2024-08-05 01:16:04 GSD getOne 第 1 次 等待 3 秒
2024-08-05 01:16:07 查询号码 【1529556】，返回信息 {"status":"ok","msg":"江苏-南京","gid":"361141","time_insert":"2021-07-23 01:56"}
2024-08-05 01:16:07 查询号码 【1529556】，GSD为【"江苏-南京"】

2024-08-05 01:16:08 开始第 9655 次操作

2024-08-05 01:16:08 开始操作号码 【1529557】
2024-08-05 01:16:16 GSD getOne 第 1 次 等待 3 秒
2024-08-05 01:16:19 查询号码 【1529557】，返回信息 {"status":"ok","msg":"江苏-南京","gid":"361129","time_insert":"2021-07-23 01:56"}
2024-08-05 01:16:19 查询号码 【1529557】，GSD为【"江苏-南京"】

2024-08-05 01:16:20 开始第 9656 次操作

2024-08-05 01:16:20 开始操作号码 【1529558】
2024-08-05 01:16:28 GSD getOne 第 1 次 等待 3 秒
2024-08-05 01:16:31 查询号码 【1529558】，返回信息 {"status":"ok","msg":"江苏-南京","gid":"361116","time_insert":"2021-07-23 01:55"}
2024-08-05 01:16:31 查询号码 【1529558】，GSD为【"江苏-南京"】

2024-08-05 01:37:27 开始第 9657 次操作

2024-08-05 01:37:27 开始操作号码 【1529559】
2024-08-05 01:37:35 GSD getOne 第 1 次 等待 3 秒
2024-08-05 01:37:38 查询号码 【1529559】，返回信息 {"status":"ok","msg":"江苏-南京","gid":"361105","time_insert":"2021-07-23 01:54"}
2024-08-05 01:37:38 查询号码 【1529559】，GSD为【"江苏-南京"】

2024-08-05 01:37:39 开始第 9658 次操作

2024-08-05 01:37:39 开始操作号码 【1529560】
2024-08-05 01:37:47 GSD getOne 第 1 次 等待 3 秒
2024-08-05 01:37:50 查询号码 【1529560】，返回信息 {"status":"ok","msg":"江苏-苏州","gid":"361096","time_insert":"2021-07-23 01:54"}
2024-08-05 01:37:50 查询号码 【1529560】，GSD为【"江苏-苏州"】

2024-08-05 01:37:51 开始第 9659 次操作

2024-08-05 01:37:51 开始操作号码 【1529561】
2024-08-05 01:37:59 GSD getOne 第 1 次 等待 3 秒
2024-08-05 01:38:02 查询号码 【1529561】，返回信息 {"status":"ok","msg":"江苏-苏州","gid":"361085","time_insert":"2021-07-23 01:53"}
2024-08-05 01:38:02 查询号码 【1529561】，GSD为【"江苏-苏州"】

2024-08-05 01:38:03 开始第 9660 次操作

2024-08-05 01:38:03 开始操作号码 【1529562】
2024-08-05 01:38:11 GSD getOne 第 1 次 等待 3 秒
2024-08-05 01:38:14 查询号码 【1529562】，返回信息 {"status":"ok","msg":"江苏-苏州","gid":"361077","time_insert":"2021-07-23 01:53"}
2024-08-05 01:38:14 查询号码 【1529562】，GSD为【"江苏-苏州"】

2024-08-05 02:23:43 开始第 9661 次操作

2024-08-05 02:23:43 开始操作号码 【1529563】
2024-08-05 02:23:51 GSD getOne 第 1 次 等待 3 秒
2024-08-05 02:23:54 查询号码 【1529563】，返回信息 {"status":"ok","msg":"江苏-苏州","gid":"361069","time_insert":"2021-07-23 01:52"}
2024-08-05 02:23:54 查询号码 【1529563】，GSD为【"江苏-苏州"】

2024-08-05 02:23:55 开始第 9662 次操作

2024-08-05 02:23:55 开始操作号码 【1529564】
2024-08-05 02:24:02 GSD getOne 第 1 次 等待 3 秒
2024-08-05 02:24:05 查询号码 【1529564】，返回信息 {"status":"ok","msg":"江苏-苏州","gid":"361060","time_insert":"2021-07-23 01:52"}
2024-08-05 02:24:06 查询号码 【1529564】，GSD为【"江苏-苏州"】

2024-08-05 02:24:07 开始第 9663 次操作

2024-08-05 02:24:07 开始操作号码 【1529565】
2024-08-05 02:24:14 GSD getOne 第 1 次 等待 3 秒
2024-08-05 02:24:17 查询号码 【1529565】，返回信息 {"status":"ok","msg":"江苏-苏州","gid":"361051","time_insert":"2021-07-23 01:51"}
2024-08-05 02:24:17 查询号码 【1529565】，GSD为【"江苏-苏州"】

2024-08-05 02:24:18 开始第 9664 次操作

2024-08-05 02:24:18 开始操作号码 【1529566】
2024-08-05 02:24:25 GSD getOne 第 1 次 等待 3 秒
2024-08-05 02:24:28 查询号码 【1529566】，返回信息 {"status":"ok","msg":"江苏-苏州","gid":"361042","time_insert":"2021-07-23 01:50"}
2024-08-05 02:24:28 查询号码 【1529566】，GSD为【"江苏-苏州"】

2024-08-05 02:39:29 开始第 9665 次操作

2024-08-05 02:39:29 开始操作号码 【1529567】
2024-08-05 02:39:38 GSD getOne 第 1 次 等待 3 秒
2024-08-05 02:39:41 查询号码 【1529567】，返回信息 {"status":"ok","msg":"江苏-苏州","gid":"361035","time_insert":"2021-07-23 01:50"}
2024-08-05 02:39:41 查询号码 【1529567】，GSD为【"江苏-苏州"】

2024-08-05 02:39:42 开始第 9666 次操作

2024-08-05 02:39:42 开始操作号码 【1529568】
2024-08-05 02:39:50 GSD getOne 第 1 次 等待 3 秒
2024-08-05 02:39:53 查询号码 【1529568】，返回信息 {"status":"ok","msg":"江苏-苏州","gid":"361026","time_insert":"2021-07-23 01:49"}
2024-08-05 02:39:53 查询号码 【1529568】，GSD为【"江苏-苏州"】

2024-08-05 02:39:54 开始第 9667 次操作

2024-08-05 02:39:54 开始操作号码 【1529569】
2024-08-05 02:40:02 GSD getOne 第 1 次 等待 3 秒
2024-08-05 02:40:05 查询号码 【1529569】，返回信息 {"status":"ok","msg":"江苏-苏州","gid":"361017","time_insert":"2021-07-23 01:49"}
2024-08-05 02:40:05 查询号码 【1529569】，GSD为【"江苏-苏州"】

2024-08-05 02:40:06 开始第 9668 次操作

2024-08-05 02:40:06 开始操作号码 【1529570】
2024-08-05 02:40:14 GSD getOne 第 1 次 等待 3 秒
2024-08-05 02:40:17 查询号码 【1529570】，返回信息 {"status":"ok","msg":"江苏-南京","gid":"361006","time_insert":"2021-07-23 01:48"}
2024-08-05 02:40:17 查询号码 【1529570】，GSD为【"江苏-南京"】

2024-08-05 03:14:53 开始第 9669 次操作

2024-08-05 03:14:53 开始操作号码 【1529571】
2024-08-05 03:15:01 GSD getOne 第 1 次 等待 3 秒
2024-08-05 03:15:04 查询号码 【1529571】，返回信息 {"status":"ok","msg":"江苏-南京","gid":"360995","time_insert":"2021-07-23 01:47"}
2024-08-05 03:15:04 查询号码 【1529571】，GSD为【"江苏-南京"】

2024-08-05 03:15:05 开始第 9670 次操作

2024-08-05 03:15:05 开始操作号码 【1529572】
2024-08-05 03:15:14 GSD getOne 第 1 次 等待 3 秒
2024-08-05 03:15:17 查询号码 【1529572】，返回信息 {"status":"ok","msg":"江苏-南京","gid":"360986","time_insert":"2021-07-23 01:47"}
2024-08-05 03:15:17 查询号码 【1529572】，GSD为【"江苏-南京"】

2024-08-05 03:15:18 开始第 9671 次操作

2024-08-05 03:15:18 开始操作号码 【1529573】
2024-08-05 03:15:26 GSD getOne 第 1 次 等待 3 秒
2024-08-05 03:15:29 查询号码 【1529573】，返回信息 {"status":"ok","msg":"江苏-南京","gid":"74892","time_insert":"2021-05-31 20:01","time_update":"2021-06-02 18:02"}
2024-08-05 03:15:29 查询号码 【1529573】，GSD为【"江苏-南京"】

2024-08-05 03:15:30 开始第 9672 次操作

2024-08-05 03:15:30 开始操作号码 【1529574】
2024-08-05 03:15:37 GSD getOne 第 1 次 等待 3 秒
2024-08-05 03:15:40 查询号码 【1529574】，返回信息 {"status":"ok","msg":"江苏-南京","gid":"360971","time_insert":"2021-07-23 01:46"}
2024-08-05 03:15:40 查询号码 【1529574】，GSD为【"江苏-南京"】

2024-08-05 03:37:27 开始第 9673 次操作

2024-08-05 03:37:27 开始操作号码 【1529575】
2024-08-05 03:37:35 GSD getOne 第 1 次 等待 3 秒
2024-08-05 03:37:38 查询号码 【1529575】，返回信息 {"status":"ok","msg":"江苏-南京","gid":"360962","time_insert":"2021-07-23 01:45"}
2024-08-05 03:37:38 查询号码 【1529575】，GSD为【"江苏-南京"】

2024-08-05 03:37:39 开始第 9674 次操作

2024-08-05 03:37:39 开始操作号码 【1529576】
2024-08-05 03:37:46 GSD getOne 第 1 次 等待 3 秒
2024-08-05 03:37:49 查询号码 【1529576】，返回信息 {"status":"ok","msg":"江苏-南京","gid":"360951","time_insert":"2021-07-23 01:45"}
2024-08-05 03:37:49 查询号码 【1529576】，GSD为【"江苏-南京"】

2024-08-05 03:37:50 开始第 9675 次操作

2024-08-05 03:37:50 开始操作号码 【1529577】
2024-08-05 03:37:58 GSD getOne 第 1 次 等待 3 秒
2024-08-05 03:38:01 查询号码 【1529577】，返回信息 {"status":"ok","msg":"江苏-南京","gid":"360941","time_insert":"2021-07-23 01:44"}
2024-08-05 03:38:01 查询号码 【1529577】，GSD为【"江苏-南京"】

2024-08-05 03:38:02 开始第 9676 次操作

2024-08-05 03:38:02 开始操作号码 【1529578】
2024-08-05 03:38:09 GSD getOne 第 1 次 等待 3 秒
2024-08-05 03:38:12 查询号码 【1529578】，返回信息 {"status":"ok","msg":"江苏-南京","gid":"360935","time_insert":"2021-07-23 01:44"}
2024-08-05 03:38:12 查询号码 【1529578】，GSD为【"江苏-南京"】

2024-08-05 04:19:48 开始第 9677 次操作

2024-08-05 04:19:48 开始操作号码 【1529579】
2024-08-05 04:20:00 GSD getOne 第 1 次 等待 3 秒
2024-08-05 04:20:03 查询号码 【1529579】，返回信息 {"status":"ok","msg":"江苏-南京","gid":"360933","time_insert":"2021-07-23 01:43"}
2024-08-05 04:20:03 查询号码 【1529579】，GSD为【"江苏-南京"】

2024-08-05 04:20:04 开始第 9678 次操作

2024-08-05 04:20:04 开始操作号码 【1529580】
2024-08-05 04:21:08 GSD getOne 第 1 次 等待 3 秒
2024-08-05 04:21:11 查询号码 【1529580】，返回信息 {"status":"ok","msg":"广西-桂林","gid":"360882","time_insert":"2021-07-23 01:28"}
2024-08-05 04:21:11 查询号码 【1529580】，GSD为【"广西-桂林"】

2024-08-05 04:21:12 开始第 9679 次操作

2024-08-05 04:21:12 开始操作号码 【1529581】
2024-08-05 04:21:21 GSD getOne 第 1 次 等待 3 秒
2024-08-05 04:21:24 查询号码 【1529581】，返回信息 {"status":"ok","msg":"广西-桂林","gid":"360877","time_insert":"2021-07-23 01:28"}
2024-08-05 04:21:24 查询号码 【1529581】，GSD为【"广西-桂林"】

2024-08-05 04:21:25 开始第 9680 次操作

2024-08-05 04:21:25 开始操作号码 【1529582】
2024-08-05 04:21:33 GSD getOne 第 1 次 等待 3 秒
2024-08-05 04:21:36 查询号码 【1529582】，返回信息 {"status":"ok","msg":"广西-桂林","gid":"360869","time_insert":"2021-07-23 01:27"}
2024-08-05 04:21:36 查询号码 【1529582】，GSD为【"广西-桂林"】

