2024-05-02 00:21:09 开始第 6533 次操作

2024-05-02 00:21:09 开始操作号码 【1636450】
2024-05-02 00:21:16 GSD getOne 第 1 次 等待 3 秒
2024-05-02 00:21:19 查询号码 【1636450】，返回信息 {"status":"ok","msg":"-","gid":"658795","time_insert":"2023-04-16 22:54"}
2024-05-02 00:21:19 查询号码 【1636450】，GSD为【"-"】
2024-05-02 00:21:19 ok && -
2024-05-02 00:21:21 CHB 1636450?1714580479 第 1 次 等待 3 秒
2024-05-02 00:21:24 CHB 1636450?1714580479 第 1 次 获取到号码【1636450】GSD
2024-05-02 00:21:24 未获取到号码【1636450】GSD，可能号码格式错误
2024-05-02 00:21:24 获取到号码【1636450】的GSD为【-】
2024-05-02 00:21:30 GSD insert 第 1 次 等待 3 秒
2024-05-02 00:21:33 {"status":"bad","gid":"658795","msg":"添加失败！号码【1636450(-|-)】已存在！"}
2024-05-02 00:21:33 随机等待 157 秒，约 2 分钟
2024-05-02 00:21:33 下次操作: 2024-05-02 00:24:10

2024-05-02 00:24:10 开始第 6534 次操作

2024-05-02 00:24:10 开始操作号码 【1636451】
2024-05-02 00:24:16 GSD getOne 第 1 次 等待 3 秒
2024-05-02 00:24:19 查询号码 【1636451】，返回信息 {"status":"ok","msg":"-","gid":"658816","time_insert":"2023-04-16 23:08"}
2024-05-02 00:24:19 查询号码 【1636451】，GSD为【"-"】
2024-05-02 00:24:19 ok && -
2024-05-02 00:24:21 CHB 1636451?1714580659 第 1 次 等待 3 秒
2024-05-02 00:24:24 CHB 1636451?1714580659 第 1 次 获取到号码【1636451】GSD
2024-05-02 00:24:24 未获取到号码【1636451】GSD，可能号码格式错误
2024-05-02 00:24:24 获取到号码【1636451】的GSD为【-】
2024-05-02 00:24:29 GSD insert 第 1 次 等待 3 秒
2024-05-02 00:24:32 {"status":"bad","gid":"658816","msg":"添加失败！号码【1636451(-|-)】已存在！"}
2024-05-02 00:24:32 随机等待 126 秒，约 2 分钟
2024-05-02 00:24:32 下次操作: 2024-05-02 00:26:38

2024-05-02 00:26:38 开始第 6535 次操作

2024-05-02 00:26:38 开始操作号码 【1636452】
2024-05-02 00:26:44 GSD getOne 第 1 次 等待 3 秒
2024-05-02 00:26:47 查询号码 【1636452】，返回信息 {"status":"ok","msg":"-","gid":"658834","time_insert":"2023-04-16 23:20"}
2024-05-02 00:26:47 查询号码 【1636452】，GSD为【"-"】
2024-05-02 00:26:47 ok && -
2024-05-02 00:26:49 CHB 1636452?1714580807 第 1 次 等待 3 秒
2024-05-02 00:26:52 CHB 1636452?1714580807 第 1 次 获取到号码【1636452】GSD
2024-05-02 00:26:52 未获取到号码【1636452】GSD，可能号码格式错误
2024-05-02 00:26:52 获取到号码【1636452】的GSD为【-】
2024-05-02 00:26:57 GSD insert 第 1 次 等待 3 秒
2024-05-02 00:27:00 {"status":"bad","gid":"658834","msg":"添加失败！号码【1636452(-|-)】已存在！"}
2024-05-02 00:27:00 随机等待 81 秒，约 1 分钟
2024-05-02 00:27:00 下次操作: 2024-05-02 00:28:21

2024-05-02 00:28:21 开始第 6536 次操作

2024-05-02 00:28:21 开始操作号码 【1636453】
2024-05-02 00:28:27 GSD getOne 第 1 次 等待 3 秒
2024-05-02 00:28:30 查询号码 【1636453】，返回信息 {"status":"ok","msg":"-","gid":"658852","time_insert":"2023-04-16 23:31"}
2024-05-02 00:28:30 查询号码 【1636453】，GSD为【"-"】
2024-05-02 00:28:30 ok && -
2024-05-02 00:28:32 CHB 1636453?1714580910 第 1 次 等待 3 秒
2024-05-02 00:28:35 CHB 1636453?1714580910 第 1 次 获取到号码【1636453】GSD
2024-05-02 00:28:35 未获取到号码【1636453】GSD，可能号码格式错误
2024-05-02 00:28:35 获取到号码【1636453】的GSD为【-】
2024-05-02 00:28:41 GSD insert 第 1 次 等待 3 秒
2024-05-02 00:28:44 {"status":"bad","gid":"658852","msg":"添加失败！号码【1636453(-|-)】已存在！"}

