2024-03-19 00:21:20 开始第 9565 次操作

2024-03-19 00:21:20 开始操作号码 【1749483】
2024-03-19 00:21:25 GSD getOne 第 1 次 等待 3 秒
2024-03-19 00:21:28 查询号码 【1749483】，返回信息 {"status":"ok","msg":"-","gid":"267175","time_insert":"2021-07-13 17:46"}
2024-03-19 00:21:28 查询号码 【1749483】，GSD为【"-"】
2024-03-19 00:21:28 ok && -
2024-03-19 00:21:31 CHB 1749483?1710778888 第 1 次 等待 3 秒
2024-03-19 00:21:34 CHB 1749483?1710778888 第 1 次 获取到号码【1749483】GSD
2024-03-19 00:21:34 未获取到号码【1749483】GSD，可能号码格式错误
2024-03-19 00:21:34 获取到号码【1749483】的GSD为【-】
2024-03-19 00:21:39 GSD insert 第 1 次 等待 3 秒
2024-03-19 00:21:42 {"status":"bad","gid":"267175","msg":"添加失败！号码【1749483(-|-)】已存在！"}
2024-03-19 00:21:42 随机等待 95 秒，约 1 分钟
2024-03-19 00:21:42 下次操作: 2024-03-19 00:23:17

2024-03-19 00:23:17 开始第 9566 次操作

2024-03-19 00:23:17 开始操作号码 【1749484】
2024-03-19 00:23:22 GSD getOne 第 1 次 等待 3 秒
2024-03-19 00:23:25 查询号码 【1749484】，返回信息 {"status":"ok","msg":"-","gid":"267185","time_insert":"2021-07-13 17:46"}
2024-03-19 00:23:25 查询号码 【1749484】，GSD为【"-"】
2024-03-19 00:23:25 ok && -
2024-03-19 00:23:28 CHB 1749484?1710779005 第 1 次 等待 3 秒
2024-03-19 00:23:31 CHB 1749484?1710779005 第 1 次 获取到号码【1749484】GSD
2024-03-19 00:23:31 未获取到号码【1749484】GSD，可能号码格式错误
2024-03-19 00:23:31 获取到号码【1749484】的GSD为【-】
2024-03-19 00:23:35 GSD insert 第 1 次 等待 3 秒
2024-03-19 00:23:38 {"status":"bad","gid":"267185","msg":"添加失败！号码【1749484(-|-)】已存在！"}
2024-03-19 00:23:38 随机等待 137 秒，约 2 分钟
2024-03-19 00:23:38 下次操作: 2024-03-19 00:25:55

2024-03-19 00:25:55 开始第 9567 次操作

2024-03-19 00:25:55 开始操作号码 【1749485】
2024-03-19 00:26:00 GSD getOne 第 1 次 等待 3 秒
2024-03-19 00:26:03 查询号码 【1749485】，返回信息 {"status":"ok","msg":"-","gid":"267194","time_insert":"2021-07-13 17:47"}
2024-03-19 00:26:03 查询号码 【1749485】，GSD为【"-"】
2024-03-19 00:26:03 ok && -
2024-03-19 00:31:03 CHB 1749485?1710779163 第 1 次 等待 3 秒
2024-03-19 00:31:06 CHB 1749485?1710779163 第 1 次 未获取到 等待 120 秒 下次操作: 2024-03-19 00:33:06
2024-03-19 00:33:08 CHB 1749485?1710779586 第 2 次 等待 3 秒
2024-03-19 00:33:11 CHB 1749485?1710779586 第 2 次 获取到号码【1749485】GSD
2024-03-19 00:33:11 未获取到号码【1749485】GSD，可能号码格式错误
2024-03-19 00:33:11 获取到号码【1749485】的GSD为【-】
2024-03-19 00:33:18 GSD insert 第 1 次 等待 3 秒
2024-03-19 00:33:21 {"status":"bad","gid":"267194","msg":"添加失败！号码【1749485(-|-)】已存在！"}
2024-03-19 00:33:21 随机等待 152 秒，约 2 分钟
2024-03-19 00:33:21 下次操作: 2024-03-19 00:35:53

2024-03-19 00:35:53 开始第 9568 次操作

2024-03-19 00:35:53 开始操作号码 【1749486】
2024-03-19 00:35:58 GSD getOne 第 1 次 等待 3 秒
2024-03-19 00:36:01 查询号码 【1749486】，返回信息 {"status":"ok","msg":"-","gid":"267202","time_insert":"2021-07-13 17:47"}
2024-03-19 00:36:01 查询号码 【1749486】，GSD为【"-"】
2024-03-19 00:36:01 ok && -
2024-03-19 00:36:03 CHB 1749486?1710779761 第 1 次 等待 3 秒
2024-03-19 00:36:06 CHB 1749486?1710779761 第 1 次 获取到号码【1749486】GSD
2024-03-19 00:36:06 未获取到号码【1749486】GSD，可能号码格式错误
2024-03-19 00:36:06 获取到号码【1749486】的GSD为【-】
2024-03-19 00:36:12 GSD insert 第 1 次 等待 3 秒
2024-03-19 00:36:15 {"status":"bad","gid":"267202","msg":"添加失败！号码【1749486(-|-)】已存在！"}

2024-03-19 00:40:17 开始第 9569 次操作

2024-03-19 00:40:17 开始操作号码 【1749487】
2024-03-19 00:40:22 GSD getOne 第 1 次 等待 3 秒
2024-03-19 00:40:25 查询号码 【1749487】，返回信息 {"status":"ok","msg":"-","gid":"267213","time_insert":"2021-07-13 17:48"}
2024-03-19 00:40:25 查询号码 【1749487】，GSD为【"-"】
2024-03-19 00:40:25 ok && -
2024-03-19 00:40:28 CHB 1749487?1710780025 第 1 次 等待 3 秒
2024-03-19 00:40:31 CHB 1749487?1710780025 第 1 次 获取到号码【1749487】GSD
2024-03-19 00:40:31 未获取到号码【1749487】GSD，可能号码格式错误
2024-03-19 00:40:31 获取到号码【1749487】的GSD为【-】
2024-03-19 00:40:37 GSD insert 第 1 次 等待 3 秒
2024-03-19 00:40:40 {"status":"bad","gid":"267213","msg":"添加失败！号码【1749487(-|-)】已存在！"}
2024-03-19 00:40:40 随机等待 144 秒，约 2 分钟
2024-03-19 00:40:40 下次操作: 2024-03-19 00:43:04

2024-03-19 00:43:04 开始第 9570 次操作

2024-03-19 00:43:04 开始操作号码 【1749488】
2024-03-19 00:43:09 GSD getOne 第 1 次 等待 3 秒
2024-03-19 00:43:12 查询号码 【1749488】，返回信息 {"status":"ok","msg":"-","gid":"267219","time_insert":"2021-07-13 17:48"}
2024-03-19 00:43:12 查询号码 【1749488】，GSD为【"-"】
2024-03-19 00:43:12 ok && -
2024-03-19 00:43:14 CHB 1749488?1710780192 第 1 次 等待 3 秒
2024-03-19 00:43:17 CHB 1749488?1710780192 第 1 次 获取到号码【1749488】GSD
2024-03-19 00:43:17 未获取到号码【1749488】GSD，可能号码格式错误
2024-03-19 00:43:17 获取到号码【1749488】的GSD为【-】
2024-03-19 00:43:22 GSD insert 第 1 次 等待 3 秒
2024-03-19 00:43:25 {"status":"bad","gid":"267219","msg":"添加失败！号码【1749488(-|-)】已存在！"}
2024-03-19 00:43:25 随机等待 218 秒，约 3 分钟
2024-03-19 00:43:25 下次操作: 2024-03-19 00:47:03

2024-03-19 00:47:03 开始第 9571 次操作

2024-03-19 00:47:03 开始操作号码 【1749489】
2024-03-19 00:47:09 GSD getOne 第 1 次 等待 3 秒
2024-03-19 00:47:12 查询号码 【1749489】，返回信息 {"status":"ok","msg":"-","gid":"267227","time_insert":"2021-07-13 17:48"}
2024-03-19 00:47:12 查询号码 【1749489】，GSD为【"-"】
2024-03-19 00:47:12 ok && -
2024-03-19 00:47:14 CHB 1749489?1710780432 第 1 次 等待 3 秒
2024-03-19 00:47:17 CHB 1749489?1710780432 第 1 次 获取到号码【1749489】GSD
2024-03-19 00:47:17 未获取到号码【1749489】GSD，可能号码格式错误
2024-03-19 00:47:17 获取到号码【1749489】的GSD为【-】
2024-03-19 00:47:22 GSD insert 第 1 次 等待 3 秒
2024-03-19 00:47:25 {"status":"bad","gid":"267227","msg":"添加失败！号码【1749489(-|-)】已存在！"}
2024-03-19 00:47:25 随机等待 80 秒，约 1 分钟
2024-03-19 00:47:25 下次操作: 2024-03-19 00:48:45

2024-03-19 00:48:45 开始第 9572 次操作

2024-03-19 00:48:45 开始操作号码 【1749490】
2024-03-19 00:48:49 GSD getOne 第 1 次 等待 3 秒
2024-03-19 00:48:52 查询号码 【1749490】，返回信息 {"status":"ok","msg":"-","gid":"267239","time_insert":"2021-07-13 17:49"}
2024-03-19 00:48:53 查询号码 【1749490】，GSD为【"-"】
2024-03-19 00:48:53 ok && -
2024-03-19 00:48:55 CHB 1749490?1710780533 第 1 次 等待 3 秒
2024-03-19 00:48:58 CHB 1749490?1710780533 第 1 次 获取到号码【1749490】GSD
2024-03-19 00:48:58 未获取到号码【1749490】GSD，可能号码格式错误
2024-03-19 00:48:58 获取到号码【1749490】的GSD为【-】
2024-03-19 00:49:03 GSD insert 第 1 次 等待 3 秒
2024-03-19 00:49:06 {"status":"bad","gid":"267239","msg":"添加失败！号码【1749490(-|-)】已存在！"}

