2024-09-03 00:12:37 开始第 2581 次操作

2024-09-03 00:12:37 开始操作号码 【1412580】
2024-09-03 00:12:46 GSD getOne 第 1 次 等待 3 秒
2024-09-03 00:12:49 查询号码 【1412580】，返回信息 {"status":"ok","msg":"-","gid":"563949","time_insert":"2023-03-02 00:29"}
2024-09-03 00:12:49 查询号码 【1412580】，GSD为【"-"】
2024-09-03 00:12:49 ok && -
2024-09-03 00:12:53 CHB 1412580?1725293569 第 1 次 等待 3 秒
2024-09-03 00:12:56 CHB 1412580?1725293569 第 1 次 获取到号码【1412580】GSD
2024-09-03 00:12:56 未获取到号码【1412580】GSD，可能号码格式错误
2024-09-03 00:12:56 获取到号码【1412580】的GSD为【-】
2024-09-03 00:13:05 GSD insert 第 1 次 等待 3 秒
2024-09-03 00:13:08 {"status":"bad","gid":"563949","msg":"添加失败！号码【1412580(-|-)】已存在！"}
2024-09-03 00:13:08 随机等待 205 秒，约 3 分钟
2024-09-03 00:13:08 下次操作: 2024-09-03 00:16:33

2024-09-03 00:16:33 开始第 2582 次操作

2024-09-03 00:16:33 开始操作号码 【1412581】
2024-09-03 00:16:40 GSD getOne 第 1 次 等待 3 秒
2024-09-03 00:16:43 查询号码 【1412581】，返回信息 {"status":"ok","msg":"-","gid":"563969","time_insert":"2023-03-02 00:46"}
2024-09-03 00:16:43 查询号码 【1412581】，GSD为【"-"】
2024-09-03 00:16:43 ok && -
2024-09-03 00:16:45 CHB 1412581?1725293803 第 1 次 等待 3 秒
2024-09-03 00:16:48 CHB 1412581?1725293803 第 1 次 获取到号码【1412581】GSD
2024-09-03 00:16:48 未获取到号码【1412581】GSD，可能号码格式错误
2024-09-03 00:16:48 获取到号码【1412581】的GSD为【-】
2024-09-03 00:16:57 GSD insert 第 1 次 等待 3 秒
2024-09-03 00:17:00 {"status":"bad","gid":"563969","msg":"添加失败！号码【1412581(-|-)】已存在！"}
2024-09-03 00:17:00 随机等待 186 秒，约 3 分钟
2024-09-03 00:17:00 下次操作: 2024-09-03 00:20:06

2024-09-03 00:20:06 开始第 2583 次操作

2024-09-03 00:20:06 开始操作号码 【1412582】
2024-09-03 00:20:15 GSD getOne 第 1 次 等待 3 秒
2024-09-03 00:20:18 查询号码 【1412582】，返回信息 {"status":"ok","msg":"-","gid":"563999","time_insert":"2023-03-02 01:04"}
2024-09-03 00:20:18 查询号码 【1412582】，GSD为【"-"】
2024-09-03 00:20:18 ok && -
2024-09-03 00:20:20 CHB 1412582?1725294018 第 1 次 等待 3 秒
2024-09-03 00:20:23 CHB 1412582?1725294018 第 1 次 获取到号码【1412582】GSD
2024-09-03 00:20:23 未获取到号码【1412582】GSD，可能号码格式错误
2024-09-03 00:20:23 获取到号码【1412582】的GSD为【-】
2024-09-03 00:20:31 GSD insert 第 1 次 等待 3 秒
2024-09-03 00:20:34 {"status":"bad","gid":"563999","msg":"添加失败！号码【1412582(-|-)】已存在！"}
2024-09-03 00:20:34 随机等待 147 秒，约 2 分钟
2024-09-03 00:20:34 下次操作: 2024-09-03 00:23:01

2024-09-03 00:23:01 开始第 2584 次操作

2024-09-03 00:23:01 开始操作号码 【1412583】
2024-09-03 00:23:10 GSD getOne 第 1 次 等待 3 秒
2024-09-03 00:23:13 查询号码 【1412583】，返回信息 {"status":"ok","msg":"-","gid":"564011","time_insert":"2023-03-02 01:13"}
2024-09-03 00:23:13 查询号码 【1412583】，GSD为【"-"】
2024-09-03 00:23:13 ok && -
2024-09-03 00:23:15 CHB 1412583?1725294193 第 1 次 等待 3 秒
2024-09-03 00:23:18 CHB 1412583?1725294193 第 1 次 获取到号码【1412583】GSD
2024-09-03 00:23:18 未获取到号码【1412583】GSD，可能号码格式错误
2024-09-03 00:23:18 获取到号码【1412583】的GSD为【-】
2024-09-03 00:23:25 GSD insert 第 1 次 等待 3 秒
2024-09-03 00:23:28 {"status":"bad","gid":"564011","msg":"添加失败！号码【1412583(-|-)】已存在！"}

2024-09-03 00:42:04 开始第 2585 次操作

2024-09-03 00:42:04 开始操作号码 【1412584】
2024-09-03 00:42:13 GSD getOne 第 1 次 等待 3 秒
2024-09-03 00:42:16 查询号码 【1412584】，返回信息 {"status":"ok","msg":"-","gid":"564041","time_insert":"2023-03-02 01:32"}
2024-09-03 00:42:16 查询号码 【1412584】，GSD为【"-"】
2024-09-03 00:42:16 ok && -
2024-09-03 00:42:18 CHB 1412584?1725295336 第 1 次 等待 3 秒
2024-09-03 00:42:21 CHB 1412584?1725295336 第 1 次 获取到号码【1412584】GSD
2024-09-03 00:42:21 未获取到号码【1412584】GSD，可能号码格式错误
2024-09-03 00:42:21 获取到号码【1412584】的GSD为【-】
2024-09-03 00:42:32 GSD insert 第 1 次 等待 3 秒
2024-09-03 00:42:35 {"status":"bad","gid":"564041","msg":"添加失败！号码【1412584(-|-)】已存在！"}
2024-09-03 00:42:35 随机等待 231 秒，约 3 分钟
2024-09-03 00:42:35 下次操作: 2024-09-03 00:46:26

2024-09-03 00:46:26 开始第 2586 次操作

2024-09-03 00:46:26 开始操作号码 【1412585】
2024-09-03 00:46:34 GSD getOne 第 1 次 等待 3 秒
2024-09-03 00:46:37 查询号码 【1412585】，返回信息 {"status":"ok","msg":"-","gid":"564065","time_insert":"2023-03-02 01:46"}
2024-09-03 00:46:37 查询号码 【1412585】，GSD为【"-"】
2024-09-03 00:46:37 ok && -
2024-09-03 00:46:39 CHB 1412585?1725295597 第 1 次 等待 3 秒
2024-09-03 00:46:42 CHB 1412585?1725295597 第 1 次 获取到号码【1412585】GSD
2024-09-03 00:46:42 未获取到号码【1412585】GSD，可能号码格式错误
2024-09-03 00:46:42 获取到号码【1412585】的GSD为【-】
2024-09-03 00:46:50 GSD insert 第 1 次 等待 3 秒
2024-09-03 00:46:53 {"status":"bad","gid":"564065","msg":"添加失败！号码【1412585(-|-)】已存在！"}
2024-09-03 00:46:53 随机等待 114 秒，约 1 分钟
2024-09-03 00:46:53 下次操作: 2024-09-03 00:48:47

2024-09-03 00:48:47 开始第 2587 次操作

2024-09-03 00:48:47 开始操作号码 【1412586】
2024-09-03 00:48:55 GSD getOne 第 1 次 等待 3 秒
2024-09-03 00:48:58 查询号码 【1412586】，返回信息 {"status":"ok","msg":"-","gid":"564092","time_insert":"2023-03-02 01:59"}
2024-09-03 00:48:58 查询号码 【1412586】，GSD为【"-"】
2024-09-03 00:48:58 ok && -
2024-09-03 00:49:01 CHB 1412586?1725295738 第 1 次 等待 3 秒
2024-09-03 00:49:04 CHB 1412586?1725295738 第 1 次 获取到号码【1412586】GSD
2024-09-03 00:49:04 未获取到号码【1412586】GSD，可能号码格式错误
2024-09-03 00:49:04 获取到号码【1412586】的GSD为【-】
2024-09-03 00:49:12 GSD insert 第 1 次 等待 3 秒
2024-09-03 00:49:15 {"status":"bad","gid":"564092","msg":"添加失败！号码【1412586(-|-)】已存在！"}
2024-09-03 00:49:15 随机等待 162 秒，约 2 分钟
2024-09-03 00:49:15 下次操作: 2024-09-03 00:51:57

2024-09-03 00:51:57 开始第 2588 次操作

2024-09-03 00:51:57 开始操作号码 【1412587】
2024-09-03 00:52:05 GSD getOne 第 1 次 等待 3 秒
2024-09-03 00:52:08 查询号码 【1412587】，返回信息 {"status":"ok","msg":"-","gid":"564116","time_insert":"2023-03-02 02:16"}
2024-09-03 00:52:08 查询号码 【1412587】，GSD为【"-"】
2024-09-03 00:52:08 ok && -
2024-09-03 00:52:09 CHB 1412587?1725295928 第 1 次 等待 3 秒
2024-09-03 00:52:12 CHB 1412587?1725295928 第 1 次 获取到号码【1412587】GSD
2024-09-03 00:52:12 未获取到号码【1412587】GSD，可能号码格式错误
2024-09-03 00:52:12 获取到号码【1412587】的GSD为【-】
2024-09-03 00:52:21 GSD insert 第 1 次 等待 3 秒
2024-09-03 00:52:24 {"status":"bad","gid":"564116","msg":"添加失败！号码【1412587(-|-)】已存在！"}

2024-09-03 01:08:57 开始第 2589 次操作

2024-09-03 01:08:57 开始操作号码 【1412588】
2024-09-03 01:09:05 GSD getOne 第 1 次 等待 3 秒
2024-09-03 01:09:08 查询号码 【1412588】，返回信息 {"status":"ok","msg":"-","gid":"564137","time_insert":"2023-03-02 02:32"}
2024-09-03 01:09:08 查询号码 【1412588】，GSD为【"-"】
2024-09-03 01:09:08 ok && -
2024-09-03 01:14:08 CHB 1412588?1725296948 第 1 次 等待 3 秒
2024-09-03 01:14:11 CHB 1412588?1725296948 第 1 次 未获取到 等待 139 秒 下次操作: 2024-09-03 01:16:30
2024-09-03 01:16:32 CHB 1412588?1725297390 第 2 次 等待 3 秒
2024-09-03 01:16:35 CHB 1412588?1725297390 第 2 次 获取到号码【1412588】GSD
2024-09-03 01:16:35 未获取到号码【1412588】GSD，可能号码格式错误
2024-09-03 01:16:35 获取到号码【1412588】的GSD为【-】
2024-09-03 01:16:44 GSD insert 第 1 次 等待 3 秒
2024-09-03 01:16:47 {"status":"bad","gid":"564137","msg":"添加失败！号码【1412588(-|-)】已存在！"}
2024-09-03 01:16:47 随机等待 113 秒，约 1 分钟
2024-09-03 01:16:47 下次操作: 2024-09-03 01:18:40

2024-09-03 01:18:40 开始第 2590 次操作

2024-09-03 01:18:40 开始操作号码 【1412589】
2024-09-03 01:18:48 GSD getOne 第 1 次 等待 3 秒
2024-09-03 01:18:51 查询号码 【1412589】，返回信息 {"status":"ok","msg":"-","gid":"564159","time_insert":"2023-03-02 02:45"}
2024-09-03 01:18:52 查询号码 【1412589】，GSD为【"-"】
2024-09-03 01:18:52 ok && -
2024-09-03 01:18:53 CHB 1412589?1725297532 第 1 次 等待 3 秒
2024-09-03 01:18:56 CHB 1412589?1725297532 第 1 次 获取到号码【1412589】GSD
2024-09-03 01:18:56 未获取到号码【1412589】GSD，可能号码格式错误
2024-09-03 01:18:56 获取到号码【1412589】的GSD为【-】
2024-09-03 01:19:05 GSD insert 第 1 次 等待 3 秒
2024-09-03 01:19:08 {"status":"bad","gid":"564159","msg":"添加失败！号码【1412589(-|-)】已存在！"}
2024-09-03 01:19:08 随机等待 78 秒，约 1 分钟
2024-09-03 01:19:08 下次操作: 2024-09-03 01:20:26

2024-09-03 01:20:26 开始第 2591 次操作

2024-09-03 01:20:26 开始操作号码 【1412590】
2024-09-03 01:20:34 GSD getOne 第 1 次 等待 3 秒
2024-09-03 01:20:37 查询号码 【1412590】，返回信息 {"status":"ok","msg":"-","gid":"564183","time_insert":"2023-03-02 02:59"}
2024-09-03 01:20:37 查询号码 【1412590】，GSD为【"-"】
2024-09-03 01:20:37 ok && -
2024-09-03 01:20:38 CHB 1412590?1725297637 第 1 次 等待 3 秒
2024-09-03 01:20:41 CHB 1412590?1725297637 第 1 次 获取到号码【1412590】GSD
2024-09-03 01:20:41 未获取到号码【1412590】GSD，可能号码格式错误
2024-09-03 01:20:41 获取到号码【1412590】的GSD为【-】
2024-09-03 01:20:50 GSD insert 第 1 次 等待 3 秒
2024-09-03 01:20:53 {"status":"bad","gid":"564183","msg":"添加失败！号码【1412590(-|-)】已存在！"}
2024-09-03 01:20:53 随机等待 221 秒，约 3 分钟
2024-09-03 01:20:53 下次操作: 2024-09-03 01:24:34

2024-09-03 01:24:34 开始第 2592 次操作

2024-09-03 01:24:34 开始操作号码 【1412591】
2024-09-03 01:24:41 GSD getOne 第 1 次 等待 3 秒
2024-09-03 01:24:44 查询号码 【1412591】，返回信息 {"status":"ok","msg":"-","gid":"564197","time_insert":"2023-03-02 03:10"}
2024-09-03 01:24:44 查询号码 【1412591】，GSD为【"-"】
2024-09-03 01:24:44 ok && -
2024-09-03 01:24:46 CHB 1412591?1725297884 第 1 次 等待 3 秒
2024-09-03 01:24:49 CHB 1412591?1725297884 第 1 次 获取到号码【1412591】GSD
2024-09-03 01:24:50 未获取到号码【1412591】GSD，可能号码格式错误
2024-09-03 01:24:50 获取到号码【1412591】的GSD为【-】
2024-09-03 01:24:57 GSD insert 第 1 次 等待 3 秒
2024-09-03 01:25:00 {"status":"bad","gid":"564197","msg":"添加失败！号码【1412591(-|-)】已存在！"}

