2023-11-05 00:19:35 开始第 6805 次操作

2023-11-05 00:19:35 开始操作号码 【1956723】
2023-11-05 00:19:38 GSD getOne 第 1 次 等待 3 秒
2023-11-05 00:19:41 查询号码 【1956723】，返回信息 {"status":"ok","msg":"安徽-池州","gid":"485315","time_insert":"2021-08-03 01:44"}
2023-11-05 00:19:41 查询号码 【1956723】，GSD为【"安徽-池州"】

2023-11-05 00:19:42 开始第 6806 次操作

2023-11-05 00:19:42 开始操作号码 【1956724】
2023-11-05 00:20:00 GSD getOne 第 1 次 等待 3 秒
2023-11-05 00:20:03 查询号码 【1956724】，返回信息 {"status":"ok","msg":"安徽-铜陵","gid":"485267","time_insert":"2021-08-03 01:31"}
2023-11-05 00:20:03 查询号码 【1956724】，GSD为【"安徽-铜陵"】

2023-11-05 00:20:04 开始第 6807 次操作

2023-11-05 00:20:04 开始操作号码 【1956725】
2023-11-05 00:20:07 GSD getOne 第 1 次 等待 3 秒
2023-11-05 00:20:10 查询号码 【1956725】，返回信息 {"status":"ok","msg":"安徽-铜陵","gid":"485260","time_insert":"2021-08-03 01:30"}
2023-11-05 00:20:10 查询号码 【1956725】，GSD为【"安徽-铜陵"】

2023-11-05 00:20:11 开始第 6808 次操作

2023-11-05 00:20:11 开始操作号码 【1956726】
2023-11-05 00:20:24 GSD getOne 第 1 次 等待 3 秒
2023-11-05 00:20:27 查询号码 【1956726】，返回信息 {"status":"ok","msg":"安徽-蚌埠","gid":"485253","time_insert":"2021-08-03 01:30"}
2023-11-05 00:20:27 查询号码 【1956726】，GSD为【"安徽-蚌埠"】

