2021-07-21 00:00:36 开始第 18 次操作

2021-07-21 00:00:36 开始操作号码 【1389407】
2021-07-21 00:00:37 GSD getOne 第 1 次 等待 3 秒
2021-07-21 00:00:40 GSD getOne 第 2 次 等待 3 秒
2021-07-21 00:00:44 GSD getOne 第 3 次 等待 3 秒
2021-07-21 00:00:51 GSD getOne 第 4 次 等待 3 秒
2021-07-21 00:00:54 查询号码 【1389407】，返回信息 {"status":"bad","msg":""}
2021-07-21 00:00:54 查询号码 【1389407】，GSD为【""】
2021-07-21 00:00:54 bad
2021-07-21 00:00:56 CHB 1389407?1626796854 第 1 次 等待 3 秒
2021-07-21 00:00:59 CHB 1389407?1626796854 第 1 次 获取到号码【1389407】GSD
2021-07-21 00:00:59 获取到号码【1389407】的GSD为【吉林-白山】
2021-07-21 00:01:00 GSD insert 第 1 次 等待 3 秒
2021-07-21 00:01:03 GSD insert 第 2 次 等待 3 秒
2021-07-21 00:01:07 GSD insert 第 3 次 等待 3 秒
2021-07-21 00:01:17 GSD insert 第 4 次 等待 3 秒
2021-07-21 00:01:20 {"status":"ok","gid":341262,"msg":"添加成功！"}
2021-07-21 00:01:20 下次操作: 2021-07-21 00:01:37

2021-07-21 00:01:37 开始第 19 次操作

2021-07-21 00:01:37 开始操作号码 【1389406】
2021-07-21 00:01:42 GSD getOne 第 1 次 等待 3 秒
2021-07-21 00:01:45 查询号码 【1389406】，返回信息 {"status":"bad","msg":""}
2021-07-21 00:01:45 查询号码 【1389406】，GSD为【""】
2021-07-21 00:01:45 bad
2021-07-21 00:01:48 CHB 1389406?1626796905 第 1 次 等待 3 秒
2021-07-21 00:01:51 CHB 1389406?1626796905 第 1 次 获取到号码【1389406】GSD
2021-07-21 00:01:51 获取到号码【1389406】的GSD为【吉林-白山】
2021-07-21 00:01:52 GSD insert 第 1 次 等待 3 秒
2021-07-21 00:01:55 GSD insert 第 2 次 等待 3 秒
2021-07-21 00:02:04 GSD insert 第 3 次 等待 3 秒
2021-07-21 00:02:07 {"status":"ok","gid":341272,"msg":"添加成功！"}
2021-07-21 00:02:07 下次操作: 2021-07-21 00:02:19

2021-07-21 00:02:19 开始第 20 次操作

2021-07-21 00:02:19 开始操作号码 【1389405】
2021-07-21 00:02:20 GSD getOne 第 1 次 等待 3 秒
2021-07-21 00:02:27 GSD getOne 第 2 次 等待 3 秒
2021-07-21 00:02:30 查询号码 【1389405】，返回信息 {"status":"bad","msg":""}
2021-07-21 00:02:30 查询号码 【1389405】，GSD为【""】
2021-07-21 00:02:30 bad
2021-07-21 00:02:32 CHB 1389405?1626796950 第 1 次 等待 3 秒
2021-07-21 00:02:35 CHB 1389405?1626796950 第 1 次 获取到号码【1389405】GSD
2021-07-21 00:02:35 获取到号码【1389405】的GSD为【吉林-白山】
2021-07-21 00:02:36 GSD insert 第 1 次 等待 3 秒
2021-07-21 00:02:39 GSD insert 第 2 次 等待 3 秒
2021-07-21 00:02:43 GSD insert 第 3 次 等待 3 秒
2021-07-21 00:02:49 GSD insert 第 4 次 等待 3 秒
2021-07-21 00:02:52 {"status":"ok","gid":341277,"msg":"添加成功！"}
2021-07-21 00:02:52 下次操作: 2021-07-21 00:03:07

2021-07-21 00:03:07 开始第 21 次操作

2021-07-21 00:03:07 开始操作号码 【1389404】
2021-07-21 00:03:07 GSD getOne 第 1 次 等待 3 秒
2021-07-21 00:03:11 GSD getOne 第 2 次 等待 3 秒
2021-07-21 00:03:16 GSD getOne 第 3 次 等待 3 秒
2021-07-21 00:03:19 查询号码 【1389404】，返回信息 {"status":"bad","msg":""}
2021-07-21 00:03:20 查询号码 【1389404】，GSD为【""】
2021-07-21 00:03:20 bad
2021-07-21 00:03:21 CHB 1389404?1626797000 第 1 次 等待 3 秒
2021-07-21 00:03:24 CHB 1389404?1626797000 第 1 次 获取到号码【1389404】GSD
2021-07-21 00:03:24 获取到号码【1389404】的GSD为【吉林-白山】
2021-07-21 00:03:25 GSD insert 第 1 次 等待 3 秒
2021-07-21 00:03:28 GSD insert 第 2 次 等待 3 秒
2021-07-21 00:03:34 GSD insert 第 3 次 等待 3 秒
2021-07-21 00:03:37 {"status":"ok","gid":341284,"msg":"添加成功！"}
2021-07-21 00:03:37 下次操作: 2021-07-21 00:03:58

2021-07-21 00:03:58 开始第 22 次操作

2021-07-21 00:03:58 开始操作号码 【1389403】
2021-07-21 00:04:02 GSD getOne 第 1 次 等待 3 秒
2021-07-21 00:04:05 查询号码 【1389403】，返回信息 {"status":"bad","msg":""}
2021-07-21 00:04:05 查询号码 【1389403】，GSD为【""】
2021-07-21 00:04:05 bad
2021-07-21 00:04:08 CHB 1389403?1626797045 第 1 次 等待 3 秒
2021-07-21 00:04:11 CHB 1389403?1626797045 第 1 次 获取到号码【1389403】GSD
2021-07-21 00:04:11 获取到号码【1389403】的GSD为【吉林-白山】
2021-07-21 00:04:12 GSD insert 第 1 次 等待 3 秒
2021-07-21 00:04:25 GSD insert 第 2 次 等待 3 秒
2021-07-21 00:04:28 {"status":"ok","gid":341293,"msg":"添加成功！"}
2021-07-21 00:04:28 下次操作: 2021-07-21 00:04:51

2021-07-21 00:04:51 开始第 23 次操作

2021-07-21 00:04:51 开始操作号码 【1389402】
2021-07-21 00:04:52 GSD getOne 第 1 次 等待 3 秒
2021-07-21 00:04:55 GSD getOne 第 2 次 等待 3 秒
2021-07-21 00:05:02 GSD getOne 第 3 次 等待 3 秒
2021-07-21 00:05:05 查询号码 【1389402】，返回信息 {"status":"bad","msg":""}
2021-07-21 00:05:05 查询号码 【1389402】，GSD为【""】
2021-07-21 00:05:05 bad
2021-07-21 00:05:11 CHB 1389402?1626797105 第 1 次 等待 3 秒
2021-07-21 00:05:14 CHB 1389402?1626797105 第 1 次 获取到号码【1389402】GSD
2021-07-21 00:05:14 获取到号码【1389402】的GSD为【吉林-白山】
2021-07-21 00:05:14 GSD insert 第 1 次 等待 3 秒
2021-07-21 00:05:18 GSD insert 第 2 次 等待 3 秒
2021-07-21 00:05:25 GSD insert 第 3 次 等待 3 秒
2021-07-21 00:05:28 {"status":"ok","gid":341300,"msg":"添加成功！"}
2021-07-21 00:05:28 下次操作: 2021-07-21 00:05:50

2021-07-21 00:05:50 开始第 24 次操作

2021-07-21 00:05:50 开始操作号码 【1389401】
2021-07-21 00:05:54 GSD getOne 第 1 次 等待 3 秒
2021-07-21 00:05:57 查询号码 【1389401】，返回信息 {"status":"bad","msg":""}
2021-07-21 00:05:58 查询号码 【1389401】，GSD为【""】
2021-07-21 00:05:58 bad
2021-07-21 00:06:00 CHB 1389401?1626797158 第 1 次 等待 3 秒
2021-07-21 00:06:03 CHB 1389401?1626797158 第 1 次 获取到号码【1389401】GSD
2021-07-21 00:06:03 获取到号码【1389401】的GSD为【吉林-白山】
2021-07-21 00:06:04 GSD insert 第 1 次 等待 3 秒
2021-07-21 00:06:11 GSD insert 第 2 次 等待 3 秒
2021-07-21 00:06:14 {"status":"ok","gid":341310,"msg":"添加成功！"}
2021-07-21 00:06:14 下次操作: 2021-07-21 00:06:31

2021-07-21 00:06:32 开始第 25 次操作

2021-07-21 00:06:32 开始操作号码 【1389400】
2021-07-21 00:06:38 GSD getOne 第 1 次 等待 3 秒
2021-07-21 00:06:41 查询号码 【1389400】，返回信息 {"status":"ok","msg":"吉林-白山","gid":"12551","time_insert":"2017-06-14 10:33","time_update":"2020-08-21 13:38"}
2021-07-21 00:06:42 查询号码 【1389400】，GSD为【"吉林-白山"】

2021-07-21 00:06:42 开始第 25 次操作

2021-07-21 00:06:42 开始操作号码 【1389399】
2021-07-21 00:06:42 GSD getOne 第 1 次 等待 3 秒
2021-07-21 00:06:50 GSD getOne 第 2 次 等待 3 秒
2021-07-21 00:06:53 查询号码 【1389399】，返回信息 {"status":"bad","msg":""}
2021-07-21 00:06:54 查询号码 【1389399】，GSD为【""】
2021-07-21 00:06:54 bad
2021-07-21 00:06:56 CHB 1389399?1626797214 第 1 次 等待 3 秒
2021-07-21 00:06:59 CHB 1389399?1626797214 第 1 次 获取到号码【1389399】GSD
2021-07-21 00:06:59 获取到号码【1389399】的GSD为【甘肃-甘南】
2021-07-21 00:07:05 GSD insert 第 1 次 等待 3 秒
2021-07-21 00:07:08 {"status":"ok","gid":341319,"msg":"添加成功！"}
2021-07-21 00:07:08 下次操作: 2021-07-21 00:07:28

2021-07-21 00:07:28 开始第 26 次操作

2021-07-21 00:07:28 开始操作号码 【1389398】
2021-07-21 00:07:29 GSD getOne 第 1 次 等待 3 秒
2021-07-21 00:07:32 GSD getOne 第 2 次 等待 3 秒
2021-07-21 00:07:39 GSD getOne 第 3 次 等待 3 秒
2021-07-21 00:07:42 查询号码 【1389398】，返回信息 {"status":"ok","msg":"甘肃-甘南","gid":"12550","time_insert":"2015-10-23 07:09","time_update":"2020-12-11 21:47"}
2021-07-21 00:07:42 查询号码 【1389398】，GSD为【"甘肃-甘南"】

2021-07-21 00:07:42 开始第 26 次操作

2021-07-21 00:07:42 开始操作号码 【1389397】
2021-07-21 00:07:42 GSD getOne 第 1 次 等待 3 秒
2021-07-21 00:07:46 GSD getOne 第 2 次 等待 3 秒
2021-07-21 00:07:49 GSD getOne 第 3 次 等待 3 秒
2021-07-21 00:07:58 GSD getOne 第 4 次 等待 3 秒
2021-07-21 00:08:01 查询号码 【1389397】，返回信息 {"status":"ok","msg":"甘肃-甘南","gid":"12549","time_insert":"2016-11-18 22:51","time_update":"2020-12-11 21:43"}
2021-07-21 00:08:02 查询号码 【1389397】，GSD为【"甘肃-甘南"】

2021-07-21 00:08:02 开始第 26 次操作

2021-07-21 00:08:02 开始操作号码 【1389396】
2021-07-21 00:08:05 GSD getOne 第 1 次 等待 3 秒
2021-07-21 00:08:08 查询号码 【1389396】，返回信息 {"status":"ok","msg":"甘肃-甘南","gid":"12548","time_insert":"2016-09-01 18:24","time_update":"2020-12-11 21:38"}
2021-07-21 00:08:08 查询号码 【1389396】，GSD为【"甘肃-甘南"】

2021-07-21 00:08:08 开始第 26 次操作

2021-07-21 00:08:08 开始操作号码 【1389395】
2021-07-21 00:08:08 GSD getOne 第 1 次 等待 3 秒
2021-07-21 00:08:12 GSD getOne 第 2 次 等待 3 秒
2021-07-21 00:08:18 GSD getOne 第 3 次 等待 3 秒
2021-07-21 00:08:21 查询号码 【1389395】，返回信息 {"status":"bad","msg":""}
2021-07-21 00:08:22 查询号码 【1389395】，GSD为【""】
2021-07-21 00:08:22 bad
2021-07-21 00:08:24 CHB 1389395?1626797302 第 1 次 等待 3 秒
2021-07-21 00:08:27 CHB 1389395?1626797302 第 1 次 获取到号码【1389395】GSD
2021-07-21 00:08:27 获取到号码【1389395】的GSD为【甘肃-甘南】
2021-07-21 00:08:31 GSD insert 第 1 次 等待 3 秒
2021-07-21 00:08:34 {"status":"ok","gid":341333,"msg":"添加成功！"}
2021-07-21 00:08:34 下次操作: 2021-07-21 00:08:51

2021-07-21 00:08:51 开始第 27 次操作

2021-07-21 00:08:51 开始操作号码 【1389394】
2021-07-21 00:08:54 GSD getOne 第 1 次 等待 3 秒
2021-07-21 00:08:57 查询号码 【1389394】，返回信息 {"status":"ok","msg":"甘肃-甘南","gid":"12547","time_insert":"2017-04-11 08:35","time_update":"2020-12-11 21:34"}
2021-07-21 00:08:57 查询号码 【1389394】，GSD为【"甘肃-甘南"】

2021-07-21 00:08:57 开始第 27 次操作

2021-07-21 00:08:57 开始操作号码 【1389393】
2021-07-21 00:08:58 GSD getOne 第 1 次 等待 3 秒
2021-07-21 00:09:01 GSD getOne 第 2 次 等待 3 秒
2021-07-21 00:09:07 GSD getOne 第 3 次 等待 3 秒
2021-07-21 00:09:10 查询号码 【1389393】，返回信息 {"status":"bad","msg":""}
2021-07-21 00:09:10 查询号码 【1389393】，GSD为【""】
2021-07-21 00:09:10 bad
2021-07-21 00:09:13 CHB 1389393?1626797350 第 1 次 等待 3 秒
2021-07-21 00:09:16 CHB 1389393?1626797350 第 1 次 获取到号码【1389393】GSD
2021-07-21 00:09:16 获取到号码【1389393】的GSD为【甘肃-甘南】
2021-07-21 00:09:20 GSD insert 第 1 次 等待 3 秒
2021-07-21 00:09:23 {"status":"ok","gid":341340,"msg":"添加成功！"}
2021-07-21 00:09:23 下次操作: 2021-07-21 00:09:41

2021-07-21 00:09:41 开始第 28 次操作

2021-07-21 00:09:41 开始操作号码 【1389392】
2021-07-21 00:09:41 GSD getOne 第 1 次 等待 3 秒
2021-07-21 00:09:45 GSD getOne 第 2 次 等待 3 秒
2021-07-21 00:09:51 GSD getOne 第 3 次 等待 3 秒
2021-07-21 00:09:54 查询号码 【1389392】，返回信息 {"status":"ok","msg":"甘肃-甘南","gid":"12546","time_insert":"2015-09-17 20:52","time_update":"2020-12-11 21:30"}
2021-07-21 00:09:54 查询号码 【1389392】，GSD为【"甘肃-甘南"】

2021-07-21 00:09:54 开始第 28 次操作

2021-07-21 00:09:54 开始操作号码 【1389391】
2021-07-21 00:09:55 GSD getOne 第 1 次 等待 3 秒
2021-07-21 00:10:04 GSD getOne 第 2 次 等待 3 秒
2021-07-21 00:10:07 查询号码 【1389391】，返回信息 {"status":"bad","msg":""}
2021-07-21 00:10:07 查询号码 【1389391】，GSD为【""】
2021-07-21 00:10:07 bad
2021-07-21 00:10:09 CHB 1389391?1626797407 第 1 次 等待 3 秒
2021-07-21 00:10:12 CHB 1389391?1626797407 第 1 次 获取到号码【1389391】GSD
2021-07-21 00:10:12 获取到号码【1389391】的GSD为【甘肃-甘南】
2021-07-21 00:10:15 GSD insert 第 1 次 等待 3 秒
2021-07-21 00:10:18 {"status":"ok","gid":341352,"msg":"添加成功！"}
2021-07-21 00:10:18 下次操作: 2021-07-21 00:10:30

2021-07-21 00:10:31 开始第 29 次操作

2021-07-21 00:10:31 开始操作号码 【1389390】
2021-07-21 00:10:31 GSD getOne 第 1 次 等待 3 秒
2021-07-21 00:10:39 GSD getOne 第 2 次 等待 3 秒
2021-07-21 00:10:42 查询号码 【1389390】，返回信息 {"status":"bad","msg":""}
2021-07-21 00:10:42 查询号码 【1389390】，GSD为【""】
2021-07-21 00:10:42 bad
2021-07-21 00:10:49 CHB 1389390?1626797442 第 1 次 等待 3 秒
2021-07-21 00:10:52 CHB 1389390?1626797442 第 1 次 获取到号码【1389390】GSD
2021-07-21 00:10:52 获取到号码【1389390】的GSD为【甘肃-甘南】
2021-07-21 00:10:53 GSD insert 第 1 次 等待 3 秒
2021-07-21 00:11:17 GSD insert 第 2 次 等待 3 秒
2021-07-21 00:11:20 {"status":"ok","gid":341361,"msg":"添加成功！"}
2021-07-21 00:11:20 下次操作: 2021-07-21 00:11:43

2021-07-21 00:11:43 开始第 30 次操作

2021-07-21 00:11:43 开始操作号码 【1389389】
2021-07-21 00:11:44 GSD getOne 第 1 次 等待 3 秒
2021-07-21 00:11:48 GSD getOne 第 2 次 等待 3 秒
2021-07-21 00:11:53 GSD getOne 第 3 次 等待 3 秒
2021-07-21 00:11:56 查询号码 【1389389】，返回信息 {"status":"bad","msg":""}
2021-07-21 00:11:56 查询号码 【1389389】，GSD为【""】
2021-07-21 00:11:56 bad
2021-07-21 00:12:00 CHB 1389389?1626797516 第 1 次 等待 3 秒
2021-07-21 00:12:03 CHB 1389389?1626797516 第 1 次 获取到号码【1389389】GSD
2021-07-21 00:12:03 获取到号码【1389389】的GSD为【甘肃-天水】
2021-07-21 00:12:03 GSD insert 第 1 次 等待 3 秒
2021-07-21 00:12:07 GSD insert 第 2 次 等待 3 秒
2021-07-21 00:12:14 GSD insert 第 3 次 等待 3 秒
2021-07-21 00:12:17 {"status":"ok","gid":341371,"msg":"添加成功！"}
2021-07-21 00:12:17 下次操作: 2021-07-21 00:12:30

2021-07-21 00:12:30 开始第 31 次操作

2021-07-21 00:12:30 开始操作号码 【1389388】
2021-07-21 00:12:36 GSD getOne 第 1 次 等待 3 秒
2021-07-21 00:12:39 查询号码 【1389388】，返回信息 {"status":"bad","msg":""}
2021-07-21 00:12:39 查询号码 【1389388】，GSD为【""】
2021-07-21 00:12:39 bad
2021-07-21 00:12:40 CHB 1389388?1626797559 第 1 次 等待 3 秒
2021-07-21 00:12:43 CHB 1389388?1626797559 第 1 次 获取到号码【1389388】GSD
2021-07-21 00:12:43 获取到号码【1389388】的GSD为【甘肃-天水】
2021-07-21 00:12:44 GSD insert 第 1 次 等待 3 秒
2021-07-21 00:12:47 GSD insert 第 2 次 等待 3 秒
2021-07-21 00:12:54 GSD insert 第 3 次 等待 3 秒
2021-07-21 00:12:57 {"status":"ok","gid":341376,"msg":"添加成功！"}
2021-07-21 00:12:57 下次操作: 2021-07-21 00:13:16

2021-07-21 00:13:16 开始第 32 次操作

2021-07-21 00:13:16 开始操作号码 【1389387】
2021-07-21 00:13:17 GSD getOne 第 1 次 等待 3 秒
2021-07-21 00:13:23 GSD getOne 第 2 次 等待 3 秒
2021-07-21 00:13:26 查询号码 【1389387】，返回信息 {"status":"bad","msg":""}
2021-07-21 00:13:26 查询号码 【1389387】，GSD为【""】
2021-07-21 00:13:26 bad
2021-07-21 00:13:28 CHB 1389387?1626797606 第 1 次 等待 3 秒
2021-07-21 00:13:31 CHB 1389387?1626797606 第 1 次 获取到号码【1389387】GSD
2021-07-21 00:13:31 获取到号码【1389387】的GSD为【甘肃-天水】
2021-07-21 00:13:31 GSD insert 第 1 次 等待 3 秒
2021-07-21 00:13:37 GSD insert 第 2 次 等待 3 秒
2021-07-21 00:13:40 {"status":"ok","gid":341386,"msg":"添加成功！"}
2021-07-21 00:13:40 下次操作: 2021-07-21 00:14:00

2021-07-21 00:14:00 开始第 33 次操作

2021-07-21 00:14:00 开始操作号码 【1389386】
2021-07-21 00:14:00 GSD getOne 第 1 次 等待 3 秒
2021-07-21 00:14:04 GSD getOne 第 2 次 等待 3 秒
2021-07-21 00:14:10 GSD getOne 第 3 次 等待 3 秒
2021-07-21 00:14:13 查询号码 【1389386】，返回信息 {"status":"bad","msg":""}
2021-07-21 00:14:13 查询号码 【1389386】，GSD为【""】
2021-07-21 00:14:13 bad
2021-07-21 00:14:16 CHB 1389386?1626797653 第 1 次 等待 3 秒
2021-07-21 00:14:19 CHB 1389386?1626797653 第 1 次 获取到号码【1389386】GSD
2021-07-21 00:14:19 获取到号码【1389386】的GSD为【甘肃-天水】
2021-07-21 00:14:20 GSD insert 第 1 次 等待 3 秒
2021-07-21 00:14:23 GSD insert 第 2 次 等待 3 秒
2021-07-21 00:14:29 GSD insert 第 3 次 等待 3 秒
2021-07-21 00:14:32 {"status":"ok","gid":341392,"msg":"添加成功！"}
2021-07-21 00:14:32 下次操作: 2021-07-21 00:14:51

2021-07-21 00:14:51 开始第 34 次操作

2021-07-21 00:14:51 开始操作号码 【1389385】
2021-07-21 00:14:59 GSD getOne 第 1 次 等待 3 秒
2021-07-21 00:15:02 查询号码 【1389385】，返回信息 {"status":"bad","msg":""}
2021-07-21 00:15:02 查询号码 【1389385】，GSD为【""】
2021-07-21 00:15:02 bad
2021-07-21 00:15:05 CHB 1389385?1626797702 第 1 次 等待 3 秒
2021-07-21 00:15:08 CHB 1389385?1626797702 第 1 次 获取到号码【1389385】GSD
2021-07-21 00:15:08 获取到号码【1389385】的GSD为【甘肃-天水】
2021-07-21 00:15:08 GSD insert 第 1 次 等待 3 秒
2021-07-21 00:15:14 GSD insert 第 2 次 等待 3 秒
2021-07-21 00:15:17 {"status":"ok","gid":341399,"msg":"添加成功！"}
2021-07-21 00:15:17 下次操作: 2021-07-21 00:15:36

2021-07-21 00:15:36 开始第 35 次操作

2021-07-21 00:15:36 开始操作号码 【1389384】
2021-07-21 00:15:42 GSD getOne 第 1 次 等待 3 秒
2021-07-21 00:15:45 查询号码 【1389384】，返回信息 {"status":"bad","msg":""}
2021-07-21 00:15:45 查询号码 【1389384】，GSD为【""】
2021-07-21 00:15:45 bad
2021-07-21 00:15:46 CHB 1389384?1626797745 第 1 次 等待 3 秒
2021-07-21 00:15:49 CHB 1389384?1626797745 第 1 次 获取到号码【1389384】GSD
2021-07-21 00:15:49 获取到号码【1389384】的GSD为【甘肃-天水】
2021-07-21 00:15:50 GSD insert 第 1 次 等待 3 秒
2021-07-21 00:15:53 GSD insert 第 2 次 等待 3 秒
2021-07-21 00:15:57 GSD insert 第 3 次 等待 3 秒
2021-07-21 00:16:03 GSD insert 第 4 次 等待 3 秒
2021-07-21 00:16:06 {"status":"ok","gid":341407,"msg":"添加成功！"}
2021-07-21 00:16:06 下次操作: 2021-07-21 00:16:19

2021-07-21 00:16:19 开始第 36 次操作

2021-07-21 00:16:19 开始操作号码 【1389383】
2021-07-21 00:16:22 GSD getOne 第 1 次 等待 3 秒
2021-07-21 00:16:25 查询号码 【1389383】，返回信息 {"status":"bad","msg":""}
2021-07-21 00:16:25 查询号码 【1389383】，GSD为【""】
2021-07-21 00:16:25 bad
2021-07-21 00:16:27 CHB 1389383?1626797785 第 1 次 等待 3 秒
2021-07-21 00:16:30 CHB 1389383?1626797785 第 1 次 获取到号码【1389383】GSD
2021-07-21 00:16:30 获取到号码【1389383】的GSD为【甘肃-天水】
2021-07-21 00:16:30 GSD insert 第 1 次 等待 3 秒
2021-07-21 00:16:34 GSD insert 第 2 次 等待 3 秒
2021-07-21 00:16:40 GSD insert 第 3 次 等待 3 秒
2021-07-21 00:16:43 {"status":"ok","gid":341413,"msg":"添加成功！"}
2021-07-21 00:16:43 下次操作: 2021-07-21 00:16:56

2021-07-21 00:16:56 开始第 37 次操作

2021-07-21 00:16:56 开始操作号码 【1389382】
2021-07-21 00:16:59 GSD getOne 第 1 次 等待 3 秒
2021-07-21 00:17:02 查询号码 【1389382】，返回信息 {"status":"bad","msg":""}
2021-07-21 00:17:02 查询号码 【1389382】，GSD为【""】
2021-07-21 00:17:02 bad
2021-07-21 00:17:05 CHB 1389382?1626797822 第 1 次 等待 3 秒
2021-07-21 00:17:08 CHB 1389382?1626797822 第 1 次 获取到号码【1389382】GSD
2021-07-21 00:17:08 获取到号码【1389382】的GSD为【甘肃-天水】
2021-07-21 00:17:08 GSD insert 第 1 次 等待 3 秒
2021-07-21 00:17:12 GSD insert 第 2 次 等待 3 秒
2021-07-21 00:17:15 GSD insert 第 3 次 等待 3 秒
2021-07-21 00:17:22 GSD insert 第 4 次 等待 3 秒
2021-07-21 00:17:25 {"status":"ok","gid":341420,"msg":"添加成功！"}
2021-07-21 00:17:25 下次操作: 2021-07-21 00:17:49

2021-07-21 00:17:49 开始第 38 次操作

2021-07-21 00:17:49 开始操作号码 【1389381】
2021-07-21 00:17:49 GSD getOne 第 1 次 等待 3 秒
2021-07-21 00:17:56 GSD getOne 第 2 次 等待 3 秒
2021-07-21 00:17:59 查询号码 【1389381】，返回信息 {"status":"bad","msg":""}
2021-07-21 00:17:59 查询号码 【1389381】，GSD为【""】
2021-07-21 00:17:59 bad
2021-07-21 00:18:14 CHB 1389381?1626797879 第 1 次 等待 3 秒
2021-07-21 00:18:17 CHB 1389381?1626797879 第 1 次 获取到号码【1389381】GSD
2021-07-21 00:18:17 获取到号码【1389381】的GSD为【甘肃-天水】
2021-07-21 00:18:17 GSD insert 第 1 次 等待 3 秒
2021-07-21 00:18:31 GSD insert 第 2 次 等待 3 秒
2021-07-21 00:18:34 {"status":"ok","gid":341430,"msg":"添加成功！"}
2021-07-21 00:18:34 下次操作: 2021-07-21 00:18:54

2021-07-21 00:18:54 开始第 39 次操作

2021-07-21 00:18:54 开始操作号码 【1389380】
2021-07-21 00:18:55 GSD getOne 第 1 次 等待 3 秒
2021-07-21 00:18:58 GSD getOne 第 2 次 等待 3 秒
2021-07-21 00:19:09 GSD getOne 第 3 次 等待 3 秒
2021-07-21 00:19:12 查询号码 【1389380】，返回信息 {"status":"bad","msg":""}
2021-07-21 00:19:12 查询号码 【1389380】，GSD为【""】
2021-07-21 00:19:12 bad
2021-07-21 00:19:14 CHB 1389380?1626797952 第 1 次 等待 3 秒
2021-07-21 00:19:17 CHB 1389380?1626797952 第 1 次 获取到号码【1389380】GSD
2021-07-21 00:19:17 获取到号码【1389380】的GSD为【甘肃-天水】
2021-07-21 00:19:17 GSD insert 第 1 次 等待 3 秒
2021-07-21 00:19:21 GSD insert 第 2 次 等待 3 秒
2021-07-21 00:19:27 GSD insert 第 3 次 等待 3 秒
2021-07-21 00:19:30 {"status":"ok","gid":341438,"msg":"添加成功！"}
2021-07-21 00:19:30 下次操作: 2021-07-21 00:19:51

2021-07-21 00:19:51 开始第 40 次操作

2021-07-21 00:19:51 开始操作号码 【1389379】
2021-07-21 00:19:56 GSD getOne 第 1 次 等待 3 秒
2021-07-21 00:19:59 查询号码 【1389379】，返回信息 {"status":"bad","msg":""}
2021-07-21 00:19:59 查询号码 【1389379】，GSD为【""】
2021-07-21 00:19:59 bad
2021-07-21 00:20:02 CHB 1389379?1626797999 第 1 次 等待 3 秒
2021-07-21 00:20:05 CHB 1389379?1626797999 第 1 次 获取到号码【1389379】GSD
2021-07-21 00:20:05 获取到号码【1389379】的GSD为【甘肃-酒泉】
2021-07-21 00:20:05 GSD insert 第 1 次 等待 3 秒
2021-07-21 00:20:09 GSD insert 第 2 次 等待 3 秒
2021-07-21 00:20:12 GSD insert 第 3 次 等待 3 秒
2021-07-21 00:20:20 GSD insert 第 4 次 等待 3 秒
2021-07-21 00:20:23 {"status":"ok","gid":341446,"msg":"添加成功！"}

