2021-07-06 00:00:01 开始第 16 次操作

2021-07-06 00:00:01 开始操作号码 【1306354】
2021-07-06 00:00:22 GSD getOne 第 1 次 等待 1 秒
2021-07-06 00:00:23 查询号码 【1306354】，返回信息 {"status":"bad","msg":""}
2021-07-06 00:00:23 查询号码 【1306354】，GSD为【""】
2021-07-06 00:00:23 bad
2021-07-06 00:00:25 CHB 1306354?1625500823 第 1 次 等待 1 秒
2021-07-06 00:00:26 CHB 1306354?1625500823 第 1 次 获取到号码【1306354】GSD
2021-07-06 00:00:26 获取到号码【1306354】的GSD为【江苏-徐州】
2021-07-06 00:01:02 GSD insert 第 1 次 等待 1 秒
2021-07-06 00:01:03 {"status":"ok","msg":"添加成功！201817"}
2021-07-06 00:01:03 下次操作: 2021-07-06 00:01:11

2021-07-06 00:01:11 开始第 17 次操作

2021-07-06 00:01:11 开始操作号码 【1306353】
2021-07-06 00:01:22 GSD getOne 第 1 次 等待 1 秒
2021-07-06 00:01:23 查询号码 【1306353】，返回信息 {"status":"bad","msg":""}
2021-07-06 00:01:23 查询号码 【1306353】，GSD为【""】
2021-07-06 00:01:23 bad
2021-07-06 00:01:26 CHB 1306353?1625500883 第 1 次 等待 1 秒
2021-07-06 00:01:27 CHB 1306353?1625500883 第 1 次 获取到号码【1306353】GSD
2021-07-06 00:01:28 获取到号码【1306353】的GSD为【江苏-徐州】
2021-07-06 00:01:47 GSD insert 第 1 次 等待 1 秒
2021-07-06 00:01:48 {"status":"ok","msg":"添加成功！201828"}
2021-07-06 00:01:48 下次操作: 2021-07-06 00:01:58

2021-07-06 00:01:58 开始第 18 次操作

2021-07-06 00:01:58 开始操作号码 【1306352】
2021-07-06 00:02:17 GSD getOne 第 1 次 等待 1 秒
2021-07-06 00:02:18 查询号码 【1306352】，返回信息 {"status":"bad","msg":""}
2021-07-06 00:02:18 查询号码 【1306352】，GSD为【""】
2021-07-06 00:02:18 bad
2021-07-06 00:02:20 CHB 1306352?1625500938 第 1 次 等待 1 秒
2021-07-06 00:02:21 CHB 1306352?1625500938 第 1 次 获取到号码【1306352】GSD
2021-07-06 00:02:21 获取到号码【1306352】的GSD为【江苏-徐州】
2021-07-06 00:02:59 GSD insert 第 1 次 等待 1 秒
2021-07-06 00:03:00 {"status":"ok","msg":"添加成功！201841"}
2021-07-06 00:03:00 下次操作: 2021-07-06 00:03:18

2021-07-06 00:03:18 开始第 19 次操作

2021-07-06 00:03:18 开始操作号码 【1306351】
2021-07-06 00:03:22 GSD getOne 第 1 次 等待 1 秒
2021-07-06 00:03:23 查询号码 【1306351】，返回信息 {"status":"bad","msg":""}
2021-07-06 00:03:23 查询号码 【1306351】，GSD为【""】
2021-07-06 00:03:23 bad
2021-07-06 00:03:27 CHB 1306351?1625501003 第 1 次 等待 1 秒
2021-07-06 00:03:28 CHB 1306351?1625501003 第 1 次 获取到号码【1306351】GSD
2021-07-06 00:03:28 获取到号码【1306351】的GSD为【江苏-徐州】
2021-07-06 00:03:49 GSD insert 第 1 次 等待 1 秒
2021-07-06 00:03:50 {"status":"ok","msg":"添加成功！201854"}
2021-07-06 00:03:50 下次操作: 2021-07-06 00:03:58

2021-07-06 00:03:58 开始第 20 次操作

2021-07-06 00:03:58 开始操作号码 【1306350】
2021-07-06 00:04:18 GSD getOne 第 1 次 等待 1 秒
2021-07-06 00:04:19 查询号码 【1306350】，返回信息 {"status":"ok","msg":"江苏-徐州","time_insert":"2019-04-01 09:31","time_update":"2020-08-23 19:30"}
2021-07-06 00:04:20 查询号码 【1306350】，GSD为【"江苏-徐州"】

2021-07-06 00:04:20 开始第 20 次操作

2021-07-06 00:04:20 开始操作号码 【1306349】
2021-07-06 00:04:42 GSD getOne 第 1 次 等待 1 秒
2021-07-06 00:04:43 查询号码 【1306349】，返回信息 {"status":"bad","msg":""}
2021-07-06 00:04:43 查询号码 【1306349】，GSD为【""】
2021-07-06 00:04:43 bad
2021-07-06 00:04:46 CHB 1306349?1625501083 第 1 次 等待 1 秒
2021-07-06 00:04:47 CHB 1306349?1625501083 第 1 次 获取到号码【1306349】GSD
2021-07-06 00:04:47 获取到号码【1306349】的GSD为【安徽-合肥】
2021-07-06 00:05:07 GSD insert 第 1 次 等待 1 秒
2021-07-06 00:05:08 {"status":"ok","msg":"添加成功！201871"}
2021-07-06 00:05:08 下次操作: 2021-07-06 00:05:17

2021-07-06 00:05:17 开始第 21 次操作

2021-07-06 00:05:17 开始操作号码 【1306348】
2021-07-06 00:05:28 GSD getOne 第 1 次 等待 1 秒
2021-07-06 00:05:29 查询号码 【1306348】，返回信息 {"status":"bad","msg":""}
2021-07-06 00:05:29 查询号码 【1306348】，GSD为【""】
2021-07-06 00:05:29 bad
2021-07-06 00:05:31 CHB 1306348?1625501129 第 1 次 等待 1 秒
2021-07-06 00:05:32 CHB 1306348?1625501129 第 1 次 获取到号码【1306348】GSD
2021-07-06 00:05:32 获取到号码【1306348】的GSD为【安徽-合肥】
2021-07-06 00:05:59 GSD insert 第 1 次 等待 1 秒
2021-07-06 00:06:00 {"status":"ok","msg":"添加成功！201883"}
2021-07-06 00:06:00 下次操作: 2021-07-06 00:06:09

2021-07-06 00:06:09 开始第 22 次操作

2021-07-06 00:06:09 开始操作号码 【1306347】
2021-07-06 00:06:21 GSD getOne 第 1 次 等待 1 秒
2021-07-06 00:06:22 查询号码 【1306347】，返回信息 {"status":"bad","msg":""}
2021-07-06 00:06:22 查询号码 【1306347】，GSD为【""】
2021-07-06 00:06:22 bad
2021-07-06 00:06:24 CHB 1306347?1625501182 第 1 次 等待 1 秒
2021-07-06 00:06:25 CHB 1306347?1625501182 第 1 次 获取到号码【1306347】GSD
2021-07-06 00:06:25 获取到号码【1306347】的GSD为【安徽-淮南】
2021-07-06 00:07:02 GSD insert 第 1 次 等待 1 秒
2021-07-06 00:07:03 {"status":"ok","msg":"添加成功！201898"}
2021-07-06 00:07:03 下次操作: 2021-07-06 00:07:17

2021-07-06 00:07:17 开始第 23 次操作

2021-07-06 00:07:17 开始操作号码 【1306346】
2021-07-06 00:07:26 GSD getOne 第 1 次 等待 1 秒
2021-07-06 00:07:27 查询号码 【1306346】，返回信息 {"status":"bad","msg":""}
2021-07-06 00:07:27 查询号码 【1306346】，GSD为【""】
2021-07-06 00:07:27 bad
2021-07-06 00:07:30 CHB 1306346?1625501247 第 1 次 等待 1 秒
2021-07-06 00:07:31 CHB 1306346?1625501247 第 1 次 获取到号码【1306346】GSD
2021-07-06 00:07:31 获取到号码【1306346】的GSD为【安徽-淮南】
2021-07-06 00:07:56 GSD insert 第 1 次 等待 1 秒
2021-07-06 00:07:57 {"status":"ok","msg":"添加成功！201906"}
2021-07-06 00:07:57 下次操作: 2021-07-06 00:08:09

2021-07-06 00:08:09 开始第 24 次操作

2021-07-06 00:08:09 开始操作号码 【1306345】
2021-07-06 00:08:17 GSD getOne 第 1 次 等待 1 秒
2021-07-06 00:08:18 查询号码 【1306345】，返回信息 {"status":"bad","msg":""}
2021-07-06 00:08:18 查询号码 【1306345】，GSD为【""】
2021-07-06 00:08:18 bad
2021-07-06 00:08:20 CHB 1306345?1625501298 第 1 次 等待 1 秒
2021-07-06 00:08:21 CHB 1306345?1625501298 第 1 次 获取到号码【1306345】GSD
2021-07-06 00:08:21 获取到号码【1306345】的GSD为【安徽-合肥】
2021-07-06 00:08:40 GSD insert 第 1 次 等待 1 秒
2021-07-06 00:08:41 {"status":"ok","msg":"添加成功！201913"}
2021-07-06 00:08:41 下次操作: 2021-07-06 00:08:52

2021-07-06 00:08:52 开始第 25 次操作

2021-07-06 00:08:52 开始操作号码 【1306344】
2021-07-06 00:09:07 GSD getOne 第 1 次 等待 1 秒
2021-07-06 00:09:08 查询号码 【1306344】，返回信息 {"status":"bad","msg":""}
2021-07-06 00:09:09 查询号码 【1306344】，GSD为【""】
2021-07-06 00:09:09 bad
2021-07-06 00:09:11 CHB 1306344?1625501349 第 1 次 等待 1 秒
2021-07-06 00:09:12 CHB 1306344?1625501349 第 1 次 获取到号码【1306344】GSD
2021-07-06 00:09:12 获取到号码【1306344】的GSD为【安徽-合肥】
2021-07-06 00:09:34 GSD insert 第 1 次 等待 1 秒
2021-07-06 00:09:35 {"status":"ok","msg":"添加成功！201922"}
2021-07-06 00:09:35 下次操作: 2021-07-06 00:09:52

2021-07-06 00:09:52 开始第 26 次操作

2021-07-06 00:09:52 开始操作号码 【1306343】
2021-07-06 00:09:58 GSD getOne 第 1 次 等待 1 秒
2021-07-06 00:09:59 查询号码 【1306343】，返回信息 {"status":"bad","msg":""}
2021-07-06 00:09:59 查询号码 【1306343】，GSD为【""】
2021-07-06 00:09:59 bad
2021-07-06 00:10:02 CHB 1306343?1625501399 第 1 次 等待 1 秒
2021-07-06 00:10:03 CHB 1306343?1625501399 第 1 次 获取到号码【1306343】GSD
2021-07-06 00:10:03 获取到号码【1306343】的GSD为【安徽-六安】
2021-07-06 00:10:22 GSD insert 第 1 次 等待 1 秒
2021-07-06 00:10:23 {"status":"ok","msg":"添加成功！201930"}
2021-07-06 00:10:23 下次操作: 2021-07-06 00:10:40

2021-07-06 00:10:40 开始第 27 次操作

2021-07-06 00:10:40 开始操作号码 【1306342】
2021-07-06 00:10:45 GSD getOne 第 1 次 等待 1 秒
2021-07-06 00:10:46 查询号码 【1306342】，返回信息 {"status":"bad","msg":""}
2021-07-06 00:10:46 查询号码 【1306342】，GSD为【""】
2021-07-06 00:10:46 bad
2021-07-06 00:10:48 CHB 1306342?1625501446 第 1 次 等待 1 秒
2021-07-06 00:10:49 CHB 1306342?1625501446 第 1 次 获取到号码【1306342】GSD
2021-07-06 00:10:49 获取到号码【1306342】的GSD为【安徽-六安】
2021-07-06 00:11:09 GSD insert 第 1 次 等待 1 秒
2021-07-06 00:11:10 {"status":"ok","msg":"添加成功！201937"}
2021-07-06 00:11:10 下次操作: 2021-07-06 00:11:19

2021-07-06 00:11:19 开始第 28 次操作

2021-07-06 00:11:19 开始操作号码 【1306341】
2021-07-06 00:11:34 GSD getOne 第 1 次 等待 1 秒
2021-07-06 00:11:35 查询号码 【1306341】，返回信息 {"status":"bad","msg":""}
2021-07-06 00:11:35 查询号码 【1306341】，GSD为【""】
2021-07-06 00:11:35 bad
2021-07-06 00:11:38 CHB 1306341?1625501495 第 1 次 等待 1 秒
2021-07-06 00:11:39 CHB 1306341?1625501495 第 1 次 获取到号码【1306341】GSD
2021-07-06 00:11:39 获取到号码【1306341】的GSD为【安徽-安庆】
2021-07-06 00:12:00 GSD insert 第 1 次 等待 1 秒
2021-07-06 00:12:01 {"status":"ok","msg":"添加成功！201943"}
2021-07-06 00:12:01 下次操作: 2021-07-06 00:12:13

2021-07-06 00:12:13 开始第 29 次操作

2021-07-06 00:12:13 开始操作号码 【1306340】
2021-07-06 00:12:23 GSD getOne 第 1 次 等待 1 秒
2021-07-06 00:12:24 查询号码 【1306340】，返回信息 {"status":"bad","msg":""}
2021-07-06 00:12:24 查询号码 【1306340】，GSD为【""】
2021-07-06 00:12:24 bad
2021-07-06 00:12:27 CHB 1306340?1625501544 第 1 次 等待 1 秒
2021-07-06 00:12:28 CHB 1306340?1625501544 第 1 次 获取到号码【1306340】GSD
2021-07-06 00:12:28 获取到号码【1306340】的GSD为【安徽-宿州】
2021-07-06 00:12:48 GSD insert 第 1 次 等待 1 秒
2021-07-06 00:12:49 {"status":"ok","msg":"添加成功！201951"}
2021-07-06 00:12:49 下次操作: 2021-07-06 00:12:55

2021-07-06 00:12:55 开始第 30 次操作

2021-07-06 00:12:55 开始操作号码 【1306339】
2021-07-06 00:13:19 GSD getOne 第 1 次 等待 1 秒
2021-07-06 00:13:20 查询号码 【1306339】，返回信息 {"status":"bad","msg":""}
2021-07-06 00:13:20 查询号码 【1306339】，GSD为【""】
2021-07-06 00:13:20 bad
2021-07-06 00:13:22 CHB 1306339?1625501600 第 1 次 等待 1 秒
2021-07-06 00:13:23 CHB 1306339?1625501600 第 1 次 获取到号码【1306339】GSD
2021-07-06 00:13:23 获取到号码【1306339】的GSD为【安徽-亳州】
2021-07-06 00:13:42 GSD insert 第 1 次 等待 1 秒
2021-07-06 00:13:43 {"status":"ok","msg":"添加成功！201956"}

2021-07-06 08:52:55 开始第 1 次操作

2021-07-06 08:52:55 开始操作号码 【1779999】
2021-07-06 08:52:59 GSD getOne 第 1 次 等待 1 秒
2021-07-06 08:53:00 查询号码 【1779999】，返回信息 {"status":"bad","msg":""}
2021-07-06 08:53:01 查询号码 【1779999】，GSD为【""】
2021-07-06 08:53:01 bad
2021-07-06 08:53:06 CHB 1779999?1625532781 第 1 次 等待 1 秒
2021-07-06 08:53:07 CHB 1779999?1625532781 第 1 次 获取到号码【1779999】GSD
2021-07-06 08:53:07 获取到号码【1779999】的GSD为【山西-长治】
2021-07-06 08:53:27 GSD insert 第 1 次 等待 1 秒
2021-07-06 08:53:28 {"status":"ok","msg":"添加成功！204563"}
2021-07-06 08:53:28 下次操作: 2021-07-06 08:53:46

2021-07-06 08:53:46 开始第 2 次操作

2021-07-06 08:53:46 开始操作号码 【1779998】
2021-07-06 08:53:50 GSD getOne 第 1 次 等待 1 秒
2021-07-06 08:53:51 查询号码 【1779998】，返回信息 {"status":"bad","msg":""}
2021-07-06 08:53:51 查询号码 【1779998】，GSD为【""】
2021-07-06 08:53:51 bad
2021-07-06 08:53:52 CHB 1779998?1625532831 第 1 次 等待 1 秒
2021-07-06 08:53:53 CHB 1779998?1625532831 第 1 次 获取到号码【1779998】GSD
2021-07-06 08:53:53 获取到号码【1779998】的GSD为【黑龙江-哈尔滨】
2021-07-06 08:54:13 GSD insert 第 1 次 等待 1 秒
2021-07-06 08:54:14 {"status":"ok","msg":"添加成功！204564"}
2021-07-06 08:54:14 下次操作: 2021-07-06 08:54:31

2021-07-06 08:54:31 开始第 3 次操作

2021-07-06 08:54:31 开始操作号码 【1779997】
2021-07-06 08:54:34 GSD getOne 第 1 次 等待 1 秒
2021-07-06 08:54:35 查询号码 【1779997】，返回信息 {"status":"bad","msg":""}
2021-07-06 08:54:36 查询号码 【1779997】，GSD为【""】
2021-07-06 08:54:36 bad
2021-07-06 08:54:37 CHB 1779997?1625532876 第 1 次 等待 1 秒
2021-07-06 08:54:38 CHB 1779997?1625532876 第 1 次 获取到号码【1779997】GSD
2021-07-06 08:54:38 获取到号码【1779997】的GSD为【新疆-阿克苏】
2021-07-06 08:54:58 GSD insert 第 1 次 等待 1 秒
2021-07-06 08:54:59 {"status":"ok","msg":"添加成功！204569"}
2021-07-06 08:54:59 下次操作: 2021-07-06 08:55:10

2021-07-06 08:55:10 开始第 4 次操作

2021-07-06 08:55:10 开始操作号码 【1779996】
2021-07-06 08:55:21 GSD getOne 第 1 次 等待 1 秒
2021-07-06 08:55:22 查询号码 【1779996】，返回信息 {"status":"bad","msg":""}
2021-07-06 08:55:22 查询号码 【1779996】，GSD为【""】
2021-07-06 08:55:22 bad
2021-07-06 08:55:23 CHB 1779996?1625532922 第 1 次 等待 1 秒
2021-07-06 08:55:24 CHB 1779996?1625532922 第 1 次 获取到号码【1779996】GSD
2021-07-06 08:55:24 获取到号码【1779996】的GSD为【新疆-巴音郭楞】
2021-07-06 08:55:44 GSD insert 第 1 次 等待 1 秒
2021-07-06 08:55:45 {"status":"ok","msg":"添加成功！204571"}
2021-07-06 08:55:45 下次操作: 2021-07-06 08:56:03

2021-07-06 08:56:03 开始第 5 次操作

2021-07-06 08:56:03 开始操作号码 【1779995】
2021-07-06 08:56:07 GSD getOne 第 1 次 等待 1 秒
2021-07-06 08:56:08 查询号码 【1779995】，返回信息 {"status":"bad","msg":""}
2021-07-06 08:56:08 查询号码 【1779995】，GSD为【""】
2021-07-06 08:56:08 bad
2021-07-06 08:56:10 CHB 1779995?1625532968 第 1 次 等待 1 秒
2021-07-06 08:56:11 CHB 1779995?1625532968 第 1 次 获取到号码【1779995】GSD
2021-07-06 08:56:11 获取到号码【1779995】的GSD为【新疆-吐鲁番】
2021-07-06 08:56:30 GSD insert 第 1 次 等待 1 秒
2021-07-06 08:56:31 {"status":"ok","msg":"添加成功！204572"}
2021-07-06 08:56:31 下次操作: 2021-07-06 08:56:42

2021-07-06 08:56:42 开始第 6 次操作

2021-07-06 08:56:42 开始操作号码 【1779994】
2021-07-06 08:56:53 GSD getOne 第 1 次 等待 1 秒
2021-07-06 08:56:54 查询号码 【1779994】，返回信息 {"status":"bad","msg":""}
2021-07-06 08:56:54 查询号码 【1779994】，GSD为【""】
2021-07-06 08:56:54 bad
2021-07-06 08:56:56 CHB 1779994?1625533014 第 1 次 等待 1 秒
2021-07-06 08:56:57 CHB 1779994?1625533014 第 1 次 获取到号码【1779994】GSD
2021-07-06 08:56:57 获取到号码【1779994】的GSD为【新疆-昌吉】
2021-07-06 08:57:16 GSD insert 第 1 次 等待 1 秒
2021-07-06 08:57:17 {"status":"ok","msg":"添加成功！204574"}
2021-07-06 08:57:17 下次操作: 2021-07-06 08:57:35

2021-07-06 08:57:35 开始第 7 次操作

2021-07-06 08:57:35 开始操作号码 【1779993】
2021-07-06 08:57:39 GSD getOne 第 1 次 等待 1 秒
2021-07-06 08:57:40 查询号码 【1779993】，返回信息 {"status":"bad","msg":""}
2021-07-06 08:57:40 查询号码 【1779993】，GSD为【""】
2021-07-06 08:57:40 bad
2021-07-06 08:57:42 CHB 1779993?1625533060 第 1 次 等待 1 秒
2021-07-06 08:57:43 CHB 1779993?1625533060 第 1 次 获取到号码【1779993】GSD
2021-07-06 08:57:43 获取到号码【1779993】的GSD为【新疆-石河子】
2021-07-06 08:58:02 GSD insert 第 1 次 等待 1 秒
2021-07-06 08:58:03 {"status":"ok","msg":"添加成功！204577"}
2021-07-06 08:58:03 下次操作: 2021-07-06 08:58:21

2021-07-06 08:58:21 开始第 8 次操作

2021-07-06 08:58:21 开始操作号码 【1779992】
2021-07-06 08:58:25 GSD getOne 第 1 次 等待 1 秒
2021-07-06 08:58:26 查询号码 【1779992】，返回信息 {"status":"bad","msg":""}
2021-07-06 08:58:26 查询号码 【1779992】，GSD为【""】
2021-07-06 08:58:26 bad
2021-07-06 08:58:28 CHB 1779992?1625533106 第 1 次 等待 1 秒
2021-07-06 08:58:29 CHB 1779992?1625533106 第 1 次 获取到号码【1779992】GSD
2021-07-06 08:58:29 获取到号码【1779992】的GSD为【新疆-哈密】
2021-07-06 08:58:48 GSD insert 第 1 次 等待 1 秒
2021-07-06 08:58:49 {"status":"ok","msg":"添加成功！204580"}
2021-07-06 08:58:49 下次操作: 2021-07-06 08:59:07

2021-07-06 08:59:07 开始第 9 次操作

2021-07-06 08:59:07 开始操作号码 【1779991】
2021-07-06 08:59:11 GSD getOne 第 1 次 等待 1 秒
2021-07-06 08:59:12 查询号码 【1779991】，返回信息 {"status":"bad","msg":""}
2021-07-06 08:59:12 查询号码 【1779991】，GSD为【""】
2021-07-06 08:59:12 bad
2021-07-06 08:59:18 CHB 1779991?1625533152 第 1 次 等待 1 秒
2021-07-06 08:59:19 CHB 1779991?1625533152 第 1 次 获取到号码【1779991】GSD
2021-07-06 08:59:19 获取到号码【1779991】的GSD为【新疆-乌鲁木齐】
2021-07-06 08:59:38 GSD insert 第 1 次 等待 1 秒
2021-07-06 08:59:39 {"status":"ok","msg":"添加成功！204582"}
2021-07-06 08:59:39 下次操作: 2021-07-06 08:59:54

2021-07-06 08:59:54 开始第 10 次操作

2021-07-06 08:59:54 开始操作号码 【1779990】
2021-07-06 08:59:58 GSD getOne 第 1 次 等待 1 秒
2021-07-06 08:59:59 查询号码 【1779990】，返回信息 {"status":"bad","msg":""}
2021-07-06 08:59:59 查询号码 【1779990】，GSD为【""】
2021-07-06 08:59:59 bad
2021-07-06 09:00:00 CHB 1779990?1625533199 第 1 次 等待 1 秒
2021-07-06 09:00:01 CHB 1779990?1625533199 第 1 次 获取到号码【1779990】GSD
2021-07-06 09:00:01 未获取到号码【1779990】GSD，查号吧 400 错误
2021-07-06 09:00:01 获取到号码【1779990】的GSD为【-】
2021-07-06 09:00:21 GSD insert 第 1 次 等待 1 秒
2021-07-06 09:00:22 {"status":"ok","msg":"添加成功！204583"}
2021-07-06 09:00:22 下次操作: 2021-07-06 09:00:33

2021-07-06 09:00:33 开始第 11 次操作

2021-07-06 09:00:33 开始操作号码 【1779989】
2021-07-06 09:00:54 GSD getOne 第 1 次 等待 1 秒
2021-07-06 09:00:55 查询号码 【1779989】，返回信息 {"status":"bad","msg":""}
2021-07-06 09:00:55 查询号码 【1779989】，GSD为【""】
2021-07-06 09:00:55 bad
2021-07-06 09:01:07 CHB 1779989?1625533255 第 1 次 等待 1 秒
2021-07-06 09:01:08 CHB 1779989?1625533255 第 1 次 获取到号码【1779989】GSD
2021-07-06 09:01:09 获取到号码【1779989】的GSD为【浙江-杭州】
2021-07-06 09:01:13 GSD insert 第 1 次 等待 1 秒
2021-07-06 09:01:14 {"status":"ok","msg":"添加成功！204585"}
2021-07-06 09:01:14 下次操作: 2021-07-06 09:01:31

2021-07-06 09:01:31 开始第 12 次操作

2021-07-06 09:01:31 开始操作号码 【1779988】
2021-07-06 09:01:46 GSD getOne 第 1 次 等待 1 秒
2021-07-06 09:01:47 查询号码 【1779988】，返回信息 {"status":"bad","msg":""}
2021-07-06 09:01:47 查询号码 【1779988】，GSD为【""】
2021-07-06 09:01:47 bad
2021-07-06 09:01:57 CHB 1779988?1625533307 第 1 次 等待 1 秒
2021-07-06 09:01:58 CHB 1779988?1625533307 第 1 次 获取到号码【1779988】GSD
2021-07-06 09:01:58 获取到号码【1779988】的GSD为【浙江-宁波】
2021-07-06 09:03:12 GSD insert 第 1 次 等待 1 秒
2021-07-06 09:03:13 {"status":"ok","msg":"添加成功！204595"}
2021-07-06 09:03:13 下次操作: 2021-07-06 09:03:24

2021-07-06 09:03:24 开始第 13 次操作

2021-07-06 09:03:24 开始操作号码 【1779987】
2021-07-06 09:03:35 GSD getOne 第 1 次 等待 1 秒
2021-07-06 09:03:36 查询号码 【1779987】，返回信息 {"status":"bad","msg":""}
2021-07-06 09:03:36 查询号码 【1779987】，GSD为【""】
2021-07-06 09:03:36 bad
2021-07-06 09:03:38 CHB 1779987?1625533416 第 1 次 等待 1 秒
2021-07-06 09:03:39 CHB 1779987?1625533416 第 1 次 获取到号码【1779987】GSD
2021-07-06 09:03:39 获取到号码【1779987】的GSD为【浙江-杭州】
2021-07-06 09:03:58 GSD insert 第 1 次 等待 1 秒
2021-07-06 09:03:59 {"status":"ok","msg":"添加成功！204597"}
2021-07-06 09:03:59 下次操作: 2021-07-06 09:04:09

2021-07-06 09:04:09 开始第 14 次操作

2021-07-06 09:04:09 开始操作号码 【1779986】
2021-07-06 09:04:20 GSD getOne 第 1 次 等待 1 秒
2021-07-06 09:04:21 查询号码 【1779986】，返回信息 {"status":"bad","msg":""}
2021-07-06 09:04:21 查询号码 【1779986】，GSD为【""】
2021-07-06 09:04:21 bad
2021-07-06 09:04:28 CHB 1779986?1625533461 第 1 次 等待 1 秒
2021-07-06 09:04:29 CHB 1779986?1625533461 第 1 次 获取到号码【1779986】GSD
2021-07-06 09:04:29 获取到号码【1779986】的GSD为【浙江-杭州】
2021-07-06 09:04:40 GSD insert 第 1 次 等待 1 秒
2021-07-06 09:04:41 {"status":"ok","msg":"添加成功！204598"}
2021-07-06 09:04:41 下次操作: 2021-07-06 09:04:54

2021-07-06 09:04:54 开始第 15 次操作

2021-07-06 09:04:54 开始操作号码 【1779985】
2021-07-06 09:05:01 GSD getOne 第 1 次 等待 1 秒
2021-07-06 09:05:02 查询号码 【1779985】，返回信息 {"status":"bad","msg":""}
2021-07-06 09:05:02 查询号码 【1779985】，GSD为【""】
2021-07-06 09:05:02 bad
2021-07-06 09:05:04 CHB 1779985?1625533502 第 1 次 等待 1 秒
2021-07-06 09:05:05 CHB 1779985?1625533502 第 1 次 获取到号码【1779985】GSD
2021-07-06 09:05:05 获取到号码【1779985】的GSD为【浙江-杭州】
2021-07-06 09:05:24 GSD insert 第 1 次 等待 1 秒
2021-07-06 09:05:25 {"status":"ok","msg":"添加成功！204599"}
2021-07-06 09:05:25 下次操作: 2021-07-06 09:05:41

2021-07-06 09:05:41 开始第 16 次操作

2021-07-06 09:05:41 开始操作号码 【1779984】
2021-07-06 09:05:45 GSD getOne 第 1 次 等待 1 秒
2021-07-06 09:05:46 查询号码 【1779984】，返回信息 {"status":"bad","msg":""}
2021-07-06 09:05:46 查询号码 【1779984】，GSD为【""】
2021-07-06 09:05:46 bad
2021-07-06 09:05:47 CHB 1779984?1625533546 第 1 次 等待 1 秒
2021-07-06 09:05:48 CHB 1779984?1625533546 第 1 次 获取到号码【1779984】GSD
2021-07-06 09:05:48 获取到号码【1779984】的GSD为【浙江-杭州】
2021-07-06 09:05:52 GSD insert 第 1 次 等待 1 秒
2021-07-06 09:05:53 {"status":"ok","msg":"添加成功！204600"}
2021-07-06 09:05:53 下次操作: 2021-07-06 09:06:06

2021-07-06 09:06:06 开始第 17 次操作

2021-07-06 09:06:06 开始操作号码 【1779983】
2021-07-06 09:06:10 GSD getOne 第 1 次 等待 1 秒
2021-07-06 09:06:11 查询号码 【1779983】，返回信息 {"status":"bad","msg":""}
2021-07-06 09:06:11 查询号码 【1779983】，GSD为【""】
2021-07-06 09:06:11 bad
2021-07-06 09:06:14 CHB 1779983?1625533571 第 1 次 等待 1 秒
2021-07-06 09:06:15 CHB 1779983?1625533571 第 1 次 获取到号码【1779983】GSD
2021-07-06 09:06:15 获取到号码【1779983】的GSD为【浙江-杭州】
2021-07-06 09:06:19 GSD insert 第 1 次 等待 1 秒
2021-07-06 09:06:20 {"status":"ok","msg":"添加成功！204601"}
2021-07-06 09:06:20 下次操作: 2021-07-06 09:06:33

2021-07-06 09:06:33 开始第 18 次操作

2021-07-06 09:06:33 开始操作号码 【1779982】
2021-07-06 09:06:37 GSD getOne 第 1 次 等待 1 秒
2021-07-06 09:06:38 查询号码 【1779982】，返回信息 {"status":"bad","msg":""}
2021-07-06 09:06:38 查询号码 【1779982】，GSD为【""】
2021-07-06 09:06:38 bad
2021-07-06 09:06:40 CHB 1779982?1625533598 第 1 次 等待 1 秒
2021-07-06 09:06:41 CHB 1779982?1625533598 第 1 次 获取到号码【1779982】GSD
2021-07-06 09:06:41 获取到号码【1779982】的GSD为【浙江-杭州】
2021-07-06 09:06:45 GSD insert 第 1 次 等待 1 秒
2021-07-06 09:06:46 {"status":"ok","msg":"添加成功！204603"}
2021-07-06 09:06:46 下次操作: 2021-07-06 09:06:52

2021-07-06 09:06:52 开始第 19 次操作

2021-07-06 09:06:52 开始操作号码 【1779981】
2021-07-06 09:06:56 GSD getOne 第 1 次 等待 1 秒
2021-07-06 09:06:57 查询号码 【1779981】，返回信息 {"status":"bad","msg":""}
2021-07-06 09:06:57 查询号码 【1779981】，GSD为【""】
2021-07-06 09:06:57 bad
2021-07-06 09:06:58 CHB 1779981?1625533617 第 1 次 等待 1 秒
2021-07-06 09:06:59 CHB 1779981?1625533617 第 1 次 获取到号码【1779981】GSD
2021-07-06 09:06:59 获取到号码【1779981】的GSD为【浙江-杭州】
2021-07-06 09:07:03 GSD insert 第 1 次 等待 1 秒
2021-07-06 09:07:04 {"status":"ok","msg":"添加成功！204605"}
2021-07-06 09:07:04 下次操作: 2021-07-06 09:07:15

2021-07-06 09:07:15 开始第 20 次操作

2021-07-06 09:07:15 开始操作号码 【1779980】
2021-07-06 09:07:19 GSD getOne 第 1 次 等待 1 秒
2021-07-06 09:07:20 查询号码 【1779980】，返回信息 {"status":"bad","msg":""}
2021-07-06 09:07:20 查询号码 【1779980】，GSD为【""】
2021-07-06 09:07:20 bad
2021-07-06 09:07:23 CHB 1779980?1625533640 第 1 次 等待 1 秒
2021-07-06 09:07:24 CHB 1779980?1625533640 第 1 次 获取到号码【1779980】GSD
2021-07-06 09:07:24 获取到号码【1779980】的GSD为【浙江-杭州】
2021-07-06 09:07:28 GSD insert 第 1 次 等待 1 秒
2021-07-06 09:07:29 {"status":"ok","msg":"添加成功！204607"}
2021-07-06 09:07:29 下次操作: 2021-07-06 09:07:38

2021-07-06 09:07:38 开始第 21 次操作

2021-07-06 09:07:38 开始操作号码 【1779979】
2021-07-06 09:07:43 GSD getOne 第 1 次 等待 1 秒
2021-07-06 09:07:44 查询号码 【1779979】，返回信息 {"status":"bad","msg":""}
2021-07-06 09:07:44 查询号码 【1779979】，GSD为【""】
2021-07-06 09:07:44 bad
2021-07-06 09:07:45 CHB 1779979?1625533664 第 1 次 等待 1 秒
2021-07-06 09:07:46 CHB 1779979?1625533664 第 1 次 获取到号码【1779979】GSD
2021-07-06 09:07:46 获取到号码【1779979】的GSD为【新疆-乌鲁木齐】
2021-07-06 09:07:50 GSD insert 第 1 次 等待 1 秒
2021-07-06 09:07:51 {"status":"ok","msg":"添加成功！204609"}
2021-07-06 09:07:51 下次操作: 2021-07-06 09:08:09

2021-07-06 09:08:09 开始第 22 次操作

2021-07-06 09:08:09 开始操作号码 【1779978】
2021-07-06 09:08:13 GSD getOne 第 1 次 等待 1 秒
2021-07-06 09:08:14 查询号码 【1779978】，返回信息 {"status":"bad","msg":""}
2021-07-06 09:08:14 查询号码 【1779978】，GSD为【""】
2021-07-06 09:08:14 bad
2021-07-06 09:08:16 CHB 1779978?1625533694 第 1 次 等待 1 秒
2021-07-06 09:08:17 CHB 1779978?1625533694 第 1 次 获取到号码【1779978】GSD
2021-07-06 09:08:17 获取到号码【1779978】的GSD为【新疆-乌鲁木齐】
2021-07-06 09:08:21 GSD insert 第 1 次 等待 1 秒
2021-07-06 09:08:22 {"status":"ok","msg":"添加成功！204611"}
2021-07-06 09:08:22 下次操作: 2021-07-06 09:08:29

2021-07-06 09:08:29 开始第 23 次操作

2021-07-06 09:08:29 开始操作号码 【1779977】
2021-07-06 09:08:32 GSD getOne 第 1 次 等待 1 秒
2021-07-06 09:08:33 查询号码 【1779977】，返回信息 {"status":"bad","msg":""}
2021-07-06 09:08:33 查询号码 【1779977】，GSD为【""】
2021-07-06 09:08:33 bad
2021-07-06 09:08:35 CHB 1779977?1625533713 第 1 次 等待 1 秒
2021-07-06 09:08:36 CHB 1779977?1625533713 第 1 次 获取到号码【1779977】GSD
2021-07-06 09:08:36 获取到号码【1779977】的GSD为【新疆-乌鲁木齐】
2021-07-06 09:08:40 GSD insert 第 1 次 等待 1 秒
2021-07-06 09:08:41 {"status":"ok","msg":"添加成功！204612"}
2021-07-06 09:08:41 下次操作: 2021-07-06 09:08:48

2021-07-06 09:08:48 开始第 24 次操作

2021-07-06 09:08:48 开始操作号码 【1779976】
2021-07-06 09:08:53 GSD getOne 第 1 次 等待 1 秒
2021-07-06 09:08:54 查询号码 【1779976】，返回信息 {"status":"bad","msg":""}
2021-07-06 09:08:54 查询号码 【1779976】，GSD为【""】
2021-07-06 09:08:54 bad
2021-07-06 09:08:55 CHB 1779976?1625533734 第 1 次 等待 1 秒
2021-07-06 09:08:56 CHB 1779976?1625533734 第 1 次 获取到号码【1779976】GSD
2021-07-06 09:08:56 未获取到号码【1779976】GSD，查号吧 400 错误
2021-07-06 09:08:56 获取到号码【1779976】的GSD为【-】
2021-07-06 09:09:00 GSD insert 第 1 次 等待 1 秒
2021-07-06 09:09:01 {"status":"ok","msg":"添加成功！204613"}
2021-07-06 09:09:01 下次操作: 2021-07-06 09:09:10

2021-07-06 09:09:10 开始第 25 次操作

2021-07-06 09:09:10 开始操作号码 【1779975】
2021-07-06 09:09:14 GSD getOne 第 1 次 等待 1 秒
2021-07-06 09:09:15 查询号码 【1779975】，返回信息 {"status":"bad","msg":""}
2021-07-06 09:09:15 查询号码 【1779975】，GSD为【""】
2021-07-06 09:09:15 bad
2021-07-06 09:09:16 CHB 1779975?1625533755 第 1 次 等待 1 秒
2021-07-06 09:09:17 CHB 1779975?1625533755 第 1 次 获取到号码【1779975】GSD
2021-07-06 09:09:17 获取到号码【1779975】的GSD为【新疆-乌鲁木齐】
2021-07-06 09:09:21 GSD insert 第 1 次 等待 1 秒
2021-07-06 09:09:22 {"status":"ok","msg":"添加成功！204614"}
2021-07-06 09:09:22 下次操作: 2021-07-06 09:09:35

2021-07-06 09:09:35 开始第 26 次操作

2021-07-06 09:09:35 开始操作号码 【1779974】
2021-07-06 09:09:39 GSD getOne 第 1 次 等待 1 秒
2021-07-06 09:09:40 查询号码 【1779974】，返回信息 {"status":"bad","msg":""}
2021-07-06 09:09:40 查询号码 【1779974】，GSD为【""】
2021-07-06 09:09:40 bad
2021-07-06 09:09:42 CHB 1779974?1625533780 第 1 次 等待 1 秒
2021-07-06 09:09:43 CHB 1779974?1625533780 第 1 次 获取到号码【1779974】GSD
2021-07-06 09:09:43 获取到号码【1779974】的GSD为【新疆-乌鲁木齐】
2021-07-06 09:09:47 GSD insert 第 1 次 等待 1 秒
2021-07-06 09:09:48 {"status":"ok","msg":"添加成功！204615"}
2021-07-06 09:09:48 下次操作: 2021-07-06 09:09:58

2021-07-06 09:09:58 开始第 27 次操作

2021-07-06 09:09:58 开始操作号码 【1779973】
2021-07-06 09:10:02 GSD getOne 第 1 次 等待 1 秒
2021-07-06 09:10:03 查询号码 【1779973】，返回信息 {"status":"bad","msg":""}
2021-07-06 09:10:03 查询号码 【1779973】，GSD为【""】
2021-07-06 09:10:03 bad
2021-07-06 09:10:04 CHB 1779973?1625533803 第 1 次 等待 1 秒
2021-07-06 09:10:05 CHB 1779973?1625533803 第 1 次 获取到号码【1779973】GSD
2021-07-06 09:10:06 获取到号码【1779973】的GSD为【新疆-乌鲁木齐】
2021-07-06 09:10:09 GSD insert 第 1 次 等待 1 秒
2021-07-06 09:10:10 {"status":"ok","msg":"添加成功！204616"}
2021-07-06 09:10:10 下次操作: 2021-07-06 09:10:19

2021-07-06 09:10:19 开始第 28 次操作

2021-07-06 09:10:19 开始操作号码 【1779972】
2021-07-06 09:10:23 GSD getOne 第 1 次 等待 1 秒
2021-07-06 09:10:24 查询号码 【1779972】，返回信息 {"status":"bad","msg":""}
2021-07-06 09:10:24 查询号码 【1779972】，GSD为【""】
2021-07-06 09:10:24 bad
2021-07-06 09:10:26 CHB 1779972?1625533824 第 1 次 等待 1 秒
2021-07-06 09:10:27 CHB 1779972?1625533824 第 1 次 获取到号码【1779972】GSD
2021-07-06 09:10:27 获取到号码【1779972】的GSD为【新疆-乌鲁木齐】
2021-07-06 09:10:31 GSD insert 第 1 次 等待 1 秒
2021-07-06 09:10:32 {"status":"ok","msg":"添加成功！204618"}
2021-07-06 09:10:32 下次操作: 2021-07-06 09:10:50

2021-07-06 09:10:50 开始第 29 次操作

2021-07-06 09:10:50 开始操作号码 【1779971】
2021-07-06 09:10:54 GSD getOne 第 1 次 等待 1 秒
2021-07-06 09:10:55 查询号码 【1779971】，返回信息 {"status":"bad","msg":""}
2021-07-06 09:10:55 查询号码 【1779971】，GSD为【""】
2021-07-06 09:10:55 bad
2021-07-06 09:10:56 CHB 1779971?1625533855 第 1 次 等待 1 秒
2021-07-06 09:10:57 CHB 1779971?1625533855 第 1 次 获取到号码【1779971】GSD
2021-07-06 09:10:58 获取到号码【1779971】的GSD为【新疆-乌鲁木齐】
2021-07-06 09:11:02 GSD insert 第 1 次 等待 1 秒
2021-07-06 09:11:03 {"status":"ok","msg":"添加成功！204620"}
2021-07-06 09:11:03 下次操作: 2021-07-06 09:11:13

2021-07-06 09:11:13 开始第 30 次操作

2021-07-06 09:11:13 开始操作号码 【1779970】
2021-07-06 09:11:16 GSD getOne 第 1 次 等待 1 秒
2021-07-06 09:11:17 查询号码 【1779970】，返回信息 {"status":"bad","msg":""}
2021-07-06 09:11:17 查询号码 【1779970】，GSD为【""】
2021-07-06 09:11:17 bad
2021-07-06 09:11:19 CHB 1779970?1625533877 第 1 次 等待 1 秒
2021-07-06 09:11:20 CHB 1779970?1625533877 第 1 次 获取到号码【1779970】GSD
2021-07-06 09:11:20 获取到号码【1779970】的GSD为【新疆-乌鲁木齐】
2021-07-06 09:11:24 GSD insert 第 1 次 等待 1 秒
2021-07-06 09:11:25 {"status":"ok","msg":"添加成功！204623"}

2021-07-06 09:40:40 开始第 1 次操作

2021-07-06 09:40:40 开始操作号码 【1779969】
2021-07-06 09:40:44 GSD getOne 第 1 次 等待 1 秒
2021-07-06 09:40:45 查询号码 【1779969】，返回信息 {"status":"bad","msg":""}
2021-07-06 09:40:45 查询号码 【1779969】，GSD为【""】
2021-07-06 09:40:45 bad
2021-07-06 09:40:47 CHB 1779969?1625535645 第 1 次 等待 1 秒
2021-07-06 09:40:48 CHB 1779969?1625535645 第 1 次 获取到号码【1779969】GSD
2021-07-06 09:40:48 获取到号码【1779969】的GSD为【新疆-乌鲁木齐】
2021-07-06 09:40:52 GSD insert 第 1 次 等待 1 秒
2021-07-06 09:40:53 {"status":"ok","msg":"添加成功！204678"}
2021-07-06 09:40:53 下次操作: 2021-07-06 09:41:07

2021-07-06 09:41:07 开始第 2 次操作

2021-07-06 09:41:07 开始操作号码 【1779968】
2021-07-06 09:41:11 GSD getOne 第 1 次 等待 1 秒
2021-07-06 09:41:12 查询号码 【1779968】，返回信息 {"status":"bad","msg":""}
2021-07-06 09:41:12 查询号码 【1779968】，GSD为【""】
2021-07-06 09:41:12 bad
2021-07-06 09:41:14 CHB 1779968?1625535672 第 1 次 等待 1 秒
2021-07-06 09:41:15 CHB 1779968?1625535672 第 1 次 获取到号码【1779968】GSD
2021-07-06 09:41:15 获取到号码【1779968】的GSD为【新疆-乌鲁木齐】
2021-07-06 09:41:20 GSD insert 第 1 次 等待 1 秒
2021-07-06 09:41:21 {"status":"ok","msg":"添加成功！204680"}
2021-07-06 09:41:21 下次操作: 2021-07-06 09:41:27

2021-07-06 09:41:27 开始第 3 次操作

2021-07-06 09:41:27 开始操作号码 【1779967】
2021-07-06 09:41:30 GSD getOne 第 1 次 等待 1 秒
2021-07-06 09:41:31 查询号码 【1779967】，返回信息 {"status":"bad","msg":""}
2021-07-06 09:41:32 查询号码 【1779967】，GSD为【""】
2021-07-06 09:41:32 bad
2021-07-06 09:41:33 CHB 1779967?1625535692 第 1 次 等待 1 秒
2021-07-06 09:41:34 CHB 1779967?1625535692 第 1 次 获取到号码【1779967】GSD
2021-07-06 09:41:34 获取到号码【1779967】的GSD为【新疆-乌鲁木齐】
2021-07-06 09:41:38 GSD insert 第 1 次 等待 1 秒
2021-07-06 09:41:39 {"status":"ok","msg":"添加成功！204681"}
2021-07-06 09:41:39 下次操作: 2021-07-06 09:41:50

2021-07-06 09:41:50 开始第 4 次操作

2021-07-06 09:41:50 开始操作号码 【1779966】
2021-07-06 09:41:54 GSD getOne 第 1 次 等待 1 秒
2021-07-06 09:41:55 查询号码 【1779966】，返回信息 {"status":"bad","msg":""}
2021-07-06 09:41:55 查询号码 【1779966】，GSD为【""】
2021-07-06 09:41:55 bad
2021-07-06 09:41:57 CHB 1779966?1625535715 第 1 次 等待 1 秒
2021-07-06 09:41:58 CHB 1779966?1625535715 第 1 次 获取到号码【1779966】GSD
2021-07-06 09:41:58 获取到号码【1779966】的GSD为【新疆-乌鲁木齐】
2021-07-06 09:42:02 GSD insert 第 1 次 等待 1 秒
2021-07-06 09:42:03 {"status":"ok","msg":"添加成功！204685"}
2021-07-06 09:42:03 下次操作: 2021-07-06 09:42:13

2021-07-06 09:42:13 开始第 5 次操作

2021-07-06 09:42:13 开始操作号码 【1779965】
2021-07-06 09:42:17 GSD getOne 第 1 次 等待 1 秒
2021-07-06 09:42:18 查询号码 【1779965】，返回信息 {"status":"bad","msg":""}
2021-07-06 09:42:18 查询号码 【1779965】，GSD为【""】
2021-07-06 09:42:18 bad
2021-07-06 09:42:25 CHB 1779965?1625535738 第 1 次 等待 1 秒
2021-07-06 09:42:26 CHB 1779965?1625535738 第 1 次 获取到号码【1779965】GSD
2021-07-06 09:42:26 获取到号码【1779965】的GSD为【新疆-乌鲁木齐】
2021-07-06 09:42:30 GSD insert 第 1 次 等待 1 秒
2021-07-06 09:42:31 {"status":"ok","msg":"添加成功！204687"}
2021-07-06 09:42:31 下次操作: 2021-07-06 09:42:43

2021-07-06 09:42:43 开始第 6 次操作

2021-07-06 09:42:43 开始操作号码 【1779964】
2021-07-06 09:42:47 GSD getOne 第 1 次 等待 1 秒
2021-07-06 09:42:48 查询号码 【1779964】，返回信息 {"status":"bad","msg":""}
2021-07-06 09:42:48 查询号码 【1779964】，GSD为【""】
2021-07-06 09:42:48 bad
2021-07-06 09:42:50 CHB 1779964?1625535768 第 1 次 等待 1 秒
2021-07-06 09:42:51 CHB 1779964?1625535768 第 1 次 获取到号码【1779964】GSD
2021-07-06 09:42:51 获取到号码【1779964】的GSD为【新疆-乌鲁木齐】
2021-07-06 09:42:54 GSD insert 第 1 次 等待 1 秒
2021-07-06 09:42:55 {"status":"ok","msg":"添加成功！204689"}
2021-07-06 09:42:55 下次操作: 2021-07-06 09:43:05

2021-07-06 09:43:06 开始第 7 次操作

2021-07-06 09:43:06 开始操作号码 【1779963】
2021-07-06 09:43:09 GSD getOne 第 1 次 等待 1 秒
2021-07-06 09:43:10 查询号码 【1779963】，返回信息 {"status":"bad","msg":""}
2021-07-06 09:43:11 查询号码 【1779963】，GSD为【""】
2021-07-06 09:43:11 bad
2021-07-06 09:43:12 CHB 1779963?1625535791 第 1 次 等待 1 秒
2021-07-06 09:43:13 CHB 1779963?1625535791 第 1 次 获取到号码【1779963】GSD
2021-07-06 09:43:13 获取到号码【1779963】的GSD为【新疆-乌鲁木齐】
2021-07-06 09:43:17 GSD insert 第 1 次 等待 1 秒
2021-07-06 09:43:18 {"status":"ok","msg":"添加成功！204691"}
2021-07-06 09:43:18 下次操作: 2021-07-06 09:43:30

2021-07-06 09:43:30 开始第 8 次操作

2021-07-06 09:43:30 开始操作号码 【1779962】
2021-07-06 09:43:34 GSD getOne 第 1 次 等待 1 秒
2021-07-06 09:43:35 查询号码 【1779962】，返回信息 {"status":"bad","msg":""}
2021-07-06 09:43:35 查询号码 【1779962】，GSD为【""】
2021-07-06 09:43:35 bad
2021-07-06 09:43:37 CHB 1779962?1625535815 第 1 次 等待 1 秒
2021-07-06 09:43:38 CHB 1779962?1625535815 第 1 次 获取到号码【1779962】GSD
2021-07-06 09:43:38 获取到号码【1779962】的GSD为【新疆-乌鲁木齐】
2021-07-06 09:43:41 GSD insert 第 1 次 等待 1 秒
2021-07-06 09:43:42 {"status":"ok","msg":"添加成功！204693"}
2021-07-06 09:43:42 下次操作: 2021-07-06 09:43:54

2021-07-06 09:43:54 开始第 9 次操作

2021-07-06 09:43:54 开始操作号码 【1779961】
2021-07-06 09:43:58 GSD getOne 第 1 次 等待 1 秒
2021-07-06 09:43:59 查询号码 【1779961】，返回信息 {"status":"bad","msg":""}
2021-07-06 09:43:59 查询号码 【1779961】，GSD为【""】
2021-07-06 09:43:59 bad
2021-07-06 09:44:01 CHB 1779961?1625535839 第 1 次 等待 1 秒
2021-07-06 09:44:02 CHB 1779961?1625535839 第 1 次 获取到号码【1779961】GSD
2021-07-06 09:44:03 获取到号码【1779961】的GSD为【新疆-乌鲁木齐】
2021-07-06 09:44:06 GSD insert 第 1 次 等待 1 秒
2021-07-06 09:44:07 {"status":"ok","msg":"添加成功！204695"}
2021-07-06 09:44:07 下次操作: 2021-07-06 09:44:24

2021-07-06 09:44:24 开始第 10 次操作

2021-07-06 09:44:24 开始操作号码 【1779960】
2021-07-06 09:44:28 GSD getOne 第 1 次 等待 1 秒
2021-07-06 09:44:29 查询号码 【1779960】，返回信息 {"status":"bad","msg":""}
2021-07-06 09:44:29 查询号码 【1779960】，GSD为【""】
2021-07-06 09:44:29 bad
2021-07-06 09:44:32 CHB 1779960?1625535869 第 1 次 等待 1 秒
2021-07-06 09:44:33 CHB 1779960?1625535869 第 1 次 获取到号码【1779960】GSD
2021-07-06 09:44:33 获取到号码【1779960】的GSD为【新疆-乌鲁木齐】
2021-07-06 09:44:36 GSD insert 第 1 次 等待 1 秒
2021-07-06 09:44:37 {"status":"ok","msg":"添加成功！204697"}
2021-07-06 09:44:37 下次操作: 2021-07-06 09:44:45

2021-07-06 09:44:45 开始第 11 次操作

2021-07-06 09:44:45 开始操作号码 【1779959】
2021-07-06 09:44:49 GSD getOne 第 1 次 等待 1 秒
2021-07-06 09:44:50 查询号码 【1779959】，返回信息 {"status":"bad","msg":""}
2021-07-06 09:44:50 查询号码 【1779959】，GSD为【""】
2021-07-06 09:44:50 bad
2021-07-06 09:44:58 CHB 1779959?1625535890 第 1 次 等待 1 秒
2021-07-06 09:44:59 CHB 1779959?1625535890 第 1 次 获取到号码【1779959】GSD
2021-07-06 09:44:59 获取到号码【1779959】的GSD为【新疆-昌吉】
2021-07-06 09:45:02 GSD insert 第 1 次 等待 1 秒
2021-07-06 09:45:04 {"status":"ok","msg":"添加成功！204699"}
2021-07-06 09:45:04 下次操作: 2021-07-06 09:45:13

2021-07-06 09:45:13 开始第 12 次操作

2021-07-06 09:45:13 开始操作号码 【1779958】
2021-07-06 09:45:16 GSD getOne 第 1 次 等待 1 秒
2021-07-06 09:45:17 查询号码 【1779958】，返回信息 {"status":"bad","msg":""}
2021-07-06 09:45:17 查询号码 【1779958】，GSD为【""】
2021-07-06 09:45:17 bad
2021-07-06 09:45:19 CHB 1779958?1625535917 第 1 次 等待 1 秒
2021-07-06 09:45:20 CHB 1779958?1625535917 第 1 次 获取到号码【1779958】GSD
2021-07-06 09:45:20 获取到号码【1779958】的GSD为【新疆-昌吉】
2021-07-06 09:45:24 GSD insert 第 1 次 等待 1 秒
2021-07-06 09:45:25 {"status":"ok","msg":"添加成功！204700"}
2021-07-06 09:45:25 下次操作: 2021-07-06 09:45:33

2021-07-06 09:45:33 开始第 13 次操作

2021-07-06 09:45:33 开始操作号码 【1779957】
2021-07-06 09:45:37 GSD getOne 第 1 次 等待 1 秒
2021-07-06 09:45:38 查询号码 【1779957】，返回信息 {"status":"bad","msg":""}
2021-07-06 09:45:38 查询号码 【1779957】，GSD为【""】
2021-07-06 09:45:38 bad
2021-07-06 09:45:40 CHB 1779957?1625535938 第 1 次 等待 1 秒
2021-07-06 09:45:41 CHB 1779957?1625535938 第 1 次 获取到号码【1779957】GSD
2021-07-06 09:45:41 获取到号码【1779957】的GSD为【新疆-喀什】
2021-07-06 09:45:45 GSD insert 第 1 次 等待 1 秒
2021-07-06 09:45:46 {"status":"ok","msg":"添加成功！204702"}
2021-07-06 09:45:46 下次操作: 2021-07-06 09:45:52

2021-07-06 09:45:52 开始第 14 次操作

2021-07-06 09:45:52 开始操作号码 【1779956】
2021-07-06 09:45:56 GSD getOne 第 1 次 等待 1 秒
2021-07-06 09:45:57 查询号码 【1779956】，返回信息 {"status":"bad","msg":""}
2021-07-06 09:45:57 查询号码 【1779956】，GSD为【""】
2021-07-06 09:45:57 bad
2021-07-06 09:45:59 CHB 1779956?1625535957 第 1 次 等待 1 秒
2021-07-06 09:46:00 CHB 1779956?1625535957 第 1 次 获取到号码【1779956】GSD
2021-07-06 09:46:00 获取到号码【1779956】的GSD为【新疆-喀什】
2021-07-06 09:46:04 GSD insert 第 1 次 等待 1 秒
2021-07-06 09:46:05 {"status":"ok","msg":"添加成功！204704"}
2021-07-06 09:46:05 下次操作: 2021-07-06 09:46:16

2021-07-06 09:46:16 开始第 15 次操作

2021-07-06 09:46:16 开始操作号码 【1779955】
2021-07-06 09:46:20 GSD getOne 第 1 次 等待 1 秒
2021-07-06 09:46:21 查询号码 【1779955】，返回信息 {"status":"bad","msg":""}
2021-07-06 09:46:21 查询号码 【1779955】，GSD为【""】
2021-07-06 09:46:21 bad
2021-07-06 09:46:23 CHB 1779955?1625535981 第 1 次 等待 1 秒
2021-07-06 09:46:24 CHB 1779955?1625535981 第 1 次 获取到号码【1779955】GSD
2021-07-06 09:46:24 获取到号码【1779955】的GSD为【新疆-喀什】
2021-07-06 09:46:28 GSD insert 第 1 次 等待 1 秒
2021-07-06 09:46:29 {"status":"ok","msg":"添加成功！204706"}
2021-07-06 09:46:29 下次操作: 2021-07-06 09:46:46

2021-07-06 09:46:46 开始第 16 次操作

2021-07-06 09:46:46 开始操作号码 【1779954】
2021-07-06 09:46:50 GSD getOne 第 1 次 等待 1 秒
2021-07-06 09:46:51 查询号码 【1779954】，返回信息 {"status":"bad","msg":""}
2021-07-06 09:46:51 查询号码 【1779954】，GSD为【""】
2021-07-06 09:46:51 bad
2021-07-06 09:46:52 CHB 1779954?1625536011 第 1 次 等待 1 秒
2021-07-06 09:46:53 CHB 1779954?1625536011 第 1 次 获取到号码【1779954】GSD
2021-07-06 09:46:53 获取到号码【1779954】的GSD为【新疆-喀什】
2021-07-06 09:46:57 GSD insert 第 1 次 等待 1 秒
2021-07-06 09:46:58 {"status":"ok","msg":"添加成功！204710"}
2021-07-06 09:46:58 下次操作: 2021-07-06 09:47:08

2021-07-06 09:47:08 开始第 17 次操作

2021-07-06 09:47:08 开始操作号码 【1779953】
2021-07-06 09:47:12 GSD getOne 第 1 次 等待 1 秒
2021-07-06 09:47:13 查询号码 【1779953】，返回信息 {"status":"bad","msg":""}
2021-07-06 09:47:13 查询号码 【1779953】，GSD为【""】
2021-07-06 09:47:13 bad
2021-07-06 09:47:15 CHB 1779953?1625536033 第 1 次 等待 1 秒
2021-07-06 09:47:16 CHB 1779953?1625536033 第 1 次 获取到号码【1779953】GSD
2021-07-06 09:47:16 获取到号码【1779953】的GSD为【新疆-阿克苏】
2021-07-06 09:47:20 GSD insert 第 1 次 等待 1 秒
2021-07-06 09:47:21 {"status":"ok","msg":"添加成功！204712"}
2021-07-06 09:47:21 下次操作: 2021-07-06 09:47:29

2021-07-06 09:47:29 开始第 18 次操作

2021-07-06 09:47:29 开始操作号码 【1779952】
2021-07-06 09:47:33 GSD getOne 第 1 次 等待 1 秒
2021-07-06 09:47:34 查询号码 【1779952】，返回信息 {"status":"bad","msg":""}
2021-07-06 09:47:34 查询号码 【1779952】，GSD为【""】
2021-07-06 09:47:34 bad
2021-07-06 09:47:36 CHB 1779952?1625536054 第 1 次 等待 1 秒
2021-07-06 09:47:37 CHB 1779952?1625536054 第 1 次 获取到号码【1779952】GSD
2021-07-06 09:47:37 获取到号码【1779952】的GSD为【新疆-阿克苏】
2021-07-06 09:47:41 GSD insert 第 1 次 等待 1 秒
2021-07-06 09:47:42 {"status":"ok","msg":"添加成功！204715"}
2021-07-06 09:47:42 下次操作: 2021-07-06 09:47:56

2021-07-06 09:47:56 开始第 19 次操作

2021-07-06 09:47:56 开始操作号码 【1779951】
2021-07-06 09:48:00 GSD getOne 第 1 次 等待 1 秒
2021-07-06 09:48:01 查询号码 【1779951】，返回信息 {"status":"ok","msg":"新疆-库尔勒","time_insert":"2019-01-05 15:12","time_update":"2020-12-22 11:42"}
2021-07-06 09:48:01 查询号码 【1779951】，GSD为【"新疆-库尔勒"】

2021-07-06 09:48:01 开始第 19 次操作

2021-07-06 09:48:01 开始操作号码 【1779950】
2021-07-06 09:48:05 GSD getOne 第 1 次 等待 1 秒
2021-07-06 09:48:06 查询号码 【1779950】，返回信息 {"status":"bad","msg":""}
2021-07-06 09:48:06 查询号码 【1779950】，GSD为【""】
2021-07-06 09:48:06 bad
2021-07-06 09:48:08 CHB 1779950?1625536086 第 1 次 等待 1 秒
2021-07-06 09:48:09 CHB 1779950?1625536086 第 1 次 获取到号码【1779950】GSD
2021-07-06 09:48:09 获取到号码【1779950】的GSD为【新疆-库尔勒】
2021-07-06 09:48:12 GSD insert 第 1 次 等待 1 秒
2021-07-06 09:48:13 {"status":"ok","msg":"添加成功！204717"}
2021-07-06 09:48:13 下次操作: 2021-07-06 09:48:24

2021-07-06 09:48:24 开始第 20 次操作

2021-07-06 09:48:24 开始操作号码 【1779949】
2021-07-06 09:48:28 GSD getOne 第 1 次 等待 1 秒
2021-07-06 09:48:29 查询号码 【1779949】，返回信息 {"status":"bad","msg":""}
2021-07-06 09:48:29 查询号码 【1779949】，GSD为【""】
2021-07-06 09:48:29 bad
2021-07-06 09:48:31 CHB 1779949?1625536109 第 1 次 等待 1 秒
2021-07-06 09:48:32 CHB 1779949?1625536109 第 1 次 获取到号码【1779949】GSD
2021-07-06 09:48:32 获取到号码【1779949】的GSD为【新疆-伊犁】
2021-07-06 09:48:36 GSD insert 第 1 次 等待 1 秒
2021-07-06 09:48:37 {"status":"ok","msg":"添加成功！204719"}
2021-07-06 09:48:37 下次操作: 2021-07-06 09:48:43

2021-07-06 09:48:43 开始第 21 次操作

2021-07-06 09:48:43 开始操作号码 【1779948】
2021-07-06 09:48:47 GSD getOne 第 1 次 等待 1 秒
2021-07-06 09:48:48 查询号码 【1779948】，返回信息 {"status":"bad","msg":""}
2021-07-06 09:48:48 查询号码 【1779948】，GSD为【""】
2021-07-06 09:48:48 bad
2021-07-06 09:48:50 CHB 1779948?1625536128 第 1 次 等待 1 秒
2021-07-06 09:48:51 CHB 1779948?1625536128 第 1 次 获取到号码【1779948】GSD
2021-07-06 09:48:51 获取到号码【1779948】的GSD为【新疆-喀什】
2021-07-06 09:48:55 GSD insert 第 1 次 等待 1 秒
2021-07-06 09:48:56 {"status":"ok","msg":"添加成功！204720"}
2021-07-06 09:48:56 下次操作: 2021-07-06 09:49:07

2021-07-06 09:49:07 开始第 22 次操作

2021-07-06 09:49:07 开始操作号码 【1779947】
2021-07-06 09:49:12 GSD getOne 第 1 次 等待 1 秒
2021-07-06 09:49:13 查询号码 【1779947】，返回信息 {"status":"bad","msg":""}
2021-07-06 09:49:13 查询号码 【1779947】，GSD为【""】
2021-07-06 09:49:13 bad
2021-07-06 09:49:15 CHB 1779947?1625536153 第 1 次 等待 1 秒
2021-07-06 09:49:16 CHB 1779947?1625536153 第 1 次 获取到号码【1779947】GSD
2021-07-06 09:49:16 获取到号码【1779947】的GSD为【新疆-阿克苏】
2021-07-06 09:49:20 GSD insert 第 1 次 等待 1 秒
2021-07-06 09:49:21 {"status":"ok","msg":"添加成功！204723"}
2021-07-06 09:49:21 下次操作: 2021-07-06 09:49:31

2021-07-06 09:49:31 开始第 23 次操作

2021-07-06 09:49:31 开始操作号码 【1779946】
2021-07-06 09:49:35 GSD getOne 第 1 次 等待 1 秒
2021-07-06 09:49:36 查询号码 【1779946】，返回信息 {"status":"bad","msg":""}
2021-07-06 09:49:36 查询号码 【1779946】，GSD为【""】
2021-07-06 09:49:36 bad
2021-07-06 09:49:37 CHB 1779946?1625536176 第 1 次 等待 1 秒
2021-07-06 09:49:38 CHB 1779946?1625536176 第 1 次 获取到号码【1779946】GSD
2021-07-06 09:49:38 未获取到号码【1779946】GSD，查号吧 400 错误
2021-07-06 09:49:38 获取到号码【1779946】的GSD为【-】
2021-07-06 09:49:42 GSD insert 第 1 次 等待 1 秒
2021-07-06 09:49:43 {"status":"ok","msg":"添加成功！204727"}
2021-07-06 09:49:43 下次操作: 2021-07-06 09:49:57

2021-07-06 09:49:57 开始第 24 次操作

2021-07-06 09:49:57 开始操作号码 【1779945】
2021-07-06 09:50:01 GSD getOne 第 1 次 等待 1 秒
2021-07-06 09:50:02 查询号码 【1779945】，返回信息 {"status":"bad","msg":""}
2021-07-06 09:50:02 查询号码 【1779945】，GSD为【""】
2021-07-06 09:50:02 bad
2021-07-06 09:50:03 CHB 1779945?1625536202 第 1 次 等待 1 秒
2021-07-06 09:50:04 CHB 1779945?1625536202 第 1 次 获取到号码【1779945】GSD
2021-07-06 09:50:04 获取到号码【1779945】的GSD为【新疆-库尔勒】
2021-07-06 09:50:08 GSD insert 第 1 次 等待 1 秒
2021-07-06 09:50:09 {"status":"ok","msg":"添加成功！204728"}
2021-07-06 09:50:09 下次操作: 2021-07-06 09:50:24

2021-07-06 09:50:24 开始第 25 次操作

2021-07-06 09:50:24 开始操作号码 【1779944】
2021-07-06 09:50:28 GSD getOne 第 1 次 等待 1 秒
2021-07-06 09:50:29 查询号码 【1779944】，返回信息 {"status":"bad","msg":""}
2021-07-06 09:50:29 查询号码 【1779944】，GSD为【""】
2021-07-06 09:50:29 bad
2021-07-06 09:50:31 CHB 1779944?1625536229 第 1 次 等待 1 秒
2021-07-06 09:50:32 CHB 1779944?1625536229 第 1 次 获取到号码【1779944】GSD
2021-07-06 09:50:32 获取到号码【1779944】的GSD为【新疆-库尔勒】
2021-07-06 09:50:36 GSD insert 第 1 次 等待 1 秒
2021-07-06 09:50:37 {"status":"ok","msg":"添加成功！204731"}
2021-07-06 09:50:37 下次操作: 2021-07-06 09:50:46

2021-07-06 09:50:46 开始第 26 次操作

2021-07-06 09:50:46 开始操作号码 【1779943】
2021-07-06 09:50:50 GSD getOne 第 1 次 等待 1 秒
2021-07-06 09:50:51 查询号码 【1779943】，返回信息 {"status":"bad","msg":""}
2021-07-06 09:50:51 查询号码 【1779943】，GSD为【""】
2021-07-06 09:50:51 bad
2021-07-06 09:50:54 CHB 1779943?1625536251 第 1 次 等待 1 秒
2021-07-06 09:50:55 CHB 1779943?1625536251 第 1 次 获取到号码【1779943】GSD
2021-07-06 09:50:55 获取到号码【1779943】的GSD为【新疆-石河子】
2021-07-06 09:50:59 GSD insert 第 1 次 等待 1 秒
2021-07-06 09:51:00 {"status":"ok","msg":"添加成功！204733"}
2021-07-06 09:51:00 下次操作: 2021-07-06 09:51:15

2021-07-06 09:51:15 开始第 27 次操作

2021-07-06 09:51:15 开始操作号码 【1779942】
2021-07-06 09:51:18 GSD getOne 第 1 次 等待 1 秒
2021-07-06 09:51:19 查询号码 【1779942】，返回信息 {"status":"bad","msg":""}
2021-07-06 09:51:20 查询号码 【1779942】，GSD为【""】
2021-07-06 09:51:20 bad
2021-07-06 09:51:21 CHB 1779942?1625536280 第 1 次 等待 1 秒
2021-07-06 09:51:22 CHB 1779942?1625536280 第 1 次 获取到号码【1779942】GSD
2021-07-06 09:51:22 获取到号码【1779942】的GSD为【新疆-奎屯】
2021-07-06 09:51:26 GSD insert 第 1 次 等待 1 秒
2021-07-06 09:51:27 {"status":"ok","msg":"添加成功！204735"}
2021-07-06 09:51:27 下次操作: 2021-07-06 09:51:40

2021-07-06 09:51:40 开始第 28 次操作

2021-07-06 09:51:40 开始操作号码 【1779941】
2021-07-06 09:51:44 GSD getOne 第 1 次 等待 1 秒
2021-07-06 09:51:45 查询号码 【1779941】，返回信息 {"status":"bad","msg":""}
2021-07-06 09:51:45 查询号码 【1779941】，GSD为【""】
2021-07-06 09:51:45 bad
2021-07-06 09:51:47 CHB 1779941?1625536305 第 1 次 等待 1 秒
2021-07-06 09:51:48 CHB 1779941?1625536305 第 1 次 获取到号码【1779941】GSD
2021-07-06 09:51:48 获取到号码【1779941】的GSD为【新疆-昌吉】
2021-07-06 09:51:52 GSD insert 第 1 次 等待 1 秒
2021-07-06 09:51:53 {"status":"ok","msg":"添加成功！204737"}
2021-07-06 09:51:53 下次操作: 2021-07-06 09:52:07

2021-07-06 09:52:07 开始第 29 次操作

2021-07-06 09:52:07 开始操作号码 【1779940】
2021-07-06 09:52:12 GSD getOne 第 1 次 等待 1 秒
2021-07-06 09:52:13 查询号码 【1779940】，返回信息 {"status":"bad","msg":""}
2021-07-06 09:52:13 查询号码 【1779940】，GSD为【""】
2021-07-06 09:52:13 bad
2021-07-06 09:52:14 CHB 1779940?1625536333 第 1 次 等待 1 秒
2021-07-06 09:52:15 CHB 1779940?1625536333 第 1 次 获取到号码【1779940】GSD
2021-07-06 09:52:15 获取到号码【1779940】的GSD为【新疆-昌吉】
2021-07-06 09:52:19 GSD insert 第 1 次 等待 1 秒
2021-07-06 09:52:20 {"status":"ok","msg":"添加成功！204742"}
2021-07-06 09:52:20 下次操作: 2021-07-06 09:52:28

2021-07-06 09:52:28 开始第 30 次操作

2021-07-06 09:52:28 开始操作号码 【1779939】
2021-07-06 09:52:32 GSD getOne 第 1 次 等待 1 秒
2021-07-06 09:52:33 查询号码 【1779939】，返回信息 {"status":"bad","msg":""}
2021-07-06 09:52:33 查询号码 【1779939】，GSD为【""】
2021-07-06 09:52:33 bad
2021-07-06 09:52:35 CHB 1779939?1625536353 第 1 次 等待 1 秒
2021-07-06 09:52:36 CHB 1779939?1625536353 第 1 次 获取到号码【1779939】GSD
2021-07-06 09:52:36 获取到号码【1779939】的GSD为【新疆-伊犁】
2021-07-06 09:52:40 GSD insert 第 1 次 等待 1 秒
2021-07-06 09:52:41 {"status":"ok","msg":"添加成功！204744"}

