2024-01-19 00:22:30 开始第 9381 次操作

2024-01-19 00:22:30 开始操作号码 【1859300】
2024-01-19 00:22:34 GSD getOne 第 1 次 等待 3 秒
2024-01-19 00:22:37 查询号码 【1859300】，返回信息 {"status":"ok","msg":"甘肃-武威","gid":"410741","time_insert":"2021-07-27 07:37"}
2024-01-19 00:22:37 查询号码 【1859300】，GSD为【"甘肃-武威"】

2024-01-19 00:22:38 开始第 9382 次操作

2024-01-19 00:22:38 开始操作号码 【1859301】
2024-01-19 00:22:42 GSD getOne 第 1 次 等待 3 秒
2024-01-19 00:22:45 查询号码 【1859301】，返回信息 {"status":"ok","msg":"甘肃-金昌","gid":"410575","time_insert":"2021-07-27 07:02"}
2024-01-19 00:22:45 查询号码 【1859301】，GSD为【"甘肃-金昌"】

2024-01-19 00:22:46 开始第 9383 次操作

2024-01-19 00:22:46 开始操作号码 【1859302】
2024-01-19 00:22:50 GSD getOne 第 1 次 等待 3 秒
2024-01-19 00:22:53 查询号码 【1859302】，返回信息 {"status":"ok","msg":"甘肃-张掖","gid":"410567","time_insert":"2021-07-27 07:02"}
2024-01-19 00:22:53 查询号码 【1859302】，GSD为【"甘肃-张掖"】

2024-01-19 00:22:54 开始第 9384 次操作

2024-01-19 00:22:54 开始操作号码 【1859303】
2024-01-19 00:22:59 GSD getOne 第 1 次 等待 3 秒
2024-01-19 00:23:02 查询号码 【1859303】，返回信息 {"status":"ok","msg":"甘肃-酒泉","gid":"40348","time_insert":"2015-12-29 11:49","time_update":"2021-06-18 14:17"}
2024-01-19 00:23:02 查询号码 【1859303】，GSD为【"甘肃-酒泉"】

