2024-01-14 00:20:59 开始第 8501 次操作

2024-01-14 00:20:59 开始操作号码 【1858420】
2024-01-14 00:21:02 GSD getOne 第 1 次 等待 3 秒
2024-01-14 00:21:05 查询号码 【1858420】，返回信息 {"status":"ok","msg":"四川-达州","gid":"420715","time_insert":"2021-07-28 03:54"}
2024-01-14 00:21:05 查询号码 【1858420】，GSD为【"四川-达州"】

2024-01-14 00:21:06 开始第 8502 次操作

2024-01-14 00:21:06 开始操作号码 【1858421】
2024-01-14 00:21:09 GSD getOne 第 1 次 等待 3 秒
2024-01-14 00:21:12 查询号码 【1858421】，返回信息 {"status":"ok","msg":"四川-南充","gid":"40268","time_insert":"2014-04-02 21:22","time_update":"2020-11-11 01:40"}
2024-01-14 00:21:12 查询号码 【1858421】，GSD为【"四川-南充"】

2024-01-14 00:21:13 开始第 8503 次操作

2024-01-14 00:21:13 开始操作号码 【1858422】
2024-01-14 00:21:16 GSD getOne 第 1 次 等待 3 秒
2024-01-14 00:21:19 查询号码 【1858422】，返回信息 {"status":"ok","msg":"四川-南充","gid":"420696","time_insert":"2021-07-28 03:53"}
2024-01-14 00:21:19 查询号码 【1858422】，GSD为【"四川-南充"】

2024-01-14 00:21:21 开始第 8504 次操作

2024-01-14 00:21:21 开始操作号码 【1858423】
2024-01-14 00:21:26 GSD getOne 第 1 次 等待 3 秒
2024-01-14 00:21:29 查询号码 【1858423】，返回信息 {"status":"ok","msg":"四川-南充","gid":"420680","time_insert":"2021-07-28 03:52"}
2024-01-14 00:21:29 查询号码 【1858423】，GSD为【"四川-南充"】

2024-01-14 00:40:06 开始第 8505 次操作

2024-01-14 00:40:06 开始操作号码 【1858424】
2024-01-14 00:40:10 GSD getOne 第 1 次 等待 3 秒
2024-01-14 00:40:13 查询号码 【1858424】，返回信息 {"status":"ok","msg":"四川-南充","gid":"420665","time_insert":"2021-07-28 03:52"}
2024-01-14 00:40:13 查询号码 【1858424】，GSD为【"四川-南充"】

2024-01-14 00:40:14 开始第 8506 次操作

2024-01-14 00:40:14 开始操作号码 【1858425】
2024-01-14 00:40:21 GSD getOne 第 1 次 等待 3 秒
2024-01-14 00:40:24 查询号码 【1858425】，返回信息 {"status":"ok","msg":"四川-自贡","gid":"420651","time_insert":"2021-07-28 03:51"}
2024-01-14 00:40:24 查询号码 【1858425】，GSD为【"四川-自贡"】

2024-01-14 00:40:25 开始第 8507 次操作

2024-01-14 00:40:25 开始操作号码 【1858426】
2024-01-14 00:40:30 GSD getOne 第 1 次 等待 3 秒
2024-01-14 00:40:33 查询号码 【1858426】，返回信息 {"status":"ok","msg":"四川-广元","gid":"420635","time_insert":"2021-07-28 03:50"}
2024-01-14 00:40:33 查询号码 【1858426】，GSD为【"四川-广元"】

2024-01-14 00:40:34 开始第 8508 次操作

2024-01-14 00:40:34 开始操作号码 【1858427】
2024-01-14 00:40:39 GSD getOne 第 1 次 等待 3 秒
2024-01-14 00:40:42 查询号码 【1858427】，返回信息 {"status":"ok","msg":"四川-攀枝花","gid":"420623","time_insert":"2021-07-28 03:49"}
2024-01-14 00:40:42 查询号码 【1858427】，GSD为【"四川-攀枝花"】

2024-01-14 01:14:12 开始第 8509 次操作

2024-01-14 01:14:12 开始操作号码 【1858428】
2024-01-14 01:14:20 GSD getOne 第 1 次 等待 3 秒
2024-01-14 01:14:23 查询号码 【1858428】，返回信息 {"status":"ok","msg":"四川-攀枝花","gid":"40269","time_insert":"2018-07-19 10:20","time_update":"2020-11-11 01:44"}
2024-01-14 01:14:23 查询号码 【1858428】，GSD为【"四川-攀枝花"】

2024-01-14 01:14:24 开始第 8510 次操作

2024-01-14 01:14:24 开始操作号码 【1858429】
2024-01-14 01:14:27 GSD getOne 第 1 次 等待 3 秒
2024-01-14 01:14:30 查询号码 【1858429】，返回信息 {"status":"ok","msg":"四川-南充","gid":"40270","time_insert":"2019-11-15 11:24","time_update":"2020-11-11 01:49"}
2024-01-14 01:14:30 查询号码 【1858429】，GSD为【"四川-南充"】

2024-01-14 01:14:31 开始第 8511 次操作

2024-01-14 01:14:31 开始操作号码 【1858430】
2024-01-14 01:14:43 GSD getOne 第 1 次 等待 3 秒
2024-01-14 01:14:46 查询号码 【1858430】，返回信息 {"status":"ok","msg":"吉林-长春","gid":"420594","time_insert":"2021-07-28 03:47"}
2024-01-14 01:14:46 查询号码 【1858430】，GSD为【"吉林-长春"】

2024-01-14 01:14:47 开始第 8512 次操作

2024-01-14 01:14:47 开始操作号码 【1858431】
2024-01-14 01:14:50 GSD getOne 第 1 次 等待 3 秒
2024-01-14 01:14:53 查询号码 【1858431】，返回信息 {"status":"ok","msg":"吉林-长春","gid":"420578","time_insert":"2021-07-28 03:47"}
2024-01-14 01:14:53 查询号码 【1858431】，GSD为【"吉林-长春"】

