2024-04-23 00:21:16 开始第 4957 次操作

2024-04-23 00:21:16 开始操作号码 【1634875】
2024-04-23 00:21:29 GSD getOne 第 1 次 等待 3 秒
2024-04-23 00:21:32 查询号码 【1634875】，返回信息 {"status":"ok","msg":"-","gid":"621729","time_insert":"2023-03-29 13:57"}
2024-04-23 00:21:32 查询号码 【1634875】，GSD为【"-"】
2024-04-23 00:21:32 ok && -
2024-04-23 00:21:34 CHB 1634875?1713802892 第 1 次 等待 3 秒
2024-04-23 00:21:37 CHB 1634875?1713802892 第 1 次 获取到号码【1634875】GSD
2024-04-23 00:21:37 未获取到号码【1634875】GSD，可能号码格式错误
2024-04-23 00:21:37 获取到号码【1634875】的GSD为【-】
2024-04-23 00:21:45 GSD insert 第 1 次 等待 3 秒
2024-04-23 00:21:48 {"status":"bad","gid":"621729","msg":"添加失败！号码【1634875(-|-)】已存在！"}
2024-04-23 00:21:48 随机等待 128 秒，约 2 分钟
2024-04-23 00:21:48 下次操作: 2024-04-23 00:23:56

2024-04-23 00:23:56 开始第 4958 次操作

2024-04-23 00:23:56 开始操作号码 【1634876】
2024-04-23 00:24:04 GSD getOne 第 1 次 等待 3 秒
2024-04-23 00:24:07 查询号码 【1634876】，返回信息 {"status":"ok","msg":"-","gid":"621744","time_insert":"2023-03-29 14:07"}
2024-04-23 00:24:07 查询号码 【1634876】，GSD为【"-"】
2024-04-23 00:24:07 ok && -
2024-04-23 00:24:09 CHB 1634876?1713803047 第 1 次 等待 3 秒
2024-04-23 00:24:12 CHB 1634876?1713803047 第 1 次 获取到号码【1634876】GSD
2024-04-23 00:24:12 未获取到号码【1634876】GSD，可能号码格式错误
2024-04-23 00:24:12 获取到号码【1634876】的GSD为【-】
2024-04-23 00:24:19 GSD insert 第 1 次 等待 3 秒
2024-04-23 00:24:22 {"status":"bad","gid":"621744","msg":"添加失败！号码【1634876(-|-)】已存在！"}
2024-04-23 00:24:22 随机等待 227 秒，约 3 分钟
2024-04-23 00:24:22 下次操作: 2024-04-23 00:28:09

2024-04-23 00:28:09 开始第 4959 次操作

2024-04-23 00:28:09 开始操作号码 【1634877】
2024-04-23 00:28:15 GSD getOne 第 1 次 等待 3 秒
2024-04-23 00:28:18 查询号码 【1634877】，返回信息 {"status":"ok","msg":"-","gid":"621758","time_insert":"2023-03-29 14:18"}
2024-04-23 00:28:18 查询号码 【1634877】，GSD为【"-"】
2024-04-23 00:28:18 ok && -
2024-04-23 00:28:20 CHB 1634877?1713803298 第 1 次 等待 3 秒
2024-04-23 00:28:23 CHB 1634877?1713803298 第 1 次 获取到号码【1634877】GSD
2024-04-23 00:28:23 未获取到号码【1634877】GSD，可能号码格式错误
2024-04-23 00:28:23 获取到号码【1634877】的GSD为【-】
2024-04-23 00:28:33 GSD insert 第 1 次 等待 3 秒
2024-04-23 00:28:36 {"status":"bad","gid":"621758","msg":"添加失败！号码【1634877(-|-)】已存在！"}
2024-04-23 00:28:37 随机等待 123 秒，约 2 分钟
2024-04-23 00:28:37 下次操作: 2024-04-23 00:30:39

2024-04-23 00:30:40 开始第 4960 次操作

2024-04-23 00:30:40 开始操作号码 【1634878】
2024-04-23 00:30:44 GSD getOne 第 1 次 等待 3 秒
2024-04-23 00:30:47 查询号码 【1634878】，返回信息 {"status":"ok","msg":"-","gid":"621771","time_insert":"2023-03-29 14:26"}
2024-04-23 00:30:47 查询号码 【1634878】，GSD为【"-"】
2024-04-23 00:30:47 ok && -
2024-04-23 00:30:49 CHB 1634878?1713803447 第 1 次 等待 3 秒
2024-04-23 00:30:52 CHB 1634878?1713803447 第 1 次 获取到号码【1634878】GSD
2024-04-23 00:30:53 未获取到号码【1634878】GSD，可能号码格式错误
2024-04-23 00:30:53 获取到号码【1634878】的GSD为【-】
2024-04-23 00:30:57 GSD insert 第 1 次 等待 3 秒
2024-04-23 00:31:00 {"status":"bad","gid":"621771","msg":"添加失败！号码【1634878(-|-)】已存在！"}

