2024-09-19 00:13:23 开始第 5401 次操作

2024-09-19 00:13:23 开始操作号码 【1415398】
2024-09-19 00:13:32 GSD getOne 第 1 次 等待 3 秒
2024-09-19 00:13:35 查询号码 【1415398】，返回信息 {"status":"ok","msg":"-","gid":"632821","time_insert":"2023-04-03 23:58"}
2024-09-19 00:13:35 查询号码 【1415398】，GSD为【"-"】
2024-09-19 00:13:35 ok && -
2024-09-19 00:13:38 CHB 1415398?1726676015 第 1 次 等待 3 秒
2024-09-19 00:13:41 CHB 1415398?1726676015 第 1 次 获取到号码【1415398】GSD
2024-09-19 00:13:41 未获取到号码【1415398】GSD，可能号码格式错误
2024-09-19 00:13:41 获取到号码【1415398】的GSD为【-】
2024-09-19 00:13:49 GSD insert 第 1 次 等待 3 秒
2024-09-19 00:13:52 {"status":"bad","gid":"632821","msg":"添加失败！号码【1415398(-|-)】已存在！"}
2024-09-19 00:13:52 随机等待 214 秒，约 3 分钟
2024-09-19 00:13:52 下次操作: 2024-09-19 00:17:26

2024-09-19 00:17:26 开始第 5402 次操作

2024-09-19 00:17:26 开始操作号码 【1415399】
2024-09-19 00:17:35 GSD getOne 第 1 次 等待 3 秒
2024-09-19 00:17:38 查询号码 【1415399】，返回信息 {"status":"ok","msg":"-","gid":"632835","time_insert":"2023-04-04 00:09"}
2024-09-19 00:17:38 查询号码 【1415399】，GSD为【"-"】
2024-09-19 00:17:38 ok && -
2024-09-19 00:17:40 CHB 1415399?1726676258 第 1 次 等待 3 秒
2024-09-19 00:17:43 CHB 1415399?1726676258 第 1 次 获取到号码【1415399】GSD
2024-09-19 00:17:44 未获取到号码【1415399】GSD，可能号码格式错误
2024-09-19 00:17:44 获取到号码【1415399】的GSD为【-】
2024-09-19 00:17:53 GSD insert 第 1 次 等待 3 秒
2024-09-19 00:17:56 {"status":"bad","gid":"632835","msg":"添加失败！号码【1415399(-|-)】已存在！"}
2024-09-19 00:17:56 随机等待 140 秒，约 2 分钟
2024-09-19 00:17:56 下次操作: 2024-09-19 00:20:16

2024-09-19 00:20:16 开始第 5403 次操作

2024-09-19 00:20:16 开始操作号码 【1415400】
2024-09-19 00:20:24 GSD getOne 第 1 次 等待 3 秒
2024-09-19 00:20:27 查询号码 【1415400】，返回信息 {"status":"ok","msg":"-","gid":"632862","time_insert":"2023-04-04 00:28"}
2024-09-19 00:20:27 查询号码 【1415400】，GSD为【"-"】
2024-09-19 00:20:27 ok && -
2024-09-19 00:20:29 CHB 1415400?1726676427 第 1 次 等待 3 秒
2024-09-19 00:20:32 CHB 1415400?1726676427 第 1 次 获取到号码【1415400】GSD
2024-09-19 00:20:32 未获取到号码【1415400】GSD，可能号码格式错误
2024-09-19 00:20:32 获取到号码【1415400】的GSD为【-】
2024-09-19 00:20:40 GSD insert 第 1 次 等待 3 秒
2024-09-19 00:20:43 {"status":"bad","gid":"632862","msg":"添加失败！号码【1415400(-|-)】已存在！"}
2024-09-19 00:20:43 随机等待 206 秒，约 3 分钟
2024-09-19 00:20:43 下次操作: 2024-09-19 00:24:09

2024-09-19 00:24:09 开始第 5404 次操作

2024-09-19 00:24:09 开始操作号码 【1415401】
2024-09-19 00:24:20 GSD getOne 第 1 次 等待 3 秒
2024-09-19 00:24:23 查询号码 【1415401】，返回信息 {"status":"ok","msg":"-","gid":"632895","time_insert":"2023-04-04 00:49"}
2024-09-19 00:24:23 查询号码 【1415401】，GSD为【"-"】
2024-09-19 00:24:23 ok && -
2024-09-19 00:24:25 CHB 1415401?1726676663 第 1 次 等待 3 秒
2024-09-19 00:24:28 CHB 1415401?1726676663 第 1 次 获取到号码【1415401】GSD
2024-09-19 00:24:28 未获取到号码【1415401】GSD，可能号码格式错误
2024-09-19 00:24:28 获取到号码【1415401】的GSD为【-】
2024-09-19 00:24:36 GSD insert 第 1 次 等待 3 秒
2024-09-19 00:24:39 {"status":"bad","gid":"632895","msg":"添加失败！号码【1415401(-|-)】已存在！"}

2024-09-19 00:40:54 开始第 5405 次操作

2024-09-19 00:40:54 开始操作号码 【1415402】
2024-09-19 00:41:04 GSD getOne 第 1 次 等待 3 秒
2024-09-19 00:41:07 查询号码 【1415402】，返回信息 {"status":"ok","msg":"-","gid":"632930","time_insert":"2023-04-04 01:09"}
2024-09-19 00:41:07 查询号码 【1415402】，GSD为【"-"】
2024-09-19 00:41:07 ok && -
2024-09-19 00:41:09 CHB 1415402?1726677667 第 1 次 等待 3 秒
2024-09-19 00:41:12 CHB 1415402?1726677667 第 1 次 获取到号码【1415402】GSD
2024-09-19 00:41:12 未获取到号码【1415402】GSD，可能号码格式错误
2024-09-19 00:41:12 获取到号码【1415402】的GSD为【-】
2024-09-19 00:41:20 GSD insert 第 1 次 等待 3 秒
2024-09-19 00:41:23 {"status":"bad","gid":"632930","msg":"添加失败！号码【1415402(-|-)】已存在！"}
2024-09-19 00:41:23 随机等待 86 秒，约 1 分钟
2024-09-19 00:41:23 下次操作: 2024-09-19 00:42:49

2024-09-19 00:42:50 开始第 5406 次操作

2024-09-19 00:42:50 开始操作号码 【1415403】
2024-09-19 00:42:58 GSD getOne 第 1 次 等待 3 秒
2024-09-19 00:43:01 查询号码 【1415403】，返回信息 {"status":"ok","msg":"-","gid":"632952","time_insert":"2023-04-04 01:25"}
2024-09-19 00:43:01 查询号码 【1415403】，GSD为【"-"】
2024-09-19 00:43:01 ok && -
2024-09-19 00:43:02 CHB 1415403?1726677781 第 1 次 等待 3 秒
2024-09-19 00:43:05 CHB 1415403?1726677781 第 1 次 获取到号码【1415403】GSD
2024-09-19 00:43:05 未获取到号码【1415403】GSD，可能号码格式错误
2024-09-19 00:43:05 获取到号码【1415403】的GSD为【-】
2024-09-19 00:43:17 GSD insert 第 1 次 等待 3 秒
2024-09-19 00:43:20 {"status":"bad","gid":"632952","msg":"添加失败！号码【1415403(-|-)】已存在！"}
2024-09-19 00:43:20 随机等待 80 秒，约 1 分钟
2024-09-19 00:43:20 下次操作: 2024-09-19 00:44:40

2024-09-19 00:44:40 开始第 5407 次操作

2024-09-19 00:44:40 开始操作号码 【1415404】
2024-09-19 00:44:48 GSD getOne 第 1 次 等待 3 秒
2024-09-19 00:44:51 查询号码 【1415404】，返回信息 {"status":"ok","msg":"-","gid":"632977","time_insert":"2023-04-04 01:39"}
2024-09-19 00:44:51 查询号码 【1415404】，GSD为【"-"】
2024-09-19 00:44:51 ok && -
2024-09-19 00:44:53 CHB 1415404?1726677891 第 1 次 等待 3 秒
2024-09-19 00:44:56 CHB 1415404?1726677891 第 1 次 获取到号码【1415404】GSD
2024-09-19 00:44:56 未获取到号码【1415404】GSD，可能号码格式错误
2024-09-19 00:44:56 获取到号码【1415404】的GSD为【-】
2024-09-19 00:45:04 GSD insert 第 1 次 等待 3 秒
2024-09-19 00:45:07 {"status":"bad","gid":"632977","msg":"添加失败！号码【1415404(-|-)】已存在！"}
2024-09-19 00:45:07 随机等待 232 秒，约 3 分钟
2024-09-19 00:45:07 下次操作: 2024-09-19 00:48:59

2024-09-19 00:48:59 开始第 5408 次操作

2024-09-19 00:48:59 开始操作号码 【1415405】
2024-09-19 00:49:10 GSD getOne 第 1 次 等待 3 秒
2024-09-19 00:49:13 查询号码 【1415405】，返回信息 {"status":"ok","msg":"-","gid":"632998","time_insert":"2023-04-04 01:51"}
2024-09-19 00:49:13 查询号码 【1415405】，GSD为【"-"】
2024-09-19 00:49:13 ok && -
2024-09-19 00:49:15 CHB 1415405?1726678153 第 1 次 等待 3 秒
2024-09-19 00:49:18 CHB 1415405?1726678153 第 1 次 获取到号码【1415405】GSD
2024-09-19 00:49:18 未获取到号码【1415405】GSD，可能号码格式错误
2024-09-19 00:49:18 获取到号码【1415405】的GSD为【-】
2024-09-19 00:49:26 GSD insert 第 1 次 等待 3 秒
2024-09-19 00:49:29 {"status":"bad","gid":"632998","msg":"添加失败！号码【1415405(-|-)】已存在！"}

2024-09-19 01:09:20 开始第 5409 次操作

2024-09-19 01:09:20 开始操作号码 【1415406】
2024-09-19 01:09:30 GSD getOne 第 1 次 等待 3 秒
2024-09-19 01:09:33 查询号码 【1415406】，返回信息 {"status":"ok","msg":"-","gid":"633025","time_insert":"2023-04-04 02:07"}
2024-09-19 01:09:33 查询号码 【1415406】，GSD为【"-"】
2024-09-19 01:09:33 ok && -
2024-09-19 01:09:35 CHB 1415406?1726679373 第 1 次 等待 3 秒
2024-09-19 01:09:38 CHB 1415406?1726679373 第 1 次 获取到号码【1415406】GSD
2024-09-19 01:09:38 未获取到号码【1415406】GSD，可能号码格式错误
2024-09-19 01:09:38 获取到号码【1415406】的GSD为【-】
2024-09-19 01:09:46 GSD insert 第 1 次 等待 3 秒
2024-09-19 01:09:49 {"status":"bad","gid":"633025","msg":"添加失败！号码【1415406(-|-)】已存在！"}
2024-09-19 01:09:49 随机等待 174 秒，约 2 分钟
2024-09-19 01:09:49 下次操作: 2024-09-19 01:12:43

2024-09-19 01:12:43 开始第 5410 次操作

2024-09-19 01:12:43 开始操作号码 【1415407】
2024-09-19 01:12:52 GSD getOne 第 1 次 等待 3 秒
2024-09-19 01:12:55 查询号码 【1415407】，返回信息 {"status":"ok","msg":"-","gid":"633050","time_insert":"2023-04-04 02:27"}
2024-09-19 01:12:55 查询号码 【1415407】，GSD为【"-"】
2024-09-19 01:12:55 ok && -
2024-09-19 01:12:57 CHB 1415407?1726679575 第 1 次 等待 3 秒
2024-09-19 01:13:00 CHB 1415407?1726679575 第 1 次 获取到号码【1415407】GSD
2024-09-19 01:13:00 未获取到号码【1415407】GSD，可能号码格式错误
2024-09-19 01:13:00 获取到号码【1415407】的GSD为【-】
2024-09-19 01:13:08 GSD insert 第 1 次 等待 3 秒
2024-09-19 01:13:11 {"status":"bad","gid":"633050","msg":"添加失败！号码【1415407(-|-)】已存在！"}
2024-09-19 01:13:11 随机等待 144 秒，约 2 分钟
2024-09-19 01:13:11 下次操作: 2024-09-19 01:15:35

2024-09-19 01:15:35 开始第 5411 次操作

2024-09-19 01:15:35 开始操作号码 【1415408】
2024-09-19 01:15:42 GSD getOne 第 1 次 等待 3 秒
2024-09-19 01:15:45 查询号码 【1415408】，返回信息 {"status":"ok","msg":"-","gid":"633067","time_insert":"2023-04-04 02:40"}
2024-09-19 01:15:46 查询号码 【1415408】，GSD为【"-"】
2024-09-19 01:15:46 ok && -
2024-09-19 01:15:47 CHB 1415408?1726679746 第 1 次 等待 3 秒
2024-09-19 01:15:50 CHB 1415408?1726679746 第 1 次 获取到号码【1415408】GSD
2024-09-19 01:15:50 未获取到号码【1415408】GSD，可能号码格式错误
2024-09-19 01:15:50 获取到号码【1415408】的GSD为【-】
2024-09-19 01:15:59 GSD insert 第 1 次 等待 3 秒
2024-09-19 01:16:02 {"status":"bad","gid":"633067","msg":"添加失败！号码【1415408(-|-)】已存在！"}
2024-09-19 01:16:02 随机等待 220 秒，约 3 分钟
2024-09-19 01:16:02 下次操作: 2024-09-19 01:19:42

2024-09-19 01:19:42 开始第 5412 次操作

2024-09-19 01:19:42 开始操作号码 【1415409】
2024-09-19 01:19:51 GSD getOne 第 1 次 等待 3 秒
2024-09-19 01:19:54 查询号码 【1415409】，返回信息 {"status":"ok","msg":"-","gid":"633098","time_insert":"2023-04-04 02:56"}
2024-09-19 01:19:54 查询号码 【1415409】，GSD为【"-"】
2024-09-19 01:19:54 ok && -
2024-09-19 01:19:55 CHB 1415409?1726679994 第 1 次 等待 3 秒
2024-09-19 01:19:58 CHB 1415409?1726679994 第 1 次 获取到号码【1415409】GSD
2024-09-19 01:19:59 未获取到号码【1415409】GSD，可能号码格式错误
2024-09-19 01:19:59 获取到号码【1415409】的GSD为【-】
2024-09-19 01:20:06 GSD insert 第 1 次 等待 3 秒
2024-09-19 01:20:09 {"status":"bad","gid":"633098","msg":"添加失败！号码【1415409(-|-)】已存在！"}

2024-09-19 01:35:05 开始第 5413 次操作

2024-09-19 01:35:05 开始操作号码 【1415410】
2024-09-19 01:35:13 GSD getOne 第 1 次 等待 3 秒
2024-09-19 01:35:16 查询号码 【1415410】，返回信息 {"status":"ok","msg":"-","gid":"633129","time_insert":"2023-04-04 03:16"}
2024-09-19 01:35:16 查询号码 【1415410】，GSD为【"-"】
2024-09-19 01:35:16 ok && -
2024-09-19 01:35:18 CHB 1415410?1726680916 第 1 次 等待 3 秒
2024-09-19 01:35:21 CHB 1415410?1726680916 第 1 次 获取到号码【1415410】GSD
2024-09-19 01:35:21 未获取到号码【1415410】GSD，可能号码格式错误
2024-09-19 01:35:21 获取到号码【1415410】的GSD为【-】
2024-09-19 01:35:29 GSD insert 第 1 次 等待 3 秒
2024-09-19 01:35:32 {"status":"bad","gid":"633129","msg":"添加失败！号码【1415410(-|-)】已存在！"}
2024-09-19 01:35:32 随机等待 71 秒，约 1 分钟
2024-09-19 01:35:32 下次操作: 2024-09-19 01:36:43

2024-09-19 01:36:43 开始第 5414 次操作

2024-09-19 01:36:43 开始操作号码 【1415411】
2024-09-19 01:36:51 GSD getOne 第 1 次 等待 3 秒
2024-09-19 01:36:54 查询号码 【1415411】，返回信息 {"status":"ok","msg":"-","gid":"633147","time_insert":"2023-04-04 03:28"}
2024-09-19 01:36:54 查询号码 【1415411】，GSD为【"-"】
2024-09-19 01:36:54 ok && -
2024-09-19 01:36:55 CHB 1415411?1726681014 第 1 次 等待 3 秒
2024-09-19 01:36:58 CHB 1415411?1726681014 第 1 次 获取到号码【1415411】GSD
2024-09-19 01:36:58 未获取到号码【1415411】GSD，可能号码格式错误
2024-09-19 01:36:58 获取到号码【1415411】的GSD为【-】
2024-09-19 01:37:06 GSD insert 第 1 次 等待 3 秒
2024-09-19 01:37:09 {"status":"bad","gid":"633147","msg":"添加失败！号码【1415411(-|-)】已存在！"}
2024-09-19 01:37:09 随机等待 114 秒，约 1 分钟
2024-09-19 01:37:09 下次操作: 2024-09-19 01:39:03

2024-09-19 01:39:03 开始第 5415 次操作

2024-09-19 01:39:03 开始操作号码 【1415412】
2024-09-19 01:39:10 GSD getOne 第 1 次 等待 3 秒
2024-09-19 01:39:13 查询号码 【1415412】，返回信息 {"status":"ok","msg":"-","gid":"633179","time_insert":"2023-04-04 03:46"}
2024-09-19 01:39:13 查询号码 【1415412】，GSD为【"-"】
2024-09-19 01:39:13 ok && -
2024-09-19 01:39:15 CHB 1415412?1726681153 第 1 次 等待 3 秒
2024-09-19 01:39:18 CHB 1415412?1726681153 第 1 次 获取到号码【1415412】GSD
2024-09-19 01:39:18 未获取到号码【1415412】GSD，可能号码格式错误
2024-09-19 01:39:18 获取到号码【1415412】的GSD为【-】
2024-09-19 01:39:26 GSD insert 第 1 次 等待 3 秒
2024-09-19 01:39:29 {"status":"bad","gid":"633179","msg":"添加失败！号码【1415412(-|-)】已存在！"}
2024-09-19 01:39:29 随机等待 150 秒，约 2 分钟
2024-09-19 01:39:29 下次操作: 2024-09-19 01:41:59

2024-09-19 01:41:59 开始第 5416 次操作

2024-09-19 01:41:59 开始操作号码 【1415413】
2024-09-19 01:42:06 GSD getOne 第 1 次 等待 3 秒
2024-09-19 01:42:09 查询号码 【1415413】，返回信息 {"status":"ok","msg":"-","gid":"633194","time_insert":"2023-04-04 03:56"}
2024-09-19 01:42:09 查询号码 【1415413】，GSD为【"-"】
2024-09-19 01:42:09 ok && -
2024-09-19 01:42:12 CHB 1415413?1726681329 第 1 次 等待 3 秒
2024-09-19 01:42:15 CHB 1415413?1726681329 第 1 次 获取到号码【1415413】GSD
2024-09-19 01:42:15 未获取到号码【1415413】GSD，可能号码格式错误
2024-09-19 01:42:15 获取到号码【1415413】的GSD为【-】
2024-09-19 01:42:23 GSD insert 第 1 次 等待 3 秒
2024-09-19 01:42:26 {"status":"bad","gid":"633194","msg":"添加失败！号码【1415413(-|-)】已存在！"}

