2024-02-18 00:19:29 开始第 4261 次操作

2024-02-18 00:19:29 开始操作号码 【1744179】
2024-02-18 00:19:37 GSD getOne 第 1 次 等待 3 秒
2024-02-18 00:19:40 查询号码 【1744179】，返回信息 {"status":"ok","msg":"-","gid":"198494","time_insert":"2021-07-05 15:09"}
2024-02-18 00:19:40 查询号码 【1744179】，GSD为【"-"】
2024-02-18 00:19:40 ok && -
2024-02-18 00:19:52 CHB 1744179?1708186780 第 1 次 等待 3 秒
2024-02-18 00:19:55 CHB 1744179?1708186780 第 1 次 获取到号码【1744179】GSD
2024-02-18 00:19:55 未获取到号码【1744179】GSD，可能号码格式错误
2024-02-18 00:19:55 获取到号码【1744179】的GSD为【-】
2024-02-18 00:19:59 GSD insert 第 1 次 等待 3 秒
2024-02-18 00:20:02 {"status":"bad","gid":"198494","msg":"添加失败！号码【1744179(-|-)】已存在！"}
2024-02-18 00:20:02 随机等待 119 秒，约 1 分钟
2024-02-18 00:20:02 下次操作: 2024-02-18 00:22:01

2024-02-18 00:22:01 开始第 4262 次操作

2024-02-18 00:22:01 开始操作号码 【1744180】
2024-02-18 00:22:06 GSD getOne 第 1 次 等待 3 秒
2024-02-18 00:22:09 查询号码 【1744180】，返回信息 {"status":"ok","msg":"-","gid":"198503","time_insert":"2021-07-05 15:09"}
2024-02-18 00:22:09 查询号码 【1744180】，GSD为【"-"】
2024-02-18 00:22:09 ok && -
2024-02-18 00:22:12 CHB 1744180?1708186929 第 1 次 等待 3 秒
2024-02-18 00:22:15 CHB 1744180?1708186929 第 1 次 获取到号码【1744180】GSD
2024-02-18 00:22:15 未获取到号码【1744180】GSD，可能号码格式错误
2024-02-18 00:22:15 获取到号码【1744180】的GSD为【-】
2024-02-18 00:22:19 GSD insert 第 1 次 等待 3 秒
2024-02-18 00:22:22 {"status":"bad","gid":"198503","msg":"添加失败！号码【1744180(-|-)】已存在！"}
2024-02-18 00:22:22 随机等待 214 秒，约 3 分钟
2024-02-18 00:22:22 下次操作: 2024-02-18 00:25:56

2024-02-18 00:25:56 开始第 4263 次操作

2024-02-18 00:25:56 开始操作号码 【1744181】
2024-02-18 00:26:09 GSD getOne 第 1 次 等待 3 秒
2024-02-18 00:26:12 查询号码 【1744181】，返回信息 {"status":"ok","msg":"-","gid":"198514","time_insert":"2021-07-05 15:10"}
2024-02-18 00:26:12 查询号码 【1744181】，GSD为【"-"】
2024-02-18 00:26:12 ok && -
2024-02-18 00:26:14 CHB 1744181?1708187172 第 1 次 等待 3 秒
2024-02-18 00:26:17 CHB 1744181?1708187172 第 1 次 获取到号码【1744181】GSD
2024-02-18 00:26:18 未获取到号码【1744181】GSD，可能号码格式错误
2024-02-18 00:26:18 获取到号码【1744181】的GSD为【-】
2024-02-18 00:26:25 GSD insert 第 1 次 等待 3 秒
2024-02-18 00:26:28 {"status":"bad","gid":"198514","msg":"添加失败！号码【1744181(-|-)】已存在！"}
2024-02-18 00:26:28 随机等待 71 秒，约 1 分钟
2024-02-18 00:26:28 下次操作: 2024-02-18 00:27:39

2024-02-18 00:27:39 开始第 4264 次操作

2024-02-18 00:27:39 开始操作号码 【1744182】
2024-02-18 00:27:45 GSD getOne 第 1 次 等待 3 秒
2024-02-18 00:27:48 查询号码 【1744182】，返回信息 {"status":"ok","msg":"-","gid":"198524","time_insert":"2021-07-05 15:11"}
2024-02-18 00:27:48 查询号码 【1744182】，GSD为【"-"】
2024-02-18 00:27:48 ok && -
2024-02-18 00:27:50 CHB 1744182?1708187268 第 1 次 等待 3 秒
2024-02-18 00:27:53 CHB 1744182?1708187268 第 1 次 获取到号码【1744182】GSD
2024-02-18 00:27:53 未获取到号码【1744182】GSD，可能号码格式错误
2024-02-18 00:27:53 获取到号码【1744182】的GSD为【-】
2024-02-18 00:28:00 GSD insert 第 1 次 等待 3 秒
2024-02-18 00:28:03 {"status":"bad","gid":"198524","msg":"添加失败！号码【1744182(-|-)】已存在！"}

