2024-04-09 00:22:41 开始第 2637 次操作

2024-04-09 00:22:41 开始操作号码 【1632555】
2024-04-09 00:22:47 GSD getOne 第 1 次 等待 3 秒
2024-04-09 00:22:50 查询号码 【1632555】，返回信息 {"status":"ok","msg":"-","gid":"566396","time_insert":"2023-03-03 03:15"}
2024-04-09 00:22:50 查询号码 【1632555】，GSD为【"-"】
2024-04-09 00:22:50 ok && -
2024-04-09 00:22:52 CHB 1632555?1712593370 第 1 次 等待 3 秒
2024-04-09 00:22:55 CHB 1632555?1712593370 第 1 次 获取到号码【1632555】GSD
2024-04-09 00:22:55 未获取到号码【1632555】GSD，可能号码格式错误
2024-04-09 00:22:55 获取到号码【1632555】的GSD为【-】
2024-04-09 00:23:01 GSD insert 第 1 次 等待 3 秒
2024-04-09 00:23:04 {"status":"bad","gid":"566396","msg":"添加失败！号码【1632555(-|-)】已存在！"}
2024-04-09 00:23:04 随机等待 121 秒，约 2 分钟
2024-04-09 00:23:04 下次操作: 2024-04-09 00:25:05

2024-04-09 00:25:05 开始第 2638 次操作

2024-04-09 00:25:05 开始操作号码 【1632556】
2024-04-09 00:25:10 GSD getOne 第 1 次 等待 3 秒
2024-04-09 00:25:13 查询号码 【1632556】，返回信息 {"status":"ok","msg":"-","gid":"566424","time_insert":"2023-03-03 03:34"}
2024-04-09 00:25:13 查询号码 【1632556】，GSD为【"-"】
2024-04-09 00:25:13 ok && -
2024-04-09 00:25:15 CHB 1632556?1712593513 第 1 次 等待 3 秒
2024-04-09 00:25:18 CHB 1632556?1712593513 第 1 次 获取到号码【1632556】GSD
2024-04-09 00:25:18 未获取到号码【1632556】GSD，可能号码格式错误
2024-04-09 00:25:18 获取到号码【1632556】的GSD为【-】
2024-04-09 00:25:23 GSD insert 第 1 次 等待 3 秒
2024-04-09 00:25:26 {"status":"bad","gid":"566424","msg":"添加失败！号码【1632556(-|-)】已存在！"}
2024-04-09 00:25:26 随机等待 74 秒，约 1 分钟
2024-04-09 00:25:26 下次操作: 2024-04-09 00:26:40

2024-04-09 00:26:40 开始第 2639 次操作

2024-04-09 00:26:40 开始操作号码 【1632557】
2024-04-09 00:26:45 GSD getOne 第 1 次 等待 3 秒
2024-04-09 00:26:48 查询号码 【1632557】，返回信息 {"status":"ok","msg":"-","gid":"566447","time_insert":"2023-03-03 03:52"}
2024-04-09 00:26:48 查询号码 【1632557】，GSD为【"-"】
2024-04-09 00:26:48 ok && -
2024-04-09 00:26:50 CHB 1632557?1712593608 第 1 次 等待 3 秒
2024-04-09 00:26:53 CHB 1632557?1712593608 第 1 次 获取到号码【1632557】GSD
2024-04-09 00:26:53 未获取到号码【1632557】GSD，可能号码格式错误
2024-04-09 00:26:53 获取到号码【1632557】的GSD为【-】
2024-04-09 00:26:58 GSD insert 第 1 次 等待 3 秒
2024-04-09 00:27:01 {"status":"bad","gid":"566447","msg":"添加失败！号码【1632557(-|-)】已存在！"}
2024-04-09 00:27:01 随机等待 187 秒，约 3 分钟
2024-04-09 00:27:01 下次操作: 2024-04-09 00:30:08

2024-04-09 00:30:08 开始第 2640 次操作

2024-04-09 00:30:08 开始操作号码 【1632558】
2024-04-09 00:30:14 GSD getOne 第 1 次 等待 3 秒
2024-04-09 00:30:17 查询号码 【1632558】，返回信息 {"status":"ok","msg":"-","gid":"566470","time_insert":"2023-03-03 04:10"}
2024-04-09 00:30:17 查询号码 【1632558】，GSD为【"-"】
2024-04-09 00:30:17 ok && -
2024-04-09 00:30:19 CHB 1632558?1712593817 第 1 次 等待 3 秒
2024-04-09 00:30:22 CHB 1632558?1712593817 第 1 次 获取到号码【1632558】GSD
2024-04-09 00:30:22 未获取到号码【1632558】GSD，可能号码格式错误
2024-04-09 00:30:22 获取到号码【1632558】的GSD为【-】
2024-04-09 00:30:27 GSD insert 第 1 次 等待 3 秒
2024-04-09 00:30:30 {"status":"bad","gid":"566470","msg":"添加失败！号码【1632558(-|-)】已存在！"}

