2024-04-04 00:19:59 开始第 1757 次操作

2024-04-04 00:19:59 开始操作号码 【1631676】
2024-04-04 00:20:03 GSD getOne 第 1 次 等待 3 秒
2024-04-04 00:20:06 查询号码 【1631676】，返回信息 {"status":"ok","msg":"-","gid":"547044","time_insert":"2023-02-22 11:48"}
2024-04-04 00:20:06 查询号码 【1631676】，GSD为【"-"】
2024-04-04 00:20:06 ok && -
2024-04-04 00:20:09 CHB 1631676?1712161206 第 1 次 等待 3 秒
2024-04-04 00:20:12 CHB 1631676?1712161206 第 1 次 获取到号码【1631676】GSD
2024-04-04 00:20:12 未获取到号码【1631676】GSD，可能号码格式错误
2024-04-04 00:20:12 获取到号码【1631676】的GSD为【-】
2024-04-04 00:20:16 GSD insert 第 1 次 等待 3 秒
2024-04-04 00:20:19 {"status":"bad","gid":"547044","msg":"添加失败！号码【1631676(-|-)】已存在！"}
2024-04-04 00:20:19 随机等待 170 秒，约 2 分钟
2024-04-04 00:20:19 下次操作: 2024-04-04 00:23:09

2024-04-04 00:23:09 开始第 1758 次操作

2024-04-04 00:23:09 开始操作号码 【1631677】
2024-04-04 00:23:14 GSD getOne 第 1 次 等待 3 秒
2024-04-04 00:23:17 查询号码 【1631677】，返回信息 {"status":"ok","msg":"-","gid":"547066","time_insert":"2023-02-22 12:00"}
2024-04-04 00:23:17 查询号码 【1631677】，GSD为【"-"】
2024-04-04 00:23:17 ok && -
2024-04-04 00:23:19 CHB 1631677?1712161397 第 1 次 等待 3 秒
2024-04-04 00:23:22 CHB 1631677?1712161397 第 1 次 获取到号码【1631677】GSD
2024-04-04 00:23:22 未获取到号码【1631677】GSD，可能号码格式错误
2024-04-04 00:23:22 获取到号码【1631677】的GSD为【-】
2024-04-04 00:23:27 GSD insert 第 1 次 等待 3 秒
2024-04-04 00:23:30 {"status":"bad","gid":"547066","msg":"添加失败！号码【1631677(-|-)】已存在！"}
2024-04-04 00:23:30 随机等待 174 秒，约 2 分钟
2024-04-04 00:23:30 下次操作: 2024-04-04 00:26:24

2024-04-04 00:26:24 开始第 1759 次操作

2024-04-04 00:26:24 开始操作号码 【1631678】
2024-04-04 00:26:28 GSD getOne 第 1 次 等待 3 秒
2024-04-04 00:26:31 查询号码 【1631678】，返回信息 {"status":"ok","msg":"-","gid":"547088","time_insert":"2023-02-22 12:17"}
2024-04-04 00:26:31 查询号码 【1631678】，GSD为【"-"】
2024-04-04 00:26:31 ok && -
2024-04-04 00:26:35 CHB 1631678?1712161591 第 1 次 等待 3 秒
2024-04-04 00:26:38 CHB 1631678?1712161591 第 1 次 获取到号码【1631678】GSD
2024-04-04 00:26:38 未获取到号码【1631678】GSD，可能号码格式错误
2024-04-04 00:26:38 获取到号码【1631678】的GSD为【-】
2024-04-04 00:26:42 GSD insert 第 1 次 等待 3 秒
2024-04-04 00:26:45 {"status":"bad","gid":"547088","msg":"添加失败！号码【1631678(-|-)】已存在！"}
2024-04-04 00:26:45 随机等待 137 秒，约 2 分钟
2024-04-04 00:26:45 下次操作: 2024-04-04 00:29:02

2024-04-04 00:29:02 开始第 1760 次操作

2024-04-04 00:29:02 开始操作号码 【1631679】
2024-04-04 00:29:07 GSD getOne 第 1 次 等待 3 秒
2024-04-04 00:29:10 查询号码 【1631679】，返回信息 {"status":"ok","msg":"-","gid":"547112","time_insert":"2023-02-22 12:34"}
2024-04-04 00:29:10 查询号码 【1631679】，GSD为【"-"】
2024-04-04 00:29:10 ok && -
2024-04-04 00:29:13 CHB 1631679?1712161750 第 1 次 等待 3 秒
2024-04-04 00:29:16 CHB 1631679?1712161750 第 1 次 获取到号码【1631679】GSD
2024-04-04 00:29:16 未获取到号码【1631679】GSD，可能号码格式错误
2024-04-04 00:29:16 获取到号码【1631679】的GSD为【-】
2024-04-04 00:29:21 GSD insert 第 1 次 等待 3 秒
2024-04-04 00:29:24 {"status":"bad","gid":"547112","msg":"添加失败！号码【1631679(-|-)】已存在！"}

