2024-10-11 00:12:54 开始第 9241 次操作

2024-10-11 00:12:54 开始操作号码 【1419237】
2024-10-11 00:12:56 GSD getOne 第 1 次 等待 3 秒
2024-10-11 00:12:59 查询号码 【1419237】，返回信息 {"status":"ok","msg":"-","gid":"692662","time_insert":"2023-05-05 00:06"}
2024-10-11 00:12:59 查询号码 【1419237】，GSD为【"-"】
2024-10-11 00:12:59 ok && -
2024-10-11 00:13:00 CHB 1419237?1728576779 第 1 次 等待 3 秒
2024-10-11 00:13:03 CHB 1419237?1728576779 第 1 次 获取到号码【1419237】GSD
2024-10-11 00:13:03 未获取到号码【1419237】GSD，可能号码格式错误
2024-10-11 00:13:03 获取到号码【1419237】的GSD为【-】
2024-10-11 00:13:05 GSD insert 第 1 次 等待 3 秒
2024-10-11 00:13:08 {"status":"bad","gid":"692662","msg":"添加失败！号码【1419237(-|-)】已存在！"}
2024-10-11 00:13:08 随机等待 178 秒，约 2 分钟
2024-10-11 00:13:08 下次操作: 2024-10-11 00:16:06

2024-10-11 00:16:06 开始第 9242 次操作

2024-10-11 00:16:06 开始操作号码 【1419238】
2024-10-11 00:16:08 GSD getOne 第 1 次 等待 3 秒
2024-10-11 00:16:11 查询号码 【1419238】，返回信息 {"status":"ok","msg":"-","gid":"692678","time_insert":"2023-05-05 00:25"}
2024-10-11 00:16:11 查询号码 【1419238】，GSD为【"-"】
2024-10-11 00:16:11 ok && -
2024-10-11 00:16:12 CHB 1419238?1728576971 第 1 次 等待 3 秒
2024-10-11 00:16:15 CHB 1419238?1728576971 第 1 次 获取到号码【1419238】GSD
2024-10-11 00:16:15 未获取到号码【1419238】GSD，可能号码格式错误
2024-10-11 00:16:15 获取到号码【1419238】的GSD为【-】
2024-10-11 00:16:17 GSD insert 第 1 次 等待 3 秒
2024-10-11 00:16:20 {"status":"bad","gid":"692678","msg":"添加失败！号码【1419238(-|-)】已存在！"}
2024-10-11 00:16:20 随机等待 206 秒，约 3 分钟
2024-10-11 00:16:20 下次操作: 2024-10-11 00:19:46

2024-10-11 00:19:46 开始第 9243 次操作

2024-10-11 00:19:46 开始操作号码 【1419239】
2024-10-11 00:19:48 GSD getOne 第 1 次 等待 3 秒
2024-10-11 00:19:51 查询号码 【1419239】，返回信息 {"status":"ok","msg":"-","gid":"692696","time_insert":"2023-05-05 00:43"}
2024-10-11 00:19:51 查询号码 【1419239】，GSD为【"-"】
2024-10-11 00:19:51 ok && -
2024-10-11 00:24:03 CHB 1419239?1728577191 第 1 次 等待 3 秒
2024-10-11 00:24:06 CHB 1419239?1728577191 第 1 次 未获取到 等待 224 秒 下次操作: 2024-10-11 00:27:50
2024-10-11 00:27:51 CHB 1419239?1728577670 第 2 次 等待 3 秒
2024-10-11 00:27:54 CHB 1419239?1728577670 第 2 次 获取到号码【1419239】GSD
2024-10-11 00:27:54 未获取到号码【1419239】GSD，可能号码格式错误
2024-10-11 00:27:54 获取到号码【1419239】的GSD为【-】
2024-10-11 00:28:11 GSD insert 第 1 次 等待 3 秒
2024-10-11 00:28:14 {"status":"bad","gid":"692696","msg":"添加失败！号码【1419239(-|-)】已存在！"}
2024-10-11 00:28:14 随机等待 221 秒，约 3 分钟
2024-10-11 00:28:14 下次操作: 2024-10-11 00:31:55

2024-10-11 00:31:55 开始第 9244 次操作

2024-10-11 00:31:55 开始操作号码 【1419240】
2024-10-11 00:31:57 GSD getOne 第 1 次 等待 3 秒
2024-10-11 00:32:00 查询号码 【1419240】，返回信息 {"status":"ok","msg":"-","gid":"692706","time_insert":"2023-05-05 00:59"}
2024-10-11 00:32:00 查询号码 【1419240】，GSD为【"-"】
2024-10-11 00:32:00 ok && -
2024-10-11 00:32:01 CHB 1419240?1728577920 第 1 次 等待 3 秒
2024-10-11 00:32:04 CHB 1419240?1728577920 第 1 次 获取到号码【1419240】GSD
2024-10-11 00:32:04 未获取到号码【1419240】GSD，可能号码格式错误
2024-10-11 00:32:04 获取到号码【1419240】的GSD为【-】
2024-10-11 00:32:06 GSD insert 第 1 次 等待 3 秒
2024-10-11 00:32:09 {"status":"bad","gid":"692706","msg":"添加失败！号码【1419240(-|-)】已存在！"}

2024-10-11 00:40:32 开始第 9245 次操作

2024-10-11 00:40:32 开始操作号码 【1419241】
2024-10-11 00:40:35 GSD getOne 第 1 次 等待 3 秒
2024-10-11 00:40:38 查询号码 【1419241】，返回信息 {"status":"ok","msg":"-","gid":"692726","time_insert":"2023-05-05 01:18"}
2024-10-11 00:40:38 查询号码 【1419241】，GSD为【"-"】
2024-10-11 00:40:38 ok && -
2024-10-11 00:44:31 CHB 1419241?1728578438 第 1 次 等待 3 秒
2024-10-11 00:44:34 CHB 1419241?1728578438 第 1 次 未获取到 等待 80 秒 下次操作: 2024-10-11 00:45:54
2024-10-11 00:45:56 CHB 1419241?1728578754 第 2 次 等待 3 秒
2024-10-11 00:45:59 CHB 1419241?1728578754 第 2 次 获取到号码【1419241】GSD
2024-10-11 00:45:59 未获取到号码【1419241】GSD，可能号码格式错误
2024-10-11 00:45:59 获取到号码【1419241】的GSD为【-】
2024-10-11 00:46:01 GSD insert 第 1 次 等待 3 秒
2024-10-11 00:46:04 {"status":"bad","gid":"692726","msg":"添加失败！号码【1419241(-|-)】已存在！"}
2024-10-11 00:46:04 随机等待 156 秒，约 2 分钟
2024-10-11 00:46:04 下次操作: 2024-10-11 00:48:40

2024-10-11 00:48:40 开始第 9246 次操作

2024-10-11 00:48:41 开始操作号码 【1419242】
2024-10-11 00:48:42 GSD getOne 第 1 次 等待 3 秒
2024-10-11 00:48:45 查询号码 【1419242】，返回信息 {"status":"ok","msg":"-","gid":"692746","time_insert":"2023-05-05 01:37"}
2024-10-11 00:48:45 查询号码 【1419242】，GSD为【"-"】
2024-10-11 00:48:45 ok && -
2024-10-11 00:48:48 CHB 1419242?1728578925 第 1 次 等待 3 秒
2024-10-11 00:48:51 CHB 1419242?1728578925 第 1 次 获取到号码【1419242】GSD
2024-10-11 00:48:51 未获取到号码【1419242】GSD，可能号码格式错误
2024-10-11 00:48:51 获取到号码【1419242】的GSD为【-】
2024-10-11 00:48:55 GSD insert 第 1 次 等待 3 秒
2024-10-11 00:48:58 {"status":"bad","gid":"692746","msg":"添加失败！号码【1419242(-|-)】已存在！"}
2024-10-11 00:48:58 随机等待 202 秒，约 3 分钟
2024-10-11 00:48:58 下次操作: 2024-10-11 00:52:20

2024-10-11 00:52:20 开始第 9247 次操作

2024-10-11 00:52:20 开始操作号码 【1419243】
2024-10-11 00:52:22 GSD getOne 第 1 次 等待 3 秒
2024-10-11 00:52:25 查询号码 【1419243】，返回信息 {"status":"ok","msg":"-","gid":"692760","time_insert":"2023-05-05 01:54"}
2024-10-11 00:52:25 查询号码 【1419243】，GSD为【"-"】
2024-10-11 00:52:25 ok && -
2024-10-11 00:52:27 CHB 1419243?1728579145 第 1 次 等待 3 秒
2024-10-11 00:52:30 CHB 1419243?1728579145 第 1 次 获取到号码【1419243】GSD
2024-10-11 00:52:30 未获取到号码【1419243】GSD，可能号码格式错误
2024-10-11 00:52:30 获取到号码【1419243】的GSD为【-】
2024-10-11 00:52:32 GSD insert 第 1 次 等待 3 秒
2024-10-11 00:52:35 {"status":"bad","gid":"692760","msg":"添加失败！号码【1419243(-|-)】已存在！"}
2024-10-11 00:52:35 随机等待 67 秒，约 1 分钟
2024-10-11 00:52:35 下次操作: 2024-10-11 00:53:42

2024-10-11 00:53:42 开始第 9248 次操作

2024-10-11 00:53:42 开始操作号码 【1419244】
2024-10-11 00:53:44 GSD getOne 第 1 次 等待 3 秒
2024-10-11 00:53:47 查询号码 【1419244】，返回信息 {"status":"ok","msg":"-","gid":"692774","time_insert":"2023-05-05 02:10"}
2024-10-11 00:53:47 查询号码 【1419244】，GSD为【"-"】
2024-10-11 00:53:47 ok && -
2024-10-11 00:53:49 CHB 1419244?1728579227 第 1 次 等待 3 秒
2024-10-11 00:53:52 CHB 1419244?1728579227 第 1 次 获取到号码【1419244】GSD
2024-10-11 00:53:52 未获取到号码【1419244】GSD，可能号码格式错误
2024-10-11 00:53:52 获取到号码【1419244】的GSD为【-】
2024-10-11 00:53:54 GSD insert 第 1 次 等待 3 秒
2024-10-11 00:53:57 {"status":"bad","gid":"692774","msg":"添加失败！号码【1419244(-|-)】已存在！"}

2024-10-11 01:10:30 开始第 9249 次操作

2024-10-11 01:10:30 开始操作号码 【1419245】
2024-10-11 01:10:33 GSD getOne 第 1 次 等待 3 秒
2024-10-11 01:10:36 查询号码 【1419245】，返回信息 {"status":"ok","msg":"-","gid":"692787","time_insert":"2023-05-05 02:26"}
2024-10-11 01:10:36 查询号码 【1419245】，GSD为【"-"】
2024-10-11 01:10:36 ok && -
2024-10-11 01:10:38 CHB 1419245?1728580236 第 1 次 等待 3 秒
2024-10-11 01:10:41 CHB 1419245?1728580236 第 1 次 获取到号码【1419245】GSD
2024-10-11 01:10:41 未获取到号码【1419245】GSD，可能号码格式错误
2024-10-11 01:10:41 获取到号码【1419245】的GSD为【-】
2024-10-11 01:10:48 GSD insert 第 1 次 等待 3 秒
2024-10-11 01:10:51 {"status":"bad","gid":"692787","msg":"添加失败！号码【1419245(-|-)】已存在！"}
2024-10-11 01:10:51 随机等待 195 秒，约 3 分钟
2024-10-11 01:10:51 下次操作: 2024-10-11 01:14:06

2024-10-11 01:14:06 开始第 9250 次操作

2024-10-11 01:14:06 开始操作号码 【1419246】
2024-10-11 01:14:07 GSD getOne 第 1 次 等待 3 秒
2024-10-11 01:14:10 查询号码 【1419246】，返回信息 {"status":"ok","msg":"-","gid":"692804","time_insert":"2023-05-05 02:44"}
2024-10-11 01:14:11 查询号码 【1419246】，GSD为【"-"】
2024-10-11 01:14:11 ok && -
2024-10-11 01:14:19 CHB 1419246?1728580451 第 1 次 等待 3 秒
2024-10-11 01:14:22 CHB 1419246?1728580451 第 1 次 获取到号码【1419246】GSD
2024-10-11 01:14:22 未获取到号码【1419246】GSD，可能号码格式错误
2024-10-11 01:14:22 获取到号码【1419246】的GSD为【-】
2024-10-11 01:14:25 GSD insert 第 1 次 等待 3 秒
2024-10-11 01:14:28 {"status":"bad","gid":"692804","msg":"添加失败！号码【1419246(-|-)】已存在！"}
2024-10-11 01:14:28 随机等待 197 秒，约 3 分钟
2024-10-11 01:14:28 下次操作: 2024-10-11 01:17:45

2024-10-11 01:17:45 开始第 9251 次操作

2024-10-11 01:17:45 开始操作号码 【1419247】
2024-10-11 01:17:47 GSD getOne 第 1 次 等待 3 秒
2024-10-11 01:17:50 查询号码 【1419247】，返回信息 {"status":"ok","msg":"-","gid":"692821","time_insert":"2023-05-05 03:02"}
2024-10-11 01:17:50 查询号码 【1419247】，GSD为【"-"】
2024-10-11 01:17:50 ok && -
2024-10-11 01:17:52 CHB 1419247?1728580670 第 1 次 等待 3 秒
2024-10-11 01:17:55 CHB 1419247?1728580670 第 1 次 获取到号码【1419247】GSD
2024-10-11 01:17:55 未获取到号码【1419247】GSD，可能号码格式错误
2024-10-11 01:17:55 获取到号码【1419247】的GSD为【-】
2024-10-11 01:17:57 GSD insert 第 1 次 等待 3 秒
2024-10-11 01:18:00 {"status":"bad","gid":"692821","msg":"添加失败！号码【1419247(-|-)】已存在！"}
2024-10-11 01:18:00 随机等待 181 秒，约 3 分钟
2024-10-11 01:18:00 下次操作: 2024-10-11 01:21:01

2024-10-11 01:21:01 开始第 9252 次操作

2024-10-11 01:21:01 开始操作号码 【1419248】
2024-10-11 01:21:03 GSD getOne 第 1 次 等待 3 秒
2024-10-11 01:21:06 查询号码 【1419248】，返回信息 {"status":"ok","msg":"-","gid":"692839","time_insert":"2023-05-05 03:22"}
2024-10-11 01:21:06 查询号码 【1419248】，GSD为【"-"】
2024-10-11 01:21:06 ok && -
2024-10-11 01:21:08 CHB 1419248?1728580866 第 1 次 等待 3 秒
2024-10-11 01:21:11 CHB 1419248?1728580866 第 1 次 获取到号码【1419248】GSD
2024-10-11 01:21:11 未获取到号码【1419248】GSD，可能号码格式错误
2024-10-11 01:21:11 获取到号码【1419248】的GSD为【-】
2024-10-11 01:21:13 GSD insert 第 1 次 等待 3 秒
2024-10-11 01:21:16 {"status":"bad","gid":"692839","msg":"添加失败！号码【1419248(-|-)】已存在！"}

2024-10-11 01:36:52 开始第 9253 次操作

2024-10-11 01:36:52 开始操作号码 【1419249】
2024-10-11 01:36:56 GSD getOne 第 1 次 等待 3 秒
2024-10-11 01:36:59 查询号码 【1419249】，返回信息 {"status":"ok","msg":"-","gid":"692853","time_insert":"2023-05-05 03:39"}
2024-10-11 01:36:59 查询号码 【1419249】，GSD为【"-"】
2024-10-11 01:36:59 ok && -
2024-10-11 01:37:01 CHB 1419249?1728581819 第 1 次 等待 3 秒
2024-10-11 01:37:04 CHB 1419249?1728581819 第 1 次 获取到号码【1419249】GSD
2024-10-11 01:37:04 未获取到号码【1419249】GSD，可能号码格式错误
2024-10-11 01:37:04 获取到号码【1419249】的GSD为【-】
2024-10-11 01:37:05 GSD insert 第 1 次 等待 3 秒
2024-10-11 01:37:08 {"status":"bad","gid":"692853","msg":"添加失败！号码【1419249(-|-)】已存在！"}
2024-10-11 01:37:08 随机等待 193 秒，约 3 分钟
2024-10-11 01:37:08 下次操作: 2024-10-11 01:40:21

2024-10-11 01:40:21 开始第 9254 次操作

2024-10-11 01:40:21 开始操作号码 【1419250】
2024-10-11 01:40:23 GSD getOne 第 1 次 等待 3 秒
2024-10-11 01:40:26 查询号码 【1419250】，返回信息 {"status":"ok","msg":"-","gid":"692870","time_insert":"2023-05-05 03:57"}
2024-10-11 01:40:26 查询号码 【1419250】，GSD为【"-"】
2024-10-11 01:40:26 ok && -
2024-10-11 01:40:28 CHB 1419250?1728582026 第 1 次 等待 3 秒
2024-10-11 01:40:31 CHB 1419250?1728582026 第 1 次 获取到号码【1419250】GSD
2024-10-11 01:40:31 未获取到号码【1419250】GSD，可能号码格式错误
2024-10-11 01:40:31 获取到号码【1419250】的GSD为【-】
2024-10-11 01:40:33 GSD insert 第 1 次 等待 3 秒
2024-10-11 01:40:36 {"status":"bad","gid":"692870","msg":"添加失败！号码【1419250(-|-)】已存在！"}
2024-10-11 01:40:36 随机等待 123 秒，约 2 分钟
2024-10-11 01:40:36 下次操作: 2024-10-11 01:42:39

2024-10-11 01:42:39 开始第 9255 次操作

2024-10-11 01:42:39 开始操作号码 【1419251】
2024-10-11 01:42:41 GSD getOne 第 1 次 等待 3 秒
2024-10-11 01:42:44 查询号码 【1419251】，返回信息 {"status":"ok","msg":"-","gid":"692883","time_insert":"2023-05-05 04:13"}
2024-10-11 01:42:44 查询号码 【1419251】，GSD为【"-"】
2024-10-11 01:42:44 ok && -
2024-10-11 01:42:45 CHB 1419251?1728582164 第 1 次 等待 3 秒
2024-10-11 01:42:48 CHB 1419251?1728582164 第 1 次 获取到号码【1419251】GSD
2024-10-11 01:42:49 未获取到号码【1419251】GSD，可能号码格式错误
2024-10-11 01:42:49 获取到号码【1419251】的GSD为【-】
2024-10-11 01:42:50 GSD insert 第 1 次 等待 3 秒
2024-10-11 01:42:53 {"status":"bad","gid":"692883","msg":"添加失败！号码【1419251(-|-)】已存在！"}
2024-10-11 01:42:53 随机等待 119 秒，约 1 分钟
2024-10-11 01:42:53 下次操作: 2024-10-11 01:44:52

2024-10-11 01:44:52 开始第 9256 次操作

2024-10-11 01:44:52 开始操作号码 【1419252】
2024-10-11 01:44:54 GSD getOne 第 1 次 等待 3 秒
2024-10-11 01:44:57 查询号码 【1419252】，返回信息 {"status":"ok","msg":"-","gid":"692901","time_insert":"2023-05-05 04:30"}
2024-10-11 01:44:57 查询号码 【1419252】，GSD为【"-"】
2024-10-11 01:44:57 ok && -
2024-10-11 01:44:59 CHB 1419252?1728582297 第 1 次 等待 3 秒
2024-10-11 01:45:02 CHB 1419252?1728582297 第 1 次 获取到号码【1419252】GSD
2024-10-11 01:45:02 未获取到号码【1419252】GSD，可能号码格式错误
2024-10-11 01:45:02 获取到号码【1419252】的GSD为【-】
2024-10-11 01:45:04 GSD insert 第 1 次 等待 3 秒
2024-10-11 01:45:07 {"status":"bad","gid":"692901","msg":"添加失败！号码【1419252(-|-)】已存在！"}

2024-10-11 02:14:12 开始第 9257 次操作

2024-10-11 02:14:12 开始操作号码 【1419253】
2024-10-11 02:14:14 GSD getOne 第 1 次 等待 3 秒
2024-10-11 02:14:17 查询号码 【1419253】，返回信息 {"status":"ok","msg":"-","gid":"692916","time_insert":"2023-05-05 04:46"}
2024-10-11 02:14:17 查询号码 【1419253】，GSD为【"-"】
2024-10-11 02:14:17 ok && -
2024-10-11 02:14:19 CHB 1419253?1728584057 第 1 次 等待 3 秒
2024-10-11 02:14:22 CHB 1419253?1728584057 第 1 次 获取到号码【1419253】GSD
2024-10-11 02:14:22 未获取到号码【1419253】GSD，可能号码格式错误
2024-10-11 02:14:22 获取到号码【1419253】的GSD为【-】
2024-10-11 02:14:23 GSD insert 第 1 次 等待 3 秒
2024-10-11 02:14:26 {"status":"bad","gid":"692916","msg":"添加失败！号码【1419253(-|-)】已存在！"}
2024-10-11 02:14:26 随机等待 228 秒，约 3 分钟
2024-10-11 02:14:26 下次操作: 2024-10-11 02:18:14

2024-10-11 02:18:14 开始第 9258 次操作

2024-10-11 02:18:14 开始操作号码 【1419254】
2024-10-11 02:18:16 GSD getOne 第 1 次 等待 3 秒
2024-10-11 02:18:19 查询号码 【1419254】，返回信息 {"status":"ok","msg":"-","gid":"692931","time_insert":"2023-05-05 05:02"}
2024-10-11 02:18:19 查询号码 【1419254】，GSD为【"-"】
2024-10-11 02:18:19 ok && -
2024-10-11 02:18:22 CHB 1419254?1728584299 第 1 次 等待 3 秒
2024-10-11 02:18:25 CHB 1419254?1728584299 第 1 次 获取到号码【1419254】GSD
2024-10-11 02:18:25 未获取到号码【1419254】GSD，可能号码格式错误
2024-10-11 02:18:25 获取到号码【1419254】的GSD为【-】
2024-10-11 02:18:27 GSD insert 第 1 次 等待 3 秒
2024-10-11 02:18:30 {"status":"bad","gid":"692931","msg":"添加失败！号码【1419254(-|-)】已存在！"}
2024-10-11 02:18:30 随机等待 212 秒，约 3 分钟
2024-10-11 02:18:30 下次操作: 2024-10-11 02:22:02

2024-10-11 02:22:02 开始第 9259 次操作

2024-10-11 02:22:02 开始操作号码 【1419255】
2024-10-11 02:22:04 GSD getOne 第 1 次 等待 3 秒
2024-10-11 02:22:07 查询号码 【1419255】，返回信息 {"status":"ok","msg":"-","gid":"692947","time_insert":"2023-05-05 05:19"}
2024-10-11 02:22:07 查询号码 【1419255】，GSD为【"-"】
2024-10-11 02:22:07 ok && -
2024-10-11 02:22:09 CHB 1419255?1728584527 第 1 次 等待 3 秒
2024-10-11 02:22:12 CHB 1419255?1728584527 第 1 次 获取到号码【1419255】GSD
2024-10-11 02:22:12 未获取到号码【1419255】GSD，可能号码格式错误
2024-10-11 02:22:12 获取到号码【1419255】的GSD为【-】
2024-10-11 02:22:14 GSD insert 第 1 次 等待 3 秒
2024-10-11 02:22:17 {"status":"bad","gid":"692947","msg":"添加失败！号码【1419255(-|-)】已存在！"}
2024-10-11 02:22:17 随机等待 114 秒，约 1 分钟
2024-10-11 02:22:17 下次操作: 2024-10-11 02:24:11

2024-10-11 02:24:11 开始第 9260 次操作

2024-10-11 02:24:11 开始操作号码 【1419256】
2024-10-11 02:24:13 GSD getOne 第 1 次 等待 3 秒
2024-10-11 02:24:16 查询号码 【1419256】，返回信息 {"status":"ok","msg":"-","gid":"692964","time_insert":"2023-05-05 05:39"}
2024-10-11 02:24:16 查询号码 【1419256】，GSD为【"-"】
2024-10-11 02:24:16 ok && -
2024-10-11 02:24:18 CHB 1419256?1728584656 第 1 次 等待 3 秒
2024-10-11 02:24:21 CHB 1419256?1728584656 第 1 次 获取到号码【1419256】GSD
2024-10-11 02:24:21 未获取到号码【1419256】GSD，可能号码格式错误
2024-10-11 02:24:21 获取到号码【1419256】的GSD为【-】
2024-10-11 02:24:23 GSD insert 第 1 次 等待 3 秒
2024-10-11 02:24:26 {"status":"bad","gid":"692964","msg":"添加失败！号码【1419256(-|-)】已存在！"}

2024-10-11 02:42:05 开始第 9261 次操作

2024-10-11 02:42:05 开始操作号码 【1419257】
2024-10-11 02:42:08 GSD getOne 第 1 次 等待 3 秒
2024-10-11 02:42:11 查询号码 【1419257】，返回信息 {"status":"ok","msg":"-","gid":"692980","time_insert":"2023-05-05 05:56"}
2024-10-11 02:42:11 查询号码 【1419257】，GSD为【"-"】
2024-10-11 02:42:11 ok && -
2024-10-11 02:42:13 CHB 1419257?1728585731 第 1 次 等待 3 秒
2024-10-11 02:42:16 CHB 1419257?1728585731 第 1 次 获取到号码【1419257】GSD
2024-10-11 02:42:16 未获取到号码【1419257】GSD，可能号码格式错误
2024-10-11 02:42:16 获取到号码【1419257】的GSD为【-】
2024-10-11 02:42:19 GSD insert 第 1 次 等待 3 秒
2024-10-11 02:42:22 {"status":"bad","gid":"692980","msg":"添加失败！号码【1419257(-|-)】已存在！"}
2024-10-11 02:42:22 随机等待 118 秒，约 1 分钟
2024-10-11 02:42:22 下次操作: 2024-10-11 02:44:20

2024-10-11 02:44:20 开始第 9262 次操作

2024-10-11 02:44:20 开始操作号码 【1419258】
2024-10-11 02:44:23 GSD getOne 第 1 次 等待 3 秒
2024-10-11 02:44:26 查询号码 【1419258】，返回信息 {"status":"ok","msg":"-","gid":"692995","time_insert":"2023-05-05 06:13"}
2024-10-11 02:44:26 查询号码 【1419258】，GSD为【"-"】
2024-10-11 02:44:26 ok && -
2024-10-11 02:44:28 CHB 1419258?1728585866 第 1 次 等待 3 秒
2024-10-11 02:44:31 CHB 1419258?1728585866 第 1 次 获取到号码【1419258】GSD
2024-10-11 02:44:31 未获取到号码【1419258】GSD，可能号码格式错误
2024-10-11 02:44:31 获取到号码【1419258】的GSD为【-】
2024-10-11 02:44:33 GSD insert 第 1 次 等待 3 秒
2024-10-11 02:44:36 {"status":"bad","gid":"692995","msg":"添加失败！号码【1419258(-|-)】已存在！"}
2024-10-11 02:44:36 随机等待 221 秒，约 3 分钟
2024-10-11 02:44:36 下次操作: 2024-10-11 02:48:17

2024-10-11 02:48:17 开始第 9263 次操作

2024-10-11 02:48:17 开始操作号码 【1419259】
2024-10-11 02:48:19 GSD getOne 第 1 次 等待 3 秒
2024-10-11 02:48:22 查询号码 【1419259】，返回信息 {"status":"ok","msg":"-","gid":"693008","time_insert":"2023-05-05 06:29"}
2024-10-11 02:48:22 查询号码 【1419259】，GSD为【"-"】
2024-10-11 02:48:22 ok && -
2024-10-11 02:48:24 CHB 1419259?1728586102 第 1 次 等待 3 秒
2024-10-11 02:48:27 CHB 1419259?1728586102 第 1 次 获取到号码【1419259】GSD
2024-10-11 02:48:27 未获取到号码【1419259】GSD，可能号码格式错误
2024-10-11 02:48:27 获取到号码【1419259】的GSD为【-】
2024-10-11 02:48:29 GSD insert 第 1 次 等待 3 秒
2024-10-11 02:48:32 {"status":"bad","gid":"693008","msg":"添加失败！号码【1419259(-|-)】已存在！"}
2024-10-11 02:48:32 随机等待 78 秒，约 1 分钟
2024-10-11 02:48:32 下次操作: 2024-10-11 02:49:50

2024-10-11 02:49:50 开始第 9264 次操作

2024-10-11 02:49:50 开始操作号码 【1419260】
2024-10-11 02:49:52 GSD getOne 第 1 次 等待 3 秒
2024-10-11 02:49:55 查询号码 【1419260】，返回信息 {"status":"ok","msg":"-","gid":"693025","time_insert":"2023-05-05 06:47"}
2024-10-11 02:49:55 查询号码 【1419260】，GSD为【"-"】
2024-10-11 02:49:55 ok && -
2024-10-11 02:49:57 CHB 1419260?1728586195 第 1 次 等待 3 秒
2024-10-11 02:50:00 CHB 1419260?1728586195 第 1 次 获取到号码【1419260】GSD
2024-10-11 02:50:00 未获取到号码【1419260】GSD，可能号码格式错误
2024-10-11 02:50:00 获取到号码【1419260】的GSD为【-】
2024-10-11 02:50:02 GSD insert 第 1 次 等待 3 秒
2024-10-11 02:50:05 {"status":"bad","gid":"693025","msg":"添加失败！号码【1419260(-|-)】已存在！"}

2024-10-11 03:08:33 开始第 9265 次操作

2024-10-11 03:08:33 开始操作号码 【1419261】
2024-10-11 03:08:38 GSD getOne 第 1 次 等待 3 秒
2024-10-11 03:08:41 查询号码 【1419261】，返回信息 {"status":"ok","msg":"-","gid":"693039","time_insert":"2023-05-05 07:03"}
2024-10-11 03:08:41 查询号码 【1419261】，GSD为【"-"】
2024-10-11 03:08:41 ok && -
2024-10-11 03:08:44 CHB 1419261?1728587321 第 1 次 等待 3 秒
2024-10-11 03:08:47 CHB 1419261?1728587321 第 1 次 获取到号码【1419261】GSD
2024-10-11 03:08:47 未获取到号码【1419261】GSD，可能号码格式错误
2024-10-11 03:08:47 获取到号码【1419261】的GSD为【-】
2024-10-11 03:08:49 GSD insert 第 1 次 等待 3 秒
2024-10-11 03:08:52 {"status":"bad","gid":"693039","msg":"添加失败！号码【1419261(-|-)】已存在！"}
2024-10-11 03:08:52 随机等待 67 秒，约 1 分钟
2024-10-11 03:08:52 下次操作: 2024-10-11 03:09:59

2024-10-11 03:09:59 开始第 9266 次操作

2024-10-11 03:09:59 开始操作号码 【1419262】
2024-10-11 03:10:01 GSD getOne 第 1 次 等待 3 秒
2024-10-11 03:10:04 查询号码 【1419262】，返回信息 {"status":"ok","msg":"-","gid":"693056","time_insert":"2023-05-05 07:21"}
2024-10-11 03:10:04 查询号码 【1419262】，GSD为【"-"】
2024-10-11 03:10:04 ok && -
2024-10-11 03:10:06 CHB 1419262?1728587404 第 1 次 等待 3 秒
2024-10-11 03:10:09 CHB 1419262?1728587404 第 1 次 获取到号码【1419262】GSD
2024-10-11 03:10:09 未获取到号码【1419262】GSD，可能号码格式错误
2024-10-11 03:10:09 获取到号码【1419262】的GSD为【-】
2024-10-11 03:10:11 GSD insert 第 1 次 等待 3 秒
2024-10-11 03:10:14 {"status":"bad","gid":"693056","msg":"添加失败！号码【1419262(-|-)】已存在！"}
2024-10-11 03:10:14 随机等待 190 秒，约 3 分钟
2024-10-11 03:10:14 下次操作: 2024-10-11 03:13:24

2024-10-11 03:13:24 开始第 9267 次操作

2024-10-11 03:13:24 开始操作号码 【1419263】
2024-10-11 03:13:26 GSD getOne 第 1 次 等待 3 秒
2024-10-11 03:13:29 查询号码 【1419263】，返回信息 {"status":"ok","msg":"-","gid":"693073","time_insert":"2023-05-05 07:40"}
2024-10-11 03:13:29 查询号码 【1419263】，GSD为【"-"】
2024-10-11 03:13:29 ok && -
2024-10-11 03:13:31 CHB 1419263?1728587609 第 1 次 等待 3 秒
2024-10-11 03:13:34 CHB 1419263?1728587609 第 1 次 获取到号码【1419263】GSD
2024-10-11 03:13:34 未获取到号码【1419263】GSD，可能号码格式错误
2024-10-11 03:13:34 获取到号码【1419263】的GSD为【-】
2024-10-11 03:13:36 GSD insert 第 1 次 等待 3 秒
2024-10-11 03:13:39 {"status":"bad","gid":"693073","msg":"添加失败！号码【1419263(-|-)】已存在！"}
2024-10-11 03:13:39 随机等待 92 秒，约 1 分钟
2024-10-11 03:13:39 下次操作: 2024-10-11 03:15:11

2024-10-11 03:15:11 开始第 9268 次操作

2024-10-11 03:15:11 开始操作号码 【1419264】
2024-10-11 03:15:13 GSD getOne 第 1 次 等待 3 秒
2024-10-11 03:15:16 查询号码 【1419264】，返回信息 {"status":"ok","msg":"-","gid":"693089","time_insert":"2023-05-05 07:56"}
2024-10-11 03:15:16 查询号码 【1419264】，GSD为【"-"】
2024-10-11 03:15:16 ok && -
2024-10-11 03:15:18 CHB 1419264?1728587716 第 1 次 等待 3 秒
2024-10-11 03:15:21 CHB 1419264?1728587716 第 1 次 获取到号码【1419264】GSD
2024-10-11 03:15:21 未获取到号码【1419264】GSD，可能号码格式错误
2024-10-11 03:15:21 获取到号码【1419264】的GSD为【-】
2024-10-11 03:15:23 GSD insert 第 1 次 等待 3 秒
2024-10-11 03:15:26 {"status":"bad","gid":"693089","msg":"添加失败！号码【1419264(-|-)】已存在！"}

2024-10-11 03:33:36 开始第 9269 次操作

2024-10-11 03:33:36 开始操作号码 【1419265】
2024-10-11 03:33:38 GSD getOne 第 1 次 等待 3 秒
2024-10-11 03:33:41 查询号码 【1419265】，返回信息 {"status":"ok","msg":"-","gid":"693105","time_insert":"2023-05-05 08:14"}
2024-10-11 03:33:41 查询号码 【1419265】，GSD为【"-"】
2024-10-11 03:33:41 ok && -
2024-10-11 03:33:43 CHB 1419265?1728588821 第 1 次 等待 3 秒
2024-10-11 03:33:46 CHB 1419265?1728588821 第 1 次 获取到号码【1419265】GSD
2024-10-11 03:33:46 未获取到号码【1419265】GSD，可能号码格式错误
2024-10-11 03:33:46 获取到号码【1419265】的GSD为【-】
2024-10-11 03:33:48 GSD insert 第 1 次 等待 3 秒
2024-10-11 03:33:51 {"status":"bad","gid":"693105","msg":"添加失败！号码【1419265(-|-)】已存在！"}
2024-10-11 03:33:51 随机等待 102 秒，约 1 分钟
2024-10-11 03:33:51 下次操作: 2024-10-11 03:35:33

2024-10-11 03:35:33 开始第 9270 次操作

2024-10-11 03:35:33 开始操作号码 【1419266】
2024-10-11 03:35:36 GSD getOne 第 1 次 等待 3 秒
2024-10-11 03:35:39 查询号码 【1419266】，返回信息 {"status":"ok","msg":"-","gid":"693122","time_insert":"2023-05-05 08:30"}
2024-10-11 03:35:39 查询号码 【1419266】，GSD为【"-"】
2024-10-11 03:35:39 ok && -
2024-10-11 03:35:40 CHB 1419266?1728588939 第 1 次 等待 3 秒
2024-10-11 03:35:43 CHB 1419266?1728588939 第 1 次 获取到号码【1419266】GSD
2024-10-11 03:35:43 未获取到号码【1419266】GSD，可能号码格式错误
2024-10-11 03:35:43 获取到号码【1419266】的GSD为【-】
2024-10-11 03:35:45 GSD insert 第 1 次 等待 3 秒
2024-10-11 03:35:48 {"status":"bad","gid":"693122","msg":"添加失败！号码【1419266(-|-)】已存在！"}
2024-10-11 03:35:48 随机等待 77 秒，约 1 分钟
2024-10-11 03:35:48 下次操作: 2024-10-11 03:37:05

2024-10-11 03:37:05 开始第 9271 次操作

2024-10-11 03:37:05 开始操作号码 【1419267】
2024-10-11 03:37:07 GSD getOne 第 1 次 等待 3 秒
2024-10-11 03:37:10 查询号码 【1419267】，返回信息 {"status":"ok","msg":"-","gid":"693137","time_insert":"2023-05-05 08:47"}
2024-10-11 03:37:10 查询号码 【1419267】，GSD为【"-"】
2024-10-11 03:37:10 ok && -
2024-10-11 03:37:13 CHB 1419267?1728589030 第 1 次 等待 3 秒
2024-10-11 03:37:16 CHB 1419267?1728589030 第 1 次 获取到号码【1419267】GSD
2024-10-11 03:37:16 未获取到号码【1419267】GSD，可能号码格式错误
2024-10-11 03:37:16 获取到号码【1419267】的GSD为【-】
2024-10-11 03:37:19 GSD insert 第 1 次 等待 3 秒
2024-10-11 03:37:22 {"status":"bad","gid":"693137","msg":"添加失败！号码【1419267(-|-)】已存在！"}
2024-10-11 03:37:22 随机等待 127 秒，约 2 分钟
2024-10-11 03:37:22 下次操作: 2024-10-11 03:39:29

2024-10-11 03:39:29 开始第 9272 次操作

2024-10-11 03:39:29 开始操作号码 【1419268】
2024-10-11 03:39:31 GSD getOne 第 1 次 等待 3 秒
2024-10-11 03:39:34 查询号码 【1419268】，返回信息 {"status":"ok","msg":"-","gid":"693153","time_insert":"2023-05-05 09:04"}
2024-10-11 03:39:34 查询号码 【1419268】，GSD为【"-"】
2024-10-11 03:39:34 ok && -
2024-10-11 03:39:35 CHB 1419268?1728589174 第 1 次 等待 3 秒
2024-10-11 03:39:38 CHB 1419268?1728589174 第 1 次 获取到号码【1419268】GSD
2024-10-11 03:39:38 未获取到号码【1419268】GSD，可能号码格式错误
2024-10-11 03:39:38 获取到号码【1419268】的GSD为【-】
2024-10-11 03:39:41 GSD insert 第 1 次 等待 3 秒
2024-10-11 03:39:44 {"status":"bad","gid":"693153","msg":"添加失败！号码【1419268(-|-)】已存在！"}

2024-10-11 04:11:49 开始第 9273 次操作

2024-10-11 04:11:49 开始操作号码 【1419269】
2024-10-11 04:11:53 GSD getOne 第 1 次 等待 3 秒
2024-10-11 04:11:56 查询号码 【1419269】，返回信息 {"status":"ok","msg":"-","gid":"693167","time_insert":"2023-05-05 09:21"}
2024-10-11 04:11:56 查询号码 【1419269】，GSD为【"-"】
2024-10-11 04:11:56 ok && -
2024-10-11 04:11:58 CHB 1419269?1728591116 第 1 次 等待 3 秒
2024-10-11 04:12:01 CHB 1419269?1728591116 第 1 次 获取到号码【1419269】GSD
2024-10-11 04:12:01 未获取到号码【1419269】GSD，可能号码格式错误
2024-10-11 04:12:01 获取到号码【1419269】的GSD为【-】
2024-10-11 04:12:04 GSD insert 第 1 次 等待 3 秒
2024-10-11 04:12:07 {"status":"bad","gid":"693167","msg":"添加失败！号码【1419269(-|-)】已存在！"}
2024-10-11 04:12:07 随机等待 97 秒，约 1 分钟
2024-10-11 04:12:07 下次操作: 2024-10-11 04:13:44

2024-10-11 04:13:44 开始第 9274 次操作

2024-10-11 04:13:44 开始操作号码 【1419270】
2024-10-11 04:13:46 GSD getOne 第 1 次 等待 3 秒
2024-10-11 04:13:49 查询号码 【1419270】，返回信息 {"status":"ok","msg":"-","gid":"693185","time_insert":"2023-05-05 09:41"}
2024-10-11 04:13:49 查询号码 【1419270】，GSD为【"-"】
2024-10-11 04:13:49 ok && -
2024-10-11 04:13:52 CHB 1419270?1728591229 第 1 次 等待 3 秒
2024-10-11 04:13:55 CHB 1419270?1728591229 第 1 次 获取到号码【1419270】GSD
2024-10-11 04:13:55 未获取到号码【1419270】GSD，可能号码格式错误
2024-10-11 04:13:55 获取到号码【1419270】的GSD为【-】
2024-10-11 04:13:56 GSD insert 第 1 次 等待 3 秒
2024-10-11 04:13:59 {"status":"bad","gid":"693185","msg":"添加失败！号码【1419270(-|-)】已存在！"}
2024-10-11 04:13:59 随机等待 105 秒，约 1 分钟
2024-10-11 04:13:59 下次操作: 2024-10-11 04:15:44

2024-10-11 04:15:44 开始第 9275 次操作

2024-10-11 04:15:44 开始操作号码 【1419271】
2024-10-11 04:15:46 GSD getOne 第 1 次 等待 3 秒
2024-10-11 04:15:49 查询号码 【1419271】，返回信息 {"status":"ok","msg":"-","gid":"693203","time_insert":"2023-05-05 09:59"}
2024-10-11 04:15:49 查询号码 【1419271】，GSD为【"-"】
2024-10-11 04:15:49 ok && -
2024-10-11 04:15:51 CHB 1419271?1728591349 第 1 次 等待 3 秒
2024-10-11 04:15:54 CHB 1419271?1728591349 第 1 次 获取到号码【1419271】GSD
2024-10-11 04:15:54 未获取到号码【1419271】GSD，可能号码格式错误
2024-10-11 04:15:54 获取到号码【1419271】的GSD为【-】
2024-10-11 04:15:55 GSD insert 第 1 次 等待 3 秒
2024-10-11 04:15:58 {"status":"bad","gid":"693203","msg":"添加失败！号码【1419271(-|-)】已存在！"}
2024-10-11 04:15:58 随机等待 167 秒，约 2 分钟
2024-10-11 04:15:58 下次操作: 2024-10-11 04:18:45

2024-10-11 04:18:45 开始第 9276 次操作

2024-10-11 04:18:45 开始操作号码 【1419272】
2024-10-11 04:18:47 GSD getOne 第 1 次 等待 3 秒
2024-10-11 04:18:50 查询号码 【1419272】，返回信息 {"status":"ok","msg":"-","gid":"693216","time_insert":"2023-05-05 10:14"}
2024-10-11 04:18:50 查询号码 【1419272】，GSD为【"-"】
2024-10-11 04:18:50 ok && -
2024-10-11 04:18:52 CHB 1419272?1728591530 第 1 次 等待 3 秒
2024-10-11 04:18:55 CHB 1419272?1728591530 第 1 次 获取到号码【1419272】GSD
2024-10-11 04:18:55 未获取到号码【1419272】GSD，可能号码格式错误
2024-10-11 04:18:55 获取到号码【1419272】的GSD为【-】
2024-10-11 04:18:57 GSD insert 第 1 次 等待 3 秒
2024-10-11 04:19:00 {"status":"bad","gid":"693216","msg":"添加失败！号码【1419272(-|-)】已存在！"}

2024-10-11 04:35:42 开始第 9277 次操作

2024-10-11 04:35:42 开始操作号码 【1419273】
2024-10-11 04:35:44 GSD getOne 第 1 次 等待 3 秒
2024-10-11 04:35:47 查询号码 【1419273】，返回信息 {"status":"ok","msg":"-","gid":"693232","time_insert":"2023-05-05 10:33"}
2024-10-11 04:35:47 查询号码 【1419273】，GSD为【"-"】
2024-10-11 04:35:47 ok && -
2024-10-11 04:35:49 CHB 1419273?1728592547 第 1 次 等待 3 秒
2024-10-11 04:35:52 CHB 1419273?1728592547 第 1 次 获取到号码【1419273】GSD
2024-10-11 04:35:52 未获取到号码【1419273】GSD，可能号码格式错误
2024-10-11 04:35:52 获取到号码【1419273】的GSD为【-】
2024-10-11 04:35:54 GSD insert 第 1 次 等待 3 秒
2024-10-11 04:35:57 {"status":"bad","gid":"693232","msg":"添加失败！号码【1419273(-|-)】已存在！"}
2024-10-11 04:35:57 随机等待 83 秒，约 1 分钟
2024-10-11 04:35:57 下次操作: 2024-10-11 04:37:20

2024-10-11 04:37:20 开始第 9278 次操作

2024-10-11 04:37:20 开始操作号码 【1419274】
2024-10-11 04:37:22 GSD getOne 第 1 次 等待 3 秒
2024-10-11 04:37:25 查询号码 【1419274】，返回信息 {"status":"ok","msg":"-","gid":"693249","time_insert":"2023-05-05 10:53"}
2024-10-11 04:37:25 查询号码 【1419274】，GSD为【"-"】
2024-10-11 04:37:25 ok && -
2024-10-11 04:37:27 CHB 1419274?1728592645 第 1 次 等待 3 秒
2024-10-11 04:37:30 CHB 1419274?1728592645 第 1 次 获取到号码【1419274】GSD
2024-10-11 04:37:30 未获取到号码【1419274】GSD，可能号码格式错误
2024-10-11 04:37:30 获取到号码【1419274】的GSD为【-】
2024-10-11 04:37:32 GSD insert 第 1 次 等待 3 秒
2024-10-11 04:37:35 {"status":"bad","gid":"693249","msg":"添加失败！号码【1419274(-|-)】已存在！"}
2024-10-11 04:37:35 随机等待 133 秒，约 2 分钟
2024-10-11 04:37:35 下次操作: 2024-10-11 04:39:48

2024-10-11 04:39:48 开始第 9279 次操作

2024-10-11 04:39:48 开始操作号码 【1419275】
2024-10-11 04:39:50 GSD getOne 第 1 次 等待 3 秒
2024-10-11 04:39:53 查询号码 【1419275】，返回信息 {"status":"ok","msg":"-","gid":"693265","time_insert":"2023-05-05 11:11"}
2024-10-11 04:39:53 查询号码 【1419275】，GSD为【"-"】
2024-10-11 04:39:53 ok && -
2024-10-11 04:44:53 CHB 1419275?1728592793 第 1 次 等待 3 秒
2024-10-11 04:44:56 CHB 1419275?1728592793 第 1 次 未获取到 等待 197 秒 下次操作: 2024-10-11 04:48:13
2024-10-11 04:48:15 CHB 1419275?1728593293 第 2 次 等待 3 秒
2024-10-11 04:48:18 CHB 1419275?1728593293 第 2 次 获取到号码【1419275】GSD
2024-10-11 04:48:18 未获取到号码【1419275】GSD，可能号码格式错误
2024-10-11 04:48:18 获取到号码【1419275】的GSD为【-】
2024-10-11 04:48:20 GSD insert 第 1 次 等待 3 秒
2024-10-11 04:48:23 {"status":"bad","gid":"693265","msg":"添加失败！号码【1419275(-|-)】已存在！"}
2024-10-11 04:48:23 随机等待 89 秒，约 1 分钟
2024-10-11 04:48:23 下次操作: 2024-10-11 04:49:52

2024-10-11 04:49:52 开始第 9280 次操作

2024-10-11 04:49:52 开始操作号码 【1419276】
2024-10-11 04:49:55 GSD getOne 第 1 次 等待 3 秒
2024-10-11 04:49:58 查询号码 【1419276】，返回信息 {"status":"ok","msg":"-","gid":"693284","time_insert":"2023-05-05 11:30"}
2024-10-11 04:49:58 查询号码 【1419276】，GSD为【"-"】
2024-10-11 04:49:58 ok && -
2024-10-11 04:50:00 CHB 1419276?1728593398 第 1 次 等待 3 秒
2024-10-11 04:50:03 CHB 1419276?1728593398 第 1 次 获取到号码【1419276】GSD
2024-10-11 04:50:03 未获取到号码【1419276】GSD，可能号码格式错误
2024-10-11 04:50:03 获取到号码【1419276】的GSD为【-】
2024-10-11 04:50:04 GSD insert 第 1 次 等待 3 秒
2024-10-11 04:50:07 {"status":"bad","gid":"693284","msg":"添加失败！号码【1419276(-|-)】已存在！"}

