2024-05-18 00:21:18 开始第 9353 次操作

2024-05-18 00:21:18 开始操作号码 【1639260】
2024-05-18 00:21:24 GSD getOne 第 1 次 等待 3 秒
2024-05-18 00:21:27 查询号码 【1639260】，返回信息 {"status":"ok","msg":"-","gid":"688232","time_insert":"2023-05-01 09:18"}
2024-05-18 00:21:27 查询号码 【1639260】，GSD为【"-"】
2024-05-18 00:21:27 ok && -
2024-05-18 00:21:29 CHB 1639260?1715962887 第 1 次 等待 3 秒
2024-05-18 00:21:32 CHB 1639260?1715962887 第 1 次 获取到号码【1639260】GSD
2024-05-18 00:21:32 未获取到号码【1639260】GSD，可能号码格式错误
2024-05-18 00:21:32 获取到号码【1639260】的GSD为【-】
2024-05-18 00:21:39 GSD insert 第 1 次 等待 3 秒
2024-05-18 00:21:42 {"status":"bad","gid":"688232","msg":"添加失败！号码【1639260(-|-)】已存在！"}
2024-05-18 00:21:42 随机等待 124 秒，约 2 分钟
2024-05-18 00:21:42 下次操作: 2024-05-18 00:23:46

2024-05-18 00:23:46 开始第 9354 次操作

2024-05-18 00:23:46 开始操作号码 【1639261】
2024-05-18 00:23:52 GSD getOne 第 1 次 等待 3 秒
2024-05-18 00:23:55 查询号码 【1639261】，返回信息 {"status":"ok","msg":"-","gid":"688244","time_insert":"2023-05-01 09:34"}
2024-05-18 00:23:55 查询号码 【1639261】，GSD为【"-"】
2024-05-18 00:23:55 ok && -
2024-05-18 00:23:57 CHB 1639261?1715963035 第 1 次 等待 3 秒
2024-05-18 00:24:00 CHB 1639261?1715963035 第 1 次 获取到号码【1639261】GSD
2024-05-18 00:24:00 未获取到号码【1639261】GSD，可能号码格式错误
2024-05-18 00:24:00 获取到号码【1639261】的GSD为【-】
2024-05-18 00:24:13 GSD insert 第 1 次 等待 3 秒
2024-05-18 00:24:16 {"status":"bad","gid":"688244","msg":"添加失败！号码【1639261(-|-)】已存在！"}
2024-05-18 00:24:16 随机等待 200 秒，约 3 分钟
2024-05-18 00:24:16 下次操作: 2024-05-18 00:27:36

2024-05-18 00:27:36 开始第 9355 次操作

2024-05-18 00:27:36 开始操作号码 【1639262】
2024-05-18 00:27:43 GSD getOne 第 1 次 等待 3 秒
2024-05-18 00:27:46 查询号码 【1639262】，返回信息 {"status":"ok","msg":"-","gid":"688257","time_insert":"2023-05-01 09:50"}
2024-05-18 00:27:46 查询号码 【1639262】，GSD为【"-"】
2024-05-18 00:27:46 ok && -
2024-05-18 00:27:48 CHB 1639262?1715963266 第 1 次 等待 3 秒
2024-05-18 00:27:51 CHB 1639262?1715963266 第 1 次 获取到号码【1639262】GSD
2024-05-18 00:27:51 未获取到号码【1639262】GSD，可能号码格式错误
2024-05-18 00:27:51 获取到号码【1639262】的GSD为【-】
2024-05-18 00:27:58 GSD insert 第 1 次 等待 3 秒
2024-05-18 00:28:01 {"status":"bad","gid":"688257","msg":"添加失败！号码【1639262(-|-)】已存在！"}
2024-05-18 00:28:01 随机等待 107 秒，约 1 分钟
2024-05-18 00:28:01 下次操作: 2024-05-18 00:29:48

2024-05-18 00:29:48 开始第 9356 次操作

2024-05-18 00:29:48 开始操作号码 【1639263】
2024-05-18 00:29:55 GSD getOne 第 1 次 等待 3 秒
2024-05-18 00:29:58 查询号码 【1639263】，返回信息 {"status":"ok","msg":"-","gid":"688271","time_insert":"2023-05-01 10:06"}
2024-05-18 00:29:58 查询号码 【1639263】，GSD为【"-"】
2024-05-18 00:29:58 ok && -
2024-05-18 00:30:00 CHB 1639263?1715963398 第 1 次 等待 3 秒
2024-05-18 00:30:03 CHB 1639263?1715963398 第 1 次 获取到号码【1639263】GSD
2024-05-18 00:30:03 未获取到号码【1639263】GSD，可能号码格式错误
2024-05-18 00:30:03 获取到号码【1639263】的GSD为【-】
2024-05-18 00:30:08 GSD insert 第 1 次 等待 3 秒
2024-05-18 00:30:11 {"status":"bad","gid":"688271","msg":"添加失败！号码【1639263(-|-)】已存在！"}

2024-05-18 00:40:33 开始第 9357 次操作

2024-05-18 00:40:33 开始操作号码 【1639264】
2024-05-18 00:40:42 GSD getOne 第 1 次 等待 3 秒
2024-05-18 00:40:45 查询号码 【1639264】，返回信息 {"status":"ok","msg":"-","gid":"688284","time_insert":"2023-05-01 10:25"}
2024-05-18 00:40:45 查询号码 【1639264】，GSD为【"-"】
2024-05-18 00:40:45 ok && -
2024-05-18 00:40:47 CHB 1639264?1715964045 第 1 次 等待 3 秒
2024-05-18 00:40:50 CHB 1639264?1715964045 第 1 次 获取到号码【1639264】GSD
2024-05-18 00:40:50 未获取到号码【1639264】GSD，可能号码格式错误
2024-05-18 00:40:50 获取到号码【1639264】的GSD为【-】
2024-05-18 00:40:59 GSD insert 第 1 次 等待 3 秒
2024-05-18 00:41:02 {"status":"bad","gid":"688284","msg":"添加失败！号码【1639264(-|-)】已存在！"}
2024-05-18 00:41:02 随机等待 150 秒，约 2 分钟
2024-05-18 00:41:02 下次操作: 2024-05-18 00:43:32

2024-05-18 00:43:32 开始第 9358 次操作

2024-05-18 00:43:32 开始操作号码 【1639265】
2024-05-18 00:43:38 GSD getOne 第 1 次 等待 3 秒
2024-05-18 00:43:41 查询号码 【1639265】，返回信息 {"status":"ok","msg":"-","gid":"688298","time_insert":"2023-05-01 10:43"}
2024-05-18 00:43:41 查询号码 【1639265】，GSD为【"-"】
2024-05-18 00:43:41 ok && -
2024-05-18 00:43:44 CHB 1639265?1715964221 第 1 次 等待 3 秒
2024-05-18 00:43:47 CHB 1639265?1715964221 第 1 次 获取到号码【1639265】GSD
2024-05-18 00:43:47 未获取到号码【1639265】GSD，可能号码格式错误
2024-05-18 00:43:47 获取到号码【1639265】的GSD为【-】
2024-05-18 00:43:53 GSD insert 第 1 次 等待 3 秒
2024-05-18 00:43:56 {"status":"bad","gid":"688298","msg":"添加失败！号码【1639265(-|-)】已存在！"}
2024-05-18 00:43:56 随机等待 199 秒，约 3 分钟
2024-05-18 00:43:56 下次操作: 2024-05-18 00:47:15

2024-05-18 00:47:15 开始第 9359 次操作

2024-05-18 00:47:15 开始操作号码 【1639266】
2024-05-18 00:47:21 GSD getOne 第 1 次 等待 3 秒
2024-05-18 00:47:24 查询号码 【1639266】，返回信息 {"status":"ok","msg":"-","gid":"688314","time_insert":"2023-05-01 11:02"}
2024-05-18 00:47:24 查询号码 【1639266】，GSD为【"-"】
2024-05-18 00:47:24 ok && -
2024-05-18 00:47:26 CHB 1639266?1715964444 第 1 次 等待 3 秒
2024-05-18 00:47:29 CHB 1639266?1715964444 第 1 次 获取到号码【1639266】GSD
2024-05-18 00:47:29 未获取到号码【1639266】GSD，可能号码格式错误
2024-05-18 00:47:29 获取到号码【1639266】的GSD为【-】
2024-05-18 00:47:36 GSD insert 第 1 次 等待 3 秒
2024-05-18 00:47:39 {"status":"bad","gid":"688314","msg":"添加失败！号码【1639266(-|-)】已存在！"}
2024-05-18 00:47:39 随机等待 234 秒，约 3 分钟
2024-05-18 00:47:39 下次操作: 2024-05-18 00:51:33

2024-05-18 00:51:33 开始第 9360 次操作

2024-05-18 00:51:33 开始操作号码 【1639267】
2024-05-18 00:51:37 GSD getOne 第 1 次 等待 3 秒
2024-05-18 00:51:40 查询号码 【1639267】，返回信息 {"status":"ok","msg":"-","gid":"688325","time_insert":"2023-05-01 11:18"}
2024-05-18 00:51:40 查询号码 【1639267】，GSD为【"-"】
2024-05-18 00:51:40 ok && -
2024-05-18 00:52:00 CHB 1639267?1715964700 第 1 次 等待 3 秒
2024-05-18 00:52:03 CHB 1639267?1715964700 第 1 次 获取到号码【1639267】GSD
2024-05-18 00:52:03 未获取到号码【1639267】GSD，可能号码格式错误
2024-05-18 00:52:03 获取到号码【1639267】的GSD为【-】
2024-05-18 00:52:13 GSD insert 第 1 次 等待 3 秒
2024-05-18 00:52:16 {"status":"bad","gid":"688325","msg":"添加失败！号码【1639267(-|-)】已存在！"}

