2024-04-12 00:19:27 开始第 3165 次操作

2024-04-12 00:19:27 开始操作号码 【1633083】
2024-04-12 00:19:33 GSD getOne 第 1 次 等待 3 秒
2024-04-12 00:19:36 查询号码 【1633083】，返回信息 {"status":"ok","msg":"-","gid":"578697","time_insert":"2023-03-09 01:43"}
2024-04-12 00:19:36 查询号码 【1633083】，GSD为【"-"】
2024-04-12 00:19:36 ok && -
2024-04-12 00:19:37 CHB 1633083?1712852376 第 1 次 等待 3 秒
2024-04-12 00:19:40 CHB 1633083?1712852376 第 1 次 获取到号码【1633083】GSD
2024-04-12 00:19:40 未获取到号码【1633083】GSD，可能号码格式错误
2024-04-12 00:19:40 获取到号码【1633083】的GSD为【-】
2024-04-12 00:19:45 GSD insert 第 1 次 等待 3 秒
2024-04-12 00:19:48 {"status":"bad","gid":"578697","msg":"添加失败！号码【1633083(-|-)】已存在！"}
2024-04-12 00:19:48 随机等待 147 秒，约 2 分钟
2024-04-12 00:19:48 下次操作: 2024-04-12 00:22:15

2024-04-12 00:22:15 开始第 3166 次操作

2024-04-12 00:22:15 开始操作号码 【1633084】
2024-04-12 00:22:20 GSD getOne 第 1 次 等待 3 秒
2024-04-12 00:22:23 查询号码 【1633084】，返回信息 {"status":"ok","msg":"-","gid":"578736","time_insert":"2023-03-09 02:06"}
2024-04-12 00:22:23 查询号码 【1633084】，GSD为【"-"】
2024-04-12 00:22:23 ok && -
2024-04-12 00:22:26 CHB 1633084?1712852543 第 1 次 等待 3 秒
2024-04-12 00:22:29 CHB 1633084?1712852543 第 1 次 获取到号码【1633084】GSD
2024-04-12 00:22:29 未获取到号码【1633084】GSD，可能号码格式错误
2024-04-12 00:22:29 获取到号码【1633084】的GSD为【-】
2024-04-12 00:22:37 GSD insert 第 1 次 等待 3 秒
2024-04-12 00:22:40 {"status":"bad","gid":"578736","msg":"添加失败！号码【1633084(-|-)】已存在！"}
2024-04-12 00:22:40 随机等待 158 秒，约 2 分钟
2024-04-12 00:22:40 下次操作: 2024-04-12 00:25:18

2024-04-12 00:25:18 开始第 3167 次操作

2024-04-12 00:25:18 开始操作号码 【1633085】
2024-04-12 00:25:23 GSD getOne 第 1 次 等待 3 秒
2024-04-12 00:25:26 查询号码 【1633085】，返回信息 {"status":"ok","msg":"-","gid":"578757","time_insert":"2023-03-09 02:24"}
2024-04-12 00:25:26 查询号码 【1633085】，GSD为【"-"】
2024-04-12 00:25:26 ok && -
2024-04-12 00:25:28 CHB 1633085?1712852726 第 1 次 等待 3 秒
2024-04-12 00:25:31 CHB 1633085?1712852726 第 1 次 获取到号码【1633085】GSD
2024-04-12 00:25:31 未获取到号码【1633085】GSD，可能号码格式错误
2024-04-12 00:25:31 获取到号码【1633085】的GSD为【-】
2024-04-12 00:25:39 GSD insert 第 1 次 等待 3 秒
2024-04-12 00:25:42 {"status":"bad","gid":"578757","msg":"添加失败！号码【1633085(-|-)】已存在！"}
2024-04-12 00:25:42 随机等待 136 秒，约 2 分钟
2024-04-12 00:25:42 下次操作: 2024-04-12 00:27:58

2024-04-12 00:27:58 开始第 3168 次操作

2024-04-12 00:27:58 开始操作号码 【1633086】
2024-04-12 00:28:02 GSD getOne 第 1 次 等待 3 秒
2024-04-12 00:28:05 查询号码 【1633086】，返回信息 {"status":"ok","msg":"-","gid":"578779","time_insert":"2023-03-09 02:39"}
2024-04-12 00:28:05 查询号码 【1633086】，GSD为【"-"】
2024-04-12 00:28:05 ok && -
2024-04-12 00:28:08 CHB 1633086?1712852885 第 1 次 等待 3 秒
2024-04-12 00:28:11 CHB 1633086?1712852885 第 1 次 获取到号码【1633086】GSD
2024-04-12 00:28:11 未获取到号码【1633086】GSD，可能号码格式错误
2024-04-12 00:28:11 获取到号码【1633086】的GSD为【-】
2024-04-12 00:28:18 GSD insert 第 1 次 等待 3 秒
2024-04-12 00:28:21 {"status":"bad","gid":"578779","msg":"添加失败！号码【1633086(-|-)】已存在！"}

2024-04-12 00:37:38 开始第 3169 次操作

2024-04-12 00:37:38 开始操作号码 【1633087】
2024-04-12 00:37:44 GSD getOne 第 1 次 等待 3 秒
2024-04-12 00:37:47 查询号码 【1633087】，返回信息 {"status":"ok","msg":"-","gid":"578807","time_insert":"2023-03-09 02:57"}
2024-04-12 00:37:47 查询号码 【1633087】，GSD为【"-"】
2024-04-12 00:37:47 ok && -
2024-04-12 00:37:49 CHB 1633087?1712853467 第 1 次 等待 3 秒
2024-04-12 00:37:52 CHB 1633087?1712853467 第 1 次 获取到号码【1633087】GSD
2024-04-12 00:37:52 未获取到号码【1633087】GSD，可能号码格式错误
2024-04-12 00:37:52 获取到号码【1633087】的GSD为【-】
2024-04-12 00:38:00 GSD insert 第 1 次 等待 3 秒
2024-04-12 00:38:03 {"status":"bad","gid":"578807","msg":"添加失败！号码【1633087(-|-)】已存在！"}
2024-04-12 00:38:03 随机等待 100 秒，约 1 分钟
2024-04-12 00:38:03 下次操作: 2024-04-12 00:39:43

2024-04-12 00:39:43 开始第 3170 次操作

2024-04-12 00:39:43 开始操作号码 【1633088】
2024-04-12 00:39:48 GSD getOne 第 1 次 等待 3 秒
2024-04-12 00:39:51 查询号码 【1633088】，返回信息 {"status":"ok","msg":"-","gid":"578836","time_insert":"2023-03-09 03:14"}
2024-04-12 00:39:51 查询号码 【1633088】，GSD为【"-"】
2024-04-12 00:39:51 ok && -
2024-04-12 00:39:53 CHB 1633088?1712853591 第 1 次 等待 3 秒
2024-04-12 00:39:56 CHB 1633088?1712853591 第 1 次 获取到号码【1633088】GSD
2024-04-12 00:39:57 未获取到号码【1633088】GSD，可能号码格式错误
2024-04-12 00:39:57 获取到号码【1633088】的GSD为【-】
2024-04-12 00:40:03 GSD insert 第 1 次 等待 3 秒
2024-04-12 00:40:06 {"status":"bad","gid":"578836","msg":"添加失败！号码【1633088(-|-)】已存在！"}
2024-04-12 00:40:06 随机等待 217 秒，约 3 分钟
2024-04-12 00:40:06 下次操作: 2024-04-12 00:43:43

2024-04-12 00:43:43 开始第 3171 次操作

2024-04-12 00:43:43 开始操作号码 【1633089】
2024-04-12 00:43:48 GSD getOne 第 1 次 等待 3 秒
2024-04-12 00:43:51 查询号码 【1633089】，返回信息 {"status":"ok","msg":"-","gid":"578865","time_insert":"2023-03-09 03:35"}
2024-04-12 00:43:51 查询号码 【1633089】，GSD为【"-"】
2024-04-12 00:43:51 ok && -
2024-04-12 00:43:53 CHB 1633089?1712853831 第 1 次 等待 3 秒
2024-04-12 00:43:56 CHB 1633089?1712853831 第 1 次 获取到号码【1633089】GSD
2024-04-12 00:43:56 未获取到号码【1633089】GSD，可能号码格式错误
2024-04-12 00:43:56 获取到号码【1633089】的GSD为【-】
2024-04-12 00:44:01 GSD insert 第 1 次 等待 3 秒
2024-04-12 00:44:04 {"status":"bad","gid":"578865","msg":"添加失败！号码【1633089(-|-)】已存在！"}
2024-04-12 00:44:04 随机等待 194 秒，约 3 分钟
2024-04-12 00:44:04 下次操作: 2024-04-12 00:47:18

2024-04-12 00:47:18 开始第 3172 次操作

2024-04-12 00:47:18 开始操作号码 【1633090】
2024-04-12 00:47:23 GSD getOne 第 1 次 等待 3 秒
2024-04-12 00:47:26 查询号码 【1633090】，返回信息 {"status":"ok","msg":"-","gid":"578898","time_insert":"2023-03-09 03:51"}
2024-04-12 00:47:26 查询号码 【1633090】，GSD为【"-"】
2024-04-12 00:47:26 ok && -
2024-04-12 00:47:29 CHB 1633090?1712854046 第 1 次 等待 3 秒
2024-04-12 00:47:32 CHB 1633090?1712854046 第 1 次 获取到号码【1633090】GSD
2024-04-12 00:47:32 未获取到号码【1633090】GSD，可能号码格式错误
2024-04-12 00:47:32 获取到号码【1633090】的GSD为【-】
2024-04-12 00:47:38 GSD insert 第 1 次 等待 3 秒
2024-04-12 00:47:41 {"status":"bad","gid":"578898","msg":"添加失败！号码【1633090(-|-)】已存在！"}

