2024-02-20 00:22:12 开始第 4613 次操作

2024-02-20 00:22:12 开始操作号码 【1744531】
2024-02-20 00:22:17 GSD getOne 第 1 次 等待 3 秒
2024-02-20 00:22:20 查询号码 【1744531】，返回信息 {"status":"ok","msg":"-","gid":"203271","time_insert":"2021-07-06 04:45"}
2024-02-20 00:22:20 查询号码 【1744531】，GSD为【"-"】
2024-02-20 00:22:20 ok && -
2024-02-20 00:22:25 CHB 1744531?1708359740 第 1 次 等待 3 秒
2024-02-20 00:22:28 CHB 1744531?1708359740 第 1 次 获取到号码【1744531】GSD
2024-02-20 00:22:28 未获取到号码【1744531】GSD，可能号码格式错误
2024-02-20 00:22:28 获取到号码【1744531】的GSD为【-】
2024-02-20 00:22:32 GSD insert 第 1 次 等待 3 秒
2024-02-20 00:22:35 {"status":"bad","gid":"203271","msg":"添加失败！号码【1744531(-|-)】已存在！"}
2024-02-20 00:22:35 随机等待 94 秒，约 1 分钟
2024-02-20 00:22:35 下次操作: 2024-02-20 00:24:09

2024-02-20 00:24:09 开始第 4614 次操作

2024-02-20 00:24:09 开始操作号码 【1744532】
2024-02-20 00:24:13 GSD getOne 第 1 次 等待 3 秒
2024-02-20 00:24:16 查询号码 【1744532】，返回信息 {"status":"ok","msg":"-","gid":"203282","time_insert":"2021-07-06 04:46"}
2024-02-20 00:24:16 查询号码 【1744532】，GSD为【"-"】
2024-02-20 00:24:16 ok && -
2024-02-20 00:24:18 CHB 1744532?1708359856 第 1 次 等待 3 秒
2024-02-20 00:24:21 CHB 1744532?1708359856 第 1 次 获取到号码【1744532】GSD
2024-02-20 00:24:21 未获取到号码【1744532】GSD，可能号码格式错误
2024-02-20 00:24:21 获取到号码【1744532】的GSD为【-】
2024-02-20 00:24:27 GSD insert 第 1 次 等待 3 秒
2024-02-20 00:24:30 {"status":"bad","gid":"203282","msg":"添加失败！号码【1744532(-|-)】已存在！"}
2024-02-20 00:24:30 随机等待 126 秒，约 2 分钟
2024-02-20 00:24:30 下次操作: 2024-02-20 00:26:36

2024-02-20 00:26:36 开始第 4615 次操作

2024-02-20 00:26:36 开始操作号码 【1744533】
2024-02-20 00:26:40 GSD getOne 第 1 次 等待 3 秒
2024-02-20 00:26:43 查询号码 【1744533】，返回信息 {"status":"ok","msg":"-","gid":"203292","time_insert":"2021-07-06 04:46"}
2024-02-20 00:26:43 查询号码 【1744533】，GSD为【"-"】
2024-02-20 00:26:43 ok && -
2024-02-20 00:26:47 CHB 1744533?1708360003 第 1 次 等待 3 秒
2024-02-20 00:26:50 CHB 1744533?1708360003 第 1 次 获取到号码【1744533】GSD
2024-02-20 00:26:50 未获取到号码【1744533】GSD，可能号码格式错误
2024-02-20 00:26:50 获取到号码【1744533】的GSD为【-】
2024-02-20 00:26:56 GSD insert 第 1 次 等待 3 秒
2024-02-20 00:26:59 {"status":"bad","gid":"203292","msg":"添加失败！号码【1744533(-|-)】已存在！"}
2024-02-20 00:26:59 随机等待 66 秒，约 1 分钟
2024-02-20 00:26:59 下次操作: 2024-02-20 00:28:05

2024-02-20 00:28:05 开始第 4616 次操作

2024-02-20 00:28:05 开始操作号码 【1744534】
2024-02-20 00:28:09 GSD getOne 第 1 次 等待 3 秒
2024-02-20 00:28:12 查询号码 【1744534】，返回信息 {"status":"ok","msg":"-","gid":"203302","time_insert":"2021-07-06 04:47"}
2024-02-20 00:28:12 查询号码 【1744534】，GSD为【"-"】
2024-02-20 00:28:12 ok && -
2024-02-20 00:28:14 CHB 1744534?1708360092 第 1 次 等待 3 秒
2024-02-20 00:28:17 CHB 1744534?1708360092 第 1 次 获取到号码【1744534】GSD
2024-02-20 00:28:17 未获取到号码【1744534】GSD，可能号码格式错误
2024-02-20 00:28:17 获取到号码【1744534】的GSD为【-】
2024-02-20 00:28:22 GSD insert 第 1 次 等待 3 秒
2024-02-20 00:28:25 {"status":"bad","gid":"203302","msg":"添加失败！号码【1744534(-|-)】已存在！"}

2024-02-20 00:40:20 开始第 4617 次操作

2024-02-20 00:40:20 开始操作号码 【1744535】
2024-02-20 00:40:25 GSD getOne 第 1 次 等待 3 秒
2024-02-20 00:40:28 查询号码 【1744535】，返回信息 {"status":"ok","msg":"-","gid":"203316","time_insert":"2021-07-06 04:48"}
2024-02-20 00:40:28 查询号码 【1744535】，GSD为【"-"】
2024-02-20 00:40:28 ok && -
2024-02-20 00:40:33 CHB 1744535?1708360828 第 1 次 等待 3 秒
2024-02-20 00:40:36 CHB 1744535?1708360828 第 1 次 获取到号码【1744535】GSD
2024-02-20 00:40:36 未获取到号码【1744535】GSD，可能号码格式错误
2024-02-20 00:40:36 获取到号码【1744535】的GSD为【-】
2024-02-20 00:40:43 GSD insert 第 1 次 等待 3 秒
2024-02-20 00:40:46 {"status":"bad","gid":"203316","msg":"添加失败！号码【1744535(-|-)】已存在！"}
2024-02-20 00:40:46 随机等待 164 秒，约 2 分钟
2024-02-20 00:40:46 下次操作: 2024-02-20 00:43:30

2024-02-20 00:43:30 开始第 4618 次操作

2024-02-20 00:43:30 开始操作号码 【1744536】
2024-02-20 00:43:36 GSD getOne 第 1 次 等待 3 秒
2024-02-20 00:43:39 查询号码 【1744536】，返回信息 {"status":"ok","msg":"-","gid":"203329","time_insert":"2021-07-06 04:49"}
2024-02-20 00:43:39 查询号码 【1744536】，GSD为【"-"】
2024-02-20 00:43:39 ok && -
2024-02-20 00:43:41 CHB 1744536?1708361019 第 1 次 等待 3 秒
2024-02-20 00:43:44 CHB 1744536?1708361019 第 1 次 获取到号码【1744536】GSD
2024-02-20 00:43:44 未获取到号码【1744536】GSD，可能号码格式错误
2024-02-20 00:43:44 获取到号码【1744536】的GSD为【-】
2024-02-20 00:43:49 GSD insert 第 1 次 等待 3 秒
2024-02-20 00:43:52 {"status":"bad","gid":"203329","msg":"添加失败！号码【1744536(-|-)】已存在！"}
2024-02-20 00:43:52 随机等待 217 秒，约 3 分钟
2024-02-20 00:43:52 下次操作: 2024-02-20 00:47:29

2024-02-20 00:47:29 开始第 4619 次操作

2024-02-20 00:47:29 开始操作号码 【1744537】
2024-02-20 00:47:34 GSD getOne 第 1 次 等待 3 秒
2024-02-20 00:47:37 查询号码 【1744537】，返回信息 {"status":"ok","msg":"-","gid":"203341","time_insert":"2021-07-06 04:49"}
2024-02-20 00:47:37 查询号码 【1744537】，GSD为【"-"】
2024-02-20 00:47:37 ok && -
2024-02-20 00:47:39 CHB 1744537?1708361257 第 1 次 等待 3 秒
2024-02-20 00:47:42 CHB 1744537?1708361257 第 1 次 获取到号码【1744537】GSD
2024-02-20 00:47:42 未获取到号码【1744537】GSD，可能号码格式错误
2024-02-20 00:47:42 获取到号码【1744537】的GSD为【-】
2024-02-20 00:47:51 GSD insert 第 1 次 等待 3 秒
2024-02-20 00:47:54 {"status":"bad","gid":"203341","msg":"添加失败！号码【1744537(-|-)】已存在！"}
2024-02-20 00:47:54 随机等待 100 秒，约 1 分钟
2024-02-20 00:47:54 下次操作: 2024-02-20 00:49:34

2024-02-20 00:49:34 开始第 4620 次操作

2024-02-20 00:49:34 开始操作号码 【1744538】
2024-02-20 00:49:38 GSD getOne 第 1 次 等待 3 秒
2024-02-20 00:49:41 查询号码 【1744538】，返回信息 {"status":"ok","msg":"-","gid":"203352","time_insert":"2021-07-06 04:50"}
2024-02-20 00:49:41 查询号码 【1744538】，GSD为【"-"】
2024-02-20 00:49:41 ok && -
2024-02-20 00:49:43 CHB 1744538?1708361381 第 1 次 等待 3 秒
2024-02-20 00:49:46 CHB 1744538?1708361381 第 1 次 获取到号码【1744538】GSD
2024-02-20 00:49:46 未获取到号码【1744538】GSD，可能号码格式错误
2024-02-20 00:49:46 获取到号码【1744538】的GSD为【-】
2024-02-20 00:49:51 GSD insert 第 1 次 等待 3 秒
2024-02-20 00:49:54 {"status":"bad","gid":"203352","msg":"添加失败！号码【1744538(-|-)】已存在！"}

