2024-01-28 00:19:21 开始第 497 次操作

2024-01-28 00:19:21 开始操作号码 【1740416】
2024-01-28 00:19:25 GSD getOne 第 1 次 等待 3 秒
2024-01-28 00:19:28 查询号码 【1740416】，返回信息 {"status":"ok","msg":"陕西-西安","gid":"137292","time_insert":"2021-06-27 06:03"}
2024-01-28 00:19:28 查询号码 【1740416】，GSD为【"陕西-西安"】

2024-01-28 00:19:29 开始第 498 次操作

2024-01-28 00:19:29 开始操作号码 【1740417】
2024-01-28 00:19:33 GSD getOne 第 1 次 等待 3 秒
2024-01-28 00:19:36 查询号码 【1740417】，返回信息 {"status":"ok","msg":"陕西-西安","gid":"137297","time_insert":"2021-06-27 06:04"}
2024-01-28 00:19:36 查询号码 【1740417】，GSD为【"陕西-西安"】

2024-01-28 00:19:37 开始第 499 次操作

2024-01-28 00:19:37 开始操作号码 【1740418】
2024-01-28 00:19:44 GSD getOne 第 1 次 等待 3 秒
2024-01-28 00:19:47 查询号码 【1740418】，返回信息 {"status":"ok","msg":"陕西-西安","gid":"137302","time_insert":"2021-06-27 06:05"}
2024-01-28 00:19:47 查询号码 【1740418】，GSD为【"陕西-西安"】

2024-01-28 00:19:48 开始第 500 次操作

2024-01-28 00:19:48 开始操作号码 【1740419】
2024-01-28 00:19:51 GSD getOne 第 1 次 等待 3 秒
2024-01-28 00:19:54 查询号码 【1740419】，返回信息 {"status":"ok","msg":"陕西-西安","gid":"137306","time_insert":"2021-06-27 06:06"}
2024-01-28 00:19:55 查询号码 【1740419】，GSD为【"陕西-西安"】

2024-01-28 00:37:49 开始第 501 次操作

2024-01-28 00:37:49 开始操作号码 【1740420】
2024-01-28 00:37:53 GSD getOne 第 1 次 等待 3 秒
2024-01-28 00:37:56 查询号码 【1740420】，返回信息 {"status":"ok","msg":"陕西-西安","gid":"137365","time_insert":"2021-06-27 06:42"}
2024-01-28 00:37:56 查询号码 【1740420】，GSD为【"陕西-西安"】

2024-01-28 00:37:57 开始第 502 次操作

2024-01-28 00:37:57 开始操作号码 【1740421】
2024-01-28 00:38:02 GSD getOne 第 1 次 等待 3 秒
2024-01-28 00:38:05 查询号码 【1740421】，返回信息 {"status":"ok","msg":"陕西-西安","gid":"137367","time_insert":"2021-06-27 06:42"}
2024-01-28 00:38:05 查询号码 【1740421】，GSD为【"陕西-西安"】

2024-01-28 00:38:06 开始第 503 次操作

2024-01-28 00:38:06 开始操作号码 【1740422】
2024-01-28 00:38:12 GSD getOne 第 1 次 等待 3 秒
2024-01-28 00:38:15 查询号码 【1740422】，返回信息 {"status":"ok","msg":"陕西-西安","gid":"137370","time_insert":"2021-06-27 06:42"}
2024-01-28 00:38:15 查询号码 【1740422】，GSD为【"陕西-西安"】

2024-01-28 00:38:16 开始第 504 次操作

2024-01-28 00:38:16 开始操作号码 【1740423】
2024-01-28 00:38:20 GSD getOne 第 1 次 等待 3 秒
2024-01-28 00:38:23 查询号码 【1740423】，返回信息 {"status":"ok","msg":"陕西-西安","gid":"137373","time_insert":"2021-06-27 06:43"}
2024-01-28 00:38:23 查询号码 【1740423】，GSD为【"陕西-西安"】

