2021-07-02 00:00:19 开始第 26 次操作

2021-07-02 00:00:19 开始操作号码 【1309480】
2021-07-02 00:00:23 GSD getOne 第 1 次 等待 1 秒
2021-07-02 00:00:24 查询号码 【1309480】，返回信息 {"status":"bad","msg":""}
2021-07-02 00:00:24 查询号码 【1309480】，GSD为【""】
2021-07-02 00:00:24 bad
2021-07-02 00:00:26 CHB 1309480?1625155224 第 1 次 等待 1 秒
2021-07-02 00:00:27 CHB 1309480?1625155224 第 1 次 获取到号码【1309480】GSD
2021-07-02 00:00:27 获取到号码【1309480】的GSD为【浙江-杭州】
2021-07-02 00:00:34 GSD insert 第 1 次 等待 1 秒
2021-07-02 00:00:35 {"status":"ok","msg":"添加成功！170097"}
2021-07-02 00:00:35 下次操作: 2021-07-02 00:00:49

2021-07-02 00:00:49 开始第 27 次操作

2021-07-02 00:00:49 开始操作号码 【1309479】
2021-07-02 00:00:53 GSD getOne 第 1 次 等待 1 秒
2021-07-02 00:00:54 查询号码 【1309479】，返回信息 {"status":"bad","msg":""}
2021-07-02 00:00:54 查询号码 【1309479】，GSD为【""】
2021-07-02 00:00:54 bad
2021-07-02 00:00:56 CHB 1309479?1625155254 第 1 次 等待 1 秒
2021-07-02 00:00:57 CHB 1309479?1625155254 第 1 次 获取到号码【1309479】GSD
2021-07-02 00:00:57 获取到号码【1309479】的GSD为【浙江-台州】
2021-07-02 00:01:03 GSD insert 第 1 次 等待 1 秒
2021-07-02 00:01:04 {"status":"ok","msg":"添加成功！170103"}
2021-07-02 00:01:04 下次操作: 2021-07-02 00:01:18

2021-07-02 00:01:18 开始第 28 次操作

2021-07-02 00:01:18 开始操作号码 【1309478】
2021-07-02 00:01:22 GSD getOne 第 1 次 等待 1 秒
2021-07-02 00:01:23 查询号码 【1309478】，返回信息 {"status":"bad","msg":""}
2021-07-02 00:01:23 查询号码 【1309478】，GSD为【""】
2021-07-02 00:01:23 bad
2021-07-02 00:01:27 CHB 1309478?1625155283 第 1 次 等待 1 秒
2021-07-02 00:01:28 CHB 1309478?1625155283 第 1 次 获取到号码【1309478】GSD
2021-07-02 00:01:28 获取到号码【1309478】的GSD为【浙江-台州】
2021-07-02 00:01:32 GSD insert 第 1 次 等待 1 秒
2021-07-02 00:01:33 {"status":"ok","msg":"添加成功！170106"}
2021-07-02 00:01:33 下次操作: 2021-07-02 00:01:42

2021-07-02 00:01:42 开始第 29 次操作

2021-07-02 00:01:42 开始操作号码 【1309477】
2021-07-02 00:01:48 GSD getOne 第 1 次 等待 1 秒
2021-07-02 00:01:49 查询号码 【1309477】，返回信息 {"status":"bad","msg":""}
2021-07-02 00:01:49 查询号码 【1309477】，GSD为【""】
2021-07-02 00:01:49 bad
2021-07-02 00:01:52 CHB 1309477?1625155309 第 1 次 等待 1 秒
2021-07-02 00:01:53 CHB 1309477?1625155309 第 1 次 获取到号码【1309477】GSD
2021-07-02 00:01:53 获取到号码【1309477】的GSD为【浙江-台州】
2021-07-02 00:01:59 GSD insert 第 1 次 等待 1 秒
2021-07-02 00:02:00 {"status":"ok","msg":"添加成功！170113"}
2021-07-02 00:02:00 下次操作: 2021-07-02 00:02:14

2021-07-02 00:02:14 开始第 30 次操作

2021-07-02 00:02:14 开始操作号码 【1309476】
2021-07-02 00:02:19 GSD getOne 第 1 次 等待 1 秒
2021-07-02 00:02:20 查询号码 【1309476】，返回信息 {"status":"bad","msg":""}
2021-07-02 00:02:20 查询号码 【1309476】，GSD为【""】
2021-07-02 00:02:20 bad
2021-07-02 00:02:28 CHB 1309476?1625155340 第 1 次 等待 1 秒
2021-07-02 00:02:29 CHB 1309476?1625155340 第 1 次 获取到号码【1309476】GSD
2021-07-02 00:02:29 获取到号码【1309476】的GSD为【浙江-台州】
2021-07-02 00:02:35 GSD insert 第 1 次 等待 1 秒
2021-07-02 00:02:36 {"status":"ok","msg":"添加成功！170121"}

2021-07-02 01:03:26 开始第 1 次操作

2021-07-02 01:03:26 开始操作号码 【1309475】
2021-07-02 01:03:30 GSD getOne 第 1 次 等待 1 秒
2021-07-02 01:03:31 查询号码 【1309475】，返回信息 {"status":"bad","msg":""}
2021-07-02 01:03:31 查询号码 【1309475】，GSD为【""】
2021-07-02 01:03:31 bad
2021-07-02 01:03:33 CHB 1309475?1625159011 第 1 次 等待 1 秒
2021-07-02 01:03:34 CHB 1309475?1625159011 第 1 次 获取到号码【1309475】GSD
2021-07-02 01:03:34 获取到号码【1309475】的GSD为【浙江-舟山】
2021-07-02 01:03:39 GSD insert 第 1 次 等待 1 秒
2021-07-02 01:03:40 {"status":"ok","msg":"添加成功！170353"}
2021-07-02 01:03:40 下次操作: 2021-07-02 01:03:49

2021-07-02 01:03:49 开始第 2 次操作

2021-07-02 01:03:49 开始操作号码 【1309474】
2021-07-02 01:03:59 GSD getOne 第 1 次 等待 1 秒
2021-07-02 01:04:00 查询号码 【1309474】，返回信息 {"status":"bad","msg":""}
2021-07-02 01:04:00 查询号码 【1309474】，GSD为【""】
2021-07-02 01:04:00 bad
2021-07-02 01:04:06 CHB 1309474?1625159040 第 1 次 等待 1 秒
2021-07-02 01:04:07 CHB 1309474?1625159040 第 1 次 获取到号码【1309474】GSD
2021-07-02 01:04:07 获取到号码【1309474】的GSD为【浙江-衢州】
2021-07-02 01:04:11 GSD insert 第 1 次 等待 1 秒
2021-07-02 01:04:12 {"status":"ok","msg":"添加成功！170355"}
2021-07-02 01:04:12 下次操作: 2021-07-02 01:04:21

2021-07-02 01:04:21 开始第 3 次操作

2021-07-02 01:04:21 开始操作号码 【1309473】
2021-07-02 01:04:26 GSD getOne 第 1 次 等待 1 秒
2021-07-02 01:04:27 查询号码 【1309473】，返回信息 {"status":"bad","msg":""}
2021-07-02 01:04:27 查询号码 【1309473】，GSD为【""】
2021-07-02 01:04:27 bad
2021-07-02 01:04:30 CHB 1309473?1625159067 第 1 次 等待 1 秒
2021-07-02 01:04:31 CHB 1309473?1625159067 第 1 次 获取到号码【1309473】GSD
2021-07-02 01:04:31 获取到号码【1309473】的GSD为【浙江-温州】
2021-07-02 01:04:35 GSD insert 第 1 次 等待 1 秒
2021-07-02 01:04:36 {"status":"ok","msg":"添加成功！170358"}
2021-07-02 01:04:36 下次操作: 2021-07-02 01:04:51

2021-07-02 01:04:51 开始第 4 次操作

2021-07-02 01:04:51 开始操作号码 【1309472】
2021-07-02 01:05:10 GSD getOne 第 1 次 等待 1 秒
2021-07-02 01:05:11 查询号码 【1309472】，返回信息 {"status":"bad","msg":""}
2021-07-02 01:05:11 查询号码 【1309472】，GSD为【""】
2021-07-02 01:05:11 bad
2021-07-02 01:05:13 CHB 1309472?1625159111 第 1 次 等待 1 秒
2021-07-02 01:05:14 CHB 1309472?1625159111 第 1 次 获取到号码【1309472】GSD
2021-07-02 01:05:14 获取到号码【1309472】的GSD为【浙江-温州】
2021-07-02 01:05:21 GSD insert 第 1 次 等待 1 秒
2021-07-02 01:05:22 {"status":"ok","msg":"添加成功！170361"}
2021-07-02 01:05:22 下次操作: 2021-07-02 01:05:33

2021-07-02 01:05:33 开始第 5 次操作

2021-07-02 01:05:33 开始操作号码 【1309471】
2021-07-02 01:05:40 GSD getOne 第 1 次 等待 1 秒
2021-07-02 01:05:41 查询号码 【1309471】，返回信息 {"status":"bad","msg":""}
2021-07-02 01:05:41 查询号码 【1309471】，GSD为【""】
2021-07-02 01:05:41 bad
2021-07-02 01:05:42 CHB 1309471?1625159141 第 1 次 等待 1 秒
2021-07-02 01:05:43 CHB 1309471?1625159141 第 1 次 获取到号码【1309471】GSD
2021-07-02 01:05:43 获取到号码【1309471】的GSD为【浙江-温州】
2021-07-02 01:05:48 GSD insert 第 1 次 等待 1 秒
2021-07-02 01:05:49 {"status":"ok","msg":"添加成功！170362"}
2021-07-02 01:05:49 下次操作: 2021-07-02 01:06:05

2021-07-02 01:06:05 开始第 6 次操作

2021-07-02 01:06:05 开始操作号码 【1309470】
2021-07-02 01:06:09 GSD getOne 第 1 次 等待 1 秒
2021-07-02 01:06:10 查询号码 【1309470】，返回信息 {"status":"bad","msg":""}
2021-07-02 01:06:10 查询号码 【1309470】，GSD为【""】
2021-07-02 01:06:10 bad
2021-07-02 01:06:12 CHB 1309470?1625159170 第 1 次 等待 1 秒
2021-07-02 01:06:13 CHB 1309470?1625159170 第 1 次 获取到号码【1309470】GSD
2021-07-02 01:06:13 获取到号码【1309470】的GSD为【浙江-温州】
2021-07-02 01:06:17 GSD insert 第 1 次 等待 1 秒
2021-07-02 01:06:18 {"status":"ok","msg":"添加成功！170363"}
2021-07-02 01:06:18 下次操作: 2021-07-02 01:06:32

2021-07-02 01:06:32 开始第 7 次操作

2021-07-02 01:06:32 开始操作号码 【1309469】
2021-07-02 01:06:38 GSD getOne 第 1 次 等待 1 秒
2021-07-02 01:06:39 查询号码 【1309469】，返回信息 {"status":"bad","msg":""}
2021-07-02 01:06:39 查询号码 【1309469】，GSD为【""】
2021-07-02 01:06:39 bad
2021-07-02 01:06:45 CHB 1309469?1625159199 第 1 次 等待 1 秒
2021-07-02 01:06:46 CHB 1309469?1625159199 第 1 次 获取到号码【1309469】GSD
2021-07-02 01:06:46 获取到号码【1309469】的GSD为【浙江-丽水】
2021-07-02 01:06:50 GSD insert 第 1 次 等待 1 秒
2021-07-02 01:06:51 {"status":"ok","msg":"添加成功！170365"}
2021-07-02 01:06:51 下次操作: 2021-07-02 01:06:57

2021-07-02 01:06:57 开始第 8 次操作

2021-07-02 01:06:57 开始操作号码 【1309468】
2021-07-02 01:07:02 GSD getOne 第 1 次 等待 1 秒
2021-07-02 01:07:03 查询号码 【1309468】，返回信息 {"status":"ok","msg":"浙江-丽水","time_insert":"2019-01-03 16:41","time_update":"2020-08-27 11:01"}
2021-07-02 01:07:03 查询号码 【1309468】，GSD为【"浙江-丽水"】

2021-07-02 01:07:03 开始第 8 次操作

2021-07-02 01:07:03 开始操作号码 【1309467】
2021-07-02 01:07:09 GSD getOne 第 1 次 等待 1 秒
2021-07-02 01:07:10 查询号码 【1309467】，返回信息 {"status":"bad","msg":""}
2021-07-02 01:07:10 查询号码 【1309467】，GSD为【""】
2021-07-02 01:07:10 bad
2021-07-02 01:07:13 CHB 1309467?1625159230 第 1 次 等待 1 秒
2021-07-02 01:07:15 CHB 1309467?1625159230 第 1 次 获取到号码【1309467】GSD
2021-07-02 01:07:15 获取到号码【1309467】的GSD为【浙江-嘉兴】
2021-07-02 01:07:18 GSD insert 第 1 次 等待 1 秒
2021-07-02 01:07:19 {"status":"ok","msg":"添加成功！170367"}
2021-07-02 01:07:19 下次操作: 2021-07-02 01:07:35

2021-07-02 01:07:35 开始第 9 次操作

2021-07-02 01:07:35 开始操作号码 【1309466】
2021-07-02 01:07:39 GSD getOne 第 1 次 等待 1 秒
2021-07-02 01:07:40 查询号码 【1309466】，返回信息 {"status":"bad","msg":""}
2021-07-02 01:07:40 查询号码 【1309466】，GSD为【""】
2021-07-02 01:07:40 bad
2021-07-02 01:07:43 CHB 1309466?1625159260 第 1 次 等待 1 秒
2021-07-02 01:07:44 CHB 1309466?1625159260 第 1 次 获取到号码【1309466】GSD
2021-07-02 01:07:44 获取到号码【1309466】的GSD为【浙江-金华】
2021-07-02 01:07:47 GSD insert 第 1 次 等待 1 秒
2021-07-02 01:07:48 {"status":"ok","msg":"添加成功！170369"}
2021-07-02 01:07:48 下次操作: 2021-07-02 01:07:59

2021-07-02 01:07:59 开始第 10 次操作

2021-07-02 01:07:59 开始操作号码 【1309465】
2021-07-02 01:08:04 GSD getOne 第 1 次 等待 1 秒
2021-07-02 01:08:05 查询号码 【1309465】，返回信息 {"status":"bad","msg":""}
2021-07-02 01:08:05 查询号码 【1309465】，GSD为【""】
2021-07-02 01:08:05 bad
2021-07-02 01:08:07 CHB 1309465?1625159285 第 1 次 等待 1 秒
2021-07-02 01:08:08 CHB 1309465?1625159285 第 1 次 获取到号码【1309465】GSD
2021-07-02 01:08:08 获取到号码【1309465】的GSD为【浙江-金华】
2021-07-02 01:08:16 GSD insert 第 1 次 等待 1 秒
2021-07-02 01:08:17 {"status":"ok","msg":"添加成功！170371"}
2021-07-02 01:08:17 下次操作: 2021-07-02 01:08:23

2021-07-02 01:08:23 开始第 11 次操作

2021-07-02 01:08:23 开始操作号码 【1309464】
2021-07-02 01:08:27 GSD getOne 第 1 次 等待 1 秒
2021-07-02 01:08:28 查询号码 【1309464】，返回信息 {"status":"bad","msg":""}
2021-07-02 01:08:28 查询号码 【1309464】，GSD为【""】
2021-07-02 01:08:28 bad
2021-07-02 01:08:29 CHB 1309464?1625159308 第 1 次 等待 1 秒
2021-07-02 01:08:30 CHB 1309464?1625159308 第 1 次 获取到号码【1309464】GSD
2021-07-02 01:08:30 获取到号码【1309464】的GSD为【浙江-金华】
2021-07-02 01:08:34 GSD insert 第 1 次 等待 1 秒
2021-07-02 01:08:35 {"status":"ok","msg":"添加成功！170372"}
2021-07-02 01:08:35 下次操作: 2021-07-02 01:08:44

2021-07-02 01:08:44 开始第 12 次操作

2021-07-02 01:08:44 开始操作号码 【1309463】
2021-07-02 01:08:49 GSD getOne 第 1 次 等待 1 秒
2021-07-02 01:08:50 查询号码 【1309463】，返回信息 {"status":"bad","msg":""}
2021-07-02 01:08:50 查询号码 【1309463】，GSD为【""】
2021-07-02 01:08:50 bad
2021-07-02 01:08:52 CHB 1309463?1625159330 第 1 次 等待 1 秒
2021-07-02 01:08:53 CHB 1309463?1625159330 第 1 次 获取到号码【1309463】GSD
2021-07-02 01:08:53 获取到号码【1309463】的GSD为【浙江-绍兴】
2021-07-02 01:08:59 GSD insert 第 1 次 等待 1 秒
2021-07-02 01:09:00 {"status":"ok","msg":"添加成功！170375"}
2021-07-02 01:09:00 下次操作: 2021-07-02 01:09:18

2021-07-02 01:09:18 开始第 13 次操作

2021-07-02 01:09:18 开始操作号码 【1309462】
2021-07-02 01:09:28 GSD getOne 第 1 次 等待 1 秒
2021-07-02 01:09:29 查询号码 【1309462】，返回信息 {"status":"bad","msg":""}
2021-07-02 01:09:29 查询号码 【1309462】，GSD为【""】
2021-07-02 01:09:29 bad
2021-07-02 01:09:33 CHB 1309462?1625159369 第 1 次 等待 1 秒
2021-07-02 01:09:34 CHB 1309462?1625159369 第 1 次 获取到号码【1309462】GSD
2021-07-02 01:09:34 获取到号码【1309462】的GSD为【浙江-绍兴】
2021-07-02 01:09:38 GSD insert 第 1 次 等待 1 秒
2021-07-02 01:09:39 {"status":"ok","msg":"添加成功！170377"}
2021-07-02 01:09:39 下次操作: 2021-07-02 01:09:53

2021-07-02 01:09:53 开始第 14 次操作

2021-07-02 01:09:53 开始操作号码 【1309461】
2021-07-02 01:10:02 GSD getOne 第 1 次 等待 1 秒
2021-07-02 01:10:03 查询号码 【1309461】，返回信息 {"status":"bad","msg":""}
2021-07-02 01:10:03 查询号码 【1309461】，GSD为【""】
2021-07-02 01:10:03 bad
2021-07-02 01:10:05 CHB 1309461?1625159403 第 1 次 等待 1 秒
2021-07-02 01:10:06 CHB 1309461?1625159403 第 1 次 获取到号码【1309461】GSD
2021-07-02 01:10:06 获取到号码【1309461】的GSD为【浙江-绍兴】
2021-07-02 01:10:10 GSD insert 第 1 次 等待 1 秒
2021-07-02 01:10:11 {"status":"ok","msg":"添加成功！170378"}
2021-07-02 01:10:11 下次操作: 2021-07-02 01:10:21

2021-07-02 01:10:21 开始第 15 次操作

2021-07-02 01:10:21 开始操作号码 【1309460】
2021-07-02 01:10:25 GSD getOne 第 1 次 等待 1 秒
2021-07-02 01:10:26 查询号码 【1309460】，返回信息 {"status":"bad","msg":""}
2021-07-02 01:10:26 查询号码 【1309460】，GSD为【""】
2021-07-02 01:10:26 bad
2021-07-02 01:10:28 CHB 1309460?1625159426 第 1 次 等待 1 秒
2021-07-02 01:10:29 CHB 1309460?1625159426 第 1 次 获取到号码【1309460】GSD
2021-07-02 01:10:29 获取到号码【1309460】的GSD为【浙江-绍兴】
2021-07-02 01:10:33 GSD insert 第 1 次 等待 1 秒
2021-07-02 01:10:34 {"status":"ok","msg":"添加成功！170379"}
2021-07-02 01:10:34 下次操作: 2021-07-02 01:10:51

2021-07-02 01:10:51 开始第 16 次操作

2021-07-02 01:10:51 开始操作号码 【1309459】
2021-07-02 01:10:55 GSD getOne 第 1 次 等待 1 秒
2021-07-02 01:10:56 查询号码 【1309459】，返回信息 {"status":"ok","msg":"四川-宜宾","time_insert":"2017-10-12 00:00","time_update":"2020-10-07 05:30"}
2021-07-02 01:10:56 查询号码 【1309459】，GSD为【"四川-宜宾"】

2021-07-02 01:10:56 开始第 16 次操作

2021-07-02 01:10:56 开始操作号码 【1309458】
2021-07-02 01:11:06 GSD getOne 第 1 次 等待 1 秒
2021-07-02 01:11:07 查询号码 【1309458】，返回信息 {"status":"ok","msg":"四川-宜宾","time_insert":"2018-10-05 23:00","time_update":"2020-10-07 05:25"}
2021-07-02 01:11:07 查询号码 【1309458】，GSD为【"四川-宜宾"】

2021-07-02 01:11:07 开始第 16 次操作

2021-07-02 01:11:07 开始操作号码 【1309457】
2021-07-02 01:11:11 GSD getOne 第 1 次 等待 1 秒
2021-07-02 01:11:12 查询号码 【1309457】，返回信息 {"status":"ok","msg":"四川-雅安","time_insert":"2018-05-08 10:03","time_update":"2020-10-07 05:21"}
2021-07-02 01:11:12 查询号码 【1309457】，GSD为【"四川-雅安"】

2021-07-02 01:11:12 开始第 16 次操作

2021-07-02 01:11:12 开始操作号码 【1309456】
2021-07-02 01:11:16 GSD getOne 第 1 次 等待 1 秒
2021-07-02 01:11:17 查询号码 【1309456】，返回信息 {"status":"ok","msg":"四川-攀枝花","time_insert":"2014-05-01 13:49","time_update":"2020-10-07 05:17"}
2021-07-02 01:11:17 查询号码 【1309456】，GSD为【"四川-攀枝花"】

2021-07-02 01:11:17 开始第 16 次操作

2021-07-02 01:11:17 开始操作号码 【1309455】
2021-07-02 01:11:21 GSD getOne 第 1 次 等待 1 秒
2021-07-02 01:11:22 查询号码 【1309455】，返回信息 {"status":"ok","msg":"四川-攀枝花","time_insert":"2016-09-03 22:12","time_update":"2020-10-07 05:14"}
2021-07-02 01:11:22 查询号码 【1309455】，GSD为【"四川-攀枝花"】

2021-07-02 01:11:22 开始第 16 次操作

2021-07-02 01:11:22 开始操作号码 【1309454】
2021-07-02 01:11:26 GSD getOne 第 1 次 等待 1 秒
2021-07-02 01:11:27 查询号码 【1309454】，返回信息 {"status":"ok","msg":"四川-凉山","time_insert":"2017-03-13 07:23","time_update":"2020-10-07 05:09"}
2021-07-02 01:11:27 查询号码 【1309454】，GSD为【"四川-凉山"】

2021-07-02 01:11:27 开始第 16 次操作

2021-07-02 01:11:27 开始操作号码 【1309453】
2021-07-02 01:11:31 GSD getOne 第 1 次 等待 1 秒
2021-07-02 01:11:32 查询号码 【1309453】，返回信息 {"status":"ok","msg":"四川-宜宾","time_insert":"2020-04-16 09:29","time_update":"2020-10-07 05:05"}
2021-07-02 01:11:32 查询号码 【1309453】，GSD为【"四川-宜宾"】

2021-07-02 01:11:32 开始第 16 次操作

2021-07-02 01:11:32 开始操作号码 【1309452】
2021-07-02 01:11:37 GSD getOne 第 1 次 等待 1 秒
2021-07-02 01:11:38 查询号码 【1309452】，返回信息 {"status":"bad","msg":""}
2021-07-02 01:11:39 查询号码 【1309452】，GSD为【""】
2021-07-02 01:11:39 bad
2021-07-02 01:11:40 CHB 1309452?1625159499 第 1 次 等待 1 秒
2021-07-02 01:11:41 CHB 1309452?1625159499 第 1 次 获取到号码【1309452】GSD
2021-07-02 01:11:41 获取到号码【1309452】的GSD为【四川-巴中】
2021-07-02 01:11:45 GSD insert 第 1 次 等待 1 秒
2021-07-02 01:11:46 {"status":"ok","msg":"添加成功！170381"}
2021-07-02 01:11:46 下次操作: 2021-07-02 01:11:58

2021-07-02 01:11:58 开始第 17 次操作

2021-07-02 01:11:58 开始操作号码 【1309451】
2021-07-02 01:12:02 GSD getOne 第 1 次 等待 1 秒
2021-07-02 01:12:03 查询号码 【1309451】，返回信息 {"status":"bad","msg":""}
2021-07-02 01:12:03 查询号码 【1309451】，GSD为【""】
2021-07-02 01:12:03 bad
2021-07-02 01:12:05 CHB 1309451?1625159523 第 1 次 等待 1 秒
2021-07-02 01:12:06 CHB 1309451?1625159523 第 1 次 获取到号码【1309451】GSD
2021-07-02 01:12:06 获取到号码【1309451】的GSD为【四川-巴中】
2021-07-02 01:12:17 GSD insert 第 1 次 等待 1 秒
2021-07-02 01:12:18 {"status":"ok","msg":"添加成功！170383"}
2021-07-02 01:12:18 下次操作: 2021-07-02 01:12:27

2021-07-02 01:12:27 开始第 18 次操作

2021-07-02 01:12:27 开始操作号码 【1309450】
2021-07-02 01:12:32 GSD getOne 第 1 次 等待 1 秒
2021-07-02 01:12:33 查询号码 【1309450】，返回信息 {"status":"ok","msg":"四川-达州","time_insert":"2018-07-03 16:30","time_update":"2020-10-07 05:01"}
2021-07-02 01:12:33 查询号码 【1309450】，GSD为【"四川-达州"】

2021-07-02 01:12:33 开始第 18 次操作

2021-07-02 01:12:33 开始操作号码 【1309449】
2021-07-02 01:12:39 GSD getOne 第 1 次 等待 1 秒
2021-07-02 01:12:40 查询号码 【1309449】，返回信息 {"status":"bad","msg":""}
2021-07-02 01:12:40 查询号码 【1309449】，GSD为【""】
2021-07-02 01:12:40 bad
2021-07-02 01:12:43 CHB 1309449?1625159560 第 1 次 等待 1 秒
2021-07-02 01:12:44 CHB 1309449?1625159560 第 1 次 获取到号码【1309449】GSD
2021-07-02 01:12:44 获取到号码【1309449】的GSD为【四川-成都】
2021-07-02 01:12:47 GSD insert 第 1 次 等待 1 秒
2021-07-02 01:12:48 {"status":"ok","msg":"添加成功！170384"}
2021-07-02 01:12:48 下次操作: 2021-07-02 01:13:04

2021-07-02 01:13:04 开始第 19 次操作

2021-07-02 01:13:04 开始操作号码 【1309448】
2021-07-02 01:13:08 GSD getOne 第 1 次 等待 1 秒
2021-07-02 01:13:09 查询号码 【1309448】，返回信息 {"status":"ok","msg":"四川-成都","time_insert":"2017-08-04 13:16","time_update":"2020-10-07 04:56"}
2021-07-02 01:13:09 查询号码 【1309448】，GSD为【"四川-成都"】

2021-07-02 01:13:09 开始第 19 次操作

2021-07-02 01:13:09 开始操作号码 【1309447】
2021-07-02 01:13:13 GSD getOne 第 1 次 等待 1 秒
2021-07-02 01:13:14 查询号码 【1309447】，返回信息 {"status":"ok","msg":"四川-成都","time_insert":"2014-03-13 14:41","time_update":"2020-10-07 04:53"}
2021-07-02 01:13:14 查询号码 【1309447】，GSD为【"四川-成都"】

2021-07-02 01:13:14 开始第 19 次操作

2021-07-02 01:13:14 开始操作号码 【1309446】
2021-07-02 01:13:18 GSD getOne 第 1 次 等待 1 秒
2021-07-02 01:13:19 查询号码 【1309446】，返回信息 {"status":"bad","msg":""}
2021-07-02 01:13:19 查询号码 【1309446】，GSD为【""】
2021-07-02 01:13:19 bad
2021-07-02 01:13:21 CHB 1309446?1625159599 第 1 次 等待 1 秒
2021-07-02 01:13:22 CHB 1309446?1625159599 第 1 次 获取到号码【1309446】GSD
2021-07-02 01:13:22 获取到号码【1309446】的GSD为【四川-成都】
2021-07-02 01:13:26 GSD insert 第 1 次 等待 1 秒
2021-07-02 01:13:27 {"status":"ok","msg":"添加成功！170385"}
2021-07-02 01:13:27 下次操作: 2021-07-02 01:13:45

2021-07-02 01:13:45 开始第 20 次操作

2021-07-02 01:13:45 开始操作号码 【1309445】
2021-07-02 01:13:49 GSD getOne 第 1 次 等待 1 秒
2021-07-02 01:13:50 查询号码 【1309445】，返回信息 {"status":"ok","msg":"四川-成都","time_insert":"2018-07-02 13:14","time_update":"2020-10-07 04:48"}
2021-07-02 01:13:50 查询号码 【1309445】，GSD为【"四川-成都"】

2021-07-02 01:13:50 开始第 20 次操作

2021-07-02 01:13:50 开始操作号码 【1309444】
2021-07-02 01:13:55 GSD getOne 第 1 次 等待 1 秒
2021-07-02 01:13:56 查询号码 【1309444】，返回信息 {"status":"ok","msg":"四川-成都","time_insert":"2014-07-15 17:13","time_update":"2020-10-07 04:44"}
2021-07-02 01:13:56 查询号码 【1309444】，GSD为【"四川-成都"】

2021-07-02 01:13:56 开始第 20 次操作

2021-07-02 01:13:56 开始操作号码 【1309443】
2021-07-02 01:14:00 GSD getOne 第 1 次 等待 1 秒
2021-07-02 01:14:01 查询号码 【1309443】，返回信息 {"status":"ok","msg":"四川-成都","time_insert":"2017-04-20 15:10","time_update":"2020-10-07 04:39"}
2021-07-02 01:14:01 查询号码 【1309443】，GSD为【"四川-成都"】

2021-07-02 01:14:01 开始第 20 次操作

2021-07-02 01:14:01 开始操作号码 【1309442】
2021-07-02 01:14:06 GSD getOne 第 1 次 等待 1 秒
2021-07-02 01:14:07 查询号码 【1309442】，返回信息 {"status":"bad","msg":""}
2021-07-02 01:14:07 查询号码 【1309442】，GSD为【""】
2021-07-02 01:14:07 bad
2021-07-02 01:14:09 CHB 1309442?1625159647 第 1 次 等待 1 秒
2021-07-02 01:14:10 CHB 1309442?1625159647 第 1 次 获取到号码【1309442】GSD
2021-07-02 01:14:11 获取到号码【1309442】的GSD为【四川-成都】
2021-07-02 01:14:14 GSD insert 第 1 次 等待 1 秒
2021-07-02 01:14:15 {"status":"ok","msg":"添加成功！170389"}
2021-07-02 01:14:15 下次操作: 2021-07-02 01:14:31

2021-07-02 01:14:31 开始第 21 次操作

2021-07-02 01:14:31 开始操作号码 【1309441】
2021-07-02 01:14:35 GSD getOne 第 1 次 等待 1 秒
2021-07-02 01:14:36 查询号码 【1309441】，返回信息 {"status":"bad","msg":""}
2021-07-02 01:14:36 查询号码 【1309441】，GSD为【""】
2021-07-02 01:14:36 bad
2021-07-02 01:14:38 CHB 1309441?1625159676 第 1 次 等待 1 秒
2021-07-02 01:14:39 CHB 1309441?1625159676 第 1 次 获取到号码【1309441】GSD
2021-07-02 01:14:39 获取到号码【1309441】的GSD为【四川-成都】
2021-07-02 01:14:43 GSD insert 第 1 次 等待 1 秒
2021-07-02 01:14:44 {"status":"ok","msg":"添加成功！170392"}
2021-07-02 01:14:44 下次操作: 2021-07-02 01:14:56

2021-07-02 01:14:56 开始第 22 次操作

2021-07-02 01:14:56 开始操作号码 【1309440】
2021-07-02 01:15:01 GSD getOne 第 1 次 等待 1 秒
2021-07-02 01:15:02 查询号码 【1309440】，返回信息 {"status":"bad","msg":""}
2021-07-02 01:15:02 查询号码 【1309440】，GSD为【""】
2021-07-02 01:15:02 bad
2021-07-02 01:15:07 CHB 1309440?1625159702 第 1 次 等待 1 秒
2021-07-02 01:15:08 CHB 1309440?1625159702 第 1 次 获取到号码【1309440】GSD
2021-07-02 01:15:08 获取到号码【1309440】的GSD为【四川-成都】
2021-07-02 01:15:12 GSD insert 第 1 次 等待 1 秒
2021-07-02 01:15:13 {"status":"ok","msg":"添加成功！170393"}
2021-07-02 01:15:13 下次操作: 2021-07-02 01:15:21

2021-07-02 01:15:21 开始第 23 次操作

2021-07-02 01:15:21 开始操作号码 【1309439】
2021-07-02 01:15:25 GSD getOne 第 1 次 等待 1 秒
2021-07-02 01:15:26 查询号码 【1309439】，返回信息 {"status":"bad","msg":""}
2021-07-02 01:15:26 查询号码 【1309439】，GSD为【""】
2021-07-02 01:15:26 bad
2021-07-02 01:15:27 CHB 1309439?1625159726 第 1 次 等待 1 秒
2021-07-02 01:15:28 CHB 1309439?1625159726 第 1 次 获取到号码【1309439】GSD
2021-07-02 01:15:28 获取到号码【1309439】的GSD为【云南-临沧】
2021-07-02 01:15:32 GSD insert 第 1 次 等待 1 秒
2021-07-02 01:15:33 {"status":"ok","msg":"添加成功！170394"}
2021-07-02 01:15:33 下次操作: 2021-07-02 01:15:51

2021-07-02 01:15:51 开始第 24 次操作

2021-07-02 01:15:51 开始操作号码 【1309438】
2021-07-02 01:15:55 GSD getOne 第 1 次 等待 1 秒
2021-07-02 01:15:56 查询号码 【1309438】，返回信息 {"status":"bad","msg":""}
2021-07-02 01:15:56 查询号码 【1309438】，GSD为【""】
2021-07-02 01:15:56 bad
2021-07-02 01:15:58 CHB 1309438?1625159756 第 1 次 等待 1 秒
2021-07-02 01:15:59 CHB 1309438?1625159756 第 1 次 获取到号码【1309438】GSD
2021-07-02 01:15:59 获取到号码【1309438】的GSD为【云南-文山】
2021-07-02 01:16:03 GSD insert 第 1 次 等待 1 秒
2021-07-02 01:16:04 {"status":"ok","msg":"添加成功！170396"}
2021-07-02 01:16:04 下次操作: 2021-07-02 01:16:22

2021-07-02 01:16:22 开始第 25 次操作

2021-07-02 01:16:22 开始操作号码 【1309437】
2021-07-02 01:16:27 GSD getOne 第 1 次 等待 1 秒
2021-07-02 01:16:28 查询号码 【1309437】，返回信息 {"status":"bad","msg":""}
2021-07-02 01:16:28 查询号码 【1309437】，GSD为【""】
2021-07-02 01:16:28 bad
2021-07-02 01:16:30 CHB 1309437?1625159788 第 1 次 等待 1 秒
2021-07-02 01:16:31 CHB 1309437?1625159788 第 1 次 获取到号码【1309437】GSD
2021-07-02 01:16:31 获取到号码【1309437】的GSD为【云南-文山】
2021-07-02 01:16:34 GSD insert 第 1 次 等待 1 秒
2021-07-02 01:16:35 {"status":"ok","msg":"添加成功！170397"}
2021-07-02 01:16:35 下次操作: 2021-07-02 01:16:50

2021-07-02 01:16:50 开始第 26 次操作

2021-07-02 01:16:50 开始操作号码 【1309436】
2021-07-02 01:16:54 GSD getOne 第 1 次 等待 1 秒
2021-07-02 01:16:55 查询号码 【1309436】，返回信息 {"status":"ok","msg":"云南-保山","time_insert":"2016-10-10 16:56","time_update":"2020-11-24 18:18"}
2021-07-02 01:16:55 查询号码 【1309436】，GSD为【"云南-保山"】

2021-07-02 01:16:55 开始第 26 次操作

2021-07-02 01:16:55 开始操作号码 【1309435】
2021-07-02 01:17:02 GSD getOne 第 1 次 等待 1 秒
2021-07-02 01:17:03 查询号码 【1309435】，返回信息 {"status":"ok","msg":"云南-保山","time_insert":"2018-01-15 08:30","time_update":"2020-11-24 18:17"}
2021-07-02 01:17:03 查询号码 【1309435】，GSD为【"云南-保山"】

2021-07-02 01:17:03 开始第 26 次操作

2021-07-02 01:17:03 开始操作号码 【1309434】
2021-07-02 01:17:07 GSD getOne 第 1 次 等待 1 秒
2021-07-02 01:17:08 查询号码 【1309434】，返回信息 {"status":"bad","msg":""}
2021-07-02 01:17:08 查询号码 【1309434】，GSD为【""】
2021-07-02 01:17:08 bad
2021-07-02 01:17:10 CHB 1309434?1625159828 第 1 次 等待 1 秒
2021-07-02 01:17:11 CHB 1309434?1625159828 第 1 次 获取到号码【1309434】GSD
2021-07-02 01:17:11 获取到号码【1309434】的GSD为【云南-红河】
2021-07-02 01:17:15 GSD insert 第 1 次 等待 1 秒
2021-07-02 01:17:16 {"status":"ok","msg":"添加成功！170399"}
2021-07-02 01:17:16 下次操作: 2021-07-02 01:17:28

2021-07-02 01:17:28 开始第 27 次操作

2021-07-02 01:17:28 开始操作号码 【1309433】
2021-07-02 01:17:32 GSD getOne 第 1 次 等待 1 秒
2021-07-02 01:17:33 查询号码 【1309433】，返回信息 {"status":"bad","msg":""}
2021-07-02 01:17:33 查询号码 【1309433】，GSD为【""】
2021-07-02 01:17:33 bad
2021-07-02 01:17:37 CHB 1309433?1625159853 第 1 次 等待 1 秒
2021-07-02 01:17:38 CHB 1309433?1625159853 第 1 次 获取到号码【1309433】GSD
2021-07-02 01:17:38 获取到号码【1309433】的GSD为【云南-昭通】
2021-07-02 01:17:43 GSD insert 第 1 次 等待 1 秒
2021-07-02 01:17:44 {"status":"ok","msg":"添加成功！170401"}
2021-07-02 01:17:44 下次操作: 2021-07-02 01:18:01

2021-07-02 01:18:01 开始第 28 次操作

2021-07-02 01:18:01 开始操作号码 【1309432】
2021-07-02 01:18:05 GSD getOne 第 1 次 等待 1 秒
2021-07-02 01:18:06 查询号码 【1309432】，返回信息 {"status":"bad","msg":""}
2021-07-02 01:18:06 查询号码 【1309432】，GSD为【""】
2021-07-02 01:18:06 bad
2021-07-02 01:18:08 CHB 1309432?1625159886 第 1 次 等待 1 秒
2021-07-02 01:18:09 CHB 1309432?1625159886 第 1 次 获取到号码【1309432】GSD
2021-07-02 01:18:09 获取到号码【1309432】的GSD为【云南-楚雄】
2021-07-02 01:18:13 GSD insert 第 1 次 等待 1 秒
2021-07-02 01:18:14 {"status":"ok","msg":"添加成功！170403"}
2021-07-02 01:18:14 下次操作: 2021-07-02 01:18:22

2021-07-02 01:18:22 开始第 29 次操作

2021-07-02 01:18:22 开始操作号码 【1309431】
2021-07-02 01:18:26 GSD getOne 第 1 次 等待 1 秒
2021-07-02 01:18:27 查询号码 【1309431】，返回信息 {"status":"bad","msg":""}
2021-07-02 01:18:27 查询号码 【1309431】，GSD为【""】
2021-07-02 01:18:27 bad
2021-07-02 01:18:29 CHB 1309431?1625159907 第 1 次 等待 1 秒
2021-07-02 01:18:30 CHB 1309431?1625159907 第 1 次 获取到号码【1309431】GSD
2021-07-02 01:18:30 获取到号码【1309431】的GSD为【云南-曲靖】
2021-07-02 01:18:34 GSD insert 第 1 次 等待 1 秒
2021-07-02 01:18:35 {"status":"ok","msg":"添加成功！170404"}
2021-07-02 01:18:35 下次操作: 2021-07-02 01:18:43

2021-07-02 01:18:43 开始第 30 次操作

2021-07-02 01:18:43 开始操作号码 【1309430】
2021-07-02 01:18:47 GSD getOne 第 1 次 等待 1 秒
2021-07-02 01:18:48 查询号码 【1309430】，返回信息 {"status":"bad","msg":""}
2021-07-02 01:18:48 查询号码 【1309430】，GSD为【""】
2021-07-02 01:18:48 bad
2021-07-02 01:18:50 CHB 1309430?1625159928 第 1 次 等待 1 秒
2021-07-02 01:18:51 CHB 1309430?1625159928 第 1 次 获取到号码【1309430】GSD
2021-07-02 01:18:51 获取到号码【1309430】的GSD为【云南-玉溪】
2021-07-02 01:18:55 GSD insert 第 1 次 等待 1 秒
2021-07-02 01:18:56 {"status":"ok","msg":"添加成功！170405"}

