2024-08-22 00:13:06 开始第 469 次操作

2024-08-22 00:13:06 开始操作号码 【1410468】
2024-08-22 00:13:15 GSD getOne 第 1 次 等待 3 秒
2024-08-22 00:13:19 查询号码 【1410468】，返回信息 {"status":"ok","msg":"-","gid":"524980","time_insert":"2023-02-10 19:49"}
2024-08-22 00:13:19 查询号码 【1410468】，GSD为【"-"】
2024-08-22 00:13:19 ok && -
2024-08-22 00:13:23 CHB 1410468?1724256799 第 1 次 等待 3 秒
2024-08-22 00:13:26 CHB 1410468?1724256799 第 1 次 获取到号码【1410468】GSD
2024-08-22 00:13:26 未获取到号码【1410468】GSD，可能号码格式错误
2024-08-22 00:13:26 获取到号码【1410468】的GSD为【-】
2024-08-22 00:13:36 GSD insert 第 1 次 等待 3 秒
2024-08-22 00:13:39 {"status":"bad","gid":"524980","msg":"添加失败！号码【1410468(-|-)】已存在！"}
2024-08-22 00:13:39 随机等待 167 秒，约 2 分钟
2024-08-22 00:13:39 下次操作: 2024-08-22 00:16:26

2024-08-22 00:16:26 开始第 470 次操作

2024-08-22 00:16:26 开始操作号码 【1410469】
2024-08-22 00:16:34 GSD getOne 第 1 次 等待 3 秒
2024-08-22 00:16:37 查询号码 【1410469】，返回信息 {"status":"ok","msg":"-","gid":"524991","time_insert":"2023-02-10 20:02"}
2024-08-22 00:16:37 查询号码 【1410469】，GSD为【"-"】
2024-08-22 00:16:37 ok && -
2024-08-22 00:16:40 CHB 1410469?1724256997 第 1 次 等待 3 秒
2024-08-22 00:16:43 CHB 1410469?1724256997 第 1 次 获取到号码【1410469】GSD
2024-08-22 00:16:43 未获取到号码【1410469】GSD，可能号码格式错误
2024-08-22 00:16:43 获取到号码【1410469】的GSD为【-】
2024-08-22 00:16:51 GSD insert 第 1 次 等待 3 秒
2024-08-22 00:16:54 {"status":"bad","gid":"524991","msg":"添加失败！号码【1410469(-|-)】已存在！"}
2024-08-22 00:16:54 随机等待 227 秒，约 3 分钟
2024-08-22 00:16:54 下次操作: 2024-08-22 00:20:41

2024-08-22 00:20:41 开始第 471 次操作

2024-08-22 00:20:41 开始操作号码 【1410470】
2024-08-22 00:20:49 GSD getOne 第 1 次 等待 3 秒
2024-08-22 00:20:52 查询号码 【1410470】，返回信息 {"status":"ok","msg":"-","gid":"525009","time_insert":"2023-02-10 20:17"}
2024-08-22 00:20:52 查询号码 【1410470】，GSD为【"-"】
2024-08-22 00:20:52 ok && -
2024-08-22 00:20:55 CHB 1410470?1724257252 第 1 次 等待 3 秒
2024-08-22 00:20:58 CHB 1410470?1724257252 第 1 次 获取到号码【1410470】GSD
2024-08-22 00:20:58 未获取到号码【1410470】GSD，可能号码格式错误
2024-08-22 00:20:58 获取到号码【1410470】的GSD为【-】
2024-08-22 00:21:09 GSD insert 第 1 次 等待 3 秒
2024-08-22 00:21:12 {"status":"bad","gid":"525009","msg":"添加失败！号码【1410470(-|-)】已存在！"}
2024-08-22 00:21:12 随机等待 205 秒，约 3 分钟
2024-08-22 00:21:12 下次操作: 2024-08-22 00:24:37

2024-08-22 00:24:37 开始第 472 次操作

2024-08-22 00:24:37 开始操作号码 【1410471】
2024-08-22 00:24:45 GSD getOne 第 1 次 等待 3 秒
2024-08-22 00:24:48 查询号码 【1410471】，返回信息 {"status":"ok","msg":"-","gid":"525020","time_insert":"2023-02-10 20:30"}
2024-08-22 00:24:48 查询号码 【1410471】，GSD为【"-"】
2024-08-22 00:24:48 ok && -
2024-08-22 00:24:50 CHB 1410471?1724257488 第 1 次 等待 3 秒
2024-08-22 00:24:53 CHB 1410471?1724257488 第 1 次 获取到号码【1410471】GSD
2024-08-22 00:24:53 未获取到号码【1410471】GSD，可能号码格式错误
2024-08-22 00:24:53 获取到号码【1410471】的GSD为【-】
2024-08-22 00:25:01 GSD insert 第 1 次 等待 3 秒
2024-08-22 00:25:04 {"status":"bad","gid":"525020","msg":"添加失败！号码【1410471(-|-)】已存在！"}

