2024-06-18 00:23:25 开始第 1253 次操作

2024-06-18 00:23:25 开始操作号码 【1521161】
2024-06-18 00:23:44 GSD getOne 第 1 次 等待 3 秒
2024-06-18 00:23:47 查询号码 【1521161】，返回信息 {"status":"ok","msg":"湖南-永州","gid":"96384","time_insert":"2021-06-14 13:12","time_update":"2021-06-14 13:19"}
2024-06-18 00:23:47 查询号码 【1521161】，GSD为【"湖南-永州"】

2024-06-18 00:23:48 开始第 1254 次操作

2024-06-18 00:23:48 开始操作号码 【1521162】
2024-06-18 00:23:54 GSD getOne 第 1 次 等待 3 秒
2024-06-18 00:23:57 查询号码 【1521162】，返回信息 {"status":"ok","msg":"湖南-永州","gid":"18810","time_insert":"2017-06-14 18:51","time_update":"2020-09-22 17:26"}
2024-06-18 00:23:57 查询号码 【1521162】，GSD为【"湖南-永州"】

2024-06-18 00:23:58 开始第 1255 次操作

2024-06-18 00:23:58 开始操作号码 【1521163】
2024-06-18 00:24:07 GSD getOne 第 1 次 等待 3 秒
2024-06-18 00:24:10 查询号码 【1521163】，返回信息 {"status":"ok","msg":"湖南-永州","gid":"96405","time_insert":"2021-06-14 13:29"}
2024-06-18 00:24:10 查询号码 【1521163】，GSD为【"湖南-永州"】

2024-06-18 00:24:11 开始第 1256 次操作

2024-06-18 00:24:11 开始操作号码 【1521164】
2024-06-18 00:24:20 GSD getOne 第 1 次 等待 3 秒
2024-06-18 00:24:23 查询号码 【1521164】，返回信息 {"status":"ok","msg":"湖南-永州","gid":"96423","time_insert":"2021-06-14 13:46","time_update":"2021-06-14 13:47"}
2024-06-18 00:24:23 查询号码 【1521164】，GSD为【"湖南-永州"】

