2024-05-19 00:20:20 开始第 9529 次操作

2024-05-19 00:20:20 开始操作号码 【1639436】
2024-05-19 00:20:26 GSD getOne 第 1 次 等待 3 秒
2024-05-19 00:20:29 查询号码 【1639436】，返回信息 {"status":"ok","msg":"-","gid":"690786","time_insert":"2023-05-03 13:20"}
2024-05-19 00:20:29 查询号码 【1639436】，GSD为【"-"】
2024-05-19 00:20:29 ok && -
2024-05-19 00:20:32 CHB 1639436?1716049229 第 1 次 等待 3 秒
2024-05-19 00:20:35 CHB 1639436?1716049229 第 1 次 获取到号码【1639436】GSD
2024-05-19 00:20:35 未获取到号码【1639436】GSD，可能号码格式错误
2024-05-19 00:20:35 获取到号码【1639436】的GSD为【-】
2024-05-19 00:20:52 GSD insert 第 1 次 等待 3 秒
2024-05-19 00:20:55 {"status":"bad","gid":"690786","msg":"添加失败！号码【1639436(-|-)】已存在！"}
2024-05-19 00:20:55 随机等待 127 秒，约 2 分钟
2024-05-19 00:20:55 下次操作: 2024-05-19 00:23:02

2024-05-19 00:23:02 开始第 9530 次操作

2024-05-19 00:23:02 开始操作号码 【1639437】
2024-05-19 00:23:12 GSD getOne 第 1 次 等待 3 秒
2024-05-19 00:23:15 查询号码 【1639437】，返回信息 {"status":"ok","msg":"-","gid":"690807","time_insert":"2023-05-03 13:40"}
2024-05-19 00:23:15 查询号码 【1639437】，GSD为【"-"】
2024-05-19 00:23:15 ok && -
2024-05-19 00:23:17 CHB 1639437?1716049395 第 1 次 等待 3 秒
2024-05-19 00:23:20 CHB 1639437?1716049395 第 1 次 获取到号码【1639437】GSD
2024-05-19 00:23:20 未获取到号码【1639437】GSD，可能号码格式错误
2024-05-19 00:23:20 获取到号码【1639437】的GSD为【-】
2024-05-19 00:23:31 GSD insert 第 1 次 等待 3 秒
2024-05-19 00:23:34 {"status":"bad","gid":"690807","msg":"添加失败！号码【1639437(-|-)】已存在！"}
2024-05-19 00:23:34 随机等待 178 秒，约 2 分钟
2024-05-19 00:23:34 下次操作: 2024-05-19 00:26:32

2024-05-19 00:26:32 开始第 9531 次操作

2024-05-19 00:26:32 开始操作号码 【1639438】
2024-05-19 00:26:38 GSD getOne 第 1 次 等待 3 秒
2024-05-19 00:26:41 查询号码 【1639438】，返回信息 {"status":"ok","msg":"-","gid":"690825","time_insert":"2023-05-03 13:59"}
2024-05-19 00:26:41 查询号码 【1639438】，GSD为【"-"】
2024-05-19 00:26:41 ok && -
2024-05-19 00:26:43 CHB 1639438?1716049601 第 1 次 等待 3 秒
2024-05-19 00:26:46 CHB 1639438?1716049601 第 1 次 获取到号码【1639438】GSD
2024-05-19 00:26:46 未获取到号码【1639438】GSD，可能号码格式错误
2024-05-19 00:26:46 获取到号码【1639438】的GSD为【-】
2024-05-19 00:26:55 GSD insert 第 1 次 等待 3 秒
2024-05-19 00:26:58 {"status":"bad","gid":"690825","msg":"添加失败！号码【1639438(-|-)】已存在！"}
2024-05-19 00:26:58 随机等待 120 秒，约 2 分钟
2024-05-19 00:26:58 下次操作: 2024-05-19 00:28:58

2024-05-19 00:28:58 开始第 9532 次操作

2024-05-19 00:28:58 开始操作号码 【1639439】
2024-05-19 00:29:23 GSD getOne 第 1 次 等待 3 秒
2024-05-19 00:29:26 查询号码 【1639439】，返回信息 {"status":"ok","msg":"-","gid":"690843","time_insert":"2023-05-03 14:18"}
2024-05-19 00:29:26 查询号码 【1639439】，GSD为【"-"】
2024-05-19 00:29:26 ok && -
2024-05-19 00:29:28 CHB 1639439?1716049766 第 1 次 等待 3 秒
2024-05-19 00:29:31 CHB 1639439?1716049766 第 1 次 获取到号码【1639439】GSD
2024-05-19 00:29:31 未获取到号码【1639439】GSD，可能号码格式错误
2024-05-19 00:29:31 获取到号码【1639439】的GSD为【-】
2024-05-19 00:29:37 GSD insert 第 1 次 等待 3 秒
2024-05-19 00:29:40 {"status":"bad","gid":"690843","msg":"添加失败！号码【1639439(-|-)】已存在！"}

2024-05-19 00:37:53 开始第 9533 次操作

2024-05-19 00:37:53 开始操作号码 【1639440】
2024-05-19 00:37:58 GSD getOne 第 1 次 等待 3 秒
2024-05-19 00:38:01 查询号码 【1639440】，返回信息 {"status":"ok","msg":"-","gid":"690858","time_insert":"2023-05-03 14:35"}
2024-05-19 00:38:01 查询号码 【1639440】，GSD为【"-"】
2024-05-19 00:38:01 ok && -
2024-05-19 00:38:04 CHB 1639440?1716050281 第 1 次 等待 3 秒
2024-05-19 00:38:07 CHB 1639440?1716050281 第 1 次 获取到号码【1639440】GSD
2024-05-19 00:38:07 未获取到号码【1639440】GSD，可能号码格式错误
2024-05-19 00:38:07 获取到号码【1639440】的GSD为【-】
2024-05-19 00:38:23 GSD insert 第 1 次 等待 3 秒
2024-05-19 00:38:26 {"status":"bad","gid":"690858","msg":"添加失败！号码【1639440(-|-)】已存在！"}
2024-05-19 00:38:26 随机等待 186 秒，约 3 分钟
2024-05-19 00:38:26 下次操作: 2024-05-19 00:41:32

2024-05-19 00:41:32 开始第 9534 次操作

2024-05-19 00:41:32 开始操作号码 【1639441】
2024-05-19 00:41:43 GSD getOne 第 1 次 等待 3 秒
2024-05-19 00:41:46 查询号码 【1639441】，返回信息 {"status":"ok","msg":"-","gid":"690873","time_insert":"2023-05-03 14:50"}
2024-05-19 00:41:46 查询号码 【1639441】，GSD为【"-"】
2024-05-19 00:41:46 ok && -
2024-05-19 00:41:48 CHB 1639441?1716050506 第 1 次 等待 3 秒
2024-05-19 00:41:51 CHB 1639441?1716050506 第 1 次 获取到号码【1639441】GSD
2024-05-19 00:41:51 未获取到号码【1639441】GSD，可能号码格式错误
2024-05-19 00:41:51 获取到号码【1639441】的GSD为【-】
2024-05-19 00:42:02 GSD insert 第 1 次 等待 3 秒
2024-05-19 00:42:05 {"status":"bad","gid":"690873","msg":"添加失败！号码【1639441(-|-)】已存在！"}
2024-05-19 00:42:05 随机等待 124 秒，约 2 分钟
2024-05-19 00:42:05 下次操作: 2024-05-19 00:44:09

2024-05-19 00:44:09 开始第 9535 次操作

2024-05-19 00:44:09 开始操作号码 【1639442】
2024-05-19 00:44:15 GSD getOne 第 1 次 等待 3 秒
2024-05-19 00:44:18 查询号码 【1639442】，返回信息 {"status":"ok","msg":"-","gid":"690892","time_insert":"2023-05-03 15:08"}
2024-05-19 00:44:18 查询号码 【1639442】，GSD为【"-"】
2024-05-19 00:44:18 ok && -
2024-05-19 00:44:20 CHB 1639442?1716050658 第 1 次 等待 3 秒
2024-05-19 00:44:23 CHB 1639442?1716050658 第 1 次 获取到号码【1639442】GSD
2024-05-19 00:44:23 未获取到号码【1639442】GSD，可能号码格式错误
2024-05-19 00:44:23 获取到号码【1639442】的GSD为【-】
2024-05-19 00:44:29 GSD insert 第 1 次 等待 3 秒
2024-05-19 00:44:32 {"status":"bad","gid":"690892","msg":"添加失败！号码【1639442(-|-)】已存在！"}
2024-05-19 00:44:32 随机等待 118 秒，约 1 分钟
2024-05-19 00:44:32 下次操作: 2024-05-19 00:46:30

2024-05-19 00:46:30 开始第 9536 次操作

2024-05-19 00:46:30 开始操作号码 【1639443】
2024-05-19 00:46:52 GSD getOne 第 1 次 等待 3 秒
2024-05-19 00:46:55 查询号码 【1639443】，返回信息 {"status":"ok","msg":"-","gid":"690907","time_insert":"2023-05-03 15:26"}
2024-05-19 00:46:55 查询号码 【1639443】，GSD为【"-"】
2024-05-19 00:46:55 ok && -
2024-05-19 00:46:58 CHB 1639443?1716050815 第 1 次 等待 3 秒
2024-05-19 00:47:01 CHB 1639443?1716050815 第 1 次 获取到号码【1639443】GSD
2024-05-19 00:47:01 未获取到号码【1639443】GSD，可能号码格式错误
2024-05-19 00:47:01 获取到号码【1639443】的GSD为【-】
2024-05-19 00:47:08 GSD insert 第 1 次 等待 3 秒
2024-05-19 00:47:11 {"status":"bad","gid":"690907","msg":"添加失败！号码【1639443(-|-)】已存在！"}

2024-05-19 01:13:58 开始第 9537 次操作

2024-05-19 01:13:58 开始操作号码 【1639444】
2024-05-19 01:14:11 GSD getOne 第 1 次 等待 3 秒
2024-05-19 01:14:14 查询号码 【1639444】，返回信息 {"status":"ok","msg":"-","gid":"690926","time_insert":"2023-05-03 15:46"}
2024-05-19 01:14:14 查询号码 【1639444】，GSD为【"-"】
2024-05-19 01:14:14 ok && -
2024-05-19 01:14:16 CHB 1639444?1716052454 第 1 次 等待 3 秒
2024-05-19 01:14:19 CHB 1639444?1716052454 第 1 次 获取到号码【1639444】GSD
2024-05-19 01:14:19 未获取到号码【1639444】GSD，可能号码格式错误
2024-05-19 01:14:19 获取到号码【1639444】的GSD为【-】
2024-05-19 01:14:24 GSD insert 第 1 次 等待 3 秒
2024-05-19 01:14:27 {"status":"bad","gid":"690926","msg":"添加失败！号码【1639444(-|-)】已存在！"}
2024-05-19 01:14:27 随机等待 111 秒，约 1 分钟
2024-05-19 01:14:27 下次操作: 2024-05-19 01:16:18

2024-05-19 01:16:18 开始第 9538 次操作

2024-05-19 01:16:18 开始操作号码 【1639445】
2024-05-19 01:16:25 GSD getOne 第 1 次 等待 3 秒
2024-05-19 01:16:28 查询号码 【1639445】，返回信息 {"status":"ok","msg":"-","gid":"690940","time_insert":"2023-05-03 16:04"}
2024-05-19 01:16:28 查询号码 【1639445】，GSD为【"-"】
2024-05-19 01:16:28 ok && -
2024-05-19 01:16:30 CHB 1639445?1716052588 第 1 次 等待 3 秒
2024-05-19 01:16:33 CHB 1639445?1716052588 第 1 次 获取到号码【1639445】GSD
2024-05-19 01:16:33 未获取到号码【1639445】GSD，可能号码格式错误
2024-05-19 01:16:33 获取到号码【1639445】的GSD为【-】
2024-05-19 01:16:38 GSD insert 第 1 次 等待 3 秒
2024-05-19 01:16:41 {"status":"bad","gid":"690940","msg":"添加失败！号码【1639445(-|-)】已存在！"}
2024-05-19 01:16:41 随机等待 167 秒，约 2 分钟
2024-05-19 01:16:41 下次操作: 2024-05-19 01:19:28

2024-05-19 01:19:28 开始第 9539 次操作

2024-05-19 01:19:28 开始操作号码 【1639446】
2024-05-19 01:19:38 GSD getOne 第 1 次 等待 3 秒
2024-05-19 01:19:41 查询号码 【1639446】，返回信息 {"status":"ok","msg":"-","gid":"690956","time_insert":"2023-05-03 16:22"}
2024-05-19 01:19:41 查询号码 【1639446】，GSD为【"-"】
2024-05-19 01:19:41 ok && -
2024-05-19 01:19:44 CHB 1639446?1716052781 第 1 次 等待 3 秒
2024-05-19 01:19:47 CHB 1639446?1716052781 第 1 次 获取到号码【1639446】GSD
2024-05-19 01:19:47 未获取到号码【1639446】GSD，可能号码格式错误
2024-05-19 01:19:47 获取到号码【1639446】的GSD为【-】
2024-05-19 01:20:00 GSD insert 第 1 次 等待 3 秒
2024-05-19 01:20:03 {"status":"bad","gid":"690956","msg":"添加失败！号码【1639446(-|-)】已存在！"}
2024-05-19 01:20:03 随机等待 85 秒，约 1 分钟
2024-05-19 01:20:03 下次操作: 2024-05-19 01:21:28

2024-05-19 01:21:28 开始第 9540 次操作

2024-05-19 01:21:28 开始操作号码 【1639447】
2024-05-19 01:21:44 GSD getOne 第 1 次 等待 3 秒
2024-05-19 01:21:47 查询号码 【1639447】，返回信息 {"status":"ok","msg":"-","gid":"690972","time_insert":"2023-05-03 16:39"}
2024-05-19 01:21:47 查询号码 【1639447】，GSD为【"-"】
2024-05-19 01:21:47 ok && -
2024-05-19 01:21:49 CHB 1639447?1716052907 第 1 次 等待 3 秒
2024-05-19 01:21:52 CHB 1639447?1716052907 第 1 次 获取到号码【1639447】GSD
2024-05-19 01:21:52 未获取到号码【1639447】GSD，可能号码格式错误
2024-05-19 01:21:52 获取到号码【1639447】的GSD为【-】
2024-05-19 01:22:02 GSD insert 第 1 次 等待 3 秒
2024-05-19 01:22:05 {"status":"bad","gid":"690972","msg":"添加失败！号码【1639447(-|-)】已存在！"}

2024-05-19 01:37:45 开始第 9541 次操作

2024-05-19 01:37:45 开始操作号码 【1639448】
2024-05-19 01:38:05 GSD getOne 第 1 次 等待 3 秒
2024-05-19 01:38:08 查询号码 【1639448】，返回信息 {"status":"ok","msg":"-","gid":"690990","time_insert":"2023-05-03 16:56"}
2024-05-19 01:38:08 查询号码 【1639448】，GSD为【"-"】
2024-05-19 01:38:08 ok && -
2024-05-19 01:38:11 CHB 1639448?1716053888 第 1 次 等待 3 秒
2024-05-19 01:38:14 CHB 1639448?1716053888 第 1 次 获取到号码【1639448】GSD
2024-05-19 01:38:14 未获取到号码【1639448】GSD，可能号码格式错误
2024-05-19 01:38:14 获取到号码【1639448】的GSD为【-】
2024-05-19 01:38:41 GSD insert 第 1 次 等待 3 秒
2024-05-19 01:38:44 {"status":"bad","gid":"690990","msg":"添加失败！号码【1639448(-|-)】已存在！"}
2024-05-19 01:38:44 随机等待 71 秒，约 1 分钟
2024-05-19 01:38:44 下次操作: 2024-05-19 01:39:55

2024-05-19 01:39:55 开始第 9542 次操作

2024-05-19 01:39:55 开始操作号码 【1639449】
2024-05-19 01:40:05 GSD getOne 第 1 次 等待 3 秒
2024-05-19 01:40:08 查询号码 【1639449】，返回信息 {"status":"ok","msg":"-","gid":"691007","time_insert":"2023-05-03 17:14"}
2024-05-19 01:40:08 查询号码 【1639449】，GSD为【"-"】
2024-05-19 01:40:08 ok && -
2024-05-19 01:40:10 CHB 1639449?1716054008 第 1 次 等待 3 秒
2024-05-19 01:40:13 CHB 1639449?1716054008 第 1 次 获取到号码【1639449】GSD
2024-05-19 01:40:13 未获取到号码【1639449】GSD，可能号码格式错误
2024-05-19 01:40:13 获取到号码【1639449】的GSD为【-】
2024-05-19 01:40:37 GSD insert 第 1 次 等待 3 秒
2024-05-19 01:40:40 {"status":"bad","gid":"691007","msg":"添加失败！号码【1639449(-|-)】已存在！"}
2024-05-19 01:40:40 随机等待 145 秒，约 2 分钟
2024-05-19 01:40:40 下次操作: 2024-05-19 01:43:05

2024-05-19 01:43:05 开始第 9543 次操作

2024-05-19 01:43:05 开始操作号码 【1639450】
2024-05-19 01:43:12 GSD getOne 第 1 次 等待 3 秒
2024-05-19 01:43:15 查询号码 【1639450】，返回信息 {"status":"ok","msg":"-","gid":"691031","time_insert":"2023-05-03 17:36"}
2024-05-19 01:43:15 查询号码 【1639450】，GSD为【"-"】
2024-05-19 01:43:15 ok && -
2024-05-19 01:43:17 CHB 1639450?1716054195 第 1 次 等待 3 秒
2024-05-19 01:43:20 CHB 1639450?1716054195 第 1 次 获取到号码【1639450】GSD
2024-05-19 01:43:20 未获取到号码【1639450】GSD，可能号码格式错误
2024-05-19 01:43:20 获取到号码【1639450】的GSD为【-】
2024-05-19 01:43:29 GSD insert 第 1 次 等待 3 秒
2024-05-19 01:43:32 {"status":"bad","gid":"691031","msg":"添加失败！号码【1639450(-|-)】已存在！"}
2024-05-19 01:43:32 随机等待 87 秒，约 1 分钟
2024-05-19 01:43:32 下次操作: 2024-05-19 01:44:59

2024-05-19 01:44:59 开始第 9544 次操作

2024-05-19 01:44:59 开始操作号码 【1639451】
2024-05-19 01:45:05 GSD getOne 第 1 次 等待 3 秒
2024-05-19 01:45:08 查询号码 【1639451】，返回信息 {"status":"ok","msg":"-","gid":"691044","time_insert":"2023-05-03 17:52"}
2024-05-19 01:45:08 查询号码 【1639451】，GSD为【"-"】
2024-05-19 01:45:08 ok && -
2024-05-19 01:45:10 CHB 1639451?1716054308 第 1 次 等待 3 秒
2024-05-19 01:45:13 CHB 1639451?1716054308 第 1 次 获取到号码【1639451】GSD
2024-05-19 01:45:13 未获取到号码【1639451】GSD，可能号码格式错误
2024-05-19 01:45:13 获取到号码【1639451】的GSD为【-】
2024-05-19 01:45:22 GSD insert 第 1 次 等待 3 秒
2024-05-19 01:45:25 {"status":"bad","gid":"691044","msg":"添加失败！号码【1639451(-|-)】已存在！"}

