2024-07-15 00:33:59 开始第 5985 次操作

2024-07-15 00:33:59 开始操作号码 【1525887】
2024-07-15 00:34:08 GSD getOne 第 1 次 等待 3 秒
2024-07-15 00:34:11 查询号码 【1525887】，返回信息 {"status":"ok","msg":"浙江-杭州","gid":"394782","time_insert":"2021-07-25 23:08"}
2024-07-15 00:34:11 查询号码 【1525887】，GSD为【"浙江-杭州"】

2024-07-15 00:34:12 开始第 5986 次操作

2024-07-15 00:34:12 开始操作号码 【1525888】
2024-07-15 00:34:33 GSD getOne 第 1 次 等待 3 秒
2024-07-15 00:34:36 查询号码 【1525888】，返回信息 {"status":"ok","msg":"浙江-杭州","gid":"394770","time_insert":"2021-07-25 23:08"}
2024-07-15 00:34:36 查询号码 【1525888】，GSD为【"浙江-杭州"】

2024-07-15 00:34:37 开始第 5987 次操作

2024-07-15 00:34:37 开始操作号码 【1525889】
2024-07-15 00:34:45 GSD getOne 第 1 次 等待 3 秒
2024-07-15 00:34:48 查询号码 【1525889】，返回信息 {"status":"ok","msg":"浙江-杭州","gid":"394751","time_insert":"2021-07-25 23:06"}
2024-07-15 00:34:48 查询号码 【1525889】，GSD为【"浙江-杭州"】

2024-07-15 00:34:49 开始第 5988 次操作

2024-07-15 00:34:49 开始操作号码 【1525890】
2024-07-15 00:34:58 GSD getOne 第 1 次 等待 3 秒
2024-07-15 00:35:01 查询号码 【1525890】，返回信息 {"status":"ok","msg":"浙江-金华","gid":"394740","time_insert":"2021-07-25 23:06"}
2024-07-15 00:35:01 查询号码 【1525890】，GSD为【"浙江-金华"】

2024-07-15 01:25:40 开始第 5989 次操作

2024-07-15 01:25:40 开始操作号码 【1525891】
2024-07-15 01:25:48 GSD getOne 第 1 次 等待 3 秒
2024-07-15 01:25:51 查询号码 【1525891】，返回信息 {"status":"ok","msg":"浙江-金华","gid":"394730","time_insert":"2021-07-25 23:05"}
2024-07-15 01:25:51 查询号码 【1525891】，GSD为【"浙江-金华"】

2024-07-15 01:25:52 开始第 5990 次操作

2024-07-15 01:25:52 开始操作号码 【1525892】
2024-07-15 01:26:00 GSD getOne 第 1 次 等待 3 秒
2024-07-15 01:26:03 查询号码 【1525892】，返回信息 {"status":"ok","msg":"浙江-金华","gid":"394716","time_insert":"2021-07-25 23:04"}
2024-07-15 01:26:03 查询号码 【1525892】，GSD为【"浙江-金华"】

2024-07-15 01:26:04 开始第 5991 次操作

2024-07-15 01:26:04 开始操作号码 【1525893】
2024-07-15 01:26:12 GSD getOne 第 1 次 等待 3 秒
2024-07-15 01:26:15 查询号码 【1525893】，返回信息 {"status":"ok","msg":"浙江-金华","gid":"394701","time_insert":"2021-07-25 23:03"}
2024-07-15 01:26:15 查询号码 【1525893】，GSD为【"浙江-金华"】

2024-07-15 01:26:16 开始第 5992 次操作

2024-07-15 01:26:16 开始操作号码 【1525894】
2024-07-15 01:26:23 GSD getOne 第 1 次 等待 3 秒
2024-07-15 01:26:26 查询号码 【1525894】，返回信息 {"status":"ok","msg":"浙江-金华","gid":"394690","time_insert":"2021-07-25 23:02"}
2024-07-15 01:26:26 查询号码 【1525894】，GSD为【"浙江-金华"】

2024-07-15 01:49:08 开始第 5993 次操作

2024-07-15 01:49:08 开始操作号码 【1525895】
2024-07-15 01:49:16 GSD getOne 第 1 次 等待 3 秒
2024-07-15 01:49:19 查询号码 【1525895】，返回信息 {"status":"ok","msg":"浙江-金华","gid":"19451","time_insert":"2018-02-15 13:19","time_update":"2020-08-31 17:51"}
2024-07-15 01:49:19 查询号码 【1525895】，GSD为【"浙江-金华"】

2024-07-15 01:49:20 开始第 5994 次操作

2024-07-15 01:49:20 开始操作号码 【1525896】
2024-07-15 01:49:28 GSD getOne 第 1 次 等待 3 秒
2024-07-15 01:49:31 查询号码 【1525896】，返回信息 {"status":"ok","msg":"浙江-金华","gid":"19452","time_insert":"2017-08-20 10:54","time_update":"2020-08-31 17:54"}
2024-07-15 01:49:31 查询号码 【1525896】，GSD为【"浙江-金华"】

2024-07-15 01:49:32 开始第 5995 次操作

2024-07-15 01:49:32 开始操作号码 【1525897】
2024-07-15 01:49:40 GSD getOne 第 1 次 等待 3 秒
2024-07-15 01:49:43 查询号码 【1525897】，返回信息 {"status":"ok","msg":"浙江-金华","gid":"394663","time_insert":"2021-07-25 23:01"}
2024-07-15 01:49:43 查询号码 【1525897】，GSD为【"浙江-金华"】

2024-07-15 01:49:44 开始第 5996 次操作

2024-07-15 01:49:44 开始操作号码 【1525898】
2024-07-15 01:49:52 GSD getOne 第 1 次 等待 3 秒
2024-07-15 01:49:55 查询号码 【1525898】，返回信息 {"status":"ok","msg":"浙江-金华","gid":"19453","time_insert":"2018-03-18 18:42","time_update":"2020-08-31 17:58"}
2024-07-15 01:49:55 查询号码 【1525898】，GSD为【"浙江-金华"】

