2021-07-28 00:00:47 开始第 17 次操作

2021-07-28 00:00:47 开始操作号码 【1815452】
2021-07-28 00:00:49 GSD getOne 第 1 次 等待 3 秒
2021-07-28 00:00:52 查询号码 【1815452】，返回信息 {"status":"bad","msg":""}
2021-07-28 00:00:52 查询号码 【1815452】，GSD为【""】
2021-07-28 00:00:52 bad
2021-07-28 00:00:54 CHB 1815452?1627401652 第 1 次 等待 3 秒
2021-07-28 00:00:57 CHB 1815452?1627401652 第 1 次 获取到号码【1815452】GSD
2021-07-28 00:00:57 获取到号码【1815452】的GSD为【广西-南宁】
2021-07-28 00:01:20 GSD insert 第 1 次 等待 3 秒
2021-07-28 00:01:23 {"status":"ok","gid":418608,"msg":"添加成功！"}
2021-07-28 00:01:23 下次操作: 2021-07-28 00:01:35

2021-07-28 00:01:35 开始第 18 次操作

2021-07-28 00:01:35 开始操作号码 【1815451】
2021-07-28 00:01:41 GSD getOne 第 1 次 等待 3 秒
2021-07-28 00:01:44 查询号码 【1815451】，返回信息 {"status":"bad","msg":""}
2021-07-28 00:01:44 查询号码 【1815451】，GSD为【""】
2021-07-28 00:01:44 bad
2021-07-28 00:01:45 CHB 1815451?1627401704 第 1 次 等待 3 秒
2021-07-28 00:01:48 CHB 1815451?1627401704 第 1 次 获取到号码【1815451】GSD
2021-07-28 00:01:48 获取到号码【1815451】的GSD为【广西-南宁】
2021-07-28 00:02:08 GSD insert 第 1 次 等待 3 秒
2021-07-28 00:02:11 {"status":"ok","gid":418621,"msg":"添加成功！"}
2021-07-28 00:02:11 下次操作: 2021-07-28 00:02:25

2021-07-28 00:02:25 开始第 19 次操作

2021-07-28 00:02:25 开始操作号码 【1815450】
2021-07-28 00:02:28 GSD getOne 第 1 次 等待 3 秒
2021-07-28 00:02:31 查询号码 【1815450】，返回信息 {"status":"bad","msg":""}
2021-07-28 00:02:31 查询号码 【1815450】，GSD为【""】
2021-07-28 00:02:31 bad
2021-07-28 00:02:32 CHB 1815450?1627401751 第 1 次 等待 3 秒
2021-07-28 00:02:35 CHB 1815450?1627401751 第 1 次 获取到号码【1815450】GSD
2021-07-28 00:02:35 获取到号码【1815450】的GSD为【广西-南宁】
2021-07-28 00:02:53 GSD insert 第 1 次 等待 3 秒
2021-07-28 00:02:56 {"status":"ok","gid":418633,"msg":"添加成功！"}
2021-07-28 00:02:56 下次操作: 2021-07-28 00:03:14

2021-07-28 00:03:14 开始第 20 次操作

2021-07-28 00:03:14 开始操作号码 【1815449】
2021-07-28 00:03:17 GSD getOne 第 1 次 等待 3 秒
2021-07-28 00:03:20 查询号码 【1815449】，返回信息 {"status":"bad","msg":""}
2021-07-28 00:03:20 查询号码 【1815449】，GSD为【""】
2021-07-28 00:03:20 bad
2021-07-28 00:03:22 CHB 1815449?1627401800 第 1 次 等待 3 秒
2021-07-28 00:03:25 CHB 1815449?1627401800 第 1 次 获取到号码【1815449】GSD
2021-07-28 00:03:25 获取到号码【1815449】的GSD为【湖北-十堰】
2021-07-28 00:03:43 GSD insert 第 1 次 等待 3 秒
2021-07-28 00:03:46 {"status":"ok","gid":418648,"msg":"添加成功！"}
2021-07-28 00:03:46 下次操作: 2021-07-28 00:04:01

2021-07-28 00:04:01 开始第 21 次操作

2021-07-28 00:04:01 开始操作号码 【1815448】
2021-07-28 00:04:15 GSD getOne 第 1 次 等待 3 秒
2021-07-28 00:04:18 查询号码 【1815448】，返回信息 {"status":"bad","msg":""}
2021-07-28 00:04:18 查询号码 【1815448】，GSD为【""】
2021-07-28 00:04:18 bad
2021-07-28 00:04:19 CHB 1815448?1627401858 第 1 次 等待 3 秒
2021-07-28 00:04:22 CHB 1815448?1627401858 第 1 次 获取到号码【1815448】GSD
2021-07-28 00:04:22 获取到号码【1815448】的GSD为【湖北-咸宁】
2021-07-28 00:04:40 GSD insert 第 1 次 等待 3 秒
2021-07-28 00:04:43 {"status":"ok","gid":418662,"msg":"添加成功！"}
2021-07-28 00:04:43 下次操作: 2021-07-28 00:05:06

2021-07-28 00:05:06 开始第 22 次操作

2021-07-28 00:05:06 开始操作号码 【1815447】
2021-07-28 00:05:09 GSD getOne 第 1 次 等待 3 秒
2021-07-28 00:05:12 查询号码 【1815447】，返回信息 {"status":"ok","msg":"湖北-黄冈","gid":"64541","time_insert":"2021-05-22 07:41","time_update":"2021-06-14 09:20"}
2021-07-28 00:05:12 查询号码 【1815447】，GSD为【"湖北-黄冈"】

2021-07-28 00:05:12 开始第 22 次操作

2021-07-28 00:05:12 开始操作号码 【1815446】
2021-07-28 00:05:38 GSD getOne 第 1 次 等待 3 秒
2021-07-28 00:05:41 查询号码 【1815446】，返回信息 {"status":"bad","msg":""}
2021-07-28 00:05:41 查询号码 【1815446】，GSD为【""】
2021-07-28 00:05:41 bad
2021-07-28 00:05:47 CHB 1815446?1627401941 第 1 次 等待 3 秒
2021-07-28 00:05:50 CHB 1815446?1627401941 第 1 次 获取到号码【1815446】GSD
2021-07-28 00:05:50 获取到号码【1815446】的GSD为【湖北-孝感】
2021-07-28 00:06:00 GSD insert 第 1 次 等待 3 秒
2021-07-28 00:06:03 {"status":"ok","gid":418681,"msg":"添加成功！"}
2021-07-28 00:06:03 下次操作: 2021-07-28 00:06:17

2021-07-28 00:06:17 开始第 23 次操作

2021-07-28 00:06:17 开始操作号码 【1815445】
2021-07-28 00:06:21 GSD getOne 第 1 次 等待 3 秒
2021-07-28 00:06:24 查询号码 【1815445】，返回信息 {"status":"bad","msg":""}
2021-07-28 00:06:24 查询号码 【1815445】，GSD为【""】
2021-07-28 00:06:24 bad
2021-07-28 00:06:26 CHB 1815445?1627401984 第 1 次 等待 3 秒
2021-07-28 00:06:29 CHB 1815445?1627401984 第 1 次 获取到号码【1815445】GSD
2021-07-28 00:06:29 获取到号码【1815445】的GSD为【湖北-襄阳】
2021-07-28 00:06:47 GSD insert 第 1 次 等待 3 秒
2021-07-28 00:06:50 {"status":"ok","gid":418690,"msg":"添加成功！"}
2021-07-28 00:06:50 下次操作: 2021-07-28 00:07:09

2021-07-28 00:07:09 开始第 24 次操作

2021-07-28 00:07:09 开始操作号码 【1815444】
2021-07-28 00:07:12 GSD getOne 第 1 次 等待 3 秒
2021-07-28 00:07:15 查询号码 【1815444】，返回信息 {"status":"bad","msg":""}
2021-07-28 00:07:15 查询号码 【1815444】，GSD为【""】
2021-07-28 00:07:15 bad
2021-07-28 00:07:17 CHB 1815444?1627402035 第 1 次 等待 3 秒
2021-07-28 00:07:20 CHB 1815444?1627402035 第 1 次 获取到号码【1815444】GSD
2021-07-28 00:07:20 获取到号码【1815444】的GSD为【湖北-襄阳】
2021-07-28 00:07:40 GSD insert 第 1 次 等待 3 秒
2021-07-28 00:07:43 {"status":"ok","gid":418702,"msg":"添加成功！"}
2021-07-28 00:07:43 下次操作: 2021-07-28 00:08:07

2021-07-28 00:08:07 开始第 25 次操作

2021-07-28 00:08:07 开始操作号码 【1815443】
2021-07-28 00:08:10 GSD getOne 第 1 次 等待 3 秒
2021-07-28 00:08:13 查询号码 【1815443】，返回信息 {"status":"bad","msg":""}
2021-07-28 00:08:13 查询号码 【1815443】，GSD为【""】
2021-07-28 00:08:13 bad
2021-07-28 00:08:15 CHB 1815443?1627402093 第 1 次 等待 3 秒
2021-07-28 00:08:18 CHB 1815443?1627402093 第 1 次 获取到号码【1815443】GSD
2021-07-28 00:08:18 获取到号码【1815443】的GSD为【湖北-武汉】
2021-07-28 00:08:38 GSD insert 第 1 次 等待 3 秒
2021-07-28 00:08:41 {"status":"ok","gid":418720,"msg":"添加成功！"}
2021-07-28 00:08:41 下次操作: 2021-07-28 00:08:57

2021-07-28 00:08:57 开始第 26 次操作

2021-07-28 00:08:57 开始操作号码 【1815442】
2021-07-28 00:08:59 GSD getOne 第 1 次 等待 3 秒
2021-07-28 00:09:02 查询号码 【1815442】，返回信息 {"status":"bad","msg":""}
2021-07-28 00:09:02 查询号码 【1815442】，GSD为【""】
2021-07-28 00:09:02 bad
2021-07-28 00:09:04 CHB 1815442?1627402142 第 1 次 等待 3 秒
2021-07-28 00:09:07 CHB 1815442?1627402142 第 1 次 获取到号码【1815442】GSD
2021-07-28 00:09:07 获取到号码【1815442】的GSD为【湖北-武汉】
2021-07-28 00:09:25 GSD insert 第 1 次 等待 3 秒
2021-07-28 00:09:28 {"status":"ok","gid":418731,"msg":"添加成功！"}
2021-07-28 00:09:28 下次操作: 2021-07-28 00:09:42

2021-07-28 00:09:42 开始第 27 次操作

2021-07-28 00:09:42 开始操作号码 【1815441】
2021-07-28 00:09:45 GSD getOne 第 1 次 等待 3 秒
2021-07-28 00:09:48 查询号码 【1815441】，返回信息 {"status":"bad","msg":""}
2021-07-28 00:09:49 查询号码 【1815441】，GSD为【""】
2021-07-28 00:09:49 bad
2021-07-28 00:09:50 CHB 1815441?1627402189 第 1 次 等待 3 秒
2021-07-28 00:09:53 CHB 1815441?1627402189 第 1 次 获取到号码【1815441】GSD
2021-07-28 00:09:53 获取到号码【1815441】的GSD为【湖北-武汉】
2021-07-28 00:10:14 GSD insert 第 1 次 等待 3 秒
2021-07-28 00:10:17 {"status":"ok","gid":418742,"msg":"添加成功！"}
2021-07-28 00:10:17 下次操作: 2021-07-28 00:10:30

2021-07-28 00:10:30 开始第 28 次操作

2021-07-28 00:10:30 开始操作号码 【1815440】
2021-07-28 00:10:32 GSD getOne 第 1 次 等待 3 秒
2021-07-28 00:10:35 查询号码 【1815440】，返回信息 {"status":"bad","msg":""}
2021-07-28 00:10:35 查询号码 【1815440】，GSD为【""】
2021-07-28 00:10:35 bad
2021-07-28 00:10:37 CHB 1815440?1627402235 第 1 次 等待 3 秒
2021-07-28 00:10:40 CHB 1815440?1627402235 第 1 次 获取到号码【1815440】GSD
2021-07-28 00:10:40 获取到号码【1815440】的GSD为【湖北-武汉】
2021-07-28 00:10:58 GSD insert 第 1 次 等待 3 秒
2021-07-28 00:11:01 {"status":"ok","gid":418753,"msg":"添加成功！"}
2021-07-28 00:11:01 下次操作: 2021-07-28 00:11:21

2021-07-28 00:11:21 开始第 29 次操作

2021-07-28 00:11:21 开始操作号码 【1815439】
2021-07-28 00:11:29 GSD getOne 第 1 次 等待 3 秒
2021-07-28 00:11:32 查询号码 【1815439】，返回信息 {"status":"bad","msg":""}
2021-07-28 00:11:32 查询号码 【1815439】，GSD为【""】
2021-07-28 00:11:32 bad
2021-07-28 00:11:38 CHB 1815439?1627402292 第 1 次 等待 3 秒
2021-07-28 00:11:41 CHB 1815439?1627402292 第 1 次 获取到号码【1815439】GSD
2021-07-28 00:11:41 获取到号码【1815439】的GSD为【湖北-十堰】
2021-07-28 00:11:58 GSD insert 第 1 次 等待 3 秒
2021-07-28 00:12:01 {"status":"ok","gid":418769,"msg":"添加成功！"}
2021-07-28 00:12:01 下次操作: 2021-07-28 00:12:24

2021-07-28 00:12:24 开始第 30 次操作

2021-07-28 00:12:24 开始操作号码 【1815438】
2021-07-28 00:12:28 GSD getOne 第 1 次 等待 3 秒
2021-07-28 00:12:31 查询号码 【1815438】，返回信息 {"status":"bad","msg":""}
2021-07-28 00:12:31 查询号码 【1815438】，GSD为【""】
2021-07-28 00:12:31 bad
2021-07-28 00:12:32 CHB 1815438?1627402351 第 1 次 等待 3 秒
2021-07-28 00:12:35 CHB 1815438?1627402351 第 1 次 获取到号码【1815438】GSD
2021-07-28 00:12:35 获取到号码【1815438】的GSD为【湖北-黄冈】
2021-07-28 00:12:55 GSD insert 第 1 次 等待 3 秒
2021-07-28 00:12:58 {"status":"ok","gid":418783,"msg":"添加成功！"}
2021-07-28 00:12:58 下次操作: 2021-07-28 00:13:14

2021-07-28 00:13:14 开始第 31 次操作

2021-07-28 00:13:14 开始操作号码 【1815437】
2021-07-28 00:13:18 GSD getOne 第 1 次 等待 3 秒
2021-07-28 00:13:21 查询号码 【1815437】，返回信息 {"status":"bad","msg":""}
2021-07-28 00:13:21 查询号码 【1815437】，GSD为【""】
2021-07-28 00:13:21 bad
2021-07-28 00:13:23 CHB 1815437?1627402401 第 1 次 等待 3 秒
2021-07-28 00:13:26 CHB 1815437?1627402401 第 1 次 获取到号码【1815437】GSD
2021-07-28 00:13:26 获取到号码【1815437】的GSD为【湖北-江汉】
2021-07-28 00:13:44 GSD insert 第 1 次 等待 3 秒
2021-07-28 00:13:47 {"status":"ok","gid":418792,"msg":"添加成功！"}
2021-07-28 00:13:47 下次操作: 2021-07-28 00:14:06

2021-07-28 00:14:06 开始第 32 次操作

2021-07-28 00:14:06 开始操作号码 【1815436】
2021-07-28 00:14:09 GSD getOne 第 1 次 等待 3 秒
2021-07-28 00:14:12 查询号码 【1815436】，返回信息 {"status":"bad","msg":""}
2021-07-28 00:14:12 查询号码 【1815436】，GSD为【""】
2021-07-28 00:14:12 bad
2021-07-28 00:14:13 CHB 1815436?1627402452 第 1 次 等待 3 秒
2021-07-28 00:14:16 CHB 1815436?1627402452 第 1 次 获取到号码【1815436】GSD
2021-07-28 00:14:16 获取到号码【1815436】的GSD为【湖北-襄阳】
2021-07-28 00:16:04 GSD insert 第 1 次 等待 3 秒
2021-07-28 00:16:07 {"status":"ok","gid":418818,"msg":"添加成功！"}
2021-07-28 00:16:07 下次操作: 2021-07-28 00:16:20

2021-07-28 00:16:20 开始第 33 次操作

2021-07-28 00:16:20 开始操作号码 【1815435】
2021-07-28 00:16:22 GSD getOne 第 1 次 等待 3 秒
2021-07-28 00:16:25 查询号码 【1815435】，返回信息 {"status":"bad","msg":""}
2021-07-28 00:16:25 查询号码 【1815435】，GSD为【""】
2021-07-28 00:16:25 bad
2021-07-28 00:16:27 CHB 1815435?1627402585 第 1 次 等待 3 秒
2021-07-28 00:16:30 CHB 1815435?1627402585 第 1 次 获取到号码【1815435】GSD
2021-07-28 00:16:30 获取到号码【1815435】的GSD为【湖北-襄阳】
2021-07-28 00:16:55 GSD insert 第 1 次 等待 3 秒
2021-07-28 00:16:58 {"status":"ok","gid":418828,"msg":"添加成功！"}
2021-07-28 00:16:58 下次操作: 2021-07-28 00:17:22

2021-07-28 00:17:22 开始第 34 次操作

2021-07-28 00:17:22 开始操作号码 【1815434】
2021-07-28 00:17:25 GSD getOne 第 1 次 等待 3 秒
2021-07-28 00:17:28 查询号码 【1815434】，返回信息 {"status":"bad","msg":""}
2021-07-28 00:17:28 查询号码 【1815434】，GSD为【""】
2021-07-28 00:17:28 bad
2021-07-28 00:17:29 CHB 1815434?1627402648 第 1 次 等待 3 秒
2021-07-28 00:17:32 CHB 1815434?1627402648 第 1 次 获取到号码【1815434】GSD
2021-07-28 00:17:32 获取到号码【1815434】的GSD为【湖北-孝感】
2021-07-28 00:17:53 GSD insert 第 1 次 等待 3 秒
2021-07-28 00:17:56 {"status":"ok","gid":418838,"msg":"添加成功！"}
2021-07-28 00:17:56 下次操作: 2021-07-28 00:18:11

2021-07-28 00:18:11 开始第 35 次操作

2021-07-28 00:18:11 开始操作号码 【1815433】
2021-07-28 00:18:17 GSD getOne 第 1 次 等待 3 秒
2021-07-28 00:18:20 查询号码 【1815433】，返回信息 {"status":"bad","msg":""}
2021-07-28 00:18:20 查询号码 【1815433】，GSD为【""】
2021-07-28 00:18:20 bad
2021-07-28 00:18:22 CHB 1815433?1627402700 第 1 次 等待 3 秒
2021-07-28 00:18:25 CHB 1815433?1627402700 第 1 次 获取到号码【1815433】GSD
2021-07-28 00:18:25 获取到号码【1815433】的GSD为【湖北-武汉】
2021-07-28 00:18:43 GSD insert 第 1 次 等待 3 秒
2021-07-28 00:18:46 {"status":"ok","gid":418848,"msg":"添加成功！"}
2021-07-28 00:18:46 下次操作: 2021-07-28 00:19:00

2021-07-28 00:19:00 开始第 36 次操作

2021-07-28 00:19:00 开始操作号码 【1815432】
2021-07-28 00:19:03 GSD getOne 第 1 次 等待 3 秒
2021-07-28 00:19:06 查询号码 【1815432】，返回信息 {"status":"ok","msg":"湖北-武汉","gid":"33732","time_insert":"2018-07-21 22:26","time_update":"2020-09-18 17:28"}
2021-07-28 00:19:06 查询号码 【1815432】，GSD为【"湖北-武汉"】

2021-07-28 00:19:06 开始第 36 次操作

2021-07-28 00:19:06 开始操作号码 【1815431】
2021-07-28 00:19:24 GSD getOne 第 1 次 等待 3 秒
2021-07-28 00:19:27 查询号码 【1815431】，返回信息 {"status":"ok","msg":"湖北-武汉","gid":"33731","time_insert":"2019-01-09 16:14","time_update":"2020-09-18 17:25"}
2021-07-28 00:19:27 查询号码 【1815431】，GSD为【"湖北-武汉"】

2021-07-28 00:19:27 开始第 36 次操作

2021-07-28 00:19:27 开始操作号码 【1815430】
2021-07-28 00:19:48 GSD getOne 第 1 次 等待 3 秒
2021-07-28 00:19:51 查询号码 【1815430】，返回信息 {"status":"bad","msg":""}
2021-07-28 00:19:51 查询号码 【1815430】，GSD为【""】
2021-07-28 00:19:51 bad
2021-07-28 00:19:53 CHB 1815430?1627402791 第 1 次 等待 3 秒
2021-07-28 00:19:56 CHB 1815430?1627402791 第 1 次 获取到号码【1815430】GSD
2021-07-28 00:19:56 获取到号码【1815430】的GSD为【湖北-武汉】
2021-07-28 00:20:14 GSD insert 第 1 次 等待 3 秒
2021-07-28 00:20:17 {"status":"ok","gid":418859,"msg":"添加成功！"}
2021-07-28 00:20:17 下次操作: 2021-07-28 00:20:41

2021-07-28 00:20:41 开始第 37 次操作

2021-07-28 00:20:41 开始操作号码 【1815429】
2021-07-28 00:20:43 GSD getOne 第 1 次 等待 3 秒
2021-07-28 00:20:46 查询号码 【1815429】，返回信息 {"status":"bad","msg":""}
2021-07-28 00:20:46 查询号码 【1815429】，GSD为【""】
2021-07-28 00:20:46 bad
2021-07-28 00:20:52 CHB 1815429?1627402846 第 1 次 等待 3 秒
2021-07-28 00:20:55 CHB 1815429?1627402846 第 1 次 获取到号码【1815429】GSD
2021-07-28 00:20:55 获取到号码【1815429】的GSD为【安徽-阜阳】
2021-07-28 00:21:08 GSD insert 第 1 次 等待 3 秒
2021-07-28 00:21:11 {"status":"ok","gid":418867,"msg":"添加成功！"}
2021-07-28 00:21:11 下次操作: 2021-07-28 00:21:23

2021-07-28 00:21:23 开始第 38 次操作

2021-07-28 00:21:23 开始操作号码 【1815428】
2021-07-28 00:21:27 GSD getOne 第 1 次 等待 3 秒
2021-07-28 00:21:30 查询号码 【1815428】，返回信息 {"status":"bad","msg":""}
2021-07-28 00:21:30 查询号码 【1815428】，GSD为【""】
2021-07-28 00:21:30 bad
2021-07-28 00:21:32 CHB 1815428?1627402890 第 1 次 等待 3 秒
2021-07-28 00:21:35 CHB 1815428?1627402890 第 1 次 获取到号码【1815428】GSD
2021-07-28 00:21:35 获取到号码【1815428】的GSD为【安徽-亳州】
2021-07-28 00:21:54 GSD insert 第 1 次 等待 3 秒
2021-07-28 00:21:57 {"status":"ok","gid":418876,"msg":"添加成功！"}
2021-07-28 00:21:57 下次操作: 2021-07-28 00:22:16

2021-07-28 00:22:16 开始第 39 次操作

2021-07-28 00:22:16 开始操作号码 【1815427】
2021-07-28 00:22:21 GSD getOne 第 1 次 等待 3 秒
2021-07-28 00:22:24 查询号码 【1815427】，返回信息 {"status":"bad","msg":""}
2021-07-28 00:22:25 查询号码 【1815427】，GSD为【""】
2021-07-28 00:22:25 bad
2021-07-28 00:22:26 CHB 1815427?1627402945 第 1 次 等待 3 秒
2021-07-28 00:22:29 CHB 1815427?1627402945 第 1 次 获取到号码【1815427】GSD
2021-07-28 00:22:29 获取到号码【1815427】的GSD为【安徽-滁州】
2021-07-28 00:22:48 GSD insert 第 1 次 等待 3 秒
2021-07-28 00:22:51 {"status":"ok","gid":418884,"msg":"添加成功！"}
2021-07-28 00:22:51 下次操作: 2021-07-28 00:23:15

2021-07-28 00:23:15 开始第 40 次操作

2021-07-28 00:23:15 开始操作号码 【1815426】
2021-07-28 00:23:18 GSD getOne 第 1 次 等待 3 秒
2021-07-28 00:23:21 查询号码 【1815426】，返回信息 {"status":"bad","msg":""}
2021-07-28 00:23:21 查询号码 【1815426】，GSD为【""】
2021-07-28 00:23:21 bad
2021-07-28 00:23:22 CHB 1815426?1627403001 第 1 次 等待 3 秒
2021-07-28 00:23:25 CHB 1815426?1627403001 第 1 次 获取到号码【1815426】GSD
2021-07-28 00:23:26 获取到号码【1815426】的GSD为【安徽-阜阳】
2021-07-28 00:23:45 GSD insert 第 1 次 等待 3 秒
2021-07-28 00:23:48 {"status":"ok","gid":418890,"msg":"添加成功！"}

2021-07-28 01:02:32 开始第 1 次操作

2021-07-28 01:02:32 开始操作号码 【1815425】
2021-07-28 01:02:37 GSD getOne 第 1 次 等待 3 秒
2021-07-28 01:02:40 查询号码 【1815425】，返回信息 {"status":"bad","msg":""}
2021-07-28 01:02:40 查询号码 【1815425】，GSD为【""】
2021-07-28 01:02:40 bad
2021-07-28 01:02:42 CHB 1815425?1627405360 第 1 次 等待 3 秒
2021-07-28 01:02:45 CHB 1815425?1627405360 第 1 次 获取到号码【1815425】GSD
2021-07-28 01:02:45 获取到号码【1815425】的GSD为【安徽-芜湖】
2021-07-28 01:03:02 GSD insert 第 1 次 等待 3 秒
2021-07-28 01:03:05 {"status":"ok","gid":418961,"msg":"添加成功！"}
2021-07-28 01:03:05 下次操作: 2021-07-28 01:03:22

2021-07-28 01:03:22 开始第 2 次操作

2021-07-28 01:03:22 开始操作号码 【1815424】
2021-07-28 01:03:28 GSD getOne 第 1 次 等待 3 秒
2021-07-28 01:03:31 查询号码 【1815424】，返回信息 {"status":"bad","msg":""}
2021-07-28 01:03:31 查询号码 【1815424】，GSD为【""】
2021-07-28 01:03:31 bad
2021-07-28 01:03:33 CHB 1815424?1627405411 第 1 次 等待 3 秒
2021-07-28 01:03:36 CHB 1815424?1627405411 第 1 次 获取到号码【1815424】GSD
2021-07-28 01:03:36 获取到号码【1815424】的GSD为【安徽-池州】
2021-07-28 01:03:57 GSD insert 第 1 次 等待 3 秒
2021-07-28 01:04:00 {"status":"ok","gid":418975,"msg":"添加成功！"}
2021-07-28 01:04:00 下次操作: 2021-07-28 01:04:12

2021-07-28 01:04:12 开始第 3 次操作

2021-07-28 01:04:12 开始操作号码 【1815423】
2021-07-28 01:04:19 GSD getOne 第 1 次 等待 3 秒
2021-07-28 01:04:22 查询号码 【1815423】，返回信息 {"status":"bad","msg":""}
2021-07-28 01:04:22 查询号码 【1815423】，GSD为【""】
2021-07-28 01:04:22 bad
2021-07-28 01:04:23 CHB 1815423?1627405462 第 1 次 等待 3 秒
2021-07-28 01:04:26 CHB 1815423?1627405462 第 1 次 获取到号码【1815423】GSD
2021-07-28 01:04:26 获取到号码【1815423】的GSD为【安徽-蚌埠】
2021-07-28 01:04:45 GSD insert 第 1 次 等待 3 秒
2021-07-28 01:04:48 {"status":"ok","gid":418983,"msg":"添加成功！"}
2021-07-28 01:04:48 下次操作: 2021-07-28 01:05:04

2021-07-28 01:05:04 开始第 4 次操作

2021-07-28 01:05:04 开始操作号码 【1815422】
2021-07-28 01:05:06 GSD getOne 第 1 次 等待 3 秒
2021-07-28 01:05:09 查询号码 【1815422】，返回信息 {"status":"bad","msg":""}
2021-07-28 01:05:10 查询号码 【1815422】，GSD为【""】
2021-07-28 01:05:10 bad
2021-07-28 01:05:11 CHB 1815422?1627405510 第 1 次 等待 3 秒
2021-07-28 01:05:14 CHB 1815422?1627405510 第 1 次 获取到号码【1815422】GSD
2021-07-28 01:05:14 获取到号码【1815422】的GSD为【安徽-合肥】
2021-07-28 01:05:32 GSD insert 第 1 次 等待 3 秒
2021-07-28 01:05:35 {"status":"ok","gid":418993,"msg":"添加成功！"}
2021-07-28 01:05:35 下次操作: 2021-07-28 01:05:58

2021-07-28 01:05:58 开始第 5 次操作

2021-07-28 01:05:58 开始操作号码 【1815421】
2021-07-28 01:06:01 GSD getOne 第 1 次 等待 3 秒
2021-07-28 01:06:04 查询号码 【1815421】，返回信息 {"status":"bad","msg":""}
2021-07-28 01:06:04 查询号码 【1815421】，GSD为【""】
2021-07-28 01:06:04 bad
2021-07-28 01:06:05 CHB 1815421?1627405564 第 1 次 等待 3 秒
2021-07-28 01:06:08 CHB 1815421?1627405564 第 1 次 获取到号码【1815421】GSD
2021-07-28 01:06:08 获取到号码【1815421】的GSD为【安徽-合肥】
2021-07-28 01:06:26 GSD insert 第 1 次 等待 3 秒
2021-07-28 01:06:29 {"status":"ok","gid":419005,"msg":"添加成功！"}
2021-07-28 01:06:29 下次操作: 2021-07-28 01:06:48

2021-07-28 01:06:48 开始第 6 次操作

2021-07-28 01:06:48 开始操作号码 【1815420】
2021-07-28 01:06:51 GSD getOne 第 1 次 等待 3 秒
2021-07-28 01:06:54 查询号码 【1815420】，返回信息 {"status":"bad","msg":""}
2021-07-28 01:06:54 查询号码 【1815420】，GSD为【""】
2021-07-28 01:06:54 bad
2021-07-28 01:06:56 CHB 1815420?1627405614 第 1 次 等待 3 秒
2021-07-28 01:06:59 CHB 1815420?1627405614 第 1 次 获取到号码【1815420】GSD
2021-07-28 01:06:59 获取到号码【1815420】的GSD为【安徽-六安】
2021-07-28 01:07:17 GSD insert 第 1 次 等待 3 秒
2021-07-28 01:07:20 {"status":"ok","gid":419016,"msg":"添加成功！"}
2021-07-28 01:07:20 下次操作: 2021-07-28 01:07:32

2021-07-28 01:07:32 开始第 7 次操作

2021-07-28 01:07:32 开始操作号码 【1815419】
2021-07-28 01:07:35 GSD getOne 第 1 次 等待 3 秒
2021-07-28 01:07:38 查询号码 【1815419】，返回信息 {"status":"bad","msg":""}
2021-07-28 01:07:38 查询号码 【1815419】，GSD为【""】
2021-07-28 01:07:38 bad
2021-07-28 01:07:40 CHB 1815419?1627405658 第 1 次 等待 3 秒
2021-07-28 01:07:43 CHB 1815419?1627405658 第 1 次 获取到号码【1815419】GSD
2021-07-28 01:07:43 获取到号码【1815419】的GSD为【安徽-六安】
2021-07-28 01:08:01 GSD insert 第 1 次 等待 3 秒
2021-07-28 01:08:04 {"status":"ok","gid":419026,"msg":"添加成功！"}
2021-07-28 01:08:04 下次操作: 2021-07-28 01:08:25

2021-07-28 01:08:25 开始第 8 次操作

2021-07-28 01:08:25 开始操作号码 【1815418】
2021-07-28 01:08:27 GSD getOne 第 1 次 等待 3 秒
2021-07-28 01:08:30 查询号码 【1815418】，返回信息 {"status":"bad","msg":""}
2021-07-28 01:08:31 查询号码 【1815418】，GSD为【""】
2021-07-28 01:08:31 bad
2021-07-28 01:08:32 CHB 1815418?1627405711 第 1 次 等待 3 秒
2021-07-28 01:08:35 CHB 1815418?1627405711 第 1 次 获取到号码【1815418】GSD
2021-07-28 01:08:35 获取到号码【1815418】的GSD为【安徽-黄山】
2021-07-28 01:08:54 GSD insert 第 1 次 等待 3 秒
2021-07-28 01:08:57 {"status":"ok","gid":419039,"msg":"添加成功！"}
2021-07-28 01:08:57 下次操作: 2021-07-28 01:09:15

2021-07-28 01:09:15 开始第 9 次操作

2021-07-28 01:09:15 开始操作号码 【1815417】
2021-07-28 01:09:20 GSD getOne 第 1 次 等待 3 秒
2021-07-28 01:09:23 查询号码 【1815417】，返回信息 {"status":"bad","msg":""}
2021-07-28 01:09:23 查询号码 【1815417】，GSD为【""】
2021-07-28 01:09:23 bad
2021-07-28 01:09:25 CHB 1815417?1627405763 第 1 次 等待 3 秒
2021-07-28 01:09:28 CHB 1815417?1627405763 第 1 次 获取到号码【1815417】GSD
2021-07-28 01:09:28 获取到号码【1815417】的GSD为【安徽-淮北】
2021-07-28 01:09:46 GSD insert 第 1 次 等待 3 秒
2021-07-28 01:09:49 {"status":"ok","gid":419050,"msg":"添加成功！"}
2021-07-28 01:09:49 下次操作: 2021-07-28 01:10:11

2021-07-28 01:10:11 开始第 10 次操作

2021-07-28 01:10:11 开始操作号码 【1815416】
2021-07-28 01:10:13 GSD getOne 第 1 次 等待 3 秒
2021-07-28 01:10:16 查询号码 【1815416】，返回信息 {"status":"bad","msg":""}
2021-07-28 01:10:17 查询号码 【1815416】，GSD为【""】
2021-07-28 01:10:17 bad
2021-07-28 01:10:18 CHB 1815416?1627405817 第 1 次 等待 3 秒
2021-07-28 01:10:21 CHB 1815416?1627405817 第 1 次 获取到号码【1815416】GSD
2021-07-28 01:10:21 获取到号码【1815416】的GSD为【安徽-淮南】
2021-07-28 01:10:40 GSD insert 第 1 次 等待 3 秒
2021-07-28 01:10:43 {"status":"ok","gid":419066,"msg":"添加成功！"}
2021-07-28 01:10:43 下次操作: 2021-07-28 01:11:01

2021-07-28 01:11:01 开始第 11 次操作

2021-07-28 01:11:01 开始操作号码 【1815415】
2021-07-28 01:11:06 GSD getOne 第 1 次 等待 3 秒
2021-07-28 01:11:09 查询号码 【1815415】，返回信息 {"status":"bad","msg":""}
2021-07-28 01:11:09 查询号码 【1815415】，GSD为【""】
2021-07-28 01:11:09 bad
2021-07-28 01:11:10 CHB 1815415?1627405869 第 1 次 等待 3 秒
2021-07-28 01:11:13 CHB 1815415?1627405869 第 1 次 获取到号码【1815415】GSD
2021-07-28 01:11:14 获取到号码【1815415】的GSD为【安徽-滁州】
2021-07-28 01:12:30 GSD insert 第 1 次 等待 3 秒
2021-07-28 01:12:33 {"status":"ok","gid":419086,"msg":"添加成功！"}
2021-07-28 01:12:33 下次操作: 2021-07-28 01:12:51

2021-07-28 01:12:51 开始第 12 次操作

2021-07-28 01:12:51 开始操作号码 【1815414】
2021-07-28 01:12:53 GSD getOne 第 1 次 等待 3 秒
2021-07-28 01:12:56 查询号码 【1815414】，返回信息 {"status":"bad","msg":""}
2021-07-28 01:12:57 查询号码 【1815414】，GSD为【""】
2021-07-28 01:12:57 bad
2021-07-28 01:12:58 CHB 1815414?1627405977 第 1 次 等待 3 秒
2021-07-28 01:13:01 CHB 1815414?1627405977 第 1 次 获取到号码【1815414】GSD
2021-07-28 01:13:01 获取到号码【1815414】的GSD为【安徽-宣城】
2021-07-28 01:13:19 GSD insert 第 1 次 等待 3 秒
2021-07-28 01:13:22 {"status":"ok","gid":419096,"msg":"添加成功！"}
2021-07-28 01:13:22 下次操作: 2021-07-28 01:13:43

2021-07-28 01:13:43 开始第 13 次操作

2021-07-28 01:13:43 开始操作号码 【1815413】
2021-07-28 01:13:46 GSD getOne 第 1 次 等待 3 秒
2021-07-28 01:13:50 查询号码 【1815413】，返回信息 {"status":"bad","msg":""}
2021-07-28 01:13:50 查询号码 【1815413】，GSD为【""】
2021-07-28 01:13:50 bad
2021-07-28 01:13:51 CHB 1815413?1627406030 第 1 次 等待 3 秒
2021-07-28 01:13:54 CHB 1815413?1627406030 第 1 次 获取到号码【1815413】GSD
2021-07-28 01:13:54 获取到号码【1815413】的GSD为【安徽-宿州】
2021-07-28 01:14:13 GSD insert 第 1 次 等待 3 秒
2021-07-28 01:14:16 {"status":"ok","gid":419111,"msg":"添加成功！"}
2021-07-28 01:14:16 下次操作: 2021-07-28 01:14:36

2021-07-28 01:14:36 开始第 14 次操作

2021-07-28 01:14:36 开始操作号码 【1815412】
2021-07-28 01:14:39 GSD getOne 第 1 次 等待 3 秒
2021-07-28 01:14:42 查询号码 【1815412】，返回信息 {"status":"bad","msg":""}
2021-07-28 01:14:42 查询号码 【1815412】，GSD为【""】
2021-07-28 01:14:42 bad
2021-07-28 01:14:43 CHB 1815412?1627406082 第 1 次 等待 3 秒
2021-07-28 01:14:46 CHB 1815412?1627406082 第 1 次 获取到号码【1815412】GSD
2021-07-28 01:14:46 获取到号码【1815412】的GSD为【安徽-合肥】
2021-07-28 01:15:24 GSD insert 第 1 次 等待 3 秒
2021-07-28 01:15:27 {"status":"ok","gid":419125,"msg":"添加成功！"}
2021-07-28 01:15:27 下次操作: 2021-07-28 01:15:50

2021-07-28 01:15:51 开始第 15 次操作

2021-07-28 01:15:51 开始操作号码 【1815411】
2021-07-28 01:15:53 GSD getOne 第 1 次 等待 3 秒
2021-07-28 01:15:56 查询号码 【1815411】，返回信息 {"status":"bad","msg":""}
2021-07-28 01:15:56 查询号码 【1815411】，GSD为【""】
2021-07-28 01:15:56 bad
2021-07-28 01:15:58 CHB 1815411?1627406156 第 1 次 等待 3 秒
2021-07-28 01:16:01 CHB 1815411?1627406156 第 1 次 获取到号码【1815411】GSD
2021-07-28 01:16:01 获取到号码【1815411】的GSD为【安徽-合肥】
2021-07-28 01:16:19 GSD insert 第 1 次 等待 3 秒
2021-07-28 01:16:22 {"status":"ok","gid":419137,"msg":"添加成功！"}
2021-07-28 01:16:22 下次操作: 2021-07-28 01:16:36

2021-07-28 01:16:36 开始第 16 次操作

2021-07-28 01:16:36 开始操作号码 【1815410】
2021-07-28 01:16:40 GSD getOne 第 1 次 等待 3 秒
2021-07-28 01:16:43 查询号码 【1815410】，返回信息 {"status":"bad","msg":""}
2021-07-28 01:16:43 查询号码 【1815410】，GSD为【""】
2021-07-28 01:16:43 bad
2021-07-28 01:16:44 CHB 1815410?1627406203 第 1 次 等待 3 秒
2021-07-28 01:16:47 CHB 1815410?1627406203 第 1 次 获取到号码【1815410】GSD
2021-07-28 01:16:47 获取到号码【1815410】的GSD为【安徽-蚌埠】
2021-07-28 01:17:12 GSD insert 第 1 次 等待 3 秒
2021-07-28 01:17:15 {"status":"ok","gid":419148,"msg":"添加成功！"}
2021-07-28 01:17:15 下次操作: 2021-07-28 01:17:28

2021-07-28 01:17:28 开始第 17 次操作

2021-07-28 01:17:28 开始操作号码 【1815409】
2021-07-28 01:17:32 GSD getOne 第 1 次 等待 3 秒
2021-07-28 01:17:35 查询号码 【1815409】，返回信息 {"status":"bad","msg":""}
2021-07-28 01:17:36 查询号码 【1815409】，GSD为【""】
2021-07-28 01:17:36 bad
2021-07-28 01:17:37 CHB 1815409?1627406256 第 1 次 等待 3 秒
2021-07-28 01:17:40 CHB 1815409?1627406256 第 1 次 获取到号码【1815409】GSD
2021-07-28 01:17:40 获取到号码【1815409】的GSD为【安徽-六安】
2021-07-28 01:18:02 GSD insert 第 1 次 等待 3 秒
2021-07-28 01:18:05 {"status":"ok","gid":419159,"msg":"添加成功！"}
2021-07-28 01:18:05 下次操作: 2021-07-28 01:18:21

2021-07-28 01:18:21 开始第 18 次操作

2021-07-28 01:18:21 开始操作号码 【1815408】
2021-07-28 01:18:28 GSD getOne 第 1 次 等待 3 秒
2021-07-28 01:18:31 查询号码 【1815408】，返回信息 {"status":"bad","msg":""}
2021-07-28 01:18:32 查询号码 【1815408】，GSD为【""】
2021-07-28 01:18:32 bad
2021-07-28 01:18:33 CHB 1815408?1627406312 第 1 次 等待 3 秒
2021-07-28 01:18:36 CHB 1815408?1627406312 第 1 次 获取到号码【1815408】GSD
2021-07-28 01:18:36 获取到号码【1815408】的GSD为【安徽-黄山】
2021-07-28 01:18:59 GSD insert 第 1 次 等待 3 秒
2021-07-28 01:19:02 {"status":"ok","gid":419173,"msg":"添加成功！"}
2021-07-28 01:19:02 下次操作: 2021-07-28 01:19:26

2021-07-28 01:19:26 开始第 19 次操作

2021-07-28 01:19:26 开始操作号码 【1815407】
2021-07-28 01:19:28 GSD getOne 第 1 次 等待 3 秒
2021-07-28 01:19:31 查询号码 【1815407】，返回信息 {"status":"bad","msg":""}
2021-07-28 01:19:31 查询号码 【1815407】，GSD为【""】
2021-07-28 01:19:31 bad
2021-07-28 01:19:33 CHB 1815407?1627406371 第 1 次 等待 3 秒
2021-07-28 01:19:36 CHB 1815407?1627406371 第 1 次 获取到号码【1815407】GSD
2021-07-28 01:19:36 获取到号码【1815407】的GSD为【安徽-阜阳】
2021-07-28 01:19:54 GSD insert 第 1 次 等待 3 秒
2021-07-28 01:19:57 {"status":"ok","gid":419183,"msg":"添加成功！"}
2021-07-28 01:19:57 下次操作: 2021-07-28 01:20:21

2021-07-28 01:20:21 开始第 20 次操作

2021-07-28 01:20:21 开始操作号码 【1815406】
2021-07-28 01:20:23 GSD getOne 第 1 次 等待 3 秒
2021-07-28 01:20:26 查询号码 【1815406】，返回信息 {"status":"bad","msg":""}
2021-07-28 01:20:26 查询号码 【1815406】，GSD为【""】
2021-07-28 01:20:26 bad
2021-07-28 01:20:28 CHB 1815406?1627406426 第 1 次 等待 3 秒
2021-07-28 01:20:31 CHB 1815406?1627406426 第 1 次 获取到号码【1815406】GSD
2021-07-28 01:20:31 获取到号码【1815406】的GSD为【安徽-安庆】
2021-07-28 01:20:49 GSD insert 第 1 次 等待 3 秒
2021-07-28 01:20:52 {"status":"ok","gid":419197,"msg":"添加成功！"}
2021-07-28 01:20:52 下次操作: 2021-07-28 01:21:11

2021-07-28 01:21:11 开始第 21 次操作

2021-07-28 01:21:11 开始操作号码 【1815405】
2021-07-28 01:21:14 GSD getOne 第 1 次 等待 3 秒
2021-07-28 01:21:17 查询号码 【1815405】，返回信息 {"status":"bad","msg":""}
2021-07-28 01:21:17 查询号码 【1815405】，GSD为【""】
2021-07-28 01:21:17 bad
2021-07-28 01:21:18 CHB 1815405?1627406477 第 1 次 等待 3 秒
2021-07-28 01:21:21 CHB 1815405?1627406477 第 1 次 获取到号码【1815405】GSD
2021-07-28 01:21:21 获取到号码【1815405】的GSD为【安徽-亳州】
2021-07-28 01:21:39 GSD insert 第 1 次 等待 3 秒
2021-07-28 01:21:42 {"status":"ok","gid":419208,"msg":"添加成功！"}
2021-07-28 01:21:42 下次操作: 2021-07-28 01:21:59

2021-07-28 01:21:59 开始第 22 次操作

2021-07-28 01:21:59 开始操作号码 【1815404】
2021-07-28 01:22:03 GSD getOne 第 1 次 等待 3 秒
2021-07-28 01:22:06 查询号码 【1815404】，返回信息 {"status":"bad","msg":""}
2021-07-28 01:22:06 查询号码 【1815404】，GSD为【""】
2021-07-28 01:22:06 bad
2021-07-28 01:22:07 CHB 1815404?1627406526 第 1 次 等待 3 秒
2021-07-28 01:22:10 CHB 1815404?1627406526 第 1 次 获取到号码【1815404】GSD
2021-07-28 01:22:10 获取到号码【1815404】的GSD为【安徽-安庆】
2021-07-28 01:22:28 GSD insert 第 1 次 等待 3 秒
2021-07-28 01:22:31 {"status":"ok","gid":419220,"msg":"添加成功！"}
2021-07-28 01:22:31 下次操作: 2021-07-28 01:22:47

2021-07-28 01:22:47 开始第 23 次操作

2021-07-28 01:22:47 开始操作号码 【1815403】
2021-07-28 01:22:52 GSD getOne 第 1 次 等待 3 秒
2021-07-28 01:22:55 查询号码 【1815403】，返回信息 {"status":"bad","msg":""}
2021-07-28 01:22:55 查询号码 【1815403】，GSD为【""】
2021-07-28 01:22:55 bad
2021-07-28 01:22:56 CHB 1815403?1627406575 第 1 次 等待 3 秒
2021-07-28 01:22:59 CHB 1815403?1627406575 第 1 次 获取到号码【1815403】GSD
2021-07-28 01:22:59 获取到号码【1815403】的GSD为【安徽-宣城】
2021-07-28 01:23:20 GSD insert 第 1 次 等待 3 秒
2021-07-28 01:23:23 {"status":"ok","gid":419233,"msg":"添加成功！"}
2021-07-28 01:23:23 下次操作: 2021-07-28 01:23:44

2021-07-28 01:23:44 开始第 24 次操作

2021-07-28 01:23:44 开始操作号码 【1815402】
2021-07-28 01:23:46 GSD getOne 第 1 次 等待 3 秒
2021-07-28 01:23:49 查询号码 【1815402】，返回信息 {"status":"ok","msg":"安徽-马鞍山","gid":"33730","time_insert":"2014-04-05 21:46","time_update":"2020-08-15 19:11"}
2021-07-28 01:23:49 查询号码 【1815402】，GSD为【"安徽-马鞍山"】

2021-07-28 01:23:49 开始第 24 次操作

2021-07-28 01:23:49 开始操作号码 【1815401】
2021-07-28 01:24:08 GSD getOne 第 1 次 等待 3 秒
2021-07-28 01:24:11 查询号码 【1815401】，返回信息 {"status":"bad","msg":""}
2021-07-28 01:24:11 查询号码 【1815401】，GSD为【""】
2021-07-28 01:24:11 bad
2021-07-28 01:24:13 CHB 1815401?1627406651 第 1 次 等待 3 秒
2021-07-28 01:24:16 CHB 1815401?1627406651 第 1 次 获取到号码【1815401】GSD
2021-07-28 01:24:16 获取到号码【1815401】的GSD为【安徽-芜湖】
2021-07-28 01:24:34 GSD insert 第 1 次 等待 3 秒
2021-07-28 01:24:37 {"status":"ok","gid":419246,"msg":"添加成功！"}
2021-07-28 01:24:37 下次操作: 2021-07-28 01:25:00

2021-07-28 01:25:00 开始第 25 次操作

2021-07-28 01:25:00 开始操作号码 【1815400】
2021-07-28 01:25:05 GSD getOne 第 1 次 等待 3 秒
2021-07-28 01:25:08 查询号码 【1815400】，返回信息 {"status":"bad","msg":""}
2021-07-28 01:25:08 查询号码 【1815400】，GSD为【""】
2021-07-28 01:25:08 bad
2021-07-28 01:25:10 CHB 1815400?1627406708 第 1 次 等待 3 秒
2021-07-28 01:25:13 CHB 1815400?1627406708 第 1 次 获取到号码【1815400】GSD
2021-07-28 01:25:13 获取到号码【1815400】的GSD为【安徽-淮南】
2021-07-28 01:25:31 GSD insert 第 1 次 等待 3 秒
2021-07-28 01:25:34 {"status":"ok","gid":419261,"msg":"添加成功！"}
2021-07-28 01:25:34 下次操作: 2021-07-28 01:25:46

2021-07-28 01:25:46 开始第 26 次操作

2021-07-28 01:25:46 开始操作号码 【1815399】
2021-07-28 01:25:49 GSD getOne 第 1 次 等待 3 秒
2021-07-28 01:25:52 查询号码 【1815399】，返回信息 {"status":"bad","msg":""}
2021-07-28 01:25:53 查询号码 【1815399】，GSD为【""】
2021-07-28 01:25:53 bad
2021-07-28 01:25:54 CHB 1815399?1627406753 第 1 次 等待 3 秒
2021-07-28 01:25:57 CHB 1815399?1627406753 第 1 次 获取到号码【1815399】GSD
2021-07-28 01:25:57 获取到号码【1815399】的GSD为【甘肃-兰州】
2021-07-28 01:26:15 GSD insert 第 1 次 等待 3 秒
2021-07-28 01:26:18 {"status":"ok","gid":419273,"msg":"添加成功！"}
2021-07-28 01:26:18 下次操作: 2021-07-28 01:26:33

2021-07-28 01:26:33 开始第 27 次操作

2021-07-28 01:26:33 开始操作号码 【1815398】
2021-07-28 01:26:36 GSD getOne 第 1 次 等待 3 秒
2021-07-28 01:26:39 查询号码 【1815398】，返回信息 {"status":"bad","msg":""}
2021-07-28 01:26:39 查询号码 【1815398】，GSD为【""】
2021-07-28 01:26:39 bad
2021-07-28 01:26:40 CHB 1815398?1627406799 第 1 次 等待 3 秒
2021-07-28 01:26:43 CHB 1815398?1627406799 第 1 次 获取到号码【1815398】GSD
2021-07-28 01:26:43 获取到号码【1815398】的GSD为【甘肃-兰州】
2021-07-28 01:27:03 GSD insert 第 1 次 等待 3 秒
2021-07-28 01:27:06 {"status":"ok","gid":419282,"msg":"添加成功！"}
2021-07-28 01:27:06 下次操作: 2021-07-28 01:27:23

2021-07-28 01:27:23 开始第 28 次操作

2021-07-28 01:27:23 开始操作号码 【1815397】
2021-07-28 01:27:26 GSD getOne 第 1 次 等待 3 秒
2021-07-28 01:27:29 查询号码 【1815397】，返回信息 {"status":"bad","msg":""}
2021-07-28 01:27:29 查询号码 【1815397】，GSD为【""】
2021-07-28 01:27:29 bad
2021-07-28 01:27:30 CHB 1815397?1627406849 第 1 次 等待 3 秒
2021-07-28 01:27:33 CHB 1815397?1627406849 第 1 次 获取到号码【1815397】GSD
2021-07-28 01:27:33 获取到号码【1815397】的GSD为【甘肃-兰州】
2021-07-28 01:27:51 GSD insert 第 1 次 等待 3 秒
2021-07-28 01:27:54 {"status":"ok","gid":419290,"msg":"添加成功！"}
2021-07-28 01:27:54 下次操作: 2021-07-28 01:28:15

2021-07-28 01:28:15 开始第 29 次操作

2021-07-28 01:28:15 开始操作号码 【1815396】
2021-07-28 01:28:18 GSD getOne 第 1 次 等待 3 秒
2021-07-28 01:28:21 查询号码 【1815396】，返回信息 {"status":"bad","msg":""}
2021-07-28 01:28:21 查询号码 【1815396】，GSD为【""】
2021-07-28 01:28:21 bad
2021-07-28 01:28:22 CHB 1815396?1627406901 第 1 次 等待 3 秒
2021-07-28 01:28:25 CHB 1815396?1627406901 第 1 次 获取到号码【1815396】GSD
2021-07-28 01:28:25 获取到号码【1815396】的GSD为【甘肃-兰州】
2021-07-28 01:28:43 GSD insert 第 1 次 等待 3 秒
2021-07-28 01:28:46 {"status":"ok","gid":419299,"msg":"添加成功！"}
2021-07-28 01:28:46 下次操作: 2021-07-28 01:29:05

2021-07-28 01:29:05 开始第 30 次操作

2021-07-28 01:29:05 开始操作号码 【1815395】
2021-07-28 01:29:08 GSD getOne 第 1 次 等待 3 秒
2021-07-28 01:29:11 查询号码 【1815395】，返回信息 {"status":"bad","msg":""}
2021-07-28 01:29:11 查询号码 【1815395】，GSD为【""】
2021-07-28 01:29:11 bad
2021-07-28 01:29:13 CHB 1815395?1627406951 第 1 次 等待 3 秒
2021-07-28 01:29:16 CHB 1815395?1627406951 第 1 次 获取到号码【1815395】GSD
2021-07-28 01:29:16 获取到号码【1815395】的GSD为【甘肃-兰州】
2021-07-28 01:29:37 GSD insert 第 1 次 等待 3 秒
2021-07-28 01:29:40 {"status":"ok","gid":419307,"msg":"添加成功！"}
2021-07-28 01:29:40 下次操作: 2021-07-28 01:30:04

2021-07-28 01:30:04 开始第 31 次操作

2021-07-28 01:30:04 开始操作号码 【1815394】
2021-07-28 01:30:10 GSD getOne 第 1 次 等待 3 秒
2021-07-28 01:30:13 查询号码 【1815394】，返回信息 {"status":"bad","msg":""}
2021-07-28 01:30:13 查询号码 【1815394】，GSD为【""】
2021-07-28 01:30:13 bad
2021-07-28 01:30:15 CHB 1815394?1627407013 第 1 次 等待 3 秒
2021-07-28 01:30:18 CHB 1815394?1627407013 第 1 次 获取到号码【1815394】GSD
2021-07-28 01:30:18 获取到号码【1815394】的GSD为【甘肃-天水】
2021-07-28 01:30:37 GSD insert 第 1 次 等待 3 秒
2021-07-28 01:30:40 {"status":"ok","gid":419314,"msg":"添加成功！"}
2021-07-28 01:30:40 下次操作: 2021-07-28 01:30:58

2021-07-28 01:30:58 开始第 32 次操作

2021-07-28 01:30:58 开始操作号码 【1815393】
2021-07-28 01:31:00 GSD getOne 第 1 次 等待 3 秒
2021-07-28 01:31:03 查询号码 【1815393】，返回信息 {"status":"bad","msg":""}
2021-07-28 01:31:03 查询号码 【1815393】，GSD为【""】
2021-07-28 01:31:03 bad
2021-07-28 01:31:05 CHB 1815393?1627407063 第 1 次 等待 3 秒
2021-07-28 01:31:08 CHB 1815393?1627407063 第 1 次 获取到号码【1815393】GSD
2021-07-28 01:31:08 获取到号码【1815393】的GSD为【甘肃-白银】
2021-07-28 01:31:26 GSD insert 第 1 次 等待 3 秒
2021-07-28 01:31:29 {"status":"ok","gid":419316,"msg":"添加成功！"}
2021-07-28 01:31:29 下次操作: 2021-07-28 01:31:49

2021-07-28 01:31:49 开始第 33 次操作

2021-07-28 01:31:49 开始操作号码 【1815392】
2021-07-28 01:31:56 GSD getOne 第 1 次 等待 3 秒
2021-07-28 01:31:59 查询号码 【1815392】，返回信息 {"status":"bad","msg":""}
2021-07-28 01:31:59 查询号码 【1815392】，GSD为【""】
2021-07-28 01:31:59 bad
2021-07-28 01:32:00 CHB 1815392?1627407119 第 1 次 等待 3 秒
2021-07-28 01:32:03 CHB 1815392?1627407119 第 1 次 获取到号码【1815392】GSD
2021-07-28 01:32:03 获取到号码【1815392】的GSD为【甘肃-定西】
2021-07-28 01:32:26 GSD insert 第 1 次 等待 3 秒
2021-07-28 01:32:29 {"status":"ok","gid":419320,"msg":"添加成功！"}
2021-07-28 01:32:29 下次操作: 2021-07-28 01:32:43

2021-07-28 01:32:43 开始第 34 次操作

2021-07-28 01:32:43 开始操作号码 【1815391】
2021-07-28 01:32:46 GSD getOne 第 1 次 等待 3 秒
2021-07-28 01:32:49 查询号码 【1815391】，返回信息 {"status":"bad","msg":""}
2021-07-28 01:32:49 查询号码 【1815391】，GSD为【""】
2021-07-28 01:32:49 bad
2021-07-28 01:32:51 CHB 1815391?1627407169 第 1 次 等待 3 秒
2021-07-28 01:32:54 CHB 1815391?1627407169 第 1 次 获取到号码【1815391】GSD
2021-07-28 01:32:54 获取到号码【1815391】的GSD为【甘肃-陇南】
2021-07-28 01:33:16 GSD insert 第 1 次 等待 3 秒
2021-07-28 01:33:19 {"status":"ok","gid":419326,"msg":"添加成功！"}
2021-07-28 01:33:19 下次操作: 2021-07-28 01:33:31

2021-07-28 01:33:31 开始第 35 次操作

2021-07-28 01:33:31 开始操作号码 【1815390】
2021-07-28 01:33:35 GSD getOne 第 1 次 等待 3 秒
2021-07-28 01:33:38 查询号码 【1815390】，返回信息 {"status":"bad","msg":""}
2021-07-28 01:33:38 查询号码 【1815390】，GSD为【""】
2021-07-28 01:33:38 bad
2021-07-28 01:33:39 CHB 1815390?1627407218 第 1 次 等待 3 秒
2021-07-28 01:33:42 CHB 1815390?1627407218 第 1 次 获取到号码【1815390】GSD
2021-07-28 01:33:43 获取到号码【1815390】的GSD为【甘肃-嘉峪关】
2021-07-28 01:34:01 GSD insert 第 1 次 等待 3 秒
2021-07-28 01:34:04 {"status":"ok","gid":419328,"msg":"添加成功！"}
2021-07-28 01:34:04 下次操作: 2021-07-28 01:34:22

2021-07-28 01:34:22 开始第 36 次操作

2021-07-28 01:34:22 开始操作号码 【1815389】
2021-07-28 01:34:24 GSD getOne 第 1 次 等待 3 秒
2021-07-28 01:34:27 查询号码 【1815389】，返回信息 {"status":"bad","msg":""}
2021-07-28 01:34:27 查询号码 【1815389】，GSD为【""】
2021-07-28 01:34:27 bad
2021-07-28 01:34:29 CHB 1815389?1627407267 第 1 次 等待 3 秒
2021-07-28 01:34:32 CHB 1815389?1627407267 第 1 次 获取到号码【1815389】GSD
2021-07-28 01:34:32 获取到号码【1815389】的GSD为【湖南-永州】
2021-07-28 01:34:50 GSD insert 第 1 次 等待 3 秒
2021-07-28 01:34:53 {"status":"ok","gid":419331,"msg":"添加成功！"}
2021-07-28 01:34:53 下次操作: 2021-07-28 01:35:16

2021-07-28 01:35:16 开始第 37 次操作

2021-07-28 01:35:16 开始操作号码 【1815388】
2021-07-28 01:35:19 GSD getOne 第 1 次 等待 3 秒
2021-07-28 01:35:22 查询号码 【1815388】，返回信息 {"status":"bad","msg":""}
2021-07-28 01:35:22 查询号码 【1815388】，GSD为【""】
2021-07-28 01:35:22 bad
2021-07-28 01:35:24 CHB 1815388?1627407322 第 1 次 等待 3 秒
2021-07-28 01:35:27 CHB 1815388?1627407322 第 1 次 获取到号码【1815388】GSD
2021-07-28 01:35:27 获取到号码【1815388】的GSD为【湖南-长沙】
2021-07-28 01:35:45 GSD insert 第 1 次 等待 3 秒
2021-07-28 01:35:48 {"status":"ok","gid":419335,"msg":"添加成功！"}
2021-07-28 01:35:48 下次操作: 2021-07-28 01:36:09

2021-07-28 01:36:09 开始第 38 次操作

2021-07-28 01:36:09 开始操作号码 【1815387】
2021-07-28 01:36:16 GSD getOne 第 1 次 等待 3 秒
2021-07-28 01:36:19 查询号码 【1815387】，返回信息 {"status":"bad","msg":""}
2021-07-28 01:36:19 查询号码 【1815387】，GSD为【""】
2021-07-28 01:36:19 bad
2021-07-28 01:36:21 CHB 1815387?1627407379 第 1 次 等待 3 秒
2021-07-28 01:36:24 CHB 1815387?1627407379 第 1 次 获取到号码【1815387】GSD
2021-07-28 01:36:24 获取到号码【1815387】的GSD为【湖南-郴州】
2021-07-28 01:36:50 GSD insert 第 1 次 等待 3 秒
2021-07-28 01:36:53 {"status":"ok","gid":419338,"msg":"添加成功！"}
2021-07-28 01:36:53 下次操作: 2021-07-28 01:37:17

2021-07-28 01:37:17 开始第 39 次操作

2021-07-28 01:37:17 开始操作号码 【1815386】
2021-07-28 01:37:20 GSD getOne 第 1 次 等待 3 秒
2021-07-28 01:37:23 查询号码 【1815386】，返回信息 {"status":"bad","msg":""}
2021-07-28 01:37:23 查询号码 【1815386】，GSD为【""】
2021-07-28 01:37:23 bad
2021-07-28 01:37:24 CHB 1815386?1627407443 第 1 次 等待 3 秒
2021-07-28 01:37:27 CHB 1815386?1627407443 第 1 次 获取到号码【1815386】GSD
2021-07-28 01:37:27 获取到号码【1815386】的GSD为【湖南-郴州】
2021-07-28 01:37:46 GSD insert 第 1 次 等待 3 秒
2021-07-28 01:37:49 {"status":"ok","gid":419347,"msg":"添加成功！"}
2021-07-28 01:37:49 下次操作: 2021-07-28 01:38:11

2021-07-28 01:38:11 开始第 40 次操作

2021-07-28 01:38:11 开始操作号码 【1815385】
2021-07-28 01:38:13 GSD getOne 第 1 次 等待 3 秒
2021-07-28 01:38:16 查询号码 【1815385】，返回信息 {"status":"bad","msg":""}
2021-07-28 01:38:16 查询号码 【1815385】，GSD为【""】
2021-07-28 01:38:16 bad
2021-07-28 01:38:18 CHB 1815385?1627407496 第 1 次 等待 3 秒
2021-07-28 01:38:21 CHB 1815385?1627407496 第 1 次 获取到号码【1815385】GSD
2021-07-28 01:38:21 获取到号码【1815385】的GSD为【湖南-郴州】
2021-07-28 01:38:42 GSD insert 第 1 次 等待 3 秒
2021-07-28 01:38:45 {"status":"ok","gid":419354,"msg":"添加成功！"}

2021-07-28 01:43:18 开始第 1 次操作

2021-07-28 01:43:18 开始操作号码 【1815384】
2021-07-28 01:43:21 GSD getOne 第 1 次 等待 3 秒
2021-07-28 01:43:24 查询号码 【1815384】，返回信息 {"status":"bad","msg":""}
2021-07-28 01:43:24 查询号码 【1815384】，GSD为【""】
2021-07-28 01:43:24 bad
2021-07-28 01:43:26 CHB 1815384?1627407804 第 1 次 等待 3 秒
2021-07-28 01:43:29 CHB 1815384?1627407804 第 1 次 获取到号码【1815384】GSD
2021-07-28 01:43:29 获取到号码【1815384】的GSD为【湖南-郴州】
2021-07-28 01:43:49 GSD insert 第 1 次 等待 3 秒
2021-07-28 01:43:52 {"status":"ok","gid":419387,"msg":"添加成功！"}
2021-07-28 01:43:52 下次操作: 2021-07-28 01:44:09

2021-07-28 01:44:09 开始第 2 次操作

2021-07-28 01:44:09 开始操作号码 【1815383】
2021-07-28 01:44:12 GSD getOne 第 1 次 等待 3 秒
2021-07-28 01:44:15 查询号码 【1815383】，返回信息 {"status":"bad","msg":""}
2021-07-28 01:44:15 查询号码 【1815383】，GSD为【""】
2021-07-28 01:44:15 bad
2021-07-28 01:44:17 CHB 1815383?1627407855 第 1 次 等待 3 秒
2021-07-28 01:44:20 CHB 1815383?1627407855 第 1 次 获取到号码【1815383】GSD
2021-07-28 01:44:20 获取到号码【1815383】的GSD为【湖南-郴州】
2021-07-28 01:44:38 GSD insert 第 1 次 等待 3 秒
2021-07-28 01:44:41 {"status":"ok","gid":419399,"msg":"添加成功！"}
2021-07-28 01:44:41 下次操作: 2021-07-28 01:44:58

2021-07-28 01:44:58 开始第 3 次操作

2021-07-28 01:44:58 开始操作号码 【1815382】
2021-07-28 01:45:01 GSD getOne 第 1 次 等待 3 秒
2021-07-28 01:45:04 查询号码 【1815382】，返回信息 {"status":"ok","msg":"湖南-株洲","gid":"33729","time_insert":"2017-05-26 16:21","time_update":"2020-09-23 13:04"}
2021-07-28 01:45:04 查询号码 【1815382】，GSD为【"湖南-株洲"】

2021-07-28 01:45:04 开始第 3 次操作

2021-07-28 01:45:04 开始操作号码 【1815381】
2021-07-28 01:45:22 GSD getOne 第 1 次 等待 3 秒
2021-07-28 01:45:25 查询号码 【1815381】，返回信息 {"status":"bad","msg":""}
2021-07-28 01:45:25 查询号码 【1815381】，GSD为【""】
2021-07-28 01:45:25 bad
2021-07-28 01:45:27 CHB 1815381?1627407925 第 1 次 等待 3 秒
2021-07-28 01:45:30 CHB 1815381?1627407925 第 1 次 获取到号码【1815381】GSD
2021-07-28 01:45:30 获取到号码【1815381】的GSD为【湖南-株洲】
2021-07-28 01:45:48 GSD insert 第 1 次 等待 3 秒
2021-07-28 01:45:51 {"status":"ok","gid":419418,"msg":"添加成功！"}
2021-07-28 01:45:51 下次操作: 2021-07-28 01:46:09

2021-07-28 01:46:09 开始第 4 次操作

2021-07-28 01:46:09 开始操作号码 【1815380】
2021-07-28 01:46:15 GSD getOne 第 1 次 等待 3 秒
2021-07-28 01:46:18 查询号码 【1815380】，返回信息 {"status":"bad","msg":""}
2021-07-28 01:46:18 查询号码 【1815380】，GSD为【""】
2021-07-28 01:46:18 bad
2021-07-28 01:46:20 CHB 1815380?1627407978 第 1 次 等待 3 秒
2021-07-28 01:46:23 CHB 1815380?1627407978 第 1 次 获取到号码【1815380】GSD
2021-07-28 01:46:23 获取到号码【1815380】的GSD为【湖南-岳阳】
2021-07-28 01:46:42 GSD insert 第 1 次 等待 3 秒
2021-07-28 01:46:45 {"status":"ok","gid":419433,"msg":"添加成功！"}
2021-07-28 01:46:45 下次操作: 2021-07-28 01:47:05

2021-07-28 01:47:05 开始第 5 次操作

2021-07-28 01:47:05 开始操作号码 【1815379】
2021-07-28 01:47:08 GSD getOne 第 1 次 等待 3 秒
2021-07-28 01:47:11 查询号码 【1815379】，返回信息 {"status":"bad","msg":""}
2021-07-28 01:47:11 查询号码 【1815379】，GSD为【""】
2021-07-28 01:47:11 bad
2021-07-28 01:47:13 CHB 1815379?1627408031 第 1 次 等待 3 秒
2021-07-28 01:47:16 CHB 1815379?1627408031 第 1 次 获取到号码【1815379】GSD
2021-07-28 01:47:16 获取到号码【1815379】的GSD为【湖南-长沙】
2021-07-28 01:47:35 GSD insert 第 1 次 等待 3 秒
2021-07-28 01:47:38 {"status":"ok","gid":419447,"msg":"添加成功！"}
2021-07-28 01:47:38 下次操作: 2021-07-28 01:47:55

2021-07-28 01:47:55 开始第 6 次操作

2021-07-28 01:47:55 开始操作号码 【1815378】
2021-07-28 01:48:02 GSD getOne 第 1 次 等待 3 秒
2021-07-28 01:48:05 查询号码 【1815378】，返回信息 {"status":"bad","msg":""}
2021-07-28 01:48:05 查询号码 【1815378】，GSD为【""】
2021-07-28 01:48:05 bad
2021-07-28 01:48:07 CHB 1815378?1627408085 第 1 次 等待 3 秒
2021-07-28 01:48:10 CHB 1815378?1627408085 第 1 次 获取到号码【1815378】GSD
2021-07-28 01:48:10 获取到号码【1815378】的GSD为【湖南-长沙】
2021-07-28 01:48:28 GSD insert 第 1 次 等待 3 秒
2021-07-28 01:48:31 {"status":"ok","gid":419462,"msg":"添加成功！"}
2021-07-28 01:48:31 下次操作: 2021-07-28 01:48:48

2021-07-28 01:48:48 开始第 7 次操作

2021-07-28 01:48:48 开始操作号码 【1815377】
2021-07-28 01:48:51 GSD getOne 第 1 次 等待 3 秒
2021-07-28 01:48:54 查询号码 【1815377】，返回信息 {"status":"bad","msg":""}
2021-07-28 01:48:54 查询号码 【1815377】，GSD为【""】
2021-07-28 01:48:54 bad
2021-07-28 01:48:56 CHB 1815377?1627408134 第 1 次 等待 3 秒
2021-07-28 01:48:59 CHB 1815377?1627408134 第 1 次 获取到号码【1815377】GSD
2021-07-28 01:48:59 获取到号码【1815377】的GSD为【湖南-株洲】
2021-07-28 01:49:17 GSD insert 第 1 次 等待 3 秒
2021-07-28 01:49:20 {"status":"ok","gid":419474,"msg":"添加成功！"}
2021-07-28 01:49:20 下次操作: 2021-07-28 01:49:44

2021-07-28 01:49:44 开始第 8 次操作

2021-07-28 01:49:44 开始操作号码 【1815376】
2021-07-28 01:49:49 GSD getOne 第 1 次 等待 3 秒
2021-07-28 01:49:52 查询号码 【1815376】，返回信息 {"status":"bad","msg":""}
2021-07-28 01:49:52 查询号码 【1815376】，GSD为【""】
2021-07-28 01:49:52 bad
2021-07-28 01:49:54 CHB 1815376?1627408192 第 1 次 等待 3 秒
2021-07-28 01:49:57 CHB 1815376?1627408192 第 1 次 获取到号码【1815376】GSD
2021-07-28 01:49:57 获取到号码【1815376】的GSD为【湖南-株洲】
2021-07-28 01:50:20 GSD insert 第 1 次 等待 3 秒
2021-07-28 01:50:23 {"status":"ok","gid":419492,"msg":"添加成功！"}
2021-07-28 01:50:23 下次操作: 2021-07-28 01:50:42

2021-07-28 01:50:42 开始第 9 次操作

2021-07-28 01:50:42 开始操作号码 【1815375】
2021-07-28 01:50:45 GSD getOne 第 1 次 等待 3 秒
2021-07-28 01:50:48 查询号码 【1815375】，返回信息 {"status":"bad","msg":""}
2021-07-28 01:50:48 查询号码 【1815375】，GSD为【""】
2021-07-28 01:50:48 bad
2021-07-28 01:50:50 CHB 1815375?1627408248 第 1 次 等待 3 秒
2021-07-28 01:50:53 CHB 1815375?1627408248 第 1 次 获取到号码【1815375】GSD
2021-07-28 01:50:53 获取到号码【1815375】的GSD为【湖南-株洲】
2021-07-28 01:51:11 GSD insert 第 1 次 等待 3 秒
2021-07-28 01:51:14 {"status":"ok","gid":419504,"msg":"添加成功！"}
2021-07-28 01:51:14 下次操作: 2021-07-28 01:51:35

2021-07-28 01:51:35 开始第 10 次操作

2021-07-28 01:51:35 开始操作号码 【1815374】
2021-07-28 01:51:38 GSD getOne 第 1 次 等待 3 秒
2021-07-28 01:51:41 查询号码 【1815374】，返回信息 {"status":"bad","msg":""}
2021-07-28 01:51:41 查询号码 【1815374】，GSD为【""】
2021-07-28 01:51:41 bad
2021-07-28 01:51:43 CHB 1815374?1627408301 第 1 次 等待 3 秒
2021-07-28 01:51:46 CHB 1815374?1627408301 第 1 次 获取到号码【1815374】GSD
2021-07-28 01:51:46 获取到号码【1815374】的GSD为【湖南-株洲】
2021-07-28 01:52:04 GSD insert 第 1 次 等待 3 秒
2021-07-28 01:52:07 {"status":"ok","gid":419517,"msg":"添加成功！"}
2021-07-28 01:52:07 下次操作: 2021-07-28 01:52:25

2021-07-28 01:52:25 开始第 11 次操作

2021-07-28 01:52:25 开始操作号码 【1815373】
2021-07-28 01:52:27 GSD getOne 第 1 次 等待 3 秒
2021-07-28 01:52:30 查询号码 【1815373】，返回信息 {"status":"bad","msg":""}
2021-07-28 01:52:30 查询号码 【1815373】，GSD为【""】
2021-07-28 01:52:30 bad
2021-07-28 01:52:32 CHB 1815373?1627408350 第 1 次 等待 3 秒
2021-07-28 01:52:35 CHB 1815373?1627408350 第 1 次 获取到号码【1815373】GSD
2021-07-28 01:52:35 获取到号码【1815373】的GSD为【湖南-益阳】
2021-07-28 01:52:54 GSD insert 第 1 次 等待 3 秒
2021-07-28 01:52:57 {"status":"ok","gid":419531,"msg":"添加成功！"}
2021-07-28 01:52:57 下次操作: 2021-07-28 01:53:12

2021-07-28 01:53:12 开始第 12 次操作

2021-07-28 01:53:12 开始操作号码 【1815372】
2021-07-28 01:53:16 GSD getOne 第 1 次 等待 3 秒
2021-07-28 01:53:19 查询号码 【1815372】，返回信息 {"status":"bad","msg":""}
2021-07-28 01:53:19 查询号码 【1815372】，GSD为【""】
2021-07-28 01:53:19 bad
2021-07-28 01:53:20 CHB 1815372?1627408399 第 1 次 等待 3 秒
2021-07-28 01:53:23 CHB 1815372?1627408399 第 1 次 获取到号码【1815372】GSD
2021-07-28 01:53:23 获取到号码【1815372】的GSD为【湖南-益阳】
2021-07-28 01:53:42 GSD insert 第 1 次 等待 3 秒
2021-07-28 01:53:45 {"status":"ok","gid":419543,"msg":"添加成功！"}
2021-07-28 01:53:45 下次操作: 2021-07-28 01:54:06

2021-07-28 01:54:06 开始第 13 次操作

2021-07-28 01:54:06 开始操作号码 【1815371】
2021-07-28 01:54:08 GSD getOne 第 1 次 等待 3 秒
2021-07-28 01:54:11 查询号码 【1815371】，返回信息 {"status":"bad","msg":""}
2021-07-28 01:54:11 查询号码 【1815371】，GSD为【""】
2021-07-28 01:54:11 bad
2021-07-28 01:54:13 CHB 1815371?1627408451 第 1 次 等待 3 秒
2021-07-28 01:54:16 CHB 1815371?1627408451 第 1 次 获取到号码【1815371】GSD
2021-07-28 01:54:16 获取到号码【1815371】的GSD为【湖南-益阳】
2021-07-28 01:54:35 GSD insert 第 1 次 等待 3 秒
2021-07-28 01:54:38 {"status":"ok","gid":419552,"msg":"添加成功！"}
2021-07-28 01:54:38 下次操作: 2021-07-28 01:55:00

2021-07-28 01:55:00 开始第 14 次操作

2021-07-28 01:55:00 开始操作号码 【1815370】
2021-07-28 01:55:03 GSD getOne 第 1 次 等待 3 秒
2021-07-28 01:55:06 查询号码 【1815370】，返回信息 {"status":"bad","msg":""}
2021-07-28 01:55:06 查询号码 【1815370】，GSD为【""】
2021-07-28 01:55:06 bad
2021-07-28 01:55:08 CHB 1815370?1627408506 第 1 次 等待 3 秒
2021-07-28 01:55:11 CHB 1815370?1627408506 第 1 次 获取到号码【1815370】GSD
2021-07-28 01:55:11 获取到号码【1815370】的GSD为【湖南-益阳】
2021-07-28 01:55:32 GSD insert 第 1 次 等待 3 秒
2021-07-28 01:55:35 {"status":"ok","gid":419568,"msg":"添加成功！"}
2021-07-28 01:55:35 下次操作: 2021-07-28 01:55:47

2021-07-28 01:55:47 开始第 15 次操作

2021-07-28 01:55:47 开始操作号码 【1815369】
2021-07-28 01:55:53 GSD getOne 第 1 次 等待 3 秒
2021-07-28 01:55:56 查询号码 【1815369】，返回信息 {"status":"bad","msg":""}
2021-07-28 01:55:56 查询号码 【1815369】，GSD为【""】
2021-07-28 01:55:56 bad
2021-07-28 01:55:57 CHB 1815369?1627408556 第 1 次 等待 3 秒
2021-07-28 01:56:00 CHB 1815369?1627408556 第 1 次 获取到号码【1815369】GSD
2021-07-28 01:56:00 未获取到号码【1815369】GSD，查号吧 400 错误
2021-07-28 01:56:00 获取到号码【1815369】的GSD为【-】
2021-07-28 01:56:18 GSD insert 第 1 次 等待 3 秒
2021-07-28 01:56:21 {"status":"ok","gid":419580,"msg":"添加成功！"}
2021-07-28 01:56:21 下次操作: 2021-07-28 01:56:45

2021-07-28 01:56:45 开始第 16 次操作

2021-07-28 01:56:45 开始操作号码 【1815368】
2021-07-28 01:56:49 GSD getOne 第 1 次 等待 3 秒
2021-07-28 01:56:52 查询号码 【1815368】，返回信息 {"status":"ok","msg":"甘肃-兰州","gid":"33728","time_insert":"2019-04-08 16:37","time_update":"2020-12-13 11:05"}
2021-07-28 01:56:52 查询号码 【1815368】，GSD为【"甘肃-兰州"】

2021-07-28 01:56:52 开始第 16 次操作

2021-07-28 01:56:52 开始操作号码 【1815367】
2021-07-28 01:57:11 GSD getOne 第 1 次 等待 3 秒
2021-07-28 01:57:14 查询号码 【1815367】，返回信息 {"status":"ok","msg":"甘肃-兰州","gid":"33727","time_insert":"2017-03-31 07:13","time_update":"2020-12-13 11:00"}
2021-07-28 01:57:14 查询号码 【1815367】，GSD为【"甘肃-兰州"】

2021-07-28 01:57:14 开始第 16 次操作

2021-07-28 01:57:14 开始操作号码 【1815366】
2021-07-28 01:57:32 GSD getOne 第 1 次 等待 3 秒
2021-07-28 01:57:35 查询号码 【1815366】，返回信息 {"status":"bad","msg":""}
2021-07-28 01:57:35 查询号码 【1815366】，GSD为【""】
2021-07-28 01:57:35 bad
2021-07-28 01:57:37 CHB 1815366?1627408655 第 1 次 等待 3 秒
2021-07-28 01:57:40 CHB 1815366?1627408655 第 1 次 获取到号码【1815366】GSD
2021-07-28 01:57:40 获取到号码【1815366】的GSD为【甘肃-兰州】
2021-07-28 01:57:58 GSD insert 第 1 次 等待 3 秒
2021-07-28 01:58:01 {"status":"ok","gid":419602,"msg":"添加成功！"}
2021-07-28 01:58:01 下次操作: 2021-07-28 01:58:25

2021-07-28 01:58:25 开始第 17 次操作

2021-07-28 01:58:25 开始操作号码 【1815365】
2021-07-28 01:58:27 GSD getOne 第 1 次 等待 3 秒
2021-07-28 01:58:30 查询号码 【1815365】，返回信息 {"status":"bad","msg":""}
2021-07-28 01:58:30 查询号码 【1815365】，GSD为【""】
2021-07-28 01:58:30 bad
2021-07-28 01:58:32 CHB 1815365?1627408710 第 1 次 等待 3 秒
2021-07-28 01:58:35 CHB 1815365?1627408710 第 1 次 获取到号码【1815365】GSD
2021-07-28 01:58:35 获取到号码【1815365】的GSD为【甘肃-兰州】
2021-07-28 01:58:53 GSD insert 第 1 次 等待 3 秒
2021-07-28 01:58:56 {"status":"ok","gid":419619,"msg":"添加成功！"}
2021-07-28 01:58:56 下次操作: 2021-07-28 01:59:11

2021-07-28 01:59:11 开始第 18 次操作

2021-07-28 01:59:11 开始操作号码 【1815364】
2021-07-28 01:59:15 GSD getOne 第 1 次 等待 3 秒
2021-07-28 01:59:18 查询号码 【1815364】，返回信息 {"status":"bad","msg":""}
2021-07-28 01:59:18 查询号码 【1815364】，GSD为【""】
2021-07-28 01:59:18 bad
2021-07-28 01:59:20 CHB 1815364?1627408758 第 1 次 等待 3 秒
2021-07-28 01:59:23 CHB 1815364?1627408758 第 1 次 获取到号码【1815364】GSD
2021-07-28 01:59:23 获取到号码【1815364】的GSD为【甘肃-兰州】
2021-07-28 01:59:41 GSD insert 第 1 次 等待 3 秒
2021-07-28 01:59:44 {"status":"ok","gid":419630,"msg":"添加成功！"}
2021-07-28 01:59:44 下次操作: 2021-07-28 02:00:00

2021-07-28 02:00:00 开始第 19 次操作

2021-07-28 02:00:00 开始操作号码 【1815363】
2021-07-28 02:00:03 GSD getOne 第 1 次 等待 3 秒
2021-07-28 02:00:06 查询号码 【1815363】，返回信息 {"status":"ok","msg":"甘肃-兰州","gid":"33726","time_insert":"2018-06-26 15:06","time_update":"2020-12-13 10:56"}
2021-07-28 02:00:06 查询号码 【1815363】，GSD为【"甘肃-兰州"】

2021-07-28 02:00:06 开始第 19 次操作

2021-07-28 02:00:06 开始操作号码 【1815362】
2021-07-28 02:00:24 GSD getOne 第 1 次 等待 3 秒
2021-07-28 02:00:27 查询号码 【1815362】，返回信息 {"status":"bad","msg":""}
2021-07-28 02:00:27 查询号码 【1815362】，GSD为【""】
2021-07-28 02:00:27 bad
2021-07-28 02:00:28 CHB 1815362?1627408827 第 1 次 等待 3 秒
2021-07-28 02:00:31 CHB 1815362?1627408827 第 1 次 获取到号码【1815362】GSD
2021-07-28 02:00:31 未获取到号码【1815362】GSD，查号吧 400 错误
2021-07-28 02:00:31 获取到号码【1815362】的GSD为【-】
2021-07-28 02:00:54 GSD insert 第 1 次 等待 3 秒
2021-07-28 02:00:57 {"status":"ok","gid":419648,"msg":"添加成功！"}
2021-07-28 02:00:57 下次操作: 2021-07-28 02:01:13

2021-07-28 02:01:13 开始第 20 次操作

2021-07-28 02:01:13 开始操作号码 【1815361】
2021-07-28 02:01:16 GSD getOne 第 1 次 等待 3 秒
2021-07-28 02:01:19 查询号码 【1815361】，返回信息 {"status":"ok","msg":"甘肃-兰州","gid":"51808","time_insert":"2021-04-22 10:18"}
2021-07-28 02:01:19 查询号码 【1815361】，GSD为【"甘肃-兰州"】

2021-07-28 02:01:19 开始第 20 次操作

2021-07-28 02:01:19 开始操作号码 【1815360】
2021-07-28 02:01:37 GSD getOne 第 1 次 等待 3 秒
2021-07-28 02:01:40 查询号码 【1815360】，返回信息 {"status":"bad","msg":""}
2021-07-28 02:01:40 查询号码 【1815360】，GSD为【""】
2021-07-28 02:01:40 bad
2021-07-28 02:01:42 CHB 1815360?1627408900 第 1 次 等待 3 秒
2021-07-28 02:01:45 CHB 1815360?1627408900 第 1 次 获取到号码【1815360】GSD
2021-07-28 02:01:45 获取到号码【1815360】的GSD为【甘肃-兰州】
2021-07-28 02:02:03 GSD insert 第 1 次 等待 3 秒
2021-07-28 02:02:06 {"status":"ok","gid":419665,"msg":"添加成功！"}
2021-07-28 02:02:06 下次操作: 2021-07-28 02:02:23

2021-07-28 02:02:23 开始第 21 次操作

2021-07-28 02:02:23 开始操作号码 【1815359】
2021-07-28 02:02:25 GSD getOne 第 1 次 等待 3 秒
2021-07-28 02:02:28 查询号码 【1815359】，返回信息 {"status":"bad","msg":""}
2021-07-28 02:02:29 查询号码 【1815359】，GSD为【""】
2021-07-28 02:02:29 bad
2021-07-28 02:02:30 CHB 1815359?1627408949 第 1 次 等待 3 秒
2021-07-28 02:02:33 CHB 1815359?1627408949 第 1 次 获取到号码【1815359】GSD
2021-07-28 02:02:33 获取到号码【1815359】的GSD为【山东-烟台】
2021-07-28 02:02:51 GSD insert 第 1 次 等待 3 秒
2021-07-28 02:02:54 {"status":"ok","gid":419678,"msg":"添加成功！"}
2021-07-28 02:02:54 下次操作: 2021-07-28 02:03:12

2021-07-28 02:03:12 开始第 22 次操作

2021-07-28 02:03:12 开始操作号码 【1815358】
2021-07-28 02:03:15 GSD getOne 第 1 次 等待 3 秒
2021-07-28 02:03:18 查询号码 【1815358】，返回信息 {"status":"bad","msg":""}
2021-07-28 02:03:18 查询号码 【1815358】，GSD为【""】
2021-07-28 02:03:18 bad
2021-07-28 02:03:19 CHB 1815358?1627408998 第 1 次 等待 3 秒
2021-07-28 02:03:22 CHB 1815358?1627408998 第 1 次 获取到号码【1815358】GSD
2021-07-28 02:03:22 获取到号码【1815358】的GSD为【山东-烟台】
2021-07-28 02:03:40 GSD insert 第 1 次 等待 3 秒
2021-07-28 02:03:43 {"status":"ok","gid":419694,"msg":"添加成功！"}
2021-07-28 02:03:43 下次操作: 2021-07-28 02:03:58

2021-07-28 02:03:58 开始第 23 次操作

2021-07-28 02:03:58 开始操作号码 【1815357】
2021-07-28 02:04:05 GSD getOne 第 1 次 等待 3 秒
2021-07-28 02:04:08 查询号码 【1815357】，返回信息 {"status":"bad","msg":""}
2021-07-28 02:04:08 查询号码 【1815357】，GSD为【""】
2021-07-28 02:04:08 bad
2021-07-28 02:04:11 CHB 1815357?1627409048 第 1 次 等待 3 秒
2021-07-28 02:04:14 CHB 1815357?1627409048 第 1 次 获取到号码【1815357】GSD
2021-07-28 02:04:14 获取到号码【1815357】的GSD为【山东-烟台】
2021-07-28 02:04:38 GSD insert 第 1 次 等待 3 秒
2021-07-28 02:04:41 {"status":"ok","gid":419699,"msg":"添加成功！"}
2021-07-28 02:04:41 下次操作: 2021-07-28 02:05:02

2021-07-28 02:05:02 开始第 24 次操作

2021-07-28 02:05:02 开始操作号码 【1815356】
2021-07-28 02:05:05 GSD getOne 第 1 次 等待 3 秒
2021-07-28 02:05:08 查询号码 【1815356】，返回信息 {"status":"ok","msg":"山东-烟台","gid":"33725","time_insert":"2020-02-11 18:25","time_update":"2020-09-11 04:54"}
2021-07-28 02:05:08 查询号码 【1815356】，GSD为【"山东-烟台"】

2021-07-28 02:05:08 开始第 24 次操作

2021-07-28 02:05:08 开始操作号码 【1815355】
2021-07-28 02:05:26 GSD getOne 第 1 次 等待 3 秒
2021-07-28 02:05:29 查询号码 【1815355】，返回信息 {"status":"bad","msg":""}
2021-07-28 02:05:29 查询号码 【1815355】，GSD为【""】
2021-07-28 02:05:29 bad
2021-07-28 02:05:30 CHB 1815355?1627409129 第 1 次 等待 3 秒
2021-07-28 02:05:33 CHB 1815355?1627409129 第 1 次 获取到号码【1815355】GSD
2021-07-28 02:05:33 获取到号码【1815355】的GSD为【山东-烟台】
2021-07-28 02:05:51 GSD insert 第 1 次 等待 3 秒
2021-07-28 02:05:54 {"status":"ok","gid":419720,"msg":"添加成功！"}
2021-07-28 02:05:54 下次操作: 2021-07-28 02:06:08

2021-07-28 02:06:08 开始第 25 次操作

2021-07-28 02:06:08 开始操作号码 【1815354】
2021-07-28 02:06:15 GSD getOne 第 1 次 等待 3 秒
2021-07-28 02:06:18 查询号码 【1815354】，返回信息 {"status":"bad","msg":""}
2021-07-28 02:06:18 查询号码 【1815354】，GSD为【""】
2021-07-28 02:06:18 bad
2021-07-28 02:06:19 CHB 1815354?1627409178 第 1 次 等待 3 秒
2021-07-28 02:06:22 CHB 1815354?1627409178 第 1 次 获取到号码【1815354】GSD
2021-07-28 02:06:22 获取到号码【1815354】的GSD为【山东-烟台】
2021-07-28 02:06:45 GSD insert 第 1 次 等待 3 秒
2021-07-28 02:06:48 {"status":"ok","gid":419732,"msg":"添加成功！"}
2021-07-28 02:06:48 下次操作: 2021-07-28 02:07:08

2021-07-28 02:07:08 开始第 26 次操作

2021-07-28 02:07:08 开始操作号码 【1815353】
2021-07-28 02:07:11 GSD getOne 第 1 次 等待 3 秒
2021-07-28 02:07:14 查询号码 【1815353】，返回信息 {"status":"bad","msg":""}
2021-07-28 02:07:14 查询号码 【1815353】，GSD为【""】
2021-07-28 02:07:14 bad
2021-07-28 02:07:15 CHB 1815353?1627409234 第 1 次 等待 3 秒
2021-07-28 02:07:18 CHB 1815353?1627409234 第 1 次 获取到号码【1815353】GSD
2021-07-28 02:07:19 获取到号码【1815353】的GSD为【山东-烟台】
2021-07-28 02:07:37 GSD insert 第 1 次 等待 3 秒
2021-07-28 02:07:40 {"status":"ok","gid":419745,"msg":"添加成功！"}
2021-07-28 02:07:40 下次操作: 2021-07-28 02:08:01

2021-07-28 02:08:01 开始第 27 次操作

2021-07-28 02:08:01 开始操作号码 【1815352】
2021-07-28 02:08:03 GSD getOne 第 1 次 等待 3 秒
2021-07-28 02:08:06 查询号码 【1815352】，返回信息 {"status":"bad","msg":""}
2021-07-28 02:08:06 查询号码 【1815352】，GSD为【""】
2021-07-28 02:08:06 bad
2021-07-28 02:08:08 CHB 1815352?1627409286 第 1 次 等待 3 秒
2021-07-28 02:08:11 CHB 1815352?1627409286 第 1 次 获取到号码【1815352】GSD
2021-07-28 02:08:11 获取到号码【1815352】的GSD为【山东-烟台】
2021-07-28 02:08:29 GSD insert 第 1 次 等待 3 秒
2021-07-28 02:08:32 {"status":"ok","gid":419756,"msg":"添加成功！"}
2021-07-28 02:08:32 下次操作: 2021-07-28 02:08:51

2021-07-28 02:08:51 开始第 28 次操作

2021-07-28 02:08:51 开始操作号码 【1815351】
2021-07-28 02:08:53 GSD getOne 第 1 次 等待 3 秒
2021-07-28 02:08:56 查询号码 【1815351】，返回信息 {"status":"bad","msg":""}
2021-07-28 02:08:56 查询号码 【1815351】，GSD为【""】
2021-07-28 02:08:56 bad
2021-07-28 02:08:58 CHB 1815351?1627409336 第 1 次 等待 3 秒
2021-07-28 02:09:01 CHB 1815351?1627409336 第 1 次 获取到号码【1815351】GSD
2021-07-28 02:09:01 获取到号码【1815351】的GSD为【山东-烟台】
2021-07-28 02:09:24 GSD insert 第 1 次 等待 3 秒
2021-07-28 02:09:27 {"status":"ok","gid":419764,"msg":"添加成功！"}
2021-07-28 02:09:27 下次操作: 2021-07-28 02:09:47

2021-07-28 02:09:47 开始第 29 次操作

2021-07-28 02:09:47 开始操作号码 【1815350】
2021-07-28 02:09:49 GSD getOne 第 1 次 等待 3 秒
2021-07-28 02:09:52 查询号码 【1815350】，返回信息 {"status":"bad","msg":""}
2021-07-28 02:09:52 查询号码 【1815350】，GSD为【""】
2021-07-28 02:09:52 bad
2021-07-28 02:09:54 CHB 1815350?1627409392 第 1 次 等待 3 秒
2021-07-28 02:09:57 CHB 1815350?1627409392 第 1 次 获取到号码【1815350】GSD
2021-07-28 02:09:57 获取到号码【1815350】的GSD为【山东-烟台】
2021-07-28 02:10:15 GSD insert 第 1 次 等待 3 秒
2021-07-28 02:10:18 {"status":"ok","gid":419772,"msg":"添加成功！"}
2021-07-28 02:10:18 下次操作: 2021-07-28 02:10:42

2021-07-28 02:10:42 开始第 30 次操作

2021-07-28 02:10:42 开始操作号码 【1815349】
2021-07-28 02:10:45 GSD getOne 第 1 次 等待 3 秒
2021-07-28 02:10:48 查询号码 【1815349】，返回信息 {"status":"bad","msg":""}
2021-07-28 02:10:48 查询号码 【1815349】，GSD为【""】
2021-07-28 02:10:48 bad
2021-07-28 02:10:49 CHB 1815349?1627409448 第 1 次 等待 3 秒
2021-07-28 02:10:52 CHB 1815349?1627409448 第 1 次 获取到号码【1815349】GSD
2021-07-28 02:10:52 获取到号码【1815349】的GSD为【山东-德州】
2021-07-28 02:11:18 GSD insert 第 1 次 等待 3 秒
2021-07-28 02:11:21 {"status":"ok","gid":419778,"msg":"添加成功！"}
2021-07-28 02:11:21 下次操作: 2021-07-28 02:11:35

2021-07-28 02:11:35 开始第 31 次操作

2021-07-28 02:11:35 开始操作号码 【1815348】
2021-07-28 02:11:41 GSD getOne 第 1 次 等待 3 秒
2021-07-28 02:11:44 查询号码 【1815348】，返回信息 {"status":"bad","msg":""}
2021-07-28 02:11:44 查询号码 【1815348】，GSD为【""】
2021-07-28 02:11:44 bad
2021-07-28 02:11:45 CHB 1815348?1627409504 第 1 次 等待 3 秒
2021-07-28 02:11:48 CHB 1815348?1627409504 第 1 次 获取到号码【1815348】GSD
2021-07-28 02:11:48 获取到号码【1815348】的GSD为【山东-德州】
2021-07-28 02:12:06 GSD insert 第 1 次 等待 3 秒
2021-07-28 02:12:09 {"status":"ok","gid":419784,"msg":"添加成功！"}
2021-07-28 02:12:09 下次操作: 2021-07-28 02:12:27

2021-07-28 02:12:27 开始第 32 次操作

2021-07-28 02:12:27 开始操作号码 【1815347】
2021-07-28 02:12:30 GSD getOne 第 1 次 等待 3 秒
2021-07-28 02:12:33 查询号码 【1815347】，返回信息 {"status":"bad","msg":""}
2021-07-28 02:12:33 查询号码 【1815347】，GSD为【""】
2021-07-28 02:12:33 bad
2021-07-28 02:12:34 CHB 1815347?1627409553 第 1 次 等待 3 秒
2021-07-28 02:12:37 CHB 1815347?1627409553 第 1 次 获取到号码【1815347】GSD
2021-07-28 02:12:37 获取到号码【1815347】的GSD为【山东-德州】
2021-07-28 02:12:55 GSD insert 第 1 次 等待 3 秒
2021-07-28 02:12:58 {"status":"ok","gid":419790,"msg":"添加成功！"}
2021-07-28 02:12:58 下次操作: 2021-07-28 02:13:14

2021-07-28 02:13:14 开始第 33 次操作

2021-07-28 02:13:14 开始操作号码 【1815346】
2021-07-28 02:13:17 GSD getOne 第 1 次 等待 3 秒
2021-07-28 02:13:20 查询号码 【1815346】，返回信息 {"status":"bad","msg":""}
2021-07-28 02:13:20 查询号码 【1815346】，GSD为【""】
2021-07-28 02:13:20 bad
2021-07-28 02:13:22 CHB 1815346?1627409600 第 1 次 等待 3 秒
2021-07-28 02:13:25 CHB 1815346?1627409600 第 1 次 获取到号码【1815346】GSD
2021-07-28 02:13:25 获取到号码【1815346】的GSD为【山东-莱芜】
2021-07-28 02:13:43 GSD insert 第 1 次 等待 3 秒
2021-07-28 02:13:46 {"status":"ok","gid":419796,"msg":"添加成功！"}
2021-07-28 02:13:46 下次操作: 2021-07-28 02:13:58

2021-07-28 02:13:58 开始第 34 次操作

2021-07-28 02:13:58 开始操作号码 【1815345】
2021-07-28 02:14:07 GSD getOne 第 1 次 等待 3 秒
2021-07-28 02:14:10 查询号码 【1815345】，返回信息 {"status":"bad","msg":""}
2021-07-28 02:14:11 查询号码 【1815345】，GSD为【""】
2021-07-28 02:14:11 bad
2021-07-28 02:14:12 CHB 1815345?1627409651 第 1 次 等待 3 秒
2021-07-28 02:14:15 CHB 1815345?1627409651 第 1 次 获取到号码【1815345】GSD
2021-07-28 02:14:15 获取到号码【1815345】的GSD为【山东-莱芜】
2021-07-28 02:14:33 GSD insert 第 1 次 等待 3 秒
2021-07-28 02:14:36 {"status":"ok","gid":419801,"msg":"添加成功！"}
2021-07-28 02:14:36 下次操作: 2021-07-28 02:14:54

2021-07-28 02:14:54 开始第 35 次操作

2021-07-28 02:14:54 开始操作号码 【1815344】
2021-07-28 02:14:57 GSD getOne 第 1 次 等待 3 秒
2021-07-28 02:15:00 查询号码 【1815344】，返回信息 {"status":"bad","msg":""}
2021-07-28 02:15:00 查询号码 【1815344】，GSD为【""】
2021-07-28 02:15:00 bad
2021-07-28 02:15:01 CHB 1815344?1627409700 第 1 次 等待 3 秒
2021-07-28 02:15:04 CHB 1815344?1627409700 第 1 次 获取到号码【1815344】GSD
2021-07-28 02:15:05 获取到号码【1815344】的GSD为【山东-德州】
2021-07-28 02:15:23 GSD insert 第 1 次 等待 3 秒
2021-07-28 02:15:26 {"status":"ok","gid":419806,"msg":"添加成功！"}
2021-07-28 02:15:26 下次操作: 2021-07-28 02:15:39

2021-07-28 02:15:39 开始第 36 次操作

2021-07-28 02:15:39 开始操作号码 【1815343】
2021-07-28 02:15:44 GSD getOne 第 1 次 等待 3 秒
2021-07-28 02:15:47 查询号码 【1815343】，返回信息 {"status":"bad","msg":""}
2021-07-28 02:15:47 查询号码 【1815343】，GSD为【""】
2021-07-28 02:15:47 bad
2021-07-28 02:15:49 CHB 1815343?1627409747 第 1 次 等待 3 秒
2021-07-28 02:15:52 CHB 1815343?1627409747 第 1 次 获取到号码【1815343】GSD
2021-07-28 02:15:52 获取到号码【1815343】的GSD为【山东-莱芜】
2021-07-28 02:16:10 GSD insert 第 1 次 等待 3 秒
2021-07-28 02:16:13 {"status":"ok","gid":419812,"msg":"添加成功！"}
2021-07-28 02:16:13 下次操作: 2021-07-28 02:16:26

2021-07-28 02:16:26 开始第 37 次操作

2021-07-28 02:16:26 开始操作号码 【1815342】
2021-07-28 02:16:32 GSD getOne 第 1 次 等待 3 秒
2021-07-28 02:16:35 查询号码 【1815342】，返回信息 {"status":"bad","msg":""}
2021-07-28 02:16:35 查询号码 【1815342】，GSD为【""】
2021-07-28 02:16:35 bad
2021-07-28 02:16:36 CHB 1815342?1627409795 第 1 次 等待 3 秒
2021-07-28 02:16:39 CHB 1815342?1627409795 第 1 次 获取到号码【1815342】GSD
2021-07-28 02:16:39 获取到号码【1815342】的GSD为【山东-德州】
2021-07-28 02:16:57 GSD insert 第 1 次 等待 3 秒
2021-07-28 02:17:00 {"status":"ok","gid":419814,"msg":"添加成功！"}
2021-07-28 02:17:00 下次操作: 2021-07-28 02:17:22

2021-07-28 02:17:22 开始第 38 次操作

2021-07-28 02:17:22 开始操作号码 【1815341】
2021-07-28 02:17:25 GSD getOne 第 1 次 等待 3 秒
2021-07-28 02:17:28 查询号码 【1815341】，返回信息 {"status":"bad","msg":""}
2021-07-28 02:17:28 查询号码 【1815341】，GSD为【""】
2021-07-28 02:17:28 bad
2021-07-28 02:17:29 CHB 1815341?1627409848 第 1 次 等待 3 秒
2021-07-28 02:17:32 CHB 1815341?1627409848 第 1 次 获取到号码【1815341】GSD
2021-07-28 02:17:32 获取到号码【1815341】的GSD为【山东-德州】
2021-07-28 02:17:51 GSD insert 第 1 次 等待 3 秒
2021-07-28 02:17:54 {"status":"ok","gid":419820,"msg":"添加成功！"}
2021-07-28 02:17:54 下次操作: 2021-07-28 02:18:13

2021-07-28 02:18:13 开始第 39 次操作

2021-07-28 02:18:13 开始操作号码 【1815340】
2021-07-28 02:18:15 GSD getOne 第 1 次 等待 3 秒
2021-07-28 02:18:18 查询号码 【1815340】，返回信息 {"status":"bad","msg":""}
2021-07-28 02:18:18 查询号码 【1815340】，GSD为【""】
2021-07-28 02:18:18 bad
2021-07-28 02:18:20 CHB 1815340?1627409898 第 1 次 等待 3 秒
2021-07-28 02:18:23 CHB 1815340?1627409898 第 1 次 获取到号码【1815340】GSD
2021-07-28 02:18:23 获取到号码【1815340】的GSD为【山东-德州】
2021-07-28 02:18:42 GSD insert 第 1 次 等待 3 秒
2021-07-28 02:18:45 {"status":"ok","gid":419825,"msg":"添加成功！"}
2021-07-28 02:18:45 下次操作: 2021-07-28 02:18:58

2021-07-28 02:18:58 开始第 40 次操作

2021-07-28 02:18:58 开始操作号码 【1815339】
2021-07-28 02:19:08 GSD getOne 第 1 次 等待 3 秒
2021-07-28 02:19:11 查询号码 【1815339】，返回信息 {"status":"bad","msg":""}
2021-07-28 02:19:11 查询号码 【1815339】，GSD为【""】
2021-07-28 02:19:11 bad
2021-07-28 02:19:12 CHB 1815339?1627409951 第 1 次 等待 3 秒
2021-07-28 02:19:15 CHB 1815339?1627409951 第 1 次 获取到号码【1815339】GSD
2021-07-28 02:19:16 获取到号码【1815339】的GSD为【湖南-永州】
2021-07-28 02:19:34 GSD insert 第 1 次 等待 3 秒
2021-07-28 02:19:37 {"status":"ok","gid":419829,"msg":"添加成功！"}

