2023-09-28 00:22:17 开始第 289 次操作

2023-09-28 00:22:17 开始操作号码 【1950288】
2023-09-28 00:22:19 GSD getOne 第 1 次 等待 3 秒
2023-09-28 00:22:22 查询号码 【1950288】，返回信息 {"status":"ok","msg":"四川-成都","gid":"440773","time_insert":"2021-07-30 04:49"}
2023-09-28 00:22:22 查询号码 【1950288】，GSD为【"四川-成都"】

2023-09-28 00:22:23 开始第 290 次操作

2023-09-28 00:22:23 开始操作号码 【1950289】
2023-09-28 00:22:25 GSD getOne 第 1 次 等待 3 秒
2023-09-28 00:22:28 查询号码 【1950289】，返回信息 {"status":"ok","msg":"四川-成都","gid":"441006","time_insert":"2021-07-30 05:06"}
2023-09-28 00:22:28 查询号码 【1950289】，GSD为【"四川-成都"】

2023-09-28 00:22:29 开始第 291 次操作

2023-09-28 00:22:29 开始操作号码 【1950290】
2023-09-28 00:22:31 GSD getOne 第 1 次 等待 3 秒
2023-09-28 00:22:34 查询号码 【1950290】，返回信息 {"status":"ok","msg":"陕西-西安","gid":"441081","time_insert":"2021-07-30 05:26","time_update":"2023-05-31 05:10"}
2023-09-28 00:22:34 查询号码 【1950290】，GSD为【"陕西-西安"】

2023-09-28 00:22:35 开始第 292 次操作

2023-09-28 00:22:35 开始操作号码 【1950291】
2023-09-28 00:22:38 GSD getOne 第 1 次 等待 3 秒
2023-09-28 00:22:41 查询号码 【1950291】，返回信息 {"status":"ok","msg":"陕西-西安","gid":"441157","time_insert":"2021-07-30 05:44","time_update":"2023-05-31 05:13"}
2023-09-28 00:22:41 查询号码 【1950291】，GSD为【"陕西-西安"】

2023-09-28 00:40:51 开始第 293 次操作

2023-09-28 00:40:51 开始操作号码 【1950292】
2023-09-28 00:40:53 GSD getOne 第 1 次 等待 3 秒
2023-09-28 00:40:56 查询号码 【1950292】，返回信息 {"status":"ok","msg":"陕西-西安","gid":"441400","time_insert":"2021-07-30 06:00","time_update":"2023-05-31 05:34"}
2023-09-28 00:40:56 查询号码 【1950292】，GSD为【"陕西-西安"】

2023-09-28 00:40:57 开始第 294 次操作

2023-09-28 00:40:57 开始操作号码 【1950293】
2023-09-28 00:41:02 GSD getOne 第 1 次 等待 3 秒
2023-09-28 00:41:05 查询号码 【1950293】，返回信息 {"status":"ok","msg":"陕西-西安","gid":"441540","time_insert":"2021-07-30 06:15","time_update":"2023-05-31 05:38"}
2023-09-28 00:41:05 查询号码 【1950293】，GSD为【"陕西-西安"】

2023-09-28 00:41:06 开始第 295 次操作

2023-09-28 00:41:06 开始操作号码 【1950294】
2023-09-28 00:41:08 GSD getOne 第 1 次 等待 3 秒
2023-09-28 00:41:11 查询号码 【1950294】，返回信息 {"status":"ok","msg":"陕西-西安","gid":"441571","time_insert":"2021-07-30 06:32","time_update":"2023-05-31 05:40"}
2023-09-28 00:41:11 查询号码 【1950294】，GSD为【"陕西-西安"】

2023-09-28 00:41:12 开始第 296 次操作

2023-09-28 00:41:12 开始操作号码 【1950295】
2023-09-28 00:41:13 GSD getOne 第 1 次 等待 3 秒
2023-09-28 00:41:16 查询号码 【1950295】，返回信息 {"status":"ok","msg":"陕西-西安","gid":"441767","time_insert":"2021-07-30 06:51","time_update":"2023-05-31 05:43"}
2023-09-28 00:41:16 查询号码 【1950295】，GSD为【"陕西-西安"】

