2024-08-21 00:11:22 开始第 289 次操作

2024-08-21 00:11:22 开始操作号码 【1410288】
2024-08-21 00:11:32 GSD getOne 第 1 次 等待 3 秒
2024-08-21 00:11:35 查询号码 【1410288】，返回信息 {"status":"ok","msg":"-","gid":"522639","time_insert":"2023-02-09 06:10"}
2024-08-21 00:11:35 查询号码 【1410288】，GSD为【"-"】
2024-08-21 00:11:35 ok && -
2024-08-21 00:11:38 CHB 1410288?1724170295 第 1 次 等待 3 秒
2024-08-21 00:11:41 CHB 1410288?1724170295 第 1 次 获取到号码【1410288】GSD
2024-08-21 00:11:41 未获取到号码【1410288】GSD，可能号码格式错误
2024-08-21 00:11:41 获取到号码【1410288】的GSD为【-】
2024-08-21 00:11:49 GSD insert 第 1 次 等待 3 秒
2024-08-21 00:11:52 {"status":"bad","gid":"522639","msg":"添加失败！号码【1410288(-|-)】已存在！"}
2024-08-21 00:11:52 随机等待 143 秒，约 2 分钟
2024-08-21 00:11:52 下次操作: 2024-08-21 00:14:15

2024-08-21 00:14:15 开始第 290 次操作

2024-08-21 00:14:15 开始操作号码 【1410289】
2024-08-21 00:14:23 GSD getOne 第 1 次 等待 3 秒
2024-08-21 00:14:26 查询号码 【1410289】，返回信息 {"status":"ok","msg":"-","gid":"522651","time_insert":"2023-02-09 06:21"}
2024-08-21 00:14:26 查询号码 【1410289】，GSD为【"-"】
2024-08-21 00:14:26 ok && -
2024-08-21 00:14:28 CHB 1410289?1724170466 第 1 次 等待 3 秒
2024-08-21 00:14:31 CHB 1410289?1724170466 第 1 次 获取到号码【1410289】GSD
2024-08-21 00:14:31 未获取到号码【1410289】GSD，可能号码格式错误
2024-08-21 00:14:31 获取到号码【1410289】的GSD为【-】
2024-08-21 00:14:40 GSD insert 第 1 次 等待 3 秒
2024-08-21 00:14:43 {"status":"bad","gid":"522651","msg":"添加失败！号码【1410289(-|-)】已存在！"}
2024-08-21 00:14:43 随机等待 138 秒，约 2 分钟
2024-08-21 00:14:43 下次操作: 2024-08-21 00:17:01

2024-08-21 00:17:01 开始第 291 次操作

2024-08-21 00:17:01 开始操作号码 【1410290】
2024-08-21 00:17:10 GSD getOne 第 1 次 等待 3 秒
2024-08-21 00:17:13 查询号码 【1410290】，返回信息 {"status":"ok","msg":"-","gid":"522664","time_insert":"2023-02-09 06:32"}
2024-08-21 00:17:13 查询号码 【1410290】，GSD为【"-"】
2024-08-21 00:17:13 ok && -
2024-08-21 00:17:16 CHB 1410290?1724170633 第 1 次 等待 3 秒
2024-08-21 00:17:19 CHB 1410290?1724170633 第 1 次 获取到号码【1410290】GSD
2024-08-21 00:17:20 未获取到号码【1410290】GSD，可能号码格式错误
2024-08-21 00:17:20 获取到号码【1410290】的GSD为【-】
2024-08-21 00:17:31 GSD insert 第 1 次 等待 3 秒
2024-08-21 00:17:34 {"status":"bad","gid":"522664","msg":"添加失败！号码【1410290(-|-)】已存在！"}
2024-08-21 00:17:34 随机等待 133 秒，约 2 分钟
2024-08-21 00:17:34 下次操作: 2024-08-21 00:19:47

2024-08-21 00:19:47 开始第 292 次操作

2024-08-21 00:19:47 开始操作号码 【1410291】
2024-08-21 00:19:55 GSD getOne 第 1 次 等待 3 秒
2024-08-21 00:19:58 查询号码 【1410291】，返回信息 {"status":"ok","msg":"-","gid":"522679","time_insert":"2023-02-09 06:46"}
2024-08-21 00:19:59 查询号码 【1410291】，GSD为【"-"】
2024-08-21 00:19:59 ok && -
2024-08-21 00:20:01 CHB 1410291?1724170799 第 1 次 等待 3 秒
2024-08-21 00:20:04 CHB 1410291?1724170799 第 1 次 获取到号码【1410291】GSD
2024-08-21 00:20:04 未获取到号码【1410291】GSD，可能号码格式错误
2024-08-21 00:20:04 获取到号码【1410291】的GSD为【-】
2024-08-21 00:20:12 GSD insert 第 1 次 等待 3 秒
2024-08-21 00:20:15 {"status":"bad","gid":"522679","msg":"添加失败！号码【1410291(-|-)】已存在！"}

2024-08-21 00:38:12 开始第 293 次操作

2024-08-21 00:38:12 开始操作号码 【1410292】
2024-08-21 00:38:21 GSD getOne 第 1 次 等待 3 秒
2024-08-21 00:38:24 查询号码 【1410292】，返回信息 {"status":"ok","msg":"-","gid":"522692","time_insert":"2023-02-09 06:57"}
2024-08-21 00:38:24 查询号码 【1410292】，GSD为【"-"】
2024-08-21 00:38:24 ok && -
2024-08-21 00:38:26 CHB 1410292?1724171904 第 1 次 等待 3 秒
2024-08-21 00:38:29 CHB 1410292?1724171904 第 1 次 获取到号码【1410292】GSD
2024-08-21 00:38:29 未获取到号码【1410292】GSD，可能号码格式错误
2024-08-21 00:38:29 获取到号码【1410292】的GSD为【-】
2024-08-21 00:38:44 GSD insert 第 1 次 等待 3 秒
2024-08-21 00:38:47 {"status":"bad","gid":"522692","msg":"添加失败！号码【1410292(-|-)】已存在！"}
2024-08-21 00:38:47 随机等待 79 秒，约 1 分钟
2024-08-21 00:38:47 下次操作: 2024-08-21 00:40:06

2024-08-21 00:40:06 开始第 294 次操作

2024-08-21 00:40:06 开始操作号码 【1410293】
2024-08-21 00:40:14 GSD getOne 第 1 次 等待 3 秒
2024-08-21 00:40:17 查询号码 【1410293】，返回信息 {"status":"ok","msg":"-","gid":"522704","time_insert":"2023-02-09 07:07"}
2024-08-21 00:40:17 查询号码 【1410293】，GSD为【"-"】
2024-08-21 00:40:17 ok && -
2024-08-21 00:40:19 CHB 1410293?1724172017 第 1 次 等待 3 秒
2024-08-21 00:40:22 CHB 1410293?1724172017 第 1 次 获取到号码【1410293】GSD
2024-08-21 00:40:22 未获取到号码【1410293】GSD，可能号码格式错误
2024-08-21 00:40:22 获取到号码【1410293】的GSD为【-】
2024-08-21 00:40:31 GSD insert 第 1 次 等待 3 秒
2024-08-21 00:40:34 {"status":"bad","gid":"522704","msg":"添加失败！号码【1410293(-|-)】已存在！"}
2024-08-21 00:40:34 随机等待 184 秒，约 3 分钟
2024-08-21 00:40:34 下次操作: 2024-08-21 00:43:38

2024-08-21 00:43:38 开始第 295 次操作

2024-08-21 00:43:38 开始操作号码 【1410294】
2024-08-21 00:43:47 GSD getOne 第 1 次 等待 3 秒
2024-08-21 00:43:50 查询号码 【1410294】，返回信息 {"status":"ok","msg":"-","gid":"522718","time_insert":"2023-02-09 07:22"}
2024-08-21 00:43:50 查询号码 【1410294】，GSD为【"-"】
2024-08-21 00:43:50 ok && -
2024-08-21 00:43:52 CHB 1410294?1724172230 第 1 次 等待 3 秒
2024-08-21 00:43:55 CHB 1410294?1724172230 第 1 次 获取到号码【1410294】GSD
2024-08-21 00:43:55 未获取到号码【1410294】GSD，可能号码格式错误
2024-08-21 00:43:55 获取到号码【1410294】的GSD为【-】
2024-08-21 00:44:03 GSD insert 第 1 次 等待 3 秒
2024-08-21 00:44:06 {"status":"bad","gid":"522718","msg":"添加失败！号码【1410294(-|-)】已存在！"}
2024-08-21 00:44:06 随机等待 166 秒，约 2 分钟
2024-08-21 00:44:06 下次操作: 2024-08-21 00:46:52

2024-08-21 00:46:52 开始第 296 次操作

2024-08-21 00:46:52 开始操作号码 【1410295】
2024-08-21 00:47:01 GSD getOne 第 1 次 等待 3 秒
2024-08-21 00:47:04 查询号码 【1410295】，返回信息 {"status":"ok","msg":"-","gid":"522730","time_insert":"2023-02-09 07:32"}
2024-08-21 00:47:04 查询号码 【1410295】，GSD为【"-"】
2024-08-21 00:47:04 ok && -
2024-08-21 00:47:06 CHB 1410295?1724172424 第 1 次 等待 3 秒
2024-08-21 00:47:09 CHB 1410295?1724172424 第 1 次 获取到号码【1410295】GSD
2024-08-21 00:47:09 未获取到号码【1410295】GSD，可能号码格式错误
2024-08-21 00:47:09 获取到号码【1410295】的GSD为【-】
2024-08-21 00:47:17 GSD insert 第 1 次 等待 3 秒
2024-08-21 00:47:20 {"status":"bad","gid":"522730","msg":"添加失败！号码【1410295(-|-)】已存在！"}

