2024-06-30 00:22:02 开始第 3361 次操作

2024-06-30 00:22:02 开始操作号码 【1523263】
2024-06-30 00:22:16 GSD getOne 第 1 次 等待 3 秒
2024-06-30 00:22:19 查询号码 【1523263】，返回信息 {"status":"ok","msg":"河北-唐山","gid":"197571","time_insert":"2021-07-05 12:08"}
2024-06-30 00:22:19 查询号码 【1523263】，GSD为【"河北-唐山"】

2024-06-30 00:22:20 开始第 3362 次操作

2024-06-30 00:22:20 开始操作号码 【1523264】
2024-06-30 00:22:33 GSD getOne 第 1 次 等待 3 秒
2024-06-30 00:22:36 查询号码 【1523264】，返回信息 {"status":"ok","msg":"河北-唐山","gid":"197631","time_insert":"2021-07-05 12:24"}
2024-06-30 00:22:37 查询号码 【1523264】，GSD为【"河北-唐山"】

2024-06-30 00:22:38 开始第 3363 次操作

2024-06-30 00:22:38 开始操作号码 【1523265】
2024-06-30 00:22:51 GSD getOne 第 1 次 等待 3 秒
2024-06-30 00:22:54 查询号码 【1523265】，返回信息 {"status":"ok","msg":"河北-唐山","gid":"197662","time_insert":"2021-07-05 12:40"}
2024-06-30 00:22:54 查询号码 【1523265】，GSD为【"河北-唐山"】

2024-06-30 00:22:55 开始第 3364 次操作

2024-06-30 00:22:55 开始操作号码 【1523266】
2024-06-30 00:23:09 GSD getOne 第 1 次 等待 3 秒
2024-06-30 00:23:12 查询号码 【1523266】，返回信息 {"status":"ok","msg":"河北-唐山","gid":"197700","time_insert":"2021-07-05 12:56","time_update":"2021-07-08 14:58"}
2024-06-30 00:23:12 查询号码 【1523266】，GSD为【"河北-唐山"】

