2024-03-08 00:19:59 开始第 7601 次操作

2024-03-08 00:19:59 开始操作号码 【1747519】
2024-03-08 00:20:04 GSD getOne 第 1 次 等待 3 秒
2024-03-08 00:20:07 查询号码 【1747519】，返回信息 {"status":"ok","msg":"-","gid":"242668","time_insert":"2021-07-10 21:16"}
2024-03-08 00:20:07 查询号码 【1747519】，GSD为【"-"】
2024-03-08 00:20:07 ok && -
2024-03-08 00:20:09 CHB 1747519?1709828407 第 1 次 等待 3 秒
2024-03-08 00:20:12 CHB 1747519?1709828407 第 1 次 获取到号码【1747519】GSD
2024-03-08 00:20:12 未获取到号码【1747519】GSD，可能号码格式错误
2024-03-08 00:20:12 获取到号码【1747519】的GSD为【-】
2024-03-08 00:20:17 GSD insert 第 1 次 等待 3 秒
2024-03-08 00:20:20 {"status":"bad","gid":"242668","msg":"添加失败！号码【1747519(-|-)】已存在！"}
2024-03-08 00:20:20 随机等待 132 秒，约 2 分钟
2024-03-08 00:20:20 下次操作: 2024-03-08 00:22:32

2024-03-08 00:22:32 开始第 7602 次操作

2024-03-08 00:22:32 开始操作号码 【1747520】
2024-03-08 00:22:37 GSD getOne 第 1 次 等待 3 秒
2024-03-08 00:22:40 查询号码 【1747520】，返回信息 {"status":"ok","msg":"-","gid":"242673","time_insert":"2021-07-10 21:17"}
2024-03-08 00:22:40 查询号码 【1747520】，GSD为【"-"】
2024-03-08 00:22:40 ok && -
2024-03-08 00:22:44 CHB 1747520?1709828560 第 1 次 等待 3 秒
2024-03-08 00:22:47 CHB 1747520?1709828560 第 1 次 获取到号码【1747520】GSD
2024-03-08 00:22:47 未获取到号码【1747520】GSD，可能号码格式错误
2024-03-08 00:22:47 获取到号码【1747520】的GSD为【-】
2024-03-08 00:22:51 GSD insert 第 1 次 等待 3 秒
2024-03-08 00:22:54 {"status":"bad","gid":"242673","msg":"添加失败！号码【1747520(-|-)】已存在！"}
2024-03-08 00:22:54 随机等待 159 秒，约 2 分钟
2024-03-08 00:22:54 下次操作: 2024-03-08 00:25:33

2024-03-08 00:25:33 开始第 7603 次操作

2024-03-08 00:25:33 开始操作号码 【1747521】
2024-03-08 00:25:38 GSD getOne 第 1 次 等待 3 秒
2024-03-08 00:25:41 查询号码 【1747521】，返回信息 {"status":"ok","msg":"-","gid":"242678","time_insert":"2021-07-10 21:17"}
2024-03-08 00:25:41 查询号码 【1747521】，GSD为【"-"】
2024-03-08 00:25:41 ok && -
2024-03-08 00:25:43 CHB 1747521?1709828741 第 1 次 等待 3 秒
2024-03-08 00:25:46 CHB 1747521?1709828741 第 1 次 获取到号码【1747521】GSD
2024-03-08 00:25:46 未获取到号码【1747521】GSD，可能号码格式错误
2024-03-08 00:25:46 获取到号码【1747521】的GSD为【-】
2024-03-08 00:25:52 GSD insert 第 1 次 等待 3 秒
2024-03-08 00:25:55 {"status":"bad","gid":"242678","msg":"添加失败！号码【1747521(-|-)】已存在！"}
2024-03-08 00:25:55 随机等待 111 秒，约 1 分钟
2024-03-08 00:25:55 下次操作: 2024-03-08 00:27:46

2024-03-08 00:27:46 开始第 7604 次操作

2024-03-08 00:27:46 开始操作号码 【1747522】
2024-03-08 00:27:50 GSD getOne 第 1 次 等待 3 秒
2024-03-08 00:27:53 查询号码 【1747522】，返回信息 {"status":"ok","msg":"-","gid":"242684","time_insert":"2021-07-10 21:18"}
2024-03-08 00:27:53 查询号码 【1747522】，GSD为【"-"】
2024-03-08 00:27:53 ok && -
2024-03-08 00:27:57 CHB 1747522?1709828873 第 1 次 等待 3 秒
2024-03-08 00:28:00 CHB 1747522?1709828873 第 1 次 获取到号码【1747522】GSD
2024-03-08 00:28:00 未获取到号码【1747522】GSD，可能号码格式错误
2024-03-08 00:28:00 获取到号码【1747522】的GSD为【-】
2024-03-08 00:28:05 GSD insert 第 1 次 等待 3 秒
2024-03-08 00:28:08 {"status":"bad","gid":"242684","msg":"添加失败！号码【1747522(-|-)】已存在！"}

2024-03-08 00:37:52 开始第 7605 次操作

2024-03-08 00:37:52 开始操作号码 【1747523】
2024-03-08 00:37:58 GSD getOne 第 1 次 等待 3 秒
2024-03-08 00:38:01 查询号码 【1747523】，返回信息 {"status":"ok","msg":"-","gid":"242690","time_insert":"2021-07-10 21:19"}
2024-03-08 00:38:01 查询号码 【1747523】，GSD为【"-"】
2024-03-08 00:38:01 ok && -
2024-03-08 00:38:03 CHB 1747523?1709829481 第 1 次 等待 3 秒
2024-03-08 00:38:06 CHB 1747523?1709829481 第 1 次 获取到号码【1747523】GSD
2024-03-08 00:38:06 未获取到号码【1747523】GSD，可能号码格式错误
2024-03-08 00:38:06 获取到号码【1747523】的GSD为【-】
2024-03-08 00:38:11 GSD insert 第 1 次 等待 3 秒
2024-03-08 00:38:14 {"status":"bad","gid":"242690","msg":"添加失败！号码【1747523(-|-)】已存在！"}
2024-03-08 00:38:14 随机等待 167 秒，约 2 分钟
2024-03-08 00:38:14 下次操作: 2024-03-08 00:41:01

2024-03-08 00:41:01 开始第 7606 次操作

2024-03-08 00:41:01 开始操作号码 【1747524】
2024-03-08 00:41:08 GSD getOne 第 1 次 等待 3 秒
2024-03-08 00:41:11 查询号码 【1747524】，返回信息 {"status":"ok","msg":"-","gid":"242695","time_insert":"2021-07-10 21:20"}
2024-03-08 00:41:11 查询号码 【1747524】，GSD为【"-"】
2024-03-08 00:41:11 ok && -
2024-03-08 00:41:13 CHB 1747524?1709829671 第 1 次 等待 3 秒
2024-03-08 00:41:16 CHB 1747524?1709829671 第 1 次 获取到号码【1747524】GSD
2024-03-08 00:41:16 未获取到号码【1747524】GSD，可能号码格式错误
2024-03-08 00:41:16 获取到号码【1747524】的GSD为【-】
2024-03-08 00:41:20 GSD insert 第 1 次 等待 3 秒
2024-03-08 00:41:23 {"status":"bad","gid":"242695","msg":"添加失败！号码【1747524(-|-)】已存在！"}
2024-03-08 00:41:23 随机等待 79 秒，约 1 分钟
2024-03-08 00:41:23 下次操作: 2024-03-08 00:42:42

2024-03-08 00:42:42 开始第 7607 次操作

2024-03-08 00:42:42 开始操作号码 【1747525】
2024-03-08 00:42:46 GSD getOne 第 1 次 等待 3 秒
2024-03-08 00:42:49 查询号码 【1747525】，返回信息 {"status":"ok","msg":"-","gid":"242755","time_insert":"2021-07-10 21:38"}
2024-03-08 00:42:49 查询号码 【1747525】，GSD为【"-"】
2024-03-08 00:42:49 ok && -
2024-03-08 00:42:55 CHB 1747525?1709829769 第 1 次 等待 3 秒
2024-03-08 00:42:58 CHB 1747525?1709829769 第 1 次 获取到号码【1747525】GSD
2024-03-08 00:42:58 未获取到号码【1747525】GSD，可能号码格式错误
2024-03-08 00:42:58 获取到号码【1747525】的GSD为【-】
2024-03-08 00:43:03 GSD insert 第 1 次 等待 3 秒
2024-03-08 00:43:06 {"status":"bad","gid":"242755","msg":"添加失败！号码【1747525(-|-)】已存在！"}
2024-03-08 00:43:06 随机等待 211 秒，约 3 分钟
2024-03-08 00:43:06 下次操作: 2024-03-08 00:46:37

2024-03-08 00:46:37 开始第 7608 次操作

2024-03-08 00:46:37 开始操作号码 【1747526】
2024-03-08 00:46:41 GSD getOne 第 1 次 等待 3 秒
2024-03-08 00:46:44 查询号码 【1747526】，返回信息 {"status":"ok","msg":"-","gid":"242762","time_insert":"2021-07-10 21:38"}
2024-03-08 00:46:44 查询号码 【1747526】，GSD为【"-"】
2024-03-08 00:46:44 ok && -
2024-03-08 00:46:47 CHB 1747526?1709830004 第 1 次 等待 3 秒
2024-03-08 00:46:50 CHB 1747526?1709830004 第 1 次 获取到号码【1747526】GSD
2024-03-08 00:46:50 未获取到号码【1747526】GSD，可能号码格式错误
2024-03-08 00:46:50 获取到号码【1747526】的GSD为【-】
2024-03-08 00:46:57 GSD insert 第 1 次 等待 3 秒
2024-03-08 00:47:00 {"status":"bad","gid":"242762","msg":"添加失败！号码【1747526(-|-)】已存在！"}

