2024-01-05 00:22:28 开始第 6917 次操作

2024-01-05 00:22:28 开始操作号码 【1856836】
2024-01-05 00:22:32 GSD getOne 第 1 次 等待 3 秒
2024-01-05 00:22:35 查询号码 【1856836】，返回信息 {"status":"ok","msg":"河南-洛阳","gid":"433366","time_insert":"2021-07-29 12:59"}
2024-01-05 00:22:35 查询号码 【1856836】，GSD为【"河南-洛阳"】

2024-01-05 00:22:36 开始第 6918 次操作

2024-01-05 00:22:36 开始操作号码 【1856837】
2024-01-05 00:22:39 GSD getOne 第 1 次 等待 3 秒
2024-01-05 00:22:42 查询号码 【1856837】，返回信息 {"status":"ok","msg":"河南-洛阳","gid":"433354","time_insert":"2021-07-29 12:58"}
2024-01-05 00:22:42 查询号码 【1856837】，GSD为【"河南-洛阳"】

2024-01-05 00:22:43 开始第 6919 次操作

2024-01-05 00:22:43 开始操作号码 【1856838】
2024-01-05 00:22:50 GSD getOne 第 1 次 等待 3 秒
2024-01-05 00:22:53 查询号码 【1856838】，返回信息 {"status":"ok","msg":"河南-洛阳","gid":"71491","time_insert":"2021-05-28 21:33","time_update":"2021-06-18 07:17"}
2024-01-05 00:22:53 查询号码 【1856838】，GSD为【"河南-洛阳"】

2024-01-05 00:22:54 开始第 6920 次操作

2024-01-05 00:22:54 开始操作号码 【1856839】
2024-01-05 00:22:58 GSD getOne 第 1 次 等待 3 秒
2024-01-05 00:23:01 查询号码 【1856839】，返回信息 {"status":"ok","msg":"河南-洛阳","gid":"433340","time_insert":"2021-07-29 12:57"}
2024-01-05 00:23:01 查询号码 【1856839】，GSD为【"河南-洛阳"】

