2024-06-15 00:22:17 开始第 725 次操作

2024-06-15 00:22:17 开始操作号码 【1520633】
2024-06-15 00:22:24 GSD getOne 第 1 次 等待 3 秒
2024-06-15 00:22:27 查询号码 【1520633】，返回信息 {"status":"ok","msg":"山东-日照","gid":"86932","time_insert":"2021-06-08 22:47"}
2024-06-15 00:22:27 查询号码 【1520633】，GSD为【"山东-日照"】

2024-06-15 00:22:28 开始第 726 次操作

2024-06-15 00:22:28 开始操作号码 【1520634】
2024-06-15 00:22:34 GSD getOne 第 1 次 等待 3 秒
2024-06-15 00:22:37 查询号码 【1520634】，返回信息 {"status":"ok","msg":"山东-莱芜","gid":"86951","time_insert":"2021-06-08 23:04"}
2024-06-15 00:22:37 查询号码 【1520634】，GSD为【"山东-莱芜"】

2024-06-15 00:22:38 开始第 727 次操作

2024-06-15 00:22:38 开始操作号码 【1520635】
2024-06-15 00:22:48 GSD getOne 第 1 次 等待 3 秒
2024-06-15 00:22:51 查询号码 【1520635】，返回信息 {"status":"ok","msg":"山东-聊城","gid":"86967","time_insert":"2021-06-08 23:20"}
2024-06-15 00:22:51 查询号码 【1520635】，GSD为【"山东-聊城"】

2024-06-15 00:22:52 开始第 728 次操作

2024-06-15 00:22:52 开始操作号码 【1520636】
2024-06-15 00:22:57 GSD getOne 第 1 次 等待 3 秒
2024-06-15 00:23:00 查询号码 【1520636】，返回信息 {"status":"ok","msg":"山东-潍坊","gid":"86994","time_insert":"2021-06-08 23:40"}
2024-06-15 00:23:00 查询号码 【1520636】，GSD为【"山东-潍坊"】

2024-06-15 00:40:27 开始第 729 次操作

2024-06-15 00:40:27 开始操作号码 【1520637】
2024-06-15 00:40:36 GSD getOne 第 1 次 等待 3 秒
2024-06-15 00:40:39 查询号码 【1520637】，返回信息 {"status":"ok","msg":"山东-济宁","gid":"87013","time_insert":"2021-06-08 23:56"}
2024-06-15 00:40:39 查询号码 【1520637】，GSD为【"山东-济宁"】

2024-06-15 00:40:40 开始第 730 次操作

2024-06-15 00:40:40 开始操作号码 【1520638】
2024-06-15 00:40:55 GSD getOne 第 1 次 等待 3 秒
2024-06-15 00:40:58 查询号码 【1520638】，返回信息 {"status":"ok","msg":"山东-日照","gid":"87035","time_insert":"2021-06-09 00:15"}
2024-06-15 00:40:58 查询号码 【1520638】，GSD为【"山东-日照"】

2024-06-15 00:40:59 开始第 731 次操作

2024-06-15 00:40:59 开始操作号码 【1520639】
2024-06-15 00:41:09 GSD getOne 第 1 次 等待 3 秒
2024-06-15 00:41:12 查询号码 【1520639】，返回信息 {"status":"ok","msg":"山东-临沂","gid":"87053","time_insert":"2021-06-09 00:31"}
2024-06-15 00:41:12 查询号码 【1520639】，GSD为【"山东-临沂"】

2024-06-15 00:41:13 开始第 732 次操作

2024-06-15 00:41:13 开始操作号码 【1520640】
2024-06-15 00:41:26 GSD getOne 第 1 次 等待 3 秒
2024-06-15 00:41:29 查询号码 【1520640】，返回信息 {"status":"ok","msg":"山东-菏泽","gid":"87074","time_insert":"2021-06-09 00:49"}
2024-06-15 00:41:29 查询号码 【1520640】，GSD为【"山东-菏泽"】

