2021-07-05 00:59:47 开始第 1 次操作

2021-07-05 00:59:47 开始操作号码 【1307088】
2021-07-05 00:59:51 GSD getOne 第 1 次 等待 1 秒
2021-07-05 00:59:52 查询号码 【1307088】，返回信息 {"status":"bad","msg":""}
2021-07-05 00:59:52 查询号码 【1307088】，GSD为【""】
2021-07-05 00:59:52 bad
2021-07-05 00:59:53 CHB 1307088?1625417992 第 1 次 等待 1 秒
2021-07-05 00:59:54 CHB 1307088?1625417992 第 1 次 获取到号码【1307088】GSD
2021-07-05 00:59:55 获取到号码【1307088】的GSD为【山东-青岛】
2021-07-05 01:00:14 GSD insert 第 1 次 等待 1 秒
2021-07-05 01:00:15 {"status":"ok","msg":"添加成功！194202"}
2021-07-05 01:00:15 下次操作: 2021-07-05 01:00:23

2021-07-05 01:00:23 开始第 2 次操作

2021-07-05 01:00:23 开始操作号码 【1307087】
2021-07-05 01:00:41 GSD getOne 第 1 次 等待 1 秒
2021-07-05 01:00:42 查询号码 【1307087】，返回信息 {"status":"bad","msg":""}
2021-07-05 01:00:42 查询号码 【1307087】，GSD为【""】
2021-07-05 01:00:42 bad
2021-07-05 01:00:44 CHB 1307087?1625418042 第 1 次 等待 1 秒
2021-07-05 01:00:45 CHB 1307087?1625418042 第 1 次 获取到号码【1307087】GSD
2021-07-05 01:00:45 获取到号码【1307087】的GSD为【山东-青岛】
2021-07-05 01:01:04 GSD insert 第 1 次 等待 1 秒
2021-07-05 01:01:05 {"status":"ok","msg":"添加成功！194203"}
2021-07-05 01:01:05 下次操作: 2021-07-05 01:01:21

2021-07-05 01:01:21 开始第 3 次操作

2021-07-05 01:01:21 开始操作号码 【1307086】
2021-07-05 01:01:25 GSD getOne 第 1 次 等待 1 秒
2021-07-05 01:01:26 查询号码 【1307086】，返回信息 {"status":"bad","msg":""}
2021-07-05 01:01:26 查询号码 【1307086】，GSD为【""】
2021-07-05 01:01:26 bad
2021-07-05 01:01:28 CHB 1307086?1625418086 第 1 次 等待 1 秒
2021-07-05 01:01:29 CHB 1307086?1625418086 第 1 次 获取到号码【1307086】GSD
2021-07-05 01:01:29 获取到号码【1307086】的GSD为【山东-青岛】
2021-07-05 01:01:49 GSD insert 第 1 次 等待 1 秒
2021-07-05 01:01:50 {"status":"ok","msg":"添加成功！194207"}
2021-07-05 01:01:50 下次操作: 2021-07-05 01:01:59

2021-07-05 01:01:59 开始第 4 次操作

2021-07-05 01:01:59 开始操作号码 【1307085】
2021-07-05 01:02:10 GSD getOne 第 1 次 等待 1 秒
2021-07-05 01:02:11 查询号码 【1307085】，返回信息 {"status":"bad","msg":""}
2021-07-05 01:02:11 查询号码 【1307085】，GSD为【""】
2021-07-05 01:02:11 bad
2021-07-05 01:02:12 CHB 1307085?1625418131 第 1 次 等待 1 秒
2021-07-05 01:02:13 CHB 1307085?1625418131 第 1 次 获取到号码【1307085】GSD
2021-07-05 01:02:13 获取到号码【1307085】的GSD为【山东-青岛】
2021-07-05 01:02:35 GSD insert 第 1 次 等待 1 秒
2021-07-05 01:02:36 {"status":"ok","msg":"添加成功！194209"}
2021-07-05 01:02:36 下次操作: 2021-07-05 01:02:51

2021-07-05 01:02:51 开始第 5 次操作

2021-07-05 01:02:51 开始操作号码 【1307084】
2021-07-05 01:02:57 GSD getOne 第 1 次 等待 1 秒
2021-07-05 01:02:58 查询号码 【1307084】，返回信息 {"status":"bad","msg":""}
2021-07-05 01:02:58 查询号码 【1307084】，GSD为【""】
2021-07-05 01:02:58 bad
2021-07-05 01:03:04 CHB 1307084?1625418178 第 1 次 等待 1 秒
2021-07-05 01:03:05 CHB 1307084?1625418178 第 1 次 获取到号码【1307084】GSD
2021-07-05 01:03:05 获取到号码【1307084】的GSD为【山东-青岛】
2021-07-05 01:03:24 GSD insert 第 1 次 等待 1 秒
2021-07-05 01:03:25 {"status":"ok","msg":"添加成功！194214"}
2021-07-05 01:03:25 下次操作: 2021-07-05 01:03:41

2021-07-05 01:03:41 开始第 6 次操作

2021-07-05 01:03:41 开始操作号码 【1307083】
2021-07-05 01:03:45 GSD getOne 第 1 次 等待 1 秒
2021-07-05 01:03:46 查询号码 【1307083】，返回信息 {"status":"bad","msg":""}
2021-07-05 01:03:46 查询号码 【1307083】，GSD为【""】
2021-07-05 01:03:46 bad
2021-07-05 01:03:49 CHB 1307083?1625418226 第 1 次 等待 1 秒
2021-07-05 01:03:50 CHB 1307083?1625418226 第 1 次 获取到号码【1307083】GSD
2021-07-05 01:03:50 获取到号码【1307083】的GSD为【山东-青岛】
2021-07-05 01:04:11 GSD insert 第 1 次 等待 1 秒
2021-07-05 01:04:12 {"status":"ok","msg":"添加成功！194215"}
2021-07-05 01:04:12 下次操作: 2021-07-05 01:04:27

2021-07-05 01:04:27 开始第 7 次操作

2021-07-05 01:04:27 开始操作号码 【1307082】
2021-07-05 01:04:31 GSD getOne 第 1 次 等待 1 秒
2021-07-05 01:04:32 查询号码 【1307082】，返回信息 {"status":"bad","msg":""}
2021-07-05 01:04:32 查询号码 【1307082】，GSD为【""】
2021-07-05 01:04:32 bad
2021-07-05 01:04:34 CHB 1307082?1625418272 第 1 次 等待 1 秒
2021-07-05 01:04:35 CHB 1307082?1625418272 第 1 次 获取到号码【1307082】GSD
2021-07-05 01:04:35 获取到号码【1307082】的GSD为【山东-青岛】
2021-07-05 01:04:55 GSD insert 第 1 次 等待 1 秒
2021-07-05 01:04:56 {"status":"ok","msg":"添加成功！194217"}
2021-07-05 01:04:56 下次操作: 2021-07-05 01:05:10

2021-07-05 01:05:10 开始第 8 次操作

2021-07-05 01:05:10 开始操作号码 【1307081】
2021-07-05 01:05:16 GSD getOne 第 1 次 等待 1 秒
2021-07-05 01:05:17 查询号码 【1307081】，返回信息 {"status":"bad","msg":""}
2021-07-05 01:05:17 查询号码 【1307081】，GSD为【""】
2021-07-05 01:05:17 bad
2021-07-05 01:05:18 CHB 1307081?1625418317 第 1 次 等待 1 秒
2021-07-05 01:05:19 CHB 1307081?1625418317 第 1 次 获取到号码【1307081】GSD
2021-07-05 01:05:19 获取到号码【1307081】的GSD为【山东-青岛】
2021-07-05 01:05:38 GSD insert 第 1 次 等待 1 秒
2021-07-05 01:05:39 {"status":"ok","msg":"添加成功！194218"}
2021-07-05 01:05:39 下次操作: 2021-07-05 01:05:57

2021-07-05 01:05:57 开始第 9 次操作

2021-07-05 01:05:57 开始操作号码 【1307080】
2021-07-05 01:06:03 GSD getOne 第 1 次 等待 1 秒
2021-07-05 01:06:04 查询号码 【1307080】，返回信息 {"status":"bad","msg":""}
2021-07-05 01:06:04 查询号码 【1307080】，GSD为【""】
2021-07-05 01:06:04 bad
2021-07-05 01:06:06 CHB 1307080?1625418365 第 1 次 等待 1 秒
2021-07-05 01:06:07 CHB 1307080?1625418365 第 1 次 获取到号码【1307080】GSD
2021-07-05 01:06:07 获取到号码【1307080】的GSD为【山东-青岛】
2021-07-05 01:06:27 GSD insert 第 1 次 等待 1 秒
2021-07-05 01:06:28 {"status":"ok","msg":"添加成功！194221"}
2021-07-05 01:06:28 下次操作: 2021-07-05 01:06:43

2021-07-05 01:06:43 开始第 10 次操作

2021-07-05 01:06:43 开始操作号码 【1307079】
2021-07-05 01:06:47 GSD getOne 第 1 次 等待 1 秒
2021-07-05 01:06:48 查询号码 【1307079】，返回信息 {"status":"bad","msg":""}
2021-07-05 01:06:48 查询号码 【1307079】，GSD为【""】
2021-07-05 01:06:48 bad
2021-07-05 01:06:49 CHB 1307079?1625418408 第 1 次 等待 1 秒
2021-07-05 01:06:50 CHB 1307079?1625418408 第 1 次 获取到号码【1307079】GSD
2021-07-05 01:06:50 获取到号码【1307079】的GSD为【山东-潍坊】
2021-07-05 01:07:09 GSD insert 第 1 次 等待 1 秒
2021-07-05 01:07:10 {"status":"ok","msg":"添加成功！194224"}
2021-07-05 01:07:10 下次操作: 2021-07-05 01:07:18

2021-07-05 01:07:18 开始第 11 次操作

2021-07-05 01:07:18 开始操作号码 【1307078】
2021-07-05 01:07:33 GSD getOne 第 1 次 等待 1 秒
2021-07-05 01:07:34 查询号码 【1307078】，返回信息 {"status":"bad","msg":""}
2021-07-05 01:07:34 查询号码 【1307078】，GSD为【""】
2021-07-05 01:07:34 bad
2021-07-05 01:07:40 CHB 1307078?1625418454 第 1 次 等待 1 秒
2021-07-05 01:07:41 CHB 1307078?1625418454 第 1 次 获取到号码【1307078】GSD
2021-07-05 01:07:41 获取到号码【1307078】的GSD为【山东-潍坊】
2021-07-05 01:08:02 GSD insert 第 1 次 等待 1 秒
2021-07-05 01:08:03 {"status":"ok","msg":"添加成功！194225"}
2021-07-05 01:08:03 下次操作: 2021-07-05 01:08:21

2021-07-05 01:08:21 开始第 12 次操作

2021-07-05 01:08:21 开始操作号码 【1307077】
2021-07-05 01:08:25 GSD getOne 第 1 次 等待 1 秒
2021-07-05 01:08:26 查询号码 【1307077】，返回信息 {"status":"bad","msg":""}
2021-07-05 01:08:26 查询号码 【1307077】，GSD为【""】
2021-07-05 01:08:26 bad
2021-07-05 01:08:28 CHB 1307077?1625418506 第 1 次 等待 1 秒
2021-07-05 01:08:29 CHB 1307077?1625418506 第 1 次 获取到号码【1307077】GSD
2021-07-05 01:08:29 获取到号码【1307077】的GSD为【山东-潍坊】
2021-07-05 01:08:49 GSD insert 第 1 次 等待 1 秒
2021-07-05 01:08:50 {"status":"ok","msg":"添加成功！194228"}
2021-07-05 01:08:50 下次操作: 2021-07-05 01:09:05

2021-07-05 01:09:05 开始第 13 次操作

2021-07-05 01:09:05 开始操作号码 【1307076】
2021-07-05 01:09:09 GSD getOne 第 1 次 等待 1 秒
2021-07-05 01:09:10 查询号码 【1307076】，返回信息 {"status":"bad","msg":""}
2021-07-05 01:09:10 查询号码 【1307076】，GSD为【""】
2021-07-05 01:09:10 bad
2021-07-05 01:09:12 CHB 1307076?1625418550 第 1 次 等待 1 秒
2021-07-05 01:09:13 CHB 1307076?1625418550 第 1 次 获取到号码【1307076】GSD
2021-07-05 01:09:13 获取到号码【1307076】的GSD为【山东-潍坊】
2021-07-05 01:09:34 GSD insert 第 1 次 等待 1 秒
2021-07-05 01:09:35 {"status":"ok","msg":"添加成功！194230"}
2021-07-05 01:09:35 下次操作: 2021-07-05 01:09:50

2021-07-05 01:09:50 开始第 14 次操作

2021-07-05 01:09:50 开始操作号码 【1307075】
2021-07-05 01:09:53 GSD getOne 第 1 次 等待 1 秒
2021-07-05 01:09:54 查询号码 【1307075】，返回信息 {"status":"ok","msg":"山东-潍坊","time_insert":"2020-08-12 17:02"}
2021-07-05 01:09:55 查询号码 【1307075】，GSD为【"山东-潍坊"】

2021-07-05 01:09:55 开始第 14 次操作

2021-07-05 01:09:55 开始操作号码 【1307074】
2021-07-05 01:10:14 GSD getOne 第 1 次 等待 1 秒
2021-07-05 01:10:15 查询号码 【1307074】，返回信息 {"status":"bad","msg":""}
2021-07-05 01:10:15 查询号码 【1307074】，GSD为【""】
2021-07-05 01:10:15 bad
2021-07-05 01:10:18 CHB 1307074?1625418615 第 1 次 等待 1 秒
2021-07-05 01:10:19 CHB 1307074?1625418615 第 1 次 获取到号码【1307074】GSD
2021-07-05 01:10:19 获取到号码【1307074】的GSD为【山东-潍坊】
2021-07-05 01:10:38 GSD insert 第 1 次 等待 1 秒
2021-07-05 01:10:39 {"status":"ok","msg":"添加成功！194239"}
2021-07-05 01:10:39 下次操作: 2021-07-05 01:10:49

2021-07-05 01:10:49 开始第 15 次操作

2021-07-05 01:10:49 开始操作号码 【1307073】
2021-07-05 01:11:00 GSD getOne 第 1 次 等待 1 秒
2021-07-05 01:11:01 查询号码 【1307073】，返回信息 {"status":"bad","msg":""}
2021-07-05 01:11:01 查询号码 【1307073】，GSD为【""】
2021-07-05 01:11:01 bad
2021-07-05 01:11:06 CHB 1307073?1625418661 第 1 次 等待 1 秒
2021-07-05 01:11:07 CHB 1307073?1625418661 第 1 次 获取到号码【1307073】GSD
2021-07-05 01:11:07 获取到号码【1307073】的GSD为【山东-潍坊】
2021-07-05 01:11:26 GSD insert 第 1 次 等待 1 秒
2021-07-05 01:11:27 {"status":"ok","msg":"添加成功！194242"}
2021-07-05 01:11:27 下次操作: 2021-07-05 01:11:38

2021-07-05 01:11:38 开始第 16 次操作

2021-07-05 01:11:38 开始操作号码 【1307072】
2021-07-05 01:11:49 GSD getOne 第 1 次 等待 1 秒
2021-07-05 01:11:50 查询号码 【1307072】，返回信息 {"status":"bad","msg":""}
2021-07-05 01:11:50 查询号码 【1307072】，GSD为【""】
2021-07-05 01:11:50 bad
2021-07-05 01:11:53 CHB 1307072?1625418710 第 1 次 等待 1 秒
2021-07-05 01:11:54 CHB 1307072?1625418710 第 1 次 获取到号码【1307072】GSD
2021-07-05 01:11:54 获取到号码【1307072】的GSD为【山东-潍坊】
2021-07-05 01:12:13 GSD insert 第 1 次 等待 1 秒
2021-07-05 01:12:14 {"status":"ok","msg":"添加成功！194249"}
2021-07-05 01:12:14 下次操作: 2021-07-05 01:12:32

2021-07-05 01:12:32 开始第 17 次操作

2021-07-05 01:12:32 开始操作号码 【1307071】
2021-07-05 01:12:38 GSD getOne 第 1 次 等待 1 秒
2021-07-05 01:12:39 查询号码 【1307071】，返回信息 {"status":"bad","msg":""}
2021-07-05 01:12:39 查询号码 【1307071】，GSD为【""】
2021-07-05 01:12:39 bad
2021-07-05 01:12:41 CHB 1307071?1625418759 第 1 次 等待 1 秒
2021-07-05 01:12:42 CHB 1307071?1625418759 第 1 次 获取到号码【1307071】GSD
2021-07-05 01:12:42 获取到号码【1307071】的GSD为【山东-潍坊】
2021-07-05 01:13:01 GSD insert 第 1 次 等待 1 秒
2021-07-05 01:13:02 {"status":"ok","msg":"添加成功！194254"}
2021-07-05 01:13:02 下次操作: 2021-07-05 01:13:15

2021-07-05 01:13:15 开始第 18 次操作

2021-07-05 01:13:15 开始操作号码 【1307070】
2021-07-05 01:13:22 GSD getOne 第 1 次 等待 1 秒
2021-07-05 01:13:23 查询号码 【1307070】，返回信息 {"status":"bad","msg":""}
2021-07-05 01:13:23 查询号码 【1307070】，GSD为【""】
2021-07-05 01:13:23 bad
2021-07-05 01:13:25 CHB 1307070?1625418803 第 1 次 等待 1 秒
2021-07-05 01:13:26 CHB 1307070?1625418803 第 1 次 获取到号码【1307070】GSD
2021-07-05 01:13:26 获取到号码【1307070】的GSD为【山东-潍坊】
2021-07-05 01:13:47 GSD insert 第 1 次 等待 1 秒
2021-07-05 01:13:48 {"status":"ok","msg":"添加成功！194258"}
2021-07-05 01:13:48 下次操作: 2021-07-05 01:14:01

2021-07-05 01:14:01 开始第 19 次操作

2021-07-05 01:14:01 开始操作号码 【1307069】
2021-07-05 01:14:08 GSD getOne 第 1 次 等待 1 秒
2021-07-05 01:14:09 查询号码 【1307069】，返回信息 {"status":"bad","msg":""}
2021-07-05 01:14:09 查询号码 【1307069】，GSD为【""】
2021-07-05 01:14:09 bad
2021-07-05 01:14:14 CHB 1307069?1625418849 第 1 次 等待 1 秒
2021-07-05 01:14:15 CHB 1307069?1625418849 第 1 次 获取到号码【1307069】GSD
2021-07-05 01:14:15 获取到号码【1307069】的GSD为【山东-淄博】
2021-07-05 01:14:34 GSD insert 第 1 次 等待 1 秒
2021-07-05 01:14:35 {"status":"ok","msg":"添加成功！194265"}
2021-07-05 01:14:35 下次操作: 2021-07-05 01:14:41

2021-07-05 01:14:41 开始第 20 次操作

2021-07-05 01:14:41 开始操作号码 【1307068】
2021-07-05 01:15:02 GSD getOne 第 1 次 等待 1 秒
2021-07-05 01:15:03 查询号码 【1307068】，返回信息 {"status":"bad","msg":""}
2021-07-05 01:15:03 查询号码 【1307068】，GSD为【""】
2021-07-05 01:15:03 bad
2021-07-05 01:15:11 CHB 1307068?1625418903 第 1 次 等待 1 秒
2021-07-05 01:15:12 CHB 1307068?1625418903 第 1 次 获取到号码【1307068】GSD
2021-07-05 01:15:12 获取到号码【1307068】的GSD为【山东-淄博】
2021-07-05 01:15:23 GSD insert 第 1 次 等待 1 秒
2021-07-05 01:15:24 {"status":"ok","msg":"添加成功！194269"}
2021-07-05 01:15:24 下次操作: 2021-07-05 01:15:40

2021-07-05 01:15:40 开始第 21 次操作

2021-07-05 01:15:40 开始操作号码 【1307067】
2021-07-05 01:15:44 GSD getOne 第 1 次 等待 1 秒
2021-07-05 01:15:45 查询号码 【1307067】，返回信息 {"status":"bad","msg":""}
2021-07-05 01:15:45 查询号码 【1307067】，GSD为【""】
2021-07-05 01:15:45 bad
2021-07-05 01:15:47 CHB 1307067?1625418945 第 1 次 等待 1 秒
2021-07-05 01:15:48 CHB 1307067?1625418945 第 1 次 获取到号码【1307067】GSD
2021-07-05 01:15:48 获取到号码【1307067】的GSD为【山东-淄博】
2021-07-05 01:16:07 GSD insert 第 1 次 等待 1 秒
2021-07-05 01:16:08 {"status":"ok","msg":"添加成功！194276"}
2021-07-05 01:16:08 下次操作: 2021-07-05 01:16:20

2021-07-05 01:16:20 开始第 22 次操作

2021-07-05 01:16:20 开始操作号码 【1307066】
2021-07-05 01:16:29 GSD getOne 第 1 次 等待 1 秒
2021-07-05 01:16:30 查询号码 【1307066】，返回信息 {"status":"bad","msg":""}
2021-07-05 01:16:30 查询号码 【1307066】，GSD为【""】
2021-07-05 01:16:30 bad
2021-07-05 01:16:32 CHB 1307066?1625418990 第 1 次 等待 1 秒
2021-07-05 01:16:33 CHB 1307066?1625418990 第 1 次 获取到号码【1307066】GSD
2021-07-05 01:16:33 获取到号码【1307066】的GSD为【山东-淄博】
2021-07-05 01:16:52 GSD insert 第 1 次 等待 1 秒
2021-07-05 01:16:53 {"status":"ok","msg":"添加成功！194283"}
2021-07-05 01:16:53 下次操作: 2021-07-05 01:17:04

2021-07-05 01:17:04 开始第 23 次操作

2021-07-05 01:17:04 开始操作号码 【1307065】
2021-07-05 01:17:15 GSD getOne 第 1 次 等待 1 秒
2021-07-05 01:17:16 查询号码 【1307065】，返回信息 {"status":"bad","msg":""}
2021-07-05 01:17:16 查询号码 【1307065】，GSD为【""】
2021-07-05 01:17:16 bad
2021-07-05 01:17:18 CHB 1307065?1625419036 第 1 次 等待 1 秒
2021-07-05 01:17:19 CHB 1307065?1625419036 第 1 次 获取到号码【1307065】GSD
2021-07-05 01:17:19 获取到号码【1307065】的GSD为【山东-淄博】
2021-07-05 01:17:42 GSD insert 第 1 次 等待 1 秒
2021-07-05 01:17:43 {"status":"ok","msg":"添加成功！194291"}
2021-07-05 01:17:43 下次操作: 2021-07-05 01:17:52

2021-07-05 01:17:52 开始第 24 次操作

2021-07-05 01:17:52 开始操作号码 【1307064】
2021-07-05 01:18:03 GSD getOne 第 1 次 等待 1 秒
2021-07-05 01:18:04 查询号码 【1307064】，返回信息 {"status":"bad","msg":""}
2021-07-05 01:18:04 查询号码 【1307064】，GSD为【""】
2021-07-05 01:18:04 bad
2021-07-05 01:18:06 CHB 1307064?1625419084 第 1 次 等待 1 秒
2021-07-05 01:18:07 CHB 1307064?1625419084 第 1 次 获取到号码【1307064】GSD
2021-07-05 01:18:07 获取到号码【1307064】的GSD为【山东-淄博】
2021-07-05 01:18:29 GSD insert 第 1 次 等待 1 秒
2021-07-05 01:18:30 {"status":"ok","msg":"添加成功！194295"}
2021-07-05 01:18:30 下次操作: 2021-07-05 01:18:38

2021-07-05 01:18:38 开始第 25 次操作

2021-07-05 01:18:38 开始操作号码 【1307063】
2021-07-05 01:18:49 GSD getOne 第 1 次 等待 1 秒
2021-07-05 01:18:50 查询号码 【1307063】，返回信息 {"status":"bad","msg":""}
2021-07-05 01:18:50 查询号码 【1307063】，GSD为【""】
2021-07-05 01:18:50 bad
2021-07-05 01:18:52 CHB 1307063?1625419130 第 1 次 等待 1 秒
2021-07-05 01:18:53 CHB 1307063?1625419130 第 1 次 获取到号码【1307063】GSD
2021-07-05 01:18:53 获取到号码【1307063】的GSD为【山东-淄博】
2021-07-05 01:19:13 GSD insert 第 1 次 等待 1 秒
2021-07-05 01:19:14 {"status":"ok","msg":"添加成功！194301"}
2021-07-05 01:19:14 下次操作: 2021-07-05 01:19:20

2021-07-05 01:19:20 开始第 26 次操作

2021-07-05 01:19:20 开始操作号码 【1307062】
2021-07-05 01:19:40 GSD getOne 第 1 次 等待 1 秒
2021-07-05 01:19:41 查询号码 【1307062】，返回信息 {"status":"bad","msg":""}
2021-07-05 01:19:41 查询号码 【1307062】，GSD为【""】
2021-07-05 01:19:41 bad
2021-07-05 01:19:43 CHB 1307062?1625419181 第 1 次 等待 1 秒
2021-07-05 01:19:44 CHB 1307062?1625419181 第 1 次 获取到号码【1307062】GSD
2021-07-05 01:19:44 获取到号码【1307062】的GSD为【山东-淄博】
2021-07-05 01:20:07 GSD insert 第 1 次 等待 1 秒
2021-07-05 01:20:08 {"status":"ok","msg":"添加成功！194306"}
2021-07-05 01:20:08 下次操作: 2021-07-05 01:20:17

2021-07-05 01:20:17 开始第 27 次操作

2021-07-05 01:20:17 开始操作号码 【1307061】
2021-07-05 01:20:32 GSD getOne 第 1 次 等待 1 秒
2021-07-05 01:20:33 查询号码 【1307061】，返回信息 {"status":"bad","msg":""}
2021-07-05 01:20:33 查询号码 【1307061】，GSD为【""】
2021-07-05 01:20:33 bad
2021-07-05 01:20:35 CHB 1307061?1625419233 第 1 次 等待 1 秒
2021-07-05 01:20:36 CHB 1307061?1625419233 第 1 次 获取到号码【1307061】GSD
2021-07-05 01:20:37 获取到号码【1307061】的GSD为【山东-淄博】
2021-07-05 01:20:56 GSD insert 第 1 次 等待 1 秒
2021-07-05 01:20:57 {"status":"ok","msg":"添加成功！194311"}
2021-07-05 01:20:57 下次操作: 2021-07-05 01:21:08

2021-07-05 01:21:08 开始第 28 次操作

2021-07-05 01:21:08 开始操作号码 【1307060】
2021-07-05 01:21:22 GSD getOne 第 1 次 等待 1 秒
2021-07-05 01:21:23 查询号码 【1307060】，返回信息 {"status":"bad","msg":""}
2021-07-05 01:21:23 查询号码 【1307060】，GSD为【""】
2021-07-05 01:21:23 bad
2021-07-05 01:21:26 CHB 1307060?1625419283 第 1 次 等待 1 秒
2021-07-05 01:21:27 CHB 1307060?1625419283 第 1 次 获取到号码【1307060】GSD
2021-07-05 01:21:27 获取到号码【1307060】的GSD为【山东-淄博】
2021-07-05 01:21:50 GSD insert 第 1 次 等待 1 秒
2021-07-05 01:21:51 {"status":"ok","msg":"添加成功！194319"}
2021-07-05 01:21:51 下次操作: 2021-07-05 01:22:06

2021-07-05 01:22:06 开始第 29 次操作

2021-07-05 01:22:06 开始操作号码 【1307059】
2021-07-05 01:22:10 GSD getOne 第 1 次 等待 1 秒
2021-07-05 01:22:11 查询号码 【1307059】，返回信息 {"status":"bad","msg":""}
2021-07-05 01:22:12 查询号码 【1307059】，GSD为【""】
2021-07-05 01:22:12 bad
2021-07-05 01:22:14 CHB 1307059?1625419332 第 1 次 等待 1 秒
2021-07-05 01:22:15 CHB 1307059?1625419332 第 1 次 获取到号码【1307059】GSD
2021-07-05 01:22:15 获取到号码【1307059】的GSD为【河北-保定】
2021-07-05 01:22:34 GSD insert 第 1 次 等待 1 秒
2021-07-05 01:22:35 {"status":"ok","msg":"添加成功！194323"}
2021-07-05 01:22:35 下次操作: 2021-07-05 01:22:45

2021-07-05 01:22:45 开始第 30 次操作

2021-07-05 01:22:45 开始操作号码 【1307058】
2021-07-05 01:23:00 GSD getOne 第 1 次 等待 1 秒
2021-07-05 01:23:01 查询号码 【1307058】，返回信息 {"status":"bad","msg":""}
2021-07-05 01:23:01 查询号码 【1307058】，GSD为【""】
2021-07-05 01:23:01 bad
2021-07-05 01:23:02 CHB 1307058?1625419381 第 1 次 等待 1 秒
2021-07-05 01:23:03 CHB 1307058?1625419381 第 1 次 获取到号码【1307058】GSD
2021-07-05 01:23:03 获取到号码【1307058】的GSD为【河北-保定】
2021-07-05 01:23:22 GSD insert 第 1 次 等待 1 秒
2021-07-05 01:23:23 {"status":"ok","msg":"添加成功！194328"}

2021-07-05 01:41:25 开始第 1 次操作

2021-07-05 01:41:25 开始操作号码 【1307057】
2021-07-05 01:41:29 GSD getOne 第 1 次 等待 1 秒
2021-07-05 01:41:30 查询号码 【1307057】，返回信息 {"status":"bad","msg":""}
2021-07-05 01:41:30 查询号码 【1307057】，GSD为【""】
2021-07-05 01:41:30 bad
2021-07-05 01:41:32 CHB 1307057?1625420490 第 1 次 等待 1 秒
2021-07-05 01:41:33 CHB 1307057?1625420490 第 1 次 获取到号码【1307057】GSD
2021-07-05 01:41:33 获取到号码【1307057】的GSD为【河北-保定】
2021-07-05 01:41:37 GSD insert 第 1 次 等待 1 秒
2021-07-05 01:41:38 {"status":"ok","msg":"添加成功！194425"}
2021-07-05 01:41:38 下次操作: 2021-07-05 01:41:54

2021-07-05 01:41:54 开始第 2 次操作

2021-07-05 01:41:54 开始操作号码 【1307056】
2021-07-05 01:41:58 GSD getOne 第 1 次 等待 1 秒
2021-07-05 01:41:59 查询号码 【1307056】，返回信息 {"status":"bad","msg":""}
2021-07-05 01:41:59 查询号码 【1307056】，GSD为【""】
2021-07-05 01:41:59 bad
2021-07-05 01:42:00 CHB 1307056?1625420519 第 1 次 等待 1 秒
2021-07-05 01:42:01 CHB 1307056?1625420519 第 1 次 获取到号码【1307056】GSD
2021-07-05 01:42:01 获取到号码【1307056】的GSD为【河北-保定】
2021-07-05 01:42:08 GSD insert 第 1 次 等待 1 秒
2021-07-05 01:42:09 {"status":"ok","msg":"添加成功！194432"}
2021-07-05 01:42:09 下次操作: 2021-07-05 01:42:26

2021-07-05 01:42:26 开始第 3 次操作

2021-07-05 01:42:26 开始操作号码 【1307055】
2021-07-05 01:42:29 GSD getOne 第 1 次 等待 1 秒
2021-07-05 01:42:30 查询号码 【1307055】，返回信息 {"status":"bad","msg":""}
2021-07-05 01:42:30 查询号码 【1307055】，GSD为【""】
2021-07-05 01:42:30 bad
2021-07-05 01:42:35 CHB 1307055?1625420550 第 1 次 等待 1 秒
2021-07-05 01:42:36 CHB 1307055?1625420550 第 1 次 获取到号码【1307055】GSD
2021-07-05 01:42:36 获取到号码【1307055】的GSD为【河北-保定】
2021-07-05 01:42:40 GSD insert 第 1 次 等待 1 秒
2021-07-05 01:42:41 {"status":"ok","msg":"添加成功！194438"}
2021-07-05 01:42:41 下次操作: 2021-07-05 01:42:48

2021-07-05 01:42:48 开始第 4 次操作

2021-07-05 01:42:48 开始操作号码 【1307054】
2021-07-05 01:42:52 GSD getOne 第 1 次 等待 1 秒
2021-07-05 01:42:53 查询号码 【1307054】，返回信息 {"status":"bad","msg":""}
2021-07-05 01:42:53 查询号码 【1307054】，GSD为【""】
2021-07-05 01:42:53 bad
2021-07-05 01:42:54 CHB 1307054?1625420573 第 1 次 等待 1 秒
2021-07-05 01:42:55 CHB 1307054?1625420573 第 1 次 获取到号码【1307054】GSD
2021-07-05 01:42:55 获取到号码【1307054】的GSD为【河北-保定】
2021-07-05 01:42:59 GSD insert 第 1 次 等待 1 秒
2021-07-05 01:43:00 {"status":"ok","msg":"添加成功！194443"}
2021-07-05 01:43:00 下次操作: 2021-07-05 01:43:11

2021-07-05 01:43:11 开始第 5 次操作

2021-07-05 01:43:11 开始操作号码 【1307053】
2021-07-05 01:43:15 GSD getOne 第 1 次 等待 1 秒
2021-07-05 01:43:16 查询号码 【1307053】，返回信息 {"status":"bad","msg":""}
2021-07-05 01:43:16 查询号码 【1307053】，GSD为【""】
2021-07-05 01:43:16 bad
2021-07-05 01:43:17 CHB 1307053?1625420596 第 1 次 等待 1 秒
2021-07-05 01:43:18 CHB 1307053?1625420596 第 1 次 获取到号码【1307053】GSD
2021-07-05 01:43:18 获取到号码【1307053】的GSD为【河北-保定】
2021-07-05 01:43:22 GSD insert 第 1 次 等待 1 秒
2021-07-05 01:43:23 {"status":"ok","msg":"添加成功！194447"}
2021-07-05 01:43:23 下次操作: 2021-07-05 01:43:41

2021-07-05 01:43:41 开始第 6 次操作

2021-07-05 01:43:41 开始操作号码 【1307052】
2021-07-05 01:43:48 GSD getOne 第 1 次 等待 1 秒
2021-07-05 01:43:49 查询号码 【1307052】，返回信息 {"status":"bad","msg":""}
2021-07-05 01:43:49 查询号码 【1307052】，GSD为【""】
2021-07-05 01:43:49 bad
2021-07-05 01:43:50 CHB 1307052?1625420629 第 1 次 等待 1 秒
2021-07-05 01:43:51 CHB 1307052?1625420629 第 1 次 获取到号码【1307052】GSD
2021-07-05 01:43:51 获取到号码【1307052】的GSD为【河北-保定】
2021-07-05 01:43:55 GSD insert 第 1 次 等待 1 秒
2021-07-05 01:43:56 {"status":"ok","msg":"添加成功！194452"}
2021-07-05 01:43:56 下次操作: 2021-07-05 01:44:05

2021-07-05 01:44:05 开始第 7 次操作

2021-07-05 01:44:05 开始操作号码 【1307051】
2021-07-05 01:44:09 GSD getOne 第 1 次 等待 1 秒
2021-07-05 01:44:10 查询号码 【1307051】，返回信息 {"status":"bad","msg":""}
2021-07-05 01:44:10 查询号码 【1307051】，GSD为【""】
2021-07-05 01:44:10 bad
2021-07-05 01:44:11 CHB 1307051?1625420650 第 1 次 等待 1 秒
2021-07-05 01:44:12 CHB 1307051?1625420650 第 1 次 获取到号码【1307051】GSD
2021-07-05 01:44:12 获取到号码【1307051】的GSD为【河北-保定】
2021-07-05 01:44:18 GSD insert 第 1 次 等待 1 秒
2021-07-05 01:44:19 {"status":"ok","msg":"添加成功！194457"}
2021-07-05 01:44:19 下次操作: 2021-07-05 01:44:36

2021-07-05 01:44:36 开始第 8 次操作

2021-07-05 01:44:36 开始操作号码 【1307050】
2021-07-05 01:44:39 GSD getOne 第 1 次 等待 1 秒
2021-07-05 01:44:40 查询号码 【1307050】，返回信息 {"status":"bad","msg":""}
2021-07-05 01:44:41 查询号码 【1307050】，GSD为【""】
2021-07-05 01:44:41 bad
2021-07-05 01:44:46 CHB 1307050?1625420681 第 1 次 等待 1 秒
2021-07-05 01:44:47 CHB 1307050?1625420681 第 1 次 获取到号码【1307050】GSD
2021-07-05 01:44:47 获取到号码【1307050】的GSD为【河北-保定】
2021-07-05 01:44:53 GSD insert 第 1 次 等待 1 秒
2021-07-05 01:44:54 {"status":"ok","msg":"添加成功！194464"}
2021-07-05 01:44:54 下次操作: 2021-07-05 01:45:02

2021-07-05 01:45:02 开始第 9 次操作

2021-07-05 01:45:02 开始操作号码 【1307049】
2021-07-05 01:45:07 GSD getOne 第 1 次 等待 1 秒
2021-07-05 01:45:08 查询号码 【1307049】，返回信息 {"status":"bad","msg":""}
2021-07-05 01:45:08 查询号码 【1307049】，GSD为【""】
2021-07-05 01:45:08 bad
2021-07-05 01:45:10 CHB 1307049?1625420708 第 1 次 等待 1 秒
2021-07-05 01:45:11 CHB 1307049?1625420708 第 1 次 获取到号码【1307049】GSD
2021-07-05 01:45:11 获取到号码【1307049】的GSD为【新疆-奎屯】
2021-07-05 01:45:17 GSD insert 第 1 次 等待 1 秒
2021-07-05 01:45:18 {"status":"ok","msg":"添加成功！194468"}
2021-07-05 01:45:18 下次操作: 2021-07-05 01:45:34

2021-07-05 01:45:34 开始第 10 次操作

2021-07-05 01:45:34 开始操作号码 【1307048】
2021-07-05 01:45:42 GSD getOne 第 1 次 等待 1 秒
2021-07-05 01:45:43 查询号码 【1307048】，返回信息 {"status":"bad","msg":""}
2021-07-05 01:45:43 查询号码 【1307048】，GSD为【""】
2021-07-05 01:45:43 bad
2021-07-05 01:45:45 CHB 1307048?1625420743 第 1 次 等待 1 秒
2021-07-05 01:45:46 CHB 1307048?1625420743 第 1 次 获取到号码【1307048】GSD
2021-07-05 01:45:46 获取到号码【1307048】的GSD为【新疆-哈密】
2021-07-05 01:45:51 GSD insert 第 1 次 等待 1 秒
2021-07-05 01:45:52 {"status":"ok","msg":"添加成功！194473"}
2021-07-05 01:45:52 下次操作: 2021-07-05 01:46:05

2021-07-05 01:46:05 开始第 11 次操作

2021-07-05 01:46:05 开始操作号码 【1307047】
2021-07-05 01:46:09 GSD getOne 第 1 次 等待 1 秒
2021-07-05 01:46:10 查询号码 【1307047】，返回信息 {"status":"bad","msg":""}
2021-07-05 01:46:10 查询号码 【1307047】，GSD为【""】
2021-07-05 01:46:10 bad
2021-07-05 01:46:12 CHB 1307047?1625420770 第 1 次 等待 1 秒
2021-07-05 01:46:13 CHB 1307047?1625420770 第 1 次 获取到号码【1307047】GSD
2021-07-05 01:46:13 获取到号码【1307047】的GSD为【新疆-伊犁】
2021-07-05 01:46:18 GSD insert 第 1 次 等待 1 秒
2021-07-05 01:46:19 {"status":"ok","msg":"添加成功！194481"}
2021-07-05 01:46:19 下次操作: 2021-07-05 01:46:35

2021-07-05 01:46:35 开始第 12 次操作

2021-07-05 01:46:35 开始操作号码 【1307046】
2021-07-05 01:46:38 GSD getOne 第 1 次 等待 1 秒
2021-07-05 01:46:39 查询号码 【1307046】，返回信息 {"status":"bad","msg":""}
2021-07-05 01:46:39 查询号码 【1307046】，GSD为【""】
2021-07-05 01:46:39 bad
2021-07-05 01:46:41 CHB 1307046?1625420799 第 1 次 等待 1 秒
2021-07-05 01:46:42 CHB 1307046?1625420799 第 1 次 获取到号码【1307046】GSD
2021-07-05 01:46:42 获取到号码【1307046】的GSD为【新疆-克拉玛依】
2021-07-05 01:46:46 GSD insert 第 1 次 等待 1 秒
2021-07-05 01:46:47 {"status":"ok","msg":"添加成功！194485"}
2021-07-05 01:46:47 下次操作: 2021-07-05 01:47:05

2021-07-05 01:47:05 开始第 13 次操作

2021-07-05 01:47:05 开始操作号码 【1307045】
2021-07-05 01:47:09 GSD getOne 第 1 次 等待 1 秒
2021-07-05 01:47:10 查询号码 【1307045】，返回信息 {"status":"bad","msg":""}
2021-07-05 01:47:10 查询号码 【1307045】，GSD为【""】
2021-07-05 01:47:10 bad
2021-07-05 01:47:11 CHB 1307045?1625420830 第 1 次 等待 1 秒
2021-07-05 01:47:12 CHB 1307045?1625420830 第 1 次 获取到号码【1307045】GSD
2021-07-05 01:47:12 获取到号码【1307045】的GSD为【新疆-乌鲁木齐】
2021-07-05 01:47:16 GSD insert 第 1 次 等待 1 秒
2021-07-05 01:47:17 {"status":"ok","msg":"添加成功！194490"}
2021-07-05 01:47:17 下次操作: 2021-07-05 01:47:26

2021-07-05 01:47:26 开始第 14 次操作

2021-07-05 01:47:26 开始操作号码 【1307044】
2021-07-05 01:47:30 GSD getOne 第 1 次 等待 1 秒
2021-07-05 01:47:31 查询号码 【1307044】，返回信息 {"status":"bad","msg":""}
2021-07-05 01:47:31 查询号码 【1307044】，GSD为【""】
2021-07-05 01:47:31 bad
2021-07-05 01:47:32 CHB 1307044?1625420851 第 1 次 等待 1 秒
2021-07-05 01:47:33 CHB 1307044?1625420851 第 1 次 获取到号码【1307044】GSD
2021-07-05 01:47:33 获取到号码【1307044】的GSD为【新疆-乌鲁木齐】
2021-07-05 01:47:38 GSD insert 第 1 次 等待 1 秒
2021-07-05 01:47:39 {"status":"ok","msg":"添加成功！194492"}
2021-07-05 01:47:40 下次操作: 2021-07-05 01:47:57

2021-07-05 01:47:57 开始第 15 次操作

2021-07-05 01:47:57 开始操作号码 【1307043】
2021-07-05 01:48:00 GSD getOne 第 1 次 等待 1 秒
2021-07-05 01:48:01 查询号码 【1307043】，返回信息 {"status":"bad","msg":""}
2021-07-05 01:48:01 查询号码 【1307043】，GSD为【""】
2021-07-05 01:48:01 bad
2021-07-05 01:48:03 CHB 1307043?1625420881 第 1 次 等待 1 秒
2021-07-05 01:48:04 CHB 1307043?1625420881 第 1 次 获取到号码【1307043】GSD
2021-07-05 01:48:04 获取到号码【1307043】的GSD为【新疆-乌鲁木齐】
2021-07-05 01:48:08 GSD insert 第 1 次 等待 1 秒
2021-07-05 01:48:09 {"status":"ok","msg":"添加成功！194496"}
2021-07-05 01:48:09 下次操作: 2021-07-05 01:48:18

2021-07-05 01:48:18 开始第 16 次操作

2021-07-05 01:48:18 开始操作号码 【1307042】
2021-07-05 01:48:22 GSD getOne 第 1 次 等待 1 秒
2021-07-05 01:48:23 查询号码 【1307042】，返回信息 {"status":"bad","msg":""}
2021-07-05 01:48:23 查询号码 【1307042】，GSD为【""】
2021-07-05 01:48:23 bad
2021-07-05 01:48:24 CHB 1307042?1625420903 第 1 次 等待 1 秒
2021-07-05 01:48:25 CHB 1307042?1625420903 第 1 次 获取到号码【1307042】GSD
2021-07-05 01:48:25 获取到号码【1307042】的GSD为【新疆-乌鲁木齐】
2021-07-05 01:48:29 GSD insert 第 1 次 等待 1 秒
2021-07-05 01:48:30 {"status":"ok","msg":"添加成功！194499"}
2021-07-05 01:48:30 下次操作: 2021-07-05 01:48:48

2021-07-05 01:48:48 开始第 17 次操作

2021-07-05 01:48:48 开始操作号码 【1307041】
2021-07-05 01:48:53 GSD getOne 第 1 次 等待 1 秒
2021-07-05 01:48:54 查询号码 【1307041】，返回信息 {"status":"bad","msg":""}
2021-07-05 01:48:54 查询号码 【1307041】，GSD为【""】
2021-07-05 01:48:54 bad
2021-07-05 01:48:58 CHB 1307041?1625420934 第 1 次 等待 1 秒
2021-07-05 01:48:59 CHB 1307041?1625420934 第 1 次 获取到号码【1307041】GSD
2021-07-05 01:49:00 获取到号码【1307041】的GSD为【新疆-乌鲁木齐】
2021-07-05 01:49:03 GSD insert 第 1 次 等待 1 秒
2021-07-05 01:49:04 {"status":"ok","msg":"添加成功！194504"}
2021-07-05 01:49:04 下次操作: 2021-07-05 01:49:12

2021-07-05 01:49:12 开始第 18 次操作

2021-07-05 01:49:12 开始操作号码 【1307040】
2021-07-05 01:49:16 GSD getOne 第 1 次 等待 1 秒
2021-07-05 01:49:17 查询号码 【1307040】，返回信息 {"status":"bad","msg":""}
2021-07-05 01:49:17 查询号码 【1307040】，GSD为【""】
2021-07-05 01:49:17 bad
2021-07-05 01:49:19 CHB 1307040?1625420957 第 1 次 等待 1 秒
2021-07-05 01:49:20 CHB 1307040?1625420957 第 1 次 获取到号码【1307040】GSD
2021-07-05 01:49:20 获取到号码【1307040】的GSD为【新疆-乌鲁木齐】
2021-07-05 01:49:24 GSD insert 第 1 次 等待 1 秒
2021-07-05 01:49:25 {"status":"ok","msg":"添加成功！194507"}
2021-07-05 01:49:25 下次操作: 2021-07-05 01:49:39

2021-07-05 01:49:39 开始第 19 次操作

2021-07-05 01:49:39 开始操作号码 【1307039】
2021-07-05 01:49:44 GSD getOne 第 1 次 等待 1 秒
2021-07-05 01:49:45 查询号码 【1307039】，返回信息 {"status":"bad","msg":""}
2021-07-05 01:49:45 查询号码 【1307039】，GSD为【""】
2021-07-05 01:49:45 bad
2021-07-05 01:49:46 CHB 1307039?1625420985 第 1 次 等待 1 秒
2021-07-05 01:49:47 CHB 1307039?1625420985 第 1 次 获取到号码【1307039】GSD
2021-07-05 01:49:47 获取到号码【1307039】的GSD为【新疆-克拉玛依】
2021-07-05 01:49:53 GSD insert 第 1 次 等待 1 秒
2021-07-05 01:49:54 {"status":"ok","msg":"添加成功！194511"}
2021-07-05 01:49:54 下次操作: 2021-07-05 01:50:01

2021-07-05 01:50:01 开始第 20 次操作

2021-07-05 01:50:01 开始操作号码 【1307038】
2021-07-05 01:50:04 GSD getOne 第 1 次 等待 1 秒
2021-07-05 01:50:05 查询号码 【1307038】，返回信息 {"status":"bad","msg":""}
2021-07-05 01:50:06 查询号码 【1307038】，GSD为【""】
2021-07-05 01:50:06 bad
2021-07-05 01:50:07 CHB 1307038?1625421006 第 1 次 等待 1 秒
2021-07-05 01:50:08 CHB 1307038?1625421006 第 1 次 获取到号码【1307038】GSD
2021-07-05 01:50:08 获取到号码【1307038】的GSD为【新疆-昌吉】
2021-07-05 01:50:12 GSD insert 第 1 次 等待 1 秒
2021-07-05 01:50:13 {"status":"ok","msg":"添加成功！194514"}
2021-07-05 01:50:13 下次操作: 2021-07-05 01:50:27

2021-07-05 01:50:27 开始第 21 次操作

2021-07-05 01:50:27 开始操作号码 【1307037】
2021-07-05 01:50:30 GSD getOne 第 1 次 等待 1 秒
2021-07-05 01:50:31 查询号码 【1307037】，返回信息 {"status":"bad","msg":""}
2021-07-05 01:50:32 查询号码 【1307037】，GSD为【""】
2021-07-05 01:50:32 bad
2021-07-05 01:50:34 CHB 1307037?1625421032 第 1 次 等待 1 秒
2021-07-05 01:50:35 CHB 1307037?1625421032 第 1 次 获取到号码【1307037】GSD
2021-07-05 01:50:35 获取到号码【1307037】的GSD为【新疆-克拉玛依】
2021-07-05 01:50:39 GSD insert 第 1 次 等待 1 秒
2021-07-05 01:50:40 {"status":"ok","msg":"添加成功！194516"}
2021-07-05 01:50:40 下次操作: 2021-07-05 01:50:58

2021-07-05 01:50:58 开始第 22 次操作

2021-07-05 01:50:58 开始操作号码 【1307036】
2021-07-05 01:51:02 GSD getOne 第 1 次 等待 1 秒
2021-07-05 01:51:03 查询号码 【1307036】，返回信息 {"status":"bad","msg":""}
2021-07-05 01:51:03 查询号码 【1307036】，GSD为【""】
2021-07-05 01:51:03 bad
2021-07-05 01:51:05 CHB 1307036?1625421063 第 1 次 等待 1 秒
2021-07-05 01:51:06 CHB 1307036?1625421063 第 1 次 获取到号码【1307036】GSD
2021-07-05 01:51:06 获取到号码【1307036】的GSD为【新疆-伊犁】
2021-07-05 01:51:10 GSD insert 第 1 次 等待 1 秒
2021-07-05 01:51:11 {"status":"ok","msg":"添加成功！194521"}
2021-07-05 01:51:11 下次操作: 2021-07-05 01:51:26

2021-07-05 01:51:26 开始第 23 次操作

2021-07-05 01:51:26 开始操作号码 【1307035】
2021-07-05 01:51:29 GSD getOne 第 1 次 等待 1 秒
2021-07-05 01:51:30 查询号码 【1307035】，返回信息 {"status":"ok","msg":"新疆-伊犁","time_insert":"2014-11-15 08:50","time_update":"2020-12-25 04:42"}
2021-07-05 01:51:30 查询号码 【1307035】，GSD为【"新疆-伊犁"】

2021-07-05 01:51:30 开始第 23 次操作

2021-07-05 01:51:30 开始操作号码 【1307034】
2021-07-05 01:51:34 GSD getOne 第 1 次 等待 1 秒
2021-07-05 01:51:35 查询号码 【1307034】，返回信息 {"status":"bad","msg":""}
2021-07-05 01:51:35 查询号码 【1307034】，GSD为【""】
2021-07-05 01:51:35 bad
2021-07-05 01:51:37 CHB 1307034?1625421095 第 1 次 等待 1 秒
2021-07-05 01:51:38 CHB 1307034?1625421095 第 1 次 获取到号码【1307034】GSD
2021-07-05 01:51:38 获取到号码【1307034】的GSD为【新疆-吐鲁番】
2021-07-05 01:51:42 GSD insert 第 1 次 等待 1 秒
2021-07-05 01:51:43 {"status":"ok","msg":"添加成功！194526"}
2021-07-05 01:51:43 下次操作: 2021-07-05 01:51:53

2021-07-05 01:51:53 开始第 24 次操作

2021-07-05 01:51:53 开始操作号码 【1307033】
2021-07-05 01:51:56 GSD getOne 第 1 次 等待 1 秒
2021-07-05 01:51:57 查询号码 【1307033】，返回信息 {"status":"bad","msg":""}
2021-07-05 01:51:57 查询号码 【1307033】，GSD为【""】
2021-07-05 01:51:57 bad
2021-07-05 01:51:59 CHB 1307033?1625421117 第 1 次 等待 1 秒
2021-07-05 01:52:00 CHB 1307033?1625421117 第 1 次 获取到号码【1307033】GSD
2021-07-05 01:52:00 获取到号码【1307033】的GSD为【新疆-阿勒泰】
2021-07-05 01:52:04 GSD insert 第 1 次 等待 1 秒
2021-07-05 01:52:05 {"status":"ok","msg":"添加成功！194529"}
2021-07-05 01:52:05 下次操作: 2021-07-05 01:52:20

2021-07-05 01:52:20 开始第 25 次操作

2021-07-05 01:52:20 开始操作号码 【1307032】
2021-07-05 01:52:23 GSD getOne 第 1 次 等待 1 秒
2021-07-05 01:52:24 查询号码 【1307032】，返回信息 {"status":"bad","msg":""}
2021-07-05 01:52:24 查询号码 【1307032】，GSD为【""】
2021-07-05 01:52:24 bad
2021-07-05 01:52:29 CHB 1307032?1625421144 第 1 次 等待 1 秒
2021-07-05 01:52:30 CHB 1307032?1625421144 第 1 次 获取到号码【1307032】GSD
2021-07-05 01:52:30 获取到号码【1307032】的GSD为【新疆-阿勒泰】
2021-07-05 01:52:34 GSD insert 第 1 次 等待 1 秒
2021-07-05 01:52:35 {"status":"ok","msg":"添加成功！194533"}
2021-07-05 01:52:35 下次操作: 2021-07-05 01:52:47

2021-07-05 01:52:47 开始第 26 次操作

2021-07-05 01:52:47 开始操作号码 【1307031】
2021-07-05 01:52:53 GSD getOne 第 1 次 等待 1 秒
2021-07-05 01:52:54 查询号码 【1307031】，返回信息 {"status":"bad","msg":""}
2021-07-05 01:52:54 查询号码 【1307031】，GSD为【""】
2021-07-05 01:52:54 bad
2021-07-05 01:52:55 CHB 1307031?1625421174 第 1 次 等待 1 秒
2021-07-05 01:52:56 CHB 1307031?1625421174 第 1 次 获取到号码【1307031】GSD
2021-07-05 01:52:56 获取到号码【1307031】的GSD为【新疆-塔城】
2021-07-05 01:53:00 GSD insert 第 1 次 等待 1 秒
2021-07-05 01:53:01 {"status":"ok","msg":"添加成功！194537"}
2021-07-05 01:53:01 下次操作: 2021-07-05 01:53:12

2021-07-05 01:53:12 开始第 27 次操作

2021-07-05 01:53:12 开始操作号码 【1307030】
2021-07-05 01:53:15 GSD getOne 第 1 次 等待 1 秒
2021-07-05 01:53:16 查询号码 【1307030】，返回信息 {"status":"bad","msg":""}
2021-07-05 01:53:16 查询号码 【1307030】，GSD为【""】
2021-07-05 01:53:16 bad
2021-07-05 01:53:18 CHB 1307030?1625421196 第 1 次 等待 1 秒
2021-07-05 01:53:19 CHB 1307030?1625421196 第 1 次 获取到号码【1307030】GSD
2021-07-05 01:53:19 获取到号码【1307030】的GSD为【新疆-塔城】
2021-07-05 01:53:22 GSD insert 第 1 次 等待 1 秒
2021-07-05 01:53:23 {"status":"ok","msg":"添加成功！194542"}
2021-07-05 01:53:24 下次操作: 2021-07-05 01:53:39

2021-07-05 01:53:39 开始第 28 次操作

2021-07-05 01:53:39 开始操作号码 【1307029】
2021-07-05 01:53:43 GSD getOne 第 1 次 等待 1 秒
2021-07-05 01:53:44 查询号码 【1307029】，返回信息 {"status":"bad","msg":""}
2021-07-05 01:53:44 查询号码 【1307029】，GSD为【""】
2021-07-05 01:53:44 bad
2021-07-05 01:53:45 CHB 1307029?1625421224 第 1 次 等待 1 秒
2021-07-05 01:53:46 CHB 1307029?1625421224 第 1 次 获取到号码【1307029】GSD
2021-07-05 01:53:46 获取到号码【1307029】的GSD为【广东-广州】
2021-07-05 01:53:51 GSD insert 第 1 次 等待 1 秒
2021-07-05 01:53:52 {"status":"ok","msg":"添加成功！194546"}
2021-07-05 01:53:52 下次操作: 2021-07-05 01:54:08

2021-07-05 01:54:08 开始第 29 次操作

2021-07-05 01:54:08 开始操作号码 【1307028】
2021-07-05 01:54:11 GSD getOne 第 1 次 等待 1 秒
2021-07-05 01:54:12 查询号码 【1307028】，返回信息 {"status":"bad","msg":""}
2021-07-05 01:54:12 查询号码 【1307028】，GSD为【""】
2021-07-05 01:54:12 bad
2021-07-05 01:54:14 CHB 1307028?1625421252 第 1 次 等待 1 秒
2021-07-05 01:54:15 CHB 1307028?1625421252 第 1 次 获取到号码【1307028】GSD
2021-07-05 01:54:15 获取到号码【1307028】的GSD为【广东-广州】
2021-07-05 01:54:19 GSD insert 第 1 次 等待 1 秒
2021-07-05 01:54:20 {"status":"ok","msg":"添加成功！194553"}
2021-07-05 01:54:20 下次操作: 2021-07-05 01:54:36

2021-07-05 01:54:36 开始第 30 次操作

2021-07-05 01:54:36 开始操作号码 【1307027】
2021-07-05 01:54:40 GSD getOne 第 1 次 等待 1 秒
2021-07-05 01:54:41 查询号码 【1307027】，返回信息 {"status":"bad","msg":""}
2021-07-05 01:54:41 查询号码 【1307027】，GSD为【""】
2021-07-05 01:54:41 bad
2021-07-05 01:54:42 CHB 1307027?1625421281 第 1 次 等待 1 秒
2021-07-05 01:54:43 CHB 1307027?1625421281 第 1 次 获取到号码【1307027】GSD
2021-07-05 01:54:43 获取到号码【1307027】的GSD为【广东-广州】
2021-07-05 01:54:47 GSD insert 第 1 次 等待 1 秒
2021-07-05 01:54:48 {"status":"ok","msg":"添加成功！194556"}

2021-07-05 02:46:23 开始第 1 次操作

2021-07-05 02:46:23 开始操作号码 【1307026】
2021-07-05 02:46:27 GSD getOne 第 1 次 等待 1 秒
2021-07-05 02:46:28 查询号码 【1307026】，返回信息 {"status":"bad","msg":""}
2021-07-05 02:46:28 查询号码 【1307026】，GSD为【""】
2021-07-05 02:46:28 bad
2021-07-05 02:46:29 CHB 1307026?1625424388 第 1 次 等待 1 秒
2021-07-05 02:46:30 CHB 1307026?1625424388 第 1 次 获取到号码【1307026】GSD
2021-07-05 02:46:30 获取到号码【1307026】的GSD为【广东-广州】
2021-07-05 02:46:34 GSD insert 第 1 次 等待 1 秒
2021-07-05 02:46:35 {"status":"ok","msg":"添加成功！194692"}
2021-07-05 02:46:35 下次操作: 2021-07-05 02:46:41

2021-07-05 02:46:41 开始第 2 次操作

2021-07-05 02:46:41 开始操作号码 【1307025】
2021-07-05 02:46:45 GSD getOne 第 1 次 等待 1 秒
2021-07-05 02:46:46 查询号码 【1307025】，返回信息 {"status":"ok","msg":"广东-广州","time_insert":"2017-05-18 16:50","time_update":"2020-09-24 17:26"}
2021-07-05 02:46:46 查询号码 【1307025】，GSD为【"广东-广州"】

2021-07-05 02:46:46 开始第 2 次操作

2021-07-05 02:46:46 开始操作号码 【1307024】
2021-07-05 02:46:50 GSD getOne 第 1 次 等待 1 秒
2021-07-05 02:46:51 查询号码 【1307024】，返回信息 {"status":"bad","msg":""}
2021-07-05 02:46:51 查询号码 【1307024】，GSD为【""】
2021-07-05 02:46:51 bad
2021-07-05 02:46:52 CHB 1307024?1625424411 第 1 次 等待 1 秒
2021-07-05 02:46:53 CHB 1307024?1625424411 第 1 次 获取到号码【1307024】GSD
2021-07-05 02:46:53 获取到号码【1307024】的GSD为【广东-广州】
2021-07-05 02:46:57 GSD insert 第 1 次 等待 1 秒
2021-07-05 02:46:58 {"status":"ok","msg":"添加成功！194694"}
2021-07-05 02:46:58 下次操作: 2021-07-05 02:47:16

2021-07-05 02:47:16 开始第 3 次操作

2021-07-05 02:47:16 开始操作号码 【1307023】
2021-07-05 02:47:19 GSD getOne 第 1 次 等待 1 秒
2021-07-05 02:47:20 查询号码 【1307023】，返回信息 {"status":"bad","msg":""}
2021-07-05 02:47:20 查询号码 【1307023】，GSD为【""】
2021-07-05 02:47:20 bad
2021-07-05 02:47:26 CHB 1307023?1625424440 第 1 次 等待 1 秒
2021-07-05 02:47:27 CHB 1307023?1625424440 第 1 次 获取到号码【1307023】GSD
2021-07-05 02:47:27 获取到号码【1307023】的GSD为【广东-广州】
2021-07-05 02:47:31 GSD insert 第 1 次 等待 1 秒
2021-07-05 02:47:32 {"status":"ok","msg":"添加成功！194698"}
2021-07-05 02:47:32 下次操作: 2021-07-05 02:47:40

2021-07-05 02:47:40 开始第 4 次操作

2021-07-05 02:47:40 开始操作号码 【1307022】
2021-07-05 02:47:43 GSD getOne 第 1 次 等待 1 秒
2021-07-05 02:47:44 查询号码 【1307022】，返回信息 {"status":"bad","msg":""}
2021-07-05 02:47:45 查询号码 【1307022】，GSD为【""】
2021-07-05 02:47:45 bad
2021-07-05 02:47:46 CHB 1307022?1625424465 第 1 次 等待 1 秒
2021-07-05 02:47:47 CHB 1307022?1625424465 第 1 次 获取到号码【1307022】GSD
2021-07-05 02:47:47 获取到号码【1307022】的GSD为【广东-广州】
2021-07-05 02:47:50 GSD insert 第 1 次 等待 1 秒
2021-07-05 02:47:51 {"status":"ok","msg":"添加成功！194699"}
2021-07-05 02:47:51 下次操作: 2021-07-05 02:47:59

2021-07-05 02:47:59 开始第 5 次操作

2021-07-05 02:47:59 开始操作号码 【1307021】
2021-07-05 02:48:03 GSD getOne 第 1 次 等待 1 秒
2021-07-05 02:48:04 查询号码 【1307021】，返回信息 {"status":"bad","msg":""}
2021-07-05 02:48:04 查询号码 【1307021】，GSD为【""】
2021-07-05 02:48:04 bad
2021-07-05 02:48:05 CHB 1307021?1625424484 第 1 次 等待 1 秒
2021-07-05 02:48:06 CHB 1307021?1625424484 第 1 次 获取到号码【1307021】GSD
2021-07-05 02:48:06 获取到号码【1307021】的GSD为【广东-广州】
2021-07-05 02:48:10 GSD insert 第 1 次 等待 1 秒
2021-07-05 02:48:11 {"status":"ok","msg":"添加成功！194701"}
2021-07-05 02:48:11 下次操作: 2021-07-05 02:48:22

2021-07-05 02:48:22 开始第 6 次操作

2021-07-05 02:48:22 开始操作号码 【1307020】
2021-07-05 02:48:26 GSD getOne 第 1 次 等待 1 秒
2021-07-05 02:48:27 查询号码 【1307020】，返回信息 {"status":"ok","msg":"广东-广州","time_insert":"2019-12-19 13:59","time_update":"2020-09-24 17:23"}
2021-07-05 02:48:27 查询号码 【1307020】，GSD为【"广东-广州"】

2021-07-05 02:48:27 开始第 6 次操作

2021-07-05 02:48:27 开始操作号码 【1307019】
2021-07-05 02:48:30 GSD getOne 第 1 次 等待 1 秒
2021-07-05 02:48:31 查询号码 【1307019】，返回信息 {"status":"bad","msg":""}
2021-07-05 02:48:31 查询号码 【1307019】，GSD为【""】
2021-07-05 02:48:31 bad
2021-07-05 02:48:32 CHB 1307019?1625424511 第 1 次 等待 1 秒
2021-07-05 02:48:33 CHB 1307019?1625424511 第 1 次 获取到号码【1307019】GSD
2021-07-05 02:48:33 获取到号码【1307019】的GSD为【北京-北京】
2021-07-05 02:48:37 GSD insert 第 1 次 等待 1 秒
2021-07-05 02:48:38 {"status":"ok","msg":"添加成功！194703"}
2021-07-05 02:48:38 下次操作: 2021-07-05 02:48:50

2021-07-05 02:48:50 开始第 7 次操作

2021-07-05 02:48:50 开始操作号码 【1307018】
2021-07-05 02:48:53 GSD getOne 第 1 次 等待 1 秒
2021-07-05 02:48:55 查询号码 【1307018】，返回信息 {"status":"bad","msg":""}
2021-07-05 02:48:55 查询号码 【1307018】，GSD为【""】
2021-07-05 02:48:55 bad
2021-07-05 02:48:56 CHB 1307018?1625424535 第 1 次 等待 1 秒
2021-07-05 02:48:57 CHB 1307018?1625424535 第 1 次 获取到号码【1307018】GSD
2021-07-05 02:48:57 获取到号码【1307018】的GSD为【北京-北京】
2021-07-05 02:49:00 GSD insert 第 1 次 等待 1 秒
2021-07-05 02:49:01 {"status":"ok","msg":"添加成功！194705"}
2021-07-05 02:49:01 下次操作: 2021-07-05 02:49:15

2021-07-05 02:49:15 开始第 8 次操作

2021-07-05 02:49:15 开始操作号码 【1307017】
2021-07-05 02:49:19 GSD getOne 第 1 次 等待 1 秒
2021-07-05 02:49:20 查询号码 【1307017】，返回信息 {"status":"bad","msg":""}
2021-07-05 02:49:20 查询号码 【1307017】，GSD为【""】
2021-07-05 02:49:20 bad
2021-07-05 02:49:21 CHB 1307017?1625424560 第 1 次 等待 1 秒
2021-07-05 02:49:22 CHB 1307017?1625424560 第 1 次 获取到号码【1307017】GSD
2021-07-05 02:49:22 获取到号码【1307017】的GSD为【北京-北京】
2021-07-05 02:49:26 GSD insert 第 1 次 等待 1 秒
2021-07-05 02:49:27 {"status":"ok","msg":"添加成功！194706"}
2021-07-05 02:49:27 下次操作: 2021-07-05 02:49:40

2021-07-05 02:49:40 开始第 9 次操作

2021-07-05 02:49:40 开始操作号码 【1307016】
2021-07-05 02:49:44 GSD getOne 第 1 次 等待 1 秒
2021-07-05 02:49:45 查询号码 【1307016】，返回信息 {"status":"bad","msg":""}
2021-07-05 02:49:45 查询号码 【1307016】，GSD为【""】
2021-07-05 02:49:45 bad
2021-07-05 02:49:46 CHB 1307016?1625424585 第 1 次 等待 1 秒
2021-07-05 02:49:47 CHB 1307016?1625424585 第 1 次 获取到号码【1307016】GSD
2021-07-05 02:49:47 获取到号码【1307016】的GSD为【北京-北京】
2021-07-05 02:49:51 GSD insert 第 1 次 等待 1 秒
2021-07-05 02:49:52 {"status":"ok","msg":"添加成功！194708"}
2021-07-05 02:49:52 下次操作: 2021-07-05 02:50:03

2021-07-05 02:50:03 开始第 10 次操作

2021-07-05 02:50:03 开始操作号码 【1307015】
2021-07-05 02:50:07 GSD getOne 第 1 次 等待 1 秒
2021-07-05 02:50:08 查询号码 【1307015】，返回信息 {"status":"bad","msg":""}
2021-07-05 02:50:08 查询号码 【1307015】，GSD为【""】
2021-07-05 02:50:08 bad
2021-07-05 02:50:09 CHB 1307015?1625424608 第 1 次 等待 1 秒
2021-07-05 02:50:10 CHB 1307015?1625424608 第 1 次 获取到号码【1307015】GSD
2021-07-05 02:50:10 获取到号码【1307015】的GSD为【北京-北京】
2021-07-05 02:50:13 GSD insert 第 1 次 等待 1 秒
2021-07-05 02:50:14 {"status":"ok","msg":"添加成功！194709"}
2021-07-05 02:50:14 下次操作: 2021-07-05 02:50:30

2021-07-05 02:50:30 开始第 11 次操作

2021-07-05 02:50:30 开始操作号码 【1307014】
2021-07-05 02:50:34 GSD getOne 第 1 次 等待 1 秒
2021-07-05 02:50:35 查询号码 【1307014】，返回信息 {"status":"bad","msg":""}
2021-07-05 02:50:35 查询号码 【1307014】，GSD为【""】
2021-07-05 02:50:35 bad
2021-07-05 02:50:36 CHB 1307014?1625424635 第 1 次 等待 1 秒
2021-07-05 02:50:37 CHB 1307014?1625424635 第 1 次 获取到号码【1307014】GSD
2021-07-05 02:50:37 获取到号码【1307014】的GSD为【北京-北京】
2021-07-05 02:50:41 GSD insert 第 1 次 等待 1 秒
2021-07-05 02:50:42 {"status":"ok","msg":"添加成功！194711"}
2021-07-05 02:50:42 下次操作: 2021-07-05 02:50:49

2021-07-05 02:50:49 开始第 12 次操作

2021-07-05 02:50:49 开始操作号码 【1307013】
2021-07-05 02:50:53 GSD getOne 第 1 次 等待 1 秒
2021-07-05 02:50:54 查询号码 【1307013】，返回信息 {"status":"bad","msg":""}
2021-07-05 02:50:54 查询号码 【1307013】，GSD为【""】
2021-07-05 02:50:54 bad
2021-07-05 02:50:55 CHB 1307013?1625424654 第 1 次 等待 1 秒
2021-07-05 02:50:56 CHB 1307013?1625424654 第 1 次 获取到号码【1307013】GSD
2021-07-05 02:50:56 获取到号码【1307013】的GSD为【北京-北京】
2021-07-05 02:51:00 GSD insert 第 1 次 等待 1 秒
2021-07-05 02:51:01 {"status":"ok","msg":"添加成功！194712"}
2021-07-05 02:51:01 下次操作: 2021-07-05 02:51:13

2021-07-05 02:51:13 开始第 13 次操作

2021-07-05 02:51:13 开始操作号码 【1307012】
2021-07-05 02:51:17 GSD getOne 第 1 次 等待 1 秒
2021-07-05 02:51:18 查询号码 【1307012】，返回信息 {"status":"bad","msg":""}
2021-07-05 02:51:18 查询号码 【1307012】，GSD为【""】
2021-07-05 02:51:18 bad
2021-07-05 02:51:19 CHB 1307012?1625424678 第 1 次 等待 1 秒
2021-07-05 02:51:20 CHB 1307012?1625424678 第 1 次 获取到号码【1307012】GSD
2021-07-05 02:51:20 获取到号码【1307012】的GSD为【北京-北京】
2021-07-05 02:51:24 GSD insert 第 1 次 等待 1 秒
2021-07-05 02:51:25 {"status":"ok","msg":"添加成功！194715"}
2021-07-05 02:51:25 下次操作: 2021-07-05 02:51:42

2021-07-05 02:51:42 开始第 14 次操作

2021-07-05 02:51:42 开始操作号码 【1307011】
2021-07-05 02:51:45 GSD getOne 第 1 次 等待 1 秒
2021-07-05 02:51:46 查询号码 【1307011】，返回信息 {"status":"ok","msg":"北京-北京","time_insert":"2019-10-25 20:01","time_update":"2020-12-27 10:21"}
2021-07-05 02:51:46 查询号码 【1307011】，GSD为【"北京-北京"】

2021-07-05 02:51:46 开始第 14 次操作

2021-07-05 02:51:46 开始操作号码 【1307010】
2021-07-05 02:51:50 GSD getOne 第 1 次 等待 1 秒
2021-07-05 02:51:51 查询号码 【1307010】，返回信息 {"status":"bad","msg":""}
2021-07-05 02:51:51 查询号码 【1307010】，GSD为【""】
2021-07-05 02:51:51 bad
2021-07-05 02:51:52 CHB 1307010?1625424711 第 1 次 等待 1 秒
2021-07-05 02:51:53 CHB 1307010?1625424711 第 1 次 获取到号码【1307010】GSD
2021-07-05 02:51:53 获取到号码【1307010】的GSD为【北京-北京】
2021-07-05 02:51:57 GSD insert 第 1 次 等待 1 秒
2021-07-05 02:51:58 {"status":"ok","msg":"添加成功！194716"}
2021-07-05 02:51:58 下次操作: 2021-07-05 02:52:05

2021-07-05 02:52:05 开始第 15 次操作

2021-07-05 02:52:05 开始操作号码 【1307009】
2021-07-05 02:52:08 GSD getOne 第 1 次 等待 1 秒
2021-07-05 02:52:09 查询号码 【1307009】，返回信息 {"status":"bad","msg":""}
2021-07-05 02:52:09 查询号码 【1307009】，GSD为【""】
2021-07-05 02:52:09 bad
2021-07-05 02:52:10 CHB 1307009?1625424730 第 1 次 等待 1 秒
2021-07-05 02:52:11 CHB 1307009?1625424730 第 1 次 获取到号码【1307009】GSD
2021-07-05 02:52:11 获取到号码【1307009】的GSD为【新疆-石河子】
2021-07-05 02:52:16 GSD insert 第 1 次 等待 1 秒
2021-07-05 02:52:17 {"status":"ok","msg":"添加成功！194717"}
2021-07-05 02:52:17 下次操作: 2021-07-05 02:52:35

2021-07-05 02:52:35 开始第 16 次操作

2021-07-05 02:52:35 开始操作号码 【1307008】
2021-07-05 02:52:39 GSD getOne 第 1 次 等待 1 秒
2021-07-05 02:52:40 查询号码 【1307008】，返回信息 {"status":"bad","msg":""}
2021-07-05 02:52:40 查询号码 【1307008】，GSD为【""】
2021-07-05 02:52:40 bad
2021-07-05 02:52:41 CHB 1307008?1625424760 第 1 次 等待 1 秒
2021-07-05 02:52:42 CHB 1307008?1625424760 第 1 次 获取到号码【1307008】GSD
2021-07-05 02:52:42 获取到号码【1307008】的GSD为【新疆-和田】
2021-07-05 02:52:46 GSD insert 第 1 次 等待 1 秒
2021-07-05 02:52:47 {"status":"ok","msg":"添加成功！194718"}
2021-07-05 02:52:47 下次操作: 2021-07-05 02:52:53

2021-07-05 02:52:53 开始第 17 次操作

2021-07-05 02:52:53 开始操作号码 【1307007】
2021-07-05 02:52:56 GSD getOne 第 1 次 等待 1 秒
2021-07-05 02:52:57 查询号码 【1307007】，返回信息 {"status":"bad","msg":""}
2021-07-05 02:52:57 查询号码 【1307007】，GSD为【""】
2021-07-05 02:52:57 bad
2021-07-05 02:52:58 CHB 1307007?1625424777 第 1 次 等待 1 秒
2021-07-05 02:52:59 CHB 1307007?1625424777 第 1 次 获取到号码【1307007】GSD
2021-07-05 02:53:00 获取到号码【1307007】的GSD为【新疆-和田】
2021-07-05 02:53:03 GSD insert 第 1 次 等待 1 秒
2021-07-05 02:53:04 {"status":"ok","msg":"添加成功！194719"}
2021-07-05 02:53:04 下次操作: 2021-07-05 02:53:13

2021-07-05 02:53:13 开始第 18 次操作

2021-07-05 02:53:13 开始操作号码 【1307006】
2021-07-05 02:53:17 GSD getOne 第 1 次 等待 1 秒
2021-07-05 02:53:18 查询号码 【1307006】，返回信息 {"status":"bad","msg":""}
2021-07-05 02:53:18 查询号码 【1307006】，GSD为【""】
2021-07-05 02:53:18 bad
2021-07-05 02:53:19 CHB 1307006?1625424798 第 1 次 等待 1 秒
2021-07-05 02:53:20 CHB 1307006?1625424798 第 1 次 获取到号码【1307006】GSD
2021-07-05 02:53:20 获取到号码【1307006】的GSD为【新疆-克孜勒苏】
2021-07-05 02:53:24 GSD insert 第 1 次 等待 1 秒
2021-07-05 02:53:25 {"status":"ok","msg":"添加成功！194723"}
2021-07-05 02:53:25 下次操作: 2021-07-05 02:53:39

2021-07-05 02:53:39 开始第 19 次操作

2021-07-05 02:53:39 开始操作号码 【1307005】
2021-07-05 02:53:43 GSD getOne 第 1 次 等待 1 秒
2021-07-05 02:53:44 查询号码 【1307005】，返回信息 {"status":"bad","msg":""}
2021-07-05 02:53:44 查询号码 【1307005】，GSD为【""】
2021-07-05 02:53:44 bad
2021-07-05 02:53:45 CHB 1307005?1625424824 第 1 次 等待 1 秒
2021-07-05 02:53:46 CHB 1307005?1625424824 第 1 次 获取到号码【1307005】GSD
2021-07-05 02:53:46 获取到号码【1307005】的GSD为【新疆-喀什】
2021-07-05 02:53:50 GSD insert 第 1 次 等待 1 秒
2021-07-05 02:53:51 {"status":"ok","msg":"添加成功！194730"}
2021-07-05 02:53:51 下次操作: 2021-07-05 02:54:07

2021-07-05 02:54:07 开始第 20 次操作

2021-07-05 02:54:07 开始操作号码 【1307004】
2021-07-05 02:54:10 GSD getOne 第 1 次 等待 1 秒
2021-07-05 02:54:11 查询号码 【1307004】，返回信息 {"status":"ok","msg":"新疆-喀什","time_insert":"2016-09-12 10:37","time_update":"2020-12-25 06:03"}
2021-07-05 02:54:11 查询号码 【1307004】，GSD为【"新疆-喀什"】

2021-07-05 02:54:11 开始第 20 次操作

2021-07-05 02:54:11 开始操作号码 【1307003】
2021-07-05 02:54:15 GSD getOne 第 1 次 等待 1 秒
2021-07-05 02:54:16 查询号码 【1307003】，返回信息 {"status":"ok","msg":"新疆-阿克苏","time_insert":"2014-10-15 13:40","time_update":"2021-05-02 15:54"}
2021-07-05 02:54:16 查询号码 【1307003】，GSD为【"新疆-阿克苏"】

2021-07-05 02:54:16 开始第 20 次操作

2021-07-05 02:54:16 开始操作号码 【1307002】
2021-07-05 02:54:20 GSD getOne 第 1 次 等待 1 秒
2021-07-05 02:54:21 查询号码 【1307002】，返回信息 {"status":"bad","msg":""}
2021-07-05 02:54:21 查询号码 【1307002】，GSD为【""】
2021-07-05 02:54:21 bad
2021-07-05 02:54:22 CHB 1307002?1625424861 第 1 次 等待 1 秒
2021-07-05 02:54:23 CHB 1307002?1625424861 第 1 次 获取到号码【1307002】GSD
2021-07-05 02:54:24 获取到号码【1307002】的GSD为【新疆-阿克苏】
2021-07-05 02:54:27 GSD insert 第 1 次 等待 1 秒
2021-07-05 02:54:28 {"status":"ok","msg":"添加成功！194735"}
2021-07-05 02:54:28 下次操作: 2021-07-05 02:54:43

2021-07-05 02:54:43 开始第 21 次操作

2021-07-05 02:54:43 开始操作号码 【1307001】
2021-07-05 02:54:47 GSD getOne 第 1 次 等待 1 秒
2021-07-05 02:54:48 查询号码 【1307001】，返回信息 {"status":"bad","msg":""}
2021-07-05 02:54:48 查询号码 【1307001】，GSD为【""】
2021-07-05 02:54:48 bad
2021-07-05 02:54:49 CHB 1307001?1625424888 第 1 次 等待 1 秒
2021-07-05 02:54:50 CHB 1307001?1625424888 第 1 次 获取到号码【1307001】GSD
2021-07-05 02:54:50 获取到号码【1307001】的GSD为【新疆-库尔勒】
2021-07-05 02:54:54 GSD insert 第 1 次 等待 1 秒
2021-07-05 02:54:55 {"status":"ok","msg":"添加成功！194740"}
2021-07-05 02:54:55 下次操作: 2021-07-05 02:55:04

2021-07-05 02:55:04 开始第 22 次操作

2021-07-05 02:55:04 开始操作号码 【1307000】
2021-07-05 02:55:07 GSD getOne 第 1 次 等待 1 秒
2021-07-05 02:55:08 查询号码 【1307000】，返回信息 {"status":"bad","msg":""}
2021-07-05 02:55:08 查询号码 【1307000】，GSD为【""】
2021-07-05 02:55:08 bad
2021-07-05 02:55:10 CHB 1307000?1625424908 第 1 次 等待 1 秒
2021-07-05 02:55:11 CHB 1307000?1625424908 第 1 次 获取到号码【1307000】GSD
2021-07-05 02:55:11 获取到号码【1307000】的GSD为【新疆-库尔勒】
2021-07-05 02:55:14 GSD insert 第 1 次 等待 1 秒
2021-07-05 02:55:15 {"status":"ok","msg":"添加成功！194746"}
2021-07-05 02:55:15 下次操作: 2021-07-05 02:55:32

2021-07-05 02:55:32 开始第 23 次操作

2021-07-05 02:55:32 开始操作号码 【1306999】
2021-07-05 02:55:36 GSD getOne 第 1 次 等待 1 秒
2021-07-05 02:55:37 查询号码 【1306999】，返回信息 {"status":"bad","msg":""}
2021-07-05 02:55:37 查询号码 【1306999】，GSD为【""】
2021-07-05 02:55:37 bad
2021-07-05 02:55:38 CHB 1306999?1625424937 第 1 次 等待 1 秒
2021-07-05 02:55:39 CHB 1306999?1625424937 第 1 次 获取到号码【1306999】GSD
2021-07-05 02:55:39 获取到号码【1306999】的GSD为【黑龙江-齐齐哈尔】
2021-07-05 02:55:43 GSD insert 第 1 次 等待 1 秒
2021-07-05 02:55:44 {"status":"ok","msg":"添加成功！194753"}
2021-07-05 02:55:44 下次操作: 2021-07-05 02:55:54

2021-07-05 02:55:54 开始第 24 次操作

2021-07-05 02:55:54 开始操作号码 【1306998】
2021-07-05 02:55:58 GSD getOne 第 1 次 等待 1 秒
2021-07-05 02:55:59 查询号码 【1306998】，返回信息 {"status":"bad","msg":""}
2021-07-05 02:55:59 查询号码 【1306998】，GSD为【""】
2021-07-05 02:55:59 bad
2021-07-05 02:56:00 CHB 1306998?1625424959 第 1 次 等待 1 秒
2021-07-05 02:56:01 CHB 1306998?1625424959 第 1 次 获取到号码【1306998】GSD
2021-07-05 02:56:01 获取到号码【1306998】的GSD为【黑龙江-齐齐哈尔】
2021-07-05 02:56:05 GSD insert 第 1 次 等待 1 秒
2021-07-05 02:56:06 {"status":"ok","msg":"添加成功！194757"}
2021-07-05 02:56:06 下次操作: 2021-07-05 02:56:17

2021-07-05 02:56:17 开始第 25 次操作

2021-07-05 02:56:17 开始操作号码 【1306997】
2021-07-05 02:56:21 GSD getOne 第 1 次 等待 1 秒
2021-07-05 02:56:22 查询号码 【1306997】，返回信息 {"status":"bad","msg":""}
2021-07-05 02:56:22 查询号码 【1306997】，GSD为【""】
2021-07-05 02:56:22 bad
2021-07-05 02:56:23 CHB 1306997?1625424982 第 1 次 等待 1 秒
2021-07-05 02:56:24 CHB 1306997?1625424982 第 1 次 获取到号码【1306997】GSD
2021-07-05 02:56:24 获取到号码【1306997】的GSD为【黑龙江-齐齐哈尔】
2021-07-05 02:56:28 GSD insert 第 1 次 等待 1 秒
2021-07-05 02:56:29 {"status":"ok","msg":"添加成功！194763"}
2021-07-05 02:56:29 下次操作: 2021-07-05 02:56:42

2021-07-05 02:56:42 开始第 26 次操作

2021-07-05 02:56:42 开始操作号码 【1306996】
2021-07-05 02:56:46 GSD getOne 第 1 次 等待 1 秒
2021-07-05 02:56:47 查询号码 【1306996】，返回信息 {"status":"bad","msg":""}
2021-07-05 02:56:47 查询号码 【1306996】，GSD为【""】
2021-07-05 02:56:47 bad
2021-07-05 02:56:48 CHB 1306996?1625425007 第 1 次 等待 1 秒
2021-07-05 02:56:49 CHB 1306996?1625425007 第 1 次 获取到号码【1306996】GSD
2021-07-05 02:56:49 获取到号码【1306996】的GSD为【黑龙江-绥化】
2021-07-05 02:56:53 GSD insert 第 1 次 等待 1 秒
2021-07-05 02:56:54 {"status":"ok","msg":"添加成功！194768"}
2021-07-05 02:56:54 下次操作: 2021-07-05 02:57:06

2021-07-05 02:57:06 开始第 27 次操作

2021-07-05 02:57:06 开始操作号码 【1306995】
2021-07-05 02:57:09 GSD getOne 第 1 次 等待 1 秒
2021-07-05 02:57:10 查询号码 【1306995】，返回信息 {"status":"bad","msg":""}
2021-07-05 02:57:11 查询号码 【1306995】，GSD为【""】
2021-07-05 02:57:11 bad
2021-07-05 02:57:12 CHB 1306995?1625425031 第 1 次 等待 1 秒
2021-07-05 02:57:13 CHB 1306995?1625425031 第 1 次 获取到号码【1306995】GSD
2021-07-05 02:57:13 获取到号码【1306995】的GSD为【黑龙江-鹤岗】
2021-07-05 02:57:16 GSD insert 第 1 次 等待 1 秒
2021-07-05 02:57:17 {"status":"ok","msg":"添加成功！194775"}
2021-07-05 02:57:17 下次操作: 2021-07-05 02:57:30

2021-07-05 02:57:30 开始第 28 次操作

2021-07-05 02:57:30 开始操作号码 【1306994】
2021-07-05 02:57:34 GSD getOne 第 1 次 等待 1 秒
2021-07-05 02:57:35 查询号码 【1306994】，返回信息 {"status":"bad","msg":""}
2021-07-05 02:57:35 查询号码 【1306994】，GSD为【""】
2021-07-05 02:57:35 bad
2021-07-05 02:57:36 CHB 1306994?1625425055 第 1 次 等待 1 秒
2021-07-05 02:57:37 CHB 1306994?1625425055 第 1 次 获取到号码【1306994】GSD
2021-07-05 02:57:37 获取到号码【1306994】的GSD为【黑龙江-鹤岗】
2021-07-05 02:57:41 GSD insert 第 1 次 等待 1 秒
2021-07-05 02:57:42 {"status":"ok","msg":"添加成功！194781"}
2021-07-05 02:57:42 下次操作: 2021-07-05 02:57:48

2021-07-05 02:57:48 开始第 29 次操作

2021-07-05 02:57:48 开始操作号码 【1306993】
2021-07-05 02:57:52 GSD getOne 第 1 次 等待 1 秒
2021-07-05 02:57:53 查询号码 【1306993】，返回信息 {"status":"bad","msg":""}
2021-07-05 02:57:53 查询号码 【1306993】，GSD为【""】
2021-07-05 02:57:53 bad
2021-07-05 02:57:54 CHB 1306993?1625425073 第 1 次 等待 1 秒
2021-07-05 02:57:55 CHB 1306993?1625425073 第 1 次 获取到号码【1306993】GSD
2021-07-05 02:57:55 获取到号码【1306993】的GSD为【黑龙江-佳木斯】
2021-07-05 02:57:59 GSD insert 第 1 次 等待 1 秒
2021-07-05 02:58:00 {"status":"ok","msg":"添加成功！194786"}
2021-07-05 02:58:00 下次操作: 2021-07-05 02:58:18

2021-07-05 02:58:18 开始第 30 次操作

2021-07-05 02:58:18 开始操作号码 【1306992】
2021-07-05 02:58:21 GSD getOne 第 1 次 等待 1 秒
2021-07-05 02:58:22 查询号码 【1306992】，返回信息 {"status":"bad","msg":""}
2021-07-05 02:58:23 查询号码 【1306992】，GSD为【""】
2021-07-05 02:58:23 bad
2021-07-05 02:58:24 CHB 1306992?1625425103 第 1 次 等待 1 秒
2021-07-05 02:58:25 CHB 1306992?1625425103 第 1 次 获取到号码【1306992】GSD
2021-07-05 02:58:25 获取到号码【1306992】的GSD为【黑龙江-佳木斯】
2021-07-05 02:58:29 GSD insert 第 1 次 等待 1 秒
2021-07-05 02:58:30 {"status":"ok","msg":"添加成功！194790"}

2021-07-05 03:36:04 开始第 1 次操作

2021-07-05 03:36:04 开始操作号码 【1306991】
2021-07-05 03:36:08 GSD getOne 第 1 次 等待 1 秒
2021-07-05 03:36:09 查询号码 【1306991】，返回信息 {"status":"ok","msg":"黑龙江-双鸭山","time_insert":"2021-05-07 17:21","time_update":"2021-05-07 18:10"}
2021-07-05 03:36:09 查询号码 【1306991】，GSD为【"黑龙江-双鸭山"】

2021-07-05 03:36:09 开始第 1 次操作

2021-07-05 03:36:09 开始操作号码 【1306990】
2021-07-05 03:36:13 GSD getOne 第 1 次 等待 1 秒
2021-07-05 03:36:14 查询号码 【1306990】，返回信息 {"status":"bad","msg":""}
2021-07-05 03:36:14 查询号码 【1306990】，GSD为【""】
2021-07-05 03:36:14 bad
2021-07-05 03:36:15 CHB 1306990?1625427374 第 1 次 等待 1 秒
2021-07-05 03:36:16 CHB 1306990?1625427374 第 1 次 获取到号码【1306990】GSD
2021-07-05 03:36:16 获取到号码【1306990】的GSD为【黑龙江-双鸭山】
2021-07-05 03:36:20 GSD insert 第 1 次 等待 1 秒
2021-07-05 03:36:21 {"status":"ok","msg":"添加成功！194998"}
2021-07-05 03:36:21 下次操作: 2021-07-05 03:36:36

2021-07-05 03:36:36 开始第 2 次操作

2021-07-05 03:36:36 开始操作号码 【1306989】
2021-07-05 03:36:40 GSD getOne 第 1 次 等待 1 秒
2021-07-05 03:36:41 查询号码 【1306989】，返回信息 {"status":"bad","msg":""}
2021-07-05 03:36:41 查询号码 【1306989】，GSD为【""】
2021-07-05 03:36:41 bad
2021-07-05 03:36:42 CHB 1306989?1625427401 第 1 次 等待 1 秒
2021-07-05 03:36:43 CHB 1306989?1625427401 第 1 次 获取到号码【1306989】GSD
2021-07-05 03:36:43 获取到号码【1306989】的GSD为【黑龙江-哈尔滨】
2021-07-05 03:36:47 GSD insert 第 1 次 等待 1 秒
2021-07-05 03:36:48 {"status":"ok","msg":"添加成功！195003"}
2021-07-05 03:36:48 下次操作: 2021-07-05 03:36:54

2021-07-05 03:36:54 开始第 3 次操作

2021-07-05 03:36:54 开始操作号码 【1306988】
2021-07-05 03:36:58 GSD getOne 第 1 次 等待 1 秒
2021-07-05 03:36:59 查询号码 【1306988】，返回信息 {"status":"bad","msg":""}
2021-07-05 03:36:59 查询号码 【1306988】，GSD为【""】
2021-07-05 03:36:59 bad
2021-07-05 03:37:00 CHB 1306988?1625427419 第 1 次 等待 1 秒
2021-07-05 03:37:01 CHB 1306988?1625427419 第 1 次 获取到号码【1306988】GSD
2021-07-05 03:37:01 获取到号码【1306988】的GSD为【黑龙江-哈尔滨】
2021-07-05 03:37:05 GSD insert 第 1 次 等待 1 秒
2021-07-05 03:37:06 {"status":"ok","msg":"添加成功！195008"}
2021-07-05 03:37:06 下次操作: 2021-07-05 03:37:12

2021-07-05 03:37:12 开始第 4 次操作

2021-07-05 03:37:12 开始操作号码 【1306987】
2021-07-05 03:37:16 GSD getOne 第 1 次 等待 1 秒
2021-07-05 03:37:17 查询号码 【1306987】，返回信息 {"status":"bad","msg":""}
2021-07-05 03:37:17 查询号码 【1306987】，GSD为【""】
2021-07-05 03:37:17 bad
2021-07-05 03:37:18 CHB 1306987?1625427437 第 1 次 等待 1 秒
2021-07-05 03:37:19 CHB 1306987?1625427437 第 1 次 获取到号码【1306987】GSD
2021-07-05 03:37:19 获取到号码【1306987】的GSD为【黑龙江-哈尔滨】
2021-07-05 03:37:23 GSD insert 第 1 次 等待 1 秒
2021-07-05 03:37:24 {"status":"ok","msg":"添加成功！195011"}
2021-07-05 03:37:24 下次操作: 2021-07-05 03:37:37

2021-07-05 03:37:37 开始第 5 次操作

2021-07-05 03:37:37 开始操作号码 【1306986】
2021-07-05 03:37:41 GSD getOne 第 1 次 等待 1 秒
2021-07-05 03:37:42 查询号码 【1306986】，返回信息 {"status":"bad","msg":""}
2021-07-05 03:37:42 查询号码 【1306986】，GSD为【""】
2021-07-05 03:37:42 bad
2021-07-05 03:37:43 CHB 1306986?1625427462 第 1 次 等待 1 秒
2021-07-05 03:37:44 CHB 1306986?1625427462 第 1 次 获取到号码【1306986】GSD
2021-07-05 03:37:44 获取到号码【1306986】的GSD为【黑龙江-哈尔滨】
2021-07-05 03:37:48 GSD insert 第 1 次 等待 1 秒
2021-07-05 03:37:49 {"status":"ok","msg":"添加成功！195016"}
2021-07-05 03:37:49 下次操作: 2021-07-05 03:38:03

2021-07-05 03:38:03 开始第 6 次操作

2021-07-05 03:38:03 开始操作号码 【1306985】
2021-07-05 03:38:07 GSD getOne 第 1 次 等待 1 秒
2021-07-05 03:38:08 查询号码 【1306985】，返回信息 {"status":"bad","msg":""}
2021-07-05 03:38:08 查询号码 【1306985】，GSD为【""】
2021-07-05 03:38:08 bad
2021-07-05 03:38:09 CHB 1306985?1625427488 第 1 次 等待 1 秒
2021-07-05 03:38:10 CHB 1306985?1625427488 第 1 次 获取到号码【1306985】GSD
2021-07-05 03:38:10 获取到号码【1306985】的GSD为【黑龙江-七台河】
2021-07-05 03:38:16 GSD insert 第 1 次 等待 1 秒
2021-07-05 03:38:17 {"status":"ok","msg":"添加成功！195027"}
2021-07-05 03:38:17 下次操作: 2021-07-05 03:38:32

2021-07-05 03:38:32 开始第 7 次操作

2021-07-05 03:38:32 开始操作号码 【1306984】
2021-07-05 03:38:36 GSD getOne 第 1 次 等待 1 秒
2021-07-05 03:38:37 查询号码 【1306984】，返回信息 {"status":"bad","msg":""}
2021-07-05 03:38:37 查询号码 【1306984】，GSD为【""】
2021-07-05 03:38:37 bad
2021-07-05 03:38:38 CHB 1306984?1625427517 第 1 次 等待 1 秒
2021-07-05 03:38:39 CHB 1306984?1625427517 第 1 次 获取到号码【1306984】GSD
2021-07-05 03:38:39 获取到号码【1306984】的GSD为【黑龙江-七台河】
2021-07-05 03:38:43 GSD insert 第 1 次 等待 1 秒
2021-07-05 03:38:44 {"status":"ok","msg":"添加成功！195033"}
2021-07-05 03:38:44 下次操作: 2021-07-05 03:38:51

2021-07-05 03:38:51 开始第 8 次操作

2021-07-05 03:38:51 开始操作号码 【1306983】
2021-07-05 03:38:54 GSD getOne 第 1 次 等待 1 秒
2021-07-05 03:38:55 查询号码 【1306983】，返回信息 {"status":"bad","msg":""}
2021-07-05 03:38:55 查询号码 【1306983】，GSD为【""】
2021-07-05 03:38:55 bad
2021-07-05 03:38:57 CHB 1306983?1625427535 第 1 次 等待 1 秒
2021-07-05 03:38:58 CHB 1306983?1625427535 第 1 次 获取到号码【1306983】GSD
2021-07-05 03:38:58 获取到号码【1306983】的GSD为【黑龙江-牡丹江】
2021-07-05 03:39:01 GSD insert 第 1 次 等待 1 秒
2021-07-05 03:39:02 {"status":"ok","msg":"添加成功！195040"}
2021-07-05 03:39:02 下次操作: 2021-07-05 03:39:10

2021-07-05 03:39:10 开始第 9 次操作

2021-07-05 03:39:10 开始操作号码 【1306982】
2021-07-05 03:39:14 GSD getOne 第 1 次 等待 1 秒
2021-07-05 03:39:15 查询号码 【1306982】，返回信息 {"status":"bad","msg":""}
2021-07-05 03:39:15 查询号码 【1306982】，GSD为【""】
2021-07-05 03:39:15 bad
2021-07-05 03:39:17 CHB 1306982?1625427555 第 1 次 等待 1 秒
2021-07-05 03:39:18 CHB 1306982?1625427555 第 1 次 获取到号码【1306982】GSD
2021-07-05 03:39:18 获取到号码【1306982】的GSD为【黑龙江-牡丹江】
2021-07-05 03:39:21 GSD insert 第 1 次 等待 1 秒
2021-07-05 03:39:22 {"status":"ok","msg":"添加成功！195045"}
2021-07-05 03:39:22 下次操作: 2021-07-05 03:39:30

2021-07-05 03:39:30 开始第 10 次操作

2021-07-05 03:39:30 开始操作号码 【1306981】
2021-07-05 03:39:34 GSD getOne 第 1 次 等待 1 秒
2021-07-05 03:39:35 查询号码 【1306981】，返回信息 {"status":"bad","msg":""}
2021-07-05 03:39:35 查询号码 【1306981】，GSD为【""】
2021-07-05 03:39:35 bad
2021-07-05 03:39:37 CHB 1306981?1625427575 第 1 次 等待 1 秒
2021-07-05 03:39:38 CHB 1306981?1625427575 第 1 次 获取到号码【1306981】GSD
2021-07-05 03:39:38 获取到号码【1306981】的GSD为【黑龙江-鸡西】
2021-07-05 03:39:41 GSD insert 第 1 次 等待 1 秒
2021-07-05 03:39:42 {"status":"ok","msg":"添加成功！195052"}
2021-07-05 03:39:42 下次操作: 2021-07-05 03:39:57

2021-07-05 03:39:57 开始第 11 次操作

2021-07-05 03:39:57 开始操作号码 【1306980】
2021-07-05 03:40:01 GSD getOne 第 1 次 等待 1 秒
2021-07-05 03:40:02 查询号码 【1306980】，返回信息 {"status":"bad","msg":""}
2021-07-05 03:40:02 查询号码 【1306980】，GSD为【""】
2021-07-05 03:40:02 bad
2021-07-05 03:40:03 CHB 1306980?1625427602 第 1 次 等待 1 秒
2021-07-05 03:40:04 CHB 1306980?1625427602 第 1 次 获取到号码【1306980】GSD
2021-07-05 03:40:04 获取到号码【1306980】的GSD为【黑龙江-鸡西】
2021-07-05 03:40:08 GSD insert 第 1 次 等待 1 秒
2021-07-05 03:40:09 {"status":"ok","msg":"添加成功！195060"}
2021-07-05 03:40:09 下次操作: 2021-07-05 03:40:15

2021-07-05 03:40:15 开始第 12 次操作

2021-07-05 03:40:15 开始操作号码 【1306979】
2021-07-05 03:40:19 GSD getOne 第 1 次 等待 1 秒
2021-07-05 03:40:20 查询号码 【1306979】，返回信息 {"status":"bad","msg":""}
2021-07-05 03:40:20 查询号码 【1306979】，GSD为【""】
2021-07-05 03:40:20 bad
2021-07-05 03:40:21 CHB 1306979?1625427620 第 1 次 等待 1 秒
2021-07-05 03:40:22 CHB 1306979?1625427620 第 1 次 获取到号码【1306979】GSD
2021-07-05 03:40:22 获取到号码【1306979】的GSD为【黑龙江-牡丹江】
2021-07-05 03:40:26 GSD insert 第 1 次 等待 1 秒
2021-07-05 03:40:27 {"status":"ok","msg":"添加成功！195064"}
2021-07-05 03:40:27 下次操作: 2021-07-05 03:40:37

2021-07-05 03:40:37 开始第 13 次操作

2021-07-05 03:40:37 开始操作号码 【1306978】
2021-07-05 03:40:41 GSD getOne 第 1 次 等待 1 秒
2021-07-05 03:40:42 查询号码 【1306978】，返回信息 {"status":"bad","msg":""}
2021-07-05 03:40:42 查询号码 【1306978】，GSD为【""】
2021-07-05 03:40:42 bad
2021-07-05 03:40:43 CHB 1306978?1625427642 第 1 次 等待 1 秒
2021-07-05 03:40:44 CHB 1306978?1625427642 第 1 次 获取到号码【1306978】GSD
2021-07-05 03:40:44 获取到号码【1306978】的GSD为【黑龙江-牡丹江】
2021-07-05 03:40:48 GSD insert 第 1 次 等待 1 秒
2021-07-05 03:40:49 {"status":"ok","msg":"添加成功！195069"}
2021-07-05 03:40:49 下次操作: 2021-07-05 03:41:03

2021-07-05 03:41:03 开始第 14 次操作

2021-07-05 03:41:03 开始操作号码 【1306977】
2021-07-05 03:41:07 GSD getOne 第 1 次 等待 1 秒
2021-07-05 03:41:08 查询号码 【1306977】，返回信息 {"status":"bad","msg":""}
2021-07-05 03:41:08 查询号码 【1306977】，GSD为【""】
2021-07-05 03:41:08 bad
2021-07-05 03:41:09 CHB 1306977?1625427668 第 1 次 等待 1 秒
2021-07-05 03:41:10 CHB 1306977?1625427668 第 1 次 获取到号码【1306977】GSD
2021-07-05 03:41:10 获取到号码【1306977】的GSD为【黑龙江-绥化】
2021-07-05 03:41:14 GSD insert 第 1 次 等待 1 秒
2021-07-05 03:41:15 {"status":"ok","msg":"添加成功！195075"}
2021-07-05 03:41:15 下次操作: 2021-07-05 03:41:33

2021-07-05 03:41:33 开始第 15 次操作

2021-07-05 03:41:33 开始操作号码 【1306976】
2021-07-05 03:41:36 GSD getOne 第 1 次 等待 1 秒
2021-07-05 03:41:37 查询号码 【1306976】，返回信息 {"status":"bad","msg":""}
2021-07-05 03:41:37 查询号码 【1306976】，GSD为【""】
2021-07-05 03:41:37 bad
2021-07-05 03:41:39 CHB 1306976?1625427697 第 1 次 等待 1 秒
2021-07-05 03:41:40 CHB 1306976?1625427697 第 1 次 获取到号码【1306976】GSD
2021-07-05 03:41:40 获取到号码【1306976】的GSD为【黑龙江-佳木斯】
2021-07-05 03:41:44 GSD insert 第 1 次 等待 1 秒
2021-07-05 03:41:45 {"status":"ok","msg":"添加成功！195084"}
2021-07-05 03:41:45 下次操作: 2021-07-05 03:41:51

2021-07-05 03:41:51 开始第 16 次操作

2021-07-05 03:41:51 开始操作号码 【1306975】
2021-07-05 03:41:55 GSD getOne 第 1 次 等待 1 秒
2021-07-05 03:41:56 查询号码 【1306975】，返回信息 {"status":"bad","msg":""}
2021-07-05 03:41:56 查询号码 【1306975】，GSD为【""】
2021-07-05 03:41:56 bad
2021-07-05 03:41:57 CHB 1306975?1625427716 第 1 次 等待 1 秒
2021-07-05 03:41:58 CHB 1306975?1625427716 第 1 次 获取到号码【1306975】GSD
2021-07-05 03:41:58 获取到号码【1306975】的GSD为【黑龙江-佳木斯】
2021-07-05 03:42:02 GSD insert 第 1 次 等待 1 秒
2021-07-05 03:42:03 {"status":"ok","msg":"添加成功！195089"}
2021-07-05 03:42:03 下次操作: 2021-07-05 03:42:16

2021-07-05 03:42:16 开始第 17 次操作

2021-07-05 03:42:16 开始操作号码 【1306974】
2021-07-05 03:42:19 GSD getOne 第 1 次 等待 1 秒
2021-07-05 03:42:20 查询号码 【1306974】，返回信息 {"status":"bad","msg":""}
2021-07-05 03:42:20 查询号码 【1306974】，GSD为【""】
2021-07-05 03:42:20 bad
2021-07-05 03:42:22 CHB 1306974?1625427740 第 1 次 等待 1 秒
2021-07-05 03:42:23 CHB 1306974?1625427740 第 1 次 获取到号码【1306974】GSD
2021-07-05 03:42:23 获取到号码【1306974】的GSD为【黑龙江-大庆】
2021-07-05 03:42:26 GSD insert 第 1 次 等待 1 秒
2021-07-05 03:42:28 {"status":"ok","msg":"添加成功！195096"}
2021-07-05 03:42:28 下次操作: 2021-07-05 03:42:40

2021-07-05 03:42:40 开始第 18 次操作

2021-07-05 03:42:40 开始操作号码 【1306973】
2021-07-05 03:42:43 GSD getOne 第 1 次 等待 1 秒
2021-07-05 03:42:44 查询号码 【1306973】，返回信息 {"status":"bad","msg":""}
2021-07-05 03:42:44 查询号码 【1306973】，GSD为【""】
2021-07-05 03:42:44 bad
2021-07-05 03:42:45 CHB 1306973?1625427764 第 1 次 等待 1 秒
2021-07-05 03:42:46 CHB 1306973?1625427764 第 1 次 获取到号码【1306973】GSD
2021-07-05 03:42:46 获取到号码【1306973】的GSD为【黑龙江-齐齐哈尔】
2021-07-05 03:42:50 GSD insert 第 1 次 等待 1 秒
2021-07-05 03:42:51 {"status":"ok","msg":"添加成功！195103"}
2021-07-05 03:42:51 下次操作: 2021-07-05 03:43:06

2021-07-05 03:43:06 开始第 19 次操作

2021-07-05 03:43:06 开始操作号码 【1306972】
2021-07-05 03:43:10 GSD getOne 第 1 次 等待 1 秒
2021-07-05 03:43:11 查询号码 【1306972】，返回信息 {"status":"bad","msg":""}
2021-07-05 03:43:11 查询号码 【1306972】，GSD为【""】
2021-07-05 03:43:11 bad
2021-07-05 03:43:12 CHB 1306972?1625427791 第 1 次 等待 1 秒
2021-07-05 03:43:13 CHB 1306972?1625427791 第 1 次 获取到号码【1306972】GSD
2021-07-05 03:43:14 获取到号码【1306972】的GSD为【黑龙江-哈尔滨】
2021-07-05 03:43:17 GSD insert 第 1 次 等待 1 秒
2021-07-05 03:43:18 {"status":"ok","msg":"添加成功！195111"}
2021-07-05 03:43:18 下次操作: 2021-07-05 03:43:34

2021-07-05 03:43:34 开始第 20 次操作

2021-07-05 03:43:34 开始操作号码 【1306971】
2021-07-05 03:43:38 GSD getOne 第 1 次 等待 1 秒
2021-07-05 03:43:39 查询号码 【1306971】，返回信息 {"status":"bad","msg":""}
2021-07-05 03:43:39 查询号码 【1306971】，GSD为【""】
2021-07-05 03:43:39 bad
2021-07-05 03:43:44 CHB 1306971?1625427819 第 1 次 等待 1 秒
2021-07-05 03:43:45 CHB 1306971?1625427819 第 1 次 获取到号码【1306971】GSD
2021-07-05 03:43:45 获取到号码【1306971】的GSD为【黑龙江-哈尔滨】
2021-07-05 03:43:49 GSD insert 第 1 次 等待 1 秒
2021-07-05 03:43:50 {"status":"ok","msg":"添加成功！195119"}
2021-07-05 03:43:50 下次操作: 2021-07-05 03:44:03

2021-07-05 03:44:03 开始第 21 次操作

2021-07-05 03:44:03 开始操作号码 【1306970】
2021-07-05 03:44:07 GSD getOne 第 1 次 等待 1 秒
2021-07-05 03:44:08 查询号码 【1306970】，返回信息 {"status":"bad","msg":""}
2021-07-05 03:44:08 查询号码 【1306970】，GSD为【""】
2021-07-05 03:44:08 bad
2021-07-05 03:44:09 CHB 1306970?1625427848 第 1 次 等待 1 秒
2021-07-05 03:44:10 CHB 1306970?1625427848 第 1 次 获取到号码【1306970】GSD
2021-07-05 03:44:10 获取到号码【1306970】的GSD为【黑龙江-哈尔滨】
2021-07-05 03:44:14 GSD insert 第 1 次 等待 1 秒
2021-07-05 03:44:15 {"status":"ok","msg":"添加成功！195126"}
2021-07-05 03:44:15 下次操作: 2021-07-05 03:44:21

2021-07-05 03:44:21 开始第 22 次操作

2021-07-05 03:44:21 开始操作号码 【1306969】
2021-07-05 03:44:25 GSD getOne 第 1 次 等待 1 秒
2021-07-05 03:44:26 查询号码 【1306969】，返回信息 {"status":"bad","msg":""}
2021-07-05 03:44:26 查询号码 【1306969】，GSD为【""】
2021-07-05 03:44:26 bad
2021-07-05 03:44:27 CHB 1306969?1625427866 第 1 次 等待 1 秒
2021-07-05 03:44:28 CHB 1306969?1625427866 第 1 次 获取到号码【1306969】GSD
2021-07-05 03:44:28 获取到号码【1306969】的GSD为【黑龙江-大庆】
2021-07-05 03:44:32 GSD insert 第 1 次 等待 1 秒
2021-07-05 03:44:33 {"status":"ok","msg":"添加成功！195131"}
2021-07-05 03:44:33 下次操作: 2021-07-05 03:44:45

2021-07-05 03:44:45 开始第 23 次操作

2021-07-05 03:44:45 开始操作号码 【1306968】
2021-07-05 03:44:49 GSD getOne 第 1 次 等待 1 秒
2021-07-05 03:44:50 查询号码 【1306968】，返回信息 {"status":"bad","msg":""}
2021-07-05 03:44:50 查询号码 【1306968】，GSD为【""】
2021-07-05 03:44:50 bad
2021-07-05 03:44:51 CHB 1306968?1625427890 第 1 次 等待 1 秒
2021-07-05 03:44:52 CHB 1306968?1625427890 第 1 次 获取到号码【1306968】GSD
2021-07-05 03:44:52 获取到号码【1306968】的GSD为【黑龙江-齐齐哈尔】
2021-07-05 03:44:56 GSD insert 第 1 次 等待 1 秒
2021-07-05 03:44:57 {"status":"ok","msg":"添加成功！195138"}
2021-07-05 03:44:57 下次操作: 2021-07-05 03:45:13

2021-07-05 03:45:13 开始第 24 次操作

2021-07-05 03:45:13 开始操作号码 【1306967】
2021-07-05 03:45:17 GSD getOne 第 1 次 等待 1 秒
2021-07-05 03:45:18 查询号码 【1306967】，返回信息 {"status":"bad","msg":""}
2021-07-05 03:45:18 查询号码 【1306967】，GSD为【""】
2021-07-05 03:45:18 bad
2021-07-05 03:45:19 CHB 1306967?1625427918 第 1 次 等待 1 秒
2021-07-05 03:45:20 CHB 1306967?1625427918 第 1 次 获取到号码【1306967】GSD
2021-07-05 03:45:20 获取到号码【1306967】的GSD为【黑龙江-大庆】
2021-07-05 03:45:23 GSD insert 第 1 次 等待 1 秒
2021-07-05 03:45:24 {"status":"ok","msg":"添加成功！195144"}
2021-07-05 03:45:24 下次操作: 2021-07-05 03:45:35

2021-07-05 03:45:35 开始第 25 次操作

2021-07-05 03:45:35 开始操作号码 【1306966】
2021-07-05 03:45:39 GSD getOne 第 1 次 等待 1 秒
2021-07-05 03:45:40 查询号码 【1306966】，返回信息 {"status":"bad","msg":""}
2021-07-05 03:45:40 查询号码 【1306966】，GSD为【""】
2021-07-05 03:45:40 bad
2021-07-05 03:45:42 CHB 1306966?1625427940 第 1 次 等待 1 秒
2021-07-05 03:45:43 CHB 1306966?1625427940 第 1 次 获取到号码【1306966】GSD
2021-07-05 03:45:43 获取到号码【1306966】的GSD为【黑龙江-大庆】
2021-07-05 03:45:46 GSD insert 第 1 次 等待 1 秒
2021-07-05 03:45:47 {"status":"ok","msg":"添加成功！195151"}
2021-07-05 03:45:47 下次操作: 2021-07-05 03:45:56

2021-07-05 03:45:56 开始第 26 次操作

2021-07-05 03:45:56 开始操作号码 【1306965】
2021-07-05 03:46:00 GSD getOne 第 1 次 等待 1 秒
2021-07-05 03:46:01 查询号码 【1306965】，返回信息 {"status":"bad","msg":""}
2021-07-05 03:46:01 查询号码 【1306965】，GSD为【""】
2021-07-05 03:46:01 bad
2021-07-05 03:46:02 CHB 1306965?1625427961 第 1 次 等待 1 秒
2021-07-05 03:46:03 CHB 1306965?1625427961 第 1 次 获取到号码【1306965】GSD
2021-07-05 03:46:03 获取到号码【1306965】的GSD为【黑龙江-大庆】
2021-07-05 03:46:07 GSD insert 第 1 次 等待 1 秒
2021-07-05 03:46:08 {"status":"ok","msg":"添加成功！195156"}
2021-07-05 03:46:08 下次操作: 2021-07-05 03:46:20

2021-07-05 03:46:20 开始第 27 次操作

2021-07-05 03:46:20 开始操作号码 【1306964】
2021-07-05 03:46:24 GSD getOne 第 1 次 等待 1 秒
2021-07-05 03:46:25 查询号码 【1306964】，返回信息 {"status":"bad","msg":""}
2021-07-05 03:46:25 查询号码 【1306964】，GSD为【""】
2021-07-05 03:46:25 bad
2021-07-05 03:46:26 CHB 1306964?1625427985 第 1 次 等待 1 秒
2021-07-05 03:46:27 CHB 1306964?1625427985 第 1 次 获取到号码【1306964】GSD
2021-07-05 03:46:27 获取到号码【1306964】的GSD为【黑龙江-大庆】
2021-07-05 03:46:31 GSD insert 第 1 次 等待 1 秒
2021-07-05 03:46:32 {"status":"ok","msg":"添加成功！195162"}
2021-07-05 03:46:32 下次操作: 2021-07-05 03:46:40

2021-07-05 03:46:40 开始第 28 次操作

2021-07-05 03:46:40 开始操作号码 【1306963】
2021-07-05 03:46:43 GSD getOne 第 1 次 等待 1 秒
2021-07-05 03:46:44 查询号码 【1306963】，返回信息 {"status":"bad","msg":""}
2021-07-05 03:46:44 查询号码 【1306963】，GSD为【""】
2021-07-05 03:46:44 bad
2021-07-05 03:46:46 CHB 1306963?1625428004 第 1 次 等待 1 秒
2021-07-05 03:46:47 CHB 1306963?1625428004 第 1 次 获取到号码【1306963】GSD
2021-07-05 03:46:47 获取到号码【1306963】的GSD为【黑龙江-齐齐哈尔】
2021-07-05 03:46:50 GSD insert 第 1 次 等待 1 秒
2021-07-05 03:46:51 {"status":"ok","msg":"添加成功！195166"}
2021-07-05 03:46:51 下次操作: 2021-07-05 03:47:05

2021-07-05 03:47:05 开始第 29 次操作

2021-07-05 03:47:05 开始操作号码 【1306962】
2021-07-05 03:47:09 GSD getOne 第 1 次 等待 1 秒
2021-07-05 03:47:10 查询号码 【1306962】，返回信息 {"status":"bad","msg":""}
2021-07-05 03:47:10 查询号码 【1306962】，GSD为【""】
2021-07-05 03:47:10 bad
2021-07-05 03:47:16 CHB 1306962?1625428030 第 1 次 等待 1 秒
2021-07-05 03:47:17 CHB 1306962?1625428030 第 1 次 获取到号码【1306962】GSD
2021-07-05 03:47:17 获取到号码【1306962】的GSD为【黑龙江-大庆】
2021-07-05 03:47:21 GSD insert 第 1 次 等待 1 秒
2021-07-05 03:47:22 {"status":"ok","msg":"添加成功！195175"}
2021-07-05 03:47:22 下次操作: 2021-07-05 03:47:34

2021-07-05 03:47:34 开始第 30 次操作

2021-07-05 03:47:34 开始操作号码 【1306961】
2021-07-05 03:47:37 GSD getOne 第 1 次 等待 1 秒
2021-07-05 03:47:38 查询号码 【1306961】，返回信息 {"status":"bad","msg":""}
2021-07-05 03:47:39 查询号码 【1306961】，GSD为【""】
2021-07-05 03:47:39 bad
2021-07-05 03:47:40 CHB 1306961?1625428059 第 1 次 等待 1 秒
2021-07-05 03:47:41 CHB 1306961?1625428059 第 1 次 获取到号码【1306961】GSD
2021-07-05 03:47:41 获取到号码【1306961】的GSD为【黑龙江-大庆】
2021-07-05 03:47:44 GSD insert 第 1 次 等待 1 秒
2021-07-05 03:47:45 {"status":"ok","msg":"添加成功！195181"}

