2023-12-26 00:21:59 开始第 5145 次操作

2023-12-26 00:21:59 开始操作号码 【1855064】
2023-12-26 00:22:08 GSD getOne 第 1 次 等待 3 秒
2023-12-26 00:22:11 查询号码 【1855064】，返回信息 {"status":"ok","msg":"江苏-苏州","gid":"454345","time_insert":"2021-07-31 09:37"}
2023-12-26 00:22:11 查询号码 【1855064】，GSD为【"江苏-苏州"】

2023-12-26 00:22:12 开始第 5146 次操作

2023-12-26 00:22:12 开始操作号码 【1855065】
2023-12-26 00:22:18 GSD getOne 第 1 次 等待 3 秒
2023-12-26 00:22:21 查询号码 【1855065】，返回信息 {"status":"ok","msg":"江苏-苏州","gid":"454150","time_insert":"2021-07-31 08:00"}
2023-12-26 00:22:21 查询号码 【1855065】，GSD为【"江苏-苏州"】

2023-12-26 00:22:22 开始第 5147 次操作

2023-12-26 00:22:22 开始操作号码 【1855066】
2023-12-26 00:22:26 GSD getOne 第 1 次 等待 3 秒
2023-12-26 00:22:29 查询号码 【1855066】，返回信息 {"status":"ok","msg":"江苏-盐城","gid":"454142","time_insert":"2021-07-31 08:00"}
2023-12-26 00:22:29 查询号码 【1855066】，GSD为【"江苏-盐城"】

2023-12-26 00:22:30 开始第 5148 次操作

2023-12-26 00:22:30 开始操作号码 【1855067】
2023-12-26 00:22:34 GSD getOne 第 1 次 等待 3 秒
2023-12-26 00:22:37 查询号码 【1855067】，返回信息 {"status":"ok","msg":"江苏-盐城","gid":"454133","time_insert":"2021-07-31 07:59"}
2023-12-26 00:22:37 查询号码 【1855067】，GSD为【"江苏-盐城"】

2023-12-26 00:40:19 开始第 5149 次操作

2023-12-26 00:40:19 开始操作号码 【1855068】
2023-12-26 00:40:24 GSD getOne 第 1 次 等待 3 秒
2023-12-26 00:40:27 查询号码 【1855068】，返回信息 {"status":"ok","msg":"江苏-盐城","gid":"454120","time_insert":"2021-07-31 07:59"}
2023-12-26 00:40:27 查询号码 【1855068】，GSD为【"江苏-盐城"】

2023-12-26 00:40:28 开始第 5150 次操作

2023-12-26 00:40:28 开始操作号码 【1855069】
2023-12-26 00:40:34 GSD getOne 第 1 次 等待 3 秒
2023-12-26 00:40:37 查询号码 【1855069】，返回信息 {"status":"ok","msg":"江苏-连云港","gid":"454112","time_insert":"2021-07-31 07:58"}
2023-12-26 00:40:37 查询号码 【1855069】，GSD为【"江苏-连云港"】

2023-12-26 00:40:38 开始第 5151 次操作

2023-12-26 00:40:38 开始操作号码 【1855070】
2023-12-26 00:40:42 GSD getOne 第 1 次 等待 3 秒
2023-12-26 00:40:45 查询号码 【1855070】，返回信息 {"status":"ok","msg":"江苏-扬州","gid":"454099","time_insert":"2021-07-31 07:57"}
2023-12-26 00:40:45 查询号码 【1855070】，GSD为【"江苏-扬州"】

2023-12-26 00:40:46 开始第 5152 次操作

2023-12-26 00:40:46 开始操作号码 【1855071】
2023-12-26 00:40:50 GSD getOne 第 1 次 等待 3 秒
2023-12-26 00:40:53 查询号码 【1855071】，返回信息 {"status":"ok","msg":"江苏-淮安","gid":"454089","time_insert":"2021-07-31 07:57"}
2023-12-26 00:40:53 查询号码 【1855071】，GSD为【"江苏-淮安"】

