2021-07-10 00:00:06 开始第 26 次操作

2021-07-10 00:00:06 开始操作号码 【1776920】
2021-07-10 00:00:15 GSD getOne 第 1 次 等待 1 秒
2021-07-10 00:00:16 查询号码 【1776920】，返回信息 {"status":"bad","msg":""}
2021-07-10 00:00:16 查询号码 【1776920】，GSD为【""】
2021-07-10 00:00:16 bad
2021-07-10 00:00:24 CHB 1776920?1625846416 第 1 次 等待 1 秒
2021-07-10 00:00:25 CHB 1776920?1625846416 第 1 次 获取到号码【1776920】GSD
2021-07-10 00:00:25 获取到号码【1776920】的GSD为【湖南-张家界】
2021-07-10 00:00:37 GSD insert 第 1 次 等待 1 秒
2021-07-10 00:00:38 {"status":"ok","msg":"添加成功！234992"}
2021-07-10 00:00:38 下次操作: 2021-07-10 00:00:52

2021-07-10 00:00:52 开始第 27 次操作

2021-07-10 00:00:52 开始操作号码 【1776919】
2021-07-10 00:00:57 GSD getOne 第 1 次 等待 1 秒
2021-07-10 00:00:58 查询号码 【1776919】，返回信息 {"status":"bad","msg":""}
2021-07-10 00:00:58 查询号码 【1776919】，GSD为【""】
2021-07-10 00:00:58 bad
2021-07-10 00:01:01 CHB 1776919?1625846458 第 1 次 等待 1 秒
2021-07-10 00:01:02 CHB 1776919?1625846458 第 1 次 获取到号码【1776919】GSD
2021-07-10 00:01:02 获取到号码【1776919】的GSD为【陕西-渭南】
2021-07-10 00:01:10 GSD insert 第 1 次 等待 1 秒
2021-07-10 00:01:11 {"status":"ok","msg":"添加成功！235001"}
2021-07-10 00:01:11 下次操作: 2021-07-10 00:01:19

2021-07-10 00:01:19 开始第 28 次操作

2021-07-10 00:01:19 开始操作号码 【1776918】
2021-07-10 00:01:28 GSD getOne 第 1 次 等待 1 秒
2021-07-10 00:01:29 查询号码 【1776918】，返回信息 {"status":"bad","msg":""}
2021-07-10 00:01:29 查询号码 【1776918】，GSD为【""】
2021-07-10 00:01:29 bad
2021-07-10 00:01:35 CHB 1776918?1625846489 第 1 次 等待 1 秒
2021-07-10 00:01:36 CHB 1776918?1625846489 第 1 次 获取到号码【1776918】GSD
2021-07-10 00:01:36 获取到号码【1776918】的GSD为【陕西-渭南】
2021-07-10 00:01:41 GSD insert 第 1 次 等待 1 秒
2021-07-10 00:01:42 {"status":"ok","msg":"添加成功！235010"}
2021-07-10 00:01:42 下次操作: 2021-07-10 00:01:50

2021-07-10 00:01:50 开始第 29 次操作

2021-07-10 00:01:50 开始操作号码 【1776917】
2021-07-10 00:01:57 GSD getOne 第 1 次 等待 1 秒
2021-07-10 00:01:58 查询号码 【1776917】，返回信息 {"status":"bad","msg":""}
2021-07-10 00:01:58 查询号码 【1776917】，GSD为【""】
2021-07-10 00:01:58 bad
2021-07-10 00:01:59 CHB 1776917?1625846518 第 1 次 等待 1 秒
2021-07-10 00:02:00 CHB 1776917?1625846518 第 1 次 获取到号码【1776917】GSD
2021-07-10 00:02:00 获取到号码【1776917】的GSD为【陕西-渭南】
2021-07-10 00:02:05 GSD insert 第 1 次 等待 1 秒
2021-07-10 00:02:06 {"status":"ok","msg":"添加成功！235015"}
2021-07-10 00:02:06 下次操作: 2021-07-10 00:02:14

2021-07-10 00:02:14 开始第 30 次操作

2021-07-10 00:02:14 开始操作号码 【1776916】
2021-07-10 00:02:16 GSD getOne 第 1 次 等待 1 秒
2021-07-10 00:02:17 查询号码 【1776916】，返回信息 {"status":"bad","msg":""}
2021-07-10 00:02:17 查询号码 【1776916】，GSD为【""】
2021-07-10 00:02:17 bad
2021-07-10 00:02:19 CHB 1776916?1625846537 第 1 次 等待 1 秒
2021-07-10 00:02:20 CHB 1776916?1625846537 第 1 次 获取到号码【1776916】GSD
2021-07-10 00:02:20 获取到号码【1776916】的GSD为【陕西-渭南】
2021-07-10 00:02:21 GSD insert 第 1 次 等待 1 秒
2021-07-10 00:02:25 GSD insert 第 2 次 等待 1 秒
2021-07-10 00:02:26 {"status":"ok","msg":"添加成功！235019"}

2021-07-10 01:03:06 开始第 1 次操作

2021-07-10 01:03:06 开始操作号码 【1776915】
2021-07-10 01:03:09 GSD getOne 第 1 次 等待 1 秒
2021-07-10 01:03:10 查询号码 【1776915】，返回信息 {"status":"bad","msg":""}
2021-07-10 01:03:10 查询号码 【1776915】，GSD为【""】
2021-07-10 01:03:10 bad
2021-07-10 01:03:13 CHB 1776915?1625850190 第 1 次 等待 1 秒
2021-07-10 01:03:14 CHB 1776915?1625850190 第 1 次 获取到号码【1776915】GSD
2021-07-10 01:03:15 获取到号码【1776915】的GSD为【陕西-渭南】
2021-07-10 01:03:23 GSD insert 第 1 次 等待 1 秒
2021-07-10 01:03:24 {"status":"ok","msg":"添加成功！235234"}
2021-07-10 01:03:24 下次操作: 2021-07-10 01:03:42

2021-07-10 01:03:42 开始第 2 次操作

2021-07-10 01:03:42 开始操作号码 【1776914】
2021-07-10 01:03:46 GSD getOne 第 1 次 等待 1 秒
2021-07-10 01:03:47 查询号码 【1776914】，返回信息 {"status":"ok","msg":"陕西-渭南","time_insert":"2016-10-11 19:16","time_update":"2020-12-08 13:14"}
2021-07-10 01:03:47 查询号码 【1776914】，GSD为【"陕西-渭南"】

2021-07-10 01:03:47 开始第 2 次操作

2021-07-10 01:03:47 开始操作号码 【1776913】
2021-07-10 01:03:58 GSD getOne 第 1 次 等待 1 秒
2021-07-10 01:03:59 查询号码 【1776913】，返回信息 {"status":"bad","msg":""}
2021-07-10 01:03:59 查询号码 【1776913】，GSD为【""】
2021-07-10 01:03:59 bad
2021-07-10 01:04:01 CHB 1776913?1625850239 第 1 次 等待 1 秒
2021-07-10 01:04:02 CHB 1776913?1625850239 第 1 次 获取到号码【1776913】GSD
2021-07-10 01:04:02 获取到号码【1776913】的GSD为【陕西-渭南】
2021-07-10 01:04:04 GSD insert 第 1 次 等待 1 秒
2021-07-10 01:04:05 {"status":"ok","msg":"添加成功！235242"}
2021-07-10 01:04:05 下次操作: 2021-07-10 01:04:18

2021-07-10 01:04:18 开始第 3 次操作

2021-07-10 01:04:18 开始操作号码 【1776912】
2021-07-10 01:04:23 GSD getOne 第 1 次 等待 1 秒
2021-07-10 01:04:24 查询号码 【1776912】，返回信息 {"status":"bad","msg":""}
2021-07-10 01:04:24 查询号码 【1776912】，GSD为【""】
2021-07-10 01:04:24 bad
2021-07-10 01:04:27 CHB 1776912?1625850264 第 1 次 等待 1 秒
2021-07-10 01:04:28 CHB 1776912?1625850264 第 1 次 获取到号码【1776912】GSD
2021-07-10 01:04:28 获取到号码【1776912】的GSD为【陕西-渭南】
2021-07-10 01:04:34 GSD insert 第 1 次 等待 1 秒
2021-07-10 01:04:35 {"status":"ok","msg":"添加成功！235246"}
2021-07-10 01:04:35 下次操作: 2021-07-10 01:04:41

2021-07-10 01:04:41 开始第 4 次操作

2021-07-10 01:04:41 开始操作号码 【1776911】
2021-07-10 01:04:46 GSD getOne 第 1 次 等待 1 秒
2021-07-10 01:04:47 查询号码 【1776911】，返回信息 {"status":"bad","msg":""}
2021-07-10 01:04:47 查询号码 【1776911】，GSD为【""】
2021-07-10 01:04:47 bad
2021-07-10 01:04:50 CHB 1776911?1625850287 第 1 次 等待 1 秒
2021-07-10 01:04:51 CHB 1776911?1625850287 第 1 次 获取到号码【1776911】GSD
2021-07-10 01:04:51 获取到号码【1776911】的GSD为【陕西-渭南】
2021-07-10 01:04:54 GSD insert 第 1 次 等待 1 秒
2021-07-10 01:04:55 {"status":"ok","msg":"添加成功！235248"}
2021-07-10 01:04:55 下次操作: 2021-07-10 01:05:03

2021-07-10 01:05:03 开始第 5 次操作

2021-07-10 01:05:03 开始操作号码 【1776910】
2021-07-10 01:05:08 GSD getOne 第 1 次 等待 1 秒
2021-07-10 01:05:09 查询号码 【1776910】，返回信息 {"status":"bad","msg":""}
2021-07-10 01:05:09 查询号码 【1776910】，GSD为【""】
2021-07-10 01:05:09 bad
2021-07-10 01:05:11 CHB 1776910?1625850309 第 1 次 等待 1 秒
2021-07-10 01:05:12 CHB 1776910?1625850309 第 1 次 获取到号码【1776910】GSD
2021-07-10 01:05:12 获取到号码【1776910】的GSD为【陕西-渭南】
2021-07-10 01:05:19 GSD insert 第 1 次 等待 1 秒
2021-07-10 01:05:20 {"status":"ok","msg":"添加成功！235252"}
2021-07-10 01:05:20 下次操作: 2021-07-10 01:05:37

2021-07-10 01:05:37 开始第 6 次操作

2021-07-10 01:05:37 开始操作号码 【1776909】
2021-07-10 01:05:41 GSD getOne 第 1 次 等待 1 秒
2021-07-10 01:05:42 查询号码 【1776909】，返回信息 {"status":"bad","msg":""}
2021-07-10 01:05:42 查询号码 【1776909】，GSD为【""】
2021-07-10 01:05:42 bad
2021-07-10 01:05:44 CHB 1776909?1625850342 第 1 次 等待 1 秒
2021-07-10 01:05:45 CHB 1776909?1625850342 第 1 次 获取到号码【1776909】GSD
2021-07-10 01:05:45 获取到号码【1776909】的GSD为【河北-承德】
2021-07-10 01:05:47 GSD insert 第 1 次 等待 1 秒
2021-07-10 01:05:48 {"status":"ok","msg":"添加成功！235256"}
2021-07-10 01:05:48 下次操作: 2021-07-10 01:05:59

2021-07-10 01:05:59 开始第 7 次操作

2021-07-10 01:05:59 开始操作号码 【1776908】
2021-07-10 01:06:03 GSD getOne 第 1 次 等待 1 秒
2021-07-10 01:06:04 查询号码 【1776908】，返回信息 {"status":"bad","msg":""}
2021-07-10 01:06:04 查询号码 【1776908】，GSD为【""】
2021-07-10 01:06:04 bad
2021-07-10 01:06:07 CHB 1776908?1625850364 第 1 次 等待 1 秒
2021-07-10 01:06:08 CHB 1776908?1625850364 第 1 次 获取到号码【1776908】GSD
2021-07-10 01:06:08 获取到号码【1776908】的GSD为【河北-邯郸】
2021-07-10 01:06:11 GSD insert 第 1 次 等待 1 秒
2021-07-10 01:06:12 {"status":"ok","msg":"添加成功！235261"}
2021-07-10 01:06:12 下次操作: 2021-07-10 01:06:29

2021-07-10 01:06:29 开始第 8 次操作

2021-07-10 01:06:29 开始操作号码 【1776907】
2021-07-10 01:06:31 GSD getOne 第 1 次 等待 1 秒
2021-07-10 01:06:32 查询号码 【1776907】，返回信息 {"status":"bad","msg":""}
2021-07-10 01:06:32 查询号码 【1776907】，GSD为【""】
2021-07-10 01:06:32 bad
2021-07-10 01:06:34 CHB 1776907?1625850392 第 1 次 等待 1 秒
2021-07-10 01:06:35 CHB 1776907?1625850392 第 1 次 获取到号码【1776907】GSD
2021-07-10 01:06:35 获取到号码【1776907】的GSD为【河北-邯郸】
2021-07-10 01:06:39 GSD insert 第 1 次 等待 1 秒
2021-07-10 01:06:40 {"status":"ok","msg":"添加成功！235268"}
2021-07-10 01:06:40 下次操作: 2021-07-10 01:06:53

2021-07-10 01:06:53 开始第 9 次操作

2021-07-10 01:06:53 开始操作号码 【1776906】
2021-07-10 01:06:55 GSD getOne 第 1 次 等待 1 秒
2021-07-10 01:06:56 查询号码 【1776906】，返回信息 {"status":"bad","msg":""}
2021-07-10 01:06:56 查询号码 【1776906】，GSD为【""】
2021-07-10 01:06:56 bad
2021-07-10 01:06:59 CHB 1776906?1625850416 第 1 次 等待 1 秒
2021-07-10 01:07:00 CHB 1776906?1625850416 第 1 次 获取到号码【1776906】GSD
2021-07-10 01:07:00 获取到号码【1776906】的GSD为【河北-保定】
2021-07-10 01:07:04 GSD insert 第 1 次 等待 1 秒
2021-07-10 01:07:05 {"status":"ok","msg":"添加成功！235273"}
2021-07-10 01:07:05 下次操作: 2021-07-10 01:07:16

2021-07-10 01:07:16 开始第 10 次操作

2021-07-10 01:07:16 开始操作号码 【1776905】
2021-07-10 01:07:19 GSD getOne 第 1 次 等待 1 秒
2021-07-10 01:07:20 查询号码 【1776905】，返回信息 {"status":"bad","msg":""}
2021-07-10 01:07:20 查询号码 【1776905】，GSD为【""】
2021-07-10 01:07:20 bad
2021-07-10 01:07:23 CHB 1776905?1625850440 第 1 次 等待 1 秒
2021-07-10 01:07:24 CHB 1776905?1625850440 第 1 次 获取到号码【1776905】GSD
2021-07-10 01:07:24 获取到号码【1776905】的GSD为【河北-保定】
2021-07-10 01:07:28 GSD insert 第 1 次 等待 1 秒
2021-07-10 01:07:29 {"status":"ok","msg":"添加成功！235280"}
2021-07-10 01:07:29 下次操作: 2021-07-10 01:07:39

2021-07-10 01:07:39 开始第 11 次操作

2021-07-10 01:07:39 开始操作号码 【1776904】
2021-07-10 01:07:41 GSD getOne 第 1 次 等待 1 秒
2021-07-10 01:07:42 查询号码 【1776904】，返回信息 {"status":"bad","msg":""}
2021-07-10 01:07:42 查询号码 【1776904】，GSD为【""】
2021-07-10 01:07:42 bad
2021-07-10 01:07:47 CHB 1776904?1625850462 第 1 次 等待 1 秒
2021-07-10 01:07:48 CHB 1776904?1625850462 第 1 次 获取到号码【1776904】GSD
2021-07-10 01:07:48 获取到号码【1776904】的GSD为【河北-石家庄】
2021-07-10 01:07:55 GSD insert 第 1 次 等待 1 秒
2021-07-10 01:07:56 {"status":"ok","msg":"添加成功！235286"}
2021-07-10 01:07:56 下次操作: 2021-07-10 01:08:14

2021-07-10 01:08:14 开始第 12 次操作

2021-07-10 01:08:14 开始操作号码 【1776903】
2021-07-10 01:08:18 GSD getOne 第 1 次 等待 1 秒
2021-07-10 01:08:19 查询号码 【1776903】，返回信息 {"status":"bad","msg":""}
2021-07-10 01:08:19 查询号码 【1776903】，GSD为【""】
2021-07-10 01:08:19 bad
2021-07-10 01:08:21 CHB 1776903?1625850499 第 1 次 等待 1 秒
2021-07-10 01:08:22 CHB 1776903?1625850499 第 1 次 获取到号码【1776903】GSD
2021-07-10 01:08:22 获取到号码【1776903】的GSD为【河北-石家庄】
2021-07-10 01:08:29 GSD insert 第 1 次 等待 1 秒
2021-07-10 01:08:30 {"status":"ok","msg":"添加成功！235292"}
2021-07-10 01:08:30 下次操作: 2021-07-10 01:08:46

2021-07-10 01:08:46 开始第 13 次操作

2021-07-10 01:08:46 开始操作号码 【1776902】
2021-07-10 01:08:55 GSD getOne 第 1 次 等待 1 秒
2021-07-10 01:08:56 查询号码 【1776902】，返回信息 {"status":"bad","msg":""}
2021-07-10 01:08:56 查询号码 【1776902】，GSD为【""】
2021-07-10 01:08:56 bad
2021-07-10 01:08:58 CHB 1776902?1625850536 第 1 次 等待 1 秒
2021-07-10 01:08:59 CHB 1776902?1625850536 第 1 次 获取到号码【1776902】GSD
2021-07-10 01:08:59 获取到号码【1776902】的GSD为【河北-石家庄】
2021-07-10 01:09:03 GSD insert 第 1 次 等待 1 秒
2021-07-10 01:09:04 {"status":"ok","msg":"添加成功！235299"}
2021-07-10 01:09:04 下次操作: 2021-07-10 01:09:19

2021-07-10 01:09:19 开始第 14 次操作

2021-07-10 01:09:19 开始操作号码 【1776901】
2021-07-10 01:09:21 GSD getOne 第 1 次 等待 1 秒
2021-07-10 01:09:22 查询号码 【1776901】，返回信息 {"status":"bad","msg":""}
2021-07-10 01:09:22 查询号码 【1776901】，GSD为【""】
2021-07-10 01:09:22 bad
2021-07-10 01:09:24 CHB 1776901?1625850562 第 1 次 等待 1 秒
2021-07-10 01:09:25 CHB 1776901?1625850562 第 1 次 获取到号码【1776901】GSD
2021-07-10 01:09:25 获取到号码【1776901】的GSD为【河北-石家庄】
2021-07-10 01:09:32 GSD insert 第 1 次 等待 1 秒
2021-07-10 01:09:33 {"status":"ok","msg":"添加成功！235305"}
2021-07-10 01:09:33 下次操作: 2021-07-10 01:09:42

2021-07-10 01:09:42 开始第 15 次操作

2021-07-10 01:09:42 开始操作号码 【1776900】
2021-07-10 01:09:47 GSD getOne 第 1 次 等待 1 秒
2021-07-10 01:09:48 查询号码 【1776900】，返回信息 {"status":"bad","msg":""}
2021-07-10 01:09:48 查询号码 【1776900】，GSD为【""】
2021-07-10 01:09:48 bad
2021-07-10 01:09:51 CHB 1776900?1625850588 第 1 次 等待 1 秒
2021-07-10 01:09:52 CHB 1776900?1625850588 第 1 次 获取到号码【1776900】GSD
2021-07-10 01:09:52 获取到号码【1776900】的GSD为【河北-石家庄】
2021-07-10 01:09:58 GSD insert 第 1 次 等待 1 秒
2021-07-10 01:09:59 {"status":"ok","msg":"添加成功！235310"}
2021-07-10 01:09:59 下次操作: 2021-07-10 01:10:13

2021-07-10 01:10:13 开始第 16 次操作

2021-07-10 01:10:13 开始操作号码 【1776899】
2021-07-10 01:10:18 GSD getOne 第 1 次 等待 1 秒
2021-07-10 01:10:19 查询号码 【1776899】，返回信息 {"status":"bad","msg":""}
2021-07-10 01:10:19 查询号码 【1776899】，GSD为【""】
2021-07-10 01:10:19 bad
2021-07-10 01:10:21 CHB 1776899?1625850619 第 1 次 等待 1 秒
2021-07-10 01:10:22 CHB 1776899?1625850619 第 1 次 获取到号码【1776899】GSD
2021-07-10 01:10:22 获取到号码【1776899】的GSD为【江苏-连云港】
2021-07-10 01:10:26 GSD insert 第 1 次 等待 1 秒
2021-07-10 01:10:27 {"status":"ok","msg":"添加成功！235315"}
2021-07-10 01:10:27 下次操作: 2021-07-10 01:10:42

2021-07-10 01:10:42 开始第 17 次操作

2021-07-10 01:10:42 开始操作号码 【1776898】
2021-07-10 01:10:47 GSD getOne 第 1 次 等待 1 秒
2021-07-10 01:10:48 查询号码 【1776898】，返回信息 {"status":"bad","msg":""}
2021-07-10 01:10:48 查询号码 【1776898】，GSD为【""】
2021-07-10 01:10:48 bad
2021-07-10 01:10:51 CHB 1776898?1625850648 第 1 次 等待 1 秒
2021-07-10 01:10:52 CHB 1776898?1625850648 第 1 次 获取到号码【1776898】GSD
2021-07-10 01:10:52 获取到号码【1776898】的GSD为【江苏-徐州】
2021-07-10 01:10:58 GSD insert 第 1 次 等待 1 秒
2021-07-10 01:10:59 {"status":"ok","msg":"添加成功！235323"}
2021-07-10 01:10:59 下次操作: 2021-07-10 01:11:09

2021-07-10 01:11:09 开始第 18 次操作

2021-07-10 01:11:09 开始操作号码 【1776897】
2021-07-10 01:11:13 GSD getOne 第 1 次 等待 1 秒
2021-07-10 01:11:14 查询号码 【1776897】，返回信息 {"status":"bad","msg":""}
2021-07-10 01:11:14 查询号码 【1776897】，GSD为【""】
2021-07-10 01:11:14 bad
2021-07-10 01:11:16 CHB 1776897?1625850674 第 1 次 等待 1 秒
2021-07-10 01:11:17 CHB 1776897?1625850674 第 1 次 获取到号码【1776897】GSD
2021-07-10 01:11:17 获取到号码【1776897】的GSD为【江苏-盐城】
2021-07-10 01:11:21 GSD insert 第 1 次 等待 1 秒
2021-07-10 01:11:22 {"status":"ok","msg":"添加成功！235329"}
2021-07-10 01:11:22 下次操作: 2021-07-10 01:11:36

2021-07-10 01:11:36 开始第 19 次操作

2021-07-10 01:11:36 开始操作号码 【1776896】
2021-07-10 01:11:40 GSD getOne 第 1 次 等待 1 秒
2021-07-10 01:11:41 查询号码 【1776896】，返回信息 {"status":"bad","msg":""}
2021-07-10 01:11:41 查询号码 【1776896】，GSD为【""】
2021-07-10 01:11:41 bad
2021-07-10 01:11:43 CHB 1776896?1625850701 第 1 次 等待 1 秒
2021-07-10 01:11:44 CHB 1776896?1625850701 第 1 次 获取到号码【1776896】GSD
2021-07-10 01:11:44 获取到号码【1776896】的GSD为【江苏-盐城】
2021-07-10 01:11:48 GSD insert 第 1 次 等待 1 秒
2021-07-10 01:11:49 {"status":"ok","msg":"添加成功！235336"}
2021-07-10 01:11:49 下次操作: 2021-07-10 01:11:59

2021-07-10 01:11:59 开始第 20 次操作

2021-07-10 01:11:59 开始操作号码 【1776895】
2021-07-10 01:12:03 GSD getOne 第 1 次 等待 1 秒
2021-07-10 01:12:04 查询号码 【1776895】，返回信息 {"status":"bad","msg":""}
2021-07-10 01:12:04 查询号码 【1776895】，GSD为【""】
2021-07-10 01:12:04 bad
2021-07-10 01:12:05 CHB 1776895?1625850724 第 1 次 等待 1 秒
2021-07-10 01:12:06 CHB 1776895?1625850724 第 1 次 获取到号码【1776895】GSD
2021-07-10 01:12:07 获取到号码【1776895】的GSD为【江苏-盐城】
2021-07-10 01:12:09 GSD insert 第 1 次 等待 1 秒
2021-07-10 01:12:10 {"status":"ok","msg":"添加成功！235341"}
2021-07-10 01:12:10 下次操作: 2021-07-10 01:12:27

2021-07-10 01:12:27 开始第 21 次操作

2021-07-10 01:12:27 开始操作号码 【1776894】
2021-07-10 01:12:30 GSD getOne 第 1 次 等待 1 秒
2021-07-10 01:12:31 查询号码 【1776894】，返回信息 {"status":"bad","msg":""}
2021-07-10 01:12:31 查询号码 【1776894】，GSD为【""】
2021-07-10 01:12:31 bad
2021-07-10 01:12:32 CHB 1776894?1625850751 第 1 次 等待 1 秒
2021-07-10 01:12:33 CHB 1776894?1625850751 第 1 次 获取到号码【1776894】GSD
2021-07-10 01:12:33 获取到号码【1776894】的GSD为【江苏-宿迁】
2021-07-10 01:12:37 GSD insert 第 1 次 等待 1 秒
2021-07-10 01:12:38 {"status":"ok","msg":"添加成功！235345"}
2021-07-10 01:12:38 下次操作: 2021-07-10 01:12:47

2021-07-10 01:12:47 开始第 22 次操作

2021-07-10 01:12:47 开始操作号码 【1776893】
2021-07-10 01:12:49 GSD getOne 第 1 次 等待 1 秒
2021-07-10 01:12:50 查询号码 【1776893】，返回信息 {"status":"bad","msg":""}
2021-07-10 01:12:50 查询号码 【1776893】，GSD为【""】
2021-07-10 01:12:50 bad
2021-07-10 01:12:53 CHB 1776893?1625850770 第 1 次 等待 1 秒
2021-07-10 01:12:54 CHB 1776893?1625850770 第 1 次 获取到号码【1776893】GSD
2021-07-10 01:12:54 获取到号码【1776893】的GSD为【江苏-宿迁】
2021-07-10 01:12:59 GSD insert 第 1 次 等待 1 秒
2021-07-10 01:13:00 {"status":"ok","msg":"添加成功！235350"}
2021-07-10 01:13:00 下次操作: 2021-07-10 01:13:18

2021-07-10 01:13:18 开始第 23 次操作

2021-07-10 01:13:18 开始操作号码 【1776892】
2021-07-10 01:13:24 GSD getOne 第 1 次 等待 1 秒
2021-07-10 01:13:25 查询号码 【1776892】，返回信息 {"status":"bad","msg":""}
2021-07-10 01:13:25 查询号码 【1776892】，GSD为【""】
2021-07-10 01:13:25 bad
2021-07-10 01:13:27 CHB 1776892?1625850805 第 1 次 等待 1 秒
2021-07-10 01:13:28 CHB 1776892?1625850805 第 1 次 获取到号码【1776892】GSD
2021-07-10 01:13:28 获取到号码【1776892】的GSD为【江苏-宿迁】
2021-07-10 01:13:32 GSD insert 第 1 次 等待 1 秒
2021-07-10 01:13:33 {"status":"ok","msg":"添加成功！235355"}
2021-07-10 01:13:33 下次操作: 2021-07-10 01:13:44

2021-07-10 01:13:44 开始第 24 次操作

2021-07-10 01:13:44 开始操作号码 【1776891】
2021-07-10 01:13:47 GSD getOne 第 1 次 等待 1 秒
2021-07-10 01:13:48 查询号码 【1776891】，返回信息 {"status":"bad","msg":""}
2021-07-10 01:13:48 查询号码 【1776891】，GSD为【""】
2021-07-10 01:13:48 bad
2021-07-10 01:13:50 CHB 1776891?1625850828 第 1 次 等待 1 秒
2021-07-10 01:13:51 CHB 1776891?1625850828 第 1 次 获取到号码【1776891】GSD
2021-07-10 01:13:51 获取到号码【1776891】的GSD为【江苏-宿迁】
2021-07-10 01:13:57 GSD insert 第 1 次 等待 1 秒
2021-07-10 01:13:58 {"status":"ok","msg":"添加成功！235361"}
2021-07-10 01:13:58 下次操作: 2021-07-10 01:14:12

2021-07-10 01:14:12 开始第 25 次操作

2021-07-10 01:14:12 开始操作号码 【1776890】
2021-07-10 01:14:17 GSD getOne 第 1 次 等待 1 秒
2021-07-10 01:14:18 查询号码 【1776890】，返回信息 {"status":"bad","msg":""}
2021-07-10 01:14:18 查询号码 【1776890】，GSD为【""】
2021-07-10 01:14:18 bad
2021-07-10 01:14:20 CHB 1776890?1625850858 第 1 次 等待 1 秒
2021-07-10 01:14:21 CHB 1776890?1625850858 第 1 次 获取到号码【1776890】GSD
2021-07-10 01:14:22 获取到号码【1776890】的GSD为【江苏-宿迁】
2021-07-10 01:14:30 GSD insert 第 1 次 等待 1 秒
2021-07-10 01:14:31 {"status":"ok","msg":"添加成功！235367"}
2021-07-10 01:14:31 下次操作: 2021-07-10 01:14:45

2021-07-10 01:14:45 开始第 26 次操作

2021-07-10 01:14:45 开始操作号码 【1776889】
2021-07-10 01:14:49 GSD getOne 第 1 次 等待 1 秒
2021-07-10 01:14:50 查询号码 【1776889】，返回信息 {"status":"bad","msg":""}
2021-07-10 01:14:50 查询号码 【1776889】，GSD为【""】
2021-07-10 01:14:50 bad
2021-07-10 01:14:52 CHB 1776889?1625850890 第 1 次 等待 1 秒
2021-07-10 01:14:53 CHB 1776889?1625850890 第 1 次 获取到号码【1776889】GSD
2021-07-10 01:14:53 获取到号码【1776889】的GSD为【广东-潮州】
2021-07-10 01:14:56 GSD insert 第 1 次 等待 1 秒
2021-07-10 01:14:57 {"status":"ok","msg":"添加成功！235371"}
2021-07-10 01:14:57 下次操作: 2021-07-10 01:15:12

2021-07-10 01:15:12 开始第 27 次操作

2021-07-10 01:15:12 开始操作号码 【1776888】
2021-07-10 01:15:19 GSD getOne 第 1 次 等待 1 秒
2021-07-10 01:15:20 查询号码 【1776888】，返回信息 {"status":"bad","msg":""}
2021-07-10 01:15:20 查询号码 【1776888】，GSD为【""】
2021-07-10 01:15:20 bad
2021-07-10 01:15:23 CHB 1776888?1625850920 第 1 次 等待 1 秒
2021-07-10 01:15:24 CHB 1776888?1625850920 第 1 次 获取到号码【1776888】GSD
2021-07-10 01:15:24 获取到号码【1776888】的GSD为【广东-佛山】
2021-07-10 01:15:26 GSD insert 第 1 次 等待 1 秒
2021-07-10 01:15:27 {"status":"ok","msg":"添加成功！235375"}
2021-07-10 01:15:27 下次操作: 2021-07-10 01:15:38

2021-07-10 01:15:38 开始第 28 次操作

2021-07-10 01:15:38 开始操作号码 【1776887】
2021-07-10 01:15:45 GSD getOne 第 1 次 等待 1 秒
2021-07-10 01:15:46 查询号码 【1776887】，返回信息 {"status":"bad","msg":""}
2021-07-10 01:15:46 查询号码 【1776887】，GSD为【""】
2021-07-10 01:15:46 bad
2021-07-10 01:15:48 CHB 1776887?1625850946 第 1 次 等待 1 秒
2021-07-10 01:15:49 CHB 1776887?1625850946 第 1 次 获取到号码【1776887】GSD
2021-07-10 01:15:49 获取到号码【1776887】的GSD为【广东-汕尾】
2021-07-10 01:15:58 GSD insert 第 1 次 等待 1 秒
2021-07-10 01:15:59 {"status":"ok","msg":"添加成功！235378"}
2021-07-10 01:15:59 下次操作: 2021-07-10 01:16:12

2021-07-10 01:16:12 开始第 29 次操作

2021-07-10 01:16:12 开始操作号码 【1776886】
2021-07-10 01:16:14 GSD getOne 第 1 次 等待 1 秒
2021-07-10 01:16:15 查询号码 【1776886】，返回信息 {"status":"bad","msg":""}
2021-07-10 01:16:15 查询号码 【1776886】，GSD为【""】
2021-07-10 01:16:15 bad
2021-07-10 01:16:17 CHB 1776886?1625850975 第 1 次 等待 1 秒
2021-07-10 01:16:18 CHB 1776886?1625850975 第 1 次 获取到号码【1776886】GSD
2021-07-10 01:16:18 获取到号码【1776886】的GSD为【广东-云浮】
2021-07-10 01:16:23 GSD insert 第 1 次 等待 1 秒
2021-07-10 01:16:24 {"status":"ok","msg":"添加成功！235383"}
2021-07-10 01:16:24 下次操作: 2021-07-10 01:16:42

2021-07-10 01:16:42 开始第 30 次操作

2021-07-10 01:16:42 开始操作号码 【1776885】
2021-07-10 01:16:45 GSD getOne 第 1 次 等待 1 秒
2021-07-10 01:16:46 查询号码 【1776885】，返回信息 {"status":"bad","msg":""}
2021-07-10 01:16:46 查询号码 【1776885】，GSD为【""】
2021-07-10 01:16:46 bad
2021-07-10 01:16:49 CHB 1776885?1625851006 第 1 次 等待 1 秒
2021-07-10 01:16:50 CHB 1776885?1625851006 第 1 次 获取到号码【1776885】GSD
2021-07-10 01:16:50 获取到号码【1776885】的GSD为【广东-河源】
2021-07-10 01:16:52 GSD insert 第 1 次 等待 1 秒
2021-07-10 01:16:53 {"status":"ok","msg":"添加成功！235386"}

