2024-02-02 00:20:37 开始第 1397 次操作

2024-02-02 00:20:37 开始操作号码 【1741315】
2024-02-02 00:20:42 GSD getOne 第 1 次 等待 3 秒
2024-02-02 00:20:45 查询号码 【1741315】，返回信息 {"status":"ok","msg":"-","gid":"146809","time_insert":"2021-06-28 13:48"}
2024-02-02 00:20:45 查询号码 【1741315】，GSD为【"-"】
2024-02-02 00:20:45 ok && -
2024-02-02 00:20:48 CHB 1741315?1706804445 第 1 次 等待 3 秒
2024-02-02 00:20:51 CHB 1741315?1706804445 第 1 次 获取到号码【1741315】GSD
2024-02-02 00:20:51 未获取到号码【1741315】GSD，可能号码格式错误
2024-02-02 00:20:51 获取到号码【1741315】的GSD为【-】
2024-02-02 00:20:55 GSD insert 第 1 次 等待 3 秒
2024-02-02 00:20:58 {"status":"bad","gid":"146809","msg":"添加失败！号码【1741315(-|-)】已存在！"}
2024-02-02 00:20:58 随机等待 90 秒，约 1 分钟
2024-02-02 00:20:58 下次操作: 2024-02-02 00:22:28

2024-02-02 00:22:28 开始第 1398 次操作

2024-02-02 00:22:28 开始操作号码 【1741316】
2024-02-02 00:22:32 GSD getOne 第 1 次 等待 3 秒
2024-02-02 00:22:35 查询号码 【1741316】，返回信息 {"status":"ok","msg":"-","gid":"146813","time_insert":"2021-06-28 13:49"}
2024-02-02 00:22:35 查询号码 【1741316】，GSD为【"-"】
2024-02-02 00:22:35 ok && -
2024-02-02 00:22:37 CHB 1741316?1706804555 第 1 次 等待 3 秒
2024-02-02 00:22:40 CHB 1741316?1706804555 第 1 次 获取到号码【1741316】GSD
2024-02-02 00:22:40 未获取到号码【1741316】GSD，可能号码格式错误
2024-02-02 00:22:40 获取到号码【1741316】的GSD为【-】
2024-02-02 00:22:45 GSD insert 第 1 次 等待 3 秒
2024-02-02 00:22:48 {"status":"bad","gid":"146813","msg":"添加失败！号码【1741316(-|-)】已存在！"}
2024-02-02 00:22:48 随机等待 86 秒，约 1 分钟
2024-02-02 00:22:48 下次操作: 2024-02-02 00:24:14

2024-02-02 00:24:14 开始第 1399 次操作

2024-02-02 00:24:14 开始操作号码 【1741317】
2024-02-02 00:24:18 GSD getOne 第 1 次 等待 3 秒
2024-02-02 00:24:21 查询号码 【1741317】，返回信息 {"status":"ok","msg":"-","gid":"146819","time_insert":"2021-06-28 13:49"}
2024-02-02 00:24:21 查询号码 【1741317】，GSD为【"-"】
2024-02-02 00:24:21 ok && -
2024-02-02 00:24:24 CHB 1741317?1706804661 第 1 次 等待 3 秒
2024-02-02 00:24:27 CHB 1741317?1706804661 第 1 次 获取到号码【1741317】GSD
2024-02-02 00:24:27 未获取到号码【1741317】GSD，可能号码格式错误
2024-02-02 00:24:27 获取到号码【1741317】的GSD为【-】
2024-02-02 00:24:34 GSD insert 第 1 次 等待 3 秒
2024-02-02 00:24:37 {"status":"bad","gid":"146819","msg":"添加失败！号码【1741317(-|-)】已存在！"}
2024-02-02 00:24:37 随机等待 115 秒，约 1 分钟
2024-02-02 00:24:37 下次操作: 2024-02-02 00:26:32

2024-02-02 00:26:32 开始第 1400 次操作

2024-02-02 00:26:32 开始操作号码 【1741318】
2024-02-02 00:26:36 GSD getOne 第 1 次 等待 3 秒
2024-02-02 00:26:39 查询号码 【1741318】，返回信息 {"status":"ok","msg":"-","gid":"146827","time_insert":"2021-06-28 13:50"}
2024-02-02 00:26:39 查询号码 【1741318】，GSD为【"-"】
2024-02-02 00:26:39 ok && -
2024-02-02 00:26:41 CHB 1741318?1706804799 第 1 次 等待 3 秒
2024-02-02 00:26:44 CHB 1741318?1706804799 第 1 次 获取到号码【1741318】GSD
2024-02-02 00:26:44 未获取到号码【1741318】GSD，可能号码格式错误
2024-02-02 00:26:44 获取到号码【1741318】的GSD为【-】
2024-02-02 00:26:50 GSD insert 第 1 次 等待 3 秒
2024-02-02 00:26:53 {"status":"bad","gid":"146827","msg":"添加失败！号码【1741318(-|-)】已存在！"}

