2024-06-20 00:22:39 开始第 1605 次操作

2024-06-20 00:22:39 开始操作号码 【1521513】
2024-06-20 00:22:47 GSD getOne 第 1 次 等待 3 秒
2024-06-20 00:22:50 查询号码 【1521513】，返回信息 {"status":"ok","msg":"重庆-重庆","gid":"18910","time_insert":"2019-12-03 10:53","time_update":"2021-05-31 13:32"}
2024-06-20 00:22:50 查询号码 【1521513】，GSD为【"重庆-重庆"】

2024-06-20 00:22:51 开始第 1606 次操作

2024-06-20 00:22:51 开始操作号码 【1521514】
2024-06-20 00:22:59 GSD getOne 第 1 次 等待 3 秒
2024-06-20 00:23:02 查询号码 【1521514】，返回信息 {"status":"ok","msg":"重庆-重庆","gid":"18911","time_insert":"2017-07-18 11:48","time_update":"2021-05-31 13:51"}
2024-06-20 00:23:02 查询号码 【1521514】，GSD为【"重庆-重庆"】

2024-06-20 00:23:03 开始第 1607 次操作

2024-06-20 00:23:03 开始操作号码 【1521515】
2024-06-20 00:23:11 GSD getOne 第 1 次 等待 3 秒
2024-06-20 00:23:14 查询号码 【1521515】，返回信息 {"status":"ok","msg":"重庆-重庆","gid":"18912","time_insert":"2017-05-30 10:52","time_update":"2021-06-01 00:32"}
2024-06-20 00:23:14 查询号码 【1521515】，GSD为【"重庆-重庆"】

2024-06-20 00:23:15 开始第 1608 次操作

2024-06-20 00:23:15 开始操作号码 【1521516】
2024-06-20 00:23:21 GSD getOne 第 1 次 等待 3 秒
2024-06-20 00:23:24 查询号码 【1521516】，返回信息 {"status":"ok","msg":"重庆-重庆","gid":"18913","time_insert":"2018-09-21 11:46","time_update":"2021-01-10 03:39"}
2024-06-20 00:23:24 查询号码 【1521516】，GSD为【"重庆-重庆"】

