2024-01-11 00:23:08 开始第 7973 次操作

2024-01-11 00:23:08 开始操作号码 【1857892】
2024-01-11 00:23:11 GSD getOne 第 1 次 等待 3 秒
2024-01-11 00:23:14 查询号码 【1857892】，返回信息 {"status":"ok","msg":"广西-南宁","gid":"423643","time_insert":"2021-07-28 11:21"}
2024-01-11 00:23:14 查询号码 【1857892】，GSD为【"广西-南宁"】

2024-01-11 00:23:15 开始第 7974 次操作

2024-01-11 00:23:15 开始操作号码 【1857893】
2024-01-11 00:23:18 GSD getOne 第 1 次 等待 3 秒
2024-01-11 00:23:21 查询号码 【1857893】，返回信息 {"status":"ok","msg":"广西-河池","gid":"423638","time_insert":"2021-07-28 11:20"}
2024-01-11 00:23:21 查询号码 【1857893】，GSD为【"广西-河池"】

2024-01-11 00:23:22 开始第 7975 次操作

2024-01-11 00:23:22 开始操作号码 【1857894】
2024-01-11 00:23:26 GSD getOne 第 1 次 等待 3 秒
2024-01-11 00:23:29 查询号码 【1857894】，返回信息 {"status":"ok","msg":"广西-河池","gid":"423633","time_insert":"2021-07-28 11:19"}
2024-01-11 00:23:29 查询号码 【1857894】，GSD为【"广西-河池"】

2024-01-11 00:23:30 开始第 7976 次操作

2024-01-11 00:23:30 开始操作号码 【1857895】
2024-01-11 00:23:34 GSD getOne 第 1 次 等待 3 秒
2024-01-11 00:23:37 查询号码 【1857895】，返回信息 {"status":"ok","msg":"广西-南宁","gid":"423626","time_insert":"2021-07-28 11:18"}
2024-01-11 00:23:37 查询号码 【1857895】，GSD为【"广西-南宁"】

2024-01-11 00:41:14 开始第 7977 次操作

2024-01-11 00:41:14 开始操作号码 【1857896】
2024-01-11 00:41:19 GSD getOne 第 1 次 等待 3 秒
2024-01-11 00:41:22 查询号码 【1857896】，返回信息 {"status":"ok","msg":"广西-南宁","gid":"423620","time_insert":"2021-07-28 11:17"}
2024-01-11 00:41:22 查询号码 【1857896】，GSD为【"广西-南宁"】

2024-01-11 00:41:23 开始第 7978 次操作

2024-01-11 00:41:23 开始操作号码 【1857897】
2024-01-11 00:41:27 GSD getOne 第 1 次 等待 3 秒
2024-01-11 00:41:30 查询号码 【1857897】，返回信息 {"status":"ok","msg":"广西-防城港","gid":"423615","time_insert":"2021-07-28 11:16"}
2024-01-11 00:41:30 查询号码 【1857897】，GSD为【"广西-防城港"】

2024-01-11 00:41:31 开始第 7979 次操作

2024-01-11 00:41:31 开始操作号码 【1857898】
2024-01-11 00:41:36 GSD getOne 第 1 次 等待 3 秒
2024-01-11 00:41:39 查询号码 【1857898】，返回信息 {"status":"ok","msg":"广西-南宁","gid":"423611","time_insert":"2021-07-28 11:15"}
2024-01-11 00:41:39 查询号码 【1857898】，GSD为【"广西-南宁"】

2024-01-11 00:41:40 开始第 7980 次操作

2024-01-11 00:41:40 开始操作号码 【1857899】
2024-01-11 00:41:53 GSD getOne 第 1 次 等待 3 秒
2024-01-11 00:41:56 查询号码 【1857899】，返回信息 {"status":"ok","msg":"广西-南宁","gid":"423606","time_insert":"2021-07-28 11:14"}
2024-01-11 00:41:56 查询号码 【1857899】，GSD为【"广西-南宁"】

