2024-04-13 00:20:28 开始第 3341 次操作

2024-04-13 00:20:28 开始操作号码 【1633259】
2024-04-13 00:20:37 GSD getOne 第 1 次 等待 3 秒
2024-04-13 00:20:40 查询号码 【1633259】，返回信息 {"status":"ok","msg":"-","gid":"582849","time_insert":"2023-03-11 02:36"}
2024-04-13 00:20:40 查询号码 【1633259】，GSD为【"-"】
2024-04-13 00:20:40 ok && -
2024-04-13 00:20:43 CHB 1633259?1712938840 第 1 次 等待 3 秒
2024-04-13 00:20:46 CHB 1633259?1712938840 第 1 次 获取到号码【1633259】GSD
2024-04-13 00:20:46 未获取到号码【1633259】GSD，可能号码格式错误
2024-04-13 00:20:46 获取到号码【1633259】的GSD为【-】
2024-04-13 00:20:51 GSD insert 第 1 次 等待 3 秒
2024-04-13 00:20:54 {"status":"bad","gid":"582849","msg":"添加失败！号码【1633259(-|-)】已存在！"}
2024-04-13 00:20:54 随机等待 173 秒，约 2 分钟
2024-04-13 00:20:54 下次操作: 2024-04-13 00:23:47

2024-04-13 00:23:47 开始第 3342 次操作

2024-04-13 00:23:47 开始操作号码 【1633260】
2024-04-13 00:23:53 GSD getOne 第 1 次 等待 3 秒
2024-04-13 00:23:56 查询号码 【1633260】，返回信息 {"status":"ok","msg":"-","gid":"582864","time_insert":"2023-03-11 02:49"}
2024-04-13 00:23:56 查询号码 【1633260】，GSD为【"-"】
2024-04-13 00:23:56 ok && -
2024-04-13 00:23:59 CHB 1633260?1712939036 第 1 次 等待 3 秒
2024-04-13 00:24:02 CHB 1633260?1712939036 第 1 次 获取到号码【1633260】GSD
2024-04-13 00:24:02 未获取到号码【1633260】GSD，可能号码格式错误
2024-04-13 00:24:02 获取到号码【1633260】的GSD为【-】
2024-04-13 00:24:07 GSD insert 第 1 次 等待 3 秒
2024-04-13 00:24:10 {"status":"bad","gid":"582864","msg":"添加失败！号码【1633260(-|-)】已存在！"}
2024-04-13 00:24:10 随机等待 103 秒，约 1 分钟
2024-04-13 00:24:10 下次操作: 2024-04-13 00:25:53

2024-04-13 00:25:53 开始第 3343 次操作

2024-04-13 00:25:53 开始操作号码 【1633261】
2024-04-13 00:25:58 GSD getOne 第 1 次 等待 3 秒
2024-04-13 00:26:01 查询号码 【1633261】，返回信息 {"status":"ok","msg":"-","gid":"582895","time_insert":"2023-03-11 03:12"}
2024-04-13 00:26:01 查询号码 【1633261】，GSD为【"-"】
2024-04-13 00:26:01 ok && -
2024-04-13 00:26:04 CHB 1633261?1712939161 第 1 次 等待 3 秒
2024-04-13 00:26:07 CHB 1633261?1712939161 第 1 次 获取到号码【1633261】GSD
2024-04-13 00:26:07 未获取到号码【1633261】GSD，可能号码格式错误
2024-04-13 00:26:07 获取到号码【1633261】的GSD为【-】
2024-04-13 00:26:12 GSD insert 第 1 次 等待 3 秒
2024-04-13 00:26:15 {"status":"bad","gid":"582895","msg":"添加失败！号码【1633261(-|-)】已存在！"}
2024-04-13 00:26:15 随机等待 123 秒，约 2 分钟
2024-04-13 00:26:15 下次操作: 2024-04-13 00:28:18

2024-04-13 00:28:18 开始第 3344 次操作

2024-04-13 00:28:18 开始操作号码 【1633262】
2024-04-13 00:28:24 GSD getOne 第 1 次 等待 3 秒
2024-04-13 00:28:27 查询号码 【1633262】，返回信息 {"status":"ok","msg":"-","gid":"582924","time_insert":"2023-03-11 03:34"}
2024-04-13 00:28:27 查询号码 【1633262】，GSD为【"-"】
2024-04-13 00:28:27 ok && -
2024-04-13 00:28:28 CHB 1633262?1712939307 第 1 次 等待 3 秒
2024-04-13 00:28:32 CHB 1633262?1712939307 第 1 次 获取到号码【1633262】GSD
2024-04-13 00:28:32 未获取到号码【1633262】GSD，可能号码格式错误
2024-04-13 00:28:32 获取到号码【1633262】的GSD为【-】
2024-04-13 00:28:36 GSD insert 第 1 次 等待 3 秒
2024-04-13 00:28:39 {"status":"bad","gid":"582924","msg":"添加失败！号码【1633262(-|-)】已存在！"}

