2024-04-14 00:20:43 开始第 3525 次操作

2024-04-14 00:20:43 开始操作号码 【1633443】
2024-04-14 00:20:47 GSD getOne 第 1 次 等待 3 秒
2024-04-14 00:20:50 查询号码 【1633443】，返回信息 {"status":"ok","msg":"-","gid":"587314","time_insert":"2023-03-13 04:56"}
2024-04-14 00:20:50 查询号码 【1633443】，GSD为【"-"】
2024-04-14 00:20:50 ok && -
2024-04-14 00:20:53 CHB 1633443?1713025250 第 1 次 等待 3 秒
2024-04-14 00:20:56 CHB 1633443?1713025250 第 1 次 获取到号码【1633443】GSD
2024-04-14 00:20:56 未获取到号码【1633443】GSD，可能号码格式错误
2024-04-14 00:20:56 获取到号码【1633443】的GSD为【-】
2024-04-14 00:21:01 GSD insert 第 1 次 等待 3 秒
2024-04-14 00:21:04 {"status":"bad","gid":"587314","msg":"添加失败！号码【1633443(-|-)】已存在！"}
2024-04-14 00:21:04 随机等待 187 秒，约 3 分钟
2024-04-14 00:21:04 下次操作: 2024-04-14 00:24:11

2024-04-14 00:24:11 开始第 3526 次操作

2024-04-14 00:24:11 开始操作号码 【1633444】
2024-04-14 00:24:15 GSD getOne 第 1 次 等待 3 秒
2024-04-14 00:24:18 查询号码 【1633444】，返回信息 {"status":"ok","msg":"-","gid":"587341","time_insert":"2023-03-13 05:14"}
2024-04-14 00:24:18 查询号码 【1633444】，GSD为【"-"】
2024-04-14 00:24:18 ok && -
2024-04-14 00:24:20 CHB 1633444?1713025458 第 1 次 等待 3 秒
2024-04-14 00:24:23 CHB 1633444?1713025458 第 1 次 获取到号码【1633444】GSD
2024-04-14 00:24:23 未获取到号码【1633444】GSD，可能号码格式错误
2024-04-14 00:24:23 获取到号码【1633444】的GSD为【-】
2024-04-14 00:24:29 GSD insert 第 1 次 等待 3 秒
2024-04-14 00:24:32 {"status":"bad","gid":"587341","msg":"添加失败！号码【1633444(-|-)】已存在！"}
2024-04-14 00:24:32 随机等待 95 秒，约 1 分钟
2024-04-14 00:24:32 下次操作: 2024-04-14 00:26:07

2024-04-14 00:26:07 开始第 3527 次操作

2024-04-14 00:26:07 开始操作号码 【1633445】
2024-04-14 00:26:11 GSD getOne 第 1 次 等待 3 秒
2024-04-14 00:26:14 查询号码 【1633445】，返回信息 {"status":"ok","msg":"-","gid":"587368","time_insert":"2023-03-13 05:31"}
2024-04-14 00:26:14 查询号码 【1633445】，GSD为【"-"】
2024-04-14 00:26:14 ok && -
2024-04-14 00:26:17 CHB 1633445?1713025574 第 1 次 等待 3 秒
2024-04-14 00:26:20 CHB 1633445?1713025574 第 1 次 获取到号码【1633445】GSD
2024-04-14 00:26:20 未获取到号码【1633445】GSD，可能号码格式错误
2024-04-14 00:26:20 获取到号码【1633445】的GSD为【-】
2024-04-14 00:26:25 GSD insert 第 1 次 等待 3 秒
2024-04-14 00:26:28 {"status":"bad","gid":"587368","msg":"添加失败！号码【1633445(-|-)】已存在！"}
2024-04-14 00:26:28 随机等待 112 秒，约 1 分钟
2024-04-14 00:26:28 下次操作: 2024-04-14 00:28:20

2024-04-14 00:28:20 开始第 3528 次操作

2024-04-14 00:28:20 开始操作号码 【1633446】
2024-04-14 00:28:25 GSD getOne 第 1 次 等待 3 秒
2024-04-14 00:28:28 查询号码 【1633446】，返回信息 {"status":"ok","msg":"-","gid":"587387","time_insert":"2023-03-13 05:41"}
2024-04-14 00:28:28 查询号码 【1633446】，GSD为【"-"】
2024-04-14 00:28:28 ok && -
2024-04-14 00:28:33 CHB 1633446?1713025708 第 1 次 等待 3 秒
2024-04-14 00:28:36 CHB 1633446?1713025708 第 1 次 获取到号码【1633446】GSD
2024-04-14 00:28:36 未获取到号码【1633446】GSD，可能号码格式错误
2024-04-14 00:28:36 获取到号码【1633446】的GSD为【-】
2024-04-14 00:28:41 GSD insert 第 1 次 等待 3 秒
2024-04-14 00:28:44 {"status":"bad","gid":"587387","msg":"添加失败！号码【1633446(-|-)】已存在！"}

2024-04-14 00:37:33 开始第 3529 次操作

2024-04-14 00:37:33 开始操作号码 【1633447】
2024-04-14 00:37:40 GSD getOne 第 1 次 等待 3 秒
2024-04-14 00:37:43 查询号码 【1633447】，返回信息 {"status":"ok","msg":"-","gid":"587406","time_insert":"2023-03-13 05:53"}
2024-04-14 00:37:43 查询号码 【1633447】，GSD为【"-"】
2024-04-14 00:37:43 ok && -
2024-04-14 00:37:46 CHB 1633447?1713026263 第 1 次 等待 3 秒
2024-04-14 00:37:49 CHB 1633447?1713026263 第 1 次 获取到号码【1633447】GSD
2024-04-14 00:37:49 未获取到号码【1633447】GSD，可能号码格式错误
2024-04-14 00:37:49 获取到号码【1633447】的GSD为【-】
2024-04-14 00:37:57 GSD insert 第 1 次 等待 3 秒
2024-04-14 00:38:00 {"status":"bad","gid":"587406","msg":"添加失败！号码【1633447(-|-)】已存在！"}
2024-04-14 00:38:00 随机等待 116 秒，约 1 分钟
2024-04-14 00:38:00 下次操作: 2024-04-14 00:39:56

2024-04-14 00:39:56 开始第 3530 次操作

2024-04-14 00:39:56 开始操作号码 【1633448】
2024-04-14 00:40:02 GSD getOne 第 1 次 等待 3 秒
2024-04-14 00:40:05 查询号码 【1633448】，返回信息 {"status":"ok","msg":"-","gid":"587437","time_insert":"2023-03-13 06:14"}
2024-04-14 00:40:05 查询号码 【1633448】，GSD为【"-"】
2024-04-14 00:40:05 ok && -
2024-04-14 00:40:08 CHB 1633448?1713026405 第 1 次 等待 3 秒
2024-04-14 00:40:11 CHB 1633448?1713026405 第 1 次 获取到号码【1633448】GSD
2024-04-14 00:40:11 未获取到号码【1633448】GSD，可能号码格式错误
2024-04-14 00:40:11 获取到号码【1633448】的GSD为【-】
2024-04-14 00:40:17 GSD insert 第 1 次 等待 3 秒
2024-04-14 00:40:20 {"status":"bad","gid":"587437","msg":"添加失败！号码【1633448(-|-)】已存在！"}
2024-04-14 00:40:20 随机等待 98 秒，约 1 分钟
2024-04-14 00:40:20 下次操作: 2024-04-14 00:41:58

2024-04-14 00:41:58 开始第 3531 次操作

2024-04-14 00:41:58 开始操作号码 【1633449】
2024-04-14 00:42:04 GSD getOne 第 1 次 等待 3 秒
2024-04-14 00:42:07 查询号码 【1633449】，返回信息 {"status":"ok","msg":"-","gid":"587455","time_insert":"2023-03-13 06:26"}
2024-04-14 00:42:07 查询号码 【1633449】，GSD为【"-"】
2024-04-14 00:42:07 ok && -
2024-04-14 00:42:09 CHB 1633449?1713026527 第 1 次 等待 3 秒
2024-04-14 00:42:12 CHB 1633449?1713026527 第 1 次 获取到号码【1633449】GSD
2024-04-14 00:42:12 未获取到号码【1633449】GSD，可能号码格式错误
2024-04-14 00:42:12 获取到号码【1633449】的GSD为【-】
2024-04-14 00:42:19 GSD insert 第 1 次 等待 3 秒
2024-04-14 00:42:22 {"status":"bad","gid":"587455","msg":"添加失败！号码【1633449(-|-)】已存在！"}
2024-04-14 00:42:22 随机等待 162 秒，约 2 分钟
2024-04-14 00:42:22 下次操作: 2024-04-14 00:45:04

2024-04-14 00:45:04 开始第 3532 次操作

2024-04-14 00:45:04 开始操作号码 【1633450】
2024-04-14 00:45:09 GSD getOne 第 1 次 等待 3 秒
2024-04-14 00:45:12 查询号码 【1633450】，返回信息 {"status":"ok","msg":"-","gid":"587491","time_insert":"2023-03-13 06:50"}
2024-04-14 00:45:12 查询号码 【1633450】，GSD为【"-"】
2024-04-14 00:45:12 ok && -
2024-04-14 00:45:14 CHB 1633450?1713026712 第 1 次 等待 3 秒
2024-04-14 00:45:17 CHB 1633450?1713026712 第 1 次 获取到号码【1633450】GSD
2024-04-14 00:45:17 未获取到号码【1633450】GSD，可能号码格式错误
2024-04-14 00:45:17 获取到号码【1633450】的GSD为【-】
2024-04-14 00:45:22 GSD insert 第 1 次 等待 3 秒
2024-04-14 00:45:25 {"status":"bad","gid":"587491","msg":"添加失败！号码【1633450(-|-)】已存在！"}

