2024-02-28 00:21:22 开始第 6045 次操作

2024-02-28 00:21:22 开始操作号码 【1745963】
2024-02-28 00:21:27 GSD getOne 第 1 次 等待 3 秒
2024-02-28 00:21:30 查询号码 【1745963】，返回信息 {"status":"ok","msg":"-","gid":"222271","time_insert":"2021-07-08 12:12"}
2024-02-28 00:21:30 查询号码 【1745963】，GSD为【"-"】
2024-02-28 00:21:30 ok && -
2024-02-28 00:21:33 CHB 1745963?1709050890 第 1 次 等待 3 秒
2024-02-28 00:21:36 CHB 1745963?1709050890 第 1 次 获取到号码【1745963】GSD
2024-02-28 00:21:36 未获取到号码【1745963】GSD，可能号码格式错误
2024-02-28 00:21:36 获取到号码【1745963】的GSD为【-】
2024-02-28 00:21:41 GSD insert 第 1 次 等待 3 秒
2024-02-28 00:21:44 {"status":"bad","gid":"222271","msg":"添加失败！号码【1745963(-|-)】已存在！"}
2024-02-28 00:21:44 随机等待 195 秒，约 3 分钟
2024-02-28 00:21:44 下次操作: 2024-02-28 00:24:59

2024-02-28 00:24:59 开始第 6046 次操作

2024-02-28 00:24:59 开始操作号码 【1745964】
2024-02-28 00:25:07 GSD getOne 第 1 次 等待 3 秒
2024-02-28 00:25:10 查询号码 【1745964】，返回信息 {"status":"ok","msg":"-","gid":"222275","time_insert":"2021-07-08 12:12"}
2024-02-28 00:25:10 查询号码 【1745964】，GSD为【"-"】
2024-02-28 00:25:10 ok && -
2024-02-28 00:25:12 CHB 1745964?1709051110 第 1 次 等待 3 秒
2024-02-28 00:25:15 CHB 1745964?1709051110 第 1 次 获取到号码【1745964】GSD
2024-02-28 00:25:15 未获取到号码【1745964】GSD，可能号码格式错误
2024-02-28 00:25:15 获取到号码【1745964】的GSD为【-】
2024-02-28 00:25:21 GSD insert 第 1 次 等待 3 秒
2024-02-28 00:25:24 {"status":"bad","gid":"222275","msg":"添加失败！号码【1745964(-|-)】已存在！"}
2024-02-28 00:25:24 随机等待 164 秒，约 2 分钟
2024-02-28 00:25:24 下次操作: 2024-02-28 00:28:08

2024-02-28 00:28:08 开始第 6047 次操作

2024-02-28 00:28:08 开始操作号码 【1745965】
2024-02-28 00:28:13 GSD getOne 第 1 次 等待 3 秒
2024-02-28 00:28:16 查询号码 【1745965】，返回信息 {"status":"ok","msg":"-","gid":"222440","time_insert":"2021-07-08 12:57"}
2024-02-28 00:28:16 查询号码 【1745965】，GSD为【"-"】
2024-02-28 00:28:16 ok && -
2024-02-28 00:28:18 CHB 1745965?1709051296 第 1 次 等待 3 秒
2024-02-28 00:28:21 CHB 1745965?1709051296 第 1 次 获取到号码【1745965】GSD
2024-02-28 00:28:21 未获取到号码【1745965】GSD，可能号码格式错误
2024-02-28 00:28:21 获取到号码【1745965】的GSD为【-】
2024-02-28 00:28:27 GSD insert 第 1 次 等待 3 秒
2024-02-28 00:28:30 {"status":"bad","gid":"222440","msg":"添加失败！号码【1745965(-|-)】已存在！"}
2024-02-28 00:28:30 随机等待 116 秒，约 1 分钟
2024-02-28 00:28:30 下次操作: 2024-02-28 00:30:26

2024-02-28 00:30:26 开始第 6048 次操作

2024-02-28 00:30:26 开始操作号码 【1745966】
2024-02-28 00:30:30 GSD getOne 第 1 次 等待 3 秒
2024-02-28 00:30:33 查询号码 【1745966】，返回信息 {"status":"ok","msg":"-","gid":"222454","time_insert":"2021-07-08 12:58"}
2024-02-28 00:30:33 查询号码 【1745966】，GSD为【"-"】
2024-02-28 00:30:33 ok && -
2024-02-28 00:30:36 CHB 1745966?1709051433 第 1 次 等待 3 秒
2024-02-28 00:30:39 CHB 1745966?1709051433 第 1 次 获取到号码【1745966】GSD
2024-02-28 00:30:39 未获取到号码【1745966】GSD，可能号码格式错误
2024-02-28 00:30:39 获取到号码【1745966】的GSD为【-】
2024-02-28 00:30:43 GSD insert 第 1 次 等待 3 秒
2024-02-28 00:30:46 {"status":"bad","gid":"222454","msg":"添加失败！号码【1745966(-|-)】已存在！"}

2024-02-28 00:38:53 开始第 6049 次操作

2024-02-28 00:38:53 开始操作号码 【1745967】
2024-02-28 00:38:59 GSD getOne 第 1 次 等待 3 秒
2024-02-28 00:39:02 查询号码 【1745967】，返回信息 {"status":"ok","msg":"-","gid":"222464","time_insert":"2021-07-08 12:59"}
2024-02-28 00:39:02 查询号码 【1745967】，GSD为【"-"】
2024-02-28 00:39:02 ok && -
2024-02-28 00:39:05 CHB 1745967?1709051942 第 1 次 等待 3 秒
2024-02-28 00:39:08 CHB 1745967?1709051942 第 1 次 获取到号码【1745967】GSD
2024-02-28 00:39:08 未获取到号码【1745967】GSD，可能号码格式错误
2024-02-28 00:39:08 获取到号码【1745967】的GSD为【-】
2024-02-28 00:39:13 GSD insert 第 1 次 等待 3 秒
2024-02-28 00:39:16 {"status":"bad","gid":"222464","msg":"添加失败！号码【1745967(-|-)】已存在！"}
2024-02-28 00:39:16 随机等待 131 秒，约 2 分钟
2024-02-28 00:39:16 下次操作: 2024-02-28 00:41:27

2024-02-28 00:41:27 开始第 6050 次操作

2024-02-28 00:41:28 开始操作号码 【1745968】
2024-02-28 00:41:32 GSD getOne 第 1 次 等待 3 秒
2024-02-28 00:41:35 查询号码 【1745968】，返回信息 {"status":"ok","msg":"-","gid":"222475","time_insert":"2021-07-08 13:00"}
2024-02-28 00:41:35 查询号码 【1745968】，GSD为【"-"】
2024-02-28 00:41:35 ok && -
2024-02-28 00:41:37 CHB 1745968?1709052095 第 1 次 等待 3 秒
2024-02-28 00:41:40 CHB 1745968?1709052095 第 1 次 获取到号码【1745968】GSD
2024-02-28 00:41:41 未获取到号码【1745968】GSD，可能号码格式错误
2024-02-28 00:41:41 获取到号码【1745968】的GSD为【-】
2024-02-28 00:41:45 GSD insert 第 1 次 等待 3 秒
2024-02-28 00:41:48 {"status":"bad","gid":"222475","msg":"添加失败！号码【1745968(-|-)】已存在！"}
2024-02-28 00:41:48 随机等待 184 秒，约 3 分钟
2024-02-28 00:41:48 下次操作: 2024-02-28 00:44:52

2024-02-28 00:44:52 开始第 6051 次操作

2024-02-28 00:44:52 开始操作号码 【1745969】
2024-02-28 00:44:56 GSD getOne 第 1 次 等待 3 秒
2024-02-28 00:44:59 查询号码 【1745969】，返回信息 {"status":"ok","msg":"-","gid":"222488","time_insert":"2021-07-08 13:00"}
2024-02-28 00:45:00 查询号码 【1745969】，GSD为【"-"】
2024-02-28 00:45:00 ok && -
2024-02-28 00:45:02 CHB 1745969?1709052300 第 1 次 等待 3 秒
2024-02-28 00:45:05 CHB 1745969?1709052300 第 1 次 获取到号码【1745969】GSD
2024-02-28 00:45:05 未获取到号码【1745969】GSD，可能号码格式错误
2024-02-28 00:45:05 获取到号码【1745969】的GSD为【-】
2024-02-28 00:45:09 GSD insert 第 1 次 等待 3 秒
2024-02-28 00:45:12 {"status":"bad","gid":"222488","msg":"添加失败！号码【1745969(-|-)】已存在！"}
2024-02-28 00:45:12 随机等待 159 秒，约 2 分钟
2024-02-28 00:45:12 下次操作: 2024-02-28 00:47:51

2024-02-28 00:47:51 开始第 6052 次操作

2024-02-28 00:47:51 开始操作号码 【1745970】
2024-02-28 00:47:56 GSD getOne 第 1 次 等待 3 秒
2024-02-28 00:47:59 查询号码 【1745970】，返回信息 {"status":"ok","msg":"-","gid":"222505","time_insert":"2021-07-08 13:01"}
2024-02-28 00:47:59 查询号码 【1745970】，GSD为【"-"】
2024-02-28 00:47:59 ok && -
2024-02-28 00:48:01 CHB 1745970?1709052479 第 1 次 等待 3 秒
2024-02-28 00:48:04 CHB 1745970?1709052479 第 1 次 获取到号码【1745970】GSD
2024-02-28 00:48:04 未获取到号码【1745970】GSD，可能号码格式错误
2024-02-28 00:48:04 获取到号码【1745970】的GSD为【-】
2024-02-28 00:48:09 GSD insert 第 1 次 等待 3 秒
2024-02-28 00:48:12 {"status":"bad","gid":"222505","msg":"添加失败！号码【1745970(-|-)】已存在！"}

2024-02-28 01:16:36 开始第 6053 次操作

2024-02-28 01:16:36 开始操作号码 【1745971】
2024-02-28 01:16:41 GSD getOne 第 1 次 等待 3 秒
2024-02-28 01:16:44 查询号码 【1745971】，返回信息 {"status":"ok","msg":"-","gid":"222515","time_insert":"2021-07-08 13:02"}
2024-02-28 01:16:44 查询号码 【1745971】，GSD为【"-"】
2024-02-28 01:16:44 ok && -
2024-02-28 01:16:46 CHB 1745971?1709054204 第 1 次 等待 3 秒
2024-02-28 01:16:49 CHB 1745971?1709054204 第 1 次 获取到号码【1745971】GSD
2024-02-28 01:16:49 未获取到号码【1745971】GSD，可能号码格式错误
2024-02-28 01:16:49 获取到号码【1745971】的GSD为【-】
2024-02-28 01:16:54 GSD insert 第 1 次 等待 3 秒
2024-02-28 01:16:57 {"status":"bad","gid":"222515","msg":"添加失败！号码【1745971(-|-)】已存在！"}
2024-02-28 01:16:57 随机等待 99 秒，约 1 分钟
2024-02-28 01:16:57 下次操作: 2024-02-28 01:18:36

2024-02-28 01:18:36 开始第 6054 次操作

2024-02-28 01:18:36 开始操作号码 【1745972】
2024-02-28 01:18:43 GSD getOne 第 1 次 等待 3 秒
2024-02-28 01:18:46 查询号码 【1745972】，返回信息 {"status":"ok","msg":"-","gid":"222526","time_insert":"2021-07-08 13:03"}
2024-02-28 01:18:46 查询号码 【1745972】，GSD为【"-"】
2024-02-28 01:18:46 ok && -
2024-02-28 01:18:48 CHB 1745972?1709054326 第 1 次 等待 3 秒
2024-02-28 01:18:51 CHB 1745972?1709054326 第 1 次 获取到号码【1745972】GSD
2024-02-28 01:18:51 未获取到号码【1745972】GSD，可能号码格式错误
2024-02-28 01:18:51 获取到号码【1745972】的GSD为【-】
2024-02-28 01:18:55 GSD insert 第 1 次 等待 3 秒
2024-02-28 01:18:58 {"status":"bad","gid":"222526","msg":"添加失败！号码【1745972(-|-)】已存在！"}
2024-02-28 01:18:58 随机等待 119 秒，约 1 分钟
2024-02-28 01:18:58 下次操作: 2024-02-28 01:20:57

2024-02-28 01:20:57 开始第 6055 次操作

2024-02-28 01:20:57 开始操作号码 【1745973】
2024-02-28 01:21:02 GSD getOne 第 1 次 等待 3 秒
2024-02-28 01:21:05 查询号码 【1745973】，返回信息 {"status":"ok","msg":"-","gid":"222537","time_insert":"2021-07-08 13:03"}
2024-02-28 01:21:05 查询号码 【1745973】，GSD为【"-"】
2024-02-28 01:21:05 ok && -
2024-02-28 01:21:07 CHB 1745973?1709054465 第 1 次 等待 3 秒
2024-02-28 01:21:10 CHB 1745973?1709054465 第 1 次 获取到号码【1745973】GSD
2024-02-28 01:21:10 未获取到号码【1745973】GSD，可能号码格式错误
2024-02-28 01:21:10 获取到号码【1745973】的GSD为【-】
2024-02-28 01:21:14 GSD insert 第 1 次 等待 3 秒
2024-02-28 01:21:17 {"status":"bad","gid":"222537","msg":"添加失败！号码【1745973(-|-)】已存在！"}
2024-02-28 01:21:17 随机等待 227 秒，约 3 分钟
2024-02-28 01:21:17 下次操作: 2024-02-28 01:25:04

2024-02-28 01:25:04 开始第 6056 次操作

2024-02-28 01:25:04 开始操作号码 【1745974】
2024-02-28 01:25:09 GSD getOne 第 1 次 等待 3 秒
2024-02-28 01:25:12 查询号码 【1745974】，返回信息 {"status":"ok","msg":"-","gid":"222543","time_insert":"2021-07-08 13:04"}
2024-02-28 01:25:12 查询号码 【1745974】，GSD为【"-"】
2024-02-28 01:25:12 ok && -
2024-02-28 01:25:14 CHB 1745974?1709054712 第 1 次 等待 3 秒
2024-02-28 01:25:17 CHB 1745974?1709054712 第 1 次 获取到号码【1745974】GSD
2024-02-28 01:25:17 未获取到号码【1745974】GSD，可能号码格式错误
2024-02-28 01:25:17 获取到号码【1745974】的GSD为【-】
2024-02-28 01:25:22 GSD insert 第 1 次 等待 3 秒
2024-02-28 01:25:25 {"status":"bad","gid":"222543","msg":"添加失败！号码【1745974(-|-)】已存在！"}

2024-02-28 01:37:37 开始第 6057 次操作

2024-02-28 01:37:37 开始操作号码 【1745975】
2024-02-28 01:37:42 GSD getOne 第 1 次 等待 3 秒
2024-02-28 01:37:45 查询号码 【1745975】，返回信息 {"status":"ok","msg":"-","gid":"222552","time_insert":"2021-07-08 13:05"}
2024-02-28 01:37:45 查询号码 【1745975】，GSD为【"-"】
2024-02-28 01:37:45 ok && -
2024-02-28 01:37:47 CHB 1745975?1709055465 第 1 次 等待 3 秒
2024-02-28 01:37:50 CHB 1745975?1709055465 第 1 次 获取到号码【1745975】GSD
2024-02-28 01:37:50 未获取到号码【1745975】GSD，可能号码格式错误
2024-02-28 01:37:50 获取到号码【1745975】的GSD为【-】
2024-02-28 01:37:56 GSD insert 第 1 次 等待 3 秒
2024-02-28 01:37:59 {"status":"bad","gid":"222552","msg":"添加失败！号码【1745975(-|-)】已存在！"}
2024-02-28 01:37:59 随机等待 191 秒，约 3 分钟
2024-02-28 01:37:59 下次操作: 2024-02-28 01:41:10

2024-02-28 01:41:10 开始第 6058 次操作

2024-02-28 01:41:10 开始操作号码 【1745976】
2024-02-28 01:41:14 GSD getOne 第 1 次 等待 3 秒
2024-02-28 01:41:17 查询号码 【1745976】，返回信息 {"status":"ok","msg":"-","gid":"222560","time_insert":"2021-07-08 13:06"}
2024-02-28 01:41:17 查询号码 【1745976】，GSD为【"-"】
2024-02-28 01:41:17 ok && -
2024-02-28 01:41:19 CHB 1745976?1709055677 第 1 次 等待 3 秒
2024-02-28 01:41:22 CHB 1745976?1709055677 第 1 次 获取到号码【1745976】GSD
2024-02-28 01:41:22 未获取到号码【1745976】GSD，可能号码格式错误
2024-02-28 01:41:22 获取到号码【1745976】的GSD为【-】
2024-02-28 01:41:26 GSD insert 第 1 次 等待 3 秒
2024-02-28 01:41:29 {"status":"bad","gid":"222560","msg":"添加失败！号码【1745976(-|-)】已存在！"}
2024-02-28 01:41:29 随机等待 189 秒，约 3 分钟
2024-02-28 01:41:29 下次操作: 2024-02-28 01:44:38

2024-02-28 01:44:38 开始第 6059 次操作

2024-02-28 01:44:38 开始操作号码 【1745977】
2024-02-28 01:44:43 GSD getOne 第 1 次 等待 3 秒
2024-02-28 01:44:46 查询号码 【1745977】，返回信息 {"status":"ok","msg":"-","gid":"222571","time_insert":"2021-07-08 13:06"}
2024-02-28 01:44:46 查询号码 【1745977】，GSD为【"-"】
2024-02-28 01:44:46 ok && -
2024-02-28 01:44:49 CHB 1745977?1709055886 第 1 次 等待 3 秒
2024-02-28 01:44:52 CHB 1745977?1709055886 第 1 次 获取到号码【1745977】GSD
2024-02-28 01:44:52 未获取到号码【1745977】GSD，可能号码格式错误
2024-02-28 01:44:52 获取到号码【1745977】的GSD为【-】
2024-02-28 01:44:57 GSD insert 第 1 次 等待 3 秒
2024-02-28 01:45:00 {"status":"bad","gid":"222571","msg":"添加失败！号码【1745977(-|-)】已存在！"}
2024-02-28 01:45:00 随机等待 158 秒，约 2 分钟
2024-02-28 01:45:00 下次操作: 2024-02-28 01:47:38

2024-02-28 01:47:38 开始第 6060 次操作

2024-02-28 01:47:38 开始操作号码 【1745978】
2024-02-28 01:47:43 GSD getOne 第 1 次 等待 3 秒
2024-02-28 01:47:46 查询号码 【1745978】，返回信息 {"status":"ok","msg":"-","gid":"222578","time_insert":"2021-07-08 13:07"}
2024-02-28 01:47:46 查询号码 【1745978】，GSD为【"-"】
2024-02-28 01:47:46 ok && -
2024-02-28 01:47:47 CHB 1745978?1709056066 第 1 次 等待 3 秒
2024-02-28 01:47:50 CHB 1745978?1709056066 第 1 次 获取到号码【1745978】GSD
2024-02-28 01:47:51 未获取到号码【1745978】GSD，可能号码格式错误
2024-02-28 01:47:51 获取到号码【1745978】的GSD为【-】
2024-02-28 01:47:55 GSD insert 第 1 次 等待 3 秒
2024-02-28 01:47:58 {"status":"bad","gid":"222578","msg":"添加失败！号码【1745978(-|-)】已存在！"}

2024-02-28 02:19:50 开始第 6061 次操作

2024-02-28 02:19:50 开始操作号码 【1745979】
2024-02-28 02:19:56 GSD getOne 第 1 次 等待 3 秒
2024-02-28 02:19:59 查询号码 【1745979】，返回信息 {"status":"ok","msg":"-","gid":"222588","time_insert":"2021-07-08 13:08"}
2024-02-28 02:19:59 查询号码 【1745979】，GSD为【"-"】
2024-02-28 02:19:59 ok && -
2024-02-28 02:20:02 CHB 1745979?1709057999 第 1 次 等待 3 秒
2024-02-28 02:20:05 CHB 1745979?1709057999 第 1 次 获取到号码【1745979】GSD
2024-02-28 02:20:06 未获取到号码【1745979】GSD，可能号码格式错误
2024-02-28 02:20:06 获取到号码【1745979】的GSD为【-】
2024-02-28 02:20:10 GSD insert 第 1 次 等待 3 秒
2024-02-28 02:20:13 {"status":"bad","gid":"222588","msg":"添加失败！号码【1745979(-|-)】已存在！"}
2024-02-28 02:20:13 随机等待 74 秒，约 1 分钟
2024-02-28 02:20:13 下次操作: 2024-02-28 02:21:27

2024-02-28 02:21:27 开始第 6062 次操作

2024-02-28 02:21:27 开始操作号码 【1745980】
2024-02-28 02:21:31 GSD getOne 第 1 次 等待 3 秒
2024-02-28 02:21:34 查询号码 【1745980】，返回信息 {"status":"ok","msg":"-","gid":"222596","time_insert":"2021-07-08 13:09"}
2024-02-28 02:21:34 查询号码 【1745980】，GSD为【"-"】
2024-02-28 02:21:34 ok && -
2024-02-28 02:21:37 CHB 1745980?1709058094 第 1 次 等待 3 秒
2024-02-28 02:21:40 CHB 1745980?1709058094 第 1 次 获取到号码【1745980】GSD
2024-02-28 02:21:40 未获取到号码【1745980】GSD，可能号码格式错误
2024-02-28 02:21:40 获取到号码【1745980】的GSD为【-】
2024-02-28 02:21:44 GSD insert 第 1 次 等待 3 秒
2024-02-28 02:21:47 {"status":"bad","gid":"222596","msg":"添加失败！号码【1745980(-|-)】已存在！"}
2024-02-28 02:21:47 随机等待 70 秒，约 1 分钟
2024-02-28 02:21:47 下次操作: 2024-02-28 02:22:57

2024-02-28 02:22:57 开始第 6063 次操作

2024-02-28 02:22:57 开始操作号码 【1745981】
2024-02-28 02:23:02 GSD getOne 第 1 次 等待 3 秒
2024-02-28 02:23:05 查询号码 【1745981】，返回信息 {"status":"ok","msg":"-","gid":"222600","time_insert":"2021-07-08 13:09"}
2024-02-28 02:23:05 查询号码 【1745981】，GSD为【"-"】
2024-02-28 02:23:05 ok && -
2024-02-28 02:23:08 CHB 1745981?1709058185 第 1 次 等待 3 秒
2024-02-28 02:23:11 CHB 1745981?1709058185 第 1 次 获取到号码【1745981】GSD
2024-02-28 02:23:11 未获取到号码【1745981】GSD，可能号码格式错误
2024-02-28 02:23:11 获取到号码【1745981】的GSD为【-】
2024-02-28 02:23:15 GSD insert 第 1 次 等待 3 秒
2024-02-28 02:23:18 {"status":"bad","gid":"222600","msg":"添加失败！号码【1745981(-|-)】已存在！"}
2024-02-28 02:23:19 随机等待 139 秒，约 2 分钟
2024-02-28 02:23:19 下次操作: 2024-02-28 02:25:38

2024-02-28 02:25:38 开始第 6064 次操作

2024-02-28 02:25:38 开始操作号码 【1745982】
2024-02-28 02:25:42 GSD getOne 第 1 次 等待 3 秒
2024-02-28 02:25:45 查询号码 【1745982】，返回信息 {"status":"ok","msg":"-","gid":"222605","time_insert":"2021-07-08 13:10"}
2024-02-28 02:25:45 查询号码 【1745982】，GSD为【"-"】
2024-02-28 02:25:45 ok && -
2024-02-28 02:25:47 CHB 1745982?1709058345 第 1 次 等待 3 秒
2024-02-28 02:25:50 CHB 1745982?1709058345 第 1 次 获取到号码【1745982】GSD
2024-02-28 02:25:51 未获取到号码【1745982】GSD，可能号码格式错误
2024-02-28 02:25:51 获取到号码【1745982】的GSD为【-】
2024-02-28 02:25:55 GSD insert 第 1 次 等待 3 秒
2024-02-28 02:25:58 {"status":"bad","gid":"222605","msg":"添加失败！号码【1745982(-|-)】已存在！"}

2024-02-28 02:39:33 开始第 6065 次操作

2024-02-28 02:39:33 开始操作号码 【1745983】
2024-02-28 02:39:40 GSD getOne 第 1 次 等待 3 秒
2024-02-28 02:39:43 查询号码 【1745983】，返回信息 {"status":"ok","msg":"-","gid":"222611","time_insert":"2021-07-08 13:11"}
2024-02-28 02:39:43 查询号码 【1745983】，GSD为【"-"】
2024-02-28 02:39:43 ok && -
2024-02-28 02:39:45 CHB 1745983?1709059183 第 1 次 等待 3 秒
2024-02-28 02:39:48 CHB 1745983?1709059183 第 1 次 获取到号码【1745983】GSD
2024-02-28 02:39:48 未获取到号码【1745983】GSD，可能号码格式错误
2024-02-28 02:39:48 获取到号码【1745983】的GSD为【-】
2024-02-28 02:39:54 GSD insert 第 1 次 等待 3 秒
2024-02-28 02:39:57 {"status":"bad","gid":"222611","msg":"添加失败！号码【1745983(-|-)】已存在！"}
2024-02-28 02:39:57 随机等待 111 秒，约 1 分钟
2024-02-28 02:39:57 下次操作: 2024-02-28 02:41:48

2024-02-28 02:41:48 开始第 6066 次操作

2024-02-28 02:41:48 开始操作号码 【1745984】
2024-02-28 02:41:53 GSD getOne 第 1 次 等待 3 秒
2024-02-28 02:41:56 查询号码 【1745984】，返回信息 {"status":"ok","msg":"-","gid":"222616","time_insert":"2021-07-08 13:12"}
2024-02-28 02:41:56 查询号码 【1745984】，GSD为【"-"】
2024-02-28 02:41:56 ok && -
2024-02-28 02:41:58 CHB 1745984?1709059316 第 1 次 等待 3 秒
2024-02-28 02:42:01 CHB 1745984?1709059316 第 1 次 获取到号码【1745984】GSD
2024-02-28 02:42:01 未获取到号码【1745984】GSD，可能号码格式错误
2024-02-28 02:42:01 获取到号码【1745984】的GSD为【-】
2024-02-28 02:42:06 GSD insert 第 1 次 等待 3 秒
2024-02-28 02:42:09 {"status":"bad","gid":"222616","msg":"添加失败！号码【1745984(-|-)】已存在！"}
2024-02-28 02:42:09 随机等待 178 秒，约 2 分钟
2024-02-28 02:42:09 下次操作: 2024-02-28 02:45:07

2024-02-28 02:45:07 开始第 6067 次操作

2024-02-28 02:45:07 开始操作号码 【1745985】
2024-02-28 02:45:12 GSD getOne 第 1 次 等待 3 秒
2024-02-28 02:45:15 查询号码 【1745985】，返回信息 {"status":"ok","msg":"-","gid":"222624","time_insert":"2021-07-08 13:12"}
2024-02-28 02:45:15 查询号码 【1745985】，GSD为【"-"】
2024-02-28 02:45:15 ok && -
2024-02-28 02:45:17 CHB 1745985?1709059515 第 1 次 等待 3 秒
2024-02-28 02:45:20 CHB 1745985?1709059515 第 1 次 获取到号码【1745985】GSD
2024-02-28 02:45:20 未获取到号码【1745985】GSD，可能号码格式错误
2024-02-28 02:45:20 获取到号码【1745985】的GSD为【-】
2024-02-28 02:45:24 GSD insert 第 1 次 等待 3 秒
2024-02-28 02:45:27 {"status":"bad","gid":"222624","msg":"添加失败！号码【1745985(-|-)】已存在！"}
2024-02-28 02:45:27 随机等待 193 秒，约 3 分钟
2024-02-28 02:45:27 下次操作: 2024-02-28 02:48:40

2024-02-28 02:48:40 开始第 6068 次操作

2024-02-28 02:48:40 开始操作号码 【1745986】
2024-02-28 02:48:45 GSD getOne 第 1 次 等待 3 秒
2024-02-28 02:48:48 查询号码 【1745986】，返回信息 {"status":"ok","msg":"-","gid":"222629","time_insert":"2021-07-08 13:13"}
2024-02-28 02:48:48 查询号码 【1745986】，GSD为【"-"】
2024-02-28 02:48:48 ok && -
2024-02-28 02:48:50 CHB 1745986?1709059728 第 1 次 等待 3 秒
2024-02-28 02:48:53 CHB 1745986?1709059728 第 1 次 获取到号码【1745986】GSD
2024-02-28 02:48:53 未获取到号码【1745986】GSD，可能号码格式错误
2024-02-28 02:48:53 获取到号码【1745986】的GSD为【-】
2024-02-28 02:48:58 GSD insert 第 1 次 等待 3 秒
2024-02-28 02:49:01 {"status":"bad","gid":"222629","msg":"添加失败！号码【1745986(-|-)】已存在！"}

2024-02-28 03:13:14 开始第 6069 次操作

2024-02-28 03:13:14 开始操作号码 【1745987】
2024-02-28 03:13:20 GSD getOne 第 1 次 等待 3 秒
2024-02-28 03:13:23 查询号码 【1745987】，返回信息 {"status":"ok","msg":"-","gid":"222632","time_insert":"2021-07-08 13:14"}
2024-02-28 03:13:23 查询号码 【1745987】，GSD为【"-"】
2024-02-28 03:13:23 ok && -
2024-02-28 03:13:25 CHB 1745987?1709061203 第 1 次 等待 3 秒
2024-02-28 03:13:28 CHB 1745987?1709061203 第 1 次 获取到号码【1745987】GSD
2024-02-28 03:13:28 未获取到号码【1745987】GSD，可能号码格式错误
2024-02-28 03:13:28 获取到号码【1745987】的GSD为【-】
2024-02-28 03:13:33 GSD insert 第 1 次 等待 3 秒
2024-02-28 03:13:36 {"status":"bad","gid":"222632","msg":"添加失败！号码【1745987(-|-)】已存在！"}
2024-02-28 03:13:36 随机等待 81 秒，约 1 分钟
2024-02-28 03:13:36 下次操作: 2024-02-28 03:14:57

2024-02-28 03:14:57 开始第 6070 次操作

2024-02-28 03:14:57 开始操作号码 【1745988】
2024-02-28 03:15:01 GSD getOne 第 1 次 等待 3 秒
2024-02-28 03:15:04 查询号码 【1745988】，返回信息 {"status":"ok","msg":"-","gid":"222639","time_insert":"2021-07-08 13:15"}
2024-02-28 03:15:04 查询号码 【1745988】，GSD为【"-"】
2024-02-28 03:15:04 ok && -
2024-02-28 03:15:06 CHB 1745988?1709061304 第 1 次 等待 3 秒
2024-02-28 03:15:09 CHB 1745988?1709061304 第 1 次 获取到号码【1745988】GSD
2024-02-28 03:15:09 未获取到号码【1745988】GSD，可能号码格式错误
2024-02-28 03:15:09 获取到号码【1745988】的GSD为【-】
2024-02-28 03:15:14 GSD insert 第 1 次 等待 3 秒
2024-02-28 03:15:17 {"status":"bad","gid":"222639","msg":"添加失败！号码【1745988(-|-)】已存在！"}
2024-02-28 03:15:17 随机等待 71 秒，约 1 分钟
2024-02-28 03:15:17 下次操作: 2024-02-28 03:16:28

2024-02-28 03:16:28 开始第 6071 次操作

2024-02-28 03:16:28 开始操作号码 【1745989】
2024-02-28 03:16:32 GSD getOne 第 1 次 等待 3 秒
2024-02-28 03:16:35 查询号码 【1745989】，返回信息 {"status":"ok","msg":"-","gid":"222644","time_insert":"2021-07-08 13:15"}
2024-02-28 03:16:35 查询号码 【1745989】，GSD为【"-"】
2024-02-28 03:16:35 ok && -
2024-02-28 03:16:38 CHB 1745989?1709061395 第 1 次 等待 3 秒
2024-02-28 03:16:41 CHB 1745989?1709061395 第 1 次 获取到号码【1745989】GSD
2024-02-28 03:16:41 未获取到号码【1745989】GSD，可能号码格式错误
2024-02-28 03:16:41 获取到号码【1745989】的GSD为【-】
2024-02-28 03:16:45 GSD insert 第 1 次 等待 3 秒
2024-02-28 03:16:48 {"status":"bad","gid":"222644","msg":"添加失败！号码【1745989(-|-)】已存在！"}
2024-02-28 03:16:48 随机等待 74 秒，约 1 分钟
2024-02-28 03:16:48 下次操作: 2024-02-28 03:18:02

2024-02-28 03:18:02 开始第 6072 次操作

2024-02-28 03:18:02 开始操作号码 【1745990】
2024-02-28 03:18:06 GSD getOne 第 1 次 等待 3 秒
2024-02-28 03:18:09 查询号码 【1745990】，返回信息 {"status":"ok","msg":"-","gid":"222648","time_insert":"2021-07-08 13:16"}
2024-02-28 03:18:09 查询号码 【1745990】，GSD为【"-"】
2024-02-28 03:18:09 ok && -
2024-02-28 03:18:11 CHB 1745990?1709061489 第 1 次 等待 3 秒
2024-02-28 03:18:14 CHB 1745990?1709061489 第 1 次 获取到号码【1745990】GSD
2024-02-28 03:18:14 未获取到号码【1745990】GSD，可能号码格式错误
2024-02-28 03:18:14 获取到号码【1745990】的GSD为【-】
2024-02-28 03:18:18 GSD insert 第 1 次 等待 3 秒
2024-02-28 03:18:21 {"status":"bad","gid":"222648","msg":"添加失败！号码【1745990(-|-)】已存在！"}

2024-02-28 03:37:42 开始第 6073 次操作

2024-02-28 03:37:42 开始操作号码 【1745991】
2024-02-28 03:37:47 GSD getOne 第 1 次 等待 3 秒
2024-02-28 03:37:50 查询号码 【1745991】，返回信息 {"status":"ok","msg":"-","gid":"222655","time_insert":"2021-07-08 13:17"}
2024-02-28 03:37:50 查询号码 【1745991】，GSD为【"-"】
2024-02-28 03:37:50 ok && -
2024-02-28 03:37:53 CHB 1745991?1709062670 第 1 次 等待 3 秒
2024-02-28 03:37:56 CHB 1745991?1709062670 第 1 次 获取到号码【1745991】GSD
2024-02-28 03:37:56 未获取到号码【1745991】GSD，可能号码格式错误
2024-02-28 03:37:56 获取到号码【1745991】的GSD为【-】
2024-02-28 03:38:01 GSD insert 第 1 次 等待 3 秒
2024-02-28 03:38:04 {"status":"bad","gid":"222655","msg":"添加失败！号码【1745991(-|-)】已存在！"}
2024-02-28 03:38:04 随机等待 150 秒，约 2 分钟
2024-02-28 03:38:04 下次操作: 2024-02-28 03:40:34

2024-02-28 03:40:34 开始第 6074 次操作

2024-02-28 03:40:34 开始操作号码 【1745992】
2024-02-28 03:40:38 GSD getOne 第 1 次 等待 3 秒
2024-02-28 03:40:41 查询号码 【1745992】，返回信息 {"status":"ok","msg":"-","gid":"222658","time_insert":"2021-07-08 13:18"}
2024-02-28 03:40:42 查询号码 【1745992】，GSD为【"-"】
2024-02-28 03:40:42 ok && -
2024-02-28 03:40:44 CHB 1745992?1709062842 第 1 次 等待 3 秒
2024-02-28 03:40:47 CHB 1745992?1709062842 第 1 次 获取到号码【1745992】GSD
2024-02-28 03:40:47 未获取到号码【1745992】GSD，可能号码格式错误
2024-02-28 03:40:47 获取到号码【1745992】的GSD为【-】
2024-02-28 03:40:52 GSD insert 第 1 次 等待 3 秒
2024-02-28 03:40:55 {"status":"bad","gid":"222658","msg":"添加失败！号码【1745992(-|-)】已存在！"}
2024-02-28 03:40:55 随机等待 120 秒，约 2 分钟
2024-02-28 03:40:55 下次操作: 2024-02-28 03:42:55

2024-02-28 03:42:55 开始第 6075 次操作

2024-02-28 03:42:55 开始操作号码 【1745993】
2024-02-28 03:43:00 GSD getOne 第 1 次 等待 3 秒
2024-02-28 03:43:03 查询号码 【1745993】，返回信息 {"status":"ok","msg":"-","gid":"222661","time_insert":"2021-07-08 13:18"}
2024-02-28 03:43:03 查询号码 【1745993】，GSD为【"-"】
2024-02-28 03:43:03 ok && -
2024-02-28 03:43:05 CHB 1745993?1709062983 第 1 次 等待 3 秒
2024-02-28 03:43:08 CHB 1745993?1709062983 第 1 次 获取到号码【1745993】GSD
2024-02-28 03:43:08 未获取到号码【1745993】GSD，可能号码格式错误
2024-02-28 03:43:08 获取到号码【1745993】的GSD为【-】
2024-02-28 03:43:13 GSD insert 第 1 次 等待 3 秒
2024-02-28 03:43:16 {"status":"bad","gid":"222661","msg":"添加失败！号码【1745993(-|-)】已存在！"}
2024-02-28 03:43:16 随机等待 70 秒，约 1 分钟
2024-02-28 03:43:16 下次操作: 2024-02-28 03:44:26

2024-02-28 03:44:26 开始第 6076 次操作

2024-02-28 03:44:26 开始操作号码 【1745994】
2024-02-28 03:44:30 GSD getOne 第 1 次 等待 3 秒
2024-02-28 03:44:33 查询号码 【1745994】，返回信息 {"status":"ok","msg":"-","gid":"222668","time_insert":"2021-07-08 13:19"}
2024-02-28 03:44:33 查询号码 【1745994】，GSD为【"-"】
2024-02-28 03:44:33 ok && -
2024-02-28 03:44:36 CHB 1745994?1709063073 第 1 次 等待 3 秒
2024-02-28 03:44:39 CHB 1745994?1709063073 第 1 次 获取到号码【1745994】GSD
2024-02-28 03:44:39 未获取到号码【1745994】GSD，可能号码格式错误
2024-02-28 03:44:39 获取到号码【1745994】的GSD为【-】
2024-02-28 03:44:43 GSD insert 第 1 次 等待 3 秒
2024-02-28 03:44:46 {"status":"bad","gid":"222668","msg":"添加失败！号码【1745994(-|-)】已存在！"}

2024-02-28 04:16:31 开始第 6077 次操作

2024-02-28 04:16:31 开始操作号码 【1745995】
2024-02-28 04:16:36 GSD getOne 第 1 次 等待 3 秒
2024-02-28 04:16:39 查询号码 【1745995】，返回信息 {"status":"ok","msg":"-","gid":"222735","time_insert":"2021-07-08 13:37"}
2024-02-28 04:16:39 查询号码 【1745995】，GSD为【"-"】
2024-02-28 04:16:39 ok && -
2024-02-28 04:16:41 CHB 1745995?1709064999 第 1 次 等待 3 秒
2024-02-28 04:16:44 CHB 1745995?1709064999 第 1 次 获取到号码【1745995】GSD
2024-02-28 04:16:44 未获取到号码【1745995】GSD，可能号码格式错误
2024-02-28 04:16:44 获取到号码【1745995】的GSD为【-】
2024-02-28 04:16:49 GSD insert 第 1 次 等待 3 秒
2024-02-28 04:16:52 {"status":"bad","gid":"222735","msg":"添加失败！号码【1745995(-|-)】已存在！"}
2024-02-28 04:16:52 随机等待 206 秒，约 3 分钟
2024-02-28 04:16:52 下次操作: 2024-02-28 04:20:18

2024-02-28 04:20:18 开始第 6078 次操作

2024-02-28 04:20:18 开始操作号码 【1745996】
2024-02-28 04:20:22 GSD getOne 第 1 次 等待 3 秒
2024-02-28 04:20:25 查询号码 【1745996】，返回信息 {"status":"ok","msg":"-","gid":"222746","time_insert":"2021-07-08 13:38"}
2024-02-28 04:20:25 查询号码 【1745996】，GSD为【"-"】
2024-02-28 04:20:25 ok && -
2024-02-28 04:20:27 CHB 1745996?1709065225 第 1 次 等待 3 秒
2024-02-28 04:20:30 CHB 1745996?1709065225 第 1 次 获取到号码【1745996】GSD
2024-02-28 04:20:30 未获取到号码【1745996】GSD，可能号码格式错误
2024-02-28 04:20:30 获取到号码【1745996】的GSD为【-】
2024-02-28 04:20:34 GSD insert 第 1 次 等待 3 秒
2024-02-28 04:20:37 {"status":"bad","gid":"222746","msg":"添加失败！号码【1745996(-|-)】已存在！"}
2024-02-28 04:20:37 随机等待 141 秒，约 2 分钟
2024-02-28 04:20:37 下次操作: 2024-02-28 04:22:58

2024-02-28 04:22:58 开始第 6079 次操作

2024-02-28 04:22:58 开始操作号码 【1745997】
2024-02-28 04:23:03 GSD getOne 第 1 次 等待 3 秒
2024-02-28 04:23:06 查询号码 【1745997】，返回信息 {"status":"ok","msg":"-","gid":"222757","time_insert":"2021-07-08 13:38"}
2024-02-28 04:23:06 查询号码 【1745997】，GSD为【"-"】
2024-02-28 04:23:06 ok && -
2024-02-28 04:23:08 CHB 1745997?1709065386 第 1 次 等待 3 秒
2024-02-28 04:23:11 CHB 1745997?1709065386 第 1 次 获取到号码【1745997】GSD
2024-02-28 04:23:11 未获取到号码【1745997】GSD，可能号码格式错误
2024-02-28 04:23:11 获取到号码【1745997】的GSD为【-】
2024-02-28 04:23:15 GSD insert 第 1 次 等待 3 秒
2024-02-28 04:23:18 {"status":"bad","gid":"222757","msg":"添加失败！号码【1745997(-|-)】已存在！"}
2024-02-28 04:23:18 随机等待 173 秒，约 2 分钟
2024-02-28 04:23:18 下次操作: 2024-02-28 04:26:11

2024-02-28 04:26:11 开始第 6080 次操作

2024-02-28 04:26:11 开始操作号码 【1745998】
2024-02-28 04:26:15 GSD getOne 第 1 次 等待 3 秒
2024-02-28 04:26:18 查询号码 【1745998】，返回信息 {"status":"ok","msg":"-","gid":"222773","time_insert":"2021-07-08 13:39"}
2024-02-28 04:26:18 查询号码 【1745998】，GSD为【"-"】
2024-02-28 04:26:18 ok && -
2024-02-28 04:26:20 CHB 1745998?1709065578 第 1 次 等待 3 秒
2024-02-28 04:26:23 CHB 1745998?1709065578 第 1 次 获取到号码【1745998】GSD
2024-02-28 04:26:23 未获取到号码【1745998】GSD，可能号码格式错误
2024-02-28 04:26:23 获取到号码【1745998】的GSD为【-】
2024-02-28 04:26:27 GSD insert 第 1 次 等待 3 秒
2024-02-28 04:26:30 {"status":"bad","gid":"222773","msg":"添加失败！号码【1745998(-|-)】已存在！"}

2024-02-28 04:37:45 开始第 6081 次操作

2024-02-28 04:37:45 开始操作号码 【1745999】
2024-02-28 04:37:52 GSD getOne 第 1 次 等待 3 秒
2024-02-28 04:37:55 查询号码 【1745999】，返回信息 {"status":"ok","msg":"-","gid":"222786","time_insert":"2021-07-08 13:40"}
2024-02-28 04:37:55 查询号码 【1745999】，GSD为【"-"】
2024-02-28 04:37:55 ok && -
2024-02-28 04:37:58 CHB 1745999?1709066275 第 1 次 等待 3 秒
2024-02-28 04:38:01 CHB 1745999?1709066275 第 1 次 获取到号码【1745999】GSD
2024-02-28 04:38:01 未获取到号码【1745999】GSD，可能号码格式错误
2024-02-28 04:38:01 获取到号码【1745999】的GSD为【-】
2024-02-28 04:38:05 GSD insert 第 1 次 等待 3 秒
2024-02-28 04:38:08 {"status":"bad","gid":"222786","msg":"添加失败！号码【1745999(-|-)】已存在！"}
2024-02-28 04:38:08 随机等待 198 秒，约 3 分钟
2024-02-28 04:38:08 下次操作: 2024-02-28 04:41:26

2024-02-28 04:41:26 开始第 6082 次操作

2024-02-28 04:41:26 开始操作号码 【1746000】
2024-02-28 04:41:30 GSD getOne 第 1 次 等待 3 秒
2024-02-28 04:41:33 查询号码 【1746000】，返回信息 {"status":"ok","msg":"-","gid":"222800","time_insert":"2021-07-08 13:41"}
2024-02-28 04:41:33 查询号码 【1746000】，GSD为【"-"】
2024-02-28 04:41:33 ok && -
2024-02-28 04:41:35 CHB 1746000?1709066493 第 1 次 等待 3 秒
2024-02-28 04:41:38 CHB 1746000?1709066493 第 1 次 获取到号码【1746000】GSD
2024-02-28 04:41:38 未获取到号码【1746000】GSD，可能号码格式错误
2024-02-28 04:41:38 获取到号码【1746000】的GSD为【-】
2024-02-28 04:41:42 GSD insert 第 1 次 等待 3 秒
2024-02-28 04:41:45 {"status":"bad","gid":"222800","msg":"添加失败！号码【1746000(-|-)】已存在！"}
2024-02-28 04:41:45 随机等待 122 秒，约 2 分钟
2024-02-28 04:41:45 下次操作: 2024-02-28 04:43:47

2024-02-28 04:43:47 开始第 6083 次操作

2024-02-28 04:43:47 开始操作号码 【1746001】
2024-02-28 04:43:54 GSD getOne 第 1 次 等待 3 秒
2024-02-28 04:43:57 查询号码 【1746001】，返回信息 {"status":"ok","msg":"-","gid":"222812","time_insert":"2021-07-08 13:41"}
2024-02-28 04:43:57 查询号码 【1746001】，GSD为【"-"】
2024-02-28 04:43:57 ok && -
2024-02-28 04:43:59 CHB 1746001?1709066637 第 1 次 等待 3 秒
2024-02-28 04:44:02 CHB 1746001?1709066637 第 1 次 获取到号码【1746001】GSD
2024-02-28 04:44:02 未获取到号码【1746001】GSD，可能号码格式错误
2024-02-28 04:44:02 获取到号码【1746001】的GSD为【-】
2024-02-28 04:44:07 GSD insert 第 1 次 等待 3 秒
2024-02-28 04:44:10 {"status":"bad","gid":"222812","msg":"添加失败！号码【1746001(-|-)】已存在！"}
2024-02-28 04:44:10 随机等待 117 秒，约 1 分钟
2024-02-28 04:44:10 下次操作: 2024-02-28 04:46:07

2024-02-28 04:46:07 开始第 6084 次操作

2024-02-28 04:46:07 开始操作号码 【1746002】
2024-02-28 04:46:11 GSD getOne 第 1 次 等待 3 秒
2024-02-28 04:46:14 查询号码 【1746002】，返回信息 {"status":"ok","msg":"-","gid":"222828","time_insert":"2021-07-08 13:42"}
2024-02-28 04:46:14 查询号码 【1746002】，GSD为【"-"】
2024-02-28 04:46:14 ok && -
2024-02-28 04:46:16 CHB 1746002?1709066774 第 1 次 等待 3 秒
2024-02-28 04:46:19 CHB 1746002?1709066774 第 1 次 获取到号码【1746002】GSD
2024-02-28 04:46:19 未获取到号码【1746002】GSD，可能号码格式错误
2024-02-28 04:46:19 获取到号码【1746002】的GSD为【-】
2024-02-28 04:46:24 GSD insert 第 1 次 等待 3 秒
2024-02-28 04:46:27 {"status":"bad","gid":"222828","msg":"添加失败！号码【1746002(-|-)】已存在！"}

