2024-10-14 00:12:14 开始第 9769 次操作

2024-10-14 00:12:14 开始操作号码 【1419765】
2024-10-14 00:12:16 GSD getOne 第 1 次 等待 3 秒
2024-10-14 00:12:20 查询号码 【1419765】，返回信息 {"status":"ok","msg":"-","gid":"692752","time_insert":"2023-05-05 01:45"}
2024-10-14 00:12:20 查询号码 【1419765】，GSD为【"-"】
2024-10-14 00:12:20 ok && -
2024-10-14 00:12:22 CHB 1419765?1728835940 第 1 次 等待 3 秒
2024-10-14 00:12:25 CHB 1419765?1728835940 第 1 次 获取到号码【1419765】GSD
2024-10-14 00:12:25 未获取到号码【1419765】GSD，可能号码格式错误
2024-10-14 00:12:25 获取到号码【1419765】的GSD为【-】
2024-10-14 00:12:27 GSD insert 第 1 次 等待 3 秒
2024-10-14 00:12:30 {"status":"bad","gid":"692752","msg":"添加失败！号码【1419765(-|-)】已存在！"}
2024-10-14 00:12:30 随机等待 169 秒，约 2 分钟
2024-10-14 00:12:30 下次操作: 2024-10-14 00:15:19

2024-10-14 00:15:19 开始第 9770 次操作

2024-10-14 00:15:19 开始操作号码 【1419766】
2024-10-14 00:15:21 GSD getOne 第 1 次 等待 3 秒
2024-10-14 00:15:24 查询号码 【1419766】，返回信息 {"status":"ok","msg":"-","gid":"692737","time_insert":"2023-05-05 01:30"}
2024-10-14 00:15:24 查询号码 【1419766】，GSD为【"-"】
2024-10-14 00:15:24 ok && -
2024-10-14 00:15:26 CHB 1419766?1728836124 第 1 次 等待 3 秒
2024-10-14 00:15:29 CHB 1419766?1728836124 第 1 次 获取到号码【1419766】GSD
2024-10-14 00:15:29 未获取到号码【1419766】GSD，可能号码格式错误
2024-10-14 00:15:29 获取到号码【1419766】的GSD为【-】
2024-10-14 00:15:31 GSD insert 第 1 次 等待 3 秒
2024-10-14 00:15:34 {"status":"bad","gid":"692737","msg":"添加失败！号码【1419766(-|-)】已存在！"}
2024-10-14 00:15:34 随机等待 91 秒，约 1 分钟
2024-10-14 00:15:34 下次操作: 2024-10-14 00:17:05

2024-10-14 00:17:05 开始第 9771 次操作

2024-10-14 00:17:05 开始操作号码 【1419767】
2024-10-14 00:17:07 GSD getOne 第 1 次 等待 3 秒
2024-10-14 00:17:10 查询号码 【1419767】，返回信息 {"status":"ok","msg":"-","gid":"692720","time_insert":"2023-05-05 01:09"}
2024-10-14 00:17:10 查询号码 【1419767】，GSD为【"-"】
2024-10-14 00:17:10 ok && -
2024-10-14 00:17:12 CHB 1419767?1728836230 第 1 次 等待 3 秒
2024-10-14 00:17:15 CHB 1419767?1728836230 第 1 次 获取到号码【1419767】GSD
2024-10-14 00:17:15 未获取到号码【1419767】GSD，可能号码格式错误
2024-10-14 00:17:15 获取到号码【1419767】的GSD为【-】
2024-10-14 00:17:18 GSD insert 第 1 次 等待 3 秒
2024-10-14 00:17:21 {"status":"bad","gid":"692720","msg":"添加失败！号码【1419767(-|-)】已存在！"}
2024-10-14 00:17:21 随机等待 112 秒，约 1 分钟
2024-10-14 00:17:21 下次操作: 2024-10-14 00:19:13

2024-10-14 00:19:13 开始第 9772 次操作

2024-10-14 00:19:13 开始操作号码 【1419768】
2024-10-14 00:19:15 GSD getOne 第 1 次 等待 3 秒
2024-10-14 00:19:18 查询号码 【1419768】，返回信息 {"status":"ok","msg":"-","gid":"692702","time_insert":"2023-05-05 00:49"}
2024-10-14 00:19:18 查询号码 【1419768】，GSD为【"-"】
2024-10-14 00:19:18 ok && -
2024-10-14 00:19:20 CHB 1419768?1728836358 第 1 次 等待 3 秒
2024-10-14 00:19:23 CHB 1419768?1728836358 第 1 次 获取到号码【1419768】GSD
2024-10-14 00:19:23 未获取到号码【1419768】GSD，可能号码格式错误
2024-10-14 00:19:23 获取到号码【1419768】的GSD为【-】
2024-10-14 00:19:25 GSD insert 第 1 次 等待 3 秒
2024-10-14 00:19:28 {"status":"bad","gid":"692702","msg":"添加失败！号码【1419768(-|-)】已存在！"}

