2024-08-31 00:12:01 开始第 2069 次操作

2024-08-31 00:12:01 开始操作号码 【1412068】
2024-08-31 00:12:09 GSD getOne 第 1 次 等待 3 秒
2024-08-31 00:12:12 查询号码 【1412068】，返回信息 {"status":"ok","msg":"-","gid":"553200","time_insert":"2023-02-25 04:05"}
2024-08-31 00:12:12 查询号码 【1412068】，GSD为【"-"】
2024-08-31 00:12:12 ok && -
2024-08-31 00:12:14 CHB 1412068?1725034332 第 1 次 等待 3 秒
2024-08-31 00:12:17 CHB 1412068?1725034332 第 1 次 获取到号码【1412068】GSD
2024-08-31 00:12:17 未获取到号码【1412068】GSD，可能号码格式错误
2024-08-31 00:12:17 获取到号码【1412068】的GSD为【-】
2024-08-31 00:12:27 GSD insert 第 1 次 等待 3 秒
2024-08-31 00:12:30 {"status":"bad","gid":"553200","msg":"添加失败！号码【1412068(-|-)】已存在！"}
2024-08-31 00:12:30 随机等待 217 秒，约 3 分钟
2024-08-31 00:12:30 下次操作: 2024-08-31 00:16:07

2024-08-31 00:16:07 开始第 2070 次操作

2024-08-31 00:16:07 开始操作号码 【1412069】
2024-08-31 00:16:15 GSD getOne 第 1 次 等待 3 秒
2024-08-31 00:16:18 查询号码 【1412069】，返回信息 {"status":"ok","msg":"-","gid":"553223","time_insert":"2023-02-25 04:21"}
2024-08-31 00:16:18 查询号码 【1412069】，GSD为【"-"】
2024-08-31 00:16:18 ok && -
2024-08-31 00:16:21 CHB 1412069?1725034578 第 1 次 等待 3 秒
2024-08-31 00:16:24 CHB 1412069?1725034578 第 1 次 获取到号码【1412069】GSD
2024-08-31 00:16:25 未获取到号码【1412069】GSD，可能号码格式错误
2024-08-31 00:16:25 获取到号码【1412069】的GSD为【-】
2024-08-31 00:16:32 GSD insert 第 1 次 等待 3 秒
2024-08-31 00:16:35 {"status":"bad","gid":"553223","msg":"添加失败！号码【1412069(-|-)】已存在！"}
2024-08-31 00:16:35 随机等待 168 秒，约 2 分钟
2024-08-31 00:16:35 下次操作: 2024-08-31 00:19:23

2024-08-31 00:19:23 开始第 2071 次操作

2024-08-31 00:19:23 开始操作号码 【1412070】
2024-08-31 00:19:32 GSD getOne 第 1 次 等待 3 秒
2024-08-31 00:19:35 查询号码 【1412070】，返回信息 {"status":"ok","msg":"-","gid":"553246","time_insert":"2023-02-25 04:35"}
2024-08-31 00:19:35 查询号码 【1412070】，GSD为【"-"】
2024-08-31 00:19:35 ok && -
2024-08-31 00:19:37 CHB 1412070?1725034775 第 1 次 等待 3 秒
2024-08-31 00:19:40 CHB 1412070?1725034775 第 1 次 获取到号码【1412070】GSD
2024-08-31 00:19:40 未获取到号码【1412070】GSD，可能号码格式错误
2024-08-31 00:19:40 获取到号码【1412070】的GSD为【-】
2024-08-31 00:19:48 GSD insert 第 1 次 等待 3 秒
2024-08-31 00:19:51 {"status":"bad","gid":"553246","msg":"添加失败！号码【1412070(-|-)】已存在！"}
2024-08-31 00:19:51 随机等待 191 秒，约 3 分钟
2024-08-31 00:19:51 下次操作: 2024-08-31 00:23:02

2024-08-31 00:23:02 开始第 2072 次操作

2024-08-31 00:23:02 开始操作号码 【1412071】
2024-08-31 00:23:11 GSD getOne 第 1 次 等待 3 秒
2024-08-31 00:23:14 查询号码 【1412071】，返回信息 {"status":"ok","msg":"-","gid":"553270","time_insert":"2023-02-25 04:47"}
2024-08-31 00:23:14 查询号码 【1412071】，GSD为【"-"】
2024-08-31 00:23:14 ok && -
2024-08-31 00:23:15 CHB 1412071?1725034994 第 1 次 等待 3 秒
2024-08-31 00:23:18 CHB 1412071?1725034994 第 1 次 获取到号码【1412071】GSD
2024-08-31 00:23:18 未获取到号码【1412071】GSD，可能号码格式错误
2024-08-31 00:23:18 获取到号码【1412071】的GSD为【-】
2024-08-31 00:23:31 GSD insert 第 1 次 等待 3 秒
2024-08-31 00:23:34 {"status":"bad","gid":"553270","msg":"添加失败！号码【1412071(-|-)】已存在！"}

2024-08-31 00:39:23 开始第 2073 次操作

2024-08-31 00:39:23 开始操作号码 【1412072】
2024-08-31 00:39:33 GSD getOne 第 1 次 等待 3 秒
2024-08-31 00:39:36 查询号码 【1412072】，返回信息 {"status":"ok","msg":"-","gid":"553293","time_insert":"2023-02-25 04:59"}
2024-08-31 00:39:36 查询号码 【1412072】，GSD为【"-"】
2024-08-31 00:39:36 ok && -
2024-08-31 00:41:30 CHB 1412072?1725035976 第 1 次 等待 3 秒
2024-08-31 00:41:33 CHB 1412072?1725035976 第 1 次 获取到号码【1412072】GSD
2024-08-31 00:41:34 未获取到号码【1412072】GSD，可能号码格式错误
2024-08-31 00:41:34 获取到号码【1412072】的GSD为【-】
2024-08-31 00:41:41 GSD insert 第 1 次 等待 3 秒
2024-08-31 00:41:44 {"status":"bad","gid":"553293","msg":"添加失败！号码【1412072(-|-)】已存在！"}
2024-08-31 00:41:44 随机等待 194 秒，约 3 分钟
2024-08-31 00:41:44 下次操作: 2024-08-31 00:44:58

2024-08-31 00:44:58 开始第 2074 次操作

2024-08-31 00:44:58 开始操作号码 【1412073】
2024-08-31 00:45:06 GSD getOne 第 1 次 等待 3 秒
2024-08-31 00:45:09 查询号码 【1412073】，返回信息 {"status":"ok","msg":"-","gid":"553310","time_insert":"2023-02-25 05:09"}
2024-08-31 00:45:09 查询号码 【1412073】，GSD为【"-"】
2024-08-31 00:45:09 ok && -
2024-08-31 00:45:11 CHB 1412073?1725036309 第 1 次 等待 3 秒
2024-08-31 00:45:14 CHB 1412073?1725036309 第 1 次 获取到号码【1412073】GSD
2024-08-31 00:45:15 未获取到号码【1412073】GSD，可能号码格式错误
2024-08-31 00:45:15 获取到号码【1412073】的GSD为【-】
2024-08-31 00:45:24 GSD insert 第 1 次 等待 3 秒
2024-08-31 00:45:27 {"status":"bad","gid":"553310","msg":"添加失败！号码【1412073(-|-)】已存在！"}
2024-08-31 00:45:27 随机等待 196 秒，约 3 分钟
2024-08-31 00:45:27 下次操作: 2024-08-31 00:48:43

2024-08-31 00:48:43 开始第 2075 次操作

2024-08-31 00:48:43 开始操作号码 【1412074】
2024-08-31 00:48:51 GSD getOne 第 1 次 等待 3 秒
2024-08-31 00:48:54 查询号码 【1412074】，返回信息 {"status":"ok","msg":"-","gid":"553338","time_insert":"2023-02-25 05:26"}
2024-08-31 00:48:54 查询号码 【1412074】，GSD为【"-"】
2024-08-31 00:48:54 ok && -
2024-08-31 00:48:57 CHB 1412074?1725036534 第 1 次 等待 3 秒
2024-08-31 00:49:00 CHB 1412074?1725036534 第 1 次 获取到号码【1412074】GSD
2024-08-31 00:49:00 未获取到号码【1412074】GSD，可能号码格式错误
2024-08-31 00:49:00 获取到号码【1412074】的GSD为【-】
2024-08-31 00:49:08 GSD insert 第 1 次 等待 3 秒
2024-08-31 00:49:11 {"status":"bad","gid":"553338","msg":"添加失败！号码【1412074(-|-)】已存在！"}
2024-08-31 00:49:11 随机等待 71 秒，约 1 分钟
2024-08-31 00:49:11 下次操作: 2024-08-31 00:50:22

2024-08-31 00:50:22 开始第 2076 次操作

2024-08-31 00:50:22 开始操作号码 【1412075】
2024-08-31 00:50:30 GSD getOne 第 1 次 等待 3 秒
2024-08-31 00:50:33 查询号码 【1412075】，返回信息 {"status":"ok","msg":"-","gid":"553360","time_insert":"2023-02-25 05:38"}
2024-08-31 00:50:33 查询号码 【1412075】，GSD为【"-"】
2024-08-31 00:50:33 ok && -
2024-08-31 00:50:35 CHB 1412075?1725036633 第 1 次 等待 3 秒
2024-08-31 00:50:38 CHB 1412075?1725036633 第 1 次 获取到号码【1412075】GSD
2024-08-31 00:50:38 未获取到号码【1412075】GSD，可能号码格式错误
2024-08-31 00:50:38 获取到号码【1412075】的GSD为【-】
2024-08-31 00:50:46 GSD insert 第 1 次 等待 3 秒
2024-08-31 00:50:49 {"status":"bad","gid":"553360","msg":"添加失败！号码【1412075(-|-)】已存在！"}

