2024-03-28 00:22:17 开始第 517 次操作

2024-03-28 00:22:17 开始操作号码 【1630436】
2024-03-28 00:22:22 GSD getOne 第 1 次 等待 3 秒
2024-03-28 00:22:25 查询号码 【1630436】，返回信息 {"status":"ok","msg":"-","gid":"526176","time_insert":"2023-02-11 15:16"}
2024-03-28 00:22:25 查询号码 【1630436】，GSD为【"-"】
2024-03-28 00:22:25 ok && -
2024-03-28 00:22:28 CHB 1630436?1711556545 第 1 次 等待 3 秒
2024-03-28 00:22:31 CHB 1630436?1711556545 第 1 次 获取到号码【1630436】GSD
2024-03-28 00:22:31 未获取到号码【1630436】GSD，可能号码格式错误
2024-03-28 00:22:31 获取到号码【1630436】的GSD为【-】
2024-03-28 00:22:36 GSD insert 第 1 次 等待 3 秒
2024-03-28 00:22:39 {"status":"bad","gid":"526176","msg":"添加失败！号码【1630436(-|-)】已存在！"}
2024-03-28 00:22:39 随机等待 104 秒，约 1 分钟
2024-03-28 00:22:39 下次操作: 2024-03-28 00:24:23

2024-03-28 00:24:23 开始第 518 次操作

2024-03-28 00:24:23 开始操作号码 【1630437】
2024-03-28 00:24:27 GSD getOne 第 1 次 等待 3 秒
2024-03-28 00:24:30 查询号码 【1630437】，返回信息 {"status":"ok","msg":"-","gid":"526185","time_insert":"2023-02-11 15:24"}
2024-03-28 00:24:30 查询号码 【1630437】，GSD为【"-"】
2024-03-28 00:24:30 ok && -
2024-03-28 00:24:33 CHB 1630437?1711556670 第 1 次 等待 3 秒
2024-03-28 00:24:36 CHB 1630437?1711556670 第 1 次 获取到号码【1630437】GSD
2024-03-28 00:24:36 未获取到号码【1630437】GSD，可能号码格式错误
2024-03-28 00:24:36 获取到号码【1630437】的GSD为【-】
2024-03-28 00:24:40 GSD insert 第 1 次 等待 3 秒
2024-03-28 00:24:43 {"status":"bad","gid":"526185","msg":"添加失败！号码【1630437(-|-)】已存在！"}
2024-03-28 00:24:43 随机等待 72 秒，约 1 分钟
2024-03-28 00:24:43 下次操作: 2024-03-28 00:25:55

2024-03-28 00:25:55 开始第 519 次操作

2024-03-28 00:25:55 开始操作号码 【1630438】
2024-03-28 00:26:02 GSD getOne 第 1 次 等待 3 秒
2024-03-28 00:26:05 查询号码 【1630438】，返回信息 {"status":"ok","msg":"-","gid":"526197","time_insert":"2023-02-11 15:35"}
2024-03-28 00:26:05 查询号码 【1630438】，GSD为【"-"】
2024-03-28 00:26:05 ok && -
2024-03-28 00:26:06 CHB 1630438?1711556765 第 1 次 等待 3 秒
2024-03-28 00:26:09 CHB 1630438?1711556765 第 1 次 获取到号码【1630438】GSD
2024-03-28 00:26:09 未获取到号码【1630438】GSD，可能号码格式错误
2024-03-28 00:26:09 获取到号码【1630438】的GSD为【-】
2024-03-28 00:26:19 GSD insert 第 1 次 等待 3 秒
2024-03-28 00:26:22 {"status":"bad","gid":"526197","msg":"添加失败！号码【1630438(-|-)】已存在！"}
2024-03-28 00:26:22 随机等待 208 秒，约 3 分钟
2024-03-28 00:26:22 下次操作: 2024-03-28 00:29:50

2024-03-28 00:29:50 开始第 520 次操作

2024-03-28 00:29:50 开始操作号码 【1630439】
2024-03-28 00:29:57 GSD getOne 第 1 次 等待 3 秒
2024-03-28 00:30:00 查询号码 【1630439】，返回信息 {"status":"ok","msg":"-","gid":"526211","time_insert":"2023-02-11 15:48"}
2024-03-28 00:30:00 查询号码 【1630439】，GSD为【"-"】
2024-03-28 00:30:00 ok && -
2024-03-28 00:30:02 CHB 1630439?1711557000 第 1 次 等待 3 秒
2024-03-28 00:30:05 CHB 1630439?1711557000 第 1 次 获取到号码【1630439】GSD
2024-03-28 00:30:05 未获取到号码【1630439】GSD，可能号码格式错误
2024-03-28 00:30:05 获取到号码【1630439】的GSD为【-】
2024-03-28 00:30:10 GSD insert 第 1 次 等待 3 秒
2024-03-28 00:30:13 {"status":"bad","gid":"526211","msg":"添加失败！号码【1630439(-|-)】已存在！"}

