2024-02-26 00:20:10 开始第 5685 次操作

2024-02-26 00:20:10 开始操作号码 【1745603】
2024-02-26 00:20:15 GSD getOne 第 1 次 等待 3 秒
2024-02-26 00:20:18 查询号码 【1745603】，返回信息 {"status":"ok","msg":"-","gid":"217282","time_insert":"2021-07-07 21:44"}
2024-02-26 00:20:18 查询号码 【1745603】，GSD为【"-"】
2024-02-26 00:20:18 ok && -
2024-02-26 00:20:20 CHB 1745603?1708878018 第 1 次 等待 3 秒
2024-02-26 00:20:23 CHB 1745603?1708878018 第 1 次 获取到号码【1745603】GSD
2024-02-26 00:20:23 未获取到号码【1745603】GSD，可能号码格式错误
2024-02-26 00:20:23 获取到号码【1745603】的GSD为【-】
2024-02-26 00:20:28 GSD insert 第 1 次 等待 3 秒
2024-02-26 00:20:31 {"status":"bad","gid":"217282","msg":"添加失败！号码【1745603(-|-)】已存在！"}
2024-02-26 00:20:31 随机等待 211 秒，约 3 分钟
2024-02-26 00:20:31 下次操作: 2024-02-26 00:24:02

2024-02-26 00:24:02 开始第 5686 次操作

2024-02-26 00:24:02 开始操作号码 【1745604】
2024-02-26 00:24:06 GSD getOne 第 1 次 等待 3 秒
2024-02-26 00:24:09 查询号码 【1745604】，返回信息 {"status":"ok","msg":"-","gid":"217289","time_insert":"2021-07-07 21:45"}
2024-02-26 00:24:09 查询号码 【1745604】，GSD为【"-"】
2024-02-26 00:24:09 ok && -
2024-02-26 00:24:11 CHB 1745604?1708878249 第 1 次 等待 3 秒
2024-02-26 00:24:14 CHB 1745604?1708878249 第 1 次 获取到号码【1745604】GSD
2024-02-26 00:24:14 未获取到号码【1745604】GSD，可能号码格式错误
2024-02-26 00:24:14 获取到号码【1745604】的GSD为【-】
2024-02-26 00:24:22 GSD insert 第 1 次 等待 3 秒
2024-02-26 00:24:25 {"status":"bad","gid":"217289","msg":"添加失败！号码【1745604(-|-)】已存在！"}
2024-02-26 00:24:25 随机等待 132 秒，约 2 分钟
2024-02-26 00:24:25 下次操作: 2024-02-26 00:26:37

2024-02-26 00:26:37 开始第 5687 次操作

2024-02-26 00:26:37 开始操作号码 【1745605】
2024-02-26 00:26:45 GSD getOne 第 1 次 等待 3 秒
2024-02-26 00:26:48 查询号码 【1745605】，返回信息 {"status":"ok","msg":"-","gid":"217589","time_insert":"2021-07-07 22:46"}
2024-02-26 00:26:48 查询号码 【1745605】，GSD为【"-"】
2024-02-26 00:26:48 ok && -
2024-02-26 00:26:50 CHB 1745605?1708878408 第 1 次 等待 3 秒
2024-02-26 00:26:53 CHB 1745605?1708878408 第 1 次 获取到号码【1745605】GSD
2024-02-26 00:26:53 未获取到号码【1745605】GSD，可能号码格式错误
2024-02-26 00:26:53 获取到号码【1745605】的GSD为【-】
2024-02-26 00:26:58 GSD insert 第 1 次 等待 3 秒
2024-02-26 00:27:01 {"status":"bad","gid":"217589","msg":"添加失败！号码【1745605(-|-)】已存在！"}
2024-02-26 00:27:01 随机等待 217 秒，约 3 分钟
2024-02-26 00:27:01 下次操作: 2024-02-26 00:30:38

2024-02-26 00:30:38 开始第 5688 次操作

2024-02-26 00:30:38 开始操作号码 【1745606】
2024-02-26 00:30:43 GSD getOne 第 1 次 等待 3 秒
2024-02-26 00:30:46 查询号码 【1745606】，返回信息 {"status":"ok","msg":"-","gid":"217601","time_insert":"2021-07-07 22:46"}
2024-02-26 00:30:46 查询号码 【1745606】，GSD为【"-"】
2024-02-26 00:30:46 ok && -
2024-02-26 00:30:48 CHB 1745606?1708878646 第 1 次 等待 3 秒
2024-02-26 00:30:51 CHB 1745606?1708878646 第 1 次 获取到号码【1745606】GSD
2024-02-26 00:30:51 未获取到号码【1745606】GSD，可能号码格式错误
2024-02-26 00:30:51 获取到号码【1745606】的GSD为【-】
2024-02-26 00:30:55 GSD insert 第 1 次 等待 3 秒
2024-02-26 00:30:58 {"status":"bad","gid":"217601","msg":"添加失败！号码【1745606(-|-)】已存在！"}

