2021-07-25 00:00:17 开始第 1 次操作

2021-07-25 00:00:17 开始操作号码 【1818932】
2021-07-25 00:00:36 GSD getOne 第 1 次 等待 3 秒
2021-07-25 00:00:39 查询号码 【1818932】，返回信息 {"status":"ok","msg":"甘肃-定西","gid":"382934","time_insert":"2021-07-24 23:59"}
2021-07-25 00:00:39 查询号码 【1818932】，GSD为【"甘肃-定西"】

2021-07-25 00:00:39 开始第 1 次操作

2021-07-25 00:00:39 开始操作号码 【1818931】
2021-07-25 00:00:57 GSD getOne 第 1 次 等待 3 秒
2021-07-25 00:01:00 查询号码 【1818931】，返回信息 {"status":"ok","msg":"甘肃-兰州","gid":"382947","time_insert":"2021-07-25 00:00"}
2021-07-25 00:01:00 查询号码 【1818931】，GSD为【"甘肃-兰州"】

2021-07-25 00:01:00 开始第 1 次操作

2021-07-25 00:01:00 开始操作号码 【1818930】
2021-07-25 00:01:18 GSD getOne 第 1 次 等待 3 秒
2021-07-25 00:01:21 查询号码 【1818930】，返回信息 {"status":"ok","msg":"甘肃-临夏","gid":"34377","time_insert":"2019-11-15 11:24","time_update":"2020-12-13 11:09"}
2021-07-25 00:01:21 查询号码 【1818930】，GSD为【"甘肃-临夏"】

2021-07-25 00:01:21 开始第 1 次操作

2021-07-25 00:01:21 开始操作号码 【1818929】
2021-07-25 00:01:40 GSD getOne 第 1 次 等待 3 秒
2021-07-25 00:01:43 查询号码 【1818929】，返回信息 {"status":"bad","msg":""}
2021-07-25 00:01:43 查询号码 【1818929】，GSD为【""】
2021-07-25 00:01:43 bad
2021-07-25 00:01:44 CHB 1818929?1627142503 第 1 次 等待 3 秒
2021-07-25 00:01:47 CHB 1818929?1627142503 第 1 次 获取到号码【1818929】GSD
2021-07-25 00:01:47 获取到号码【1818929】的GSD为【陕西-西安】
2021-07-25 00:02:06 GSD insert 第 1 次 等待 3 秒
2021-07-25 00:02:09 {"status":"bad","gid":"382969","msg":"添加失败！号码【1818929(陕西-西安|陕西-西安)】已存在！"}
2021-07-25 00:02:09 下次操作: 2021-07-25 00:02:28

2021-07-25 00:02:28 开始第 2 次操作

2021-07-25 00:02:28 开始操作号码 【1818928】
2021-07-25 00:02:31 GSD getOne 第 1 次 等待 3 秒
2021-07-25 00:02:34 查询号码 【1818928】，返回信息 {"status":"bad","msg":""}
2021-07-25 00:02:34 查询号码 【1818928】，GSD为【""】
2021-07-25 00:02:34 bad
2021-07-25 00:02:36 CHB 1818928?1627142554 第 1 次 等待 3 秒
2021-07-25 00:02:39 CHB 1818928?1627142554 第 1 次 获取到号码【1818928】GSD
2021-07-25 00:02:39 获取到号码【1818928】的GSD为【陕西-西安】
2021-07-25 00:02:57 GSD insert 第 1 次 等待 3 秒
2021-07-25 00:03:00 {"status":"bad","gid":"382983","msg":"添加失败！号码【1818928(陕西-西安|陕西-西安)】已存在！"}
2021-07-25 00:03:00 下次操作: 2021-07-25 00:03:20

2021-07-25 00:03:20 开始第 3 次操作

2021-07-25 00:03:20 开始操作号码 【1818927】
2021-07-25 00:03:24 GSD getOne 第 1 次 等待 3 秒
2021-07-25 00:03:27 查询号码 【1818927】，返回信息 {"status":"bad","msg":""}
2021-07-25 00:03:27 查询号码 【1818927】，GSD为【""】
2021-07-25 00:03:27 bad
2021-07-25 00:03:29 CHB 1818927?1627142607 第 1 次 等待 3 秒
2021-07-25 00:03:32 CHB 1818927?1627142607 第 1 次 获取到号码【1818927】GSD
2021-07-25 00:03:32 获取到号码【1818927】的GSD为【陕西-西安】
2021-07-25 00:03:50 GSD insert 第 1 次 等待 3 秒
2021-07-25 00:03:53 {"status":"ok","gid":383001,"msg":"添加成功！"}
2021-07-25 00:03:53 下次操作: 2021-07-25 00:04:09

2021-07-25 00:04:09 开始第 4 次操作

2021-07-25 00:04:09 开始操作号码 【1818926】
2021-07-25 00:04:14 GSD getOne 第 1 次 等待 3 秒
2021-07-25 00:04:17 查询号码 【1818926】，返回信息 {"status":"ok","msg":"陕西-西安","gid":"34376","time_insert":"2016-11-20 21:14","time_update":"2020-12-08 14:44"}
2021-07-25 00:04:17 查询号码 【1818926】，GSD为【"陕西-西安"】

2021-07-25 00:04:17 开始第 4 次操作

2021-07-25 00:04:17 开始操作号码 【1818925】
2021-07-25 00:04:35 GSD getOne 第 1 次 等待 3 秒
2021-07-25 00:04:38 查询号码 【1818925】，返回信息 {"status":"bad","msg":""}
2021-07-25 00:04:38 查询号码 【1818925】，GSD为【""】
2021-07-25 00:04:38 bad
2021-07-25 00:04:40 CHB 1818925?1627142678 第 1 次 等待 3 秒
2021-07-25 00:04:43 CHB 1818925?1627142678 第 1 次 获取到号码【1818925】GSD
2021-07-25 00:04:43 获取到号码【1818925】的GSD为【陕西-西安】
2021-07-25 00:05:02 GSD insert 第 1 次 等待 3 秒
2021-07-25 00:05:05 {"status":"ok","gid":383017,"msg":"添加成功！"}
2021-07-25 00:05:05 下次操作: 2021-07-25 00:05:21

2021-07-25 00:05:21 开始第 5 次操作

2021-07-25 00:05:21 开始操作号码 【1818924】
2021-07-25 00:05:24 GSD getOne 第 1 次 等待 3 秒
2021-07-25 00:05:27 查询号码 【1818924】，返回信息 {"status":"ok","msg":"陕西-西安","gid":"56582","time_insert":"2021-05-02 14:38"}
2021-07-25 00:05:27 查询号码 【1818924】，GSD为【"陕西-西安"】

2021-07-25 00:05:27 开始第 5 次操作

2021-07-25 00:05:27 开始操作号码 【1818923】
2021-07-25 00:05:46 GSD getOne 第 1 次 等待 3 秒
2021-07-25 00:05:50 查询号码 【1818923】，返回信息 {"status":"bad","msg":""}
2021-07-25 00:05:50 查询号码 【1818923】，GSD为【""】
2021-07-25 00:05:50 bad
2021-07-25 00:05:51 CHB 1818923?1627142750 第 1 次 等待 3 秒
2021-07-25 00:05:54 CHB 1818923?1627142750 第 1 次 获取到号码【1818923】GSD
2021-07-25 00:05:54 获取到号码【1818923】的GSD为【陕西-西安】
2021-07-25 00:06:13 GSD insert 第 1 次 等待 3 秒
2021-07-25 00:06:16 {"status":"ok","gid":383038,"msg":"添加成功！"}
2021-07-25 00:06:16 下次操作: 2021-07-25 00:06:35

2021-07-25 00:06:35 开始第 6 次操作

2021-07-25 00:06:35 开始操作号码 【1818922】
2021-07-25 00:06:38 GSD getOne 第 1 次 等待 3 秒
2021-07-25 00:06:41 查询号码 【1818922】，返回信息 {"status":"bad","msg":""}
2021-07-25 00:06:41 查询号码 【1818922】，GSD为【""】
2021-07-25 00:06:41 bad
2021-07-25 00:06:43 CHB 1818922?1627142801 第 1 次 等待 3 秒
2021-07-25 00:06:46 CHB 1818922?1627142801 第 1 次 获取到号码【1818922】GSD
2021-07-25 00:06:46 获取到号码【1818922】的GSD为【陕西-西安】
2021-07-25 00:06:56 GSD insert 第 1 次 等待 3 秒
2021-07-25 00:06:59 {"status":"ok","gid":383050,"msg":"添加成功！"}
2021-07-25 00:06:59 下次操作: 2021-07-25 00:07:18

2021-07-25 00:07:18 开始第 7 次操作

2021-07-25 00:07:18 开始操作号码 【1818921】
2021-07-25 00:07:21 GSD getOne 第 1 次 等待 3 秒
2021-07-25 00:07:24 查询号码 【1818921】，返回信息 {"status":"bad","msg":""}
2021-07-25 00:07:24 查询号码 【1818921】，GSD为【""】
2021-07-25 00:07:24 bad
2021-07-25 00:07:26 CHB 1818921?1627142844 第 1 次 等待 3 秒
2021-07-25 00:07:29 CHB 1818921?1627142844 第 1 次 获取到号码【1818921】GSD
2021-07-25 00:07:29 获取到号码【1818921】的GSD为【陕西-西安】
2021-07-25 00:07:48 GSD insert 第 1 次 等待 3 秒
2021-07-25 00:07:51 {"status":"ok","gid":383063,"msg":"添加成功！"}
2021-07-25 00:07:51 下次操作: 2021-07-25 00:08:13

2021-07-25 00:08:13 开始第 8 次操作

2021-07-25 00:08:13 开始操作号码 【1818920】
2021-07-25 00:08:15 GSD getOne 第 1 次 等待 3 秒
2021-07-25 00:08:18 查询号码 【1818920】，返回信息 {"status":"bad","msg":""}
2021-07-25 00:08:18 查询号码 【1818920】，GSD为【""】
2021-07-25 00:08:18 bad
2021-07-25 00:08:20 CHB 1818920?1627142898 第 1 次 等待 3 秒
2021-07-25 00:08:23 CHB 1818920?1627142898 第 1 次 获取到号码【1818920】GSD
2021-07-25 00:08:23 获取到号码【1818920】的GSD为【陕西-西安】
2021-07-25 00:08:42 GSD insert 第 1 次 等待 3 秒
2021-07-25 00:08:45 {"status":"ok","gid":383077,"msg":"添加成功！"}
2021-07-25 00:08:45 下次操作: 2021-07-25 00:09:08

2021-07-25 00:09:08 开始第 9 次操作

2021-07-25 00:09:08 开始操作号码 【1818919】
2021-07-25 00:09:11 GSD getOne 第 1 次 等待 3 秒
2021-07-25 00:09:14 查询号码 【1818919】，返回信息 {"status":"bad","msg":""}
2021-07-25 00:09:14 查询号码 【1818919】，GSD为【""】
2021-07-25 00:09:14 bad
2021-07-25 00:09:16 CHB 1818919?1627142954 第 1 次 等待 3 秒
2021-07-25 00:09:19 CHB 1818919?1627142954 第 1 次 获取到号码【1818919】GSD
2021-07-25 00:09:19 获取到号码【1818919】的GSD为【陕西-西安】
2021-07-25 00:09:37 GSD insert 第 1 次 等待 3 秒
2021-07-25 00:09:40 {"status":"ok","gid":383088,"msg":"添加成功！"}
2021-07-25 00:09:40 下次操作: 2021-07-25 00:09:59

2021-07-25 00:09:59 开始第 10 次操作

2021-07-25 00:09:59 开始操作号码 【1818918】
2021-07-25 00:10:02 GSD getOne 第 1 次 等待 3 秒
2021-07-25 00:10:05 查询号码 【1818918】，返回信息 {"status":"bad","msg":""}
2021-07-25 00:10:05 查询号码 【1818918】，GSD为【""】
2021-07-25 00:10:05 bad
2021-07-25 00:10:07 CHB 1818918?1627143005 第 1 次 等待 3 秒
2021-07-25 00:10:10 CHB 1818918?1627143005 第 1 次 获取到号码【1818918】GSD
2021-07-25 00:10:10 获取到号码【1818918】的GSD为【陕西-西安】
2021-07-25 00:10:29 GSD insert 第 1 次 等待 3 秒
2021-07-25 00:10:32 {"status":"ok","gid":383098,"msg":"添加成功！"}
2021-07-25 00:10:32 下次操作: 2021-07-25 00:10:47

2021-07-25 00:10:47 开始第 11 次操作

2021-07-25 00:10:47 开始操作号码 【1818917】
2021-07-25 00:10:50 GSD getOne 第 1 次 等待 3 秒
2021-07-25 00:10:53 查询号码 【1818917】，返回信息 {"status":"ok","msg":"陕西-西安","gid":"34375","time_insert":"2017-09-02 10:05","time_update":"2020-12-08 14:34"}
2021-07-25 00:10:53 查询号码 【1818917】，GSD为【"陕西-西安"】

2021-07-25 00:10:53 开始第 11 次操作

2021-07-25 00:10:53 开始操作号码 【1818916】
2021-07-25 00:11:11 GSD getOne 第 1 次 等待 3 秒
2021-07-25 00:11:14 查询号码 【1818916】，返回信息 {"status":"bad","msg":""}
2021-07-25 00:11:14 查询号码 【1818916】，GSD为【""】
2021-07-25 00:11:14 bad
2021-07-25 00:11:16 CHB 1818916?1627143074 第 1 次 等待 3 秒
2021-07-25 00:11:19 CHB 1818916?1627143074 第 1 次 获取到号码【1818916】GSD
2021-07-25 00:11:19 获取到号码【1818916】的GSD为【陕西-西安】
2021-07-25 00:11:37 GSD insert 第 1 次 等待 3 秒
2021-07-25 00:11:40 {"status":"ok","gid":383110,"msg":"添加成功！"}
2021-07-25 00:11:40 下次操作: 2021-07-25 00:11:57

2021-07-25 00:11:57 开始第 12 次操作

2021-07-25 00:11:57 开始操作号码 【1818915】
2021-07-25 00:12:03 GSD getOne 第 1 次 等待 3 秒
2021-07-25 00:12:06 查询号码 【1818915】，返回信息 {"status":"bad","msg":""}
2021-07-25 00:12:06 查询号码 【1818915】，GSD为【""】
2021-07-25 00:12:06 bad
2021-07-25 00:12:08 CHB 1818915?1627143126 第 1 次 等待 3 秒
2021-07-25 00:12:11 CHB 1818915?1627143126 第 1 次 获取到号码【1818915】GSD
2021-07-25 00:12:11 获取到号码【1818915】的GSD为【陕西-西安】
2021-07-25 00:12:29 GSD insert 第 1 次 等待 3 秒
2021-07-25 00:12:32 {"status":"ok","gid":383120,"msg":"添加成功！"}
2021-07-25 00:12:32 下次操作: 2021-07-25 00:12:44

2021-07-25 00:12:44 开始第 13 次操作

2021-07-25 00:12:44 开始操作号码 【1818914】
2021-07-25 00:12:49 GSD getOne 第 1 次 等待 3 秒
2021-07-25 00:12:52 查询号码 【1818914】，返回信息 {"status":"bad","msg":""}
2021-07-25 00:12:52 查询号码 【1818914】，GSD为【""】
2021-07-25 00:12:52 bad
2021-07-25 00:12:54 CHB 1818914?1627143172 第 1 次 等待 3 秒
2021-07-25 00:12:57 CHB 1818914?1627143172 第 1 次 获取到号码【1818914】GSD
2021-07-25 00:12:57 获取到号码【1818914】的GSD为【陕西-西安】
2021-07-25 00:13:15 GSD insert 第 1 次 等待 3 秒
2021-07-25 00:13:18 {"status":"ok","gid":383125,"msg":"添加成功！"}
2021-07-25 00:13:18 下次操作: 2021-07-25 00:13:38

2021-07-25 00:13:38 开始第 14 次操作

2021-07-25 00:13:38 开始操作号码 【1818913】
2021-07-25 00:13:41 GSD getOne 第 1 次 等待 3 秒
2021-07-25 00:13:44 查询号码 【1818913】，返回信息 {"status":"bad","msg":""}
2021-07-25 00:13:44 查询号码 【1818913】，GSD为【""】
2021-07-25 00:13:44 bad
2021-07-25 00:13:46 CHB 1818913?1627143224 第 1 次 等待 3 秒
2021-07-25 00:13:49 CHB 1818913?1627143224 第 1 次 获取到号码【1818913】GSD
2021-07-25 00:13:49 获取到号码【1818913】的GSD为【陕西-西安】
2021-07-25 00:14:13 GSD insert 第 1 次 等待 3 秒
2021-07-25 00:14:16 {"status":"ok","gid":383131,"msg":"添加成功！"}
2021-07-25 00:14:16 下次操作: 2021-07-25 00:14:32

2021-07-25 00:14:32 开始第 15 次操作

2021-07-25 00:14:32 开始操作号码 【1818912】
2021-07-25 00:14:37 GSD getOne 第 1 次 等待 3 秒
2021-07-25 00:14:40 查询号码 【1818912】，返回信息 {"status":"bad","msg":""}
2021-07-25 00:14:40 查询号码 【1818912】，GSD为【""】
2021-07-25 00:14:40 bad
2021-07-25 00:14:42 CHB 1818912?1627143280 第 1 次 等待 3 秒
2021-07-25 00:14:45 CHB 1818912?1627143280 第 1 次 获取到号码【1818912】GSD
2021-07-25 00:14:45 获取到号码【1818912】的GSD为【陕西-西安】
2021-07-25 00:15:04 GSD insert 第 1 次 等待 3 秒
2021-07-25 00:15:07 {"status":"ok","gid":383137,"msg":"添加成功！"}
2021-07-25 00:15:07 下次操作: 2021-07-25 00:15:24

2021-07-25 00:15:24 开始第 16 次操作

2021-07-25 00:15:24 开始操作号码 【1818911】
2021-07-25 00:15:30 GSD getOne 第 1 次 等待 3 秒
2021-07-25 00:15:33 查询号码 【1818911】，返回信息 {"status":"bad","msg":""}
2021-07-25 00:15:34 查询号码 【1818911】，GSD为【""】
2021-07-25 00:15:34 bad
2021-07-25 00:15:35 CHB 1818911?1627143334 第 1 次 等待 3 秒
2021-07-25 00:15:38 CHB 1818911?1627143334 第 1 次 获取到号码【1818911】GSD
2021-07-25 00:15:38 获取到号码【1818911】的GSD为【陕西-西安】
2021-07-25 00:15:56 GSD insert 第 1 次 等待 3 秒
2021-07-25 00:15:59 {"status":"ok","gid":383143,"msg":"添加成功！"}
2021-07-25 00:16:00 下次操作: 2021-07-25 00:16:23

2021-07-25 00:16:23 开始第 17 次操作

2021-07-25 00:16:23 开始操作号码 【1818910】
2021-07-25 00:16:27 GSD getOne 第 1 次 等待 3 秒
2021-07-25 00:16:30 查询号码 【1818910】，返回信息 {"status":"bad","msg":""}
2021-07-25 00:16:30 查询号码 【1818910】，GSD为【""】
2021-07-25 00:16:30 bad
2021-07-25 00:16:32 CHB 1818910?1627143390 第 1 次 等待 3 秒
2021-07-25 00:16:35 CHB 1818910?1627143390 第 1 次 获取到号码【1818910】GSD
2021-07-25 00:16:35 获取到号码【1818910】的GSD为【陕西-西安】
2021-07-25 00:16:53 GSD insert 第 1 次 等待 3 秒
2021-07-25 00:16:56 {"status":"ok","gid":383152,"msg":"添加成功！"}
2021-07-25 00:16:56 下次操作: 2021-07-25 00:17:14

2021-07-25 00:17:14 开始第 18 次操作

2021-07-25 00:17:14 开始操作号码 【1818909】
2021-07-25 00:17:19 GSD getOne 第 1 次 等待 3 秒
2021-07-25 00:17:22 查询号码 【1818909】，返回信息 {"status":"ok","msg":"西藏-昌都","gid":"34374","time_insert":"2017-11-21 13:24","time_update":"2020-12-19 18:11"}
2021-07-25 00:17:22 查询号码 【1818909】，GSD为【"西藏-昌都"】

2021-07-25 00:17:22 开始第 18 次操作

2021-07-25 00:17:22 开始操作号码 【1818908】
2021-07-25 00:17:43 GSD getOne 第 1 次 等待 3 秒
2021-07-25 00:17:46 查询号码 【1818908】，返回信息 {"status":"ok","msg":"西藏-日喀则","gid":"34373","time_insert":"2015-02-21 10:52","time_update":"2020-12-19 17:51"}
2021-07-25 00:17:46 查询号码 【1818908】，GSD为【"西藏-日喀则"】

2021-07-25 00:17:46 开始第 18 次操作

2021-07-25 00:17:46 开始操作号码 【1818907】
2021-07-25 00:18:05 GSD getOne 第 1 次 等待 3 秒
2021-07-25 00:18:08 查询号码 【1818907】，返回信息 {"status":"ok","msg":"西藏-日喀则","gid":"34372","time_insert":"2018-10-02 18:40","time_update":"2020-12-19 17:45"}
2021-07-25 00:18:08 查询号码 【1818907】，GSD为【"西藏-日喀则"】

2021-07-25 00:18:08 开始第 18 次操作

2021-07-25 00:18:08 开始操作号码 【1818906】
2021-07-25 00:18:30 GSD getOne 第 1 次 等待 3 秒
2021-07-25 00:18:33 查询号码 【1818906】，返回信息 {"status":"bad","msg":""}
2021-07-25 00:18:33 查询号码 【1818906】，GSD为【""】
2021-07-25 00:18:33 bad
2021-07-25 00:18:35 CHB 1818906?1627143513 第 1 次 等待 3 秒
2021-07-25 00:18:38 CHB 1818906?1627143513 第 1 次 获取到号码【1818906】GSD
2021-07-25 00:18:38 获取到号码【1818906】的GSD为【西藏-日喀则】
2021-07-25 00:18:57 GSD insert 第 1 次 等待 3 秒
2021-07-25 00:19:00 {"status":"ok","gid":383161,"msg":"添加成功！"}
2021-07-25 00:19:00 下次操作: 2021-07-25 00:19:14

2021-07-25 00:19:14 开始第 19 次操作

2021-07-25 00:19:14 开始操作号码 【1818905】
2021-07-25 00:19:17 GSD getOne 第 1 次 等待 3 秒
2021-07-25 00:19:20 查询号码 【1818905】，返回信息 {"status":"ok","msg":"西藏-昌都","gid":"34371","time_insert":"2017-12-22 22:25","time_update":"2020-12-19 17:25"}
2021-07-25 00:19:20 查询号码 【1818905】，GSD为【"西藏-昌都"】

2021-07-25 00:19:20 开始第 19 次操作

2021-07-25 00:19:20 开始操作号码 【1818904】
2021-07-25 00:19:38 GSD getOne 第 1 次 等待 3 秒
2021-07-25 00:19:41 查询号码 【1818904】，返回信息 {"status":"ok","msg":"西藏-山南","gid":"34370","time_insert":"2018-11-20 22:49","time_update":"2020-12-19 16:56"}
2021-07-25 00:19:42 查询号码 【1818904】，GSD为【"西藏-山南"】

2021-07-25 00:19:42 开始第 19 次操作

2021-07-25 00:19:42 开始操作号码 【1818903】
2021-07-25 00:20:01 GSD getOne 第 1 次 等待 3 秒
2021-07-25 00:20:04 查询号码 【1818903】，返回信息 {"status":"bad","msg":""}
2021-07-25 00:20:04 查询号码 【1818903】，GSD为【""】
2021-07-25 00:20:04 bad
2021-07-25 00:20:05 CHB 1818903?1627143604 第 1 次 等待 3 秒
2021-07-25 00:20:08 CHB 1818903?1627143604 第 1 次 获取到号码【1818903】GSD
2021-07-25 00:20:08 获取到号码【1818903】的GSD为【西藏-山南】
2021-07-25 00:20:27 GSD insert 第 1 次 等待 3 秒
2021-07-25 00:20:30 {"status":"ok","gid":383164,"msg":"添加成功！"}
2021-07-25 00:20:30 下次操作: 2021-07-25 00:20:50

2021-07-25 00:20:50 开始第 20 次操作

2021-07-25 00:20:50 开始操作号码 【1818902】
2021-07-25 00:20:54 GSD getOne 第 1 次 等待 3 秒
2021-07-25 00:20:57 查询号码 【1818902】，返回信息 {"status":"bad","msg":""}
2021-07-25 00:20:57 查询号码 【1818902】，GSD为【""】
2021-07-25 00:20:57 bad
2021-07-25 00:21:02 CHB 1818902?1627143657 第 1 次 等待 3 秒
2021-07-25 00:21:05 CHB 1818902?1627143657 第 1 次 获取到号码【1818902】GSD
2021-07-25 00:21:05 获取到号码【1818902】的GSD为【西藏-日喀则】
2021-07-25 00:21:15 GSD insert 第 1 次 等待 3 秒
2021-07-25 00:21:18 {"status":"ok","gid":383168,"msg":"添加成功！"}
2021-07-25 00:21:18 下次操作: 2021-07-25 00:21:42

2021-07-25 00:21:42 开始第 21 次操作

2021-07-25 00:21:43 开始操作号码 【1818901】
2021-07-25 00:21:45 GSD getOne 第 1 次 等待 3 秒
2021-07-25 00:21:48 查询号码 【1818901】，返回信息 {"status":"bad","msg":""}
2021-07-25 00:21:48 查询号码 【1818901】，GSD为【""】
2021-07-25 00:21:48 bad
2021-07-25 00:21:50 CHB 1818901?1627143708 第 1 次 等待 3 秒
2021-07-25 00:21:53 CHB 1818901?1627143708 第 1 次 获取到号码【1818901】GSD
2021-07-25 00:21:53 获取到号码【1818901】的GSD为【西藏-日喀则】
2021-07-25 00:22:15 GSD insert 第 1 次 等待 3 秒
2021-07-25 00:22:18 {"status":"ok","gid":383170,"msg":"添加成功！"}
2021-07-25 00:22:18 下次操作: 2021-07-25 00:22:36

2021-07-25 00:22:36 开始第 22 次操作

2021-07-25 00:22:36 开始操作号码 【1818900】
2021-07-25 00:22:38 GSD getOne 第 1 次 等待 3 秒
2021-07-25 00:22:41 查询号码 【1818900】，返回信息 {"status":"ok","msg":"西藏-昌都","gid":"34369","time_insert":"2019-10-17 11:48","time_update":"2020-12-19 16:40"}
2021-07-25 00:22:42 查询号码 【1818900】，GSD为【"西藏-昌都"】

2021-07-25 00:22:42 开始第 22 次操作

2021-07-25 00:22:42 开始操作号码 【1818899】
2021-07-25 00:23:00 GSD getOne 第 1 次 等待 3 秒
2021-07-25 00:23:03 查询号码 【1818899】，返回信息 {"status":"bad","msg":""}
2021-07-25 00:23:03 查询号码 【1818899】，GSD为【""】
2021-07-25 00:23:03 bad
2021-07-25 00:23:05 CHB 1818899?1627143783 第 1 次 等待 3 秒
2021-07-25 00:23:08 CHB 1818899?1627143783 第 1 次 获取到号码【1818899】GSD
2021-07-25 00:23:08 获取到号码【1818899】的GSD为【湖南-长沙】
2021-07-25 00:23:28 GSD insert 第 1 次 等待 3 秒
2021-07-25 00:23:31 {"status":"ok","gid":383172,"msg":"添加成功！"}
2021-07-25 00:23:31 下次操作: 2021-07-25 00:23:50

2021-07-25 00:23:50 开始第 23 次操作

2021-07-25 00:23:50 开始操作号码 【1818898】
2021-07-25 00:23:53 GSD getOne 第 1 次 等待 3 秒
2021-07-25 00:23:56 查询号码 【1818898】，返回信息 {"status":"bad","msg":""}
2021-07-25 00:23:56 查询号码 【1818898】，GSD为【""】
2021-07-25 00:23:56 bad
2021-07-25 00:23:58 CHB 1818898?1627143836 第 1 次 等待 3 秒
2021-07-25 00:24:01 CHB 1818898?1627143836 第 1 次 获取到号码【1818898】GSD
2021-07-25 00:24:01 获取到号码【1818898】的GSD为【湖南-常德】
2021-07-25 00:24:19 GSD insert 第 1 次 等待 3 秒
2021-07-25 00:24:22 {"status":"ok","gid":383173,"msg":"添加成功！"}
2021-07-25 00:24:22 下次操作: 2021-07-25 00:24:41

2021-07-25 00:24:41 开始第 24 次操作

2021-07-25 00:24:41 开始操作号码 【1818897】
2021-07-25 00:24:44 GSD getOne 第 1 次 等待 3 秒
2021-07-25 00:24:47 查询号码 【1818897】，返回信息 {"status":"bad","msg":""}
2021-07-25 00:24:47 查询号码 【1818897】，GSD为【""】
2021-07-25 00:24:47 bad
2021-07-25 00:24:49 CHB 1818897?1627143887 第 1 次 等待 3 秒
2021-07-25 00:24:52 CHB 1818897?1627143887 第 1 次 获取到号码【1818897】GSD
2021-07-25 00:24:52 获取到号码【1818897】的GSD为【湖南-衡阳】
2021-07-25 00:25:10 GSD insert 第 1 次 等待 3 秒
2021-07-25 00:25:13 {"status":"ok","gid":383178,"msg":"添加成功！"}
2021-07-25 00:25:13 下次操作: 2021-07-25 00:25:25

2021-07-25 00:25:25 开始第 25 次操作

2021-07-25 00:25:25 开始操作号码 【1818896】
2021-07-25 00:25:29 GSD getOne 第 1 次 等待 3 秒
2021-07-25 00:25:32 查询号码 【1818896】，返回信息 {"status":"bad","msg":""}
2021-07-25 00:25:32 查询号码 【1818896】，GSD为【""】
2021-07-25 00:25:32 bad
2021-07-25 00:25:34 CHB 1818896?1627143932 第 1 次 等待 3 秒
2021-07-25 00:25:37 CHB 1818896?1627143932 第 1 次 获取到号码【1818896】GSD
2021-07-25 00:25:37 获取到号码【1818896】的GSD为【湖南-衡阳】
2021-07-25 00:25:56 GSD insert 第 1 次 等待 3 秒
2021-07-25 00:25:59 {"status":"ok","gid":383179,"msg":"添加成功！"}
2021-07-25 00:25:59 下次操作: 2021-07-25 00:26:19

2021-07-25 00:26:19 开始第 26 次操作

2021-07-25 00:26:19 开始操作号码 【1818895】
2021-07-25 00:26:25 GSD getOne 第 1 次 等待 3 秒
2021-07-25 00:26:28 查询号码 【1818895】，返回信息 {"status":"bad","msg":""}
2021-07-25 00:26:28 查询号码 【1818895】，GSD为【""】
2021-07-25 00:26:28 bad
2021-07-25 00:26:30 CHB 1818895?1627143988 第 1 次 等待 3 秒
2021-07-25 00:26:33 CHB 1818895?1627143988 第 1 次 获取到号码【1818895】GSD
2021-07-25 00:26:33 获取到号码【1818895】的GSD为【湖南-郴州】
2021-07-25 00:26:52 GSD insert 第 1 次 等待 3 秒
2021-07-25 00:26:55 {"status":"ok","gid":383180,"msg":"添加成功！"}
2021-07-25 00:26:55 下次操作: 2021-07-25 00:27:15

2021-07-25 00:27:15 开始第 27 次操作

2021-07-25 00:27:15 开始操作号码 【1818894】
2021-07-25 00:27:18 GSD getOne 第 1 次 等待 3 秒
2021-07-25 00:27:21 查询号码 【1818894】，返回信息 {"status":"bad","msg":""}
2021-07-25 00:27:21 查询号码 【1818894】，GSD为【""】
2021-07-25 00:27:21 bad
2021-07-25 00:27:23 CHB 1818894?1627144041 第 1 次 等待 3 秒
2021-07-25 00:27:26 CHB 1818894?1627144041 第 1 次 获取到号码【1818894】GSD
2021-07-25 00:27:26 获取到号码【1818894】的GSD为【湖南-郴州】
2021-07-25 00:27:45 GSD insert 第 1 次 等待 3 秒
2021-07-25 00:27:48 {"status":"ok","gid":383181,"msg":"添加成功！"}
2021-07-25 00:27:48 下次操作: 2021-07-25 00:28:12

2021-07-25 00:28:12 开始第 28 次操作

2021-07-25 00:28:12 开始操作号码 【1818893】
2021-07-25 00:28:15 GSD getOne 第 1 次 等待 3 秒
2021-07-25 00:28:18 查询号码 【1818893】，返回信息 {"status":"bad","msg":""}
2021-07-25 00:28:18 查询号码 【1818893】，GSD为【""】
2021-07-25 00:28:18 bad
2021-07-25 00:28:19 CHB 1818893?1627144098 第 1 次 等待 3 秒
2021-07-25 00:28:22 CHB 1818893?1627144098 第 1 次 获取到号码【1818893】GSD
2021-07-25 00:28:23 获取到号码【1818893】的GSD为【湖南-株洲】
2021-07-25 00:28:43 GSD insert 第 1 次 等待 3 秒
2021-07-25 00:28:46 {"status":"ok","gid":383184,"msg":"添加成功！"}
2021-07-25 00:28:46 下次操作: 2021-07-25 00:29:10

2021-07-25 00:29:10 开始第 29 次操作

2021-07-25 00:29:10 开始操作号码 【1818892】
2021-07-25 00:29:14 GSD getOne 第 1 次 等待 3 秒
2021-07-25 00:29:17 查询号码 【1818892】，返回信息 {"status":"bad","msg":""}
2021-07-25 00:29:17 查询号码 【1818892】，GSD为【""】
2021-07-25 00:29:17 bad
2021-07-25 00:29:19 CHB 1818892?1627144157 第 1 次 等待 3 秒
2021-07-25 00:29:22 CHB 1818892?1627144157 第 1 次 获取到号码【1818892】GSD
2021-07-25 00:29:22 获取到号码【1818892】的GSD为【湖南-永州】
2021-07-25 00:29:41 GSD insert 第 1 次 等待 3 秒
2021-07-25 00:29:44 {"status":"ok","gid":383189,"msg":"添加成功！"}
2021-07-25 00:29:44 下次操作: 2021-07-25 00:30:06

2021-07-25 00:30:06 开始第 30 次操作

2021-07-25 00:30:06 开始操作号码 【1818891】
2021-07-25 00:30:10 GSD getOne 第 1 次 等待 3 秒
2021-07-25 00:30:13 查询号码 【1818891】，返回信息 {"status":"bad","msg":""}
2021-07-25 00:30:13 查询号码 【1818891】，GSD为【""】
2021-07-25 00:30:13 bad
2021-07-25 00:30:15 CHB 1818891?1627144213 第 1 次 等待 3 秒
2021-07-25 00:30:18 CHB 1818891?1627144213 第 1 次 获取到号码【1818891】GSD
2021-07-25 00:30:18 获取到号码【1818891】的GSD为【湖南-常德】
2021-07-25 00:30:37 GSD insert 第 1 次 等待 3 秒
2021-07-25 00:30:40 {"status":"ok","gid":383194,"msg":"添加成功！"}
2021-07-25 00:30:40 下次操作: 2021-07-25 00:30:59

2021-07-25 00:30:59 开始第 31 次操作

2021-07-25 00:30:59 开始操作号码 【1818890】
2021-07-25 00:31:02 GSD getOne 第 1 次 等待 3 秒
2021-07-25 00:31:05 查询号码 【1818890】，返回信息 {"status":"bad","msg":""}
2021-07-25 00:31:05 查询号码 【1818890】，GSD为【""】
2021-07-25 00:31:05 bad
2021-07-25 00:31:06 CHB 1818890?1627144265 第 1 次 等待 3 秒
2021-07-25 00:31:09 CHB 1818890?1627144265 第 1 次 获取到号码【1818890】GSD
2021-07-25 00:31:09 获取到号码【1818890】的GSD为【湖南-邵阳】
2021-07-25 00:31:28 GSD insert 第 1 次 等待 3 秒
2021-07-25 00:31:31 {"status":"ok","gid":383198,"msg":"添加成功！"}
2021-07-25 00:31:31 下次操作: 2021-07-25 00:31:53

2021-07-25 00:31:53 开始第 32 次操作

2021-07-25 00:31:53 开始操作号码 【1818889】
2021-07-25 00:31:56 GSD getOne 第 1 次 等待 3 秒
2021-07-25 00:31:59 查询号码 【1818889】，返回信息 {"status":"bad","msg":""}
2021-07-25 00:31:59 查询号码 【1818889】，GSD为【""】
2021-07-25 00:31:59 bad
2021-07-25 00:32:01 CHB 1818889?1627144319 第 1 次 等待 3 秒
2021-07-25 00:32:04 CHB 1818889?1627144319 第 1 次 获取到号码【1818889】GSD
2021-07-25 00:32:04 获取到号码【1818889】的GSD为【广东-东莞】
2021-07-25 00:32:22 GSD insert 第 1 次 等待 3 秒
2021-07-25 00:32:25 {"status":"ok","gid":383199,"msg":"添加成功！"}
2021-07-25 00:32:25 下次操作: 2021-07-25 00:32:46

2021-07-25 00:32:46 开始第 33 次操作

2021-07-25 00:32:46 开始操作号码 【1818888】
2021-07-25 00:32:50 GSD getOne 第 1 次 等待 3 秒
2021-07-25 00:32:53 查询号码 【1818888】，返回信息 {"status":"bad","msg":""}
2021-07-25 00:32:53 查询号码 【1818888】，GSD为【""】
2021-07-25 00:32:53 bad
2021-07-25 00:32:54 CHB 1818888?1627144373 第 1 次 等待 3 秒
2021-07-25 00:32:57 CHB 1818888?1627144373 第 1 次 获取到号码【1818888】GSD
2021-07-25 00:32:58 获取到号码【1818888】的GSD为【广东-广州】
2021-07-25 00:33:17 GSD insert 第 1 次 等待 3 秒
2021-07-25 00:33:20 {"status":"ok","gid":383202,"msg":"添加成功！"}
2021-07-25 00:33:20 下次操作: 2021-07-25 00:33:33

2021-07-25 00:33:33 开始第 34 次操作

2021-07-25 00:33:33 开始操作号码 【1818887】
2021-07-25 00:33:36 GSD getOne 第 1 次 等待 3 秒
2021-07-25 00:33:39 查询号码 【1818887】，返回信息 {"status":"bad","msg":""}
2021-07-25 00:33:39 查询号码 【1818887】，GSD为【""】
2021-07-25 00:33:39 bad
2021-07-25 00:33:41 CHB 1818887?1627144419 第 1 次 等待 3 秒
2021-07-25 00:33:44 CHB 1818887?1627144419 第 1 次 获取到号码【1818887】GSD
2021-07-25 00:33:44 获取到号码【1818887】的GSD为【广东-深圳】
2021-07-25 00:34:02 GSD insert 第 1 次 等待 3 秒
2021-07-25 00:34:05 {"status":"ok","gid":383204,"msg":"添加成功！"}
2021-07-25 00:34:05 下次操作: 2021-07-25 00:34:24

2021-07-25 00:34:24 开始第 35 次操作

2021-07-25 00:34:24 开始操作号码 【1818886】
2021-07-25 00:34:29 GSD getOne 第 1 次 等待 3 秒
2021-07-25 00:34:32 查询号码 【1818886】，返回信息 {"status":"bad","msg":""}
2021-07-25 00:34:32 查询号码 【1818886】，GSD为【""】
2021-07-25 00:34:32 bad
2021-07-25 00:34:34 CHB 1818886?1627144472 第 1 次 等待 3 秒
2021-07-25 00:34:37 CHB 1818886?1627144472 第 1 次 获取到号码【1818886】GSD
2021-07-25 00:34:37 获取到号码【1818886】的GSD为【广东-佛山】
2021-07-25 00:34:58 GSD insert 第 1 次 等待 3 秒
2021-07-25 00:35:01 {"status":"ok","gid":383207,"msg":"添加成功！"}
2021-07-25 00:35:01 下次操作: 2021-07-25 00:35:25

2021-07-25 00:35:25 开始第 36 次操作

2021-07-25 00:35:25 开始操作号码 【1818885】
2021-07-25 00:35:36 GSD getOne 第 1 次 等待 3 秒
2021-07-25 00:35:39 查询号码 【1818885】，返回信息 {"status":"bad","msg":""}
2021-07-25 00:35:39 查询号码 【1818885】，GSD为【""】
2021-07-25 00:35:39 bad
2021-07-25 00:35:41 CHB 1818885?1627144539 第 1 次 等待 3 秒
2021-07-25 00:35:44 CHB 1818885?1627144539 第 1 次 获取到号码【1818885】GSD
2021-07-25 00:35:44 获取到号码【1818885】的GSD为【广东-深圳】
2021-07-25 00:36:05 GSD insert 第 1 次 等待 3 秒
2021-07-25 00:36:08 {"status":"ok","gid":383211,"msg":"添加成功！"}
2021-07-25 00:36:08 下次操作: 2021-07-25 00:36:29

2021-07-25 00:36:29 开始第 37 次操作

2021-07-25 00:36:29 开始操作号码 【1818884】
2021-07-25 00:36:32 GSD getOne 第 1 次 等待 3 秒
2021-07-25 00:36:35 查询号码 【1818884】，返回信息 {"status":"bad","msg":""}
2021-07-25 00:36:35 查询号码 【1818884】，GSD为【""】
2021-07-25 00:36:35 bad
2021-07-25 00:36:37 CHB 1818884?1627144595 第 1 次 等待 3 秒
2021-07-25 00:36:40 CHB 1818884?1627144595 第 1 次 获取到号码【1818884】GSD
2021-07-25 00:36:40 获取到号码【1818884】的GSD为【广东-广州】
2021-07-25 00:36:58 GSD insert 第 1 次 等待 3 秒
2021-07-25 00:37:01 {"status":"ok","gid":383212,"msg":"添加成功！"}
2021-07-25 00:37:01 下次操作: 2021-07-25 00:37:18

2021-07-25 00:37:18 开始第 38 次操作

2021-07-25 00:37:18 开始操作号码 【1818883】
2021-07-25 00:37:23 GSD getOne 第 1 次 等待 3 秒
2021-07-25 00:37:26 查询号码 【1818883】，返回信息 {"status":"bad","msg":""}
2021-07-25 00:37:26 查询号码 【1818883】，GSD为【""】
2021-07-25 00:37:26 bad
2021-07-25 00:37:28 CHB 1818883?1627144646 第 1 次 等待 3 秒
2021-07-25 00:37:31 CHB 1818883?1627144646 第 1 次 获取到号码【1818883】GSD
2021-07-25 00:37:31 获取到号码【1818883】的GSD为【广东-东莞】
2021-07-25 00:37:49 GSD insert 第 1 次 等待 3 秒
2021-07-25 00:37:52 {"status":"ok","gid":383214,"msg":"添加成功！"}
2021-07-25 00:37:52 下次操作: 2021-07-25 00:38:10

2021-07-25 00:38:10 开始第 39 次操作

2021-07-25 00:38:10 开始操作号码 【1818882】
2021-07-25 00:38:13 GSD getOne 第 1 次 等待 3 秒
2021-07-25 00:38:16 查询号码 【1818882】，返回信息 {"status":"bad","msg":""}
2021-07-25 00:38:16 查询号码 【1818882】，GSD为【""】
2021-07-25 00:38:16 bad
2021-07-25 00:38:18 CHB 1818882?1627144696 第 1 次 等待 3 秒
2021-07-25 00:38:21 CHB 1818882?1627144696 第 1 次 获取到号码【1818882】GSD
2021-07-25 00:38:21 获取到号码【1818882】的GSD为【广东-佛山】
2021-07-25 00:38:52 GSD insert 第 1 次 等待 3 秒
2021-07-25 00:38:55 {"status":"ok","gid":383217,"msg":"添加成功！"}
2021-07-25 00:38:55 下次操作: 2021-07-25 00:39:18

2021-07-25 00:39:18 开始第 40 次操作

2021-07-25 00:39:18 开始操作号码 【1818881】
2021-07-25 00:39:22 GSD getOne 第 1 次 等待 3 秒
2021-07-25 00:39:25 查询号码 【1818881】，返回信息 {"status":"bad","msg":""}
2021-07-25 00:39:26 查询号码 【1818881】，GSD为【""】
2021-07-25 00:39:26 bad
2021-07-25 00:39:27 CHB 1818881?1627144766 第 1 次 等待 3 秒
2021-07-25 00:39:30 CHB 1818881?1627144766 第 1 次 获取到号码【1818881】GSD
2021-07-25 00:39:30 获取到号码【1818881】的GSD为【广东-中山】
2021-07-25 00:39:49 GSD insert 第 1 次 等待 3 秒
2021-07-25 00:39:52 {"status":"ok","gid":383219,"msg":"添加成功！"}

