2023-09-29 00:21:30 开始第 465 次操作

2023-09-29 00:21:30 开始操作号码 【1950464】
2023-09-29 00:21:32 GSD getOne 第 1 次 等待 3 秒
2023-09-29 00:21:35 查询号码 【1950464】，返回信息 {"status":"ok","msg":"黑龙江-七台河","gid":"465594","time_insert":"2021-08-01 08:27"}
2023-09-29 00:21:35 查询号码 【1950464】，GSD为【"黑龙江-七台河"】

2023-09-29 00:21:36 开始第 466 次操作

2023-09-29 00:21:36 开始操作号码 【1950465】
2023-09-29 00:21:39 GSD getOne 第 1 次 等待 3 秒
2023-09-29 00:21:42 查询号码 【1950465】，返回信息 {"status":"ok","msg":"黑龙江-齐齐哈尔","gid":"465614","time_insert":"2021-08-01 08:45"}
2023-09-29 00:21:42 查询号码 【1950465】，GSD为【"黑龙江-齐齐哈尔"】

2023-09-29 00:21:43 开始第 467 次操作

2023-09-29 00:21:43 开始操作号码 【1950466】
2023-09-29 00:21:46 GSD getOne 第 1 次 等待 3 秒
2023-09-29 00:21:49 查询号码 【1950466】，返回信息 {"status":"ok","msg":"黑龙江-大庆","gid":"465659","time_insert":"2021-08-01 09:01"}
2023-09-29 00:21:49 查询号码 【1950466】，GSD为【"黑龙江-大庆"】

2023-09-29 00:21:50 开始第 468 次操作

2023-09-29 00:21:50 开始操作号码 【1950467】
2023-09-29 00:21:52 GSD getOne 第 1 次 等待 3 秒
2023-09-29 00:21:55 查询号码 【1950467】，返回信息 {"status":"ok","msg":"黑龙江-鸡西","gid":"465695","time_insert":"2021-08-01 09:21"}
2023-09-29 00:21:55 查询号码 【1950467】，GSD为【"黑龙江-鸡西"】

2023-09-29 00:40:30 开始第 469 次操作

2023-09-29 00:40:30 开始操作号码 【1950468】
2023-09-29 00:40:33 GSD getOne 第 1 次 等待 3 秒
2023-09-29 00:40:36 查询号码 【1950468】，返回信息 {"status":"ok","msg":"黑龙江-鹤岗","gid":"465719","time_insert":"2021-08-01 09:39"}
2023-09-29 00:40:36 查询号码 【1950468】，GSD为【"黑龙江-鹤岗"】

2023-09-29 00:40:37 开始第 470 次操作

2023-09-29 00:40:37 开始操作号码 【1950469】
2023-09-29 00:40:40 GSD getOne 第 1 次 等待 3 秒
2023-09-29 00:40:43 查询号码 【1950469】，返回信息 {"status":"ok","msg":"黑龙江-双鸭山","gid":"465944","time_insert":"2021-08-01 09:59"}
2023-09-29 00:40:43 查询号码 【1950469】，GSD为【"黑龙江-双鸭山"】

2023-09-29 00:40:44 开始第 471 次操作

2023-09-29 00:40:44 开始操作号码 【1950470】
2023-09-29 00:40:55 GSD getOne 第 1 次 等待 3 秒
2023-09-29 00:40:58 查询号码 【1950470】，返回信息 {"status":"ok","msg":"内蒙古-呼伦贝尔","gid":"466126","time_insert":"2021-08-01 10:18"}
2023-09-29 00:40:58 查询号码 【1950470】，GSD为【"内蒙古-呼伦贝尔"】

2023-09-29 00:40:59 开始第 472 次操作

2023-09-29 00:40:59 开始操作号码 【1950471】
2023-09-29 00:41:10 GSD getOne 第 1 次 等待 3 秒
2023-09-29 00:41:13 查询号码 【1950471】，返回信息 {"status":"ok","msg":"内蒙古-呼和浩特","gid":"466181","time_insert":"2021-08-01 10:35"}
2023-09-29 00:41:13 查询号码 【1950471】，GSD为【"内蒙古-呼和浩特"】

