2024-05-17 00:21:51 开始第 9177 次操作

2024-05-17 00:21:51 开始操作号码 【1639084】
2024-05-17 00:21:57 GSD getOne 第 1 次 等待 3 秒
2024-05-17 00:22:00 查询号码 【1639084】，返回信息 {"status":"ok","msg":"-","gid":"683996","time_insert":"2023-04-29 05:37"}
2024-05-17 00:22:00 查询号码 【1639084】，GSD为【"-"】
2024-05-17 00:22:00 ok && -
2024-05-17 00:22:02 CHB 1639084?1715876520 第 1 次 等待 3 秒
2024-05-17 00:22:05 CHB 1639084?1715876520 第 1 次 获取到号码【1639084】GSD
2024-05-17 00:22:05 未获取到号码【1639084】GSD，可能号码格式错误
2024-05-17 00:22:05 获取到号码【1639084】的GSD为【-】
2024-05-17 00:22:10 GSD insert 第 1 次 等待 3 秒
2024-05-17 00:22:13 {"status":"bad","gid":"683996","msg":"添加失败！号码【1639084(-|-)】已存在！"}
2024-05-17 00:22:13 随机等待 81 秒，约 1 分钟
2024-05-17 00:22:13 下次操作: 2024-05-17 00:23:34

2024-05-17 00:23:34 开始第 9178 次操作

2024-05-17 00:23:34 开始操作号码 【1639085】
2024-05-17 00:23:41 GSD getOne 第 1 次 等待 3 秒
2024-05-17 00:23:44 查询号码 【1639085】，返回信息 {"status":"ok","msg":"-","gid":"684023","time_insert":"2023-04-29 05:54"}
2024-05-17 00:23:44 查询号码 【1639085】，GSD为【"-"】
2024-05-17 00:23:44 ok && -
2024-05-17 00:23:46 CHB 1639085?1715876624 第 1 次 等待 3 秒
2024-05-17 00:23:49 CHB 1639085?1715876624 第 1 次 获取到号码【1639085】GSD
2024-05-17 00:23:49 未获取到号码【1639085】GSD，可能号码格式错误
2024-05-17 00:23:49 获取到号码【1639085】的GSD为【-】
2024-05-17 00:23:54 GSD insert 第 1 次 等待 3 秒
2024-05-17 00:23:57 {"status":"bad","gid":"684023","msg":"添加失败！号码【1639085(-|-)】已存在！"}
2024-05-17 00:23:57 随机等待 150 秒，约 2 分钟
2024-05-17 00:23:57 下次操作: 2024-05-17 00:26:27

2024-05-17 00:26:27 开始第 9179 次操作

2024-05-17 00:26:27 开始操作号码 【1639086】
2024-05-17 00:26:33 GSD getOne 第 1 次 等待 3 秒
2024-05-17 00:26:36 查询号码 【1639086】，返回信息 {"status":"ok","msg":"-","gid":"684043","time_insert":"2023-04-29 06:09"}
2024-05-17 00:26:36 查询号码 【1639086】，GSD为【"-"】
2024-05-17 00:26:36 ok && -
2024-05-17 00:26:38 CHB 1639086?1715876796 第 1 次 等待 3 秒
2024-05-17 00:26:41 CHB 1639086?1715876796 第 1 次 获取到号码【1639086】GSD
2024-05-17 00:26:41 未获取到号码【1639086】GSD，可能号码格式错误
2024-05-17 00:26:41 获取到号码【1639086】的GSD为【-】
2024-05-17 00:26:46 GSD insert 第 1 次 等待 3 秒
2024-05-17 00:26:49 {"status":"bad","gid":"684043","msg":"添加失败！号码【1639086(-|-)】已存在！"}
2024-05-17 00:26:49 随机等待 148 秒，约 2 分钟
2024-05-17 00:26:49 下次操作: 2024-05-17 00:29:17

2024-05-17 00:29:17 开始第 9180 次操作

2024-05-17 00:29:17 开始操作号码 【1639087】
2024-05-17 00:29:27 GSD getOne 第 1 次 等待 3 秒
2024-05-17 00:29:30 查询号码 【1639087】，返回信息 {"status":"ok","msg":"-","gid":"684071","time_insert":"2023-04-29 06:27"}
2024-05-17 00:29:30 查询号码 【1639087】，GSD为【"-"】
2024-05-17 00:29:30 ok && -
2024-05-17 00:29:32 CHB 1639087?1715876970 第 1 次 等待 3 秒
2024-05-17 00:29:35 CHB 1639087?1715876970 第 1 次 获取到号码【1639087】GSD
2024-05-17 00:29:35 未获取到号码【1639087】GSD，可能号码格式错误
2024-05-17 00:29:35 获取到号码【1639087】的GSD为【-】
2024-05-17 00:29:41 GSD insert 第 1 次 等待 3 秒
2024-05-17 00:29:44 {"status":"bad","gid":"684071","msg":"添加失败！号码【1639087(-|-)】已存在！"}

2024-05-17 00:39:31 开始第 9181 次操作

2024-05-17 00:39:31 开始操作号码 【1639088】
2024-05-17 00:39:59 GSD getOne 第 1 次 等待 3 秒
2024-05-17 00:40:02 查询号码 【1639088】，返回信息 {"status":"ok","msg":"-","gid":"684106","time_insert":"2023-04-29 06:47"}
2024-05-17 00:40:02 查询号码 【1639088】，GSD为【"-"】
2024-05-17 00:40:02 ok && -
2024-05-17 00:40:05 CHB 1639088?1715877602 第 1 次 等待 3 秒
2024-05-17 00:40:08 CHB 1639088?1715877602 第 1 次 获取到号码【1639088】GSD
2024-05-17 00:40:08 未获取到号码【1639088】GSD，可能号码格式错误
2024-05-17 00:40:08 获取到号码【1639088】的GSD为【-】
2024-05-17 00:40:15 GSD insert 第 1 次 等待 3 秒
2024-05-17 00:40:18 {"status":"bad","gid":"684106","msg":"添加失败！号码【1639088(-|-)】已存在！"}
2024-05-17 00:40:18 随机等待 208 秒，约 3 分钟
2024-05-17 00:40:18 下次操作: 2024-05-17 00:43:46

2024-05-17 00:43:46 开始第 9182 次操作

2024-05-17 00:43:46 开始操作号码 【1639089】
2024-05-17 00:43:52 GSD getOne 第 1 次 等待 3 秒
2024-05-17 00:43:55 查询号码 【1639089】，返回信息 {"status":"ok","msg":"-","gid":"684133","time_insert":"2023-04-29 07:05"}
2024-05-17 00:43:55 查询号码 【1639089】，GSD为【"-"】
2024-05-17 00:43:55 ok && -
2024-05-17 00:43:57 CHB 1639089?1715877835 第 1 次 等待 3 秒
2024-05-17 00:44:00 CHB 1639089?1715877835 第 1 次 获取到号码【1639089】GSD
2024-05-17 00:44:00 未获取到号码【1639089】GSD，可能号码格式错误
2024-05-17 00:44:00 获取到号码【1639089】的GSD为【-】
2024-05-17 00:44:07 GSD insert 第 1 次 等待 3 秒
2024-05-17 00:44:10 {"status":"bad","gid":"684133","msg":"添加失败！号码【1639089(-|-)】已存在！"}
2024-05-17 00:44:10 随机等待 111 秒，约 1 分钟
2024-05-17 00:44:10 下次操作: 2024-05-17 00:46:01

2024-05-17 00:46:01 开始第 9183 次操作

2024-05-17 00:46:01 开始操作号码 【1639090】
2024-05-17 00:46:07 GSD getOne 第 1 次 等待 3 秒
2024-05-17 00:46:10 查询号码 【1639090】，返回信息 {"status":"ok","msg":"-","gid":"684161","time_insert":"2023-04-29 07:25"}
2024-05-17 00:46:10 查询号码 【1639090】，GSD为【"-"】
2024-05-17 00:46:10 ok && -
2024-05-17 00:46:12 CHB 1639090?1715877970 第 1 次 等待 3 秒
2024-05-17 00:46:15 CHB 1639090?1715877970 第 1 次 获取到号码【1639090】GSD
2024-05-17 00:46:15 未获取到号码【1639090】GSD，可能号码格式错误
2024-05-17 00:46:15 获取到号码【1639090】的GSD为【-】
2024-05-17 00:46:28 GSD insert 第 1 次 等待 3 秒
2024-05-17 00:46:31 {"status":"bad","gid":"684161","msg":"添加失败！号码【1639090(-|-)】已存在！"}
2024-05-17 00:46:31 随机等待 111 秒，约 1 分钟
2024-05-17 00:46:31 下次操作: 2024-05-17 00:48:22

2024-05-17 00:48:22 开始第 9184 次操作

2024-05-17 00:48:22 开始操作号码 【1639091】
2024-05-17 00:48:27 GSD getOne 第 1 次 等待 3 秒
2024-05-17 00:48:30 查询号码 【1639091】，返回信息 {"status":"ok","msg":"-","gid":"684185","time_insert":"2023-04-29 07:40"}
2024-05-17 00:48:30 查询号码 【1639091】，GSD为【"-"】
2024-05-17 00:48:30 ok && -
2024-05-17 00:48:33 CHB 1639091?1715878110 第 1 次 等待 3 秒
2024-05-17 00:48:36 CHB 1639091?1715878110 第 1 次 获取到号码【1639091】GSD
2024-05-17 00:48:36 未获取到号码【1639091】GSD，可能号码格式错误
2024-05-17 00:48:36 获取到号码【1639091】的GSD为【-】
2024-05-17 00:48:42 GSD insert 第 1 次 等待 3 秒
2024-05-17 00:48:45 {"status":"bad","gid":"684185","msg":"添加失败！号码【1639091(-|-)】已存在！"}

2024-05-17 01:16:31 开始第 9185 次操作

2024-05-17 01:16:31 开始操作号码 【1639092】
2024-05-17 01:16:42 GSD getOne 第 1 次 等待 3 秒
2024-05-17 01:16:45 查询号码 【1639092】，返回信息 {"status":"ok","msg":"-","gid":"684216","time_insert":"2023-04-29 07:59"}
2024-05-17 01:16:45 查询号码 【1639092】，GSD为【"-"】
2024-05-17 01:16:45 ok && -
2024-05-17 01:16:47 CHB 1639092?1715879805 第 1 次 等待 3 秒
2024-05-17 01:16:50 CHB 1639092?1715879805 第 1 次 获取到号码【1639092】GSD
2024-05-17 01:16:50 未获取到号码【1639092】GSD，可能号码格式错误
2024-05-17 01:16:50 获取到号码【1639092】的GSD为【-】
2024-05-17 01:16:59 GSD insert 第 1 次 等待 3 秒
2024-05-17 01:17:02 {"status":"bad","gid":"684216","msg":"添加失败！号码【1639092(-|-)】已存在！"}
2024-05-17 01:17:02 随机等待 126 秒，约 2 分钟
2024-05-17 01:17:02 下次操作: 2024-05-17 01:19:08

2024-05-17 01:19:08 开始第 9186 次操作

2024-05-17 01:19:08 开始操作号码 【1639093】
2024-05-17 01:19:15 GSD getOne 第 1 次 等待 3 秒
2024-05-17 01:19:18 查询号码 【1639093】，返回信息 {"status":"ok","msg":"-","gid":"684235","time_insert":"2023-04-29 08:18"}
2024-05-17 01:19:18 查询号码 【1639093】，GSD为【"-"】
2024-05-17 01:19:18 ok && -
2024-05-17 01:19:20 CHB 1639093?1715879958 第 1 次 等待 3 秒
2024-05-17 01:19:23 CHB 1639093?1715879958 第 1 次 获取到号码【1639093】GSD
2024-05-17 01:19:23 未获取到号码【1639093】GSD，可能号码格式错误
2024-05-17 01:19:23 获取到号码【1639093】的GSD为【-】
2024-05-17 01:19:33 GSD insert 第 1 次 等待 3 秒
2024-05-17 01:19:36 {"status":"bad","gid":"684235","msg":"添加失败！号码【1639093(-|-)】已存在！"}
2024-05-17 01:19:36 随机等待 233 秒，约 3 分钟
2024-05-17 01:19:36 下次操作: 2024-05-17 01:23:29

2024-05-17 01:23:29 开始第 9187 次操作

2024-05-17 01:23:29 开始操作号码 【1639094】
2024-05-17 01:23:35 GSD getOne 第 1 次 等待 3 秒
2024-05-17 01:23:38 查询号码 【1639094】，返回信息 {"status":"ok","msg":"-","gid":"684250","time_insert":"2023-04-29 08:35"}
2024-05-17 01:23:38 查询号码 【1639094】，GSD为【"-"】
2024-05-17 01:23:38 ok && -
2024-05-17 01:23:41 CHB 1639094?1715880218 第 1 次 等待 3 秒
2024-05-17 01:23:44 CHB 1639094?1715880218 第 1 次 获取到号码【1639094】GSD
2024-05-17 01:23:44 未获取到号码【1639094】GSD，可能号码格式错误
2024-05-17 01:23:44 获取到号码【1639094】的GSD为【-】
2024-05-17 01:23:49 GSD insert 第 1 次 等待 3 秒
2024-05-17 01:23:52 {"status":"bad","gid":"684250","msg":"添加失败！号码【1639094(-|-)】已存在！"}
2024-05-17 01:23:52 随机等待 230 秒，约 3 分钟
2024-05-17 01:23:52 下次操作: 2024-05-17 01:27:42

2024-05-17 01:27:42 开始第 9188 次操作

2024-05-17 01:27:42 开始操作号码 【1639095】
2024-05-17 01:27:52 GSD getOne 第 1 次 等待 3 秒
2024-05-17 01:27:55 查询号码 【1639095】，返回信息 {"status":"ok","msg":"-","gid":"684269","time_insert":"2023-04-29 08:52"}
2024-05-17 01:27:55 查询号码 【1639095】，GSD为【"-"】
2024-05-17 01:27:55 ok && -
2024-05-17 01:27:57 CHB 1639095?1715880475 第 1 次 等待 3 秒
2024-05-17 01:28:00 CHB 1639095?1715880475 第 1 次 获取到号码【1639095】GSD
2024-05-17 01:28:01 未获取到号码【1639095】GSD，可能号码格式错误
2024-05-17 01:28:01 获取到号码【1639095】的GSD为【-】
2024-05-17 01:28:10 GSD insert 第 1 次 等待 3 秒
2024-05-17 01:28:13 {"status":"bad","gid":"684269","msg":"添加失败！号码【1639095(-|-)】已存在！"}

2024-05-17 01:38:04 开始第 9189 次操作

2024-05-17 01:38:04 开始操作号码 【1639096】
2024-05-17 01:38:12 GSD getOne 第 1 次 等待 3 秒
2024-05-17 01:38:15 查询号码 【1639096】，返回信息 {"status":"ok","msg":"-","gid":"684288","time_insert":"2023-04-29 09:12"}
2024-05-17 01:38:15 查询号码 【1639096】，GSD为【"-"】
2024-05-17 01:38:15 ok && -
2024-05-17 01:38:17 CHB 1639096?1715881095 第 1 次 等待 3 秒
2024-05-17 01:38:20 CHB 1639096?1715881095 第 1 次 获取到号码【1639096】GSD
2024-05-17 01:38:20 未获取到号码【1639096】GSD，可能号码格式错误
2024-05-17 01:38:20 获取到号码【1639096】的GSD为【-】
2024-05-17 01:38:26 GSD insert 第 1 次 等待 3 秒
2024-05-17 01:38:29 {"status":"bad","gid":"684288","msg":"添加失败！号码【1639096(-|-)】已存在！"}
2024-05-17 01:38:29 随机等待 125 秒，约 2 分钟
2024-05-17 01:38:29 下次操作: 2024-05-17 01:40:34

2024-05-17 01:40:34 开始第 9190 次操作

2024-05-17 01:40:34 开始操作号码 【1639097】
2024-05-17 01:40:39 GSD getOne 第 1 次 等待 3 秒
2024-05-17 01:40:42 查询号码 【1639097】，返回信息 {"status":"ok","msg":"-","gid":"684308","time_insert":"2023-04-29 09:31"}
2024-05-17 01:40:42 查询号码 【1639097】，GSD为【"-"】
2024-05-17 01:40:42 ok && -
2024-05-17 01:40:44 CHB 1639097?1715881242 第 1 次 等待 3 秒
2024-05-17 01:40:47 CHB 1639097?1715881242 第 1 次 获取到号码【1639097】GSD
2024-05-17 01:40:47 未获取到号码【1639097】GSD，可能号码格式错误
2024-05-17 01:40:47 获取到号码【1639097】的GSD为【-】
2024-05-17 01:40:53 GSD insert 第 1 次 等待 3 秒
2024-05-17 01:40:56 {"status":"bad","gid":"684308","msg":"添加失败！号码【1639097(-|-)】已存在！"}
2024-05-17 01:40:56 随机等待 133 秒，约 2 分钟
2024-05-17 01:40:56 下次操作: 2024-05-17 01:43:09

2024-05-17 01:43:09 开始第 9191 次操作

2024-05-17 01:43:09 开始操作号码 【1639098】
2024-05-17 01:43:15 GSD getOne 第 1 次 等待 3 秒
2024-05-17 01:43:18 查询号码 【1639098】，返回信息 {"status":"ok","msg":"-","gid":"684318","time_insert":"2023-04-29 09:47"}
2024-05-17 01:43:18 查询号码 【1639098】，GSD为【"-"】
2024-05-17 01:43:18 ok && -
2024-05-17 01:43:20 CHB 1639098?1715881398 第 1 次 等待 3 秒
2024-05-17 01:43:23 CHB 1639098?1715881398 第 1 次 获取到号码【1639098】GSD
2024-05-17 01:43:23 未获取到号码【1639098】GSD，可能号码格式错误
2024-05-17 01:43:23 获取到号码【1639098】的GSD为【-】
2024-05-17 01:43:28 GSD insert 第 1 次 等待 3 秒
2024-05-17 01:43:31 {"status":"bad","gid":"684318","msg":"添加失败！号码【1639098(-|-)】已存在！"}
2024-05-17 01:43:31 随机等待 234 秒，约 3 分钟
2024-05-17 01:43:31 下次操作: 2024-05-17 01:47:25

2024-05-17 01:47:25 开始第 9192 次操作

2024-05-17 01:47:25 开始操作号码 【1639099】
2024-05-17 01:47:29 GSD getOne 第 1 次 等待 3 秒
2024-05-17 01:47:32 查询号码 【1639099】，返回信息 {"status":"ok","msg":"-","gid":"684342","time_insert":"2023-04-29 10:05"}
2024-05-17 01:47:32 查询号码 【1639099】，GSD为【"-"】
2024-05-17 01:47:32 ok && -
2024-05-17 01:47:34 CHB 1639099?1715881652 第 1 次 等待 3 秒
2024-05-17 01:47:37 CHB 1639099?1715881652 第 1 次 获取到号码【1639099】GSD
2024-05-17 01:47:37 未获取到号码【1639099】GSD，可能号码格式错误
2024-05-17 01:47:37 获取到号码【1639099】的GSD为【-】
2024-05-17 01:47:42 GSD insert 第 1 次 等待 3 秒
2024-05-17 01:47:45 {"status":"bad","gid":"684342","msg":"添加失败！号码【1639099(-|-)】已存在！"}

2024-05-17 02:20:58 开始第 9193 次操作

2024-05-17 02:20:58 开始操作号码 【1639100】
2024-05-17 02:21:05 GSD getOne 第 1 次 等待 3 秒
2024-05-17 02:21:08 查询号码 【1639100】，返回信息 {"status":"ok","msg":"-","gid":"684358","time_insert":"2023-04-29 10:21"}
2024-05-17 02:21:08 查询号码 【1639100】，GSD为【"-"】
2024-05-17 02:21:08 ok && -
2024-05-17 02:21:10 CHB 1639100?1715883668 第 1 次 等待 3 秒
2024-05-17 02:21:13 CHB 1639100?1715883668 第 1 次 获取到号码【1639100】GSD
2024-05-17 02:21:13 未获取到号码【1639100】GSD，可能号码格式错误
2024-05-17 02:21:13 获取到号码【1639100】的GSD为【-】
2024-05-17 02:21:18 GSD insert 第 1 次 等待 3 秒
2024-05-17 02:21:21 {"status":"bad","gid":"684358","msg":"添加失败！号码【1639100(-|-)】已存在！"}
2024-05-17 02:21:22 随机等待 220 秒，约 3 分钟
2024-05-17 02:21:22 下次操作: 2024-05-17 02:25:01

2024-05-17 02:25:02 开始第 9194 次操作

2024-05-17 02:25:02 开始操作号码 【1639101】
2024-05-17 02:25:06 GSD getOne 第 1 次 等待 3 秒
2024-05-17 02:25:09 查询号码 【1639101】，返回信息 {"status":"ok","msg":"-","gid":"684383","time_insert":"2023-04-29 10:41"}
2024-05-17 02:25:09 查询号码 【1639101】，GSD为【"-"】
2024-05-17 02:25:09 ok && -
2024-05-17 02:25:12 CHB 1639101?1715883909 第 1 次 等待 3 秒
2024-05-17 02:25:15 CHB 1639101?1715883909 第 1 次 获取到号码【1639101】GSD
2024-05-17 02:25:15 未获取到号码【1639101】GSD，可能号码格式错误
2024-05-17 02:25:15 获取到号码【1639101】的GSD为【-】
2024-05-17 02:25:23 GSD insert 第 1 次 等待 3 秒
2024-05-17 02:25:26 {"status":"bad","gid":"684383","msg":"添加失败！号码【1639101(-|-)】已存在！"}
2024-05-17 02:25:26 随机等待 135 秒，约 2 分钟
2024-05-17 02:25:26 下次操作: 2024-05-17 02:27:41

2024-05-17 02:27:41 开始第 9195 次操作

2024-05-17 02:27:41 开始操作号码 【1639102】
2024-05-17 02:27:46 GSD getOne 第 1 次 等待 3 秒
2024-05-17 02:27:49 查询号码 【1639102】，返回信息 {"status":"ok","msg":"-","gid":"684411","time_insert":"2023-04-29 10:57"}
2024-05-17 02:27:49 查询号码 【1639102】，GSD为【"-"】
2024-05-17 02:27:49 ok && -
2024-05-17 02:27:51 CHB 1639102?1715884069 第 1 次 等待 3 秒
2024-05-17 02:27:54 CHB 1639102?1715884069 第 1 次 获取到号码【1639102】GSD
2024-05-17 02:27:54 未获取到号码【1639102】GSD，可能号码格式错误
2024-05-17 02:27:54 获取到号码【1639102】的GSD为【-】
2024-05-17 02:28:00 GSD insert 第 1 次 等待 3 秒
2024-05-17 02:28:03 {"status":"bad","gid":"684411","msg":"添加失败！号码【1639102(-|-)】已存在！"}
2024-05-17 02:28:03 随机等待 169 秒，约 2 分钟
2024-05-17 02:28:03 下次操作: 2024-05-17 02:30:52

2024-05-17 02:30:52 开始第 9196 次操作

2024-05-17 02:30:52 开始操作号码 【1639103】
2024-05-17 02:30:57 GSD getOne 第 1 次 等待 3 秒
2024-05-17 02:31:00 查询号码 【1639103】，返回信息 {"status":"ok","msg":"-","gid":"684430","time_insert":"2023-04-29 11:12"}
2024-05-17 02:31:00 查询号码 【1639103】，GSD为【"-"】
2024-05-17 02:31:00 ok && -
2024-05-17 02:31:02 CHB 1639103?1715884260 第 1 次 等待 3 秒
2024-05-17 02:31:05 CHB 1639103?1715884260 第 1 次 获取到号码【1639103】GSD
2024-05-17 02:31:05 未获取到号码【1639103】GSD，可能号码格式错误
2024-05-17 02:31:05 获取到号码【1639103】的GSD为【-】
2024-05-17 02:31:11 GSD insert 第 1 次 等待 3 秒
2024-05-17 02:31:14 {"status":"bad","gid":"684430","msg":"添加失败！号码【1639103(-|-)】已存在！"}

2024-05-17 02:38:56 开始第 9197 次操作

2024-05-17 02:38:56 开始操作号码 【1639104】
2024-05-17 02:39:04 GSD getOne 第 1 次 等待 3 秒
2024-05-17 02:39:07 查询号码 【1639104】，返回信息 {"status":"ok","msg":"-","gid":"684456","time_insert":"2023-04-29 11:28"}
2024-05-17 02:39:07 查询号码 【1639104】，GSD为【"-"】
2024-05-17 02:39:07 ok && -
2024-05-17 02:39:09 CHB 1639104?1715884747 第 1 次 等待 3 秒
2024-05-17 02:39:12 CHB 1639104?1715884747 第 1 次 获取到号码【1639104】GSD
2024-05-17 02:39:12 未获取到号码【1639104】GSD，可能号码格式错误
2024-05-17 02:39:12 获取到号码【1639104】的GSD为【-】
2024-05-17 02:39:18 GSD insert 第 1 次 等待 3 秒
2024-05-17 02:39:21 {"status":"bad","gid":"684456","msg":"添加失败！号码【1639104(-|-)】已存在！"}
2024-05-17 02:39:21 随机等待 86 秒，约 1 分钟
2024-05-17 02:39:21 下次操作: 2024-05-17 02:40:47

2024-05-17 02:40:47 开始第 9198 次操作

2024-05-17 02:40:47 开始操作号码 【1639105】
2024-05-17 02:40:51 GSD getOne 第 1 次 等待 3 秒
2024-05-17 02:40:54 查询号码 【1639105】，返回信息 {"status":"ok","msg":"-","gid":"684482","time_insert":"2023-04-29 11:46"}
2024-05-17 02:40:55 查询号码 【1639105】，GSD为【"-"】
2024-05-17 02:40:55 ok && -
2024-05-17 02:40:56 CHB 1639105?1715884855 第 1 次 等待 3 秒
2024-05-17 02:40:59 CHB 1639105?1715884855 第 1 次 获取到号码【1639105】GSD
2024-05-17 02:40:59 未获取到号码【1639105】GSD，可能号码格式错误
2024-05-17 02:40:59 获取到号码【1639105】的GSD为【-】
2024-05-17 02:41:06 GSD insert 第 1 次 等待 3 秒
2024-05-17 02:41:09 {"status":"bad","gid":"684482","msg":"添加失败！号码【1639105(-|-)】已存在！"}
2024-05-17 02:41:09 随机等待 112 秒，约 1 分钟
2024-05-17 02:41:09 下次操作: 2024-05-17 02:43:01

2024-05-17 02:43:01 开始第 9199 次操作

2024-05-17 02:43:01 开始操作号码 【1639106】
2024-05-17 02:43:05 GSD getOne 第 1 次 等待 3 秒
2024-05-17 02:43:08 查询号码 【1639106】，返回信息 {"status":"ok","msg":"-","gid":"684509","time_insert":"2023-04-29 12:01"}
2024-05-17 02:43:08 查询号码 【1639106】，GSD为【"-"】
2024-05-17 02:43:08 ok && -
2024-05-17 02:43:10 CHB 1639106?1715884988 第 1 次 等待 3 秒
2024-05-17 02:43:13 CHB 1639106?1715884988 第 1 次 获取到号码【1639106】GSD
2024-05-17 02:43:13 未获取到号码【1639106】GSD，可能号码格式错误
2024-05-17 02:43:13 获取到号码【1639106】的GSD为【-】
2024-05-17 02:43:18 GSD insert 第 1 次 等待 3 秒
2024-05-17 02:43:21 {"status":"bad","gid":"684509","msg":"添加失败！号码【1639106(-|-)】已存在！"}
2024-05-17 02:43:21 随机等待 68 秒，约 1 分钟
2024-05-17 02:43:21 下次操作: 2024-05-17 02:44:29

2024-05-17 02:44:29 开始第 9200 次操作

2024-05-17 02:44:29 开始操作号码 【1639107】
2024-05-17 02:44:36 GSD getOne 第 1 次 等待 3 秒
2024-05-17 02:44:39 查询号码 【1639107】，返回信息 {"status":"ok","msg":"-","gid":"684531","time_insert":"2023-04-29 12:21"}
2024-05-17 02:44:40 查询号码 【1639107】，GSD为【"-"】
2024-05-17 02:44:40 ok && -
2024-05-17 02:44:42 CHB 1639107?1715885080 第 1 次 等待 3 秒
2024-05-17 02:44:45 CHB 1639107?1715885080 第 1 次 获取到号码【1639107】GSD
2024-05-17 02:44:45 未获取到号码【1639107】GSD，可能号码格式错误
2024-05-17 02:44:45 获取到号码【1639107】的GSD为【-】
2024-05-17 02:44:49 GSD insert 第 1 次 等待 3 秒
2024-05-17 02:44:53 {"status":"bad","gid":"684531","msg":"添加失败！号码【1639107(-|-)】已存在！"}

2024-05-17 03:13:36 开始第 9201 次操作

2024-05-17 03:13:36 开始操作号码 【1639108】
2024-05-17 03:13:51 GSD getOne 第 1 次 等待 3 秒
2024-05-17 03:13:54 查询号码 【1639108】，返回信息 {"status":"ok","msg":"-","gid":"684562","time_insert":"2023-04-29 12:39"}
2024-05-17 03:13:54 查询号码 【1639108】，GSD为【"-"】
2024-05-17 03:13:54 ok && -
2024-05-17 03:13:56 CHB 1639108?1715886834 第 1 次 等待 3 秒
2024-05-17 03:13:59 CHB 1639108?1715886834 第 1 次 获取到号码【1639108】GSD
2024-05-17 03:13:59 未获取到号码【1639108】GSD，可能号码格式错误
2024-05-17 03:13:59 获取到号码【1639108】的GSD为【-】
2024-05-17 03:14:12 GSD insert 第 1 次 等待 3 秒
2024-05-17 03:14:15 {"status":"bad","gid":"684562","msg":"添加失败！号码【1639108(-|-)】已存在！"}
2024-05-17 03:14:15 随机等待 177 秒，约 2 分钟
2024-05-17 03:14:15 下次操作: 2024-05-17 03:17:12

2024-05-17 03:17:12 开始第 9202 次操作

2024-05-17 03:17:12 开始操作号码 【1639109】
2024-05-17 03:17:22 GSD getOne 第 1 次 等待 3 秒
2024-05-17 03:17:25 查询号码 【1639109】，返回信息 {"status":"ok","msg":"-","gid":"684589","time_insert":"2023-04-29 12:56"}
2024-05-17 03:17:25 查询号码 【1639109】，GSD为【"-"】
2024-05-17 03:17:25 ok && -
2024-05-17 03:17:27 CHB 1639109?1715887045 第 1 次 等待 3 秒
2024-05-17 03:17:30 CHB 1639109?1715887045 第 1 次 获取到号码【1639109】GSD
2024-05-17 03:17:30 未获取到号码【1639109】GSD，可能号码格式错误
2024-05-17 03:17:30 获取到号码【1639109】的GSD为【-】
2024-05-17 03:17:35 GSD insert 第 1 次 等待 3 秒
2024-05-17 03:17:38 {"status":"bad","gid":"684589","msg":"添加失败！号码【1639109(-|-)】已存在！"}
2024-05-17 03:17:38 随机等待 216 秒，约 3 分钟
2024-05-17 03:17:38 下次操作: 2024-05-17 03:21:14

2024-05-17 03:21:14 开始第 9203 次操作

2024-05-17 03:21:14 开始操作号码 【1639110】
2024-05-17 03:21:21 GSD getOne 第 1 次 等待 3 秒
2024-05-17 03:21:24 查询号码 【1639110】，返回信息 {"status":"ok","msg":"-","gid":"684613","time_insert":"2023-04-29 13:14"}
2024-05-17 03:21:24 查询号码 【1639110】，GSD为【"-"】
2024-05-17 03:21:24 ok && -
2024-05-17 03:21:26 CHB 1639110?1715887284 第 1 次 等待 3 秒
2024-05-17 03:21:29 CHB 1639110?1715887284 第 1 次 获取到号码【1639110】GSD
2024-05-17 03:21:29 未获取到号码【1639110】GSD，可能号码格式错误
2024-05-17 03:21:29 获取到号码【1639110】的GSD为【-】
2024-05-17 03:21:34 GSD insert 第 1 次 等待 3 秒
2024-05-17 03:21:37 {"status":"bad","gid":"684613","msg":"添加失败！号码【1639110(-|-)】已存在！"}
2024-05-17 03:21:37 随机等待 179 秒，约 2 分钟
2024-05-17 03:21:37 下次操作: 2024-05-17 03:24:36

2024-05-17 03:24:36 开始第 9204 次操作

2024-05-17 03:24:36 开始操作号码 【1639111】
2024-05-17 03:24:42 GSD getOne 第 1 次 等待 3 秒
2024-05-17 03:24:45 查询号码 【1639111】，返回信息 {"status":"ok","msg":"-","gid":"684642","time_insert":"2023-04-29 13:32"}
2024-05-17 03:24:45 查询号码 【1639111】，GSD为【"-"】
2024-05-17 03:24:45 ok && -
2024-05-17 03:24:47 CHB 1639111?1715887485 第 1 次 等待 3 秒
2024-05-17 03:24:50 CHB 1639111?1715887485 第 1 次 获取到号码【1639111】GSD
2024-05-17 03:24:50 未获取到号码【1639111】GSD，可能号码格式错误
2024-05-17 03:24:50 获取到号码【1639111】的GSD为【-】
2024-05-17 03:24:55 GSD insert 第 1 次 等待 3 秒
2024-05-17 03:24:58 {"status":"bad","gid":"684642","msg":"添加失败！号码【1639111(-|-)】已存在！"}

2024-05-17 03:37:34 开始第 9205 次操作

2024-05-17 03:37:34 开始操作号码 【1639112】
2024-05-17 03:37:41 GSD getOne 第 1 次 等待 3 秒
2024-05-17 03:37:44 查询号码 【1639112】，返回信息 {"status":"ok","msg":"-","gid":"684672","time_insert":"2023-04-29 13:50"}
2024-05-17 03:37:44 查询号码 【1639112】，GSD为【"-"】
2024-05-17 03:37:44 ok && -
2024-05-17 03:37:46 CHB 1639112?1715888264 第 1 次 等待 3 秒
2024-05-17 03:37:49 CHB 1639112?1715888264 第 1 次 获取到号码【1639112】GSD
2024-05-17 03:37:49 未获取到号码【1639112】GSD，可能号码格式错误
2024-05-17 03:37:49 获取到号码【1639112】的GSD为【-】
2024-05-17 03:37:56 GSD insert 第 1 次 等待 3 秒
2024-05-17 03:37:59 {"status":"bad","gid":"684672","msg":"添加失败！号码【1639112(-|-)】已存在！"}
2024-05-17 03:37:59 随机等待 144 秒，约 2 分钟
2024-05-17 03:37:59 下次操作: 2024-05-17 03:40:23

2024-05-17 03:40:23 开始第 9206 次操作

2024-05-17 03:40:23 开始操作号码 【1639113】
2024-05-17 03:40:28 GSD getOne 第 1 次 等待 3 秒
2024-05-17 03:40:31 查询号码 【1639113】，返回信息 {"status":"ok","msg":"-","gid":"684698","time_insert":"2023-04-29 14:10"}
2024-05-17 03:40:31 查询号码 【1639113】，GSD为【"-"】
2024-05-17 03:40:31 ok && -
2024-05-17 03:40:33 CHB 1639113?1715888431 第 1 次 等待 3 秒
2024-05-17 03:40:36 CHB 1639113?1715888431 第 1 次 获取到号码【1639113】GSD
2024-05-17 03:40:36 未获取到号码【1639113】GSD，可能号码格式错误
2024-05-17 03:40:36 获取到号码【1639113】的GSD为【-】
2024-05-17 03:40:41 GSD insert 第 1 次 等待 3 秒
2024-05-17 03:40:44 {"status":"bad","gid":"684698","msg":"添加失败！号码【1639113(-|-)】已存在！"}
2024-05-17 03:40:44 随机等待 164 秒，约 2 分钟
2024-05-17 03:40:44 下次操作: 2024-05-17 03:43:28

2024-05-17 03:43:28 开始第 9207 次操作

2024-05-17 03:43:28 开始操作号码 【1639114】
2024-05-17 03:43:34 GSD getOne 第 1 次 等待 3 秒
2024-05-17 03:43:37 查询号码 【1639114】，返回信息 {"status":"ok","msg":"-","gid":"684726","time_insert":"2023-04-29 14:30"}
2024-05-17 03:43:37 查询号码 【1639114】，GSD为【"-"】
2024-05-17 03:43:37 ok && -
2024-05-17 03:43:39 CHB 1639114?1715888617 第 1 次 等待 3 秒
2024-05-17 03:43:42 CHB 1639114?1715888617 第 1 次 获取到号码【1639114】GSD
2024-05-17 03:43:42 未获取到号码【1639114】GSD，可能号码格式错误
2024-05-17 03:43:42 获取到号码【1639114】的GSD为【-】
2024-05-17 03:43:48 GSD insert 第 1 次 等待 3 秒
2024-05-17 03:43:51 {"status":"bad","gid":"684726","msg":"添加失败！号码【1639114(-|-)】已存在！"}
2024-05-17 03:43:51 随机等待 155 秒，约 2 分钟
2024-05-17 03:43:51 下次操作: 2024-05-17 03:46:26

2024-05-17 03:46:26 开始第 9208 次操作

2024-05-17 03:46:26 开始操作号码 【1639115】
2024-05-17 03:46:30 GSD getOne 第 1 次 等待 3 秒
2024-05-17 03:46:33 查询号码 【1639115】，返回信息 {"status":"ok","msg":"-","gid":"684757","time_insert":"2023-04-29 14:48"}
2024-05-17 03:46:33 查询号码 【1639115】，GSD为【"-"】
2024-05-17 03:46:33 ok && -
2024-05-17 03:46:35 CHB 1639115?1715888793 第 1 次 等待 3 秒
2024-05-17 03:46:38 CHB 1639115?1715888793 第 1 次 获取到号码【1639115】GSD
2024-05-17 03:46:38 未获取到号码【1639115】GSD，可能号码格式错误
2024-05-17 03:46:38 获取到号码【1639115】的GSD为【-】
2024-05-17 03:46:43 GSD insert 第 1 次 等待 3 秒
2024-05-17 03:46:46 {"status":"bad","gid":"684757","msg":"添加失败！号码【1639115(-|-)】已存在！"}

2024-05-17 04:18:00 开始第 9209 次操作

2024-05-17 04:18:00 开始操作号码 【1639116】
2024-05-17 04:18:08 GSD getOne 第 1 次 等待 3 秒
2024-05-17 04:18:11 查询号码 【1639116】，返回信息 {"status":"ok","msg":"-","gid":"684787","time_insert":"2023-04-29 15:07"}
2024-05-17 04:18:11 查询号码 【1639116】，GSD为【"-"】
2024-05-17 04:18:11 ok && -
2024-05-17 04:18:13 CHB 1639116?1715890691 第 1 次 等待 3 秒
2024-05-17 04:18:16 CHB 1639116?1715890691 第 1 次 获取到号码【1639116】GSD
2024-05-17 04:18:16 未获取到号码【1639116】GSD，可能号码格式错误
2024-05-17 04:18:16 获取到号码【1639116】的GSD为【-】
2024-05-17 04:18:25 GSD insert 第 1 次 等待 3 秒
2024-05-17 04:18:28 {"status":"bad","gid":"684787","msg":"添加失败！号码【1639116(-|-)】已存在！"}
2024-05-17 04:18:28 随机等待 73 秒，约 1 分钟
2024-05-17 04:18:28 下次操作: 2024-05-17 04:19:41

2024-05-17 04:19:41 开始第 9210 次操作

2024-05-17 04:19:41 开始操作号码 【1639117】
2024-05-17 04:19:46 GSD getOne 第 1 次 等待 3 秒
2024-05-17 04:19:49 查询号码 【1639117】，返回信息 {"status":"ok","msg":"-","gid":"684816","time_insert":"2023-04-29 15:23"}
2024-05-17 04:19:49 查询号码 【1639117】，GSD为【"-"】
2024-05-17 04:19:49 ok && -
2024-05-17 04:19:52 CHB 1639117?1715890789 第 1 次 等待 3 秒
2024-05-17 04:19:55 CHB 1639117?1715890789 第 1 次 获取到号码【1639117】GSD
2024-05-17 04:19:55 未获取到号码【1639117】GSD，可能号码格式错误
2024-05-17 04:19:55 获取到号码【1639117】的GSD为【-】
2024-05-17 04:20:00 GSD insert 第 1 次 等待 3 秒
2024-05-17 04:20:03 {"status":"bad","gid":"684816","msg":"添加失败！号码【1639117(-|-)】已存在！"}
2024-05-17 04:20:03 随机等待 145 秒，约 2 分钟
2024-05-17 04:20:03 下次操作: 2024-05-17 04:22:28

2024-05-17 04:22:28 开始第 9211 次操作

2024-05-17 04:22:28 开始操作号码 【1639118】
2024-05-17 04:22:33 GSD getOne 第 1 次 等待 3 秒
2024-05-17 04:22:36 查询号码 【1639118】，返回信息 {"status":"ok","msg":"-","gid":"684848","time_insert":"2023-04-29 15:42"}
2024-05-17 04:22:36 查询号码 【1639118】，GSD为【"-"】
2024-05-17 04:22:36 ok && -
2024-05-17 04:22:38 CHB 1639118?1715890956 第 1 次 等待 3 秒
2024-05-17 04:22:41 CHB 1639118?1715890956 第 1 次 获取到号码【1639118】GSD
2024-05-17 04:22:41 未获取到号码【1639118】GSD，可能号码格式错误
2024-05-17 04:22:41 获取到号码【1639118】的GSD为【-】
2024-05-17 04:22:46 GSD insert 第 1 次 等待 3 秒
2024-05-17 04:22:49 {"status":"bad","gid":"684848","msg":"添加失败！号码【1639118(-|-)】已存在！"}
2024-05-17 04:22:49 随机等待 218 秒，约 3 分钟
2024-05-17 04:22:49 下次操作: 2024-05-17 04:26:27

2024-05-17 04:26:27 开始第 9212 次操作

2024-05-17 04:26:27 开始操作号码 【1639119】
2024-05-17 04:26:32 GSD getOne 第 1 次 等待 3 秒
2024-05-17 04:26:35 查询号码 【1639119】，返回信息 {"status":"ok","msg":"-","gid":"684883","time_insert":"2023-04-29 16:02"}
2024-05-17 04:26:35 查询号码 【1639119】，GSD为【"-"】
2024-05-17 04:26:35 ok && -
2024-05-17 04:26:37 CHB 1639119?1715891195 第 1 次 等待 3 秒
2024-05-17 04:26:40 CHB 1639119?1715891195 第 1 次 获取到号码【1639119】GSD
2024-05-17 04:26:40 未获取到号码【1639119】GSD，可能号码格式错误
2024-05-17 04:26:40 获取到号码【1639119】的GSD为【-】
2024-05-17 04:26:45 GSD insert 第 1 次 等待 3 秒
2024-05-17 04:26:48 {"status":"bad","gid":"684883","msg":"添加失败！号码【1639119(-|-)】已存在！"}

2024-05-17 04:37:36 开始第 9213 次操作

2024-05-17 04:37:36 开始操作号码 【1639120】
2024-05-17 04:37:42 GSD getOne 第 1 次 等待 3 秒
2024-05-17 04:37:45 查询号码 【1639120】，返回信息 {"status":"ok","msg":"-","gid":"684910","time_insert":"2023-04-29 16:20"}
2024-05-17 04:37:45 查询号码 【1639120】，GSD为【"-"】
2024-05-17 04:37:45 ok && -
2024-05-17 04:37:48 CHB 1639120?1715891865 第 1 次 等待 3 秒
2024-05-17 04:37:51 CHB 1639120?1715891865 第 1 次 获取到号码【1639120】GSD
2024-05-17 04:37:51 未获取到号码【1639120】GSD，可能号码格式错误
2024-05-17 04:37:51 获取到号码【1639120】的GSD为【-】
2024-05-17 04:37:57 GSD insert 第 1 次 等待 3 秒
2024-05-17 04:38:00 {"status":"bad","gid":"684910","msg":"添加失败！号码【1639120(-|-)】已存在！"}
2024-05-17 04:38:00 随机等待 186 秒，约 3 分钟
2024-05-17 04:38:00 下次操作: 2024-05-17 04:41:06

2024-05-17 04:41:06 开始第 9214 次操作

2024-05-17 04:41:06 开始操作号码 【1639121】
2024-05-17 04:41:10 GSD getOne 第 1 次 等待 3 秒
2024-05-17 04:41:13 查询号码 【1639121】，返回信息 {"status":"ok","msg":"-","gid":"684940","time_insert":"2023-04-29 16:40"}
2024-05-17 04:41:14 查询号码 【1639121】，GSD为【"-"】
2024-05-17 04:41:14 ok && -
2024-05-17 04:41:16 CHB 1639121?1715892074 第 1 次 等待 3 秒
2024-05-17 04:41:19 CHB 1639121?1715892074 第 1 次 获取到号码【1639121】GSD
2024-05-17 04:41:19 未获取到号码【1639121】GSD，可能号码格式错误
2024-05-17 04:41:19 获取到号码【1639121】的GSD为【-】
2024-05-17 04:41:24 GSD insert 第 1 次 等待 3 秒
2024-05-17 04:41:27 {"status":"bad","gid":"684940","msg":"添加失败！号码【1639121(-|-)】已存在！"}
2024-05-17 04:41:27 随机等待 126 秒，约 2 分钟
2024-05-17 04:41:27 下次操作: 2024-05-17 04:43:33

2024-05-17 04:43:33 开始第 9215 次操作

2024-05-17 04:43:33 开始操作号码 【1639122】
2024-05-17 04:43:38 GSD getOne 第 1 次 等待 3 秒
2024-05-17 04:43:41 查询号码 【1639122】，返回信息 {"status":"ok","msg":"-","gid":"684965","time_insert":"2023-04-29 16:55"}
2024-05-17 04:43:41 查询号码 【1639122】，GSD为【"-"】
2024-05-17 04:43:41 ok && -
2024-05-17 04:43:43 CHB 1639122?1715892221 第 1 次 等待 3 秒
2024-05-17 04:43:46 CHB 1639122?1715892221 第 1 次 获取到号码【1639122】GSD
2024-05-17 04:43:46 未获取到号码【1639122】GSD，可能号码格式错误
2024-05-17 04:43:46 获取到号码【1639122】的GSD为【-】
2024-05-17 04:43:51 GSD insert 第 1 次 等待 3 秒
2024-05-17 04:43:54 {"status":"bad","gid":"684965","msg":"添加失败！号码【1639122(-|-)】已存在！"}
2024-05-17 04:43:54 随机等待 231 秒，约 3 分钟
2024-05-17 04:43:54 下次操作: 2024-05-17 04:47:45

2024-05-17 04:47:45 开始第 9216 次操作

2024-05-17 04:47:45 开始操作号码 【1639123】
2024-05-17 04:47:50 GSD getOne 第 1 次 等待 3 秒
2024-05-17 04:47:53 查询号码 【1639123】，返回信息 {"status":"ok","msg":"-","gid":"684989","time_insert":"2023-04-29 17:11"}
2024-05-17 04:47:53 查询号码 【1639123】，GSD为【"-"】
2024-05-17 04:47:53 ok && -
2024-05-17 04:47:56 CHB 1639123?1715892473 第 1 次 等待 3 秒
2024-05-17 04:47:59 CHB 1639123?1715892473 第 1 次 获取到号码【1639123】GSD
2024-05-17 04:47:59 未获取到号码【1639123】GSD，可能号码格式错误
2024-05-17 04:47:59 获取到号码【1639123】的GSD为【-】
2024-05-17 04:48:04 GSD insert 第 1 次 等待 3 秒
2024-05-17 04:48:07 {"status":"bad","gid":"684989","msg":"添加失败！号码【1639123(-|-)】已存在！"}

2024-05-17 05:17:21 开始第 9217 次操作

2024-05-17 05:17:21 开始操作号码 【1639124】
2024-05-17 05:17:27 GSD getOne 第 1 次 等待 3 秒
2024-05-17 05:17:30 查询号码 【1639124】，返回信息 {"status":"ok","msg":"-","gid":"685018","time_insert":"2023-04-29 17:29"}
2024-05-17 05:17:30 查询号码 【1639124】，GSD为【"-"】
2024-05-17 05:17:30 ok && -
2024-05-17 05:17:32 CHB 1639124?1715894250 第 1 次 等待 3 秒
2024-05-17 05:17:35 CHB 1639124?1715894250 第 1 次 获取到号码【1639124】GSD
2024-05-17 05:17:35 未获取到号码【1639124】GSD，可能号码格式错误
2024-05-17 05:17:35 获取到号码【1639124】的GSD为【-】
2024-05-17 05:17:44 GSD insert 第 1 次 等待 3 秒
2024-05-17 05:17:47 {"status":"bad","gid":"685018","msg":"添加失败！号码【1639124(-|-)】已存在！"}
2024-05-17 05:17:47 随机等待 145 秒，约 2 分钟
2024-05-17 05:17:47 下次操作: 2024-05-17 05:20:12

2024-05-17 05:20:12 开始第 9218 次操作

2024-05-17 05:20:12 开始操作号码 【1639125】
2024-05-17 05:20:16 GSD getOne 第 1 次 等待 3 秒
2024-05-17 05:20:19 查询号码 【1639125】，返回信息 {"status":"ok","msg":"-","gid":"685050","time_insert":"2023-04-29 17:49"}
2024-05-17 05:20:19 查询号码 【1639125】，GSD为【"-"】
2024-05-17 05:20:19 ok && -
2024-05-17 05:20:21 CHB 1639125?1715894419 第 1 次 等待 3 秒
2024-05-17 05:20:24 CHB 1639125?1715894419 第 1 次 获取到号码【1639125】GSD
2024-05-17 05:20:24 未获取到号码【1639125】GSD，可能号码格式错误
2024-05-17 05:20:24 获取到号码【1639125】的GSD为【-】
2024-05-17 05:20:29 GSD insert 第 1 次 等待 3 秒
2024-05-17 05:20:32 {"status":"bad","gid":"685050","msg":"添加失败！号码【1639125(-|-)】已存在！"}
2024-05-17 05:20:32 随机等待 132 秒，约 2 分钟
2024-05-17 05:20:32 下次操作: 2024-05-17 05:22:44

2024-05-17 05:22:44 开始第 9219 次操作

2024-05-17 05:22:44 开始操作号码 【1639126】
2024-05-17 05:22:48 GSD getOne 第 1 次 等待 3 秒
2024-05-17 05:22:51 查询号码 【1639126】，返回信息 {"status":"ok","msg":"-","gid":"685075","time_insert":"2023-04-29 18:04"}
2024-05-17 05:22:51 查询号码 【1639126】，GSD为【"-"】
2024-05-17 05:22:51 ok && -
2024-05-17 05:22:53 CHB 1639126?1715894571 第 1 次 等待 3 秒
2024-05-17 05:22:56 CHB 1639126?1715894571 第 1 次 获取到号码【1639126】GSD
2024-05-17 05:22:56 未获取到号码【1639126】GSD，可能号码格式错误
2024-05-17 05:22:56 获取到号码【1639126】的GSD为【-】
2024-05-17 05:23:01 GSD insert 第 1 次 等待 3 秒
2024-05-17 05:23:04 {"status":"bad","gid":"685075","msg":"添加失败！号码【1639126(-|-)】已存在！"}
2024-05-17 05:23:04 随机等待 188 秒，约 3 分钟
2024-05-17 05:23:04 下次操作: 2024-05-17 05:26:12

2024-05-17 05:26:12 开始第 9220 次操作

2024-05-17 05:26:12 开始操作号码 【1639127】
2024-05-17 05:26:17 GSD getOne 第 1 次 等待 3 秒
2024-05-17 05:26:20 查询号码 【1639127】，返回信息 {"status":"ok","msg":"-","gid":"685096","time_insert":"2023-04-29 18:19"}
2024-05-17 05:26:20 查询号码 【1639127】，GSD为【"-"】
2024-05-17 05:26:20 ok && -
2024-05-17 05:26:22 CHB 1639127?1715894780 第 1 次 等待 3 秒
2024-05-17 05:26:25 CHB 1639127?1715894780 第 1 次 获取到号码【1639127】GSD
2024-05-17 05:26:25 未获取到号码【1639127】GSD，可能号码格式错误
2024-05-17 05:26:25 获取到号码【1639127】的GSD为【-】
2024-05-17 05:26:30 GSD insert 第 1 次 等待 3 秒
2024-05-17 05:26:33 {"status":"bad","gid":"685096","msg":"添加失败！号码【1639127(-|-)】已存在！"}

2024-05-17 05:37:37 开始第 9221 次操作

2024-05-17 05:37:37 开始操作号码 【1639128】
2024-05-17 05:37:47 GSD getOne 第 1 次 等待 3 秒
2024-05-17 05:37:50 查询号码 【1639128】，返回信息 {"status":"ok","msg":"-","gid":"685130","time_insert":"2023-04-29 18:39"}
2024-05-17 05:37:50 查询号码 【1639128】，GSD为【"-"】
2024-05-17 05:37:50 ok && -
2024-05-17 05:37:53 CHB 1639128?1715895470 第 1 次 等待 3 秒
2024-05-17 05:37:56 CHB 1639128?1715895470 第 1 次 获取到号码【1639128】GSD
2024-05-17 05:37:56 未获取到号码【1639128】GSD，可能号码格式错误
2024-05-17 05:37:56 获取到号码【1639128】的GSD为【-】
2024-05-17 05:38:05 GSD insert 第 1 次 等待 3 秒
2024-05-17 05:38:08 {"status":"bad","gid":"685130","msg":"添加失败！号码【1639128(-|-)】已存在！"}
2024-05-17 05:38:08 随机等待 168 秒，约 2 分钟
2024-05-17 05:38:08 下次操作: 2024-05-17 05:40:56

2024-05-17 05:40:56 开始第 9222 次操作

2024-05-17 05:40:56 开始操作号码 【1639129】
2024-05-17 05:41:00 GSD getOne 第 1 次 等待 3 秒
2024-05-17 05:41:03 查询号码 【1639129】，返回信息 {"status":"ok","msg":"-","gid":"685155","time_insert":"2023-04-29 18:54"}
2024-05-17 05:41:03 查询号码 【1639129】，GSD为【"-"】
2024-05-17 05:41:03 ok && -
2024-05-17 05:41:06 CHB 1639129?1715895663 第 1 次 等待 3 秒
2024-05-17 05:41:09 CHB 1639129?1715895663 第 1 次 获取到号码【1639129】GSD
2024-05-17 05:41:09 未获取到号码【1639129】GSD，可能号码格式错误
2024-05-17 05:41:10 获取到号码【1639129】的GSD为【-】
2024-05-17 05:41:15 GSD insert 第 1 次 等待 3 秒
2024-05-17 05:41:18 {"status":"bad","gid":"685155","msg":"添加失败！号码【1639129(-|-)】已存在！"}
2024-05-17 05:41:18 随机等待 83 秒，约 1 分钟
2024-05-17 05:41:18 下次操作: 2024-05-17 05:42:41

2024-05-17 05:42:41 开始第 9223 次操作

2024-05-17 05:42:41 开始操作号码 【1639130】
2024-05-17 05:42:46 GSD getOne 第 1 次 等待 3 秒
2024-05-17 05:42:49 查询号码 【1639130】，返回信息 {"status":"ok","msg":"-","gid":"685182","time_insert":"2023-04-29 19:12"}
2024-05-17 05:42:49 查询号码 【1639130】，GSD为【"-"】
2024-05-17 05:42:49 ok && -
2024-05-17 05:42:52 CHB 1639130?1715895769 第 1 次 等待 3 秒
2024-05-17 05:42:55 CHB 1639130?1715895769 第 1 次 获取到号码【1639130】GSD
2024-05-17 05:42:55 未获取到号码【1639130】GSD，可能号码格式错误
2024-05-17 05:42:55 获取到号码【1639130】的GSD为【-】
2024-05-17 05:43:00 GSD insert 第 1 次 等待 3 秒
2024-05-17 05:43:03 {"status":"bad","gid":"685182","msg":"添加失败！号码【1639130(-|-)】已存在！"}
2024-05-17 05:43:03 随机等待 88 秒，约 1 分钟
2024-05-17 05:43:03 下次操作: 2024-05-17 05:44:31

2024-05-17 05:44:31 开始第 9224 次操作

2024-05-17 05:44:31 开始操作号码 【1639131】
2024-05-17 05:44:36 GSD getOne 第 1 次 等待 3 秒
2024-05-17 05:44:39 查询号码 【1639131】，返回信息 {"status":"ok","msg":"-","gid":"685214","time_insert":"2023-04-29 19:29"}
2024-05-17 05:44:39 查询号码 【1639131】，GSD为【"-"】
2024-05-17 05:44:39 ok && -
2024-05-17 05:44:41 CHB 1639131?1715895879 第 1 次 等待 3 秒
2024-05-17 05:44:44 CHB 1639131?1715895879 第 1 次 获取到号码【1639131】GSD
2024-05-17 05:44:44 未获取到号码【1639131】GSD，可能号码格式错误
2024-05-17 05:44:44 获取到号码【1639131】的GSD为【-】
2024-05-17 05:44:49 GSD insert 第 1 次 等待 3 秒
2024-05-17 05:44:52 {"status":"bad","gid":"685214","msg":"添加失败！号码【1639131(-|-)】已存在！"}

2024-05-17 06:18:08 开始第 9225 次操作

2024-05-17 06:18:08 开始操作号码 【1639132】
2024-05-17 06:18:14 GSD getOne 第 1 次 等待 3 秒
2024-05-17 06:18:17 查询号码 【1639132】，返回信息 {"status":"ok","msg":"-","gid":"685241","time_insert":"2023-04-29 19:45"}
2024-05-17 06:18:17 查询号码 【1639132】，GSD为【"-"】
2024-05-17 06:18:17 ok && -
2024-05-17 06:18:19 CHB 1639132?1715897897 第 1 次 等待 3 秒
2024-05-17 06:18:22 CHB 1639132?1715897897 第 1 次 获取到号码【1639132】GSD
2024-05-17 06:18:22 未获取到号码【1639132】GSD，可能号码格式错误
2024-05-17 06:18:22 获取到号码【1639132】的GSD为【-】
2024-05-17 06:18:27 GSD insert 第 1 次 等待 3 秒
2024-05-17 06:18:30 {"status":"bad","gid":"685241","msg":"添加失败！号码【1639132(-|-)】已存在！"}
2024-05-17 06:18:30 随机等待 131 秒，约 2 分钟
2024-05-17 06:18:30 下次操作: 2024-05-17 06:20:41

2024-05-17 06:20:41 开始第 9226 次操作

2024-05-17 06:20:41 开始操作号码 【1639133】
2024-05-17 06:20:46 GSD getOne 第 1 次 等待 3 秒
2024-05-17 06:20:49 查询号码 【1639133】，返回信息 {"status":"ok","msg":"-","gid":"685275","time_insert":"2023-04-29 20:03"}
2024-05-17 06:20:49 查询号码 【1639133】，GSD为【"-"】
2024-05-17 06:20:49 ok && -
2024-05-17 06:20:51 CHB 1639133?1715898049 第 1 次 等待 3 秒
2024-05-17 06:20:54 CHB 1639133?1715898049 第 1 次 获取到号码【1639133】GSD
2024-05-17 06:20:54 未获取到号码【1639133】GSD，可能号码格式错误
2024-05-17 06:20:54 获取到号码【1639133】的GSD为【-】
2024-05-17 06:20:59 GSD insert 第 1 次 等待 3 秒
2024-05-17 06:21:02 {"status":"bad","gid":"685275","msg":"添加失败！号码【1639133(-|-)】已存在！"}
2024-05-17 06:21:02 随机等待 218 秒，约 3 分钟
2024-05-17 06:21:02 下次操作: 2024-05-17 06:24:40

2024-05-17 06:24:40 开始第 9227 次操作

2024-05-17 06:24:40 开始操作号码 【1639134】
2024-05-17 06:24:47 GSD getOne 第 1 次 等待 3 秒
2024-05-17 06:24:50 查询号码 【1639134】，返回信息 {"status":"ok","msg":"-","gid":"685300","time_insert":"2023-04-29 20:23"}
2024-05-17 06:24:50 查询号码 【1639134】，GSD为【"-"】
2024-05-17 06:24:50 ok && -
2024-05-17 06:24:52 CHB 1639134?1715898290 第 1 次 等待 3 秒
2024-05-17 06:24:55 CHB 1639134?1715898290 第 1 次 获取到号码【1639134】GSD
2024-05-17 06:24:55 未获取到号码【1639134】GSD，可能号码格式错误
2024-05-17 06:24:55 获取到号码【1639134】的GSD为【-】
2024-05-17 06:25:00 GSD insert 第 1 次 等待 3 秒
2024-05-17 06:25:03 {"status":"bad","gid":"685300","msg":"添加失败！号码【1639134(-|-)】已存在！"}
2024-05-17 06:25:03 随机等待 171 秒，约 2 分钟
2024-05-17 06:25:03 下次操作: 2024-05-17 06:27:54

2024-05-17 06:27:54 开始第 9228 次操作

2024-05-17 06:27:54 开始操作号码 【1639135】
2024-05-17 06:27:59 GSD getOne 第 1 次 等待 3 秒
2024-05-17 06:28:02 查询号码 【1639135】，返回信息 {"status":"ok","msg":"-","gid":"685322","time_insert":"2023-04-29 20:39"}
2024-05-17 06:28:02 查询号码 【1639135】，GSD为【"-"】
2024-05-17 06:28:02 ok && -
2024-05-17 06:28:04 CHB 1639135?1715898482 第 1 次 等待 3 秒
2024-05-17 06:28:07 CHB 1639135?1715898482 第 1 次 获取到号码【1639135】GSD
2024-05-17 06:28:07 未获取到号码【1639135】GSD，可能号码格式错误
2024-05-17 06:28:07 获取到号码【1639135】的GSD为【-】
2024-05-17 06:28:12 GSD insert 第 1 次 等待 3 秒
2024-05-17 06:28:15 {"status":"bad","gid":"685322","msg":"添加失败！号码【1639135(-|-)】已存在！"}

2024-05-17 06:37:31 开始第 9229 次操作

2024-05-17 06:37:31 开始操作号码 【1639136】
2024-05-17 06:37:36 GSD getOne 第 1 次 等待 3 秒
2024-05-17 06:37:39 查询号码 【1639136】，返回信息 {"status":"ok","msg":"-","gid":"685347","time_insert":"2023-04-29 20:56"}
2024-05-17 06:37:39 查询号码 【1639136】，GSD为【"-"】
2024-05-17 06:37:39 ok && -
2024-05-17 06:37:41 CHB 1639136?1715899059 第 1 次 等待 3 秒
2024-05-17 06:37:44 CHB 1639136?1715899059 第 1 次 获取到号码【1639136】GSD
2024-05-17 06:37:44 未获取到号码【1639136】GSD，可能号码格式错误
2024-05-17 06:37:44 获取到号码【1639136】的GSD为【-】
2024-05-17 06:37:51 GSD insert 第 1 次 等待 3 秒
2024-05-17 06:37:54 {"status":"bad","gid":"685347","msg":"添加失败！号码【1639136(-|-)】已存在！"}
2024-05-17 06:37:54 随机等待 135 秒，约 2 分钟
2024-05-17 06:37:54 下次操作: 2024-05-17 06:40:09

2024-05-17 06:40:09 开始第 9230 次操作

2024-05-17 06:40:09 开始操作号码 【1639137】
2024-05-17 06:40:14 GSD getOne 第 1 次 等待 3 秒
2024-05-17 06:40:17 查询号码 【1639137】，返回信息 {"status":"ok","msg":"-","gid":"685374","time_insert":"2023-04-29 21:14"}
2024-05-17 06:40:17 查询号码 【1639137】，GSD为【"-"】
2024-05-17 06:40:17 ok && -
2024-05-17 06:40:20 CHB 1639137?1715899217 第 1 次 等待 3 秒
2024-05-17 06:40:23 CHB 1639137?1715899217 第 1 次 获取到号码【1639137】GSD
2024-05-17 06:40:23 未获取到号码【1639137】GSD，可能号码格式错误
2024-05-17 06:40:23 获取到号码【1639137】的GSD为【-】
2024-05-17 06:40:28 GSD insert 第 1 次 等待 3 秒
2024-05-17 06:40:32 {"status":"bad","gid":"685374","msg":"添加失败！号码【1639137(-|-)】已存在！"}
2024-05-17 06:40:32 随机等待 186 秒，约 3 分钟
2024-05-17 06:40:32 下次操作: 2024-05-17 06:43:38

2024-05-17 06:43:38 开始第 9231 次操作

2024-05-17 06:43:38 开始操作号码 【1639138】
2024-05-17 06:43:42 GSD getOne 第 1 次 等待 3 秒
2024-05-17 06:43:45 查询号码 【1639138】，返回信息 {"status":"ok","msg":"-","gid":"685409","time_insert":"2023-04-29 21:33"}
2024-05-17 06:43:45 查询号码 【1639138】，GSD为【"-"】
2024-05-17 06:43:45 ok && -
2024-05-17 06:43:48 CHB 1639138?1715899425 第 1 次 等待 3 秒
2024-05-17 06:43:51 CHB 1639138?1715899425 第 1 次 获取到号码【1639138】GSD
2024-05-17 06:43:51 未获取到号码【1639138】GSD，可能号码格式错误
2024-05-17 06:43:51 获取到号码【1639138】的GSD为【-】
2024-05-17 06:43:56 GSD insert 第 1 次 等待 3 秒
2024-05-17 06:43:59 {"status":"bad","gid":"685409","msg":"添加失败！号码【1639138(-|-)】已存在！"}
2024-05-17 06:43:59 随机等待 133 秒，约 2 分钟
2024-05-17 06:43:59 下次操作: 2024-05-17 06:46:12

2024-05-17 06:46:12 开始第 9232 次操作

2024-05-17 06:46:12 开始操作号码 【1639139】
2024-05-17 06:46:16 GSD getOne 第 1 次 等待 3 秒
2024-05-17 06:46:19 查询号码 【1639139】，返回信息 {"status":"ok","msg":"-","gid":"685434","time_insert":"2023-04-29 21:49"}
2024-05-17 06:46:20 查询号码 【1639139】，GSD为【"-"】
2024-05-17 06:46:20 ok && -
2024-05-17 06:46:21 CHB 1639139?1715899580 第 1 次 等待 3 秒
2024-05-17 06:46:24 CHB 1639139?1715899580 第 1 次 获取到号码【1639139】GSD
2024-05-17 06:46:25 未获取到号码【1639139】GSD，可能号码格式错误
2024-05-17 06:46:25 获取到号码【1639139】的GSD为【-】
2024-05-17 06:46:29 GSD insert 第 1 次 等待 3 秒
2024-05-17 06:46:32 {"status":"bad","gid":"685434","msg":"添加失败！号码【1639139(-|-)】已存在！"}

