2023-11-17 00:23:28 开始第 8921 次操作

2023-11-17 00:23:28 开始操作号码 【1958839】
2023-11-17 00:23:31 GSD getOne 第 1 次 等待 3 秒
2023-11-17 00:23:34 查询号码 【1958839】，返回信息 {"status":"ok","msg":"陕西-汉中","gid":"459041","time_insert":"2021-07-31 18:50","time_update":"2023-07-19 00:48"}
2023-11-17 00:23:35 查询号码 【1958839】，GSD为【"陕西-汉中"】

2023-11-17 00:23:36 开始第 8922 次操作

2023-11-17 00:23:36 开始操作号码 【1958840】
2023-11-17 00:23:40 GSD getOne 第 1 次 等待 3 秒
2023-11-17 00:23:43 查询号码 【1958840】，返回信息 {"status":"ok","msg":"海南-海口","gid":"459024","time_insert":"2021-07-31 18:49"}
2023-11-17 00:23:43 查询号码 【1958840】，GSD为【"海南-海口"】

2023-11-17 00:23:44 开始第 8923 次操作

2023-11-17 00:23:44 开始操作号码 【1958841】
2023-11-17 00:23:48 GSD getOne 第 1 次 等待 3 秒
2023-11-17 00:23:51 查询号码 【1958841】，返回信息 {"status":"ok","msg":"海南-海口","gid":"459007","time_insert":"2021-07-31 18:48"}
2023-11-17 00:23:51 查询号码 【1958841】，GSD为【"海南-海口"】

2023-11-17 00:23:52 开始第 8924 次操作

2023-11-17 00:23:52 开始操作号码 【1958842】
2023-11-17 00:23:55 GSD getOne 第 1 次 等待 3 秒
2023-11-17 00:23:58 查询号码 【1958842】，返回信息 {"status":"ok","msg":"海南-海口","gid":"458995","time_insert":"2021-07-31 18:47"}
2023-11-17 00:23:58 查询号码 【1958842】，GSD为【"海南-海口"】

