2024-08-19 10:39:39 开始第 1 次操作

2024-08-19 10:39:39 开始操作号码 【1410000】
2024-08-19 10:39:47 GSD getOne 第 1 次 等待 3 秒
2024-08-19 10:39:50 查询号码 【1410000】，返回信息 {"status":"ok","msg":"江苏-南京","gid":"520028","time_insert":"2023-02-06 17:09"}
2024-08-19 10:39:50 查询号码 【1410000】，GSD为【"江苏-南京"】

2024-08-19 10:39:51 开始第 2 次操作

2024-08-19 10:39:51 开始操作号码 【1410001】
2024-08-19 10:39:59 GSD getOne 第 1 次 等待 3 秒
2024-08-19 10:40:02 查询号码 【1410001】，返回信息 {"status":"ok","msg":"江苏-南京","gid":"520027","time_insert":"2023-02-06 17:10"}
2024-08-19 10:40:02 查询号码 【1410001】，GSD为【"江苏-南京"】

2024-08-19 10:40:03 开始第 3 次操作

2024-08-19 10:40:03 开始操作号码 【1410002】
2024-08-19 10:40:11 GSD getOne 第 1 次 等待 3 秒
2024-08-19 10:40:14 查询号码 【1410002】，返回信息 {"status":"ok","msg":"江苏-南京","gid":"520034","time_insert":"2023-02-06 17:27"}
2024-08-19 10:40:14 查询号码 【1410002】，GSD为【"江苏-南京"】

2024-08-19 10:40:15 开始第 4 次操作

2024-08-19 10:40:15 开始操作号码 【1410003】
2024-08-19 10:40:23 GSD getOne 第 1 次 等待 3 秒
2024-08-19 10:40:26 查询号码 【1410003】，返回信息 {"status":"ok","msg":"江苏-南京","gid":"520040","time_insert":"2023-02-06 17:40"}
2024-08-19 10:40:26 查询号码 【1410003】，GSD为【"江苏-南京"】

2024-08-19 11:14:07 开始第 5 次操作

2024-08-19 11:14:07 开始操作号码 【1410004】
2024-08-19 11:14:16 GSD getOne 第 1 次 等待 3 秒
2024-08-19 11:14:19 查询号码 【1410004】，返回信息 {"status":"ok","msg":"江苏-南京","gid":"520048","time_insert":"2023-02-06 17:54"}
2024-08-19 11:14:19 查询号码 【1410004】，GSD为【"江苏-南京"】

2024-08-19 11:14:20 开始第 6 次操作

2024-08-19 11:14:20 开始操作号码 【1410005】
2024-08-19 11:14:27 GSD getOne 第 1 次 等待 3 秒
2024-08-19 11:14:30 查询号码 【1410005】，返回信息 {"status":"ok","msg":"江苏-南京","gid":"520054","time_insert":"2023-02-06 18:09"}
2024-08-19 11:14:30 查询号码 【1410005】，GSD为【"江苏-南京"】

2024-08-19 11:14:31 开始第 7 次操作

2024-08-19 11:14:31 开始操作号码 【1410006】
2024-08-19 11:14:39 GSD getOne 第 1 次 等待 3 秒
2024-08-19 11:14:42 查询号码 【1410006】，返回信息 {"status":"ok","msg":"江苏-南京","gid":"520061","time_insert":"2023-02-06 18:23"}
2024-08-19 11:14:42 查询号码 【1410006】，GSD为【"江苏-南京"】

2024-08-19 11:14:43 开始第 8 次操作

2024-08-19 11:14:43 开始操作号码 【1410007】
2024-08-19 11:14:51 GSD getOne 第 1 次 等待 3 秒
2024-08-19 11:14:54 查询号码 【1410007】，返回信息 {"status":"ok","msg":"江苏-南京","gid":"520067","time_insert":"2023-02-06 18:37"}
2024-08-19 11:14:54 查询号码 【1410007】，GSD为【"江苏-南京"】

2024-08-19 11:35:27 开始第 9 次操作

2024-08-19 11:35:27 开始操作号码 【1410008】
2024-08-19 11:35:35 GSD getOne 第 1 次 等待 3 秒
2024-08-19 11:35:38 查询号码 【1410008】，返回信息 {"status":"ok","msg":"江苏-南京","gid":"520073","time_insert":"2023-02-06 18:49"}
2024-08-19 11:35:38 查询号码 【1410008】，GSD为【"江苏-南京"】

2024-08-19 11:35:39 开始第 10 次操作

2024-08-19 11:35:39 开始操作号码 【1410009】
2024-08-19 11:35:46 GSD getOne 第 1 次 等待 3 秒
2024-08-19 11:35:49 查询号码 【1410009】，返回信息 {"status":"ok","msg":"江苏-南京","gid":"520079","time_insert":"2023-02-06 19:03"}
2024-08-19 11:35:49 查询号码 【1410009】，GSD为【"江苏-南京"】

2024-08-19 11:35:50 开始第 11 次操作

2024-08-19 11:35:50 开始操作号码 【1410010】
2024-08-19 11:35:58 GSD getOne 第 1 次 等待 3 秒
2024-08-19 11:36:01 查询号码 【1410010】，返回信息 {"status":"ok","msg":"江苏-南京","gid":"520085","time_insert":"2023-02-06 19:16"}
2024-08-19 11:36:01 查询号码 【1410010】，GSD为【"江苏-南京"】

2024-08-19 11:36:02 开始第 12 次操作

2024-08-19 11:36:02 开始操作号码 【1410011】
2024-08-19 11:36:10 GSD getOne 第 1 次 等待 3 秒
2024-08-19 11:36:13 查询号码 【1410011】，返回信息 {"status":"ok","msg":"江苏-南京","gid":"520092","time_insert":"2023-02-06 19:31"}
2024-08-19 11:36:13 查询号码 【1410011】，GSD为【"江苏-南京"】

