2023-10-05 00:22:38 开始第 1529 次操作

2023-10-05 00:22:38 开始操作号码 【1951528】
2023-10-05 00:22:40 GSD getOne 第 1 次 等待 3 秒
2023-10-05 00:22:43 查询号码 【1951528】，返回信息 {"status":"ok","msg":"广东-广州","gid":"510273","time_insert":"2021-08-14 19:11"}
2023-10-05 00:22:43 查询号码 【1951528】，GSD为【"广东-广州"】

2023-10-05 00:22:44 开始第 1530 次操作

2023-10-05 00:22:44 开始操作号码 【1951529】
2023-10-05 00:22:51 GSD getOne 第 1 次 等待 3 秒
2023-10-05 00:22:54 查询号码 【1951529】，返回信息 {"status":"ok","msg":"广东-深圳","gid":"510293","time_insert":"2021-08-14 19:28"}
2023-10-05 00:22:55 查询号码 【1951529】，GSD为【"广东-深圳"】

2023-10-05 00:22:56 开始第 1531 次操作

2023-10-05 00:22:56 开始操作号码 【1951530】
2023-10-05 00:22:58 GSD getOne 第 1 次 等待 3 秒
2023-10-05 00:23:01 查询号码 【1951530】，返回信息 {"status":"ok","msg":"广东-深圳","gid":"510312","time_insert":"2021-08-14 19:46"}
2023-10-05 00:23:01 查询号码 【1951530】，GSD为【"广东-深圳"】

2023-10-05 00:23:02 开始第 1532 次操作

2023-10-05 00:23:02 开始操作号码 【1951531】
2023-10-05 00:23:08 GSD getOne 第 1 次 等待 3 秒
2023-10-05 00:23:11 查询号码 【1951531】，返回信息 {"status":"ok","msg":"广东-深圳","gid":"510330","time_insert":"2021-08-14 20:04"}
2023-10-05 00:23:11 查询号码 【1951531】，GSD为【"广东-深圳"】

