2024-02-05 00:18:41 开始第 1937 次操作

2024-02-05 00:18:41 开始操作号码 【1741855】
2024-02-05 00:18:47 GSD getOne 第 1 次 等待 3 秒
2024-02-05 00:18:50 查询号码 【1741855】，返回信息 {"status":"ok","msg":"-","gid":"152980","time_insert":"2021-06-29 11:10"}
2024-02-05 00:18:50 查询号码 【1741855】，GSD为【"-"】
2024-02-05 00:18:50 ok && -
2024-02-05 00:18:52 CHB 1741855?1707063530 第 1 次 等待 3 秒
2024-02-05 00:18:55 CHB 1741855?1707063530 第 1 次 获取到号码【1741855】GSD
2024-02-05 00:18:55 未获取到号码【1741855】GSD，可能号码格式错误
2024-02-05 00:18:55 获取到号码【1741855】的GSD为【-】
2024-02-05 00:19:00 GSD insert 第 1 次 等待 3 秒
2024-02-05 00:19:03 {"status":"bad","gid":"152980","msg":"添加失败！号码【1741855(-|-)】已存在！"}
2024-02-05 00:19:03 随机等待 177 秒，约 2 分钟
2024-02-05 00:19:03 下次操作: 2024-02-05 00:22:00

2024-02-05 00:22:00 开始第 1938 次操作

2024-02-05 00:22:00 开始操作号码 【1741856】
2024-02-05 00:22:09 GSD getOne 第 1 次 等待 3 秒
2024-02-05 00:22:12 查询号码 【1741856】，返回信息 {"status":"ok","msg":"-","gid":"152986","time_insert":"2021-06-29 11:10"}
2024-02-05 00:22:12 查询号码 【1741856】，GSD为【"-"】
2024-02-05 00:22:12 ok && -
2024-02-05 00:22:14 CHB 1741856?1707063732 第 1 次 等待 3 秒
2024-02-05 00:22:17 CHB 1741856?1707063732 第 1 次 获取到号码【1741856】GSD
2024-02-05 00:22:17 未获取到号码【1741856】GSD，可能号码格式错误
2024-02-05 00:22:17 获取到号码【1741856】的GSD为【-】
2024-02-05 00:22:22 GSD insert 第 1 次 等待 3 秒
2024-02-05 00:22:25 {"status":"bad","gid":"152986","msg":"添加失败！号码【1741856(-|-)】已存在！"}
2024-02-05 00:22:25 随机等待 218 秒，约 3 分钟
2024-02-05 00:22:25 下次操作: 2024-02-05 00:26:03

2024-02-05 00:26:03 开始第 1939 次操作

2024-02-05 00:26:03 开始操作号码 【1741857】
2024-02-05 00:26:13 GSD getOne 第 1 次 等待 3 秒
2024-02-05 00:26:16 查询号码 【1741857】，返回信息 {"status":"ok","msg":"-","gid":"152993","time_insert":"2021-06-29 11:11"}
2024-02-05 00:26:16 查询号码 【1741857】，GSD为【"-"】
2024-02-05 00:26:16 ok && -
2024-02-05 00:26:19 CHB 1741857?1707063976 第 1 次 等待 3 秒
2024-02-05 00:26:22 CHB 1741857?1707063976 第 1 次 获取到号码【1741857】GSD
2024-02-05 00:26:22 未获取到号码【1741857】GSD，可能号码格式错误
2024-02-05 00:26:22 获取到号码【1741857】的GSD为【-】
2024-02-05 00:26:34 GSD insert 第 1 次 等待 3 秒
2024-02-05 00:26:37 {"status":"bad","gid":"152993","msg":"添加失败！号码【1741857(-|-)】已存在！"}
2024-02-05 00:26:37 随机等待 188 秒，约 3 分钟
2024-02-05 00:26:37 下次操作: 2024-02-05 00:29:45

2024-02-05 00:29:45 开始第 1940 次操作

2024-02-05 00:29:45 开始操作号码 【1741858】
2024-02-05 00:29:50 GSD getOne 第 1 次 等待 3 秒
2024-02-05 00:29:53 查询号码 【1741858】，返回信息 {"status":"ok","msg":"-","gid":"152999","time_insert":"2021-06-29 11:12"}
2024-02-05 00:29:53 查询号码 【1741858】，GSD为【"-"】
2024-02-05 00:29:53 ok && -
2024-02-05 00:29:55 CHB 1741858?1707064193 第 1 次 等待 3 秒
2024-02-05 00:29:58 CHB 1741858?1707064193 第 1 次 获取到号码【1741858】GSD
2024-02-05 00:29:58 未获取到号码【1741858】GSD，可能号码格式错误
2024-02-05 00:29:58 获取到号码【1741858】的GSD为【-】
2024-02-05 00:30:03 GSD insert 第 1 次 等待 3 秒
2024-02-05 00:30:06 {"status":"bad","gid":"152999","msg":"添加失败！号码【1741858(-|-)】已存在！"}

