2024-07-17 00:22:07 开始第 6329 次操作

2024-07-17 00:22:07 开始操作号码 【1526231】
2024-07-17 00:22:15 GSD getOne 第 1 次 等待 3 秒
2024-07-17 00:22:18 查询号码 【1526231】，返回信息 {"status":"ok","msg":"江苏-苏州","gid":"390595","time_insert":"2021-07-25 15:36"}
2024-07-17 00:22:18 查询号码 【1526231】，GSD为【"江苏-苏州"】

2024-07-17 00:22:19 开始第 6330 次操作

2024-07-17 00:22:19 开始操作号码 【1526232】
2024-07-17 00:22:27 GSD getOne 第 1 次 等待 3 秒
2024-07-17 00:22:30 查询号码 【1526232】，返回信息 {"status":"ok","msg":"江苏-苏州","gid":"390587","time_insert":"2021-07-25 15:36"}
2024-07-17 00:22:30 查询号码 【1526232】，GSD为【"江苏-苏州"】

2024-07-17 00:22:31 开始第 6331 次操作

2024-07-17 00:22:31 开始操作号码 【1526233】
2024-07-17 00:22:39 GSD getOne 第 1 次 等待 3 秒
2024-07-17 00:22:42 查询号码 【1526233】，返回信息 {"status":"ok","msg":"江苏-苏州","gid":"390582","time_insert":"2021-07-25 15:35"}
2024-07-17 00:22:42 查询号码 【1526233】，GSD为【"江苏-苏州"】

2024-07-17 00:22:43 开始第 6332 次操作

2024-07-17 00:22:43 开始操作号码 【1526234】
2024-07-17 00:22:52 GSD getOne 第 1 次 等待 3 秒
2024-07-17 00:22:55 查询号码 【1526234】，返回信息 {"status":"ok","msg":"江苏-苏州","gid":"390577","time_insert":"2021-07-25 15:34"}
2024-07-17 00:22:55 查询号码 【1526234】，GSD为【"江苏-苏州"】

