2024-03-01 00:19:40 开始第 6405 次操作

2024-03-01 00:19:40 开始操作号码 【1746323】
2024-03-01 00:19:45 GSD getOne 第 1 次 等待 3 秒
2024-03-01 00:19:48 查询号码 【1746323】，返回信息 {"status":"ok","msg":"-","gid":"227236","time_insert":"2021-07-09 02:07"}
2024-03-01 00:19:48 查询号码 【1746323】，GSD为【"-"】
2024-03-01 00:19:48 ok && -
2024-03-01 00:19:50 CHB 1746323?1709223588 第 1 次 等待 3 秒
2024-03-01 00:19:53 CHB 1746323?1709223588 第 1 次 获取到号码【1746323】GSD
2024-03-01 00:19:53 未获取到号码【1746323】GSD，可能号码格式错误
2024-03-01 00:19:53 获取到号码【1746323】的GSD为【-】
2024-03-01 00:19:57 GSD insert 第 1 次 等待 3 秒
2024-03-01 00:20:00 {"status":"bad","gid":"227236","msg":"添加失败！号码【1746323(-|-)】已存在！"}
2024-03-01 00:20:00 随机等待 96 秒，约 1 分钟
2024-03-01 00:20:00 下次操作: 2024-03-01 00:21:36

2024-03-01 00:21:36 开始第 6406 次操作

2024-03-01 00:21:36 开始操作号码 【1746324】
2024-03-01 00:21:41 GSD getOne 第 1 次 等待 3 秒
2024-03-01 00:21:44 查询号码 【1746324】，返回信息 {"status":"ok","msg":"-","gid":"227238","time_insert":"2021-07-09 02:08"}
2024-03-01 00:21:44 查询号码 【1746324】，GSD为【"-"】
2024-03-01 00:21:44 ok && -
2024-03-01 00:21:46 CHB 1746324?1709223704 第 1 次 等待 3 秒
2024-03-01 00:21:49 CHB 1746324?1709223704 第 1 次 获取到号码【1746324】GSD
2024-03-01 00:21:49 未获取到号码【1746324】GSD，可能号码格式错误
2024-03-01 00:21:49 获取到号码【1746324】的GSD为【-】
2024-03-01 00:21:53 GSD insert 第 1 次 等待 3 秒
2024-03-01 00:21:56 {"status":"bad","gid":"227238","msg":"添加失败！号码【1746324(-|-)】已存在！"}
2024-03-01 00:21:56 随机等待 107 秒，约 1 分钟
2024-03-01 00:21:56 下次操作: 2024-03-01 00:23:43

2024-03-01 00:23:44 开始第 6407 次操作

2024-03-01 00:23:44 开始操作号码 【1746325】
2024-03-01 00:23:48 GSD getOne 第 1 次 等待 3 秒
2024-03-01 00:23:51 查询号码 【1746325】，返回信息 {"status":"ok","msg":"-","gid":"227403","time_insert":"2021-07-09 02:55"}
2024-03-01 00:23:51 查询号码 【1746325】，GSD为【"-"】
2024-03-01 00:23:51 ok && -
2024-03-01 00:23:53 CHB 1746325?1709223831 第 1 次 等待 3 秒
2024-03-01 00:23:56 CHB 1746325?1709223831 第 1 次 获取到号码【1746325】GSD
2024-03-01 00:23:56 未获取到号码【1746325】GSD，可能号码格式错误
2024-03-01 00:23:56 获取到号码【1746325】的GSD为【-】
2024-03-01 00:24:00 GSD insert 第 1 次 等待 3 秒
2024-03-01 00:24:03 {"status":"bad","gid":"227403","msg":"添加失败！号码【1746325(-|-)】已存在！"}
2024-03-01 00:24:03 随机等待 177 秒，约 2 分钟
2024-03-01 00:24:03 下次操作: 2024-03-01 00:27:00

2024-03-01 00:27:00 开始第 6408 次操作

2024-03-01 00:27:00 开始操作号码 【1746326】
2024-03-01 00:27:05 GSD getOne 第 1 次 等待 3 秒
2024-03-01 00:27:08 查询号码 【1746326】，返回信息 {"status":"ok","msg":"-","gid":"227414","time_insert":"2021-07-09 02:56"}
2024-03-01 00:27:08 查询号码 【1746326】，GSD为【"-"】
2024-03-01 00:27:08 ok && -
2024-03-01 00:27:10 CHB 1746326?1709224028 第 1 次 等待 3 秒
2024-03-01 00:27:13 CHB 1746326?1709224028 第 1 次 获取到号码【1746326】GSD
2024-03-01 00:27:13 未获取到号码【1746326】GSD，可能号码格式错误
2024-03-01 00:27:13 获取到号码【1746326】的GSD为【-】
2024-03-01 00:27:18 GSD insert 第 1 次 等待 3 秒
2024-03-01 00:27:21 {"status":"bad","gid":"227414","msg":"添加失败！号码【1746326(-|-)】已存在！"}

2024-03-01 00:37:31 开始第 6409 次操作

2024-03-01 00:37:31 开始操作号码 【1746327】
2024-03-01 00:37:36 GSD getOne 第 1 次 等待 3 秒
2024-03-01 00:37:39 查询号码 【1746327】，返回信息 {"status":"ok","msg":"-","gid":"227427","time_insert":"2021-07-09 02:56"}
2024-03-01 00:37:39 查询号码 【1746327】，GSD为【"-"】
2024-03-01 00:37:39 ok && -
2024-03-01 00:37:42 CHB 1746327?1709224659 第 1 次 等待 3 秒
2024-03-01 00:37:45 CHB 1746327?1709224659 第 1 次 获取到号码【1746327】GSD
2024-03-01 00:37:45 未获取到号码【1746327】GSD，可能号码格式错误
2024-03-01 00:37:45 获取到号码【1746327】的GSD为【-】
2024-03-01 00:37:53 GSD insert 第 1 次 等待 3 秒
2024-03-01 00:37:56 {"status":"bad","gid":"227427","msg":"添加失败！号码【1746327(-|-)】已存在！"}
2024-03-01 00:37:56 随机等待 78 秒，约 1 分钟
2024-03-01 00:37:56 下次操作: 2024-03-01 00:39:14

2024-03-01 00:39:14 开始第 6410 次操作

2024-03-01 00:39:14 开始操作号码 【1746328】
2024-03-01 00:39:20 GSD getOne 第 1 次 等待 3 秒
2024-03-01 00:39:23 查询号码 【1746328】，返回信息 {"status":"ok","msg":"-","gid":"227440","time_insert":"2021-07-09 02:57"}
2024-03-01 00:39:23 查询号码 【1746328】，GSD为【"-"】
2024-03-01 00:39:23 ok && -
2024-03-01 00:39:26 CHB 1746328?1709224763 第 1 次 等待 3 秒
2024-03-01 00:39:29 CHB 1746328?1709224763 第 1 次 获取到号码【1746328】GSD
2024-03-01 00:39:29 未获取到号码【1746328】GSD，可能号码格式错误
2024-03-01 00:39:29 获取到号码【1746328】的GSD为【-】
2024-03-01 00:39:34 GSD insert 第 1 次 等待 3 秒
2024-03-01 00:39:37 {"status":"bad","gid":"227440","msg":"添加失败！号码【1746328(-|-)】已存在！"}
2024-03-01 00:39:37 随机等待 194 秒，约 3 分钟
2024-03-01 00:39:37 下次操作: 2024-03-01 00:42:51

2024-03-01 00:42:51 开始第 6411 次操作

2024-03-01 00:42:51 开始操作号码 【1746329】
2024-03-01 00:42:58 GSD getOne 第 1 次 等待 3 秒
2024-03-01 00:43:01 查询号码 【1746329】，返回信息 {"status":"ok","msg":"-","gid":"227452","time_insert":"2021-07-09 02:58"}
2024-03-01 00:43:01 查询号码 【1746329】，GSD为【"-"】
2024-03-01 00:43:01 ok && -
2024-03-01 00:43:03 CHB 1746329?1709224981 第 1 次 等待 3 秒
2024-03-01 00:43:06 CHB 1746329?1709224981 第 1 次 获取到号码【1746329】GSD
2024-03-01 00:43:06 未获取到号码【1746329】GSD，可能号码格式错误
2024-03-01 00:43:06 获取到号码【1746329】的GSD为【-】
2024-03-01 00:43:11 GSD insert 第 1 次 等待 3 秒
2024-03-01 00:43:14 {"status":"bad","gid":"227452","msg":"添加失败！号码【1746329(-|-)】已存在！"}
2024-03-01 00:43:14 随机等待 137 秒，约 2 分钟
2024-03-01 00:43:14 下次操作: 2024-03-01 00:45:31

2024-03-01 00:45:31 开始第 6412 次操作

2024-03-01 00:45:31 开始操作号码 【1746330】
2024-03-01 00:45:36 GSD getOne 第 1 次 等待 3 秒
2024-03-01 00:45:39 查询号码 【1746330】，返回信息 {"status":"ok","msg":"-","gid":"227463","time_insert":"2021-07-09 02:59"}
2024-03-01 00:45:39 查询号码 【1746330】，GSD为【"-"】
2024-03-01 00:45:39 ok && -
2024-03-01 00:45:41 CHB 1746330?1709225139 第 1 次 等待 3 秒
2024-03-01 00:45:44 CHB 1746330?1709225139 第 1 次 获取到号码【1746330】GSD
2024-03-01 00:45:45 未获取到号码【1746330】GSD，可能号码格式错误
2024-03-01 00:45:45 获取到号码【1746330】的GSD为【-】
2024-03-01 00:45:50 GSD insert 第 1 次 等待 3 秒
2024-03-01 00:45:53 {"status":"bad","gid":"227463","msg":"添加失败！号码【1746330(-|-)】已存在！"}

2024-03-01 01:14:40 开始第 6413 次操作

2024-03-01 01:14:40 开始操作号码 【1746331】
2024-03-01 01:14:45 GSD getOne 第 1 次 等待 3 秒
2024-03-01 01:14:48 查询号码 【1746331】，返回信息 {"status":"ok","msg":"-","gid":"227475","time_insert":"2021-07-09 02:59"}
2024-03-01 01:14:48 查询号码 【1746331】，GSD为【"-"】
2024-03-01 01:14:48 ok && -
2024-03-01 01:14:50 CHB 1746331?1709226888 第 1 次 等待 3 秒
2024-03-01 01:14:53 CHB 1746331?1709226888 第 1 次 获取到号码【1746331】GSD
2024-03-01 01:14:54 未获取到号码【1746331】GSD，可能号码格式错误
2024-03-01 01:14:54 获取到号码【1746331】的GSD为【-】
2024-03-01 01:14:59 GSD insert 第 1 次 等待 3 秒
2024-03-01 01:15:02 {"status":"bad","gid":"227475","msg":"添加失败！号码【1746331(-|-)】已存在！"}
2024-03-01 01:15:02 随机等待 207 秒，约 3 分钟
2024-03-01 01:15:02 下次操作: 2024-03-01 01:18:29

2024-03-01 01:18:29 开始第 6414 次操作

2024-03-01 01:18:29 开始操作号码 【1746332】
2024-03-01 01:18:34 GSD getOne 第 1 次 等待 3 秒
2024-03-01 01:18:37 查询号码 【1746332】，返回信息 {"status":"ok","msg":"-","gid":"227487","time_insert":"2021-07-09 03:00"}
2024-03-01 01:18:37 查询号码 【1746332】，GSD为【"-"】
2024-03-01 01:18:37 ok && -
2024-03-01 01:18:39 CHB 1746332?1709227117 第 1 次 等待 3 秒
2024-03-01 01:18:42 CHB 1746332?1709227117 第 1 次 获取到号码【1746332】GSD
2024-03-01 01:18:42 未获取到号码【1746332】GSD，可能号码格式错误
2024-03-01 01:18:42 获取到号码【1746332】的GSD为【-】
2024-03-01 01:18:47 GSD insert 第 1 次 等待 3 秒
2024-03-01 01:18:50 {"status":"bad","gid":"227487","msg":"添加失败！号码【1746332(-|-)】已存在！"}
2024-03-01 01:18:50 随机等待 225 秒，约 3 分钟
2024-03-01 01:18:50 下次操作: 2024-03-01 01:22:35

2024-03-01 01:22:35 开始第 6415 次操作

2024-03-01 01:22:35 开始操作号码 【1746333】
2024-03-01 01:22:39 GSD getOne 第 1 次 等待 3 秒
2024-03-01 01:22:42 查询号码 【1746333】，返回信息 {"status":"ok","msg":"-","gid":"227497","time_insert":"2021-07-09 03:01"}
2024-03-01 01:22:43 查询号码 【1746333】，GSD为【"-"】
2024-03-01 01:22:43 ok && -
2024-03-01 01:22:45 CHB 1746333?1709227363 第 1 次 等待 3 秒
2024-03-01 01:22:48 CHB 1746333?1709227363 第 1 次 获取到号码【1746333】GSD
2024-03-01 01:22:48 未获取到号码【1746333】GSD，可能号码格式错误
2024-03-01 01:22:48 获取到号码【1746333】的GSD为【-】
2024-03-01 01:22:52 GSD insert 第 1 次 等待 3 秒
2024-03-01 01:22:55 {"status":"bad","gid":"227497","msg":"添加失败！号码【1746333(-|-)】已存在！"}
2024-03-01 01:22:55 随机等待 147 秒，约 2 分钟
2024-03-01 01:22:55 下次操作: 2024-03-01 01:25:22

2024-03-01 01:25:22 开始第 6416 次操作

2024-03-01 01:25:22 开始操作号码 【1746334】
2024-03-01 01:25:27 GSD getOne 第 1 次 等待 3 秒
2024-03-01 01:25:30 查询号码 【1746334】，返回信息 {"status":"ok","msg":"-","gid":"227506","time_insert":"2021-07-09 03:02"}
2024-03-01 01:25:30 查询号码 【1746334】，GSD为【"-"】
2024-03-01 01:25:30 ok && -
2024-03-01 01:25:32 CHB 1746334?1709227530 第 1 次 等待 3 秒
2024-03-01 01:25:35 CHB 1746334?1709227530 第 1 次 获取到号码【1746334】GSD
2024-03-01 01:25:35 未获取到号码【1746334】GSD，可能号码格式错误
2024-03-01 01:25:35 获取到号码【1746334】的GSD为【-】
2024-03-01 01:25:40 GSD insert 第 1 次 等待 3 秒
2024-03-01 01:25:43 {"status":"bad","gid":"227506","msg":"添加失败！号码【1746334(-|-)】已存在！"}

2024-03-01 01:37:34 开始第 6417 次操作

2024-03-01 01:37:34 开始操作号码 【1746335】
2024-03-01 01:37:41 GSD getOne 第 1 次 等待 3 秒
2024-03-01 01:37:44 查询号码 【1746335】，返回信息 {"status":"ok","msg":"-","gid":"227516","time_insert":"2021-07-09 03:03"}
2024-03-01 01:37:44 查询号码 【1746335】，GSD为【"-"】
2024-03-01 01:37:44 ok && -
2024-03-01 01:37:47 CHB 1746335?1709228264 第 1 次 等待 3 秒
2024-03-01 01:37:50 CHB 1746335?1709228264 第 1 次 获取到号码【1746335】GSD
2024-03-01 01:37:50 未获取到号码【1746335】GSD，可能号码格式错误
2024-03-01 01:37:50 获取到号码【1746335】的GSD为【-】
2024-03-01 01:37:56 GSD insert 第 1 次 等待 3 秒
2024-03-01 01:37:59 {"status":"bad","gid":"227516","msg":"添加失败！号码【1746335(-|-)】已存在！"}
2024-03-01 01:37:59 随机等待 98 秒，约 1 分钟
2024-03-01 01:37:59 下次操作: 2024-03-01 01:39:37

2024-03-01 01:39:37 开始第 6418 次操作

2024-03-01 01:39:37 开始操作号码 【1746336】
2024-03-01 01:39:41 GSD getOne 第 1 次 等待 3 秒
2024-03-01 01:39:44 查询号码 【1746336】，返回信息 {"status":"ok","msg":"-","gid":"227522","time_insert":"2021-07-09 03:03"}
2024-03-01 01:39:44 查询号码 【1746336】，GSD为【"-"】
2024-03-01 01:39:44 ok && -
2024-03-01 01:39:45 CHB 1746336?1709228384 第 1 次 等待 3 秒
2024-03-01 01:39:48 CHB 1746336?1709228384 第 1 次 获取到号码【1746336】GSD
2024-03-01 01:39:49 未获取到号码【1746336】GSD，可能号码格式错误
2024-03-01 01:39:49 获取到号码【1746336】的GSD为【-】
2024-03-01 01:39:53 GSD insert 第 1 次 等待 3 秒
2024-03-01 01:39:56 {"status":"bad","gid":"227522","msg":"添加失败！号码【1746336(-|-)】已存在！"}
2024-03-01 01:39:56 随机等待 108 秒，约 1 分钟
2024-03-01 01:39:56 下次操作: 2024-03-01 01:41:44

2024-03-01 01:41:44 开始第 6419 次操作

2024-03-01 01:41:44 开始操作号码 【1746337】
2024-03-01 01:41:49 GSD getOne 第 1 次 等待 3 秒
2024-03-01 01:41:52 查询号码 【1746337】，返回信息 {"status":"ok","msg":"-","gid":"227527","time_insert":"2021-07-09 03:04"}
2024-03-01 01:41:52 查询号码 【1746337】，GSD为【"-"】
2024-03-01 01:41:52 ok && -
2024-03-01 01:41:54 CHB 1746337?1709228512 第 1 次 等待 3 秒
2024-03-01 01:41:57 CHB 1746337?1709228512 第 1 次 获取到号码【1746337】GSD
2024-03-01 01:41:57 未获取到号码【1746337】GSD，可能号码格式错误
2024-03-01 01:41:57 获取到号码【1746337】的GSD为【-】
2024-03-01 01:42:03 GSD insert 第 1 次 等待 3 秒
2024-03-01 01:42:06 {"status":"bad","gid":"227527","msg":"添加失败！号码【1746337(-|-)】已存在！"}
2024-03-01 01:42:06 随机等待 163 秒，约 2 分钟
2024-03-01 01:42:06 下次操作: 2024-03-01 01:44:49

2024-03-01 01:44:49 开始第 6420 次操作

2024-03-01 01:44:49 开始操作号码 【1746338】
2024-03-01 01:44:53 GSD getOne 第 1 次 等待 3 秒
2024-03-01 01:44:56 查询号码 【1746338】，返回信息 {"status":"ok","msg":"-","gid":"227532","time_insert":"2021-07-09 03:05"}
2024-03-01 01:44:56 查询号码 【1746338】，GSD为【"-"】
2024-03-01 01:44:56 ok && -
2024-03-01 01:44:58 CHB 1746338?1709228696 第 1 次 等待 3 秒
2024-03-01 01:45:01 CHB 1746338?1709228696 第 1 次 获取到号码【1746338】GSD
2024-03-01 01:45:01 未获取到号码【1746338】GSD，可能号码格式错误
2024-03-01 01:45:01 获取到号码【1746338】的GSD为【-】
2024-03-01 01:45:05 GSD insert 第 1 次 等待 3 秒
2024-03-01 01:45:08 {"status":"bad","gid":"227532","msg":"添加失败！号码【1746338(-|-)】已存在！"}

2024-03-01 02:21:03 开始第 6421 次操作

2024-03-01 02:21:03 开始操作号码 【1746339】
2024-03-01 02:21:09 GSD getOne 第 1 次 等待 3 秒
2024-03-01 02:21:12 查询号码 【1746339】，返回信息 {"status":"ok","msg":"-","gid":"227538","time_insert":"2021-07-09 03:06"}
2024-03-01 02:21:12 查询号码 【1746339】，GSD为【"-"】
2024-03-01 02:21:12 ok && -
2024-03-01 02:21:16 CHB 1746339?1709230872 第 1 次 等待 3 秒
2024-03-01 02:21:19 CHB 1746339?1709230872 第 1 次 获取到号码【1746339】GSD
2024-03-01 02:21:19 未获取到号码【1746339】GSD，可能号码格式错误
2024-03-01 02:21:19 获取到号码【1746339】的GSD为【-】
2024-03-01 02:21:23 GSD insert 第 1 次 等待 3 秒
2024-03-01 02:21:26 {"status":"bad","gid":"227538","msg":"添加失败！号码【1746339(-|-)】已存在！"}
2024-03-01 02:21:26 随机等待 89 秒，约 1 分钟
2024-03-01 02:21:26 下次操作: 2024-03-01 02:22:55

2024-03-01 02:22:55 开始第 6422 次操作

2024-03-01 02:22:55 开始操作号码 【1746340】
2024-03-01 02:22:59 GSD getOne 第 1 次 等待 3 秒
2024-03-01 02:23:02 查询号码 【1746340】，返回信息 {"status":"ok","msg":"-","gid":"227543","time_insert":"2021-07-09 03:06"}
2024-03-01 02:23:02 查询号码 【1746340】，GSD为【"-"】
2024-03-01 02:23:02 ok && -
2024-03-01 02:23:05 CHB 1746340?1709230982 第 1 次 等待 3 秒
2024-03-01 02:23:08 CHB 1746340?1709230982 第 1 次 获取到号码【1746340】GSD
2024-03-01 02:23:08 未获取到号码【1746340】GSD，可能号码格式错误
2024-03-01 02:23:08 获取到号码【1746340】的GSD为【-】
2024-03-01 02:23:12 GSD insert 第 1 次 等待 3 秒
2024-03-01 02:23:15 {"status":"bad","gid":"227543","msg":"添加失败！号码【1746340(-|-)】已存在！"}
2024-03-01 02:23:15 随机等待 203 秒，约 3 分钟
2024-03-01 02:23:15 下次操作: 2024-03-01 02:26:38

2024-03-01 02:26:38 开始第 6423 次操作

2024-03-01 02:26:38 开始操作号码 【1746341】
2024-03-01 02:26:42 GSD getOne 第 1 次 等待 3 秒
2024-03-01 02:26:45 查询号码 【1746341】，返回信息 {"status":"ok","msg":"-","gid":"227548","time_insert":"2021-07-09 03:07"}
2024-03-01 02:26:45 查询号码 【1746341】，GSD为【"-"】
2024-03-01 02:26:45 ok && -
2024-03-01 02:26:48 CHB 1746341?1709231205 第 1 次 等待 3 秒
2024-03-01 02:26:51 CHB 1746341?1709231205 第 1 次 获取到号码【1746341】GSD
2024-03-01 02:26:51 未获取到号码【1746341】GSD，可能号码格式错误
2024-03-01 02:26:51 获取到号码【1746341】的GSD为【-】
2024-03-01 02:26:55 GSD insert 第 1 次 等待 3 秒
2024-03-01 02:26:58 {"status":"bad","gid":"227548","msg":"添加失败！号码【1746341(-|-)】已存在！"}
2024-03-01 02:26:58 随机等待 88 秒，约 1 分钟
2024-03-01 02:26:58 下次操作: 2024-03-01 02:28:26

2024-03-01 02:28:26 开始第 6424 次操作

2024-03-01 02:28:26 开始操作号码 【1746342】
2024-03-01 02:28:30 GSD getOne 第 1 次 等待 3 秒
2024-03-01 02:28:33 查询号码 【1746342】，返回信息 {"status":"ok","msg":"-","gid":"227552","time_insert":"2021-07-09 03:08"}
2024-03-01 02:28:33 查询号码 【1746342】，GSD为【"-"】
2024-03-01 02:28:33 ok && -
2024-03-01 02:28:36 CHB 1746342?1709231313 第 1 次 等待 3 秒
2024-03-01 02:28:39 CHB 1746342?1709231313 第 1 次 获取到号码【1746342】GSD
2024-03-01 02:28:39 未获取到号码【1746342】GSD，可能号码格式错误
2024-03-01 02:28:39 获取到号码【1746342】的GSD为【-】
2024-03-01 02:28:43 GSD insert 第 1 次 等待 3 秒
2024-03-01 02:28:46 {"status":"bad","gid":"227552","msg":"添加失败！号码【1746342(-|-)】已存在！"}

2024-03-01 02:37:37 开始第 6425 次操作

2024-03-01 02:37:37 开始操作号码 【1746343】
2024-03-01 02:37:45 GSD getOne 第 1 次 等待 3 秒
2024-03-01 02:37:48 查询号码 【1746343】，返回信息 {"status":"ok","msg":"-","gid":"227558","time_insert":"2021-07-09 03:08"}
2024-03-01 02:37:48 查询号码 【1746343】，GSD为【"-"】
2024-03-01 02:37:48 ok && -
2024-03-01 02:37:51 CHB 1746343?1709231868 第 1 次 等待 3 秒
2024-03-01 02:37:54 CHB 1746343?1709231868 第 1 次 获取到号码【1746343】GSD
2024-03-01 02:37:54 未获取到号码【1746343】GSD，可能号码格式错误
2024-03-01 02:37:54 获取到号码【1746343】的GSD为【-】
2024-03-01 02:37:59 GSD insert 第 1 次 等待 3 秒
2024-03-01 02:38:02 {"status":"bad","gid":"227558","msg":"添加失败！号码【1746343(-|-)】已存在！"}
2024-03-01 02:38:02 随机等待 168 秒，约 2 分钟
2024-03-01 02:38:02 下次操作: 2024-03-01 02:40:50

2024-03-01 02:40:50 开始第 6426 次操作

2024-03-01 02:40:50 开始操作号码 【1746344】
2024-03-01 02:40:54 GSD getOne 第 1 次 等待 3 秒
2024-03-01 02:40:57 查询号码 【1746344】，返回信息 {"status":"ok","msg":"-","gid":"227564","time_insert":"2021-07-09 03:09"}
2024-03-01 02:40:57 查询号码 【1746344】，GSD为【"-"】
2024-03-01 02:40:57 ok && -
2024-03-01 02:40:59 CHB 1746344?1709232057 第 1 次 等待 3 秒
2024-03-01 02:41:02 CHB 1746344?1709232057 第 1 次 获取到号码【1746344】GSD
2024-03-01 02:41:02 未获取到号码【1746344】GSD，可能号码格式错误
2024-03-01 02:41:02 获取到号码【1746344】的GSD为【-】
2024-03-01 02:41:07 GSD insert 第 1 次 等待 3 秒
2024-03-01 02:41:10 {"status":"bad","gid":"227564","msg":"添加失败！号码【1746344(-|-)】已存在！"}
2024-03-01 02:41:10 随机等待 175 秒，约 2 分钟
2024-03-01 02:41:10 下次操作: 2024-03-01 02:44:05

2024-03-01 02:44:05 开始第 6427 次操作

2024-03-01 02:44:05 开始操作号码 【1746345】
2024-03-01 02:44:09 GSD getOne 第 1 次 等待 3 秒
2024-03-01 02:44:12 查询号码 【1746345】，返回信息 {"status":"ok","msg":"-","gid":"227570","time_insert":"2021-07-09 03:10"}
2024-03-01 02:44:12 查询号码 【1746345】，GSD为【"-"】
2024-03-01 02:44:12 ok && -
2024-03-01 02:44:15 CHB 1746345?1709232252 第 1 次 等待 3 秒
2024-03-01 02:44:18 CHB 1746345?1709232252 第 1 次 获取到号码【1746345】GSD
2024-03-01 02:44:18 未获取到号码【1746345】GSD，可能号码格式错误
2024-03-01 02:44:18 获取到号码【1746345】的GSD为【-】
2024-03-01 02:44:22 GSD insert 第 1 次 等待 3 秒
2024-03-01 02:44:25 {"status":"bad","gid":"227570","msg":"添加失败！号码【1746345(-|-)】已存在！"}
2024-03-01 02:44:25 随机等待 107 秒，约 1 分钟
2024-03-01 02:44:25 下次操作: 2024-03-01 02:46:12

2024-03-01 02:46:12 开始第 6428 次操作

2024-03-01 02:46:13 开始操作号码 【1746346】
2024-03-01 02:46:17 GSD getOne 第 1 次 等待 3 秒
2024-03-01 02:46:20 查询号码 【1746346】，返回信息 {"status":"ok","msg":"-","gid":"227575","time_insert":"2021-07-09 03:11"}
2024-03-01 02:46:20 查询号码 【1746346】，GSD为【"-"】
2024-03-01 02:46:20 ok && -
2024-03-01 02:46:22 CHB 1746346?1709232380 第 1 次 等待 3 秒
2024-03-01 02:46:25 CHB 1746346?1709232380 第 1 次 获取到号码【1746346】GSD
2024-03-01 02:46:25 未获取到号码【1746346】GSD，可能号码格式错误
2024-03-01 02:46:25 获取到号码【1746346】的GSD为【-】
2024-03-01 02:46:29 GSD insert 第 1 次 等待 3 秒
2024-03-01 02:46:32 {"status":"bad","gid":"227575","msg":"添加失败！号码【1746346(-|-)】已存在！"}

2024-03-01 03:12:26 开始第 6429 次操作

2024-03-01 03:12:26 开始操作号码 【1746347】
2024-03-01 03:12:32 GSD getOne 第 1 次 等待 3 秒
2024-03-01 03:12:35 查询号码 【1746347】，返回信息 {"status":"ok","msg":"-","gid":"227579","time_insert":"2021-07-09 03:11"}
2024-03-01 03:12:35 查询号码 【1746347】，GSD为【"-"】
2024-03-01 03:12:35 ok && -
2024-03-01 03:12:38 CHB 1746347?1709233955 第 1 次 等待 3 秒
2024-03-01 03:12:41 CHB 1746347?1709233955 第 1 次 获取到号码【1746347】GSD
2024-03-01 03:12:41 未获取到号码【1746347】GSD，可能号码格式错误
2024-03-01 03:12:41 获取到号码【1746347】的GSD为【-】
2024-03-01 03:12:46 GSD insert 第 1 次 等待 3 秒
2024-03-01 03:12:49 {"status":"bad","gid":"227579","msg":"添加失败！号码【1746347(-|-)】已存在！"}
2024-03-01 03:12:49 随机等待 209 秒，约 3 分钟
2024-03-01 03:12:49 下次操作: 2024-03-01 03:16:18

2024-03-01 03:16:18 开始第 6430 次操作

2024-03-01 03:16:18 开始操作号码 【1746348】
2024-03-01 03:16:22 GSD getOne 第 1 次 等待 3 秒
2024-03-01 03:16:25 查询号码 【1746348】，返回信息 {"status":"ok","msg":"-","gid":"227584","time_insert":"2021-07-09 03:12"}
2024-03-01 03:16:25 查询号码 【1746348】，GSD为【"-"】
2024-03-01 03:16:25 ok && -
2024-03-01 03:16:28 CHB 1746348?1709234185 第 1 次 等待 3 秒
2024-03-01 03:16:31 CHB 1746348?1709234185 第 1 次 获取到号码【1746348】GSD
2024-03-01 03:16:31 未获取到号码【1746348】GSD，可能号码格式错误
2024-03-01 03:16:31 获取到号码【1746348】的GSD为【-】
2024-03-01 03:16:36 GSD insert 第 1 次 等待 3 秒
2024-03-01 03:16:39 {"status":"bad","gid":"227584","msg":"添加失败！号码【1746348(-|-)】已存在！"}
2024-03-01 03:16:39 随机等待 163 秒，约 2 分钟
2024-03-01 03:16:39 下次操作: 2024-03-01 03:19:22

2024-03-01 03:19:22 开始第 6431 次操作

2024-03-01 03:19:22 开始操作号码 【1746349】
2024-03-01 03:19:26 GSD getOne 第 1 次 等待 3 秒
2024-03-01 03:19:29 查询号码 【1746349】，返回信息 {"status":"ok","msg":"-","gid":"227590","time_insert":"2021-07-09 03:13"}
2024-03-01 03:19:29 查询号码 【1746349】，GSD为【"-"】
2024-03-01 03:19:29 ok && -
2024-03-01 03:19:32 CHB 1746349?1709234369 第 1 次 等待 3 秒
2024-03-01 03:19:35 CHB 1746349?1709234369 第 1 次 获取到号码【1746349】GSD
2024-03-01 03:19:35 未获取到号码【1746349】GSD，可能号码格式错误
2024-03-01 03:19:35 获取到号码【1746349】的GSD为【-】
2024-03-01 03:19:40 GSD insert 第 1 次 等待 3 秒
2024-03-01 03:19:43 {"status":"bad","gid":"227590","msg":"添加失败！号码【1746349(-|-)】已存在！"}
2024-03-01 03:19:43 随机等待 127 秒，约 2 分钟
2024-03-01 03:19:43 下次操作: 2024-03-01 03:21:50

2024-03-01 03:21:50 开始第 6432 次操作

2024-03-01 03:21:50 开始操作号码 【1746350】
2024-03-01 03:21:54 GSD getOne 第 1 次 等待 3 秒
2024-03-01 03:21:57 查询号码 【1746350】，返回信息 {"status":"ok","msg":"-","gid":"227595","time_insert":"2021-07-09 03:14"}
2024-03-01 03:21:58 查询号码 【1746350】，GSD为【"-"】
2024-03-01 03:21:58 ok && -
2024-03-01 03:22:01 CHB 1746350?1709234518 第 1 次 等待 3 秒
2024-03-01 03:22:04 CHB 1746350?1709234518 第 1 次 获取到号码【1746350】GSD
2024-03-01 03:22:04 未获取到号码【1746350】GSD，可能号码格式错误
2024-03-01 03:22:04 获取到号码【1746350】的GSD为【-】
2024-03-01 03:22:08 GSD insert 第 1 次 等待 3 秒
2024-03-01 03:22:11 {"status":"bad","gid":"227595","msg":"添加失败！号码【1746350(-|-)】已存在！"}

2024-03-01 03:37:37 开始第 6433 次操作

2024-03-01 03:37:37 开始操作号码 【1746351】
2024-03-01 03:37:43 GSD getOne 第 1 次 等待 3 秒
2024-03-01 03:37:46 查询号码 【1746351】，返回信息 {"status":"ok","msg":"-","gid":"227600","time_insert":"2021-07-09 03:14"}
2024-03-01 03:37:46 查询号码 【1746351】，GSD为【"-"】
2024-03-01 03:37:46 ok && -
2024-03-01 03:37:48 CHB 1746351?1709235466 第 1 次 等待 3 秒
2024-03-01 03:37:51 CHB 1746351?1709235466 第 1 次 获取到号码【1746351】GSD
2024-03-01 03:37:51 未获取到号码【1746351】GSD，可能号码格式错误
2024-03-01 03:37:51 获取到号码【1746351】的GSD为【-】
2024-03-01 03:37:56 GSD insert 第 1 次 等待 3 秒
2024-03-01 03:37:59 {"status":"bad","gid":"227600","msg":"添加失败！号码【1746351(-|-)】已存在！"}
2024-03-01 03:37:59 随机等待 118 秒，约 1 分钟
2024-03-01 03:37:59 下次操作: 2024-03-01 03:39:57

2024-03-01 03:39:57 开始第 6434 次操作

2024-03-01 03:39:57 开始操作号码 【1746352】
2024-03-01 03:40:02 GSD getOne 第 1 次 等待 3 秒
2024-03-01 03:40:05 查询号码 【1746352】，返回信息 {"status":"ok","msg":"-","gid":"227604","time_insert":"2021-07-09 03:15"}
2024-03-01 03:40:05 查询号码 【1746352】，GSD为【"-"】
2024-03-01 03:40:05 ok && -
2024-03-01 03:40:07 CHB 1746352?1709235605 第 1 次 等待 3 秒
2024-03-01 03:40:10 CHB 1746352?1709235605 第 1 次 获取到号码【1746352】GSD
2024-03-01 03:40:10 未获取到号码【1746352】GSD，可能号码格式错误
2024-03-01 03:40:10 获取到号码【1746352】的GSD为【-】
2024-03-01 03:40:14 GSD insert 第 1 次 等待 3 秒
2024-03-01 03:40:17 {"status":"bad","gid":"227604","msg":"添加失败！号码【1746352(-|-)】已存在！"}
2024-03-01 03:40:17 随机等待 121 秒，约 2 分钟
2024-03-01 03:40:17 下次操作: 2024-03-01 03:42:18

2024-03-01 03:42:18 开始第 6435 次操作

2024-03-01 03:42:18 开始操作号码 【1746353】
2024-03-01 03:42:22 GSD getOne 第 1 次 等待 3 秒
2024-03-01 03:42:25 查询号码 【1746353】，返回信息 {"status":"ok","msg":"-","gid":"227610","time_insert":"2021-07-09 03:16"}
2024-03-01 03:42:25 查询号码 【1746353】，GSD为【"-"】
2024-03-01 03:42:25 ok && -
2024-03-01 03:42:27 CHB 1746353?1709235745 第 1 次 等待 3 秒
2024-03-01 03:42:30 CHB 1746353?1709235745 第 1 次 获取到号码【1746353】GSD
2024-03-01 03:42:30 未获取到号码【1746353】GSD，可能号码格式错误
2024-03-01 03:42:30 获取到号码【1746353】的GSD为【-】
2024-03-01 03:42:35 GSD insert 第 1 次 等待 3 秒
2024-03-01 03:42:38 {"status":"bad","gid":"227610","msg":"添加失败！号码【1746353(-|-)】已存在！"}
2024-03-01 03:42:38 随机等待 191 秒，约 3 分钟
2024-03-01 03:42:38 下次操作: 2024-03-01 03:45:49

2024-03-01 03:45:49 开始第 6436 次操作

2024-03-01 03:45:49 开始操作号码 【1746354】
2024-03-01 03:45:54 GSD getOne 第 1 次 等待 3 秒
2024-03-01 03:45:57 查询号码 【1746354】，返回信息 {"status":"ok","msg":"-","gid":"227618","time_insert":"2021-07-09 03:17"}
2024-03-01 03:45:58 查询号码 【1746354】，GSD为【"-"】
2024-03-01 03:45:58 ok && -
2024-03-01 03:46:00 CHB 1746354?1709235958 第 1 次 等待 3 秒
2024-03-01 03:46:03 CHB 1746354?1709235958 第 1 次 获取到号码【1746354】GSD
2024-03-01 03:46:03 未获取到号码【1746354】GSD，可能号码格式错误
2024-03-01 03:46:03 获取到号码【1746354】的GSD为【-】
2024-03-01 03:46:07 GSD insert 第 1 次 等待 3 秒
2024-03-01 03:46:10 {"status":"bad","gid":"227618","msg":"添加失败！号码【1746354(-|-)】已存在！"}

2024-03-01 04:18:18 开始第 6437 次操作

2024-03-01 04:18:18 开始操作号码 【1746355】
2024-03-01 04:18:23 GSD getOne 第 1 次 等待 3 秒
2024-03-01 04:18:26 查询号码 【1746355】，返回信息 {"status":"ok","msg":"-","gid":"227678","time_insert":"2021-07-09 03:36"}
2024-03-01 04:18:26 查询号码 【1746355】，GSD为【"-"】
2024-03-01 04:18:26 ok && -
2024-03-01 04:18:28 CHB 1746355?1709237906 第 1 次 等待 3 秒
2024-03-01 04:18:32 CHB 1746355?1709237906 第 1 次 获取到号码【1746355】GSD
2024-03-01 04:18:32 未获取到号码【1746355】GSD，可能号码格式错误
2024-03-01 04:18:32 获取到号码【1746355】的GSD为【-】
2024-03-01 04:18:36 GSD insert 第 1 次 等待 3 秒
2024-03-01 04:18:39 {"status":"bad","gid":"227678","msg":"添加失败！号码【1746355(-|-)】已存在！"}
2024-03-01 04:18:39 随机等待 158 秒，约 2 分钟
2024-03-01 04:18:39 下次操作: 2024-03-01 04:21:17

2024-03-01 04:21:17 开始第 6438 次操作

2024-03-01 04:21:17 开始操作号码 【1746356】
2024-03-01 04:21:21 GSD getOne 第 1 次 等待 3 秒
2024-03-01 04:21:24 查询号码 【1746356】，返回信息 {"status":"ok","msg":"-","gid":"227682","time_insert":"2021-07-09 03:37"}
2024-03-01 04:21:24 查询号码 【1746356】，GSD为【"-"】
2024-03-01 04:21:24 ok && -
2024-03-01 04:21:27 CHB 1746356?1709238084 第 1 次 等待 3 秒
2024-03-01 04:21:30 CHB 1746356?1709238084 第 1 次 获取到号码【1746356】GSD
2024-03-01 04:21:30 未获取到号码【1746356】GSD，可能号码格式错误
2024-03-01 04:21:30 获取到号码【1746356】的GSD为【-】
2024-03-01 04:21:34 GSD insert 第 1 次 等待 3 秒
2024-03-01 04:21:37 {"status":"bad","gid":"227682","msg":"添加失败！号码【1746356(-|-)】已存在！"}
2024-03-01 04:21:37 随机等待 77 秒，约 1 分钟
2024-03-01 04:21:37 下次操作: 2024-03-01 04:22:54

2024-03-01 04:22:54 开始第 6439 次操作

2024-03-01 04:22:54 开始操作号码 【1746357】
2024-03-01 04:22:59 GSD getOne 第 1 次 等待 3 秒
2024-03-01 04:23:02 查询号码 【1746357】，返回信息 {"status":"ok","msg":"-","gid":"227688","time_insert":"2021-07-09 03:37"}
2024-03-01 04:23:02 查询号码 【1746357】，GSD为【"-"】
2024-03-01 04:23:02 ok && -
2024-03-01 04:23:05 CHB 1746357?1709238182 第 1 次 等待 3 秒
2024-03-01 04:23:08 CHB 1746357?1709238182 第 1 次 获取到号码【1746357】GSD
2024-03-01 04:23:08 未获取到号码【1746357】GSD，可能号码格式错误
2024-03-01 04:23:08 获取到号码【1746357】的GSD为【-】
2024-03-01 04:23:12 GSD insert 第 1 次 等待 3 秒
2024-03-01 04:23:15 {"status":"bad","gid":"227688","msg":"添加失败！号码【1746357(-|-)】已存在！"}
2024-03-01 04:23:15 随机等待 83 秒，约 1 分钟
2024-03-01 04:23:15 下次操作: 2024-03-01 04:24:38

2024-03-01 04:24:38 开始第 6440 次操作

2024-03-01 04:24:38 开始操作号码 【1746358】
2024-03-01 04:24:43 GSD getOne 第 1 次 等待 3 秒
2024-03-01 04:24:46 查询号码 【1746358】，返回信息 {"status":"ok","msg":"-","gid":"227695","time_insert":"2021-07-09 03:37"}
2024-03-01 04:24:46 查询号码 【1746358】，GSD为【"-"】
2024-03-01 04:24:46 ok && -
2024-03-01 04:24:48 CHB 1746358?1709238286 第 1 次 等待 3 秒
2024-03-01 04:24:51 CHB 1746358?1709238286 第 1 次 获取到号码【1746358】GSD
2024-03-01 04:24:51 未获取到号码【1746358】GSD，可能号码格式错误
2024-03-01 04:24:51 获取到号码【1746358】的GSD为【-】
2024-03-01 04:24:55 GSD insert 第 1 次 等待 3 秒
2024-03-01 04:24:58 {"status":"bad","gid":"227695","msg":"添加失败！号码【1746358(-|-)】已存在！"}

