2024-07-02 00:22:34 开始第 3709 次操作

2024-07-02 00:22:34 开始操作号码 【1523611】
2024-07-02 00:23:10 GSD getOne 第 1 次 等待 3 秒
2024-07-02 00:23:13 查询号码 【1523611】，返回信息 {"status":"ok","msg":"河南-洛阳","gid":"232936","time_insert":"2021-07-09 18:15"}
2024-07-02 00:23:13 查询号码 【1523611】，GSD为【"河南-洛阳"】

2024-07-02 00:23:14 开始第 3710 次操作

2024-07-02 00:23:14 开始操作号码 【1523612】
2024-07-02 00:23:34 GSD getOne 第 1 次 等待 3 秒
2024-07-02 00:23:37 查询号码 【1523612】，返回信息 {"status":"ok","msg":"河南-洛阳","gid":"232965","time_insert":"2021-07-09 18:34"}
2024-07-02 00:23:38 查询号码 【1523612】，GSD为【"河南-洛阳"】

2024-07-02 00:23:39 开始第 3711 次操作

2024-07-02 00:23:39 开始操作号码 【1523613】
2024-07-02 00:23:56 GSD getOne 第 1 次 等待 3 秒
2024-07-02 00:23:59 查询号码 【1523613】，返回信息 {"status":"ok","msg":"河南-洛阳","gid":"233190","time_insert":"2021-07-09 18:54"}
2024-07-02 00:23:59 查询号码 【1523613】，GSD为【"河南-洛阳"】

2024-07-02 00:24:00 开始第 3712 次操作

2024-07-02 00:24:00 开始操作号码 【1523614】
2024-07-02 00:24:21 GSD getOne 第 1 次 等待 3 秒
2024-07-02 00:24:24 查询号码 【1523614】，返回信息 {"status":"ok","msg":"河南-洛阳","gid":"19258","time_insert":"2017-06-13 00:27","time_update":"2020-09-12 14:52"}
2024-07-02 00:24:24 查询号码 【1523614】，GSD为【"河南-洛阳"】

