2024-10-12 00:13:01 开始第 9417 次操作

2024-10-12 00:13:01 开始操作号码 【1419413】
2024-10-12 00:13:05 GSD getOne 第 1 次 等待 3 秒
2024-10-12 00:13:08 查询号码 【1419413】，返回信息 {"status":"ok","msg":"-","gid":"695699","time_insert":"2023-05-07 05:09"}
2024-10-12 00:13:08 查询号码 【1419413】，GSD为【"-"】
2024-10-12 00:13:08 ok && -
2024-10-12 00:13:10 CHB 1419413?1728663188 第 1 次 等待 3 秒
2024-10-12 00:13:13 CHB 1419413?1728663188 第 1 次 获取到号码【1419413】GSD
2024-10-12 00:13:13 未获取到号码【1419413】GSD，可能号码格式错误
2024-10-12 00:13:13 获取到号码【1419413】的GSD为【-】
2024-10-12 00:13:18 GSD insert 第 1 次 等待 3 秒
2024-10-12 00:13:21 {"status":"bad","gid":"695699","msg":"添加失败！号码【1419413(-|-)】已存在！"}
2024-10-12 00:13:21 随机等待 163 秒，约 2 分钟
2024-10-12 00:13:21 下次操作: 2024-10-12 00:16:04

2024-10-12 00:16:04 开始第 9418 次操作

2024-10-12 00:16:04 开始操作号码 【1419414】
2024-10-12 00:16:20 GSD getOne 第 1 次 等待 3 秒
2024-10-12 00:16:23 查询号码 【1419414】，返回信息 {"status":"ok","msg":"-","gid":"695713","time_insert":"2023-05-07 05:26"}
2024-10-12 00:16:23 查询号码 【1419414】，GSD为【"-"】
2024-10-12 00:16:23 ok && -
2024-10-12 00:16:26 CHB 1419414?1728663383 第 1 次 等待 3 秒
2024-10-12 00:16:29 CHB 1419414?1728663383 第 1 次 获取到号码【1419414】GSD
2024-10-12 00:16:29 未获取到号码【1419414】GSD，可能号码格式错误
2024-10-12 00:16:29 获取到号码【1419414】的GSD为【-】
2024-10-12 00:16:45 GSD insert 第 1 次 等待 3 秒
2024-10-12 00:16:48 {"status":"bad","gid":"695713","msg":"添加失败！号码【1419414(-|-)】已存在！"}
2024-10-12 00:16:48 随机等待 96 秒，约 1 分钟
2024-10-12 00:16:48 下次操作: 2024-10-12 00:18:24

2024-10-12 00:18:24 开始第 9419 次操作

2024-10-12 00:18:24 开始操作号码 【1419415】
2024-10-12 00:18:27 GSD getOne 第 1 次 等待 3 秒
2024-10-12 00:18:30 查询号码 【1419415】，返回信息 {"status":"ok","msg":"-","gid":"695726","time_insert":"2023-05-07 05:41"}
2024-10-12 00:18:30 查询号码 【1419415】，GSD为【"-"】
2024-10-12 00:18:30 ok && -
2024-10-12 00:18:32 CHB 1419415?1728663510 第 1 次 等待 3 秒
2024-10-12 00:18:35 CHB 1419415?1728663510 第 1 次 获取到号码【1419415】GSD
2024-10-12 00:18:35 未获取到号码【1419415】GSD，可能号码格式错误
2024-10-12 00:18:35 获取到号码【1419415】的GSD为【-】
2024-10-12 00:18:37 GSD insert 第 1 次 等待 3 秒
2024-10-12 00:18:40 {"status":"bad","gid":"695726","msg":"添加失败！号码【1419415(-|-)】已存在！"}
2024-10-12 00:18:40 随机等待 200 秒，约 3 分钟
2024-10-12 00:18:40 下次操作: 2024-10-12 00:22:00

2024-10-12 00:22:00 开始第 9420 次操作

2024-10-12 00:22:00 开始操作号码 【1419416】
2024-10-12 00:22:02 GSD getOne 第 1 次 等待 3 秒
2024-10-12 00:22:05 查询号码 【1419416】，返回信息 {"status":"ok","msg":"-","gid":"695744","time_insert":"2023-05-07 06:01"}
2024-10-12 00:22:05 查询号码 【1419416】，GSD为【"-"】
2024-10-12 00:22:05 ok && -
2024-10-12 00:22:09 CHB 1419416?1728663725 第 1 次 等待 3 秒
2024-10-12 00:22:12 CHB 1419416?1728663725 第 1 次 获取到号码【1419416】GSD
2024-10-12 00:22:12 未获取到号码【1419416】GSD，可能号码格式错误
2024-10-12 00:22:12 获取到号码【1419416】的GSD为【-】
2024-10-12 00:22:14 GSD insert 第 1 次 等待 3 秒
2024-10-12 00:22:17 {"status":"bad","gid":"695744","msg":"添加失败！号码【1419416(-|-)】已存在！"}

