2024-03-25 00:19:06 开始第 82 次操作
2024-03-25 00:19:06 号码【174（0000 ---> 9999）】处理完毕
2024-03-25 00:37:26 开始第 82 次操作
2024-03-25 00:37:26 号码【174（0000 ---> 9999）】处理完毕
2024-03-25 01:13:56 开始第 82 次操作
2024-03-25 01:13:56 号码【174（0000 ---> 9999）】处理完毕
2024-03-25 01:37:27 开始第 82 次操作
2024-03-25 01:37:27 号码【174（0000 ---> 9999）】处理完毕
2024-03-25 02:22:41 开始第 82 次操作
2024-03-25 02:22:41 号码【174（0000 ---> 9999）】处理完毕
2024-03-25 02:38:52 开始第 82 次操作
2024-03-25 02:38:52 号码【174（0000 ---> 9999）】处理完毕
2024-03-25 03:14:06 开始第 82 次操作
2024-03-25 03:14:06 号码【174（0000 ---> 9999）】处理完毕
2024-03-25 03:37:38 开始第 82 次操作
2024-03-25 03:37:38 号码【174（0000 ---> 9999）】处理完毕
2024-03-25 04:15:54 开始第 82 次操作
2024-03-25 04:15:54 号码【174（0000 ---> 9999）】处理完毕
2024-03-25 04:37:47 开始第 82 次操作
2024-03-25 04:37:47 号码【174（0000 ---> 9999）】处理完毕
2024-03-25 05:14:11 开始第 82 次操作
2024-03-25 05:14:11 号码【174（0000 ---> 9999）】处理完毕
2024-03-25 05:37:27 开始第 82 次操作
2024-03-25 05:37:27 号码【174（0000 ---> 9999）】处理完毕
2024-03-25 06:16:06 开始第 82 次操作
2024-03-25 06:16:06 号码【174（0000 ---> 9999）】处理完毕
2024-03-25 06:37:34 开始第 82 次操作
2024-03-25 06:37:34 号码【174（0000 ---> 9999）】处理完毕
2024-03-25 07:18:31 开始第 82 次操作
2024-03-25 07:18:31 号码【174（0000 ---> 9999）】处理完毕
2024-03-25 07:37:23 开始第 82 次操作
2024-03-25 07:37:23 号码【174（0000 ---> 9999）】处理完毕
2024-03-25 09:13:08 开始第 82 次操作
2024-03-25 09:13:08 号码【174（0000 ---> 9999）】处理完毕
2024-03-25 10:05:22 开始第 82 次操作
2024-03-25 10:05:22 号码【174（0000 ---> 9999）】处理完毕
2024-03-25 10:38:40 开始第 82 次操作
2024-03-25 10:38:40 号码【174（0000 ---> 9999）】处理完毕
2024-03-25 11:19:21 开始第 82 次操作
2024-03-25 11:19:21 号码【174（0000 ---> 9999）】处理完毕
2024-03-25 11:37:44 开始第 82 次操作
2024-03-25 11:37:44 号码【174（0000 ---> 9999）】处理完毕
2024-03-25 12:21:19 开始第 82 次操作
2024-03-25 12:21:19 号码【174（0000 ---> 9999）】处理完毕
2024-03-25 12:37:34 开始第 82 次操作
2024-03-25 12:37:34 号码【174（0000 ---> 9999）】处理完毕
2024-03-25 13:17:24 开始第 82 次操作
2024-03-25 13:17:24 号码【174（0000 ---> 9999）】处理完毕
2024-03-25 13:37:38 开始第 82 次操作
2024-03-25 13:37:38 号码【174（0000 ---> 9999）】处理完毕
2024-03-25 14:00:12 开始第 82 次操作

2024-03-25 14:00:12 开始操作号码 【1630001】
2024-03-25 14:00:17 GSD getOne 第 1 次 等待 3 秒
2024-03-25 14:00:20 查询号码 【1630001】，返回信息 {"status":"ok","msg":"-","gid":"521420","time_insert":"2023-02-08 11:08"}
2024-03-25 14:00:20 查询号码 【1630001】，GSD为【"-"】
2024-03-25 14:00:20 ok && -
2024-03-25 14:00:23 CHB 1630001?1711346420 第 1 次 等待 3 秒
2024-03-25 14:00:26 CHB 1630001?1711346420 第 1 次 获取到号码【1630001】GSD
2024-03-25 14:00:26 未获取到号码【1630001】GSD，可能号码格式错误
2024-03-25 14:00:26 获取到号码【1630001】的GSD为【-】
2024-03-25 14:00:30 GSD insert 第 1 次 等待 3 秒
2024-03-25 14:00:33 {"status":"bad","gid":"521420","msg":"添加失败！号码【1630001(-|-)】已存在！"}
2024-03-25 14:00:33 随机等待 67 秒，约 1 分钟
2024-03-25 14:00:33 下次操作: 2024-03-25 14:01:40

2024-03-25 14:01:40 开始第 83 次操作

2024-03-25 14:01:40 开始操作号码 【1630002】
2024-03-25 14:01:46 GSD getOne 第 1 次 等待 3 秒
2024-03-25 14:01:49 查询号码 【1630002】，返回信息 {"status":"ok","msg":"-","gid":"521427","time_insert":"2023-02-08 11:18"}
2024-03-25 14:01:49 查询号码 【1630002】，GSD为【"-"】
2024-03-25 14:01:49 ok && -
2024-03-25 14:01:52 CHB 1630002?1711346509 第 1 次 等待 3 秒
2024-03-25 14:01:55 CHB 1630002?1711346509 第 1 次 获取到号码【1630002】GSD
2024-03-25 14:01:55 未获取到号码【1630002】GSD，可能号码格式错误
2024-03-25 14:01:55 获取到号码【1630002】的GSD为【-】
2024-03-25 14:02:00 GSD insert 第 1 次 等待 3 秒
2024-03-25 14:02:03 {"status":"bad","gid":"521427","msg":"添加失败！号码【1630002(-|-)】已存在！"}
2024-03-25 14:02:03 随机等待 202 秒，约 3 分钟
2024-03-25 14:02:03 下次操作: 2024-03-25 14:05:25

2024-03-25 14:05:25 开始第 84 次操作

2024-03-25 14:05:25 开始操作号码 【1630003】
2024-03-25 14:05:30 GSD getOne 第 1 次 等待 3 秒
2024-03-25 14:05:33 查询号码 【1630003】，返回信息 {"status":"ok","msg":"-","gid":"521437","time_insert":"2023-02-08 11:29"}
2024-03-25 14:05:33 查询号码 【1630003】，GSD为【"-"】
2024-03-25 14:05:33 ok && -
2024-03-25 14:05:36 CHB 1630003?1711346733 第 1 次 等待 3 秒
2024-03-25 14:05:39 CHB 1630003?1711346733 第 1 次 获取到号码【1630003】GSD
2024-03-25 14:05:39 未获取到号码【1630003】GSD，可能号码格式错误
2024-03-25 14:05:39 获取到号码【1630003】的GSD为【-】
2024-03-25 14:05:44 GSD insert 第 1 次 等待 3 秒
2024-03-25 14:05:47 {"status":"bad","gid":"521437","msg":"添加失败！号码【1630003(-|-)】已存在！"}

