2024-08-26 00:11:08 开始第 1189 次操作

2024-08-26 00:11:08 开始操作号码 【1411188】
2024-08-26 00:11:17 GSD getOne 第 1 次 等待 3 秒
2024-08-26 00:11:20 查询号码 【1411188】，返回信息 {"status":"ok","msg":"-","gid":"535085","time_insert":"2023-02-17 04:13"}
2024-08-26 00:11:20 查询号码 【1411188】，GSD为【"-"】
2024-08-26 00:11:20 ok && -
2024-08-26 00:11:22 CHB 1411188?1724602280 第 1 次 等待 3 秒
2024-08-26 00:11:25 CHB 1411188?1724602280 第 1 次 获取到号码【1411188】GSD
2024-08-26 00:11:25 未获取到号码【1411188】GSD，可能号码格式错误
2024-08-26 00:11:25 获取到号码【1411188】的GSD为【-】
2024-08-26 00:11:33 GSD insert 第 1 次 等待 3 秒
2024-08-26 00:11:36 {"status":"bad","gid":"535085","msg":"添加失败！号码【1411188(-|-)】已存在！"}
2024-08-26 00:11:36 随机等待 109 秒，约 1 分钟
2024-08-26 00:11:36 下次操作: 2024-08-26 00:13:25

2024-08-26 00:13:25 开始第 1190 次操作

2024-08-26 00:13:25 开始操作号码 【1411189】
2024-08-26 00:13:36 GSD getOne 第 1 次 等待 3 秒
2024-08-26 00:13:39 查询号码 【1411189】，返回信息 {"status":"ok","msg":"-","gid":"535099","time_insert":"2023-02-17 04:24"}
2024-08-26 00:13:39 查询号码 【1411189】，GSD为【"-"】
2024-08-26 00:13:39 ok && -
2024-08-26 00:13:41 CHB 1411189?1724602419 第 1 次 等待 3 秒
2024-08-26 00:13:44 CHB 1411189?1724602419 第 1 次 获取到号码【1411189】GSD
2024-08-26 00:13:44 未获取到号码【1411189】GSD，可能号码格式错误
2024-08-26 00:13:44 获取到号码【1411189】的GSD为【-】
2024-08-26 00:13:52 GSD insert 第 1 次 等待 3 秒
2024-08-26 00:13:55 {"status":"bad","gid":"535099","msg":"添加失败！号码【1411189(-|-)】已存在！"}
2024-08-26 00:13:55 随机等待 128 秒，约 2 分钟
2024-08-26 00:13:55 下次操作: 2024-08-26 00:16:03

2024-08-26 00:16:03 开始第 1191 次操作

2024-08-26 00:16:03 开始操作号码 【1411190】
2024-08-26 00:16:11 GSD getOne 第 1 次 等待 3 秒
2024-08-26 00:16:14 查询号码 【1411190】，返回信息 {"status":"ok","msg":"-","gid":"535118","time_insert":"2023-02-17 04:40"}
2024-08-26 00:16:14 查询号码 【1411190】，GSD为【"-"】
2024-08-26 00:16:14 ok && -
2024-08-26 00:16:17 CHB 1411190?1724602574 第 1 次 等待 3 秒
2024-08-26 00:16:20 CHB 1411190?1724602574 第 1 次 获取到号码【1411190】GSD
2024-08-26 00:16:20 未获取到号码【1411190】GSD，可能号码格式错误
2024-08-26 00:16:20 获取到号码【1411190】的GSD为【-】
2024-08-26 00:16:28 GSD insert 第 1 次 等待 3 秒
2024-08-26 00:16:31 {"status":"bad","gid":"535118","msg":"添加失败！号码【1411190(-|-)】已存在！"}
2024-08-26 00:16:31 随机等待 109 秒，约 1 分钟
2024-08-26 00:16:31 下次操作: 2024-08-26 00:18:20

2024-08-26 00:18:20 开始第 1192 次操作

2024-08-26 00:18:20 开始操作号码 【1411191】
2024-08-26 00:18:28 GSD getOne 第 1 次 等待 3 秒
2024-08-26 00:18:31 查询号码 【1411191】，返回信息 {"status":"ok","msg":"-","gid":"535137","time_insert":"2023-02-17 04:54"}
2024-08-26 00:18:31 查询号码 【1411191】，GSD为【"-"】
2024-08-26 00:18:31 ok && -
2024-08-26 00:18:33 CHB 1411191?1724602711 第 1 次 等待 3 秒
2024-08-26 00:18:36 CHB 1411191?1724602711 第 1 次 获取到号码【1411191】GSD
2024-08-26 00:18:36 未获取到号码【1411191】GSD，可能号码格式错误
2024-08-26 00:18:36 获取到号码【1411191】的GSD为【-】
2024-08-26 00:18:44 GSD insert 第 1 次 等待 3 秒
2024-08-26 00:18:47 {"status":"bad","gid":"535137","msg":"添加失败！号码【1411191(-|-)】已存在！"}

