2024-09-07 00:12:25 开始第 3285 次操作

2024-09-07 00:12:25 开始操作号码 【1413284】
2024-09-07 00:12:33 GSD getOne 第 1 次 等待 3 秒
2024-09-07 00:12:36 查询号码 【1413284】，返回信息 {"status":"ok","msg":"-","gid":"579714","time_insert":"2023-03-09 13:36"}
2024-09-07 00:12:36 查询号码 【1413284】，GSD为【"-"】
2024-09-07 00:12:36 ok && -
2024-09-07 00:12:41 CHB 1413284?1725639156 第 1 次 等待 3 秒
2024-09-07 00:12:44 CHB 1413284?1725639156 第 1 次 获取到号码【1413284】GSD
2024-09-07 00:12:44 未获取到号码【1413284】GSD，可能号码格式错误
2024-09-07 00:12:44 获取到号码【1413284】的GSD为【-】
2024-09-07 00:12:52 GSD insert 第 1 次 等待 3 秒
2024-09-07 00:12:55 {"status":"bad","gid":"579714","msg":"添加失败！号码【1413284(-|-)】已存在！"}
2024-09-07 00:12:55 随机等待 170 秒，约 2 分钟
2024-09-07 00:12:55 下次操作: 2024-09-07 00:15:45

2024-09-07 00:15:45 开始第 3286 次操作

2024-09-07 00:15:45 开始操作号码 【1413285】
2024-09-07 00:15:53 GSD getOne 第 1 次 等待 3 秒
2024-09-07 00:15:56 查询号码 【1413285】，返回信息 {"status":"ok","msg":"-","gid":"579756","time_insert":"2023-03-09 13:57"}
2024-09-07 00:15:56 查询号码 【1413285】，GSD为【"-"】
2024-09-07 00:15:56 ok && -
2024-09-07 00:15:58 CHB 1413285?1725639356 第 1 次 等待 3 秒
2024-09-07 00:16:01 CHB 1413285?1725639356 第 1 次 获取到号码【1413285】GSD
2024-09-07 00:16:01 未获取到号码【1413285】GSD，可能号码格式错误
2024-09-07 00:16:01 获取到号码【1413285】的GSD为【-】
2024-09-07 00:16:09 GSD insert 第 1 次 等待 3 秒
2024-09-07 00:16:12 {"status":"bad","gid":"579756","msg":"添加失败！号码【1413285(-|-)】已存在！"}
2024-09-07 00:16:12 随机等待 77 秒，约 1 分钟
2024-09-07 00:16:12 下次操作: 2024-09-07 00:17:29

2024-09-07 00:17:29 开始第 3287 次操作

2024-09-07 00:17:29 开始操作号码 【1413286】
2024-09-07 00:17:41 GSD getOne 第 1 次 等待 3 秒
2024-09-07 00:17:44 查询号码 【1413286】，返回信息 {"status":"ok","msg":"-","gid":"579785","time_insert":"2023-03-09 14:19"}
2024-09-07 00:17:44 查询号码 【1413286】，GSD为【"-"】
2024-09-07 00:17:44 ok && -
2024-09-07 00:17:46 CHB 1413286?1725639464 第 1 次 等待 3 秒
2024-09-07 00:17:49 CHB 1413286?1725639464 第 1 次 获取到号码【1413286】GSD
2024-09-07 00:17:49 未获取到号码【1413286】GSD，可能号码格式错误
2024-09-07 00:17:49 获取到号码【1413286】的GSD为【-】
2024-09-07 00:17:58 GSD insert 第 1 次 等待 3 秒
2024-09-07 00:18:01 {"status":"bad","gid":"579785","msg":"添加失败！号码【1413286(-|-)】已存在！"}
2024-09-07 00:18:01 随机等待 144 秒，约 2 分钟
2024-09-07 00:18:01 下次操作: 2024-09-07 00:20:25

2024-09-07 00:20:25 开始第 3288 次操作

2024-09-07 00:20:25 开始操作号码 【1413287】
2024-09-07 00:20:33 GSD getOne 第 1 次 等待 3 秒
2024-09-07 00:20:36 查询号码 【1413287】，返回信息 {"status":"ok","msg":"-","gid":"579809","time_insert":"2023-03-09 14:37"}
2024-09-07 00:20:36 查询号码 【1413287】，GSD为【"-"】
2024-09-07 00:20:36 ok && -
2024-09-07 00:20:38 CHB 1413287?1725639636 第 1 次 等待 3 秒
2024-09-07 00:20:41 CHB 1413287?1725639636 第 1 次 获取到号码【1413287】GSD
2024-09-07 00:20:41 未获取到号码【1413287】GSD，可能号码格式错误
2024-09-07 00:20:41 获取到号码【1413287】的GSD为【-】
2024-09-07 00:20:48 GSD insert 第 1 次 等待 3 秒
2024-09-07 00:20:51 {"status":"bad","gid":"579809","msg":"添加失败！号码【1413287(-|-)】已存在！"}

