2024-01-02 00:21:07 开始第 6389 次操作

2024-01-02 00:21:07 开始操作号码 【1856308】
2024-01-02 00:21:10 GSD getOne 第 1 次 等待 3 秒
2024-01-02 00:21:13 查询号码 【1856308】，返回信息 {"status":"ok","msg":"山东-潍坊","gid":"439050","time_insert":"2021-07-30 01:21"}
2024-01-02 00:21:13 查询号码 【1856308】，GSD为【"山东-潍坊"】

2024-01-02 00:21:14 开始第 6390 次操作

2024-01-02 00:21:14 开始操作号码 【1856309】
2024-01-02 00:21:19 GSD getOne 第 1 次 等待 3 秒
2024-01-02 00:21:22 查询号码 【1856309】，返回信息 {"status":"ok","msg":"山东-滨州","gid":"439042","time_insert":"2021-07-30 01:21"}
2024-01-02 00:21:22 查询号码 【1856309】，GSD为【"山东-滨州"】

2024-01-02 00:21:23 开始第 6391 次操作

2024-01-02 00:21:23 开始操作号码 【1856310】
2024-01-02 00:21:26 GSD getOne 第 1 次 等待 3 秒
2024-01-02 00:21:29 查询号码 【1856310】，返回信息 {"status":"ok","msg":"山东-威海","gid":"439035","time_insert":"2021-07-30 01:20"}
2024-01-02 00:21:29 查询号码 【1856310】，GSD为【"山东-威海"】

2024-01-02 00:21:30 开始第 6392 次操作

2024-01-02 00:21:30 开始操作号码 【1856311】
2024-01-02 00:21:34 GSD getOne 第 1 次 等待 3 秒
2024-01-02 00:21:37 查询号码 【1856311】，返回信息 {"status":"ok","msg":"山东-威海","gid":"439029","time_insert":"2021-07-30 01:19"}
2024-01-02 00:21:37 查询号码 【1856311】，GSD为【"山东-威海"】

