2024-09-22 00:12:27 开始第 5937 次操作

2024-09-22 00:12:27 开始操作号码 【1415934】
2024-09-22 00:12:33 GSD getOne 第 1 次 等待 3 秒
2024-09-22 00:12:36 查询号码 【1415934】，返回信息 {"status":"ok","msg":"-","gid":"645596","time_insert":"2023-04-10 19:33"}
2024-09-22 00:12:36 查询号码 【1415934】，GSD为【"-"】
2024-09-22 00:12:36 ok && -
2024-09-22 00:12:38 CHB 1415934?1726935156 第 1 次 等待 3 秒
2024-09-22 00:12:41 CHB 1415934?1726935156 第 1 次 获取到号码【1415934】GSD
2024-09-22 00:12:41 未获取到号码【1415934】GSD，可能号码格式错误
2024-09-22 00:12:41 获取到号码【1415934】的GSD为【-】
2024-09-22 00:12:43 GSD insert 第 1 次 等待 3 秒
2024-09-22 00:12:46 {"status":"bad","gid":"645596","msg":"添加失败！号码【1415934(-|-)】已存在！"}
2024-09-22 00:12:46 随机等待 124 秒，约 2 分钟
2024-09-22 00:12:46 下次操作: 2024-09-22 00:14:50

2024-09-22 00:14:50 开始第 5938 次操作

2024-09-22 00:14:50 开始操作号码 【1415935】
2024-09-22 00:14:52 GSD getOne 第 1 次 等待 3 秒
2024-09-22 00:14:55 查询号码 【1415935】，返回信息 {"status":"ok","msg":"-","gid":"645622","time_insert":"2023-04-10 19:48"}
2024-09-22 00:14:55 查询号码 【1415935】，GSD为【"-"】
2024-09-22 00:14:55 ok && -
2024-09-22 00:14:56 CHB 1415935?1726935295 第 1 次 等待 3 秒
2024-09-22 00:14:59 CHB 1415935?1726935295 第 1 次 获取到号码【1415935】GSD
2024-09-22 00:14:59 未获取到号码【1415935】GSD，可能号码格式错误
2024-09-22 00:14:59 获取到号码【1415935】的GSD为【-】
2024-09-22 00:15:04 GSD insert 第 1 次 等待 3 秒
2024-09-22 00:15:07 {"status":"bad","gid":"645622","msg":"添加失败！号码【1415935(-|-)】已存在！"}
2024-09-22 00:15:07 随机等待 125 秒，约 2 分钟
2024-09-22 00:15:07 下次操作: 2024-09-22 00:17:12

2024-09-22 00:17:12 开始第 5939 次操作

2024-09-22 00:17:12 开始操作号码 【1415936】
2024-09-22 00:17:14 GSD getOne 第 1 次 等待 3 秒
2024-09-22 00:17:17 查询号码 【1415936】，返回信息 {"status":"ok","msg":"-","gid":"645636","time_insert":"2023-04-10 19:57"}
2024-09-22 00:17:17 查询号码 【1415936】，GSD为【"-"】
2024-09-22 00:17:17 ok && -
2024-09-22 00:17:19 CHB 1415936?1726935437 第 1 次 等待 3 秒
2024-09-22 00:17:22 CHB 1415936?1726935437 第 1 次 获取到号码【1415936】GSD
2024-09-22 00:17:22 未获取到号码【1415936】GSD，可能号码格式错误
2024-09-22 00:17:22 获取到号码【1415936】的GSD为【-】
2024-09-22 00:17:24 GSD insert 第 1 次 等待 3 秒
2024-09-22 00:17:27 {"status":"bad","gid":"645636","msg":"添加失败！号码【1415936(-|-)】已存在！"}
2024-09-22 00:17:27 随机等待 84 秒，约 1 分钟
2024-09-22 00:17:27 下次操作: 2024-09-22 00:18:51

2024-09-22 00:18:51 开始第 5940 次操作

2024-09-22 00:18:51 开始操作号码 【1415937】
2024-09-22 00:18:58 GSD getOne 第 1 次 等待 3 秒
2024-09-22 00:19:01 查询号码 【1415937】，返回信息 {"status":"ok","msg":"-","gid":"645660","time_insert":"2023-04-10 20:14"}
2024-09-22 00:19:01 查询号码 【1415937】，GSD为【"-"】
2024-09-22 00:19:01 ok && -
2024-09-22 00:19:03 CHB 1415937?1726935541 第 1 次 等待 3 秒
2024-09-22 00:19:06 CHB 1415937?1726935541 第 1 次 获取到号码【1415937】GSD
2024-09-22 00:19:06 未获取到号码【1415937】GSD，可能号码格式错误
2024-09-22 00:19:06 获取到号码【1415937】的GSD为【-】
2024-09-22 00:19:08 GSD insert 第 1 次 等待 3 秒
2024-09-22 00:19:11 {"status":"bad","gid":"645660","msg":"添加失败！号码【1415937(-|-)】已存在！"}

2024-09-22 00:40:32 开始第 5941 次操作

2024-09-22 00:40:32 开始操作号码 【1415938】
2024-09-22 00:40:34 GSD getOne 第 1 次 等待 3 秒
2024-09-22 00:40:37 查询号码 【1415938】，返回信息 {"status":"ok","msg":"-","gid":"645685","time_insert":"2023-04-10 20:32"}
2024-09-22 00:40:37 查询号码 【1415938】，GSD为【"-"】
2024-09-22 00:40:37 ok && -
2024-09-22 00:40:39 CHB 1415938?1726936837 第 1 次 等待 3 秒
2024-09-22 00:40:42 CHB 1415938?1726936837 第 1 次 获取到号码【1415938】GSD
2024-09-22 00:40:42 未获取到号码【1415938】GSD，可能号码格式错误
2024-09-22 00:40:42 获取到号码【1415938】的GSD为【-】
2024-09-22 00:40:46 GSD insert 第 1 次 等待 3 秒
2024-09-22 00:40:49 {"status":"bad","gid":"645685","msg":"添加失败！号码【1415938(-|-)】已存在！"}
2024-09-22 00:40:49 随机等待 71 秒，约 1 分钟
2024-09-22 00:40:49 下次操作: 2024-09-22 00:42:00

2024-09-22 00:42:00 开始第 5942 次操作

2024-09-22 00:42:00 开始操作号码 【1415939】
2024-09-22 00:42:03 GSD getOne 第 1 次 等待 3 秒
2024-09-22 00:42:06 查询号码 【1415939】，返回信息 {"status":"ok","msg":"-","gid":"645696","time_insert":"2023-04-10 20:43"}
2024-09-22 00:42:06 查询号码 【1415939】，GSD为【"-"】
2024-09-22 00:42:06 ok && -
2024-09-22 00:42:08 CHB 1415939?1726936926 第 1 次 等待 3 秒
2024-09-22 00:42:11 CHB 1415939?1726936926 第 1 次 获取到号码【1415939】GSD
2024-09-22 00:42:11 未获取到号码【1415939】GSD，可能号码格式错误
2024-09-22 00:42:11 获取到号码【1415939】的GSD为【-】
2024-09-22 00:42:13 GSD insert 第 1 次 等待 3 秒
2024-09-22 00:42:16 {"status":"bad","gid":"645696","msg":"添加失败！号码【1415939(-|-)】已存在！"}
2024-09-22 00:42:16 随机等待 224 秒，约 3 分钟
2024-09-22 00:42:16 下次操作: 2024-09-22 00:46:00

2024-09-22 00:46:00 开始第 5943 次操作

2024-09-22 00:46:00 开始操作号码 【1415940】
2024-09-22 00:46:03 GSD getOne 第 1 次 等待 3 秒
2024-09-22 00:46:06 查询号码 【1415940】，返回信息 {"status":"ok","msg":"-","gid":"645725","time_insert":"2023-04-10 21:04"}
2024-09-22 00:46:06 查询号码 【1415940】，GSD为【"-"】
2024-09-22 00:46:06 ok && -
2024-09-22 00:46:09 CHB 1415940?1726937166 第 1 次 等待 3 秒
2024-09-22 00:46:12 CHB 1415940?1726937166 第 1 次 获取到号码【1415940】GSD
2024-09-22 00:46:12 未获取到号码【1415940】GSD，可能号码格式错误
2024-09-22 00:46:12 获取到号码【1415940】的GSD为【-】
2024-09-22 00:46:14 GSD insert 第 1 次 等待 3 秒
2024-09-22 00:46:17 {"status":"bad","gid":"645725","msg":"添加失败！号码【1415940(-|-)】已存在！"}
2024-09-22 00:46:17 随机等待 72 秒，约 1 分钟
2024-09-22 00:46:17 下次操作: 2024-09-22 00:47:29

2024-09-22 00:47:29 开始第 5944 次操作

2024-09-22 00:47:29 开始操作号码 【1415941】
2024-09-22 00:47:34 GSD getOne 第 1 次 等待 3 秒
2024-09-22 00:47:38 查询号码 【1415941】，返回信息 {"status":"ok","msg":"-","gid":"645752","time_insert":"2023-04-10 21:25"}
2024-09-22 00:47:38 查询号码 【1415941】，GSD为【"-"】
2024-09-22 00:47:38 ok && -
2024-09-22 00:47:39 CHB 1415941?1726937258 第 1 次 等待 3 秒
2024-09-22 00:47:42 CHB 1415941?1726937258 第 1 次 获取到号码【1415941】GSD
2024-09-22 00:47:42 未获取到号码【1415941】GSD，可能号码格式错误
2024-09-22 00:47:42 获取到号码【1415941】的GSD为【-】
2024-09-22 00:47:45 GSD insert 第 1 次 等待 3 秒
2024-09-22 00:47:48 {"status":"bad","gid":"645752","msg":"添加失败！号码【1415941(-|-)】已存在！"}

