2023-12-21 00:20:34 开始第 4257 次操作

2023-12-21 00:20:34 开始操作号码 【1854176】
2023-12-21 00:20:42 GSD getOne 第 1 次 等待 3 秒
2023-12-21 00:20:45 查询号码 【1854176】，返回信息 {"status":"ok","msg":"辽宁-营口","gid":"465173","time_insert":"2021-08-01 07:40"}
2023-12-21 00:20:46 查询号码 【1854176】，GSD为【"辽宁-营口"】

2023-12-21 00:20:47 开始第 4258 次操作

2023-12-21 00:20:47 开始操作号码 【1854177】
2023-12-21 00:20:50 GSD getOne 第 1 次 等待 3 秒
2023-12-21 00:20:53 查询号码 【1854177】，返回信息 {"status":"ok","msg":"辽宁-营口","gid":"465164","time_insert":"2021-08-01 07:39"}
2023-12-21 00:20:53 查询号码 【1854177】，GSD为【"辽宁-营口"】

2023-12-21 00:20:54 开始第 4259 次操作

2023-12-21 00:20:54 开始操作号码 【1854178】
2023-12-21 00:20:57 GSD getOne 第 1 次 等待 3 秒
2023-12-21 00:21:00 查询号码 【1854178】，返回信息 {"status":"ok","msg":"辽宁-营口","gid":"465156","time_insert":"2021-08-01 07:38"}
2023-12-21 00:21:00 查询号码 【1854178】，GSD为【"辽宁-营口"】

2023-12-21 00:21:01 开始第 4260 次操作

2023-12-21 00:21:01 开始操作号码 【1854179】
2023-12-21 00:21:05 GSD getOne 第 1 次 等待 3 秒
2023-12-21 00:21:08 查询号码 【1854179】，返回信息 {"status":"ok","msg":"辽宁-营口","gid":"465152","time_insert":"2021-08-01 07:38"}
2023-12-21 00:21:08 查询号码 【1854179】，GSD为【"辽宁-营口"】

