2023-11-08 00:21:53 开始第 7337 次操作

2023-11-08 00:21:53 开始操作号码 【1957255】
2023-11-08 00:22:00 GSD getOne 第 1 次 等待 3 秒
2023-11-08 00:22:03 查询号码 【1957255】，返回信息 {"status":"ok","msg":"新疆-喀什","gid":"478676","time_insert":"2021-08-02 12:02"}
2023-11-08 00:22:03 查询号码 【1957255】，GSD为【"新疆-喀什"】

2023-11-08 00:22:04 开始第 7338 次操作

2023-11-08 00:22:04 开始操作号码 【1957256】
2023-11-08 00:22:08 GSD getOne 第 1 次 等待 3 秒
2023-11-08 00:22:11 查询号码 【1957256】，返回信息 {"status":"ok","msg":"新疆-喀什","gid":"478664","time_insert":"2021-08-02 12:02"}
2023-11-08 00:22:11 查询号码 【1957256】，GSD为【"新疆-喀什"】

2023-11-08 00:22:12 开始第 7339 次操作

2023-11-08 00:22:12 开始操作号码 【1957257】
2023-11-08 00:22:16 GSD getOne 第 1 次 等待 3 秒
2023-11-08 00:22:19 查询号码 【1957257】，返回信息 {"status":"ok","msg":"新疆-喀什","gid":"478654","time_insert":"2021-08-02 12:01"}
2023-11-08 00:22:19 查询号码 【1957257】，GSD为【"新疆-喀什"】

2023-11-08 00:22:20 开始第 7340 次操作

2023-11-08 00:22:20 开始操作号码 【1957258】
2023-11-08 00:22:24 GSD getOne 第 1 次 等待 3 秒
2023-11-08 00:22:27 查询号码 【1957258】，返回信息 {"status":"ok","msg":"新疆-喀什","gid":"478641","time_insert":"2021-08-02 12:00"}
2023-11-08 00:22:27 查询号码 【1957258】，GSD为【"新疆-喀什"】

2023-11-08 00:41:06 开始第 7341 次操作

2023-11-08 00:41:06 开始操作号码 【1957259】
2023-11-08 00:41:09 GSD getOne 第 1 次 等待 3 秒
2023-11-08 00:41:12 查询号码 【1957259】，返回信息 {"status":"ok","msg":"新疆-喀什","gid":"478633","time_insert":"2021-08-02 12:00"}
2023-11-08 00:41:12 查询号码 【1957259】，GSD为【"新疆-喀什"】

2023-11-08 00:41:13 开始第 7342 次操作

2023-11-08 00:41:13 开始操作号码 【1957260】
2023-11-08 00:41:16 GSD getOne 第 1 次 等待 3 秒
2023-11-08 00:41:19 查询号码 【1957260】，返回信息 {"status":"ok","msg":"新疆-喀什","gid":"478621","time_insert":"2021-08-02 11:59"}
2023-11-08 00:41:19 查询号码 【1957260】，GSD为【"新疆-喀什"】

2023-11-08 00:41:20 开始第 7343 次操作

2023-11-08 00:41:20 开始操作号码 【1957261】
2023-11-08 00:41:27 GSD getOne 第 1 次 等待 3 秒
2023-11-08 00:41:30 查询号码 【1957261】，返回信息 {"status":"ok","msg":"新疆-喀什","gid":"478611","time_insert":"2021-08-02 11:59"}
2023-11-08 00:41:30 查询号码 【1957261】，GSD为【"新疆-喀什"】

2023-11-08 00:41:31 开始第 7344 次操作

2023-11-08 00:41:31 开始操作号码 【1957262】
2023-11-08 00:41:35 GSD getOne 第 1 次 等待 3 秒
2023-11-08 00:41:38 查询号码 【1957262】，返回信息 {"status":"ok","msg":"新疆-喀什","gid":"478598","time_insert":"2021-08-02 11:58"}
2023-11-08 00:41:38 查询号码 【1957262】，GSD为【"新疆-喀什"】

