2024-02-03 00:18:55 开始第 1577 次操作

2024-02-03 00:18:55 开始操作号码 【1741495】
2024-02-03 00:19:00 GSD getOne 第 1 次 等待 3 秒
2024-02-03 00:19:03 查询号码 【1741495】，返回信息 {"status":"ok","msg":"-","gid":"148773","time_insert":"2021-06-28 19:53"}
2024-02-03 00:19:03 查询号码 【1741495】，GSD为【"-"】
2024-02-03 00:19:03 ok && -
2024-02-03 00:19:05 CHB 1741495?1706890743 第 1 次 等待 3 秒
2024-02-03 00:19:08 CHB 1741495?1706890743 第 1 次 获取到号码【1741495】GSD
2024-02-03 00:19:08 未获取到号码【1741495】GSD，可能号码格式错误
2024-02-03 00:19:08 获取到号码【1741495】的GSD为【-】
2024-02-03 00:19:13 GSD insert 第 1 次 等待 3 秒
2024-02-03 00:19:16 {"status":"bad","gid":"148773","msg":"添加失败！号码【1741495(-|-)】已存在！"}
2024-02-03 00:19:16 随机等待 142 秒，约 2 分钟
2024-02-03 00:19:16 下次操作: 2024-02-03 00:21:38

2024-02-03 00:21:38 开始第 1578 次操作

2024-02-03 00:21:38 开始操作号码 【1741496】
2024-02-03 00:21:42 GSD getOne 第 1 次 等待 3 秒
2024-02-03 00:21:45 查询号码 【1741496】，返回信息 {"status":"ok","msg":"-","gid":"148781","time_insert":"2021-06-28 19:53"}
2024-02-03 00:21:45 查询号码 【1741496】，GSD为【"-"】
2024-02-03 00:21:45 ok && -
2024-02-03 00:21:48 CHB 1741496?1706890905 第 1 次 等待 3 秒
2024-02-03 00:21:51 CHB 1741496?1706890905 第 1 次 获取到号码【1741496】GSD
2024-02-03 00:21:51 未获取到号码【1741496】GSD，可能号码格式错误
2024-02-03 00:21:51 获取到号码【1741496】的GSD为【-】
2024-02-03 00:21:56 GSD insert 第 1 次 等待 3 秒
2024-02-03 00:21:59 {"status":"bad","gid":"148781","msg":"添加失败！号码【1741496(-|-)】已存在！"}
2024-02-03 00:21:59 随机等待 208 秒，约 3 分钟
2024-02-03 00:21:59 下次操作: 2024-02-03 00:25:27

2024-02-03 00:25:27 开始第 1579 次操作

2024-02-03 00:25:27 开始操作号码 【1741497】
2024-02-03 00:25:32 GSD getOne 第 1 次 等待 3 秒
2024-02-03 00:25:35 查询号码 【1741497】，返回信息 {"status":"ok","msg":"-","gid":"148788","time_insert":"2021-06-28 19:54"}
2024-02-03 00:25:35 查询号码 【1741497】，GSD为【"-"】
2024-02-03 00:25:35 ok && -
2024-02-03 00:25:37 CHB 1741497?1706891135 第 1 次 等待 3 秒
2024-02-03 00:25:40 CHB 1741497?1706891135 第 1 次 获取到号码【1741497】GSD
2024-02-03 00:25:40 未获取到号码【1741497】GSD，可能号码格式错误
2024-02-03 00:25:40 获取到号码【1741497】的GSD为【-】
2024-02-03 00:25:44 GSD insert 第 1 次 等待 3 秒
2024-02-03 00:25:47 {"status":"bad","gid":"148788","msg":"添加失败！号码【1741497(-|-)】已存在！"}
2024-02-03 00:25:47 随机等待 72 秒，约 1 分钟
2024-02-03 00:25:47 下次操作: 2024-02-03 00:26:59

2024-02-03 00:26:59 开始第 1580 次操作

2024-02-03 00:26:59 开始操作号码 【1741498】
2024-02-03 00:27:03 GSD getOne 第 1 次 等待 3 秒
2024-02-03 00:27:06 查询号码 【1741498】，返回信息 {"status":"ok","msg":"-","gid":"148794","time_insert":"2021-06-28 19:55"}
2024-02-03 00:27:06 查询号码 【1741498】，GSD为【"-"】
2024-02-03 00:27:06 ok && -
2024-02-03 00:27:08 CHB 1741498?1706891226 第 1 次 等待 3 秒
2024-02-03 00:27:11 CHB 1741498?1706891226 第 1 次 获取到号码【1741498】GSD
2024-02-03 00:27:11 未获取到号码【1741498】GSD，可能号码格式错误
2024-02-03 00:27:11 获取到号码【1741498】的GSD为【-】
2024-02-03 00:27:15 GSD insert 第 1 次 等待 3 秒
2024-02-03 00:27:18 {"status":"bad","gid":"148794","msg":"添加失败！号码【1741498(-|-)】已存在！"}

2024-02-03 00:37:42 开始第 1581 次操作

2024-02-03 00:37:42 开始操作号码 【1741499】
2024-02-03 00:37:49 GSD getOne 第 1 次 等待 3 秒
2024-02-03 00:37:52 查询号码 【1741499】，返回信息 {"status":"ok","msg":"-","gid":"148801","time_insert":"2021-06-28 19:56"}
2024-02-03 00:37:52 查询号码 【1741499】，GSD为【"-"】
2024-02-03 00:37:52 ok && -
2024-02-03 00:37:55 CHB 1741499?1706891872 第 1 次 等待 3 秒
2024-02-03 00:37:58 CHB 1741499?1706891872 第 1 次 获取到号码【1741499】GSD
2024-02-03 00:37:58 未获取到号码【1741499】GSD，可能号码格式错误
2024-02-03 00:37:58 获取到号码【1741499】的GSD为【-】
2024-02-03 00:38:03 GSD insert 第 1 次 等待 3 秒
2024-02-03 00:38:06 {"status":"bad","gid":"148801","msg":"添加失败！号码【1741499(-|-)】已存在！"}
2024-02-03 00:38:06 随机等待 86 秒，约 1 分钟
2024-02-03 00:38:06 下次操作: 2024-02-03 00:39:32

2024-02-03 00:39:32 开始第 1582 次操作

2024-02-03 00:39:32 开始操作号码 【1741500】
2024-02-03 00:39:37 GSD getOne 第 1 次 等待 3 秒
2024-02-03 00:39:40 查询号码 【1741500】，返回信息 {"status":"ok","msg":"-","gid":"148960","time_insert":"2021-06-28 21:31"}
2024-02-03 00:39:40 查询号码 【1741500】，GSD为【"-"】
2024-02-03 00:39:40 ok && -
2024-02-03 00:39:43 CHB 1741500?1706891980 第 1 次 等待 3 秒
2024-02-03 00:39:46 CHB 1741500?1706891980 第 1 次 获取到号码【1741500】GSD
2024-02-03 00:39:46 未获取到号码【1741500】GSD，可能号码格式错误
2024-02-03 00:39:46 获取到号码【1741500】的GSD为【-】
2024-02-03 00:39:50 GSD insert 第 1 次 等待 3 秒
2024-02-03 00:39:53 {"status":"bad","gid":"148960","msg":"添加失败！号码【1741500(-|-)】已存在！"}
2024-02-03 00:39:53 随机等待 142 秒，约 2 分钟
2024-02-03 00:39:53 下次操作: 2024-02-03 00:42:15

2024-02-03 00:42:15 开始第 1583 次操作

2024-02-03 00:42:15 开始操作号码 【1741501】
2024-02-03 00:42:20 GSD getOne 第 1 次 等待 3 秒
2024-02-03 00:42:23 查询号码 【1741501】，返回信息 {"status":"ok","msg":"-","gid":"148968","time_insert":"2021-06-28 21:32"}
2024-02-03 00:42:23 查询号码 【1741501】，GSD为【"-"】
2024-02-03 00:42:23 ok && -
2024-02-03 00:42:26 CHB 1741501?1706892143 第 1 次 等待 3 秒
2024-02-03 00:42:29 CHB 1741501?1706892143 第 1 次 获取到号码【1741501】GSD
2024-02-03 00:42:29 未获取到号码【1741501】GSD，可能号码格式错误
2024-02-03 00:42:29 获取到号码【1741501】的GSD为【-】
2024-02-03 00:42:35 GSD insert 第 1 次 等待 3 秒
2024-02-03 00:42:38 {"status":"bad","gid":"148968","msg":"添加失败！号码【1741501(-|-)】已存在！"}
2024-02-03 00:42:38 随机等待 165 秒，约 2 分钟
2024-02-03 00:42:38 下次操作: 2024-02-03 00:45:23

2024-02-03 00:45:23 开始第 1584 次操作

2024-02-03 00:45:23 开始操作号码 【1741502】
2024-02-03 00:45:30 GSD getOne 第 1 次 等待 3 秒
2024-02-03 00:45:33 查询号码 【1741502】，返回信息 {"status":"ok","msg":"-","gid":"148980","time_insert":"2021-06-28 21:33"}
2024-02-03 00:45:33 查询号码 【1741502】，GSD为【"-"】
2024-02-03 00:45:33 ok && -
2024-02-03 00:45:37 CHB 1741502?1706892333 第 1 次 等待 3 秒
2024-02-03 00:45:40 CHB 1741502?1706892333 第 1 次 获取到号码【1741502】GSD
2024-02-03 00:45:40 未获取到号码【1741502】GSD，可能号码格式错误
2024-02-03 00:45:40 获取到号码【1741502】的GSD为【-】
2024-02-03 00:45:44 GSD insert 第 1 次 等待 3 秒
2024-02-03 00:45:47 {"status":"bad","gid":"148980","msg":"添加失败！号码【1741502(-|-)】已存在！"}

2024-02-03 01:16:33 开始第 1585 次操作

2024-02-03 01:16:33 开始操作号码 【1741503】
2024-02-03 01:16:37 GSD getOne 第 1 次 等待 3 秒
2024-02-03 01:16:40 查询号码 【1741503】，返回信息 {"status":"ok","msg":"-","gid":"148993","time_insert":"2021-06-28 21:33"}
2024-02-03 01:16:40 查询号码 【1741503】，GSD为【"-"】
2024-02-03 01:16:40 ok && -
2024-02-03 01:16:44 CHB 1741503?1706894200 第 1 次 等待 3 秒
2024-02-03 01:16:47 CHB 1741503?1706894200 第 1 次 获取到号码【1741503】GSD
2024-02-03 01:16:47 未获取到号码【1741503】GSD，可能号码格式错误
2024-02-03 01:16:47 获取到号码【1741503】的GSD为【-】
2024-02-03 01:16:51 GSD insert 第 1 次 等待 3 秒
2024-02-03 01:16:54 {"status":"bad","gid":"148993","msg":"添加失败！号码【1741503(-|-)】已存在！"}
2024-02-03 01:16:54 随机等待 193 秒，约 3 分钟
2024-02-03 01:16:54 下次操作: 2024-02-03 01:20:07

2024-02-03 01:20:07 开始第 1586 次操作

2024-02-03 01:20:07 开始操作号码 【1741504】
2024-02-03 01:20:14 GSD getOne 第 1 次 等待 3 秒
2024-02-03 01:20:17 查询号码 【1741504】，返回信息 {"status":"ok","msg":"-","gid":"149009","time_insert":"2021-06-28 21:34"}
2024-02-03 01:20:17 查询号码 【1741504】，GSD为【"-"】
2024-02-03 01:20:17 ok && -
2024-02-03 01:20:19 CHB 1741504?1706894417 第 1 次 等待 3 秒
2024-02-03 01:20:22 CHB 1741504?1706894417 第 1 次 获取到号码【1741504】GSD
2024-02-03 01:20:22 未获取到号码【1741504】GSD，可能号码格式错误
2024-02-03 01:20:22 获取到号码【1741504】的GSD为【-】
2024-02-03 01:20:26 GSD insert 第 1 次 等待 3 秒
2024-02-03 01:20:29 {"status":"bad","gid":"149009","msg":"添加失败！号码【1741504(-|-)】已存在！"}
2024-02-03 01:20:29 随机等待 154 秒，约 2 分钟
2024-02-03 01:20:29 下次操作: 2024-02-03 01:23:03

2024-02-03 01:23:03 开始第 1587 次操作

2024-02-03 01:23:03 开始操作号码 【1741505】
2024-02-03 01:23:07 GSD getOne 第 1 次 等待 3 秒
2024-02-03 01:23:10 查询号码 【1741505】，返回信息 {"status":"ok","msg":"-","gid":"149022","time_insert":"2021-06-28 21:35"}
2024-02-03 01:23:10 查询号码 【1741505】，GSD为【"-"】
2024-02-03 01:23:10 ok && -
2024-02-03 01:23:12 CHB 1741505?1706894590 第 1 次 等待 3 秒
2024-02-03 01:23:15 CHB 1741505?1706894590 第 1 次 获取到号码【1741505】GSD
2024-02-03 01:23:15 未获取到号码【1741505】GSD，可能号码格式错误
2024-02-03 01:23:15 获取到号码【1741505】的GSD为【-】
2024-02-03 01:23:21 GSD insert 第 1 次 等待 3 秒
2024-02-03 01:23:24 {"status":"bad","gid":"149022","msg":"添加失败！号码【1741505(-|-)】已存在！"}
2024-02-03 01:23:24 随机等待 161 秒，约 2 分钟
2024-02-03 01:23:24 下次操作: 2024-02-03 01:26:05

2024-02-03 01:26:05 开始第 1588 次操作

2024-02-03 01:26:05 开始操作号码 【1741506】
2024-02-03 01:26:09 GSD getOne 第 1 次 等待 3 秒
2024-02-03 01:26:12 查询号码 【1741506】，返回信息 {"status":"ok","msg":"-","gid":"149036","time_insert":"2021-06-28 21:36"}
2024-02-03 01:26:12 查询号码 【1741506】，GSD为【"-"】
2024-02-03 01:26:12 ok && -
2024-02-03 01:26:14 CHB 1741506?1706894772 第 1 次 等待 3 秒
2024-02-03 01:26:17 CHB 1741506?1706894772 第 1 次 获取到号码【1741506】GSD
2024-02-03 01:26:17 未获取到号码【1741506】GSD，可能号码格式错误
2024-02-03 01:26:17 获取到号码【1741506】的GSD为【-】
2024-02-03 01:26:21 GSD insert 第 1 次 等待 3 秒
2024-02-03 01:26:24 {"status":"bad","gid":"149036","msg":"添加失败！号码【1741506(-|-)】已存在！"}

2024-02-03 01:37:42 开始第 1589 次操作

2024-02-03 01:37:42 开始操作号码 【1741507】
2024-02-03 01:37:49 GSD getOne 第 1 次 等待 3 秒
2024-02-03 01:37:52 查询号码 【1741507】，返回信息 {"status":"ok","msg":"-","gid":"149051","time_insert":"2021-06-28 21:37"}
2024-02-03 01:37:52 查询号码 【1741507】，GSD为【"-"】
2024-02-03 01:37:52 ok && -
2024-02-03 01:37:54 CHB 1741507?1706895472 第 1 次 等待 3 秒
2024-02-03 01:37:57 CHB 1741507?1706895472 第 1 次 获取到号码【1741507】GSD
2024-02-03 01:37:57 未获取到号码【1741507】GSD，可能号码格式错误
2024-02-03 01:37:57 获取到号码【1741507】的GSD为【-】
2024-02-03 01:38:01 GSD insert 第 1 次 等待 3 秒
2024-02-03 01:38:04 {"status":"bad","gid":"149051","msg":"添加失败！号码【1741507(-|-)】已存在！"}
2024-02-03 01:38:04 随机等待 128 秒，约 2 分钟
2024-02-03 01:38:04 下次操作: 2024-02-03 01:40:12

2024-02-03 01:40:12 开始第 1590 次操作

2024-02-03 01:40:12 开始操作号码 【1741508】
2024-02-03 01:40:16 GSD getOne 第 1 次 等待 3 秒
2024-02-03 01:40:19 查询号码 【1741508】，返回信息 {"status":"ok","msg":"-","gid":"149062","time_insert":"2021-06-28 21:37"}
2024-02-03 01:40:19 查询号码 【1741508】，GSD为【"-"】
2024-02-03 01:40:19 ok && -
2024-02-03 01:40:21 CHB 1741508?1706895619 第 1 次 等待 3 秒
2024-02-03 01:40:24 CHB 1741508?1706895619 第 1 次 获取到号码【1741508】GSD
2024-02-03 01:40:24 未获取到号码【1741508】GSD，可能号码格式错误
2024-02-03 01:40:24 获取到号码【1741508】的GSD为【-】
2024-02-03 01:40:28 GSD insert 第 1 次 等待 3 秒
2024-02-03 01:40:31 {"status":"bad","gid":"149062","msg":"添加失败！号码【1741508(-|-)】已存在！"}
2024-02-03 01:40:31 随机等待 201 秒，约 3 分钟
2024-02-03 01:40:31 下次操作: 2024-02-03 01:43:52

2024-02-03 01:43:52 开始第 1591 次操作

2024-02-03 01:43:52 开始操作号码 【1741509】
2024-02-03 01:43:56 GSD getOne 第 1 次 等待 3 秒
2024-02-03 01:43:59 查询号码 【1741509】，返回信息 {"status":"ok","msg":"-","gid":"149075","time_insert":"2021-06-28 21:38"}
2024-02-03 01:43:59 查询号码 【1741509】，GSD为【"-"】
2024-02-03 01:43:59 ok && -
2024-02-03 01:44:02 CHB 1741509?1706895839 第 1 次 等待 3 秒
2024-02-03 01:44:05 CHB 1741509?1706895839 第 1 次 获取到号码【1741509】GSD
2024-02-03 01:44:05 未获取到号码【1741509】GSD，可能号码格式错误
2024-02-03 01:44:05 获取到号码【1741509】的GSD为【-】
2024-02-03 01:44:09 GSD insert 第 1 次 等待 3 秒
2024-02-03 01:44:12 {"status":"bad","gid":"149075","msg":"添加失败！号码【1741509(-|-)】已存在！"}
2024-02-03 01:44:12 随机等待 209 秒，约 3 分钟
2024-02-03 01:44:12 下次操作: 2024-02-03 01:47:41

2024-02-03 01:47:41 开始第 1592 次操作

2024-02-03 01:47:41 开始操作号码 【1741510】
2024-02-03 01:47:45 GSD getOne 第 1 次 等待 3 秒
2024-02-03 01:47:48 查询号码 【1741510】，返回信息 {"status":"ok","msg":"-","gid":"149088","time_insert":"2021-06-28 21:39"}
2024-02-03 01:47:48 查询号码 【1741510】，GSD为【"-"】
2024-02-03 01:47:48 ok && -
2024-02-03 01:47:50 CHB 1741510?1706896068 第 1 次 等待 3 秒
2024-02-03 01:47:53 CHB 1741510?1706896068 第 1 次 获取到号码【1741510】GSD
2024-02-03 01:47:53 未获取到号码【1741510】GSD，可能号码格式错误
2024-02-03 01:47:53 获取到号码【1741510】的GSD为【-】
2024-02-03 01:47:57 GSD insert 第 1 次 等待 3 秒
2024-02-03 01:48:00 {"status":"bad","gid":"149088","msg":"添加失败！号码【1741510(-|-)】已存在！"}

2024-02-03 02:20:47 开始第 1593 次操作

2024-02-03 02:20:47 开始操作号码 【1741511】
2024-02-03 02:20:51 GSD getOne 第 1 次 等待 3 秒
2024-02-03 02:20:54 查询号码 【1741511】，返回信息 {"status":"ok","msg":"-","gid":"149098","time_insert":"2021-06-28 21:39"}
2024-02-03 02:20:55 查询号码 【1741511】，GSD为【"-"】
2024-02-03 02:20:55 ok && -
2024-02-03 02:20:57 CHB 1741511?1706898055 第 1 次 等待 3 秒
2024-02-03 02:21:00 CHB 1741511?1706898055 第 1 次 获取到号码【1741511】GSD
2024-02-03 02:21:00 未获取到号码【1741511】GSD，可能号码格式错误
2024-02-03 02:21:00 获取到号码【1741511】的GSD为【-】
2024-02-03 02:21:04 GSD insert 第 1 次 等待 3 秒
2024-02-03 02:21:07 {"status":"bad","gid":"149098","msg":"添加失败！号码【1741511(-|-)】已存在！"}
2024-02-03 02:21:07 随机等待 84 秒，约 1 分钟
2024-02-03 02:21:07 下次操作: 2024-02-03 02:22:31

2024-02-03 02:22:31 开始第 1594 次操作

2024-02-03 02:22:31 开始操作号码 【1741512】
2024-02-03 02:22:36 GSD getOne 第 1 次 等待 3 秒
2024-02-03 02:22:39 查询号码 【1741512】，返回信息 {"status":"ok","msg":"-","gid":"149111","time_insert":"2021-06-28 21:40"}
2024-02-03 02:22:39 查询号码 【1741512】，GSD为【"-"】
2024-02-03 02:22:39 ok && -
2024-02-03 02:22:41 CHB 1741512?1706898159 第 1 次 等待 3 秒
2024-02-03 02:22:44 CHB 1741512?1706898159 第 1 次 获取到号码【1741512】GSD
2024-02-03 02:22:44 未获取到号码【1741512】GSD，可能号码格式错误
2024-02-03 02:22:44 获取到号码【1741512】的GSD为【-】
2024-02-03 02:22:49 GSD insert 第 1 次 等待 3 秒
2024-02-03 02:22:52 {"status":"bad","gid":"149111","msg":"添加失败！号码【1741512(-|-)】已存在！"}
2024-02-03 02:22:52 随机等待 77 秒，约 1 分钟
2024-02-03 02:22:52 下次操作: 2024-02-03 02:24:09

2024-02-03 02:24:09 开始第 1595 次操作

2024-02-03 02:24:09 开始操作号码 【1741513】
2024-02-03 02:24:13 GSD getOne 第 1 次 等待 3 秒
2024-02-03 02:24:16 查询号码 【1741513】，返回信息 {"status":"ok","msg":"-","gid":"149122","time_insert":"2021-06-28 21:41"}
2024-02-03 02:24:16 查询号码 【1741513】，GSD为【"-"】
2024-02-03 02:24:16 ok && -
2024-02-03 02:24:19 CHB 1741513?1706898256 第 1 次 等待 3 秒
2024-02-03 02:24:22 CHB 1741513?1706898256 第 1 次 获取到号码【1741513】GSD
2024-02-03 02:24:22 未获取到号码【1741513】GSD，可能号码格式错误
2024-02-03 02:24:22 获取到号码【1741513】的GSD为【-】
2024-02-03 02:24:28 GSD insert 第 1 次 等待 3 秒
2024-02-03 02:24:31 {"status":"bad","gid":"149122","msg":"添加失败！号码【1741513(-|-)】已存在！"}
2024-02-03 02:24:31 随机等待 161 秒，约 2 分钟
2024-02-03 02:24:31 下次操作: 2024-02-03 02:27:12

2024-02-03 02:27:12 开始第 1596 次操作

2024-02-03 02:27:12 开始操作号码 【1741514】
2024-02-03 02:27:17 GSD getOne 第 1 次 等待 3 秒
2024-02-03 02:27:20 查询号码 【1741514】，返回信息 {"status":"ok","msg":"-","gid":"149134","time_insert":"2021-06-28 21:42"}
2024-02-03 02:27:20 查询号码 【1741514】，GSD为【"-"】
2024-02-03 02:27:20 ok && -
2024-02-03 02:27:23 CHB 1741514?1706898440 第 1 次 等待 3 秒
2024-02-03 02:27:26 CHB 1741514?1706898440 第 1 次 获取到号码【1741514】GSD
2024-02-03 02:27:26 未获取到号码【1741514】GSD，可能号码格式错误
2024-02-03 02:27:26 获取到号码【1741514】的GSD为【-】
2024-02-03 02:27:31 GSD insert 第 1 次 等待 3 秒
2024-02-03 02:27:34 {"status":"bad","gid":"149134","msg":"添加失败！号码【1741514(-|-)】已存在！"}

2024-02-03 02:38:05 开始第 1597 次操作

2024-02-03 02:38:05 开始操作号码 【1741515】
2024-02-03 02:38:10 GSD getOne 第 1 次 等待 3 秒
2024-02-03 02:38:13 查询号码 【1741515】，返回信息 {"status":"ok","msg":"-","gid":"149147","time_insert":"2021-06-28 21:42"}
2024-02-03 02:38:13 查询号码 【1741515】，GSD为【"-"】
2024-02-03 02:38:13 ok && -
2024-02-03 02:38:16 CHB 1741515?1706899093 第 1 次 等待 3 秒
2024-02-03 02:38:19 CHB 1741515?1706899093 第 1 次 获取到号码【1741515】GSD
2024-02-03 02:38:19 未获取到号码【1741515】GSD，可能号码格式错误
2024-02-03 02:38:19 获取到号码【1741515】的GSD为【-】
2024-02-03 02:38:24 GSD insert 第 1 次 等待 3 秒
2024-02-03 02:38:27 {"status":"bad","gid":"149147","msg":"添加失败！号码【1741515(-|-)】已存在！"}
2024-02-03 02:38:27 随机等待 172 秒，约 2 分钟
2024-02-03 02:38:27 下次操作: 2024-02-03 02:41:19

2024-02-03 02:41:19 开始第 1598 次操作

2024-02-03 02:41:19 开始操作号码 【1741516】
2024-02-03 02:41:23 GSD getOne 第 1 次 等待 3 秒
2024-02-03 02:41:26 查询号码 【1741516】，返回信息 {"status":"ok","msg":"-","gid":"149157","time_insert":"2021-06-28 21:43"}
2024-02-03 02:41:26 查询号码 【1741516】，GSD为【"-"】
2024-02-03 02:41:26 ok && -
2024-02-03 02:41:28 CHB 1741516?1706899286 第 1 次 等待 3 秒
2024-02-03 02:41:31 CHB 1741516?1706899286 第 1 次 获取到号码【1741516】GSD
2024-02-03 02:41:32 未获取到号码【1741516】GSD，可能号码格式错误
2024-02-03 02:41:32 获取到号码【1741516】的GSD为【-】
2024-02-03 02:41:37 GSD insert 第 1 次 等待 3 秒
2024-02-03 02:41:40 {"status":"bad","gid":"149157","msg":"添加失败！号码【1741516(-|-)】已存在！"}
2024-02-03 02:41:40 随机等待 75 秒，约 1 分钟
2024-02-03 02:41:40 下次操作: 2024-02-03 02:42:55

2024-02-03 02:42:55 开始第 1599 次操作

2024-02-03 02:42:55 开始操作号码 【1741517】
2024-02-03 02:42:59 GSD getOne 第 1 次 等待 3 秒
2024-02-03 02:43:02 查询号码 【1741517】，返回信息 {"status":"ok","msg":"-","gid":"149166","time_insert":"2021-06-28 21:44"}
2024-02-03 02:43:02 查询号码 【1741517】，GSD为【"-"】
2024-02-03 02:43:02 ok && -
2024-02-03 02:43:04 CHB 1741517?1706899382 第 1 次 等待 3 秒
2024-02-03 02:43:07 CHB 1741517?1706899382 第 1 次 获取到号码【1741517】GSD
2024-02-03 02:43:07 未获取到号码【1741517】GSD，可能号码格式错误
2024-02-03 02:43:07 获取到号码【1741517】的GSD为【-】
2024-02-03 02:43:11 GSD insert 第 1 次 等待 3 秒
2024-02-03 02:43:14 {"status":"bad","gid":"149166","msg":"添加失败！号码【1741517(-|-)】已存在！"}
2024-02-03 02:43:14 随机等待 168 秒，约 2 分钟
2024-02-03 02:43:14 下次操作: 2024-02-03 02:46:02

2024-02-03 02:46:02 开始第 1600 次操作

2024-02-03 02:46:02 开始操作号码 【1741518】
2024-02-03 02:46:06 GSD getOne 第 1 次 等待 3 秒
2024-02-03 02:46:09 查询号码 【1741518】，返回信息 {"status":"ok","msg":"-","gid":"149178","time_insert":"2021-06-28 21:45"}
2024-02-03 02:46:09 查询号码 【1741518】，GSD为【"-"】
2024-02-03 02:46:09 ok && -
2024-02-03 02:46:12 CHB 1741518?1706899569 第 1 次 等待 3 秒
2024-02-03 02:46:15 CHB 1741518?1706899569 第 1 次 获取到号码【1741518】GSD
2024-02-03 02:46:15 未获取到号码【1741518】GSD，可能号码格式错误
2024-02-03 02:46:15 获取到号码【1741518】的GSD为【-】
2024-02-03 02:46:19 GSD insert 第 1 次 等待 3 秒
2024-02-03 02:46:22 {"status":"bad","gid":"149178","msg":"添加失败！号码【1741518(-|-)】已存在！"}

2024-02-03 03:14:23 开始第 1601 次操作

2024-02-03 03:14:23 开始操作号码 【1741519】
2024-02-03 03:14:28 GSD getOne 第 1 次 等待 3 秒
2024-02-03 03:14:31 查询号码 【1741519】，返回信息 {"status":"ok","msg":"-","gid":"149188","time_insert":"2021-06-28 21:45"}
2024-02-03 03:14:31 查询号码 【1741519】，GSD为【"-"】
2024-02-03 03:14:31 ok && -
2024-02-03 03:14:34 CHB 1741519?1706901271 第 1 次 等待 3 秒
2024-02-03 03:14:37 CHB 1741519?1706901271 第 1 次 获取到号码【1741519】GSD
2024-02-03 03:14:37 未获取到号码【1741519】GSD，可能号码格式错误
2024-02-03 03:14:37 获取到号码【1741519】的GSD为【-】
2024-02-03 03:14:41 GSD insert 第 1 次 等待 3 秒
2024-02-03 03:14:44 {"status":"bad","gid":"149188","msg":"添加失败！号码【1741519(-|-)】已存在！"}
2024-02-03 03:14:44 随机等待 158 秒，约 2 分钟
2024-02-03 03:14:44 下次操作: 2024-02-03 03:17:22

2024-02-03 03:17:22 开始第 1602 次操作

2024-02-03 03:17:22 开始操作号码 【1741520】
2024-02-03 03:17:27 GSD getOne 第 1 次 等待 3 秒
2024-02-03 03:17:30 查询号码 【1741520】，返回信息 {"status":"ok","msg":"-","gid":"149194","time_insert":"2021-06-28 21:46"}
2024-02-03 03:17:30 查询号码 【1741520】，GSD为【"-"】
2024-02-03 03:17:30 ok && -
2024-02-03 03:17:32 CHB 1741520?1706901450 第 1 次 等待 3 秒
2024-02-03 03:17:35 CHB 1741520?1706901450 第 1 次 获取到号码【1741520】GSD
2024-02-03 03:17:35 未获取到号码【1741520】GSD，可能号码格式错误
2024-02-03 03:17:35 获取到号码【1741520】的GSD为【-】
2024-02-03 03:17:39 GSD insert 第 1 次 等待 3 秒
2024-02-03 03:17:42 {"status":"bad","gid":"149194","msg":"添加失败！号码【1741520(-|-)】已存在！"}
2024-02-03 03:17:42 随机等待 112 秒，约 1 分钟
2024-02-03 03:17:42 下次操作: 2024-02-03 03:19:34

2024-02-03 03:19:34 开始第 1603 次操作

2024-02-03 03:19:34 开始操作号码 【1741521】
2024-02-03 03:19:38 GSD getOne 第 1 次 等待 3 秒
2024-02-03 03:19:41 查询号码 【1741521】，返回信息 {"status":"ok","msg":"-","gid":"149198","time_insert":"2021-06-28 21:47"}
2024-02-03 03:19:41 查询号码 【1741521】，GSD为【"-"】
2024-02-03 03:19:41 ok && -
2024-02-03 03:19:44 CHB 1741521?1706901581 第 1 次 等待 3 秒
2024-02-03 03:19:47 CHB 1741521?1706901581 第 1 次 获取到号码【1741521】GSD
2024-02-03 03:19:47 未获取到号码【1741521】GSD，可能号码格式错误
2024-02-03 03:19:47 获取到号码【1741521】的GSD为【-】
2024-02-03 03:19:51 GSD insert 第 1 次 等待 3 秒
2024-02-03 03:19:54 {"status":"bad","gid":"149198","msg":"添加失败！号码【1741521(-|-)】已存在！"}
2024-02-03 03:19:54 随机等待 168 秒，约 2 分钟
2024-02-03 03:19:54 下次操作: 2024-02-03 03:22:42

2024-02-03 03:22:43 开始第 1604 次操作

2024-02-03 03:22:43 开始操作号码 【1741522】
2024-02-03 03:22:47 GSD getOne 第 1 次 等待 3 秒
2024-02-03 03:22:50 查询号码 【1741522】，返回信息 {"status":"ok","msg":"-","gid":"149202","time_insert":"2021-06-28 21:48"}
2024-02-03 03:22:50 查询号码 【1741522】，GSD为【"-"】
2024-02-03 03:22:50 ok && -
2024-02-03 03:22:57 CHB 1741522?1706901770 第 1 次 等待 3 秒
2024-02-03 03:23:00 CHB 1741522?1706901770 第 1 次 获取到号码【1741522】GSD
2024-02-03 03:23:00 未获取到号码【1741522】GSD，可能号码格式错误
2024-02-03 03:23:00 获取到号码【1741522】的GSD为【-】
2024-02-03 03:23:04 GSD insert 第 1 次 等待 3 秒
2024-02-03 03:23:07 {"status":"bad","gid":"149202","msg":"添加失败！号码【1741522(-|-)】已存在！"}

