2023-12-28 00:21:17 开始第 5497 次操作

2023-12-28 00:21:17 开始操作号码 【1855416】
2023-12-28 00:21:24 GSD getOne 第 1 次 等待 3 秒
2023-12-28 00:21:27 查询号码 【1855416】，返回信息 {"status":"ok","msg":"山东-济宁","gid":"449927","time_insert":"2021-07-31 00:05"}
2023-12-28 00:21:27 查询号码 【1855416】，GSD为【"山东-济宁"】

2023-12-28 00:21:28 开始第 5498 次操作

2023-12-28 00:21:28 开始操作号码 【1855417】
2023-12-28 00:21:32 GSD getOne 第 1 次 等待 3 秒
2023-12-28 00:21:35 查询号码 【1855417】，返回信息 {"status":"ok","msg":"山东-泰安","gid":"449916","time_insert":"2021-07-31 00:04"}
2023-12-28 00:21:35 查询号码 【1855417】，GSD为【"山东-泰安"】

2023-12-28 00:21:36 开始第 5499 次操作

2023-12-28 00:21:36 开始操作号码 【1855418】
2023-12-28 00:21:40 GSD getOne 第 1 次 等待 3 秒
2023-12-28 00:21:43 查询号码 【1855418】，返回信息 {"status":"ok","msg":"山东-泰安","gid":"449903","time_insert":"2021-07-31 00:04"}
2023-12-28 00:21:43 查询号码 【1855418】，GSD为【"山东-泰安"】

2023-12-28 00:21:44 开始第 5500 次操作

2023-12-28 00:21:44 开始操作号码 【1855419】
2023-12-28 00:21:48 GSD getOne 第 1 次 等待 3 秒
2023-12-28 00:21:51 查询号码 【1855419】，返回信息 {"status":"ok","msg":"山东-泰安","gid":"449894","time_insert":"2021-07-31 00:03"}
2023-12-28 00:21:51 查询号码 【1855419】，GSD为【"山东-泰安"】

