2024-09-02 00:11:06 开始第 2409 次操作

2024-09-02 00:11:06 开始操作号码 【1412408】
2024-09-02 00:11:16 GSD getOne 第 1 次 等待 3 秒
2024-09-02 00:11:19 查询号码 【1412408】，返回信息 {"status":"ok","msg":"-","gid":"560264","time_insert":"2023-02-28 06:10"}
2024-09-02 00:11:19 查询号码 【1412408】，GSD为【"-"】
2024-09-02 00:11:19 ok && -
2024-09-02 00:11:20 CHB 1412408?1725207079 第 1 次 等待 3 秒
2024-09-02 00:11:23 CHB 1412408?1725207079 第 1 次 获取到号码【1412408】GSD
2024-09-02 00:11:24 未获取到号码【1412408】GSD，可能号码格式错误
2024-09-02 00:11:24 获取到号码【1412408】的GSD为【-】
2024-09-02 00:11:31 GSD insert 第 1 次 等待 3 秒
2024-09-02 00:11:34 {"status":"bad","gid":"560264","msg":"添加失败！号码【1412408(-|-)】已存在！"}
2024-09-02 00:11:34 随机等待 226 秒，约 3 分钟
2024-09-02 00:11:34 下次操作: 2024-09-02 00:15:20

2024-09-02 00:15:20 开始第 2410 次操作

2024-09-02 00:15:20 开始操作号码 【1412409】
2024-09-02 00:15:28 GSD getOne 第 1 次 等待 3 秒
2024-09-02 00:15:31 查询号码 【1412409】，返回信息 {"status":"ok","msg":"-","gid":"560284","time_insert":"2023-02-28 06:20"}
2024-09-02 00:15:31 查询号码 【1412409】，GSD为【"-"】
2024-09-02 00:15:31 ok && -
2024-09-02 00:15:33 CHB 1412409?1725207331 第 1 次 等待 3 秒
2024-09-02 00:15:36 CHB 1412409?1725207331 第 1 次 获取到号码【1412409】GSD
2024-09-02 00:15:36 未获取到号码【1412409】GSD，可能号码格式错误
2024-09-02 00:15:36 获取到号码【1412409】的GSD为【-】
2024-09-02 00:15:43 GSD insert 第 1 次 等待 3 秒
2024-09-02 00:15:47 {"status":"bad","gid":"560284","msg":"添加失败！号码【1412409(-|-)】已存在！"}
2024-09-02 00:15:47 随机等待 204 秒，约 3 分钟
2024-09-02 00:15:47 下次操作: 2024-09-02 00:19:11

2024-09-02 00:19:11 开始第 2411 次操作

2024-09-02 00:19:11 开始操作号码 【1412410】
2024-09-02 00:19:18 GSD getOne 第 1 次 等待 3 秒
2024-09-02 00:19:21 查询号码 【1412410】，返回信息 {"status":"ok","msg":"-","gid":"560309","time_insert":"2023-02-28 06:35"}
2024-09-02 00:19:21 查询号码 【1412410】，GSD为【"-"】
2024-09-02 00:19:21 ok && -
2024-09-02 00:19:23 CHB 1412410?1725207561 第 1 次 等待 3 秒
2024-09-02 00:19:26 CHB 1412410?1725207561 第 1 次 获取到号码【1412410】GSD
2024-09-02 00:19:26 未获取到号码【1412410】GSD，可能号码格式错误
2024-09-02 00:19:26 获取到号码【1412410】的GSD为【-】
2024-09-02 00:19:34 GSD insert 第 1 次 等待 3 秒
2024-09-02 00:19:37 {"status":"bad","gid":"560309","msg":"添加失败！号码【1412410(-|-)】已存在！"}
2024-09-02 00:19:37 随机等待 71 秒，约 1 分钟
2024-09-02 00:19:37 下次操作: 2024-09-02 00:20:48

2024-09-02 00:20:48 开始第 2412 次操作

2024-09-02 00:20:48 开始操作号码 【1412411】
2024-09-02 00:20:57 GSD getOne 第 1 次 等待 3 秒
2024-09-02 00:21:00 查询号码 【1412411】，返回信息 {"status":"ok","msg":"-","gid":"560329","time_insert":"2023-02-28 06:47"}
2024-09-02 00:21:00 查询号码 【1412411】，GSD为【"-"】
2024-09-02 00:21:00 ok && -
2024-09-02 00:21:02 CHB 1412411?1725207660 第 1 次 等待 3 秒
2024-09-02 00:21:05 CHB 1412411?1725207660 第 1 次 获取到号码【1412411】GSD
2024-09-02 00:21:05 未获取到号码【1412411】GSD，可能号码格式错误
2024-09-02 00:21:05 获取到号码【1412411】的GSD为【-】
2024-09-02 00:21:13 GSD insert 第 1 次 等待 3 秒
2024-09-02 00:21:16 {"status":"bad","gid":"560329","msg":"添加失败！号码【1412411(-|-)】已存在！"}

