2023-11-09 00:22:04 开始第 7513 次操作

2023-11-09 00:22:04 开始操作号码 【1957431】
2023-11-09 00:22:07 GSD getOne 第 1 次 等待 3 秒
2023-11-09 00:22:10 查询号码 【1957431】，返回信息 {"status":"ok","msg":"湖南-湘西","gid":"476466","time_insert":"2021-08-02 06:48"}
2023-11-09 00:22:10 查询号码 【1957431】，GSD为【"湖南-湘西"】

2023-11-09 00:22:11 开始第 7514 次操作

2023-11-09 00:22:11 开始操作号码 【1957432】
2023-11-09 00:22:22 GSD getOne 第 1 次 等待 3 秒
2023-11-09 00:22:25 查询号码 【1957432】，返回信息 {"status":"ok","msg":"湖南-湘西","gid":"476456","time_insert":"2021-08-02 06:47"}
2023-11-09 00:22:25 查询号码 【1957432】，GSD为【"湖南-湘西"】

2023-11-09 00:22:26 开始第 7515 次操作

2023-11-09 00:22:26 开始操作号码 【1957433】
2023-11-09 00:22:28 GSD getOne 第 1 次 等待 3 秒
2023-11-09 00:22:31 查询号码 【1957433】，返回信息 {"status":"ok","msg":"湖南-湘西","gid":"476446","time_insert":"2021-08-02 06:47"}
2023-11-09 00:22:31 查询号码 【1957433】，GSD为【"湖南-湘西"】

2023-11-09 00:22:32 开始第 7516 次操作

2023-11-09 00:22:32 开始操作号码 【1957434】
2023-11-09 00:22:39 GSD getOne 第 1 次 等待 3 秒
2023-11-09 00:22:42 查询号码 【1957434】，返回信息 {"status":"ok","msg":"湖南-湘西","gid":"476435","time_insert":"2021-08-02 06:46"}
2023-11-09 00:22:42 查询号码 【1957434】，GSD为【"湖南-湘西"】

