2024-08-04 00:23:52 开始第 9473 次操作

2024-08-04 00:23:52 开始操作号码 【1529375】
2024-08-04 00:24:00 GSD getOne 第 1 次 等待 3 秒
2024-08-04 00:24:04 查询号码 【1529375】，返回信息 {"status":"ok","msg":"甘肃-酒泉","gid":"20421","time_insert":"2017-03-24 19:49","time_update":"2020-12-12 16:00"}
2024-08-04 00:24:04 查询号码 【1529375】，GSD为【"甘肃-酒泉"】

2024-08-04 00:24:05 开始第 9474 次操作

2024-08-04 00:24:05 开始操作号码 【1529376】
2024-08-04 00:24:21 GSD getOne 第 1 次 等待 3 秒
2024-08-04 00:24:24 查询号码 【1529376】，返回信息 {"status":"ok","msg":"甘肃-酒泉","gid":"362689","time_insert":"2021-07-23 05:12"}
2024-08-04 00:24:24 查询号码 【1529376】，GSD为【"甘肃-酒泉"】

2024-08-04 00:24:25 开始第 9475 次操作

2024-08-04 00:24:25 开始操作号码 【1529377】
2024-08-04 00:24:27 GSD getOne 第 1 次 等待 3 秒
2024-08-04 00:24:30 查询号码 【1529377】，返回信息 {"status":"ok","msg":"甘肃-酒泉","gid":"362686","time_insert":"2021-07-23 05:11"}
2024-08-04 00:24:30 查询号码 【1529377】，GSD为【"甘肃-酒泉"】

2024-08-04 00:24:31 开始第 9476 次操作

2024-08-04 00:24:31 开始操作号码 【1529378】
2024-08-04 00:24:33 GSD getOne 第 1 次 等待 3 秒
2024-08-04 00:24:36 查询号码 【1529378】，返回信息 {"status":"ok","msg":"甘肃-酒泉","gid":"362684","time_insert":"2021-07-23 05:10"}
2024-08-04 00:24:36 查询号码 【1529378】，GSD为【"甘肃-酒泉"】

