2023-10-14 00:21:16 开始第 2933 次操作

2023-10-14 00:21:16 开始操作号码 【1952899】
2023-10-14 00:21:19 GSD getOne 第 1 次 等待 3 秒
2023-10-14 00:21:22 查询号码 【1952899】，返回信息 {"status":"ok","msg":"湖南-长沙","gid":"517066","time_insert":"2021-08-18 14:38"}
2023-10-14 00:21:22 查询号码 【1952899】，GSD为【"湖南-长沙"】

2023-10-14 00:21:23 开始第 2934 次操作

2023-10-14 00:21:23 开始操作号码 【1952900】
2023-10-14 00:21:27 GSD getOne 第 1 次 等待 3 秒
2023-10-14 00:21:30 查询号码 【1952900】，返回信息 {"status":"ok","msg":"天津-天津","gid":"515046","time_insert":"2021-08-17 13:58"}
2023-10-14 00:21:30 查询号码 【1952900】，GSD为【"天津-天津"】

2023-10-14 00:21:32 开始第 2935 次操作

2023-10-14 00:21:32 开始操作号码 【1952901】
2023-10-14 00:21:37 GSD getOne 第 1 次 等待 3 秒
2023-10-14 00:21:40 查询号码 【1952901】，返回信息 {"status":"ok","msg":"河南-开封","gid":"515071","time_insert":"2021-08-17 14:13"}
2023-10-14 00:21:40 查询号码 【1952901】，GSD为【"河南-开封"】

2023-10-14 00:21:41 开始第 2936 次操作

2023-10-14 00:21:41 开始操作号码 【1952902】
2023-10-14 00:21:48 GSD getOne 第 1 次 等待 3 秒
2023-10-14 00:21:51 查询号码 【1952902】，返回信息 {"status":"ok","msg":"广西-桂林","gid":"515086","time_insert":"2021-08-17 14:23"}
2023-10-14 00:21:51 查询号码 【1952902】，GSD为【"广西-桂林"】

2023-10-14 00:39:56 开始第 2937 次操作

2023-10-14 00:39:56 开始操作号码 【1952903】
2023-10-14 00:40:01 GSD getOne 第 1 次 等待 3 秒
2023-10-14 00:40:04 查询号码 【1952903】，返回信息 {"status":"ok","msg":"广西-桂林","gid":"515111","time_insert":"2021-08-17 14:38"}
2023-10-14 00:40:04 查询号码 【1952903】，GSD为【"广西-桂林"】

2023-10-14 00:40:05 开始第 2938 次操作

2023-10-14 00:40:05 开始操作号码 【1952904】
2023-10-14 00:40:08 GSD getOne 第 1 次 等待 3 秒
2023-10-14 00:40:11 查询号码 【1952904】，返回信息 {"status":"ok","msg":"广西-桂林","gid":"515131","time_insert":"2021-08-17 14:50"}
2023-10-14 00:40:11 查询号码 【1952904】，GSD为【"广西-桂林"】

2023-10-14 00:40:12 开始第 2939 次操作

2023-10-14 00:40:12 开始操作号码 【1952905】
2023-10-14 00:40:20 GSD getOne 第 1 次 等待 3 秒
2023-10-14 00:40:23 查询号码 【1952905】，返回信息 {"status":"ok","msg":"山西-运城","gid":"515156","time_insert":"2021-08-17 15:03"}
2023-10-14 00:40:23 查询号码 【1952905】，GSD为【"山西-运城"】

2023-10-14 00:40:24 开始第 2940 次操作

2023-10-14 00:40:24 开始操作号码 【1952906】
2023-10-14 00:40:26 GSD getOne 第 1 次 等待 3 秒
2023-10-14 00:40:29 查询号码 【1952906】，返回信息 {"status":"ok","msg":"山西-吕梁","gid":"515180","time_insert":"2021-08-17 15:15"}
2023-10-14 00:40:29 查询号码 【1952906】，GSD为【"山西-吕梁"】

2023-10-14 01:14:46 开始第 2941 次操作

2023-10-14 01:14:46 开始操作号码 【1952907】
2023-10-14 01:14:48 GSD getOne 第 1 次 等待 3 秒
2023-10-14 01:14:51 查询号码 【1952907】，返回信息 {"status":"ok","msg":"山西-吕梁","gid":"515208","time_insert":"2021-08-17 15:30"}
2023-10-14 01:14:51 查询号码 【1952907】，GSD为【"山西-吕梁"】

2023-10-14 01:14:52 开始第 2942 次操作

2023-10-14 01:14:52 开始操作号码 【1952908】
2023-10-14 01:15:05 GSD getOne 第 1 次 等待 3 秒
2023-10-14 01:15:08 查询号码 【1952908】，返回信息 {"status":"ok","msg":"山西-晋中","gid":"515237","time_insert":"2021-08-17 15:45"}
2023-10-14 01:15:08 查询号码 【1952908】，GSD为【"山西-晋中"】

2023-10-14 01:15:09 开始第 2943 次操作

2023-10-14 01:15:09 开始操作号码 【1952909】
2023-10-14 01:15:11 GSD getOne 第 1 次 等待 3 秒
2023-10-14 01:15:14 查询号码 【1952909】，返回信息 {"status":"ok","msg":"山西-晋中","gid":"515258","time_insert":"2021-08-17 15:53"}
2023-10-14 01:15:14 查询号码 【1952909】，GSD为【"山西-晋中"】

2023-10-14 01:15:15 开始第 2944 次操作

2023-10-14 01:15:15 开始操作号码 【1952910】
2023-10-14 01:15:21 GSD getOne 第 1 次 等待 3 秒
2023-10-14 01:15:24 查询号码 【1952910】，返回信息 {"status":"ok","msg":"山西-晋中","gid":"515265","time_insert":"2021-08-17 15:54"}
2023-10-14 01:15:24 查询号码 【1952910】，GSD为【"山西-晋中"】

2023-10-14 01:37:39 开始第 2945 次操作

2023-10-14 01:37:39 开始操作号码 【1952911】
2023-10-14 01:37:42 GSD getOne 第 1 次 等待 3 秒
2023-10-14 01:37:45 查询号码 【1952911】，返回信息 {"status":"ok","msg":"河北-石家庄","gid":"515284","time_insert":"2021-08-17 16:00"}
2023-10-14 01:37:45 查询号码 【1952911】，GSD为【"河北-石家庄"】

2023-10-14 01:37:46 开始第 2946 次操作

2023-10-14 01:37:46 开始操作号码 【1952912】
2023-10-14 01:37:53 GSD getOne 第 1 次 等待 3 秒
2023-10-14 01:37:56 查询号码 【1952912】，返回信息 {"status":"ok","msg":"陕西-咸阳","gid":"515307","time_insert":"2021-08-17 16:09"}
2023-10-14 01:37:56 查询号码 【1952912】，GSD为【"陕西-咸阳"】

2023-10-14 01:37:57 开始第 2947 次操作

2023-10-14 01:37:57 开始操作号码 【1952913】
2023-10-14 01:38:01 GSD getOne 第 1 次 等待 3 秒
2023-10-14 01:38:04 查询号码 【1952913】，返回信息 {"status":"ok","msg":"陕西-咸阳","gid":"515337","time_insert":"2021-08-17 16:25"}
2023-10-14 01:38:04 查询号码 【1952913】，GSD为【"陕西-咸阳"】

2023-10-14 01:38:05 开始第 2948 次操作

2023-10-14 01:38:05 开始操作号码 【1952914】
2023-10-14 01:38:08 GSD getOne 第 1 次 等待 3 秒
2023-10-14 01:38:11 查询号码 【1952914】，返回信息 {"status":"ok","msg":"陕西-咸阳","gid":"515351","time_insert":"2021-08-17 16:31"}
2023-10-14 01:38:11 查询号码 【1952914】，GSD为【"陕西-咸阳"】

2023-10-14 02:21:52 开始第 2949 次操作

2023-10-14 02:21:52 开始操作号码 【1952915】
2023-10-14 02:21:55 GSD getOne 第 1 次 等待 3 秒
2023-10-14 02:21:58 查询号码 【1952915】，返回信息 {"status":"ok","msg":"山西-临汾","gid":"515370","time_insert":"2021-08-17 16:42"}
2023-10-14 02:21:58 查询号码 【1952915】，GSD为【"山西-临汾"】

2023-10-14 02:21:59 开始第 2950 次操作

2023-10-14 02:21:59 开始操作号码 【1952916】
2023-10-14 02:22:02 GSD getOne 第 1 次 等待 3 秒
2023-10-14 02:22:05 查询号码 【1952916】，返回信息 {"status":"ok","msg":"山西-临汾","gid":"515402","time_insert":"2021-08-17 16:57"}
2023-10-14 02:22:05 查询号码 【1952916】，GSD为【"山西-临汾"】

2023-10-14 02:22:06 开始第 2951 次操作

2023-10-14 02:22:06 开始操作号码 【1952917】
2023-10-14 02:22:10 GSD getOne 第 1 次 等待 3 秒
2023-10-14 02:22:13 查询号码 【1952917】，返回信息 {"status":"ok","msg":"山西-运城","gid":"515420","time_insert":"2021-08-17 17:10"}
2023-10-14 02:22:13 查询号码 【1952917】，GSD为【"山西-运城"】

2023-10-14 02:22:14 开始第 2952 次操作

2023-10-14 02:22:14 开始操作号码 【1952918】
2023-10-14 02:22:17 GSD getOne 第 1 次 等待 3 秒
2023-10-14 02:22:20 查询号码 【1952918】，返回信息 {"status":"ok","msg":"广西-柳州","gid":"515441","time_insert":"2021-08-17 17:21"}
2023-10-14 02:22:20 查询号码 【1952918】，GSD为【"广西-柳州"】

2023-10-14 02:39:07 开始第 2953 次操作

2023-10-14 02:39:07 开始操作号码 【1952919】
2023-10-14 02:39:12 GSD getOne 第 1 次 等待 3 秒
2023-10-14 02:39:15 查询号码 【1952919】，返回信息 {"status":"ok","msg":"广西-柳州","gid":"515475","time_insert":"2021-08-17 17:36"}
2023-10-14 02:39:15 查询号码 【1952919】，GSD为【"广西-柳州"】

2023-10-14 02:39:16 开始第 2954 次操作

2023-10-14 02:39:16 开始操作号码 【1952920】
2023-10-14 02:39:18 GSD getOne 第 1 次 等待 3 秒
2023-10-14 02:39:21 查询号码 【1952920】，返回信息 {"status":"ok","msg":"黑龙江-齐齐哈尔","gid":"515492","time_insert":"2021-08-17 17:47"}
2023-10-14 02:39:21 查询号码 【1952920】，GSD为【"黑龙江-齐齐哈尔"】

2023-10-14 02:39:22 开始第 2955 次操作

2023-10-14 02:39:22 开始操作号码 【1952921】
2023-10-14 02:39:25 GSD getOne 第 1 次 等待 3 秒
2023-10-14 02:39:28 查询号码 【1952921】，返回信息 {"status":"ok","msg":"黑龙江-齐齐哈尔","gid":"515509","time_insert":"2021-08-17 17:58"}
2023-10-14 02:39:28 查询号码 【1952921】，GSD为【"黑龙江-齐齐哈尔"】

2023-10-14 02:39:29 开始第 2956 次操作

2023-10-14 02:39:29 开始操作号码 【1952922】
2023-10-14 02:39:34 GSD getOne 第 1 次 等待 3 秒
2023-10-14 02:39:37 查询号码 【1952922】，返回信息 {"status":"ok","msg":"河北-石家庄","gid":"515528","time_insert":"2021-08-17 18:11"}
2023-10-14 02:39:37 查询号码 【1952922】，GSD为【"河北-石家庄"】

2023-10-14 03:12:51 开始第 2957 次操作

2023-10-14 03:12:51 开始操作号码 【1952923】
2023-10-14 03:12:55 GSD getOne 第 1 次 等待 3 秒
2023-10-14 03:12:58 查询号码 【1952923】，返回信息 {"status":"ok","msg":"广东-汕头","gid":"515547","time_insert":"2021-08-17 18:24"}
2023-10-14 03:12:58 查询号码 【1952923】，GSD为【"广东-汕头"】

2023-10-14 03:12:59 开始第 2958 次操作

2023-10-14 03:12:59 开始操作号码 【1952924】
2023-10-14 03:13:01 GSD getOne 第 1 次 等待 3 秒
2023-10-14 03:13:04 查询号码 【1952924】，返回信息 {"status":"ok","msg":"广东-佛山","gid":"515564","time_insert":"2021-08-17 18:36"}
2023-10-14 03:13:04 查询号码 【1952924】，GSD为【"广东-佛山"】

2023-10-14 03:13:05 开始第 2959 次操作

2023-10-14 03:13:05 开始操作号码 【1952925】
2023-10-14 03:13:08 GSD getOne 第 1 次 等待 3 秒
2023-10-14 03:13:11 查询号码 【1952925】，返回信息 {"status":"ok","msg":"广东-江门","gid":"515582","time_insert":"2021-08-17 18:50"}
2023-10-14 03:13:11 查询号码 【1952925】，GSD为【"广东-江门"】

2023-10-14 03:13:12 开始第 2960 次操作

2023-10-14 03:13:12 开始操作号码 【1952926】
2023-10-14 03:13:15 GSD getOne 第 1 次 等待 3 秒
2023-10-14 03:13:18 查询号码 【1952926】，返回信息 {"status":"ok","msg":"广东-江门","gid":"515596","time_insert":"2021-08-17 19:01"}
2023-10-14 03:13:18 查询号码 【1952926】，GSD为【"广东-江门"】

2023-10-14 03:37:39 开始第 2961 次操作

2023-10-14 03:37:39 开始操作号码 【1952927】
2023-10-14 03:37:41 GSD getOne 第 1 次 等待 3 秒
2023-10-14 03:37:44 查询号码 【1952927】，返回信息 {"status":"ok","msg":"宁夏-吴忠","gid":"515615","time_insert":"2021-08-17 19:12"}
2023-10-14 03:37:44 查询号码 【1952927】，GSD为【"宁夏-吴忠"】

2023-10-14 03:37:45 开始第 2962 次操作

2023-10-14 03:37:45 开始操作号码 【1952928】
2023-10-14 03:37:47 GSD getOne 第 1 次 等待 3 秒
2023-10-14 03:37:50 查询号码 【1952928】，返回信息 {"status":"ok","msg":"宁夏-吴忠","gid":"515632","time_insert":"2021-08-17 19:26"}
2023-10-14 03:37:51 查询号码 【1952928】，GSD为【"宁夏-吴忠"】

2023-10-14 03:37:52 开始第 2963 次操作

2023-10-14 03:37:52 开始操作号码 【1952929】
2023-10-14 03:37:54 GSD getOne 第 1 次 等待 3 秒
2023-10-14 03:37:57 查询号码 【1952929】，返回信息 {"status":"ok","msg":"北京-北京","gid":"515647","time_insert":"2021-08-17 19:37"}
2023-10-14 03:37:57 查询号码 【1952929】，GSD为【"北京-北京"】

2023-10-14 03:37:58 开始第 2964 次操作

2023-10-14 03:37:58 开始操作号码 【1952930】
2023-10-14 03:38:00 GSD getOne 第 1 次 等待 3 秒
2023-10-14 03:38:03 查询号码 【1952930】，返回信息 {"status":"ok","msg":"湖北-襄阳","gid":"515667","time_insert":"2021-08-17 19:48"}
2023-10-14 03:38:03 查询号码 【1952930】，GSD为【"湖北-襄阳"】

