2024-07-24 00:26:02 开始第 7545 次操作

2024-07-24 00:26:02 开始操作号码 【1527447】
2024-07-24 00:26:14 GSD getOne 第 1 次 等待 3 秒
2024-07-24 00:26:17 查询号码 【1527447】，返回信息 {"status":"ok","msg":"湖南-张家界","gid":"376699","time_insert":"2021-07-24 11:48"}
2024-07-24 00:26:17 查询号码 【1527447】，GSD为【"湖南-张家界"】

2024-07-24 00:26:18 开始第 7546 次操作

2024-07-24 00:26:18 开始操作号码 【1527448】
2024-07-24 00:26:27 GSD getOne 第 1 次 等待 3 秒
2024-07-24 00:26:30 查询号码 【1527448】，返回信息 {"status":"ok","msg":"湖南-张家界","gid":"376689","time_insert":"2021-07-24 11:47"}
2024-07-24 00:26:30 查询号码 【1527448】，GSD为【"湖南-张家界"】

2024-07-24 00:26:31 开始第 7547 次操作

2024-07-24 00:26:31 开始操作号码 【1527449】
2024-07-24 00:26:40 GSD getOne 第 1 次 等待 3 秒
2024-07-24 00:26:43 查询号码 【1527449】，返回信息 {"status":"ok","msg":"湖南-张家界","gid":"376684","time_insert":"2021-07-24 11:46"}
2024-07-24 00:26:43 查询号码 【1527449】，GSD为【"湖南-张家界"】

2024-07-24 00:26:44 开始第 7548 次操作

2024-07-24 00:26:44 开始操作号码 【1527450】
2024-07-24 00:26:53 GSD getOne 第 1 次 等待 3 秒
2024-07-24 00:26:56 查询号码 【1527450】，返回信息 {"status":"ok","msg":"湖南-怀化","gid":"19619","time_insert":"2014-07-01 16:13","time_update":"2020-09-22 19:19"}
2024-07-24 00:26:56 查询号码 【1527450】，GSD为【"湖南-怀化"】

2024-07-24 00:43:14 开始第 7549 次操作

2024-07-24 00:43:14 开始操作号码 【1527451】
2024-07-24 00:43:23 GSD getOne 第 1 次 等待 3 秒
2024-07-24 00:43:26 查询号码 【1527451】，返回信息 {"status":"ok","msg":"湖南-怀化","gid":"376673","time_insert":"2021-07-24 11:46"}
2024-07-24 00:43:26 查询号码 【1527451】，GSD为【"湖南-怀化"】

2024-07-24 00:43:27 开始第 7550 次操作

2024-07-24 00:43:27 开始操作号码 【1527452】
2024-07-24 00:43:37 GSD getOne 第 1 次 等待 3 秒
2024-07-24 00:43:40 查询号码 【1527452】，返回信息 {"status":"ok","msg":"湖南-怀化","gid":"19620","time_insert":"2016-07-03 14:59","time_update":"2020-09-22 19:23"}
2024-07-24 00:43:40 查询号码 【1527452】，GSD为【"湖南-怀化"】

2024-07-24 00:43:41 开始第 7551 次操作

2024-07-24 00:43:41 开始操作号码 【1527453】
2024-07-24 00:43:49 GSD getOne 第 1 次 等待 3 秒
2024-07-24 00:43:52 查询号码 【1527453】，返回信息 {"status":"ok","msg":"湖南-怀化","gid":"376661","time_insert":"2021-07-24 11:45"}
2024-07-24 00:43:52 查询号码 【1527453】，GSD为【"湖南-怀化"】

2024-07-24 00:43:53 开始第 7552 次操作

2024-07-24 00:43:53 开始操作号码 【1527454】
2024-07-24 00:44:03 GSD getOne 第 1 次 等待 3 秒
2024-07-24 00:44:06 查询号码 【1527454】，返回信息 {"status":"ok","msg":"湖南-怀化","gid":"376653","time_insert":"2021-07-24 11:44"}
2024-07-24 00:44:06 查询号码 【1527454】，GSD为【"湖南-怀化"】

2024-07-24 01:16:33 开始第 7553 次操作

2024-07-24 01:16:33 开始操作号码 【1527455】
2024-07-24 01:16:42 GSD getOne 第 1 次 等待 3 秒
2024-07-24 01:16:45 查询号码 【1527455】，返回信息 {"status":"ok","msg":"湖南-怀化","gid":"376643","time_insert":"2021-07-24 11:44"}
2024-07-24 01:16:45 查询号码 【1527455】，GSD为【"湖南-怀化"】

2024-07-24 01:16:46 开始第 7554 次操作

2024-07-24 01:16:46 开始操作号码 【1527456】
2024-07-24 01:16:54 GSD getOne 第 1 次 等待 3 秒
2024-07-24 01:16:57 查询号码 【1527456】，返回信息 {"status":"ok","msg":"湖南-怀化","gid":"376637","time_insert":"2021-07-24 11:43"}
2024-07-24 01:16:57 查询号码 【1527456】，GSD为【"湖南-怀化"】

2024-07-24 01:16:58 开始第 7555 次操作

2024-07-24 01:16:58 开始操作号码 【1527457】
2024-07-24 01:17:06 GSD getOne 第 1 次 等待 3 秒
2024-07-24 01:17:09 查询号码 【1527457】，返回信息 {"status":"ok","msg":"湖南-怀化","gid":"376632","time_insert":"2021-07-24 11:42"}
2024-07-24 01:17:09 查询号码 【1527457】，GSD为【"湖南-怀化"】

2024-07-24 01:17:10 开始第 7556 次操作

2024-07-24 01:17:10 开始操作号码 【1527458】
2024-07-24 01:17:18 GSD getOne 第 1 次 等待 3 秒
2024-07-24 01:17:21 查询号码 【1527458】，返回信息 {"status":"ok","msg":"湖南-怀化","gid":"376627","time_insert":"2021-07-24 11:42"}
2024-07-24 01:17:21 查询号码 【1527458】，GSD为【"湖南-怀化"】

2024-07-24 01:37:41 开始第 7557 次操作

2024-07-24 01:37:41 开始操作号码 【1527459】
2024-07-24 01:37:49 GSD getOne 第 1 次 等待 3 秒
2024-07-24 01:37:52 查询号码 【1527459】，返回信息 {"status":"ok","msg":"湖南-怀化","gid":"376564","time_insert":"2021-07-24 11:24"}
2024-07-24 01:37:52 查询号码 【1527459】，GSD为【"湖南-怀化"】

2024-07-24 01:37:53 开始第 7558 次操作

2024-07-24 01:37:53 开始操作号码 【1527460】
2024-07-24 01:38:01 GSD getOne 第 1 次 等待 3 秒
2024-07-24 01:38:04 查询号码 【1527460】，返回信息 {"status":"ok","msg":"湖南-永州","gid":"376560","time_insert":"2021-07-24 11:23"}
2024-07-24 01:38:05 查询号码 【1527460】，GSD为【"湖南-永州"】

2024-07-24 01:38:06 开始第 7559 次操作

2024-07-24 01:38:06 开始操作号码 【1527461】
2024-07-24 01:38:13 GSD getOne 第 1 次 等待 3 秒
2024-07-24 01:38:16 查询号码 【1527461】，返回信息 {"status":"ok","msg":"湖南-永州","gid":"19621","time_insert":"2017-08-01 15:12","time_update":"2020-09-22 19:27"}
2024-07-24 01:38:16 查询号码 【1527461】，GSD为【"湖南-永州"】

2024-07-24 01:38:17 开始第 7560 次操作

2024-07-24 01:38:17 开始操作号码 【1527462】
2024-07-24 01:38:26 GSD getOne 第 1 次 等待 3 秒
2024-07-24 01:38:29 查询号码 【1527462】，返回信息 {"status":"ok","msg":"湖南-永州","gid":"376552","time_insert":"2021-07-24 11:22"}
2024-07-24 01:38:29 查询号码 【1527462】，GSD为【"湖南-永州"】

2024-07-24 02:24:41 开始第 7561 次操作

2024-07-24 02:24:41 开始操作号码 【1527463】
2024-07-24 02:24:50 GSD getOne 第 1 次 等待 3 秒
2024-07-24 02:24:53 查询号码 【1527463】，返回信息 {"status":"ok","msg":"湖南-永州","gid":"376548","time_insert":"2021-07-24 11:21"}
2024-07-24 02:24:53 查询号码 【1527463】，GSD为【"湖南-永州"】

2024-07-24 02:24:54 开始第 7562 次操作

2024-07-24 02:24:54 开始操作号码 【1527464】
2024-07-24 02:25:05 GSD getOne 第 1 次 等待 3 秒
2024-07-24 02:25:08 查询号码 【1527464】，返回信息 {"status":"ok","msg":"湖南-永州","gid":"376543","time_insert":"2021-07-24 11:20"}
2024-07-24 02:25:08 查询号码 【1527464】，GSD为【"湖南-永州"】

2024-07-24 02:25:09 开始第 7563 次操作

2024-07-24 02:25:09 开始操作号码 【1527465】
2024-07-24 02:25:17 GSD getOne 第 1 次 等待 3 秒
2024-07-24 02:25:20 查询号码 【1527465】，返回信息 {"status":"ok","msg":"湖南-永州","gid":"376538","time_insert":"2021-07-24 11:20"}
2024-07-24 02:25:20 查询号码 【1527465】，GSD为【"湖南-永州"】

2024-07-24 02:25:21 开始第 7564 次操作

2024-07-24 02:25:21 开始操作号码 【1527466】
2024-07-24 02:25:30 GSD getOne 第 1 次 等待 3 秒
2024-07-24 02:25:33 查询号码 【1527466】，返回信息 {"status":"ok","msg":"湖南-永州","gid":"376530","time_insert":"2021-07-24 11:19"}
2024-07-24 02:25:33 查询号码 【1527466】，GSD为【"湖南-永州"】

2024-07-24 02:40:08 开始第 7565 次操作

2024-07-24 02:40:08 开始操作号码 【1527467】
2024-07-24 02:40:25 GSD getOne 第 1 次 等待 3 秒
2024-07-24 02:40:28 查询号码 【1527467】，返回信息 {"status":"ok","msg":"湖南-永州","gid":"376525","time_insert":"2021-07-24 11:18"}
2024-07-24 02:40:28 查询号码 【1527467】，GSD为【"湖南-永州"】

2024-07-24 02:40:29 开始第 7566 次操作

2024-07-24 02:40:29 开始操作号码 【1527468】
2024-07-24 02:40:42 GSD getOne 第 1 次 等待 3 秒
2024-07-24 02:40:45 查询号码 【1527468】，返回信息 {"status":"ok","msg":"湖南-永州","gid":"376520","time_insert":"2021-07-24 11:17"}
2024-07-24 02:40:45 查询号码 【1527468】，GSD为【"湖南-永州"】

2024-07-24 02:40:46 开始第 7567 次操作

2024-07-24 02:40:46 开始操作号码 【1527469】
2024-07-24 02:40:56 GSD getOne 第 1 次 等待 3 秒
2024-07-24 02:40:59 查询号码 【1527469】，返回信息 {"status":"ok","msg":"湖南-永州","gid":"376515","time_insert":"2021-07-24 11:16"}
2024-07-24 02:40:59 查询号码 【1527469】，GSD为【"湖南-永州"】

2024-07-24 02:41:00 开始第 7568 次操作

2024-07-24 02:41:00 开始操作号码 【1527470】
2024-07-24 02:41:12 GSD getOne 第 1 次 等待 3 秒
2024-07-24 02:41:15 查询号码 【1527470】，返回信息 {"status":"ok","msg":"湖南-益阳","gid":"376512","time_insert":"2021-07-24 11:15"}
2024-07-24 02:41:15 查询号码 【1527470】，GSD为【"湖南-益阳"】

2024-07-24 03:14:54 开始第 7569 次操作

2024-07-24 03:14:54 开始操作号码 【1527471】
2024-07-24 03:15:10 GSD getOne 第 1 次 等待 3 秒
2024-07-24 03:15:13 查询号码 【1527471】，返回信息 {"status":"ok","msg":"湖南-益阳","gid":"376506","time_insert":"2021-07-24 11:14"}
2024-07-24 03:15:13 查询号码 【1527471】，GSD为【"湖南-益阳"】

2024-07-24 03:15:14 开始第 7570 次操作

2024-07-24 03:15:14 开始操作号码 【1527472】
2024-07-24 03:15:23 GSD getOne 第 1 次 等待 3 秒
2024-07-24 03:15:26 查询号码 【1527472】，返回信息 {"status":"ok","msg":"湖南-益阳","gid":"19622","time_insert":"2018-05-24 09:58","time_update":"2020-09-22 19:30"}
2024-07-24 03:15:26 查询号码 【1527472】，GSD为【"湖南-益阳"】

2024-07-24 03:15:27 开始第 7571 次操作

2024-07-24 03:15:27 开始操作号码 【1527473】
2024-07-24 03:15:39 GSD getOne 第 1 次 等待 3 秒
2024-07-24 03:15:42 查询号码 【1527473】，返回信息 {"status":"ok","msg":"湖南-益阳","gid":"376497","time_insert":"2021-07-24 11:13"}
2024-07-24 03:15:42 查询号码 【1527473】，GSD为【"湖南-益阳"】

2024-07-24 03:15:43 开始第 7572 次操作

2024-07-24 03:15:43 开始操作号码 【1527474】
2024-07-24 03:15:52 GSD getOne 第 1 次 等待 3 秒
2024-07-24 03:15:55 查询号码 【1527474】，返回信息 {"status":"ok","msg":"湖南-益阳","gid":"376491","time_insert":"2021-07-24 11:12"}
2024-07-24 03:15:55 查询号码 【1527474】，GSD为【"湖南-益阳"】

2024-07-24 03:37:47 开始第 7573 次操作

2024-07-24 03:37:47 开始操作号码 【1527475】
2024-07-24 03:37:57 GSD getOne 第 1 次 等待 3 秒
2024-07-24 03:38:00 查询号码 【1527475】，返回信息 {"status":"ok","msg":"湖南-益阳","gid":"376484","time_insert":"2021-07-24 11:12"}
2024-07-24 03:38:00 查询号码 【1527475】，GSD为【"湖南-益阳"】

2024-07-24 03:38:01 开始第 7574 次操作

2024-07-24 03:38:01 开始操作号码 【1527476】
2024-07-24 03:38:08 GSD getOne 第 1 次 等待 3 秒
2024-07-24 03:38:11 查询号码 【1527476】，返回信息 {"status":"ok","msg":"湖南-益阳","gid":"376459","time_insert":"2021-07-24 11:09"}
2024-07-24 03:38:12 查询号码 【1527476】，GSD为【"湖南-益阳"】

2024-07-24 03:38:13 开始第 7575 次操作

2024-07-24 03:38:13 开始操作号码 【1527477】
2024-07-24 03:38:21 GSD getOne 第 1 次 等待 3 秒
2024-07-24 03:38:24 查询号码 【1527477】，返回信息 {"status":"ok","msg":"湖南-益阳","gid":"376445","time_insert":"2021-07-24 11:08"}
2024-07-24 03:38:24 查询号码 【1527477】，GSD为【"湖南-益阳"】

2024-07-24 03:38:25 开始第 7576 次操作

2024-07-24 03:38:25 开始操作号码 【1527478】
2024-07-24 03:38:35 GSD getOne 第 1 次 等待 3 秒
2024-07-24 03:38:38 查询号码 【1527478】，返回信息 {"status":"ok","msg":"湖南-益阳","gid":"376409","time_insert":"2021-07-24 11:05"}
2024-07-24 03:38:38 查询号码 【1527478】，GSD为【"湖南-益阳"】

2024-07-24 04:19:23 开始第 7577 次操作

2024-07-24 04:19:23 开始操作号码 【1527479】
2024-07-24 04:19:33 GSD getOne 第 1 次 等待 3 秒
2024-07-24 04:19:36 查询号码 【1527479】，返回信息 {"status":"ok","msg":"湖南-益阳","gid":"376398","time_insert":"2021-07-24 11:04"}
2024-07-24 04:19:36 查询号码 【1527479】，GSD为【"湖南-益阳"】

2024-07-24 04:19:37 开始第 7578 次操作

2024-07-24 04:19:37 开始操作号码 【1527480】
2024-07-24 04:19:46 GSD getOne 第 1 次 等待 3 秒
2024-07-24 04:19:49 查询号码 【1527480】，返回信息 {"status":"ok","msg":"湖南-长沙","gid":"376386","time_insert":"2021-07-24 11:03"}
2024-07-24 04:19:49 查询号码 【1527480】，GSD为【"湖南-长沙"】

2024-07-24 04:19:50 开始第 7579 次操作

2024-07-24 04:19:50 开始操作号码 【1527481】
2024-07-24 04:19:58 GSD getOne 第 1 次 等待 3 秒
2024-07-24 04:20:01 查询号码 【1527481】，返回信息 {"status":"ok","msg":"湖南-长沙","gid":"376372","time_insert":"2021-07-24 11:03"}
2024-07-24 04:20:01 查询号码 【1527481】，GSD为【"湖南-长沙"】

2024-07-24 04:20:02 开始第 7580 次操作

2024-07-24 04:20:02 开始操作号码 【1527482】
2024-07-24 04:20:10 GSD getOne 第 1 次 等待 3 秒
2024-07-24 04:20:13 查询号码 【1527482】，返回信息 {"status":"ok","msg":"湖南-长沙","gid":"376361","time_insert":"2021-07-24 11:02"}
2024-07-24 04:20:13 查询号码 【1527482】，GSD为【"湖南-长沙"】

2024-07-24 04:38:10 开始第 7581 次操作

2024-07-24 04:38:10 开始操作号码 【1527483】
2024-07-24 04:38:19 GSD getOne 第 1 次 等待 3 秒
2024-07-24 04:38:22 查询号码 【1527483】，返回信息 {"status":"ok","msg":"湖南-长沙","gid":"376350","time_insert":"2021-07-24 11:01"}
2024-07-24 04:38:22 查询号码 【1527483】，GSD为【"湖南-长沙"】

2024-07-24 04:38:23 开始第 7582 次操作

2024-07-24 04:38:23 开始操作号码 【1527484】
2024-07-24 04:38:32 GSD getOne 第 1 次 等待 3 秒
2024-07-24 04:38:35 查询号码 【1527484】，返回信息 {"status":"ok","msg":"湖南-长沙","gid":"376341","time_insert":"2021-07-24 11:00"}
2024-07-24 04:38:35 查询号码 【1527484】，GSD为【"湖南-长沙"】

2024-07-24 04:38:37 开始第 7583 次操作

2024-07-24 04:38:37 开始操作号码 【1527485】
2024-07-24 04:38:45 GSD getOne 第 1 次 等待 3 秒
2024-07-24 04:38:48 查询号码 【1527485】，返回信息 {"status":"ok","msg":"湖南-长沙","gid":"376324","time_insert":"2021-07-24 10:59","time_update":"2021-07-30 03:10"}
2024-07-24 04:38:48 查询号码 【1527485】，GSD为【"湖南-长沙"】

2024-07-24 04:38:49 开始第 7584 次操作

2024-07-24 04:38:49 开始操作号码 【1527486】
2024-07-24 04:38:58 GSD getOne 第 1 次 等待 3 秒
2024-07-24 04:39:01 查询号码 【1527486】，返回信息 {"status":"ok","msg":"湖南-长沙","gid":"376310","time_insert":"2021-07-24 10:58"}
2024-07-24 04:39:01 查询号码 【1527486】，GSD为【"湖南-长沙"】

2024-07-24 05:20:07 开始第 7585 次操作

2024-07-24 05:20:07 开始操作号码 【1527487】
2024-07-24 05:20:19 GSD getOne 第 1 次 等待 3 秒
2024-07-24 05:20:22 查询号码 【1527487】，返回信息 {"status":"ok","msg":"湖南-长沙","gid":"376297","time_insert":"2021-07-24 10:57"}
2024-07-24 05:20:22 查询号码 【1527487】，GSD为【"湖南-长沙"】

2024-07-24 05:20:24 开始第 7586 次操作

2024-07-24 05:20:24 开始操作号码 【1527488】
2024-07-24 05:20:32 GSD getOne 第 1 次 等待 3 秒
2024-07-24 05:20:35 查询号码 【1527488】，返回信息 {"status":"ok","msg":"湖南-长沙","gid":"376284","time_insert":"2021-07-24 10:57"}
2024-07-24 05:20:35 查询号码 【1527488】，GSD为【"湖南-长沙"】

2024-07-24 05:20:36 开始第 7587 次操作

2024-07-24 05:20:36 开始操作号码 【1527489】
2024-07-24 05:20:44 GSD getOne 第 1 次 等待 3 秒
2024-07-24 05:20:47 查询号码 【1527489】，返回信息 {"status":"ok","msg":"湖南-长沙","gid":"376270","time_insert":"2021-07-24 10:56"}
2024-07-24 05:20:47 查询号码 【1527489】，GSD为【"湖南-长沙"】

2024-07-24 05:20:48 开始第 7588 次操作

2024-07-24 05:20:48 开始操作号码 【1527490】
2024-07-24 05:20:57 GSD getOne 第 1 次 等待 3 秒
2024-07-24 05:21:00 查询号码 【1527490】，返回信息 {"status":"ok","msg":"湖南-长沙","gid":"376259","time_insert":"2021-07-24 10:55"}
2024-07-24 05:21:00 查询号码 【1527490】，GSD为【"湖南-长沙"】

2024-07-24 05:37:48 开始第 7589 次操作

2024-07-24 05:37:48 开始操作号码 【1527491】
2024-07-24 05:37:57 GSD getOne 第 1 次 等待 3 秒
2024-07-24 05:38:00 查询号码 【1527491】，返回信息 {"status":"ok","msg":"湖南-长沙","gid":"376248","time_insert":"2021-07-24 10:54"}
2024-07-24 05:38:00 查询号码 【1527491】，GSD为【"湖南-长沙"】

2024-07-24 05:38:01 开始第 7590 次操作

2024-07-24 05:38:01 开始操作号码 【1527492】
2024-07-24 05:38:09 GSD getOne 第 1 次 等待 3 秒
2024-07-24 05:38:12 查询号码 【1527492】，返回信息 {"status":"ok","msg":"湖南-长沙","gid":"376236","time_insert":"2021-07-24 10:53"}
2024-07-24 05:38:12 查询号码 【1527492】，GSD为【"湖南-长沙"】

2024-07-24 05:38:13 开始第 7591 次操作

2024-07-24 05:38:13 开始操作号码 【1527493】
2024-07-24 05:38:21 GSD getOne 第 1 次 等待 3 秒
2024-07-24 05:38:24 查询号码 【1527493】，返回信息 {"status":"ok","msg":"湖南-长沙","gid":"376221","time_insert":"2021-07-24 10:52"}
2024-07-24 05:38:24 查询号码 【1527493】，GSD为【"湖南-长沙"】

2024-07-24 05:38:25 开始第 7592 次操作

2024-07-24 05:38:25 开始操作号码 【1527494】
2024-07-24 05:38:37 GSD getOne 第 1 次 等待 3 秒
2024-07-24 05:38:40 查询号码 【1527494】，返回信息 {"status":"ok","msg":"湖南-长沙","gid":"376210","time_insert":"2021-07-24 10:52"}
2024-07-24 05:38:40 查询号码 【1527494】，GSD为【"湖南-长沙"】

2024-07-24 06:18:01 开始第 7593 次操作

2024-07-24 06:18:01 开始操作号码 【1527495】
2024-07-24 06:18:12 GSD getOne 第 1 次 等待 3 秒
2024-07-24 06:18:15 查询号码 【1527495】，返回信息 {"status":"ok","msg":"湖南-长沙","gid":"376195","time_insert":"2021-07-24 10:51"}
2024-07-24 06:18:15 查询号码 【1527495】，GSD为【"湖南-长沙"】

2024-07-24 06:18:16 开始第 7594 次操作

2024-07-24 06:18:16 开始操作号码 【1527496】
2024-07-24 06:18:24 GSD getOne 第 1 次 等待 3 秒
2024-07-24 06:18:27 查询号码 【1527496】，返回信息 {"status":"ok","msg":"湖南-长沙","gid":"376184","time_insert":"2021-07-24 10:50"}
2024-07-24 06:18:27 查询号码 【1527496】，GSD为【"湖南-长沙"】

2024-07-24 06:18:28 开始第 7595 次操作

2024-07-24 06:18:28 开始操作号码 【1527497】
2024-07-24 06:18:36 GSD getOne 第 1 次 等待 3 秒
2024-07-24 06:18:39 查询号码 【1527497】，返回信息 {"status":"ok","msg":"湖南-长沙","gid":"376172","time_insert":"2021-07-24 10:49"}
2024-07-24 06:18:39 查询号码 【1527497】，GSD为【"湖南-长沙"】

2024-07-24 06:18:40 开始第 7596 次操作

2024-07-24 06:18:40 开始操作号码 【1527498】
2024-07-24 06:18:48 GSD getOne 第 1 次 等待 3 秒
2024-07-24 06:18:52 查询号码 【1527498】，返回信息 {"status":"ok","msg":"湖南-长沙","gid":"19623","time_insert":"2017-05-14 13:42","time_update":"2020-09-22 19:33"}
2024-07-24 06:18:52 查询号码 【1527498】，GSD为【"湖南-长沙"】

2024-07-24 06:37:56 开始第 7597 次操作

2024-07-24 06:37:56 开始操作号码 【1527499】
2024-07-24 06:38:11 GSD getOne 第 1 次 等待 3 秒
2024-07-24 06:38:14 查询号码 【1527499】，返回信息 {"status":"ok","msg":"湖南-长沙","gid":"376155","time_insert":"2021-07-24 10:48"}
2024-07-24 06:38:14 查询号码 【1527499】，GSD为【"湖南-长沙"】

2024-07-24 06:38:15 开始第 7598 次操作

2024-07-24 06:38:15 开始操作号码 【1527500】
2024-07-24 06:38:24 GSD getOne 第 1 次 等待 3 秒
2024-07-24 06:38:27 查询号码 【1527500】，返回信息 {"status":"ok","msg":"山东-菏泽","gid":"376138","time_insert":"2021-07-24 10:47"}
2024-07-24 06:38:27 查询号码 【1527500】，GSD为【"山东-菏泽"】

2024-07-24 06:38:28 开始第 7599 次操作

2024-07-24 06:38:28 开始操作号码 【1527501】
2024-07-24 06:38:42 GSD getOne 第 1 次 等待 3 秒
2024-07-24 06:38:45 查询号码 【1527501】，返回信息 {"status":"ok","msg":"山东-菏泽","gid":"376126","time_insert":"2021-07-24 10:46"}
2024-07-24 06:38:45 查询号码 【1527501】，GSD为【"山东-菏泽"】

2024-07-24 06:38:46 开始第 7600 次操作

2024-07-24 06:38:46 开始操作号码 【1527502】
2024-07-24 06:38:55 GSD getOne 第 1 次 等待 3 秒
2024-07-24 06:38:58 查询号码 【1527502】，返回信息 {"status":"ok","msg":"山东-菏泽","gid":"375938","time_insert":"2021-07-24 09:59"}
2024-07-24 06:38:58 查询号码 【1527502】，GSD为【"山东-菏泽"】

2024-07-24 07:21:23 开始第 7601 次操作

2024-07-24 07:21:23 开始操作号码 【1527503】
2024-07-24 07:22:25 GSD getOne 第 1 次 等待 3 秒
2024-07-24 07:22:28 查询号码 【1527503】，返回信息 {"status":"ok","msg":"山东-菏泽","gid":"375930","time_insert":"2021-07-24 09:59"}
2024-07-24 07:22:28 查询号码 【1527503】，GSD为【"山东-菏泽"】

2024-07-24 07:22:29 开始第 7602 次操作

2024-07-24 07:22:29 开始操作号码 【1527504】
2024-07-24 07:22:51 GSD getOne 第 1 次 等待 3 秒
2024-07-24 07:22:54 查询号码 【1527504】，返回信息 {"status":"ok","msg":"山东-菏泽","gid":"375924","time_insert":"2021-07-24 09:58"}
2024-07-24 07:22:54 查询号码 【1527504】，GSD为【"山东-菏泽"】

2024-07-24 07:22:55 开始第 7603 次操作

2024-07-24 07:22:55 开始操作号码 【1527505】
2024-07-24 07:23:08 GSD getOne 第 1 次 等待 3 秒
2024-07-24 07:23:11 查询号码 【1527505】，返回信息 {"status":"ok","msg":"山东-菏泽","gid":"375915","time_insert":"2021-07-24 09:57"}
2024-07-24 07:23:11 查询号码 【1527505】，GSD为【"山东-菏泽"】

2024-07-24 07:23:12 开始第 7604 次操作

2024-07-24 07:23:12 开始操作号码 【1527506】
2024-07-24 07:23:26 GSD getOne 第 1 次 等待 3 秒
2024-07-24 07:23:29 查询号码 【1527506】，返回信息 {"status":"ok","msg":"山东-菏泽","gid":"375906","time_insert":"2021-07-24 09:57"}
2024-07-24 07:23:29 查询号码 【1527506】，GSD为【"山东-菏泽"】

2024-07-24 07:38:33 开始第 7605 次操作

2024-07-24 07:38:33 开始操作号码 【1527507】
2024-07-24 07:39:22 GSD getOne 第 1 次 等待 3 秒
2024-07-24 07:39:25 查询号码 【1527507】，返回信息 {"status":"ok","msg":"山东-菏泽","gid":"375900","time_insert":"2021-07-24 09:56"}
2024-07-24 07:39:25 查询号码 【1527507】，GSD为【"山东-菏泽"】

2024-07-24 07:39:26 开始第 7606 次操作

2024-07-24 07:39:26 开始操作号码 【1527508】
2024-07-24 07:40:33 GSD getOne 第 1 次 等待 3 秒
2024-07-24 07:40:36 查询号码 【1527508】，返回信息 {"status":"ok","msg":"山东-菏泽","gid":"375892","time_insert":"2021-07-24 09:56"}
2024-07-24 07:40:37 查询号码 【1527508】，GSD为【"山东-菏泽"】

2024-07-24 07:40:38 开始第 7607 次操作

2024-07-24 07:40:38 开始操作号码 【1527509】
2024-07-24 07:40:50 GSD getOne 第 1 次 等待 3 秒
2024-07-24 07:40:53 查询号码 【1527509】，返回信息 {"status":"ok","msg":"山东-菏泽","gid":"375884","time_insert":"2021-07-24 09:55"}
2024-07-24 07:40:53 查询号码 【1527509】，GSD为【"山东-菏泽"】

2024-07-24 07:40:54 开始第 7608 次操作

2024-07-24 07:40:54 开始操作号码 【1527510】
2024-07-24 07:41:05 GSD getOne 第 1 次 等待 3 秒
2024-07-24 07:41:08 查询号码 【1527510】，返回信息 {"status":"ok","msg":"山东-济南","gid":"375874","time_insert":"2021-07-24 09:54"}
2024-07-24 07:41:08 查询号码 【1527510】，GSD为【"山东-济南"】

