2024-04-02 00:21:03 开始第 1405 次操作

2024-04-02 00:21:03 开始操作号码 【1631324】
2024-04-02 00:21:08 GSD getOne 第 1 次 等待 3 秒
2024-04-02 00:21:11 查询号码 【1631324】，返回信息 {"status":"ok","msg":"-","gid":"539238","time_insert":"2023-02-19 02:00"}
2024-04-02 00:21:12 查询号码 【1631324】，GSD为【"-"】
2024-04-02 00:21:12 ok && -
2024-04-02 00:21:15 CHB 1631324?1711988472 第 1 次 等待 3 秒
2024-04-02 00:21:18 CHB 1631324?1711988472 第 1 次 获取到号码【1631324】GSD
2024-04-02 00:21:18 未获取到号码【1631324】GSD，可能号码格式错误
2024-04-02 00:21:18 获取到号码【1631324】的GSD为【-】
2024-04-02 00:21:26 GSD insert 第 1 次 等待 3 秒
2024-04-02 00:21:29 {"status":"bad","gid":"539238","msg":"添加失败！号码【1631324(-|-)】已存在！"}
2024-04-02 00:21:29 随机等待 138 秒，约 2 分钟
2024-04-02 00:21:29 下次操作: 2024-04-02 00:23:47

2024-04-02 00:23:47 开始第 1406 次操作

2024-04-02 00:23:47 开始操作号码 【1631325】
2024-04-02 00:23:52 GSD getOne 第 1 次 等待 3 秒
2024-04-02 00:23:55 查询号码 【1631325】，返回信息 {"status":"ok","msg":"-","gid":"539262","time_insert":"2023-02-19 02:16"}
2024-04-02 00:23:55 查询号码 【1631325】，GSD为【"-"】
2024-04-02 00:23:55 ok && -
2024-04-02 00:23:58 CHB 1631325?1711988635 第 1 次 等待 3 秒
2024-04-02 00:24:01 CHB 1631325?1711988635 第 1 次 获取到号码【1631325】GSD
2024-04-02 00:24:01 未获取到号码【1631325】GSD，可能号码格式错误
2024-04-02 00:24:01 获取到号码【1631325】的GSD为【-】
2024-04-02 00:24:05 GSD insert 第 1 次 等待 3 秒
2024-04-02 00:24:08 {"status":"bad","gid":"539262","msg":"添加失败！号码【1631325(-|-)】已存在！"}
2024-04-02 00:24:08 随机等待 126 秒，约 2 分钟
2024-04-02 00:24:08 下次操作: 2024-04-02 00:26:14

2024-04-02 00:26:14 开始第 1407 次操作

2024-04-02 00:26:14 开始操作号码 【1631326】
2024-04-02 00:26:20 GSD getOne 第 1 次 等待 3 秒
2024-04-02 00:26:23 查询号码 【1631326】，返回信息 {"status":"ok","msg":"-","gid":"539271","time_insert":"2023-02-19 02:25"}
2024-04-02 00:26:23 查询号码 【1631326】，GSD为【"-"】
2024-04-02 00:26:23 ok && -
2024-04-02 00:26:30 CHB 1631326?1711988783 第 1 次 等待 3 秒
2024-04-02 00:26:33 CHB 1631326?1711988783 第 1 次 获取到号码【1631326】GSD
2024-04-02 00:26:33 未获取到号码【1631326】GSD，可能号码格式错误
2024-04-02 00:26:33 获取到号码【1631326】的GSD为【-】
2024-04-02 00:26:37 GSD insert 第 1 次 等待 3 秒
2024-04-02 00:26:40 {"status":"bad","gid":"539271","msg":"添加失败！号码【1631326(-|-)】已存在！"}
2024-04-02 00:26:40 随机等待 83 秒，约 1 分钟
2024-04-02 00:26:40 下次操作: 2024-04-02 00:28:03

2024-04-02 00:28:03 开始第 1408 次操作

2024-04-02 00:28:03 开始操作号码 【1631327】
2024-04-02 00:28:10 GSD getOne 第 1 次 等待 3 秒
2024-04-02 00:28:13 查询号码 【1631327】，返回信息 {"status":"ok","msg":"-","gid":"539290","time_insert":"2023-02-19 02:38"}
2024-04-02 00:28:14 查询号码 【1631327】，GSD为【"-"】
2024-04-02 00:28:14 ok && -
2024-04-02 00:28:16 CHB 1631327?1711988894 第 1 次 等待 3 秒
2024-04-02 00:28:19 CHB 1631327?1711988894 第 1 次 获取到号码【1631327】GSD
2024-04-02 00:28:19 未获取到号码【1631327】GSD，可能号码格式错误
2024-04-02 00:28:19 获取到号码【1631327】的GSD为【-】
2024-04-02 00:28:25 GSD insert 第 1 次 等待 3 秒
2024-04-02 00:28:28 {"status":"bad","gid":"539290","msg":"添加失败！号码【1631327(-|-)】已存在！"}

2024-04-02 00:41:12 开始第 1409 次操作

2024-04-02 00:41:12 开始操作号码 【1631328】
2024-04-02 00:41:19 GSD getOne 第 1 次 等待 3 秒
2024-04-02 00:41:22 查询号码 【1631328】，返回信息 {"status":"ok","msg":"-","gid":"539314","time_insert":"2023-02-19 02:52"}
2024-04-02 00:41:22 查询号码 【1631328】，GSD为【"-"】
2024-04-02 00:41:22 ok && -
2024-04-02 00:41:24 CHB 1631328?1711989682 第 1 次 等待 3 秒
2024-04-02 00:41:27 CHB 1631328?1711989682 第 1 次 获取到号码【1631328】GSD
2024-04-02 00:41:27 未获取到号码【1631328】GSD，可能号码格式错误
2024-04-02 00:41:27 获取到号码【1631328】的GSD为【-】
2024-04-02 00:41:35 GSD insert 第 1 次 等待 3 秒
2024-04-02 00:41:38 {"status":"bad","gid":"539314","msg":"添加失败！号码【1631328(-|-)】已存在！"}
2024-04-02 00:41:38 随机等待 68 秒，约 1 分钟
2024-04-02 00:41:38 下次操作: 2024-04-02 00:42:46

2024-04-02 00:42:46 开始第 1410 次操作

2024-04-02 00:42:46 开始操作号码 【1631329】
2024-04-02 00:42:51 GSD getOne 第 1 次 等待 3 秒
2024-04-02 00:42:54 查询号码 【1631329】，返回信息 {"status":"ok","msg":"-","gid":"539335","time_insert":"2023-02-19 03:06"}
2024-04-02 00:42:54 查询号码 【1631329】，GSD为【"-"】
2024-04-02 00:42:54 ok && -
2024-04-02 00:42:56 CHB 1631329?1711989774 第 1 次 等待 3 秒
2024-04-02 00:42:59 CHB 1631329?1711989774 第 1 次 获取到号码【1631329】GSD
2024-04-02 00:42:59 未获取到号码【1631329】GSD，可能号码格式错误
2024-04-02 00:42:59 获取到号码【1631329】的GSD为【-】
2024-04-02 00:43:04 GSD insert 第 1 次 等待 3 秒
2024-04-02 00:43:07 {"status":"bad","gid":"539335","msg":"添加失败！号码【1631329(-|-)】已存在！"}
2024-04-02 00:43:07 随机等待 68 秒，约 1 分钟
2024-04-02 00:43:07 下次操作: 2024-04-02 00:44:15

2024-04-02 00:44:15 开始第 1411 次操作

2024-04-02 00:44:15 开始操作号码 【1631330】
2024-04-02 00:44:20 GSD getOne 第 1 次 等待 3 秒
2024-04-02 00:44:23 查询号码 【1631330】，返回信息 {"status":"ok","msg":"-","gid":"539355","time_insert":"2023-02-19 03:18"}
2024-04-02 00:44:23 查询号码 【1631330】，GSD为【"-"】
2024-04-02 00:44:23 ok && -
2024-04-02 00:44:26 CHB 1631330?1711989863 第 1 次 等待 3 秒
2024-04-02 00:44:29 CHB 1631330?1711989863 第 1 次 获取到号码【1631330】GSD
2024-04-02 00:44:29 未获取到号码【1631330】GSD，可能号码格式错误
2024-04-02 00:44:29 获取到号码【1631330】的GSD为【-】
2024-04-02 00:44:34 GSD insert 第 1 次 等待 3 秒
2024-04-02 00:44:37 {"status":"bad","gid":"539355","msg":"添加失败！号码【1631330(-|-)】已存在！"}
2024-04-02 00:44:37 随机等待 67 秒，约 1 分钟
2024-04-02 00:44:37 下次操作: 2024-04-02 00:45:44

2024-04-02 00:45:44 开始第 1412 次操作

2024-04-02 00:45:44 开始操作号码 【1631331】
2024-04-02 00:45:48 GSD getOne 第 1 次 等待 3 秒
2024-04-02 00:45:51 查询号码 【1631331】，返回信息 {"status":"ok","msg":"-","gid":"539373","time_insert":"2023-02-19 03:30"}
2024-04-02 00:45:51 查询号码 【1631331】，GSD为【"-"】
2024-04-02 00:45:51 ok && -
2024-04-02 00:45:53 CHB 1631331?1711989951 第 1 次 等待 3 秒
2024-04-02 00:45:56 CHB 1631331?1711989951 第 1 次 获取到号码【1631331】GSD
2024-04-02 00:45:56 未获取到号码【1631331】GSD，可能号码格式错误
2024-04-02 00:45:56 获取到号码【1631331】的GSD为【-】
2024-04-02 00:46:02 GSD insert 第 1 次 等待 3 秒
2024-04-02 00:46:05 {"status":"bad","gid":"539373","msg":"添加失败！号码【1631331(-|-)】已存在！"}

