2024-03-13 00:21:14 开始第 8497 次操作

2024-03-13 00:21:14 开始操作号码 【1748415】
2024-03-13 00:21:20 GSD getOne 第 1 次 等待 3 秒
2024-03-13 00:21:23 查询号码 【1748415】，返回信息 {"status":"ok","msg":"-","gid":"253383","time_insert":"2021-07-12 03:51"}
2024-03-13 00:21:23 查询号码 【1748415】，GSD为【"-"】
2024-03-13 00:21:23 ok && -
2024-03-13 00:21:26 CHB 1748415?1710260483 第 1 次 等待 3 秒
2024-03-13 00:21:29 CHB 1748415?1710260483 第 1 次 获取到号码【1748415】GSD
2024-03-13 00:21:29 未获取到号码【1748415】GSD，可能号码格式错误
2024-03-13 00:21:29 获取到号码【1748415】的GSD为【-】
2024-03-13 00:21:33 GSD insert 第 1 次 等待 3 秒
2024-03-13 00:21:36 {"status":"bad","gid":"253383","msg":"添加失败！号码【1748415(-|-)】已存在！"}
2024-03-13 00:21:36 随机等待 203 秒，约 3 分钟
2024-03-13 00:21:36 下次操作: 2024-03-13 00:24:59

2024-03-13 00:24:59 开始第 8498 次操作

2024-03-13 00:24:59 开始操作号码 【1748416】
2024-03-13 00:25:04 GSD getOne 第 1 次 等待 3 秒
2024-03-13 00:25:07 查询号码 【1748416】，返回信息 {"status":"ok","msg":"-","gid":"253385","time_insert":"2021-07-12 03:52"}
2024-03-13 00:25:07 查询号码 【1748416】，GSD为【"-"】
2024-03-13 00:25:07 ok && -
2024-03-13 00:25:10 CHB 1748416?1710260707 第 1 次 等待 3 秒
2024-03-13 00:25:13 CHB 1748416?1710260707 第 1 次 获取到号码【1748416】GSD
2024-03-13 00:25:13 未获取到号码【1748416】GSD，可能号码格式错误
2024-03-13 00:25:13 获取到号码【1748416】的GSD为【-】
2024-03-13 00:25:18 GSD insert 第 1 次 等待 3 秒
2024-03-13 00:25:21 {"status":"bad","gid":"253385","msg":"添加失败！号码【1748416(-|-)】已存在！"}
2024-03-13 00:25:21 随机等待 213 秒，约 3 分钟
2024-03-13 00:25:21 下次操作: 2024-03-13 00:28:54

2024-03-13 00:28:54 开始第 8499 次操作

2024-03-13 00:28:54 开始操作号码 【1748417】
2024-03-13 00:28:59 GSD getOne 第 1 次 等待 3 秒
2024-03-13 00:29:02 查询号码 【1748417】，返回信息 {"status":"ok","msg":"-","gid":"253388","time_insert":"2021-07-12 03:53"}
2024-03-13 00:29:02 查询号码 【1748417】，GSD为【"-"】
2024-03-13 00:29:02 ok && -
2024-03-13 00:29:04 CHB 1748417?1710260942 第 1 次 等待 3 秒
2024-03-13 00:29:07 CHB 1748417?1710260942 第 1 次 获取到号码【1748417】GSD
2024-03-13 00:29:07 未获取到号码【1748417】GSD，可能号码格式错误
2024-03-13 00:29:07 获取到号码【1748417】的GSD为【-】
2024-03-13 00:29:12 GSD insert 第 1 次 等待 3 秒
2024-03-13 00:29:15 {"status":"bad","gid":"253388","msg":"添加失败！号码【1748417(-|-)】已存在！"}
2024-03-13 00:29:15 随机等待 100 秒，约 1 分钟
2024-03-13 00:29:15 下次操作: 2024-03-13 00:30:55

2024-03-13 00:30:55 开始第 8500 次操作

2024-03-13 00:30:55 开始操作号码 【1748418】
2024-03-13 00:31:00 GSD getOne 第 1 次 等待 3 秒
2024-03-13 00:31:03 查询号码 【1748418】，返回信息 {"status":"ok","msg":"-","gid":"253391","time_insert":"2021-07-12 03:54"}
2024-03-13 00:31:03 查询号码 【1748418】，GSD为【"-"】
2024-03-13 00:31:03 ok && -
2024-03-13 00:31:09 CHB 1748418?1710261063 第 1 次 等待 3 秒
2024-03-13 00:31:12 CHB 1748418?1710261063 第 1 次 获取到号码【1748418】GSD
2024-03-13 00:31:12 未获取到号码【1748418】GSD，可能号码格式错误
2024-03-13 00:31:12 获取到号码【1748418】的GSD为【-】
2024-03-13 00:31:16 GSD insert 第 1 次 等待 3 秒
2024-03-13 00:31:19 {"status":"bad","gid":"253391","msg":"添加失败！号码【1748418(-|-)】已存在！"}

