2023-11-23 00:23:04 开始第 9969 次操作

2023-11-23 00:23:04 开始操作号码 【1959887】
2023-11-23 00:23:07 GSD getOne 第 1 次 等待 3 秒
2023-11-23 00:23:10 查询号码 【1959887】，返回信息 {"status":"ok","msg":"-","gid":"444449","time_insert":"2021-07-30 13:11"}
2023-11-23 00:23:10 查询号码 【1959887】，GSD为【"-"】
2023-11-23 00:23:10 ok && -
2023-11-23 00:23:13 CHB 1959887?1700670190 第 1 次 等待 3 秒
2023-11-23 00:23:16 CHB 1959887?1700670190 第 1 次 获取到号码【1959887】GSD
2023-11-23 00:23:16 未获取到号码【1959887】GSD，可能号码格式错误
2023-11-23 00:23:16 获取到号码【1959887】的GSD为【-】
2023-11-23 00:23:20 GSD insert 第 1 次 等待 3 秒
2023-11-23 00:23:23 {"status":"bad","gid":"444449","msg":"添加失败！号码【1959887(-|-)】已存在！"}
2023-11-23 00:23:23 随机等待 182 秒，约 3 分钟
2023-11-23 00:23:23 下次操作: 2023-11-23 00:26:25

2023-11-23 00:26:25 开始第 9970 次操作

2023-11-23 00:26:25 开始操作号码 【1959888】
2023-11-23 00:26:29 GSD getOne 第 1 次 等待 3 秒
2023-11-23 00:26:32 查询号码 【1959888】，返回信息 {"status":"ok","msg":"江苏-苏州","gid":"444439","time_insert":"2021-07-30 13:10","time_update":"2023-07-24 23:38"}
2023-11-23 00:26:32 查询号码 【1959888】，GSD为【"江苏-苏州"】

2023-11-23 00:26:33 开始第 9971 次操作

2023-11-23 00:26:33 开始操作号码 【1959889】
2023-11-23 00:26:36 GSD getOne 第 1 次 等待 3 秒
2023-11-23 00:26:39 查询号码 【1959889】，返回信息 {"status":"ok","msg":"-","gid":"444430","time_insert":"2021-07-30 13:09"}
2023-11-23 00:26:39 查询号码 【1959889】，GSD为【"-"】
2023-11-23 00:26:39 ok && -
2023-11-23 00:26:43 CHB 1959889?1700670399 第 1 次 等待 3 秒
2023-11-23 00:26:46 CHB 1959889?1700670399 第 1 次 获取到号码【1959889】GSD
2023-11-23 00:26:46 未获取到号码【1959889】GSD，可能号码格式错误
2023-11-23 00:26:46 获取到号码【1959889】的GSD为【-】
2023-11-23 00:26:54 GSD insert 第 1 次 等待 3 秒
2023-11-23 00:26:57 {"status":"bad","gid":"444430","msg":"添加失败！号码【1959889(-|-)】已存在！"}
2023-11-23 00:26:57 随机等待 116 秒，约 1 分钟
2023-11-23 00:26:57 下次操作: 2023-11-23 00:28:53

2023-11-23 00:28:53 开始第 9972 次操作

2023-11-23 00:28:53 开始操作号码 【1959890】
2023-11-23 00:28:58 GSD getOne 第 1 次 等待 3 秒
2023-11-23 00:29:01 查询号码 【1959890】，返回信息 {"status":"ok","msg":"-","gid":"444420","time_insert":"2021-07-30 13:09"}
2023-11-23 00:29:01 查询号码 【1959890】，GSD为【"-"】
2023-11-23 00:29:01 ok && -
2023-11-23 00:29:04 CHB 1959890?1700670541 第 1 次 等待 3 秒
2023-11-23 00:29:07 CHB 1959890?1700670541 第 1 次 获取到号码【1959890】GSD
2023-11-23 00:29:07 未获取到号码【1959890】GSD，可能号码格式错误
2023-11-23 00:29:07 获取到号码【1959890】的GSD为【-】
2023-11-23 00:29:10 GSD insert 第 1 次 等待 3 秒
2023-11-23 00:29:13 {"status":"bad","gid":"444420","msg":"添加失败！号码【1959890(-|-)】已存在！"}

2023-11-23 00:40:25 开始第 9973 次操作

2023-11-23 00:40:25 开始操作号码 【1959891】
2023-11-23 00:40:29 GSD getOne 第 1 次 等待 3 秒
2023-11-23 00:40:32 查询号码 【1959891】，返回信息 {"status":"ok","msg":"-","gid":"444405","time_insert":"2021-07-30 13:08"}
2023-11-23 00:40:32 查询号码 【1959891】，GSD为【"-"】
2023-11-23 00:40:32 ok && -
2023-11-23 00:40:39 CHB 1959891?1700671232 第 1 次 等待 3 秒
2023-11-23 00:40:42 CHB 1959891?1700671232 第 1 次 获取到号码【1959891】GSD
2023-11-23 00:40:42 未获取到号码【1959891】GSD，可能号码格式错误
2023-11-23 00:40:42 获取到号码【1959891】的GSD为【-】
2023-11-23 00:40:47 GSD insert 第 1 次 等待 3 秒
2023-11-23 00:40:50 {"status":"bad","gid":"444405","msg":"添加失败！号码【1959891(-|-)】已存在！"}
2023-11-23 00:40:50 随机等待 215 秒，约 3 分钟
2023-11-23 00:40:50 下次操作: 2023-11-23 00:44:25

2023-11-23 00:44:25 开始第 9974 次操作

2023-11-23 00:44:25 开始操作号码 【1959892】
2023-11-23 00:44:33 GSD getOne 第 1 次 等待 3 秒
2023-11-23 00:44:36 查询号码 【1959892】，返回信息 {"status":"ok","msg":"-","gid":"444399","time_insert":"2021-07-30 13:07"}
2023-11-23 00:44:36 查询号码 【1959892】，GSD为【"-"】
2023-11-23 00:44:36 ok && -
2023-11-23 00:44:39 CHB 1959892?1700671476 第 1 次 等待 3 秒
2023-11-23 00:44:42 CHB 1959892?1700671476 第 1 次 获取到号码【1959892】GSD
2023-11-23 00:44:42 未获取到号码【1959892】GSD，可能号码格式错误
2023-11-23 00:44:42 获取到号码【1959892】的GSD为【-】
2023-11-23 00:44:45 GSD insert 第 1 次 等待 3 秒
2023-11-23 00:44:48 {"status":"bad","gid":"444399","msg":"添加失败！号码【1959892(-|-)】已存在！"}
2023-11-23 00:44:48 随机等待 183 秒，约 3 分钟
2023-11-23 00:44:48 下次操作: 2023-11-23 00:47:51

2023-11-23 00:47:51 开始第 9975 次操作

2023-11-23 00:47:51 开始操作号码 【1959893】
2023-11-23 00:47:56 GSD getOne 第 1 次 等待 3 秒
2023-11-23 00:47:59 查询号码 【1959893】，返回信息 {"status":"ok","msg":"-","gid":"444387","time_insert":"2021-07-30 13:07"}
2023-11-23 00:47:59 查询号码 【1959893】，GSD为【"-"】
2023-11-23 00:47:59 ok && -
2023-11-23 00:48:02 CHB 1959893?1700671679 第 1 次 等待 3 秒
2023-11-23 00:48:05 CHB 1959893?1700671679 第 1 次 获取到号码【1959893】GSD
2023-11-23 00:48:05 未获取到号码【1959893】GSD，可能号码格式错误
2023-11-23 00:48:05 获取到号码【1959893】的GSD为【-】
2023-11-23 00:48:08 GSD insert 第 1 次 等待 3 秒
2023-11-23 00:48:11 {"status":"bad","gid":"444387","msg":"添加失败！号码【1959893(-|-)】已存在！"}
2023-11-23 00:48:11 随机等待 109 秒，约 1 分钟
2023-11-23 00:48:11 下次操作: 2023-11-23 00:50:00

2023-11-23 00:50:00 开始第 9976 次操作

2023-11-23 00:50:00 开始操作号码 【1959894】
2023-11-23 00:50:04 GSD getOne 第 1 次 等待 3 秒
2023-11-23 00:50:07 查询号码 【1959894】，返回信息 {"status":"ok","msg":"-","gid":"444378","time_insert":"2021-07-30 13:06"}
2023-11-23 00:50:07 查询号码 【1959894】，GSD为【"-"】
2023-11-23 00:50:07 ok && -
2023-11-23 00:50:09 CHB 1959894?1700671807 第 1 次 等待 3 秒
2023-11-23 00:50:12 CHB 1959894?1700671807 第 1 次 获取到号码【1959894】GSD
2023-11-23 00:50:12 未获取到号码【1959894】GSD，可能号码格式错误
2023-11-23 00:50:12 获取到号码【1959894】的GSD为【-】
2023-11-23 00:50:16 GSD insert 第 1 次 等待 3 秒
2023-11-23 00:50:19 {"status":"bad","gid":"444378","msg":"添加失败！号码【1959894(-|-)】已存在！"}

