2023-11-21 00:22:33 开始第 9617 次操作

2023-11-21 00:22:33 开始操作号码 【1959535】
2023-11-21 00:22:36 GSD getOne 第 1 次 等待 3 秒
2023-11-21 00:22:39 查询号码 【1959535】，返回信息 {"status":"ok","msg":"-","gid":"450061","time_insert":"2021-07-31 00:14"}
2023-11-21 00:22:40 查询号码 【1959535】，GSD为【"-"】
2023-11-21 00:22:40 ok && -
2023-11-21 00:22:42 CHB 1959535?1700497360 第 1 次 等待 3 秒
2023-11-21 00:22:45 CHB 1959535?1700497360 第 1 次 获取到号码【1959535】GSD
2023-11-21 00:22:45 未获取到号码【1959535】GSD，可能号码格式错误
2023-11-21 00:22:45 获取到号码【1959535】的GSD为【-】
2023-11-21 00:22:53 GSD insert 第 1 次 等待 3 秒
2023-11-21 00:22:56 {"status":"bad","gid":"450061","msg":"添加失败！号码【1959535(-|-)】已存在！"}
2023-11-21 00:22:56 随机等待 183 秒，约 3 分钟
2023-11-21 00:22:56 下次操作: 2023-11-21 00:25:59

2023-11-21 00:25:59 开始第 9618 次操作

2023-11-21 00:25:59 开始操作号码 【1959536】
2023-11-21 00:26:03 GSD getOne 第 1 次 等待 3 秒
2023-11-21 00:26:06 查询号码 【1959536】，返回信息 {"status":"ok","msg":"-","gid":"450049","time_insert":"2021-07-31 00:13"}
2023-11-21 00:26:06 查询号码 【1959536】，GSD为【"-"】
2023-11-21 00:26:06 ok && -
2023-11-21 00:26:09 CHB 1959536?1700497566 第 1 次 等待 3 秒
2023-11-21 00:26:12 CHB 1959536?1700497566 第 1 次 获取到号码【1959536】GSD
2023-11-21 00:26:12 未获取到号码【1959536】GSD，可能号码格式错误
2023-11-21 00:26:12 获取到号码【1959536】的GSD为【-】
2023-11-21 00:26:19 GSD insert 第 1 次 等待 3 秒
2023-11-21 00:26:22 {"status":"bad","gid":"450049","msg":"添加失败！号码【1959536(-|-)】已存在！"}
2023-11-21 00:26:22 随机等待 196 秒，约 3 分钟
2023-11-21 00:26:22 下次操作: 2023-11-21 00:29:38

2023-11-21 00:29:38 开始第 9619 次操作

2023-11-21 00:29:38 开始操作号码 【1959537】
2023-11-21 00:29:45 GSD getOne 第 1 次 等待 3 秒
2023-11-21 00:29:48 查询号码 【1959537】，返回信息 {"status":"ok","msg":"-","gid":"450039","time_insert":"2021-07-31 00:13"}
2023-11-21 00:29:48 查询号码 【1959537】，GSD为【"-"】
2023-11-21 00:29:48 ok && -
2023-11-21 00:29:52 CHB 1959537?1700497788 第 1 次 等待 3 秒
2023-11-21 00:29:55 CHB 1959537?1700497788 第 1 次 获取到号码【1959537】GSD
2023-11-21 00:29:55 未获取到号码【1959537】GSD，可能号码格式错误
2023-11-21 00:29:55 获取到号码【1959537】的GSD为【-】
2023-11-21 00:29:59 GSD insert 第 1 次 等待 3 秒
2023-11-21 00:30:02 {"status":"bad","gid":"450039","msg":"添加失败！号码【1959537(-|-)】已存在！"}
2023-11-21 00:30:02 随机等待 171 秒，约 2 分钟
2023-11-21 00:30:02 下次操作: 2023-11-21 00:32:53

2023-11-21 00:32:53 开始第 9620 次操作

2023-11-21 00:32:53 开始操作号码 【1959538】
2023-11-21 00:32:59 GSD getOne 第 1 次 等待 3 秒
2023-11-21 00:33:02 查询号码 【1959538】，返回信息 {"status":"ok","msg":"-","gid":"450032","time_insert":"2021-07-31 00:12"}
2023-11-21 00:33:02 查询号码 【1959538】，GSD为【"-"】
2023-11-21 00:33:02 ok && -
2023-11-21 00:33:05 CHB 1959538?1700497982 第 1 次 等待 3 秒
2023-11-21 00:33:08 CHB 1959538?1700497982 第 1 次 获取到号码【1959538】GSD
2023-11-21 00:33:08 未获取到号码【1959538】GSD，可能号码格式错误
2023-11-21 00:33:08 获取到号码【1959538】的GSD为【-】
2023-11-21 00:33:12 GSD insert 第 1 次 等待 3 秒
2023-11-21 00:33:15 {"status":"bad","gid":"450032","msg":"添加失败！号码【1959538(-|-)】已存在！"}

2023-11-21 00:39:12 开始第 9621 次操作

2023-11-21 00:39:12 开始操作号码 【1959539】
2023-11-21 00:39:17 GSD getOne 第 1 次 等待 3 秒
2023-11-21 00:39:20 查询号码 【1959539】，返回信息 {"status":"ok","msg":"-","gid":"450023","time_insert":"2021-07-31 00:11"}
2023-11-21 00:39:20 查询号码 【1959539】，GSD为【"-"】
2023-11-21 00:39:20 ok && -
2023-11-21 00:39:23 CHB 1959539?1700498360 第 1 次 等待 3 秒
2023-11-21 00:39:26 CHB 1959539?1700498360 第 1 次 获取到号码【1959539】GSD
2023-11-21 00:39:26 未获取到号码【1959539】GSD，可能号码格式错误
2023-11-21 00:39:26 获取到号码【1959539】的GSD为【-】
2023-11-21 00:39:29 GSD insert 第 1 次 等待 3 秒
2023-11-21 00:39:33 {"status":"bad","gid":"450023","msg":"添加失败！号码【1959539(-|-)】已存在！"}
2023-11-21 00:39:33 随机等待 75 秒，约 1 分钟
2023-11-21 00:39:33 下次操作: 2023-11-21 00:40:48

2023-11-21 00:40:48 开始第 9622 次操作

2023-11-21 00:40:48 开始操作号码 【1959540】
2023-11-21 00:40:51 GSD getOne 第 1 次 等待 3 秒
2023-11-21 00:40:54 查询号码 【1959540】，返回信息 {"status":"ok","msg":"-","gid":"450015","time_insert":"2021-07-31 00:11"}
2023-11-21 00:40:55 查询号码 【1959540】，GSD为【"-"】
2023-11-21 00:40:55 ok && -
2023-11-21 00:40:56 CHB 1959540?1700498455 第 1 次 等待 3 秒
2023-11-21 00:40:59 CHB 1959540?1700498455 第 1 次 获取到号码【1959540】GSD
2023-11-21 00:40:59 未获取到号码【1959540】GSD，可能号码格式错误
2023-11-21 00:40:59 获取到号码【1959540】的GSD为【-】
2023-11-21 00:41:04 GSD insert 第 1 次 等待 3 秒
2023-11-21 00:41:07 {"status":"bad","gid":"450015","msg":"添加失败！号码【1959540(-|-)】已存在！"}
2023-11-21 00:41:07 随机等待 151 秒，约 2 分钟
2023-11-21 00:41:07 下次操作: 2023-11-21 00:43:38

2023-11-21 00:43:38 开始第 9623 次操作

2023-11-21 00:43:38 开始操作号码 【1959541】
2023-11-21 00:43:42 GSD getOne 第 1 次 等待 3 秒
2023-11-21 00:43:45 查询号码 【1959541】，返回信息 {"status":"ok","msg":"-","gid":"450007","time_insert":"2021-07-31 00:10"}
2023-11-21 00:43:45 查询号码 【1959541】，GSD为【"-"】
2023-11-21 00:43:45 ok && -
2023-11-21 00:43:47 CHB 1959541?1700498625 第 1 次 等待 3 秒
2023-11-21 00:43:50 CHB 1959541?1700498625 第 1 次 获取到号码【1959541】GSD
2023-11-21 00:43:50 未获取到号码【1959541】GSD，可能号码格式错误
2023-11-21 00:43:50 获取到号码【1959541】的GSD为【-】
2023-11-21 00:43:57 GSD insert 第 1 次 等待 3 秒
2023-11-21 00:44:00 {"status":"bad","gid":"450007","msg":"添加失败！号码【1959541(-|-)】已存在！"}
2023-11-21 00:44:00 随机等待 179 秒，约 2 分钟
2023-11-21 00:44:00 下次操作: 2023-11-21 00:46:59

2023-11-21 00:46:59 开始第 9624 次操作

2023-11-21 00:46:59 开始操作号码 【1959542】
2023-11-21 00:47:04 GSD getOne 第 1 次 等待 3 秒
2023-11-21 00:47:07 查询号码 【1959542】，返回信息 {"status":"ok","msg":"-","gid":"449997","time_insert":"2021-07-31 00:10"}
2023-11-21 00:47:07 查询号码 【1959542】，GSD为【"-"】
2023-11-21 00:47:07 ok && -
2023-11-21 00:47:09 CHB 1959542?1700498827 第 1 次 等待 3 秒
2023-11-21 00:47:12 CHB 1959542?1700498827 第 1 次 获取到号码【1959542】GSD
2023-11-21 00:47:12 未获取到号码【1959542】GSD，可能号码格式错误
2023-11-21 00:47:12 获取到号码【1959542】的GSD为【-】
2023-11-21 00:47:15 GSD insert 第 1 次 等待 3 秒
2023-11-21 00:47:18 {"status":"bad","gid":"449997","msg":"添加失败！号码【1959542(-|-)】已存在！"}

