2024-05-15 00:23:18 开始第 8825 次操作

2024-05-15 00:23:18 开始操作号码 【1638732】
2024-05-15 00:23:27 GSD getOne 第 1 次 等待 3 秒
2024-05-15 00:23:30 查询号码 【1638732】，返回信息 {"status":"ok","msg":"-","gid":"675138","time_insert":"2023-04-24 21:31"}
2024-05-15 00:23:30 查询号码 【1638732】，GSD为【"-"】
2024-05-15 00:23:30 ok && -
2024-05-15 00:23:33 CHB 1638732?1715703810 第 1 次 等待 3 秒
2024-05-15 00:23:36 CHB 1638732?1715703810 第 1 次 获取到号码【1638732】GSD
2024-05-15 00:23:36 未获取到号码【1638732】GSD，可能号码格式错误
2024-05-15 00:23:36 获取到号码【1638732】的GSD为【-】
2024-05-15 00:23:43 GSD insert 第 1 次 等待 3 秒
2024-05-15 00:23:46 {"status":"bad","gid":"675138","msg":"添加失败！号码【1638732(-|-)】已存在！"}
2024-05-15 00:23:46 随机等待 85 秒，约 1 分钟
2024-05-15 00:23:46 下次操作: 2024-05-15 00:25:11

2024-05-15 00:25:11 开始第 8826 次操作

2024-05-15 00:25:11 开始操作号码 【1638733】
2024-05-15 00:25:16 GSD getOne 第 1 次 等待 3 秒
2024-05-15 00:25:19 查询号码 【1638733】，返回信息 {"status":"ok","msg":"-","gid":"675167","time_insert":"2023-04-24 21:48"}
2024-05-15 00:25:19 查询号码 【1638733】，GSD为【"-"】
2024-05-15 00:25:19 ok && -
2024-05-15 00:25:21 CHB 1638733?1715703919 第 1 次 等待 3 秒
2024-05-15 00:25:24 CHB 1638733?1715703919 第 1 次 获取到号码【1638733】GSD
2024-05-15 00:25:24 未获取到号码【1638733】GSD，可能号码格式错误
2024-05-15 00:25:24 获取到号码【1638733】的GSD为【-】
2024-05-15 00:25:35 GSD insert 第 1 次 等待 3 秒
2024-05-15 00:25:38 {"status":"bad","gid":"675167","msg":"添加失败！号码【1638733(-|-)】已存在！"}
2024-05-15 00:25:38 随机等待 138 秒，约 2 分钟
2024-05-15 00:25:38 下次操作: 2024-05-15 00:27:56

2024-05-15 00:27:56 开始第 8827 次操作

2024-05-15 00:27:56 开始操作号码 【1638734】
2024-05-15 00:28:01 GSD getOne 第 1 次 等待 3 秒
2024-05-15 00:28:04 查询号码 【1638734】，返回信息 {"status":"ok","msg":"-","gid":"675196","time_insert":"2023-04-24 22:07"}
2024-05-15 00:28:04 查询号码 【1638734】，GSD为【"-"】
2024-05-15 00:28:04 ok && -
2024-05-15 00:28:10 CHB 1638734?1715704084 第 1 次 等待 3 秒
2024-05-15 00:28:13 CHB 1638734?1715704084 第 1 次 获取到号码【1638734】GSD
2024-05-15 00:28:13 未获取到号码【1638734】GSD，可能号码格式错误
2024-05-15 00:28:13 获取到号码【1638734】的GSD为【-】
2024-05-15 00:28:18 GSD insert 第 1 次 等待 3 秒
2024-05-15 00:28:21 {"status":"bad","gid":"675196","msg":"添加失败！号码【1638734(-|-)】已存在！"}
2024-05-15 00:28:21 随机等待 114 秒，约 1 分钟
2024-05-15 00:28:21 下次操作: 2024-05-15 00:30:15

2024-05-15 00:30:15 开始第 8828 次操作

2024-05-15 00:30:15 开始操作号码 【1638735】
2024-05-15 00:30:23 GSD getOne 第 1 次 等待 3 秒
2024-05-15 00:30:26 查询号码 【1638735】，返回信息 {"status":"ok","msg":"-","gid":"675221","time_insert":"2023-04-24 22:26"}
2024-05-15 00:30:26 查询号码 【1638735】，GSD为【"-"】
2024-05-15 00:30:26 ok && -
2024-05-15 00:30:28 CHB 1638735?1715704226 第 1 次 等待 3 秒
2024-05-15 00:30:31 CHB 1638735?1715704226 第 1 次 获取到号码【1638735】GSD
2024-05-15 00:30:31 未获取到号码【1638735】GSD，可能号码格式错误
2024-05-15 00:30:31 获取到号码【1638735】的GSD为【-】
2024-05-15 00:30:39 GSD insert 第 1 次 等待 3 秒
2024-05-15 00:30:42 {"status":"bad","gid":"675221","msg":"添加失败！号码【1638735(-|-)】已存在！"}

