2024-01-15 00:20:43 开始第 8677 次操作

2024-01-15 00:20:43 开始操作号码 【1858596】
2024-01-15 00:20:48 GSD getOne 第 1 次 等待 3 秒
2024-01-15 00:20:51 查询号码 【1858596】，返回信息 {"status":"ok","msg":"贵州-铜仁","gid":"419059","time_insert":"2021-07-28 01:10"}
2024-01-15 00:20:51 查询号码 【1858596】，GSD为【"贵州-铜仁"】

2024-01-15 00:20:52 开始第 8678 次操作

2024-01-15 00:20:52 开始操作号码 【1858597】
2024-01-15 00:20:56 GSD getOne 第 1 次 等待 3 秒
2024-01-15 00:20:59 查询号码 【1858597】，返回信息 {"status":"ok","msg":"贵州-铜仁","gid":"419048","time_insert":"2021-07-28 01:09"}
2024-01-15 00:20:59 查询号码 【1858597】，GSD为【"贵州-铜仁"】

2024-01-15 00:21:00 开始第 8679 次操作

2024-01-15 00:21:00 开始操作号码 【1858598】
2024-01-15 00:21:12 GSD getOne 第 1 次 等待 3 秒
2024-01-15 00:21:15 查询号码 【1858598】，返回信息 {"status":"ok","msg":"贵州-铜仁","gid":"419038","time_insert":"2021-07-28 01:08"}
2024-01-15 00:21:15 查询号码 【1858598】，GSD为【"贵州-铜仁"】

2024-01-15 00:21:16 开始第 8680 次操作

2024-01-15 00:21:16 开始操作号码 【1858599】
2024-01-15 00:21:26 GSD getOne 第 1 次 等待 3 秒
2024-01-15 00:21:29 查询号码 【1858599】，返回信息 {"status":"ok","msg":"贵州-铜仁","gid":"40307","time_insert":"2017-06-29 14:03","time_update":"2020-11-23 09:21"}
2024-01-15 00:21:29 查询号码 【1858599】，GSD为【"贵州-铜仁"】

2024-01-15 00:39:31 开始第 8681 次操作

2024-01-15 00:39:31 开始操作号码 【1858600】
2024-01-15 00:39:35 GSD getOne 第 1 次 等待 3 秒
2024-01-15 00:39:38 查询号码 【1858600】，返回信息 {"status":"ok","msg":"内蒙古-呼和浩特","gid":"419030","time_insert":"2021-07-28 01:08"}
2024-01-15 00:39:38 查询号码 【1858600】，GSD为【"内蒙古-呼和浩特"】

2024-01-15 00:39:39 开始第 8682 次操作

2024-01-15 00:39:39 开始操作号码 【1858601】
2024-01-15 00:39:43 GSD getOne 第 1 次 等待 3 秒
2024-01-15 00:39:46 查询号码 【1858601】，返回信息 {"status":"ok","msg":"内蒙古-呼和浩特","gid":"419022","time_insert":"2021-07-28 01:07"}
2024-01-15 00:39:46 查询号码 【1858601】，GSD为【"内蒙古-呼和浩特"】

2024-01-15 00:39:47 开始第 8683 次操作

2024-01-15 00:39:47 开始操作号码 【1858602】
2024-01-15 00:39:51 GSD getOne 第 1 次 等待 3 秒
2024-01-15 00:39:54 查询号码 【1858602】，返回信息 {"status":"ok","msg":"内蒙古-呼和浩特","gid":"419011","time_insert":"2021-07-28 01:06"}
2024-01-15 00:39:54 查询号码 【1858602】，GSD为【"内蒙古-呼和浩特"】

2024-01-15 00:39:55 开始第 8684 次操作

2024-01-15 00:39:55 开始操作号码 【1858603】
2024-01-15 00:39:59 GSD getOne 第 1 次 等待 3 秒
2024-01-15 00:40:02 查询号码 【1858603】，返回信息 {"status":"ok","msg":"内蒙古-呼和浩特","gid":"419002","time_insert":"2021-07-28 01:06"}
2024-01-15 00:40:02 查询号码 【1858603】，GSD为【"内蒙古-呼和浩特"】

