2023-10-06 00:22:54 开始第 1705 次操作

2023-10-06 00:22:54 开始操作号码 【1951704】
2023-10-06 00:22:57 GSD getOne 第 1 次 等待 3 秒
2023-10-06 00:23:00 查询号码 【1951704】，返回信息 {"status":"ok","msg":"江苏-无锡","gid":"511970","time_insert":"2021-08-15 22:21"}
2023-10-06 00:23:00 查询号码 【1951704】，GSD为【"江苏-无锡"】

2023-10-06 00:23:01 开始第 1706 次操作

2023-10-06 00:23:01 开始操作号码 【1951705】
2023-10-06 00:23:03 GSD getOne 第 1 次 等待 3 秒
2023-10-06 00:23:06 查询号码 【1951705】，返回信息 {"status":"ok","msg":"江苏-无锡","gid":"511983","time_insert":"2021-08-15 22:31"}
2023-10-06 00:23:07 查询号码 【1951705】，GSD为【"江苏-无锡"】

2023-10-06 00:23:08 开始第 1707 次操作

2023-10-06 00:23:08 开始操作号码 【1951706】
2023-10-06 00:23:11 GSD getOne 第 1 次 等待 3 秒
2023-10-06 00:23:14 查询号码 【1951706】，返回信息 {"status":"ok","msg":"江苏-无锡","gid":"511984","time_insert":"2021-08-15 22:32"}
2023-10-06 00:23:14 查询号码 【1951706】，GSD为【"江苏-无锡"】

2023-10-06 00:23:15 开始第 1708 次操作

2023-10-06 00:23:15 开始操作号码 【1951707】
2023-10-06 00:23:20 GSD getOne 第 1 次 等待 3 秒
2023-10-06 00:23:23 查询号码 【1951707】，返回信息 {"status":"ok","msg":"江苏-无锡","gid":"511990","time_insert":"2021-08-15 22:37"}
2023-10-06 00:23:23 查询号码 【1951707】，GSD为【"江苏-无锡"】

2023-10-06 00:41:21 开始第 1709 次操作

2023-10-06 00:41:21 开始操作号码 【1951708】
2023-10-06 00:41:25 GSD getOne 第 1 次 等待 3 秒
2023-10-06 00:41:28 查询号码 【1951708】，返回信息 {"status":"ok","msg":"江苏-无锡","gid":"512010","time_insert":"2021-08-15 22:50"}
2023-10-06 00:41:28 查询号码 【1951708】，GSD为【"江苏-无锡"】

2023-10-06 00:41:29 开始第 1710 次操作

2023-10-06 00:41:29 开始操作号码 【1951709】
2023-10-06 00:41:32 GSD getOne 第 1 次 等待 3 秒
2023-10-06 00:41:35 查询号码 【1951709】，返回信息 {"status":"ok","msg":"江苏-无锡","gid":"512016","time_insert":"2021-08-15 22:56"}
2023-10-06 00:41:36 查询号码 【1951709】，GSD为【"江苏-无锡"】

2023-10-06 00:41:37 开始第 1711 次操作

2023-10-06 00:41:37 开始操作号码 【1951710】
2023-10-06 00:41:39 GSD getOne 第 1 次 等待 3 秒
2023-10-06 00:41:42 查询号码 【1951710】，返回信息 {"status":"ok","msg":"江苏-南通","gid":"512030","time_insert":"2021-08-15 23:08"}
2023-10-06 00:41:42 查询号码 【1951710】，GSD为【"江苏-南通"】

2023-10-06 00:41:43 开始第 1712 次操作

2023-10-06 00:41:43 开始操作号码 【1951711】
2023-10-06 00:41:47 GSD getOne 第 1 次 等待 3 秒
2023-10-06 00:41:50 查询号码 【1951711】，返回信息 {"status":"ok","msg":"江苏-南通","gid":"512039","time_insert":"2021-08-15 23:13"}
2023-10-06 00:41:50 查询号码 【1951711】，GSD为【"江苏-南通"】

