2024-03-31 00:20:34 开始第 1049 次操作

2024-03-31 00:20:34 开始操作号码 【1630968】
2024-03-31 00:20:40 GSD getOne 第 1 次 等待 3 秒
2024-03-31 00:20:43 查询号码 【1630968】，返回信息 {"status":"ok","msg":"-","gid":"532562","time_insert":"2023-02-15 15:38"}
2024-03-31 00:20:43 查询号码 【1630968】，GSD为【"-"】
2024-03-31 00:20:43 ok && -
2024-03-31 00:20:45 CHB 1630968?1711815643 第 1 次 等待 3 秒
2024-03-31 00:20:48 CHB 1630968?1711815643 第 1 次 获取到号码【1630968】GSD
2024-03-31 00:20:48 未获取到号码【1630968】GSD，可能号码格式错误
2024-03-31 00:20:48 获取到号码【1630968】的GSD为【-】
2024-03-31 00:20:54 GSD insert 第 1 次 等待 3 秒
2024-03-31 00:20:57 {"status":"bad","gid":"532562","msg":"添加失败！号码【1630968(-|-)】已存在！"}
2024-03-31 00:20:57 随机等待 200 秒，约 3 分钟
2024-03-31 00:20:57 下次操作: 2024-03-31 00:24:17

2024-03-31 00:24:17 开始第 1050 次操作

2024-03-31 00:24:17 开始操作号码 【1630969】
2024-03-31 00:24:23 GSD getOne 第 1 次 等待 3 秒
2024-03-31 00:24:26 查询号码 【1630969】，返回信息 {"status":"ok","msg":"-","gid":"532586","time_insert":"2023-02-15 15:52"}
2024-03-31 00:24:26 查询号码 【1630969】，GSD为【"-"】
2024-03-31 00:24:26 ok && -
2024-03-31 00:24:28 CHB 1630969?1711815866 第 1 次 等待 3 秒
2024-03-31 00:24:31 CHB 1630969?1711815866 第 1 次 获取到号码【1630969】GSD
2024-03-31 00:24:31 未获取到号码【1630969】GSD，可能号码格式错误
2024-03-31 00:24:31 获取到号码【1630969】的GSD为【-】
2024-03-31 00:24:36 GSD insert 第 1 次 等待 3 秒
2024-03-31 00:24:39 {"status":"bad","gid":"532586","msg":"添加失败！号码【1630969(-|-)】已存在！"}
2024-03-31 00:24:39 随机等待 155 秒，约 2 分钟
2024-03-31 00:24:39 下次操作: 2024-03-31 00:27:14

2024-03-31 00:27:14 开始第 1051 次操作

2024-03-31 00:27:14 开始操作号码 【1630970】
2024-03-31 00:27:19 GSD getOne 第 1 次 等待 3 秒
2024-03-31 00:27:22 查询号码 【1630970】，返回信息 {"status":"ok","msg":"-","gid":"532605","time_insert":"2023-02-15 16:04"}
2024-03-31 00:27:22 查询号码 【1630970】，GSD为【"-"】
2024-03-31 00:27:22 ok && -
2024-03-31 00:27:24 CHB 1630970?1711816042 第 1 次 等待 3 秒
2024-03-31 00:27:27 CHB 1630970?1711816042 第 1 次 获取到号码【1630970】GSD
2024-03-31 00:27:27 未获取到号码【1630970】GSD，可能号码格式错误
2024-03-31 00:27:27 获取到号码【1630970】的GSD为【-】
2024-03-31 00:27:31 GSD insert 第 1 次 等待 3 秒
2024-03-31 00:27:34 {"status":"bad","gid":"532605","msg":"添加失败！号码【1630970(-|-)】已存在！"}
2024-03-31 00:27:34 随机等待 175 秒，约 2 分钟
2024-03-31 00:27:34 下次操作: 2024-03-31 00:30:29

2024-03-31 00:30:29 开始第 1052 次操作

2024-03-31 00:30:29 开始操作号码 【1630971】
2024-03-31 00:30:35 GSD getOne 第 1 次 等待 3 秒
2024-03-31 00:30:38 查询号码 【1630971】，返回信息 {"status":"ok","msg":"-","gid":"532626","time_insert":"2023-02-15 16:19"}
2024-03-31 00:30:38 查询号码 【1630971】，GSD为【"-"】
2024-03-31 00:30:38 ok && -
2024-03-31 00:30:40 CHB 1630971?1711816238 第 1 次 等待 3 秒
2024-03-31 00:30:43 CHB 1630971?1711816238 第 1 次 获取到号码【1630971】GSD
2024-03-31 00:30:43 未获取到号码【1630971】GSD，可能号码格式错误
2024-03-31 00:30:43 获取到号码【1630971】的GSD为【-】
2024-03-31 00:30:52 GSD insert 第 1 次 等待 3 秒
2024-03-31 00:30:55 {"status":"bad","gid":"532626","msg":"添加失败！号码【1630971(-|-)】已存在！"}

