2024-09-09 00:12:13 开始第 3633 次操作

2024-09-09 00:12:13 开始操作号码 【1413631】
2024-09-09 00:12:22 GSD getOne 第 1 次 等待 3 秒
2024-09-09 00:12:25 查询号码 【1413631】，返回信息 {"status":"ok","msg":"-","gid":"587585","time_insert":"2023-03-13 07:50"}
2024-09-09 00:12:25 查询号码 【1413631】，GSD为【"-"】
2024-09-09 00:12:25 ok && -
2024-09-09 00:12:26 CHB 1413631?1725811945 第 1 次 等待 3 秒
2024-09-09 00:12:29 CHB 1413631?1725811945 第 1 次 获取到号码【1413631】GSD
2024-09-09 00:12:30 未获取到号码【1413631】GSD，可能号码格式错误
2024-09-09 00:12:30 获取到号码【1413631】的GSD为【-】
2024-09-09 00:12:38 GSD insert 第 1 次 等待 3 秒
2024-09-09 00:12:41 {"status":"bad","gid":"587585","msg":"添加失败！号码【1413631(-|-)】已存在！"}
2024-09-09 00:12:41 随机等待 90 秒，约 1 分钟
2024-09-09 00:12:41 下次操作: 2024-09-09 00:14:11

2024-09-09 00:14:11 开始第 3634 次操作

2024-09-09 00:14:11 开始操作号码 【1413632】
2024-09-09 00:14:19 GSD getOne 第 1 次 等待 3 秒
2024-09-09 00:14:22 查询号码 【1413632】，返回信息 {"status":"ok","msg":"-","gid":"587611","time_insert":"2023-03-13 08:08"}
2024-09-09 00:14:22 查询号码 【1413632】，GSD为【"-"】
2024-09-09 00:14:22 ok && -
2024-09-09 00:14:24 CHB 1413632?1725812062 第 1 次 等待 3 秒
2024-09-09 00:14:27 CHB 1413632?1725812062 第 1 次 获取到号码【1413632】GSD
2024-09-09 00:14:27 未获取到号码【1413632】GSD，可能号码格式错误
2024-09-09 00:14:27 获取到号码【1413632】的GSD为【-】
2024-09-09 00:14:34 GSD insert 第 1 次 等待 3 秒
2024-09-09 00:14:37 {"status":"bad","gid":"587611","msg":"添加失败！号码【1413632(-|-)】已存在！"}
2024-09-09 00:14:37 随机等待 103 秒，约 1 分钟
2024-09-09 00:14:37 下次操作: 2024-09-09 00:16:20

2024-09-09 00:16:20 开始第 3635 次操作

2024-09-09 00:16:20 开始操作号码 【1413633】
2024-09-09 00:16:29 GSD getOne 第 1 次 等待 3 秒
2024-09-09 00:16:32 查询号码 【1413633】，返回信息 {"status":"ok","msg":"-","gid":"587623","time_insert":"2023-03-13 08:23"}
2024-09-09 00:16:32 查询号码 【1413633】，GSD为【"-"】
2024-09-09 00:16:32 ok && -
2024-09-09 00:16:34 CHB 1413633?1725812192 第 1 次 等待 3 秒
2024-09-09 00:16:37 CHB 1413633?1725812192 第 1 次 获取到号码【1413633】GSD
2024-09-09 00:16:38 未获取到号码【1413633】GSD，可能号码格式错误
2024-09-09 00:16:38 获取到号码【1413633】的GSD为【-】
2024-09-09 00:16:45 GSD insert 第 1 次 等待 3 秒
2024-09-09 00:16:48 {"status":"bad","gid":"587623","msg":"添加失败！号码【1413633(-|-)】已存在！"}
2024-09-09 00:16:48 随机等待 210 秒，约 3 分钟
2024-09-09 00:16:48 下次操作: 2024-09-09 00:20:18

2024-09-09 00:20:18 开始第 3636 次操作

2024-09-09 00:20:18 开始操作号码 【1413634】
2024-09-09 00:20:26 GSD getOne 第 1 次 等待 3 秒
2024-09-09 00:20:29 查询号码 【1413634】，返回信息 {"status":"ok","msg":"-","gid":"587638","time_insert":"2023-03-13 08:36"}
2024-09-09 00:20:29 查询号码 【1413634】，GSD为【"-"】
2024-09-09 00:20:29 ok && -
2024-09-09 00:20:34 CHB 1413634?1725812429 第 1 次 等待 3 秒
2024-09-09 00:20:37 CHB 1413634?1725812429 第 1 次 获取到号码【1413634】GSD
2024-09-09 00:20:37 未获取到号码【1413634】GSD，可能号码格式错误
2024-09-09 00:20:37 获取到号码【1413634】的GSD为【-】
2024-09-09 00:20:44 GSD insert 第 1 次 等待 3 秒
2024-09-09 00:20:47 {"status":"bad","gid":"587638","msg":"添加失败！号码【1413634(-|-)】已存在！"}

2024-09-09 00:40:13 开始第 3637 次操作

2024-09-09 00:40:13 开始操作号码 【1413635】
2024-09-09 00:40:22 GSD getOne 第 1 次 等待 3 秒
2024-09-09 00:40:25 查询号码 【1413635】，返回信息 {"status":"ok","msg":"-","gid":"587661","time_insert":"2023-03-13 08:57"}
2024-09-09 00:40:25 查询号码 【1413635】，GSD为【"-"】
2024-09-09 00:40:25 ok && -
2024-09-09 00:40:27 CHB 1413635?1725813625 第 1 次 等待 3 秒
2024-09-09 00:40:30 CHB 1413635?1725813625 第 1 次 获取到号码【1413635】GSD
2024-09-09 00:40:30 未获取到号码【1413635】GSD，可能号码格式错误
2024-09-09 00:40:30 获取到号码【1413635】的GSD为【-】
2024-09-09 00:40:38 GSD insert 第 1 次 等待 3 秒
2024-09-09 00:40:41 {"status":"bad","gid":"587661","msg":"添加失败！号码【1413635(-|-)】已存在！"}
2024-09-09 00:40:41 随机等待 214 秒，约 3 分钟
2024-09-09 00:40:41 下次操作: 2024-09-09 00:44:15

2024-09-09 00:44:15 开始第 3638 次操作

2024-09-09 00:44:15 开始操作号码 【1413636】
2024-09-09 00:44:22 GSD getOne 第 1 次 等待 3 秒
2024-09-09 00:44:25 查询号码 【1413636】，返回信息 {"status":"ok","msg":"-","gid":"587682","time_insert":"2023-03-13 09:15"}
2024-09-09 00:44:25 查询号码 【1413636】，GSD为【"-"】
2024-09-09 00:44:25 ok && -
2024-09-09 00:44:27 CHB 1413636?1725813865 第 1 次 等待 3 秒
2024-09-09 00:44:30 CHB 1413636?1725813865 第 1 次 获取到号码【1413636】GSD
2024-09-09 00:44:31 未获取到号码【1413636】GSD，可能号码格式错误
2024-09-09 00:44:31 获取到号码【1413636】的GSD为【-】
2024-09-09 00:44:39 GSD insert 第 1 次 等待 3 秒
2024-09-09 00:44:42 {"status":"bad","gid":"587682","msg":"添加失败！号码【1413636(-|-)】已存在！"}
2024-09-09 00:44:42 随机等待 149 秒，约 2 分钟
2024-09-09 00:44:42 下次操作: 2024-09-09 00:47:11

2024-09-09 00:47:11 开始第 3639 次操作

2024-09-09 00:47:11 开始操作号码 【1413637】
2024-09-09 00:47:18 GSD getOne 第 1 次 等待 3 秒
2024-09-09 00:47:21 查询号码 【1413637】，返回信息 {"status":"ok","msg":"-","gid":"587704","time_insert":"2023-03-13 09:38"}
2024-09-09 00:47:21 查询号码 【1413637】，GSD为【"-"】
2024-09-09 00:47:21 ok && -
2024-09-09 00:47:22 CHB 1413637?1725814041 第 1 次 等待 3 秒
2024-09-09 00:47:26 CHB 1413637?1725814041 第 1 次 获取到号码【1413637】GSD
2024-09-09 00:47:26 未获取到号码【1413637】GSD，可能号码格式错误
2024-09-09 00:47:26 获取到号码【1413637】的GSD为【-】
2024-09-09 00:47:33 GSD insert 第 1 次 等待 3 秒
2024-09-09 00:47:36 {"status":"bad","gid":"587704","msg":"添加失败！号码【1413637(-|-)】已存在！"}
2024-09-09 00:47:36 随机等待 74 秒，约 1 分钟
2024-09-09 00:47:36 下次操作: 2024-09-09 00:48:50

2024-09-09 00:48:50 开始第 3640 次操作

2024-09-09 00:48:50 开始操作号码 【1413638】
2024-09-09 00:48:57 GSD getOne 第 1 次 等待 3 秒
2024-09-09 00:49:00 查询号码 【1413638】，返回信息 {"status":"ok","msg":"-","gid":"587717","time_insert":"2023-03-13 09:53"}
2024-09-09 00:49:00 查询号码 【1413638】，GSD为【"-"】
2024-09-09 00:49:00 ok && -
2024-09-09 00:49:02 CHB 1413638?1725814140 第 1 次 等待 3 秒
2024-09-09 00:49:05 CHB 1413638?1725814140 第 1 次 获取到号码【1413638】GSD
2024-09-09 00:49:05 未获取到号码【1413638】GSD，可能号码格式错误
2024-09-09 00:49:05 获取到号码【1413638】的GSD为【-】
2024-09-09 00:49:12 GSD insert 第 1 次 等待 3 秒
2024-09-09 00:49:16 {"status":"bad","gid":"587717","msg":"添加失败！号码【1413638(-|-)】已存在！"}

