2023-12-04 00:20:24 开始第 1249 次操作

2023-12-04 00:20:24 开始操作号码 【1851168】
2023-12-04 00:20:29 GSD getOne 第 1 次 等待 3 秒
2023-12-04 00:20:32 查询号码 【1851168】，返回信息 {"status":"ok","msg":"北京-北京","gid":"403779","time_insert":"2021-07-26 18:01"}
2023-12-04 00:20:32 查询号码 【1851168】，GSD为【"北京-北京"】

2023-12-04 00:20:33 开始第 1250 次操作

2023-12-04 00:20:33 开始操作号码 【1851169】
2023-12-04 00:20:37 GSD getOne 第 1 次 等待 3 秒
2023-12-04 00:20:40 查询号码 【1851169】，返回信息 {"status":"ok","msg":"北京-北京","gid":"403930","time_insert":"2021-07-26 18:13"}
2023-12-04 00:20:40 查询号码 【1851169】，GSD为【"北京-北京"】

2023-12-04 00:20:41 开始第 1251 次操作

2023-12-04 00:20:41 开始操作号码 【1851170】
2023-12-04 00:20:44 GSD getOne 第 1 次 等待 3 秒
2023-12-04 00:20:47 查询号码 【1851170】，返回信息 {"status":"ok","msg":"北京-北京","gid":"404115","time_insert":"2021-07-26 18:25"}
2023-12-04 00:20:47 查询号码 【1851170】，GSD为【"北京-北京"】

2023-12-04 00:20:48 开始第 1252 次操作

2023-12-04 00:20:48 开始操作号码 【1851171】
2023-12-04 00:20:53 GSD getOne 第 1 次 等待 3 秒
2023-12-04 00:20:56 查询号码 【1851171】，返回信息 {"status":"ok","msg":"北京-北京","gid":"404192","time_insert":"2021-07-26 18:35"}
2023-12-04 00:20:56 查询号码 【1851171】，GSD为【"北京-北京"】

