2024-05-22 00:21:39 开始第 49 次操作

2024-05-22 00:21:39 开始操作号码 【1639956】
2024-05-22 00:21:48 GSD getOne 第 1 次 等待 3 秒
2024-05-22 00:21:51 查询号码 【1639956】，返回信息 {"status":"ok","msg":"-","gid":"697801","time_insert":"2023-05-09 01:48"}
2024-05-22 00:21:51 查询号码 【1639956】，GSD为【"-"】
2024-05-22 00:21:51 ok && -
2024-05-22 00:21:53 CHB 1639956?1716308511 第 1 次 等待 3 秒
2024-05-22 00:21:56 CHB 1639956?1716308511 第 1 次 获取到号码【1639956】GSD
2024-05-22 00:21:56 未获取到号码【1639956】GSD，可能号码格式错误
2024-05-22 00:21:56 获取到号码【1639956】的GSD为【-】
2024-05-22 00:22:47 GSD insert 第 1 次 等待 3 秒
2024-05-22 00:22:50 {"status":"bad","gid":"697801","msg":"添加失败！号码【1639956(-|-)】已存在！"}
2024-05-22 00:22:50 随机等待 70 秒，约 1 分钟
2024-05-22 00:22:50 下次操作: 2024-05-22 00:24:00

2024-05-22 00:24:00 开始第 50 次操作

2024-05-22 00:24:00 开始操作号码 【1639957】
2024-05-22 00:24:05 GSD getOne 第 1 次 等待 3 秒
2024-05-22 00:24:08 查询号码 【1639957】，返回信息 {"status":"ok","msg":"-","gid":"697790","time_insert":"2023-05-09 01:28"}
2024-05-22 00:24:08 查询号码 【1639957】，GSD为【"-"】
2024-05-22 00:24:08 ok && -
2024-05-22 00:24:10 CHB 1639957?1716308648 第 1 次 等待 3 秒
2024-05-22 00:24:13 CHB 1639957?1716308648 第 1 次 获取到号码【1639957】GSD
2024-05-22 00:24:13 未获取到号码【1639957】GSD，可能号码格式错误
2024-05-22 00:24:13 获取到号码【1639957】的GSD为【-】
2024-05-22 00:24:18 GSD insert 第 1 次 等待 3 秒
2024-05-22 00:24:21 {"status":"bad","gid":"697790","msg":"添加失败！号码【1639957(-|-)】已存在！"}
2024-05-22 00:24:21 随机等待 211 秒，约 3 分钟
2024-05-22 00:24:21 下次操作: 2024-05-22 00:27:52

2024-05-22 00:27:52 开始第 51 次操作

2024-05-22 00:27:52 开始操作号码 【1639958】
2024-05-22 00:27:58 GSD getOne 第 1 次 等待 3 秒
2024-05-22 00:28:01 查询号码 【1639958】，返回信息 {"status":"ok","msg":"-","gid":"697781","time_insert":"2023-05-09 01:12"}
2024-05-22 00:28:01 查询号码 【1639958】，GSD为【"-"】
2024-05-22 00:28:01 ok && -
2024-05-22 00:28:03 CHB 1639958?1716308881 第 1 次 等待 3 秒
2024-05-22 00:28:06 CHB 1639958?1716308881 第 1 次 获取到号码【1639958】GSD
2024-05-22 00:28:06 未获取到号码【1639958】GSD，可能号码格式错误
2024-05-22 00:28:06 获取到号码【1639958】的GSD为【-】
2024-05-22 00:28:11 GSD insert 第 1 次 等待 3 秒
2024-05-22 00:28:14 {"status":"bad","gid":"697781","msg":"添加失败！号码【1639958(-|-)】已存在！"}
2024-05-22 00:28:14 随机等待 185 秒，约 3 分钟
2024-05-22 00:28:14 下次操作: 2024-05-22 00:31:19

2024-05-22 00:31:19 开始第 52 次操作

2024-05-22 00:31:19 开始操作号码 【1639959】
2024-05-22 00:31:25 GSD getOne 第 1 次 等待 3 秒
2024-05-22 00:31:28 查询号码 【1639959】，返回信息 {"status":"ok","msg":"-","gid":"697771","time_insert":"2023-05-09 00:55"}
2024-05-22 00:31:28 查询号码 【1639959】，GSD为【"-"】
2024-05-22 00:31:28 ok && -
2024-05-22 00:31:30 CHB 1639959?1716309088 第 1 次 等待 3 秒
2024-05-22 00:31:33 CHB 1639959?1716309088 第 1 次 获取到号码【1639959】GSD
2024-05-22 00:31:33 未获取到号码【1639959】GSD，可能号码格式错误
2024-05-22 00:31:33 获取到号码【1639959】的GSD为【-】
2024-05-22 00:31:38 GSD insert 第 1 次 等待 3 秒
2024-05-22 00:31:41 {"status":"bad","gid":"697771","msg":"添加失败！号码【1639959(-|-)】已存在！"}

