2024-04-22 00:20:33 开始第 4785 次操作

2024-04-22 00:20:33 开始操作号码 【1634703】
2024-04-22 00:20:46 GSD getOne 第 1 次 等待 3 秒
2024-04-22 00:20:49 查询号码 【1634703】，返回信息 {"status":"ok","msg":"-","gid":"618006","time_insert":"2023-03-27 13:52"}
2024-04-22 00:20:49 查询号码 【1634703】，GSD为【"-"】
2024-04-22 00:20:49 ok && -
2024-04-22 00:20:51 CHB 1634703?1713716449 第 1 次 等待 3 秒
2024-04-22 00:20:54 CHB 1634703?1713716449 第 1 次 获取到号码【1634703】GSD
2024-04-22 00:20:54 未获取到号码【1634703】GSD，可能号码格式错误
2024-04-22 00:20:54 获取到号码【1634703】的GSD为【-】
2024-04-22 00:20:59 GSD insert 第 1 次 等待 3 秒
2024-04-22 00:21:02 {"status":"bad","gid":"618006","msg":"添加失败！号码【1634703(-|-)】已存在！"}
2024-04-22 00:21:02 随机等待 192 秒，约 3 分钟
2024-04-22 00:21:02 下次操作: 2024-04-22 00:24:14

2024-04-22 00:24:14 开始第 4786 次操作

2024-04-22 00:24:14 开始操作号码 【1634704】
2024-04-22 00:25:00 GSD getOne 第 1 次 等待 3 秒
2024-04-22 00:25:03 查询号码 【1634704】，返回信息 {"status":"ok","msg":"-","gid":"618034","time_insert":"2023-03-27 14:13"}
2024-04-22 00:25:03 查询号码 【1634704】，GSD为【"-"】
2024-04-22 00:25:03 ok && -
2024-04-22 00:25:05 CHB 1634704?1713716703 第 1 次 等待 3 秒
2024-04-22 00:25:08 CHB 1634704?1713716703 第 1 次 获取到号码【1634704】GSD
2024-04-22 00:25:08 未获取到号码【1634704】GSD，可能号码格式错误
2024-04-22 00:25:08 获取到号码【1634704】的GSD为【-】
2024-04-22 00:25:15 GSD insert 第 1 次 等待 3 秒
2024-04-22 00:25:18 {"status":"bad","gid":"618034","msg":"添加失败！号码【1634704(-|-)】已存在！"}
2024-04-22 00:25:18 随机等待 118 秒，约 1 分钟
2024-04-22 00:25:18 下次操作: 2024-04-22 00:27:16

2024-04-22 00:27:16 开始第 4787 次操作

2024-04-22 00:27:16 开始操作号码 【1634705】
2024-04-22 00:27:21 GSD getOne 第 1 次 等待 3 秒
2024-04-22 00:27:24 查询号码 【1634705】，返回信息 {"status":"ok","msg":"-","gid":"618056","time_insert":"2023-03-27 14:30"}
2024-04-22 00:27:24 查询号码 【1634705】，GSD为【"-"】
2024-04-22 00:27:24 ok && -
2024-04-22 00:27:26 CHB 1634705?1713716844 第 1 次 等待 3 秒
2024-04-22 00:27:29 CHB 1634705?1713716844 第 1 次 获取到号码【1634705】GSD
2024-04-22 00:27:29 未获取到号码【1634705】GSD，可能号码格式错误
2024-04-22 00:27:29 获取到号码【1634705】的GSD为【-】
2024-04-22 00:27:35 GSD insert 第 1 次 等待 3 秒
2024-04-22 00:27:38 {"status":"bad","gid":"618056","msg":"添加失败！号码【1634705(-|-)】已存在！"}
2024-04-22 00:27:38 随机等待 225 秒，约 3 分钟
2024-04-22 00:27:38 下次操作: 2024-04-22 00:31:23

2024-04-22 00:31:23 开始第 4788 次操作

2024-04-22 00:31:23 开始操作号码 【1634706】
2024-04-22 00:31:40 GSD getOne 第 1 次 等待 3 秒
2024-04-22 00:31:43 查询号码 【1634706】，返回信息 {"status":"ok","msg":"-","gid":"618092","time_insert":"2023-03-27 14:52"}
2024-04-22 00:31:43 查询号码 【1634706】，GSD为【"-"】
2024-04-22 00:31:43 ok && -
2024-04-22 00:31:45 CHB 1634706?1713717103 第 1 次 等待 3 秒
2024-04-22 00:31:48 CHB 1634706?1713717103 第 1 次 获取到号码【1634706】GSD
2024-04-22 00:31:48 未获取到号码【1634706】GSD，可能号码格式错误
2024-04-22 00:31:48 获取到号码【1634706】的GSD为【-】
2024-04-22 00:31:54 GSD insert 第 1 次 等待 3 秒
2024-04-22 00:31:57 {"status":"bad","gid":"618092","msg":"添加失败！号码【1634706(-|-)】已存在！"}

2024-04-22 00:37:52 开始第 4789 次操作

2024-04-22 00:37:52 开始操作号码 【1634707】
2024-04-22 00:37:58 GSD getOne 第 1 次 等待 3 秒
2024-04-22 00:38:01 查询号码 【1634707】，返回信息 {"status":"ok","msg":"-","gid":"618108","time_insert":"2023-03-27 15:01"}
2024-04-22 00:38:01 查询号码 【1634707】，GSD为【"-"】
2024-04-22 00:38:01 ok && -
2024-04-22 00:38:04 CHB 1634707?1713717481 第 1 次 等待 3 秒
2024-04-22 00:38:07 CHB 1634707?1713717481 第 1 次 获取到号码【1634707】GSD
2024-04-22 00:38:07 未获取到号码【1634707】GSD，可能号码格式错误
2024-04-22 00:38:07 获取到号码【1634707】的GSD为【-】
2024-04-22 00:38:13 GSD insert 第 1 次 等待 3 秒
2024-04-22 00:38:16 {"status":"bad","gid":"618108","msg":"添加失败！号码【1634707(-|-)】已存在！"}
2024-04-22 00:38:16 随机等待 215 秒，约 3 分钟
2024-04-22 00:38:16 下次操作: 2024-04-22 00:41:51

2024-04-22 00:41:51 开始第 4790 次操作

2024-04-22 00:41:51 开始操作号码 【1634708】
2024-04-22 00:42:02 GSD getOne 第 1 次 等待 3 秒
2024-04-22 00:42:05 查询号码 【1634708】，返回信息 {"status":"ok","msg":"-","gid":"618131","time_insert":"2023-03-27 15:18"}
2024-04-22 00:42:05 查询号码 【1634708】，GSD为【"-"】
2024-04-22 00:42:05 ok && -
2024-04-22 00:42:08 CHB 1634708?1713717725 第 1 次 等待 3 秒
2024-04-22 00:42:11 CHB 1634708?1713717725 第 1 次 获取到号码【1634708】GSD
2024-04-22 00:42:11 未获取到号码【1634708】GSD，可能号码格式错误
2024-04-22 00:42:11 获取到号码【1634708】的GSD为【-】
2024-04-22 00:42:16 GSD insert 第 1 次 等待 3 秒
2024-04-22 00:42:19 {"status":"bad","gid":"618131","msg":"添加失败！号码【1634708(-|-)】已存在！"}
2024-04-22 00:42:19 随机等待 113 秒，约 1 分钟
2024-04-22 00:42:19 下次操作: 2024-04-22 00:44:12

2024-04-22 00:44:12 开始第 4791 次操作

2024-04-22 00:44:12 开始操作号码 【1634709】
2024-04-22 00:44:20 GSD getOne 第 1 次 等待 3 秒
2024-04-22 00:44:23 查询号码 【1634709】，返回信息 {"status":"ok","msg":"-","gid":"618158","time_insert":"2023-03-27 15:34"}
2024-04-22 00:44:23 查询号码 【1634709】，GSD为【"-"】
2024-04-22 00:44:23 ok && -
2024-04-22 00:44:25 CHB 1634709?1713717863 第 1 次 等待 3 秒
2024-04-22 00:44:28 CHB 1634709?1713717863 第 1 次 获取到号码【1634709】GSD
2024-04-22 00:44:28 未获取到号码【1634709】GSD，可能号码格式错误
2024-04-22 00:44:28 获取到号码【1634709】的GSD为【-】
2024-04-22 00:44:39 GSD insert 第 1 次 等待 3 秒
2024-04-22 00:44:43 {"status":"bad","gid":"618158","msg":"添加失败！号码【1634709(-|-)】已存在！"}
2024-04-22 00:44:43 随机等待 177 秒，约 2 分钟
2024-04-22 00:44:43 下次操作: 2024-04-22 00:47:40

2024-04-22 00:47:40 开始第 4792 次操作

2024-04-22 00:47:40 开始操作号码 【1634710】
2024-04-22 00:47:45 GSD getOne 第 1 次 等待 3 秒
2024-04-22 00:47:48 查询号码 【1634710】，返回信息 {"status":"ok","msg":"-","gid":"618178","time_insert":"2023-03-27 15:47"}
2024-04-22 00:47:48 查询号码 【1634710】，GSD为【"-"】
2024-04-22 00:47:48 ok && -
2024-04-22 00:47:51 CHB 1634710?1713718068 第 1 次 等待 3 秒
2024-04-22 00:47:54 CHB 1634710?1713718068 第 1 次 获取到号码【1634710】GSD
2024-04-22 00:47:54 未获取到号码【1634710】GSD，可能号码格式错误
2024-04-22 00:47:54 获取到号码【1634710】的GSD为【-】
2024-04-22 00:48:08 GSD insert 第 1 次 等待 3 秒
2024-04-22 00:48:11 {"status":"bad","gid":"618178","msg":"添加失败！号码【1634710(-|-)】已存在！"}

2024-04-22 01:15:21 开始第 4793 次操作

2024-04-22 01:15:21 开始操作号码 【1634711】
2024-04-22 01:15:29 GSD getOne 第 1 次 等待 3 秒
2024-04-22 01:15:32 查询号码 【1634711】，返回信息 {"status":"ok","msg":"-","gid":"618209","time_insert":"2023-03-27 16:11"}
2024-04-22 01:15:32 查询号码 【1634711】，GSD为【"-"】
2024-04-22 01:15:32 ok && -
2024-04-22 01:15:34 CHB 1634711?1713719732 第 1 次 等待 3 秒
2024-04-22 01:15:37 CHB 1634711?1713719732 第 1 次 获取到号码【1634711】GSD
2024-04-22 01:15:37 未获取到号码【1634711】GSD，可能号码格式错误
2024-04-22 01:15:37 获取到号码【1634711】的GSD为【-】
2024-04-22 01:15:47 GSD insert 第 1 次 等待 3 秒
2024-04-22 01:15:50 {"status":"bad","gid":"618209","msg":"添加失败！号码【1634711(-|-)】已存在！"}
2024-04-22 01:15:50 随机等待 213 秒，约 3 分钟
2024-04-22 01:15:50 下次操作: 2024-04-22 01:19:23

2024-04-22 01:19:23 开始第 4794 次操作

2024-04-22 01:19:23 开始操作号码 【1634712】
2024-04-22 01:19:29 GSD getOne 第 1 次 等待 3 秒
2024-04-22 01:19:32 查询号码 【1634712】，返回信息 {"status":"ok","msg":"-","gid":"618222","time_insert":"2023-03-27 16:21"}
2024-04-22 01:19:33 查询号码 【1634712】，GSD为【"-"】
2024-04-22 01:19:33 ok && -
2024-04-22 01:19:35 CHB 1634712?1713719973 第 1 次 等待 3 秒
2024-04-22 01:19:38 CHB 1634712?1713719973 第 1 次 获取到号码【1634712】GSD
2024-04-22 01:19:38 未获取到号码【1634712】GSD，可能号码格式错误
2024-04-22 01:19:38 获取到号码【1634712】的GSD为【-】
2024-04-22 01:19:46 GSD insert 第 1 次 等待 3 秒
2024-04-22 01:19:49 {"status":"bad","gid":"618222","msg":"添加失败！号码【1634712(-|-)】已存在！"}
2024-04-22 01:19:49 随机等待 183 秒，约 3 分钟
2024-04-22 01:19:49 下次操作: 2024-04-22 01:22:52

2024-04-22 01:22:52 开始第 4795 次操作

2024-04-22 01:22:52 开始操作号码 【1634713】
2024-04-22 01:22:58 GSD getOne 第 1 次 等待 3 秒
2024-04-22 01:23:01 查询号码 【1634713】，返回信息 {"status":"ok","msg":"-","gid":"618249","time_insert":"2023-03-27 16:40"}
2024-04-22 01:23:01 查询号码 【1634713】，GSD为【"-"】
2024-04-22 01:23:01 ok && -
2024-04-22 01:23:03 CHB 1634713?1713720181 第 1 次 等待 3 秒
2024-04-22 01:23:06 CHB 1634713?1713720181 第 1 次 获取到号码【1634713】GSD
2024-04-22 01:23:06 未获取到号码【1634713】GSD，可能号码格式错误
2024-04-22 01:23:06 获取到号码【1634713】的GSD为【-】
2024-04-22 01:23:16 GSD insert 第 1 次 等待 3 秒
2024-04-22 01:23:19 {"status":"bad","gid":"618249","msg":"添加失败！号码【1634713(-|-)】已存在！"}
2024-04-22 01:23:19 随机等待 231 秒，约 3 分钟
2024-04-22 01:23:19 下次操作: 2024-04-22 01:27:10

2024-04-22 01:27:10 开始第 4796 次操作

2024-04-22 01:27:10 开始操作号码 【1634714】
2024-04-22 01:27:15 GSD getOne 第 1 次 等待 3 秒
2024-04-22 01:27:18 查询号码 【1634714】，返回信息 {"status":"ok","msg":"-","gid":"618270","time_insert":"2023-03-27 16:53"}
2024-04-22 01:27:18 查询号码 【1634714】，GSD为【"-"】
2024-04-22 01:27:18 ok && -
2024-04-22 01:27:21 CHB 1634714?1713720438 第 1 次 等待 3 秒
2024-04-22 01:27:24 CHB 1634714?1713720438 第 1 次 获取到号码【1634714】GSD
2024-04-22 01:27:24 未获取到号码【1634714】GSD，可能号码格式错误
2024-04-22 01:27:24 获取到号码【1634714】的GSD为【-】
2024-04-22 01:27:31 GSD insert 第 1 次 等待 3 秒
2024-04-22 01:27:34 {"status":"bad","gid":"618270","msg":"添加失败！号码【1634714(-|-)】已存在！"}

