2024-07-31 00:24:52 开始第 8773 次操作

2024-07-31 00:24:52 开始操作号码 【1528675】
2024-07-31 00:25:01 GSD getOne 第 1 次 等待 3 秒
2024-07-31 00:25:04 查询号码 【1528675】，返回信息 {"status":"ok","msg":"贵州-铜仁","gid":"20180","time_insert":"2017-06-30 19:55","time_update":"2020-11-20 08:13"}
2024-07-31 00:25:04 查询号码 【1528675】，GSD为【"贵州-铜仁"】

2024-07-31 00:25:05 开始第 8774 次操作

2024-07-31 00:25:05 开始操作号码 【1528676】
2024-07-31 00:25:13 GSD getOne 第 1 次 等待 3 秒
2024-07-31 00:25:16 查询号码 【1528676】，返回信息 {"status":"ok","msg":"贵州-铜仁","gid":"368530","time_insert":"2021-07-23 18:08"}
2024-07-31 00:25:16 查询号码 【1528676】，GSD为【"贵州-铜仁"】

2024-07-31 00:25:17 开始第 8775 次操作

2024-07-31 00:25:17 开始操作号码 【1528677】
2024-07-31 00:25:25 GSD getOne 第 1 次 等待 3 秒
2024-07-31 00:25:28 查询号码 【1528677】，返回信息 {"status":"ok","msg":"贵州-铜仁","gid":"368520","time_insert":"2021-07-23 18:07"}
2024-07-31 00:25:28 查询号码 【1528677】，GSD为【"贵州-铜仁"】

2024-07-31 00:25:29 开始第 8776 次操作

2024-07-31 00:25:29 开始操作号码 【1528678】
2024-07-31 00:25:37 GSD getOne 第 1 次 等待 3 秒
2024-07-31 00:25:40 查询号码 【1528678】，返回信息 {"status":"ok","msg":"贵州-铜仁","gid":"20181","time_insert":"2017-11-13 22:20","time_update":"2020-11-20 08:17"}
2024-07-31 00:25:40 查询号码 【1528678】，GSD为【"贵州-铜仁"】

2024-07-31 00:42:03 开始第 8777 次操作

2024-07-31 00:42:03 开始操作号码 【1528679】
2024-07-31 00:42:14 GSD getOne 第 1 次 等待 3 秒
2024-07-31 00:42:17 查询号码 【1528679】，返回信息 {"status":"ok","msg":"贵州-铜仁","gid":"20182","time_insert":"2014-07-10 13:38","time_update":"2020-11-20 08:21"}
2024-07-31 00:42:17 查询号码 【1528679】，GSD为【"贵州-铜仁"】

2024-07-31 00:42:18 开始第 8778 次操作

2024-07-31 00:42:18 开始操作号码 【1528680】
2024-07-31 00:42:27 GSD getOne 第 1 次 等待 3 秒
2024-07-31 00:42:30 查询号码 【1528680】，返回信息 {"status":"ok","msg":"河南-郑州","gid":"368503","time_insert":"2021-07-23 18:06"}
2024-07-31 00:42:30 查询号码 【1528680】，GSD为【"河南-郑州"】

2024-07-31 00:42:31 开始第 8779 次操作

2024-07-31 00:42:31 开始操作号码 【1528681】
2024-07-31 00:42:43 GSD getOne 第 1 次 等待 3 秒
2024-07-31 00:42:46 查询号码 【1528681】，返回信息 {"status":"ok","msg":"河南-郑州","gid":"368488","time_insert":"2021-07-23 18:05"}
2024-07-31 00:42:46 查询号码 【1528681】，GSD为【"河南-郑州"】

2024-07-31 00:42:47 开始第 8780 次操作

2024-07-31 00:42:47 开始操作号码 【1528682】
2024-07-31 00:42:56 GSD getOne 第 1 次 等待 3 秒
2024-07-31 00:42:59 查询号码 【1528682】，返回信息 {"status":"ok","msg":"河南-郑州","gid":"54349","time_insert":"2020-01-07 16:18"}
2024-07-31 00:42:59 查询号码 【1528682】，GSD为【"河南-郑州"】

