2023-12-20 00:19:23 开始第 4077 次操作

2023-12-20 00:19:23 开始操作号码 【1853996】
2023-12-20 00:19:30 GSD getOne 第 1 次 等待 3 秒
2023-12-20 00:19:33 查询号码 【1853996】，返回信息 {"status":"ok","msg":"河南-郑州","gid":"467560","time_insert":"2021-08-01 13:10"}
2023-12-20 00:19:33 查询号码 【1853996】，GSD为【"河南-郑州"】

2023-12-20 00:19:34 开始第 4078 次操作

2023-12-20 00:19:34 开始操作号码 【1853997】
2023-12-20 00:19:38 GSD getOne 第 1 次 等待 3 秒
2023-12-20 00:19:41 查询号码 【1853997】，返回信息 {"status":"ok","msg":"河南-郑州","gid":"467547","time_insert":"2021-08-01 13:09"}
2023-12-20 00:19:41 查询号码 【1853997】，GSD为【"河南-郑州"】

2023-12-20 00:19:42 开始第 4079 次操作

2023-12-20 00:19:42 开始操作号码 【1853998】
2023-12-20 00:19:46 GSD getOne 第 1 次 等待 3 秒
2023-12-20 00:19:49 查询号码 【1853998】，返回信息 {"status":"ok","msg":"河南-郑州","gid":"55853","time_insert":"2021-02-06 20:01"}
2023-12-20 00:19:50 查询号码 【1853998】，GSD为【"河南-郑州"】

2023-12-20 00:19:51 开始第 4080 次操作

2023-12-20 00:19:51 开始操作号码 【1853999】
2023-12-20 00:19:54 GSD getOne 第 1 次 等待 3 秒
2023-12-20 00:19:57 查询号码 【1853999】，返回信息 {"status":"ok","msg":"河南-郑州","gid":"467529","time_insert":"2021-08-01 13:08"}
2023-12-20 00:19:57 查询号码 【1853999】，GSD为【"河南-郑州"】

2023-12-20 00:37:29 开始第 4081 次操作

2023-12-20 00:37:29 开始操作号码 【1854000】
2023-12-20 00:37:33 GSD getOne 第 1 次 等待 3 秒
2023-12-20 00:37:36 查询号码 【1854000】，返回信息 {"status":"ok","msg":"辽宁-沈阳","gid":"467519","time_insert":"2021-08-01 13:07"}
2023-12-20 00:37:36 查询号码 【1854000】，GSD为【"辽宁-沈阳"】

2023-12-20 00:37:37 开始第 4082 次操作

2023-12-20 00:37:37 开始操作号码 【1854001】
2023-12-20 00:37:41 GSD getOne 第 1 次 等待 3 秒
2023-12-20 00:37:44 查询号码 【1854001】，返回信息 {"status":"ok","msg":"辽宁-沈阳","gid":"467508","time_insert":"2021-08-01 13:06"}
2023-12-20 00:37:44 查询号码 【1854001】，GSD为【"辽宁-沈阳"】

2023-12-20 00:37:45 开始第 4083 次操作

2023-12-20 00:37:45 开始操作号码 【1854002】
2023-12-20 00:37:49 GSD getOne 第 1 次 等待 3 秒
2023-12-20 00:37:52 查询号码 【1854002】，返回信息 {"status":"ok","msg":"辽宁-沈阳","gid":"467494","time_insert":"2021-08-01 13:05"}
2023-12-20 00:37:52 查询号码 【1854002】，GSD为【"辽宁-沈阳"】

2023-12-20 00:37:53 开始第 4084 次操作

2023-12-20 00:37:53 开始操作号码 【1854003】
2023-12-20 00:37:57 GSD getOne 第 1 次 等待 3 秒
2023-12-20 00:38:00 查询号码 【1854003】，返回信息 {"status":"ok","msg":"辽宁-沈阳","gid":"39886","time_insert":"2014-02-17 11:14","time_update":"2021-01-22 04:50"}
2023-12-20 00:38:00 查询号码 【1854003】，GSD为【"辽宁-沈阳"】

2023-12-20 01:12:24 开始第 4085 次操作

2023-12-20 01:12:24 开始操作号码 【1854004】
2023-12-20 01:12:29 GSD getOne 第 1 次 等待 3 秒
2023-12-20 01:12:32 查询号码 【1854004】，返回信息 {"status":"ok","msg":"辽宁-沈阳","gid":"467476","time_insert":"2021-08-01 13:04"}
2023-12-20 01:12:32 查询号码 【1854004】，GSD为【"辽宁-沈阳"】

2023-12-20 01:12:33 开始第 4086 次操作

2023-12-20 01:12:33 开始操作号码 【1854005】
2023-12-20 01:12:37 GSD getOne 第 1 次 等待 3 秒
2023-12-20 01:12:40 查询号码 【1854005】，返回信息 {"status":"ok","msg":"辽宁-沈阳","gid":"39887","time_insert":"2018-06-18 23:12","time_update":"2020-08-20 21:51"}
2023-12-20 01:12:40 查询号码 【1854005】，GSD为【"辽宁-沈阳"】

2023-12-20 01:12:41 开始第 4087 次操作

2023-12-20 01:12:41 开始操作号码 【1854006】
2023-12-20 01:12:45 GSD getOne 第 1 次 等待 3 秒
2023-12-20 01:12:48 查询号码 【1854006】，返回信息 {"status":"ok","msg":"辽宁-沈阳","gid":"467454","time_insert":"2021-08-01 13:03"}
2023-12-20 01:12:48 查询号码 【1854006】，GSD为【"辽宁-沈阳"】

2023-12-20 01:12:49 开始第 4088 次操作

2023-12-20 01:12:49 开始操作号码 【1854007】
2023-12-20 01:12:53 GSD getOne 第 1 次 等待 3 秒
2023-12-20 01:12:56 查询号码 【1854007】，返回信息 {"status":"ok","msg":"辽宁-抚顺","gid":"467439","time_insert":"2021-08-01 13:02"}
2023-12-20 01:12:56 查询号码 【1854007】，GSD为【"辽宁-抚顺"】

2023-12-20 01:37:36 开始第 4089 次操作

2023-12-20 01:37:36 开始操作号码 【1854008】
2023-12-20 01:37:40 GSD getOne 第 1 次 等待 3 秒
2023-12-20 01:37:43 查询号码 【1854008】，返回信息 {"status":"ok","msg":"辽宁-本溪","gid":"467427","time_insert":"2021-08-01 13:01"}
2023-12-20 01:37:43 查询号码 【1854008】，GSD为【"辽宁-本溪"】

2023-12-20 01:37:44 开始第 4090 次操作

2023-12-20 01:37:44 开始操作号码 【1854009】
2023-12-20 01:37:48 GSD getOne 第 1 次 等待 3 秒
2023-12-20 01:37:51 查询号码 【1854009】，返回信息 {"status":"ok","msg":"辽宁-铁岭","gid":"467413","time_insert":"2021-08-01 13:00"}
2023-12-20 01:37:51 查询号码 【1854009】，GSD为【"辽宁-铁岭"】

2023-12-20 01:37:52 开始第 4091 次操作

2023-12-20 01:37:52 开始操作号码 【1854010】
2023-12-20 01:37:56 GSD getOne 第 1 次 等待 3 秒
2023-12-20 01:37:59 查询号码 【1854010】，返回信息 {"status":"ok","msg":"辽宁-沈阳","gid":"467400","time_insert":"2021-08-01 12:59"}
2023-12-20 01:37:59 查询号码 【1854010】，GSD为【"辽宁-沈阳"】

2023-12-20 01:38:00 开始第 4092 次操作

2023-12-20 01:38:00 开始操作号码 【1854011】
2023-12-20 01:38:03 GSD getOne 第 1 次 等待 3 秒
2023-12-20 01:38:06 查询号码 【1854011】，返回信息 {"status":"ok","msg":"辽宁-沈阳","gid":"467384","time_insert":"2021-08-01 12:58"}
2023-12-20 01:38:06 查询号码 【1854011】，GSD为【"辽宁-沈阳"】

2023-12-20 02:17:20 开始第 4093 次操作

2023-12-20 02:17:20 开始操作号码 【1854012】
2023-12-20 02:17:24 GSD getOne 第 1 次 等待 3 秒
2023-12-20 02:17:27 查询号码 【1854012】，返回信息 {"status":"ok","msg":"辽宁-沈阳","gid":"467369","time_insert":"2021-08-01 12:57"}
2023-12-20 02:17:27 查询号码 【1854012】，GSD为【"辽宁-沈阳"】

2023-12-20 02:17:28 开始第 4094 次操作

2023-12-20 02:17:28 开始操作号码 【1854013】
2023-12-20 02:17:32 GSD getOne 第 1 次 等待 3 秒
2023-12-20 02:17:35 查询号码 【1854013】，返回信息 {"status":"ok","msg":"辽宁-沈阳","gid":"467359","time_insert":"2021-08-01 12:56"}
2023-12-20 02:17:35 查询号码 【1854013】，GSD为【"辽宁-沈阳"】

2023-12-20 02:17:36 开始第 4095 次操作

2023-12-20 02:17:36 开始操作号码 【1854014】
2023-12-20 02:17:39 GSD getOne 第 1 次 等待 3 秒
2023-12-20 02:17:42 查询号码 【1854014】，返回信息 {"status":"ok","msg":"辽宁-沈阳","gid":"467348","time_insert":"2021-08-01 12:55"}
2023-12-20 02:17:42 查询号码 【1854014】，GSD为【"辽宁-沈阳"】

2023-12-20 02:17:43 开始第 4096 次操作

2023-12-20 02:17:43 开始操作号码 【1854015】
2023-12-20 02:17:47 GSD getOne 第 1 次 等待 3 秒
2023-12-20 02:17:50 查询号码 【1854015】，返回信息 {"status":"ok","msg":"辽宁-沈阳","gid":"467332","time_insert":"2021-08-01 12:54"}
2023-12-20 02:17:50 查询号码 【1854015】，GSD为【"辽宁-沈阳"】

2023-12-20 02:37:32 开始第 4097 次操作

2023-12-20 02:37:32 开始操作号码 【1854016】
2023-12-20 02:37:37 GSD getOne 第 1 次 等待 3 秒
2023-12-20 02:37:40 查询号码 【1854016】，返回信息 {"status":"ok","msg":"辽宁-沈阳","gid":"467321","time_insert":"2021-08-01 12:53"}
2023-12-20 02:37:40 查询号码 【1854016】，GSD为【"辽宁-沈阳"】

2023-12-20 02:37:41 开始第 4098 次操作

2023-12-20 02:37:41 开始操作号码 【1854017】
2023-12-20 02:37:45 GSD getOne 第 1 次 等待 3 秒
2023-12-20 02:37:48 查询号码 【1854017】，返回信息 {"status":"ok","msg":"辽宁-沈阳","gid":"467311","time_insert":"2021-08-01 12:52"}
2023-12-20 02:37:48 查询号码 【1854017】，GSD为【"辽宁-沈阳"】

2023-12-20 02:37:49 开始第 4099 次操作

2023-12-20 02:37:49 开始操作号码 【1854018】
2023-12-20 02:37:53 GSD getOne 第 1 次 等待 3 秒
2023-12-20 02:37:56 查询号码 【1854018】，返回信息 {"status":"ok","msg":"辽宁-沈阳","gid":"467300","time_insert":"2021-08-01 12:51"}
2023-12-20 02:37:56 查询号码 【1854018】，GSD为【"辽宁-沈阳"】

2023-12-20 02:37:57 开始第 4100 次操作

2023-12-20 02:37:57 开始操作号码 【1854019】
2023-12-20 02:38:01 GSD getOne 第 1 次 等待 3 秒
2023-12-20 02:38:04 查询号码 【1854019】，返回信息 {"status":"ok","msg":"辽宁-沈阳","gid":"467287","time_insert":"2021-08-01 12:50"}
2023-12-20 02:38:04 查询号码 【1854019】，GSD为【"辽宁-沈阳"】

2023-12-20 03:11:15 开始第 4101 次操作

2023-12-20 03:11:15 开始操作号码 【1854020】
2023-12-20 03:11:19 GSD getOne 第 1 次 等待 3 秒
2023-12-20 03:11:22 查询号码 【1854020】，返回信息 {"status":"ok","msg":"辽宁-沈阳","gid":"467277","time_insert":"2021-08-01 12:49"}
2023-12-20 03:11:22 查询号码 【1854020】，GSD为【"辽宁-沈阳"】

2023-12-20 03:11:23 开始第 4102 次操作

2023-12-20 03:11:23 开始操作号码 【1854021】
2023-12-20 03:11:27 GSD getOne 第 1 次 等待 3 秒
2023-12-20 03:11:30 查询号码 【1854021】，返回信息 {"status":"ok","msg":"辽宁-沈阳","gid":"467274","time_insert":"2021-08-01 12:48"}
2023-12-20 03:11:30 查询号码 【1854021】，GSD为【"辽宁-沈阳"】

2023-12-20 03:11:31 开始第 4103 次操作

2023-12-20 03:11:31 开始操作号码 【1854022】
2023-12-20 03:11:35 GSD getOne 第 1 次 等待 3 秒
2023-12-20 03:11:38 查询号码 【1854022】，返回信息 {"status":"ok","msg":"辽宁-沈阳","gid":"467106","time_insert":"2021-08-01 12:06"}
2023-12-20 03:11:38 查询号码 【1854022】，GSD为【"辽宁-沈阳"】

2023-12-20 03:11:39 开始第 4104 次操作

2023-12-20 03:11:39 开始操作号码 【1854023】
2023-12-20 03:11:42 GSD getOne 第 1 次 等待 3 秒
2023-12-20 03:11:45 查询号码 【1854023】，返回信息 {"status":"ok","msg":"辽宁-沈阳","gid":"467096","time_insert":"2021-08-01 12:05"}
2023-12-20 03:11:46 查询号码 【1854023】，GSD为【"辽宁-沈阳"】

2023-12-20 03:37:35 开始第 4105 次操作

2023-12-20 03:37:35 开始操作号码 【1854024】
2023-12-20 03:37:39 GSD getOne 第 1 次 等待 3 秒
2023-12-20 03:37:42 查询号码 【1854024】，返回信息 {"status":"ok","msg":"辽宁-沈阳","gid":"467090","time_insert":"2021-08-01 12:05"}
2023-12-20 03:37:42 查询号码 【1854024】，GSD为【"辽宁-沈阳"】

2023-12-20 03:37:43 开始第 4106 次操作

2023-12-20 03:37:43 开始操作号码 【1854025】
2023-12-20 03:37:46 GSD getOne 第 1 次 等待 3 秒
2023-12-20 03:37:49 查询号码 【1854025】，返回信息 {"status":"ok","msg":"辽宁-沈阳","gid":"467079","time_insert":"2021-08-01 12:04","time_update":"2021-08-05 15:32"}
2023-12-20 03:37:49 查询号码 【1854025】，GSD为【"辽宁-沈阳"】

2023-12-20 03:37:50 开始第 4107 次操作

2023-12-20 03:37:50 开始操作号码 【1854026】
2023-12-20 03:37:54 GSD getOne 第 1 次 等待 3 秒
2023-12-20 03:37:57 查询号码 【1854026】，返回信息 {"status":"ok","msg":"辽宁-沈阳","gid":"467070","time_insert":"2021-08-01 12:04"}
2023-12-20 03:37:57 查询号码 【1854026】，GSD为【"辽宁-沈阳"】

2023-12-20 03:37:58 开始第 4108 次操作

2023-12-20 03:37:58 开始操作号码 【1854027】
2023-12-20 03:38:02 GSD getOne 第 1 次 等待 3 秒
2023-12-20 03:38:05 查询号码 【1854027】，返回信息 {"status":"ok","msg":"辽宁-沈阳","gid":"467062","time_insert":"2021-08-01 12:03"}
2023-12-20 03:38:05 查询号码 【1854027】，GSD为【"辽宁-沈阳"】

2023-12-20 04:14:56 开始第 4109 次操作

2023-12-20 04:14:56 开始操作号码 【1854028】
2023-12-20 04:15:00 GSD getOne 第 1 次 等待 3 秒
2023-12-20 04:15:03 查询号码 【1854028】，返回信息 {"status":"ok","msg":"辽宁-沈阳","gid":"467052","time_insert":"2021-08-01 12:03"}
2023-12-20 04:15:03 查询号码 【1854028】，GSD为【"辽宁-沈阳"】

2023-12-20 04:15:04 开始第 4110 次操作

2023-12-20 04:15:04 开始操作号码 【1854029】
2023-12-20 04:15:08 GSD getOne 第 1 次 等待 3 秒
2023-12-20 04:15:11 查询号码 【1854029】，返回信息 {"status":"ok","msg":"辽宁-沈阳","gid":"467041","time_insert":"2021-08-01 12:02"}
2023-12-20 04:15:11 查询号码 【1854029】，GSD为【"辽宁-沈阳"】

2023-12-20 04:15:12 开始第 4111 次操作

2023-12-20 04:15:12 开始操作号码 【1854030】
2023-12-20 04:15:16 GSD getOne 第 1 次 等待 3 秒
2023-12-20 04:15:19 查询号码 【1854030】，返回信息 {"status":"ok","msg":"辽宁-沈阳","gid":"467033","time_insert":"2021-08-01 12:01"}
2023-12-20 04:15:19 查询号码 【1854030】，GSD为【"辽宁-沈阳"】

2023-12-20 04:15:20 开始第 4112 次操作

2023-12-20 04:15:20 开始操作号码 【1854031】
2023-12-20 04:15:24 GSD getOne 第 1 次 等待 3 秒
2023-12-20 04:15:27 查询号码 【1854031】，返回信息 {"status":"ok","msg":"辽宁-沈阳","gid":"467023","time_insert":"2021-08-01 12:01"}
2023-12-20 04:15:27 查询号码 【1854031】，GSD为【"辽宁-沈阳"】

2023-12-20 04:37:41 开始第 4113 次操作

2023-12-20 04:37:41 开始操作号码 【1854032】
2023-12-20 04:37:45 GSD getOne 第 1 次 等待 3 秒
2023-12-20 04:37:48 查询号码 【1854032】，返回信息 {"status":"ok","msg":"辽宁-沈阳","gid":"467014","time_insert":"2021-08-01 12:00"}
2023-12-20 04:37:48 查询号码 【1854032】，GSD为【"辽宁-沈阳"】

2023-12-20 04:37:49 开始第 4114 次操作

2023-12-20 04:37:49 开始操作号码 【1854033】
2023-12-20 04:37:53 GSD getOne 第 1 次 等待 3 秒
2023-12-20 04:37:56 查询号码 【1854033】，返回信息 {"status":"ok","msg":"辽宁-沈阳","gid":"467006","time_insert":"2021-08-01 12:00"}
2023-12-20 04:37:56 查询号码 【1854033】，GSD为【"辽宁-沈阳"】

2023-12-20 04:37:57 开始第 4115 次操作

2023-12-20 04:37:57 开始操作号码 【1854034】
2023-12-20 04:38:01 GSD getOne 第 1 次 等待 3 秒
2023-12-20 04:38:04 查询号码 【1854034】，返回信息 {"status":"ok","msg":"辽宁-沈阳","gid":"466997","time_insert":"2021-08-01 11:59"}
2023-12-20 04:38:04 查询号码 【1854034】，GSD为【"辽宁-沈阳"】

2023-12-20 04:38:05 开始第 4116 次操作

2023-12-20 04:38:05 开始操作号码 【1854035】
2023-12-20 04:38:09 GSD getOne 第 1 次 等待 3 秒
2023-12-20 04:38:12 查询号码 【1854035】，返回信息 {"status":"ok","msg":"辽宁-沈阳","gid":"466988","time_insert":"2021-08-01 11:58"}
2023-12-20 04:38:12 查询号码 【1854035】，GSD为【"辽宁-沈阳"】

