2024-02-12 00:19:31 开始第 3189 次操作

2024-02-12 00:19:31 开始操作号码 【1743107】
2024-02-12 00:19:36 GSD getOne 第 1 次 等待 3 秒
2024-02-12 00:19:39 查询号码 【1743107】，返回信息 {"status":"ok","msg":"-","gid":"185204","time_insert":"2021-07-03 22:46"}
2024-02-12 00:19:39 查询号码 【1743107】，GSD为【"-"】
2024-02-12 00:19:39 ok && -
2024-02-12 00:19:42 CHB 1743107?1707668379 第 1 次 等待 3 秒
2024-02-12 00:19:45 CHB 1743107?1707668379 第 1 次 获取到号码【1743107】GSD
2024-02-12 00:19:45 未获取到号码【1743107】GSD，可能号码格式错误
2024-02-12 00:19:45 获取到号码【1743107】的GSD为【-】
2024-02-12 00:19:49 GSD insert 第 1 次 等待 3 秒
2024-02-12 00:19:52 {"status":"bad","gid":"185204","msg":"添加失败！号码【1743107(-|-)】已存在！"}
2024-02-12 00:19:52 随机等待 94 秒，约 1 分钟
2024-02-12 00:19:52 下次操作: 2024-02-12 00:21:26

2024-02-12 00:21:26 开始第 3190 次操作

2024-02-12 00:21:26 开始操作号码 【1743108】
2024-02-12 00:21:31 GSD getOne 第 1 次 等待 3 秒
2024-02-12 00:21:34 查询号码 【1743108】，返回信息 {"status":"ok","msg":"-","gid":"185210","time_insert":"2021-07-03 22:46"}
2024-02-12 00:21:34 查询号码 【1743108】，GSD为【"-"】
2024-02-12 00:21:34 ok && -
2024-02-12 00:21:36 CHB 1743108?1707668494 第 1 次 等待 3 秒
2024-02-12 00:21:39 CHB 1743108?1707668494 第 1 次 获取到号码【1743108】GSD
2024-02-12 00:21:39 未获取到号码【1743108】GSD，可能号码格式错误
2024-02-12 00:21:39 获取到号码【1743108】的GSD为【-】
2024-02-12 00:21:47 GSD insert 第 1 次 等待 3 秒
2024-02-12 00:21:50 {"status":"bad","gid":"185210","msg":"添加失败！号码【1743108(-|-)】已存在！"}
2024-02-12 00:21:50 随机等待 102 秒，约 1 分钟
2024-02-12 00:21:50 下次操作: 2024-02-12 00:23:32

2024-02-12 00:23:32 开始第 3191 次操作

2024-02-12 00:23:32 开始操作号码 【1743109】
2024-02-12 00:23:36 GSD getOne 第 1 次 等待 3 秒
2024-02-12 00:23:39 查询号码 【1743109】，返回信息 {"status":"ok","msg":"-","gid":"185220","time_insert":"2021-07-03 22:47"}
2024-02-12 00:23:39 查询号码 【1743109】，GSD为【"-"】
2024-02-12 00:23:39 ok && -
2024-02-12 00:23:41 CHB 1743109?1707668619 第 1 次 等待 3 秒
2024-02-12 00:23:44 CHB 1743109?1707668619 第 1 次 获取到号码【1743109】GSD
2024-02-12 00:23:44 未获取到号码【1743109】GSD，可能号码格式错误
2024-02-12 00:23:44 获取到号码【1743109】的GSD为【-】
2024-02-12 00:23:50 GSD insert 第 1 次 等待 3 秒
2024-02-12 00:23:53 {"status":"bad","gid":"185220","msg":"添加失败！号码【1743109(-|-)】已存在！"}
2024-02-12 00:23:53 随机等待 148 秒，约 2 分钟
2024-02-12 00:23:53 下次操作: 2024-02-12 00:26:21

2024-02-12 00:26:21 开始第 3192 次操作

2024-02-12 00:26:21 开始操作号码 【1743110】
2024-02-12 00:26:26 GSD getOne 第 1 次 等待 3 秒
2024-02-12 00:26:29 查询号码 【1743110】，返回信息 {"status":"ok","msg":"-","gid":"185227","time_insert":"2021-07-03 22:47"}
2024-02-12 00:26:29 查询号码 【1743110】，GSD为【"-"】
2024-02-12 00:26:29 ok && -
2024-02-12 00:26:32 CHB 1743110?1707668789 第 1 次 等待 3 秒
2024-02-12 00:26:35 CHB 1743110?1707668789 第 1 次 获取到号码【1743110】GSD
2024-02-12 00:26:35 未获取到号码【1743110】GSD，可能号码格式错误
2024-02-12 00:26:35 获取到号码【1743110】的GSD为【-】
2024-02-12 00:26:39 GSD insert 第 1 次 等待 3 秒
2024-02-12 00:26:42 {"status":"bad","gid":"185227","msg":"添加失败！号码【1743110(-|-)】已存在！"}

2024-02-12 00:37:36 开始第 3193 次操作

2024-02-12 00:37:36 开始操作号码 【1743111】
2024-02-12 00:37:41 GSD getOne 第 1 次 等待 3 秒
2024-02-12 00:37:44 查询号码 【1743111】，返回信息 {"status":"ok","msg":"-","gid":"185236","time_insert":"2021-07-03 22:48"}
2024-02-12 00:37:44 查询号码 【1743111】，GSD为【"-"】
2024-02-12 00:37:44 ok && -
2024-02-12 00:37:47 CHB 1743111?1707669464 第 1 次 等待 3 秒
2024-02-12 00:37:50 CHB 1743111?1707669464 第 1 次 获取到号码【1743111】GSD
2024-02-12 00:37:50 未获取到号码【1743111】GSD，可能号码格式错误
2024-02-12 00:37:50 获取到号码【1743111】的GSD为【-】
2024-02-12 00:37:54 GSD insert 第 1 次 等待 3 秒
2024-02-12 00:37:57 {"status":"bad","gid":"185236","msg":"添加失败！号码【1743111(-|-)】已存在！"}
2024-02-12 00:37:57 随机等待 207 秒，约 3 分钟
2024-02-12 00:37:57 下次操作: 2024-02-12 00:41:24

2024-02-12 00:41:24 开始第 3194 次操作

2024-02-12 00:41:24 开始操作号码 【1743112】
2024-02-12 00:41:28 GSD getOne 第 1 次 等待 3 秒
2024-02-12 00:41:31 查询号码 【1743112】，返回信息 {"status":"ok","msg":"-","gid":"185243","time_insert":"2021-07-03 22:48"}
2024-02-12 00:41:31 查询号码 【1743112】，GSD为【"-"】
2024-02-12 00:41:31 ok && -
2024-02-12 00:41:34 CHB 1743112?1707669691 第 1 次 等待 3 秒
2024-02-12 00:41:37 CHB 1743112?1707669691 第 1 次 获取到号码【1743112】GSD
2024-02-12 00:41:37 未获取到号码【1743112】GSD，可能号码格式错误
2024-02-12 00:41:37 获取到号码【1743112】的GSD为【-】
2024-02-12 00:41:41 GSD insert 第 1 次 等待 3 秒
2024-02-12 00:41:44 {"status":"bad","gid":"185243","msg":"添加失败！号码【1743112(-|-)】已存在！"}
2024-02-12 00:41:44 随机等待 112 秒，约 1 分钟
2024-02-12 00:41:44 下次操作: 2024-02-12 00:43:36

2024-02-12 00:43:36 开始第 3195 次操作

2024-02-12 00:43:36 开始操作号码 【1743113】
2024-02-12 00:43:41 GSD getOne 第 1 次 等待 3 秒
2024-02-12 00:43:44 查询号码 【1743113】，返回信息 {"status":"ok","msg":"-","gid":"185251","time_insert":"2021-07-03 22:49"}
2024-02-12 00:43:44 查询号码 【1743113】，GSD为【"-"】
2024-02-12 00:43:44 ok && -
2024-02-12 00:43:46 CHB 1743113?1707669824 第 1 次 等待 3 秒
2024-02-12 00:43:49 CHB 1743113?1707669824 第 1 次 获取到号码【1743113】GSD
2024-02-12 00:43:49 未获取到号码【1743113】GSD，可能号码格式错误
2024-02-12 00:43:49 获取到号码【1743113】的GSD为【-】
2024-02-12 00:43:53 GSD insert 第 1 次 等待 3 秒
2024-02-12 00:43:56 {"status":"bad","gid":"185251","msg":"添加失败！号码【1743113(-|-)】已存在！"}
2024-02-12 00:43:56 随机等待 105 秒，约 1 分钟
2024-02-12 00:43:56 下次操作: 2024-02-12 00:45:41

2024-02-12 00:45:41 开始第 3196 次操作

2024-02-12 00:45:41 开始操作号码 【1743114】
2024-02-12 00:45:46 GSD getOne 第 1 次 等待 3 秒
2024-02-12 00:45:49 查询号码 【1743114】，返回信息 {"status":"ok","msg":"-","gid":"185258","time_insert":"2021-07-03 22:49"}
2024-02-12 00:45:49 查询号码 【1743114】，GSD为【"-"】
2024-02-12 00:45:49 ok && -
2024-02-12 00:45:51 CHB 1743114?1707669949 第 1 次 等待 3 秒
2024-02-12 00:45:54 CHB 1743114?1707669949 第 1 次 获取到号码【1743114】GSD
2024-02-12 00:45:54 未获取到号码【1743114】GSD，可能号码格式错误
2024-02-12 00:45:54 获取到号码【1743114】的GSD为【-】
2024-02-12 00:45:58 GSD insert 第 1 次 等待 3 秒
2024-02-12 00:46:01 {"status":"bad","gid":"185258","msg":"添加失败！号码【1743114(-|-)】已存在！"}

