2024-03-07 00:21:08 开始第 7421 次操作

2024-03-07 00:21:08 开始操作号码 【1747339】
2024-03-07 00:21:13 GSD getOne 第 1 次 等待 3 秒
2024-03-07 00:21:16 查询号码 【1747339】，返回信息 {"status":"ok","msg":"-","gid":"240397","time_insert":"2021-07-10 15:13"}
2024-03-07 00:21:16 查询号码 【1747339】，GSD为【"-"】
2024-03-07 00:21:16 ok && -
2024-03-07 00:21:19 CHB 1747339?1709742076 第 1 次 等待 3 秒
2024-03-07 00:21:22 CHB 1747339?1709742076 第 1 次 获取到号码【1747339】GSD
2024-03-07 00:21:22 未获取到号码【1747339】GSD，可能号码格式错误
2024-03-07 00:21:22 获取到号码【1747339】的GSD为【-】
2024-03-07 00:21:26 GSD insert 第 1 次 等待 3 秒
2024-03-07 00:21:29 {"status":"bad","gid":"240397","msg":"添加失败！号码【1747339(-|-)】已存在！"}
2024-03-07 00:21:29 随机等待 155 秒，约 2 分钟
2024-03-07 00:21:29 下次操作: 2024-03-07 00:24:04

2024-03-07 00:24:04 开始第 7422 次操作

2024-03-07 00:24:04 开始操作号码 【1747340】
2024-03-07 00:24:09 GSD getOne 第 1 次 等待 3 秒
2024-03-07 00:24:12 查询号码 【1747340】，返回信息 {"status":"ok","msg":"-","gid":"240404","time_insert":"2021-07-10 15:14"}
2024-03-07 00:24:12 查询号码 【1747340】，GSD为【"-"】
2024-03-07 00:24:12 ok && -
2024-03-07 00:24:14 CHB 1747340?1709742252 第 1 次 等待 3 秒
2024-03-07 00:24:17 CHB 1747340?1709742252 第 1 次 获取到号码【1747340】GSD
2024-03-07 00:24:17 未获取到号码【1747340】GSD，可能号码格式错误
2024-03-07 00:24:17 获取到号码【1747340】的GSD为【-】
2024-03-07 00:24:22 GSD insert 第 1 次 等待 3 秒
2024-03-07 00:24:25 {"status":"bad","gid":"240404","msg":"添加失败！号码【1747340(-|-)】已存在！"}
2024-03-07 00:24:25 随机等待 109 秒，约 1 分钟
2024-03-07 00:24:25 下次操作: 2024-03-07 00:26:14

2024-03-07 00:26:14 开始第 7423 次操作

2024-03-07 00:26:14 开始操作号码 【1747341】
2024-03-07 00:26:19 GSD getOne 第 1 次 等待 3 秒
2024-03-07 00:26:22 查询号码 【1747341】，返回信息 {"status":"ok","msg":"-","gid":"240408","time_insert":"2021-07-10 15:15"}
2024-03-07 00:26:22 查询号码 【1747341】，GSD为【"-"】
2024-03-07 00:26:22 ok && -
2024-03-07 00:26:25 CHB 1747341?1709742382 第 1 次 等待 3 秒
2024-03-07 00:26:28 CHB 1747341?1709742382 第 1 次 获取到号码【1747341】GSD
2024-03-07 00:26:28 未获取到号码【1747341】GSD，可能号码格式错误
2024-03-07 00:26:28 获取到号码【1747341】的GSD为【-】
2024-03-07 00:26:32 GSD insert 第 1 次 等待 3 秒
2024-03-07 00:26:35 {"status":"bad","gid":"240408","msg":"添加失败！号码【1747341(-|-)】已存在！"}
2024-03-07 00:26:35 随机等待 116 秒，约 1 分钟
2024-03-07 00:26:35 下次操作: 2024-03-07 00:28:31

2024-03-07 00:28:31 开始第 7424 次操作

2024-03-07 00:28:31 开始操作号码 【1747342】
2024-03-07 00:28:35 GSD getOne 第 1 次 等待 3 秒
2024-03-07 00:28:38 查询号码 【1747342】，返回信息 {"status":"ok","msg":"-","gid":"240411","time_insert":"2021-07-10 15:16"}
2024-03-07 00:28:38 查询号码 【1747342】，GSD为【"-"】
2024-03-07 00:28:38 ok && -
2024-03-07 00:28:41 CHB 1747342?1709742518 第 1 次 等待 3 秒
2024-03-07 00:28:44 CHB 1747342?1709742518 第 1 次 获取到号码【1747342】GSD
2024-03-07 00:28:44 未获取到号码【1747342】GSD，可能号码格式错误
2024-03-07 00:28:44 获取到号码【1747342】的GSD为【-】
2024-03-07 00:28:49 GSD insert 第 1 次 等待 3 秒
2024-03-07 00:28:52 {"status":"bad","gid":"240411","msg":"添加失败！号码【1747342(-|-)】已存在！"}

