2023-11-15 00:18:28 开始第 8573 次操作

2023-11-15 00:18:28 开始操作号码 【1958491】
2023-11-15 00:18:36 GSD getOne 第 1 次 等待 3 秒
2023-11-15 00:18:39 查询号码 【1958491】，返回信息 {"status":"ok","msg":"广东-深圳","gid":"463209","time_insert":"2021-08-01 03:19"}
2023-11-15 00:18:39 查询号码 【1958491】，GSD为【"广东-深圳"】

2023-11-15 00:18:40 开始第 8574 次操作

2023-11-15 00:18:40 开始操作号码 【1958492】
2023-11-15 00:18:43 GSD getOne 第 1 次 等待 3 秒
2023-11-15 00:18:46 查询号码 【1958492】，返回信息 {"status":"ok","msg":"广东-深圳","gid":"463204","time_insert":"2021-08-01 03:19"}
2023-11-15 00:18:46 查询号码 【1958492】，GSD为【"广东-深圳"】

2023-11-15 00:18:47 开始第 8575 次操作

2023-11-15 00:18:47 开始操作号码 【1958493】
2023-11-15 00:18:52 GSD getOne 第 1 次 等待 3 秒
2023-11-15 00:18:55 查询号码 【1958493】，返回信息 {"status":"ok","msg":"广东-深圳","gid":"463198","time_insert":"2021-08-01 03:18"}
2023-11-15 00:18:55 查询号码 【1958493】，GSD为【"广东-深圳"】

2023-11-15 00:18:56 开始第 8576 次操作

2023-11-15 00:18:56 开始操作号码 【1958494】
2023-11-15 00:18:59 GSD getOne 第 1 次 等待 3 秒
2023-11-15 00:19:02 查询号码 【1958494】，返回信息 {"status":"ok","msg":"广东-广州","gid":"463194","time_insert":"2021-08-01 03:17"}
2023-11-15 00:19:02 查询号码 【1958494】，GSD为【"广东-广州"】

