2023-12-23 00:21:34 开始第 4609 次操作

2023-12-23 00:21:34 开始操作号码 【1854528】
2023-12-23 00:21:37 GSD getOne 第 1 次 等待 3 秒
2023-12-23 00:21:41 查询号码 【1854528】，返回信息 {"status":"ok","msg":"黑龙江-黑河","gid":"461098","time_insert":"2021-07-31 22:52"}
2023-12-23 00:21:41 查询号码 【1854528】，GSD为【"黑龙江-黑河"】

2023-12-23 00:21:42 开始第 4610 次操作

2023-12-23 00:21:42 开始操作号码 【1854529】
2023-12-23 00:21:45 GSD getOne 第 1 次 等待 3 秒
2023-12-23 00:21:48 查询号码 【1854529】，返回信息 {"status":"ok","msg":"黑龙江-黑河","gid":"461088","time_insert":"2021-07-31 22:52"}
2023-12-23 00:21:48 查询号码 【1854529】，GSD为【"黑龙江-黑河"】

2023-12-23 00:21:49 开始第 4611 次操作

2023-12-23 00:21:49 开始操作号码 【1854530】
2023-12-23 00:21:55 GSD getOne 第 1 次 等待 3 秒
2023-12-23 00:21:58 查询号码 【1854530】，返回信息 {"status":"ok","msg":"黑龙江-牡丹江","gid":"461077","time_insert":"2021-07-31 22:51"}
2023-12-23 00:21:58 查询号码 【1854530】，GSD为【"黑龙江-牡丹江"】

2023-12-23 00:21:59 开始第 4612 次操作

2023-12-23 00:21:59 开始操作号码 【1854531】
2023-12-23 00:22:03 GSD getOne 第 1 次 等待 3 秒
2023-12-23 00:22:06 查询号码 【1854531】，返回信息 {"status":"ok","msg":"黑龙江-牡丹江","gid":"461064","time_insert":"2021-07-31 22:50"}
2023-12-23 00:22:06 查询号码 【1854531】，GSD为【"黑龙江-牡丹江"】

2023-12-23 00:40:00 开始第 4613 次操作

2023-12-23 00:40:00 开始操作号码 【1854532】
2023-12-23 00:40:06 GSD getOne 第 1 次 等待 3 秒
2023-12-23 00:40:09 查询号码 【1854532】，返回信息 {"status":"ok","msg":"黑龙江-鹤岗","gid":"461056","time_insert":"2021-07-31 22:50"}
2023-12-23 00:40:09 查询号码 【1854532】，GSD为【"黑龙江-鹤岗"】

2023-12-23 00:40:10 开始第 4614 次操作

2023-12-23 00:40:10 开始操作号码 【1854533】
2023-12-23 00:40:15 GSD getOne 第 1 次 等待 3 秒
2023-12-23 00:40:18 查询号码 【1854533】，返回信息 {"status":"ok","msg":"黑龙江-绥化","gid":"461048","time_insert":"2021-07-31 22:49"}
2023-12-23 00:40:18 查询号码 【1854533】，GSD为【"黑龙江-绥化"】

2023-12-23 00:40:19 开始第 4615 次操作

2023-12-23 00:40:19 开始操作号码 【1854534】
2023-12-23 00:40:24 GSD getOne 第 1 次 等待 3 秒
2023-12-23 00:40:27 查询号码 【1854534】，返回信息 {"status":"ok","msg":"黑龙江-大庆","gid":"461037","time_insert":"2021-07-31 22:49"}
2023-12-23 00:40:27 查询号码 【1854534】，GSD为【"黑龙江-大庆"】

2023-12-23 00:40:28 开始第 4616 次操作

2023-12-23 00:40:28 开始操作号码 【1854535】
2023-12-23 00:40:33 GSD getOne 第 1 次 等待 3 秒
2023-12-23 00:40:36 查询号码 【1854535】，返回信息 {"status":"ok","msg":"黑龙江-牡丹江","gid":"461028","time_insert":"2021-07-31 22:48"}
2023-12-23 00:40:36 查询号码 【1854535】，GSD为【"黑龙江-牡丹江"】

2023-12-23 01:14:33 开始第 4617 次操作

2023-12-23 01:14:33 开始操作号码 【1854536】
2023-12-23 01:14:37 GSD getOne 第 1 次 等待 3 秒
2023-12-23 01:14:40 查询号码 【1854536】，返回信息 {"status":"ok","msg":"黑龙江-牡丹江","gid":"461016","time_insert":"2021-07-31 22:47"}
2023-12-23 01:14:40 查询号码 【1854536】，GSD为【"黑龙江-牡丹江"】

2023-12-23 01:14:41 开始第 4618 次操作

2023-12-23 01:14:41 开始操作号码 【1854537】
2023-12-23 01:14:45 GSD getOne 第 1 次 等待 3 秒
2023-12-23 01:14:48 查询号码 【1854537】，返回信息 {"status":"ok","msg":"黑龙江-牡丹江","gid":"461004","time_insert":"2021-07-31 22:45"}
2023-12-23 01:14:48 查询号码 【1854537】，GSD为【"黑龙江-牡丹江"】

2023-12-23 01:14:49 开始第 4619 次操作

2023-12-23 01:14:49 开始操作号码 【1854538】
2023-12-23 01:14:54 GSD getOne 第 1 次 等待 3 秒
2023-12-23 01:14:57 查询号码 【1854538】，返回信息 {"status":"ok","msg":"黑龙江-牡丹江","gid":"460995","time_insert":"2021-07-31 22:44"}
2023-12-23 01:14:57 查询号码 【1854538】，GSD为【"黑龙江-牡丹江"】

2023-12-23 01:14:58 开始第 4620 次操作

2023-12-23 01:14:58 开始操作号码 【1854539】
2023-12-23 01:15:01 GSD getOne 第 1 次 等待 3 秒
2023-12-23 01:15:04 查询号码 【1854539】，返回信息 {"status":"ok","msg":"黑龙江-牡丹江","gid":"460990","time_insert":"2021-07-31 22:44"}
2023-12-23 01:15:04 查询号码 【1854539】，GSD为【"黑龙江-牡丹江"】

2023-12-23 01:37:47 开始第 4621 次操作

2023-12-23 01:37:47 开始操作号码 【1854540】
2023-12-23 01:37:53 GSD getOne 第 1 次 等待 3 秒
2023-12-23 01:37:56 查询号码 【1854540】，返回信息 {"status":"ok","msg":"黑龙江-佳木斯","gid":"460980","time_insert":"2021-07-31 22:42"}
2023-12-23 01:37:56 查询号码 【1854540】，GSD为【"黑龙江-佳木斯"】

2023-12-23 01:37:57 开始第 4622 次操作

2023-12-23 01:37:57 开始操作号码 【1854541】
2023-12-23 01:38:04 GSD getOne 第 1 次 等待 3 秒
2023-12-23 01:38:07 查询号码 【1854541】，返回信息 {"status":"ok","msg":"黑龙江-佳木斯","gid":"460967","time_insert":"2021-07-31 22:41"}
2023-12-23 01:38:07 查询号码 【1854541】，GSD为【"黑龙江-佳木斯"】

2023-12-23 01:38:08 开始第 4623 次操作

2023-12-23 01:38:08 开始操作号码 【1854542】
2023-12-23 01:38:12 GSD getOne 第 1 次 等待 3 秒
2023-12-23 01:38:15 查询号码 【1854542】，返回信息 {"status":"ok","msg":"黑龙江-佳木斯","gid":"460960","time_insert":"2021-07-31 22:40"}
2023-12-23 01:38:15 查询号码 【1854542】，GSD为【"黑龙江-佳木斯"】

2023-12-23 01:38:16 开始第 4624 次操作

2023-12-23 01:38:16 开始操作号码 【1854543】
2023-12-23 01:38:22 GSD getOne 第 1 次 等待 3 秒
2023-12-23 01:38:25 查询号码 【1854543】，返回信息 {"status":"ok","msg":"黑龙江-佳木斯","gid":"460943","time_insert":"2021-07-31 22:38"}
2023-12-23 01:38:25 查询号码 【1854543】，GSD为【"黑龙江-佳木斯"】

2023-12-23 02:20:36 开始第 4625 次操作

2023-12-23 02:20:36 开始操作号码 【1854544】
2023-12-23 02:20:40 GSD getOne 第 1 次 等待 3 秒
2023-12-23 02:20:43 查询号码 【1854544】，返回信息 {"status":"ok","msg":"黑龙江-佳木斯","gid":"460938","time_insert":"2021-07-31 22:37"}
2023-12-23 02:20:43 查询号码 【1854544】，GSD为【"黑龙江-佳木斯"】

2023-12-23 02:20:44 开始第 4626 次操作

2023-12-23 02:20:44 开始操作号码 【1854545】
2023-12-23 02:20:47 GSD getOne 第 1 次 等待 3 秒
2023-12-23 02:20:50 查询号码 【1854545】，返回信息 {"status":"ok","msg":"黑龙江-佳木斯","gid":"460932","time_insert":"2021-07-31 22:36"}
2023-12-23 02:20:50 查询号码 【1854545】，GSD为【"黑龙江-佳木斯"】

2023-12-23 02:20:51 开始第 4627 次操作

2023-12-23 02:20:51 开始操作号码 【1854546】
2023-12-23 02:20:55 GSD getOne 第 1 次 等待 3 秒
2023-12-23 02:20:58 查询号码 【1854546】，返回信息 {"status":"ok","msg":"黑龙江-佳木斯","gid":"460925","time_insert":"2021-07-31 22:35"}
2023-12-23 02:20:58 查询号码 【1854546】，GSD为【"黑龙江-佳木斯"】

2023-12-23 02:20:59 开始第 4628 次操作

2023-12-23 02:20:59 开始操作号码 【1854547】
2023-12-23 02:21:02 GSD getOne 第 1 次 等待 3 秒
2023-12-23 02:21:05 查询号码 【1854547】，返回信息 {"status":"ok","msg":"黑龙江-大兴安岭","gid":"460770","time_insert":"2021-07-31 22:01"}
2023-12-23 02:21:05 查询号码 【1854547】，GSD为【"黑龙江-大兴安岭"】

2023-12-23 02:37:38 开始第 4629 次操作

2023-12-23 02:37:38 开始操作号码 【1854548】
2023-12-23 02:37:45 GSD getOne 第 1 次 等待 3 秒
2023-12-23 02:37:48 查询号码 【1854548】，返回信息 {"status":"ok","msg":"黑龙江-伊春","gid":"460760","time_insert":"2021-07-31 22:01"}
2023-12-23 02:37:48 查询号码 【1854548】，GSD为【"黑龙江-伊春"】

2023-12-23 02:37:49 开始第 4630 次操作

2023-12-23 02:37:49 开始操作号码 【1854549】
2023-12-23 02:37:52 GSD getOne 第 1 次 等待 3 秒
2023-12-23 02:37:55 查询号码 【1854549】，返回信息 {"status":"ok","msg":"黑龙江-鸡西","gid":"460749","time_insert":"2021-07-31 22:00","time_update":"2021-08-05 15:52"}
2023-12-23 02:37:55 查询号码 【1854549】，GSD为【"黑龙江-鸡西"】

2023-12-23 02:37:56 开始第 4631 次操作

2023-12-23 02:37:56 开始操作号码 【1854550】
2023-12-23 02:38:01 GSD getOne 第 1 次 等待 3 秒
2023-12-23 02:38:04 查询号码 【1854550】，返回信息 {"status":"ok","msg":"黑龙江-哈尔滨","gid":"460738","time_insert":"2021-07-31 21:59"}
2023-12-23 02:38:04 查询号码 【1854550】，GSD为【"黑龙江-哈尔滨"】

2023-12-23 02:38:05 开始第 4632 次操作

2023-12-23 02:38:05 开始操作号码 【1854551】
2023-12-23 02:38:09 GSD getOne 第 1 次 等待 3 秒
2023-12-23 02:38:12 查询号码 【1854551】，返回信息 {"status":"ok","msg":"黑龙江-哈尔滨","gid":"460725","time_insert":"2021-07-31 21:59"}
2023-12-23 02:38:12 查询号码 【1854551】，GSD为【"黑龙江-哈尔滨"】

