2024-09-13 00:12:10 开始第 4337 次操作

2024-09-13 00:12:10 开始操作号码 【1414335】
2024-09-13 00:12:18 GSD getOne 第 1 次 等待 3 秒
2024-09-13 00:12:21 查询号码 【1414335】，返回信息 {"status":"ok","msg":"-","gid":"604837","time_insert":"2023-03-21 11:52"}
2024-09-13 00:12:22 查询号码 【1414335】，GSD为【"-"】
2024-09-13 00:12:22 ok && -
2024-09-13 00:12:23 CHB 1414335?1726157542 第 1 次 等待 3 秒
2024-09-13 00:12:26 CHB 1414335?1726157542 第 1 次 获取到号码【1414335】GSD
2024-09-13 00:12:27 未获取到号码【1414335】GSD，可能号码格式错误
2024-09-13 00:12:27 获取到号码【1414335】的GSD为【-】
2024-09-13 00:12:34 GSD insert 第 1 次 等待 3 秒
2024-09-13 00:12:37 {"status":"bad","gid":"604837","msg":"添加失败！号码【1414335(-|-)】已存在！"}
2024-09-13 00:12:37 随机等待 204 秒，约 3 分钟
2024-09-13 00:12:37 下次操作: 2024-09-13 00:16:01

2024-09-13 00:16:01 开始第 4338 次操作

2024-09-13 00:16:02 开始操作号码 【1414336】
2024-09-13 00:16:10 GSD getOne 第 1 次 等待 3 秒
2024-09-13 00:16:13 查询号码 【1414336】，返回信息 {"status":"ok","msg":"-","gid":"604858","time_insert":"2023-03-21 12:02"}
2024-09-13 00:16:13 查询号码 【1414336】，GSD为【"-"】
2024-09-13 00:16:13 ok && -
2024-09-13 00:17:42 CHB 1414336?1726157773 第 1 次 等待 3 秒
2024-09-13 00:17:45 CHB 1414336?1726157773 第 1 次 获取到号码【1414336】GSD
2024-09-13 00:17:45 未获取到号码【1414336】GSD，可能号码格式错误
2024-09-13 00:17:45 获取到号码【1414336】的GSD为【-】
2024-09-13 00:17:53 GSD insert 第 1 次 等待 3 秒
2024-09-13 00:17:56 {"status":"bad","gid":"604858","msg":"添加失败！号码【1414336(-|-)】已存在！"}
2024-09-13 00:17:56 随机等待 68 秒，约 1 分钟
2024-09-13 00:17:56 下次操作: 2024-09-13 00:19:04

2024-09-13 00:19:04 开始第 4339 次操作

2024-09-13 00:19:04 开始操作号码 【1414337】
2024-09-13 00:19:11 GSD getOne 第 1 次 等待 3 秒
2024-09-13 00:19:14 查询号码 【1414337】，返回信息 {"status":"ok","msg":"-","gid":"604864","time_insert":"2023-03-21 12:10"}
2024-09-13 00:19:14 查询号码 【1414337】，GSD为【"-"】
2024-09-13 00:19:14 ok && -
2024-09-13 00:19:17 CHB 1414337?1726157954 第 1 次 等待 3 秒
2024-09-13 00:19:20 CHB 1414337?1726157954 第 1 次 获取到号码【1414337】GSD
2024-09-13 00:19:20 未获取到号码【1414337】GSD，可能号码格式错误
2024-09-13 00:19:20 获取到号码【1414337】的GSD为【-】
2024-09-13 00:19:27 GSD insert 第 1 次 等待 3 秒
2024-09-13 00:19:30 {"status":"bad","gid":"604864","msg":"添加失败！号码【1414337(-|-)】已存在！"}
2024-09-13 00:19:30 随机等待 113 秒，约 1 分钟
2024-09-13 00:19:30 下次操作: 2024-09-13 00:21:23

2024-09-13 00:21:23 开始第 4340 次操作

2024-09-13 00:21:23 开始操作号码 【1414338】
2024-09-13 00:21:32 GSD getOne 第 1 次 等待 3 秒
2024-09-13 00:21:35 查询号码 【1414338】，返回信息 {"status":"ok","msg":"-","gid":"604889","time_insert":"2023-03-21 12:25"}
2024-09-13 00:21:35 查询号码 【1414338】，GSD为【"-"】
2024-09-13 00:21:35 ok && -
2024-09-13 00:21:37 CHB 1414338?1726158095 第 1 次 等待 3 秒
2024-09-13 00:21:40 CHB 1414338?1726158095 第 1 次 获取到号码【1414338】GSD
2024-09-13 00:21:40 未获取到号码【1414338】GSD，可能号码格式错误
2024-09-13 00:21:40 获取到号码【1414338】的GSD为【-】
2024-09-13 00:21:48 GSD insert 第 1 次 等待 3 秒
2024-09-13 00:21:51 {"status":"bad","gid":"604889","msg":"添加失败！号码【1414338(-|-)】已存在！"}

2024-09-13 01:09:24 开始第 4341 次操作

2024-09-13 01:09:24 开始操作号码 【1414339】
2024-09-13 01:09:32 GSD getOne 第 1 次 等待 3 秒
2024-09-13 01:09:35 查询号码 【1414339】，返回信息 {"status":"ok","msg":"-","gid":"604925","time_insert":"2023-03-21 12:47"}
2024-09-13 01:09:35 查询号码 【1414339】，GSD为【"-"】
2024-09-13 01:09:35 ok && -
2024-09-13 01:09:37 CHB 1414339?1726160975 第 1 次 等待 3 秒
2024-09-13 01:09:40 CHB 1414339?1726160975 第 1 次 获取到号码【1414339】GSD
2024-09-13 01:09:40 未获取到号码【1414339】GSD，可能号码格式错误
2024-09-13 01:09:40 获取到号码【1414339】的GSD为【-】
2024-09-13 01:09:48 GSD insert 第 1 次 等待 3 秒
2024-09-13 01:09:51 {"status":"bad","gid":"604925","msg":"添加失败！号码【1414339(-|-)】已存在！"}
2024-09-13 01:09:51 随机等待 89 秒，约 1 分钟
2024-09-13 01:09:51 下次操作: 2024-09-13 01:11:20

2024-09-13 01:11:20 开始第 4342 次操作

2024-09-13 01:11:20 开始操作号码 【1414340】
2024-09-13 01:11:27 GSD getOne 第 1 次 等待 3 秒
2024-09-13 01:11:30 查询号码 【1414340】，返回信息 {"status":"ok","msg":"-","gid":"604952","time_insert":"2023-03-21 13:08"}
2024-09-13 01:11:30 查询号码 【1414340】，GSD为【"-"】
2024-09-13 01:11:30 ok && -
2024-09-13 01:11:32 CHB 1414340?1726161090 第 1 次 等待 3 秒
2024-09-13 01:11:35 CHB 1414340?1726161090 第 1 次 获取到号码【1414340】GSD
2024-09-13 01:11:35 未获取到号码【1414340】GSD，可能号码格式错误
2024-09-13 01:11:35 获取到号码【1414340】的GSD为【-】
2024-09-13 01:11:42 GSD insert 第 1 次 等待 3 秒
2024-09-13 01:11:45 {"status":"bad","gid":"604952","msg":"添加失败！号码【1414340(-|-)】已存在！"}
2024-09-13 01:11:45 随机等待 188 秒，约 3 分钟
2024-09-13 01:11:45 下次操作: 2024-09-13 01:14:53

2024-09-13 01:14:53 开始第 4343 次操作

2024-09-13 01:14:53 开始操作号码 【1414341】
2024-09-13 01:15:01 GSD getOne 第 1 次 等待 3 秒
2024-09-13 01:15:04 查询号码 【1414341】，返回信息 {"status":"ok","msg":"-","gid":"604986","time_insert":"2023-03-21 13:31"}
2024-09-13 01:15:04 查询号码 【1414341】，GSD为【"-"】
2024-09-13 01:15:04 ok && -
2024-09-13 01:15:06 CHB 1414341?1726161304 第 1 次 等待 3 秒
2024-09-13 01:15:09 CHB 1414341?1726161304 第 1 次 获取到号码【1414341】GSD
2024-09-13 01:15:09 未获取到号码【1414341】GSD，可能号码格式错误
2024-09-13 01:15:09 获取到号码【1414341】的GSD为【-】
2024-09-13 01:15:16 GSD insert 第 1 次 等待 3 秒
2024-09-13 01:15:19 {"status":"bad","gid":"604986","msg":"添加失败！号码【1414341(-|-)】已存在！"}
2024-09-13 01:15:19 随机等待 83 秒，约 1 分钟
2024-09-13 01:15:19 下次操作: 2024-09-13 01:16:42

2024-09-13 01:16:42 开始第 4344 次操作

2024-09-13 01:16:42 开始操作号码 【1414342】
2024-09-13 01:16:50 GSD getOne 第 1 次 等待 3 秒
2024-09-13 01:16:53 查询号码 【1414342】，返回信息 {"status":"ok","msg":"-","gid":"605026","time_insert":"2023-03-21 13:54"}
2024-09-13 01:16:54 查询号码 【1414342】，GSD为【"-"】
2024-09-13 01:16:54 ok && -
2024-09-13 01:16:55 CHB 1414342?1726161414 第 1 次 等待 3 秒
2024-09-13 01:16:58 CHB 1414342?1726161414 第 1 次 获取到号码【1414342】GSD
2024-09-13 01:16:58 未获取到号码【1414342】GSD，可能号码格式错误
2024-09-13 01:16:58 获取到号码【1414342】的GSD为【-】
2024-09-13 01:17:06 GSD insert 第 1 次 等待 3 秒
2024-09-13 01:17:09 {"status":"bad","gid":"605026","msg":"添加失败！号码【1414342(-|-)】已存在！"}

2024-09-13 01:35:03 开始第 4345 次操作

2024-09-13 01:35:03 开始操作号码 【1414343】
2024-09-13 01:35:11 GSD getOne 第 1 次 等待 3 秒
2024-09-13 01:35:14 查询号码 【1414343】，返回信息 {"status":"ok","msg":"-","gid":"605051","time_insert":"2023-03-21 14:12"}
2024-09-13 01:35:14 查询号码 【1414343】，GSD为【"-"】
2024-09-13 01:35:14 ok && -
2024-09-13 01:35:16 CHB 1414343?1726162514 第 1 次 等待 3 秒
2024-09-13 01:35:19 CHB 1414343?1726162514 第 1 次 获取到号码【1414343】GSD
2024-09-13 01:35:19 未获取到号码【1414343】GSD，可能号码格式错误
2024-09-13 01:35:19 获取到号码【1414343】的GSD为【-】
2024-09-13 01:35:27 GSD insert 第 1 次 等待 3 秒
2024-09-13 01:35:30 {"status":"bad","gid":"605051","msg":"添加失败！号码【1414343(-|-)】已存在！"}
2024-09-13 01:35:30 随机等待 108 秒，约 1 分钟
2024-09-13 01:35:30 下次操作: 2024-09-13 01:37:18

2024-09-13 01:37:18 开始第 4346 次操作

2024-09-13 01:37:18 开始操作号码 【1414344】
2024-09-13 01:37:26 GSD getOne 第 1 次 等待 3 秒
2024-09-13 01:37:29 查询号码 【1414344】，返回信息 {"status":"ok","msg":"-","gid":"605074","time_insert":"2023-03-21 14:30"}
2024-09-13 01:37:29 查询号码 【1414344】，GSD为【"-"】
2024-09-13 01:37:29 ok && -
2024-09-13 01:37:35 CHB 1414344?1726162649 第 1 次 等待 3 秒
2024-09-13 01:37:38 CHB 1414344?1726162649 第 1 次 获取到号码【1414344】GSD
2024-09-13 01:37:38 未获取到号码【1414344】GSD，可能号码格式错误
2024-09-13 01:37:38 获取到号码【1414344】的GSD为【-】
2024-09-13 01:37:46 GSD insert 第 1 次 等待 3 秒
2024-09-13 01:37:49 {"status":"bad","gid":"605074","msg":"添加失败！号码【1414344(-|-)】已存在！"}
2024-09-13 01:37:49 随机等待 68 秒，约 1 分钟
2024-09-13 01:37:49 下次操作: 2024-09-13 01:38:57

2024-09-13 01:38:57 开始第 4347 次操作

2024-09-13 01:38:57 开始操作号码 【1414345】
2024-09-13 01:39:05 GSD getOne 第 1 次 等待 3 秒
2024-09-13 01:39:08 查询号码 【1414345】，返回信息 {"status":"ok","msg":"-","gid":"605108","time_insert":"2023-03-21 14:49"}
2024-09-13 01:39:08 查询号码 【1414345】，GSD为【"-"】
2024-09-13 01:39:08 ok && -
2024-09-13 01:39:09 CHB 1414345?1726162748 第 1 次 等待 3 秒
2024-09-13 01:39:12 CHB 1414345?1726162748 第 1 次 获取到号码【1414345】GSD
2024-09-13 01:39:12 未获取到号码【1414345】GSD，可能号码格式错误
2024-09-13 01:39:12 获取到号码【1414345】的GSD为【-】
2024-09-13 01:39:20 GSD insert 第 1 次 等待 3 秒
2024-09-13 01:39:23 {"status":"bad","gid":"605108","msg":"添加失败！号码【1414345(-|-)】已存在！"}
2024-09-13 01:39:23 随机等待 186 秒，约 3 分钟
2024-09-13 01:39:23 下次操作: 2024-09-13 01:42:29

2024-09-13 01:42:29 开始第 4348 次操作

2024-09-13 01:42:29 开始操作号码 【1414346】
2024-09-13 01:42:37 GSD getOne 第 1 次 等待 3 秒
2024-09-13 01:42:40 查询号码 【1414346】，返回信息 {"status":"ok","msg":"-","gid":"605142","time_insert":"2023-03-21 15:10"}
2024-09-13 01:42:40 查询号码 【1414346】，GSD为【"-"】
2024-09-13 01:42:40 ok && -
2024-09-13 01:42:43 CHB 1414346?1726162960 第 1 次 等待 3 秒
2024-09-13 01:42:46 CHB 1414346?1726162960 第 1 次 获取到号码【1414346】GSD
2024-09-13 01:42:46 未获取到号码【1414346】GSD，可能号码格式错误
2024-09-13 01:42:46 获取到号码【1414346】的GSD为【-】
2024-09-13 01:42:53 GSD insert 第 1 次 等待 3 秒
2024-09-13 01:42:56 {"status":"bad","gid":"605142","msg":"添加失败！号码【1414346(-|-)】已存在！"}

