2024-10-08 00:13:01 开始第 8717 次操作

2024-10-08 00:13:01 开始操作号码 【1418713】
2024-10-08 00:13:06 GSD getOne 第 1 次 等待 3 秒
2024-10-08 00:13:09 查询号码 【1418713】，返回信息 {"status":"ok","msg":"-","gid":"690510","time_insert":"2023-05-03 08:24"}
2024-10-08 00:13:09 查询号码 【1418713】，GSD为【"-"】
2024-10-08 00:13:09 ok && -
2024-10-08 00:13:12 CHB 1418713?1728317589 第 1 次 等待 3 秒
2024-10-08 00:13:15 CHB 1418713?1728317589 第 1 次 获取到号码【1418713】GSD
2024-10-08 00:13:15 未获取到号码【1418713】GSD，可能号码格式错误
2024-10-08 00:13:15 获取到号码【1418713】的GSD为【-】
2024-10-08 00:13:17 GSD insert 第 1 次 等待 3 秒
2024-10-08 00:13:20 {"status":"bad","gid":"690510","msg":"添加失败！号码【1418713(-|-)】已存在！"}
2024-10-08 00:13:20 随机等待 89 秒，约 1 分钟
2024-10-08 00:13:20 下次操作: 2024-10-08 00:14:49

2024-10-08 00:14:49 开始第 8718 次操作

2024-10-08 00:14:49 开始操作号码 【1418714】
2024-10-08 00:14:51 GSD getOne 第 1 次 等待 3 秒
2024-10-08 00:14:54 查询号码 【1418714】，返回信息 {"status":"ok","msg":"-","gid":"690493","time_insert":"2023-05-03 08:05"}
2024-10-08 00:14:54 查询号码 【1418714】，GSD为【"-"】
2024-10-08 00:14:54 ok && -
2024-10-08 00:14:56 CHB 1418714?1728317694 第 1 次 等待 3 秒
2024-10-08 00:14:59 CHB 1418714?1728317694 第 1 次 获取到号码【1418714】GSD
2024-10-08 00:14:59 未获取到号码【1418714】GSD，可能号码格式错误
2024-10-08 00:14:59 获取到号码【1418714】的GSD为【-】
2024-10-08 00:15:06 GSD insert 第 1 次 等待 3 秒
2024-10-08 00:15:09 {"status":"bad","gid":"690493","msg":"添加失败！号码【1418714(-|-)】已存在！"}
2024-10-08 00:15:09 随机等待 200 秒，约 3 分钟
2024-10-08 00:15:09 下次操作: 2024-10-08 00:18:29

2024-10-08 00:18:29 开始第 8719 次操作

2024-10-08 00:18:29 开始操作号码 【1418715】
2024-10-08 00:18:31 GSD getOne 第 1 次 等待 3 秒
2024-10-08 00:18:34 查询号码 【1418715】，返回信息 {"status":"ok","msg":"-","gid":"690478","time_insert":"2023-05-03 07:52"}
2024-10-08 00:18:34 查询号码 【1418715】，GSD为【"-"】
2024-10-08 00:18:34 ok && -
2024-10-08 00:23:34 CHB 1418715?1728317914 第 1 次 等待 3 秒
2024-10-08 00:23:37 CHB 1418715?1728317914 第 1 次 未获取到 等待 136 秒 下次操作: 2024-10-08 00:25:53
2024-10-08 00:25:55 CHB 1418715?1728318353 第 2 次 等待 3 秒
2024-10-08 00:25:58 CHB 1418715?1728318353 第 2 次 获取到号码【1418715】GSD
2024-10-08 00:25:58 未获取到号码【1418715】GSD，可能号码格式错误
2024-10-08 00:25:58 获取到号码【1418715】的GSD为【-】
2024-10-08 00:26:00 GSD insert 第 1 次 等待 3 秒
2024-10-08 00:26:03 {"status":"bad","gid":"690478","msg":"添加失败！号码【1418715(-|-)】已存在！"}
2024-10-08 00:26:03 随机等待 120 秒，约 2 分钟
2024-10-08 00:26:03 下次操作: 2024-10-08 00:28:03

2024-10-08 00:28:03 开始第 8720 次操作

2024-10-08 00:28:03 开始操作号码 【1418716】
2024-10-08 00:28:05 GSD getOne 第 1 次 等待 3 秒
2024-10-08 00:28:08 查询号码 【1418716】，返回信息 {"status":"ok","msg":"-","gid":"690464","time_insert":"2023-05-03 07:36"}
2024-10-08 00:28:08 查询号码 【1418716】，GSD为【"-"】
2024-10-08 00:28:08 ok && -
2024-10-08 00:28:10 CHB 1418716?1728318488 第 1 次 等待 3 秒
2024-10-08 00:28:13 CHB 1418716?1728318488 第 1 次 获取到号码【1418716】GSD
2024-10-08 00:28:13 未获取到号码【1418716】GSD，可能号码格式错误
2024-10-08 00:28:13 获取到号码【1418716】的GSD为【-】
2024-10-08 00:28:15 GSD insert 第 1 次 等待 3 秒
2024-10-08 00:28:18 {"status":"bad","gid":"690464","msg":"添加失败！号码【1418716(-|-)】已存在！"}

2024-10-08 00:42:21 开始第 8721 次操作

2024-10-08 00:42:21 开始操作号码 【1418717】
2024-10-08 00:42:23 GSD getOne 第 1 次 等待 3 秒
2024-10-08 00:42:26 查询号码 【1418717】，返回信息 {"status":"ok","msg":"-","gid":"690453","time_insert":"2023-05-03 07:24"}
2024-10-08 00:42:26 查询号码 【1418717】，GSD为【"-"】
2024-10-08 00:42:26 ok && -
2024-10-08 00:42:30 CHB 1418717?1728319346 第 1 次 等待 3 秒
2024-10-08 00:42:33 CHB 1418717?1728319346 第 1 次 获取到号码【1418717】GSD
2024-10-08 00:42:33 未获取到号码【1418717】GSD，可能号码格式错误
2024-10-08 00:42:33 获取到号码【1418717】的GSD为【-】
2024-10-08 00:42:35 GSD insert 第 1 次 等待 3 秒
2024-10-08 00:42:38 {"status":"bad","gid":"690453","msg":"添加失败！号码【1418717(-|-)】已存在！"}
2024-10-08 00:42:38 随机等待 115 秒，约 1 分钟
2024-10-08 00:42:38 下次操作: 2024-10-08 00:44:33

2024-10-08 00:44:33 开始第 8722 次操作

2024-10-08 00:44:33 开始操作号码 【1418718】
2024-10-08 00:44:40 GSD getOne 第 1 次 等待 3 秒
2024-10-08 00:44:43 查询号码 【1418718】，返回信息 {"status":"ok","msg":"-","gid":"690442","time_insert":"2023-05-03 07:13"}
2024-10-08 00:44:43 查询号码 【1418718】，GSD为【"-"】
2024-10-08 00:44:43 ok && -
2024-10-08 00:44:45 CHB 1418718?1728319483 第 1 次 等待 3 秒
2024-10-08 00:44:48 CHB 1418718?1728319483 第 1 次 获取到号码【1418718】GSD
2024-10-08 00:44:48 未获取到号码【1418718】GSD，可能号码格式错误
2024-10-08 00:44:48 获取到号码【1418718】的GSD为【-】
2024-10-08 00:44:50 GSD insert 第 1 次 等待 3 秒
2024-10-08 00:44:53 {"status":"bad","gid":"690442","msg":"添加失败！号码【1418718(-|-)】已存在！"}
2024-10-08 00:44:53 随机等待 164 秒，约 2 分钟
2024-10-08 00:44:53 下次操作: 2024-10-08 00:47:37

2024-10-08 00:47:37 开始第 8723 次操作

2024-10-08 00:47:37 开始操作号码 【1418719】
2024-10-08 00:47:39 GSD getOne 第 1 次 等待 3 秒
2024-10-08 00:47:42 查询号码 【1418719】，返回信息 {"status":"ok","msg":"-","gid":"690419","time_insert":"2023-05-03 06:52"}
2024-10-08 00:47:42 查询号码 【1418719】，GSD为【"-"】
2024-10-08 00:47:42 ok && -
2024-10-08 00:47:44 CHB 1418719?1728319662 第 1 次 等待 3 秒
2024-10-08 00:47:47 CHB 1418719?1728319662 第 1 次 获取到号码【1418719】GSD
2024-10-08 00:47:47 未获取到号码【1418719】GSD，可能号码格式错误
2024-10-08 00:47:47 获取到号码【1418719】的GSD为【-】
2024-10-08 00:47:52 GSD insert 第 1 次 等待 3 秒
2024-10-08 00:47:55 {"status":"bad","gid":"690419","msg":"添加失败！号码【1418719(-|-)】已存在！"}
2024-10-08 00:47:55 随机等待 187 秒，约 3 分钟
2024-10-08 00:47:55 下次操作: 2024-10-08 00:51:02

2024-10-08 00:51:02 开始第 8724 次操作

2024-10-08 00:51:02 开始操作号码 【1418720】
2024-10-08 00:51:04 GSD getOne 第 1 次 等待 3 秒
2024-10-08 00:51:07 查询号码 【1418720】，返回信息 {"status":"ok","msg":"-","gid":"690408","time_insert":"2023-05-03 06:39"}
2024-10-08 00:51:07 查询号码 【1418720】，GSD为【"-"】
2024-10-08 00:51:07 ok && -
2024-10-08 00:51:10 CHB 1418720?1728319867 第 1 次 等待 3 秒
2024-10-08 00:51:13 CHB 1418720?1728319867 第 1 次 获取到号码【1418720】GSD
2024-10-08 00:51:13 未获取到号码【1418720】GSD，可能号码格式错误
2024-10-08 00:51:13 获取到号码【1418720】的GSD为【-】
2024-10-08 00:51:15 GSD insert 第 1 次 等待 3 秒
2024-10-08 00:51:18 {"status":"bad","gid":"690408","msg":"添加失败！号码【1418720(-|-)】已存在！"}

