2024-06-14 00:24:30 开始第 549 次操作

2024-06-14 00:24:30 开始操作号码 【1520457】
2024-06-14 00:24:36 GSD getOne 第 1 次 等待 3 秒
2024-06-14 00:24:39 查询号码 【1520457】，返回信息 {"status":"ok","msg":"黑龙江-大兴安岭","gid":"83536","time_insert":"2021-06-07 00:47"}
2024-06-14 00:24:39 查询号码 【1520457】，GSD为【"黑龙江-大兴安岭"】

2024-06-14 00:24:40 开始第 550 次操作

2024-06-14 00:24:40 开始操作号码 【1520458】
2024-06-14 00:24:47 GSD getOne 第 1 次 等待 3 秒
2024-06-14 00:24:50 查询号码 【1520458】，返回信息 {"status":"ok","msg":"黑龙江-伊春","gid":"83554","time_insert":"2021-06-07 01:06"}
2024-06-14 00:24:50 查询号码 【1520458】，GSD为【"黑龙江-伊春"】

2024-06-14 00:24:51 开始第 551 次操作

2024-06-14 00:24:51 开始操作号码 【1520459】
2024-06-14 00:24:59 GSD getOne 第 1 次 等待 3 秒
2024-06-14 00:25:02 查询号码 【1520459】，返回信息 {"status":"ok","msg":"黑龙江-大庆","gid":"83575","time_insert":"2021-06-07 01:27"}
2024-06-14 00:25:02 查询号码 【1520459】，GSD为【"黑龙江-大庆"】

2024-06-14 00:25:03 开始第 552 次操作

2024-06-14 00:25:03 开始操作号码 【1520460】
2024-06-14 00:25:10 GSD getOne 第 1 次 等待 3 秒
2024-06-14 00:25:13 查询号码 【1520460】，返回信息 {"status":"ok","msg":"黑龙江-哈尔滨","gid":"83595","time_insert":"2021-06-07 01:45"}
2024-06-14 00:25:13 查询号码 【1520460】，GSD为【"黑龙江-哈尔滨"】

