2024-01-27 00:20:32 开始第 317 次操作

2024-01-27 00:20:32 开始操作号码 【1740236】
2024-01-27 00:20:56 GSD getOne 第 1 次 等待 3 秒
2024-01-27 00:20:59 查询号码 【1740236】，返回信息 {"status":"ok","msg":"陕西-西安","gid":"135562","time_insert":"2021-06-27 00:16"}
2024-01-27 00:20:59 查询号码 【1740236】，GSD为【"陕西-西安"】

2024-01-27 00:21:00 开始第 318 次操作

2024-01-27 00:21:00 开始操作号码 【1740237】
2024-01-27 00:21:24 GSD getOne 第 1 次 等待 3 秒
2024-01-27 00:21:27 查询号码 【1740237】，返回信息 {"status":"ok","msg":"陕西-西安","gid":"135568","time_insert":"2021-06-27 00:16"}
2024-01-27 00:21:27 查询号码 【1740237】，GSD为【"陕西-西安"】

2024-01-27 00:21:28 开始第 319 次操作

2024-01-27 00:21:28 开始操作号码 【1740238】
2024-01-27 00:21:52 GSD getOne 第 1 次 等待 3 秒
2024-01-27 00:21:55 查询号码 【1740238】，返回信息 {"status":"ok","msg":"陕西-西安","gid":"135578","time_insert":"2021-06-27 00:17"}
2024-01-27 00:21:55 查询号码 【1740238】，GSD为【"陕西-西安"】

2024-01-27 00:21:57 开始第 320 次操作

2024-01-27 00:21:57 开始操作号码 【1740239】
2024-01-27 00:22:20 GSD getOne 第 1 次 等待 3 秒
2024-01-27 00:22:23 查询号码 【1740239】，返回信息 {"status":"ok","msg":"陕西-西安","gid":"135584","time_insert":"2021-06-27 00:18"}
2024-01-27 00:22:23 查询号码 【1740239】，GSD为【"陕西-西安"】

