2024-07-12 00:22:53 开始第 5465 次操作

2024-07-12 00:22:53 开始操作号码 【1525367】
2024-07-12 00:23:02 GSD getOne 第 1 次 等待 3 秒
2024-07-12 00:23:05 查询号码 【1525367】，返回信息 {"status":"ok","msg":"山东-潍坊","gid":"400520","time_insert":"2021-07-26 11:44"}
2024-07-12 00:23:05 查询号码 【1525367】，GSD为【"山东-潍坊"】

2024-07-12 00:23:06 开始第 5466 次操作

2024-07-12 00:23:06 开始操作号码 【1525368】
2024-07-12 00:23:15 GSD getOne 第 1 次 等待 3 秒
2024-07-12 00:23:18 查询号码 【1525368】，返回信息 {"status":"ok","msg":"山东-潍坊","gid":"19397","time_insert":"2018-01-04 19:17","time_update":"2021-06-02 07:03"}
2024-07-12 00:23:18 查询号码 【1525368】，GSD为【"山东-潍坊"】

2024-07-12 00:23:19 开始第 5467 次操作

2024-07-12 00:23:19 开始操作号码 【1525369】
2024-07-12 00:23:27 GSD getOne 第 1 次 等待 3 秒
2024-07-12 00:23:30 查询号码 【1525369】，返回信息 {"status":"ok","msg":"山东-潍坊","gid":"355220","time_insert":"2021-07-22 12:48","time_update":"2021-07-26 11:44"}
2024-07-12 00:23:30 查询号码 【1525369】，GSD为【"山东-潍坊"】

2024-07-12 00:23:31 开始第 5468 次操作

2024-07-12 00:23:31 开始操作号码 【1525370】
2024-07-12 00:23:39 GSD getOne 第 1 次 等待 3 秒
2024-07-12 00:23:42 查询号码 【1525370】，返回信息 {"status":"ok","msg":"山东-济宁","gid":"400502","time_insert":"2021-07-26 11:43"}
2024-07-12 00:23:42 查询号码 【1525370】，GSD为【"山东-济宁"】

2024-07-12 00:40:57 开始第 5469 次操作

2024-07-12 00:40:57 开始操作号码 【1525371】
2024-07-12 00:41:06 GSD getOne 第 1 次 等待 3 秒
2024-07-12 00:41:09 查询号码 【1525371】，返回信息 {"status":"ok","msg":"山东-济宁","gid":"400494","time_insert":"2021-07-26 11:43"}
2024-07-12 00:41:09 查询号码 【1525371】，GSD为【"山东-济宁"】

2024-07-12 00:41:10 开始第 5470 次操作

2024-07-12 00:41:10 开始操作号码 【1525372】
2024-07-12 00:41:18 GSD getOne 第 1 次 等待 3 秒
2024-07-12 00:41:21 查询号码 【1525372】，返回信息 {"status":"ok","msg":"山东-济宁","gid":"400491","time_insert":"2021-07-26 11:42"}
2024-07-12 00:41:21 查询号码 【1525372】，GSD为【"山东-济宁"】

2024-07-12 00:41:22 开始第 5471 次操作

2024-07-12 00:41:22 开始操作号码 【1525373】
2024-07-12 00:41:30 GSD getOne 第 1 次 等待 3 秒
2024-07-12 00:41:33 查询号码 【1525373】，返回信息 {"status":"ok","msg":"山东-济宁","gid":"400488","time_insert":"2021-07-26 11:41"}
2024-07-12 00:41:33 查询号码 【1525373】，GSD为【"山东-济宁"】

2024-07-12 00:41:34 开始第 5472 次操作

2024-07-12 00:41:34 开始操作号码 【1525374】
2024-07-12 00:41:42 GSD getOne 第 1 次 等待 3 秒
2024-07-12 00:41:45 查询号码 【1525374】，返回信息 {"status":"ok","msg":"山东-济宁","gid":"400442","time_insert":"2021-07-26 11:21"}
2024-07-12 00:41:45 查询号码 【1525374】，GSD为【"山东-济宁"】

2024-07-12 01:18:03 开始第 5473 次操作

2024-07-12 01:18:03 开始操作号码 【1525375】
2024-07-12 01:18:11 GSD getOne 第 1 次 等待 3 秒
2024-07-12 01:18:14 查询号码 【1525375】，返回信息 {"status":"ok","msg":"山东-济宁","gid":"400433","time_insert":"2021-07-26 11:20"}
2024-07-12 01:18:14 查询号码 【1525375】，GSD为【"山东-济宁"】

2024-07-12 01:18:15 开始第 5474 次操作

2024-07-12 01:18:15 开始操作号码 【1525376】
2024-07-12 01:18:24 GSD getOne 第 1 次 等待 3 秒
2024-07-12 01:18:27 查询号码 【1525376】，返回信息 {"status":"ok","msg":"山东-济宁","gid":"400426","time_insert":"2021-07-26 11:19"}
2024-07-12 01:18:27 查询号码 【1525376】，GSD为【"山东-济宁"】

2024-07-12 01:18:28 开始第 5475 次操作

2024-07-12 01:18:28 开始操作号码 【1525377】
2024-07-12 01:18:36 GSD getOne 第 1 次 等待 3 秒
2024-07-12 01:18:39 查询号码 【1525377】，返回信息 {"status":"ok","msg":"山东-济宁","gid":"400419","time_insert":"2021-07-26 11:19"}
2024-07-12 01:18:39 查询号码 【1525377】，GSD为【"山东-济宁"】

2024-07-12 01:18:40 开始第 5476 次操作

2024-07-12 01:18:40 开始操作号码 【1525378】
2024-07-12 01:18:48 GSD getOne 第 1 次 等待 3 秒
2024-07-12 01:18:51 查询号码 【1525378】，返回信息 {"status":"ok","msg":"山东-济宁","gid":"400411","time_insert":"2021-07-26 11:18"}
2024-07-12 01:18:51 查询号码 【1525378】，GSD为【"山东-济宁"】

