2024-01-18 00:23:02 开始第 9205 次操作

2024-01-18 00:23:02 开始操作号码 【1859124】
2024-01-18 00:23:06 GSD getOne 第 1 次 等待 3 秒
2024-01-18 00:23:09 查询号码 【1859124】，返回信息 {"status":"ok","msg":"陕西-榆林","gid":"412955","time_insert":"2021-07-27 12:59"}
2024-01-18 00:23:09 查询号码 【1859124】，GSD为【"陕西-榆林"】

2024-01-18 00:23:10 开始第 9206 次操作

2024-01-18 00:23:10 开始操作号码 【1859125】
2024-01-18 00:23:14 GSD getOne 第 1 次 等待 3 秒
2024-01-18 00:23:17 查询号码 【1859125】，返回信息 {"status":"ok","msg":"陕西-榆林","gid":"412944","time_insert":"2021-07-27 12:58"}
2024-01-18 00:23:17 查询号码 【1859125】，GSD为【"陕西-榆林"】

2024-01-18 00:23:18 开始第 9207 次操作

2024-01-18 00:23:18 开始操作号码 【1859126】
2024-01-18 00:23:24 GSD getOne 第 1 次 等待 3 秒
2024-01-18 00:23:27 查询号码 【1859126】，返回信息 {"status":"ok","msg":"陕西-榆林","gid":"412932","time_insert":"2021-07-27 12:58"}
2024-01-18 00:23:27 查询号码 【1859126】，GSD为【"陕西-榆林"】

2024-01-18 00:23:28 开始第 9208 次操作

2024-01-18 00:23:28 开始操作号码 【1859127】
2024-01-18 00:23:31 GSD getOne 第 1 次 等待 3 秒
2024-01-18 00:23:34 查询号码 【1859127】，返回信息 {"status":"ok","msg":"陕西-榆林","gid":"412917","time_insert":"2021-07-27 12:57"}
2024-01-18 00:23:34 查询号码 【1859127】，GSD为【"陕西-榆林"】

