2023-10-08 00:19:21 开始第 2061 次操作

2023-10-08 00:19:21 开始操作号码 【1952060】
2023-10-08 00:19:27 GSD getOne 第 1 次 等待 3 秒
2023-10-08 00:19:30 查询号码 【1952060】，返回信息 {"status":"ok","msg":"广东-深圳","gid":"514846","time_insert":"2021-08-17 11:40"}
2023-10-08 00:19:30 查询号码 【1952060】，GSD为【"广东-深圳"】

2023-10-08 00:19:31 开始第 2062 次操作

2023-10-08 00:19:31 开始操作号码 【1952061】
2023-10-08 00:19:37 GSD getOne 第 1 次 等待 3 秒
2023-10-08 00:19:40 查询号码 【1952061】，返回信息 {"status":"ok","msg":"广东-深圳","gid":"514853","time_insert":"2021-08-17 11:44"}
2023-10-08 00:19:40 查询号码 【1952061】，GSD为【"广东-深圳"】

2023-10-08 00:19:41 开始第 2063 次操作

2023-10-08 00:19:41 开始操作号码 【1952062】
2023-10-08 00:19:48 GSD getOne 第 1 次 等待 3 秒
2023-10-08 00:19:51 查询号码 【1952062】，返回信息 {"status":"ok","msg":"广东-深圳","gid":"514872","time_insert":"2021-08-17 11:59"}
2023-10-08 00:19:51 查询号码 【1952062】，GSD为【"广东-深圳"】

2023-10-08 00:19:52 开始第 2064 次操作

2023-10-08 00:19:52 开始操作号码 【1952063】
2023-10-08 00:20:03 GSD getOne 第 1 次 等待 3 秒
2023-10-08 00:20:06 查询号码 【1952063】，返回信息 {"status":"ok","msg":"广东-深圳","gid":"514873","time_insert":"2021-08-17 11:59"}
2023-10-08 00:20:06 查询号码 【1952063】，GSD为【"广东-深圳"】

2023-10-08 00:37:39 开始第 2065 次操作

2023-10-08 00:37:39 开始操作号码 【1952064】
2023-10-08 00:37:47 GSD getOne 第 1 次 等待 3 秒
2023-10-08 00:37:50 查询号码 【1952064】，返回信息 {"status":"ok","msg":"广东-深圳","gid":"514879","time_insert":"2021-08-17 12:03"}
2023-10-08 00:37:51 查询号码 【1952064】，GSD为【"广东-深圳"】

2023-10-08 00:37:52 开始第 2066 次操作

2023-10-08 00:37:52 开始操作号码 【1952065】
2023-10-08 00:37:58 GSD getOne 第 1 次 等待 3 秒
2023-10-08 00:38:01 查询号码 【1952065】，返回信息 {"status":"ok","msg":"广东-深圳","gid":"514899","time_insert":"2021-08-17 12:18"}
2023-10-08 00:38:01 查询号码 【1952065】，GSD为【"广东-深圳"】

2023-10-08 00:38:02 开始第 2067 次操作

2023-10-08 00:38:02 开始操作号码 【1952066】
2023-10-08 00:38:12 GSD getOne 第 1 次 等待 3 秒
2023-10-08 00:38:15 查询号码 【1952066】，返回信息 {"status":"ok","msg":"广东-深圳","gid":"514901","time_insert":"2021-08-17 12:19"}
2023-10-08 00:38:15 查询号码 【1952066】，GSD为【"广东-深圳"】

2023-10-08 00:38:16 开始第 2068 次操作

2023-10-08 00:38:16 开始操作号码 【1952067】
2023-10-08 00:38:19 GSD getOne 第 1 次 等待 3 秒
2023-10-08 00:38:22 查询号码 【1952067】，返回信息 {"status":"ok","msg":"广东-深圳","gid":"514905","time_insert":"2021-08-17 12:21"}
2023-10-08 00:38:22 查询号码 【1952067】，GSD为【"广东-深圳"】

2023-10-08 01:12:58 开始第 2069 次操作

2023-10-08 01:12:58 开始操作号码 【1952068】
2023-10-08 01:13:02 GSD getOne 第 1 次 等待 3 秒
2023-10-08 01:13:05 查询号码 【1952068】，返回信息 {"status":"ok","msg":"广东-深圳","gid":"514922","time_insert":"2021-08-17 12:34"}
2023-10-08 01:13:05 查询号码 【1952068】，GSD为【"广东-深圳"】

2023-10-08 01:13:06 开始第 2070 次操作

2023-10-08 01:13:06 开始操作号码 【1952069】
2023-10-08 01:13:12 GSD getOne 第 1 次 等待 3 秒
2023-10-08 01:13:15 查询号码 【1952069】，返回信息 {"status":"ok","msg":"广东-深圳","gid":"514923","time_insert":"2021-08-17 12:35"}
2023-10-08 01:13:15 查询号码 【1952069】，GSD为【"广东-深圳"】

2023-10-08 01:13:16 开始第 2071 次操作

2023-10-08 01:13:16 开始操作号码 【1952070】
2023-10-08 01:13:23 GSD getOne 第 1 次 等待 3 秒
2023-10-08 01:13:26 查询号码 【1952070】，返回信息 {"status":"ok","msg":"广东-深圳","gid":"514933","time_insert":"2021-08-17 12:41"}
2023-10-08 01:13:26 查询号码 【1952070】，GSD为【"广东-深圳"】

2023-10-08 01:13:27 开始第 2072 次操作

2023-10-08 01:13:27 开始操作号码 【1952071】
2023-10-08 01:13:30 GSD getOne 第 1 次 等待 3 秒
2023-10-08 01:13:33 查询号码 【1952071】，返回信息 {"status":"ok","msg":"广东-深圳","gid":"514942","time_insert":"2021-08-17 12:49"}
2023-10-08 01:13:33 查询号码 【1952071】，GSD为【"广东-深圳"】

2023-10-08 01:37:21 开始第 2073 次操作

2023-10-08 01:37:21 开始操作号码 【1952072】
2023-10-08 01:37:25 GSD getOne 第 1 次 等待 3 秒
2023-10-08 01:37:28 查询号码 【1952072】，返回信息 {"status":"ok","msg":"广东-深圳","gid":"514950","time_insert":"2021-08-17 12:53"}
2023-10-08 01:37:28 查询号码 【1952072】，GSD为【"广东-深圳"】

2023-10-08 01:37:29 开始第 2074 次操作

2023-10-08 01:37:29 开始操作号码 【1952073】
2023-10-08 01:37:55 GSD getOne 第 1 次 等待 3 秒
2023-10-08 01:37:58 查询号码 【1952073】，返回信息 {"status":"ok","msg":"广东-深圳","gid":"514959","time_insert":"2021-08-17 13:00"}
2023-10-08 01:37:58 查询号码 【1952073】，GSD为【"广东-深圳"】

2023-10-08 01:37:59 开始第 2075 次操作

2023-10-08 01:37:59 开始操作号码 【1952074】
2023-10-08 01:38:03 GSD getOne 第 1 次 等待 3 秒
2023-10-08 01:38:06 查询号码 【1952074】，返回信息 {"status":"ok","msg":"广东-深圳","gid":"514972","time_insert":"2021-08-17 13:09"}
2023-10-08 01:38:06 查询号码 【1952074】，GSD为【"广东-深圳"】

2023-10-08 01:38:07 开始第 2076 次操作

2023-10-08 01:38:07 开始操作号码 【1952075】
2023-10-08 01:38:14 GSD getOne 第 1 次 等待 3 秒
2023-10-08 01:38:17 查询号码 【1952075】，返回信息 {"status":"ok","msg":"广东-深圳","gid":"514976","time_insert":"2021-08-17 13:11"}
2023-10-08 01:38:17 查询号码 【1952075】，GSD为【"广东-深圳"】

2023-10-08 02:19:32 开始第 2077 次操作

2023-10-08 02:19:32 开始操作号码 【1952076】
2023-10-08 02:19:38 GSD getOne 第 1 次 等待 3 秒
2023-10-08 02:19:41 查询号码 【1952076】，返回信息 {"status":"ok","msg":"广东-深圳","gid":"514980","time_insert":"2021-08-17 13:16"}
2023-10-08 02:19:41 查询号码 【1952076】，GSD为【"广东-深圳"】

2023-10-08 02:19:42 开始第 2078 次操作

2023-10-08 02:19:42 开始操作号码 【1952077】
2023-10-08 02:19:46 GSD getOne 第 1 次 等待 3 秒
2023-10-08 02:19:49 查询号码 【1952077】，返回信息 {"status":"ok","msg":"广东-深圳","gid":"514994","time_insert":"2021-08-17 13:25"}
2023-10-08 02:19:49 查询号码 【1952077】，GSD为【"广东-深圳"】

2023-10-08 02:19:50 开始第 2079 次操作

2023-10-08 02:19:50 开始操作号码 【1952078】
2023-10-08 02:19:52 GSD getOne 第 1 次 等待 3 秒
2023-10-08 02:19:55 查询号码 【1952078】，返回信息 {"status":"ok","msg":"广东-深圳","gid":"515003","time_insert":"2021-08-17 13:31"}
2023-10-08 02:19:55 查询号码 【1952078】，GSD为【"广东-深圳"】

2023-10-08 02:19:56 开始第 2080 次操作

2023-10-08 02:19:56 开始操作号码 【1952079】
2023-10-08 02:20:00 GSD getOne 第 1 次 等待 3 秒
2023-10-08 02:20:03 查询号码 【1952079】，返回信息 {"status":"ok","msg":"广东-深圳","gid":"515010","time_insert":"2021-08-17 13:36"}
2023-10-08 02:20:03 查询号码 【1952079】，GSD为【"广东-深圳"】

2023-10-08 02:37:25 开始第 2081 次操作

2023-10-08 02:37:25 开始操作号码 【1952080】
2023-10-08 02:37:29 GSD getOne 第 1 次 等待 3 秒
2023-10-08 02:37:32 查询号码 【1952080】，返回信息 {"status":"ok","msg":"广东-深圳","gid":"515020","time_insert":"2021-08-17 13:44"}
2023-10-08 02:37:32 查询号码 【1952080】，GSD为【"广东-深圳"】

2023-10-08 02:37:33 开始第 2082 次操作

2023-10-08 02:37:33 开始操作号码 【1952081】
2023-10-08 02:37:38 GSD getOne 第 1 次 等待 3 秒
2023-10-08 02:37:41 查询号码 【1952081】，返回信息 {"status":"ok","msg":"广东-深圳","gid":"515030","time_insert":"2021-08-17 13:51"}
2023-10-08 02:37:41 查询号码 【1952081】，GSD为【"广东-深圳"】

2023-10-08 02:37:42 开始第 2083 次操作

2023-10-08 02:37:42 开始操作号码 【1952082】
2023-10-08 02:37:46 GSD getOne 第 1 次 等待 3 秒
2023-10-08 02:37:49 查询号码 【1952082】，返回信息 {"status":"ok","msg":"广东-深圳","gid":"515033","time_insert":"2021-08-17 13:53"}
2023-10-08 02:37:49 查询号码 【1952082】，GSD为【"广东-深圳"】

2023-10-08 02:37:50 开始第 2084 次操作

2023-10-08 02:37:50 开始操作号码 【1952083】
2023-10-08 02:37:52 GSD getOne 第 1 次 等待 3 秒
2023-10-08 02:37:55 查询号码 【1952083】，返回信息 {"status":"ok","msg":"广东-深圳","gid":"515059","time_insert":"2021-08-17 14:04"}
2023-10-08 02:37:55 查询号码 【1952083】，GSD为【"广东-深圳"】

2023-10-08 03:11:43 开始第 2085 次操作

2023-10-08 03:11:43 开始操作号码 【1952084】
2023-10-08 03:11:49 GSD getOne 第 1 次 等待 3 秒
2023-10-08 03:11:52 查询号码 【1952084】，返回信息 {"status":"ok","msg":"广东-深圳","gid":"515066","time_insert":"2021-08-17 14:10"}
2023-10-08 03:11:52 查询号码 【1952084】，GSD为【"广东-深圳"】

2023-10-08 03:11:53 开始第 2086 次操作

2023-10-08 03:11:53 开始操作号码 【1952085】
2023-10-08 03:12:02 GSD getOne 第 1 次 等待 3 秒
2023-10-08 03:12:05 查询号码 【1952085】，返回信息 {"status":"ok","msg":"广东-深圳","gid":"515067","time_insert":"2021-08-17 14:11"}
2023-10-08 03:12:05 查询号码 【1952085】，GSD为【"广东-深圳"】

2023-10-08 03:12:06 开始第 2087 次操作

2023-10-08 03:12:06 开始操作号码 【1952086】
2023-10-08 03:12:09 GSD getOne 第 1 次 等待 3 秒
2023-10-08 03:12:12 查询号码 【1952086】，返回信息 {"status":"ok","msg":"广东-深圳","gid":"515072","time_insert":"2021-08-17 14:13"}
2023-10-08 03:12:12 查询号码 【1952086】，GSD为【"广东-深圳"】

2023-10-08 03:12:13 开始第 2088 次操作

2023-10-08 03:12:13 开始操作号码 【1952087】
2023-10-08 03:12:16 GSD getOne 第 1 次 等待 3 秒
2023-10-08 03:12:19 查询号码 【1952087】，返回信息 {"status":"ok","msg":"广东-深圳","gid":"515085","time_insert":"2021-08-17 14:23"}
2023-10-08 03:12:19 查询号码 【1952087】，GSD为【"广东-深圳"】

2023-10-08 03:37:36 开始第 2089 次操作

2023-10-08 03:37:36 开始操作号码 【1952088】
2023-10-08 03:37:42 GSD getOne 第 1 次 等待 3 秒
2023-10-08 03:37:45 查询号码 【1952088】，返回信息 {"status":"ok","msg":"广东-深圳","gid":"515092","time_insert":"2021-08-17 14:28"}
2023-10-08 03:37:45 查询号码 【1952088】，GSD为【"广东-深圳"】

2023-10-08 03:37:46 开始第 2090 次操作

2023-10-08 03:37:46 开始操作号码 【1952089】
2023-10-08 03:37:49 GSD getOne 第 1 次 等待 3 秒
2023-10-08 03:37:52 查询号码 【1952089】，返回信息 {"status":"ok","msg":"广东-深圳","gid":"515097","time_insert":"2021-08-17 14:29"}
2023-10-08 03:37:52 查询号码 【1952089】，GSD为【"广东-深圳"】

2023-10-08 03:37:53 开始第 2091 次操作

2023-10-08 03:37:53 开始操作号码 【1952090】
2023-10-08 03:37:59 GSD getOne 第 1 次 等待 3 秒
2023-10-08 03:38:02 查询号码 【1952090】，返回信息 {"status":"ok","msg":"广东-广州","gid":"515098","time_insert":"2021-08-17 14:30"}
2023-10-08 03:38:02 查询号码 【1952090】，GSD为【"广东-广州"】

2023-10-08 03:38:03 开始第 2092 次操作

2023-10-08 03:38:03 开始操作号码 【1952091】
2023-10-08 03:38:06 GSD getOne 第 1 次 等待 3 秒
2023-10-08 03:38:09 查询号码 【1952091】，返回信息 {"status":"ok","msg":"广东-广州","gid":"515113","time_insert":"2021-08-17 14:41"}
2023-10-08 03:38:09 查询号码 【1952091】，GSD为【"广东-广州"】

2023-10-08 04:15:34 开始第 2093 次操作

2023-10-08 04:15:34 开始操作号码 【1952092】
2023-10-08 04:15:37 GSD getOne 第 1 次 等待 3 秒
2023-10-08 04:15:40 查询号码 【1952092】，返回信息 {"status":"ok","msg":"广东-广州","gid":"515121","time_insert":"2021-08-17 14:46"}
2023-10-08 04:15:40 查询号码 【1952092】，GSD为【"广东-广州"】

2023-10-08 04:15:41 开始第 2094 次操作

2023-10-08 04:15:41 开始操作号码 【1952093】
2023-10-08 04:15:44 GSD getOne 第 1 次 等待 3 秒
2023-10-08 04:15:47 查询号码 【1952093】，返回信息 {"status":"ok","msg":"广东-广州","gid":"515127","time_insert":"2021-08-17 14:49"}
2023-10-08 04:15:47 查询号码 【1952093】，GSD为【"广东-广州"】

2023-10-08 04:15:48 开始第 2095 次操作

2023-10-08 04:15:48 开始操作号码 【1952094】
2023-10-08 04:15:51 GSD getOne 第 1 次 等待 3 秒
2023-10-08 04:15:54 查询号码 【1952094】，返回信息 {"status":"ok","msg":"广东-广州","gid":"515130","time_insert":"2021-08-17 14:50"}
2023-10-08 04:15:54 查询号码 【1952094】，GSD为【"广东-广州"】

2023-10-08 04:15:55 开始第 2096 次操作

2023-10-08 04:15:55 开始操作号码 【1952095】
2023-10-08 04:15:57 GSD getOne 第 1 次 等待 3 秒
2023-10-08 04:16:00 查询号码 【1952095】，返回信息 {"status":"ok","msg":"广东-广州","gid":"515149","time_insert":"2021-08-17 14:59"}
2023-10-08 04:16:00 查询号码 【1952095】，GSD为【"广东-广州"】

2023-10-08 04:37:40 开始第 2097 次操作

2023-10-08 04:37:40 开始操作号码 【1952096】
2023-10-08 04:37:45 GSD getOne 第 1 次 等待 3 秒
2023-10-08 04:37:48 查询号码 【1952096】，返回信息 {"status":"ok","msg":"广东-广州","gid":"515161","time_insert":"2021-08-17 15:04"}
2023-10-08 04:37:48 查询号码 【1952096】，GSD为【"广东-广州"】

2023-10-08 04:37:49 开始第 2098 次操作

2023-10-08 04:37:49 开始操作号码 【1952097】
2023-10-08 04:37:53 GSD getOne 第 1 次 等待 3 秒
2023-10-08 04:37:56 查询号码 【1952097】，返回信息 {"status":"ok","msg":"广东-广州","gid":"515168","time_insert":"2021-08-17 15:07"}
2023-10-08 04:37:56 查询号码 【1952097】，GSD为【"广东-广州"】

2023-10-08 04:37:57 开始第 2099 次操作

2023-10-08 04:37:57 开始操作号码 【1952098】
2023-10-08 04:38:03 GSD getOne 第 1 次 等待 3 秒
2023-10-08 04:38:06 查询号码 【1952098】，返回信息 {"status":"ok","msg":"广东-广州","gid":"515174","time_insert":"2021-08-17 15:10"}
2023-10-08 04:38:06 查询号码 【1952098】，GSD为【"广东-广州"】

2023-10-08 04:38:07 开始第 2100 次操作

2023-10-08 04:38:07 开始操作号码 【1952099】
2023-10-08 04:38:09 GSD getOne 第 1 次 等待 3 秒
2023-10-08 04:38:12 查询号码 【1952099】，返回信息 {"status":"ok","msg":"广东-广州","gid":"515186","time_insert":"2021-08-17 15:18"}
2023-10-08 04:38:12 查询号码 【1952099】，GSD为【"广东-广州"】

2023-10-08 05:12:57 开始第 2101 次操作

2023-10-08 05:12:57 开始操作号码 【1952100】
2023-10-08 05:13:00 GSD getOne 第 1 次 等待 3 秒
2023-10-08 05:13:03 查询号码 【1952100】，返回信息 {"status":"ok","msg":"广东-广州","gid":"515190","time_insert":"2021-08-17 15:20"}
2023-10-08 05:13:03 查询号码 【1952100】，GSD为【"广东-广州"】

2023-10-08 05:13:04 开始第 2102 次操作

2023-10-08 05:13:04 开始操作号码 【1952101】
2023-10-08 05:13:06 GSD getOne 第 1 次 等待 3 秒
2023-10-08 05:13:09 查询号码 【1952101】，返回信息 {"status":"ok","msg":"广东-广州","gid":"515200","time_insert":"2021-08-17 15:27"}
2023-10-08 05:13:09 查询号码 【1952101】，GSD为【"广东-广州"】

2023-10-08 05:13:11 开始第 2103 次操作

2023-10-08 05:13:11 开始操作号码 【1952102】
2023-10-08 05:13:13 GSD getOne 第 1 次 等待 3 秒
2023-10-08 05:13:16 查询号码 【1952102】，返回信息 {"status":"ok","msg":"广东-广州","gid":"515207","time_insert":"2021-08-17 15:30"}
2023-10-08 05:13:16 查询号码 【1952102】，GSD为【"广东-广州"】

2023-10-08 05:13:17 开始第 2104 次操作

2023-10-08 05:13:17 开始操作号码 【1952103】
2023-10-08 05:13:20 GSD getOne 第 1 次 等待 3 秒
2023-10-08 05:13:23 查询号码 【1952103】，返回信息 {"status":"ok","msg":"广东-广州","gid":"515221","time_insert":"2021-08-17 15:39"}
2023-10-08 05:13:23 查询号码 【1952103】，GSD为【"广东-广州"】

2023-10-08 05:37:18 开始第 2105 次操作

2023-10-08 05:37:18 开始操作号码 【1952104】
2023-10-08 05:37:22 GSD getOne 第 1 次 等待 3 秒
2023-10-08 05:37:25 查询号码 【1952104】，返回信息 {"status":"ok","msg":"广东-广州","gid":"515224","time_insert":"2021-08-17 15:40"}
2023-10-08 05:37:25 查询号码 【1952104】，GSD为【"广东-广州"】

2023-10-08 05:37:26 开始第 2106 次操作

2023-10-08 05:37:26 开始操作号码 【1952105】
2023-10-08 05:37:29 GSD getOne 第 1 次 等待 3 秒
2023-10-08 05:37:32 查询号码 【1952105】，返回信息 {"status":"ok","msg":"广东-广州","gid":"515231","time_insert":"2021-08-17 15:43"}
2023-10-08 05:37:32 查询号码 【1952105】，GSD为【"广东-广州"】

2023-10-08 05:37:33 开始第 2107 次操作

2023-10-08 05:37:33 开始操作号码 【1952106】
2023-10-08 05:37:36 GSD getOne 第 1 次 等待 3 秒
2023-10-08 05:37:39 查询号码 【1952106】，返回信息 {"status":"ok","msg":"广东-广州","gid":"515243","time_insert":"2021-08-17 15:47"}
2023-10-08 05:37:39 查询号码 【1952106】，GSD为【"广东-广州"】

2023-10-08 05:37:40 开始第 2108 次操作

2023-10-08 05:37:40 开始操作号码 【1952107】
2023-10-08 05:37:43 GSD getOne 第 1 次 等待 3 秒
2023-10-08 05:37:46 查询号码 【1952107】，返回信息 {"status":"ok","msg":"广东-广州","gid":"515274","time_insert":"2021-08-17 15:57"}
2023-10-08 05:37:46 查询号码 【1952107】，GSD为【"广东-广州"】

2023-10-08 06:14:25 开始第 2109 次操作

2023-10-08 06:14:25 开始操作号码 【1952108】
2023-10-08 06:14:27 GSD getOne 第 1 次 等待 3 秒
2023-10-08 06:14:30 查询号码 【1952108】，返回信息 {"status":"ok","msg":"广东-广州","gid":"515278","time_insert":"2021-08-17 15:57"}
2023-10-08 06:14:30 查询号码 【1952108】，GSD为【"广东-广州"】

2023-10-08 06:14:31 开始第 2110 次操作

2023-10-08 06:14:31 开始操作号码 【1952109】
2023-10-08 06:14:34 GSD getOne 第 1 次 等待 3 秒
2023-10-08 06:14:37 查询号码 【1952109】，返回信息 {"status":"ok","msg":"广东-广州","gid":"515293","time_insert":"2021-08-17 16:04"}
2023-10-08 06:14:37 查询号码 【1952109】，GSD为【"广东-广州"】

2023-10-08 06:14:38 开始第 2111 次操作

2023-10-08 06:14:38 开始操作号码 【1952110】
2023-10-08 06:14:44 GSD getOne 第 1 次 等待 3 秒
2023-10-08 06:14:47 查询号码 【1952110】，返回信息 {"status":"ok","msg":"广东-广州","gid":"515301","time_insert":"2021-08-17 16:08"}
2023-10-08 06:14:47 查询号码 【1952110】，GSD为【"广东-广州"】

2023-10-08 06:14:48 开始第 2112 次操作

2023-10-08 06:14:48 开始操作号码 【1952111】
2023-10-08 06:14:51 GSD getOne 第 1 次 等待 3 秒
2023-10-08 06:14:54 查询号码 【1952111】，返回信息 {"status":"ok","msg":"湖北-武汉","gid":"515317","time_insert":"2021-08-17 16:13","time_update":"2023-06-10 15:10"}
2023-10-08 06:14:54 查询号码 【1952111】，GSD为【"湖北-武汉"】

2023-10-08 06:37:41 开始第 2113 次操作

2023-10-08 06:37:41 开始操作号码 【1952112】
2023-10-08 06:37:45 GSD getOne 第 1 次 等待 3 秒
2023-10-08 06:37:48 查询号码 【1952112】，返回信息 {"status":"ok","msg":"广东-广州","gid":"515348","time_insert":"2021-08-17 16:30"}
2023-10-08 06:37:48 查询号码 【1952112】，GSD为【"广东-广州"】

2023-10-08 06:37:49 开始第 2114 次操作

2023-10-08 06:37:49 开始操作号码 【1952113】
2023-10-08 06:37:51 GSD getOne 第 1 次 等待 3 秒
2023-10-08 06:37:54 查询号码 【1952113】，返回信息 {"status":"ok","msg":"广东-广州","gid":"515367","time_insert":"2021-08-17 16:36"}
2023-10-08 06:37:54 查询号码 【1952113】，GSD为【"广东-广州"】

2023-10-08 06:37:55 开始第 2115 次操作

2023-10-08 06:37:55 开始操作号码 【1952114】
2023-10-08 06:37:59 GSD getOne 第 1 次 等待 3 秒
2023-10-08 06:38:02 查询号码 【1952114】，返回信息 {"status":"ok","msg":"广东-广州","gid":"515368","time_insert":"2021-08-17 16:42"}
2023-10-08 06:38:02 查询号码 【1952114】，GSD为【"广东-广州"】

2023-10-08 06:38:03 开始第 2116 次操作

2023-10-08 06:38:03 开始操作号码 【1952115】
2023-10-08 06:38:12 GSD getOne 第 1 次 等待 3 秒
2023-10-08 06:38:15 查询号码 【1952115】，返回信息 {"status":"ok","msg":"广东-广州","gid":"515374","time_insert":"2021-08-17 16:44"}
2023-10-08 06:38:15 查询号码 【1952115】，GSD为【"广东-广州"】

2023-10-08 07:14:44 开始第 2117 次操作

2023-10-08 07:14:44 开始操作号码 【1952116】
2023-10-08 07:15:10 GSD getOne 第 1 次 等待 3 秒
2023-10-08 07:15:13 查询号码 【1952116】，返回信息 {"status":"ok","msg":"广东-广州","gid":"515381","time_insert":"2021-08-17 16:46"}
2023-10-08 07:15:13 查询号码 【1952116】，GSD为【"广东-广州"】

2023-10-08 07:15:14 开始第 2118 次操作

2023-10-08 07:15:14 开始操作号码 【1952117】
2023-10-08 07:15:17 GSD getOne 第 1 次 等待 3 秒
2023-10-08 07:15:20 查询号码 【1952117】，返回信息 {"status":"ok","msg":"广东-广州","gid":"515400","time_insert":"2021-08-17 16:57"}
2023-10-08 07:15:20 查询号码 【1952117】，GSD为【"广东-广州"】

2023-10-08 07:15:21 开始第 2119 次操作

2023-10-08 07:15:21 开始操作号码 【1952118】
2023-10-08 07:15:24 GSD getOne 第 1 次 等待 3 秒
2023-10-08 07:15:27 查询号码 【1952118】，返回信息 {"status":"ok","msg":"广东-广州","gid":"515406","time_insert":"2021-08-17 17:00"}
2023-10-08 07:15:27 查询号码 【1952118】，GSD为【"广东-广州"】

2023-10-08 07:15:28 开始第 2120 次操作

2023-10-08 07:15:28 开始操作号码 【1952119】
2023-10-08 07:15:32 GSD getOne 第 1 次 等待 3 秒
2023-10-08 07:15:35 查询号码 【1952119】，返回信息 {"status":"ok","msg":"广东-广州","gid":"515409","time_insert":"2021-08-17 17:01"}
2023-10-08 07:15:35 查询号码 【1952119】，GSD为【"广东-广州"】

2023-10-08 07:37:41 开始第 2121 次操作

2023-10-08 07:37:41 开始操作号码 【1952120】
2023-10-08 07:37:43 GSD getOne 第 1 次 等待 3 秒
2023-10-08 07:37:46 查询号码 【1952120】，返回信息 {"status":"ok","msg":"广东-广州","gid":"515416","time_insert":"2021-08-17 17:05"}
2023-10-08 07:37:46 查询号码 【1952120】，GSD为【"广东-广州"】

2023-10-08 07:37:47 开始第 2122 次操作

2023-10-08 07:37:47 开始操作号码 【1952121】
2023-10-08 07:37:50 GSD getOne 第 1 次 等待 3 秒
2023-10-08 07:37:53 查询号码 【1952121】，返回信息 {"status":"ok","msg":"广东-广州","gid":"515430","time_insert":"2021-08-17 17:14"}
2023-10-08 07:37:53 查询号码 【1952121】，GSD为【"广东-广州"】

2023-10-08 07:37:54 开始第 2123 次操作

2023-10-08 07:37:54 开始操作号码 【1952122】
2023-10-08 07:37:57 GSD getOne 第 1 次 等待 3 秒
2023-10-08 07:38:00 查询号码 【1952122】，返回信息 {"status":"ok","msg":"广东-广州","gid":"515432","time_insert":"2021-08-17 17:16"}
2023-10-08 07:38:00 查询号码 【1952122】，GSD为【"广东-广州"】

2023-10-08 07:38:01 开始第 2124 次操作

2023-10-08 07:38:01 开始操作号码 【1952123】
2023-10-08 07:38:04 GSD getOne 第 1 次 等待 3 秒
2023-10-08 07:38:08 查询号码 【1952123】，返回信息 {"status":"ok","msg":"广东-广州","gid":"515434","time_insert":"2021-08-17 17:17"}
2023-10-08 07:38:08 查询号码 【1952123】，GSD为【"广东-广州"】

2023-10-08 09:16:29 开始第 2125 次操作

2023-10-08 09:16:29 开始操作号码 【1952124】
2023-10-08 09:16:32 GSD getOne 第 1 次 等待 3 秒
2023-10-08 09:16:35 查询号码 【1952124】，返回信息 {"status":"ok","msg":"广东-广州","gid":"515447","time_insert":"2021-08-17 17:23"}
2023-10-08 09:16:35 查询号码 【1952124】，GSD为【"广东-广州"】

2023-10-08 09:16:36 开始第 2126 次操作

2023-10-08 09:16:36 开始操作号码 【1952125】
2023-10-08 09:16:38 GSD getOne 第 1 次 等待 3 秒
2023-10-08 09:16:41 查询号码 【1952125】，返回信息 {"status":"ok","msg":"上海-上海","gid":"515464","time_insert":"2021-08-17 17:33"}
2023-10-08 09:16:41 查询号码 【1952125】，GSD为【"上海-上海"】

2023-10-08 09:16:42 开始第 2127 次操作

2023-10-08 09:16:42 开始操作号码 【1952126】
2023-10-08 09:16:49 GSD getOne 第 1 次 等待 3 秒
2023-10-08 09:16:52 查询号码 【1952126】，返回信息 {"status":"ok","msg":"上海-上海","gid":"515473","time_insert":"2021-08-17 17:35"}
2023-10-08 09:16:52 查询号码 【1952126】，GSD为【"上海-上海"】

2023-10-08 09:16:53 开始第 2128 次操作

2023-10-08 09:16:53 开始操作号码 【1952127】
2023-10-08 09:16:57 GSD getOne 第 1 次 等待 3 秒
2023-10-08 09:17:00 查询号码 【1952127】，返回信息 {"status":"ok","msg":"上海-上海","gid":"515486","time_insert":"2021-08-17 17:43"}
2023-10-08 09:17:00 查询号码 【1952127】，GSD为【"上海-上海"】

2023-10-08 10:07:29 开始第 2129 次操作

2023-10-08 10:07:29 开始操作号码 【1952128】
2023-10-08 10:07:34 GSD getOne 第 1 次 等待 3 秒
2023-10-08 10:07:37 查询号码 【1952128】，返回信息 {"status":"ok","msg":"上海-上海","gid":"515498","time_insert":"2021-08-17 17:51"}
2023-10-08 10:07:37 查询号码 【1952128】，GSD为【"上海-上海"】

2023-10-08 10:07:38 开始第 2130 次操作

2023-10-08 10:07:38 开始操作号码 【1952129】
2023-10-08 10:07:41 GSD getOne 第 1 次 等待 3 秒
2023-10-08 10:07:44 查询号码 【1952129】，返回信息 {"status":"ok","msg":"上海-上海","gid":"515500","time_insert":"2021-08-17 17:52"}
2023-10-08 10:07:44 查询号码 【1952129】，GSD为【"上海-上海"】

2023-10-08 10:07:45 开始第 2131 次操作

2023-10-08 10:07:45 开始操作号码 【1952130】
2023-10-08 10:07:47 GSD getOne 第 1 次 等待 3 秒
2023-10-08 10:07:50 查询号码 【1952130】，返回信息 {"status":"ok","msg":"上海-上海","gid":"515503","time_insert":"2021-08-17 17:52"}
2023-10-08 10:07:50 查询号码 【1952130】，GSD为【"上海-上海"】

2023-10-08 10:07:51 开始第 2132 次操作

2023-10-08 10:07:51 开始操作号码 【1952131】
2023-10-08 10:07:54 GSD getOne 第 1 次 等待 3 秒
2023-10-08 10:07:57 查询号码 【1952131】，返回信息 {"status":"ok","msg":"上海-上海","gid":"515518","time_insert":"2021-08-17 18:01"}
2023-10-08 10:07:57 查询号码 【1952131】，GSD为【"上海-上海"】

2023-10-08 10:38:14 开始第 2133 次操作

2023-10-08 10:38:14 开始操作号码 【1952132】
2023-10-08 10:38:19 GSD getOne 第 1 次 等待 3 秒
2023-10-08 10:38:22 查询号码 【1952132】，返回信息 {"status":"ok","msg":"上海-上海","gid":"515524","time_insert":"2021-08-17 18:08"}
2023-10-08 10:38:22 查询号码 【1952132】，GSD为【"上海-上海"】

2023-10-08 10:38:23 开始第 2134 次操作

2023-10-08 10:38:23 开始操作号码 【1952133】
2023-10-08 10:38:25 GSD getOne 第 1 次 等待 3 秒
2023-10-08 10:38:28 查询号码 【1952133】，返回信息 {"status":"ok","msg":"上海-上海","gid":"515525","time_insert":"2021-08-17 18:09"}
2023-10-08 10:38:28 查询号码 【1952133】，GSD为【"上海-上海"】

2023-10-08 10:38:29 开始第 2135 次操作

2023-10-08 10:38:29 开始操作号码 【1952134】
2023-10-08 10:38:32 GSD getOne 第 1 次 等待 3 秒
2023-10-08 10:38:35 查询号码 【1952134】，返回信息 {"status":"ok","msg":"上海-上海","gid":"515526","time_insert":"2021-08-17 18:09"}
2023-10-08 10:38:35 查询号码 【1952134】，GSD为【"上海-上海"】

2023-10-08 10:38:36 开始第 2136 次操作

2023-10-08 10:38:36 开始操作号码 【1952135】
2023-10-08 10:38:39 GSD getOne 第 1 次 等待 3 秒
2023-10-08 10:38:42 查询号码 【1952135】，返回信息 {"status":"ok","msg":"上海-上海","gid":"515544","time_insert":"2021-08-17 18:22"}
2023-10-08 10:38:42 查询号码 【1952135】，GSD为【"上海-上海"】

2023-10-08 11:15:59 开始第 2137 次操作

2023-10-08 11:15:59 开始操作号码 【1952136】
2023-10-08 11:16:03 GSD getOne 第 1 次 等待 3 秒
2023-10-08 11:16:06 查询号码 【1952136】，返回信息 {"status":"ok","msg":"上海-上海","gid":"515551","time_insert":"2021-08-17 18:27"}
2023-10-08 11:16:06 查询号码 【1952136】，GSD为【"上海-上海"】

2023-10-08 11:16:07 开始第 2138 次操作

2023-10-08 11:16:07 开始操作号码 【1952137】
2023-10-08 11:16:13 GSD getOne 第 1 次 等待 3 秒
2023-10-08 11:16:16 查询号码 【1952137】，返回信息 {"status":"ok","msg":"上海-上海","gid":"515554","time_insert":"2021-08-17 18:28"}
2023-10-08 11:16:16 查询号码 【1952137】，GSD为【"上海-上海"】

2023-10-08 11:16:17 开始第 2139 次操作

2023-10-08 11:16:17 开始操作号码 【1952138】
2023-10-08 11:16:20 GSD getOne 第 1 次 等待 3 秒
2023-10-08 11:16:23 查询号码 【1952138】，返回信息 {"status":"ok","msg":"上海-上海","gid":"515557","time_insert":"2021-08-17 18:29"}
2023-10-08 11:16:23 查询号码 【1952138】，GSD为【"上海-上海"】

2023-10-08 11:16:24 开始第 2140 次操作

2023-10-08 11:16:24 开始操作号码 【1952139】
2023-10-08 11:16:30 GSD getOne 第 1 次 等待 3 秒
2023-10-08 11:16:33 查询号码 【1952139】，返回信息 {"status":"ok","msg":"上海-上海","gid":"515565","time_insert":"2021-08-17 18:37"}
2023-10-08 11:16:33 查询号码 【1952139】，GSD为【"上海-上海"】

2023-10-08 11:37:41 开始第 2141 次操作

2023-10-08 11:37:41 开始操作号码 【1952140】
2023-10-08 11:37:44 GSD getOne 第 1 次 等待 3 秒
2023-10-08 11:37:47 查询号码 【1952140】，返回信息 {"status":"ok","msg":"上海-上海","gid":"515575","time_insert":"2021-08-17 18:44"}
2023-10-08 11:37:47 查询号码 【1952140】，GSD为【"上海-上海"】

2023-10-08 11:37:48 开始第 2142 次操作

2023-10-08 11:37:48 开始操作号码 【1952141】
2023-10-08 11:37:53 GSD getOne 第 1 次 等待 3 秒
2023-10-08 11:37:56 查询号码 【1952141】，返回信息 {"status":"ok","msg":"上海-上海","gid":"515578","time_insert":"2021-08-17 18:47"}
2023-10-08 11:37:57 查询号码 【1952141】，GSD为【"上海-上海"】

2023-10-08 11:37:58 开始第 2143 次操作

2023-10-08 11:37:58 开始操作号码 【1952142】
2023-10-08 11:38:00 GSD getOne 第 1 次 等待 3 秒
2023-10-08 11:38:03 查询号码 【1952142】，返回信息 {"status":"ok","msg":"上海-上海","gid":"515579","time_insert":"2021-08-17 18:48"}
2023-10-08 11:38:03 查询号码 【1952142】，GSD为【"上海-上海"】

2023-10-08 11:38:04 开始第 2144 次操作

2023-10-08 11:38:04 开始操作号码 【1952143】
2023-10-08 11:38:17 GSD getOne 第 1 次 等待 3 秒
2023-10-08 11:38:20 查询号码 【1952143】，返回信息 {"status":"ok","msg":"上海-上海","gid":"515590","time_insert":"2021-08-17 18:56"}
2023-10-08 11:38:20 查询号码 【1952143】，GSD为【"上海-上海"】

2023-10-08 12:18:55 开始第 2145 次操作

2023-10-08 12:18:55 开始操作号码 【1952144】
2023-10-08 12:19:02 GSD getOne 第 1 次 等待 3 秒
2023-10-08 12:19:05 查询号码 【1952144】，返回信息 {"status":"ok","msg":"上海-上海","gid":"515601","time_insert":"2021-08-17 19:03"}
2023-10-08 12:19:05 查询号码 【1952144】，GSD为【"上海-上海"】

2023-10-08 12:19:06 开始第 2146 次操作

2023-10-08 12:19:06 开始操作号码 【1952145】
2023-10-08 12:19:20 GSD getOne 第 1 次 等待 3 秒
2023-10-08 12:19:23 查询号码 【1952145】，返回信息 {"status":"ok","msg":"上海-上海","gid":"515602","time_insert":"2021-08-17 19:06"}
2023-10-08 12:19:24 查询号码 【1952145】，GSD为【"上海-上海"】

2023-10-08 12:19:25 开始第 2147 次操作

2023-10-08 12:19:25 开始操作号码 【1952146】
2023-10-08 12:19:30 GSD getOne 第 1 次 等待 3 秒
2023-10-08 12:19:33 查询号码 【1952146】，返回信息 {"status":"ok","msg":"上海-上海","gid":"515605","time_insert":"2021-08-17 19:07"}
2023-10-08 12:19:33 查询号码 【1952146】，GSD为【"上海-上海"】

2023-10-08 12:19:34 开始第 2148 次操作

2023-10-08 12:19:34 开始操作号码 【1952147】
2023-10-08 12:19:39 GSD getOne 第 1 次 等待 3 秒
2023-10-08 12:19:43 查询号码 【1952147】，返回信息 {"status":"ok","msg":"上海-上海","gid":"515619","time_insert":"2021-08-17 19:16"}
2023-10-08 12:19:43 查询号码 【1952147】，GSD为【"上海-上海"】

