2024-03-02 00:19:52 开始第 6585 次操作

2024-03-02 00:19:52 开始操作号码 【1746503】
2024-03-02 00:19:59 GSD getOne 第 1 次 等待 3 秒
2024-03-02 00:20:02 查询号码 【1746503】，返回信息 {"status":"ok","msg":"-","gid":"229460","time_insert":"2021-07-09 08:01"}
2024-03-02 00:20:02 查询号码 【1746503】，GSD为【"-"】
2024-03-02 00:20:02 ok && -
2024-03-02 00:20:08 CHB 1746503?1709310002 第 1 次 等待 3 秒
2024-03-02 00:20:11 CHB 1746503?1709310002 第 1 次 获取到号码【1746503】GSD
2024-03-02 00:20:11 未获取到号码【1746503】GSD，可能号码格式错误
2024-03-02 00:20:11 获取到号码【1746503】的GSD为【-】
2024-03-02 00:20:17 GSD insert 第 1 次 等待 3 秒
2024-03-02 00:20:20 {"status":"bad","gid":"229460","msg":"添加失败！号码【1746503(-|-)】已存在！"}
2024-03-02 00:20:20 随机等待 167 秒，约 2 分钟
2024-03-02 00:20:20 下次操作: 2024-03-02 00:23:07

2024-03-02 00:23:07 开始第 6586 次操作

2024-03-02 00:23:07 开始操作号码 【1746504】
2024-03-02 00:23:13 GSD getOne 第 1 次 等待 3 秒
2024-03-02 00:23:16 查询号码 【1746504】，返回信息 {"status":"ok","msg":"-","gid":"229466","time_insert":"2021-07-09 08:02"}
2024-03-02 00:23:16 查询号码 【1746504】，GSD为【"-"】
2024-03-02 00:23:16 ok && -
2024-03-02 00:23:19 CHB 1746504?1709310196 第 1 次 等待 3 秒
2024-03-02 00:23:22 CHB 1746504?1709310196 第 1 次 获取到号码【1746504】GSD
2024-03-02 00:23:22 未获取到号码【1746504】GSD，可能号码格式错误
2024-03-02 00:23:22 获取到号码【1746504】的GSD为【-】
2024-03-02 00:23:28 GSD insert 第 1 次 等待 3 秒
2024-03-02 00:23:31 {"status":"bad","gid":"229466","msg":"添加失败！号码【1746504(-|-)】已存在！"}
2024-03-02 00:23:31 随机等待 94 秒，约 1 分钟
2024-03-02 00:23:31 下次操作: 2024-03-02 00:25:05

2024-03-02 00:25:05 开始第 6587 次操作

2024-03-02 00:25:05 开始操作号码 【1746505】
2024-03-02 00:25:10 GSD getOne 第 1 次 等待 3 秒
2024-03-02 00:25:13 查询号码 【1746505】，返回信息 {"status":"ok","msg":"-","gid":"229856","time_insert":"2021-07-09 10:17"}
2024-03-02 00:25:13 查询号码 【1746505】，GSD为【"-"】
2024-03-02 00:25:13 ok && -
2024-03-02 00:25:16 CHB 1746505?1709310313 第 1 次 等待 3 秒
2024-03-02 00:25:19 CHB 1746505?1709310313 第 1 次 获取到号码【1746505】GSD
2024-03-02 00:25:19 未获取到号码【1746505】GSD，可能号码格式错误
2024-03-02 00:25:19 获取到号码【1746505】的GSD为【-】
2024-03-02 00:25:27 GSD insert 第 1 次 等待 3 秒
2024-03-02 00:25:30 {"status":"bad","gid":"229856","msg":"添加失败！号码【1746505(-|-)】已存在！"}
2024-03-02 00:25:30 随机等待 82 秒，约 1 分钟
2024-03-02 00:25:30 下次操作: 2024-03-02 00:26:52

2024-03-02 00:26:52 开始第 6588 次操作

2024-03-02 00:26:52 开始操作号码 【1746506】
2024-03-02 00:26:59 GSD getOne 第 1 次 等待 3 秒
2024-03-02 00:27:02 查询号码 【1746506】，返回信息 {"status":"ok","msg":"-","gid":"229861","time_insert":"2021-07-09 10:18"}
2024-03-02 00:27:02 查询号码 【1746506】，GSD为【"-"】
2024-03-02 00:27:02 ok && -
2024-03-02 00:27:04 CHB 1746506?1709310422 第 1 次 等待 3 秒
2024-03-02 00:27:07 CHB 1746506?1709310422 第 1 次 获取到号码【1746506】GSD
2024-03-02 00:27:07 未获取到号码【1746506】GSD，可能号码格式错误
2024-03-02 00:27:07 获取到号码【1746506】的GSD为【-】
2024-03-02 00:27:12 GSD insert 第 1 次 等待 3 秒
2024-03-02 00:27:15 {"status":"bad","gid":"229861","msg":"添加失败！号码【1746506(-|-)】已存在！"}

