2024-03-16 00:21:16 开始第 9025 次操作

2024-03-16 00:21:16 开始操作号码 【1748943】
2024-03-16 00:21:43 GSD getOne 第 1 次 等待 3 秒
2024-03-16 00:21:46 查询号码 【1748943】，返回信息 {"status":"ok","msg":"-","gid":"260157","time_insert":"2021-07-12 22:45"}
2024-03-16 00:21:46 查询号码 【1748943】，GSD为【"-"】
2024-03-16 00:21:46 ok && -
2024-03-16 00:21:49 CHB 1748943?1710519706 第 1 次 等待 3 秒
2024-03-16 00:21:52 CHB 1748943?1710519706 第 1 次 获取到号码【1748943】GSD
2024-03-16 00:21:52 未获取到号码【1748943】GSD，可能号码格式错误
2024-03-16 00:21:52 获取到号码【1748943】的GSD为【-】
2024-03-16 00:22:17 GSD insert 第 1 次 等待 3 秒
2024-03-16 00:22:20 {"status":"bad","gid":"260157","msg":"添加失败！号码【1748943(-|-)】已存在！"}
2024-03-16 00:22:20 随机等待 192 秒，约 3 分钟
2024-03-16 00:22:20 下次操作: 2024-03-16 00:25:32

2024-03-16 00:25:32 开始第 9026 次操作

2024-03-16 00:25:32 开始操作号码 【1748944】
2024-03-16 00:25:40 GSD getOne 第 1 次 等待 3 秒
2024-03-16 00:25:43 查询号码 【1748944】，返回信息 {"status":"ok","msg":"-","gid":"260175","time_insert":"2021-07-12 22:46"}
2024-03-16 00:25:43 查询号码 【1748944】，GSD为【"-"】
2024-03-16 00:25:43 ok && -
2024-03-16 00:25:45 CHB 1748944?1710519943 第 1 次 等待 3 秒
2024-03-16 00:25:48 CHB 1748944?1710519943 第 1 次 获取到号码【1748944】GSD
2024-03-16 00:25:48 未获取到号码【1748944】GSD，可能号码格式错误
2024-03-16 00:25:48 获取到号码【1748944】的GSD为【-】
2024-03-16 00:25:54 GSD insert 第 1 次 等待 3 秒
2024-03-16 00:25:57 {"status":"bad","gid":"260175","msg":"添加失败！号码【1748944(-|-)】已存在！"}
2024-03-16 00:25:57 随机等待 175 秒，约 2 分钟
2024-03-16 00:25:57 下次操作: 2024-03-16 00:28:52

2024-03-16 00:28:52 开始第 9027 次操作

2024-03-16 00:28:52 开始操作号码 【1748945】
2024-03-16 00:29:00 GSD getOne 第 1 次 等待 3 秒
2024-03-16 00:29:03 查询号码 【1748945】，返回信息 {"status":"ok","msg":"-","gid":"260198","time_insert":"2021-07-12 22:47"}
2024-03-16 00:29:03 查询号码 【1748945】，GSD为【"-"】
2024-03-16 00:29:03 ok && -
2024-03-16 00:29:10 CHB 1748945?1710520143 第 1 次 等待 3 秒
2024-03-16 00:29:13 CHB 1748945?1710520143 第 1 次 获取到号码【1748945】GSD
2024-03-16 00:29:13 未获取到号码【1748945】GSD，可能号码格式错误
2024-03-16 00:29:13 获取到号码【1748945】的GSD为【-】
2024-03-16 00:29:18 GSD insert 第 1 次 等待 3 秒
2024-03-16 00:29:21 {"status":"bad","gid":"260198","msg":"添加失败！号码【1748945(-|-)】已存在！"}
2024-03-16 00:29:21 随机等待 80 秒，约 1 分钟
2024-03-16 00:29:21 下次操作: 2024-03-16 00:30:41

2024-03-16 00:30:41 开始第 9028 次操作

2024-03-16 00:30:41 开始操作号码 【1748946】
2024-03-16 00:30:47 GSD getOne 第 1 次 等待 3 秒
2024-03-16 00:30:50 查询号码 【1748946】，返回信息 {"status":"ok","msg":"-","gid":"260219","time_insert":"2021-07-12 22:49"}
2024-03-16 00:30:50 查询号码 【1748946】，GSD为【"-"】
2024-03-16 00:30:50 ok && -
2024-03-16 00:30:57 CHB 1748946?1710520250 第 1 次 等待 3 秒
2024-03-16 00:31:00 CHB 1748946?1710520250 第 1 次 获取到号码【1748946】GSD
2024-03-16 00:31:00 未获取到号码【1748946】GSD，可能号码格式错误
2024-03-16 00:31:00 获取到号码【1748946】的GSD为【-】
2024-03-16 00:31:07 GSD insert 第 1 次 等待 3 秒
2024-03-16 00:31:10 {"status":"bad","gid":"260219","msg":"添加失败！号码【1748946(-|-)】已存在！"}

2024-03-16 00:38:30 开始第 9029 次操作

2024-03-16 00:38:30 开始操作号码 【1748947】
2024-03-16 00:38:36 GSD getOne 第 1 次 等待 3 秒
2024-03-16 00:38:39 查询号码 【1748947】，返回信息 {"status":"ok","msg":"-","gid":"260231","time_insert":"2021-07-12 22:50"}
2024-03-16 00:38:39 查询号码 【1748947】，GSD为【"-"】
2024-03-16 00:38:39 ok && -
2024-03-16 00:38:41 CHB 1748947?1710520719 第 1 次 等待 3 秒
2024-03-16 00:38:44 CHB 1748947?1710520719 第 1 次 获取到号码【1748947】GSD
2024-03-16 00:38:44 未获取到号码【1748947】GSD，可能号码格式错误
2024-03-16 00:38:44 获取到号码【1748947】的GSD为【-】
2024-03-16 00:38:49 GSD insert 第 1 次 等待 3 秒
2024-03-16 00:38:52 {"status":"bad","gid":"260231","msg":"添加失败！号码【1748947(-|-)】已存在！"}
2024-03-16 00:38:52 随机等待 182 秒，约 3 分钟
2024-03-16 00:38:52 下次操作: 2024-03-16 00:41:54

2024-03-16 00:41:54 开始第 9030 次操作

2024-03-16 00:41:54 开始操作号码 【1748948】
2024-03-16 00:42:02 GSD getOne 第 1 次 等待 3 秒
2024-03-16 00:42:05 查询号码 【1748948】，返回信息 {"status":"ok","msg":"-","gid":"260245","time_insert":"2021-07-12 22:51"}
2024-03-16 00:42:05 查询号码 【1748948】，GSD为【"-"】
2024-03-16 00:42:05 ok && -
2024-03-16 00:42:08 CHB 1748948?1710520925 第 1 次 等待 3 秒
2024-03-16 00:42:11 CHB 1748948?1710520925 第 1 次 获取到号码【1748948】GSD
2024-03-16 00:42:11 未获取到号码【1748948】GSD，可能号码格式错误
2024-03-16 00:42:11 获取到号码【1748948】的GSD为【-】
2024-03-16 00:42:16 GSD insert 第 1 次 等待 3 秒
2024-03-16 00:42:19 {"status":"bad","gid":"260245","msg":"添加失败！号码【1748948(-|-)】已存在！"}
2024-03-16 00:42:19 随机等待 169 秒，约 2 分钟
2024-03-16 00:42:19 下次操作: 2024-03-16 00:45:08

2024-03-16 00:45:08 开始第 9031 次操作

2024-03-16 00:45:08 开始操作号码 【1748949】
2024-03-16 00:45:17 GSD getOne 第 1 次 等待 3 秒
2024-03-16 00:45:20 查询号码 【1748949】，返回信息 {"status":"ok","msg":"-","gid":"260255","time_insert":"2021-07-12 22:52"}
2024-03-16 00:45:20 查询号码 【1748949】，GSD为【"-"】
2024-03-16 00:45:20 ok && -
2024-03-16 00:45:27 CHB 1748949?1710521120 第 1 次 等待 3 秒
2024-03-16 00:45:30 CHB 1748949?1710521120 第 1 次 获取到号码【1748949】GSD
2024-03-16 00:45:30 未获取到号码【1748949】GSD，可能号码格式错误
2024-03-16 00:45:30 获取到号码【1748949】的GSD为【-】
2024-03-16 00:45:36 GSD insert 第 1 次 等待 3 秒
2024-03-16 00:45:39 {"status":"bad","gid":"260255","msg":"添加失败！号码【1748949(-|-)】已存在！"}
2024-03-16 00:45:39 随机等待 145 秒，约 2 分钟
2024-03-16 00:45:39 下次操作: 2024-03-16 00:48:04

2024-03-16 00:48:04 开始第 9032 次操作

2024-03-16 00:48:04 开始操作号码 【1748950】
2024-03-16 00:48:08 GSD getOne 第 1 次 等待 3 秒
2024-03-16 00:48:11 查询号码 【1748950】，返回信息 {"status":"ok","msg":"-","gid":"260267","time_insert":"2021-07-12 22:53"}
2024-03-16 00:48:12 查询号码 【1748950】，GSD为【"-"】
2024-03-16 00:48:12 ok && -
2024-03-16 00:48:14 CHB 1748950?1710521292 第 1 次 等待 3 秒
2024-03-16 00:48:17 CHB 1748950?1710521292 第 1 次 获取到号码【1748950】GSD
2024-03-16 00:48:17 未获取到号码【1748950】GSD，可能号码格式错误
2024-03-16 00:48:17 获取到号码【1748950】的GSD为【-】
2024-03-16 00:48:25 GSD insert 第 1 次 等待 3 秒
2024-03-16 00:48:28 {"status":"bad","gid":"260267","msg":"添加失败！号码【1748950(-|-)】已存在！"}

