2024-10-07 00:11:40 开始第 8545 次操作

2024-10-07 00:11:40 开始操作号码 【1418541】
2024-10-07 00:11:46 GSD getOne 第 1 次 等待 3 秒
2024-10-07 00:11:49 查询号码 【1418541】，返回信息 {"status":"ok","msg":"-","gid":"692926","time_insert":"2023-05-05 04:55"}
2024-10-07 00:11:49 查询号码 【1418541】，GSD为【"-"】
2024-10-07 00:11:49 ok && -
2024-10-07 00:11:51 CHB 1418541?1728231109 第 1 次 等待 3 秒
2024-10-07 00:11:54 CHB 1418541?1728231109 第 1 次 获取到号码【1418541】GSD
2024-10-07 00:11:54 未获取到号码【1418541】GSD，可能号码格式错误
2024-10-07 00:11:54 获取到号码【1418541】的GSD为【-】
2024-10-07 00:11:56 GSD insert 第 1 次 等待 3 秒
2024-10-07 00:11:59 {"status":"bad","gid":"692926","msg":"添加失败！号码【1418541(-|-)】已存在！"}
2024-10-07 00:11:59 随机等待 159 秒，约 2 分钟
2024-10-07 00:11:59 下次操作: 2024-10-07 00:14:38

2024-10-07 00:14:38 开始第 8546 次操作

2024-10-07 00:14:38 开始操作号码 【1418542】
2024-10-07 00:14:41 GSD getOne 第 1 次 等待 3 秒
2024-10-07 00:14:44 查询号码 【1418542】，返回信息 {"status":"ok","msg":"-","gid":"692903","time_insert":"2023-05-05 04:33"}
2024-10-07 00:14:44 查询号码 【1418542】，GSD为【"-"】
2024-10-07 00:14:44 ok && -
2024-10-07 00:14:46 CHB 1418542?1728231284 第 1 次 等待 3 秒
2024-10-07 00:14:49 CHB 1418542?1728231284 第 1 次 获取到号码【1418542】GSD
2024-10-07 00:14:49 未获取到号码【1418542】GSD，可能号码格式错误
2024-10-07 00:14:49 获取到号码【1418542】的GSD为【-】
2024-10-07 00:14:53 GSD insert 第 1 次 等待 3 秒
2024-10-07 00:14:56 {"status":"bad","gid":"692903","msg":"添加失败！号码【1418542(-|-)】已存在！"}
2024-10-07 00:14:56 随机等待 233 秒，约 3 分钟
2024-10-07 00:14:56 下次操作: 2024-10-07 00:18:49

2024-10-07 00:18:49 开始第 8547 次操作

2024-10-07 00:18:49 开始操作号码 【1418543】
2024-10-07 00:18:53 GSD getOne 第 1 次 等待 3 秒
2024-10-07 00:18:56 查询号码 【1418543】，返回信息 {"status":"ok","msg":"-","gid":"692888","time_insert":"2023-05-05 04:17"}
2024-10-07 00:18:56 查询号码 【1418543】，GSD为【"-"】
2024-10-07 00:18:56 ok && -
2024-10-07 00:18:59 CHB 1418543?1728231536 第 1 次 等待 3 秒
2024-10-07 00:19:02 CHB 1418543?1728231536 第 1 次 获取到号码【1418543】GSD
2024-10-07 00:19:02 未获取到号码【1418543】GSD，可能号码格式错误
2024-10-07 00:19:02 获取到号码【1418543】的GSD为【-】
2024-10-07 00:19:05 GSD insert 第 1 次 等待 3 秒
2024-10-07 00:19:08 {"status":"bad","gid":"692888","msg":"添加失败！号码【1418543(-|-)】已存在！"}
2024-10-07 00:19:09 随机等待 192 秒，约 3 分钟
2024-10-07 00:19:09 下次操作: 2024-10-07 00:22:21

2024-10-07 00:22:21 开始第 8548 次操作

2024-10-07 00:22:21 开始操作号码 【1418544】
2024-10-07 00:22:26 GSD getOne 第 1 次 等待 3 秒
2024-10-07 00:22:29 查询号码 【1418544】，返回信息 {"status":"ok","msg":"-","gid":"692881","time_insert":"2023-05-05 04:07"}
2024-10-07 00:22:29 查询号码 【1418544】，GSD为【"-"】
2024-10-07 00:22:29 ok && -
2024-10-07 00:22:31 CHB 1418544?1728231749 第 1 次 等待 3 秒
2024-10-07 00:22:34 CHB 1418544?1728231749 第 1 次 获取到号码【1418544】GSD
2024-10-07 00:22:34 未获取到号码【1418544】GSD，可能号码格式错误
2024-10-07 00:22:34 获取到号码【1418544】的GSD为【-】
2024-10-07 00:22:37 GSD insert 第 1 次 等待 3 秒
2024-10-07 00:22:40 {"status":"bad","gid":"692881","msg":"添加失败！号码【1418544(-|-)】已存在！"}

