2024-04-29 00:19:29 开始第 6013 次操作

2024-04-29 00:19:29 开始操作号码 【1635931】
2024-04-29 00:19:42 GSD getOne 第 1 次 等待 3 秒
2024-04-29 00:19:45 查询号码 【1635931】，返回信息 {"status":"ok","msg":"-","gid":"646230","time_insert":"2023-04-11 02:31"}
2024-04-29 00:19:45 查询号码 【1635931】，GSD为【"-"】
2024-04-29 00:19:45 ok && -
2024-04-29 00:19:47 CHB 1635931?1714321185 第 1 次 等待 3 秒
2024-04-29 00:19:50 CHB 1635931?1714321185 第 1 次 获取到号码【1635931】GSD
2024-04-29 00:19:50 未获取到号码【1635931】GSD，可能号码格式错误
2024-04-29 00:19:50 获取到号码【1635931】的GSD为【-】
2024-04-29 00:19:56 GSD insert 第 1 次 等待 3 秒
2024-04-29 00:19:59 {"status":"bad","gid":"646230","msg":"添加失败！号码【1635931(-|-)】已存在！"}
2024-04-29 00:19:59 随机等待 155 秒，约 2 分钟
2024-04-29 00:19:59 下次操作: 2024-04-29 00:22:34

2024-04-29 00:22:34 开始第 6014 次操作

2024-04-29 00:22:34 开始操作号码 【1635932】
2024-04-29 00:22:41 GSD getOne 第 1 次 等待 3 秒
2024-04-29 00:22:44 查询号码 【1635932】，返回信息 {"status":"ok","msg":"-","gid":"646253","time_insert":"2023-04-11 02:43"}
2024-04-29 00:22:44 查询号码 【1635932】，GSD为【"-"】
2024-04-29 00:22:44 ok && -
2024-04-29 00:22:46 CHB 1635932?1714321364 第 1 次 等待 3 秒
2024-04-29 00:22:49 CHB 1635932?1714321364 第 1 次 获取到号码【1635932】GSD
2024-04-29 00:22:49 未获取到号码【1635932】GSD，可能号码格式错误
2024-04-29 00:22:49 获取到号码【1635932】的GSD为【-】
2024-04-29 00:22:57 GSD insert 第 1 次 等待 3 秒
2024-04-29 00:23:00 {"status":"bad","gid":"646253","msg":"添加失败！号码【1635932(-|-)】已存在！"}
2024-04-29 00:23:00 随机等待 106 秒，约 1 分钟
2024-04-29 00:23:00 下次操作: 2024-04-29 00:24:46

2024-04-29 00:24:46 开始第 6015 次操作

2024-04-29 00:24:46 开始操作号码 【1635933】
2024-04-29 00:24:51 GSD getOne 第 1 次 等待 3 秒
2024-04-29 00:24:54 查询号码 【1635933】，返回信息 {"status":"ok","msg":"-","gid":"646291","time_insert":"2023-04-11 03:04"}
2024-04-29 00:24:55 查询号码 【1635933】，GSD为【"-"】
2024-04-29 00:24:55 ok && -
2024-04-29 00:25:01 CHB 1635933?1714321495 第 1 次 等待 3 秒
2024-04-29 00:25:04 CHB 1635933?1714321495 第 1 次 获取到号码【1635933】GSD
2024-04-29 00:25:04 未获取到号码【1635933】GSD，可能号码格式错误
2024-04-29 00:25:04 获取到号码【1635933】的GSD为【-】
2024-04-29 00:25:09 GSD insert 第 1 次 等待 3 秒
2024-04-29 00:25:12 {"status":"bad","gid":"646291","msg":"添加失败！号码【1635933(-|-)】已存在！"}
2024-04-29 00:25:12 随机等待 174 秒，约 2 分钟
2024-04-29 00:25:12 下次操作: 2024-04-29 00:28:06

2024-04-29 00:28:06 开始第 6016 次操作

2024-04-29 00:28:06 开始操作号码 【1635934】
2024-04-29 00:28:14 GSD getOne 第 1 次 等待 3 秒
2024-04-29 00:28:17 查询号码 【1635934】，返回信息 {"status":"ok","msg":"-","gid":"646314","time_insert":"2023-04-11 03:20"}
2024-04-29 00:28:18 查询号码 【1635934】，GSD为【"-"】
2024-04-29 00:28:18 ok && -
2024-04-29 00:28:20 CHB 1635934?1714321698 第 1 次 等待 3 秒
2024-04-29 00:28:23 CHB 1635934?1714321698 第 1 次 获取到号码【1635934】GSD
2024-04-29 00:28:23 未获取到号码【1635934】GSD，可能号码格式错误
2024-04-29 00:28:23 获取到号码【1635934】的GSD为【-】
2024-04-29 00:28:29 GSD insert 第 1 次 等待 3 秒
2024-04-29 00:28:32 {"status":"bad","gid":"646314","msg":"添加失败！号码【1635934(-|-)】已存在！"}

