2024-08-25 00:10:49 开始第 1009 次操作

2024-08-25 00:10:49 开始操作号码 【1411008】
2024-08-25 00:10:59 GSD getOne 第 1 次 等待 3 秒
2024-08-25 00:11:02 查询号码 【1411008】，返回信息 {"status":"ok","msg":"-","gid":"532398","time_insert":"2023-02-15 13:30"}
2024-08-25 00:11:02 查询号码 【1411008】，GSD为【"-"】
2024-08-25 00:11:02 ok && -
2024-08-25 00:11:04 CHB 1411008?1724515862 第 1 次 等待 3 秒
2024-08-25 00:11:07 CHB 1411008?1724515862 第 1 次 获取到号码【1411008】GSD
2024-08-25 00:11:07 未获取到号码【1411008】GSD，可能号码格式错误
2024-08-25 00:11:07 获取到号码【1411008】的GSD为【-】
2024-08-25 00:11:15 GSD insert 第 1 次 等待 3 秒
2024-08-25 00:11:18 {"status":"bad","gid":"532398","msg":"添加失败！号码【1411008(-|-)】已存在！"}
2024-08-25 00:11:18 随机等待 67 秒，约 1 分钟
2024-08-25 00:11:18 下次操作: 2024-08-25 00:12:25

2024-08-25 00:12:25 开始第 1010 次操作

2024-08-25 00:12:25 开始操作号码 【1411009】
2024-08-25 00:12:34 GSD getOne 第 1 次 等待 3 秒
2024-08-25 00:12:37 查询号码 【1411009】，返回信息 {"status":"ok","msg":"-","gid":"532411","time_insert":"2023-02-15 13:43"}
2024-08-25 00:12:37 查询号码 【1411009】，GSD为【"-"】
2024-08-25 00:12:37 ok && -
2024-08-25 00:12:40 CHB 1411009?1724515957 第 1 次 等待 3 秒
2024-08-25 00:12:43 CHB 1411009?1724515957 第 1 次 获取到号码【1411009】GSD
2024-08-25 00:12:43 未获取到号码【1411009】GSD，可能号码格式错误
2024-08-25 00:12:43 获取到号码【1411009】的GSD为【-】
2024-08-25 00:12:53 GSD insert 第 1 次 等待 3 秒
2024-08-25 00:12:56 {"status":"bad","gid":"532411","msg":"添加失败！号码【1411009(-|-)】已存在！"}
2024-08-25 00:12:56 随机等待 83 秒，约 1 分钟
2024-08-25 00:12:56 下次操作: 2024-08-25 00:14:19

2024-08-25 00:14:19 开始第 1011 次操作

2024-08-25 00:14:19 开始操作号码 【1411010】
2024-08-25 00:14:27 GSD getOne 第 1 次 等待 3 秒
2024-08-25 00:14:30 查询号码 【1411010】，返回信息 {"status":"ok","msg":"-","gid":"532425","time_insert":"2023-02-15 13:56"}
2024-08-25 00:14:30 查询号码 【1411010】，GSD为【"-"】
2024-08-25 00:14:30 ok && -
2024-08-25 00:14:32 CHB 1411010?1724516070 第 1 次 等待 3 秒
2024-08-25 00:14:35 CHB 1411010?1724516070 第 1 次 获取到号码【1411010】GSD
2024-08-25 00:14:35 未获取到号码【1411010】GSD，可能号码格式错误
2024-08-25 00:14:35 获取到号码【1411010】的GSD为【-】
2024-08-25 00:14:43 GSD insert 第 1 次 等待 3 秒
2024-08-25 00:14:46 {"status":"bad","gid":"532425","msg":"添加失败！号码【1411010(-|-)】已存在！"}
2024-08-25 00:14:46 随机等待 106 秒，约 1 分钟
2024-08-25 00:14:46 下次操作: 2024-08-25 00:16:32

2024-08-25 00:16:32 开始第 1012 次操作

2024-08-25 00:16:32 开始操作号码 【1411011】
2024-08-25 00:16:40 GSD getOne 第 1 次 等待 3 秒
2024-08-25 00:16:43 查询号码 【1411011】，返回信息 {"status":"ok","msg":"-","gid":"532438","time_insert":"2023-02-15 14:08"}
2024-08-25 00:16:43 查询号码 【1411011】，GSD为【"-"】
2024-08-25 00:16:43 ok && -
2024-08-25 00:16:44 CHB 1411011?1724516203 第 1 次 等待 3 秒
2024-08-25 00:16:47 CHB 1411011?1724516203 第 1 次 获取到号码【1411011】GSD
2024-08-25 00:16:47 未获取到号码【1411011】GSD，可能号码格式错误
2024-08-25 00:16:47 获取到号码【1411011】的GSD为【-】
2024-08-25 00:16:59 GSD insert 第 1 次 等待 3 秒
2024-08-25 00:17:02 {"status":"bad","gid":"532438","msg":"添加失败！号码【1411011(-|-)】已存在！"}

2024-08-25 00:37:29 开始第 1013 次操作

2024-08-25 00:37:29 开始操作号码 【1411012】
2024-08-25 00:37:38 GSD getOne 第 1 次 等待 3 秒
2024-08-25 00:37:41 查询号码 【1411012】，返回信息 {"status":"ok","msg":"-","gid":"532453","time_insert":"2023-02-15 14:18"}
2024-08-25 00:37:41 查询号码 【1411012】，GSD为【"-"】
2024-08-25 00:37:41 ok && -
2024-08-25 00:37:45 CHB 1411012?1724517461 第 1 次 等待 3 秒
2024-08-25 00:37:48 CHB 1411012?1724517461 第 1 次 获取到号码【1411012】GSD
2024-08-25 00:37:48 未获取到号码【1411012】GSD，可能号码格式错误
2024-08-25 00:37:48 获取到号码【1411012】的GSD为【-】
2024-08-25 00:37:56 GSD insert 第 1 次 等待 3 秒
2024-08-25 00:37:59 {"status":"bad","gid":"532453","msg":"添加失败！号码【1411012(-|-)】已存在！"}
2024-08-25 00:37:59 随机等待 152 秒，约 2 分钟
2024-08-25 00:37:59 下次操作: 2024-08-25 00:40:31

2024-08-25 00:40:31 开始第 1014 次操作

2024-08-25 00:40:31 开始操作号码 【1411013】
2024-08-25 00:40:38 GSD getOne 第 1 次 等待 3 秒
2024-08-25 00:40:41 查询号码 【1411013】，返回信息 {"status":"ok","msg":"-","gid":"532478","time_insert":"2023-02-15 14:35"}
2024-08-25 00:40:42 查询号码 【1411013】，GSD为【"-"】
2024-08-25 00:40:42 ok && -
2024-08-25 00:40:43 CHB 1411013?1724517642 第 1 次 等待 3 秒
2024-08-25 00:40:46 CHB 1411013?1724517642 第 1 次 获取到号码【1411013】GSD
2024-08-25 00:40:46 未获取到号码【1411013】GSD，可能号码格式错误
2024-08-25 00:40:46 获取到号码【1411013】的GSD为【-】
2024-08-25 00:40:53 GSD insert 第 1 次 等待 3 秒
2024-08-25 00:40:56 {"status":"bad","gid":"532478","msg":"添加失败！号码【1411013(-|-)】已存在！"}
2024-08-25 00:40:56 随机等待 222 秒，约 3 分钟
2024-08-25 00:40:56 下次操作: 2024-08-25 00:44:38

2024-08-25 00:44:38 开始第 1015 次操作

2024-08-25 00:44:38 开始操作号码 【1411014】
2024-08-25 00:44:46 GSD getOne 第 1 次 等待 3 秒
2024-08-25 00:44:49 查询号码 【1411014】，返回信息 {"status":"ok","msg":"-","gid":"532494","time_insert":"2023-02-15 14:49"}
2024-08-25 00:44:50 查询号码 【1411014】，GSD为【"-"】
2024-08-25 00:44:50 ok && -
2024-08-25 00:44:51 CHB 1411014?1724517890 第 1 次 等待 3 秒
2024-08-25 00:44:54 CHB 1411014?1724517890 第 1 次 获取到号码【1411014】GSD
2024-08-25 00:44:54 未获取到号码【1411014】GSD，可能号码格式错误
2024-08-25 00:44:54 获取到号码【1411014】的GSD为【-】
2024-08-25 00:45:03 GSD insert 第 1 次 等待 3 秒
2024-08-25 00:45:06 {"status":"bad","gid":"532494","msg":"添加失败！号码【1411014(-|-)】已存在！"}
2024-08-25 00:45:06 随机等待 70 秒，约 1 分钟
2024-08-25 00:45:06 下次操作: 2024-08-25 00:46:16

2024-08-25 00:46:17 开始第 1016 次操作

2024-08-25 00:46:17 开始操作号码 【1411015】
2024-08-25 00:46:24 GSD getOne 第 1 次 等待 3 秒
2024-08-25 00:46:27 查询号码 【1411015】，返回信息 {"status":"ok","msg":"-","gid":"532517","time_insert":"2023-02-15 15:05"}
2024-08-25 00:46:27 查询号码 【1411015】，GSD为【"-"】
2024-08-25 00:46:27 ok && -
2024-08-25 00:46:29 CHB 1411015?1724517987 第 1 次 等待 3 秒
2024-08-25 00:46:32 CHB 1411015?1724517987 第 1 次 获取到号码【1411015】GSD
2024-08-25 00:46:32 未获取到号码【1411015】GSD，可能号码格式错误
2024-08-25 00:46:32 获取到号码【1411015】的GSD为【-】
2024-08-25 00:46:42 GSD insert 第 1 次 等待 3 秒
2024-08-25 00:46:45 {"status":"bad","gid":"532517","msg":"添加失败！号码【1411015(-|-)】已存在！"}

