2021-07-12 00:59:57 开始第 1 次操作

2021-07-12 00:59:57 开始操作号码 【1775349】
2021-07-12 01:00:01 GSD getOne 第 1 次 等待 1 秒
2021-07-12 01:00:02 查询号码 【1775349】，返回信息 {"status":"bad","msg":""}
2021-07-12 01:00:02 查询号码 【1775349】，GSD为【""】
2021-07-12 01:00:02 bad
2021-07-12 01:00:06 CHB 1775349?1626022802 第 1 次 等待 1 秒
2021-07-12 01:00:07 CHB 1775349?1626022802 第 1 次 获取到号码【1775349】GSD
2021-07-12 01:00:07 获取到号码【1775349】的GSD为【山东-德州】
2021-07-12 01:00:12 GSD insert 第 1 次 等待 1 秒
2021-07-12 01:00:13 {"status":"ok","msg":"添加成功！252145"}
2021-07-12 01:00:13 下次操作: 2021-07-12 01:00:24

2021-07-12 01:00:24 开始第 2 次操作

2021-07-12 01:00:24 开始操作号码 【1775348】
2021-07-12 01:00:29 GSD getOne 第 1 次 等待 1 秒
2021-07-12 01:00:30 查询号码 【1775348】，返回信息 {"status":"bad","msg":""}
2021-07-12 01:00:30 查询号码 【1775348】，GSD为【""】
2021-07-12 01:00:30 bad
2021-07-12 01:00:32 CHB 1775348?1626022830 第 1 次 等待 1 秒
2021-07-12 01:00:33 CHB 1775348?1626022830 第 1 次 获取到号码【1775348】GSD
2021-07-12 01:00:33 获取到号码【1775348】的GSD为【山东-德州】
2021-07-12 01:00:37 GSD insert 第 1 次 等待 1 秒
2021-07-12 01:00:38 {"status":"ok","msg":"添加成功！252150"}
2021-07-12 01:00:38 下次操作: 2021-07-12 01:00:50

2021-07-12 01:00:50 开始第 3 次操作

2021-07-12 01:00:50 开始操作号码 【1775347】
2021-07-12 01:01:02 GSD getOne 第 1 次 等待 1 秒
2021-07-12 01:01:03 查询号码 【1775347】，返回信息 {"status":"bad","msg":""}
2021-07-12 01:01:03 查询号码 【1775347】，GSD为【""】
2021-07-12 01:01:03 bad
2021-07-12 01:01:05 CHB 1775347?1626022863 第 1 次 等待 1 秒
2021-07-12 01:01:06 CHB 1775347?1626022863 第 1 次 获取到号码【1775347】GSD
2021-07-12 01:01:06 获取到号码【1775347】的GSD为【山东-德州】
2021-07-12 01:01:10 GSD insert 第 1 次 等待 1 秒
2021-07-12 01:01:11 {"status":"ok","msg":"添加成功！252157"}
2021-07-12 01:01:11 下次操作: 2021-07-12 01:01:27

2021-07-12 01:01:27 开始第 4 次操作

2021-07-12 01:01:27 开始操作号码 【1775346】
2021-07-12 01:01:30 GSD getOne 第 1 次 等待 1 秒
2021-07-12 01:01:31 查询号码 【1775346】，返回信息 {"status":"bad","msg":""}
2021-07-12 01:01:31 查询号码 【1775346】，GSD为【""】
2021-07-12 01:01:31 bad
2021-07-12 01:01:35 CHB 1775346?1626022891 第 1 次 等待 1 秒
2021-07-12 01:01:36 CHB 1775346?1626022891 第 1 次 获取到号码【1775346】GSD
2021-07-12 01:01:36 获取到号码【1775346】的GSD为【山东-德州】
2021-07-12 01:01:39 GSD insert 第 1 次 等待 1 秒
2021-07-12 01:01:40 {"status":"ok","msg":"添加成功！252162"}
2021-07-12 01:01:40 下次操作: 2021-07-12 01:01:55

2021-07-12 01:01:55 开始第 5 次操作

2021-07-12 01:01:55 开始操作号码 【1775345】
2021-07-12 01:01:59 GSD getOne 第 1 次 等待 1 秒
2021-07-12 01:02:00 查询号码 【1775345】，返回信息 {"status":"bad","msg":""}
2021-07-12 01:02:00 查询号码 【1775345】，GSD为【""】
2021-07-12 01:02:00 bad
2021-07-12 01:02:02 CHB 1775345?1626022920 第 1 次 等待 1 秒
2021-07-12 01:02:03 CHB 1775345?1626022920 第 1 次 获取到号码【1775345】GSD
2021-07-12 01:02:03 获取到号码【1775345】的GSD为【山东-德州】
2021-07-12 01:02:07 GSD insert 第 1 次 等待 1 秒
2021-07-12 01:02:08 {"status":"ok","msg":"添加成功！252169"}
2021-07-12 01:02:08 下次操作: 2021-07-12 01:02:15

2021-07-12 01:02:15 开始第 6 次操作

2021-07-12 01:02:15 开始操作号码 【1775344】
2021-07-12 01:02:19 GSD getOne 第 1 次 等待 1 秒
2021-07-12 01:02:20 查询号码 【1775344】，返回信息 {"status":"bad","msg":""}
2021-07-12 01:02:20 查询号码 【1775344】，GSD为【""】
2021-07-12 01:02:20 bad
2021-07-12 01:02:23 CHB 1775344?1626022940 第 1 次 等待 1 秒
2021-07-12 01:02:24 CHB 1775344?1626022940 第 1 次 获取到号码【1775344】GSD
2021-07-12 01:02:24 获取到号码【1775344】的GSD为【山东-德州】
2021-07-12 01:02:27 GSD insert 第 1 次 等待 1 秒
2021-07-12 01:02:28 {"status":"ok","msg":"添加成功！252173"}
2021-07-12 01:02:28 下次操作: 2021-07-12 01:02:42

2021-07-12 01:02:42 开始第 7 次操作

2021-07-12 01:02:42 开始操作号码 【1775343】
2021-07-12 01:02:46 GSD getOne 第 1 次 等待 1 秒
2021-07-12 01:02:47 查询号码 【1775343】，返回信息 {"status":"bad","msg":""}
2021-07-12 01:02:47 查询号码 【1775343】，GSD为【""】
2021-07-12 01:02:47 bad
2021-07-12 01:02:49 CHB 1775343?1626022967 第 1 次 等待 1 秒
2021-07-12 01:02:50 CHB 1775343?1626022967 第 1 次 获取到号码【1775343】GSD
2021-07-12 01:02:50 获取到号码【1775343】的GSD为【山东-德州】
2021-07-12 01:02:54 GSD insert 第 1 次 等待 1 秒
2021-07-12 01:02:55 {"status":"ok","msg":"添加成功！252180"}
2021-07-12 01:02:55 下次操作: 2021-07-12 01:03:08

2021-07-12 01:03:08 开始第 8 次操作

2021-07-12 01:03:08 开始操作号码 【1775342】
2021-07-12 01:03:13 GSD getOne 第 1 次 等待 1 秒
2021-07-12 01:03:14 查询号码 【1775342】，返回信息 {"status":"bad","msg":""}
2021-07-12 01:03:14 查询号码 【1775342】，GSD为【""】
2021-07-12 01:03:14 bad
2021-07-12 01:03:15 CHB 1775342?1626022994 第 1 次 等待 1 秒
2021-07-12 01:03:16 CHB 1775342?1626022994 第 1 次 获取到号码【1775342】GSD
2021-07-12 01:03:16 获取到号码【1775342】的GSD为【山东-德州】
2021-07-12 01:03:25 GSD insert 第 1 次 等待 1 秒
2021-07-12 01:03:26 {"status":"ok","msg":"添加成功！252189"}
2021-07-12 01:03:26 下次操作: 2021-07-12 01:03:33

2021-07-12 01:03:33 开始第 9 次操作

2021-07-12 01:03:33 开始操作号码 【1775341】
2021-07-12 01:03:38 GSD getOne 第 1 次 等待 1 秒
2021-07-12 01:03:39 查询号码 【1775341】，返回信息 {"status":"bad","msg":""}
2021-07-12 01:03:39 查询号码 【1775341】，GSD为【""】
2021-07-12 01:03:39 bad
2021-07-12 01:03:41 CHB 1775341?1626023019 第 1 次 等待 1 秒
2021-07-12 01:03:42 CHB 1775341?1626023019 第 1 次 获取到号码【1775341】GSD
2021-07-12 01:03:42 获取到号码【1775341】的GSD为【山东-德州】
2021-07-12 01:03:48 GSD insert 第 1 次 等待 1 秒
2021-07-12 01:03:49 {"status":"ok","msg":"添加成功！252192"}
2021-07-12 01:03:49 下次操作: 2021-07-12 01:04:03

2021-07-12 01:04:03 开始第 10 次操作

2021-07-12 01:04:03 开始操作号码 【1775340】
2021-07-12 01:04:07 GSD getOne 第 1 次 等待 1 秒
2021-07-12 01:04:08 查询号码 【1775340】，返回信息 {"status":"bad","msg":""}
2021-07-12 01:04:08 查询号码 【1775340】，GSD为【""】
2021-07-12 01:04:08 bad
2021-07-12 01:04:09 CHB 1775340?1626023048 第 1 次 等待 1 秒
2021-07-12 01:04:10 CHB 1775340?1626023048 第 1 次 获取到号码【1775340】GSD
2021-07-12 01:04:10 获取到号码【1775340】的GSD为【山东-德州】
2021-07-12 01:04:14 GSD insert 第 1 次 等待 1 秒
2021-07-12 01:04:15 {"status":"ok","msg":"添加成功！252196"}
2021-07-12 01:04:15 下次操作: 2021-07-12 01:04:24

2021-07-12 01:04:24 开始第 11 次操作

2021-07-12 01:04:24 开始操作号码 【1775339】
2021-07-12 01:04:31 GSD getOne 第 1 次 等待 1 秒
2021-07-12 01:04:32 查询号码 【1775339】，返回信息 {"status":"bad","msg":""}
2021-07-12 01:04:32 查询号码 【1775339】，GSD为【""】
2021-07-12 01:04:32 bad
2021-07-12 01:04:34 CHB 1775339?1626023072 第 1 次 等待 1 秒
2021-07-12 01:04:35 CHB 1775339?1626023072 第 1 次 获取到号码【1775339】GSD
2021-07-12 01:04:35 获取到号码【1775339】的GSD为【山东-济宁】
2021-07-12 01:04:40 GSD insert 第 1 次 等待 1 秒
2021-07-12 01:04:41 {"status":"ok","msg":"添加成功！252202"}
2021-07-12 01:04:41 下次操作: 2021-07-12 01:04:50

2021-07-12 01:04:50 开始第 12 次操作

2021-07-12 01:04:50 开始操作号码 【1775338】
2021-07-12 01:04:53 GSD getOne 第 1 次 等待 1 秒
2021-07-12 01:04:54 查询号码 【1775338】，返回信息 {"status":"bad","msg":""}
2021-07-12 01:04:54 查询号码 【1775338】，GSD为【""】
2021-07-12 01:04:54 bad
2021-07-12 01:04:56 CHB 1775338?1626023094 第 1 次 等待 1 秒
2021-07-12 01:04:57 CHB 1775338?1626023094 第 1 次 获取到号码【1775338】GSD
2021-07-12 01:04:57 获取到号码【1775338】的GSD为【山东-聊城】
2021-07-12 01:05:01 GSD insert 第 1 次 等待 1 秒
2021-07-12 01:05:02 {"status":"ok","msg":"添加成功！252207"}
2021-07-12 01:05:02 下次操作: 2021-07-12 01:05:20

2021-07-12 01:05:20 开始第 13 次操作

2021-07-12 01:05:20 开始操作号码 【1775337】
2021-07-12 01:05:27 GSD getOne 第 1 次 等待 1 秒
2021-07-12 01:05:28 查询号码 【1775337】，返回信息 {"status":"bad","msg":""}
2021-07-12 01:05:28 查询号码 【1775337】，GSD为【""】
2021-07-12 01:05:28 bad
2021-07-12 01:05:30 CHB 1775337?1626023128 第 1 次 等待 1 秒
2021-07-12 01:05:31 CHB 1775337?1626023128 第 1 次 获取到号码【1775337】GSD
2021-07-12 01:05:31 获取到号码【1775337】的GSD为【山东-聊城】
2021-07-12 01:05:37 GSD insert 第 1 次 等待 1 秒
2021-07-12 01:05:38 {"status":"ok","msg":"添加成功！252210"}
2021-07-12 01:05:38 下次操作: 2021-07-12 01:05:53

2021-07-12 01:05:53 开始第 14 次操作

2021-07-12 01:05:53 开始操作号码 【1775336】
2021-07-12 01:05:59 GSD getOne 第 1 次 等待 1 秒
2021-07-12 01:06:00 查询号码 【1775336】，返回信息 {"status":"bad","msg":""}
2021-07-12 01:06:00 查询号码 【1775336】，GSD为【""】
2021-07-12 01:06:00 bad
2021-07-12 01:06:01 CHB 1775336?1626023160 第 1 次 等待 1 秒
2021-07-12 01:06:02 CHB 1775336?1626023160 第 1 次 获取到号码【1775336】GSD
2021-07-12 01:06:02 获取到号码【1775336】的GSD为【山东-聊城】
2021-07-12 01:06:09 GSD insert 第 1 次 等待 1 秒
2021-07-12 01:06:10 {"status":"ok","msg":"添加成功！252213"}
2021-07-12 01:06:10 下次操作: 2021-07-12 01:06:20

2021-07-12 01:06:20 开始第 15 次操作

2021-07-12 01:06:20 开始操作号码 【1775335】
2021-07-12 01:06:24 GSD getOne 第 1 次 等待 1 秒
2021-07-12 01:06:26 查询号码 【1775335】，返回信息 {"status":"bad","msg":""}
2021-07-12 01:06:26 查询号码 【1775335】，GSD为【""】
2021-07-12 01:06:26 bad
2021-07-12 01:06:27 CHB 1775335?1626023186 第 1 次 等待 1 秒
2021-07-12 01:06:28 CHB 1775335?1626023186 第 1 次 获取到号码【1775335】GSD
2021-07-12 01:06:28 获取到号码【1775335】的GSD为【山东-济南】
2021-07-12 01:06:32 GSD insert 第 1 次 等待 1 秒
2021-07-12 01:06:33 {"status":"ok","msg":"添加成功！252218"}
2021-07-12 01:06:33 下次操作: 2021-07-12 01:06:45

2021-07-12 01:06:45 开始第 16 次操作

2021-07-12 01:06:45 开始操作号码 【1775334】
2021-07-12 01:06:52 GSD getOne 第 1 次 等待 1 秒
2021-07-12 01:06:53 查询号码 【1775334】，返回信息 {"status":"bad","msg":""}
2021-07-12 01:06:53 查询号码 【1775334】，GSD为【""】
2021-07-12 01:06:53 bad
2021-07-12 01:06:56 CHB 1775334?1626023213 第 1 次 等待 1 秒
2021-07-12 01:06:57 CHB 1775334?1626023213 第 1 次 获取到号码【1775334】GSD
2021-07-12 01:06:57 获取到号码【1775334】的GSD为【山东-济南】
2021-07-12 01:07:01 GSD insert 第 1 次 等待 1 秒
2021-07-12 01:07:02 {"status":"ok","msg":"添加成功！252224"}
2021-07-12 01:07:02 下次操作: 2021-07-12 01:07:10

2021-07-12 01:07:10 开始第 17 次操作

2021-07-12 01:07:10 开始操作号码 【1775333】
2021-07-12 01:07:19 GSD getOne 第 1 次 等待 1 秒
2021-07-12 01:07:20 查询号码 【1775333】，返回信息 {"status":"bad","msg":""}
2021-07-12 01:07:20 查询号码 【1775333】，GSD为【""】
2021-07-12 01:07:20 bad
2021-07-12 01:07:23 CHB 1775333?1626023240 第 1 次 等待 1 秒
2021-07-12 01:07:24 CHB 1775333?1626023240 第 1 次 获取到号码【1775333】GSD
2021-07-12 01:07:24 获取到号码【1775333】的GSD为【山东-淄博】
2021-07-12 01:07:33 GSD insert 第 1 次 等待 1 秒
2021-07-12 01:07:34 {"status":"ok","msg":"添加成功！252230"}
2021-07-12 01:07:34 下次操作: 2021-07-12 01:07:46

2021-07-12 01:07:46 开始第 18 次操作

2021-07-12 01:07:46 开始操作号码 【1775332】
2021-07-12 01:07:51 GSD getOne 第 1 次 等待 1 秒
2021-07-12 01:07:52 查询号码 【1775332】，返回信息 {"status":"bad","msg":""}
2021-07-12 01:07:52 查询号码 【1775332】，GSD为【""】
2021-07-12 01:07:52 bad
2021-07-12 01:07:53 CHB 1775332?1626023272 第 1 次 等待 1 秒
2021-07-12 01:07:54 CHB 1775332?1626023272 第 1 次 获取到号码【1775332】GSD
2021-07-12 01:07:54 获取到号码【1775332】的GSD为【山东-淄博】
2021-07-12 01:07:58 GSD insert 第 1 次 等待 1 秒
2021-07-12 01:07:59 {"status":"ok","msg":"添加成功！252235"}
2021-07-12 01:07:59 下次操作: 2021-07-12 01:08:10

2021-07-12 01:08:10 开始第 19 次操作

2021-07-12 01:08:10 开始操作号码 【1775331】
2021-07-12 01:08:13 GSD getOne 第 1 次 等待 1 秒
2021-07-12 01:08:14 查询号码 【1775331】，返回信息 {"status":"bad","msg":""}
2021-07-12 01:08:15 查询号码 【1775331】，GSD为【""】
2021-07-12 01:08:15 bad
2021-07-12 01:08:17 CHB 1775331?1626023295 第 1 次 等待 1 秒
2021-07-12 01:08:18 CHB 1775331?1626023295 第 1 次 获取到号码【1775331】GSD
2021-07-12 01:08:18 获取到号码【1775331】的GSD为【山东-淄博】
2021-07-12 01:08:22 GSD insert 第 1 次 等待 1 秒
2021-07-12 01:08:23 {"status":"ok","msg":"添加成功！252242"}
2021-07-12 01:08:23 下次操作: 2021-07-12 01:08:32

2021-07-12 01:08:32 开始第 20 次操作

2021-07-12 01:08:32 开始操作号码 【1775330】
2021-07-12 01:08:36 GSD getOne 第 1 次 等待 1 秒
2021-07-12 01:08:37 查询号码 【1775330】，返回信息 {"status":"bad","msg":""}
2021-07-12 01:08:37 查询号码 【1775330】，GSD为【""】
2021-07-12 01:08:37 bad
2021-07-12 01:08:40 CHB 1775330?1626023317 第 1 次 等待 1 秒
2021-07-12 01:08:41 CHB 1775330?1626023317 第 1 次 获取到号码【1775330】GSD
2021-07-12 01:08:41 获取到号码【1775330】的GSD为【山东-淄博】
2021-07-12 01:08:44 GSD insert 第 1 次 等待 1 秒
2021-07-12 01:08:45 {"status":"ok","msg":"添加成功！252248"}
2021-07-12 01:08:45 下次操作: 2021-07-12 01:08:56

2021-07-12 01:08:56 开始第 21 次操作

2021-07-12 01:08:56 开始操作号码 【1775329】
2021-07-12 01:09:01 GSD getOne 第 1 次 等待 1 秒
2021-07-12 01:09:02 查询号码 【1775329】，返回信息 {"status":"bad","msg":""}
2021-07-12 01:09:02 查询号码 【1775329】，GSD为【""】
2021-07-12 01:09:02 bad
2021-07-12 01:09:04 CHB 1775329?1626023342 第 1 次 等待 1 秒
2021-07-12 01:09:05 CHB 1775329?1626023342 第 1 次 获取到号码【1775329】GSD
2021-07-12 01:09:05 获取到号码【1775329】的GSD为【山东-青岛】
2021-07-12 01:09:08 GSD insert 第 1 次 等待 1 秒
2021-07-12 01:09:09 {"status":"ok","msg":"添加成功！252254"}
2021-07-12 01:09:09 下次操作: 2021-07-12 01:09:26

2021-07-12 01:09:26 开始第 22 次操作

2021-07-12 01:09:26 开始操作号码 【1775328】
2021-07-12 01:09:30 GSD getOne 第 1 次 等待 1 秒
2021-07-12 01:09:31 查询号码 【1775328】，返回信息 {"status":"bad","msg":""}
2021-07-12 01:09:31 查询号码 【1775328】，GSD为【""】
2021-07-12 01:09:31 bad
2021-07-12 01:09:32 CHB 1775328?1626023371 第 1 次 等待 1 秒
2021-07-12 01:09:33 CHB 1775328?1626023371 第 1 次 获取到号码【1775328】GSD
2021-07-12 01:09:33 获取到号码【1775328】的GSD为【山东-青岛】
2021-07-12 01:09:37 GSD insert 第 1 次 等待 1 秒
2021-07-12 01:09:38 {"status":"ok","msg":"添加成功！252260"}
2021-07-12 01:09:38 下次操作: 2021-07-12 01:09:51

2021-07-12 01:09:51 开始第 23 次操作

2021-07-12 01:09:51 开始操作号码 【1775327】
2021-07-12 01:09:57 GSD getOne 第 1 次 等待 1 秒
2021-07-12 01:09:58 查询号码 【1775327】，返回信息 {"status":"bad","msg":""}
2021-07-12 01:09:58 查询号码 【1775327】，GSD为【""】
2021-07-12 01:09:58 bad
2021-07-12 01:10:01 CHB 1775327?1626023398 第 1 次 等待 1 秒
2021-07-12 01:10:02 CHB 1775327?1626023398 第 1 次 获取到号码【1775327】GSD
2021-07-12 01:10:02 获取到号码【1775327】的GSD为【山东-青岛】
2021-07-12 01:10:06 GSD insert 第 1 次 等待 1 秒
2021-07-12 01:10:07 {"status":"ok","msg":"添加成功！252268"}
2021-07-12 01:10:07 下次操作: 2021-07-12 01:10:19

2021-07-12 01:10:19 开始第 24 次操作

2021-07-12 01:10:19 开始操作号码 【1775326】
2021-07-12 01:10:23 GSD getOne 第 1 次 等待 1 秒
2021-07-12 01:10:24 查询号码 【1775326】，返回信息 {"status":"bad","msg":""}
2021-07-12 01:10:24 查询号码 【1775326】，GSD为【""】
2021-07-12 01:10:24 bad
2021-07-12 01:10:26 CHB 1775326?1626023424 第 1 次 等待 1 秒
2021-07-12 01:10:27 CHB 1775326?1626023424 第 1 次 获取到号码【1775326】GSD
2021-07-12 01:10:27 获取到号码【1775326】的GSD为【山东-青岛】
2021-07-12 01:10:31 GSD insert 第 1 次 等待 1 秒
2021-07-12 01:10:32 {"status":"ok","msg":"添加成功！252274"}
2021-07-12 01:10:32 下次操作: 2021-07-12 01:10:40

2021-07-12 01:10:40 开始第 25 次操作

2021-07-12 01:10:40 开始操作号码 【1775325】
2021-07-12 01:10:46 GSD getOne 第 1 次 等待 1 秒
2021-07-12 01:10:47 查询号码 【1775325】，返回信息 {"status":"bad","msg":""}
2021-07-12 01:10:47 查询号码 【1775325】，GSD为【""】
2021-07-12 01:10:47 bad
2021-07-12 01:10:50 CHB 1775325?1626023447 第 1 次 等待 1 秒
2021-07-12 01:10:51 CHB 1775325?1626023447 第 1 次 获取到号码【1775325】GSD
2021-07-12 01:10:51 获取到号码【1775325】的GSD为【山东-青岛】
2021-07-12 01:10:54 GSD insert 第 1 次 等待 1 秒
2021-07-12 01:10:55 {"status":"ok","msg":"添加成功！252281"}
2021-07-12 01:10:55 下次操作: 2021-07-12 01:11:01

2021-07-12 01:11:01 开始第 26 次操作

2021-07-12 01:11:01 开始操作号码 【1775324】
2021-07-12 01:11:05 GSD getOne 第 1 次 等待 1 秒
2021-07-12 01:11:06 查询号码 【1775324】，返回信息 {"status":"bad","msg":""}
2021-07-12 01:11:06 查询号码 【1775324】，GSD为【""】
2021-07-12 01:11:06 bad
2021-07-12 01:11:07 CHB 1775324?1626023466 第 1 次 等待 1 秒
2021-07-12 01:11:08 CHB 1775324?1626023466 第 1 次 获取到号码【1775324】GSD
2021-07-12 01:11:08 获取到号码【1775324】的GSD为【山东-青岛】
2021-07-12 01:11:12 GSD insert 第 1 次 等待 1 秒
2021-07-12 01:11:13 {"status":"ok","msg":"添加成功！252284"}
2021-07-12 01:11:13 下次操作: 2021-07-12 01:11:27

2021-07-12 01:11:27 开始第 27 次操作

2021-07-12 01:11:27 开始操作号码 【1775323】
2021-07-12 01:11:31 GSD getOne 第 1 次 等待 1 秒
2021-07-12 01:11:32 查询号码 【1775323】，返回信息 {"status":"bad","msg":""}
2021-07-12 01:11:32 查询号码 【1775323】，GSD为【""】
2021-07-12 01:11:32 bad
2021-07-12 01:11:34 CHB 1775323?1626023492 第 1 次 等待 1 秒
2021-07-12 01:11:35 CHB 1775323?1626023492 第 1 次 获取到号码【1775323】GSD
2021-07-12 01:11:35 获取到号码【1775323】的GSD为【山东-青岛】
2021-07-12 01:11:39 GSD insert 第 1 次 等待 1 秒
2021-07-12 01:11:40 {"status":"ok","msg":"添加成功！252288"}
2021-07-12 01:11:40 下次操作: 2021-07-12 01:11:52

2021-07-12 01:11:52 开始第 28 次操作

2021-07-12 01:11:52 开始操作号码 【1775322】
2021-07-12 01:11:56 GSD getOne 第 1 次 等待 1 秒
2021-07-12 01:11:57 查询号码 【1775322】，返回信息 {"status":"bad","msg":""}
2021-07-12 01:11:57 查询号码 【1775322】，GSD为【""】
2021-07-12 01:11:57 bad
2021-07-12 01:11:59 CHB 1775322?1626023517 第 1 次 等待 1 秒
2021-07-12 01:12:00 CHB 1775322?1626023517 第 1 次 获取到号码【1775322】GSD
2021-07-12 01:12:00 获取到号码【1775322】的GSD为【山东-青岛】
2021-07-12 01:12:03 GSD insert 第 1 次 等待 1 秒
2021-07-12 01:12:04 {"status":"ok","msg":"添加成功！252291"}
2021-07-12 01:12:04 下次操作: 2021-07-12 01:12:13

2021-07-12 01:12:13 开始第 29 次操作

2021-07-12 01:12:13 开始操作号码 【1775321】
2021-07-12 01:12:17 GSD getOne 第 1 次 等待 1 秒
2021-07-12 01:12:18 查询号码 【1775321】，返回信息 {"status":"bad","msg":""}
2021-07-12 01:12:18 查询号码 【1775321】，GSD为【""】
2021-07-12 01:12:18 bad
2021-07-12 01:12:20 CHB 1775321?1626023538 第 1 次 等待 1 秒
2021-07-12 01:12:21 CHB 1775321?1626023538 第 1 次 获取到号码【1775321】GSD
2021-07-12 01:12:21 获取到号码【1775321】的GSD为【山东-青岛】
2021-07-12 01:12:27 GSD insert 第 1 次 等待 1 秒
2021-07-12 01:12:28 {"status":"ok","msg":"添加成功！252294"}
2021-07-12 01:12:28 下次操作: 2021-07-12 01:12:34

2021-07-12 01:12:34 开始第 30 次操作

2021-07-12 01:12:34 开始操作号码 【1775320】
2021-07-12 01:12:38 GSD getOne 第 1 次 等待 1 秒
2021-07-12 01:12:39 查询号码 【1775320】，返回信息 {"status":"bad","msg":""}
2021-07-12 01:12:39 查询号码 【1775320】，GSD为【""】
2021-07-12 01:12:39 bad
2021-07-12 01:12:40 CHB 1775320?1626023559 第 1 次 等待 1 秒
2021-07-12 01:12:41 CHB 1775320?1626023559 第 1 次 获取到号码【1775320】GSD
2021-07-12 01:12:41 获取到号码【1775320】的GSD为【山东-青岛】
2021-07-12 01:12:45 GSD insert 第 1 次 等待 1 秒
2021-07-12 01:12:46 {"status":"ok","msg":"添加成功！252297"}

