2024-02-25 00:18:34 开始第 5505 次操作

2024-02-25 00:18:34 开始操作号码 【1745423】
2024-02-25 00:18:39 GSD getOne 第 1 次 等待 3 秒
2024-02-25 00:18:42 查询号码 【1745423】，返回信息 {"status":"ok","msg":"-","gid":"214951","time_insert":"2021-07-07 15:19"}
2024-02-25 00:18:42 查询号码 【1745423】，GSD为【"-"】
2024-02-25 00:18:42 ok && -
2024-02-25 00:18:44 CHB 1745423?1708791522 第 1 次 等待 3 秒
2024-02-25 00:18:47 CHB 1745423?1708791522 第 1 次 获取到号码【1745423】GSD
2024-02-25 00:18:47 未获取到号码【1745423】GSD，可能号码格式错误
2024-02-25 00:18:47 获取到号码【1745423】的GSD为【-】
2024-02-25 00:18:51 GSD insert 第 1 次 等待 3 秒
2024-02-25 00:18:54 {"status":"bad","gid":"214951","msg":"添加失败！号码【1745423(-|-)】已存在！"}
2024-02-25 00:18:54 随机等待 220 秒，约 3 分钟
2024-02-25 00:18:54 下次操作: 2024-02-25 00:22:34

2024-02-25 00:22:34 开始第 5506 次操作

2024-02-25 00:22:34 开始操作号码 【1745424】
2024-02-25 00:22:39 GSD getOne 第 1 次 等待 3 秒
2024-02-25 00:22:42 查询号码 【1745424】，返回信息 {"status":"ok","msg":"-","gid":"214955","time_insert":"2021-07-07 15:20"}
2024-02-25 00:22:42 查询号码 【1745424】，GSD为【"-"】
2024-02-25 00:22:42 ok && -
2024-02-25 00:22:43 CHB 1745424?1708791762 第 1 次 等待 3 秒
2024-02-25 00:22:46 CHB 1745424?1708791762 第 1 次 获取到号码【1745424】GSD
2024-02-25 00:22:46 未获取到号码【1745424】GSD，可能号码格式错误
2024-02-25 00:22:46 获取到号码【1745424】的GSD为【-】
2024-02-25 00:22:50 GSD insert 第 1 次 等待 3 秒
2024-02-25 00:22:54 {"status":"bad","gid":"214955","msg":"添加失败！号码【1745424(-|-)】已存在！"}
2024-02-25 00:22:54 随机等待 111 秒，约 1 分钟
2024-02-25 00:22:54 下次操作: 2024-02-25 00:24:45

2024-02-25 00:24:45 开始第 5507 次操作

2024-02-25 00:24:45 开始操作号码 【1745425】
2024-02-25 00:24:49 GSD getOne 第 1 次 等待 3 秒
2024-02-25 00:24:52 查询号码 【1745425】，返回信息 {"status":"ok","msg":"-","gid":"215021","time_insert":"2021-07-07 15:36"}
2024-02-25 00:24:52 查询号码 【1745425】，GSD为【"-"】
2024-02-25 00:24:52 ok && -
2024-02-25 00:24:54 CHB 1745425?1708791892 第 1 次 等待 3 秒
2024-02-25 00:24:57 CHB 1745425?1708791892 第 1 次 获取到号码【1745425】GSD
2024-02-25 00:24:57 未获取到号码【1745425】GSD，可能号码格式错误
2024-02-25 00:24:57 获取到号码【1745425】的GSD为【-】
2024-02-25 00:25:02 GSD insert 第 1 次 等待 3 秒
2024-02-25 00:25:05 {"status":"bad","gid":"215021","msg":"添加失败！号码【1745425(-|-)】已存在！"}
2024-02-25 00:25:05 随机等待 228 秒，约 3 分钟
2024-02-25 00:25:05 下次操作: 2024-02-25 00:28:53

2024-02-25 00:28:53 开始第 5508 次操作

2024-02-25 00:28:53 开始操作号码 【1745426】
2024-02-25 00:28:58 GSD getOne 第 1 次 等待 3 秒
2024-02-25 00:29:01 查询号码 【1745426】，返回信息 {"status":"ok","msg":"-","gid":"215028","time_insert":"2021-07-07 15:37"}
2024-02-25 00:29:01 查询号码 【1745426】，GSD为【"-"】
2024-02-25 00:29:01 ok && -
2024-02-25 00:29:03 CHB 1745426?1708792141 第 1 次 等待 3 秒
2024-02-25 00:29:06 CHB 1745426?1708792141 第 1 次 获取到号码【1745426】GSD
2024-02-25 00:29:06 未获取到号码【1745426】GSD，可能号码格式错误
2024-02-25 00:29:06 获取到号码【1745426】的GSD为【-】
2024-02-25 00:29:27 GSD insert 第 1 次 等待 3 秒
2024-02-25 00:29:30 {"status":"bad","gid":"215028","msg":"添加失败！号码【1745426(-|-)】已存在！"}

2024-02-25 00:37:38 开始第 5509 次操作

2024-02-25 00:37:38 开始操作号码 【1745427】
2024-02-25 00:37:43 GSD getOne 第 1 次 等待 3 秒
2024-02-25 00:37:46 查询号码 【1745427】，返回信息 {"status":"ok","msg":"-","gid":"215034","time_insert":"2021-07-07 15:37"}
2024-02-25 00:37:46 查询号码 【1745427】，GSD为【"-"】
2024-02-25 00:37:46 ok && -
2024-02-25 00:42:47 CHB 1745427?1708792666 第 1 次 等待 3 秒
2024-02-25 00:42:50 CHB 1745427?1708792666 第 1 次 未获取到 等待 85 秒 下次操作: 2024-02-25 00:44:15
2024-02-25 00:44:17 CHB 1745427?1708793055 第 2 次 等待 3 秒
2024-02-25 00:44:20 CHB 1745427?1708793055 第 2 次 获取到号码【1745427】GSD
2024-02-25 00:44:20 未获取到号码【1745427】GSD，可能号码格式错误
2024-02-25 00:44:20 获取到号码【1745427】的GSD为【-】
2024-02-25 00:44:24 GSD insert 第 1 次 等待 3 秒
2024-02-25 00:44:27 {"status":"bad","gid":"215034","msg":"添加失败！号码【1745427(-|-)】已存在！"}
2024-02-25 00:44:27 随机等待 222 秒，约 3 分钟
2024-02-25 00:44:27 下次操作: 2024-02-25 00:48:09

2024-02-25 00:48:09 开始第 5510 次操作

2024-02-25 00:48:09 开始操作号码 【1745428】
2024-02-25 00:48:14 GSD getOne 第 1 次 等待 3 秒
2024-02-25 00:48:17 查询号码 【1745428】，返回信息 {"status":"ok","msg":"-","gid":"215040","time_insert":"2021-07-07 15:38"}
2024-02-25 00:48:17 查询号码 【1745428】，GSD为【"-"】
2024-02-25 00:48:17 ok && -
2024-02-25 00:48:19 CHB 1745428?1708793297 第 1 次 等待 3 秒
2024-02-25 00:48:22 CHB 1745428?1708793297 第 1 次 获取到号码【1745428】GSD
2024-02-25 00:48:22 未获取到号码【1745428】GSD，可能号码格式错误
2024-02-25 00:48:22 获取到号码【1745428】的GSD为【-】
2024-02-25 00:48:26 GSD insert 第 1 次 等待 3 秒
2024-02-25 00:48:29 {"status":"bad","gid":"215040","msg":"添加失败！号码【1745428(-|-)】已存在！"}
2024-02-25 00:48:29 随机等待 145 秒，约 2 分钟
2024-02-25 00:48:29 下次操作: 2024-02-25 00:50:54

2024-02-25 00:50:54 开始第 5511 次操作

2024-02-25 00:50:54 开始操作号码 【1745429】
2024-02-25 00:50:58 GSD getOne 第 1 次 等待 3 秒
2024-02-25 00:51:01 查询号码 【1745429】，返回信息 {"status":"ok","msg":"-","gid":"215047","time_insert":"2021-07-07 15:38"}
2024-02-25 00:51:01 查询号码 【1745429】，GSD为【"-"】
2024-02-25 00:51:01 ok && -
2024-02-25 00:51:03 CHB 1745429?1708793461 第 1 次 等待 3 秒
2024-02-25 00:51:06 CHB 1745429?1708793461 第 1 次 获取到号码【1745429】GSD
2024-02-25 00:51:06 未获取到号码【1745429】GSD，可能号码格式错误
2024-02-25 00:51:06 获取到号码【1745429】的GSD为【-】
2024-02-25 00:51:13 GSD insert 第 1 次 等待 3 秒
2024-02-25 00:51:16 {"status":"bad","gid":"215047","msg":"添加失败！号码【1745429(-|-)】已存在！"}
2024-02-25 00:51:16 随机等待 83 秒，约 1 分钟
2024-02-25 00:51:16 下次操作: 2024-02-25 00:52:39

2024-02-25 00:52:39 开始第 5512 次操作

2024-02-25 00:52:39 开始操作号码 【1745430】
2024-02-25 00:52:44 GSD getOne 第 1 次 等待 3 秒
2024-02-25 00:52:47 查询号码 【1745430】，返回信息 {"status":"ok","msg":"-","gid":"215052","time_insert":"2021-07-07 15:39"}
2024-02-25 00:52:47 查询号码 【1745430】，GSD为【"-"】
2024-02-25 00:52:47 ok && -
2024-02-25 00:52:49 CHB 1745430?1708793567 第 1 次 等待 3 秒
2024-02-25 00:52:52 CHB 1745430?1708793567 第 1 次 获取到号码【1745430】GSD
2024-02-25 00:52:52 未获取到号码【1745430】GSD，可能号码格式错误
2024-02-25 00:52:52 获取到号码【1745430】的GSD为【-】
2024-02-25 00:52:56 GSD insert 第 1 次 等待 3 秒
2024-02-25 00:52:59 {"status":"bad","gid":"215052","msg":"添加失败！号码【1745430(-|-)】已存在！"}

2024-02-25 01:15:59 开始第 5513 次操作

2024-02-25 01:15:59 开始操作号码 【1745431】
2024-02-25 01:16:05 GSD getOne 第 1 次 等待 3 秒
2024-02-25 01:16:08 查询号码 【1745431】，返回信息 {"status":"ok","msg":"-","gid":"215058","time_insert":"2021-07-07 15:39"}
2024-02-25 01:16:08 查询号码 【1745431】，GSD为【"-"】
2024-02-25 01:16:08 ok && -
2024-02-25 01:16:11 CHB 1745431?1708794968 第 1 次 等待 3 秒
2024-02-25 01:16:14 CHB 1745431?1708794968 第 1 次 获取到号码【1745431】GSD
2024-02-25 01:16:14 未获取到号码【1745431】GSD，可能号码格式错误
2024-02-25 01:16:14 获取到号码【1745431】的GSD为【-】
2024-02-25 01:16:18 GSD insert 第 1 次 等待 3 秒
2024-02-25 01:16:21 {"status":"bad","gid":"215058","msg":"添加失败！号码【1745431(-|-)】已存在！"}
2024-02-25 01:16:21 随机等待 152 秒，约 2 分钟
2024-02-25 01:16:21 下次操作: 2024-02-25 01:18:53

2024-02-25 01:18:53 开始第 5514 次操作

2024-02-25 01:18:53 开始操作号码 【1745432】
2024-02-25 01:18:59 GSD getOne 第 1 次 等待 3 秒
2024-02-25 01:19:02 查询号码 【1745432】，返回信息 {"status":"ok","msg":"-","gid":"215063","time_insert":"2021-07-07 15:39"}
2024-02-25 01:19:02 查询号码 【1745432】，GSD为【"-"】
2024-02-25 01:19:02 ok && -
2024-02-25 01:19:04 CHB 1745432?1708795142 第 1 次 等待 3 秒
2024-02-25 01:19:07 CHB 1745432?1708795142 第 1 次 获取到号码【1745432】GSD
2024-02-25 01:19:07 未获取到号码【1745432】GSD，可能号码格式错误
2024-02-25 01:19:07 获取到号码【1745432】的GSD为【-】
2024-02-25 01:19:12 GSD insert 第 1 次 等待 3 秒
2024-02-25 01:19:15 {"status":"bad","gid":"215063","msg":"添加失败！号码【1745432(-|-)】已存在！"}
2024-02-25 01:19:15 随机等待 209 秒，约 3 分钟
2024-02-25 01:19:15 下次操作: 2024-02-25 01:22:44

2024-02-25 01:22:44 开始第 5515 次操作

2024-02-25 01:22:44 开始操作号码 【1745433】
2024-02-25 01:22:50 GSD getOne 第 1 次 等待 3 秒
2024-02-25 01:22:53 查询号码 【1745433】，返回信息 {"status":"ok","msg":"-","gid":"215069","time_insert":"2021-07-07 15:40"}
2024-02-25 01:22:53 查询号码 【1745433】，GSD为【"-"】
2024-02-25 01:22:53 ok && -
2024-02-25 01:22:55 CHB 1745433?1708795373 第 1 次 等待 3 秒
2024-02-25 01:22:58 CHB 1745433?1708795373 第 1 次 获取到号码【1745433】GSD
2024-02-25 01:22:58 未获取到号码【1745433】GSD，可能号码格式错误
2024-02-25 01:22:58 获取到号码【1745433】的GSD为【-】
2024-02-25 01:23:03 GSD insert 第 1 次 等待 3 秒
2024-02-25 01:23:06 {"status":"bad","gid":"215069","msg":"添加失败！号码【1745433(-|-)】已存在！"}
2024-02-25 01:23:06 随机等待 216 秒，约 3 分钟
2024-02-25 01:23:06 下次操作: 2024-02-25 01:26:42

2024-02-25 01:26:42 开始第 5516 次操作

2024-02-25 01:26:42 开始操作号码 【1745434】
2024-02-25 01:26:48 GSD getOne 第 1 次 等待 3 秒
2024-02-25 01:26:51 查询号码 【1745434】，返回信息 {"status":"ok","msg":"-","gid":"215075","time_insert":"2021-07-07 15:40"}
2024-02-25 01:26:52 查询号码 【1745434】，GSD为【"-"】
2024-02-25 01:26:52 ok && -
2024-02-25 01:26:54 CHB 1745434?1708795612 第 1 次 等待 3 秒
2024-02-25 01:26:57 CHB 1745434?1708795612 第 1 次 获取到号码【1745434】GSD
2024-02-25 01:26:57 未获取到号码【1745434】GSD，可能号码格式错误
2024-02-25 01:26:57 获取到号码【1745434】的GSD为【-】
2024-02-25 01:27:02 GSD insert 第 1 次 等待 3 秒
2024-02-25 01:27:05 {"status":"bad","gid":"215075","msg":"添加失败！号码【1745434(-|-)】已存在！"}

2024-02-25 01:37:46 开始第 5517 次操作

2024-02-25 01:37:46 开始操作号码 【1745435】
2024-02-25 01:37:51 GSD getOne 第 1 次 等待 3 秒
2024-02-25 01:37:54 查询号码 【1745435】，返回信息 {"status":"ok","msg":"-","gid":"215082","time_insert":"2021-07-07 15:41"}
2024-02-25 01:37:54 查询号码 【1745435】，GSD为【"-"】
2024-02-25 01:37:54 ok && -
2024-02-25 01:37:56 CHB 1745435?1708796274 第 1 次 等待 3 秒
2024-02-25 01:37:59 CHB 1745435?1708796274 第 1 次 获取到号码【1745435】GSD
2024-02-25 01:37:59 未获取到号码【1745435】GSD，可能号码格式错误
2024-02-25 01:37:59 获取到号码【1745435】的GSD为【-】
2024-02-25 01:38:04 GSD insert 第 1 次 等待 3 秒
2024-02-25 01:38:07 {"status":"bad","gid":"215082","msg":"添加失败！号码【1745435(-|-)】已存在！"}
2024-02-25 01:38:07 随机等待 86 秒，约 1 分钟
2024-02-25 01:38:07 下次操作: 2024-02-25 01:39:33

2024-02-25 01:39:33 开始第 5518 次操作

2024-02-25 01:39:33 开始操作号码 【1745436】
2024-02-25 01:39:38 GSD getOne 第 1 次 等待 3 秒
2024-02-25 01:39:41 查询号码 【1745436】，返回信息 {"status":"ok","msg":"-","gid":"215091","time_insert":"2021-07-07 15:42"}
2024-02-25 01:39:41 查询号码 【1745436】，GSD为【"-"】
2024-02-25 01:39:41 ok && -
2024-02-25 01:39:43 CHB 1745436?1708796381 第 1 次 等待 3 秒
2024-02-25 01:39:46 CHB 1745436?1708796381 第 1 次 获取到号码【1745436】GSD
2024-02-25 01:39:46 未获取到号码【1745436】GSD，可能号码格式错误
2024-02-25 01:39:46 获取到号码【1745436】的GSD为【-】
2024-02-25 01:39:50 GSD insert 第 1 次 等待 3 秒
2024-02-25 01:39:53 {"status":"bad","gid":"215091","msg":"添加失败！号码【1745436(-|-)】已存在！"}
2024-02-25 01:39:53 随机等待 229 秒，约 3 分钟
2024-02-25 01:39:53 下次操作: 2024-02-25 01:43:42

2024-02-25 01:43:42 开始第 5519 次操作

2024-02-25 01:43:42 开始操作号码 【1745437】
2024-02-25 01:43:46 GSD getOne 第 1 次 等待 3 秒
2024-02-25 01:43:49 查询号码 【1745437】，返回信息 {"status":"ok","msg":"-","gid":"215099","time_insert":"2021-07-07 15:42"}
2024-02-25 01:43:49 查询号码 【1745437】，GSD为【"-"】
2024-02-25 01:43:49 ok && -
2024-02-25 01:43:51 CHB 1745437?1708796629 第 1 次 等待 3 秒
2024-02-25 01:43:54 CHB 1745437?1708796629 第 1 次 获取到号码【1745437】GSD
2024-02-25 01:43:54 未获取到号码【1745437】GSD，可能号码格式错误
2024-02-25 01:43:54 获取到号码【1745437】的GSD为【-】
2024-02-25 01:43:58 GSD insert 第 1 次 等待 3 秒
2024-02-25 01:44:01 {"status":"bad","gid":"215099","msg":"添加失败！号码【1745437(-|-)】已存在！"}
2024-02-25 01:44:01 随机等待 228 秒，约 3 分钟
2024-02-25 01:44:01 下次操作: 2024-02-25 01:47:49

2024-02-25 01:47:49 开始第 5520 次操作

2024-02-25 01:47:49 开始操作号码 【1745438】
2024-02-25 01:47:53 GSD getOne 第 1 次 等待 3 秒
2024-02-25 01:47:56 查询号码 【1745438】，返回信息 {"status":"ok","msg":"-","gid":"215104","time_insert":"2021-07-07 15:43"}
2024-02-25 01:47:56 查询号码 【1745438】，GSD为【"-"】
2024-02-25 01:47:56 ok && -
2024-02-25 01:47:59 CHB 1745438?1708796876 第 1 次 等待 3 秒
2024-02-25 01:48:02 CHB 1745438?1708796876 第 1 次 获取到号码【1745438】GSD
2024-02-25 01:48:02 未获取到号码【1745438】GSD，可能号码格式错误
2024-02-25 01:48:02 获取到号码【1745438】的GSD为【-】
2024-02-25 01:48:06 GSD insert 第 1 次 等待 3 秒
2024-02-25 01:48:09 {"status":"bad","gid":"215104","msg":"添加失败！号码【1745438(-|-)】已存在！"}

2024-02-25 02:19:09 开始第 5521 次操作

2024-02-25 02:19:09 开始操作号码 【1745439】
2024-02-25 02:19:15 GSD getOne 第 1 次 等待 3 秒
2024-02-25 02:19:18 查询号码 【1745439】，返回信息 {"status":"ok","msg":"-","gid":"215112","time_insert":"2021-07-07 15:43"}
2024-02-25 02:19:18 查询号码 【1745439】，GSD为【"-"】
2024-02-25 02:19:18 ok && -
2024-02-25 02:19:20 CHB 1745439?1708798758 第 1 次 等待 3 秒
2024-02-25 02:19:23 CHB 1745439?1708798758 第 1 次 获取到号码【1745439】GSD
2024-02-25 02:19:23 未获取到号码【1745439】GSD，可能号码格式错误
2024-02-25 02:19:23 获取到号码【1745439】的GSD为【-】
2024-02-25 02:19:28 GSD insert 第 1 次 等待 3 秒
2024-02-25 02:19:31 {"status":"bad","gid":"215112","msg":"添加失败！号码【1745439(-|-)】已存在！"}
2024-02-25 02:19:31 随机等待 67 秒，约 1 分钟
2024-02-25 02:19:31 下次操作: 2024-02-25 02:20:38

2024-02-25 02:20:38 开始第 5522 次操作

2024-02-25 02:20:38 开始操作号码 【1745440】
2024-02-25 02:20:43 GSD getOne 第 1 次 等待 3 秒
2024-02-25 02:20:46 查询号码 【1745440】，返回信息 {"status":"ok","msg":"-","gid":"215116","time_insert":"2021-07-07 15:44"}
2024-02-25 02:20:46 查询号码 【1745440】，GSD为【"-"】
2024-02-25 02:20:46 ok && -
2024-02-25 02:20:48 CHB 1745440?1708798846 第 1 次 等待 3 秒
2024-02-25 02:20:51 CHB 1745440?1708798846 第 1 次 获取到号码【1745440】GSD
2024-02-25 02:20:51 未获取到号码【1745440】GSD，可能号码格式错误
2024-02-25 02:20:51 获取到号码【1745440】的GSD为【-】
2024-02-25 02:20:55 GSD insert 第 1 次 等待 3 秒
2024-02-25 02:20:58 {"status":"bad","gid":"215116","msg":"添加失败！号码【1745440(-|-)】已存在！"}
2024-02-25 02:20:58 随机等待 123 秒，约 2 分钟
2024-02-25 02:20:58 下次操作: 2024-02-25 02:23:01

2024-02-25 02:23:01 开始第 5523 次操作

2024-02-25 02:23:01 开始操作号码 【1745441】
2024-02-25 02:23:06 GSD getOne 第 1 次 等待 3 秒
2024-02-25 02:23:09 查询号码 【1745441】，返回信息 {"status":"ok","msg":"-","gid":"215123","time_insert":"2021-07-07 15:44"}
2024-02-25 02:23:09 查询号码 【1745441】，GSD为【"-"】
2024-02-25 02:23:09 ok && -
2024-02-25 02:23:11 CHB 1745441?1708798989 第 1 次 等待 3 秒
2024-02-25 02:23:14 CHB 1745441?1708798989 第 1 次 获取到号码【1745441】GSD
2024-02-25 02:23:14 未获取到号码【1745441】GSD，可能号码格式错误
2024-02-25 02:23:14 获取到号码【1745441】的GSD为【-】
2024-02-25 02:23:18 GSD insert 第 1 次 等待 3 秒
2024-02-25 02:23:21 {"status":"bad","gid":"215123","msg":"添加失败！号码【1745441(-|-)】已存在！"}
2024-02-25 02:23:21 随机等待 98 秒，约 1 分钟
2024-02-25 02:23:21 下次操作: 2024-02-25 02:24:59

2024-02-25 02:24:59 开始第 5524 次操作

2024-02-25 02:24:59 开始操作号码 【1745442】
2024-02-25 02:25:04 GSD getOne 第 1 次 等待 3 秒
2024-02-25 02:25:07 查询号码 【1745442】，返回信息 {"status":"ok","msg":"-","gid":"215130","time_insert":"2021-07-07 15:45"}
2024-02-25 02:25:07 查询号码 【1745442】，GSD为【"-"】
2024-02-25 02:25:07 ok && -
2024-02-25 02:25:09 CHB 1745442?1708799107 第 1 次 等待 3 秒
2024-02-25 02:25:12 CHB 1745442?1708799107 第 1 次 获取到号码【1745442】GSD
2024-02-25 02:25:12 未获取到号码【1745442】GSD，可能号码格式错误
2024-02-25 02:25:12 获取到号码【1745442】的GSD为【-】
2024-02-25 02:25:18 GSD insert 第 1 次 等待 3 秒
2024-02-25 02:25:21 {"status":"bad","gid":"215130","msg":"添加失败！号码【1745442(-|-)】已存在！"}

2024-02-25 02:37:52 开始第 5525 次操作

2024-02-25 02:37:52 开始操作号码 【1745443】
2024-02-25 02:37:58 GSD getOne 第 1 次 等待 3 秒
2024-02-25 02:38:01 查询号码 【1745443】，返回信息 {"status":"ok","msg":"-","gid":"215136","time_insert":"2021-07-07 15:45"}
2024-02-25 02:38:01 查询号码 【1745443】，GSD为【"-"】
2024-02-25 02:38:01 ok && -
2024-02-25 02:38:04 CHB 1745443?1708799881 第 1 次 等待 3 秒
2024-02-25 02:38:07 CHB 1745443?1708799881 第 1 次 获取到号码【1745443】GSD
2024-02-25 02:38:07 未获取到号码【1745443】GSD，可能号码格式错误
2024-02-25 02:38:07 获取到号码【1745443】的GSD为【-】
2024-02-25 02:38:11 GSD insert 第 1 次 等待 3 秒
2024-02-25 02:38:14 {"status":"bad","gid":"215136","msg":"添加失败！号码【1745443(-|-)】已存在！"}
2024-02-25 02:38:14 随机等待 90 秒，约 1 分钟
2024-02-25 02:38:14 下次操作: 2024-02-25 02:39:44

2024-02-25 02:39:44 开始第 5526 次操作

2024-02-25 02:39:44 开始操作号码 【1745444】
2024-02-25 02:39:49 GSD getOne 第 1 次 等待 3 秒
2024-02-25 02:39:52 查询号码 【1745444】，返回信息 {"status":"ok","msg":"-","gid":"215143","time_insert":"2021-07-07 15:45"}
2024-02-25 02:39:52 查询号码 【1745444】，GSD为【"-"】
2024-02-25 02:39:52 ok && -
2024-02-25 02:39:54 CHB 1745444?1708799992 第 1 次 等待 3 秒
2024-02-25 02:39:57 CHB 1745444?1708799992 第 1 次 获取到号码【1745444】GSD
2024-02-25 02:39:57 未获取到号码【1745444】GSD，可能号码格式错误
2024-02-25 02:39:57 获取到号码【1745444】的GSD为【-】
2024-02-25 02:40:02 GSD insert 第 1 次 等待 3 秒
2024-02-25 02:40:05 {"status":"bad","gid":"215143","msg":"添加失败！号码【1745444(-|-)】已存在！"}
2024-02-25 02:40:05 随机等待 182 秒，约 3 分钟
2024-02-25 02:40:05 下次操作: 2024-02-25 02:43:07

2024-02-25 02:43:07 开始第 5527 次操作

2024-02-25 02:43:07 开始操作号码 【1745445】
2024-02-25 02:43:12 GSD getOne 第 1 次 等待 3 秒
2024-02-25 02:43:15 查询号码 【1745445】，返回信息 {"status":"ok","msg":"-","gid":"215146","time_insert":"2021-07-07 15:46"}
2024-02-25 02:43:15 查询号码 【1745445】，GSD为【"-"】
2024-02-25 02:43:15 ok && -
2024-02-25 02:43:17 CHB 1745445?1708800195 第 1 次 等待 3 秒
2024-02-25 02:43:20 CHB 1745445?1708800195 第 1 次 获取到号码【1745445】GSD
2024-02-25 02:43:20 未获取到号码【1745445】GSD，可能号码格式错误
2024-02-25 02:43:20 获取到号码【1745445】的GSD为【-】
2024-02-25 02:43:25 GSD insert 第 1 次 等待 3 秒
2024-02-25 02:43:28 {"status":"bad","gid":"215146","msg":"添加失败！号码【1745445(-|-)】已存在！"}
2024-02-25 02:43:28 随机等待 161 秒，约 2 分钟
2024-02-25 02:43:28 下次操作: 2024-02-25 02:46:09

2024-02-25 02:46:09 开始第 5528 次操作

2024-02-25 02:46:09 开始操作号码 【1745446】
2024-02-25 02:46:13 GSD getOne 第 1 次 等待 3 秒
2024-02-25 02:46:16 查询号码 【1745446】，返回信息 {"status":"ok","msg":"-","gid":"215154","time_insert":"2021-07-07 15:46"}
2024-02-25 02:46:16 查询号码 【1745446】，GSD为【"-"】
2024-02-25 02:46:16 ok && -
2024-02-25 02:46:19 CHB 1745446?1708800376 第 1 次 等待 3 秒
2024-02-25 02:46:22 CHB 1745446?1708800376 第 1 次 获取到号码【1745446】GSD
2024-02-25 02:46:22 未获取到号码【1745446】GSD，可能号码格式错误
2024-02-25 02:46:22 获取到号码【1745446】的GSD为【-】
2024-02-25 02:46:26 GSD insert 第 1 次 等待 3 秒
2024-02-25 02:46:29 {"status":"bad","gid":"215154","msg":"添加失败！号码【1745446(-|-)】已存在！"}

2024-02-25 03:12:12 开始第 5529 次操作

2024-02-25 03:12:12 开始操作号码 【1745447】
2024-02-25 03:12:17 GSD getOne 第 1 次 等待 3 秒
2024-02-25 03:12:20 查询号码 【1745447】，返回信息 {"status":"ok","msg":"-","gid":"215160","time_insert":"2021-07-07 15:46"}
2024-02-25 03:12:20 查询号码 【1745447】，GSD为【"-"】
2024-02-25 03:12:20 ok && -
2024-02-25 03:12:22 CHB 1745447?1708801940 第 1 次 等待 3 秒
2024-02-25 03:12:25 CHB 1745447?1708801940 第 1 次 获取到号码【1745447】GSD
2024-02-25 03:12:25 未获取到号码【1745447】GSD，可能号码格式错误
2024-02-25 03:12:25 获取到号码【1745447】的GSD为【-】
2024-02-25 03:12:30 GSD insert 第 1 次 等待 3 秒
2024-02-25 03:12:33 {"status":"bad","gid":"215160","msg":"添加失败！号码【1745447(-|-)】已存在！"}
2024-02-25 03:12:33 随机等待 176 秒，约 2 分钟
2024-02-25 03:12:33 下次操作: 2024-02-25 03:15:29

2024-02-25 03:15:29 开始第 5530 次操作

2024-02-25 03:15:29 开始操作号码 【1745448】
2024-02-25 03:15:33 GSD getOne 第 1 次 等待 3 秒
2024-02-25 03:15:36 查询号码 【1745448】，返回信息 {"status":"ok","msg":"-","gid":"215164","time_insert":"2021-07-07 15:47"}
2024-02-25 03:15:36 查询号码 【1745448】，GSD为【"-"】
2024-02-25 03:15:36 ok && -
2024-02-25 03:15:38 CHB 1745448?1708802136 第 1 次 等待 3 秒
2024-02-25 03:15:41 CHB 1745448?1708802136 第 1 次 获取到号码【1745448】GSD
2024-02-25 03:15:41 未获取到号码【1745448】GSD，可能号码格式错误
2024-02-25 03:15:41 获取到号码【1745448】的GSD为【-】
2024-02-25 03:15:45 GSD insert 第 1 次 等待 3 秒
2024-02-25 03:15:48 {"status":"bad","gid":"215164","msg":"添加失败！号码【1745448(-|-)】已存在！"}
2024-02-25 03:15:48 随机等待 189 秒，约 3 分钟
2024-02-25 03:15:48 下次操作: 2024-02-25 03:18:57

2024-02-25 03:18:57 开始第 5531 次操作

2024-02-25 03:18:57 开始操作号码 【1745449】
2024-02-25 03:19:01 GSD getOne 第 1 次 等待 3 秒
2024-02-25 03:19:04 查询号码 【1745449】，返回信息 {"status":"ok","msg":"-","gid":"215174","time_insert":"2021-07-07 15:47"}
2024-02-25 03:19:04 查询号码 【1745449】，GSD为【"-"】
2024-02-25 03:19:04 ok && -
2024-02-25 03:19:06 CHB 1745449?1708802344 第 1 次 等待 3 秒
2024-02-25 03:19:09 CHB 1745449?1708802344 第 1 次 获取到号码【1745449】GSD
2024-02-25 03:19:09 未获取到号码【1745449】GSD，可能号码格式错误
2024-02-25 03:19:09 获取到号码【1745449】的GSD为【-】
2024-02-25 03:19:14 GSD insert 第 1 次 等待 3 秒
2024-02-25 03:19:17 {"status":"bad","gid":"215174","msg":"添加失败！号码【1745449(-|-)】已存在！"}
2024-02-25 03:19:17 随机等待 107 秒，约 1 分钟
2024-02-25 03:19:17 下次操作: 2024-02-25 03:21:04

2024-02-25 03:21:04 开始第 5532 次操作

2024-02-25 03:21:04 开始操作号码 【1745450】
2024-02-25 03:21:08 GSD getOne 第 1 次 等待 3 秒
2024-02-25 03:21:11 查询号码 【1745450】，返回信息 {"status":"ok","msg":"-","gid":"215180","time_insert":"2021-07-07 15:48"}
2024-02-25 03:21:11 查询号码 【1745450】，GSD为【"-"】
2024-02-25 03:21:11 ok && -
2024-02-25 03:21:13 CHB 1745450?1708802471 第 1 次 等待 3 秒
2024-02-25 03:21:16 CHB 1745450?1708802471 第 1 次 获取到号码【1745450】GSD
2024-02-25 03:21:16 未获取到号码【1745450】GSD，可能号码格式错误
2024-02-25 03:21:16 获取到号码【1745450】的GSD为【-】
2024-02-25 03:21:20 GSD insert 第 1 次 等待 3 秒
2024-02-25 03:21:23 {"status":"bad","gid":"215180","msg":"添加失败！号码【1745450(-|-)】已存在！"}

2024-02-25 03:37:36 开始第 5533 次操作

2024-02-25 03:37:36 开始操作号码 【1745451】
2024-02-25 03:37:44 GSD getOne 第 1 次 等待 3 秒
2024-02-25 03:37:47 查询号码 【1745451】，返回信息 {"status":"ok","msg":"-","gid":"215189","time_insert":"2021-07-07 15:48"}
2024-02-25 03:37:47 查询号码 【1745451】，GSD为【"-"】
2024-02-25 03:37:47 ok && -
2024-02-25 03:37:50 CHB 1745451?1708803467 第 1 次 等待 3 秒
2024-02-25 03:37:53 CHB 1745451?1708803467 第 1 次 获取到号码【1745451】GSD
2024-02-25 03:37:53 未获取到号码【1745451】GSD，可能号码格式错误
2024-02-25 03:37:53 获取到号码【1745451】的GSD为【-】
2024-02-25 03:37:58 GSD insert 第 1 次 等待 3 秒
2024-02-25 03:38:01 {"status":"bad","gid":"215189","msg":"添加失败！号码【1745451(-|-)】已存在！"}
2024-02-25 03:38:01 随机等待 156 秒，约 2 分钟
2024-02-25 03:38:01 下次操作: 2024-02-25 03:40:37

2024-02-25 03:40:37 开始第 5534 次操作

2024-02-25 03:40:37 开始操作号码 【1745452】
2024-02-25 03:40:41 GSD getOne 第 1 次 等待 3 秒
2024-02-25 03:40:44 查询号码 【1745452】，返回信息 {"status":"ok","msg":"-","gid":"215196","time_insert":"2021-07-07 15:49"}
2024-02-25 03:40:45 查询号码 【1745452】，GSD为【"-"】
2024-02-25 03:40:45 ok && -
2024-02-25 03:40:47 CHB 1745452?1708803645 第 1 次 等待 3 秒
2024-02-25 03:40:50 CHB 1745452?1708803645 第 1 次 获取到号码【1745452】GSD
2024-02-25 03:40:50 未获取到号码【1745452】GSD，可能号码格式错误
2024-02-25 03:40:50 获取到号码【1745452】的GSD为【-】
2024-02-25 03:40:54 GSD insert 第 1 次 等待 3 秒
2024-02-25 03:40:57 {"status":"bad","gid":"215196","msg":"添加失败！号码【1745452(-|-)】已存在！"}
2024-02-25 03:40:57 随机等待 68 秒，约 1 分钟
2024-02-25 03:40:57 下次操作: 2024-02-25 03:42:05

2024-02-25 03:42:05 开始第 5535 次操作

2024-02-25 03:42:05 开始操作号码 【1745453】
2024-02-25 03:42:09 GSD getOne 第 1 次 等待 3 秒
2024-02-25 03:42:12 查询号码 【1745453】，返回信息 {"status":"ok","msg":"-","gid":"215202","time_insert":"2021-07-07 15:49"}
2024-02-25 03:42:12 查询号码 【1745453】，GSD为【"-"】
2024-02-25 03:42:12 ok && -
2024-02-25 03:42:15 CHB 1745453?1708803732 第 1 次 等待 3 秒
2024-02-25 03:42:18 CHB 1745453?1708803732 第 1 次 获取到号码【1745453】GSD
2024-02-25 03:42:18 未获取到号码【1745453】GSD，可能号码格式错误
2024-02-25 03:42:18 获取到号码【1745453】的GSD为【-】
2024-02-25 03:42:22 GSD insert 第 1 次 等待 3 秒
2024-02-25 03:42:25 {"status":"bad","gid":"215202","msg":"添加失败！号码【1745453(-|-)】已存在！"}
2024-02-25 03:42:25 随机等待 164 秒，约 2 分钟
2024-02-25 03:42:25 下次操作: 2024-02-25 03:45:09

2024-02-25 03:45:09 开始第 5536 次操作

2024-02-25 03:45:09 开始操作号码 【1745454】
2024-02-25 03:45:15 GSD getOne 第 1 次 等待 3 秒
2024-02-25 03:45:18 查询号码 【1745454】，返回信息 {"status":"ok","msg":"-","gid":"29840","time_insert":"2018-01-06 17:41","time_update":"2021-01-22 01:18"}
2024-02-25 03:45:18 查询号码 【1745454】，GSD为【"-"】
2024-02-25 03:45:18 ok && -
2024-02-25 03:45:20 CHB 1745454?1708803918 第 1 次 等待 3 秒
2024-02-25 03:45:23 CHB 1745454?1708803918 第 1 次 获取到号码【1745454】GSD
2024-02-25 03:45:23 未获取到号码【1745454】GSD，可能号码格式错误
2024-02-25 03:45:23 获取到号码【1745454】的GSD为【-】
2024-02-25 03:45:28 GSD insert 第 1 次 等待 3 秒
2024-02-25 03:45:31 {"status":"bad","gid":"29840","msg":"添加失败！号码【1745454(-|-)】已存在！"}

