2024-02-19 00:19:46 开始第 4437 次操作

2024-02-19 00:19:46 开始操作号码 【1744355】
2024-02-19 00:19:51 GSD getOne 第 1 次 等待 3 秒
2024-02-19 00:19:54 查询号码 【1744355】，返回信息 {"status":"ok","msg":"-","gid":"200789","time_insert":"2021-07-05 21:32"}
2024-02-19 00:19:54 查询号码 【1744355】，GSD为【"-"】
2024-02-19 00:19:54 ok && -
2024-02-19 00:19:56 CHB 1744355?1708273194 第 1 次 等待 3 秒
2024-02-19 00:19:59 CHB 1744355?1708273194 第 1 次 获取到号码【1744355】GSD
2024-02-19 00:19:59 未获取到号码【1744355】GSD，可能号码格式错误
2024-02-19 00:19:59 获取到号码【1744355】的GSD为【-】
2024-02-19 00:20:08 GSD insert 第 1 次 等待 3 秒
2024-02-19 00:20:11 {"status":"bad","gid":"200789","msg":"添加失败！号码【1744355(-|-)】已存在！"}
2024-02-19 00:20:11 随机等待 169 秒，约 2 分钟
2024-02-19 00:20:11 下次操作: 2024-02-19 00:23:00

2024-02-19 00:23:00 开始第 4438 次操作

2024-02-19 00:23:00 开始操作号码 【1744356】
2024-02-19 00:23:04 GSD getOne 第 1 次 等待 3 秒
2024-02-19 00:23:07 查询号码 【1744356】，返回信息 {"status":"ok","msg":"-","gid":"200796","time_insert":"2021-07-05 21:33"}
2024-02-19 00:23:08 查询号码 【1744356】，GSD为【"-"】
2024-02-19 00:23:08 ok && -
2024-02-19 00:23:10 CHB 1744356?1708273388 第 1 次 等待 3 秒
2024-02-19 00:23:13 CHB 1744356?1708273388 第 1 次 获取到号码【1744356】GSD
2024-02-19 00:23:13 未获取到号码【1744356】GSD，可能号码格式错误
2024-02-19 00:23:13 获取到号码【1744356】的GSD为【-】
2024-02-19 00:23:18 GSD insert 第 1 次 等待 3 秒
2024-02-19 00:23:21 {"status":"bad","gid":"200796","msg":"添加失败！号码【1744356(-|-)】已存在！"}
2024-02-19 00:23:21 随机等待 69 秒，约 1 分钟
2024-02-19 00:23:21 下次操作: 2024-02-19 00:24:30

2024-02-19 00:24:30 开始第 4439 次操作

2024-02-19 00:24:30 开始操作号码 【1744357】
2024-02-19 00:24:38 GSD getOne 第 1 次 等待 3 秒
2024-02-19 00:24:41 查询号码 【1744357】，返回信息 {"status":"ok","msg":"-","gid":"200799","time_insert":"2021-07-05 21:33"}
2024-02-19 00:24:41 查询号码 【1744357】，GSD为【"-"】
2024-02-19 00:24:41 ok && -
2024-02-19 00:24:43 CHB 1744357?1708273481 第 1 次 等待 3 秒
2024-02-19 00:24:46 CHB 1744357?1708273481 第 1 次 获取到号码【1744357】GSD
2024-02-19 00:24:46 未获取到号码【1744357】GSD，可能号码格式错误
2024-02-19 00:24:46 获取到号码【1744357】的GSD为【-】
2024-02-19 00:24:51 GSD insert 第 1 次 等待 3 秒
2024-02-19 00:24:54 {"status":"bad","gid":"200799","msg":"添加失败！号码【1744357(-|-)】已存在！"}
2024-02-19 00:24:54 随机等待 129 秒，约 2 分钟
2024-02-19 00:24:54 下次操作: 2024-02-19 00:27:03

2024-02-19 00:27:03 开始第 4440 次操作

2024-02-19 00:27:03 开始操作号码 【1744358】
2024-02-19 00:27:08 GSD getOne 第 1 次 等待 3 秒
2024-02-19 00:27:11 查询号码 【1744358】，返回信息 {"status":"ok","msg":"-","gid":"200806","time_insert":"2021-07-05 21:34"}
2024-02-19 00:27:11 查询号码 【1744358】，GSD为【"-"】
2024-02-19 00:27:11 ok && -
2024-02-19 00:27:13 CHB 1744358?1708273631 第 1 次 等待 3 秒
2024-02-19 00:27:16 CHB 1744358?1708273631 第 1 次 获取到号码【1744358】GSD
2024-02-19 00:27:16 未获取到号码【1744358】GSD，可能号码格式错误
2024-02-19 00:27:16 获取到号码【1744358】的GSD为【-】
2024-02-19 00:27:20 GSD insert 第 1 次 等待 3 秒
2024-02-19 00:27:24 {"status":"bad","gid":"200806","msg":"添加失败！号码【1744358(-|-)】已存在！"}

2024-02-19 00:38:08 开始第 4441 次操作

2024-02-19 00:38:08 开始操作号码 【1744359】
2024-02-19 00:38:17 GSD getOne 第 1 次 等待 3 秒
2024-02-19 00:38:20 查询号码 【1744359】，返回信息 {"status":"ok","msg":"-","gid":"200812","time_insert":"2021-07-05 21:34"}
2024-02-19 00:38:20 查询号码 【1744359】，GSD为【"-"】
2024-02-19 00:38:20 ok && -
2024-02-19 00:38:23 CHB 1744359?1708274300 第 1 次 等待 3 秒
2024-02-19 00:38:26 CHB 1744359?1708274300 第 1 次 获取到号码【1744359】GSD
2024-02-19 00:38:26 未获取到号码【1744359】GSD，可能号码格式错误
2024-02-19 00:38:26 获取到号码【1744359】的GSD为【-】
2024-02-19 00:38:34 GSD insert 第 1 次 等待 3 秒
2024-02-19 00:38:37 {"status":"bad","gid":"200812","msg":"添加失败！号码【1744359(-|-)】已存在！"}
2024-02-19 00:38:37 随机等待 78 秒，约 1 分钟
2024-02-19 00:38:37 下次操作: 2024-02-19 00:39:55

2024-02-19 00:39:55 开始第 4442 次操作

2024-02-19 00:39:55 开始操作号码 【1744360】
2024-02-19 00:40:01 GSD getOne 第 1 次 等待 3 秒
2024-02-19 00:40:04 查询号码 【1744360】，返回信息 {"status":"ok","msg":"-","gid":"200818","time_insert":"2021-07-05 21:35"}
2024-02-19 00:40:04 查询号码 【1744360】，GSD为【"-"】
2024-02-19 00:40:04 ok && -
2024-02-19 00:40:08 CHB 1744360?1708274404 第 1 次 等待 3 秒
2024-02-19 00:40:11 CHB 1744360?1708274404 第 1 次 获取到号码【1744360】GSD
2024-02-19 00:40:11 未获取到号码【1744360】GSD，可能号码格式错误
2024-02-19 00:40:11 获取到号码【1744360】的GSD为【-】
2024-02-19 00:40:18 GSD insert 第 1 次 等待 3 秒
2024-02-19 00:40:21 {"status":"bad","gid":"200818","msg":"添加失败！号码【1744360(-|-)】已存在！"}
2024-02-19 00:40:21 随机等待 184 秒，约 3 分钟
2024-02-19 00:40:21 下次操作: 2024-02-19 00:43:25

2024-02-19 00:43:25 开始第 4443 次操作

2024-02-19 00:43:25 开始操作号码 【1744361】
2024-02-19 00:43:29 GSD getOne 第 1 次 等待 3 秒
2024-02-19 00:43:32 查询号码 【1744361】，返回信息 {"status":"ok","msg":"-","gid":"200823","time_insert":"2021-07-05 21:35"}
2024-02-19 00:43:32 查询号码 【1744361】，GSD为【"-"】
2024-02-19 00:43:32 ok && -
2024-02-19 00:43:34 CHB 1744361?1708274612 第 1 次 等待 3 秒
2024-02-19 00:43:37 CHB 1744361?1708274612 第 1 次 获取到号码【1744361】GSD
2024-02-19 00:43:37 未获取到号码【1744361】GSD，可能号码格式错误
2024-02-19 00:43:37 获取到号码【1744361】的GSD为【-】
2024-02-19 00:43:42 GSD insert 第 1 次 等待 3 秒
2024-02-19 00:43:45 {"status":"bad","gid":"200823","msg":"添加失败！号码【1744361(-|-)】已存在！"}
2024-02-19 00:43:45 随机等待 187 秒，约 3 分钟
2024-02-19 00:43:45 下次操作: 2024-02-19 00:46:52

2024-02-19 00:46:52 开始第 4444 次操作

2024-02-19 00:46:52 开始操作号码 【1744362】
2024-02-19 00:46:56 GSD getOne 第 1 次 等待 3 秒
2024-02-19 00:46:59 查询号码 【1744362】，返回信息 {"status":"ok","msg":"-","gid":"200829","time_insert":"2021-07-05 21:36"}
2024-02-19 00:46:59 查询号码 【1744362】，GSD为【"-"】
2024-02-19 00:46:59 ok && -
2024-02-19 00:47:02 CHB 1744362?1708274819 第 1 次 等待 3 秒
2024-02-19 00:47:05 CHB 1744362?1708274819 第 1 次 获取到号码【1744362】GSD
2024-02-19 00:47:05 未获取到号码【1744362】GSD，可能号码格式错误
2024-02-19 00:47:05 获取到号码【1744362】的GSD为【-】
2024-02-19 00:47:10 GSD insert 第 1 次 等待 3 秒
2024-02-19 00:47:13 {"status":"bad","gid":"200829","msg":"添加失败！号码【1744362(-|-)】已存在！"}

