2023-11-06 00:19:37 开始第 6985 次操作

2023-11-06 00:19:37 开始操作号码 【1956903】
2023-11-06 00:19:43 GSD getOne 第 1 次 等待 3 秒
2023-11-06 00:19:46 查询号码 【1956903】，返回信息 {"status":"ok","msg":"北京-北京","gid":"483269","time_insert":"2021-08-02 21:19"}
2023-11-06 00:19:46 查询号码 【1956903】，GSD为【"北京-北京"】

2023-11-06 00:19:47 开始第 6986 次操作

2023-11-06 00:19:47 开始操作号码 【1956904】
2023-11-06 00:19:51 GSD getOne 第 1 次 等待 3 秒
2023-11-06 00:19:54 查询号码 【1956904】，返回信息 {"status":"ok","msg":"北京-北京","gid":"483260","time_insert":"2021-08-02 21:18"}
2023-11-06 00:19:54 查询号码 【1956904】，GSD为【"北京-北京"】

2023-11-06 00:19:55 开始第 6987 次操作

2023-11-06 00:19:55 开始操作号码 【1956905】
2023-11-06 00:19:57 GSD getOne 第 1 次 等待 3 秒
2023-11-06 00:20:00 查询号码 【1956905】，返回信息 {"status":"ok","msg":"北京-北京","gid":"483248","time_insert":"2021-08-02 21:17"}
2023-11-06 00:20:00 查询号码 【1956905】，GSD为【"北京-北京"】

2023-11-06 00:20:01 开始第 6988 次操作

2023-11-06 00:20:01 开始操作号码 【1956906】
2023-11-06 00:20:04 GSD getOne 第 1 次 等待 3 秒
2023-11-06 00:20:07 查询号码 【1956906】，返回信息 {"status":"ok","msg":"北京-北京","gid":"483240","time_insert":"2021-08-02 21:16"}
2023-11-06 00:20:07 查询号码 【1956906】，GSD为【"北京-北京"】

