2024-05-07 00:24:11 开始第 7413 次操作

2024-05-07 00:24:11 开始操作号码 【1637330】
2024-05-07 00:24:17 GSD getOne 第 1 次 等待 3 秒
2024-05-07 00:24:20 查询号码 【1637330】，返回信息 {"status":"ok","msg":"-","gid":"679194","time_insert":"2023-04-26 21:16"}
2024-05-07 00:24:20 查询号码 【1637330】，GSD为【"-"】
2024-05-07 00:24:20 ok && -
2024-05-07 00:24:22 CHB 1637330?1715012660 第 1 次 等待 3 秒
2024-05-07 00:24:25 CHB 1637330?1715012660 第 1 次 获取到号码【1637330】GSD
2024-05-07 00:24:25 未获取到号码【1637330】GSD，可能号码格式错误
2024-05-07 00:24:25 获取到号码【1637330】的GSD为【-】
2024-05-07 00:24:37 GSD insert 第 1 次 等待 3 秒
2024-05-07 00:24:40 {"status":"bad","gid":"679194","msg":"添加失败！号码【1637330(-|-)】已存在！"}
2024-05-07 00:24:40 随机等待 67 秒，约 1 分钟
2024-05-07 00:24:40 下次操作: 2024-05-07 00:25:47

2024-05-07 00:25:47 开始第 7414 次操作

2024-05-07 00:25:47 开始操作号码 【1637331】
2024-05-07 00:25:54 GSD getOne 第 1 次 等待 3 秒
2024-05-07 00:25:57 查询号码 【1637331】，返回信息 {"status":"ok","msg":"-","gid":"679216","time_insert":"2023-04-26 21:32"}
2024-05-07 00:25:57 查询号码 【1637331】，GSD为【"-"】
2024-05-07 00:25:57 ok && -
2024-05-07 00:26:00 CHB 1637331?1715012757 第 1 次 等待 3 秒
2024-05-07 00:26:03 CHB 1637331?1715012757 第 1 次 获取到号码【1637331】GSD
2024-05-07 00:26:03 未获取到号码【1637331】GSD，可能号码格式错误
2024-05-07 00:26:03 获取到号码【1637331】的GSD为【-】
2024-05-07 00:26:11 GSD insert 第 1 次 等待 3 秒
2024-05-07 00:26:14 {"status":"bad","gid":"679216","msg":"添加失败！号码【1637331(-|-)】已存在！"}
2024-05-07 00:26:14 随机等待 157 秒，约 2 分钟
2024-05-07 00:26:14 下次操作: 2024-05-07 00:28:51

2024-05-07 00:28:51 开始第 7415 次操作

2024-05-07 00:28:51 开始操作号码 【1637332】
2024-05-07 00:29:00 GSD getOne 第 1 次 等待 3 秒
2024-05-07 00:29:03 查询号码 【1637332】，返回信息 {"status":"ok","msg":"-","gid":"679248","time_insert":"2023-04-26 21:52"}
2024-05-07 00:29:03 查询号码 【1637332】，GSD为【"-"】
2024-05-07 00:29:03 ok && -
2024-05-07 00:29:06 CHB 1637332?1715012943 第 1 次 等待 3 秒
2024-05-07 00:29:09 CHB 1637332?1715012943 第 1 次 获取到号码【1637332】GSD
2024-05-07 00:29:09 未获取到号码【1637332】GSD，可能号码格式错误
2024-05-07 00:29:09 获取到号码【1637332】的GSD为【-】
2024-05-07 00:29:15 GSD insert 第 1 次 等待 3 秒
2024-05-07 00:29:18 {"status":"bad","gid":"679248","msg":"添加失败！号码【1637332(-|-)】已存在！"}
2024-05-07 00:29:18 随机等待 212 秒，约 3 分钟
2024-05-07 00:29:18 下次操作: 2024-05-07 00:32:50

2024-05-07 00:32:50 开始第 7416 次操作

2024-05-07 00:32:50 开始操作号码 【1637333】
2024-05-07 00:32:55 GSD getOne 第 1 次 等待 3 秒
2024-05-07 00:32:58 查询号码 【1637333】，返回信息 {"status":"ok","msg":"-","gid":"679272","time_insert":"2023-04-26 22:09"}
2024-05-07 00:32:58 查询号码 【1637333】，GSD为【"-"】
2024-05-07 00:32:58 ok && -
2024-05-07 00:33:01 CHB 1637333?1715013178 第 1 次 等待 3 秒
2024-05-07 00:33:04 CHB 1637333?1715013178 第 1 次 获取到号码【1637333】GSD
2024-05-07 00:33:04 未获取到号码【1637333】GSD，可能号码格式错误
2024-05-07 00:33:04 获取到号码【1637333】的GSD为【-】
2024-05-07 00:33:09 GSD insert 第 1 次 等待 3 秒
2024-05-07 00:33:12 {"status":"bad","gid":"679272","msg":"添加失败！号码【1637333(-|-)】已存在！"}

