2024-03-05 00:22:03 开始第 7073 次操作

2024-03-05 00:22:03 开始操作号码 【1746991】
2024-03-05 00:22:07 GSD getOne 第 1 次 等待 3 秒
2024-03-05 00:22:10 查询号码 【1746991】，返回信息 {"status":"ok","msg":"-","gid":"236246","time_insert":"2021-07-10 03:41"}
2024-03-05 00:22:10 查询号码 【1746991】，GSD为【"-"】
2024-03-05 00:22:10 ok && -
2024-03-05 00:22:12 CHB 1746991?1709569330 第 1 次 等待 3 秒
2024-03-05 00:22:15 CHB 1746991?1709569330 第 1 次 获取到号码【1746991】GSD
2024-03-05 00:22:15 未获取到号码【1746991】GSD，可能号码格式错误
2024-03-05 00:22:15 获取到号码【1746991】的GSD为【-】
2024-03-05 00:22:21 GSD insert 第 1 次 等待 3 秒
2024-03-05 00:22:24 {"status":"bad","gid":"236246","msg":"添加失败！号码【1746991(-|-)】已存在！"}
2024-03-05 00:22:24 随机等待 160 秒，约 2 分钟
2024-03-05 00:22:24 下次操作: 2024-03-05 00:25:04

2024-03-05 00:25:04 开始第 7074 次操作

2024-03-05 00:25:04 开始操作号码 【1746992】
2024-03-05 00:25:08 GSD getOne 第 1 次 等待 3 秒
2024-03-05 00:25:11 查询号码 【1746992】，返回信息 {"status":"ok","msg":"-","gid":"236265","time_insert":"2021-07-10 03:42"}
2024-03-05 00:25:11 查询号码 【1746992】，GSD为【"-"】
2024-03-05 00:25:11 ok && -
2024-03-05 00:25:13 CHB 1746992?1709569511 第 1 次 等待 3 秒
2024-03-05 00:25:16 CHB 1746992?1709569511 第 1 次 获取到号码【1746992】GSD
2024-03-05 00:25:16 未获取到号码【1746992】GSD，可能号码格式错误
2024-03-05 00:25:16 获取到号码【1746992】的GSD为【-】
2024-03-05 00:25:20 GSD insert 第 1 次 等待 3 秒
2024-03-05 00:25:23 {"status":"bad","gid":"236265","msg":"添加失败！号码【1746992(-|-)】已存在！"}
2024-03-05 00:25:23 随机等待 212 秒，约 3 分钟
2024-03-05 00:25:23 下次操作: 2024-03-05 00:28:55

2024-03-05 00:28:55 开始第 7075 次操作

2024-03-05 00:28:55 开始操作号码 【1746993】
2024-03-05 00:29:03 GSD getOne 第 1 次 等待 3 秒
2024-03-05 00:29:06 查询号码 【1746993】，返回信息 {"status":"ok","msg":"-","gid":"236280","time_insert":"2021-07-10 03:43"}
2024-03-05 00:29:06 查询号码 【1746993】，GSD为【"-"】
2024-03-05 00:29:06 ok && -
2024-03-05 00:29:08 CHB 1746993?1709569746 第 1 次 等待 3 秒
2024-03-05 00:29:11 CHB 1746993?1709569746 第 1 次 获取到号码【1746993】GSD
2024-03-05 00:29:11 未获取到号码【1746993】GSD，可能号码格式错误
2024-03-05 00:29:11 获取到号码【1746993】的GSD为【-】
2024-03-05 00:29:15 GSD insert 第 1 次 等待 3 秒
2024-03-05 00:29:18 {"status":"bad","gid":"236280","msg":"添加失败！号码【1746993(-|-)】已存在！"}
2024-03-05 00:29:18 随机等待 190 秒，约 3 分钟
2024-03-05 00:29:18 下次操作: 2024-03-05 00:32:28

2024-03-05 00:32:28 开始第 7076 次操作

2024-03-05 00:32:28 开始操作号码 【1746994】
2024-03-05 00:32:32 GSD getOne 第 1 次 等待 3 秒
2024-03-05 00:32:35 查询号码 【1746994】，返回信息 {"status":"ok","msg":"-","gid":"236299","time_insert":"2021-07-10 03:43"}
2024-03-05 00:32:35 查询号码 【1746994】，GSD为【"-"】
2024-03-05 00:32:35 ok && -
2024-03-05 00:32:37 CHB 1746994?1709569955 第 1 次 等待 3 秒
2024-03-05 00:32:40 CHB 1746994?1709569955 第 1 次 获取到号码【1746994】GSD
2024-03-05 00:32:40 未获取到号码【1746994】GSD，可能号码格式错误
2024-03-05 00:32:40 获取到号码【1746994】的GSD为【-】
2024-03-05 00:32:44 GSD insert 第 1 次 等待 3 秒
2024-03-05 00:32:47 {"status":"bad","gid":"236299","msg":"添加失败！号码【1746994(-|-)】已存在！"}

