2021-07-15 00:00:02 开始第 27 次操作

2021-07-15 00:00:02 开始操作号码 【1772965】
2021-07-15 00:00:03 GSD getOne 第 1 次 等待 1 秒
2021-07-15 00:00:04 查询号码 【1772965】，返回信息 {"status":"ok","msg":"重庆-重庆","gid":"30604","time_insert":"2017-04-17 10:17","time_update":"2021-01-14 19:54"}
2021-07-15 00:00:04 查询号码 【1772965】，GSD为【"重庆-重庆"】

2021-07-15 00:00:04 开始第 27 次操作

2021-07-15 00:00:04 开始操作号码 【1772964】
2021-07-15 00:00:10 GSD getOne 第 1 次 等待 1 秒
2021-07-15 00:00:11 查询号码 【1772964】，返回信息 {"status":"bad","msg":""}
2021-07-15 00:00:11 查询号码 【1772964】，GSD为【""】
2021-07-15 00:00:11 bad
2021-07-15 00:00:13 CHB 1772964?1626278411 第 1 次 等待 1 秒
2021-07-15 00:00:14 CHB 1772964?1626278411 第 1 次 获取到号码【1772964】GSD
2021-07-15 00:00:14 获取到号码【1772964】的GSD为【重庆-重庆】
2021-07-15 00:00:32 GSD insert 第 1 次 等待 1 秒
2021-07-15 00:00:33 {"status":"ok","gid":278500,"msg":"添加成功！"}
2021-07-15 00:00:33 下次操作: 2021-07-15 00:00:39

2021-07-15 00:00:39 开始第 28 次操作

2021-07-15 00:00:39 开始操作号码 【1772963】
2021-07-15 00:00:48 GSD getOne 第 1 次 等待 1 秒
2021-07-15 00:00:49 查询号码 【1772963】，返回信息 {"status":"bad","msg":""}
2021-07-15 00:00:49 查询号码 【1772963】，GSD为【""】
2021-07-15 00:00:49 bad
2021-07-15 00:00:51 CHB 1772963?1626278449 第 1 次 等待 1 秒
2021-07-15 00:00:52 CHB 1772963?1626278449 第 1 次 获取到号码【1772963】GSD
2021-07-15 00:00:52 获取到号码【1772963】的GSD为【重庆-重庆】
2021-07-15 00:00:53 GSD insert 第 1 次 等待 1 秒
2021-07-15 00:00:54 {"status":"ok","gid":278507,"msg":"添加成功！"}
2021-07-15 00:00:54 下次操作: 2021-07-15 00:01:04

2021-07-15 00:01:04 开始第 29 次操作

2021-07-15 00:01:04 开始操作号码 【1772962】
2021-07-15 00:01:12 GSD getOne 第 1 次 等待 1 秒
2021-07-15 00:01:13 查询号码 【1772962】，返回信息 {"status":"ok","msg":"重庆-重庆","gid":"30603","time_insert":"2017-09-11 14:33","time_update":"2021-01-14 19:48"}
2021-07-15 00:01:13 查询号码 【1772962】，GSD为【"重庆-重庆"】

2021-07-15 00:01:13 开始第 29 次操作

2021-07-15 00:01:13 开始操作号码 【1772961】
2021-07-15 00:01:14 GSD getOne 第 1 次 等待 1 秒
2021-07-15 00:01:15 查询号码 【1772961】，返回信息 {"status":"ok","msg":"重庆-重庆","gid":"30602","time_insert":"2016-12-30 10:12","time_update":"2021-01-14 19:46"}
2021-07-15 00:01:15 查询号码 【1772961】，GSD为【"重庆-重庆"】

2021-07-15 00:01:15 开始第 29 次操作

2021-07-15 00:01:15 开始操作号码 【1772960】
2021-07-15 00:01:18 GSD getOne 第 1 次 等待 1 秒
2021-07-15 00:01:19 查询号码 【1772960】，返回信息 {"status":"ok","msg":"重庆-重庆","gid":"30601","time_insert":"2016-12-05 15:54","time_update":"2021-01-14 19:40"}
2021-07-15 00:01:19 查询号码 【1772960】，GSD为【"重庆-重庆"】

2021-07-15 00:01:20 开始第 29 次操作

2021-07-15 00:01:20 开始操作号码 【1772959】
2021-07-15 00:01:22 GSD getOne 第 1 次 等待 1 秒
2021-07-15 00:01:23 查询号码 【1772959】，返回信息 {"status":"ok","msg":"陕西-宝鸡","gid":"30600","time_insert":"2018-04-13 09:29","time_update":"2020-12-08 13:45"}
2021-07-15 00:01:24 查询号码 【1772959】，GSD为【"陕西-宝鸡"】

2021-07-15 00:01:24 开始第 29 次操作

2021-07-15 00:01:24 开始操作号码 【1772958】
2021-07-15 00:01:25 GSD getOne 第 1 次 等待 1 秒
2021-07-15 00:01:26 查询号码 【1772958】，返回信息 {"status":"bad","msg":""}
2021-07-15 00:01:26 查询号码 【1772958】，GSD为【""】
2021-07-15 00:01:26 bad
2021-07-15 00:01:28 CHB 1772958?1626278486 第 1 次 等待 1 秒
2021-07-15 00:01:29 CHB 1772958?1626278486 第 1 次 获取到号码【1772958】GSD
2021-07-15 00:01:29 获取到号码【1772958】的GSD为【陕西-宝鸡】
2021-07-15 00:01:30 GSD insert 第 1 次 等待 1 秒
2021-07-15 00:01:31 {"status":"ok","gid":278513,"msg":"添加成功！"}
2021-07-15 00:01:31 下次操作: 2021-07-15 00:01:44

2021-07-15 00:01:44 开始第 30 次操作

2021-07-15 00:01:44 开始操作号码 【1772957】
2021-07-15 00:01:46 GSD getOne 第 1 次 等待 1 秒
2021-07-15 00:01:47 查询号码 【1772957】，返回信息 {"status":"bad","msg":""}
2021-07-15 00:01:48 查询号码 【1772957】，GSD为【""】
2021-07-15 00:01:48 bad
2021-07-15 00:01:49 CHB 1772957?1626278508 第 1 次 等待 1 秒
2021-07-15 00:01:50 CHB 1772957?1626278508 第 1 次 获取到号码【1772957】GSD
2021-07-15 00:01:50 获取到号码【1772957】的GSD为【陕西-宝鸡】
2021-07-15 00:01:59 GSD insert 第 1 次 等待 1 秒
2021-07-15 00:02:00 {"status":"ok","gid":278519,"msg":"添加成功！"}

