2024-07-18 00:24:06 开始第 6505 次操作

2024-07-18 00:24:06 开始操作号码 【1526407】
2024-07-18 00:24:16 GSD getOne 第 1 次 等待 3 秒
2024-07-18 00:24:19 查询号码 【1526407】，返回信息 {"status":"ok","msg":"山东-菏泽","gid":"388442","time_insert":"2021-07-25 11:42"}
2024-07-18 00:24:19 查询号码 【1526407】，GSD为【"山东-菏泽"】

2024-07-18 00:24:20 开始第 6506 次操作

2024-07-18 00:24:20 开始操作号码 【1526408】
2024-07-18 00:24:30 GSD getOne 第 1 次 等待 3 秒
2024-07-18 00:24:33 查询号码 【1526408】，返回信息 {"status":"ok","msg":"山东-菏泽","gid":"388349","time_insert":"2021-07-25 11:18"}
2024-07-18 00:24:33 查询号码 【1526408】，GSD为【"山东-菏泽"】

2024-07-18 00:24:34 开始第 6507 次操作

2024-07-18 00:24:34 开始操作号码 【1526409】
2024-07-18 00:24:45 GSD getOne 第 1 次 等待 3 秒
2024-07-18 00:24:48 查询号码 【1526409】，返回信息 {"status":"ok","msg":"山东-菏泽","gid":"388344","time_insert":"2021-07-25 11:17"}
2024-07-18 00:24:48 查询号码 【1526409】，GSD为【"山东-菏泽"】

2024-07-18 00:24:49 开始第 6508 次操作

2024-07-18 00:24:49 开始操作号码 【1526410】
2024-07-18 00:24:57 GSD getOne 第 1 次 等待 3 秒
2024-07-18 00:25:00 查询号码 【1526410】，返回信息 {"status":"ok","msg":"山东-济南","gid":"388339","time_insert":"2021-07-25 11:16"}
2024-07-18 00:25:00 查询号码 【1526410】，GSD为【"山东-济南"】

