2021-07-22 00:00:25 开始第 22 次操作

2021-07-22 00:00:25 开始操作号码 【1387903】
2021-07-22 00:00:28 GSD getOne 第 1 次 等待 3 秒
2021-07-22 00:00:31 查询号码 【1387903】，返回信息 {"status":"bad","msg":""}
2021-07-22 00:00:31 查询号码 【1387903】，GSD为【""】
2021-07-22 00:00:31 bad
2021-07-22 00:00:33 CHB 1387903?1626883231 第 1 次 等待 3 秒
2021-07-22 00:00:36 CHB 1387903?1626883231 第 1 次 获取到号码【1387903】GSD
2021-07-22 00:00:36 获取到号码【1387903】的GSD为【江西-新余】
2021-07-22 00:00:41 GSD insert 第 1 次 等待 3 秒
2021-07-22 00:00:44 {"status":"ok","gid":350176,"msg":"添加成功！"}
2021-07-22 00:00:44 下次操作: 2021-07-22 00:01:06

2021-07-22 00:01:06 开始第 23 次操作

2021-07-22 00:01:06 开始操作号码 【1387902】
2021-07-22 00:01:09 GSD getOne 第 1 次 等待 3 秒
2021-07-22 00:01:12 查询号码 【1387902】，返回信息 {"status":"bad","msg":""}
2021-07-22 00:01:12 查询号码 【1387902】，GSD为【""】
2021-07-22 00:01:12 bad
2021-07-22 00:01:14 CHB 1387902?1626883272 第 1 次 等待 3 秒
2021-07-22 00:01:17 CHB 1387902?1626883272 第 1 次 获取到号码【1387902】GSD
2021-07-22 00:01:17 获取到号码【1387902】的GSD为【江西-新余】
2021-07-22 00:01:25 GSD insert 第 1 次 等待 3 秒
2021-07-22 00:01:28 {"status":"ok","gid":350183,"msg":"添加成功！"}
2021-07-22 00:01:28 下次操作: 2021-07-22 00:01:49

2021-07-22 00:01:49 开始第 24 次操作

2021-07-22 00:01:49 开始操作号码 【1387901】
2021-07-22 00:02:50 GSD getOne 第 1 次 等待 3 秒
2021-07-22 00:02:53 查询号码 【1387901】，返回信息 {"status":"bad","msg":""}
2021-07-22 00:02:53 查询号码 【1387901】，GSD为【""】
2021-07-22 00:02:53 bad
2021-07-22 00:02:55 CHB 1387901?1626883373 第 1 次 等待 3 秒
2021-07-22 00:02:58 CHB 1387901?1626883373 第 1 次 获取到号码【1387901】GSD
2021-07-22 00:02:58 获取到号码【1387901】的GSD为【江西-新余】
2021-07-22 00:03:07 GSD insert 第 1 次 等待 3 秒
2021-07-22 00:03:10 {"status":"ok","gid":350201,"msg":"添加成功！"}
2021-07-22 00:03:10 下次操作: 2021-07-22 00:03:27

2021-07-22 00:03:27 开始第 25 次操作

2021-07-22 00:03:27 开始操作号码 【1387900】
2021-07-22 00:03:33 GSD getOne 第 1 次 等待 3 秒
2021-07-22 00:03:36 查询号码 【1387900】，返回信息 {"status":"bad","msg":""}
2021-07-22 00:03:36 查询号码 【1387900】，GSD为【""】
2021-07-22 00:03:36 bad
2021-07-22 00:03:38 CHB 1387900?1626883416 第 1 次 等待 3 秒
2021-07-22 00:03:41 CHB 1387900?1626883416 第 1 次 获取到号码【1387900】GSD
2021-07-22 00:03:41 获取到号码【1387900】的GSD为【江西-新余】
2021-07-22 00:03:46 GSD insert 第 1 次 等待 3 秒
2021-07-22 00:03:49 {"status":"ok","gid":350209,"msg":"添加成功！"}
2021-07-22 00:03:49 下次操作: 2021-07-22 00:04:13

2021-07-22 00:04:13 开始第 26 次操作

2021-07-22 00:04:13 开始操作号码 【1387899】
2021-07-22 00:04:16 GSD getOne 第 1 次 等待 3 秒
2021-07-22 00:04:19 查询号码 【1387899】，返回信息 {"status":"bad","msg":""}
2021-07-22 00:04:19 查询号码 【1387899】，GSD为【""】
2021-07-22 00:04:19 bad
2021-07-22 00:04:20 CHB 1387899?1626883459 第 1 次 等待 3 秒
2021-07-22 00:04:23 CHB 1387899?1626883459 第 1 次 获取到号码【1387899】GSD
2021-07-22 00:04:23 获取到号码【1387899】的GSD为【广西-北海】
2021-07-22 00:04:27 GSD insert 第 1 次 等待 3 秒
2021-07-22 00:04:30 {"status":"ok","gid":350215,"msg":"添加成功！"}
2021-07-22 00:04:30 下次操作: 2021-07-22 00:04:45

2021-07-22 00:04:45 开始第 27 次操作

2021-07-22 00:04:45 开始操作号码 【1387898】
2021-07-22 00:04:48 GSD getOne 第 1 次 等待 3 秒
2021-07-22 00:04:51 查询号码 【1387898】，返回信息 {"status":"bad","msg":""}
2021-07-22 00:04:51 查询号码 【1387898】，GSD为【""】
2021-07-22 00:04:51 bad
2021-07-22 00:04:53 CHB 1387898?1626883491 第 1 次 等待 3 秒
2021-07-22 00:04:56 CHB 1387898?1626883491 第 1 次 获取到号码【1387898】GSD
2021-07-22 00:04:56 获取到号码【1387898】的GSD为【广西-北海】
2021-07-22 00:05:06 GSD insert 第 1 次 等待 3 秒
2021-07-22 00:05:09 {"status":"ok","gid":350223,"msg":"添加成功！"}
2021-07-22 00:05:09 下次操作: 2021-07-22 00:05:22

2021-07-22 00:05:22 开始第 28 次操作

2021-07-22 00:05:22 开始操作号码 【1387897】
2021-07-22 00:05:25 GSD getOne 第 1 次 等待 3 秒
2021-07-22 00:05:28 查询号码 【1387897】，返回信息 {"status":"bad","msg":""}
2021-07-22 00:05:28 查询号码 【1387897】，GSD为【""】
2021-07-22 00:05:28 bad
2021-07-22 00:05:30 CHB 1387897?1626883528 第 1 次 等待 3 秒
2021-07-22 00:05:33 CHB 1387897?1626883528 第 1 次 获取到号码【1387897】GSD
2021-07-22 00:05:33 获取到号码【1387897】的GSD为【广西-北海】
2021-07-22 00:05:37 GSD insert 第 1 次 等待 3 秒
2021-07-22 00:05:40 {"status":"ok","gid":350228,"msg":"添加成功！"}
2021-07-22 00:05:40 下次操作: 2021-07-22 00:06:04

2021-07-22 00:06:04 开始第 29 次操作

2021-07-22 00:06:04 开始操作号码 【1387896】
2021-07-22 00:06:09 GSD getOne 第 1 次 等待 3 秒
2021-07-22 00:06:12 查询号码 【1387896】，返回信息 {"status":"bad","msg":""}
2021-07-22 00:06:12 查询号码 【1387896】，GSD为【""】
2021-07-22 00:06:12 bad
2021-07-22 00:06:14 CHB 1387896?1626883572 第 1 次 等待 3 秒
2021-07-22 00:06:17 CHB 1387896?1626883572 第 1 次 获取到号码【1387896】GSD
2021-07-22 00:06:17 获取到号码【1387896】的GSD为【广西-北海】
2021-07-22 00:06:21 GSD insert 第 1 次 等待 3 秒
2021-07-22 00:06:24 {"status":"ok","gid":350237,"msg":"添加成功！"}
2021-07-22 00:06:24 下次操作: 2021-07-22 00:06:41

2021-07-22 00:06:41 开始第 30 次操作

2021-07-22 00:06:41 开始操作号码 【1387895】
2021-07-22 00:06:44 GSD getOne 第 1 次 等待 3 秒
2021-07-22 00:06:47 查询号码 【1387895】，返回信息 {"status":"bad","msg":""}
2021-07-22 00:06:47 查询号码 【1387895】，GSD为【""】
2021-07-22 00:06:47 bad
2021-07-22 00:06:49 CHB 1387895?1626883607 第 1 次 等待 3 秒
2021-07-22 00:06:52 CHB 1387895?1626883607 第 1 次 获取到号码【1387895】GSD
2021-07-22 00:06:52 获取到号码【1387895】的GSD为【广西-北海】
2021-07-22 00:07:10 GSD insert 第 1 次 等待 3 秒
2021-07-22 00:07:13 {"status":"ok","gid":350248,"msg":"添加成功！"}
2021-07-22 00:07:13 下次操作: 2021-07-22 00:07:25

2021-07-22 00:07:25 开始第 31 次操作

2021-07-22 00:07:25 开始操作号码 【1387894】
2021-07-22 00:07:28 GSD getOne 第 1 次 等待 3 秒
2021-07-22 00:07:31 查询号码 【1387894】，返回信息 {"status":"bad","msg":""}
2021-07-22 00:07:31 查询号码 【1387894】，GSD为【""】
2021-07-22 00:07:31 bad
2021-07-22 00:07:33 CHB 1387894?1626883651 第 1 次 等待 3 秒
2021-07-22 00:07:36 CHB 1387894?1626883651 第 1 次 获取到号码【1387894】GSD
2021-07-22 00:07:36 获取到号码【1387894】的GSD为【广西-北海】
2021-07-22 00:07:39 GSD insert 第 1 次 等待 3 秒
2021-07-22 00:07:42 {"status":"ok","gid":350255,"msg":"添加成功！"}
2021-07-22 00:07:42 下次操作: 2021-07-22 00:08:04

2021-07-22 00:08:04 开始第 32 次操作

2021-07-22 00:08:04 开始操作号码 【1387893】
2021-07-22 00:08:10 GSD getOne 第 1 次 等待 3 秒
2021-07-22 00:08:13 查询号码 【1387893】，返回信息 {"status":"bad","msg":""}
2021-07-22 00:08:13 查询号码 【1387893】，GSD为【""】
2021-07-22 00:08:13 bad
2021-07-22 00:08:16 CHB 1387893?1626883693 第 1 次 等待 3 秒
2021-07-22 00:08:19 CHB 1387893?1626883693 第 1 次 获取到号码【1387893】GSD
2021-07-22 00:08:19 获取到号码【1387893】的GSD为【广西-北海】
2021-07-22 00:08:22 GSD insert 第 1 次 等待 3 秒
2021-07-22 00:08:25 {"status":"ok","gid":350262,"msg":"添加成功！"}
2021-07-22 00:08:25 下次操作: 2021-07-22 00:08:44

2021-07-22 00:08:44 开始第 33 次操作

2021-07-22 00:08:44 开始操作号码 【1387892】
2021-07-22 00:08:48 GSD getOne 第 1 次 等待 3 秒
2021-07-22 00:08:51 查询号码 【1387892】，返回信息 {"status":"bad","msg":""}
2021-07-22 00:08:51 查询号码 【1387892】，GSD为【""】
2021-07-22 00:08:51 bad
2021-07-22 00:08:54 CHB 1387892?1626883731 第 1 次 等待 3 秒
2021-07-22 00:08:57 CHB 1387892?1626883731 第 1 次 获取到号码【1387892】GSD
2021-07-22 00:08:57 获取到号码【1387892】的GSD为【广西-北海】
2021-07-22 00:09:00 GSD insert 第 1 次 等待 3 秒
2021-07-22 00:09:03 {"status":"ok","gid":350270,"msg":"添加成功！"}
2021-07-22 00:09:03 下次操作: 2021-07-22 00:09:15

2021-07-22 00:09:15 开始第 34 次操作

2021-07-22 00:09:15 开始操作号码 【1387891】
2021-07-22 00:09:18 GSD getOne 第 1 次 等待 3 秒
2021-07-22 00:09:21 查询号码 【1387891】，返回信息 {"status":"bad","msg":""}
2021-07-22 00:09:21 查询号码 【1387891】，GSD为【""】
2021-07-22 00:09:21 bad
2021-07-22 00:09:22 CHB 1387891?1626883761 第 1 次 等待 3 秒
2021-07-22 00:09:25 CHB 1387891?1626883761 第 1 次 获取到号码【1387891】GSD
2021-07-22 00:09:25 获取到号码【1387891】的GSD为【广西-北海】
2021-07-22 00:09:28 GSD insert 第 1 次 等待 3 秒
2021-07-22 00:09:31 {"status":"ok","gid":350274,"msg":"添加成功！"}
2021-07-22 00:09:31 下次操作: 2021-07-22 00:09:53

2021-07-22 00:09:53 开始第 35 次操作

2021-07-22 00:09:53 开始操作号码 【1387890】
2021-07-22 00:09:58 GSD getOne 第 1 次 等待 3 秒
2021-07-22 00:10:01 查询号码 【1387890】，返回信息 {"status":"bad","msg":""}
2021-07-22 00:10:01 查询号码 【1387890】，GSD为【""】
2021-07-22 00:10:01 bad
2021-07-22 00:10:04 CHB 1387890?1626883801 第 1 次 等待 3 秒
2021-07-22 00:10:07 CHB 1387890?1626883801 第 1 次 获取到号码【1387890】GSD
2021-07-22 00:10:07 获取到号码【1387890】的GSD为【广西-北海】
2021-07-22 00:10:15 GSD insert 第 1 次 等待 3 秒
2021-07-22 00:10:18 {"status":"ok","gid":350282,"msg":"添加成功！"}
2021-07-22 00:10:18 下次操作: 2021-07-22 00:10:37

2021-07-22 00:10:37 开始第 36 次操作

2021-07-22 00:10:37 开始操作号码 【1387889】
2021-07-22 00:10:40 GSD getOne 第 1 次 等待 3 秒
2021-07-22 00:10:43 查询号码 【1387889】，返回信息 {"status":"bad","msg":""}
2021-07-22 00:10:43 查询号码 【1387889】，GSD为【""】
2021-07-22 00:10:43 bad
2021-07-22 00:10:48 CHB 1387889?1626883843 第 1 次 等待 3 秒
2021-07-22 00:10:51 CHB 1387889?1626883843 第 1 次 获取到号码【1387889】GSD
2021-07-22 00:10:51 获取到号码【1387889】的GSD为【广西-南宁】
2021-07-22 00:10:54 GSD insert 第 1 次 等待 3 秒
2021-07-22 00:10:57 {"status":"ok","gid":350290,"msg":"添加成功！"}
2021-07-22 00:10:58 下次操作: 2021-07-22 00:11:17

2021-07-22 00:11:17 开始第 37 次操作

2021-07-22 00:11:17 开始操作号码 【1387888】
2021-07-22 00:11:21 GSD getOne 第 1 次 等待 3 秒
2021-07-22 00:11:24 查询号码 【1387888】，返回信息 {"status":"bad","msg":""}
2021-07-22 00:11:24 查询号码 【1387888】，GSD为【""】
2021-07-22 00:11:24 bad
2021-07-22 00:11:26 CHB 1387888?1626883884 第 1 次 等待 3 秒
2021-07-22 00:11:29 CHB 1387888?1626883884 第 1 次 获取到号码【1387888】GSD
2021-07-22 00:11:29 获取到号码【1387888】的GSD为【广西-南宁】
2021-07-22 00:11:34 GSD insert 第 1 次 等待 3 秒
2021-07-22 00:11:37 {"status":"ok","gid":350296,"msg":"添加成功！"}
2021-07-22 00:11:37 下次操作: 2021-07-22 00:12:01

2021-07-22 00:12:01 开始第 38 次操作

2021-07-22 00:12:02 开始操作号码 【1387887】
2021-07-22 00:12:10 GSD getOne 第 1 次 等待 3 秒
2021-07-22 00:12:13 查询号码 【1387887】，返回信息 {"status":"bad","msg":""}
2021-07-22 00:12:13 查询号码 【1387887】，GSD为【""】
2021-07-22 00:12:13 bad
2021-07-22 00:12:16 CHB 1387887?1626883933 第 1 次 等待 3 秒
2021-07-22 00:12:19 CHB 1387887?1626883933 第 1 次 获取到号码【1387887】GSD
2021-07-22 00:12:19 获取到号码【1387887】的GSD为【广西-南宁】
2021-07-22 00:12:21 GSD insert 第 1 次 等待 3 秒
2021-07-22 00:12:24 {"status":"ok","gid":350301,"msg":"添加成功！"}
2021-07-22 00:12:24 下次操作: 2021-07-22 00:12:41

2021-07-22 00:12:41 开始第 39 次操作

2021-07-22 00:12:41 开始操作号码 【1387886】
2021-07-22 00:12:44 GSD getOne 第 1 次 等待 3 秒
2021-07-22 00:12:47 查询号码 【1387886】，返回信息 {"status":"bad","msg":""}
2021-07-22 00:12:47 查询号码 【1387886】，GSD为【""】
2021-07-22 00:12:47 bad
2021-07-22 00:12:50 CHB 1387886?1626883967 第 1 次 等待 3 秒
2021-07-22 00:12:53 CHB 1387886?1626883967 第 1 次 获取到号码【1387886】GSD
2021-07-22 00:12:53 获取到号码【1387886】的GSD为【广西-南宁】
2021-07-22 00:12:57 GSD insert 第 1 次 等待 3 秒
2021-07-22 00:13:00 {"status":"ok","gid":350310,"msg":"添加成功！"}
2021-07-22 00:13:00 下次操作: 2021-07-22 00:13:12

2021-07-22 00:13:12 开始第 40 次操作

2021-07-22 00:13:12 开始操作号码 【1387885】
2021-07-22 00:13:15 GSD getOne 第 1 次 等待 3 秒
2021-07-22 00:13:18 查询号码 【1387885】，返回信息 {"status":"bad","msg":""}
2021-07-22 00:13:18 查询号码 【1387885】，GSD为【""】
2021-07-22 00:13:18 bad
2021-07-22 00:13:20 CHB 1387885?1626883998 第 1 次 等待 3 秒
2021-07-22 00:13:23 CHB 1387885?1626883998 第 1 次 获取到号码【1387885】GSD
2021-07-22 00:13:23 获取到号码【1387885】的GSD为【广西-南宁】
2021-07-22 00:13:26 GSD insert 第 1 次 等待 3 秒
2021-07-22 00:13:29 {"status":"ok","gid":350316,"msg":"添加成功！"}

2021-07-22 01:03:30 开始第 1 次操作

2021-07-22 01:03:30 开始操作号码 【1387884】
2021-07-22 01:03:33 GSD getOne 第 1 次 等待 3 秒
2021-07-22 01:03:36 查询号码 【1387884】，返回信息 {"status":"bad","msg":""}
2021-07-22 01:03:36 查询号码 【1387884】，GSD为【""】
2021-07-22 01:03:36 bad
2021-07-22 01:03:37 CHB 1387884?1626887016 第 1 次 等待 3 秒
2021-07-22 01:03:40 CHB 1387884?1626887016 第 1 次 未获取到 等待 24 秒 下次操作: 2021-07-22 01:04:04
2021-07-22 01:04:05 CHB 1387884?1626887044 第 2 次 等待 3 秒
2021-07-22 01:04:08 CHB 1387884?1626887044 第 2 次 未获取到 等待 12 秒 下次操作: 2021-07-22 01:04:20
2021-07-22 01:04:20 CHB 1387884?1626887060 第 3 次 等待 3 秒
2021-07-22 01:04:23 CHB 1387884?1626887060 第 3 次 跳过号码【1387884】
2021-07-22 01:04:23 未获取到号码【1387884】源码
2021-07-22 01:04:23 获取到号码【1387884】的GSD为【-】
2021-07-22 01:04:26 GSD insert 第 1 次 等待 3 秒
2021-07-22 01:04:29 {"status":"ok","gid":350484,"msg":"添加成功！"}
2021-07-22 01:04:29 下次操作: 2021-07-22 01:04:46

2021-07-22 01:04:46 开始第 2 次操作

2021-07-22 01:04:46 开始操作号码 【1387883】
2021-07-22 01:04:51 GSD getOne 第 1 次 等待 3 秒
2021-07-22 01:04:54 查询号码 【1387883】，返回信息 {"status":"bad","msg":""}
2021-07-22 01:04:54 查询号码 【1387883】，GSD为【""】
2021-07-22 01:04:54 bad
2021-07-22 01:04:55 CHB 1387883?1626887094 第 1 次 等待 3 秒
2021-07-22 01:04:58 CHB 1387883?1626887094 第 1 次 未获取到 等待 16 秒 下次操作: 2021-07-22 01:05:14
2021-07-22 01:05:15 CHB 1387883?1626887114 第 2 次 等待 3 秒
2021-07-22 01:05:18 CHB 1387883?1626887114 第 2 次 未获取到 等待 15 秒 下次操作: 2021-07-22 01:05:33
2021-07-22 01:05:33 CHB 1387883?1626887133 第 3 次 等待 3 秒
2021-07-22 01:05:36 CHB 1387883?1626887133 第 3 次 跳过号码【1387883】
2021-07-22 01:05:36 未获取到号码【1387883】源码
2021-07-22 01:05:36 获取到号码【1387883】的GSD为【-】
2021-07-22 01:05:40 GSD insert 第 1 次 等待 3 秒
2021-07-22 01:05:43 {"status":"ok","gid":350493,"msg":"添加成功！"}
2021-07-22 01:05:43 下次操作: 2021-07-22 01:05:59

2021-07-22 01:05:59 开始第 3 次操作

2021-07-22 01:05:59 开始操作号码 【1387882】
2021-07-22 01:06:02 GSD getOne 第 1 次 等待 3 秒
2021-07-22 01:06:05 查询号码 【1387882】，返回信息 {"status":"bad","msg":""}
2021-07-22 01:06:05 查询号码 【1387882】，GSD为【""】
2021-07-22 01:06:05 bad
2021-07-22 01:06:06 CHB 1387882?1626887165 第 1 次 等待 3 秒
2021-07-22 01:06:09 CHB 1387882?1626887165 第 1 次 未获取到 等待 24 秒 下次操作: 2021-07-22 01:06:33
2021-07-22 01:06:33 CHB 1387882?1626887193 第 2 次 等待 3 秒
2021-07-22 01:06:36 CHB 1387882?1626887193 第 2 次 未获取到 等待 14 秒 下次操作: 2021-07-22 01:06:50
2021-07-22 01:06:51 CHB 1387882?1626887210 第 3 次 等待 3 秒
2021-07-22 01:06:54 CHB 1387882?1626887210 第 3 次 跳过号码【1387882】
2021-07-22 01:06:54 未获取到号码【1387882】源码
2021-07-22 01:06:54 获取到号码【1387882】的GSD为【-】
2021-07-22 01:06:57 GSD insert 第 1 次 等待 3 秒
2021-07-22 01:07:00 {"status":"ok","gid":350509,"msg":"添加成功！"}
2021-07-22 01:07:00 下次操作: 2021-07-22 01:07:23

2021-07-22 01:07:23 开始第 4 次操作

2021-07-22 01:07:23 开始操作号码 【1387881】
2021-07-22 01:07:26 GSD getOne 第 1 次 等待 3 秒
2021-07-22 01:07:29 查询号码 【1387881】，返回信息 {"status":"bad","msg":""}
2021-07-22 01:07:29 查询号码 【1387881】，GSD为【""】
2021-07-22 01:07:29 bad
2021-07-22 01:07:29 CHB 1387881?1626887249 第 1 次 等待 3 秒
2021-07-22 01:07:32 CHB 1387881?1626887249 第 1 次 未获取到 等待 13 秒 下次操作: 2021-07-22 01:07:45
2021-07-22 01:07:46 CHB 1387881?1626887265 第 2 次 等待 3 秒
2021-07-22 01:07:49 CHB 1387881?1626887265 第 2 次 未获取到 等待 22 秒 下次操作: 2021-07-22 01:08:11
2021-07-22 01:08:12 CHB 1387881?1626887291 第 3 次 等待 3 秒
2021-07-22 01:08:15 CHB 1387881?1626887291 第 3 次 跳过号码【1387881】
2021-07-22 01:08:15 未获取到号码【1387881】源码
2021-07-22 01:08:15 获取到号码【1387881】的GSD为【-】
2021-07-22 01:08:18 GSD insert 第 1 次 等待 3 秒
2021-07-22 01:08:21 {"status":"ok","gid":350524,"msg":"添加成功！"}
2021-07-22 01:08:21 下次操作: 2021-07-22 01:08:34

2021-07-22 01:08:34 开始第 5 次操作

2021-07-22 01:08:34 开始操作号码 【1387880】
2021-07-22 01:08:37 GSD getOne 第 1 次 等待 3 秒
2021-07-22 01:08:40 查询号码 【1387880】，返回信息 {"status":"bad","msg":""}
2021-07-22 01:08:40 查询号码 【1387880】，GSD为【""】
2021-07-22 01:08:40 bad
2021-07-22 01:08:40 CHB 1387880?1626887320 第 1 次 等待 3 秒
2021-07-22 01:08:43 CHB 1387880?1626887320 第 1 次 未获取到 等待 13 秒 下次操作: 2021-07-22 01:08:56
2021-07-22 01:08:57 CHB 1387880?1626887336 第 2 次 等待 3 秒
2021-07-22 01:09:00 CHB 1387880?1626887336 第 2 次 未获取到 等待 19 秒 下次操作: 2021-07-22 01:09:19
2021-07-22 01:09:19 CHB 1387880?1626887359 第 3 次 等待 3 秒
2021-07-22 01:09:22 CHB 1387880?1626887359 第 3 次 跳过号码【1387880】
2021-07-22 01:09:22 未获取到号码【1387880】源码
2021-07-22 01:09:22 获取到号码【1387880】的GSD为【-】
2021-07-22 01:09:25 GSD insert 第 1 次 等待 3 秒
2021-07-22 01:09:28 {"status":"ok","gid":350531,"msg":"添加成功！"}
2021-07-22 01:09:28 下次操作: 2021-07-22 01:09:46

2021-07-22 01:09:46 开始第 6 次操作

2021-07-22 01:09:46 开始操作号码 【1387879】
2021-07-22 01:09:49 GSD getOne 第 1 次 等待 3 秒
2021-07-22 01:09:52 查询号码 【1387879】，返回信息 {"status":"bad","msg":""}
2021-07-22 01:09:52 查询号码 【1387879】，GSD为【""】
2021-07-22 01:09:52 bad
2021-07-22 01:09:53 CHB 1387879?1626887392 第 1 次 等待 3 秒
2021-07-22 01:09:56 CHB 1387879?1626887392 第 1 次 未获取到 等待 15 秒 下次操作: 2021-07-22 01:10:11
2021-07-22 01:10:12 CHB 1387879?1626887411 第 2 次 等待 3 秒
2021-07-22 01:10:15 CHB 1387879?1626887411 第 2 次 未获取到 等待 12 秒 下次操作: 2021-07-22 01:10:27
2021-07-22 01:10:27 CHB 1387879?1626887427 第 3 次 等待 3 秒
2021-07-22 01:10:30 CHB 1387879?1626887427 第 3 次 跳过号码【1387879】
2021-07-22 01:10:30 未获取到号码【1387879】源码
2021-07-22 01:10:30 获取到号码【1387879】的GSD为【-】
2021-07-22 01:10:35 GSD insert 第 1 次 等待 3 秒
2021-07-22 01:10:38 {"status":"ok","gid":350544,"msg":"添加成功！"}
2021-07-22 01:10:38 下次操作: 2021-07-22 01:11:01

2021-07-22 01:11:01 开始第 7 次操作

2021-07-22 01:11:01 开始操作号码 【1387878】
2021-07-22 01:11:09 GSD getOne 第 1 次 等待 3 秒
2021-07-22 01:11:12 查询号码 【1387878】，返回信息 {"status":"bad","msg":""}
2021-07-22 01:11:12 查询号码 【1387878】，GSD为【""】
2021-07-22 01:11:12 bad
2021-07-22 01:11:12 CHB 1387878?1626887472 第 1 次 等待 3 秒
2021-07-22 01:11:15 CHB 1387878?1626887472 第 1 次 未获取到 等待 20 秒 下次操作: 2021-07-22 01:11:35
2021-07-22 01:11:36 CHB 1387878?1626887495 第 2 次 等待 3 秒
2021-07-22 01:11:39 CHB 1387878?1626887495 第 2 次 未获取到 等待 22 秒 下次操作: 2021-07-22 01:12:01
2021-07-22 01:12:02 CHB 1387878?1626887521 第 3 次 等待 3 秒
2021-07-22 01:12:05 CHB 1387878?1626887521 第 3 次 跳过号码【1387878】
2021-07-22 01:12:05 未获取到号码【1387878】源码
2021-07-22 01:12:05 获取到号码【1387878】的GSD为【-】
2021-07-22 01:12:07 GSD insert 第 1 次 等待 3 秒
2021-07-22 01:12:10 {"status":"ok","gid":350557,"msg":"添加成功！"}
2021-07-22 01:12:10 下次操作: 2021-07-22 01:12:24

2021-07-22 01:12:24 开始第 8 次操作

2021-07-22 01:12:24 开始操作号码 【1387877】
2021-07-22 01:12:27 GSD getOne 第 1 次 等待 3 秒
2021-07-22 01:12:30 查询号码 【1387877】，返回信息 {"status":"bad","msg":""}
2021-07-22 01:12:30 查询号码 【1387877】，GSD为【""】
2021-07-22 01:12:30 bad
2021-07-22 01:12:31 CHB 1387877?1626887550 第 1 次 等待 3 秒
2021-07-22 01:12:34 CHB 1387877?1626887550 第 1 次 未获取到 等待 19 秒 下次操作: 2021-07-22 01:12:53
2021-07-22 01:12:53 CHB 1387877?1626887573 第 2 次 等待 3 秒
2021-07-22 01:12:56 CHB 1387877?1626887573 第 2 次 未获取到 等待 21 秒 下次操作: 2021-07-22 01:13:17
2021-07-22 01:13:18 CHB 1387877?1626887597 第 3 次 等待 3 秒
2021-07-22 01:13:21 CHB 1387877?1626887597 第 3 次 跳过号码【1387877】
2021-07-22 01:13:21 未获取到号码【1387877】源码
2021-07-22 01:13:21 获取到号码【1387877】的GSD为【-】
2021-07-22 01:13:45 GSD insert 第 1 次 等待 3 秒
2021-07-22 01:13:48 {"status":"ok","gid":350573,"msg":"添加成功！"}
2021-07-22 01:13:48 下次操作: 2021-07-22 01:14:08

2021-07-22 01:14:08 开始第 9 次操作

2021-07-22 01:14:08 开始操作号码 【1387876】
2021-07-22 01:14:11 GSD getOne 第 1 次 等待 3 秒
2021-07-22 01:14:14 查询号码 【1387876】，返回信息 {"status":"bad","msg":""}
2021-07-22 01:14:14 查询号码 【1387876】，GSD为【""】
2021-07-22 01:14:14 bad
2021-07-22 01:14:15 CHB 1387876?1626887654 第 1 次 等待 3 秒
2021-07-22 01:14:18 CHB 1387876?1626887654 第 1 次 未获取到 等待 17 秒 下次操作: 2021-07-22 01:14:35
2021-07-22 01:14:35 CHB 1387876?1626887675 第 2 次 等待 3 秒
2021-07-22 01:14:39 CHB 1387876?1626887675 第 2 次 未获取到 等待 22 秒 下次操作: 2021-07-22 01:15:01
2021-07-22 01:15:01 CHB 1387876?1626887701 第 3 次 等待 3 秒
2021-07-22 01:15:04 CHB 1387876?1626887701 第 3 次 跳过号码【1387876】
2021-07-22 01:15:04 未获取到号码【1387876】源码
2021-07-22 01:15:04 获取到号码【1387876】的GSD为【-】
2021-07-22 01:15:07 GSD insert 第 1 次 等待 3 秒
2021-07-22 01:15:10 {"status":"ok","gid":350588,"msg":"添加成功！"}
2021-07-22 01:15:10 下次操作: 2021-07-22 01:15:32

2021-07-22 01:15:32 开始第 10 次操作

2021-07-22 01:15:32 开始操作号码 【1387875】
2021-07-22 01:15:36 GSD getOne 第 1 次 等待 3 秒
2021-07-22 01:15:39 查询号码 【1387875】，返回信息 {"status":"bad","msg":""}
2021-07-22 01:15:39 查询号码 【1387875】，GSD为【""】
2021-07-22 01:15:39 bad
2021-07-22 01:15:40 CHB 1387875?1626887739 第 1 次 等待 3 秒
2021-07-22 01:15:43 CHB 1387875?1626887739 第 1 次 未获取到 等待 24 秒 下次操作: 2021-07-22 01:16:07
2021-07-22 01:16:07 CHB 1387875?1626887767 第 2 次 等待 3 秒
2021-07-22 01:16:10 CHB 1387875?1626887767 第 2 次 未获取到 等待 16 秒 下次操作: 2021-07-22 01:16:26
2021-07-22 01:16:27 CHB 1387875?1626887786 第 3 次 等待 3 秒
2021-07-22 01:16:30 CHB 1387875?1626887786 第 3 次 跳过号码【1387875】
2021-07-22 01:16:30 未获取到号码【1387875】源码
2021-07-22 01:16:30 获取到号码【1387875】的GSD为【-】
2021-07-22 01:16:34 GSD insert 第 1 次 等待 3 秒
2021-07-22 01:16:37 {"status":"ok","gid":350601,"msg":"添加成功！"}
2021-07-22 01:16:37 下次操作: 2021-07-22 01:16:53

2021-07-22 01:16:53 开始第 11 次操作

2021-07-22 01:16:53 开始操作号码 【1387874】
2021-07-22 01:16:59 GSD getOne 第 1 次 等待 3 秒
2021-07-22 01:17:02 查询号码 【1387874】，返回信息 {"status":"bad","msg":""}
2021-07-22 01:17:02 查询号码 【1387874】，GSD为【""】
2021-07-22 01:17:02 bad
2021-07-22 01:17:03 CHB 1387874?1626887822 第 1 次 等待 3 秒
2021-07-22 01:17:06 CHB 1387874?1626887822 第 1 次 未获取到 等待 23 秒 下次操作: 2021-07-22 01:17:29
2021-07-22 01:17:30 CHB 1387874?1626887849 第 2 次 等待 3 秒
2021-07-22 01:17:33 CHB 1387874?1626887849 第 2 次 未获取到 等待 23 秒 下次操作: 2021-07-22 01:17:56
2021-07-22 01:17:56 CHB 1387874?1626887876 第 3 次 等待 3 秒
2021-07-22 01:17:59 CHB 1387874?1626887876 第 3 次 跳过号码【1387874】
2021-07-22 01:17:59 未获取到号码【1387874】源码
2021-07-22 01:17:59 获取到号码【1387874】的GSD为【-】
2021-07-22 01:18:02 GSD insert 第 1 次 等待 3 秒
2021-07-22 01:18:05 {"status":"ok","gid":350618,"msg":"添加成功！"}
2021-07-22 01:18:05 下次操作: 2021-07-22 01:18:26

2021-07-22 01:18:26 开始第 12 次操作

2021-07-22 01:18:26 开始操作号码 【1387873】
2021-07-22 01:18:29 GSD getOne 第 1 次 等待 3 秒
2021-07-22 01:18:32 查询号码 【1387873】，返回信息 {"status":"bad","msg":""}
2021-07-22 01:18:32 查询号码 【1387873】，GSD为【""】
2021-07-22 01:18:32 bad
2021-07-22 01:18:32 CHB 1387873?1626887912 第 1 次 等待 3 秒
2021-07-22 01:18:35 CHB 1387873?1626887912 第 1 次 未获取到 等待 20 秒 下次操作: 2021-07-22 01:18:55
2021-07-22 01:18:56 CHB 1387873?1626887935 第 2 次 等待 3 秒
2021-07-22 01:18:59 CHB 1387873?1626887935 第 2 次 未获取到 等待 15 秒 下次操作: 2021-07-22 01:19:14
2021-07-22 01:19:15 CHB 1387873?1626887954 第 3 次 等待 3 秒
2021-07-22 01:19:18 CHB 1387873?1626887954 第 3 次 跳过号码【1387873】
2021-07-22 01:19:18 未获取到号码【1387873】源码
2021-07-22 01:19:18 获取到号码【1387873】的GSD为【-】
2021-07-22 01:19:21 GSD insert 第 1 次 等待 3 秒
2021-07-22 01:19:24 {"status":"ok","gid":350631,"msg":"添加成功！"}
2021-07-22 01:19:24 下次操作: 2021-07-22 01:19:40

2021-07-22 01:19:40 开始第 13 次操作

2021-07-22 01:19:40 开始操作号码 【1387872】
2021-07-22 01:19:43 GSD getOne 第 1 次 等待 3 秒
2021-07-22 01:19:46 查询号码 【1387872】，返回信息 {"status":"bad","msg":""}
2021-07-22 01:19:46 查询号码 【1387872】，GSD为【""】
2021-07-22 01:19:46 bad
2021-07-22 01:19:47 CHB 1387872?1626887986 第 1 次 等待 3 秒
2021-07-22 01:19:50 CHB 1387872?1626887986 第 1 次 未获取到 等待 19 秒 下次操作: 2021-07-22 01:20:09
2021-07-22 01:20:09 CHB 1387872?1626888009 第 2 次 等待 3 秒
2021-07-22 01:20:12 CHB 1387872?1626888009 第 2 次 未获取到 等待 17 秒 下次操作: 2021-07-22 01:20:29
2021-07-22 01:20:30 CHB 1387872?1626888029 第 3 次 等待 3 秒
2021-07-22 01:20:33 CHB 1387872?1626888029 第 3 次 跳过号码【1387872】
2021-07-22 01:20:33 未获取到号码【1387872】源码
2021-07-22 01:20:33 获取到号码【1387872】的GSD为【-】
2021-07-22 01:20:37 GSD insert 第 1 次 等待 3 秒
2021-07-22 01:20:40 {"status":"ok","gid":350643,"msg":"添加成功！"}
2021-07-22 01:20:40 下次操作: 2021-07-22 01:20:55

2021-07-22 01:20:55 开始第 14 次操作

2021-07-22 01:20:55 开始操作号码 【1387871】
2021-07-22 01:20:57 GSD getOne 第 1 次 等待 3 秒
2021-07-22 01:21:00 查询号码 【1387871】，返回信息 {"status":"bad","msg":""}
2021-07-22 01:21:00 查询号码 【1387871】，GSD为【""】
2021-07-22 01:21:00 bad
2021-07-22 01:21:01 CHB 1387871?1626888060 第 1 次 等待 3 秒
2021-07-22 01:21:04 CHB 1387871?1626888060 第 1 次 未获取到 等待 16 秒 下次操作: 2021-07-22 01:21:20
2021-07-22 01:21:21 CHB 1387871?1626888080 第 2 次 等待 3 秒
2021-07-22 01:21:24 CHB 1387871?1626888080 第 2 次 未获取到 等待 14 秒 下次操作: 2021-07-22 01:21:38
2021-07-22 01:21:39 CHB 1387871?1626888098 第 3 次 等待 3 秒
2021-07-22 01:21:42 CHB 1387871?1626888098 第 3 次 跳过号码【1387871】
2021-07-22 01:21:42 未获取到号码【1387871】源码
2021-07-22 01:21:42 获取到号码【1387871】的GSD为【-】
2021-07-22 01:21:45 GSD insert 第 1 次 等待 3 秒
2021-07-22 01:21:48 {"status":"ok","gid":350656,"msg":"添加成功！"}
2021-07-22 01:21:48 下次操作: 2021-07-22 01:22:05

2021-07-22 01:22:05 开始第 15 次操作

2021-07-22 01:22:05 开始操作号码 【1387870】
2021-07-22 01:22:12 GSD getOne 第 1 次 等待 3 秒
2021-07-22 01:22:15 查询号码 【1387870】，返回信息 {"status":"bad","msg":""}
2021-07-22 01:22:15 查询号码 【1387870】，GSD为【""】
2021-07-22 01:22:15 bad
2021-07-22 01:22:16 CHB 1387870?1626888135 第 1 次 等待 3 秒
2021-07-22 01:22:19 CHB 1387870?1626888135 第 1 次 未获取到 等待 14 秒 下次操作: 2021-07-22 01:22:33
2021-07-22 01:22:34 CHB 1387870?1626888153 第 2 次 等待 3 秒
2021-07-22 01:22:37 CHB 1387870?1626888153 第 2 次 未获取到 等待 16 秒 下次操作: 2021-07-22 01:22:53
2021-07-22 01:22:53 CHB 1387870?1626888173 第 3 次 等待 3 秒
2021-07-22 01:22:56 CHB 1387870?1626888173 第 3 次 跳过号码【1387870】
2021-07-22 01:22:56 未获取到号码【1387870】源码
2021-07-22 01:22:56 获取到号码【1387870】的GSD为【-】
2021-07-22 01:22:59 GSD insert 第 1 次 等待 3 秒
2021-07-22 01:23:02 {"status":"ok","gid":350667,"msg":"添加成功！"}
2021-07-22 01:23:02 下次操作: 2021-07-22 01:23:23

2021-07-22 01:23:23 开始第 16 次操作

2021-07-22 01:23:23 开始操作号码 【1387869】
2021-07-22 01:23:27 GSD getOne 第 1 次 等待 3 秒
2021-07-22 01:23:30 查询号码 【1387869】，返回信息 {"status":"bad","msg":""}
2021-07-22 01:23:30 查询号码 【1387869】，GSD为【""】
2021-07-22 01:23:30 bad
2021-07-22 01:23:31 CHB 1387869?1626888210 第 1 次 等待 3 秒
2021-07-22 01:23:34 CHB 1387869?1626888210 第 1 次 未获取到 等待 15 秒 下次操作: 2021-07-22 01:23:49
2021-07-22 01:23:49 CHB 1387869?1626888229 第 2 次 等待 3 秒
2021-07-22 01:23:52 CHB 1387869?1626888229 第 2 次 未获取到 等待 23 秒 下次操作: 2021-07-22 01:24:15
2021-07-22 01:24:16 CHB 1387869?1626888255 第 3 次 等待 3 秒
2021-07-22 01:24:19 CHB 1387869?1626888255 第 3 次 跳过号码【1387869】
2021-07-22 01:24:19 未获取到号码【1387869】源码
2021-07-22 01:24:19 获取到号码【1387869】的GSD为【-】
2021-07-22 01:24:22 GSD insert 第 1 次 等待 3 秒
2021-07-22 01:24:25 {"status":"ok","gid":350677,"msg":"添加成功！"}
2021-07-22 01:24:25 下次操作: 2021-07-22 01:24:40

2021-07-22 01:24:40 开始第 17 次操作

2021-07-22 01:24:40 开始操作号码 【1387868】
2021-07-22 01:24:48 GSD getOne 第 1 次 等待 3 秒
2021-07-22 01:24:51 查询号码 【1387868】，返回信息 {"status":"bad","msg":""}
2021-07-22 01:24:51 查询号码 【1387868】，GSD为【""】
2021-07-22 01:24:51 bad
2021-07-22 01:24:52 CHB 1387868?1626888291 第 1 次 等待 3 秒
2021-07-22 01:24:55 CHB 1387868?1626888291 第 1 次 未获取到 等待 23 秒 下次操作: 2021-07-22 01:25:18
2021-07-22 01:25:18 CHB 1387868?1626888318 第 2 次 等待 3 秒
2021-07-22 01:25:21 CHB 1387868?1626888318 第 2 次 未获取到 等待 20 秒 下次操作: 2021-07-22 01:25:41
2021-07-22 01:25:42 CHB 1387868?1626888341 第 3 次 等待 3 秒
2021-07-22 01:25:45 CHB 1387868?1626888341 第 3 次 跳过号码【1387868】
2021-07-22 01:25:45 未获取到号码【1387868】源码
2021-07-22 01:25:45 获取到号码【1387868】的GSD为【-】
2021-07-22 01:25:48 GSD insert 第 1 次 等待 3 秒
2021-07-22 01:25:51 {"status":"ok","gid":350688,"msg":"添加成功！"}
2021-07-22 01:25:51 下次操作: 2021-07-22 01:26:07

2021-07-22 01:26:07 开始第 18 次操作

2021-07-22 01:26:07 开始操作号码 【1387867】
2021-07-22 01:26:10 GSD getOne 第 1 次 等待 3 秒
2021-07-22 01:26:13 查询号码 【1387867】，返回信息 {"status":"bad","msg":""}
2021-07-22 01:26:13 查询号码 【1387867】，GSD为【""】
2021-07-22 01:26:13 bad
2021-07-22 01:26:13 CHB 1387867?1626888373 第 1 次 等待 3 秒
2021-07-22 01:26:16 CHB 1387867?1626888373 第 1 次 未获取到 等待 18 秒 下次操作: 2021-07-22 01:26:34
2021-07-22 01:26:35 CHB 1387867?1626888394 第 2 次 等待 3 秒
2021-07-22 01:26:38 CHB 1387867?1626888394 第 2 次 未获取到 等待 12 秒 下次操作: 2021-07-22 01:26:50
2021-07-22 01:26:51 CHB 1387867?1626888410 第 3 次 等待 3 秒
2021-07-22 01:26:54 CHB 1387867?1626888410 第 3 次 跳过号码【1387867】
2021-07-22 01:26:54 未获取到号码【1387867】源码
2021-07-22 01:26:54 获取到号码【1387867】的GSD为【-】
2021-07-22 01:26:56 GSD insert 第 1 次 等待 3 秒
2021-07-22 01:26:59 {"status":"ok","gid":350699,"msg":"添加成功！"}
2021-07-22 01:26:59 下次操作: 2021-07-22 01:27:20

2021-07-22 01:27:20 开始第 19 次操作

2021-07-22 01:27:20 开始操作号码 【1387866】
2021-07-22 01:27:23 GSD getOne 第 1 次 等待 3 秒
2021-07-22 01:27:26 查询号码 【1387866】，返回信息 {"status":"bad","msg":""}
2021-07-22 01:27:26 查询号码 【1387866】，GSD为【""】
2021-07-22 01:27:26 bad
2021-07-22 01:27:27 CHB 1387866?1626888446 第 1 次 等待 3 秒
2021-07-22 01:27:30 CHB 1387866?1626888446 第 1 次 未获取到 等待 24 秒 下次操作: 2021-07-22 01:27:54
2021-07-22 01:27:54 CHB 1387866?1626888474 第 2 次 等待 3 秒
2021-07-22 01:27:57 CHB 1387866?1626888474 第 2 次 未获取到 等待 12 秒 下次操作: 2021-07-22 01:28:09
2021-07-22 01:28:10 CHB 1387866?1626888489 第 3 次 等待 3 秒
2021-07-22 01:28:13 CHB 1387866?1626888489 第 3 次 跳过号码【1387866】
2021-07-22 01:28:13 未获取到号码【1387866】源码
2021-07-22 01:28:13 获取到号码【1387866】的GSD为【-】
2021-07-22 01:28:16 GSD insert 第 1 次 等待 3 秒
2021-07-22 01:28:19 {"status":"ok","gid":350707,"msg":"添加成功！"}
2021-07-22 01:28:19 下次操作: 2021-07-22 01:28:31

2021-07-22 01:28:31 开始第 20 次操作

2021-07-22 01:28:31 开始操作号码 【1387865】
2021-07-22 01:28:34 GSD getOne 第 1 次 等待 3 秒
2021-07-22 01:28:37 查询号码 【1387865】，返回信息 {"status":"bad","msg":""}
2021-07-22 01:28:37 查询号码 【1387865】，GSD为【""】
2021-07-22 01:28:37 bad
2021-07-22 01:28:38 CHB 1387865?1626888517 第 1 次 等待 3 秒
2021-07-22 01:28:41 CHB 1387865?1626888517 第 1 次 未获取到 等待 18 秒 下次操作: 2021-07-22 01:28:59
2021-07-22 01:28:59 CHB 1387865?1626888539 第 2 次 等待 3 秒
2021-07-22 01:29:02 CHB 1387865?1626888539 第 2 次 未获取到 等待 24 秒 下次操作: 2021-07-22 01:29:26
2021-07-22 01:29:27 CHB 1387865?1626888566 第 3 次 等待 3 秒
2021-07-22 01:29:30 CHB 1387865?1626888566 第 3 次 跳过号码【1387865】
2021-07-22 01:29:30 未获取到号码【1387865】源码
2021-07-22 01:29:30 获取到号码【1387865】的GSD为【-】
2021-07-22 01:29:33 GSD insert 第 1 次 等待 3 秒
2021-07-22 01:29:36 {"status":"ok","gid":350719,"msg":"添加成功！"}
2021-07-22 01:29:36 下次操作: 2021-07-22 01:29:56

2021-07-22 01:29:56 开始第 21 次操作

2021-07-22 01:29:56 开始操作号码 【1387864】
2021-07-22 01:29:59 GSD getOne 第 1 次 等待 3 秒
2021-07-22 01:30:02 查询号码 【1387864】，返回信息 {"status":"bad","msg":""}
2021-07-22 01:30:02 查询号码 【1387864】，GSD为【""】
2021-07-22 01:30:02 bad
2021-07-22 01:30:02 CHB 1387864?1626888602 第 1 次 等待 3 秒
2021-07-22 01:30:05 CHB 1387864?1626888602 第 1 次 未获取到 等待 24 秒 下次操作: 2021-07-22 01:30:29
2021-07-22 01:30:30 CHB 1387864?1626888629 第 2 次 等待 3 秒
2021-07-22 01:30:33 CHB 1387864?1626888629 第 2 次 未获取到 等待 18 秒 下次操作: 2021-07-22 01:30:51
2021-07-22 01:30:52 CHB 1387864?1626888651 第 3 次 等待 3 秒
2021-07-22 01:30:55 CHB 1387864?1626888651 第 3 次 跳过号码【1387864】
2021-07-22 01:30:55 未获取到号码【1387864】源码
2021-07-22 01:30:55 获取到号码【1387864】的GSD为【-】
2021-07-22 01:31:00 GSD insert 第 1 次 等待 3 秒
2021-07-22 01:31:03 {"status":"ok","gid":350727,"msg":"添加成功！"}
2021-07-22 01:31:03 下次操作: 2021-07-22 01:31:21

2021-07-22 01:31:21 开始第 22 次操作

2021-07-22 01:31:21 开始操作号码 【1387863】
2021-07-22 01:31:25 GSD getOne 第 1 次 等待 3 秒
2021-07-22 01:31:28 查询号码 【1387863】，返回信息 {"status":"ok","msg":"广西-南宁","gid":"11666","time_insert":"2017-08-27 09:57","time_update":"2020-12-18 04:48"}
2021-07-22 01:31:28 查询号码 【1387863】，GSD为【"广西-南宁"】

2021-07-22 01:31:28 开始第 22 次操作

2021-07-22 01:31:28 开始操作号码 【1387862】
2021-07-22 01:31:30 GSD getOne 第 1 次 等待 3 秒
2021-07-22 01:31:34 查询号码 【1387862】，返回信息 {"status":"bad","msg":""}
2021-07-22 01:31:34 查询号码 【1387862】，GSD为【""】
2021-07-22 01:31:34 bad
2021-07-22 01:31:34 CHB 1387862?1626888694 第 1 次 等待 3 秒
2021-07-22 01:31:37 CHB 1387862?1626888694 第 1 次 未获取到 等待 18 秒 下次操作: 2021-07-22 01:31:55
2021-07-22 01:31:56 CHB 1387862?1626888715 第 2 次 等待 3 秒
2021-07-22 01:31:59 CHB 1387862?1626888715 第 2 次 未获取到 等待 21 秒 下次操作: 2021-07-22 01:32:20
2021-07-22 01:32:21 CHB 1387862?1626888740 第 3 次 等待 3 秒
2021-07-22 01:32:24 CHB 1387862?1626888740 第 3 次 跳过号码【1387862】
2021-07-22 01:32:24 未获取到号码【1387862】源码
2021-07-22 01:32:24 获取到号码【1387862】的GSD为【-】
2021-07-22 01:32:55 GSD insert 第 1 次 等待 3 秒
2021-07-22 01:32:58 {"status":"ok","gid":350738,"msg":"添加成功！"}
2021-07-22 01:32:58 下次操作: 2021-07-22 01:33:19

2021-07-22 01:33:19 开始第 23 次操作

2021-07-22 01:33:19 开始操作号码 【1387861】
2021-07-22 01:33:22 GSD getOne 第 1 次 等待 3 秒
2021-07-22 01:33:25 查询号码 【1387861】，返回信息 {"status":"bad","msg":""}
2021-07-22 01:33:25 查询号码 【1387861】，GSD为【""】
2021-07-22 01:33:25 bad
2021-07-22 01:33:26 CHB 1387861?1626888805 第 1 次 等待 3 秒
2021-07-22 01:33:29 CHB 1387861?1626888805 第 1 次 未获取到 等待 24 秒 下次操作: 2021-07-22 01:33:53
2021-07-22 01:33:54 CHB 1387861?1626888833 第 2 次 等待 3 秒
2021-07-22 01:33:57 CHB 1387861?1626888833 第 2 次 未获取到 等待 21 秒 下次操作: 2021-07-22 01:34:18
2021-07-22 01:34:18 CHB 1387861?1626888858 第 3 次 等待 3 秒
2021-07-22 01:34:21 CHB 1387861?1626888858 第 3 次 跳过号码【1387861】
2021-07-22 01:34:21 未获取到号码【1387861】源码
2021-07-22 01:34:21 获取到号码【1387861】的GSD为【-】
2021-07-22 01:34:24 GSD insert 第 1 次 等待 3 秒
2021-07-22 01:34:27 {"status":"ok","gid":350749,"msg":"添加成功！"}
2021-07-22 01:34:27 下次操作: 2021-07-22 01:34:44

2021-07-22 01:34:44 开始第 24 次操作

2021-07-22 01:34:44 开始操作号码 【1387860】
2021-07-22 01:34:47 GSD getOne 第 1 次 等待 3 秒
2021-07-22 01:34:50 查询号码 【1387860】，返回信息 {"status":"bad","msg":""}
2021-07-22 01:34:50 查询号码 【1387860】，GSD为【""】
2021-07-22 01:34:50 bad
2021-07-22 01:34:51 CHB 1387860?1626888890 第 1 次 等待 3 秒
2021-07-22 01:34:54 CHB 1387860?1626888890 第 1 次 未获取到 等待 12 秒 下次操作: 2021-07-22 01:35:06
2021-07-22 01:35:07 CHB 1387860?1626888906 第 2 次 等待 3 秒
2021-07-22 01:35:10 CHB 1387860?1626888906 第 2 次 未获取到 等待 22 秒 下次操作: 2021-07-22 01:35:32
2021-07-22 01:35:32 CHB 1387860?1626888932 第 3 次 等待 3 秒
2021-07-22 01:35:35 CHB 1387860?1626888932 第 3 次 跳过号码【1387860】
2021-07-22 01:35:35 未获取到号码【1387860】源码
2021-07-22 01:35:35 获取到号码【1387860】的GSD为【-】
2021-07-22 01:35:38 GSD insert 第 1 次 等待 3 秒
2021-07-22 01:35:41 {"status":"ok","gid":350756,"msg":"添加成功！"}
2021-07-22 01:35:41 下次操作: 2021-07-22 01:35:57

2021-07-22 01:35:57 开始第 25 次操作

2021-07-22 01:35:57 开始操作号码 【1387859】
2021-07-22 01:36:00 GSD getOne 第 1 次 等待 3 秒
2021-07-22 01:36:03 查询号码 【1387859】，返回信息 {"status":"bad","msg":""}
2021-07-22 01:36:03 查询号码 【1387859】，GSD为【""】
2021-07-22 01:36:03 bad
2021-07-22 01:36:04 CHB 1387859?1626888963 第 1 次 等待 3 秒
2021-07-22 01:36:07 CHB 1387859?1626888963 第 1 次 未获取到 等待 17 秒 下次操作: 2021-07-22 01:36:24
2021-07-22 01:36:24 CHB 1387859?1626888984 第 2 次 等待 3 秒
2021-07-22 01:36:27 CHB 1387859?1626888984 第 2 次 未获取到 等待 13 秒 下次操作: 2021-07-22 01:36:40
2021-07-22 01:36:41 CHB 1387859?1626889000 第 3 次 等待 3 秒
2021-07-22 01:36:44 CHB 1387859?1626889000 第 3 次 跳过号码【1387859】
2021-07-22 01:36:44 未获取到号码【1387859】源码
2021-07-22 01:36:44 获取到号码【1387859】的GSD为【-】
2021-07-22 01:36:50 GSD insert 第 1 次 等待 3 秒
2021-07-22 01:36:53 {"status":"ok","gid":350760,"msg":"添加成功！"}
2021-07-22 01:36:53 下次操作: 2021-07-22 01:37:10

2021-07-22 01:37:10 开始第 26 次操作

2021-07-22 01:37:10 开始操作号码 【1387858】
2021-07-22 01:37:14 GSD getOne 第 1 次 等待 3 秒
2021-07-22 01:37:17 查询号码 【1387858】，返回信息 {"status":"bad","msg":""}
2021-07-22 01:37:17 查询号码 【1387858】，GSD为【""】
2021-07-22 01:37:17 bad
2021-07-22 01:37:17 CHB 1387858?1626889037 第 1 次 等待 3 秒
2021-07-22 01:37:20 CHB 1387858?1626889037 第 1 次 未获取到 等待 12 秒 下次操作: 2021-07-22 01:37:32
2021-07-22 01:37:33 CHB 1387858?1626889052 第 2 次 等待 3 秒
2021-07-22 01:37:36 CHB 1387858?1626889052 第 2 次 未获取到 等待 15 秒 下次操作: 2021-07-22 01:37:51
2021-07-22 01:37:52 CHB 1387858?1626889071 第 3 次 等待 3 秒
2021-07-22 01:37:55 CHB 1387858?1626889071 第 3 次 跳过号码【1387858】
2021-07-22 01:37:55 未获取到号码【1387858】源码
2021-07-22 01:37:55 获取到号码【1387858】的GSD为【-】
2021-07-22 01:37:58 GSD insert 第 1 次 等待 3 秒
2021-07-22 01:38:01 {"status":"ok","gid":350764,"msg":"添加成功！"}
2021-07-22 01:38:01 下次操作: 2021-07-22 01:38:22

2021-07-22 01:38:22 开始第 27 次操作

2021-07-22 01:38:22 开始操作号码 【1387857】
2021-07-22 01:38:26 GSD getOne 第 1 次 等待 3 秒
2021-07-22 01:38:29 查询号码 【1387857】，返回信息 {"status":"bad","msg":""}
2021-07-22 01:38:29 查询号码 【1387857】，GSD为【""】
2021-07-22 01:38:29 bad
2021-07-22 01:38:29 CHB 1387857?1626889109 第 1 次 等待 3 秒
2021-07-22 01:38:32 CHB 1387857?1626889109 第 1 次 未获取到 等待 18 秒 下次操作: 2021-07-22 01:38:50
2021-07-22 01:38:51 CHB 1387857?1626889130 第 2 次 等待 3 秒
2021-07-22 01:38:54 CHB 1387857?1626889130 第 2 次 未获取到 等待 22 秒 下次操作: 2021-07-22 01:39:16
2021-07-22 01:39:17 CHB 1387857?1626889156 第 3 次 等待 3 秒
2021-07-22 01:39:20 CHB 1387857?1626889156 第 3 次 跳过号码【1387857】
2021-07-22 01:39:20 未获取到号码【1387857】源码
2021-07-22 01:39:20 获取到号码【1387857】的GSD为【-】
2021-07-22 01:39:22 GSD insert 第 1 次 等待 3 秒
2021-07-22 01:39:25 {"status":"ok","gid":350773,"msg":"添加成功！"}
2021-07-22 01:39:25 下次操作: 2021-07-22 01:39:43

2021-07-22 01:39:44 开始第 28 次操作

2021-07-22 01:39:44 开始操作号码 【1387856】
2021-07-22 01:39:46 GSD getOne 第 1 次 等待 3 秒
2021-07-22 01:39:49 查询号码 【1387856】，返回信息 {"status":"bad","msg":""}
2021-07-22 01:39:49 查询号码 【1387856】，GSD为【""】
2021-07-22 01:39:49 bad
2021-07-22 01:39:50 CHB 1387856?1626889189 第 1 次 等待 3 秒
2021-07-22 01:39:53 CHB 1387856?1626889189 第 1 次 未获取到 等待 18 秒 下次操作: 2021-07-22 01:40:11
2021-07-22 01:40:12 CHB 1387856?1626889211 第 2 次 等待 3 秒
2021-07-22 01:40:15 CHB 1387856?1626889211 第 2 次 未获取到 等待 13 秒 下次操作: 2021-07-22 01:40:28
2021-07-22 01:40:28 CHB 1387856?1626889228 第 3 次 等待 3 秒
2021-07-22 01:40:31 CHB 1387856?1626889228 第 3 次 跳过号码【1387856】
2021-07-22 01:40:31 未获取到号码【1387856】源码
2021-07-22 01:40:31 获取到号码【1387856】的GSD为【-】
2021-07-22 01:40:34 GSD insert 第 1 次 等待 3 秒
2021-07-22 01:40:37 {"status":"ok","gid":350776,"msg":"添加成功！"}
2021-07-22 01:40:37 下次操作: 2021-07-22 01:40:52

2021-07-22 01:40:52 开始第 29 次操作

2021-07-22 01:40:52 开始操作号码 【1387855】
2021-07-22 01:40:55 GSD getOne 第 1 次 等待 3 秒
2021-07-22 01:40:58 查询号码 【1387855】，返回信息 {"status":"bad","msg":""}
2021-07-22 01:40:58 查询号码 【1387855】，GSD为【""】
2021-07-22 01:40:58 bad
2021-07-22 01:40:59 CHB 1387855?1626889258 第 1 次 等待 3 秒
2021-07-22 01:41:02 CHB 1387855?1626889258 第 1 次 未获取到 等待 15 秒 下次操作: 2021-07-22 01:41:17
2021-07-22 01:41:18 CHB 1387855?1626889277 第 2 次 等待 3 秒
2021-07-22 01:41:21 CHB 1387855?1626889277 第 2 次 未获取到 等待 12 秒 下次操作: 2021-07-22 01:41:33
2021-07-22 01:41:33 CHB 1387855?1626889293 第 3 次 等待 3 秒
2021-07-22 01:41:36 CHB 1387855?1626889293 第 3 次 跳过号码【1387855】
2021-07-22 01:41:36 未获取到号码【1387855】源码
2021-07-22 01:41:36 获取到号码【1387855】的GSD为【-】
2021-07-22 01:41:39 GSD insert 第 1 次 等待 3 秒
2021-07-22 01:41:42 {"status":"ok","gid":350782,"msg":"添加成功！"}
2021-07-22 01:41:42 下次操作: 2021-07-22 01:41:54

2021-07-22 01:41:54 开始第 30 次操作

2021-07-22 01:41:54 开始操作号码 【1387854】
2021-07-22 01:41:57 GSD getOne 第 1 次 等待 3 秒
2021-07-22 01:42:00 查询号码 【1387854】，返回信息 {"status":"bad","msg":""}
2021-07-22 01:42:00 查询号码 【1387854】，GSD为【""】
2021-07-22 01:42:00 bad
2021-07-22 01:42:01 CHB 1387854?1626889320 第 1 次 等待 3 秒
2021-07-22 01:42:04 CHB 1387854?1626889320 第 1 次 未获取到 等待 14 秒 下次操作: 2021-07-22 01:42:18
2021-07-22 01:42:18 CHB 1387854?1626889338 第 2 次 等待 3 秒
2021-07-22 01:42:21 CHB 1387854?1626889338 第 2 次 未获取到 等待 18 秒 下次操作: 2021-07-22 01:42:39
2021-07-22 01:42:40 CHB 1387854?1626889359 第 3 次 等待 3 秒
2021-07-22 01:42:43 CHB 1387854?1626889359 第 3 次 跳过号码【1387854】
2021-07-22 01:42:43 未获取到号码【1387854】源码
2021-07-22 01:42:43 获取到号码【1387854】的GSD为【-】
2021-07-22 01:42:46 GSD insert 第 1 次 等待 3 秒
2021-07-22 01:42:49 {"status":"ok","gid":350788,"msg":"添加成功！"}
2021-07-22 01:42:49 下次操作: 2021-07-22 01:43:10

2021-07-22 01:43:10 开始第 31 次操作

2021-07-22 01:43:10 开始操作号码 【1387853】
2021-07-22 01:44:14 GSD getOne 第 1 次 等待 3 秒
2021-07-22 01:44:17 查询号码 【1387853】，返回信息 {"status":"bad","msg":""}
2021-07-22 01:44:17 查询号码 【1387853】，GSD为【""】
2021-07-22 01:44:17 bad
2021-07-22 01:44:18 CHB 1387853?1626889457 第 1 次 等待 3 秒
2021-07-22 01:44:21 CHB 1387853?1626889457 第 1 次 未获取到 等待 12 秒 下次操作: 2021-07-22 01:44:33
2021-07-22 01:44:33 CHB 1387853?1626889473 第 2 次 等待 3 秒
2021-07-22 01:44:36 CHB 1387853?1626889473 第 2 次 未获取到 等待 20 秒 下次操作: 2021-07-22 01:44:56
2021-07-22 01:44:57 CHB 1387853?1626889496 第 3 次 等待 3 秒
2021-07-22 01:45:00 CHB 1387853?1626889496 第 3 次 跳过号码【1387853】
2021-07-22 01:45:00 未获取到号码【1387853】源码
2021-07-22 01:45:00 获取到号码【1387853】的GSD为【-】
2021-07-22 01:45:03 GSD insert 第 1 次 等待 3 秒
2021-07-22 01:45:06 {"status":"ok","gid":350802,"msg":"添加成功！"}
2021-07-22 01:45:06 下次操作: 2021-07-22 01:45:30

2021-07-22 01:45:30 开始第 32 次操作

2021-07-22 01:45:30 开始操作号码 【1387852】
2021-07-22 01:45:33 GSD getOne 第 1 次 等待 3 秒
2021-07-22 01:45:36 查询号码 【1387852】，返回信息 {"status":"bad","msg":""}
2021-07-22 01:45:36 查询号码 【1387852】，GSD为【""】
2021-07-22 01:45:36 bad
2021-07-22 01:45:41 CHB 1387852?1626889536 第 1 次 等待 3 秒
2021-07-22 01:45:44 CHB 1387852?1626889536 第 1 次 未获取到 等待 18 秒 下次操作: 2021-07-22 01:46:02
2021-07-22 01:46:03 CHB 1387852?1626889562 第 2 次 等待 3 秒
2021-07-22 01:46:06 CHB 1387852?1626889562 第 2 次 未获取到 等待 15 秒 下次操作: 2021-07-22 01:46:21
2021-07-22 01:46:22 CHB 1387852?1626889581 第 3 次 等待 3 秒
2021-07-22 01:46:25 CHB 1387852?1626889581 第 3 次 跳过号码【1387852】
2021-07-22 01:46:25 未获取到号码【1387852】源码
2021-07-22 01:46:25 获取到号码【1387852】的GSD为【-】
2021-07-22 01:46:46 GSD insert 第 1 次 等待 3 秒
2021-07-22 01:46:49 {"status":"ok","gid":350812,"msg":"添加成功！"}
2021-07-22 01:46:49 下次操作: 2021-07-22 01:47:12

2021-07-22 01:47:12 开始第 33 次操作

2021-07-22 01:47:12 开始操作号码 【1387851】
2021-07-22 01:47:14 GSD getOne 第 1 次 等待 3 秒
2021-07-22 01:47:17 查询号码 【1387851】，返回信息 {"status":"bad","msg":""}
2021-07-22 01:47:18 查询号码 【1387851】，GSD为【""】
2021-07-22 01:47:18 bad
2021-07-22 01:47:18 CHB 1387851?1626889638 第 1 次 等待 3 秒
2021-07-22 01:47:21 CHB 1387851?1626889638 第 1 次 未获取到 等待 17 秒 下次操作: 2021-07-22 01:47:38
2021-07-22 01:47:39 CHB 1387851?1626889658 第 2 次 等待 3 秒
2021-07-22 01:47:42 CHB 1387851?1626889658 第 2 次 未获取到 等待 19 秒 下次操作: 2021-07-22 01:48:01
2021-07-22 01:48:02 CHB 1387851?1626889681 第 3 次 等待 3 秒
2021-07-22 01:48:05 CHB 1387851?1626889681 第 3 次 跳过号码【1387851】
2021-07-22 01:48:05 未获取到号码【1387851】源码
2021-07-22 01:48:05 获取到号码【1387851】的GSD为【-】
2021-07-22 01:48:09 GSD insert 第 1 次 等待 3 秒
2021-07-22 01:48:12 {"status":"ok","gid":350827,"msg":"添加成功！"}
2021-07-22 01:48:12 下次操作: 2021-07-22 01:48:34

2021-07-22 01:48:34 开始第 34 次操作

2021-07-22 01:48:34 开始操作号码 【1387850】
2021-07-22 01:48:36 GSD getOne 第 1 次 等待 3 秒
2021-07-22 01:48:39 查询号码 【1387850】，返回信息 {"status":"ok","msg":"广西-贵港","gid":"11665","time_insert":"2019-04-22 18:30","time_update":"2020-12-18 05:02"}
2021-07-22 01:48:39 查询号码 【1387850】，GSD为【"广西-贵港"】

2021-07-22 01:48:39 开始第 34 次操作

2021-07-22 01:48:39 开始操作号码 【1387849】
2021-07-22 01:48:42 GSD getOne 第 1 次 等待 3 秒
2021-07-22 01:48:45 查询号码 【1387849】，返回信息 {"status":"bad","msg":""}
2021-07-22 01:48:45 查询号码 【1387849】，GSD为【""】
2021-07-22 01:48:45 bad
2021-07-22 01:48:46 CHB 1387849?1626889725 第 1 次 等待 3 秒
2021-07-22 01:48:49 CHB 1387849?1626889725 第 1 次 未获取到 等待 16 秒 下次操作: 2021-07-22 01:49:05
2021-07-22 01:49:06 CHB 1387849?1626889745 第 2 次 等待 3 秒
2021-07-22 01:49:09 CHB 1387849?1626889745 第 2 次 未获取到 等待 21 秒 下次操作: 2021-07-22 01:49:30
2021-07-22 01:49:30 CHB 1387849?1626889770 第 3 次 等待 3 秒
2021-07-22 01:49:33 CHB 1387849?1626889770 第 3 次 跳过号码【1387849】
2021-07-22 01:49:33 未获取到号码【1387849】源码
2021-07-22 01:49:33 获取到号码【1387849】的GSD为【-】
2021-07-22 01:49:36 GSD insert 第 1 次 等待 3 秒
2021-07-22 01:49:39 {"status":"ok","gid":350841,"msg":"添加成功！"}
2021-07-22 01:49:39 下次操作: 2021-07-22 01:49:55

2021-07-22 01:49:55 开始第 35 次操作

2021-07-22 01:49:55 开始操作号码 【1387848】
2021-07-22 01:50:04 GSD getOne 第 1 次 等待 3 秒
2021-07-22 01:50:07 查询号码 【1387848】，返回信息 {"status":"bad","msg":""}
2021-07-22 01:50:08 查询号码 【1387848】，GSD为【""】
2021-07-22 01:50:08 bad
2021-07-22 01:50:08 CHB 1387848?1626889808 第 1 次 等待 3 秒
2021-07-22 01:50:11 CHB 1387848?1626889808 第 1 次 未获取到 等待 14 秒 下次操作: 2021-07-22 01:50:25
2021-07-22 01:50:26 CHB 1387848?1626889825 第 2 次 等待 3 秒
2021-07-22 01:50:29 CHB 1387848?1626889825 第 2 次 未获取到 等待 20 秒 下次操作: 2021-07-22 01:50:49
2021-07-22 01:50:50 CHB 1387848?1626889849 第 3 次 等待 3 秒
2021-07-22 01:50:53 CHB 1387848?1626889849 第 3 次 跳过号码【1387848】
2021-07-22 01:50:53 未获取到号码【1387848】源码
2021-07-22 01:50:53 获取到号码【1387848】的GSD为【-】
2021-07-22 01:50:56 GSD insert 第 1 次 等待 3 秒
2021-07-22 01:50:59 {"status":"ok","gid":350852,"msg":"添加成功！"}
2021-07-22 01:50:59 下次操作: 2021-07-22 01:51:23

2021-07-22 01:51:23 开始第 36 次操作

2021-07-22 01:51:23 开始操作号码 【1387847】
2021-07-22 01:51:26 GSD getOne 第 1 次 等待 3 秒
2021-07-22 01:51:29 查询号码 【1387847】，返回信息 {"status":"bad","msg":""}
2021-07-22 01:51:29 查询号码 【1387847】，GSD为【""】
2021-07-22 01:51:29 bad
2021-07-22 01:51:30 CHB 1387847?1626889889 第 1 次 等待 3 秒
2021-07-22 01:51:33 CHB 1387847?1626889889 第 1 次 未获取到 等待 23 秒 下次操作: 2021-07-22 01:51:56
2021-07-22 01:51:56 CHB 1387847?1626889916 第 2 次 等待 3 秒
2021-07-22 01:51:59 CHB 1387847?1626889916 第 2 次 未获取到 等待 21 秒 下次操作: 2021-07-22 01:52:20
2021-07-22 01:52:21 CHB 1387847?1626889940 第 3 次 等待 3 秒
2021-07-22 01:52:24 CHB 1387847?1626889940 第 3 次 跳过号码【1387847】
2021-07-22 01:52:24 未获取到号码【1387847】源码
2021-07-22 01:52:24 获取到号码【1387847】的GSD为【-】
2021-07-22 01:52:27 GSD insert 第 1 次 等待 3 秒
2021-07-22 01:52:30 {"status":"ok","gid":350867,"msg":"添加成功！"}
2021-07-22 01:52:30 下次操作: 2021-07-22 01:52:54

2021-07-22 01:52:54 开始第 37 次操作

2021-07-22 01:52:54 开始操作号码 【1387846】
2021-07-22 01:53:27 GSD getOne 第 1 次 等待 3 秒
2021-07-22 01:53:30 查询号码 【1387846】，返回信息 {"status":"bad","msg":""}
2021-07-22 01:53:30 查询号码 【1387846】，GSD为【""】
2021-07-22 01:53:30 bad
2021-07-22 01:53:31 CHB 1387846?1626890010 第 1 次 等待 3 秒
2021-07-22 01:53:34 CHB 1387846?1626890010 第 1 次 未获取到 等待 13 秒 下次操作: 2021-07-22 01:53:47
2021-07-22 01:53:48 CHB 1387846?1626890027 第 2 次 等待 3 秒
2021-07-22 01:53:51 CHB 1387846?1626890027 第 2 次 未获取到 等待 21 秒 下次操作: 2021-07-22 01:54:12
2021-07-22 01:54:12 CHB 1387846?1626890052 第 3 次 等待 3 秒
2021-07-22 01:54:15 CHB 1387846?1626890052 第 3 次 跳过号码【1387846】
2021-07-22 01:54:15 未获取到号码【1387846】源码
2021-07-22 01:54:15 获取到号码【1387846】的GSD为【-】
2021-07-22 01:54:20 GSD insert 第 1 次 等待 3 秒
2021-07-22 01:54:23 {"status":"ok","gid":350886,"msg":"添加成功！"}
2021-07-22 01:54:23 下次操作: 2021-07-22 01:54:40

2021-07-22 01:54:40 开始第 38 次操作

2021-07-22 01:54:40 开始操作号码 【1387845】
2021-07-22 01:54:42 GSD getOne 第 1 次 等待 3 秒
2021-07-22 01:54:45 查询号码 【1387845】，返回信息 {"status":"bad","msg":""}
2021-07-22 01:54:46 查询号码 【1387845】，GSD为【""】
2021-07-22 01:54:46 bad
2021-07-22 01:54:46 CHB 1387845?1626890086 第 1 次 等待 3 秒
2021-07-22 01:54:49 CHB 1387845?1626890086 第 1 次 未获取到 等待 19 秒 下次操作: 2021-07-22 01:55:08
2021-07-22 01:55:09 CHB 1387845?1626890108 第 2 次 等待 3 秒
2021-07-22 01:55:12 CHB 1387845?1626890108 第 2 次 未获取到 等待 19 秒 下次操作: 2021-07-22 01:55:31
2021-07-22 01:55:31 CHB 1387845?1626890131 第 3 次 等待 3 秒
2021-07-22 01:55:34 CHB 1387845?1626890131 第 3 次 跳过号码【1387845】
2021-07-22 01:55:34 未获取到号码【1387845】源码
2021-07-22 01:55:34 获取到号码【1387845】的GSD为【-】
2021-07-22 01:55:37 GSD insert 第 1 次 等待 3 秒
2021-07-22 01:55:40 {"status":"ok","gid":350901,"msg":"添加成功！"}
2021-07-22 01:55:40 下次操作: 2021-07-22 01:56:01

2021-07-22 01:56:01 开始第 39 次操作

2021-07-22 01:56:01 开始操作号码 【1387844】
2021-07-22 01:56:04 GSD getOne 第 1 次 等待 3 秒
2021-07-22 01:56:07 查询号码 【1387844】，返回信息 {"status":"ok","msg":"广西-贺州","gid":"11664","time_insert":"2018-06-12 15:41","time_update":"2020-12-18 05:06"}
2021-07-22 01:56:07 查询号码 【1387844】，GSD为【"广西-贺州"】

2021-07-22 01:56:07 开始第 39 次操作

2021-07-22 01:56:07 开始操作号码 【1387843】
2021-07-22 01:56:10 GSD getOne 第 1 次 等待 3 秒
2021-07-22 01:56:13 查询号码 【1387843】，返回信息 {"status":"bad","msg":""}
2021-07-22 01:56:13 查询号码 【1387843】，GSD为【""】
2021-07-22 01:56:13 bad
2021-07-22 01:56:14 CHB 1387843?1626890173 第 1 次 等待 3 秒
2021-07-22 01:56:17 CHB 1387843?1626890173 第 1 次 未获取到 等待 13 秒 下次操作: 2021-07-22 01:56:30
2021-07-22 01:56:30 CHB 1387843?1626890190 第 2 次 等待 3 秒
2021-07-22 01:56:33 CHB 1387843?1626890190 第 2 次 未获取到 等待 21 秒 下次操作: 2021-07-22 01:56:54
2021-07-22 01:56:55 CHB 1387843?1626890214 第 3 次 等待 3 秒
2021-07-22 01:56:58 CHB 1387843?1626890214 第 3 次 跳过号码【1387843】
2021-07-22 01:56:58 未获取到号码【1387843】源码
2021-07-22 01:56:58 获取到号码【1387843】的GSD为【-】
2021-07-22 01:57:01 GSD insert 第 1 次 等待 3 秒
2021-07-22 01:57:04 {"status":"ok","gid":350914,"msg":"添加成功！"}
2021-07-22 01:57:04 下次操作: 2021-07-22 01:57:21

2021-07-22 01:57:21 开始第 40 次操作

2021-07-22 01:57:21 开始操作号码 【1387842】
2021-07-22 01:57:24 GSD getOne 第 1 次 等待 3 秒
2021-07-22 01:57:27 查询号码 【1387842】，返回信息 {"status":"bad","msg":""}
2021-07-22 01:57:27 查询号码 【1387842】，GSD为【""】
2021-07-22 01:57:27 bad
2021-07-22 01:57:27 CHB 1387842?1626890247 第 1 次 等待 3 秒
2021-07-22 01:57:30 CHB 1387842?1626890247 第 1 次 未获取到 等待 15 秒 下次操作: 2021-07-22 01:57:45
2021-07-22 01:57:46 CHB 1387842?1626890265 第 2 次 等待 3 秒
2021-07-22 01:57:49 CHB 1387842?1626890265 第 2 次 未获取到 等待 14 秒 下次操作: 2021-07-22 01:58:03
2021-07-22 01:58:03 CHB 1387842?1626890283 第 3 次 等待 3 秒
2021-07-22 01:58:06 CHB 1387842?1626890283 第 3 次 跳过号码【1387842】
2021-07-22 01:58:06 未获取到号码【1387842】源码
2021-07-22 01:58:06 获取到号码【1387842】的GSD为【-】
2021-07-22 01:58:09 GSD insert 第 1 次 等待 3 秒
2021-07-22 01:58:12 {"status":"ok","gid":350926,"msg":"添加成功！"}

