2024-02-22 00:20:57 开始第 4973 次操作

2024-02-22 00:20:57 开始操作号码 【1744891】
2024-02-22 00:21:01 GSD getOne 第 1 次 等待 3 秒
2024-02-22 00:21:04 查询号码 【1744891】，返回信息 {"status":"ok","msg":"-","gid":"208090","time_insert":"2021-07-06 18:47"}
2024-02-22 00:21:04 查询号码 【1744891】，GSD为【"-"】
2024-02-22 00:21:04 ok && -
2024-02-22 00:21:06 CHB 1744891?1708532464 第 1 次 等待 3 秒
2024-02-22 00:21:09 CHB 1744891?1708532464 第 1 次 获取到号码【1744891】GSD
2024-02-22 00:21:09 未获取到号码【1744891】GSD，可能号码格式错误
2024-02-22 00:21:09 获取到号码【1744891】的GSD为【-】
2024-02-22 00:21:14 GSD insert 第 1 次 等待 3 秒
2024-02-22 00:21:17 {"status":"bad","gid":"208090","msg":"添加失败！号码【1744891(-|-)】已存在！"}
2024-02-22 00:21:17 随机等待 141 秒，约 2 分钟
2024-02-22 00:21:17 下次操作: 2024-02-22 00:23:38

2024-02-22 00:23:38 开始第 4974 次操作

2024-02-22 00:23:38 开始操作号码 【1744892】
2024-02-22 00:23:42 GSD getOne 第 1 次 等待 3 秒
2024-02-22 00:23:45 查询号码 【1744892】，返回信息 {"status":"ok","msg":"-","gid":"208102","time_insert":"2021-07-06 18:48"}
2024-02-22 00:23:45 查询号码 【1744892】，GSD为【"-"】
2024-02-22 00:23:45 ok && -
2024-02-22 00:23:47 CHB 1744892?1708532625 第 1 次 等待 3 秒
2024-02-22 00:23:50 CHB 1744892?1708532625 第 1 次 获取到号码【1744892】GSD
2024-02-22 00:23:50 未获取到号码【1744892】GSD，可能号码格式错误
2024-02-22 00:23:50 获取到号码【1744892】的GSD为【-】
2024-02-22 00:23:56 GSD insert 第 1 次 等待 3 秒
2024-02-22 00:23:59 {"status":"bad","gid":"208102","msg":"添加失败！号码【1744892(-|-)】已存在！"}
2024-02-22 00:23:59 随机等待 190 秒，约 3 分钟
2024-02-22 00:23:59 下次操作: 2024-02-22 00:27:09

2024-02-22 00:27:09 开始第 4975 次操作

2024-02-22 00:27:09 开始操作号码 【1744893】
2024-02-22 00:27:16 GSD getOne 第 1 次 等待 3 秒
2024-02-22 00:27:19 查询号码 【1744893】，返回信息 {"status":"ok","msg":"-","gid":"208112","time_insert":"2021-07-06 18:48"}
2024-02-22 00:27:19 查询号码 【1744893】，GSD为【"-"】
2024-02-22 00:27:19 ok && -
2024-02-22 00:27:21 CHB 1744893?1708532839 第 1 次 等待 3 秒
2024-02-22 00:27:24 CHB 1744893?1708532839 第 1 次 获取到号码【1744893】GSD
2024-02-22 00:27:24 未获取到号码【1744893】GSD，可能号码格式错误
2024-02-22 00:27:24 获取到号码【1744893】的GSD为【-】
2024-02-22 00:27:29 GSD insert 第 1 次 等待 3 秒
2024-02-22 00:27:32 {"status":"bad","gid":"208112","msg":"添加失败！号码【1744893(-|-)】已存在！"}
2024-02-22 00:27:32 随机等待 212 秒，约 3 分钟
2024-02-22 00:27:32 下次操作: 2024-02-22 00:31:04

2024-02-22 00:31:04 开始第 4976 次操作

2024-02-22 00:31:04 开始操作号码 【1744894】
2024-02-22 00:31:09 GSD getOne 第 1 次 等待 3 秒
2024-02-22 00:31:12 查询号码 【1744894】，返回信息 {"status":"ok","msg":"-","gid":"208122","time_insert":"2021-07-06 18:49"}
2024-02-22 00:31:12 查询号码 【1744894】，GSD为【"-"】
2024-02-22 00:31:12 ok && -
2024-02-22 00:31:13 CHB 1744894?1708533072 第 1 次 等待 3 秒
2024-02-22 00:31:16 CHB 1744894?1708533072 第 1 次 获取到号码【1744894】GSD
2024-02-22 00:31:16 未获取到号码【1744894】GSD，可能号码格式错误
2024-02-22 00:31:16 获取到号码【1744894】的GSD为【-】
2024-02-22 00:31:21 GSD insert 第 1 次 等待 3 秒
2024-02-22 00:31:24 {"status":"bad","gid":"208122","msg":"添加失败！号码【1744894(-|-)】已存在！"}

2024-02-22 00:38:49 开始第 4977 次操作

2024-02-22 00:38:49 开始操作号码 【1744895】
2024-02-22 00:38:56 GSD getOne 第 1 次 等待 3 秒
2024-02-22 00:38:59 查询号码 【1744895】，返回信息 {"status":"ok","msg":"-","gid":"208131","time_insert":"2021-07-06 18:49"}
2024-02-22 00:38:59 查询号码 【1744895】，GSD为【"-"】
2024-02-22 00:38:59 ok && -
2024-02-22 00:39:01 CHB 1744895?1708533539 第 1 次 等待 3 秒
2024-02-22 00:39:04 CHB 1744895?1708533539 第 1 次 获取到号码【1744895】GSD
2024-02-22 00:39:04 未获取到号码【1744895】GSD，可能号码格式错误
2024-02-22 00:39:04 获取到号码【1744895】的GSD为【-】
2024-02-22 00:39:11 GSD insert 第 1 次 等待 3 秒
2024-02-22 00:39:14 {"status":"bad","gid":"208131","msg":"添加失败！号码【1744895(-|-)】已存在！"}
2024-02-22 00:39:14 随机等待 232 秒，约 3 分钟
2024-02-22 00:39:14 下次操作: 2024-02-22 00:43:06

2024-02-22 00:43:06 开始第 4978 次操作

2024-02-22 00:43:06 开始操作号码 【1744896】
2024-02-22 00:43:11 GSD getOne 第 1 次 等待 3 秒
2024-02-22 00:43:14 查询号码 【1744896】，返回信息 {"status":"ok","msg":"-","gid":"208143","time_insert":"2021-07-06 18:50"}
2024-02-22 00:43:14 查询号码 【1744896】，GSD为【"-"】
2024-02-22 00:43:14 ok && -
2024-02-22 00:43:16 CHB 1744896?1708533794 第 1 次 等待 3 秒
2024-02-22 00:43:19 CHB 1744896?1708533794 第 1 次 获取到号码【1744896】GSD
2024-02-22 00:43:19 未获取到号码【1744896】GSD，可能号码格式错误
2024-02-22 00:43:19 获取到号码【1744896】的GSD为【-】
2024-02-22 00:43:25 GSD insert 第 1 次 等待 3 秒
2024-02-22 00:43:28 {"status":"bad","gid":"208143","msg":"添加失败！号码【1744896(-|-)】已存在！"}
2024-02-22 00:43:28 随机等待 83 秒，约 1 分钟
2024-02-22 00:43:28 下次操作: 2024-02-22 00:44:51

2024-02-22 00:44:51 开始第 4979 次操作

2024-02-22 00:44:51 开始操作号码 【1744897】
2024-02-22 00:44:56 GSD getOne 第 1 次 等待 3 秒
2024-02-22 00:44:59 查询号码 【1744897】，返回信息 {"status":"ok","msg":"-","gid":"208151","time_insert":"2021-07-06 18:50"}
2024-02-22 00:44:59 查询号码 【1744897】，GSD为【"-"】
2024-02-22 00:44:59 ok && -
2024-02-22 00:45:02 CHB 1744897?1708533899 第 1 次 等待 3 秒
2024-02-22 00:45:05 CHB 1744897?1708533899 第 1 次 获取到号码【1744897】GSD
2024-02-22 00:45:05 未获取到号码【1744897】GSD，可能号码格式错误
2024-02-22 00:45:05 获取到号码【1744897】的GSD为【-】
2024-02-22 00:45:09 GSD insert 第 1 次 等待 3 秒
2024-02-22 00:45:12 {"status":"bad","gid":"208151","msg":"添加失败！号码【1744897(-|-)】已存在！"}
2024-02-22 00:45:12 随机等待 115 秒，约 1 分钟
2024-02-22 00:45:12 下次操作: 2024-02-22 00:47:07

2024-02-22 00:47:07 开始第 4980 次操作

2024-02-22 00:47:07 开始操作号码 【1744898】
2024-02-22 00:47:15 GSD getOne 第 1 次 等待 3 秒
2024-02-22 00:47:18 查询号码 【1744898】，返回信息 {"status":"ok","msg":"-","gid":"208156","time_insert":"2021-07-06 18:51"}
2024-02-22 00:47:18 查询号码 【1744898】，GSD为【"-"】
2024-02-22 00:47:18 ok && -
2024-02-22 00:47:20 CHB 1744898?1708534038 第 1 次 等待 3 秒
2024-02-22 00:47:23 CHB 1744898?1708534038 第 1 次 获取到号码【1744898】GSD
2024-02-22 00:47:23 未获取到号码【1744898】GSD，可能号码格式错误
2024-02-22 00:47:23 获取到号码【1744898】的GSD为【-】
2024-02-22 00:47:29 GSD insert 第 1 次 等待 3 秒
2024-02-22 00:47:32 {"status":"bad","gid":"208156","msg":"添加失败！号码【1744898(-|-)】已存在！"}

