2024-09-17 00:13:03 开始第 5041 次操作

2024-09-17 00:13:03 开始操作号码 【1415038】
2024-09-17 00:13:12 GSD getOne 第 1 次 等待 3 秒
2024-09-17 00:13:15 查询号码 【1415038】，返回信息 {"status":"ok","msg":"-","gid":"621035","time_insert":"2023-03-29 03:23"}
2024-09-17 00:13:16 查询号码 【1415038】，GSD为【"-"】
2024-09-17 00:13:16 ok && -
2024-09-17 00:13:18 CHB 1415038?1726503196 第 1 次 等待 3 秒
2024-09-17 00:13:21 CHB 1415038?1726503196 第 1 次 获取到号码【1415038】GSD
2024-09-17 00:13:21 未获取到号码【1415038】GSD，可能号码格式错误
2024-09-17 00:13:21 获取到号码【1415038】的GSD为【-】
2024-09-17 00:13:29 GSD insert 第 1 次 等待 3 秒
2024-09-17 00:13:32 {"status":"bad","gid":"621035","msg":"添加失败！号码【1415038(-|-)】已存在！"}
2024-09-17 00:13:32 随机等待 160 秒，约 2 分钟
2024-09-17 00:13:32 下次操作: 2024-09-17 00:16:12

2024-09-17 00:16:12 开始第 5042 次操作

2024-09-17 00:16:12 开始操作号码 【1415039】
2024-09-17 00:16:21 GSD getOne 第 1 次 等待 3 秒
2024-09-17 00:16:24 查询号码 【1415039】，返回信息 {"status":"ok","msg":"-","gid":"621044","time_insert":"2023-03-29 03:33"}
2024-09-17 00:16:24 查询号码 【1415039】，GSD为【"-"】
2024-09-17 00:16:24 ok && -
2024-09-17 00:16:26 CHB 1415039?1726503384 第 1 次 等待 3 秒
2024-09-17 00:16:29 CHB 1415039?1726503384 第 1 次 获取到号码【1415039】GSD
2024-09-17 00:16:29 未获取到号码【1415039】GSD，可能号码格式错误
2024-09-17 00:16:29 获取到号码【1415039】的GSD为【-】
2024-09-17 00:16:37 GSD insert 第 1 次 等待 3 秒
2024-09-17 00:16:40 {"status":"bad","gid":"621044","msg":"添加失败！号码【1415039(-|-)】已存在！"}
2024-09-17 00:16:40 随机等待 157 秒，约 2 分钟
2024-09-17 00:16:40 下次操作: 2024-09-17 00:19:17

2024-09-17 00:19:17 开始第 5043 次操作

2024-09-17 00:19:17 开始操作号码 【1415040】
2024-09-17 00:19:25 GSD getOne 第 1 次 等待 3 秒
2024-09-17 00:19:28 查询号码 【1415040】，返回信息 {"status":"ok","msg":"-","gid":"621060","time_insert":"2023-03-29 03:51"}
2024-09-17 00:19:28 查询号码 【1415040】，GSD为【"-"】
2024-09-17 00:19:28 ok && -
2024-09-17 00:19:30 CHB 1415040?1726503568 第 1 次 等待 3 秒
2024-09-17 00:19:33 CHB 1415040?1726503568 第 1 次 获取到号码【1415040】GSD
2024-09-17 00:19:33 未获取到号码【1415040】GSD，可能号码格式错误
2024-09-17 00:19:33 获取到号码【1415040】的GSD为【-】
2024-09-17 00:19:41 GSD insert 第 1 次 等待 3 秒
2024-09-17 00:19:44 {"status":"bad","gid":"621060","msg":"添加失败！号码【1415040(-|-)】已存在！"}
2024-09-17 00:19:44 随机等待 188 秒，约 3 分钟
2024-09-17 00:19:44 下次操作: 2024-09-17 00:22:52

2024-09-17 00:22:52 开始第 5044 次操作

2024-09-17 00:22:52 开始操作号码 【1415041】
2024-09-17 00:23:00 GSD getOne 第 1 次 等待 3 秒
2024-09-17 00:23:03 查询号码 【1415041】，返回信息 {"status":"ok","msg":"-","gid":"621074","time_insert":"2023-03-29 04:03"}
2024-09-17 00:23:03 查询号码 【1415041】，GSD为【"-"】
2024-09-17 00:23:03 ok && -
2024-09-17 00:23:05 CHB 1415041?1726503783 第 1 次 等待 3 秒
2024-09-17 00:23:08 CHB 1415041?1726503783 第 1 次 获取到号码【1415041】GSD
2024-09-17 00:23:08 未获取到号码【1415041】GSD，可能号码格式错误
2024-09-17 00:23:08 获取到号码【1415041】的GSD为【-】
2024-09-17 00:23:16 GSD insert 第 1 次 等待 3 秒
2024-09-17 00:23:19 {"status":"bad","gid":"621074","msg":"添加失败！号码【1415041(-|-)】已存在！"}

2024-09-17 00:43:13 开始第 5045 次操作

2024-09-17 00:43:13 开始操作号码 【1415042】
2024-09-17 00:43:29 GSD getOne 第 1 次 等待 3 秒
2024-09-17 00:43:32 查询号码 【1415042】，返回信息 {"status":"ok","msg":"-","gid":"621086","time_insert":"2023-03-29 04:19"}
2024-09-17 00:43:32 查询号码 【1415042】，GSD为【"-"】
2024-09-17 00:43:32 ok && -
2024-09-17 00:43:35 CHB 1415042?1726505012 第 1 次 等待 3 秒
2024-09-17 00:43:38 CHB 1415042?1726505012 第 1 次 获取到号码【1415042】GSD
2024-09-17 00:43:38 未获取到号码【1415042】GSD，可能号码格式错误
2024-09-17 00:43:38 获取到号码【1415042】的GSD为【-】
2024-09-17 00:43:46 GSD insert 第 1 次 等待 3 秒
2024-09-17 00:43:49 {"status":"bad","gid":"621086","msg":"添加失败！号码【1415042(-|-)】已存在！"}
2024-09-17 00:43:49 随机等待 99 秒，约 1 分钟
2024-09-17 00:43:49 下次操作: 2024-09-17 00:45:28

2024-09-17 00:45:28 开始第 5046 次操作

2024-09-17 00:45:28 开始操作号码 【1415043】
2024-09-17 00:45:36 GSD getOne 第 1 次 等待 3 秒
2024-09-17 00:45:39 查询号码 【1415043】，返回信息 {"status":"ok","msg":"-","gid":"621101","time_insert":"2023-03-29 04:35"}
2024-09-17 00:45:39 查询号码 【1415043】，GSD为【"-"】
2024-09-17 00:45:39 ok && -
2024-09-17 00:45:40 CHB 1415043?1726505139 第 1 次 等待 3 秒
2024-09-17 00:45:43 CHB 1415043?1726505139 第 1 次 获取到号码【1415043】GSD
2024-09-17 00:45:44 未获取到号码【1415043】GSD，可能号码格式错误
2024-09-17 00:45:44 获取到号码【1415043】的GSD为【-】
2024-09-17 00:45:53 GSD insert 第 1 次 等待 3 秒
2024-09-17 00:45:56 {"status":"bad","gid":"621101","msg":"添加失败！号码【1415043(-|-)】已存在！"}
2024-09-17 00:45:56 随机等待 190 秒，约 3 分钟
2024-09-17 00:45:56 下次操作: 2024-09-17 00:49:06

2024-09-17 00:49:06 开始第 5047 次操作

2024-09-17 00:49:06 开始操作号码 【1415044】
2024-09-17 00:49:14 GSD getOne 第 1 次 等待 3 秒
2024-09-17 00:49:17 查询号码 【1415044】，返回信息 {"status":"ok","msg":"-","gid":"621111","time_insert":"2023-03-29 04:46"}
2024-09-17 00:49:17 查询号码 【1415044】，GSD为【"-"】
2024-09-17 00:49:17 ok && -
2024-09-17 00:49:19 CHB 1415044?1726505357 第 1 次 等待 3 秒
2024-09-17 00:49:22 CHB 1415044?1726505357 第 1 次 获取到号码【1415044】GSD
2024-09-17 00:49:22 未获取到号码【1415044】GSD，可能号码格式错误
2024-09-17 00:49:22 获取到号码【1415044】的GSD为【-】
2024-09-17 00:49:29 GSD insert 第 1 次 等待 3 秒
2024-09-17 00:49:32 {"status":"bad","gid":"621111","msg":"添加失败！号码【1415044(-|-)】已存在！"}
2024-09-17 00:49:32 随机等待 198 秒，约 3 分钟
2024-09-17 00:49:32 下次操作: 2024-09-17 00:52:50

2024-09-17 00:52:50 开始第 5048 次操作

2024-09-17 00:52:50 开始操作号码 【1415045】
2024-09-17 00:52:59 GSD getOne 第 1 次 等待 3 秒
2024-09-17 00:53:02 查询号码 【1415045】，返回信息 {"status":"ok","msg":"-","gid":"621123","time_insert":"2023-03-29 05:00"}
2024-09-17 00:53:02 查询号码 【1415045】，GSD为【"-"】
2024-09-17 00:53:02 ok && -
2024-09-17 00:53:04 CHB 1415045?1726505582 第 1 次 等待 3 秒
2024-09-17 00:53:07 CHB 1415045?1726505582 第 1 次 获取到号码【1415045】GSD
2024-09-17 00:53:07 未获取到号码【1415045】GSD，可能号码格式错误
2024-09-17 00:53:07 获取到号码【1415045】的GSD为【-】
2024-09-17 00:53:15 GSD insert 第 1 次 等待 3 秒
2024-09-17 00:53:18 {"status":"bad","gid":"621123","msg":"添加失败！号码【1415045(-|-)】已存在！"}

2024-09-17 01:09:28 开始第 5049 次操作

2024-09-17 01:09:28 开始操作号码 【1415046】
2024-09-17 01:09:36 GSD getOne 第 1 次 等待 3 秒
2024-09-17 01:09:39 查询号码 【1415046】，返回信息 {"status":"ok","msg":"-","gid":"621142","time_insert":"2023-03-29 05:21"}
2024-09-17 01:09:39 查询号码 【1415046】，GSD为【"-"】
2024-09-17 01:09:39 ok && -
2024-09-17 01:09:40 CHB 1415046?1726506579 第 1 次 等待 3 秒
2024-09-17 01:09:43 CHB 1415046?1726506579 第 1 次 获取到号码【1415046】GSD
2024-09-17 01:09:43 未获取到号码【1415046】GSD，可能号码格式错误
2024-09-17 01:09:43 获取到号码【1415046】的GSD为【-】
2024-09-17 01:09:51 GSD insert 第 1 次 等待 3 秒
2024-09-17 01:09:54 {"status":"bad","gid":"621142","msg":"添加失败！号码【1415046(-|-)】已存在！"}
2024-09-17 01:09:54 随机等待 220 秒，约 3 分钟
2024-09-17 01:09:54 下次操作: 2024-09-17 01:13:34

2024-09-17 01:13:34 开始第 5050 次操作

2024-09-17 01:13:34 开始操作号码 【1415047】
2024-09-17 01:13:42 GSD getOne 第 1 次 等待 3 秒
2024-09-17 01:13:45 查询号码 【1415047】，返回信息 {"status":"ok","msg":"-","gid":"621159","time_insert":"2023-03-29 05:38"}
2024-09-17 01:13:45 查询号码 【1415047】，GSD为【"-"】
2024-09-17 01:13:45 ok && -
2024-09-17 01:13:48 CHB 1415047?1726506825 第 1 次 等待 3 秒
2024-09-17 01:13:51 CHB 1415047?1726506825 第 1 次 获取到号码【1415047】GSD
2024-09-17 01:13:51 未获取到号码【1415047】GSD，可能号码格式错误
2024-09-17 01:13:51 获取到号码【1415047】的GSD为【-】
2024-09-17 01:13:58 GSD insert 第 1 次 等待 3 秒
2024-09-17 01:14:01 {"status":"bad","gid":"621159","msg":"添加失败！号码【1415047(-|-)】已存在！"}
2024-09-17 01:14:01 随机等待 78 秒，约 1 分钟
2024-09-17 01:14:01 下次操作: 2024-09-17 01:15:19

2024-09-17 01:15:19 开始第 5051 次操作

2024-09-17 01:15:19 开始操作号码 【1415048】
2024-09-17 01:15:28 GSD getOne 第 1 次 等待 3 秒
2024-09-17 01:15:31 查询号码 【1415048】，返回信息 {"status":"ok","msg":"-","gid":"621172","time_insert":"2023-03-29 05:51"}
2024-09-17 01:15:31 查询号码 【1415048】，GSD为【"-"】
2024-09-17 01:15:31 ok && -
2024-09-17 01:15:32 CHB 1415048?1726506931 第 1 次 等待 3 秒
2024-09-17 01:15:35 CHB 1415048?1726506931 第 1 次 获取到号码【1415048】GSD
2024-09-17 01:15:35 未获取到号码【1415048】GSD，可能号码格式错误
2024-09-17 01:15:35 获取到号码【1415048】的GSD为【-】
2024-09-17 01:15:42 GSD insert 第 1 次 等待 3 秒
2024-09-17 01:15:45 {"status":"bad","gid":"621172","msg":"添加失败！号码【1415048(-|-)】已存在！"}
2024-09-17 01:15:45 随机等待 80 秒，约 1 分钟
2024-09-17 01:15:45 下次操作: 2024-09-17 01:17:05

2024-09-17 01:17:05 开始第 5052 次操作

2024-09-17 01:17:05 开始操作号码 【1415049】
2024-09-17 01:17:13 GSD getOne 第 1 次 等待 3 秒
2024-09-17 01:17:16 查询号码 【1415049】，返回信息 {"status":"ok","msg":"-","gid":"621186","time_insert":"2023-03-29 06:12"}
2024-09-17 01:17:16 查询号码 【1415049】，GSD为【"-"】
2024-09-17 01:17:16 ok && -
2024-09-17 01:17:17 CHB 1415049?1726507036 第 1 次 等待 3 秒
2024-09-17 01:17:20 CHB 1415049?1726507036 第 1 次 获取到号码【1415049】GSD
2024-09-17 01:17:20 未获取到号码【1415049】GSD，可能号码格式错误
2024-09-17 01:17:20 获取到号码【1415049】的GSD为【-】
2024-09-17 01:17:28 GSD insert 第 1 次 等待 3 秒
2024-09-17 01:17:31 {"status":"bad","gid":"621186","msg":"添加失败！号码【1415049(-|-)】已存在！"}

