2024-02-06 00:19:47 开始第 2117 次操作

2024-02-06 00:19:47 开始操作号码 【1742035】
2024-02-06 00:19:51 GSD getOne 第 1 次 等待 3 秒
2024-02-06 00:19:54 查询号码 【1742035】，返回信息 {"status":"ok","msg":"-","gid":"154936","time_insert":"2021-06-29 17:05"}
2024-02-06 00:19:54 查询号码 【1742035】，GSD为【"-"】
2024-02-06 00:19:54 ok && -
2024-02-06 00:19:56 CHB 1742035?1707149994 第 1 次 等待 3 秒
2024-02-06 00:19:59 CHB 1742035?1707149994 第 1 次 获取到号码【1742035】GSD
2024-02-06 00:19:59 未获取到号码【1742035】GSD，可能号码格式错误
2024-02-06 00:19:59 获取到号码【1742035】的GSD为【-】
2024-02-06 00:20:03 GSD insert 第 1 次 等待 3 秒
2024-02-06 00:20:06 {"status":"bad","gid":"154936","msg":"添加失败！号码【1742035(-|-)】已存在！"}
2024-02-06 00:20:06 随机等待 120 秒，约 2 分钟
2024-02-06 00:20:06 下次操作: 2024-02-06 00:22:06

2024-02-06 00:22:06 开始第 2118 次操作

2024-02-06 00:22:06 开始操作号码 【1742036】
2024-02-06 00:22:10 GSD getOne 第 1 次 等待 3 秒
2024-02-06 00:22:13 查询号码 【1742036】，返回信息 {"status":"ok","msg":"-","gid":"154940","time_insert":"2021-06-29 17:05"}
2024-02-06 00:22:13 查询号码 【1742036】，GSD为【"-"】
2024-02-06 00:22:13 ok && -
2024-02-06 00:22:15 CHB 1742036?1707150133 第 1 次 等待 3 秒
2024-02-06 00:22:18 CHB 1742036?1707150133 第 1 次 获取到号码【1742036】GSD
2024-02-06 00:22:18 未获取到号码【1742036】GSD，可能号码格式错误
2024-02-06 00:22:18 获取到号码【1742036】的GSD为【-】
2024-02-06 00:22:22 GSD insert 第 1 次 等待 3 秒
2024-02-06 00:22:25 {"status":"bad","gid":"154940","msg":"添加失败！号码【1742036(-|-)】已存在！"}
2024-02-06 00:22:25 随机等待 184 秒，约 3 分钟
2024-02-06 00:22:25 下次操作: 2024-02-06 00:25:29

2024-02-06 00:25:29 开始第 2119 次操作

2024-02-06 00:25:29 开始操作号码 【1742037】
2024-02-06 00:25:33 GSD getOne 第 1 次 等待 3 秒
2024-02-06 00:25:36 查询号码 【1742037】，返回信息 {"status":"ok","msg":"-","gid":"154948","time_insert":"2021-06-29 17:06"}
2024-02-06 00:25:36 查询号码 【1742037】，GSD为【"-"】
2024-02-06 00:25:36 ok && -
2024-02-06 00:25:39 CHB 1742037?1707150336 第 1 次 等待 3 秒
2024-02-06 00:25:42 CHB 1742037?1707150336 第 1 次 获取到号码【1742037】GSD
2024-02-06 00:25:42 未获取到号码【1742037】GSD，可能号码格式错误
2024-02-06 00:25:42 获取到号码【1742037】的GSD为【-】
2024-02-06 00:25:47 GSD insert 第 1 次 等待 3 秒
2024-02-06 00:25:50 {"status":"bad","gid":"154948","msg":"添加失败！号码【1742037(-|-)】已存在！"}
2024-02-06 00:25:50 随机等待 228 秒，约 3 分钟
2024-02-06 00:25:50 下次操作: 2024-02-06 00:29:38

2024-02-06 00:29:38 开始第 2120 次操作

2024-02-06 00:29:38 开始操作号码 【1742038】
2024-02-06 00:29:42 GSD getOne 第 1 次 等待 3 秒
2024-02-06 00:29:45 查询号码 【1742038】，返回信息 {"status":"ok","msg":"-","gid":"154955","time_insert":"2021-06-29 17:07"}
2024-02-06 00:29:45 查询号码 【1742038】，GSD为【"-"】
2024-02-06 00:29:45 ok && -
2024-02-06 00:29:47 CHB 1742038?1707150585 第 1 次 等待 3 秒
2024-02-06 00:29:50 CHB 1742038?1707150585 第 1 次 获取到号码【1742038】GSD
2024-02-06 00:29:50 未获取到号码【1742038】GSD，可能号码格式错误
2024-02-06 00:29:50 获取到号码【1742038】的GSD为【-】
2024-02-06 00:29:54 GSD insert 第 1 次 等待 3 秒
2024-02-06 00:29:57 {"status":"bad","gid":"154955","msg":"添加失败！号码【1742038(-|-)】已存在！"}

