2024-09-20 00:12:42 开始第 5577 次操作

2024-09-20 00:12:42 开始操作号码 【1415574】
2024-09-20 00:12:44 GSD getOne 第 1 次 等待 3 秒
2024-09-20 00:12:47 查询号码 【1415574】，返回信息 {"status":"ok","msg":"-","gid":"636823","time_insert":"2023-04-05 21:17"}
2024-09-20 00:12:47 查询号码 【1415574】，GSD为【"-"】
2024-09-20 00:12:47 ok && -
2024-09-20 00:12:49 CHB 1415574?1726762367 第 1 次 等待 3 秒
2024-09-20 00:12:52 CHB 1415574?1726762367 第 1 次 获取到号码【1415574】GSD
2024-09-20 00:12:52 未获取到号码【1415574】GSD，可能号码格式错误
2024-09-20 00:12:52 获取到号码【1415574】的GSD为【-】
2024-09-20 00:13:09 GSD insert 第 1 次 等待 3 秒
2024-09-20 00:13:12 {"status":"bad","gid":"636823","msg":"添加失败！号码【1415574(-|-)】已存在！"}
2024-09-20 00:13:12 随机等待 174 秒，约 2 分钟
2024-09-20 00:13:12 下次操作: 2024-09-20 00:16:06

2024-09-20 00:16:06 开始第 5578 次操作

2024-09-20 00:16:06 开始操作号码 【1415575】
2024-09-20 00:16:08 GSD getOne 第 1 次 等待 3 秒
2024-09-20 00:16:11 查询号码 【1415575】，返回信息 {"status":"ok","msg":"-","gid":"636834","time_insert":"2023-04-05 21:28"}
2024-09-20 00:16:11 查询号码 【1415575】，GSD为【"-"】
2024-09-20 00:16:11 ok && -
2024-09-20 00:16:13 CHB 1415575?1726762571 第 1 次 等待 3 秒
2024-09-20 00:16:16 CHB 1415575?1726762571 第 1 次 获取到号码【1415575】GSD
2024-09-20 00:16:17 未获取到号码【1415575】GSD，可能号码格式错误
2024-09-20 00:16:17 获取到号码【1415575】的GSD为【-】
2024-09-20 00:16:19 GSD insert 第 1 次 等待 3 秒
2024-09-20 00:16:22 {"status":"bad","gid":"636834","msg":"添加失败！号码【1415575(-|-)】已存在！"}
2024-09-20 00:16:22 随机等待 223 秒，约 3 分钟
2024-09-20 00:16:22 下次操作: 2024-09-20 00:20:05

2024-09-20 00:20:05 开始第 5579 次操作

2024-09-20 00:20:05 开始操作号码 【1415576】
2024-09-20 00:20:07 GSD getOne 第 1 次 等待 3 秒
2024-09-20 00:20:10 查询号码 【1415576】，返回信息 {"status":"ok","msg":"-","gid":"636869","time_insert":"2023-04-05 21:51"}
2024-09-20 00:20:10 查询号码 【1415576】，GSD为【"-"】
2024-09-20 00:20:10 ok && -
2024-09-20 00:20:12 CHB 1415576?1726762810 第 1 次 等待 3 秒
2024-09-20 00:20:15 CHB 1415576?1726762810 第 1 次 获取到号码【1415576】GSD
2024-09-20 00:20:15 未获取到号码【1415576】GSD，可能号码格式错误
2024-09-20 00:20:15 获取到号码【1415576】的GSD为【-】
2024-09-20 00:20:18 GSD insert 第 1 次 等待 3 秒
2024-09-20 00:20:21 {"status":"bad","gid":"636869","msg":"添加失败！号码【1415576(-|-)】已存在！"}
2024-09-20 00:20:21 随机等待 202 秒，约 3 分钟
2024-09-20 00:20:21 下次操作: 2024-09-20 00:23:43

2024-09-20 00:23:43 开始第 5580 次操作

2024-09-20 00:23:43 开始操作号码 【1415577】
2024-09-20 00:23:46 GSD getOne 第 1 次 等待 3 秒
2024-09-20 00:23:49 查询号码 【1415577】，返回信息 {"status":"ok","msg":"-","gid":"636889","time_insert":"2023-04-05 22:05"}
2024-09-20 00:23:49 查询号码 【1415577】，GSD为【"-"】
2024-09-20 00:23:49 ok && -
2024-09-20 00:23:51 CHB 1415577?1726763029 第 1 次 等待 3 秒
2024-09-20 00:23:54 CHB 1415577?1726763029 第 1 次 获取到号码【1415577】GSD
2024-09-20 00:23:54 未获取到号码【1415577】GSD，可能号码格式错误
2024-09-20 00:23:54 获取到号码【1415577】的GSD为【-】
2024-09-20 00:23:56 GSD insert 第 1 次 等待 3 秒
2024-09-20 00:23:59 {"status":"bad","gid":"636889","msg":"添加失败！号码【1415577(-|-)】已存在！"}

