2024-01-22 00:20:59 开始第 9909 次操作

2024-01-22 00:20:59 开始操作号码 【1859828】
2024-01-22 00:21:03 GSD getOne 第 1 次 等待 3 秒
2024-01-22 00:21:06 查询号码 【1859828】，返回信息 {"status":"ok","msg":"广东-中山","gid":"404354","time_insert":"2021-07-26 19:03"}
2024-01-22 00:21:06 查询号码 【1859828】，GSD为【"广东-中山"】

2024-01-22 00:21:07 开始第 9910 次操作

2024-01-22 00:21:07 开始操作号码 【1859829】
2024-01-22 00:21:11 GSD getOne 第 1 次 等待 3 秒
2024-01-22 00:21:14 查询号码 【1859829】，返回信息 {"status":"ok","msg":"广东-中山","gid":"404343","time_insert":"2021-07-26 19:03"}
2024-01-22 00:21:14 查询号码 【1859829】，GSD为【"广东-中山"】

2024-01-22 00:21:15 开始第 9911 次操作

2024-01-22 00:21:15 开始操作号码 【1859830】
2024-01-22 00:21:19 GSD getOne 第 1 次 等待 3 秒
2024-01-22 00:21:22 查询号码 【1859830】，返回信息 {"status":"ok","msg":"重庆-重庆","gid":"404333","time_insert":"2021-07-26 19:02"}
2024-01-22 00:21:22 查询号码 【1859830】，GSD为【"重庆-重庆"】

2024-01-22 00:21:23 开始第 9912 次操作

2024-01-22 00:21:23 开始操作号码 【1859831】
2024-01-22 00:21:27 GSD getOne 第 1 次 等待 3 秒
2024-01-22 00:21:30 查询号码 【1859831】，返回信息 {"status":"ok","msg":"重庆-重庆","gid":"404322","time_insert":"2021-07-26 19:02"}
2024-01-22 00:21:30 查询号码 【1859831】，GSD为【"重庆-重庆"】

