2024-06-13 00:23:38 开始第 373 次操作

2024-06-13 00:23:38 开始操作号码 【1520281】
2024-06-13 00:23:53 GSD getOne 第 1 次 等待 3 秒
2024-06-13 00:23:56 查询号码 【1520281】，返回信息 {"status":"ok","msg":"四川-成都","gid":"18667","time_insert":"2015-06-27 20:00","time_update":"2021-05-30 13:21"}
2024-06-13 00:23:57 查询号码 【1520281】，GSD为【"四川-成都"】

2024-06-13 00:23:58 开始第 374 次操作

2024-06-13 00:23:58 开始操作号码 【1520282】
2024-06-13 00:24:11 GSD getOne 第 1 次 等待 3 秒
2024-06-13 00:24:14 查询号码 【1520282】，返回信息 {"status":"ok","msg":"四川-成都","gid":"18668","time_insert":"2017-05-14 16:20","time_update":"2020-10-19 14:33"}
2024-06-13 00:24:14 查询号码 【1520282】，GSD为【"四川-成都"】

2024-06-13 00:24:15 开始第 375 次操作

2024-06-13 00:24:15 开始操作号码 【1520283】
2024-06-13 00:24:25 GSD getOne 第 1 次 等待 3 秒
2024-06-13 00:24:28 查询号码 【1520283】，返回信息 {"status":"ok","msg":"四川-成都","gid":"18669","time_insert":"2016-12-09 15:19","time_update":"2020-10-19 14:37"}
2024-06-13 00:24:28 查询号码 【1520283】，GSD为【"四川-成都"】

2024-06-13 00:24:29 开始第 376 次操作

2024-06-13 00:24:29 开始操作号码 【1520284】
2024-06-13 00:24:36 GSD getOne 第 1 次 等待 3 秒
2024-06-13 00:24:39 查询号码 【1520284】，返回信息 {"status":"ok","msg":"四川-成都","gid":"18670","time_insert":"2017-08-20 22:22","time_update":"2020-10-19 14:41"}
2024-06-13 00:24:39 查询号码 【1520284】，GSD为【"四川-成都"】

2024-06-13 00:41:22 开始第 377 次操作

2024-06-13 00:41:22 开始操作号码 【1520285】
2024-06-13 00:41:30 GSD getOne 第 1 次 等待 3 秒
2024-06-13 00:41:33 查询号码 【1520285】，返回信息 {"status":"ok","msg":"四川-成都","gid":"18671","time_insert":"2014-07-04 09:51","time_update":"2020-10-19 14:45"}
2024-06-13 00:41:33 查询号码 【1520285】，GSD为【"四川-成都"】

2024-06-13 00:41:34 开始第 378 次操作

2024-06-13 00:41:34 开始操作号码 【1520286】
2024-06-13 00:41:41 GSD getOne 第 1 次 等待 3 秒
2024-06-13 00:41:44 查询号码 【1520286】，返回信息 {"status":"ok","msg":"四川-成都","gid":"18672","time_insert":"2018-12-15 15:21","time_update":"2020-10-19 14:49"}
2024-06-13 00:41:44 查询号码 【1520286】，GSD为【"四川-成都"】

2024-06-13 00:41:45 开始第 379 次操作

2024-06-13 00:41:45 开始操作号码 【1520287】
2024-06-13 00:41:54 GSD getOne 第 1 次 等待 3 秒
2024-06-13 00:41:57 查询号码 【1520287】，返回信息 {"status":"ok","msg":"四川-成都","gid":"18673","time_insert":"2018-11-04 20:54","time_update":"2020-10-19 14:50"}
2024-06-13 00:41:57 查询号码 【1520287】，GSD为【"四川-成都"】

2024-06-13 00:41:58 开始第 380 次操作

2024-06-13 00:41:58 开始操作号码 【1520288】
2024-06-13 00:42:05 GSD getOne 第 1 次 等待 3 秒
2024-06-13 00:42:08 查询号码 【1520288】，返回信息 {"status":"ok","msg":"四川-成都","gid":"18674","time_insert":"2017-05-30 14:16","time_update":"2020-10-19 14:54"}
2024-06-13 00:42:08 查询号码 【1520288】，GSD为【"四川-成都"】

