2024-09-28 00:12:58 开始第 6969 次操作

2024-09-28 00:12:58 开始操作号码 【1416966】
2024-09-28 00:13:01 GSD getOne 第 1 次 等待 3 秒
2024-09-28 00:13:04 查询号码 【1416966】，返回信息 {"status":"ok","msg":"-","gid":"669434","time_insert":"2023-04-21 21:35"}
2024-09-28 00:13:04 查询号码 【1416966】，GSD为【"-"】
2024-09-28 00:13:04 ok && -
2024-09-28 00:13:05 CHB 1416966?1727453584 第 1 次 等待 3 秒
2024-09-28 00:13:08 CHB 1416966?1727453584 第 1 次 获取到号码【1416966】GSD
2024-09-28 00:13:08 未获取到号码【1416966】GSD，可能号码格式错误
2024-09-28 00:13:08 获取到号码【1416966】的GSD为【-】
2024-09-28 00:13:12 GSD insert 第 1 次 等待 3 秒
2024-09-28 00:13:15 {"status":"bad","gid":"669434","msg":"添加失败！号码【1416966(-|-)】已存在！"}
2024-09-28 00:13:15 随机等待 180 秒，约 3 分钟
2024-09-28 00:13:15 下次操作: 2024-09-28 00:16:15

2024-09-28 00:16:15 开始第 6970 次操作

2024-09-28 00:16:15 开始操作号码 【1416967】
2024-09-28 00:16:17 GSD getOne 第 1 次 等待 3 秒
2024-09-28 00:16:20 查询号码 【1416967】，返回信息 {"status":"ok","msg":"-","gid":"669461","time_insert":"2023-04-21 21:51"}
2024-09-28 00:16:20 查询号码 【1416967】，GSD为【"-"】
2024-09-28 00:16:20 ok && -
2024-09-28 00:16:22 CHB 1416967?1727453780 第 1 次 等待 3 秒
2024-09-28 00:16:25 CHB 1416967?1727453780 第 1 次 获取到号码【1416967】GSD
2024-09-28 00:16:25 未获取到号码【1416967】GSD，可能号码格式错误
2024-09-28 00:16:25 获取到号码【1416967】的GSD为【-】
2024-09-28 00:16:28 GSD insert 第 1 次 等待 3 秒
2024-09-28 00:16:31 {"status":"bad","gid":"669461","msg":"添加失败！号码【1416967(-|-)】已存在！"}
2024-09-28 00:16:31 随机等待 225 秒，约 3 分钟
2024-09-28 00:16:31 下次操作: 2024-09-28 00:20:16

2024-09-28 00:20:16 开始第 6971 次操作

2024-09-28 00:20:16 开始操作号码 【1416968】
2024-09-28 00:20:19 GSD getOne 第 1 次 等待 3 秒
2024-09-28 00:20:22 查询号码 【1416968】，返回信息 {"status":"ok","msg":"-","gid":"669483","time_insert":"2023-04-21 22:04"}
2024-09-28 00:20:22 查询号码 【1416968】，GSD为【"-"】
2024-09-28 00:20:22 ok && -
2024-09-28 00:20:25 CHB 1416968?1727454022 第 1 次 等待 3 秒
2024-09-28 00:20:28 CHB 1416968?1727454022 第 1 次 获取到号码【1416968】GSD
2024-09-28 00:20:28 未获取到号码【1416968】GSD，可能号码格式错误
2024-09-28 00:20:28 获取到号码【1416968】的GSD为【-】
2024-09-28 00:20:30 GSD insert 第 1 次 等待 3 秒
2024-09-28 00:20:33 {"status":"bad","gid":"669483","msg":"添加失败！号码【1416968(-|-)】已存在！"}
2024-09-28 00:20:33 随机等待 143 秒，约 2 分钟
2024-09-28 00:20:33 下次操作: 2024-09-28 00:22:56

2024-09-28 00:22:56 开始第 6972 次操作

2024-09-28 00:22:56 开始操作号码 【1416969】
2024-09-28 00:22:59 GSD getOne 第 1 次 等待 3 秒
2024-09-28 00:23:02 查询号码 【1416969】，返回信息 {"status":"ok","msg":"-","gid":"669511","time_insert":"2023-04-21 22:25"}
2024-09-28 00:23:02 查询号码 【1416969】，GSD为【"-"】
2024-09-28 00:23:02 ok && -
2024-09-28 00:23:04 CHB 1416969?1727454182 第 1 次 等待 3 秒
2024-09-28 00:23:07 CHB 1416969?1727454182 第 1 次 获取到号码【1416969】GSD
2024-09-28 00:23:07 未获取到号码【1416969】GSD，可能号码格式错误
2024-09-28 00:23:07 获取到号码【1416969】的GSD为【-】
2024-09-28 00:23:09 GSD insert 第 1 次 等待 3 秒
2024-09-28 00:23:12 {"status":"bad","gid":"669511","msg":"添加失败！号码【1416969(-|-)】已存在！"}

