2024-02-27 00:20:44 开始第 5865 次操作

2024-02-27 00:20:44 开始操作号码 【1745783】
2024-02-27 00:20:51 GSD getOne 第 1 次 等待 3 秒
2024-02-27 00:20:54 查询号码 【1745783】，返回信息 {"status":"ok","msg":"-","gid":"219929","time_insert":"2021-07-08 05:01"}
2024-02-27 00:20:54 查询号码 【1745783】，GSD为【"-"】
2024-02-27 00:20:54 ok && -
2024-02-27 00:20:57 CHB 1745783?1708964454 第 1 次 等待 3 秒
2024-02-27 00:21:00 CHB 1745783?1708964454 第 1 次 获取到号码【1745783】GSD
2024-02-27 00:21:00 未获取到号码【1745783】GSD，可能号码格式错误
2024-02-27 00:21:00 获取到号码【1745783】的GSD为【-】
2024-02-27 00:21:06 GSD insert 第 1 次 等待 3 秒
2024-02-27 00:21:09 {"status":"bad","gid":"219929","msg":"添加失败！号码【1745783(-|-)】已存在！"}
2024-02-27 00:21:09 随机等待 110 秒，约 1 分钟
2024-02-27 00:21:09 下次操作: 2024-02-27 00:22:59

2024-02-27 00:22:59 开始第 5866 次操作

2024-02-27 00:22:59 开始操作号码 【1745784】
2024-02-27 00:23:04 GSD getOne 第 1 次 等待 3 秒
2024-02-27 00:23:07 查询号码 【1745784】，返回信息 {"status":"ok","msg":"-","gid":"219935","time_insert":"2021-07-08 05:02"}
2024-02-27 00:23:07 查询号码 【1745784】，GSD为【"-"】
2024-02-27 00:23:07 ok && -
2024-02-27 00:23:09 CHB 1745784?1708964587 第 1 次 等待 3 秒
2024-02-27 00:23:12 CHB 1745784?1708964587 第 1 次 获取到号码【1745784】GSD
2024-02-27 00:23:12 未获取到号码【1745784】GSD，可能号码格式错误
2024-02-27 00:23:12 获取到号码【1745784】的GSD为【-】
2024-02-27 00:23:17 GSD insert 第 1 次 等待 3 秒
2024-02-27 00:23:20 {"status":"bad","gid":"219935","msg":"添加失败！号码【1745784(-|-)】已存在！"}
2024-02-27 00:23:20 随机等待 164 秒，约 2 分钟
2024-02-27 00:23:20 下次操作: 2024-02-27 00:26:04

2024-02-27 00:26:04 开始第 5867 次操作

2024-02-27 00:26:04 开始操作号码 【1745785】
2024-02-27 00:26:08 GSD getOne 第 1 次 等待 3 秒
2024-02-27 00:26:11 查询号码 【1745785】，返回信息 {"status":"ok","msg":"-","gid":"220068","time_insert":"2021-07-08 05:44"}
2024-02-27 00:26:11 查询号码 【1745785】，GSD为【"-"】
2024-02-27 00:26:11 ok && -
2024-02-27 00:26:18 CHB 1745785?1708964771 第 1 次 等待 3 秒
2024-02-27 00:26:21 CHB 1745785?1708964771 第 1 次 获取到号码【1745785】GSD
2024-02-27 00:26:21 未获取到号码【1745785】GSD，可能号码格式错误
2024-02-27 00:26:21 获取到号码【1745785】的GSD为【-】
2024-02-27 00:26:26 GSD insert 第 1 次 等待 3 秒
2024-02-27 00:26:29 {"status":"bad","gid":"220068","msg":"添加失败！号码【1745785(-|-)】已存在！"}
2024-02-27 00:26:29 随机等待 79 秒，约 1 分钟
2024-02-27 00:26:29 下次操作: 2024-02-27 00:27:48

2024-02-27 00:27:48 开始第 5868 次操作

2024-02-27 00:27:48 开始操作号码 【1745786】
2024-02-27 00:27:54 GSD getOne 第 1 次 等待 3 秒
2024-02-27 00:27:57 查询号码 【1745786】，返回信息 {"status":"ok","msg":"-","gid":"220081","time_insert":"2021-07-08 05:45"}
2024-02-27 00:27:57 查询号码 【1745786】，GSD为【"-"】
2024-02-27 00:27:57 ok && -
2024-02-27 00:28:00 CHB 1745786?1708964877 第 1 次 等待 3 秒
2024-02-27 00:28:03 CHB 1745786?1708964877 第 1 次 获取到号码【1745786】GSD
2024-02-27 00:28:03 未获取到号码【1745786】GSD，可能号码格式错误
2024-02-27 00:28:03 获取到号码【1745786】的GSD为【-】
2024-02-27 00:28:09 GSD insert 第 1 次 等待 3 秒
2024-02-27 00:28:12 {"status":"bad","gid":"220081","msg":"添加失败！号码【1745786(-|-)】已存在！"}

2024-02-27 00:38:39 开始第 5869 次操作

2024-02-27 00:38:39 开始操作号码 【1745787】
2024-02-27 00:38:45 GSD getOne 第 1 次 等待 3 秒
2024-02-27 00:38:48 查询号码 【1745787】，返回信息 {"status":"ok","msg":"-","gid":"220092","time_insert":"2021-07-08 05:45"}
2024-02-27 00:38:48 查询号码 【1745787】，GSD为【"-"】
2024-02-27 00:38:48 ok && -
2024-02-27 00:38:51 CHB 1745787?1708965528 第 1 次 等待 3 秒
2024-02-27 00:38:54 CHB 1745787?1708965528 第 1 次 获取到号码【1745787】GSD
2024-02-27 00:38:54 未获取到号码【1745787】GSD，可能号码格式错误
2024-02-27 00:38:54 获取到号码【1745787】的GSD为【-】
2024-02-27 00:38:58 GSD insert 第 1 次 等待 3 秒
2024-02-27 00:39:01 {"status":"bad","gid":"220092","msg":"添加失败！号码【1745787(-|-)】已存在！"}
2024-02-27 00:39:01 随机等待 175 秒，约 2 分钟
2024-02-27 00:39:01 下次操作: 2024-02-27 00:41:56

2024-02-27 00:41:56 开始第 5870 次操作

2024-02-27 00:41:56 开始操作号码 【1745788】
2024-02-27 00:42:00 GSD getOne 第 1 次 等待 3 秒
2024-02-27 00:42:03 查询号码 【1745788】，返回信息 {"status":"ok","msg":"-","gid":"220106","time_insert":"2021-07-08 05:46"}
2024-02-27 00:42:03 查询号码 【1745788】，GSD为【"-"】
2024-02-27 00:42:03 ok && -
2024-02-27 00:42:05 CHB 1745788?1708965723 第 1 次 等待 3 秒
2024-02-27 00:42:08 CHB 1745788?1708965723 第 1 次 获取到号码【1745788】GSD
2024-02-27 00:42:08 未获取到号码【1745788】GSD，可能号码格式错误
2024-02-27 00:42:08 获取到号码【1745788】的GSD为【-】
2024-02-27 00:42:13 GSD insert 第 1 次 等待 3 秒
2024-02-27 00:42:16 {"status":"bad","gid":"220106","msg":"添加失败！号码【1745788(-|-)】已存在！"}
2024-02-27 00:42:16 随机等待 168 秒，约 2 分钟
2024-02-27 00:42:16 下次操作: 2024-02-27 00:45:04

2024-02-27 00:45:04 开始第 5871 次操作

2024-02-27 00:45:04 开始操作号码 【1745789】
2024-02-27 00:45:10 GSD getOne 第 1 次 等待 3 秒
2024-02-27 00:45:13 查询号码 【1745789】，返回信息 {"status":"ok","msg":"-","gid":"220120","time_insert":"2021-07-08 05:47"}
2024-02-27 00:45:13 查询号码 【1745789】，GSD为【"-"】
2024-02-27 00:45:13 ok && -
2024-02-27 00:45:15 CHB 1745789?1708965913 第 1 次 等待 3 秒
2024-02-27 00:45:18 CHB 1745789?1708965913 第 1 次 获取到号码【1745789】GSD
2024-02-27 00:45:18 未获取到号码【1745789】GSD，可能号码格式错误
2024-02-27 00:45:18 获取到号码【1745789】的GSD为【-】
2024-02-27 00:45:25 GSD insert 第 1 次 等待 3 秒
2024-02-27 00:45:28 {"status":"bad","gid":"220120","msg":"添加失败！号码【1745789(-|-)】已存在！"}
2024-02-27 00:45:28 随机等待 183 秒，约 3 分钟
2024-02-27 00:45:28 下次操作: 2024-02-27 00:48:31

2024-02-27 00:48:31 开始第 5872 次操作

2024-02-27 00:48:31 开始操作号码 【1745790】
2024-02-27 00:48:36 GSD getOne 第 1 次 等待 3 秒
2024-02-27 00:48:39 查询号码 【1745790】，返回信息 {"status":"ok","msg":"-","gid":"220132","time_insert":"2021-07-08 05:48"}
2024-02-27 00:48:40 查询号码 【1745790】，GSD为【"-"】
2024-02-27 00:48:40 ok && -
2024-02-27 00:48:42 CHB 1745790?1708966120 第 1 次 等待 3 秒
2024-02-27 00:48:45 CHB 1745790?1708966120 第 1 次 获取到号码【1745790】GSD
2024-02-27 00:48:45 未获取到号码【1745790】GSD，可能号码格式错误
2024-02-27 00:48:45 获取到号码【1745790】的GSD为【-】
2024-02-27 00:48:51 GSD insert 第 1 次 等待 3 秒
2024-02-27 00:48:54 {"status":"bad","gid":"220132","msg":"添加失败！号码【1745790(-|-)】已存在！"}

2024-02-27 01:14:44 开始第 5873 次操作

2024-02-27 01:14:44 开始操作号码 【1745791】
2024-02-27 01:14:50 GSD getOne 第 1 次 等待 3 秒
2024-02-27 01:14:53 查询号码 【1745791】，返回信息 {"status":"ok","msg":"-","gid":"220166","time_insert":"2021-07-08 05:50"}
2024-02-27 01:14:53 查询号码 【1745791】，GSD为【"-"】
2024-02-27 01:14:53 ok && -
2024-02-27 01:14:55 CHB 1745791?1708967693 第 1 次 等待 3 秒
2024-02-27 01:14:58 CHB 1745791?1708967693 第 1 次 获取到号码【1745791】GSD
2024-02-27 01:14:58 未获取到号码【1745791】GSD，可能号码格式错误
2024-02-27 01:14:58 获取到号码【1745791】的GSD为【-】
2024-02-27 01:15:02 GSD insert 第 1 次 等待 3 秒
2024-02-27 01:15:05 {"status":"bad","gid":"220166","msg":"添加失败！号码【1745791(-|-)】已存在！"}
2024-02-27 01:15:05 随机等待 136 秒，约 2 分钟
2024-02-27 01:15:05 下次操作: 2024-02-27 01:17:21

2024-02-27 01:17:21 开始第 5874 次操作

2024-02-27 01:17:21 开始操作号码 【1745792】
2024-02-27 01:17:25 GSD getOne 第 1 次 等待 3 秒
2024-02-27 01:17:28 查询号码 【1745792】，返回信息 {"status":"ok","msg":"-","gid":"220172","time_insert":"2021-07-08 05:51"}
2024-02-27 01:17:28 查询号码 【1745792】，GSD为【"-"】
2024-02-27 01:17:28 ok && -
2024-02-27 01:17:30 CHB 1745792?1708967848 第 1 次 等待 3 秒
2024-02-27 01:17:33 CHB 1745792?1708967848 第 1 次 获取到号码【1745792】GSD
2024-02-27 01:17:33 未获取到号码【1745792】GSD，可能号码格式错误
2024-02-27 01:17:33 获取到号码【1745792】的GSD为【-】
2024-02-27 01:17:39 GSD insert 第 1 次 等待 3 秒
2024-02-27 01:17:42 {"status":"bad","gid":"220172","msg":"添加失败！号码【1745792(-|-)】已存在！"}
2024-02-27 01:17:42 随机等待 156 秒，约 2 分钟
2024-02-27 01:17:42 下次操作: 2024-02-27 01:20:18

2024-02-27 01:20:18 开始第 5875 次操作

2024-02-27 01:20:18 开始操作号码 【1745793】
2024-02-27 01:20:23 GSD getOne 第 1 次 等待 3 秒
2024-02-27 01:20:26 查询号码 【1745793】，返回信息 {"status":"ok","msg":"-","gid":"220181","time_insert":"2021-07-08 05:52"}
2024-02-27 01:20:26 查询号码 【1745793】，GSD为【"-"】
2024-02-27 01:20:26 ok && -
2024-02-27 01:20:31 CHB 1745793?1708968026 第 1 次 等待 3 秒
2024-02-27 01:20:34 CHB 1745793?1708968026 第 1 次 获取到号码【1745793】GSD
2024-02-27 01:20:34 未获取到号码【1745793】GSD，可能号码格式错误
2024-02-27 01:20:34 获取到号码【1745793】的GSD为【-】
2024-02-27 01:20:38 GSD insert 第 1 次 等待 3 秒
2024-02-27 01:20:41 {"status":"bad","gid":"220181","msg":"添加失败！号码【1745793(-|-)】已存在！"}
2024-02-27 01:20:41 随机等待 207 秒，约 3 分钟
2024-02-27 01:20:41 下次操作: 2024-02-27 01:24:08

2024-02-27 01:24:08 开始第 5876 次操作

2024-02-27 01:24:08 开始操作号码 【1745794】
2024-02-27 01:24:12 GSD getOne 第 1 次 等待 3 秒
2024-02-27 01:24:15 查询号码 【1745794】，返回信息 {"status":"ok","msg":"-","gid":"220191","time_insert":"2021-07-08 05:53"}
2024-02-27 01:24:15 查询号码 【1745794】，GSD为【"-"】
2024-02-27 01:24:15 ok && -
2024-02-27 01:24:17 CHB 1745794?1708968255 第 1 次 等待 3 秒
2024-02-27 01:24:20 CHB 1745794?1708968255 第 1 次 获取到号码【1745794】GSD
2024-02-27 01:24:20 未获取到号码【1745794】GSD，可能号码格式错误
2024-02-27 01:24:20 获取到号码【1745794】的GSD为【-】
2024-02-27 01:24:25 GSD insert 第 1 次 等待 3 秒
2024-02-27 01:24:28 {"status":"bad","gid":"220191","msg":"添加失败！号码【1745794(-|-)】已存在！"}

2024-02-27 01:37:26 开始第 5877 次操作

2024-02-27 01:37:26 开始操作号码 【1745795】
2024-02-27 01:37:31 GSD getOne 第 1 次 等待 3 秒
2024-02-27 01:37:34 查询号码 【1745795】，返回信息 {"status":"ok","msg":"-","gid":"220197","time_insert":"2021-07-08 05:53"}
2024-02-27 01:37:34 查询号码 【1745795】，GSD为【"-"】
2024-02-27 01:37:34 ok && -
2024-02-27 01:37:36 CHB 1745795?1708969054 第 1 次 等待 3 秒
2024-02-27 01:37:39 CHB 1745795?1708969054 第 1 次 获取到号码【1745795】GSD
2024-02-27 01:37:39 未获取到号码【1745795】GSD，可能号码格式错误
2024-02-27 01:37:39 获取到号码【1745795】的GSD为【-】
2024-02-27 01:37:45 GSD insert 第 1 次 等待 3 秒
2024-02-27 01:37:48 {"status":"bad","gid":"220197","msg":"添加失败！号码【1745795(-|-)】已存在！"}
2024-02-27 01:37:48 随机等待 79 秒，约 1 分钟
2024-02-27 01:37:48 下次操作: 2024-02-27 01:39:07

2024-02-27 01:39:07 开始第 5878 次操作

2024-02-27 01:39:07 开始操作号码 【1745796】
2024-02-27 01:39:11 GSD getOne 第 1 次 等待 3 秒
2024-02-27 01:39:14 查询号码 【1745796】，返回信息 {"status":"ok","msg":"-","gid":"220203","time_insert":"2021-07-08 05:54"}
2024-02-27 01:39:14 查询号码 【1745796】，GSD为【"-"】
2024-02-27 01:39:14 ok && -
2024-02-27 01:39:17 CHB 1745796?1708969154 第 1 次 等待 3 秒
2024-02-27 01:39:20 CHB 1745796?1708969154 第 1 次 获取到号码【1745796】GSD
2024-02-27 01:39:20 未获取到号码【1745796】GSD，可能号码格式错误
2024-02-27 01:39:20 获取到号码【1745796】的GSD为【-】
2024-02-27 01:39:24 GSD insert 第 1 次 等待 3 秒
2024-02-27 01:39:27 {"status":"bad","gid":"220203","msg":"添加失败！号码【1745796(-|-)】已存在！"}
2024-02-27 01:39:27 随机等待 77 秒，约 1 分钟
2024-02-27 01:39:27 下次操作: 2024-02-27 01:40:44

2024-02-27 01:40:44 开始第 5879 次操作

2024-02-27 01:40:44 开始操作号码 【1745797】
2024-02-27 01:40:48 GSD getOne 第 1 次 等待 3 秒
2024-02-27 01:40:51 查询号码 【1745797】，返回信息 {"status":"ok","msg":"-","gid":"220211","time_insert":"2021-07-08 05:55"}
2024-02-27 01:40:51 查询号码 【1745797】，GSD为【"-"】
2024-02-27 01:40:51 ok && -
2024-02-27 01:40:53 CHB 1745797?1708969251 第 1 次 等待 3 秒
2024-02-27 01:40:56 CHB 1745797?1708969251 第 1 次 获取到号码【1745797】GSD
2024-02-27 01:40:56 未获取到号码【1745797】GSD，可能号码格式错误
2024-02-27 01:40:56 获取到号码【1745797】的GSD为【-】
2024-02-27 01:41:01 GSD insert 第 1 次 等待 3 秒
2024-02-27 01:41:04 {"status":"bad","gid":"220211","msg":"添加失败！号码【1745797(-|-)】已存在！"}
2024-02-27 01:41:04 随机等待 136 秒，约 2 分钟
2024-02-27 01:41:04 下次操作: 2024-02-27 01:43:20

2024-02-27 01:43:20 开始第 5880 次操作

2024-02-27 01:43:20 开始操作号码 【1745798】
2024-02-27 01:43:26 GSD getOne 第 1 次 等待 3 秒
2024-02-27 01:43:29 查询号码 【1745798】，返回信息 {"status":"ok","msg":"-","gid":"220218","time_insert":"2021-07-08 05:56"}
2024-02-27 01:43:29 查询号码 【1745798】，GSD为【"-"】
2024-02-27 01:43:29 ok && -
2024-02-27 01:43:32 CHB 1745798?1708969409 第 1 次 等待 3 秒
2024-02-27 01:43:35 CHB 1745798?1708969409 第 1 次 获取到号码【1745798】GSD
2024-02-27 01:43:35 未获取到号码【1745798】GSD，可能号码格式错误
2024-02-27 01:43:35 获取到号码【1745798】的GSD为【-】
2024-02-27 01:43:39 GSD insert 第 1 次 等待 3 秒
2024-02-27 01:43:42 {"status":"bad","gid":"220218","msg":"添加失败！号码【1745798(-|-)】已存在！"}

2024-02-27 02:20:16 开始第 5881 次操作

2024-02-27 02:20:16 开始操作号码 【1745799】
2024-02-27 02:20:21 GSD getOne 第 1 次 等待 3 秒
2024-02-27 02:20:24 查询号码 【1745799】，返回信息 {"status":"ok","msg":"-","gid":"220224","time_insert":"2021-07-08 05:56"}
2024-02-27 02:20:24 查询号码 【1745799】，GSD为【"-"】
2024-02-27 02:20:24 ok && -
2024-02-27 02:20:30 CHB 1745799?1708971624 第 1 次 等待 3 秒
2024-02-27 02:20:33 CHB 1745799?1708971624 第 1 次 获取到号码【1745799】GSD
2024-02-27 02:20:33 未获取到号码【1745799】GSD，可能号码格式错误
2024-02-27 02:20:33 获取到号码【1745799】的GSD为【-】
2024-02-27 02:20:38 GSD insert 第 1 次 等待 3 秒
2024-02-27 02:20:41 {"status":"bad","gid":"220224","msg":"添加失败！号码【1745799(-|-)】已存在！"}
2024-02-27 02:20:41 随机等待 123 秒，约 2 分钟
2024-02-27 02:20:41 下次操作: 2024-02-27 02:22:44

2024-02-27 02:22:44 开始第 5882 次操作

2024-02-27 02:22:44 开始操作号码 【1745800】
2024-02-27 02:22:48 GSD getOne 第 1 次 等待 3 秒
2024-02-27 02:22:51 查询号码 【1745800】，返回信息 {"status":"ok","msg":"-","gid":"220233","time_insert":"2021-07-08 05:57"}
2024-02-27 02:22:51 查询号码 【1745800】，GSD为【"-"】
2024-02-27 02:22:51 ok && -
2024-02-27 02:22:53 CHB 1745800?1708971771 第 1 次 等待 3 秒
2024-02-27 02:22:56 CHB 1745800?1708971771 第 1 次 获取到号码【1745800】GSD
2024-02-27 02:22:57 未获取到号码【1745800】GSD，可能号码格式错误
2024-02-27 02:22:57 获取到号码【1745800】的GSD为【-】
2024-02-27 02:23:01 GSD insert 第 1 次 等待 3 秒
2024-02-27 02:23:04 {"status":"bad","gid":"220233","msg":"添加失败！号码【1745800(-|-)】已存在！"}
2024-02-27 02:23:04 随机等待 129 秒，约 2 分钟
2024-02-27 02:23:04 下次操作: 2024-02-27 02:25:13

2024-02-27 02:25:13 开始第 5883 次操作

2024-02-27 02:25:13 开始操作号码 【1745801】
2024-02-27 02:25:19 GSD getOne 第 1 次 等待 3 秒
2024-02-27 02:25:22 查询号码 【1745801】，返回信息 {"status":"ok","msg":"-","gid":"220239","time_insert":"2021-07-08 05:58"}
2024-02-27 02:25:22 查询号码 【1745801】，GSD为【"-"】
2024-02-27 02:25:22 ok && -
2024-02-27 02:25:24 CHB 1745801?1708971922 第 1 次 等待 3 秒
2024-02-27 02:25:27 CHB 1745801?1708971922 第 1 次 获取到号码【1745801】GSD
2024-02-27 02:25:27 未获取到号码【1745801】GSD，可能号码格式错误
2024-02-27 02:25:27 获取到号码【1745801】的GSD为【-】
2024-02-27 02:25:32 GSD insert 第 1 次 等待 3 秒
2024-02-27 02:25:35 {"status":"bad","gid":"220239","msg":"添加失败！号码【1745801(-|-)】已存在！"}
2024-02-27 02:25:35 随机等待 183 秒，约 3 分钟
2024-02-27 02:25:35 下次操作: 2024-02-27 02:28:38

2024-02-27 02:28:38 开始第 5884 次操作

2024-02-27 02:28:38 开始操作号码 【1745802】
2024-02-27 02:28:42 GSD getOne 第 1 次 等待 3 秒
2024-02-27 02:28:45 查询号码 【1745802】，返回信息 {"status":"ok","msg":"-","gid":"220245","time_insert":"2021-07-08 05:58"}
2024-02-27 02:28:45 查询号码 【1745802】，GSD为【"-"】
2024-02-27 02:28:45 ok && -
2024-02-27 02:28:47 CHB 1745802?1708972125 第 1 次 等待 3 秒
2024-02-27 02:28:50 CHB 1745802?1708972125 第 1 次 获取到号码【1745802】GSD
2024-02-27 02:28:51 未获取到号码【1745802】GSD，可能号码格式错误
2024-02-27 02:28:51 获取到号码【1745802】的GSD为【-】
2024-02-27 02:28:55 GSD insert 第 1 次 等待 3 秒
2024-02-27 02:28:58 {"status":"bad","gid":"220245","msg":"添加失败！号码【1745802(-|-)】已存在！"}

2024-02-27 02:37:23 开始第 5885 次操作

2024-02-27 02:37:23 开始操作号码 【1745803】
2024-02-27 02:37:28 GSD getOne 第 1 次 等待 3 秒
2024-02-27 02:37:31 查询号码 【1745803】，返回信息 {"status":"ok","msg":"-","gid":"220253","time_insert":"2021-07-08 05:59"}
2024-02-27 02:37:31 查询号码 【1745803】，GSD为【"-"】
2024-02-27 02:37:31 ok && -
2024-02-27 02:37:37 CHB 1745803?1708972651 第 1 次 等待 3 秒
2024-02-27 02:37:40 CHB 1745803?1708972651 第 1 次 获取到号码【1745803】GSD
2024-02-27 02:37:40 未获取到号码【1745803】GSD，可能号码格式错误
2024-02-27 02:37:40 获取到号码【1745803】的GSD为【-】
2024-02-27 02:37:45 GSD insert 第 1 次 等待 3 秒
2024-02-27 02:37:48 {"status":"bad","gid":"220253","msg":"添加失败！号码【1745803(-|-)】已存在！"}
2024-02-27 02:37:48 随机等待 80 秒，约 1 分钟
2024-02-27 02:37:48 下次操作: 2024-02-27 02:39:08

2024-02-27 02:39:08 开始第 5886 次操作

2024-02-27 02:39:08 开始操作号码 【1745804】
2024-02-27 02:39:13 GSD getOne 第 1 次 等待 3 秒
2024-02-27 02:39:16 查询号码 【1745804】，返回信息 {"status":"ok","msg":"-","gid":"220260","time_insert":"2021-07-08 06:00"}
2024-02-27 02:39:16 查询号码 【1745804】，GSD为【"-"】
2024-02-27 02:39:16 ok && -
2024-02-27 02:39:18 CHB 1745804?1708972756 第 1 次 等待 3 秒
2024-02-27 02:39:21 CHB 1745804?1708972756 第 1 次 获取到号码【1745804】GSD
2024-02-27 02:39:21 未获取到号码【1745804】GSD，可能号码格式错误
2024-02-27 02:39:21 获取到号码【1745804】的GSD为【-】
2024-02-27 02:39:25 GSD insert 第 1 次 等待 3 秒
2024-02-27 02:39:28 {"status":"bad","gid":"220260","msg":"添加失败！号码【1745804(-|-)】已存在！"}
2024-02-27 02:39:28 随机等待 194 秒，约 3 分钟
2024-02-27 02:39:28 下次操作: 2024-02-27 02:42:42

2024-02-27 02:42:42 开始第 5887 次操作

2024-02-27 02:42:42 开始操作号码 【1745805】
2024-02-27 02:42:47 GSD getOne 第 1 次 等待 3 秒
2024-02-27 02:42:50 查询号码 【1745805】，返回信息 {"status":"ok","msg":"-","gid":"220268","time_insert":"2021-07-08 06:01"}
2024-02-27 02:42:50 查询号码 【1745805】，GSD为【"-"】
2024-02-27 02:42:50 ok && -
2024-02-27 02:42:52 CHB 1745805?1708972970 第 1 次 等待 3 秒
2024-02-27 02:42:55 CHB 1745805?1708972970 第 1 次 获取到号码【1745805】GSD
2024-02-27 02:42:55 未获取到号码【1745805】GSD，可能号码格式错误
2024-02-27 02:42:55 获取到号码【1745805】的GSD为【-】
2024-02-27 02:43:00 GSD insert 第 1 次 等待 3 秒
2024-02-27 02:43:03 {"status":"bad","gid":"220268","msg":"添加失败！号码【1745805(-|-)】已存在！"}
2024-02-27 02:43:03 随机等待 165 秒，约 2 分钟
2024-02-27 02:43:03 下次操作: 2024-02-27 02:45:48

2024-02-27 02:45:48 开始第 5888 次操作

2024-02-27 02:45:48 开始操作号码 【1745806】
2024-02-27 02:45:55 GSD getOne 第 1 次 等待 3 秒
2024-02-27 02:45:58 查询号码 【1745806】，返回信息 {"status":"ok","msg":"-","gid":"220274","time_insert":"2021-07-08 06:01"}
2024-02-27 02:45:58 查询号码 【1745806】，GSD为【"-"】
2024-02-27 02:45:58 ok && -
2024-02-27 02:46:01 CHB 1745806?1708973158 第 1 次 等待 3 秒
2024-02-27 02:46:04 CHB 1745806?1708973158 第 1 次 获取到号码【1745806】GSD
2024-02-27 02:46:04 未获取到号码【1745806】GSD，可能号码格式错误
2024-02-27 02:46:04 获取到号码【1745806】的GSD为【-】
2024-02-27 02:46:08 GSD insert 第 1 次 等待 3 秒
2024-02-27 02:46:11 {"status":"bad","gid":"220274","msg":"添加失败！号码【1745806(-|-)】已存在！"}

2024-02-27 03:13:04 开始第 5889 次操作

2024-02-27 03:13:04 开始操作号码 【1745807】
2024-02-27 03:13:10 GSD getOne 第 1 次 等待 3 秒
2024-02-27 03:13:13 查询号码 【1745807】，返回信息 {"status":"ok","msg":"-","gid":"220282","time_insert":"2021-07-08 06:02"}
2024-02-27 03:13:13 查询号码 【1745807】，GSD为【"-"】
2024-02-27 03:13:13 ok && -
2024-02-27 03:13:15 CHB 1745807?1708974793 第 1 次 等待 3 秒
2024-02-27 03:13:18 CHB 1745807?1708974793 第 1 次 获取到号码【1745807】GSD
2024-02-27 03:13:18 未获取到号码【1745807】GSD，可能号码格式错误
2024-02-27 03:13:18 获取到号码【1745807】的GSD为【-】
2024-02-27 03:13:28 GSD insert 第 1 次 等待 3 秒
2024-02-27 03:13:31 {"status":"bad","gid":"220282","msg":"添加失败！号码【1745807(-|-)】已存在！"}
2024-02-27 03:13:31 随机等待 131 秒，约 2 分钟
2024-02-27 03:13:31 下次操作: 2024-02-27 03:15:42

2024-02-27 03:15:42 开始第 5890 次操作

2024-02-27 03:15:42 开始操作号码 【1745808】
2024-02-27 03:15:46 GSD getOne 第 1 次 等待 3 秒
2024-02-27 03:15:49 查询号码 【1745808】，返回信息 {"status":"ok","msg":"-","gid":"220288","time_insert":"2021-07-08 06:03"}
2024-02-27 03:15:49 查询号码 【1745808】，GSD为【"-"】
2024-02-27 03:15:49 ok && -
2024-02-27 03:15:51 CHB 1745808?1708974949 第 1 次 等待 3 秒
2024-02-27 03:15:54 CHB 1745808?1708974949 第 1 次 获取到号码【1745808】GSD
2024-02-27 03:15:55 未获取到号码【1745808】GSD，可能号码格式错误
2024-02-27 03:15:55 获取到号码【1745808】的GSD为【-】
2024-02-27 03:15:59 GSD insert 第 1 次 等待 3 秒
2024-02-27 03:16:02 {"status":"bad","gid":"220288","msg":"添加失败！号码【1745808(-|-)】已存在！"}
2024-02-27 03:16:02 随机等待 130 秒，约 2 分钟
2024-02-27 03:16:02 下次操作: 2024-02-27 03:18:12

2024-02-27 03:18:12 开始第 5891 次操作

2024-02-27 03:18:12 开始操作号码 【1745809】
2024-02-27 03:18:16 GSD getOne 第 1 次 等待 3 秒
2024-02-27 03:18:19 查询号码 【1745809】，返回信息 {"status":"ok","msg":"-","gid":"220293","time_insert":"2021-07-08 06:04"}
2024-02-27 03:18:19 查询号码 【1745809】，GSD为【"-"】
2024-02-27 03:18:19 ok && -
2024-02-27 03:18:20 CHB 1745809?1708975099 第 1 次 等待 3 秒
2024-02-27 03:18:23 CHB 1745809?1708975099 第 1 次 获取到号码【1745809】GSD
2024-02-27 03:18:23 未获取到号码【1745809】GSD，可能号码格式错误
2024-02-27 03:18:23 获取到号码【1745809】的GSD为【-】
2024-02-27 03:18:28 GSD insert 第 1 次 等待 3 秒
2024-02-27 03:18:31 {"status":"bad","gid":"220293","msg":"添加失败！号码【1745809(-|-)】已存在！"}
2024-02-27 03:18:31 随机等待 185 秒，约 3 分钟
2024-02-27 03:18:31 下次操作: 2024-02-27 03:21:36

2024-02-27 03:21:36 开始第 5892 次操作

2024-02-27 03:21:36 开始操作号码 【1745810】
2024-02-27 03:21:40 GSD getOne 第 1 次 等待 3 秒
2024-02-27 03:21:43 查询号码 【1745810】，返回信息 {"status":"ok","msg":"-","gid":"220298","time_insert":"2021-07-08 06:05"}
2024-02-27 03:21:43 查询号码 【1745810】，GSD为【"-"】
2024-02-27 03:21:43 ok && -
2024-02-27 03:21:45 CHB 1745810?1708975303 第 1 次 等待 3 秒
2024-02-27 03:21:48 CHB 1745810?1708975303 第 1 次 获取到号码【1745810】GSD
2024-02-27 03:21:48 未获取到号码【1745810】GSD，可能号码格式错误
2024-02-27 03:21:48 获取到号码【1745810】的GSD为【-】
2024-02-27 03:21:52 GSD insert 第 1 次 等待 3 秒
2024-02-27 03:21:55 {"status":"bad","gid":"220298","msg":"添加失败！号码【1745810(-|-)】已存在！"}

2024-02-27 03:37:33 开始第 5893 次操作

2024-02-27 03:37:33 开始操作号码 【1745811】
2024-02-27 03:37:38 GSD getOne 第 1 次 等待 3 秒
2024-02-27 03:37:41 查询号码 【1745811】，返回信息 {"status":"ok","msg":"-","gid":"220303","time_insert":"2021-07-08 06:05"}
2024-02-27 03:37:41 查询号码 【1745811】，GSD为【"-"】
2024-02-27 03:37:41 ok && -
2024-02-27 03:37:45 CHB 1745811?1708976261 第 1 次 等待 3 秒
2024-02-27 03:37:48 CHB 1745811?1708976261 第 1 次 获取到号码【1745811】GSD
2024-02-27 03:37:48 未获取到号码【1745811】GSD，可能号码格式错误
2024-02-27 03:37:48 获取到号码【1745811】的GSD为【-】
2024-02-27 03:37:52 GSD insert 第 1 次 等待 3 秒
2024-02-27 03:37:55 {"status":"bad","gid":"220303","msg":"添加失败！号码【1745811(-|-)】已存在！"}
2024-02-27 03:37:55 随机等待 193 秒，约 3 分钟
2024-02-27 03:37:55 下次操作: 2024-02-27 03:41:08

2024-02-27 03:41:08 开始第 5894 次操作

2024-02-27 03:41:08 开始操作号码 【1745812】
2024-02-27 03:41:14 GSD getOne 第 1 次 等待 3 秒
2024-02-27 03:41:17 查询号码 【1745812】，返回信息 {"status":"ok","msg":"-","gid":"220309","time_insert":"2021-07-08 06:06"}
2024-02-27 03:41:17 查询号码 【1745812】，GSD为【"-"】
2024-02-27 03:41:17 ok && -
2024-02-27 03:41:19 CHB 1745812?1708976477 第 1 次 等待 3 秒
2024-02-27 03:41:22 CHB 1745812?1708976477 第 1 次 获取到号码【1745812】GSD
2024-02-27 03:41:22 未获取到号码【1745812】GSD，可能号码格式错误
2024-02-27 03:41:22 获取到号码【1745812】的GSD为【-】
2024-02-27 03:41:27 GSD insert 第 1 次 等待 3 秒
2024-02-27 03:41:30 {"status":"bad","gid":"220309","msg":"添加失败！号码【1745812(-|-)】已存在！"}
2024-02-27 03:41:30 随机等待 96 秒，约 1 分钟
2024-02-27 03:41:30 下次操作: 2024-02-27 03:43:06

2024-02-27 03:43:06 开始第 5895 次操作

2024-02-27 03:43:06 开始操作号码 【1745813】
2024-02-27 03:43:12 GSD getOne 第 1 次 等待 3 秒
2024-02-27 03:43:15 查询号码 【1745813】，返回信息 {"status":"ok","msg":"-","gid":"220313","time_insert":"2021-07-08 06:07"}
2024-02-27 03:43:15 查询号码 【1745813】，GSD为【"-"】
2024-02-27 03:43:15 ok && -
2024-02-27 03:43:18 CHB 1745813?1708976595 第 1 次 等待 3 秒
2024-02-27 03:43:21 CHB 1745813?1708976595 第 1 次 获取到号码【1745813】GSD
2024-02-27 03:43:21 未获取到号码【1745813】GSD，可能号码格式错误
2024-02-27 03:43:21 获取到号码【1745813】的GSD为【-】
2024-02-27 03:43:25 GSD insert 第 1 次 等待 3 秒
2024-02-27 03:43:28 {"status":"bad","gid":"220313","msg":"添加失败！号码【1745813(-|-)】已存在！"}
2024-02-27 03:43:28 随机等待 161 秒，约 2 分钟
2024-02-27 03:43:28 下次操作: 2024-02-27 03:46:09

2024-02-27 03:46:09 开始第 5896 次操作

2024-02-27 03:46:09 开始操作号码 【1745814】
2024-02-27 03:46:14 GSD getOne 第 1 次 等待 3 秒
2024-02-27 03:46:17 查询号码 【1745814】，返回信息 {"status":"ok","msg":"-","gid":"220318","time_insert":"2021-07-08 06:07"}
2024-02-27 03:46:17 查询号码 【1745814】，GSD为【"-"】
2024-02-27 03:46:17 ok && -
2024-02-27 03:46:20 CHB 1745814?1708976777 第 1 次 等待 3 秒
2024-02-27 03:46:23 CHB 1745814?1708976777 第 1 次 获取到号码【1745814】GSD
2024-02-27 03:46:23 未获取到号码【1745814】GSD，可能号码格式错误
2024-02-27 03:46:23 获取到号码【1745814】的GSD为【-】
2024-02-27 03:46:27 GSD insert 第 1 次 等待 3 秒
2024-02-27 03:46:30 {"status":"bad","gid":"220318","msg":"添加失败！号码【1745814(-|-)】已存在！"}

2024-02-27 04:16:59 开始第 5897 次操作

2024-02-27 04:16:59 开始操作号码 【1745815】
2024-02-27 04:17:05 GSD getOne 第 1 次 等待 3 秒
2024-02-27 04:17:08 查询号码 【1745815】，返回信息 {"status":"ok","msg":"-","gid":"220427","time_insert":"2021-07-08 06:42"}
2024-02-27 04:17:08 查询号码 【1745815】，GSD为【"-"】
2024-02-27 04:17:08 ok && -
2024-02-27 04:17:10 CHB 1745815?1708978628 第 1 次 等待 3 秒
2024-02-27 04:17:13 CHB 1745815?1708978628 第 1 次 获取到号码【1745815】GSD
2024-02-27 04:17:13 未获取到号码【1745815】GSD，可能号码格式错误
2024-02-27 04:17:13 获取到号码【1745815】的GSD为【-】
2024-02-27 04:17:19 GSD insert 第 1 次 等待 3 秒
2024-02-27 04:17:22 {"status":"bad","gid":"220427","msg":"添加失败！号码【1745815(-|-)】已存在！"}
2024-02-27 04:17:22 随机等待 190 秒，约 3 分钟
2024-02-27 04:17:22 下次操作: 2024-02-27 04:20:32

2024-02-27 04:20:32 开始第 5898 次操作

2024-02-27 04:20:32 开始操作号码 【1745816】
2024-02-27 04:20:36 GSD getOne 第 1 次 等待 3 秒
2024-02-27 04:20:39 查询号码 【1745816】，返回信息 {"status":"ok","msg":"-","gid":"220442","time_insert":"2021-07-08 06:43"}
2024-02-27 04:20:39 查询号码 【1745816】，GSD为【"-"】
2024-02-27 04:20:39 ok && -
2024-02-27 04:20:42 CHB 1745816?1708978839 第 1 次 等待 3 秒
2024-02-27 04:20:45 CHB 1745816?1708978839 第 1 次 获取到号码【1745816】GSD
2024-02-27 04:20:45 未获取到号码【1745816】GSD，可能号码格式错误
2024-02-27 04:20:45 获取到号码【1745816】的GSD为【-】
2024-02-27 04:20:50 GSD insert 第 1 次 等待 3 秒
2024-02-27 04:20:53 {"status":"bad","gid":"220442","msg":"添加失败！号码【1745816(-|-)】已存在！"}
2024-02-27 04:20:53 随机等待 116 秒，约 1 分钟
2024-02-27 04:20:53 下次操作: 2024-02-27 04:22:49

2024-02-27 04:22:49 开始第 5899 次操作

2024-02-27 04:22:49 开始操作号码 【1745817】
2024-02-27 04:22:54 GSD getOne 第 1 次 等待 3 秒
2024-02-27 04:22:57 查询号码 【1745817】，返回信息 {"status":"ok","msg":"-","gid":"220455","time_insert":"2021-07-08 06:44"}
2024-02-27 04:22:57 查询号码 【1745817】，GSD为【"-"】
2024-02-27 04:22:57 ok && -
2024-02-27 04:22:59 CHB 1745817?1708978977 第 1 次 等待 3 秒
2024-02-27 04:23:02 CHB 1745817?1708978977 第 1 次 获取到号码【1745817】GSD
2024-02-27 04:23:02 未获取到号码【1745817】GSD，可能号码格式错误
2024-02-27 04:23:02 获取到号码【1745817】的GSD为【-】
2024-02-27 04:23:06 GSD insert 第 1 次 等待 3 秒
2024-02-27 04:23:09 {"status":"bad","gid":"220455","msg":"添加失败！号码【1745817(-|-)】已存在！"}
2024-02-27 04:23:09 随机等待 156 秒，约 2 分钟
2024-02-27 04:23:09 下次操作: 2024-02-27 04:25:45

2024-02-27 04:25:45 开始第 5900 次操作

2024-02-27 04:25:45 开始操作号码 【1745818】
2024-02-27 04:25:49 GSD getOne 第 1 次 等待 3 秒
2024-02-27 04:25:52 查询号码 【1745818】，返回信息 {"status":"ok","msg":"-","gid":"220471","time_insert":"2021-07-08 06:45"}
2024-02-27 04:25:52 查询号码 【1745818】，GSD为【"-"】
2024-02-27 04:25:52 ok && -
2024-02-27 04:25:55 CHB 1745818?1708979152 第 1 次 等待 3 秒
2024-02-27 04:25:58 CHB 1745818?1708979152 第 1 次 获取到号码【1745818】GSD
2024-02-27 04:25:58 未获取到号码【1745818】GSD，可能号码格式错误
2024-02-27 04:25:58 获取到号码【1745818】的GSD为【-】
2024-02-27 04:26:02 GSD insert 第 1 次 等待 3 秒
2024-02-27 04:26:05 {"status":"bad","gid":"220471","msg":"添加失败！号码【1745818(-|-)】已存在！"}

2024-02-27 04:37:47 开始第 5901 次操作

2024-02-27 04:37:47 开始操作号码 【1745819】
2024-02-27 04:37:52 GSD getOne 第 1 次 等待 3 秒
2024-02-27 04:37:55 查询号码 【1745819】，返回信息 {"status":"ok","msg":"-","gid":"220485","time_insert":"2021-07-08 06:45"}
2024-02-27 04:37:55 查询号码 【1745819】，GSD为【"-"】
2024-02-27 04:37:55 ok && -
2024-02-27 04:38:41 CHB 1745819?1708979875 第 1 次 等待 3 秒
2024-02-27 04:38:44 CHB 1745819?1708979875 第 1 次 获取到号码【1745819】GSD
2024-02-27 04:38:44 未获取到号码【1745819】GSD，可能号码格式错误
2024-02-27 04:38:44 获取到号码【1745819】的GSD为【-】
2024-02-27 04:38:49 GSD insert 第 1 次 等待 3 秒
2024-02-27 04:38:52 {"status":"bad","gid":"220485","msg":"添加失败！号码【1745819(-|-)】已存在！"}
2024-02-27 04:38:52 随机等待 116 秒，约 1 分钟
2024-02-27 04:38:52 下次操作: 2024-02-27 04:40:48

2024-02-27 04:40:48 开始第 5902 次操作

2024-02-27 04:40:48 开始操作号码 【1745820】
2024-02-27 04:40:52 GSD getOne 第 1 次 等待 3 秒
2024-02-27 04:40:55 查询号码 【1745820】，返回信息 {"status":"ok","msg":"-","gid":"220497","time_insert":"2021-07-08 06:46"}
2024-02-27 04:40:55 查询号码 【1745820】，GSD为【"-"】
2024-02-27 04:40:55 ok && -
2024-02-27 04:40:57 CHB 1745820?1708980055 第 1 次 等待 3 秒
2024-02-27 04:41:00 CHB 1745820?1708980055 第 1 次 获取到号码【1745820】GSD
2024-02-27 04:41:00 未获取到号码【1745820】GSD，可能号码格式错误
2024-02-27 04:41:00 获取到号码【1745820】的GSD为【-】
2024-02-27 04:41:05 GSD insert 第 1 次 等待 3 秒
2024-02-27 04:41:08 {"status":"bad","gid":"220497","msg":"添加失败！号码【1745820(-|-)】已存在！"}
2024-02-27 04:41:08 随机等待 74 秒，约 1 分钟
2024-02-27 04:41:08 下次操作: 2024-02-27 04:42:22

2024-02-27 04:42:22 开始第 5903 次操作

2024-02-27 04:42:22 开始操作号码 【1745821】
2024-02-27 04:42:29 GSD getOne 第 1 次 等待 3 秒
2024-02-27 04:42:32 查询号码 【1745821】，返回信息 {"status":"ok","msg":"-","gid":"220509","time_insert":"2021-07-08 06:47"}
2024-02-27 04:42:32 查询号码 【1745821】，GSD为【"-"】
2024-02-27 04:42:32 ok && -
2024-02-27 04:42:34 CHB 1745821?1708980152 第 1 次 等待 3 秒
2024-02-27 04:42:37 CHB 1745821?1708980152 第 1 次 获取到号码【1745821】GSD
2024-02-27 04:42:38 未获取到号码【1745821】GSD，可能号码格式错误
2024-02-27 04:42:38 获取到号码【1745821】的GSD为【-】
2024-02-27 04:42:43 GSD insert 第 1 次 等待 3 秒
2024-02-27 04:42:46 {"status":"bad","gid":"220509","msg":"添加失败！号码【1745821(-|-)】已存在！"}
2024-02-27 04:42:46 随机等待 178 秒，约 2 分钟
2024-02-27 04:42:46 下次操作: 2024-02-27 04:45:44

2024-02-27 04:45:44 开始第 5904 次操作

2024-02-27 04:45:44 开始操作号码 【1745822】
2024-02-27 04:45:48 GSD getOne 第 1 次 等待 3 秒
2024-02-27 04:45:51 查询号码 【1745822】，返回信息 {"status":"ok","msg":"-","gid":"220523","time_insert":"2021-07-08 06:47"}
2024-02-27 04:45:51 查询号码 【1745822】，GSD为【"-"】
2024-02-27 04:45:51 ok && -
2024-02-27 04:45:53 CHB 1745822?1708980351 第 1 次 等待 3 秒
2024-02-27 04:45:56 CHB 1745822?1708980351 第 1 次 获取到号码【1745822】GSD
2024-02-27 04:45:56 未获取到号码【1745822】GSD，可能号码格式错误
2024-02-27 04:45:56 获取到号码【1745822】的GSD为【-】
2024-02-27 04:46:01 GSD insert 第 1 次 等待 3 秒
2024-02-27 04:46:04 {"status":"bad","gid":"220523","msg":"添加失败！号码【1745822(-|-)】已存在！"}

