2023-12-31 00:20:57 开始第 6033 次操作

2023-12-31 00:20:57 开始操作号码 【1855952】
2023-12-31 00:21:03 GSD getOne 第 1 次 等待 3 秒
2023-12-31 00:21:06 查询号码 【1855952】，返回信息 {"status":"ok","msg":"福建-泉州","gid":"443208","time_insert":"2021-07-30 10:57"}
2023-12-31 00:21:06 查询号码 【1855952】，GSD为【"福建-泉州"】

2023-12-31 00:21:07 开始第 6034 次操作

2023-12-31 00:21:07 开始操作号码 【1855953】
2023-12-31 00:21:11 GSD getOne 第 1 次 等待 3 秒
2023-12-31 00:21:14 查询号码 【1855953】，返回信息 {"status":"ok","msg":"福建-泉州","gid":"443200","time_insert":"2021-07-30 10:57"}
2023-12-31 00:21:14 查询号码 【1855953】，GSD为【"福建-泉州"】

2023-12-31 00:21:15 开始第 6035 次操作

2023-12-31 00:21:15 开始操作号码 【1855954】
2023-12-31 00:21:19 GSD getOne 第 1 次 等待 3 秒
2023-12-31 00:21:22 查询号码 【1855954】，返回信息 {"status":"ok","msg":"福建-泉州","gid":"443194","time_insert":"2021-07-30 10:56"}
2023-12-31 00:21:22 查询号码 【1855954】，GSD为【"福建-泉州"】

2023-12-31 00:21:23 开始第 6036 次操作

2023-12-31 00:21:23 开始操作号码 【1855955】
2023-12-31 00:21:26 GSD getOne 第 1 次 等待 3 秒
2023-12-31 00:21:29 查询号码 【1855955】，返回信息 {"status":"ok","msg":"福建-泉州","gid":"443184","time_insert":"2021-07-30 10:55"}
2023-12-31 00:21:29 查询号码 【1855955】，GSD为【"福建-泉州"】

2023-12-31 00:38:55 开始第 6037 次操作

2023-12-31 00:38:55 开始操作号码 【1855956】
2023-12-31 00:38:59 GSD getOne 第 1 次 等待 3 秒
2023-12-31 00:39:02 查询号码 【1855956】，返回信息 {"status":"ok","msg":"福建-泉州","gid":"39920","time_insert":"2016-02-24 18:09","time_update":"2020-09-06 05:36"}
2023-12-31 00:39:02 查询号码 【1855956】，GSD为【"福建-泉州"】

2023-12-31 00:39:03 开始第 6038 次操作

2023-12-31 00:39:03 开始操作号码 【1855957】
2023-12-31 00:39:07 GSD getOne 第 1 次 等待 3 秒
2023-12-31 00:39:10 查询号码 【1855957】，返回信息 {"status":"ok","msg":"福建-泉州","gid":"443172","time_insert":"2021-07-30 10:55"}
2023-12-31 00:39:10 查询号码 【1855957】，GSD为【"福建-泉州"】

2023-12-31 00:39:11 开始第 6039 次操作

2023-12-31 00:39:11 开始操作号码 【1855958】
2023-12-31 00:39:14 GSD getOne 第 1 次 等待 3 秒
2023-12-31 00:39:17 查询号码 【1855958】，返回信息 {"status":"ok","msg":"福建-泉州","gid":"443163","time_insert":"2021-07-30 10:54"}
2023-12-31 00:39:18 查询号码 【1855958】，GSD为【"福建-泉州"】

2023-12-31 00:39:19 开始第 6040 次操作

2023-12-31 00:39:19 开始操作号码 【1855959】
2023-12-31 00:39:23 GSD getOne 第 1 次 等待 3 秒
2023-12-31 00:39:26 查询号码 【1855959】，返回信息 {"status":"ok","msg":"福建-泉州","gid":"39921","time_insert":"2015-11-27 07:59","time_update":"2020-09-06 13:10"}
2023-12-31 00:39:26 查询号码 【1855959】，GSD为【"福建-泉州"】

