2023-12-22 00:21:38 开始第 4433 次操作

2023-12-22 00:21:38 开始操作号码 【1854352】
2023-12-22 00:21:43 GSD getOne 第 1 次 等待 3 秒
2023-12-22 00:21:46 查询号码 【1854352】，返回信息 {"status":"ok","msg":"吉林-通化","gid":"463052","time_insert":"2021-08-01 03:05"}
2023-12-22 00:21:46 查询号码 【1854352】，GSD为【"吉林-通化"】

2023-12-22 00:21:47 开始第 4434 次操作

2023-12-22 00:21:47 开始操作号码 【1854353】
2023-12-22 00:21:51 GSD getOne 第 1 次 等待 3 秒
2023-12-22 00:21:54 查询号码 【1854353】，返回信息 {"status":"ok","msg":"吉林-通化","gid":"463044","time_insert":"2021-08-01 03:05"}
2023-12-22 00:21:54 查询号码 【1854353】，GSD为【"吉林-通化"】

2023-12-22 00:21:55 开始第 4435 次操作

2023-12-22 00:21:55 开始操作号码 【1854354】
2023-12-22 00:22:01 GSD getOne 第 1 次 等待 3 秒
2023-12-22 00:22:04 查询号码 【1854354】，返回信息 {"status":"ok","msg":"吉林-通化","gid":"463031","time_insert":"2021-08-01 03:04"}
2023-12-22 00:22:04 查询号码 【1854354】，GSD为【"吉林-通化"】

2023-12-22 00:22:05 开始第 4436 次操作

2023-12-22 00:22:05 开始操作号码 【1854355】
2023-12-22 00:22:09 GSD getOne 第 1 次 等待 3 秒
2023-12-22 00:22:12 查询号码 【1854355】，返回信息 {"status":"ok","msg":"吉林-通化","gid":"463020","time_insert":"2021-08-01 03:03"}
2023-12-22 00:22:12 查询号码 【1854355】，GSD为【"吉林-通化"】

