2023-12-05 00:23:14 开始第 1425 次操作

2023-12-05 00:23:14 开始操作号码 【1851344】
2023-12-05 00:23:19 GSD getOne 第 1 次 等待 3 秒
2023-12-05 00:23:22 查询号码 【1851344】，返回信息 {"status":"ok","msg":"北京-北京","gid":"420270","time_insert":"2021-07-28 03:11"}
2023-12-05 00:23:22 查询号码 【1851344】，GSD为【"北京-北京"】

2023-12-05 00:23:23 开始第 1426 次操作

2023-12-05 00:23:23 开始操作号码 【1851345】
2023-12-05 00:23:27 GSD getOne 第 1 次 等待 3 秒
2023-12-05 00:23:30 查询号码 【1851345】，返回信息 {"status":"ok","msg":"北京-北京","gid":"420361","time_insert":"2021-07-28 03:24"}
2023-12-05 00:23:30 查询号码 【1851345】，GSD为【"北京-北京"】

2023-12-05 00:23:31 开始第 1427 次操作

2023-12-05 00:23:31 开始操作号码 【1851346】
2023-12-05 00:23:34 GSD getOne 第 1 次 等待 3 秒
2023-12-05 00:23:37 查询号码 【1851346】，返回信息 {"status":"ok","msg":"北京-北京","gid":"39731","time_insert":"2018-02-19 10:30","time_update":"2020-12-27 02:48"}
2023-12-05 00:23:38 查询号码 【1851346】，GSD为【"北京-北京"】

2023-12-05 00:23:39 开始第 1428 次操作

2023-12-05 00:23:39 开始操作号码 【1851347】
2023-12-05 00:23:42 GSD getOne 第 1 次 等待 3 秒
2023-12-05 00:23:45 查询号码 【1851347】，返回信息 {"status":"ok","msg":"北京-北京","gid":"420398","time_insert":"2021-07-28 03:36"}
2023-12-05 00:23:45 查询号码 【1851347】，GSD为【"北京-北京"】

