2024-09-23 00:11:29 开始第 6113 次操作

2024-09-23 00:11:29 开始操作号码 【1416110】
2024-09-23 00:11:32 GSD getOne 第 1 次 等待 3 秒
2024-09-23 00:11:35 查询号码 【1416110】，返回信息 {"status":"ok","msg":"-","gid":"649791","time_insert":"2023-04-12 16:58"}
2024-09-23 00:11:35 查询号码 【1416110】，GSD为【"-"】
2024-09-23 00:11:35 ok && -
2024-09-23 00:11:36 CHB 1416110?1727021495 第 1 次 等待 3 秒
2024-09-23 00:11:39 CHB 1416110?1727021495 第 1 次 获取到号码【1416110】GSD
2024-09-23 00:11:39 未获取到号码【1416110】GSD，可能号码格式错误
2024-09-23 00:11:39 获取到号码【1416110】的GSD为【-】
2024-09-23 00:11:44 GSD insert 第 1 次 等待 3 秒
2024-09-23 00:11:47 {"status":"bad","gid":"649791","msg":"添加失败！号码【1416110(-|-)】已存在！"}
2024-09-23 00:11:48 随机等待 167 秒，约 2 分钟
2024-09-23 00:11:48 下次操作: 2024-09-23 00:14:35

2024-09-23 00:14:35 开始第 6114 次操作

2024-09-23 00:14:35 开始操作号码 【1416111】
2024-09-23 00:14:37 GSD getOne 第 1 次 等待 3 秒
2024-09-23 00:14:40 查询号码 【1416111】，返回信息 {"status":"ok","msg":"-","gid":"649815","time_insert":"2023-04-12 17:15"}
2024-09-23 00:14:40 查询号码 【1416111】，GSD为【"-"】
2024-09-23 00:14:40 ok && -
2024-09-23 00:14:43 CHB 1416111?1727021680 第 1 次 等待 3 秒
2024-09-23 00:14:46 CHB 1416111?1727021680 第 1 次 获取到号码【1416111】GSD
2024-09-23 00:14:46 未获取到号码【1416111】GSD，可能号码格式错误
2024-09-23 00:14:46 获取到号码【1416111】的GSD为【-】
2024-09-23 00:14:48 GSD insert 第 1 次 等待 3 秒
2024-09-23 00:14:51 {"status":"bad","gid":"649815","msg":"添加失败！号码【1416111(-|-)】已存在！"}
2024-09-23 00:14:51 随机等待 198 秒，约 3 分钟
2024-09-23 00:14:51 下次操作: 2024-09-23 00:18:09

2024-09-23 00:18:09 开始第 6115 次操作

2024-09-23 00:18:09 开始操作号码 【1416112】
2024-09-23 00:18:11 GSD getOne 第 1 次 等待 3 秒
2024-09-23 00:18:14 查询号码 【1416112】，返回信息 {"status":"ok","msg":"-","gid":"649846","time_insert":"2023-04-12 17:35"}
2024-09-23 00:18:14 查询号码 【1416112】，GSD为【"-"】
2024-09-23 00:18:14 ok && -
2024-09-23 00:18:16 CHB 1416112?1727021894 第 1 次 等待 3 秒
2024-09-23 00:18:19 CHB 1416112?1727021894 第 1 次 获取到号码【1416112】GSD
2024-09-23 00:18:19 未获取到号码【1416112】GSD，可能号码格式错误
2024-09-23 00:18:19 获取到号码【1416112】的GSD为【-】
2024-09-23 00:18:21 GSD insert 第 1 次 等待 3 秒
2024-09-23 00:18:24 {"status":"bad","gid":"649846","msg":"添加失败！号码【1416112(-|-)】已存在！"}
2024-09-23 00:18:24 随机等待 218 秒，约 3 分钟
2024-09-23 00:18:24 下次操作: 2024-09-23 00:22:02

2024-09-23 00:22:02 开始第 6116 次操作

2024-09-23 00:22:02 开始操作号码 【1416113】
2024-09-23 00:22:05 GSD getOne 第 1 次 等待 3 秒
2024-09-23 00:22:08 查询号码 【1416113】，返回信息 {"status":"ok","msg":"-","gid":"649886","time_insert":"2023-04-12 17:57"}
2024-09-23 00:22:08 查询号码 【1416113】，GSD为【"-"】
2024-09-23 00:22:08 ok && -
2024-09-23 00:22:10 CHB 1416113?1727022128 第 1 次 等待 3 秒
2024-09-23 00:22:13 CHB 1416113?1727022128 第 1 次 获取到号码【1416113】GSD
2024-09-23 00:22:13 未获取到号码【1416113】GSD，可能号码格式错误
2024-09-23 00:22:13 获取到号码【1416113】的GSD为【-】
2024-09-23 00:22:17 GSD insert 第 1 次 等待 3 秒
2024-09-23 00:22:20 {"status":"bad","gid":"649886","msg":"添加失败！号码【1416113(-|-)】已存在！"}

