2024-01-30 00:19:57 开始第 857 次操作

2024-01-30 00:19:57 开始操作号码 【1740776】
2024-01-30 00:20:01 GSD getOne 第 1 次 等待 3 秒
2024-01-30 00:20:04 查询号码 【1740776】，返回信息 {"status":"ok","msg":"-","gid":"141254","time_insert":"2021-06-27 19:04"}
2024-01-30 00:20:04 查询号码 【1740776】，GSD为【"-"】
2024-01-30 00:20:04 ok && -
2024-01-30 00:20:06 CHB 1740776?1706545204 第 1 次 等待 3 秒
2024-01-30 00:20:09 CHB 1740776?1706545204 第 1 次 获取到号码【1740776】GSD
2024-01-30 00:20:09 未获取到号码【1740776】GSD，可能号码格式错误
2024-01-30 00:20:09 获取到号码【1740776】的GSD为【-】
2024-01-30 00:20:13 GSD insert 第 1 次 等待 3 秒
2024-01-30 00:20:16 {"status":"bad","gid":"141254","msg":"添加失败！号码【1740776(-|-)】已存在！"}
2024-01-30 00:20:16 随机等待 67 秒，约 1 分钟
2024-01-30 00:20:16 下次操作: 2024-01-30 00:21:23

2024-01-30 00:21:23 开始第 858 次操作

2024-01-30 00:21:23 开始操作号码 【1740777】
2024-01-30 00:21:28 GSD getOne 第 1 次 等待 3 秒
2024-01-30 00:21:31 查询号码 【1740777】，返回信息 {"status":"ok","msg":"-","gid":"141259","time_insert":"2021-06-27 19:05"}
2024-01-30 00:21:31 查询号码 【1740777】，GSD为【"-"】
2024-01-30 00:21:31 ok && -
2024-01-30 00:21:38 CHB 1740777?1706545291 第 1 次 等待 3 秒
2024-01-30 00:21:41 CHB 1740777?1706545291 第 1 次 获取到号码【1740777】GSD
2024-01-30 00:21:41 未获取到号码【1740777】GSD，可能号码格式错误
2024-01-30 00:21:41 获取到号码【1740777】的GSD为【-】
2024-01-30 00:21:44 GSD insert 第 1 次 等待 3 秒
2024-01-30 00:21:48 {"status":"bad","gid":"141259","msg":"添加失败！号码【1740777(-|-)】已存在！"}
2024-01-30 00:21:48 随机等待 219 秒，约 3 分钟
2024-01-30 00:21:48 下次操作: 2024-01-30 00:25:27

2024-01-30 00:25:27 开始第 859 次操作

2024-01-30 00:25:27 开始操作号码 【1740778】
2024-01-30 00:25:31 GSD getOne 第 1 次 等待 3 秒
2024-01-30 00:25:34 查询号码 【1740778】，返回信息 {"status":"ok","msg":"-","gid":"141266","time_insert":"2021-06-27 19:06"}
2024-01-30 00:25:34 查询号码 【1740778】，GSD为【"-"】
2024-01-30 00:25:34 ok && -
2024-01-30 00:25:37 CHB 1740778?1706545534 第 1 次 等待 3 秒
2024-01-30 00:25:40 CHB 1740778?1706545534 第 1 次 获取到号码【1740778】GSD
2024-01-30 00:25:40 未获取到号码【1740778】GSD，可能号码格式错误
2024-01-30 00:25:40 获取到号码【1740778】的GSD为【-】
2024-01-30 00:25:43 GSD insert 第 1 次 等待 3 秒
2024-01-30 00:25:46 {"status":"bad","gid":"141266","msg":"添加失败！号码【1740778(-|-)】已存在！"}
2024-01-30 00:25:46 随机等待 126 秒，约 2 分钟
2024-01-30 00:25:46 下次操作: 2024-01-30 00:27:52

2024-01-30 00:27:52 开始第 860 次操作

2024-01-30 00:27:52 开始操作号码 【1740779】
2024-01-30 00:27:57 GSD getOne 第 1 次 等待 3 秒
2024-01-30 00:28:00 查询号码 【1740779】，返回信息 {"status":"ok","msg":"-","gid":"141269","time_insert":"2021-06-27 19:07"}
2024-01-30 00:28:00 查询号码 【1740779】，GSD为【"-"】
2024-01-30 00:28:00 ok && -
2024-01-30 00:28:04 CHB 1740779?1706545680 第 1 次 等待 3 秒
2024-01-30 00:28:07 CHB 1740779?1706545680 第 1 次 获取到号码【1740779】GSD
2024-01-30 00:28:07 未获取到号码【1740779】GSD，可能号码格式错误
2024-01-30 00:28:07 获取到号码【1740779】的GSD为【-】
2024-01-30 00:28:11 GSD insert 第 1 次 等待 3 秒
2024-01-30 00:28:14 {"status":"bad","gid":"141269","msg":"添加失败！号码【1740779(-|-)】已存在！"}

2024-01-30 00:38:13 开始第 861 次操作

2024-01-30 00:38:13 开始操作号码 【1740780】
2024-01-30 00:38:19 GSD getOne 第 1 次 等待 3 秒
2024-01-30 00:38:22 查询号码 【1740780】，返回信息 {"status":"ok","msg":"北京-北京","gid":"141315","time_insert":"2021-06-27 19:32"}
2024-01-30 00:38:22 查询号码 【1740780】，GSD为【"北京-北京"】

2024-01-30 00:38:23 开始第 862 次操作

2024-01-30 00:38:23 开始操作号码 【1740781】
2024-01-30 00:38:27 GSD getOne 第 1 次 等待 3 秒
2024-01-30 00:38:30 查询号码 【1740781】，返回信息 {"status":"ok","msg":"北京-北京","gid":"141317","time_insert":"2021-06-27 19:32"}
2024-01-30 00:38:30 查询号码 【1740781】，GSD为【"北京-北京"】

2024-01-30 00:38:31 开始第 863 次操作

2024-01-30 00:38:31 开始操作号码 【1740782】
2024-01-30 00:38:36 GSD getOne 第 1 次 等待 3 秒
2024-01-30 00:38:39 查询号码 【1740782】，返回信息 {"status":"ok","msg":"北京-北京","gid":"141320","time_insert":"2021-06-27 19:33"}
2024-01-30 00:38:39 查询号码 【1740782】，GSD为【"北京-北京"】

2024-01-30 00:38:40 开始第 864 次操作

2024-01-30 00:38:40 开始操作号码 【1740783】
2024-01-30 00:38:46 GSD getOne 第 1 次 等待 3 秒
2024-01-30 00:38:49 查询号码 【1740783】，返回信息 {"status":"ok","msg":"北京-北京","gid":"141324","time_insert":"2021-06-27 19:33"}
2024-01-30 00:38:49 查询号码 【1740783】，GSD为【"北京-北京"】

2024-01-30 01:15:40 开始第 865 次操作

2024-01-30 01:15:40 开始操作号码 【1740784】
2024-01-30 01:15:44 GSD getOne 第 1 次 等待 3 秒
2024-01-30 01:15:47 查询号码 【1740784】，返回信息 {"status":"ok","msg":"北京-北京","gid":"141328","time_insert":"2021-06-27 19:34"}
2024-01-30 01:15:47 查询号码 【1740784】，GSD为【"北京-北京"】

2024-01-30 01:15:49 开始第 866 次操作

2024-01-30 01:15:49 开始操作号码 【1740785】
2024-01-30 01:15:53 GSD getOne 第 1 次 等待 3 秒
2024-01-30 01:15:56 查询号码 【1740785】，返回信息 {"status":"ok","msg":"北京-北京","gid":"141332","time_insert":"2021-06-27 19:34"}
2024-01-30 01:15:56 查询号码 【1740785】，GSD为【"北京-北京"】

2024-01-30 01:15:57 开始第 867 次操作

2024-01-30 01:15:57 开始操作号码 【1740786】
2024-01-30 01:16:00 GSD getOne 第 1 次 等待 3 秒
2024-01-30 01:16:03 查询号码 【1740786】，返回信息 {"status":"ok","msg":"北京-北京","gid":"141334","time_insert":"2021-06-27 19:35"}
2024-01-30 01:16:04 查询号码 【1740786】，GSD为【"北京-北京"】

2024-01-30 01:16:05 开始第 868 次操作

2024-01-30 01:16:05 开始操作号码 【1740787】
2024-01-30 01:16:08 GSD getOne 第 1 次 等待 3 秒
2024-01-30 01:16:11 查询号码 【1740787】，返回信息 {"status":"ok","msg":"北京-北京","gid":"141338","time_insert":"2021-06-27 19:35"}
2024-01-30 01:16:11 查询号码 【1740787】，GSD为【"北京-北京"】

2024-01-30 01:37:29 开始第 869 次操作

2024-01-30 01:37:29 开始操作号码 【1740788】
2024-01-30 01:37:36 GSD getOne 第 1 次 等待 3 秒
2024-01-30 01:37:39 查询号码 【1740788】，返回信息 {"status":"ok","msg":"北京-北京","gid":"141342","time_insert":"2021-06-27 19:36"}
2024-01-30 01:37:39 查询号码 【1740788】，GSD为【"北京-北京"】

2024-01-30 01:37:40 开始第 870 次操作

2024-01-30 01:37:40 开始操作号码 【1740789】
2024-01-30 01:37:44 GSD getOne 第 1 次 等待 3 秒
2024-01-30 01:37:47 查询号码 【1740789】，返回信息 {"status":"ok","msg":"北京-北京","gid":"141348","time_insert":"2021-06-27 19:36"}
2024-01-30 01:37:47 查询号码 【1740789】，GSD为【"北京-北京"】

2024-01-30 01:37:48 开始第 871 次操作

2024-01-30 01:37:48 开始操作号码 【1740790】
2024-01-30 01:37:54 GSD getOne 第 1 次 等待 3 秒
2024-01-30 01:37:57 查询号码 【1740790】，返回信息 {"status":"ok","msg":"北京-北京","gid":"141354","time_insert":"2021-06-27 19:37"}
2024-01-30 01:37:57 查询号码 【1740790】，GSD为【"北京-北京"】

2024-01-30 01:37:58 开始第 872 次操作

2024-01-30 01:37:58 开始操作号码 【1740791】
2024-01-30 01:38:03 GSD getOne 第 1 次 等待 3 秒
2024-01-30 01:38:06 查询号码 【1740791】，返回信息 {"status":"ok","msg":"北京-北京","gid":"141357","time_insert":"2021-06-27 19:37"}
2024-01-30 01:38:06 查询号码 【1740791】，GSD为【"北京-北京"】

2024-01-30 02:20:00 开始第 873 次操作

2024-01-30 02:20:00 开始操作号码 【1740792】
2024-01-30 02:20:06 GSD getOne 第 1 次 等待 3 秒
2024-01-30 02:20:09 查询号码 【1740792】，返回信息 {"status":"ok","msg":"北京-北京","gid":"141366","time_insert":"2021-06-27 19:38"}
2024-01-30 02:20:09 查询号码 【1740792】，GSD为【"北京-北京"】

2024-01-30 02:20:10 开始第 874 次操作

2024-01-30 02:20:10 开始操作号码 【1740793】
2024-01-30 02:20:14 GSD getOne 第 1 次 等待 3 秒
2024-01-30 02:20:17 查询号码 【1740793】，返回信息 {"status":"ok","msg":"北京-北京","gid":"141370","time_insert":"2021-06-27 19:38"}
2024-01-30 02:20:17 查询号码 【1740793】，GSD为【"北京-北京"】

2024-01-30 02:20:18 开始第 875 次操作

2024-01-30 02:20:18 开始操作号码 【1740794】
2024-01-30 02:20:22 GSD getOne 第 1 次 等待 3 秒
2024-01-30 02:20:25 查询号码 【1740794】，返回信息 {"status":"ok","msg":"北京-北京","gid":"141376","time_insert":"2021-06-27 19:38"}
2024-01-30 02:20:25 查询号码 【1740794】，GSD为【"北京-北京"】

2024-01-30 02:20:26 开始第 876 次操作

2024-01-30 02:20:26 开始操作号码 【1740795】
2024-01-30 02:20:31 GSD getOne 第 1 次 等待 3 秒
2024-01-30 02:20:34 查询号码 【1740795】，返回信息 {"status":"ok","msg":"北京-北京","gid":"141381","time_insert":"2021-06-27 19:39"}
2024-01-30 02:20:34 查询号码 【1740795】，GSD为【"北京-北京"】

2024-01-30 02:37:37 开始第 877 次操作

2024-01-30 02:37:37 开始操作号码 【1740796】
2024-01-30 02:37:40 GSD getOne 第 1 次 等待 3 秒
2024-01-30 02:37:43 查询号码 【1740796】，返回信息 {"status":"ok","msg":"北京-北京","gid":"141386","time_insert":"2021-06-27 19:39"}
2024-01-30 02:37:43 查询号码 【1740796】，GSD为【"北京-北京"】

2024-01-30 02:37:44 开始第 878 次操作

2024-01-30 02:37:44 开始操作号码 【1740797】
2024-01-30 02:37:51 GSD getOne 第 1 次 等待 3 秒
2024-01-30 02:37:54 查询号码 【1740797】，返回信息 {"status":"ok","msg":"北京-北京","gid":"141389","time_insert":"2021-06-27 19:39"}
2024-01-30 02:37:54 查询号码 【1740797】，GSD为【"北京-北京"】

2024-01-30 02:37:55 开始第 879 次操作

2024-01-30 02:37:55 开始操作号码 【1740798】
2024-01-30 02:37:59 GSD getOne 第 1 次 等待 3 秒
2024-01-30 02:38:02 查询号码 【1740798】，返回信息 {"status":"ok","msg":"北京-北京","gid":"141396","time_insert":"2021-06-27 19:40"}
2024-01-30 02:38:02 查询号码 【1740798】，GSD为【"北京-北京"】

2024-01-30 02:38:03 开始第 880 次操作

2024-01-30 02:38:03 开始操作号码 【1740799】
2024-01-30 02:38:07 GSD getOne 第 1 次 等待 3 秒
2024-01-30 02:38:10 查询号码 【1740799】，返回信息 {"status":"ok","msg":"北京-北京","gid":"141400","time_insert":"2021-06-27 19:40"}
2024-01-30 02:38:10 查询号码 【1740799】，GSD为【"北京-北京"】

2024-01-30 03:12:23 开始第 881 次操作

2024-01-30 03:12:23 开始操作号码 【1740800】
2024-01-30 03:12:27 GSD getOne 第 1 次 等待 3 秒
2024-01-30 03:12:30 查询号码 【1740800】，返回信息 {"status":"ok","msg":"北京-北京","gid":"141403","time_insert":"2021-06-27 19:41"}
2024-01-30 03:12:30 查询号码 【1740800】，GSD为【"北京-北京"】

2024-01-30 03:12:31 开始第 882 次操作

2024-01-30 03:12:31 开始操作号码 【1740801】
2024-01-30 03:12:35 GSD getOne 第 1 次 等待 3 秒
2024-01-30 03:12:38 查询号码 【1740801】，返回信息 {"status":"ok","msg":"北京-北京","gid":"141410","time_insert":"2021-06-27 19:41"}
2024-01-30 03:12:38 查询号码 【1740801】，GSD为【"北京-北京"】

2024-01-30 03:12:39 开始第 883 次操作

2024-01-30 03:12:39 开始操作号码 【1740802】
2024-01-30 03:12:44 GSD getOne 第 1 次 等待 3 秒
2024-01-30 03:12:47 查询号码 【1740802】，返回信息 {"status":"ok","msg":"北京-北京","gid":"141416","time_insert":"2021-06-27 19:42"}
2024-01-30 03:12:47 查询号码 【1740802】，GSD为【"北京-北京"】

2024-01-30 03:12:48 开始第 884 次操作

2024-01-30 03:12:48 开始操作号码 【1740803】
2024-01-30 03:12:51 GSD getOne 第 1 次 等待 3 秒
2024-01-30 03:12:54 查询号码 【1740803】，返回信息 {"status":"ok","msg":"北京-北京","gid":"141422","time_insert":"2021-06-27 19:42"}
2024-01-30 03:12:54 查询号码 【1740803】，GSD为【"北京-北京"】

2024-01-30 03:37:41 开始第 885 次操作

2024-01-30 03:37:41 开始操作号码 【1740804】
2024-01-30 03:37:48 GSD getOne 第 1 次 等待 3 秒
2024-01-30 03:37:51 查询号码 【1740804】，返回信息 {"status":"ok","msg":"北京-北京","gid":"141426","time_insert":"2021-06-27 19:43"}
2024-01-30 03:37:51 查询号码 【1740804】，GSD为【"北京-北京"】

2024-01-30 03:37:52 开始第 886 次操作

2024-01-30 03:37:52 开始操作号码 【1740805】
2024-01-30 03:37:56 GSD getOne 第 1 次 等待 3 秒
2024-01-30 03:37:59 查询号码 【1740805】，返回信息 {"status":"ok","msg":"北京-北京","gid":"141432","time_insert":"2021-06-27 19:43"}
2024-01-30 03:37:59 查询号码 【1740805】，GSD为【"北京-北京"】

2024-01-30 03:38:00 开始第 887 次操作

2024-01-30 03:38:00 开始操作号码 【1740806】
2024-01-30 03:38:04 GSD getOne 第 1 次 等待 3 秒
2024-01-30 03:38:07 查询号码 【1740806】，返回信息 {"status":"ok","msg":"北京-北京","gid":"141435","time_insert":"2021-06-27 19:43"}
2024-01-30 03:38:07 查询号码 【1740806】，GSD为【"北京-北京"】

2024-01-30 03:38:08 开始第 888 次操作

2024-01-30 03:38:09 开始操作号码 【1740807】
2024-01-30 03:38:12 GSD getOne 第 1 次 等待 3 秒
2024-01-30 03:38:15 查询号码 【1740807】，返回信息 {"status":"ok","msg":"北京-北京","gid":"141441","time_insert":"2021-06-27 19:44"}
2024-01-30 03:38:15 查询号码 【1740807】，GSD为【"北京-北京"】

2024-01-30 04:17:23 开始第 889 次操作

2024-01-30 04:17:23 开始操作号码 【1740808】
2024-01-30 04:17:27 GSD getOne 第 1 次 等待 3 秒
2024-01-30 04:17:30 查询号码 【1740808】，返回信息 {"status":"ok","msg":"北京-北京","gid":"141446","time_insert":"2021-06-27 19:44"}
2024-01-30 04:17:30 查询号码 【1740808】，GSD为【"北京-北京"】

2024-01-30 04:17:31 开始第 890 次操作

2024-01-30 04:17:31 开始操作号码 【1740809】
2024-01-30 04:17:35 GSD getOne 第 1 次 等待 3 秒
2024-01-30 04:17:38 查询号码 【1740809】，返回信息 {"status":"ok","msg":"北京-北京","gid":"141453","time_insert":"2021-06-27 19:44"}
2024-01-30 04:17:38 查询号码 【1740809】，GSD为【"北京-北京"】

2024-01-30 04:17:39 开始第 891 次操作

2024-01-30 04:17:39 开始操作号码 【1740810】
2024-01-30 04:17:44 GSD getOne 第 1 次 等待 3 秒
2024-01-30 04:17:47 查询号码 【1740810】，返回信息 {"status":"ok","msg":"北京-北京","gid":"141693","time_insert":"2021-06-27 21:09"}
2024-01-30 04:17:47 查询号码 【1740810】，GSD为【"北京-北京"】

2024-01-30 04:17:48 开始第 892 次操作

2024-01-30 04:17:48 开始操作号码 【1740811】
2024-01-30 04:17:51 GSD getOne 第 1 次 等待 3 秒
2024-01-30 04:17:54 查询号码 【1740811】，返回信息 {"status":"ok","msg":"北京-北京","gid":"141701","time_insert":"2021-06-27 21:10"}
2024-01-30 04:17:55 查询号码 【1740811】，GSD为【"北京-北京"】

2024-01-30 04:37:33 开始第 893 次操作

2024-01-30 04:37:33 开始操作号码 【1740812】
2024-01-30 04:37:37 GSD getOne 第 1 次 等待 3 秒
2024-01-30 04:37:40 查询号码 【1740812】，返回信息 {"status":"ok","msg":"北京-北京","gid":"141708","time_insert":"2021-06-27 21:11"}
2024-01-30 04:37:40 查询号码 【1740812】，GSD为【"北京-北京"】

2024-01-30 04:37:41 开始第 894 次操作

2024-01-30 04:37:41 开始操作号码 【1740813】
2024-01-30 04:37:45 GSD getOne 第 1 次 等待 3 秒
2024-01-30 04:37:48 查询号码 【1740813】，返回信息 {"status":"ok","msg":"北京-北京","gid":"141714","time_insert":"2021-06-27 21:11"}
2024-01-30 04:37:48 查询号码 【1740813】，GSD为【"北京-北京"】

2024-01-30 04:37:50 开始第 895 次操作

2024-01-30 04:37:50 开始操作号码 【1740814】
2024-01-30 04:37:55 GSD getOne 第 1 次 等待 3 秒
2024-01-30 04:37:58 查询号码 【1740814】，返回信息 {"status":"ok","msg":"北京-北京","gid":"141719","time_insert":"2021-06-27 21:12"}
2024-01-30 04:37:58 查询号码 【1740814】，GSD为【"北京-北京"】

2024-01-30 04:37:59 开始第 896 次操作

2024-01-30 04:37:59 开始操作号码 【1740815】
2024-01-30 04:38:04 GSD getOne 第 1 次 等待 3 秒
2024-01-30 04:38:07 查询号码 【1740815】，返回信息 {"status":"ok","msg":"北京-北京","gid":"141725","time_insert":"2021-06-27 21:13"}
2024-01-30 04:38:07 查询号码 【1740815】，GSD为【"北京-北京"】

2024-01-30 05:14:09 开始第 897 次操作

2024-01-30 05:14:09 开始操作号码 【1740816】
2024-01-30 05:14:13 GSD getOne 第 1 次 等待 3 秒
2024-01-30 05:14:16 查询号码 【1740816】，返回信息 {"status":"ok","msg":"北京-北京","gid":"141731","time_insert":"2021-06-27 21:14"}
2024-01-30 05:14:16 查询号码 【1740816】，GSD为【"北京-北京"】

2024-01-30 05:14:17 开始第 898 次操作

2024-01-30 05:14:17 开始操作号码 【1740817】
2024-01-30 05:14:21 GSD getOne 第 1 次 等待 3 秒
2024-01-30 05:14:24 查询号码 【1740817】，返回信息 {"status":"ok","msg":"北京-北京","gid":"141736","time_insert":"2021-06-27 21:14"}
2024-01-30 05:14:24 查询号码 【1740817】，GSD为【"北京-北京"】

2024-01-30 05:14:25 开始第 899 次操作

2024-01-30 05:14:25 开始操作号码 【1740818】
2024-01-30 05:14:29 GSD getOne 第 1 次 等待 3 秒
2024-01-30 05:14:32 查询号码 【1740818】，返回信息 {"status":"ok","msg":"北京-北京","gid":"141741","time_insert":"2021-06-27 21:15"}
2024-01-30 05:14:32 查询号码 【1740818】，GSD为【"北京-北京"】

2024-01-30 05:14:33 开始第 900 次操作

2024-01-30 05:14:33 开始操作号码 【1740819】
2024-01-30 05:14:38 GSD getOne 第 1 次 等待 3 秒
2024-01-30 05:14:41 查询号码 【1740819】，返回信息 {"status":"ok","msg":"北京-北京","gid":"141747","time_insert":"2021-06-27 21:16"}
2024-01-30 05:14:41 查询号码 【1740819】，GSD为【"北京-北京"】

2024-01-30 05:37:28 开始第 901 次操作

2024-01-30 05:37:28 开始操作号码 【1740820】
2024-01-30 05:37:33 GSD getOne 第 1 次 等待 3 秒
2024-01-30 05:37:36 查询号码 【1740820】，返回信息 {"status":"ok","msg":"北京-北京","gid":"141753","time_insert":"2021-06-27 21:17"}
2024-01-30 05:37:36 查询号码 【1740820】，GSD为【"北京-北京"】

2024-01-30 05:37:38 开始第 902 次操作

2024-01-30 05:37:38 开始操作号码 【1740821】
2024-01-30 05:37:42 GSD getOne 第 1 次 等待 3 秒
2024-01-30 05:37:45 查询号码 【1740821】，返回信息 {"status":"ok","msg":"北京-北京","gid":"141760","time_insert":"2021-06-27 21:17"}
2024-01-30 05:37:45 查询号码 【1740821】，GSD为【"北京-北京"】

2024-01-30 05:37:46 开始第 903 次操作

2024-01-30 05:37:46 开始操作号码 【1740822】
2024-01-30 05:37:49 GSD getOne 第 1 次 等待 3 秒
2024-01-30 05:37:52 查询号码 【1740822】，返回信息 {"status":"ok","msg":"北京-北京","gid":"141765","time_insert":"2021-06-27 21:18"}
2024-01-30 05:37:53 查询号码 【1740822】，GSD为【"北京-北京"】

2024-01-30 05:37:54 开始第 904 次操作

2024-01-30 05:37:54 开始操作号码 【1740823】
2024-01-30 05:37:57 GSD getOne 第 1 次 等待 3 秒
2024-01-30 05:38:00 查询号码 【1740823】，返回信息 {"status":"ok","msg":"北京-北京","gid":"141772","time_insert":"2021-06-27 21:19"}
2024-01-30 05:38:00 查询号码 【1740823】，GSD为【"北京-北京"】

2024-01-30 06:16:04 开始第 905 次操作

2024-01-30 06:16:04 开始操作号码 【1740824】
2024-01-30 06:16:09 GSD getOne 第 1 次 等待 3 秒
2024-01-30 06:16:12 查询号码 【1740824】，返回信息 {"status":"ok","msg":"北京-北京","gid":"141781","time_insert":"2021-06-27 21:20"}
2024-01-30 06:16:12 查询号码 【1740824】，GSD为【"北京-北京"】

2024-01-30 06:16:13 开始第 906 次操作

2024-01-30 06:16:13 开始操作号码 【1740825】
2024-01-30 06:16:17 GSD getOne 第 1 次 等待 3 秒
2024-01-30 06:16:21 查询号码 【1740825】，返回信息 {"status":"ok","msg":"北京-北京","gid":"141787","time_insert":"2021-06-27 21:20"}
2024-01-30 06:16:21 查询号码 【1740825】，GSD为【"北京-北京"】

2024-01-30 06:16:22 开始第 907 次操作

2024-01-30 06:16:22 开始操作号码 【1740826】
2024-01-30 06:16:25 GSD getOne 第 1 次 等待 3 秒
2024-01-30 06:16:28 查询号码 【1740826】，返回信息 {"status":"ok","msg":"北京-北京","gid":"141796","time_insert":"2021-06-27 21:21"}
2024-01-30 06:16:28 查询号码 【1740826】，GSD为【"北京-北京"】

2024-01-30 06:16:29 开始第 908 次操作

2024-01-30 06:16:29 开始操作号码 【1740827】
2024-01-30 06:16:33 GSD getOne 第 1 次 等待 3 秒
2024-01-30 06:16:36 查询号码 【1740827】，返回信息 {"status":"ok","msg":"北京-北京","gid":"141801","time_insert":"2021-06-27 21:22"}
2024-01-30 06:16:36 查询号码 【1740827】，GSD为【"北京-北京"】

2024-01-30 06:37:28 开始第 909 次操作

2024-01-30 06:37:28 开始操作号码 【1740828】
2024-01-30 06:37:32 GSD getOne 第 1 次 等待 3 秒
2024-01-30 06:37:35 查询号码 【1740828】，返回信息 {"status":"ok","msg":"北京-北京","gid":"141803","time_insert":"2021-06-27 21:23"}
2024-01-30 06:37:35 查询号码 【1740828】，GSD为【"北京-北京"】

2024-01-30 06:37:36 开始第 910 次操作

2024-01-30 06:37:36 开始操作号码 【1740829】
2024-01-30 06:37:40 GSD getOne 第 1 次 等待 3 秒
2024-01-30 06:37:43 查询号码 【1740829】，返回信息 {"status":"ok","msg":"北京-北京","gid":"141807","time_insert":"2021-06-27 21:23"}
2024-01-30 06:37:43 查询号码 【1740829】，GSD为【"北京-北京"】

2024-01-30 06:37:44 开始第 911 次操作

2024-01-30 06:37:44 开始操作号码 【1740830】
2024-01-30 06:37:48 GSD getOne 第 1 次 等待 3 秒
2024-01-30 06:37:51 查询号码 【1740830】，返回信息 {"status":"ok","msg":"北京-北京","gid":"141810","time_insert":"2021-06-27 21:24"}
2024-01-30 06:37:51 查询号码 【1740830】，GSD为【"北京-北京"】

2024-01-30 06:37:52 开始第 912 次操作

2024-01-30 06:37:52 开始操作号码 【1740831】
2024-01-30 06:37:58 GSD getOne 第 1 次 等待 3 秒
2024-01-30 06:38:01 查询号码 【1740831】，返回信息 {"status":"ok","msg":"北京-北京","gid":"141813","time_insert":"2021-06-27 21:25"}
2024-01-30 06:38:01 查询号码 【1740831】，GSD为【"北京-北京"】

2024-01-30 07:17:10 开始第 913 次操作

2024-01-30 07:17:10 开始操作号码 【1740832】
2024-01-30 07:17:13 GSD getOne 第 1 次 等待 3 秒
2024-01-30 07:17:17 查询号码 【1740832】，返回信息 {"status":"ok","msg":"北京-北京","gid":"141815","time_insert":"2021-06-27 21:26"}
2024-01-30 07:17:17 查询号码 【1740832】，GSD为【"北京-北京"】

2024-01-30 07:17:18 开始第 914 次操作

2024-01-30 07:17:18 开始操作号码 【1740833】
2024-01-30 07:17:21 GSD getOne 第 1 次 等待 3 秒
2024-01-30 07:17:24 查询号码 【1740833】，返回信息 {"status":"ok","msg":"北京-北京","gid":"141817","time_insert":"2021-06-27 21:26"}
2024-01-30 07:17:24 查询号码 【1740833】，GSD为【"北京-北京"】

2024-01-30 07:17:25 开始第 915 次操作

2024-01-30 07:17:25 开始操作号码 【1740834】
2024-01-30 07:17:30 GSD getOne 第 1 次 等待 3 秒
2024-01-30 07:17:33 查询号码 【1740834】，返回信息 {"status":"ok","msg":"北京-北京","gid":"141822","time_insert":"2021-06-27 21:27"}
2024-01-30 07:17:33 查询号码 【1740834】，GSD为【"北京-北京"】

2024-01-30 07:17:34 开始第 916 次操作

2024-01-30 07:17:34 开始操作号码 【1740835】
2024-01-30 07:17:38 GSD getOne 第 1 次 等待 3 秒
2024-01-30 07:17:41 查询号码 【1740835】，返回信息 {"status":"ok","msg":"北京-北京","gid":"141827","time_insert":"2021-06-27 21:28"}
2024-01-30 07:17:41 查询号码 【1740835】，GSD为【"北京-北京"】

2024-01-30 07:38:03 开始第 917 次操作

2024-01-30 07:38:03 开始操作号码 【1740836】
2024-01-30 07:38:07 GSD getOne 第 1 次 等待 3 秒
2024-01-30 07:38:10 查询号码 【1740836】，返回信息 {"status":"ok","msg":"北京-北京","gid":"141832","time_insert":"2021-06-27 21:29"}
2024-01-30 07:38:10 查询号码 【1740836】，GSD为【"北京-北京"】

2024-01-30 07:38:12 开始第 918 次操作

2024-01-30 07:38:12 开始操作号码 【1740837】
2024-01-30 07:38:17 GSD getOne 第 1 次 等待 3 秒
2024-01-30 07:38:20 查询号码 【1740837】，返回信息 {"status":"ok","msg":"北京-北京","gid":"141839","time_insert":"2021-06-27 21:29"}
2024-01-30 07:38:20 查询号码 【1740837】，GSD为【"北京-北京"】

2024-01-30 07:38:21 开始第 919 次操作

2024-01-30 07:38:21 开始操作号码 【1740838】
2024-01-30 07:38:25 GSD getOne 第 1 次 等待 3 秒
2024-01-30 07:38:28 查询号码 【1740838】，返回信息 {"status":"ok","msg":"北京-北京","gid":"141843","time_insert":"2021-06-27 21:29"}
2024-01-30 07:38:28 查询号码 【1740838】，GSD为【"北京-北京"】

2024-01-30 07:38:29 开始第 920 次操作

2024-01-30 07:38:29 开始操作号码 【1740839】
2024-01-30 07:38:33 GSD getOne 第 1 次 等待 3 秒
2024-01-30 07:38:36 查询号码 【1740839】，返回信息 {"status":"ok","msg":"北京-北京","gid":"141850","time_insert":"2021-06-27 21:30"}
2024-01-30 07:38:36 查询号码 【1740839】，GSD为【"北京-北京"】

2024-01-30 09:11:05 开始第 921 次操作

2024-01-30 09:11:05 开始操作号码 【1740840】
2024-01-30 09:11:10 GSD getOne 第 1 次 等待 3 秒
2024-01-30 09:11:13 查询号码 【1740840】，返回信息 {"status":"ok","msg":"-","gid":"141964","time_insert":"2021-06-27 21:41"}
2024-01-30 09:11:13 查询号码 【1740840】，GSD为【"-"】
2024-01-30 09:11:13 ok && -
2024-01-30 09:11:16 CHB 1740840?1706577073 第 1 次 等待 3 秒
2024-01-30 09:11:19 CHB 1740840?1706577073 第 1 次 获取到号码【1740840】GSD
2024-01-30 09:11:19 未获取到号码【1740840】GSD，可能号码格式错误
2024-01-30 09:11:19 获取到号码【1740840】的GSD为【-】
2024-01-30 09:11:23 GSD insert 第 1 次 等待 3 秒
2024-01-30 09:11:26 {"status":"bad","gid":"141964","msg":"添加失败！号码【1740840(-|-)】已存在！"}
2024-01-30 09:11:26 随机等待 108 秒，约 1 分钟
2024-01-30 09:11:26 下次操作: 2024-01-30 09:13:14

2024-01-30 09:13:14 开始第 922 次操作

2024-01-30 09:13:14 开始操作号码 【1740841】
2024-01-30 09:13:20 GSD getOne 第 1 次 等待 3 秒
2024-01-30 09:13:23 查询号码 【1740841】，返回信息 {"status":"ok","msg":"-","gid":"141972","time_insert":"2021-06-27 21:42"}
2024-01-30 09:13:23 查询号码 【1740841】，GSD为【"-"】
2024-01-30 09:13:23 ok && -
2024-01-30 09:13:25 CHB 1740841?1706577203 第 1 次 等待 3 秒
2024-01-30 09:13:28 CHB 1740841?1706577203 第 1 次 获取到号码【1740841】GSD
2024-01-30 09:13:28 未获取到号码【1740841】GSD，可能号码格式错误
2024-01-30 09:13:28 获取到号码【1740841】的GSD为【-】
2024-01-30 09:13:33 GSD insert 第 1 次 等待 3 秒
2024-01-30 09:13:36 {"status":"bad","gid":"141972","msg":"添加失败！号码【1740841(-|-)】已存在！"}
2024-01-30 09:13:36 随机等待 151 秒，约 2 分钟
2024-01-30 09:13:36 下次操作: 2024-01-30 09:16:07

2024-01-30 09:16:07 开始第 923 次操作

2024-01-30 09:16:07 开始操作号码 【1740842】
2024-01-30 09:16:11 GSD getOne 第 1 次 等待 3 秒
2024-01-30 09:16:14 查询号码 【1740842】，返回信息 {"status":"ok","msg":"-","gid":"141983","time_insert":"2021-06-27 21:43"}
2024-01-30 09:16:14 查询号码 【1740842】，GSD为【"-"】
2024-01-30 09:16:14 ok && -
2024-01-30 09:16:16 CHB 1740842?1706577374 第 1 次 等待 3 秒
2024-01-30 09:16:19 CHB 1740842?1706577374 第 1 次 获取到号码【1740842】GSD
2024-01-30 09:16:19 未获取到号码【1740842】GSD，可能号码格式错误
2024-01-30 09:16:19 获取到号码【1740842】的GSD为【-】
2024-01-30 09:16:23 GSD insert 第 1 次 等待 3 秒
2024-01-30 09:16:26 {"status":"bad","gid":"141983","msg":"添加失败！号码【1740842(-|-)】已存在！"}
2024-01-30 09:16:26 随机等待 73 秒，约 1 分钟
2024-01-30 09:16:26 下次操作: 2024-01-30 09:17:39

2024-01-30 09:17:39 开始第 924 次操作

2024-01-30 09:17:39 开始操作号码 【1740843】
2024-01-30 09:17:43 GSD getOne 第 1 次 等待 3 秒
2024-01-30 09:17:46 查询号码 【1740843】，返回信息 {"status":"ok","msg":"-","gid":"141995","time_insert":"2021-06-27 21:44"}
2024-01-30 09:17:46 查询号码 【1740843】，GSD为【"-"】
2024-01-30 09:17:46 ok && -
2024-01-30 09:17:49 CHB 1740843?1706577466 第 1 次 等待 3 秒
2024-01-30 09:17:52 CHB 1740843?1706577466 第 1 次 获取到号码【1740843】GSD
2024-01-30 09:17:52 未获取到号码【1740843】GSD，可能号码格式错误
2024-01-30 09:17:52 获取到号码【1740843】的GSD为【-】
2024-01-30 09:17:56 GSD insert 第 1 次 等待 3 秒
2024-01-30 09:17:59 {"status":"bad","gid":"141995","msg":"添加失败！号码【1740843(-|-)】已存在！"}

2024-01-30 10:03:21 开始第 925 次操作

2024-01-30 10:03:21 开始操作号码 【1740844】
2024-01-30 10:03:28 GSD getOne 第 1 次 等待 3 秒
2024-01-30 10:03:31 查询号码 【1740844】，返回信息 {"status":"ok","msg":"-","gid":"142005","time_insert":"2021-06-27 21:44"}
2024-01-30 10:03:31 查询号码 【1740844】，GSD为【"-"】
2024-01-30 10:03:31 ok && -
2024-01-30 10:03:33 CHB 1740844?1706580211 第 1 次 等待 3 秒
2024-01-30 10:03:36 CHB 1740844?1706580211 第 1 次 获取到号码【1740844】GSD
2024-01-30 10:03:36 未获取到号码【1740844】GSD，可能号码格式错误
2024-01-30 10:03:36 获取到号码【1740844】的GSD为【-】
2024-01-30 10:03:40 GSD insert 第 1 次 等待 3 秒
2024-01-30 10:03:43 {"status":"bad","gid":"142005","msg":"添加失败！号码【1740844(-|-)】已存在！"}
2024-01-30 10:03:43 随机等待 162 秒，约 2 分钟
2024-01-30 10:03:43 下次操作: 2024-01-30 10:06:25

2024-01-30 10:06:25 开始第 926 次操作

2024-01-30 10:06:25 开始操作号码 【1740845】
2024-01-30 10:06:29 GSD getOne 第 1 次 等待 3 秒
2024-01-30 10:06:32 查询号码 【1740845】，返回信息 {"status":"ok","msg":"-","gid":"142019","time_insert":"2021-06-27 21:45"}
2024-01-30 10:06:32 查询号码 【1740845】，GSD为【"-"】
2024-01-30 10:06:32 ok && -
2024-01-30 10:06:34 CHB 1740845?1706580392 第 1 次 等待 3 秒
2024-01-30 10:06:37 CHB 1740845?1706580392 第 1 次 获取到号码【1740845】GSD
2024-01-30 10:06:37 未获取到号码【1740845】GSD，可能号码格式错误
2024-01-30 10:06:37 获取到号码【1740845】的GSD为【-】
2024-01-30 10:06:41 GSD insert 第 1 次 等待 3 秒
2024-01-30 10:06:44 {"status":"bad","gid":"142019","msg":"添加失败！号码【1740845(-|-)】已存在！"}
2024-01-30 10:06:44 随机等待 100 秒，约 1 分钟
2024-01-30 10:06:44 下次操作: 2024-01-30 10:08:24

2024-01-30 10:08:24 开始第 927 次操作

2024-01-30 10:08:24 开始操作号码 【1740846】
2024-01-30 10:08:28 GSD getOne 第 1 次 等待 3 秒
2024-01-30 10:08:31 查询号码 【1740846】，返回信息 {"status":"ok","msg":"-","gid":"142028","time_insert":"2021-06-27 21:46"}
2024-01-30 10:08:31 查询号码 【1740846】，GSD为【"-"】
2024-01-30 10:08:31 ok && -
2024-01-30 10:08:37 CHB 1740846?1706580511 第 1 次 等待 3 秒
2024-01-30 10:08:40 CHB 1740846?1706580511 第 1 次 获取到号码【1740846】GSD
2024-01-30 10:08:40 未获取到号码【1740846】GSD，可能号码格式错误
2024-01-30 10:08:40 获取到号码【1740846】的GSD为【-】
2024-01-30 10:08:43 GSD insert 第 1 次 等待 3 秒
2024-01-30 10:08:46 {"status":"bad","gid":"142028","msg":"添加失败！号码【1740846(-|-)】已存在！"}
2024-01-30 10:08:46 随机等待 169 秒，约 2 分钟
2024-01-30 10:08:46 下次操作: 2024-01-30 10:11:35

2024-01-30 10:11:36 开始第 928 次操作

2024-01-30 10:11:36 开始操作号码 【1740847】
2024-01-30 10:11:39 GSD getOne 第 1 次 等待 3 秒
2024-01-30 10:11:42 查询号码 【1740847】，返回信息 {"status":"ok","msg":"-","gid":"142040","time_insert":"2021-06-27 21:47"}
2024-01-30 10:11:42 查询号码 【1740847】，GSD为【"-"】
2024-01-30 10:11:42 ok && -
2024-01-30 10:11:44 CHB 1740847?1706580702 第 1 次 等待 3 秒
2024-01-30 10:11:47 CHB 1740847?1706580702 第 1 次 获取到号码【1740847】GSD
2024-01-30 10:11:47 未获取到号码【1740847】GSD，可能号码格式错误
2024-01-30 10:11:47 获取到号码【1740847】的GSD为【-】
2024-01-30 10:11:51 GSD insert 第 1 次 等待 3 秒
2024-01-30 10:11:54 {"status":"bad","gid":"142040","msg":"添加失败！号码【1740847(-|-)】已存在！"}

2024-01-30 10:37:39 开始第 929 次操作

2024-01-30 10:37:39 开始操作号码 【1740848】
2024-01-30 10:37:44 GSD getOne 第 1 次 等待 3 秒
2024-01-30 10:37:47 查询号码 【1740848】，返回信息 {"status":"ok","msg":"-","gid":"142049","time_insert":"2021-06-27 21:48"}
2024-01-30 10:37:48 查询号码 【1740848】，GSD为【"-"】
2024-01-30 10:37:48 ok && -
2024-01-30 10:37:50 CHB 1740848?1706582268 第 1 次 等待 3 秒
2024-01-30 10:37:53 CHB 1740848?1706582268 第 1 次 获取到号码【1740848】GSD
2024-01-30 10:37:53 未获取到号码【1740848】GSD，可能号码格式错误
2024-01-30 10:37:53 获取到号码【1740848】的GSD为【-】
2024-01-30 10:37:57 GSD insert 第 1 次 等待 3 秒
2024-01-30 10:38:00 {"status":"bad","gid":"142049","msg":"添加失败！号码【1740848(-|-)】已存在！"}
2024-01-30 10:38:00 随机等待 142 秒，约 2 分钟
2024-01-30 10:38:00 下次操作: 2024-01-30 10:40:22

2024-01-30 10:40:22 开始第 930 次操作

2024-01-30 10:40:22 开始操作号码 【1740849】
2024-01-30 10:40:26 GSD getOne 第 1 次 等待 3 秒
2024-01-30 10:40:29 查询号码 【1740849】，返回信息 {"status":"ok","msg":"-","gid":"142064","time_insert":"2021-06-27 21:48"}
2024-01-30 10:40:29 查询号码 【1740849】，GSD为【"-"】
2024-01-30 10:40:29 ok && -
2024-01-30 10:40:31 CHB 1740849?1706582429 第 1 次 等待 3 秒
2024-01-30 10:40:34 CHB 1740849?1706582429 第 1 次 获取到号码【1740849】GSD
2024-01-30 10:40:34 未获取到号码【1740849】GSD，可能号码格式错误
2024-01-30 10:40:34 获取到号码【1740849】的GSD为【-】
2024-01-30 10:40:38 GSD insert 第 1 次 等待 3 秒
2024-01-30 10:40:41 {"status":"bad","gid":"142064","msg":"添加失败！号码【1740849(-|-)】已存在！"}
2024-01-30 10:40:42 随机等待 80 秒，约 1 分钟
2024-01-30 10:40:42 下次操作: 2024-01-30 10:42:02

2024-01-30 10:42:02 开始第 931 次操作

2024-01-30 10:42:02 开始操作号码 【1740850】
2024-01-30 10:42:06 GSD getOne 第 1 次 等待 3 秒
2024-01-30 10:42:09 查询号码 【1740850】，返回信息 {"status":"ok","msg":"-","gid":"142075","time_insert":"2021-06-27 21:49"}
2024-01-30 10:42:09 查询号码 【1740850】，GSD为【"-"】
2024-01-30 10:42:09 ok && -
2024-01-30 10:42:11 CHB 1740850?1706582529 第 1 次 等待 3 秒
2024-01-30 10:42:14 CHB 1740850?1706582529 第 1 次 获取到号码【1740850】GSD
2024-01-30 10:42:14 未获取到号码【1740850】GSD，可能号码格式错误
2024-01-30 10:42:14 获取到号码【1740850】的GSD为【-】
2024-01-30 10:42:19 GSD insert 第 1 次 等待 3 秒
2024-01-30 10:42:22 {"status":"bad","gid":"142075","msg":"添加失败！号码【1740850(-|-)】已存在！"}
2024-01-30 10:42:22 随机等待 151 秒，约 2 分钟
2024-01-30 10:42:22 下次操作: 2024-01-30 10:44:53

2024-01-30 10:44:53 开始第 932 次操作

2024-01-30 10:44:53 开始操作号码 【1740851】
2024-01-30 10:44:57 GSD getOne 第 1 次 等待 3 秒
2024-01-30 10:45:00 查询号码 【1740851】，返回信息 {"status":"ok","msg":"-","gid":"142087","time_insert":"2021-06-27 21:50"}
2024-01-30 10:45:01 查询号码 【1740851】，GSD为【"-"】
2024-01-30 10:45:01 ok && -
2024-01-30 10:45:02 CHB 1740851?1706582701 第 1 次 等待 3 秒
2024-01-30 10:45:05 CHB 1740851?1706582701 第 1 次 获取到号码【1740851】GSD
2024-01-30 10:45:05 未获取到号码【1740851】GSD，可能号码格式错误
2024-01-30 10:45:05 获取到号码【1740851】的GSD为【-】
2024-01-30 10:45:09 GSD insert 第 1 次 等待 3 秒
2024-01-30 10:45:12 {"status":"bad","gid":"142087","msg":"添加失败！号码【1740851(-|-)】已存在！"}

2024-01-30 11:16:31 开始第 933 次操作

2024-01-30 11:16:31 开始操作号码 【1740852】
2024-01-30 11:16:35 GSD getOne 第 1 次 等待 3 秒
2024-01-30 11:16:38 查询号码 【1740852】，返回信息 {"status":"ok","msg":"-","gid":"142098","time_insert":"2021-06-27 21:51"}
2024-01-30 11:16:38 查询号码 【1740852】，GSD为【"-"】
2024-01-30 11:16:38 ok && -
2024-01-30 11:16:41 CHB 1740852?1706584598 第 1 次 等待 3 秒
2024-01-30 11:16:44 CHB 1740852?1706584598 第 1 次 获取到号码【1740852】GSD
2024-01-30 11:16:44 未获取到号码【1740852】GSD，可能号码格式错误
2024-01-30 11:16:44 获取到号码【1740852】的GSD为【-】
2024-01-30 11:16:48 GSD insert 第 1 次 等待 3 秒
2024-01-30 11:16:51 {"status":"bad","gid":"142098","msg":"添加失败！号码【1740852(-|-)】已存在！"}
2024-01-30 11:16:51 随机等待 193 秒，约 3 分钟
2024-01-30 11:16:51 下次操作: 2024-01-30 11:20:04

2024-01-30 11:20:04 开始第 934 次操作

2024-01-30 11:20:04 开始操作号码 【1740853】
2024-01-30 11:20:08 GSD getOne 第 1 次 等待 3 秒
2024-01-30 11:20:11 查询号码 【1740853】，返回信息 {"status":"ok","msg":"-","gid":"142109","time_insert":"2021-06-27 21:51"}
2024-01-30 11:20:11 查询号码 【1740853】，GSD为【"-"】
2024-01-30 11:20:11 ok && -
2024-01-30 11:20:13 CHB 1740853?1706584811 第 1 次 等待 3 秒
2024-01-30 11:20:16 CHB 1740853?1706584811 第 1 次 获取到号码【1740853】GSD
2024-01-30 11:20:16 未获取到号码【1740853】GSD，可能号码格式错误
2024-01-30 11:20:16 获取到号码【1740853】的GSD为【-】
2024-01-30 11:20:20 GSD insert 第 1 次 等待 3 秒
2024-01-30 11:20:23 {"status":"bad","gid":"142109","msg":"添加失败！号码【1740853(-|-)】已存在！"}
2024-01-30 11:20:23 随机等待 137 秒，约 2 分钟
2024-01-30 11:20:23 下次操作: 2024-01-30 11:22:40

2024-01-30 11:22:40 开始第 935 次操作

2024-01-30 11:22:40 开始操作号码 【1740854】
2024-01-30 11:22:45 GSD getOne 第 1 次 等待 3 秒
2024-01-30 11:22:48 查询号码 【1740854】，返回信息 {"status":"ok","msg":"-","gid":"142119","time_insert":"2021-06-27 21:52"}
2024-01-30 11:22:48 查询号码 【1740854】，GSD为【"-"】
2024-01-30 11:22:48 ok && -
2024-01-30 11:22:50 CHB 1740854?1706584968 第 1 次 等待 3 秒
2024-01-30 11:22:53 CHB 1740854?1706584968 第 1 次 获取到号码【1740854】GSD
2024-01-30 11:22:53 未获取到号码【1740854】GSD，可能号码格式错误
2024-01-30 11:22:53 获取到号码【1740854】的GSD为【-】
2024-01-30 11:22:59 GSD insert 第 1 次 等待 3 秒
2024-01-30 11:23:02 {"status":"bad","gid":"142119","msg":"添加失败！号码【1740854(-|-)】已存在！"}
2024-01-30 11:23:02 随机等待 86 秒，约 1 分钟
2024-01-30 11:23:02 下次操作: 2024-01-30 11:24:28

2024-01-30 11:24:28 开始第 936 次操作

2024-01-30 11:24:28 开始操作号码 【1740855】
2024-01-30 11:24:33 GSD getOne 第 1 次 等待 3 秒
2024-01-30 11:24:36 查询号码 【1740855】，返回信息 {"status":"ok","msg":"-","gid":"142130","time_insert":"2021-06-27 21:53"}
2024-01-30 11:24:36 查询号码 【1740855】，GSD为【"-"】
2024-01-30 11:24:36 ok && -
2024-01-30 11:24:38 CHB 1740855?1706585076 第 1 次 等待 3 秒
2024-01-30 11:24:41 CHB 1740855?1706585076 第 1 次 获取到号码【1740855】GSD
2024-01-30 11:24:41 未获取到号码【1740855】GSD，可能号码格式错误
2024-01-30 11:24:41 获取到号码【1740855】的GSD为【-】
2024-01-30 11:24:45 GSD insert 第 1 次 等待 3 秒
2024-01-30 11:24:48 {"status":"bad","gid":"142130","msg":"添加失败！号码【1740855(-|-)】已存在！"}

2024-01-30 11:38:46 开始第 937 次操作

2024-01-30 11:38:46 开始操作号码 【1740856】
2024-01-30 11:38:51 GSD getOne 第 1 次 等待 3 秒
2024-01-30 11:38:54 查询号码 【1740856】，返回信息 {"status":"ok","msg":"-","gid":"142138","time_insert":"2021-06-27 21:54"}
2024-01-30 11:38:54 查询号码 【1740856】，GSD为【"-"】
2024-01-30 11:38:54 ok && -
2024-01-30 11:38:56 CHB 1740856?1706585934 第 1 次 等待 3 秒
2024-01-30 11:38:59 CHB 1740856?1706585934 第 1 次 获取到号码【1740856】GSD
2024-01-30 11:38:59 未获取到号码【1740856】GSD，可能号码格式错误
2024-01-30 11:38:59 获取到号码【1740856】的GSD为【-】
2024-01-30 11:39:04 GSD insert 第 1 次 等待 3 秒
2024-01-30 11:39:07 {"status":"bad","gid":"142138","msg":"添加失败！号码【1740856(-|-)】已存在！"}
2024-01-30 11:39:07 随机等待 164 秒，约 2 分钟
2024-01-30 11:39:07 下次操作: 2024-01-30 11:41:51

2024-01-30 11:41:51 开始第 938 次操作

2024-01-30 11:41:51 开始操作号码 【1740857】
2024-01-30 11:41:55 GSD getOne 第 1 次 等待 3 秒
2024-01-30 11:41:58 查询号码 【1740857】，返回信息 {"status":"ok","msg":"-","gid":"142150","time_insert":"2021-06-27 21:55"}
2024-01-30 11:41:58 查询号码 【1740857】，GSD为【"-"】
2024-01-30 11:41:58 ok && -
2024-01-30 11:42:00 CHB 1740857?1706586118 第 1 次 等待 3 秒
2024-01-30 11:42:03 CHB 1740857?1706586118 第 1 次 获取到号码【1740857】GSD
2024-01-30 11:42:03 未获取到号码【1740857】GSD，可能号码格式错误
2024-01-30 11:42:03 获取到号码【1740857】的GSD为【-】
2024-01-30 11:42:07 GSD insert 第 1 次 等待 3 秒
2024-01-30 11:42:10 {"status":"bad","gid":"142150","msg":"添加失败！号码【1740857(-|-)】已存在！"}
2024-01-30 11:42:10 随机等待 131 秒，约 2 分钟
2024-01-30 11:42:10 下次操作: 2024-01-30 11:44:21

2024-01-30 11:44:21 开始第 939 次操作

2024-01-30 11:44:21 开始操作号码 【1740858】
2024-01-30 11:44:25 GSD getOne 第 1 次 等待 3 秒
2024-01-30 11:44:28 查询号码 【1740858】，返回信息 {"status":"ok","msg":"-","gid":"142156","time_insert":"2021-06-27 21:55"}
2024-01-30 11:44:28 查询号码 【1740858】，GSD为【"-"】
2024-01-30 11:44:28 ok && -
2024-01-30 11:44:30 CHB 1740858?1706586268 第 1 次 等待 3 秒
2024-01-30 11:44:33 CHB 1740858?1706586268 第 1 次 获取到号码【1740858】GSD
2024-01-30 11:44:33 未获取到号码【1740858】GSD，可能号码格式错误
2024-01-30 11:44:33 获取到号码【1740858】的GSD为【-】
2024-01-30 11:44:37 GSD insert 第 1 次 等待 3 秒
2024-01-30 11:44:40 {"status":"bad","gid":"142156","msg":"添加失败！号码【1740858(-|-)】已存在！"}
2024-01-30 11:44:40 随机等待 78 秒，约 1 分钟
2024-01-30 11:44:40 下次操作: 2024-01-30 11:45:58

2024-01-30 11:45:58 开始第 940 次操作

2024-01-30 11:45:58 开始操作号码 【1740859】
2024-01-30 11:46:02 GSD getOne 第 1 次 等待 3 秒
2024-01-30 11:46:05 查询号码 【1740859】，返回信息 {"status":"ok","msg":"-","gid":"142160","time_insert":"2021-06-27 21:56"}
2024-01-30 11:46:05 查询号码 【1740859】，GSD为【"-"】
2024-01-30 11:46:05 ok && -
2024-01-30 11:46:08 CHB 1740859?1706586365 第 1 次 等待 3 秒
2024-01-30 11:46:11 CHB 1740859?1706586365 第 1 次 获取到号码【1740859】GSD
2024-01-30 11:46:11 未获取到号码【1740859】GSD，可能号码格式错误
2024-01-30 11:46:11 获取到号码【1740859】的GSD为【-】
2024-01-30 11:46:15 GSD insert 第 1 次 等待 3 秒
2024-01-30 11:46:18 {"status":"bad","gid":"142160","msg":"添加失败！号码【1740859(-|-)】已存在！"}

2024-01-30 12:18:39 开始第 941 次操作

2024-01-30 12:18:39 开始操作号码 【1740860】
2024-01-30 12:18:43 GSD getOne 第 1 次 等待 3 秒
2024-01-30 12:18:46 查询号码 【1740860】，返回信息 {"status":"ok","msg":"-","gid":"142164","time_insert":"2021-06-27 21:57"}
2024-01-30 12:18:46 查询号码 【1740860】，GSD为【"-"】
2024-01-30 12:18:46 ok && -
2024-01-30 12:18:49 CHB 1740860?1706588326 第 1 次 等待 3 秒
2024-01-30 12:18:52 CHB 1740860?1706588326 第 1 次 获取到号码【1740860】GSD
2024-01-30 12:18:52 未获取到号码【1740860】GSD，可能号码格式错误
2024-01-30 12:18:52 获取到号码【1740860】的GSD为【-】
2024-01-30 12:18:56 GSD insert 第 1 次 等待 3 秒
2024-01-30 12:18:59 {"status":"bad","gid":"142164","msg":"添加失败！号码【1740860(-|-)】已存在！"}
2024-01-30 12:18:59 随机等待 210 秒，约 3 分钟
2024-01-30 12:18:59 下次操作: 2024-01-30 12:22:29

2024-01-30 12:22:29 开始第 942 次操作

2024-01-30 12:22:29 开始操作号码 【1740861】
2024-01-30 12:22:33 GSD getOne 第 1 次 等待 3 秒
2024-01-30 12:22:36 查询号码 【1740861】，返回信息 {"status":"ok","msg":"-","gid":"142169","time_insert":"2021-06-27 21:58"}
2024-01-30 12:22:36 查询号码 【1740861】，GSD为【"-"】
2024-01-30 12:22:36 ok && -
2024-01-30 12:22:38 CHB 1740861?1706588556 第 1 次 等待 3 秒
2024-01-30 12:22:41 CHB 1740861?1706588556 第 1 次 获取到号码【1740861】GSD
2024-01-30 12:22:41 未获取到号码【1740861】GSD，可能号码格式错误
2024-01-30 12:22:41 获取到号码【1740861】的GSD为【-】
2024-01-30 12:22:45 GSD insert 第 1 次 等待 3 秒
2024-01-30 12:22:48 {"status":"bad","gid":"142169","msg":"添加失败！号码【1740861(-|-)】已存在！"}
2024-01-30 12:22:48 随机等待 197 秒，约 3 分钟
2024-01-30 12:22:48 下次操作: 2024-01-30 12:26:05

2024-01-30 12:26:05 开始第 943 次操作

2024-01-30 12:26:05 开始操作号码 【1740862】
2024-01-30 12:26:10 GSD getOne 第 1 次 等待 3 秒
2024-01-30 12:26:13 查询号码 【1740862】，返回信息 {"status":"ok","msg":"-","gid":"142174","time_insert":"2021-06-27 21:59"}
2024-01-30 12:26:13 查询号码 【1740862】，GSD为【"-"】
2024-01-30 12:26:13 ok && -
2024-01-30 12:26:15 CHB 1740862?1706588773 第 1 次 等待 3 秒
2024-01-30 12:26:18 CHB 1740862?1706588773 第 1 次 获取到号码【1740862】GSD
2024-01-30 12:26:19 未获取到号码【1740862】GSD，可能号码格式错误
2024-01-30 12:26:19 获取到号码【1740862】的GSD为【-】
2024-01-30 12:26:23 GSD insert 第 1 次 等待 3 秒
2024-01-30 12:26:26 {"status":"bad","gid":"142174","msg":"添加失败！号码【1740862(-|-)】已存在！"}
2024-01-30 12:26:26 随机等待 75 秒，约 1 分钟
2024-01-30 12:26:26 下次操作: 2024-01-30 12:27:41

2024-01-30 12:27:41 开始第 944 次操作

2024-01-30 12:27:41 开始操作号码 【1740863】
2024-01-30 12:27:45 GSD getOne 第 1 次 等待 3 秒
2024-01-30 12:27:48 查询号码 【1740863】，返回信息 {"status":"ok","msg":"-","gid":"142182","time_insert":"2021-06-27 21:59"}
2024-01-30 12:27:48 查询号码 【1740863】，GSD为【"-"】
2024-01-30 12:27:48 ok && -
2024-01-30 12:27:51 CHB 1740863?1706588868 第 1 次 等待 3 秒
2024-01-30 12:27:54 CHB 1740863?1706588868 第 1 次 获取到号码【1740863】GSD
2024-01-30 12:27:54 未获取到号码【1740863】GSD，可能号码格式错误
2024-01-30 12:27:54 获取到号码【1740863】的GSD为【-】
2024-01-30 12:27:58 GSD insert 第 1 次 等待 3 秒
2024-01-30 12:28:01 {"status":"bad","gid":"142182","msg":"添加失败！号码【1740863(-|-)】已存在！"}

2024-01-30 12:37:38 开始第 945 次操作

2024-01-30 12:37:38 开始操作号码 【1740864】
2024-01-30 12:37:42 GSD getOne 第 1 次 等待 3 秒
2024-01-30 12:37:45 查询号码 【1740864】，返回信息 {"status":"ok","msg":"-","gid":"142188","time_insert":"2021-06-27 22:00"}
2024-01-30 12:37:45 查询号码 【1740864】，GSD为【"-"】
2024-01-30 12:37:45 ok && -
2024-01-30 12:37:47 CHB 1740864?1706589465 第 1 次 等待 3 秒
2024-01-30 12:37:50 CHB 1740864?1706589465 第 1 次 获取到号码【1740864】GSD
2024-01-30 12:37:50 未获取到号码【1740864】GSD，可能号码格式错误
2024-01-30 12:37:50 获取到号码【1740864】的GSD为【-】
2024-01-30 12:37:54 GSD insert 第 1 次 等待 3 秒
2024-01-30 12:37:57 {"status":"bad","gid":"142188","msg":"添加失败！号码【1740864(-|-)】已存在！"}
2024-01-30 12:37:57 随机等待 230 秒，约 3 分钟
2024-01-30 12:37:57 下次操作: 2024-01-30 12:41:47

2024-01-30 12:41:47 开始第 946 次操作

2024-01-30 12:41:47 开始操作号码 【1740865】
2024-01-30 12:41:50 GSD getOne 第 1 次 等待 3 秒
2024-01-30 12:41:53 查询号码 【1740865】，返回信息 {"status":"ok","msg":"-","gid":"142195","time_insert":"2021-06-27 22:01"}
2024-01-30 12:41:54 查询号码 【1740865】，GSD为【"-"】
2024-01-30 12:41:54 ok && -
2024-01-30 12:41:55 CHB 1740865?1706589714 第 1 次 等待 3 秒
2024-01-30 12:41:58 CHB 1740865?1706589714 第 1 次 获取到号码【1740865】GSD
2024-01-30 12:41:58 未获取到号码【1740865】GSD，可能号码格式错误
2024-01-30 12:41:58 获取到号码【1740865】的GSD为【-】
2024-01-30 12:42:02 GSD insert 第 1 次 等待 3 秒
2024-01-30 12:42:05 {"status":"bad","gid":"142195","msg":"添加失败！号码【1740865(-|-)】已存在！"}
2024-01-30 12:42:05 随机等待 220 秒，约 3 分钟
2024-01-30 12:42:05 下次操作: 2024-01-30 12:45:45

2024-01-30 12:45:45 开始第 947 次操作

2024-01-30 12:45:45 开始操作号码 【1740866】
2024-01-30 12:45:49 GSD getOne 第 1 次 等待 3 秒
2024-01-30 12:45:52 查询号码 【1740866】，返回信息 {"status":"ok","msg":"-","gid":"142200","time_insert":"2021-06-27 22:02"}
2024-01-30 12:45:52 查询号码 【1740866】，GSD为【"-"】
2024-01-30 12:45:52 ok && -
2024-01-30 12:45:54 CHB 1740866?1706589952 第 1 次 等待 3 秒
2024-01-30 12:45:57 CHB 1740866?1706589952 第 1 次 获取到号码【1740866】GSD
2024-01-30 12:45:57 未获取到号码【1740866】GSD，可能号码格式错误
2024-01-30 12:45:57 获取到号码【1740866】的GSD为【-】
2024-01-30 12:46:00 GSD insert 第 1 次 等待 3 秒
2024-01-30 12:46:03 {"status":"bad","gid":"142200","msg":"添加失败！号码【1740866(-|-)】已存在！"}
2024-01-30 12:46:03 随机等待 152 秒，约 2 分钟
2024-01-30 12:46:03 下次操作: 2024-01-30 12:48:35

2024-01-30 12:48:35 开始第 948 次操作

2024-01-30 12:48:35 开始操作号码 【1740867】
2024-01-30 12:48:39 GSD getOne 第 1 次 等待 3 秒
2024-01-30 12:48:42 查询号码 【1740867】，返回信息 {"status":"ok","msg":"-","gid":"142205","time_insert":"2021-06-27 22:03"}
2024-01-30 12:48:42 查询号码 【1740867】，GSD为【"-"】
2024-01-30 12:48:42 ok && -
2024-01-30 12:48:45 CHB 1740867?1706590122 第 1 次 等待 3 秒
2024-01-30 12:48:48 CHB 1740867?1706590122 第 1 次 获取到号码【1740867】GSD
2024-01-30 12:48:48 未获取到号码【1740867】GSD，可能号码格式错误
2024-01-30 12:48:48 获取到号码【1740867】的GSD为【-】
2024-01-30 12:48:51 GSD insert 第 1 次 等待 3 秒
2024-01-30 12:48:54 {"status":"bad","gid":"142205","msg":"添加失败！号码【1740867(-|-)】已存在！"}

2024-01-30 13:16:04 开始第 949 次操作

2024-01-30 13:16:04 开始操作号码 【1740868】
2024-01-30 13:16:08 GSD getOne 第 1 次 等待 3 秒
2024-01-30 13:16:11 查询号码 【1740868】，返回信息 {"status":"ok","msg":"-","gid":"142212","time_insert":"2021-06-27 22:03"}
2024-01-30 13:16:11 查询号码 【1740868】，GSD为【"-"】
2024-01-30 13:16:11 ok && -
2024-01-30 13:16:14 CHB 1740868?1706591771 第 1 次 等待 3 秒
2024-01-30 13:16:17 CHB 1740868?1706591771 第 1 次 获取到号码【1740868】GSD
2024-01-30 13:16:17 未获取到号码【1740868】GSD，可能号码格式错误
2024-01-30 13:16:17 获取到号码【1740868】的GSD为【-】
2024-01-30 13:16:21 GSD insert 第 1 次 等待 3 秒
2024-01-30 13:16:24 {"status":"bad","gid":"142212","msg":"添加失败！号码【1740868(-|-)】已存在！"}
2024-01-30 13:16:24 随机等待 127 秒，约 2 分钟
2024-01-30 13:16:24 下次操作: 2024-01-30 13:18:31

2024-01-30 13:18:31 开始第 950 次操作

2024-01-30 13:18:31 开始操作号码 【1740869】
2024-01-30 13:18:35 GSD getOne 第 1 次 等待 3 秒
2024-01-30 13:18:38 查询号码 【1740869】，返回信息 {"status":"ok","msg":"-","gid":"142217","time_insert":"2021-06-27 22:04"}
2024-01-30 13:18:38 查询号码 【1740869】，GSD为【"-"】
2024-01-30 13:18:38 ok && -
2024-01-30 13:18:41 CHB 1740869?1706591918 第 1 次 等待 3 秒
2024-01-30 13:18:44 CHB 1740869?1706591918 第 1 次 获取到号码【1740869】GSD
2024-01-30 13:18:44 未获取到号码【1740869】GSD，可能号码格式错误
2024-01-30 13:18:44 获取到号码【1740869】的GSD为【-】
2024-01-30 13:18:48 GSD insert 第 1 次 等待 3 秒
2024-01-30 13:18:51 {"status":"bad","gid":"142217","msg":"添加失败！号码【1740869(-|-)】已存在！"}
2024-01-30 13:18:51 随机等待 123 秒，约 2 分钟
2024-01-30 13:18:51 下次操作: 2024-01-30 13:20:54

2024-01-30 13:20:54 开始第 951 次操作

2024-01-30 13:20:54 开始操作号码 【1740870】
2024-01-30 13:20:58 GSD getOne 第 1 次 等待 3 秒
2024-01-30 13:21:02 查询号码 【1740870】，返回信息 {"status":"ok","msg":"-","gid":"142291","time_insert":"2021-06-27 22:34"}
2024-01-30 13:21:02 查询号码 【1740870】，GSD为【"-"】
2024-01-30 13:21:02 ok && -
2024-01-30 13:21:04 CHB 1740870?1706592062 第 1 次 等待 3 秒
2024-01-30 13:21:07 CHB 1740870?1706592062 第 1 次 获取到号码【1740870】GSD
2024-01-30 13:21:07 未获取到号码【1740870】GSD，可能号码格式错误
2024-01-30 13:21:07 获取到号码【1740870】的GSD为【-】
2024-01-30 13:21:11 GSD insert 第 1 次 等待 3 秒
2024-01-30 13:21:14 {"status":"bad","gid":"142291","msg":"添加失败！号码【1740870(-|-)】已存在！"}
2024-01-30 13:21:14 随机等待 192 秒，约 3 分钟
2024-01-30 13:21:14 下次操作: 2024-01-30 13:24:26

2024-01-30 13:24:26 开始第 952 次操作

2024-01-30 13:24:26 开始操作号码 【1740871】
2024-01-30 13:24:30 GSD getOne 第 1 次 等待 3 秒
2024-01-30 13:24:33 查询号码 【1740871】，返回信息 {"status":"ok","msg":"-","gid":"142296","time_insert":"2021-06-27 22:35"}
2024-01-30 13:24:33 查询号码 【1740871】，GSD为【"-"】
2024-01-30 13:24:33 ok && -
2024-01-30 13:24:36 CHB 1740871?1706592273 第 1 次 等待 3 秒
2024-01-30 13:24:39 CHB 1740871?1706592273 第 1 次 获取到号码【1740871】GSD
2024-01-30 13:24:39 未获取到号码【1740871】GSD，可能号码格式错误
2024-01-30 13:24:39 获取到号码【1740871】的GSD为【-】
2024-01-30 13:24:43 GSD insert 第 1 次 等待 3 秒
2024-01-30 13:24:46 {"status":"bad","gid":"142296","msg":"添加失败！号码【1740871(-|-)】已存在！"}

2024-01-30 13:37:41 开始第 953 次操作

2024-01-30 13:37:41 开始操作号码 【1740872】
2024-01-30 13:37:48 GSD getOne 第 1 次 等待 3 秒
2024-01-30 13:37:51 查询号码 【1740872】，返回信息 {"status":"ok","msg":"-","gid":"142301","time_insert":"2021-06-27 22:35"}
2024-01-30 13:37:51 查询号码 【1740872】，GSD为【"-"】
2024-01-30 13:37:51 ok && -
2024-01-30 13:37:53 CHB 1740872?1706593071 第 1 次 等待 3 秒
2024-01-30 13:37:56 CHB 1740872?1706593071 第 1 次 获取到号码【1740872】GSD
2024-01-30 13:37:56 未获取到号码【1740872】GSD，可能号码格式错误
2024-01-30 13:37:56 获取到号码【1740872】的GSD为【-】
2024-01-30 13:38:00 GSD insert 第 1 次 等待 3 秒
2024-01-30 13:38:03 {"status":"bad","gid":"142301","msg":"添加失败！号码【1740872(-|-)】已存在！"}
2024-01-30 13:38:03 随机等待 212 秒，约 3 分钟
2024-01-30 13:38:03 下次操作: 2024-01-30 13:41:35

2024-01-30 13:41:35 开始第 954 次操作

2024-01-30 13:41:35 开始操作号码 【1740873】
2024-01-30 13:41:40 GSD getOne 第 1 次 等待 3 秒
2024-01-30 13:41:43 查询号码 【1740873】，返回信息 {"status":"ok","msg":"-","gid":"142307","time_insert":"2021-06-27 22:36"}
2024-01-30 13:41:43 查询号码 【1740873】，GSD为【"-"】
2024-01-30 13:41:43 ok && -
2024-01-30 13:41:44 CHB 1740873?1706593303 第 1 次 等待 3 秒
2024-01-30 13:41:47 CHB 1740873?1706593303 第 1 次 获取到号码【1740873】GSD
2024-01-30 13:41:47 未获取到号码【1740873】GSD，可能号码格式错误
2024-01-30 13:41:47 获取到号码【1740873】的GSD为【-】
2024-01-30 13:41:51 GSD insert 第 1 次 等待 3 秒
2024-01-30 13:41:54 {"status":"bad","gid":"142307","msg":"添加失败！号码【1740873(-|-)】已存在！"}
2024-01-30 13:41:54 随机等待 210 秒，约 3 分钟
2024-01-30 13:41:54 下次操作: 2024-01-30 13:45:24

2024-01-30 13:45:24 开始第 955 次操作

2024-01-30 13:45:24 开始操作号码 【1740874】
2024-01-30 13:45:31 GSD getOne 第 1 次 等待 3 秒
2024-01-30 13:45:34 查询号码 【1740874】，返回信息 {"status":"ok","msg":"-","gid":"142315","time_insert":"2021-06-27 22:37"}
2024-01-30 13:45:34 查询号码 【1740874】，GSD为【"-"】
2024-01-30 13:45:34 ok && -
2024-01-30 13:45:36 CHB 1740874?1706593534 第 1 次 等待 3 秒
2024-01-30 13:45:39 CHB 1740874?1706593534 第 1 次 获取到号码【1740874】GSD
2024-01-30 13:45:39 未获取到号码【1740874】GSD，可能号码格式错误
2024-01-30 13:45:39 获取到号码【1740874】的GSD为【-】
2024-01-30 13:45:43 GSD insert 第 1 次 等待 3 秒
2024-01-30 13:45:46 {"status":"bad","gid":"142315","msg":"添加失败！号码【1740874(-|-)】已存在！"}
2024-01-30 13:45:46 随机等待 97 秒，约 1 分钟
2024-01-30 13:45:46 下次操作: 2024-01-30 13:47:23

2024-01-30 13:47:23 开始第 956 次操作

2024-01-30 13:47:23 开始操作号码 【1740875】
2024-01-30 13:47:26 GSD getOne 第 1 次 等待 3 秒
2024-01-30 13:47:29 查询号码 【1740875】，返回信息 {"status":"ok","msg":"-","gid":"142322","time_insert":"2021-06-27 22:38"}
2024-01-30 13:47:29 查询号码 【1740875】，GSD为【"-"】
2024-01-30 13:47:29 ok && -
2024-01-30 13:47:31 CHB 1740875?1706593649 第 1 次 等待 3 秒
2024-01-30 13:47:34 CHB 1740875?1706593649 第 1 次 获取到号码【1740875】GSD
2024-01-30 13:47:34 未获取到号码【1740875】GSD，可能号码格式错误
2024-01-30 13:47:34 获取到号码【1740875】的GSD为【-】
2024-01-30 13:47:37 GSD insert 第 1 次 等待 3 秒
2024-01-30 13:47:40 {"status":"bad","gid":"142322","msg":"添加失败！号码【1740875(-|-)】已存在！"}

2024-01-30 14:21:29 开始第 957 次操作

2024-01-30 14:21:29 开始操作号码 【1740876】
2024-01-30 14:21:33 GSD getOne 第 1 次 等待 3 秒
2024-01-30 14:21:36 查询号码 【1740876】，返回信息 {"status":"ok","msg":"-","gid":"142331","time_insert":"2021-06-27 22:38"}
2024-01-30 14:21:36 查询号码 【1740876】，GSD为【"-"】
2024-01-30 14:21:36 ok && -
2024-01-30 14:21:39 CHB 1740876?1706595696 第 1 次 等待 3 秒
2024-01-30 14:21:42 CHB 1740876?1706595696 第 1 次 获取到号码【1740876】GSD
2024-01-30 14:21:42 未获取到号码【1740876】GSD，可能号码格式错误
2024-01-30 14:21:42 获取到号码【1740876】的GSD为【-】
2024-01-30 14:21:47 GSD insert 第 1 次 等待 3 秒
2024-01-30 14:21:50 {"status":"bad","gid":"142331","msg":"添加失败！号码【1740876(-|-)】已存在！"}
2024-01-30 14:21:50 随机等待 213 秒，约 3 分钟
2024-01-30 14:21:50 下次操作: 2024-01-30 14:25:23

2024-01-30 14:25:23 开始第 958 次操作

2024-01-30 14:25:23 开始操作号码 【1740877】
2024-01-30 14:25:28 GSD getOne 第 1 次 等待 3 秒
2024-01-30 14:25:31 查询号码 【1740877】，返回信息 {"status":"ok","msg":"-","gid":"142339","time_insert":"2021-06-27 22:39"}
2024-01-30 14:25:31 查询号码 【1740877】，GSD为【"-"】
2024-01-30 14:25:31 ok && -
2024-01-30 14:25:34 CHB 1740877?1706595931 第 1 次 等待 3 秒
2024-01-30 14:25:37 CHB 1740877?1706595931 第 1 次 获取到号码【1740877】GSD
2024-01-30 14:25:37 未获取到号码【1740877】GSD，可能号码格式错误
2024-01-30 14:25:37 获取到号码【1740877】的GSD为【-】
2024-01-30 14:25:40 GSD insert 第 1 次 等待 3 秒
2024-01-30 14:25:44 {"status":"bad","gid":"142339","msg":"添加失败！号码【1740877(-|-)】已存在！"}
2024-01-30 14:25:44 随机等待 73 秒，约 1 分钟
2024-01-30 14:25:44 下次操作: 2024-01-30 14:26:57

2024-01-30 14:26:57 开始第 959 次操作

2024-01-30 14:26:57 开始操作号码 【1740878】
2024-01-30 14:27:02 GSD getOne 第 1 次 等待 3 秒
2024-01-30 14:27:05 查询号码 【1740878】，返回信息 {"status":"ok","msg":"-","gid":"142347","time_insert":"2021-06-27 22:40"}
2024-01-30 14:27:05 查询号码 【1740878】，GSD为【"-"】
2024-01-30 14:27:05 ok && -
2024-01-30 14:27:07 CHB 1740878?1706596025 第 1 次 等待 3 秒
2024-01-30 14:27:10 CHB 1740878?1706596025 第 1 次 获取到号码【1740878】GSD
2024-01-30 14:27:10 未获取到号码【1740878】GSD，可能号码格式错误
2024-01-30 14:27:10 获取到号码【1740878】的GSD为【-】
2024-01-30 14:27:15 GSD insert 第 1 次 等待 3 秒
2024-01-30 14:27:18 {"status":"bad","gid":"142347","msg":"添加失败！号码【1740878(-|-)】已存在！"}
2024-01-30 14:27:18 随机等待 157 秒，约 2 分钟
2024-01-30 14:27:18 下次操作: 2024-01-30 14:29:55

2024-01-30 14:29:55 开始第 960 次操作

2024-01-30 14:29:55 开始操作号码 【1740879】
2024-01-30 14:29:59 GSD getOne 第 1 次 等待 3 秒
2024-01-30 14:30:02 查询号码 【1740879】，返回信息 {"status":"ok","msg":"-","gid":"142355","time_insert":"2021-06-27 22:41"}
2024-01-30 14:30:02 查询号码 【1740879】，GSD为【"-"】
2024-01-30 14:30:02 ok && -
2024-01-30 14:30:04 CHB 1740879?1706596202 第 1 次 等待 3 秒
2024-01-30 14:30:07 CHB 1740879?1706596202 第 1 次 获取到号码【1740879】GSD
2024-01-30 14:30:07 未获取到号码【1740879】GSD，可能号码格式错误
2024-01-30 14:30:07 获取到号码【1740879】的GSD为【-】
2024-01-30 14:30:11 GSD insert 第 1 次 等待 3 秒
2024-01-30 14:30:14 {"status":"bad","gid":"142355","msg":"添加失败！号码【1740879(-|-)】已存在！"}

2024-01-30 14:37:31 开始第 961 次操作

2024-01-30 14:37:31 开始操作号码 【1740880】
2024-01-30 14:37:44 GSD getOne 第 1 次 等待 3 秒
2024-01-30 14:37:47 查询号码 【1740880】，返回信息 {"status":"ok","msg":"-","gid":"142365","time_insert":"2021-06-27 22:42"}
2024-01-30 14:37:47 查询号码 【1740880】，GSD为【"-"】
2024-01-30 14:37:47 ok && -
2024-01-30 14:37:49 CHB 1740880?1706596667 第 1 次 等待 3 秒
2024-01-30 14:37:52 CHB 1740880?1706596667 第 1 次 获取到号码【1740880】GSD
2024-01-30 14:37:52 未获取到号码【1740880】GSD，可能号码格式错误
2024-01-30 14:37:52 获取到号码【1740880】的GSD为【-】
2024-01-30 14:37:58 GSD insert 第 1 次 等待 3 秒
2024-01-30 14:38:01 {"status":"bad","gid":"142365","msg":"添加失败！号码【1740880(-|-)】已存在！"}
2024-01-30 14:38:01 随机等待 79 秒，约 1 分钟
2024-01-30 14:38:01 下次操作: 2024-01-30 14:39:20

2024-01-30 14:39:20 开始第 962 次操作

2024-01-30 14:39:20 开始操作号码 【1740881】
2024-01-30 14:39:24 GSD getOne 第 1 次 等待 3 秒
2024-01-30 14:39:27 查询号码 【1740881】，返回信息 {"status":"ok","msg":"-","gid":"142375","time_insert":"2021-06-27 22:43"}
2024-01-30 14:39:27 查询号码 【1740881】，GSD为【"-"】
2024-01-30 14:39:27 ok && -
2024-01-30 14:39:29 CHB 1740881?1706596767 第 1 次 等待 3 秒
2024-01-30 14:39:32 CHB 1740881?1706596767 第 1 次 获取到号码【1740881】GSD
2024-01-30 14:39:32 未获取到号码【1740881】GSD，可能号码格式错误
2024-01-30 14:39:32 获取到号码【1740881】的GSD为【-】
2024-01-30 14:39:37 GSD insert 第 1 次 等待 3 秒
2024-01-30 14:39:40 {"status":"bad","gid":"142375","msg":"添加失败！号码【1740881(-|-)】已存在！"}
2024-01-30 14:39:40 随机等待 169 秒，约 2 分钟
2024-01-30 14:39:40 下次操作: 2024-01-30 14:42:29

2024-01-30 14:42:29 开始第 963 次操作

2024-01-30 14:42:29 开始操作号码 【1740882】
2024-01-30 14:42:33 GSD getOne 第 1 次 等待 3 秒
2024-01-30 14:42:36 查询号码 【1740882】，返回信息 {"status":"ok","msg":"-","gid":"142386","time_insert":"2021-06-27 22:43"}
2024-01-30 14:42:36 查询号码 【1740882】，GSD为【"-"】
2024-01-30 14:42:36 ok && -
2024-01-30 14:42:38 CHB 1740882?1706596956 第 1 次 等待 3 秒
2024-01-30 14:42:41 CHB 1740882?1706596956 第 1 次 获取到号码【1740882】GSD
2024-01-30 14:42:41 未获取到号码【1740882】GSD，可能号码格式错误
2024-01-30 14:42:41 获取到号码【1740882】的GSD为【-】
2024-01-30 14:42:46 GSD insert 第 1 次 等待 3 秒
2024-01-30 14:42:49 {"status":"bad","gid":"142386","msg":"添加失败！号码【1740882(-|-)】已存在！"}
2024-01-30 14:42:49 随机等待 227 秒，约 3 分钟
2024-01-30 14:42:49 下次操作: 2024-01-30 14:46:36

2024-01-30 14:46:36 开始第 964 次操作

2024-01-30 14:46:36 开始操作号码 【1740883】
2024-01-30 14:46:40 GSD getOne 第 1 次 等待 3 秒
2024-01-30 14:46:43 查询号码 【1740883】，返回信息 {"status":"ok","msg":"-","gid":"142395","time_insert":"2021-06-27 22:44"}
2024-01-30 14:46:43 查询号码 【1740883】，GSD为【"-"】
2024-01-30 14:46:43 ok && -
2024-01-30 14:46:57 CHB 1740883?1706597203 第 1 次 等待 3 秒
2024-01-30 14:47:00 CHB 1740883?1706597203 第 1 次 获取到号码【1740883】GSD
2024-01-30 14:47:00 未获取到号码【1740883】GSD，可能号码格式错误
2024-01-30 14:47:00 获取到号码【1740883】的GSD为【-】
2024-01-30 14:47:03 GSD insert 第 1 次 等待 3 秒
2024-01-30 14:47:06 {"status":"bad","gid":"142395","msg":"添加失败！号码【1740883(-|-)】已存在！"}

2024-01-30 15:16:17 开始第 965 次操作

2024-01-30 15:16:17 开始操作号码 【1740884】
2024-01-30 15:16:23 GSD getOne 第 1 次 等待 3 秒
2024-01-30 15:16:26 查询号码 【1740884】，返回信息 {"status":"ok","msg":"-","gid":"142404","time_insert":"2021-06-27 22:45"}
2024-01-30 15:16:26 查询号码 【1740884】，GSD为【"-"】
2024-01-30 15:16:26 ok && -
2024-01-30 15:16:28 CHB 1740884?1706598986 第 1 次 等待 3 秒
2024-01-30 15:16:31 CHB 1740884?1706598986 第 1 次 获取到号码【1740884】GSD
2024-01-30 15:16:31 未获取到号码【1740884】GSD，可能号码格式错误
2024-01-30 15:16:31 获取到号码【1740884】的GSD为【-】
2024-01-30 15:16:34 GSD insert 第 1 次 等待 3 秒
2024-01-30 15:16:37 {"status":"bad","gid":"142404","msg":"添加失败！号码【1740884(-|-)】已存在！"}
2024-01-30 15:16:38 随机等待 86 秒，约 1 分钟
2024-01-30 15:16:38 下次操作: 2024-01-30 15:18:04

2024-01-30 15:18:04 开始第 966 次操作

2024-01-30 15:18:04 开始操作号码 【1740885】
2024-01-30 15:18:08 GSD getOne 第 1 次 等待 3 秒
2024-01-30 15:18:11 查询号码 【1740885】，返回信息 {"status":"ok","msg":"-","gid":"142410","time_insert":"2021-06-27 22:46"}
2024-01-30 15:18:11 查询号码 【1740885】，GSD为【"-"】
2024-01-30 15:18:11 ok && -
2024-01-30 15:18:12 CHB 1740885?1706599091 第 1 次 等待 3 秒
2024-01-30 15:18:15 CHB 1740885?1706599091 第 1 次 获取到号码【1740885】GSD
2024-01-30 15:18:15 未获取到号码【1740885】GSD，可能号码格式错误
2024-01-30 15:18:15 获取到号码【1740885】的GSD为【-】
2024-01-30 15:18:19 GSD insert 第 1 次 等待 3 秒
2024-01-30 15:18:22 {"status":"bad","gid":"142410","msg":"添加失败！号码【1740885(-|-)】已存在！"}
2024-01-30 15:18:22 随机等待 156 秒，约 2 分钟
2024-01-30 15:18:22 下次操作: 2024-01-30 15:20:58

2024-01-30 15:20:58 开始第 967 次操作

2024-01-30 15:20:58 开始操作号码 【1740886】
2024-01-30 15:21:02 GSD getOne 第 1 次 等待 3 秒
2024-01-30 15:21:05 查询号码 【1740886】，返回信息 {"status":"ok","msg":"-","gid":"142419","time_insert":"2021-06-27 22:46"}
2024-01-30 15:21:05 查询号码 【1740886】，GSD为【"-"】
2024-01-30 15:21:05 ok && -
2024-01-30 15:21:07 CHB 1740886?1706599265 第 1 次 等待 3 秒
2024-01-30 15:21:10 CHB 1740886?1706599265 第 1 次 获取到号码【1740886】GSD
2024-01-30 15:21:10 未获取到号码【1740886】GSD，可能号码格式错误
2024-01-30 15:21:10 获取到号码【1740886】的GSD为【-】
2024-01-30 15:21:14 GSD insert 第 1 次 等待 3 秒
2024-01-30 15:21:17 {"status":"bad","gid":"142419","msg":"添加失败！号码【1740886(-|-)】已存在！"}
2024-01-30 15:21:17 随机等待 204 秒，约 3 分钟
2024-01-30 15:21:17 下次操作: 2024-01-30 15:24:41

2024-01-30 15:24:41 开始第 968 次操作

2024-01-30 15:24:41 开始操作号码 【1740887】
2024-01-30 15:24:45 GSD getOne 第 1 次 等待 3 秒
2024-01-30 15:24:48 查询号码 【1740887】，返回信息 {"status":"ok","msg":"-","gid":"142427","time_insert":"2021-06-27 22:47"}
2024-01-30 15:24:48 查询号码 【1740887】，GSD为【"-"】
2024-01-30 15:24:48 ok && -
2024-01-30 15:24:50 CHB 1740887?1706599488 第 1 次 等待 3 秒
2024-01-30 15:24:53 CHB 1740887?1706599488 第 1 次 获取到号码【1740887】GSD
2024-01-30 15:24:53 未获取到号码【1740887】GSD，可能号码格式错误
2024-01-30 15:24:53 获取到号码【1740887】的GSD为【-】
2024-01-30 15:24:56 GSD insert 第 1 次 等待 3 秒
2024-01-30 15:24:59 {"status":"bad","gid":"142427","msg":"添加失败！号码【1740887(-|-)】已存在！"}

2024-01-30 15:37:29 开始第 969 次操作

2024-01-30 15:37:29 开始操作号码 【1740888】
2024-01-30 15:37:34 GSD getOne 第 1 次 等待 3 秒
2024-01-30 15:37:37 查询号码 【1740888】，返回信息 {"status":"ok","msg":"-","gid":"142435","time_insert":"2021-06-27 22:48"}
2024-01-30 15:37:37 查询号码 【1740888】，GSD为【"-"】
2024-01-30 15:37:37 ok && -
2024-01-30 15:37:40 CHB 1740888?1706600257 第 1 次 等待 3 秒
2024-01-30 15:37:43 CHB 1740888?1706600257 第 1 次 获取到号码【1740888】GSD
2024-01-30 15:37:43 未获取到号码【1740888】GSD，可能号码格式错误
2024-01-30 15:37:43 获取到号码【1740888】的GSD为【-】
2024-01-30 15:37:47 GSD insert 第 1 次 等待 3 秒
2024-01-30 15:37:50 {"status":"bad","gid":"142435","msg":"添加失败！号码【1740888(-|-)】已存在！"}
2024-01-30 15:37:50 随机等待 135 秒，约 2 分钟
2024-01-30 15:37:50 下次操作: 2024-01-30 15:40:05

2024-01-30 15:40:05 开始第 970 次操作

2024-01-30 15:40:05 开始操作号码 【1740889】
2024-01-30 15:40:09 GSD getOne 第 1 次 等待 3 秒
2024-01-30 15:40:12 查询号码 【1740889】，返回信息 {"status":"ok","msg":"-","gid":"142444","time_insert":"2021-06-27 22:49"}
2024-01-30 15:40:12 查询号码 【1740889】，GSD为【"-"】
2024-01-30 15:40:12 ok && -
2024-01-30 15:40:15 CHB 1740889?1706600412 第 1 次 等待 3 秒
2024-01-30 15:40:18 CHB 1740889?1706600412 第 1 次 获取到号码【1740889】GSD
2024-01-30 15:40:18 未获取到号码【1740889】GSD，可能号码格式错误
2024-01-30 15:40:18 获取到号码【1740889】的GSD为【-】
2024-01-30 15:40:22 GSD insert 第 1 次 等待 3 秒
2024-01-30 15:40:25 {"status":"bad","gid":"142444","msg":"添加失败！号码【1740889(-|-)】已存在！"}
2024-01-30 15:40:25 随机等待 143 秒，约 2 分钟
2024-01-30 15:40:25 下次操作: 2024-01-30 15:42:48

2024-01-30 15:42:48 开始第 971 次操作

2024-01-30 15:42:48 开始操作号码 【1740890】
2024-01-30 15:42:53 GSD getOne 第 1 次 等待 3 秒
2024-01-30 15:42:56 查询号码 【1740890】，返回信息 {"status":"ok","msg":"-","gid":"142455","time_insert":"2021-06-27 22:50"}
2024-01-30 15:42:56 查询号码 【1740890】，GSD为【"-"】
2024-01-30 15:42:56 ok && -
2024-01-30 15:42:58 CHB 1740890?1706600576 第 1 次 等待 3 秒
2024-01-30 15:43:01 CHB 1740890?1706600576 第 1 次 获取到号码【1740890】GSD
2024-01-30 15:43:01 未获取到号码【1740890】GSD，可能号码格式错误
2024-01-30 15:43:01 获取到号码【1740890】的GSD为【-】
2024-01-30 15:43:05 GSD insert 第 1 次 等待 3 秒
2024-01-30 15:43:08 {"status":"bad","gid":"142455","msg":"添加失败！号码【1740890(-|-)】已存在！"}
2024-01-30 15:43:08 随机等待 172 秒，约 2 分钟
2024-01-30 15:43:08 下次操作: 2024-01-30 15:46:00

2024-01-30 15:46:00 开始第 972 次操作

2024-01-30 15:46:00 开始操作号码 【1740891】
2024-01-30 15:46:05 GSD getOne 第 1 次 等待 3 秒
2024-01-30 15:46:08 查询号码 【1740891】，返回信息 {"status":"ok","msg":"-","gid":"142465","time_insert":"2021-06-27 22:50"}
2024-01-30 15:46:08 查询号码 【1740891】，GSD为【"-"】
2024-01-30 15:46:08 ok && -
2024-01-30 15:46:10 CHB 1740891?1706600768 第 1 次 等待 3 秒
2024-01-30 15:46:13 CHB 1740891?1706600768 第 1 次 获取到号码【1740891】GSD
2024-01-30 15:46:13 未获取到号码【1740891】GSD，可能号码格式错误
2024-01-30 15:46:13 获取到号码【1740891】的GSD为【-】
2024-01-30 15:46:17 GSD insert 第 1 次 等待 3 秒
2024-01-30 15:46:20 {"status":"bad","gid":"142465","msg":"添加失败！号码【1740891(-|-)】已存在！"}

2024-01-30 16:19:38 开始第 973 次操作

2024-01-30 16:19:38 开始操作号码 【1740892】
2024-01-30 16:19:42 GSD getOne 第 1 次 等待 3 秒
2024-01-30 16:19:45 查询号码 【1740892】，返回信息 {"status":"ok","msg":"-","gid":"142475","time_insert":"2021-06-27 22:51"}
2024-01-30 16:19:45 查询号码 【1740892】，GSD为【"-"】
2024-01-30 16:19:45 ok && -
2024-01-30 16:19:47 CHB 1740892?1706602785 第 1 次 等待 3 秒
2024-01-30 16:19:50 CHB 1740892?1706602785 第 1 次 获取到号码【1740892】GSD
2024-01-30 16:19:50 未获取到号码【1740892】GSD，可能号码格式错误
2024-01-30 16:19:50 获取到号码【1740892】的GSD为【-】
2024-01-30 16:19:54 GSD insert 第 1 次 等待 3 秒
2024-01-30 16:19:57 {"status":"bad","gid":"142475","msg":"添加失败！号码【1740892(-|-)】已存在！"}
2024-01-30 16:19:57 随机等待 136 秒，约 2 分钟
2024-01-30 16:19:57 下次操作: 2024-01-30 16:22:13

2024-01-30 16:22:14 开始第 974 次操作

2024-01-30 16:22:14 开始操作号码 【1740893】
2024-01-30 16:22:19 GSD getOne 第 1 次 等待 3 秒
2024-01-30 16:22:22 查询号码 【1740893】，返回信息 {"status":"ok","msg":"-","gid":"142484","time_insert":"2021-06-27 22:52"}
2024-01-30 16:22:22 查询号码 【1740893】，GSD为【"-"】
2024-01-30 16:22:22 ok && -
2024-01-30 16:22:24 CHB 1740893?1706602942 第 1 次 等待 3 秒
2024-01-30 16:22:27 CHB 1740893?1706602942 第 1 次 获取到号码【1740893】GSD
2024-01-30 16:22:27 未获取到号码【1740893】GSD，可能号码格式错误
2024-01-30 16:22:27 获取到号码【1740893】的GSD为【-】
2024-01-30 16:22:30 GSD insert 第 1 次 等待 3 秒
2024-01-30 16:22:33 {"status":"bad","gid":"142484","msg":"添加失败！号码【1740893(-|-)】已存在！"}
2024-01-30 16:22:33 随机等待 166 秒，约 2 分钟
2024-01-30 16:22:33 下次操作: 2024-01-30 16:25:19

2024-01-30 16:25:19 开始第 975 次操作

2024-01-30 16:25:20 开始操作号码 【1740894】
2024-01-30 16:25:23 GSD getOne 第 1 次 等待 3 秒
2024-01-30 16:25:26 查询号码 【1740894】，返回信息 {"status":"ok","msg":"-","gid":"142492","time_insert":"2021-06-27 22:53"}
2024-01-30 16:25:26 查询号码 【1740894】，GSD为【"-"】
2024-01-30 16:25:26 ok && -
2024-01-30 16:25:29 CHB 1740894?1706603126 第 1 次 等待 3 秒
2024-01-30 16:25:32 CHB 1740894?1706603126 第 1 次 获取到号码【1740894】GSD
2024-01-30 16:25:32 未获取到号码【1740894】GSD，可能号码格式错误
2024-01-30 16:25:32 获取到号码【1740894】的GSD为【-】
2024-01-30 16:25:40 GSD insert 第 1 次 等待 3 秒
2024-01-30 16:25:43 {"status":"bad","gid":"142492","msg":"添加失败！号码【1740894(-|-)】已存在！"}
2024-01-30 16:25:43 随机等待 136 秒，约 2 分钟
2024-01-30 16:25:43 下次操作: 2024-01-30 16:27:59

2024-01-30 16:27:59 开始第 976 次操作

2024-01-30 16:27:59 开始操作号码 【1740895】
2024-01-30 16:28:03 GSD getOne 第 1 次 等待 3 秒
2024-01-30 16:28:06 查询号码 【1740895】，返回信息 {"status":"ok","msg":"-","gid":"142500","time_insert":"2021-06-27 22:53"}
2024-01-30 16:28:06 查询号码 【1740895】，GSD为【"-"】
2024-01-30 16:28:06 ok && -
2024-01-30 16:28:08 CHB 1740895?1706603286 第 1 次 等待 3 秒
2024-01-30 16:28:11 CHB 1740895?1706603286 第 1 次 获取到号码【1740895】GSD
2024-01-30 16:28:11 未获取到号码【1740895】GSD，可能号码格式错误
2024-01-30 16:28:11 获取到号码【1740895】的GSD为【-】
2024-01-30 16:28:14 GSD insert 第 1 次 等待 3 秒
2024-01-30 16:28:17 {"status":"bad","gid":"142500","msg":"添加失败！号码【1740895(-|-)】已存在！"}

2024-01-30 16:37:40 开始第 977 次操作

2024-01-30 16:37:40 开始操作号码 【1740896】
2024-01-30 16:37:44 GSD getOne 第 1 次 等待 3 秒
2024-01-30 16:37:47 查询号码 【1740896】，返回信息 {"status":"ok","msg":"-","gid":"142510","time_insert":"2021-06-27 22:54"}
2024-01-30 16:37:47 查询号码 【1740896】，GSD为【"-"】
2024-01-30 16:37:47 ok && -
2024-01-30 16:37:50 CHB 1740896?1706603867 第 1 次 等待 3 秒
2024-01-30 16:37:53 CHB 1740896?1706603867 第 1 次 获取到号码【1740896】GSD
2024-01-30 16:37:53 未获取到号码【1740896】GSD，可能号码格式错误
2024-01-30 16:37:53 获取到号码【1740896】的GSD为【-】
2024-01-30 16:37:58 GSD insert 第 1 次 等待 3 秒
2024-01-30 16:38:01 {"status":"bad","gid":"142510","msg":"添加失败！号码【1740896(-|-)】已存在！"}
2024-01-30 16:38:01 随机等待 190 秒，约 3 分钟
2024-01-30 16:38:01 下次操作: 2024-01-30 16:41:11

2024-01-30 16:41:11 开始第 978 次操作

2024-01-30 16:41:11 开始操作号码 【1740897】
2024-01-30 16:41:15 GSD getOne 第 1 次 等待 3 秒
2024-01-30 16:41:18 查询号码 【1740897】，返回信息 {"status":"ok","msg":"-","gid":"142516","time_insert":"2021-06-27 22:55"}
2024-01-30 16:41:18 查询号码 【1740897】，GSD为【"-"】
2024-01-30 16:41:18 ok && -
2024-01-30 16:41:20 CHB 1740897?1706604078 第 1 次 等待 3 秒
2024-01-30 16:41:23 CHB 1740897?1706604078 第 1 次 获取到号码【1740897】GSD
2024-01-30 16:41:23 未获取到号码【1740897】GSD，可能号码格式错误
2024-01-30 16:41:23 获取到号码【1740897】的GSD为【-】
2024-01-30 16:41:27 GSD insert 第 1 次 等待 3 秒
2024-01-30 16:41:30 {"status":"bad","gid":"142516","msg":"添加失败！号码【1740897(-|-)】已存在！"}
2024-01-30 16:41:30 随机等待 217 秒，约 3 分钟
2024-01-30 16:41:30 下次操作: 2024-01-30 16:45:07

2024-01-30 16:45:07 开始第 979 次操作

2024-01-30 16:45:07 开始操作号码 【1740898】
2024-01-30 16:45:12 GSD getOne 第 1 次 等待 3 秒
2024-01-30 16:45:15 查询号码 【1740898】，返回信息 {"status":"ok","msg":"-","gid":"142523","time_insert":"2021-06-27 22:56"}
2024-01-30 16:45:15 查询号码 【1740898】，GSD为【"-"】
2024-01-30 16:45:15 ok && -
2024-01-30 16:45:17 CHB 1740898?1706604315 第 1 次 等待 3 秒
2024-01-30 16:45:20 CHB 1740898?1706604315 第 1 次 获取到号码【1740898】GSD
2024-01-30 16:45:20 未获取到号码【1740898】GSD，可能号码格式错误
2024-01-30 16:45:20 获取到号码【1740898】的GSD为【-】
2024-01-30 16:45:27 GSD insert 第 1 次 等待 3 秒
2024-01-30 16:45:30 {"status":"bad","gid":"142523","msg":"添加失败！号码【1740898(-|-)】已存在！"}
2024-01-30 16:45:30 随机等待 98 秒，约 1 分钟
2024-01-30 16:45:30 下次操作: 2024-01-30 16:47:08

2024-01-30 16:47:08 开始第 980 次操作

2024-01-30 16:47:08 开始操作号码 【1740899】
2024-01-30 16:47:12 GSD getOne 第 1 次 等待 3 秒
2024-01-30 16:47:15 查询号码 【1740899】，返回信息 {"status":"ok","msg":"-","gid":"142531","time_insert":"2021-06-27 22:56"}
2024-01-30 16:47:15 查询号码 【1740899】，GSD为【"-"】
2024-01-30 16:47:15 ok && -
2024-01-30 16:47:17 CHB 1740899?1706604435 第 1 次 等待 3 秒
2024-01-30 16:47:20 CHB 1740899?1706604435 第 1 次 获取到号码【1740899】GSD
2024-01-30 16:47:20 未获取到号码【1740899】GSD，可能号码格式错误
2024-01-30 16:47:20 获取到号码【1740899】的GSD为【-】
2024-01-30 16:47:24 GSD insert 第 1 次 等待 3 秒
2024-01-30 16:47:27 {"status":"bad","gid":"142531","msg":"添加失败！号码【1740899(-|-)】已存在！"}

2024-01-30 17:16:46 开始第 981 次操作

2024-01-30 17:16:46 开始操作号码 【1740900】
2024-01-30 17:16:53 GSD getOne 第 1 次 等待 3 秒
2024-01-30 17:16:56 查询号码 【1740900】，返回信息 {"status":"ok","msg":"-","gid":"142655","time_insert":"2021-06-27 23:54"}
2024-01-30 17:16:57 查询号码 【1740900】，GSD为【"-"】
2024-01-30 17:16:57 ok && -
2024-01-30 17:16:59 CHB 1740900?1706606217 第 1 次 等待 3 秒
2024-01-30 17:17:02 CHB 1740900?1706606217 第 1 次 获取到号码【1740900】GSD
2024-01-30 17:17:02 未获取到号码【1740900】GSD，可能号码格式错误
2024-01-30 17:17:02 获取到号码【1740900】的GSD为【-】
2024-01-30 17:17:07 GSD insert 第 1 次 等待 3 秒
2024-01-30 17:17:10 {"status":"bad","gid":"142655","msg":"添加失败！号码【1740900(-|-)】已存在！"}
2024-01-30 17:17:10 随机等待 93 秒，约 1 分钟
2024-01-30 17:17:10 下次操作: 2024-01-30 17:18:43

2024-01-30 17:18:43 开始第 982 次操作

2024-01-30 17:18:43 开始操作号码 【1740901】
2024-01-30 17:18:48 GSD getOne 第 1 次 等待 3 秒
2024-01-30 17:18:51 查询号码 【1740901】，返回信息 {"status":"ok","msg":"-","gid":"142666","time_insert":"2021-06-27 23:55"}
2024-01-30 17:18:51 查询号码 【1740901】，GSD为【"-"】
2024-01-30 17:18:51 ok && -
2024-01-30 17:18:57 CHB 1740901?1706606331 第 1 次 等待 3 秒
2024-01-30 17:19:00 CHB 1740901?1706606331 第 1 次 获取到号码【1740901】GSD
2024-01-30 17:19:00 未获取到号码【1740901】GSD，可能号码格式错误
2024-01-30 17:19:00 获取到号码【1740901】的GSD为【-】
2024-01-30 17:19:05 GSD insert 第 1 次 等待 3 秒
2024-01-30 17:19:08 {"status":"bad","gid":"142666","msg":"添加失败！号码【1740901(-|-)】已存在！"}
2024-01-30 17:19:08 随机等待 158 秒，约 2 分钟
2024-01-30 17:19:08 下次操作: 2024-01-30 17:21:46

2024-01-30 17:21:46 开始第 983 次操作

2024-01-30 17:21:46 开始操作号码 【1740902】
2024-01-30 17:21:49 GSD getOne 第 1 次 等待 3 秒
2024-01-30 17:21:53 查询号码 【1740902】，返回信息 {"status":"ok","msg":"-","gid":"142677","time_insert":"2021-06-27 23:56"}
2024-01-30 17:21:53 查询号码 【1740902】，GSD为【"-"】
2024-01-30 17:21:53 ok && -
2024-01-30 17:21:55 CHB 1740902?1706606513 第 1 次 等待 3 秒
2024-01-30 17:21:58 CHB 1740902?1706606513 第 1 次 获取到号码【1740902】GSD
2024-01-30 17:21:58 未获取到号码【1740902】GSD，可能号码格式错误
2024-01-30 17:21:58 获取到号码【1740902】的GSD为【-】
2024-01-30 17:22:02 GSD insert 第 1 次 等待 3 秒
2024-01-30 17:22:05 {"status":"bad","gid":"142677","msg":"添加失败！号码【1740902(-|-)】已存在！"}
2024-01-30 17:22:05 随机等待 102 秒，约 1 分钟
2024-01-30 17:22:05 下次操作: 2024-01-30 17:23:47

2024-01-30 17:23:47 开始第 984 次操作

2024-01-30 17:23:47 开始操作号码 【1740903】
2024-01-30 17:23:52 GSD getOne 第 1 次 等待 3 秒
2024-01-30 17:23:55 查询号码 【1740903】，返回信息 {"status":"ok","msg":"-","gid":"142691","time_insert":"2021-06-27 23:57"}
2024-01-30 17:23:55 查询号码 【1740903】，GSD为【"-"】
2024-01-30 17:23:55 ok && -
2024-01-30 17:23:57 CHB 1740903?1706606635 第 1 次 等待 3 秒
2024-01-30 17:24:00 CHB 1740903?1706606635 第 1 次 获取到号码【1740903】GSD
2024-01-30 17:24:00 未获取到号码【1740903】GSD，可能号码格式错误
2024-01-30 17:24:00 获取到号码【1740903】的GSD为【-】
2024-01-30 17:24:04 GSD insert 第 1 次 等待 3 秒
2024-01-30 17:24:07 {"status":"bad","gid":"142691","msg":"添加失败！号码【1740903(-|-)】已存在！"}

2024-01-30 17:37:35 开始第 985 次操作

2024-01-30 17:37:35 开始操作号码 【1740904】
2024-01-30 17:37:40 GSD getOne 第 1 次 等待 3 秒
2024-01-30 17:37:43 查询号码 【1740904】，返回信息 {"status":"ok","msg":"-","gid":"142701","time_insert":"2021-06-27 23:58"}
2024-01-30 17:37:43 查询号码 【1740904】，GSD为【"-"】
2024-01-30 17:37:43 ok && -
2024-01-30 17:37:45 CHB 1740904?1706607463 第 1 次 等待 3 秒
2024-01-30 17:37:48 CHB 1740904?1706607463 第 1 次 获取到号码【1740904】GSD
2024-01-30 17:37:48 未获取到号码【1740904】GSD，可能号码格式错误
2024-01-30 17:37:48 获取到号码【1740904】的GSD为【-】
2024-01-30 17:37:52 GSD insert 第 1 次 等待 3 秒
2024-01-30 17:37:55 {"status":"bad","gid":"142701","msg":"添加失败！号码【1740904(-|-)】已存在！"}
2024-01-30 17:37:55 随机等待 78 秒，约 1 分钟
2024-01-30 17:37:55 下次操作: 2024-01-30 17:39:13

2024-01-30 17:39:13 开始第 986 次操作

2024-01-30 17:39:13 开始操作号码 【1740905】
2024-01-30 17:39:18 GSD getOne 第 1 次 等待 3 秒
2024-01-30 17:39:21 查询号码 【1740905】，返回信息 {"status":"ok","msg":"-","gid":"142712","time_insert":"2021-06-27 23:59"}
2024-01-30 17:39:21 查询号码 【1740905】，GSD为【"-"】
2024-01-30 17:39:21 ok && -
2024-01-30 17:39:23 CHB 1740905?1706607561 第 1 次 等待 3 秒
2024-01-30 17:39:26 CHB 1740905?1706607561 第 1 次 获取到号码【1740905】GSD
2024-01-30 17:39:26 未获取到号码【1740905】GSD，可能号码格式错误
2024-01-30 17:39:26 获取到号码【1740905】的GSD为【-】
2024-01-30 17:39:30 GSD insert 第 1 次 等待 3 秒
2024-01-30 17:39:33 {"status":"bad","gid":"142712","msg":"添加失败！号码【1740905(-|-)】已存在！"}
2024-01-30 17:39:33 随机等待 137 秒，约 2 分钟
2024-01-30 17:39:33 下次操作: 2024-01-30 17:41:50

2024-01-30 17:41:50 开始第 987 次操作

2024-01-30 17:41:50 开始操作号码 【1740906】
2024-01-30 17:41:56 GSD getOne 第 1 次 等待 3 秒
2024-01-30 17:41:59 查询号码 【1740906】，返回信息 {"status":"ok","msg":"-","gid":"142724","time_insert":"2021-06-28 00:00"}
2024-01-30 17:41:59 查询号码 【1740906】，GSD为【"-"】
2024-01-30 17:41:59 ok && -
2024-01-30 17:42:02 CHB 1740906?1706607719 第 1 次 等待 3 秒
2024-01-30 17:42:05 CHB 1740906?1706607719 第 1 次 获取到号码【1740906】GSD
2024-01-30 17:42:05 未获取到号码【1740906】GSD，可能号码格式错误
2024-01-30 17:42:05 获取到号码【1740906】的GSD为【-】
2024-01-30 17:42:09 GSD insert 第 1 次 等待 3 秒
2024-01-30 17:42:12 {"status":"bad","gid":"142724","msg":"添加失败！号码【1740906(-|-)】已存在！"}
2024-01-30 17:42:12 随机等待 124 秒，约 2 分钟
2024-01-30 17:42:12 下次操作: 2024-01-30 17:44:16

2024-01-30 17:44:16 开始第 988 次操作

2024-01-30 17:44:16 开始操作号码 【1740907】
2024-01-30 17:44:20 GSD getOne 第 1 次 等待 3 秒
2024-01-30 17:44:23 查询号码 【1740907】，返回信息 {"status":"ok","msg":"-","gid":"142736","time_insert":"2021-06-28 00:01"}
2024-01-30 17:44:23 查询号码 【1740907】，GSD为【"-"】
2024-01-30 17:44:23 ok && -
2024-01-30 17:44:26 CHB 1740907?1706607863 第 1 次 等待 3 秒
2024-01-30 17:44:29 CHB 1740907?1706607863 第 1 次 获取到号码【1740907】GSD
2024-01-30 17:44:29 未获取到号码【1740907】GSD，可能号码格式错误
2024-01-30 17:44:29 获取到号码【1740907】的GSD为【-】
2024-01-30 17:44:33 GSD insert 第 1 次 等待 3 秒
2024-01-30 17:44:36 {"status":"bad","gid":"142736","msg":"添加失败！号码【1740907(-|-)】已存在！"}

2024-01-30 18:18:25 开始第 989 次操作

2024-01-30 18:18:25 开始操作号码 【1740908】
2024-01-30 18:18:29 GSD getOne 第 1 次 等待 3 秒
2024-01-30 18:18:32 查询号码 【1740908】，返回信息 {"status":"ok","msg":"-","gid":"142749","time_insert":"2021-06-28 00:02"}
2024-01-30 18:18:32 查询号码 【1740908】，GSD为【"-"】
2024-01-30 18:18:32 ok && -
2024-01-30 18:18:35 CHB 1740908?1706609912 第 1 次 等待 3 秒
2024-01-30 18:18:38 CHB 1740908?1706609912 第 1 次 获取到号码【1740908】GSD
2024-01-30 18:18:38 未获取到号码【1740908】GSD，可能号码格式错误
2024-01-30 18:18:38 获取到号码【1740908】的GSD为【-】
2024-01-30 18:18:42 GSD insert 第 1 次 等待 3 秒
2024-01-30 18:18:45 {"status":"bad","gid":"142749","msg":"添加失败！号码【1740908(-|-)】已存在！"}
2024-01-30 18:18:45 随机等待 138 秒，约 2 分钟
2024-01-30 18:18:45 下次操作: 2024-01-30 18:21:03

2024-01-30 18:21:03 开始第 990 次操作

2024-01-30 18:21:03 开始操作号码 【1740909】
2024-01-30 18:21:07 GSD getOne 第 1 次 等待 3 秒
2024-01-30 18:21:10 查询号码 【1740909】，返回信息 {"status":"ok","msg":"-","gid":"142761","time_insert":"2021-06-28 00:03"}
2024-01-30 18:21:10 查询号码 【1740909】，GSD为【"-"】
2024-01-30 18:21:10 ok && -
2024-01-30 18:21:18 CHB 1740909?1706610070 第 1 次 等待 3 秒
2024-01-30 18:21:21 CHB 1740909?1706610070 第 1 次 获取到号码【1740909】GSD
2024-01-30 18:21:21 未获取到号码【1740909】GSD，可能号码格式错误
2024-01-30 18:21:21 获取到号码【1740909】的GSD为【-】
2024-01-30 18:21:25 GSD insert 第 1 次 等待 3 秒
2024-01-30 18:21:28 {"status":"bad","gid":"142761","msg":"添加失败！号码【1740909(-|-)】已存在！"}
2024-01-30 18:21:28 随机等待 77 秒，约 1 分钟
2024-01-30 18:21:28 下次操作: 2024-01-30 18:22:45

2024-01-30 18:22:45 开始第 991 次操作

2024-01-30 18:22:45 开始操作号码 【1740910】
2024-01-30 18:22:49 GSD getOne 第 1 次 等待 3 秒
2024-01-30 18:22:52 查询号码 【1740910】，返回信息 {"status":"ok","msg":"-","gid":"142771","time_insert":"2021-06-28 00:03"}
2024-01-30 18:22:52 查询号码 【1740910】，GSD为【"-"】
2024-01-30 18:22:52 ok && -
2024-01-30 18:23:03 CHB 1740910?1706610172 第 1 次 等待 3 秒
2024-01-30 18:23:06 CHB 1740910?1706610172 第 1 次 获取到号码【1740910】GSD
2024-01-30 18:23:07 未获取到号码【1740910】GSD，可能号码格式错误
2024-01-30 18:23:07 获取到号码【1740910】的GSD为【-】
2024-01-30 18:23:11 GSD insert 第 1 次 等待 3 秒
2024-01-30 18:23:14 {"status":"bad","gid":"142771","msg":"添加失败！号码【1740910(-|-)】已存在！"}
2024-01-30 18:23:14 随机等待 138 秒，约 2 分钟
2024-01-30 18:23:14 下次操作: 2024-01-30 18:25:32

2024-01-30 18:25:32 开始第 992 次操作

2024-01-30 18:25:32 开始操作号码 【1740911】
2024-01-30 18:25:36 GSD getOne 第 1 次 等待 3 秒
2024-01-30 18:25:39 查询号码 【1740911】，返回信息 {"status":"ok","msg":"-","gid":"142780","time_insert":"2021-06-28 00:04"}
2024-01-30 18:25:39 查询号码 【1740911】，GSD为【"-"】
2024-01-30 18:25:39 ok && -
2024-01-30 18:25:41 CHB 1740911?1706610339 第 1 次 等待 3 秒
2024-01-30 18:25:44 CHB 1740911?1706610339 第 1 次 获取到号码【1740911】GSD
2024-01-30 18:25:44 未获取到号码【1740911】GSD，可能号码格式错误
2024-01-30 18:25:44 获取到号码【1740911】的GSD为【-】
2024-01-30 18:25:48 GSD insert 第 1 次 等待 3 秒
2024-01-30 18:25:51 {"status":"bad","gid":"142780","msg":"添加失败！号码【1740911(-|-)】已存在！"}

2024-01-30 18:37:26 开始第 993 次操作

2024-01-30 18:37:26 开始操作号码 【1740912】
2024-01-30 18:37:30 GSD getOne 第 1 次 等待 3 秒
2024-01-30 18:37:33 查询号码 【1740912】，返回信息 {"status":"ok","msg":"-","gid":"142791","time_insert":"2021-06-28 00:05"}
2024-01-30 18:37:33 查询号码 【1740912】，GSD为【"-"】
2024-01-30 18:37:33 ok && -
2024-01-30 18:37:35 CHB 1740912?1706611053 第 1 次 等待 3 秒
2024-01-30 18:37:38 CHB 1740912?1706611053 第 1 次 获取到号码【1740912】GSD
2024-01-30 18:37:38 未获取到号码【1740912】GSD，可能号码格式错误
2024-01-30 18:37:38 获取到号码【1740912】的GSD为【-】
2024-01-30 18:37:42 GSD insert 第 1 次 等待 3 秒
2024-01-30 18:37:45 {"status":"bad","gid":"142791","msg":"添加失败！号码【1740912(-|-)】已存在！"}
2024-01-30 18:37:45 随机等待 197 秒，约 3 分钟
2024-01-30 18:37:45 下次操作: 2024-01-30 18:41:02

2024-01-30 18:41:02 开始第 994 次操作

2024-01-30 18:41:02 开始操作号码 【1740913】
2024-01-30 18:41:06 GSD getOne 第 1 次 等待 3 秒
2024-01-30 18:41:09 查询号码 【1740913】，返回信息 {"status":"ok","msg":"-","gid":"142801","time_insert":"2021-06-28 00:06"}
2024-01-30 18:41:09 查询号码 【1740913】，GSD为【"-"】
2024-01-30 18:41:09 ok && -
2024-01-30 18:41:11 CHB 1740913?1706611269 第 1 次 等待 3 秒
2024-01-30 18:41:14 CHB 1740913?1706611269 第 1 次 获取到号码【1740913】GSD
2024-01-30 18:41:14 未获取到号码【1740913】GSD，可能号码格式错误
2024-01-30 18:41:14 获取到号码【1740913】的GSD为【-】
2024-01-30 18:41:19 GSD insert 第 1 次 等待 3 秒
2024-01-30 18:41:22 {"status":"bad","gid":"142801","msg":"添加失败！号码【1740913(-|-)】已存在！"}
2024-01-30 18:41:22 随机等待 105 秒，约 1 分钟
2024-01-30 18:41:22 下次操作: 2024-01-30 18:43:07

2024-01-30 18:43:07 开始第 995 次操作

2024-01-30 18:43:07 开始操作号码 【1740914】
2024-01-30 18:43:11 GSD getOne 第 1 次 等待 3 秒
2024-01-30 18:43:14 查询号码 【1740914】，返回信息 {"status":"ok","msg":"-","gid":"142813","time_insert":"2021-06-28 00:07"}
2024-01-30 18:43:14 查询号码 【1740914】，GSD为【"-"】
2024-01-30 18:43:14 ok && -
2024-01-30 18:43:16 CHB 1740914?1706611394 第 1 次 等待 3 秒
2024-01-30 18:43:19 CHB 1740914?1706611394 第 1 次 获取到号码【1740914】GSD
2024-01-30 18:43:19 未获取到号码【1740914】GSD，可能号码格式错误
2024-01-30 18:43:19 获取到号码【1740914】的GSD为【-】
2024-01-30 18:43:23 GSD insert 第 1 次 等待 3 秒
2024-01-30 18:43:26 {"status":"bad","gid":"142813","msg":"添加失败！号码【1740914(-|-)】已存在！"}
2024-01-30 18:43:26 随机等待 193 秒，约 3 分钟
2024-01-30 18:43:26 下次操作: 2024-01-30 18:46:39

2024-01-30 18:46:39 开始第 996 次操作

2024-01-30 18:46:39 开始操作号码 【1740915】
2024-01-30 18:46:43 GSD getOne 第 1 次 等待 3 秒
2024-01-30 18:46:46 查询号码 【1740915】，返回信息 {"status":"ok","msg":"-","gid":"142834","time_insert":"2021-06-28 00:08"}
2024-01-30 18:46:46 查询号码 【1740915】，GSD为【"-"】
2024-01-30 18:46:46 ok && -
2024-01-30 18:46:48 CHB 1740915?1706611606 第 1 次 等待 3 秒
2024-01-30 18:46:51 CHB 1740915?1706611606 第 1 次 获取到号码【1740915】GSD
2024-01-30 18:46:51 未获取到号码【1740915】GSD，可能号码格式错误
2024-01-30 18:46:51 获取到号码【1740915】的GSD为【-】
2024-01-30 18:46:54 GSD insert 第 1 次 等待 3 秒
2024-01-30 18:46:57 {"status":"bad","gid":"142834","msg":"添加失败！号码【1740915(-|-)】已存在！"}

2024-01-30 19:14:04 开始第 997 次操作

2024-01-30 19:14:05 开始操作号码 【1740916】
2024-01-30 19:14:11 GSD getOne 第 1 次 等待 3 秒
2024-01-30 19:14:14 查询号码 【1740916】，返回信息 {"status":"ok","msg":"-","gid":"142844","time_insert":"2021-06-28 00:09"}
2024-01-30 19:14:14 查询号码 【1740916】，GSD为【"-"】
2024-01-30 19:14:14 ok && -
2024-01-30 19:14:16 CHB 1740916?1706613254 第 1 次 等待 3 秒
2024-01-30 19:14:19 CHB 1740916?1706613254 第 1 次 获取到号码【1740916】GSD
2024-01-30 19:14:19 未获取到号码【1740916】GSD，可能号码格式错误
2024-01-30 19:14:19 获取到号码【1740916】的GSD为【-】
2024-01-30 19:14:24 GSD insert 第 1 次 等待 3 秒
2024-01-30 19:14:27 {"status":"bad","gid":"142844","msg":"添加失败！号码【1740916(-|-)】已存在！"}
2024-01-30 19:14:27 随机等待 172 秒，约 2 分钟
2024-01-30 19:14:27 下次操作: 2024-01-30 19:17:19

2024-01-30 19:17:19 开始第 998 次操作

2024-01-30 19:17:19 开始操作号码 【1740917】
2024-01-30 19:17:23 GSD getOne 第 1 次 等待 3 秒
2024-01-30 19:17:26 查询号码 【1740917】，返回信息 {"status":"ok","msg":"-","gid":"142851","time_insert":"2021-06-28 00:10"}
2024-01-30 19:17:26 查询号码 【1740917】，GSD为【"-"】
2024-01-30 19:17:26 ok && -
2024-01-30 19:17:28 CHB 1740917?1706613446 第 1 次 等待 3 秒
2024-01-30 19:17:31 CHB 1740917?1706613446 第 1 次 获取到号码【1740917】GSD
2024-01-30 19:17:31 未获取到号码【1740917】GSD，可能号码格式错误
2024-01-30 19:17:31 获取到号码【1740917】的GSD为【-】
2024-01-30 19:17:35 GSD insert 第 1 次 等待 3 秒
2024-01-30 19:17:38 {"status":"bad","gid":"142851","msg":"添加失败！号码【1740917(-|-)】已存在！"}
2024-01-30 19:17:38 随机等待 185 秒，约 3 分钟
2024-01-30 19:17:38 下次操作: 2024-01-30 19:20:43

2024-01-30 19:20:43 开始第 999 次操作

2024-01-30 19:20:43 开始操作号码 【1740918】
2024-01-30 19:20:46 GSD getOne 第 1 次 等待 3 秒
2024-01-30 19:20:49 查询号码 【1740918】，返回信息 {"status":"ok","msg":"-","gid":"142860","time_insert":"2021-06-28 00:11"}
2024-01-30 19:20:50 查询号码 【1740918】，GSD为【"-"】
2024-01-30 19:20:50 ok && -
2024-01-30 19:20:51 CHB 1740918?1706613650 第 1 次 等待 3 秒
2024-01-30 19:20:54 CHB 1740918?1706613650 第 1 次 获取到号码【1740918】GSD
2024-01-30 19:20:54 未获取到号码【1740918】GSD，可能号码格式错误
2024-01-30 19:20:54 获取到号码【1740918】的GSD为【-】
2024-01-30 19:20:58 GSD insert 第 1 次 等待 3 秒
2024-01-30 19:21:01 {"status":"bad","gid":"142860","msg":"添加失败！号码【1740918(-|-)】已存在！"}
2024-01-30 19:21:01 随机等待 79 秒，约 1 分钟
2024-01-30 19:21:01 下次操作: 2024-01-30 19:22:20

2024-01-30 19:22:20 开始第 1000 次操作

2024-01-30 19:22:20 开始操作号码 【1740919】
2024-01-30 19:22:24 GSD getOne 第 1 次 等待 3 秒
2024-01-30 19:22:27 查询号码 【1740919】，返回信息 {"status":"ok","msg":"-","gid":"142867","time_insert":"2021-06-28 00:12"}
2024-01-30 19:22:27 查询号码 【1740919】，GSD为【"-"】
2024-01-30 19:22:27 ok && -
2024-01-30 19:22:29 CHB 1740919?1706613747 第 1 次 等待 3 秒
2024-01-30 19:22:32 CHB 1740919?1706613747 第 1 次 获取到号码【1740919】GSD
2024-01-30 19:22:32 未获取到号码【1740919】GSD，可能号码格式错误
2024-01-30 19:22:32 获取到号码【1740919】的GSD为【-】
2024-01-30 19:22:36 GSD insert 第 1 次 等待 3 秒
2024-01-30 19:22:39 {"status":"bad","gid":"142867","msg":"添加失败！号码【1740919(-|-)】已存在！"}

2024-01-30 19:37:33 开始第 1001 次操作

2024-01-30 19:37:33 开始操作号码 【1740920】
2024-01-30 19:37:41 GSD getOne 第 1 次 等待 3 秒
2024-01-30 19:37:44 查询号码 【1740920】，返回信息 {"status":"ok","msg":"北京-北京","gid":"142878","time_insert":"2021-06-28 00:14"}
2024-01-30 19:37:44 查询号码 【1740920】，GSD为【"北京-北京"】

2024-01-30 19:37:45 开始第 1002 次操作

2024-01-30 19:37:45 开始操作号码 【1740921】
2024-01-30 19:37:51 GSD getOne 第 1 次 等待 3 秒
2024-01-30 19:37:54 查询号码 【1740921】，返回信息 {"status":"ok","msg":"北京-北京","gid":"142886","time_insert":"2021-06-28 00:15"}
2024-01-30 19:37:54 查询号码 【1740921】，GSD为【"北京-北京"】

2024-01-30 19:37:55 开始第 1003 次操作

2024-01-30 19:37:55 开始操作号码 【1740922】
2024-01-30 19:38:00 GSD getOne 第 1 次 等待 3 秒
2024-01-30 19:38:03 查询号码 【1740922】，返回信息 {"status":"ok","msg":"北京-北京","gid":"142895","time_insert":"2021-06-28 00:16"}
2024-01-30 19:38:03 查询号码 【1740922】，GSD为【"北京-北京"】

2024-01-30 19:38:04 开始第 1004 次操作

2024-01-30 19:38:04 开始操作号码 【1740923】
2024-01-30 19:38:08 GSD getOne 第 1 次 等待 3 秒
2024-01-30 19:38:11 查询号码 【1740923】，返回信息 {"status":"ok","msg":"北京-北京","gid":"142902","time_insert":"2021-06-28 00:17"}
2024-01-30 19:38:11 查询号码 【1740923】，GSD为【"北京-北京"】

2024-01-30 20:29:24 开始第 1005 次操作

2024-01-30 20:29:24 开始操作号码 【1740924】
2024-01-30 20:29:28 GSD getOne 第 1 次 等待 3 秒
2024-01-30 20:29:31 查询号码 【1740924】，返回信息 {"status":"ok","msg":"北京-北京","gid":"142907","time_insert":"2021-06-28 00:18"}
2024-01-30 20:29:32 查询号码 【1740924】，GSD为【"北京-北京"】

2024-01-30 20:29:33 开始第 1006 次操作

2024-01-30 20:29:33 开始操作号码 【1740925】
2024-01-30 20:29:36 GSD getOne 第 1 次 等待 3 秒
2024-01-30 20:29:39 查询号码 【1740925】，返回信息 {"status":"ok","msg":"北京-北京","gid":"142913","time_insert":"2021-06-28 00:19"}
2024-01-30 20:29:39 查询号码 【1740925】，GSD为【"北京-北京"】

2024-01-30 20:29:40 开始第 1007 次操作

2024-01-30 20:29:40 开始操作号码 【1740926】
2024-01-30 20:29:44 GSD getOne 第 1 次 等待 3 秒
2024-01-30 20:29:47 查询号码 【1740926】，返回信息 {"status":"ok","msg":"北京-北京","gid":"142920","time_insert":"2021-06-28 00:20"}
2024-01-30 20:29:47 查询号码 【1740926】，GSD为【"北京-北京"】

2024-01-30 20:29:48 开始第 1008 次操作

2024-01-30 20:29:48 开始操作号码 【1740927】
2024-01-30 20:29:52 GSD getOne 第 1 次 等待 3 秒
2024-01-30 20:29:55 查询号码 【1740927】，返回信息 {"status":"ok","msg":"北京-北京","gid":"142925","time_insert":"2021-06-28 00:21"}
2024-01-30 20:29:55 查询号码 【1740927】，GSD为【"北京-北京"】

2024-01-30 20:49:42 开始第 1009 次操作

2024-01-30 20:49:42 开始操作号码 【1740928】
2024-01-30 20:49:50 GSD getOne 第 1 次 等待 3 秒
2024-01-30 20:49:53 查询号码 【1740928】，返回信息 {"status":"ok","msg":"北京-北京","gid":"142929","time_insert":"2021-06-28 00:21"}
2024-01-30 20:49:53 查询号码 【1740928】，GSD为【"北京-北京"】

2024-01-30 20:49:54 开始第 1010 次操作

2024-01-30 20:49:54 开始操作号码 【1740929】
2024-01-30 20:49:57 GSD getOne 第 1 次 等待 3 秒
2024-01-30 20:50:00 查询号码 【1740929】，返回信息 {"status":"ok","msg":"北京-北京","gid":"142930","time_insert":"2021-06-28 00:22"}
2024-01-30 20:50:00 查询号码 【1740929】，GSD为【"北京-北京"】

2024-01-30 20:50:02 开始第 1011 次操作

2024-01-30 20:50:02 开始操作号码 【1740930】
2024-01-30 20:50:05 GSD getOne 第 1 次 等待 3 秒
2024-01-30 20:50:08 查询号码 【1740930】，返回信息 {"status":"ok","msg":"北京-北京","gid":"142998","time_insert":"2021-06-28 01:09"}
2024-01-30 20:50:08 查询号码 【1740930】，GSD为【"北京-北京"】

2024-01-30 20:50:09 开始第 1012 次操作

2024-01-30 20:50:09 开始操作号码 【1740931】
2024-01-30 20:50:13 GSD getOne 第 1 次 等待 3 秒
2024-01-30 20:50:16 查询号码 【1740931】，返回信息 {"status":"ok","msg":"北京-北京","gid":"143002","time_insert":"2021-06-28 01:10"}
2024-01-30 20:50:16 查询号码 【1740931】，GSD为【"北京-北京"】

2024-01-30 21:17:54 开始第 1013 次操作

2024-01-30 21:17:54 开始操作号码 【1740932】
2024-01-30 21:17:59 GSD getOne 第 1 次 等待 3 秒
2024-01-30 21:18:02 查询号码 【1740932】，返回信息 {"status":"ok","msg":"北京-北京","gid":"143006","time_insert":"2021-06-28 01:11"}
2024-01-30 21:18:02 查询号码 【1740932】，GSD为【"北京-北京"】

2024-01-30 21:18:03 开始第 1014 次操作

2024-01-30 21:18:03 开始操作号码 【1740933】
2024-01-30 21:18:07 GSD getOne 第 1 次 等待 3 秒
2024-01-30 21:18:10 查询号码 【1740933】，返回信息 {"status":"ok","msg":"北京-北京","gid":"143013","time_insert":"2021-06-28 01:12"}
2024-01-30 21:18:10 查询号码 【1740933】，GSD为【"北京-北京"】

2024-01-30 21:18:11 开始第 1015 次操作

2024-01-30 21:18:11 开始操作号码 【1740934】
2024-01-30 21:18:17 GSD getOne 第 1 次 等待 3 秒
2024-01-30 21:18:20 查询号码 【1740934】，返回信息 {"status":"ok","msg":"北京-北京","gid":"143018","time_insert":"2021-06-28 01:13"}
2024-01-30 21:18:20 查询号码 【1740934】，GSD为【"北京-北京"】

2024-01-30 21:18:21 开始第 1016 次操作

2024-01-30 21:18:21 开始操作号码 【1740935】
2024-01-30 21:18:25 GSD getOne 第 1 次 等待 3 秒
2024-01-30 21:18:28 查询号码 【1740935】，返回信息 {"status":"ok","msg":"北京-北京","gid":"143022","time_insert":"2021-06-28 01:13"}
2024-01-30 21:18:28 查询号码 【1740935】，GSD为【"北京-北京"】

2024-01-30 21:37:42 开始第 1017 次操作

2024-01-30 21:37:42 开始操作号码 【1740936】
2024-01-30 21:37:50 GSD getOne 第 1 次 等待 3 秒
2024-01-30 21:37:53 查询号码 【1740936】，返回信息 {"status":"ok","msg":"北京-北京","gid":"143026","time_insert":"2021-06-28 01:14"}
2024-01-30 21:37:53 查询号码 【1740936】，GSD为【"北京-北京"】

2024-01-30 21:37:54 开始第 1018 次操作

2024-01-30 21:37:54 开始操作号码 【1740937】
2024-01-30 21:38:01 GSD getOne 第 1 次 等待 3 秒
2024-01-30 21:38:04 查询号码 【1740937】，返回信息 {"status":"ok","msg":"北京-北京","gid":"143032","time_insert":"2021-06-28 01:15"}
2024-01-30 21:38:04 查询号码 【1740937】，GSD为【"北京-北京"】

2024-01-30 21:38:05 开始第 1019 次操作

2024-01-30 21:38:05 开始操作号码 【1740938】
2024-01-30 21:38:12 GSD getOne 第 1 次 等待 3 秒
2024-01-30 21:38:15 查询号码 【1740938】，返回信息 {"status":"ok","msg":"北京-北京","gid":"143036","time_insert":"2021-06-28 01:16"}
2024-01-30 21:38:15 查询号码 【1740938】，GSD为【"北京-北京"】

2024-01-30 21:38:16 开始第 1020 次操作

2024-01-30 21:38:16 开始操作号码 【1740939】
2024-01-30 21:38:20 GSD getOne 第 1 次 等待 3 秒
2024-01-30 21:38:23 查询号码 【1740939】，返回信息 {"status":"ok","msg":"北京-北京","gid":"143039","time_insert":"2021-06-28 01:16"}
2024-01-30 21:38:23 查询号码 【1740939】，GSD为【"北京-北京"】

2024-01-30 22:14:55 开始第 1021 次操作

2024-01-30 22:14:55 开始操作号码 【1740940】
2024-01-30 22:14:59 GSD getOne 第 1 次 等待 3 秒
2024-01-30 22:15:02 查询号码 【1740940】，返回信息 {"status":"ok","msg":"北京-北京","gid":"143044","time_insert":"2021-06-28 01:17"}
2024-01-30 22:15:02 查询号码 【1740940】，GSD为【"北京-北京"】

2024-01-30 22:15:03 开始第 1022 次操作

2024-01-30 22:15:03 开始操作号码 【1740941】
2024-01-30 22:15:07 GSD getOne 第 1 次 等待 3 秒
2024-01-30 22:15:10 查询号码 【1740941】，返回信息 {"status":"ok","msg":"北京-北京","gid":"143052","time_insert":"2021-06-28 01:18"}
2024-01-30 22:15:10 查询号码 【1740941】，GSD为【"北京-北京"】

2024-01-30 22:15:11 开始第 1023 次操作

2024-01-30 22:15:11 开始操作号码 【1740942】
2024-01-30 22:15:16 GSD getOne 第 1 次 等待 3 秒
2024-01-30 22:15:19 查询号码 【1740942】，返回信息 {"status":"ok","msg":"北京-北京","gid":"143057","time_insert":"2021-06-28 01:18"}
2024-01-30 22:15:19 查询号码 【1740942】，GSD为【"北京-北京"】

2024-01-30 22:15:20 开始第 1024 次操作

2024-01-30 22:15:20 开始操作号码 【1740943】
2024-01-30 22:15:24 GSD getOne 第 1 次 等待 3 秒
2024-01-30 22:15:27 查询号码 【1740943】，返回信息 {"status":"ok","msg":"北京-北京","gid":"143059","time_insert":"2021-06-28 01:19"}
2024-01-30 22:15:27 查询号码 【1740943】，GSD为【"北京-北京"】

2024-01-30 22:37:21 开始第 1025 次操作

2024-01-30 22:37:21 开始操作号码 【1740944】
2024-01-30 22:37:30 GSD getOne 第 1 次 等待 3 秒
2024-01-30 22:37:33 查询号码 【1740944】，返回信息 {"status":"ok","msg":"北京-北京","gid":"143063","time_insert":"2021-06-28 01:20"}
2024-01-30 22:37:33 查询号码 【1740944】，GSD为【"北京-北京"】

2024-01-30 22:37:34 开始第 1026 次操作

2024-01-30 22:37:34 开始操作号码 【1740945】
2024-01-30 22:37:38 GSD getOne 第 1 次 等待 3 秒
2024-01-30 22:37:41 查询号码 【1740945】，返回信息 {"status":"ok","msg":"北京-北京","gid":"143068","time_insert":"2021-06-28 01:21"}
2024-01-30 22:37:41 查询号码 【1740945】，GSD为【"北京-北京"】

2024-01-30 22:37:42 开始第 1027 次操作

2024-01-30 22:37:42 开始操作号码 【1740946】
2024-01-30 22:37:47 GSD getOne 第 1 次 等待 3 秒
2024-01-30 22:37:50 查询号码 【1740946】，返回信息 {"status":"ok","msg":"北京-北京","gid":"143073","time_insert":"2021-06-28 01:21"}
2024-01-30 22:37:50 查询号码 【1740946】，GSD为【"北京-北京"】

2024-01-30 22:37:52 开始第 1028 次操作

2024-01-30 22:37:52 开始操作号码 【1740947】
2024-01-30 22:37:57 GSD getOne 第 1 次 等待 3 秒
2024-01-30 22:38:00 查询号码 【1740947】，返回信息 {"status":"ok","msg":"北京-北京","gid":"143079","time_insert":"2021-06-28 01:22"}
2024-01-30 22:38:00 查询号码 【1740947】，GSD为【"北京-北京"】

2024-01-30 23:17:17 开始第 1029 次操作

2024-01-30 23:17:17 开始操作号码 【1740948】
2024-01-30 23:17:27 GSD getOne 第 1 次 等待 3 秒
2024-01-30 23:17:30 查询号码 【1740948】，返回信息 {"status":"ok","msg":"北京-北京","gid":"143084","time_insert":"2021-06-28 01:23"}
2024-01-30 23:17:30 查询号码 【1740948】，GSD为【"北京-北京"】

2024-01-30 23:17:31 开始第 1030 次操作

2024-01-30 23:17:31 开始操作号码 【1740949】
2024-01-30 23:17:38 GSD getOne 第 1 次 等待 3 秒
2024-01-30 23:17:41 查询号码 【1740949】，返回信息 {"status":"ok","msg":"北京-北京","gid":"143088","time_insert":"2021-06-28 01:24"}
2024-01-30 23:17:41 查询号码 【1740949】，GSD为【"北京-北京"】

2024-01-30 23:17:42 开始第 1031 次操作

2024-01-30 23:17:42 开始操作号码 【1740950】
2024-01-30 23:17:46 GSD getOne 第 1 次 等待 3 秒
2024-01-30 23:17:49 查询号码 【1740950】，返回信息 {"status":"ok","msg":"北京-北京","gid":"143091","time_insert":"2021-06-28 01:24"}
2024-01-30 23:17:49 查询号码 【1740950】，GSD为【"北京-北京"】

2024-01-30 23:17:50 开始第 1032 次操作

2024-01-30 23:17:50 开始操作号码 【1740951】
2024-01-30 23:17:55 GSD getOne 第 1 次 等待 3 秒
2024-01-30 23:17:58 查询号码 【1740951】，返回信息 {"status":"ok","msg":"北京-北京","gid":"143094","time_insert":"2021-06-28 01:25"}
2024-01-30 23:17:58 查询号码 【1740951】，GSD为【"北京-北京"】

2024-01-30 23:37:50 开始第 1033 次操作

2024-01-30 23:37:50 开始操作号码 【1740952】
2024-01-30 23:37:58 GSD getOne 第 1 次 等待 3 秒
2024-01-30 23:38:01 查询号码 【1740952】，返回信息 {"status":"ok","msg":"北京-北京","gid":"143096","time_insert":"2021-06-28 01:26"}
2024-01-30 23:38:01 查询号码 【1740952】，GSD为【"北京-北京"】

2024-01-30 23:38:02 开始第 1034 次操作

2024-01-30 23:38:02 开始操作号码 【1740953】
2024-01-30 23:38:06 GSD getOne 第 1 次 等待 3 秒
2024-01-30 23:38:09 查询号码 【1740953】，返回信息 {"status":"ok","msg":"北京-北京","gid":"143099","time_insert":"2021-06-28 01:27"}
2024-01-30 23:38:09 查询号码 【1740953】，GSD为【"北京-北京"】

2024-01-30 23:38:10 开始第 1035 次操作

2024-01-30 23:38:10 开始操作号码 【1740954】
2024-01-30 23:38:15 GSD getOne 第 1 次 等待 3 秒
2024-01-30 23:38:18 查询号码 【1740954】，返回信息 {"status":"ok","msg":"北京-北京","gid":"143102","time_insert":"2021-06-28 01:27"}
2024-01-30 23:38:18 查询号码 【1740954】，GSD为【"北京-北京"】

2024-01-30 23:38:19 开始第 1036 次操作

2024-01-30 23:38:19 开始操作号码 【1740955】
2024-01-30 23:38:23 GSD getOne 第 1 次 等待 3 秒
2024-01-30 23:38:26 查询号码 【1740955】，返回信息 {"status":"ok","msg":"北京-北京","gid":"143105","time_insert":"2021-06-28 01:28"}
2024-01-30 23:38:26 查询号码 【1740955】，GSD为【"北京-北京"】

