2024-09-06 00:12:26 开始第 3109 次操作

2024-09-06 00:12:26 开始操作号码 【1413108】
2024-09-06 00:12:34 GSD getOne 第 1 次 等待 3 秒
2024-09-06 00:12:37 查询号码 【1413108】，返回信息 {"status":"ok","msg":"-","gid":"575848","time_insert":"2023-03-07 15:17"}
2024-09-06 00:12:37 查询号码 【1413108】，GSD为【"-"】
2024-09-06 00:12:37 ok && -
2024-09-06 00:12:39 CHB 1413108?1725552757 第 1 次 等待 3 秒
2024-09-06 00:12:42 CHB 1413108?1725552757 第 1 次 获取到号码【1413108】GSD
2024-09-06 00:12:42 未获取到号码【1413108】GSD，可能号码格式错误
2024-09-06 00:12:42 获取到号码【1413108】的GSD为【-】
2024-09-06 00:12:50 GSD insert 第 1 次 等待 3 秒
2024-09-06 00:12:53 {"status":"bad","gid":"575848","msg":"添加失败！号码【1413108(-|-)】已存在！"}
2024-09-06 00:12:53 随机等待 216 秒，约 3 分钟
2024-09-06 00:12:53 下次操作: 2024-09-06 00:16:29

2024-09-06 00:16:29 开始第 3110 次操作

2024-09-06 00:16:29 开始操作号码 【1413109】
2024-09-06 00:16:39 GSD getOne 第 1 次 等待 3 秒
2024-09-06 00:16:42 查询号码 【1413109】，返回信息 {"status":"ok","msg":"-","gid":"575872","time_insert":"2023-03-07 15:31"}
2024-09-06 00:16:42 查询号码 【1413109】，GSD为【"-"】
2024-09-06 00:16:42 ok && -
2024-09-06 00:16:44 CHB 1413109?1725553002 第 1 次 等待 3 秒
2024-09-06 00:16:47 CHB 1413109?1725553002 第 1 次 获取到号码【1413109】GSD
2024-09-06 00:16:47 未获取到号码【1413109】GSD，可能号码格式错误
2024-09-06 00:16:47 获取到号码【1413109】的GSD为【-】
2024-09-06 00:16:55 GSD insert 第 1 次 等待 3 秒
2024-09-06 00:16:58 {"status":"bad","gid":"575872","msg":"添加失败！号码【1413109(-|-)】已存在！"}
2024-09-06 00:16:58 随机等待 226 秒，约 3 分钟
2024-09-06 00:16:58 下次操作: 2024-09-06 00:20:44

2024-09-06 00:20:44 开始第 3111 次操作

2024-09-06 00:20:44 开始操作号码 【1413110】
2024-09-06 00:20:52 GSD getOne 第 1 次 等待 3 秒
2024-09-06 00:20:55 查询号码 【1413110】，返回信息 {"status":"ok","msg":"-","gid":"575885","time_insert":"2023-03-07 15:40"}
2024-09-06 00:20:55 查询号码 【1413110】，GSD为【"-"】
2024-09-06 00:20:55 ok && -
2024-09-06 00:20:57 CHB 1413110?1725553255 第 1 次 等待 3 秒
2024-09-06 00:21:00 CHB 1413110?1725553255 第 1 次 获取到号码【1413110】GSD
2024-09-06 00:21:00 未获取到号码【1413110】GSD，可能号码格式错误
2024-09-06 00:21:00 获取到号码【1413110】的GSD为【-】
2024-09-06 00:21:08 GSD insert 第 1 次 等待 3 秒
2024-09-06 00:21:11 {"status":"bad","gid":"575885","msg":"添加失败！号码【1413110(-|-)】已存在！"}
2024-09-06 00:21:11 随机等待 109 秒，约 1 分钟
2024-09-06 00:21:11 下次操作: 2024-09-06 00:23:00

2024-09-06 00:23:00 开始第 3112 次操作

2024-09-06 00:23:00 开始操作号码 【1413111】
2024-09-06 00:23:09 GSD getOne 第 1 次 等待 3 秒
2024-09-06 00:23:12 查询号码 【1413111】，返回信息 {"status":"ok","msg":"-","gid":"575907","time_insert":"2023-03-07 15:51"}
2024-09-06 00:23:12 查询号码 【1413111】，GSD为【"-"】
2024-09-06 00:23:12 ok && -
2024-09-06 00:23:14 CHB 1413111?1725553392 第 1 次 等待 3 秒
2024-09-06 00:23:17 CHB 1413111?1725553392 第 1 次 获取到号码【1413111】GSD
2024-09-06 00:23:17 未获取到号码【1413111】GSD，可能号码格式错误
2024-09-06 00:23:17 获取到号码【1413111】的GSD为【-】
2024-09-06 00:23:28 GSD insert 第 1 次 等待 3 秒
2024-09-06 00:23:31 {"status":"bad","gid":"575907","msg":"添加失败！号码【1413111(-|-)】已存在！"}

2024-09-06 00:40:50 开始第 3113 次操作

2024-09-06 00:40:50 开始操作号码 【1413112】
2024-09-06 00:40:59 GSD getOne 第 1 次 等待 3 秒
2024-09-06 00:41:02 查询号码 【1413112】，返回信息 {"status":"ok","msg":"-","gid":"575922","time_insert":"2023-03-07 16:02"}
2024-09-06 00:41:02 查询号码 【1413112】，GSD为【"-"】
2024-09-06 00:41:02 ok && -
2024-09-06 00:41:06 CHB 1413112?1725554462 第 1 次 等待 3 秒
2024-09-06 00:41:09 CHB 1413112?1725554462 第 1 次 获取到号码【1413112】GSD
2024-09-06 00:41:09 未获取到号码【1413112】GSD，可能号码格式错误
2024-09-06 00:41:09 获取到号码【1413112】的GSD为【-】
2024-09-06 00:41:17 GSD insert 第 1 次 等待 3 秒
2024-09-06 00:41:20 {"status":"bad","gid":"575922","msg":"添加失败！号码【1413112(-|-)】已存在！"}
2024-09-06 00:41:20 随机等待 158 秒，约 2 分钟
2024-09-06 00:41:20 下次操作: 2024-09-06 00:43:58

2024-09-06 00:43:58 开始第 3114 次操作

2024-09-06 00:43:58 开始操作号码 【1413113】
2024-09-06 00:44:06 GSD getOne 第 1 次 等待 3 秒
2024-09-06 00:44:09 查询号码 【1413113】，返回信息 {"status":"ok","msg":"-","gid":"575947","time_insert":"2023-03-07 16:20"}
2024-09-06 00:44:09 查询号码 【1413113】，GSD为【"-"】
2024-09-06 00:44:09 ok && -
2024-09-06 00:44:11 CHB 1413113?1725554649 第 1 次 等待 3 秒
2024-09-06 00:44:14 CHB 1413113?1725554649 第 1 次 获取到号码【1413113】GSD
2024-09-06 00:44:14 未获取到号码【1413113】GSD，可能号码格式错误
2024-09-06 00:44:14 获取到号码【1413113】的GSD为【-】
2024-09-06 00:44:22 GSD insert 第 1 次 等待 3 秒
2024-09-06 00:44:25 {"status":"bad","gid":"575947","msg":"添加失败！号码【1413113(-|-)】已存在！"}
2024-09-06 00:44:25 随机等待 233 秒，约 3 分钟
2024-09-06 00:44:25 下次操作: 2024-09-06 00:48:18

2024-09-06 00:48:18 开始第 3115 次操作

2024-09-06 00:48:18 开始操作号码 【1413114】
2024-09-06 00:48:26 GSD getOne 第 1 次 等待 3 秒
2024-09-06 00:48:29 查询号码 【1413114】，返回信息 {"status":"ok","msg":"-","gid":"575965","time_insert":"2023-03-07 16:36"}
2024-09-06 00:48:29 查询号码 【1413114】，GSD为【"-"】
2024-09-06 00:48:29 ok && -
2024-09-06 00:48:31 CHB 1413114?1725554909 第 1 次 等待 3 秒
2024-09-06 00:48:34 CHB 1413114?1725554909 第 1 次 获取到号码【1413114】GSD
2024-09-06 00:48:34 未获取到号码【1413114】GSD，可能号码格式错误
2024-09-06 00:48:34 获取到号码【1413114】的GSD为【-】
2024-09-06 00:48:42 GSD insert 第 1 次 等待 3 秒
2024-09-06 00:48:45 {"status":"bad","gid":"575965","msg":"添加失败！号码【1413114(-|-)】已存在！"}
2024-09-06 00:48:45 随机等待 70 秒，约 1 分钟
2024-09-06 00:48:45 下次操作: 2024-09-06 00:49:55

2024-09-06 00:49:55 开始第 3116 次操作

2024-09-06 00:49:55 开始操作号码 【1413115】
2024-09-06 00:50:03 GSD getOne 第 1 次 等待 3 秒
2024-09-06 00:50:06 查询号码 【1413115】，返回信息 {"status":"ok","msg":"-","gid":"575988","time_insert":"2023-03-07 16:49"}
2024-09-06 00:50:06 查询号码 【1413115】，GSD为【"-"】
2024-09-06 00:50:06 ok && -
2024-09-06 00:50:08 CHB 1413115?1725555006 第 1 次 等待 3 秒
2024-09-06 00:50:11 CHB 1413115?1725555006 第 1 次 获取到号码【1413115】GSD
2024-09-06 00:50:11 未获取到号码【1413115】GSD，可能号码格式错误
2024-09-06 00:50:11 获取到号码【1413115】的GSD为【-】
2024-09-06 00:50:19 GSD insert 第 1 次 等待 3 秒
2024-09-06 00:50:22 {"status":"bad","gid":"575988","msg":"添加失败！号码【1413115(-|-)】已存在！"}

