2024-06-23 00:22:52 开始第 2129 次操作

2024-06-23 00:22:52 开始操作号码 【1522033】
2024-06-23 00:23:09 GSD getOne 第 1 次 等待 3 秒
2024-06-23 00:23:12 查询号码 【1522033】，返回信息 {"status":"ok","msg":"广东-东莞","gid":"116541","time_insert":"2021-06-23 05:29"}
2024-06-23 00:23:12 查询号码 【1522033】，GSD为【"广东-东莞"】

2024-06-23 00:23:13 开始第 2130 次操作

2024-06-23 00:23:13 开始操作号码 【1522034】
2024-06-23 00:23:28 GSD getOne 第 1 次 等待 3 秒
2024-06-23 00:23:31 查询号码 【1522034】，返回信息 {"status":"ok","msg":"广东-东莞","gid":"116591","time_insert":"2021-06-23 05:49"}
2024-06-23 00:23:31 查询号码 【1522034】，GSD为【"广东-东莞"】

2024-06-23 00:23:32 开始第 2131 次操作

2024-06-23 00:23:32 开始操作号码 【1522035】
2024-06-23 00:23:51 GSD getOne 第 1 次 等待 3 秒
2024-06-23 00:23:54 查询号码 【1522035】，返回信息 {"status":"ok","msg":"广东-东莞","gid":"116703","time_insert":"2021-06-23 06:05"}
2024-06-23 00:23:54 查询号码 【1522035】，GSD为【"广东-东莞"】

2024-06-23 00:23:55 开始第 2132 次操作

2024-06-23 00:23:55 开始操作号码 【1522036】
2024-06-23 00:24:12 GSD getOne 第 1 次 等待 3 秒
2024-06-23 00:24:15 查询号码 【1522036】，返回信息 {"status":"ok","msg":"广东-东莞","gid":"18967","time_insert":"2019-11-15 11:24","time_update":"2020-09-29 16:21"}
2024-06-23 00:24:15 查询号码 【1522036】，GSD为【"广东-东莞"】

