2023-11-30 00:23:16 开始第 545 次操作

2023-11-30 00:23:16 开始操作号码 【1850464】
2023-11-30 00:23:20 GSD getOne 第 1 次 等待 3 秒
2023-11-30 00:23:23 查询号码 【1850464】，返回信息 {"status":"ok","msg":"黑龙江-七台河","gid":"341834","time_insert":"2021-07-21 01:25"}
2023-11-30 00:23:23 查询号码 【1850464】，GSD为【"黑龙江-七台河"】

2023-11-30 00:23:24 开始第 546 次操作

2023-11-30 00:23:24 开始操作号码 【1850465】
2023-11-30 00:23:28 GSD getOne 第 1 次 等待 3 秒
2023-11-30 00:23:31 查询号码 【1850465】，返回信息 {"status":"ok","msg":"黑龙江-哈尔滨","gid":"341898","time_insert":"2021-07-21 01:38"}
2023-11-30 00:23:31 查询号码 【1850465】，GSD为【"黑龙江-哈尔滨"】

2023-11-30 00:23:32 开始第 547 次操作

2023-11-30 00:23:32 开始操作号码 【1850466】
2023-11-30 00:23:36 GSD getOne 第 1 次 等待 3 秒
2023-11-30 00:23:39 查询号码 【1850466】，返回信息 {"status":"ok","msg":"黑龙江-哈尔滨","gid":"342014","time_insert":"2021-07-21 01:52"}
2023-11-30 00:23:39 查询号码 【1850466】，GSD为【"黑龙江-哈尔滨"】

2023-11-30 00:23:40 开始第 548 次操作

2023-11-30 00:23:40 开始操作号码 【1850467】
2023-11-30 00:23:43 GSD getOne 第 1 次 等待 3 秒
2023-11-30 00:23:46 查询号码 【1850467】，返回信息 {"status":"ok","msg":"黑龙江-鸡西","gid":"342147","time_insert":"2021-07-21 02:04"}
2023-11-30 00:23:46 查询号码 【1850467】，GSD为【"黑龙江-鸡西"】

