2023-11-04 00:21:40 开始第 6625 次操作

2023-11-04 00:21:40 开始操作号码 【1956543】
2023-11-04 00:21:44 GSD getOne 第 1 次 等待 3 秒
2023-11-04 00:21:47 查询号码 【1956543】，返回信息 {"status":"ok","msg":"江苏-泰州","gid":"46299","time_insert":"2018-05-18 23:04","time_update":"2021-06-24 20:01"}
2023-11-04 00:21:47 查询号码 【1956543】，GSD为【"江苏-泰州"】

2023-11-04 00:21:48 开始第 6626 次操作

2023-11-04 00:21:48 开始操作号码 【1956544】
2023-11-04 00:21:51 GSD getOne 第 1 次 等待 3 秒
2023-11-04 00:21:54 查询号码 【1956544】，返回信息 {"status":"ok","msg":"江苏-泰州","gid":"487329","time_insert":"2021-08-03 05:52"}
2023-11-04 00:21:55 查询号码 【1956544】，GSD为【"江苏-泰州"】

2023-11-04 00:21:56 开始第 6627 次操作

2023-11-04 00:21:56 开始操作号码 【1956545】
2023-11-04 00:22:04 GSD getOne 第 1 次 等待 3 秒
2023-11-04 00:22:07 查询号码 【1956545】，返回信息 {"status":"ok","msg":"江苏-泰州","gid":"487321","time_insert":"2021-08-03 05:52"}
2023-11-04 00:22:08 查询号码 【1956545】，GSD为【"江苏-泰州"】

2023-11-04 00:22:09 开始第 6628 次操作

2023-11-04 00:22:09 开始操作号码 【1956546】
2023-11-04 00:22:13 GSD getOne 第 1 次 等待 3 秒
2023-11-04 00:22:16 查询号码 【1956546】，返回信息 {"status":"ok","msg":"江苏-泰州","gid":"487312","time_insert":"2021-08-03 05:51"}
2023-11-04 00:22:16 查询号码 【1956546】，GSD为【"江苏-泰州"】

2023-11-04 00:40:20 开始第 6629 次操作

2023-11-04 00:40:20 开始操作号码 【1956547】
2023-11-04 00:40:24 GSD getOne 第 1 次 等待 3 秒
2023-11-04 00:40:27 查询号码 【1956547】，返回信息 {"status":"ok","msg":"江苏-泰州","gid":"487301","time_insert":"2021-08-03 05:50"}
2023-11-04 00:40:27 查询号码 【1956547】，GSD为【"江苏-泰州"】

2023-11-04 00:40:28 开始第 6630 次操作

2023-11-04 00:40:28 开始操作号码 【1956548】
2023-11-04 00:40:32 GSD getOne 第 1 次 等待 3 秒
2023-11-04 00:40:35 查询号码 【1956548】，返回信息 {"status":"ok","msg":"江苏-泰州","gid":"487291","time_insert":"2021-08-03 05:50"}
2023-11-04 00:40:35 查询号码 【1956548】，GSD为【"江苏-泰州"】

2023-11-04 00:40:36 开始第 6631 次操作

2023-11-04 00:40:36 开始操作号码 【1956549】
2023-11-04 00:40:41 GSD getOne 第 1 次 等待 3 秒
2023-11-04 00:40:44 查询号码 【1956549】，返回信息 {"status":"ok","msg":"江苏-泰州","gid":"487284","time_insert":"2021-08-03 05:49"}
2023-11-04 00:40:44 查询号码 【1956549】，GSD为【"江苏-泰州"】

2023-11-04 00:40:45 开始第 6632 次操作

2023-11-04 00:40:45 开始操作号码 【1956550】
2023-11-04 00:40:48 GSD getOne 第 1 次 等待 3 秒
2023-11-04 00:40:51 查询号码 【1956550】，返回信息 {"status":"ok","msg":"广东-广州","gid":"487274","time_insert":"2021-08-03 05:48"}
2023-11-04 00:40:52 查询号码 【1956550】，GSD为【"广东-广州"】

2023-11-04 01:14:52 开始第 6633 次操作

2023-11-04 01:14:52 开始操作号码 【1956551】
2023-11-04 01:14:56 GSD getOne 第 1 次 等待 3 秒
2023-11-04 01:14:59 查询号码 【1956551】，返回信息 {"status":"ok","msg":"广东-东莞","gid":"487265","time_insert":"2021-08-03 05:48"}
2023-11-04 01:14:59 查询号码 【1956551】，GSD为【"广东-东莞"】

2023-11-04 01:15:00 开始第 6634 次操作

2023-11-04 01:15:00 开始操作号码 【1956552】
2023-11-04 01:15:03 GSD getOne 第 1 次 等待 3 秒
2023-11-04 01:15:06 查询号码 【1956552】，返回信息 {"status":"ok","msg":"广东-中山","gid":"487255","time_insert":"2021-08-03 05:47"}
2023-11-04 01:15:06 查询号码 【1956552】，GSD为【"广东-中山"】

2023-11-04 01:15:07 开始第 6635 次操作

2023-11-04 01:15:07 开始操作号码 【1956553】
2023-11-04 01:15:10 GSD getOne 第 1 次 等待 3 秒
2023-11-04 01:15:13 查询号码 【1956553】，返回信息 {"status":"ok","msg":"广东-惠州","gid":"487247","time_insert":"2021-08-03 05:46"}
2023-11-04 01:15:13 查询号码 【1956553】，GSD为【"广东-惠州"】

2023-11-04 01:15:14 开始第 6636 次操作

2023-11-04 01:15:14 开始操作号码 【1956554】
2023-11-04 01:15:17 GSD getOne 第 1 次 等待 3 秒
2023-11-04 01:15:20 查询号码 【1956554】，返回信息 {"status":"ok","msg":"广东-河源","gid":"487239","time_insert":"2021-08-03 05:46"}
2023-11-04 01:15:20 查询号码 【1956554】，GSD为【"广东-河源"】

2023-11-04 01:37:32 开始第 6637 次操作

2023-11-04 01:37:32 开始操作号码 【1956555】
2023-11-04 01:37:39 GSD getOne 第 1 次 等待 3 秒
2023-11-04 01:37:42 查询号码 【1956555】，返回信息 {"status":"ok","msg":"广东-深圳","gid":"487230","time_insert":"2021-08-03 05:45"}
2023-11-04 01:37:42 查询号码 【1956555】，GSD为【"广东-深圳"】

2023-11-04 01:37:43 开始第 6638 次操作

2023-11-04 01:37:43 开始操作号码 【1956556】
2023-11-04 01:37:46 GSD getOne 第 1 次 等待 3 秒
2023-11-04 01:37:49 查询号码 【1956556】，返回信息 {"status":"ok","msg":"广东-惠州","gid":"487221","time_insert":"2021-08-03 05:44"}
2023-11-04 01:37:49 查询号码 【1956556】，GSD为【"广东-惠州"】

2023-11-04 01:37:50 开始第 6639 次操作

2023-11-04 01:37:50 开始操作号码 【1956557】
2023-11-04 01:37:53 GSD getOne 第 1 次 等待 3 秒
2023-11-04 01:37:56 查询号码 【1956557】，返回信息 {"status":"ok","msg":"广东-韶关","gid":"487210","time_insert":"2021-08-03 05:44"}
2023-11-04 01:37:56 查询号码 【1956557】，GSD为【"广东-韶关"】

2023-11-04 01:37:57 开始第 6640 次操作

2023-11-04 01:37:57 开始操作号码 【1956558】
2023-11-04 01:38:00 GSD getOne 第 1 次 等待 3 秒
2023-11-04 01:38:03 查询号码 【1956558】，返回信息 {"status":"ok","msg":"广东-江门","gid":"487201","time_insert":"2021-08-03 05:43"}
2023-11-04 01:38:03 查询号码 【1956558】，GSD为【"广东-江门"】

2023-11-04 02:21:38 开始第 6641 次操作

2023-11-04 02:21:38 开始操作号码 【1956559】
2023-11-04 02:21:41 GSD getOne 第 1 次 等待 3 秒
2023-11-04 02:21:44 查询号码 【1956559】，返回信息 {"status":"ok","msg":"广东-佛山","gid":"487190","time_insert":"2021-08-03 05:42"}
2023-11-04 02:21:44 查询号码 【1956559】，GSD为【"广东-佛山"】

2023-11-04 02:21:45 开始第 6642 次操作

2023-11-04 02:21:45 开始操作号码 【1956560】
2023-11-04 02:21:48 GSD getOne 第 1 次 等待 3 秒
2023-11-04 02:21:51 查询号码 【1956560】，返回信息 {"status":"ok","msg":"河北-邢台","gid":"487183","time_insert":"2021-08-03 05:42"}
2023-11-04 02:21:51 查询号码 【1956560】，GSD为【"河北-邢台"】

2023-11-04 02:21:52 开始第 6643 次操作

2023-11-04 02:21:52 开始操作号码 【1956561】
2023-11-04 02:21:54 GSD getOne 第 1 次 等待 3 秒
2023-11-04 02:21:57 查询号码 【1956561】，返回信息 {"status":"ok","msg":"河北-邢台","gid":"487175","time_insert":"2021-08-03 05:41"}
2023-11-04 02:21:57 查询号码 【1956561】，GSD为【"河北-邢台"】

2023-11-04 02:21:58 开始第 6644 次操作

2023-11-04 02:21:58 开始操作号码 【1956562】
2023-11-04 02:22:01 GSD getOne 第 1 次 等待 3 秒
2023-11-04 02:22:04 查询号码 【1956562】，返回信息 {"status":"ok","msg":"河北-邢台","gid":"487169","time_insert":"2021-08-03 05:40"}
2023-11-04 02:22:04 查询号码 【1956562】，GSD为【"河北-邢台"】

