2024-08-30 00:11:59 开始第 1897 次操作

2024-08-30 00:11:59 开始操作号码 【1411896】
2024-08-30 00:12:07 GSD getOne 第 1 次 等待 3 秒
2024-08-30 00:12:10 查询号码 【1411896】，返回信息 {"status":"ok","msg":"-","gid":"549733","time_insert":"2023-02-23 15:47"}
2024-08-30 00:12:10 查询号码 【1411896】，GSD为【"-"】
2024-08-30 00:12:10 ok && -
2024-08-30 00:12:12 CHB 1411896?1724947930 第 1 次 等待 3 秒
2024-08-30 00:12:15 CHB 1411896?1724947930 第 1 次 获取到号码【1411896】GSD
2024-08-30 00:12:15 未获取到号码【1411896】GSD，可能号码格式错误
2024-08-30 00:12:15 获取到号码【1411896】的GSD为【-】
2024-08-30 00:12:23 GSD insert 第 1 次 等待 3 秒
2024-08-30 00:12:26 {"status":"bad","gid":"549733","msg":"添加失败！号码【1411896(-|-)】已存在！"}
2024-08-30 00:12:26 随机等待 213 秒，约 3 分钟
2024-08-30 00:12:26 下次操作: 2024-08-30 00:15:59

2024-08-30 00:15:59 开始第 1898 次操作

2024-08-30 00:15:59 开始操作号码 【1411897】
2024-08-30 00:16:06 GSD getOne 第 1 次 等待 3 秒
2024-08-30 00:16:09 查询号码 【1411897】，返回信息 {"status":"ok","msg":"-","gid":"549750","time_insert":"2023-02-23 15:56"}
2024-08-30 00:16:09 查询号码 【1411897】，GSD为【"-"】
2024-08-30 00:16:09 ok && -
2024-08-30 00:16:11 CHB 1411897?1724948169 第 1 次 等待 3 秒
2024-08-30 00:16:14 CHB 1411897?1724948169 第 1 次 获取到号码【1411897】GSD
2024-08-30 00:16:14 未获取到号码【1411897】GSD，可能号码格式错误
2024-08-30 00:16:14 获取到号码【1411897】的GSD为【-】
2024-08-30 00:16:22 GSD insert 第 1 次 等待 3 秒
2024-08-30 00:16:25 {"status":"bad","gid":"549750","msg":"添加失败！号码【1411897(-|-)】已存在！"}
2024-08-30 00:16:25 随机等待 127 秒，约 2 分钟
2024-08-30 00:16:25 下次操作: 2024-08-30 00:18:32

2024-08-30 00:18:32 开始第 1899 次操作

2024-08-30 00:18:32 开始操作号码 【1411898】
2024-08-30 00:18:41 GSD getOne 第 1 次 等待 3 秒
2024-08-30 00:18:44 查询号码 【1411898】，返回信息 {"status":"ok","msg":"-","gid":"549774","time_insert":"2023-02-23 16:14"}
2024-08-30 00:18:44 查询号码 【1411898】，GSD为【"-"】
2024-08-30 00:18:44 ok && -
2024-08-30 00:18:45 CHB 1411898?1724948324 第 1 次 等待 3 秒
2024-08-30 00:18:48 CHB 1411898?1724948324 第 1 次 获取到号码【1411898】GSD
2024-08-30 00:18:48 未获取到号码【1411898】GSD，可能号码格式错误
2024-08-30 00:18:48 获取到号码【1411898】的GSD为【-】
2024-08-30 00:18:57 GSD insert 第 1 次 等待 3 秒
2024-08-30 00:19:00 {"status":"bad","gid":"549774","msg":"添加失败！号码【1411898(-|-)】已存在！"}
2024-08-30 00:19:00 随机等待 173 秒，约 2 分钟
2024-08-30 00:19:00 下次操作: 2024-08-30 00:21:53

2024-08-30 00:21:53 开始第 1900 次操作

2024-08-30 00:21:53 开始操作号码 【1411899】
2024-08-30 00:22:05 GSD getOne 第 1 次 等待 3 秒
2024-08-30 00:22:08 查询号码 【1411899】，返回信息 {"status":"ok","msg":"-","gid":"549801","time_insert":"2023-02-23 16:32"}
2024-08-30 00:22:08 查询号码 【1411899】，GSD为【"-"】
2024-08-30 00:22:08 ok && -
2024-08-30 00:22:10 CHB 1411899?1724948528 第 1 次 等待 3 秒
2024-08-30 00:22:13 CHB 1411899?1724948528 第 1 次 获取到号码【1411899】GSD
2024-08-30 00:22:13 未获取到号码【1411899】GSD，可能号码格式错误
2024-08-30 00:22:13 获取到号码【1411899】的GSD为【-】
2024-08-30 00:22:22 GSD insert 第 1 次 等待 3 秒
2024-08-30 00:22:25 {"status":"bad","gid":"549801","msg":"添加失败！号码【1411899(-|-)】已存在！"}

