2024-01-26 00:23:25 开始第 137 次操作

2024-01-26 00:23:25 开始操作号码 【1740056】
2024-01-26 00:23:49 GSD getOne 第 1 次 等待 3 秒
2024-01-26 00:23:52 查询号码 【1740056】，返回信息 {"status":"ok","msg":"陕西-西安","gid":"133554","time_insert":"2021-06-26 18:06"}
2024-01-26 00:23:52 查询号码 【1740056】，GSD为【"陕西-西安"】

2024-01-26 00:23:53 开始第 138 次操作

2024-01-26 00:23:53 开始操作号码 【1740057】
2024-01-26 00:24:17 GSD getOne 第 1 次 等待 3 秒
2024-01-26 00:24:20 查询号码 【1740057】，返回信息 {"status":"ok","msg":"陕西-西安","gid":"133561","time_insert":"2021-06-26 18:07"}
2024-01-26 00:24:20 查询号码 【1740057】，GSD为【"陕西-西安"】

2024-01-26 00:24:21 开始第 139 次操作

2024-01-26 00:24:21 开始操作号码 【1740058】
2024-01-26 00:24:46 GSD getOne 第 1 次 等待 3 秒
2024-01-26 00:24:49 查询号码 【1740058】，返回信息 {"status":"ok","msg":"陕西-西安","gid":"133567","time_insert":"2021-06-26 18:08"}
2024-01-26 00:24:49 查询号码 【1740058】，GSD为【"陕西-西安"】

2024-01-26 00:24:50 开始第 140 次操作

2024-01-26 00:24:50 开始操作号码 【1740059】
2024-01-26 00:25:15 GSD getOne 第 1 次 等待 3 秒
2024-01-26 00:25:18 查询号码 【1740059】，返回信息 {"status":"ok","msg":"陕西-西安","gid":"133573","time_insert":"2021-06-26 18:08"}
2024-01-26 00:25:18 查询号码 【1740059】，GSD为【"陕西-西安"】

