2021-07-27 00:00:19 开始第 23 次操作

2021-07-27 00:00:19 开始操作号码 【1816488】
2021-07-27 00:00:24 GSD getOne 第 1 次 等待 3 秒
2021-07-27 00:00:27 查询号码 【1816488】，返回信息 {"status":"bad","msg":""}
2021-07-27 00:00:27 查询号码 【1816488】，GSD为【""】
2021-07-27 00:00:27 bad
2021-07-27 00:00:29 CHB 1816488?1627315227 第 1 次 等待 3 秒
2021-07-27 00:00:32 CHB 1816488?1627315227 第 1 次 获取到号码【1816488】GSD
2021-07-27 00:00:32 获取到号码【1816488】的GSD为【贵州-贵阳】
2021-07-27 00:00:38 GSD insert 第 1 次 等待 3 秒
2021-07-27 00:00:41 {"status":"ok","gid":407051,"msg":"添加成功！"}
2021-07-27 00:00:41 下次操作: 2021-07-27 00:01:01

2021-07-27 00:01:01 开始第 24 次操作

2021-07-27 00:01:01 开始操作号码 【1816487】
2021-07-27 00:01:03 GSD getOne 第 1 次 等待 3 秒
2021-07-27 00:01:06 查询号码 【1816487】，返回信息 {"status":"bad","msg":""}
2021-07-27 00:01:06 查询号码 【1816487】，GSD为【""】
2021-07-27 00:01:06 bad
2021-07-27 00:01:08 CHB 1816487?1627315266 第 1 次 等待 3 秒
2021-07-27 00:01:11 CHB 1816487?1627315266 第 1 次 获取到号码【1816487】GSD
2021-07-27 00:01:11 获取到号码【1816487】的GSD为【贵州-贵阳】
2021-07-27 00:01:14 GSD insert 第 1 次 等待 3 秒
2021-07-27 00:01:17 {"status":"ok","gid":407062,"msg":"添加成功！"}
2021-07-27 00:01:17 下次操作: 2021-07-27 00:01:38

2021-07-27 00:01:38 开始第 25 次操作

2021-07-27 00:01:38 开始操作号码 【1816486】
2021-07-27 00:01:52 GSD getOne 第 1 次 等待 3 秒
2021-07-27 00:01:55 查询号码 【1816486】，返回信息 {"status":"bad","msg":""}
2021-07-27 00:01:55 查询号码 【1816486】，GSD为【""】
2021-07-27 00:01:55 bad
2021-07-27 00:01:57 CHB 1816486?1627315315 第 1 次 等待 3 秒
2021-07-27 00:02:00 CHB 1816486?1627315315 第 1 次 获取到号码【1816486】GSD
2021-07-27 00:02:00 获取到号码【1816486】的GSD为【贵州-贵阳】
2021-07-27 00:02:04 GSD insert 第 1 次 等待 3 秒
2021-07-27 00:02:07 {"status":"ok","gid":407074,"msg":"添加成功！"}
2021-07-27 00:02:07 下次操作: 2021-07-27 00:02:28

2021-07-27 00:02:28 开始第 26 次操作

2021-07-27 00:02:28 开始操作号码 【1816485】
2021-07-27 00:02:31 GSD getOne 第 1 次 等待 3 秒
2021-07-27 00:02:34 查询号码 【1816485】，返回信息 {"status":"bad","msg":""}
2021-07-27 00:02:34 查询号码 【1816485】，GSD为【""】
2021-07-27 00:02:34 bad
2021-07-27 00:02:35 CHB 1816485?1627315354 第 1 次 等待 3 秒
2021-07-27 00:02:38 CHB 1816485?1627315354 第 1 次 获取到号码【1816485】GSD
2021-07-27 00:02:39 获取到号码【1816485】的GSD为【贵州-贵阳】
2021-07-27 00:02:41 GSD insert 第 1 次 等待 3 秒
2021-07-27 00:02:44 {"status":"ok","gid":407084,"msg":"添加成功！"}
2021-07-27 00:02:44 下次操作: 2021-07-27 00:02:59

2021-07-27 00:02:59 开始第 27 次操作

2021-07-27 00:02:59 开始操作号码 【1816484】
2021-07-27 00:03:02 GSD getOne 第 1 次 等待 3 秒
2021-07-27 00:03:05 查询号码 【1816484】，返回信息 {"status":"bad","msg":""}
2021-07-27 00:03:05 查询号码 【1816484】，GSD为【""】
2021-07-27 00:03:05 bad
2021-07-27 00:03:07 CHB 1816484?1627315385 第 1 次 等待 3 秒
2021-07-27 00:03:10 CHB 1816484?1627315385 第 1 次 获取到号码【1816484】GSD
2021-07-27 00:03:10 获取到号码【1816484】的GSD为【贵州-贵阳】
2021-07-27 00:03:15 GSD insert 第 1 次 等待 3 秒
2021-07-27 00:03:18 {"status":"ok","gid":407096,"msg":"添加成功！"}
2021-07-27 00:03:18 下次操作: 2021-07-27 00:03:30

2021-07-27 00:03:30 开始第 28 次操作

2021-07-27 00:03:30 开始操作号码 【1816483】
2021-07-27 00:03:34 GSD getOne 第 1 次 等待 3 秒
2021-07-27 00:03:37 查询号码 【1816483】，返回信息 {"status":"bad","msg":""}
2021-07-27 00:03:37 查询号码 【1816483】，GSD为【""】
2021-07-27 00:03:37 bad
2021-07-27 00:03:38 CHB 1816483?1627315417 第 1 次 等待 3 秒
2021-07-27 00:03:41 CHB 1816483?1627315417 第 1 次 获取到号码【1816483】GSD
2021-07-27 00:03:41 获取到号码【1816483】的GSD为【贵州-贵阳】
2021-07-27 00:03:44 GSD insert 第 1 次 等待 3 秒
2021-07-27 00:03:47 {"status":"ok","gid":407106,"msg":"添加成功！"}
2021-07-27 00:03:47 下次操作: 2021-07-27 00:04:08

2021-07-27 00:04:08 开始第 29 次操作

2021-07-27 00:04:08 开始操作号码 【1816482】
2021-07-27 00:04:11 GSD getOne 第 1 次 等待 3 秒
2021-07-27 00:04:14 查询号码 【1816482】，返回信息 {"status":"bad","msg":""}
2021-07-27 00:04:14 查询号码 【1816482】，GSD为【""】
2021-07-27 00:04:14 bad
2021-07-27 00:04:16 CHB 1816482?1627315454 第 1 次 等待 3 秒
2021-07-27 00:04:19 CHB 1816482?1627315454 第 1 次 获取到号码【1816482】GSD
2021-07-27 00:04:19 获取到号码【1816482】的GSD为【贵州-贵阳】
2021-07-27 00:04:21 GSD insert 第 1 次 等待 3 秒
2021-07-27 00:04:24 {"status":"ok","gid":407118,"msg":"添加成功！"}
2021-07-27 00:04:24 下次操作: 2021-07-27 00:04:43

2021-07-27 00:04:43 开始第 30 次操作

2021-07-27 00:04:43 开始操作号码 【1816481】
2021-07-27 00:04:46 GSD getOne 第 1 次 等待 3 秒
2021-07-27 00:04:49 查询号码 【1816481】，返回信息 {"status":"bad","msg":""}
2021-07-27 00:04:49 查询号码 【1816481】，GSD为【""】
2021-07-27 00:04:49 bad
2021-07-27 00:04:51 CHB 1816481?1627315489 第 1 次 等待 3 秒
2021-07-27 00:04:54 CHB 1816481?1627315489 第 1 次 获取到号码【1816481】GSD
2021-07-27 00:04:54 获取到号码【1816481】的GSD为【贵州-贵阳】
2021-07-27 00:04:57 GSD insert 第 1 次 等待 3 秒
2021-07-27 00:05:00 {"status":"ok","gid":407128,"msg":"添加成功！"}
2021-07-27 00:05:00 下次操作: 2021-07-27 00:05:24

2021-07-27 00:05:24 开始第 31 次操作

2021-07-27 00:05:24 开始操作号码 【1816480】
2021-07-27 00:05:31 GSD getOne 第 1 次 等待 3 秒
2021-07-27 00:05:34 查询号码 【1816480】，返回信息 {"status":"bad","msg":""}
2021-07-27 00:05:34 查询号码 【1816480】，GSD为【""】
2021-07-27 00:05:34 bad
2021-07-27 00:05:35 CHB 1816480?1627315534 第 1 次 等待 3 秒
2021-07-27 00:05:38 CHB 1816480?1627315534 第 1 次 获取到号码【1816480】GSD
2021-07-27 00:05:38 获取到号码【1816480】的GSD为【贵州-贵阳】
2021-07-27 00:05:42 GSD insert 第 1 次 等待 3 秒
2021-07-27 00:05:45 {"status":"ok","gid":407139,"msg":"添加成功！"}
2021-07-27 00:05:45 下次操作: 2021-07-27 00:06:07

2021-07-27 00:06:07 开始第 32 次操作

2021-07-27 00:06:07 开始操作号码 【1816479】
2021-07-27 00:06:15 GSD getOne 第 1 次 等待 3 秒
2021-07-27 00:06:18 查询号码 【1816479】，返回信息 {"status":"ok","msg":"云南-楚雄","gid":"33843","time_insert":"2020-06-28 08:38","time_update":"2020-12-03 22:09"}
2021-07-27 00:06:18 查询号码 【1816479】，GSD为【"云南-楚雄"】

2021-07-27 00:06:18 开始第 32 次操作

2021-07-27 00:06:18 开始操作号码 【1816478】
2021-07-27 00:06:21 GSD getOne 第 1 次 等待 3 秒
2021-07-27 00:06:24 查询号码 【1816478】，返回信息 {"status":"ok","msg":"云南-楚雄","gid":"155329","time_insert":"2021-06-29 18:34","time_update":"2021-07-01 11:23"}
2021-07-27 00:06:24 查询号码 【1816478】，GSD为【"云南-楚雄"】

2021-07-27 00:06:24 开始第 32 次操作

2021-07-27 00:06:24 开始操作号码 【1816477】
2021-07-27 00:06:27 GSD getOne 第 1 次 等待 3 秒
2021-07-27 00:06:30 查询号码 【1816477】，返回信息 {"status":"bad","msg":""}
2021-07-27 00:06:30 查询号码 【1816477】，GSD为【""】
2021-07-27 00:06:30 bad
2021-07-27 00:06:32 CHB 1816477?1627315590 第 1 次 等待 3 秒
2021-07-27 00:06:35 CHB 1816477?1627315590 第 1 次 获取到号码【1816477】GSD
2021-07-27 00:06:35 获取到号码【1816477】的GSD为【云南-文山】
2021-07-27 00:06:39 GSD insert 第 1 次 等待 3 秒
2021-07-27 00:06:42 {"status":"ok","gid":407156,"msg":"添加成功！"}
2021-07-27 00:06:42 下次操作: 2021-07-27 00:07:03

2021-07-27 00:07:03 开始第 33 次操作

2021-07-27 00:07:03 开始操作号码 【1816476】
2021-07-27 00:07:06 GSD getOne 第 1 次 等待 3 秒
2021-07-27 00:07:09 查询号码 【1816476】，返回信息 {"status":"bad","msg":""}
2021-07-27 00:07:09 查询号码 【1816476】，GSD为【""】
2021-07-27 00:07:09 bad
2021-07-27 00:07:11 CHB 1816476?1627315629 第 1 次 等待 3 秒
2021-07-27 00:07:14 CHB 1816476?1627315629 第 1 次 获取到号码【1816476】GSD
2021-07-27 00:07:14 获取到号码【1816476】的GSD为【云南-文山】
2021-07-27 00:07:17 GSD insert 第 1 次 等待 3 秒
2021-07-27 00:07:20 {"status":"ok","gid":407166,"msg":"添加成功！"}
2021-07-27 00:07:20 下次操作: 2021-07-27 00:07:44

2021-07-27 00:07:44 开始第 34 次操作

2021-07-27 00:07:44 开始操作号码 【1816475】
2021-07-27 00:07:47 GSD getOne 第 1 次 等待 3 秒
2021-07-27 00:07:50 查询号码 【1816475】，返回信息 {"status":"bad","msg":""}
2021-07-27 00:07:50 查询号码 【1816475】，GSD为【""】
2021-07-27 00:07:50 bad
2021-07-27 00:07:51 CHB 1816475?1627315670 第 1 次 等待 3 秒
2021-07-27 00:07:54 CHB 1816475?1627315670 第 1 次 获取到号码【1816475】GSD
2021-07-27 00:07:54 获取到号码【1816475】的GSD为【云南-保山】
2021-07-27 00:07:59 GSD insert 第 1 次 等待 3 秒
2021-07-27 00:08:02 {"status":"ok","gid":407177,"msg":"添加成功！"}
2021-07-27 00:08:02 下次操作: 2021-07-27 00:08:17

2021-07-27 00:08:17 开始第 35 次操作

2021-07-27 00:08:17 开始操作号码 【1816474】
2021-07-27 00:08:22 GSD getOne 第 1 次 等待 3 秒
2021-07-27 00:08:25 查询号码 【1816474】，返回信息 {"status":"ok","msg":"云南-红河","gid":"33842","time_insert":"2018-11-01 09:02","time_update":"2020-12-03 22:06"}
2021-07-27 00:08:25 查询号码 【1816474】，GSD为【"云南-红河"】

2021-07-27 00:08:25 开始第 35 次操作

2021-07-27 00:08:25 开始操作号码 【1816473】
2021-07-27 00:08:33 GSD getOne 第 1 次 等待 3 秒
2021-07-27 00:08:36 查询号码 【1816473】，返回信息 {"status":"ok","msg":"云南-红河","gid":"33841","time_insert":"2018-03-11 19:14","time_update":"2020-12-03 22:02"}
2021-07-27 00:08:36 查询号码 【1816473】，GSD为【"云南-红河"】

2021-07-27 00:08:36 开始第 35 次操作

2021-07-27 00:08:36 开始操作号码 【1816472】
2021-07-27 00:08:39 GSD getOne 第 1 次 等待 3 秒
2021-07-27 00:08:42 查询号码 【1816472】，返回信息 {"status":"bad","msg":""}
2021-07-27 00:08:42 查询号码 【1816472】，GSD为【""】
2021-07-27 00:08:42 bad
2021-07-27 00:08:43 CHB 1816472?1627315722 第 1 次 等待 3 秒
2021-07-27 00:08:46 CHB 1816472?1627315722 第 1 次 获取到号码【1816472】GSD
2021-07-27 00:08:46 获取到号码【1816472】的GSD为【云南-红河】
2021-07-27 00:08:50 GSD insert 第 1 次 等待 3 秒
2021-07-27 00:08:53 {"status":"ok","gid":407188,"msg":"添加成功！"}
2021-07-27 00:08:53 下次操作: 2021-07-27 00:09:10

2021-07-27 00:09:10 开始第 36 次操作

2021-07-27 00:09:10 开始操作号码 【1816471】
2021-07-27 00:09:13 GSD getOne 第 1 次 等待 3 秒
2021-07-27 00:09:16 查询号码 【1816471】，返回信息 {"status":"ok","msg":"云南-昭通","gid":"33840","time_insert":"2017-09-15 18:42","time_update":"2020-12-03 22:01"}
2021-07-27 00:09:16 查询号码 【1816471】，GSD为【"云南-昭通"】

2021-07-27 00:09:16 开始第 36 次操作

2021-07-27 00:09:16 开始操作号码 【1816470】
2021-07-27 00:09:21 GSD getOne 第 1 次 等待 3 秒
2021-07-27 00:09:24 查询号码 【1816470】，返回信息 {"status":"ok","msg":"云南-昭通","gid":"33839","time_insert":"2019-01-04 07:45","time_update":"2020-12-03 21:57"}
2021-07-27 00:09:24 查询号码 【1816470】，GSD为【"云南-昭通"】

2021-07-27 00:09:24 开始第 36 次操作

2021-07-27 00:09:24 开始操作号码 【1816469】
2021-07-27 00:09:29 GSD getOne 第 1 次 等待 3 秒
2021-07-27 00:09:32 查询号码 【1816469】，返回信息 {"status":"bad","msg":""}
2021-07-27 00:09:32 查询号码 【1816469】，GSD为【""】
2021-07-27 00:09:32 bad
2021-07-27 00:09:34 CHB 1816469?1627315772 第 1 次 等待 3 秒
2021-07-27 00:09:37 CHB 1816469?1627315772 第 1 次 获取到号码【1816469】GSD
2021-07-27 00:09:37 获取到号码【1816469】的GSD为【云南-楚雄】
2021-07-27 00:09:43 GSD insert 第 1 次 等待 3 秒
2021-07-27 00:09:46 {"status":"ok","gid":407204,"msg":"添加成功！"}
2021-07-27 00:09:46 下次操作: 2021-07-27 00:10:04

2021-07-27 00:10:04 开始第 37 次操作

2021-07-27 00:10:04 开始操作号码 【1816468】
2021-07-27 00:10:07 GSD getOne 第 1 次 等待 3 秒
2021-07-27 00:10:10 查询号码 【1816468】，返回信息 {"status":"bad","msg":""}
2021-07-27 00:10:10 查询号码 【1816468】，GSD为【""】
2021-07-27 00:10:10 bad
2021-07-27 00:10:12 CHB 1816468?1627315810 第 1 次 等待 3 秒
2021-07-27 00:10:15 CHB 1816468?1627315810 第 1 次 获取到号码【1816468】GSD
2021-07-27 00:10:15 获取到号码【1816468】的GSD为【云南-丽江】
2021-07-27 00:10:19 GSD insert 第 1 次 等待 3 秒
2021-07-27 00:10:22 {"status":"ok","gid":407213,"msg":"添加成功！"}
2021-07-27 00:10:22 下次操作: 2021-07-27 00:10:38

2021-07-27 00:10:38 开始第 38 次操作

2021-07-27 00:10:38 开始操作号码 【1816467】
2021-07-27 00:10:41 GSD getOne 第 1 次 等待 3 秒
2021-07-27 00:10:44 查询号码 【1816467】，返回信息 {"status":"bad","msg":""}
2021-07-27 00:10:44 查询号码 【1816467】，GSD为【""】
2021-07-27 00:10:44 bad
2021-07-27 00:10:45 CHB 1816467?1627315844 第 1 次 等待 3 秒
2021-07-27 00:10:48 CHB 1816467?1627315844 第 1 次 获取到号码【1816467】GSD
2021-07-27 00:10:48 获取到号码【1816467】的GSD为【云南-丽江】
2021-07-27 00:10:51 GSD insert 第 1 次 等待 3 秒
2021-07-27 00:10:54 {"status":"ok","gid":407220,"msg":"添加成功！"}
2021-07-27 00:10:54 下次操作: 2021-07-27 00:11:12

2021-07-27 00:11:12 开始第 39 次操作

2021-07-27 00:11:12 开始操作号码 【1816466】
2021-07-27 00:11:15 GSD getOne 第 1 次 等待 3 秒
2021-07-27 00:11:18 查询号码 【1816466】，返回信息 {"status":"ok","msg":"云南-保山","gid":"33838","time_insert":"2018-04-19 22:55","time_update":"2020-12-03 21:53"}
2021-07-27 00:11:18 查询号码 【1816466】，GSD为【"云南-保山"】

2021-07-27 00:11:18 开始第 39 次操作

2021-07-27 00:11:18 开始操作号码 【1816465】
2021-07-27 00:11:21 GSD getOne 第 1 次 等待 3 秒
2021-07-27 00:11:24 查询号码 【1816465】，返回信息 {"status":"bad","msg":""}
2021-07-27 00:11:24 查询号码 【1816465】，GSD为【""】
2021-07-27 00:11:24 bad
2021-07-27 00:11:26 CHB 1816465?1627315884 第 1 次 等待 3 秒
2021-07-27 00:11:29 CHB 1816465?1627315884 第 1 次 获取到号码【1816465】GSD
2021-07-27 00:11:29 获取到号码【1816465】的GSD为【云南-曲靖】
2021-07-27 00:11:32 GSD insert 第 1 次 等待 3 秒
2021-07-27 00:11:35 {"status":"ok","gid":407227,"msg":"添加成功！"}
2021-07-27 00:11:35 下次操作: 2021-07-27 00:11:58

2021-07-27 00:11:58 开始第 40 次操作

2021-07-27 00:11:59 开始操作号码 【1816464】
2021-07-27 00:12:01 GSD getOne 第 1 次 等待 3 秒
2021-07-27 00:12:04 查询号码 【1816464】，返回信息 {"status":"ok","msg":"云南-普洱","gid":"51214","time_insert":"2021-04-22 09:20"}
2021-07-27 00:12:04 查询号码 【1816464】，GSD为【"云南-普洱"】

2021-07-27 00:12:05 开始第 40 次操作

2021-07-27 00:12:05 开始操作号码 【1816463】
2021-07-27 00:12:07 GSD getOne 第 1 次 等待 3 秒
2021-07-27 00:12:10 查询号码 【1816463】，返回信息 {"status":"bad","msg":""}
2021-07-27 00:12:10 查询号码 【1816463】，GSD为【""】
2021-07-27 00:12:10 bad
2021-07-27 00:12:12 CHB 1816463?1627315930 第 1 次 等待 3 秒
2021-07-27 00:12:15 CHB 1816463?1627315930 第 1 次 获取到号码【1816463】GSD
2021-07-27 00:12:15 获取到号码【1816463】的GSD为【云南-普洱】
2021-07-27 00:12:18 GSD insert 第 1 次 等待 3 秒
2021-07-27 00:12:21 {"status":"ok","gid":407237,"msg":"添加成功！"}

