2023-09-30 00:21:19 开始第 641 次操作

2023-09-30 00:21:19 开始操作号码 【1950640】
2023-09-30 00:21:24 GSD getOne 第 1 次 等待 3 秒
2023-09-30 00:21:27 查询号码 【1950640】，返回信息 {"status":"ok","msg":"山东-济南","gid":"489895","time_insert":"2021-08-03 12:30"}
2023-09-30 00:21:27 查询号码 【1950640】，GSD为【"山东-济南"】

2023-09-30 00:21:28 开始第 642 次操作

2023-09-30 00:21:28 开始操作号码 【1950641】
2023-09-30 00:21:29 GSD getOne 第 1 次 等待 3 秒
2023-09-30 00:21:32 查询号码 【1950641】，返回信息 {"status":"ok","msg":"山东-济南","gid":"489936","time_insert":"2021-08-03 12:50"}
2023-09-30 00:21:33 查询号码 【1950641】，GSD为【"山东-济南"】

2023-09-30 00:21:34 开始第 643 次操作

2023-09-30 00:21:34 开始操作号码 【1950642】
2023-09-30 00:21:39 GSD getOne 第 1 次 等待 3 秒
2023-09-30 00:21:42 查询号码 【1950642】，返回信息 {"status":"ok","msg":"山东-青岛","gid":"490134","time_insert":"2021-08-03 13:10"}
2023-09-30 00:21:42 查询号码 【1950642】，GSD为【"山东-青岛"】

2023-09-30 00:21:43 开始第 644 次操作

2023-09-30 00:21:43 开始操作号码 【1950643】
2023-09-30 00:21:51 GSD getOne 第 1 次 等待 3 秒
2023-09-30 00:21:54 查询号码 【1950643】，返回信息 {"status":"ok","msg":"山东-淄博","gid":"490280","time_insert":"2021-08-03 13:29"}
2023-09-30 00:21:54 查询号码 【1950643】，GSD为【"山东-淄博"】

