2024-04-05 00:20:33 开始第 1933 次操作

2024-04-05 00:20:33 开始操作号码 【1631852】
2024-04-05 00:20:41 GSD getOne 第 1 次 等待 3 秒
2024-04-05 00:20:44 查询号码 【1631852】，返回信息 {"status":"ok","msg":"-","gid":"550931","time_insert":"2023-02-24 04:19"}
2024-04-05 00:20:44 查询号码 【1631852】，GSD为【"-"】
2024-04-05 00:20:44 ok && -
2024-04-05 00:20:46 CHB 1631852?1712247644 第 1 次 等待 3 秒
2024-04-05 00:20:49 CHB 1631852?1712247644 第 1 次 获取到号码【1631852】GSD
2024-04-05 00:20:49 未获取到号码【1631852】GSD，可能号码格式错误
2024-04-05 00:20:49 获取到号码【1631852】的GSD为【-】
2024-04-05 00:20:54 GSD insert 第 1 次 等待 3 秒
2024-04-05 00:20:57 {"status":"bad","gid":"550931","msg":"添加失败！号码【1631852(-|-)】已存在！"}
2024-04-05 00:20:57 随机等待 73 秒，约 1 分钟
2024-04-05 00:20:57 下次操作: 2024-04-05 00:22:10

2024-04-05 00:22:10 开始第 1934 次操作

2024-04-05 00:22:10 开始操作号码 【1631853】
2024-04-05 00:22:15 GSD getOne 第 1 次 等待 3 秒
2024-04-05 00:22:18 查询号码 【1631853】，返回信息 {"status":"ok","msg":"-","gid":"550950","time_insert":"2023-02-24 04:29"}
2024-04-05 00:22:18 查询号码 【1631853】，GSD为【"-"】
2024-04-05 00:22:18 ok && -
2024-04-05 00:22:27 CHB 1631853?1712247738 第 1 次 等待 3 秒
2024-04-05 00:22:30 CHB 1631853?1712247738 第 1 次 获取到号码【1631853】GSD
2024-04-05 00:22:30 未获取到号码【1631853】GSD，可能号码格式错误
2024-04-05 00:22:30 获取到号码【1631853】的GSD为【-】
2024-04-05 00:22:37 GSD insert 第 1 次 等待 3 秒
2024-04-05 00:22:40 {"status":"bad","gid":"550950","msg":"添加失败！号码【1631853(-|-)】已存在！"}
2024-04-05 00:22:40 随机等待 218 秒，约 3 分钟
2024-04-05 00:22:40 下次操作: 2024-04-05 00:26:18

2024-04-05 00:26:18 开始第 1935 次操作

2024-04-05 00:26:18 开始操作号码 【1631854】
2024-04-05 00:26:23 GSD getOne 第 1 次 等待 3 秒
2024-04-05 00:26:26 查询号码 【1631854】，返回信息 {"status":"ok","msg":"-","gid":"550980","time_insert":"2023-02-24 04:46"}
2024-04-05 00:26:26 查询号码 【1631854】，GSD为【"-"】
2024-04-05 00:26:26 ok && -
2024-04-05 00:26:29 CHB 1631854?1712247986 第 1 次 等待 3 秒
2024-04-05 00:26:32 CHB 1631854?1712247986 第 1 次 获取到号码【1631854】GSD
2024-04-05 00:26:32 未获取到号码【1631854】GSD，可能号码格式错误
2024-04-05 00:26:32 获取到号码【1631854】的GSD为【-】
2024-04-05 00:26:37 GSD insert 第 1 次 等待 3 秒
2024-04-05 00:26:40 {"status":"bad","gid":"550980","msg":"添加失败！号码【1631854(-|-)】已存在！"}
2024-04-05 00:26:40 随机等待 148 秒，约 2 分钟
2024-04-05 00:26:40 下次操作: 2024-04-05 00:29:08

2024-04-05 00:29:08 开始第 1936 次操作

2024-04-05 00:29:08 开始操作号码 【1631855】
2024-04-05 00:29:13 GSD getOne 第 1 次 等待 3 秒
2024-04-05 00:29:16 查询号码 【1631855】，返回信息 {"status":"ok","msg":"-","gid":"551004","time_insert":"2023-02-24 04:59"}
2024-04-05 00:29:16 查询号码 【1631855】，GSD为【"-"】
2024-04-05 00:29:16 ok && -
2024-04-05 00:29:18 CHB 1631855?1712248156 第 1 次 等待 3 秒
2024-04-05 00:29:21 CHB 1631855?1712248156 第 1 次 获取到号码【1631855】GSD
2024-04-05 00:29:21 未获取到号码【1631855】GSD，可能号码格式错误
2024-04-05 00:29:21 获取到号码【1631855】的GSD为【-】
2024-04-05 00:29:26 GSD insert 第 1 次 等待 3 秒
2024-04-05 00:29:29 {"status":"bad","gid":"551004","msg":"添加失败！号码【1631855(-|-)】已存在！"}

