2024-08-02 00:24:13 开始第 9121 次操作

2024-08-02 00:24:13 开始操作号码 【1529023】
2024-08-02 00:24:36 GSD getOne 第 1 次 等待 3 秒
2024-08-02 00:24:39 查询号码 【1529023】，返回信息 {"status":"ok","msg":"河南-信阳","gid":"57041","time_insert":"2021-05-06 16:44","time_update":"2021-05-06 16:57"}
2024-08-02 00:24:39 查询号码 【1529023】，GSD为【"河南-信阳"】

2024-08-02 00:24:40 开始第 9122 次操作

2024-08-02 00:24:40 开始操作号码 【1529024】
2024-08-02 00:25:02 GSD getOne 第 1 次 等待 3 秒
2024-08-02 00:25:05 查询号码 【1529024】，返回信息 {"status":"ok","msg":"河南-信阳","gid":"365840","time_insert":"2021-07-23 12:59"}
2024-08-02 00:25:05 查询号码 【1529024】，GSD为【"河南-信阳"】

2024-08-02 00:25:06 开始第 9123 次操作

2024-08-02 00:25:06 开始操作号码 【1529025】
2024-08-02 00:25:15 GSD getOne 第 1 次 等待 3 秒
2024-08-02 00:25:18 查询号码 【1529025】，返回信息 {"status":"ok","msg":"河南-信阳","gid":"20351","time_insert":"2017-04-20 15:28","time_update":"2020-09-12 11:50"}
2024-08-02 00:25:18 查询号码 【1529025】，GSD为【"河南-信阳"】

2024-08-02 00:25:19 开始第 9124 次操作

2024-08-02 00:25:19 开始操作号码 【1529026】
2024-08-02 00:25:27 GSD getOne 第 1 次 等待 3 秒
2024-08-02 00:25:30 查询号码 【1529026】，返回信息 {"status":"ok","msg":"河南-信阳","gid":"365830","time_insert":"2021-07-23 12:58"}
2024-08-02 00:25:30 查询号码 【1529026】，GSD为【"河南-信阳"】

2024-08-02 00:41:58 开始第 9125 次操作

2024-08-02 00:41:58 开始操作号码 【1529027】
2024-08-02 00:42:13 GSD getOne 第 1 次 等待 3 秒
2024-08-02 00:42:16 查询号码 【1529027】，返回信息 {"status":"ok","msg":"河南-信阳","gid":"365820","time_insert":"2021-07-23 12:57"}
2024-08-02 00:42:16 查询号码 【1529027】，GSD为【"河南-信阳"】

2024-08-02 00:42:17 开始第 9126 次操作

2024-08-02 00:42:17 开始操作号码 【1529028】
2024-08-02 00:42:25 GSD getOne 第 1 次 等待 3 秒
2024-08-02 00:42:28 查询号码 【1529028】，返回信息 {"status":"ok","msg":"河南-信阳","gid":"365817","time_insert":"2021-07-23 12:57"}
2024-08-02 00:42:28 查询号码 【1529028】，GSD为【"河南-信阳"】

2024-08-02 00:42:29 开始第 9127 次操作

2024-08-02 00:42:29 开始操作号码 【1529029】
2024-08-02 00:42:38 GSD getOne 第 1 次 等待 3 秒
2024-08-02 00:42:41 查询号码 【1529029】，返回信息 {"status":"ok","msg":"河南-信阳","gid":"54357","time_insert":"2020-12-27 21:08"}
2024-08-02 00:42:42 查询号码 【1529029】，GSD为【"河南-信阳"】

2024-08-02 00:42:43 开始第 9128 次操作

2024-08-02 00:42:43 开始操作号码 【1529030】
2024-08-02 00:42:52 GSD getOne 第 1 次 等待 3 秒
2024-08-02 00:42:55 查询号码 【1529030】，返回信息 {"status":"ok","msg":"河南-南阳","gid":"365806","time_insert":"2021-07-23 12:56"}
2024-08-02 00:42:55 查询号码 【1529030】，GSD为【"河南-南阳"】

2024-08-02 01:18:03 开始第 9129 次操作

2024-08-02 01:18:03 开始操作号码 【1529031】
2024-08-02 01:18:11 GSD getOne 第 1 次 等待 3 秒
2024-08-02 01:18:14 查询号码 【1529031】，返回信息 {"status":"ok","msg":"河南-南阳","gid":"365797","time_insert":"2021-07-23 12:56"}
2024-08-02 01:18:14 查询号码 【1529031】，GSD为【"河南-南阳"】

2024-08-02 01:18:15 开始第 9130 次操作

2024-08-02 01:18:15 开始操作号码 【1529032】
2024-08-02 01:18:23 GSD getOne 第 1 次 等待 3 秒
2024-08-02 01:18:26 查询号码 【1529032】，返回信息 {"status":"ok","msg":"河南-南阳","gid":"54358","time_insert":"2020-03-24 00:01"}
2024-08-02 01:18:26 查询号码 【1529032】，GSD为【"河南-南阳"】

2024-08-02 01:18:27 开始第 9131 次操作

2024-08-02 01:18:27 开始操作号码 【1529033】
2024-08-02 01:18:36 GSD getOne 第 1 次 等待 3 秒
2024-08-02 01:18:39 查询号码 【1529033】，返回信息 {"status":"ok","msg":"河南-南阳","gid":"20352","time_insert":"2015-12-14 15:07","time_update":"2020-09-12 11:53"}
2024-08-02 01:18:39 查询号码 【1529033】，GSD为【"河南-南阳"】

2024-08-02 01:18:40 开始第 9132 次操作

2024-08-02 01:18:40 开始操作号码 【1529034】
2024-08-02 01:18:48 GSD getOne 第 1 次 等待 3 秒
2024-08-02 01:18:51 查询号码 【1529034】，返回信息 {"status":"ok","msg":"河南-南阳","gid":"365787","time_insert":"2021-07-23 12:55"}
2024-08-02 01:18:51 查询号码 【1529034】，GSD为【"河南-南阳"】

