2024-02-16 00:20:30 开始第 3905 次操作

2024-02-16 00:20:30 开始操作号码 【1743823】
2024-02-16 00:20:35 GSD getOne 第 1 次 等待 3 秒
2024-02-16 00:20:38 查询号码 【1743823】，返回信息 {"status":"ok","msg":"-","gid":"194422","time_insert":"2021-07-05 01:41"}
2024-02-16 00:20:38 查询号码 【1743823】，GSD为【"-"】
2024-02-16 00:20:38 ok && -
2024-02-16 00:20:40 CHB 1743823?1708014038 第 1 次 等待 3 秒
2024-02-16 00:20:43 CHB 1743823?1708014038 第 1 次 获取到号码【1743823】GSD
2024-02-16 00:20:44 未获取到号码【1743823】GSD，可能号码格式错误
2024-02-16 00:20:44 获取到号码【1743823】的GSD为【-】
2024-02-16 00:20:49 GSD insert 第 1 次 等待 3 秒
2024-02-16 00:20:52 {"status":"bad","gid":"194422","msg":"添加失败！号码【1743823(-|-)】已存在！"}
2024-02-16 00:20:52 随机等待 115 秒，约 1 分钟
2024-02-16 00:20:52 下次操作: 2024-02-16 00:22:47

2024-02-16 00:22:47 开始第 3906 次操作

2024-02-16 00:22:47 开始操作号码 【1743824】
2024-02-16 00:22:53 GSD getOne 第 1 次 等待 3 秒
2024-02-16 00:22:56 查询号码 【1743824】，返回信息 {"status":"ok","msg":"-","gid":"194426","time_insert":"2021-07-05 01:41"}
2024-02-16 00:22:56 查询号码 【1743824】，GSD为【"-"】
2024-02-16 00:22:56 ok && -
2024-02-16 00:22:58 CHB 1743824?1708014176 第 1 次 等待 3 秒
2024-02-16 00:23:01 CHB 1743824?1708014176 第 1 次 获取到号码【1743824】GSD
2024-02-16 00:23:01 未获取到号码【1743824】GSD，可能号码格式错误
2024-02-16 00:23:01 获取到号码【1743824】的GSD为【-】
2024-02-16 00:23:07 GSD insert 第 1 次 等待 3 秒
2024-02-16 00:23:10 {"status":"bad","gid":"194426","msg":"添加失败！号码【1743824(-|-)】已存在！"}
2024-02-16 00:23:10 随机等待 87 秒，约 1 分钟
2024-02-16 00:23:10 下次操作: 2024-02-16 00:24:37

2024-02-16 00:24:37 开始第 3907 次操作

2024-02-16 00:24:37 开始操作号码 【1743825】
2024-02-16 00:24:41 GSD getOne 第 1 次 等待 3 秒
2024-02-16 00:24:44 查询号码 【1743825】，返回信息 {"status":"ok","msg":"-","gid":"194429","time_insert":"2021-07-05 01:41"}
2024-02-16 00:24:44 查询号码 【1743825】，GSD为【"-"】
2024-02-16 00:24:44 ok && -
2024-02-16 00:24:46 CHB 1743825?1708014284 第 1 次 等待 3 秒
2024-02-16 00:24:49 CHB 1743825?1708014284 第 1 次 获取到号码【1743825】GSD
2024-02-16 00:24:49 未获取到号码【1743825】GSD，可能号码格式错误
2024-02-16 00:24:49 获取到号码【1743825】的GSD为【-】
2024-02-16 00:24:54 GSD insert 第 1 次 等待 3 秒
2024-02-16 00:24:57 {"status":"bad","gid":"194429","msg":"添加失败！号码【1743825(-|-)】已存在！"}
2024-02-16 00:24:57 随机等待 158 秒，约 2 分钟
2024-02-16 00:24:57 下次操作: 2024-02-16 00:27:35

2024-02-16 00:27:35 开始第 3908 次操作

2024-02-16 00:27:35 开始操作号码 【1743826】
2024-02-16 00:27:39 GSD getOne 第 1 次 等待 3 秒
2024-02-16 00:27:42 查询号码 【1743826】，返回信息 {"status":"ok","msg":"-","gid":"194435","time_insert":"2021-07-05 01:42"}
2024-02-16 00:27:42 查询号码 【1743826】，GSD为【"-"】
2024-02-16 00:27:42 ok && -
2024-02-16 00:27:45 CHB 1743826?1708014462 第 1 次 等待 3 秒
2024-02-16 00:27:48 CHB 1743826?1708014462 第 1 次 获取到号码【1743826】GSD
2024-02-16 00:27:48 未获取到号码【1743826】GSD，可能号码格式错误
2024-02-16 00:27:48 获取到号码【1743826】的GSD为【-】
2024-02-16 00:27:53 GSD insert 第 1 次 等待 3 秒
2024-02-16 00:27:56 {"status":"bad","gid":"194435","msg":"添加失败！号码【1743826(-|-)】已存在！"}

