2024-04-26 00:21:02 开始第 5489 次操作

2024-04-26 00:21:02 开始操作号码 【1635407】
2024-04-26 00:21:17 GSD getOne 第 1 次 等待 3 秒
2024-04-26 00:21:20 查询号码 【1635407】，返回信息 {"status":"ok","msg":"-","gid":"634267","time_insert":"2023-04-04 15:51"}
2024-04-26 00:21:20 查询号码 【1635407】，GSD为【"-"】
2024-04-26 00:21:20 ok && -
2024-04-26 00:21:23 CHB 1635407?1714062080 第 1 次 等待 3 秒
2024-04-26 00:21:26 CHB 1635407?1714062080 第 1 次 获取到号码【1635407】GSD
2024-04-26 00:21:26 未获取到号码【1635407】GSD，可能号码格式错误
2024-04-26 00:21:26 获取到号码【1635407】的GSD为【-】
2024-04-26 00:22:25 GSD insert 第 1 次 等待 3 秒
2024-04-26 00:22:28 {"status":"bad","gid":"634267","msg":"添加失败！号码【1635407(-|-)】已存在！"}
2024-04-26 00:22:28 随机等待 100 秒，约 1 分钟
2024-04-26 00:22:28 下次操作: 2024-04-26 00:24:08

2024-04-26 00:24:08 开始第 5490 次操作

2024-04-26 00:24:08 开始操作号码 【1635408】
2024-04-26 00:24:15 GSD getOne 第 1 次 等待 3 秒
2024-04-26 00:24:18 查询号码 【1635408】，返回信息 {"status":"ok","msg":"-","gid":"634302","time_insert":"2023-04-04 16:14"}
2024-04-26 00:24:18 查询号码 【1635408】，GSD为【"-"】
2024-04-26 00:24:18 ok && -
2024-04-26 00:24:22 CHB 1635408?1714062258 第 1 次 等待 3 秒
2024-04-26 00:24:25 CHB 1635408?1714062258 第 1 次 获取到号码【1635408】GSD
2024-04-26 00:24:25 未获取到号码【1635408】GSD，可能号码格式错误
2024-04-26 00:24:25 获取到号码【1635408】的GSD为【-】
2024-04-26 00:24:32 GSD insert 第 1 次 等待 3 秒
2024-04-26 00:24:35 {"status":"bad","gid":"634302","msg":"添加失败！号码【1635408(-|-)】已存在！"}
2024-04-26 00:24:35 随机等待 165 秒，约 2 分钟
2024-04-26 00:24:35 下次操作: 2024-04-26 00:27:20

2024-04-26 00:27:20 开始第 5491 次操作

2024-04-26 00:27:20 开始操作号码 【1635409】
2024-04-26 00:27:25 GSD getOne 第 1 次 等待 3 秒
2024-04-26 00:27:28 查询号码 【1635409】，返回信息 {"status":"ok","msg":"-","gid":"634317","time_insert":"2023-04-04 16:25"}
2024-04-26 00:27:28 查询号码 【1635409】，GSD为【"-"】
2024-04-26 00:27:28 ok && -
2024-04-26 00:27:31 CHB 1635409?1714062448 第 1 次 等待 3 秒
2024-04-26 00:27:34 CHB 1635409?1714062448 第 1 次 获取到号码【1635409】GSD
2024-04-26 00:27:34 未获取到号码【1635409】GSD，可能号码格式错误
2024-04-26 00:27:34 获取到号码【1635409】的GSD为【-】
2024-04-26 00:27:39 GSD insert 第 1 次 等待 3 秒
2024-04-26 00:27:42 {"status":"bad","gid":"634317","msg":"添加失败！号码【1635409(-|-)】已存在！"}
2024-04-26 00:27:42 随机等待 127 秒，约 2 分钟
2024-04-26 00:27:42 下次操作: 2024-04-26 00:29:49

2024-04-26 00:29:49 开始第 5492 次操作

2024-04-26 00:29:49 开始操作号码 【1635410】
2024-04-26 00:29:54 GSD getOne 第 1 次 等待 3 秒
2024-04-26 00:29:57 查询号码 【1635410】，返回信息 {"status":"ok","msg":"-","gid":"634355","time_insert":"2023-04-04 16:47"}
2024-04-26 00:29:58 查询号码 【1635410】，GSD为【"-"】
2024-04-26 00:29:58 ok && -
2024-04-26 00:30:00 CHB 1635410?1714062598 第 1 次 等待 3 秒
2024-04-26 00:30:03 CHB 1635410?1714062598 第 1 次 获取到号码【1635410】GSD
2024-04-26 00:30:03 未获取到号码【1635410】GSD，可能号码格式错误
2024-04-26 00:30:03 获取到号码【1635410】的GSD为【-】
2024-04-26 00:30:09 GSD insert 第 1 次 等待 3 秒
2024-04-26 00:30:12 {"status":"bad","gid":"634355","msg":"添加失败！号码【1635410(-|-)】已存在！"}

2024-04-26 00:38:49 开始第 5493 次操作

2024-04-26 00:38:49 开始操作号码 【1635411】
2024-04-26 00:38:56 GSD getOne 第 1 次 等待 3 秒
2024-04-26 00:38:59 查询号码 【1635411】，返回信息 {"status":"ok","msg":"-","gid":"634384","time_insert":"2023-04-04 17:09"}
2024-04-26 00:38:59 查询号码 【1635411】，GSD为【"-"】
2024-04-26 00:38:59 ok && -
2024-04-26 00:39:02 CHB 1635411?1714063139 第 1 次 等待 3 秒
2024-04-26 00:39:05 CHB 1635411?1714063139 第 1 次 获取到号码【1635411】GSD
2024-04-26 00:39:05 未获取到号码【1635411】GSD，可能号码格式错误
2024-04-26 00:39:05 获取到号码【1635411】的GSD为【-】
2024-04-26 00:39:12 GSD insert 第 1 次 等待 3 秒
2024-04-26 00:39:15 {"status":"bad","gid":"634384","msg":"添加失败！号码【1635411(-|-)】已存在！"}
2024-04-26 00:39:15 随机等待 202 秒，约 3 分钟
2024-04-26 00:39:15 下次操作: 2024-04-26 00:42:37

2024-04-26 00:42:37 开始第 5494 次操作

2024-04-26 00:42:37 开始操作号码 【1635412】
2024-04-26 00:42:45 GSD getOne 第 1 次 等待 3 秒
2024-04-26 00:42:48 查询号码 【1635412】，返回信息 {"status":"ok","msg":"-","gid":"634405","time_insert":"2023-04-04 17:22"}
2024-04-26 00:42:48 查询号码 【1635412】，GSD为【"-"】
2024-04-26 00:42:48 ok && -
2024-04-26 00:42:51 CHB 1635412?1714063368 第 1 次 等待 3 秒
2024-04-26 00:42:54 CHB 1635412?1714063368 第 1 次 获取到号码【1635412】GSD
2024-04-26 00:42:54 未获取到号码【1635412】GSD，可能号码格式错误
2024-04-26 00:42:54 获取到号码【1635412】的GSD为【-】
2024-04-26 00:43:00 GSD insert 第 1 次 等待 3 秒
2024-04-26 00:43:03 {"status":"bad","gid":"634405","msg":"添加失败！号码【1635412(-|-)】已存在！"}
2024-04-26 00:43:03 随机等待 75 秒，约 1 分钟
2024-04-26 00:43:03 下次操作: 2024-04-26 00:44:18

2024-04-26 00:44:18 开始第 5495 次操作

2024-04-26 00:44:18 开始操作号码 【1635413】
2024-04-26 00:44:24 GSD getOne 第 1 次 等待 3 秒
2024-04-26 00:44:27 查询号码 【1635413】，返回信息 {"status":"ok","msg":"-","gid":"634433","time_insert":"2023-04-04 17:40"}
2024-04-26 00:44:28 查询号码 【1635413】，GSD为【"-"】
2024-04-26 00:44:28 ok && -
2024-04-26 00:46:12 CHB 1635413?1714063468 第 1 次 等待 3 秒
2024-04-26 00:46:15 CHB 1635413?1714063468 第 1 次 获取到号码【1635413】GSD
2024-04-26 00:46:15 未获取到号码【1635413】GSD，可能号码格式错误
2024-04-26 00:46:15 获取到号码【1635413】的GSD为【-】
2024-04-26 00:46:21 GSD insert 第 1 次 等待 3 秒
2024-04-26 00:46:24 {"status":"bad","gid":"634433","msg":"添加失败！号码【1635413(-|-)】已存在！"}
2024-04-26 00:46:24 随机等待 90 秒，约 1 分钟
2024-04-26 00:46:24 下次操作: 2024-04-26 00:47:54

2024-04-26 00:47:54 开始第 5496 次操作

2024-04-26 00:47:54 开始操作号码 【1635414】
2024-04-26 00:47:59 GSD getOne 第 1 次 等待 3 秒
2024-04-26 00:48:02 查询号码 【1635414】，返回信息 {"status":"ok","msg":"-","gid":"634467","time_insert":"2023-04-04 18:03"}
2024-04-26 00:48:02 查询号码 【1635414】，GSD为【"-"】
2024-04-26 00:48:02 ok && -
2024-04-26 00:48:05 CHB 1635414?1714063682 第 1 次 等待 3 秒
2024-04-26 00:48:08 CHB 1635414?1714063682 第 1 次 获取到号码【1635414】GSD
2024-04-26 00:48:08 未获取到号码【1635414】GSD，可能号码格式错误
2024-04-26 00:48:08 获取到号码【1635414】的GSD为【-】
2024-04-26 00:48:13 GSD insert 第 1 次 等待 3 秒
2024-04-26 00:48:16 {"status":"bad","gid":"634467","msg":"添加失败！号码【1635414(-|-)】已存在！"}

