2023-10-04 00:22:20 开始第 1353 次操作

2023-10-04 00:22:20 开始操作号码 【1951352】
2023-10-04 00:22:27 GSD getOne 第 1 次 等待 3 秒
2023-10-04 00:22:30 查询号码 【1951352】，返回信息 {"status":"ok","msg":"河南-商丘","gid":"505987","time_insert":"2021-08-12 15:27"}
2023-10-04 00:22:30 查询号码 【1951352】，GSD为【"河南-商丘"】

2023-10-04 00:22:31 开始第 1354 次操作

2023-10-04 00:22:31 开始操作号码 【1951353】
2023-10-04 00:22:35 GSD getOne 第 1 次 等待 3 秒
2023-10-04 00:22:38 查询号码 【1951353】，返回信息 {"status":"ok","msg":"河南-商丘","gid":"506009","time_insert":"2021-08-12 15:43"}
2023-10-04 00:22:38 查询号码 【1951353】，GSD为【"河南-商丘"】

2023-10-04 00:22:39 开始第 1355 次操作

2023-10-04 00:22:39 开始操作号码 【1951354】
2023-10-04 00:22:54 GSD getOne 第 1 次 等待 3 秒
2023-10-04 00:22:57 查询号码 【1951354】，返回信息 {"status":"ok","msg":"河南-商丘","gid":"506039","time_insert":"2021-08-12 16:02"}
2023-10-04 00:22:57 查询号码 【1951354】，GSD为【"河南-商丘"】

2023-10-04 00:22:58 开始第 1356 次操作

2023-10-04 00:22:58 开始操作号码 【1951355】
2023-10-04 00:23:11 GSD getOne 第 1 次 等待 3 秒
2023-10-04 00:23:14 查询号码 【1951355】，返回信息 {"status":"ok","msg":"河南-商丘","gid":"506069","time_insert":"2021-08-12 16:22"}
2023-10-04 00:23:14 查询号码 【1951355】，GSD为【"河南-商丘"】

2023-10-04 00:40:59 开始第 1357 次操作

2023-10-04 00:40:59 开始操作号码 【1951356】
2023-10-04 00:41:07 GSD getOne 第 1 次 等待 3 秒
2023-10-04 00:41:10 查询号码 【1951356】，返回信息 {"status":"ok","msg":"河南-新乡","gid":"506097","time_insert":"2021-08-12 16:42"}
2023-10-04 00:41:10 查询号码 【1951356】，GSD为【"河南-新乡"】

2023-10-04 00:41:11 开始第 1358 次操作

2023-10-04 00:41:11 开始操作号码 【1951357】
2023-10-04 00:41:14 GSD getOne 第 1 次 等待 3 秒
2023-10-04 00:41:17 查询号码 【1951357】，返回信息 {"status":"ok","msg":"河南-新乡","gid":"506125","time_insert":"2021-08-12 17:01"}
2023-10-04 00:41:17 查询号码 【1951357】，GSD为【"河南-新乡"】

2023-10-04 00:41:18 开始第 1359 次操作

2023-10-04 00:41:18 开始操作号码 【1951358】
2023-10-04 00:41:20 GSD getOne 第 1 次 等待 3 秒
2023-10-04 00:41:23 查询号码 【1951358】，返回信息 {"status":"ok","msg":"河南-新乡","gid":"506150","time_insert":"2021-08-12 17:19"}
2023-10-04 00:41:23 查询号码 【1951358】，GSD为【"河南-新乡"】

2023-10-04 00:41:24 开始第 1360 次操作

2023-10-04 00:41:24 开始操作号码 【1951359】
2023-10-04 00:41:27 GSD getOne 第 1 次 等待 3 秒
2023-10-04 00:41:30 查询号码 【1951359】，返回信息 {"status":"ok","msg":"河南-新乡","gid":"506177","time_insert":"2021-08-12 17:37"}
2023-10-04 00:41:30 查询号码 【1951359】，GSD为【"河南-新乡"】

2023-10-04 01:14:45 开始第 1361 次操作

2023-10-04 01:14:45 开始操作号码 【1951360】
2023-10-04 01:14:48 GSD getOne 第 1 次 等待 3 秒
2023-10-04 01:14:51 查询号码 【1951360】，返回信息 {"status":"ok","msg":"广东-广州","gid":"506204","time_insert":"2021-08-12 17:55"}
2023-10-04 01:14:51 查询号码 【1951360】，GSD为【"广东-广州"】

2023-10-04 01:14:52 开始第 1362 次操作

2023-10-04 01:14:52 开始操作号码 【1951361】
2023-10-04 01:14:56 GSD getOne 第 1 次 等待 3 秒
2023-10-04 01:14:59 查询号码 【1951361】，返回信息 {"status":"ok","msg":"广东-中山","gid":"506229","time_insert":"2021-08-12 18:14"}
2023-10-04 01:14:59 查询号码 【1951361】，GSD为【"广东-中山"】

2023-10-04 01:15:00 开始第 1363 次操作

2023-10-04 01:15:00 开始操作号码 【1951362】
2023-10-04 01:15:02 GSD getOne 第 1 次 等待 3 秒
2023-10-04 01:15:05 查询号码 【1951362】，返回信息 {"status":"ok","msg":"广东-中山","gid":"506257","time_insert":"2021-08-12 18:33"}
2023-10-04 01:15:05 查询号码 【1951362】，GSD为【"广东-中山"】

2023-10-04 01:15:07 开始第 1364 次操作

2023-10-04 01:15:07 开始操作号码 【1951363】
2023-10-04 01:15:09 GSD getOne 第 1 次 等待 3 秒
2023-10-04 01:15:12 查询号码 【1951363】，返回信息 {"status":"ok","msg":"广东-中山","gid":"506285","time_insert":"2021-08-12 18:52"}
2023-10-04 01:15:12 查询号码 【1951363】，GSD为【"广东-中山"】

2023-10-04 01:37:49 开始第 1365 次操作

2023-10-04 01:37:49 开始操作号码 【1951364】
2023-10-04 01:37:58 GSD getOne 第 1 次 等待 3 秒
2023-10-04 01:38:01 查询号码 【1951364】，返回信息 {"status":"ok","msg":"广东-广州","gid":"506310","time_insert":"2021-08-12 19:08"}
2023-10-04 01:38:01 查询号码 【1951364】，GSD为【"广东-广州"】

2023-10-04 01:38:02 开始第 1366 次操作

2023-10-04 01:38:02 开始操作号码 【1951365】
2023-10-04 01:38:04 GSD getOne 第 1 次 等待 3 秒
2023-10-04 01:38:07 查询号码 【1951365】，返回信息 {"status":"ok","msg":"广东-佛山","gid":"506338","time_insert":"2021-08-12 19:28"}
2023-10-04 01:38:07 查询号码 【1951365】，GSD为【"广东-佛山"】

2023-10-04 01:38:08 开始第 1367 次操作

2023-10-04 01:38:08 开始操作号码 【1951366】
2023-10-04 01:38:20 GSD getOne 第 1 次 等待 3 秒
2023-10-04 01:38:23 查询号码 【1951366】，返回信息 {"status":"ok","msg":"广东-深圳","gid":"506368","time_insert":"2021-08-12 19:47"}
2023-10-04 01:38:23 查询号码 【1951366】，GSD为【"广东-深圳"】

2023-10-04 01:38:24 开始第 1368 次操作

2023-10-04 01:38:24 开始操作号码 【1951367】
2023-10-04 01:38:30 GSD getOne 第 1 次 等待 3 秒
2023-10-04 01:38:33 查询号码 【1951367】，返回信息 {"status":"ok","msg":"广东-广州","gid":"506397","time_insert":"2021-08-12 20:07"}
2023-10-04 01:38:33 查询号码 【1951367】，GSD为【"广东-广州"】

