2024-02-17 00:20:21 开始第 4085 次操作

2024-02-17 00:20:21 开始操作号码 【1744003】
2024-02-17 00:20:25 GSD getOne 第 1 次 等待 3 秒
2024-02-17 00:20:28 查询号码 【1744003】，返回信息 {"status":"ok","msg":"-","gid":"196454","time_insert":"2021-07-05 07:54"}
2024-02-17 00:20:28 查询号码 【1744003】，GSD为【"-"】
2024-02-17 00:20:28 ok && -
2024-02-17 00:20:31 CHB 1744003?1708100428 第 1 次 等待 3 秒
2024-02-17 00:20:34 CHB 1744003?1708100428 第 1 次 获取到号码【1744003】GSD
2024-02-17 00:20:34 未获取到号码【1744003】GSD，可能号码格式错误
2024-02-17 00:20:34 获取到号码【1744003】的GSD为【-】
2024-02-17 00:20:38 GSD insert 第 1 次 等待 3 秒
2024-02-17 00:20:41 {"status":"bad","gid":"196454","msg":"添加失败！号码【1744003(-|-)】已存在！"}
2024-02-17 00:20:41 随机等待 170 秒，约 2 分钟
2024-02-17 00:20:41 下次操作: 2024-02-17 00:23:31

2024-02-17 00:23:31 开始第 4086 次操作

2024-02-17 00:23:31 开始操作号码 【1744004】
2024-02-17 00:23:37 GSD getOne 第 1 次 等待 3 秒
2024-02-17 00:23:40 查询号码 【1744004】，返回信息 {"status":"ok","msg":"-","gid":"196461","time_insert":"2021-07-05 07:55"}
2024-02-17 00:23:40 查询号码 【1744004】，GSD为【"-"】
2024-02-17 00:23:40 ok && -
2024-02-17 00:23:42 CHB 1744004?1708100620 第 1 次 等待 3 秒
2024-02-17 00:23:45 CHB 1744004?1708100620 第 1 次 获取到号码【1744004】GSD
2024-02-17 00:23:45 未获取到号码【1744004】GSD，可能号码格式错误
2024-02-17 00:23:45 获取到号码【1744004】的GSD为【-】
2024-02-17 00:23:50 GSD insert 第 1 次 等待 3 秒
2024-02-17 00:23:53 {"status":"bad","gid":"196461","msg":"添加失败！号码【1744004(-|-)】已存在！"}
2024-02-17 00:23:53 随机等待 130 秒，约 2 分钟
2024-02-17 00:23:53 下次操作: 2024-02-17 00:26:03

2024-02-17 00:26:03 开始第 4087 次操作

2024-02-17 00:26:03 开始操作号码 【1744005】
2024-02-17 00:26:08 GSD getOne 第 1 次 等待 3 秒
2024-02-17 00:26:11 查询号码 【1744005】，返回信息 {"status":"ok","msg":"-","gid":"196469","time_insert":"2021-07-05 07:56"}
2024-02-17 00:26:11 查询号码 【1744005】，GSD为【"-"】
2024-02-17 00:26:11 ok && -
2024-02-17 00:26:13 CHB 1744005?1708100771 第 1 次 等待 3 秒
2024-02-17 00:26:16 CHB 1744005?1708100771 第 1 次 获取到号码【1744005】GSD
2024-02-17 00:26:17 未获取到号码【1744005】GSD，可能号码格式错误
2024-02-17 00:26:17 获取到号码【1744005】的GSD为【-】
2024-02-17 00:26:21 GSD insert 第 1 次 等待 3 秒
2024-02-17 00:26:24 {"status":"bad","gid":"196469","msg":"添加失败！号码【1744005(-|-)】已存在！"}
2024-02-17 00:26:24 随机等待 119 秒，约 1 分钟
2024-02-17 00:26:24 下次操作: 2024-02-17 00:28:23

2024-02-17 00:28:23 开始第 4088 次操作

2024-02-17 00:28:23 开始操作号码 【1744006】
2024-02-17 00:28:29 GSD getOne 第 1 次 等待 3 秒
2024-02-17 00:28:32 查询号码 【1744006】，返回信息 {"status":"ok","msg":"-","gid":"196478","time_insert":"2021-07-05 07:56"}
2024-02-17 00:28:32 查询号码 【1744006】，GSD为【"-"】
2024-02-17 00:28:32 ok && -
2024-02-17 00:28:34 CHB 1744006?1708100912 第 1 次 等待 3 秒
2024-02-17 00:28:37 CHB 1744006?1708100912 第 1 次 获取到号码【1744006】GSD
2024-02-17 00:28:37 未获取到号码【1744006】GSD，可能号码格式错误
2024-02-17 00:28:37 获取到号码【1744006】的GSD为【-】
2024-02-17 00:28:42 GSD insert 第 1 次 等待 3 秒
2024-02-17 00:28:45 {"status":"bad","gid":"196478","msg":"添加失败！号码【1744006(-|-)】已存在！"}

