2023-10-18 00:22:14 开始第 3625 次操作

2023-10-18 00:22:14 开始操作号码 【1953543】
2023-10-18 00:22:17 GSD getOne 第 1 次 等待 3 秒
2023-10-18 00:22:20 查询号码 【1953543】，返回信息 {"status":"ok","msg":"河南-周口","gid":"515501","time_insert":"2021-08-17 17:52","time_update":"2023-06-18 15:44"}
2023-10-18 00:22:20 查询号码 【1953543】，GSD为【"河南-周口"】

2023-10-18 00:22:21 开始第 3626 次操作

2023-10-18 00:22:21 开始操作号码 【1953544】
2023-10-18 00:22:26 GSD getOne 第 1 次 等待 3 秒
2023-10-18 00:22:29 查询号码 【1953544】，返回信息 {"status":"ok","msg":"广东-湛江","gid":"515529","time_insert":"2021-08-17 18:11","time_update":"2023-06-18 16:13"}
2023-10-18 00:22:29 查询号码 【1953544】，GSD为【"广东-湛江"】

2023-10-18 00:22:30 开始第 3627 次操作

2023-10-18 00:22:30 开始操作号码 【1953545】
2023-10-18 00:22:33 GSD getOne 第 1 次 等待 3 秒
2023-10-18 00:22:36 查询号码 【1953545】，返回信息 {"status":"ok","msg":"山东-烟台","gid":"515543","time_insert":"2021-08-17 18:21","time_update":"2023-06-18 16:18"}
2023-10-18 00:22:36 查询号码 【1953545】，GSD为【"山东-烟台"】

2023-10-18 00:22:37 开始第 3628 次操作

2023-10-18 00:22:37 开始操作号码 【1953546】
2023-10-18 00:22:42 GSD getOne 第 1 次 等待 3 秒
2023-10-18 00:22:45 查询号码 【1953546】，返回信息 {"status":"ok","msg":"江苏-徐州","gid":"515559","time_insert":"2021-08-17 18:30","time_update":"2023-06-18 16:19"}
2023-10-18 00:22:45 查询号码 【1953546】，GSD为【"江苏-徐州"】

