2023-12-25 00:20:00 开始第 4969 次操作

2023-12-25 00:20:00 开始操作号码 【1854888】
2023-12-25 00:20:03 GSD getOne 第 1 次 等待 3 秒
2023-12-25 00:20:06 查询号码 【1854888】，返回信息 {"status":"ok","msg":"北京-北京","gid":"456456","time_insert":"2021-07-31 13:44"}
2023-12-25 00:20:06 查询号码 【1854888】，GSD为【"北京-北京"】

2023-12-25 00:20:07 开始第 4970 次操作

2023-12-25 00:20:07 开始操作号码 【1854889】
2023-12-25 00:20:11 GSD getOne 第 1 次 等待 3 秒
2023-12-25 00:20:14 查询号码 【1854889】，返回信息 {"status":"ok","msg":"北京-北京","gid":"456448","time_insert":"2021-07-31 13:43"}
2023-12-25 00:20:14 查询号码 【1854889】，GSD为【"北京-北京"】

2023-12-25 00:20:15 开始第 4971 次操作

2023-12-25 00:20:15 开始操作号码 【1854890】
2023-12-25 00:20:18 GSD getOne 第 1 次 等待 3 秒
2023-12-25 00:20:21 查询号码 【1854890】，返回信息 {"status":"ok","msg":"北京-北京","gid":"456439","time_insert":"2021-07-31 13:43"}
2023-12-25 00:20:21 查询号码 【1854890】，GSD为【"北京-北京"】

2023-12-25 00:20:22 开始第 4972 次操作

2023-12-25 00:20:22 开始操作号码 【1854891】
2023-12-25 00:20:26 GSD getOne 第 1 次 等待 3 秒
2023-12-25 00:20:29 查询号码 【1854891】，返回信息 {"status":"ok","msg":"北京-北京","gid":"456430","time_insert":"2021-07-31 13:42"}
2023-12-25 00:20:29 查询号码 【1854891】，GSD为【"北京-北京"】

2023-12-25 00:38:47 开始第 4973 次操作

2023-12-25 00:38:47 开始操作号码 【1854892】
2023-12-25 00:38:51 GSD getOne 第 1 次 等待 3 秒
2023-12-25 00:38:54 查询号码 【1854892】，返回信息 {"status":"ok","msg":"北京-北京","gid":"456420","time_insert":"2021-07-31 13:41"}
2023-12-25 00:38:54 查询号码 【1854892】，GSD为【"北京-北京"】

2023-12-25 00:38:55 开始第 4974 次操作

2023-12-25 00:38:55 开始操作号码 【1854893】
2023-12-25 00:38:59 GSD getOne 第 1 次 等待 3 秒
2023-12-25 00:39:02 查询号码 【1854893】，返回信息 {"status":"ok","msg":"北京-北京","gid":"456412","time_insert":"2021-07-31 13:41"}
2023-12-25 00:39:02 查询号码 【1854893】，GSD为【"北京-北京"】

2023-12-25 00:39:03 开始第 4975 次操作

2023-12-25 00:39:03 开始操作号码 【1854894】
2023-12-25 00:39:11 GSD getOne 第 1 次 等待 3 秒
2023-12-25 00:39:14 查询号码 【1854894】，返回信息 {"status":"ok","msg":"北京-北京","gid":"456400","time_insert":"2021-07-31 13:40"}
2023-12-25 00:39:14 查询号码 【1854894】，GSD为【"北京-北京"】

2023-12-25 00:39:15 开始第 4976 次操作

2023-12-25 00:39:15 开始操作号码 【1854895】
2023-12-25 00:39:20 GSD getOne 第 1 次 等待 3 秒
2023-12-25 00:39:23 查询号码 【1854895】，返回信息 {"status":"ok","msg":"北京-北京","gid":"456394","time_insert":"2021-07-31 13:40"}
2023-12-25 00:39:23 查询号码 【1854895】，GSD为【"北京-北京"】

2023-12-25 01:13:45 开始第 4977 次操作

2023-12-25 01:13:45 开始操作号码 【1854896】
2023-12-25 01:13:49 GSD getOne 第 1 次 等待 3 秒
2023-12-25 01:13:52 查询号码 【1854896】，返回信息 {"status":"ok","msg":"北京-北京","gid":"456383","time_insert":"2021-07-31 13:39"}
2023-12-25 01:13:52 查询号码 【1854896】，GSD为【"北京-北京"】

2023-12-25 01:13:53 开始第 4978 次操作

2023-12-25 01:13:53 开始操作号码 【1854897】
2023-12-25 01:13:57 GSD getOne 第 1 次 等待 3 秒
2023-12-25 01:14:00 查询号码 【1854897】，返回信息 {"status":"ok","msg":"北京-北京","gid":"456373","time_insert":"2021-07-31 13:38"}
2023-12-25 01:14:00 查询号码 【1854897】，GSD为【"北京-北京"】

2023-12-25 01:14:01 开始第 4979 次操作

2023-12-25 01:14:01 开始操作号码 【1854898】
2023-12-25 01:14:08 GSD getOne 第 1 次 等待 3 秒
2023-12-25 01:14:11 查询号码 【1854898】，返回信息 {"status":"ok","msg":"北京-北京","gid":"456367","time_insert":"2021-07-31 13:38"}
2023-12-25 01:14:11 查询号码 【1854898】，GSD为【"北京-北京"】

2023-12-25 01:14:12 开始第 4980 次操作

2023-12-25 01:14:12 开始操作号码 【1854899】
2023-12-25 01:14:15 GSD getOne 第 1 次 等待 3 秒
2023-12-25 01:14:18 查询号码 【1854899】，返回信息 {"status":"ok","msg":"北京-北京","gid":"456359","time_insert":"2021-07-31 13:37"}
2023-12-25 01:14:18 查询号码 【1854899】，GSD为【"北京-北京"】

2023-12-25 01:37:35 开始第 4981 次操作

2023-12-25 01:37:35 开始操作号码 【1854900】
2023-12-25 01:37:43 GSD getOne 第 1 次 等待 3 秒
2023-12-25 01:37:46 查询号码 【1854900】，返回信息 {"status":"ok","msg":"北京-北京","gid":"456354","time_insert":"2021-07-31 13:37"}
2023-12-25 01:37:46 查询号码 【1854900】，GSD为【"北京-北京"】

2023-12-25 01:37:47 开始第 4982 次操作

2023-12-25 01:37:47 开始操作号码 【1854901】
2023-12-25 01:37:51 GSD getOne 第 1 次 等待 3 秒
2023-12-25 01:37:54 查询号码 【1854901】，返回信息 {"status":"ok","msg":"北京-北京","gid":"456278","time_insert":"2021-07-31 13:22"}
2023-12-25 01:37:54 查询号码 【1854901】，GSD为【"北京-北京"】

2023-12-25 01:37:55 开始第 4983 次操作

2023-12-25 01:37:55 开始操作号码 【1854902】
2023-12-25 01:37:58 GSD getOne 第 1 次 等待 3 秒
2023-12-25 01:38:01 查询号码 【1854902】，返回信息 {"status":"ok","msg":"北京-北京","gid":"456272","time_insert":"2021-07-31 13:21"}
2023-12-25 01:38:01 查询号码 【1854902】，GSD为【"北京-北京"】

2023-12-25 01:38:02 开始第 4984 次操作

2023-12-25 01:38:02 开始操作号码 【1854903】
2023-12-25 01:38:06 GSD getOne 第 1 次 等待 3 秒
2023-12-25 01:38:09 查询号码 【1854903】，返回信息 {"status":"ok","msg":"北京-北京","gid":"456263","time_insert":"2021-07-31 13:20"}
2023-12-25 01:38:10 查询号码 【1854903】，GSD为【"北京-北京"】

2023-12-25 02:19:33 开始第 4985 次操作

2023-12-25 02:19:33 开始操作号码 【1854904】
2023-12-25 02:19:37 GSD getOne 第 1 次 等待 3 秒
2023-12-25 02:19:40 查询号码 【1854904】，返回信息 {"status":"ok","msg":"北京-北京","gid":"456255","time_insert":"2021-07-31 13:20"}
2023-12-25 02:19:40 查询号码 【1854904】，GSD为【"北京-北京"】

2023-12-25 02:19:41 开始第 4986 次操作

2023-12-25 02:19:41 开始操作号码 【1854905】
2023-12-25 02:19:45 GSD getOne 第 1 次 等待 3 秒
2023-12-25 02:19:48 查询号码 【1854905】，返回信息 {"status":"ok","msg":"北京-北京","gid":"456248","time_insert":"2021-07-31 13:19"}
2023-12-25 02:19:48 查询号码 【1854905】，GSD为【"北京-北京"】

2023-12-25 02:19:49 开始第 4987 次操作

2023-12-25 02:19:49 开始操作号码 【1854906】
2023-12-25 02:19:52 GSD getOne 第 1 次 等待 3 秒
2023-12-25 02:19:55 查询号码 【1854906】，返回信息 {"status":"ok","msg":"北京-北京","gid":"456241","time_insert":"2021-07-31 13:19"}
2023-12-25 02:19:55 查询号码 【1854906】，GSD为【"北京-北京"】

2023-12-25 02:19:56 开始第 4988 次操作

2023-12-25 02:19:56 开始操作号码 【1854907】
2023-12-25 02:20:00 GSD getOne 第 1 次 等待 3 秒
2023-12-25 02:20:03 查询号码 【1854907】，返回信息 {"status":"ok","msg":"北京-北京","gid":"456235","time_insert":"2021-07-31 13:18"}
2023-12-25 02:20:03 查询号码 【1854907】，GSD为【"北京-北京"】

2023-12-25 02:37:38 开始第 4989 次操作

2023-12-25 02:37:38 开始操作号码 【1854908】
2023-12-25 02:37:42 GSD getOne 第 1 次 等待 3 秒
2023-12-25 02:37:45 查询号码 【1854908】，返回信息 {"status":"ok","msg":"北京-北京","gid":"456224","time_insert":"2021-07-31 13:17"}
2023-12-25 02:37:45 查询号码 【1854908】，GSD为【"北京-北京"】

2023-12-25 02:37:46 开始第 4990 次操作

2023-12-25 02:37:46 开始操作号码 【1854909】
2023-12-25 02:37:50 GSD getOne 第 1 次 等待 3 秒
2023-12-25 02:37:53 查询号码 【1854909】，返回信息 {"status":"ok","msg":"北京-北京","gid":"456215","time_insert":"2021-07-31 13:17"}
2023-12-25 02:37:53 查询号码 【1854909】，GSD为【"北京-北京"】

2023-12-25 02:37:54 开始第 4991 次操作

2023-12-25 02:37:54 开始操作号码 【1854910】
2023-12-25 02:37:58 GSD getOne 第 1 次 等待 3 秒
2023-12-25 02:38:01 查询号码 【1854910】，返回信息 {"status":"ok","msg":"北京-北京","gid":"456205","time_insert":"2021-07-31 13:16"}
2023-12-25 02:38:01 查询号码 【1854910】，GSD为【"北京-北京"】

2023-12-25 02:38:02 开始第 4992 次操作

2023-12-25 02:38:02 开始操作号码 【1854911】
2023-12-25 02:38:06 GSD getOne 第 1 次 等待 3 秒
2023-12-25 02:38:09 查询号码 【1854911】，返回信息 {"status":"ok","msg":"北京-北京","gid":"456197","time_insert":"2021-07-31 13:15"}
2023-12-25 02:38:09 查询号码 【1854911】，GSD为【"北京-北京"】

2023-12-25 03:12:38 开始第 4993 次操作

2023-12-25 03:12:38 开始操作号码 【1854912】
2023-12-25 03:12:42 GSD getOne 第 1 次 等待 3 秒
2023-12-25 03:12:45 查询号码 【1854912】，返回信息 {"status":"ok","msg":"北京-北京","gid":"456187","time_insert":"2021-07-31 13:15"}
2023-12-25 03:12:45 查询号码 【1854912】，GSD为【"北京-北京"】

2023-12-25 03:12:46 开始第 4994 次操作

2023-12-25 03:12:46 开始操作号码 【1854913】
2023-12-25 03:12:49 GSD getOne 第 1 次 等待 3 秒
2023-12-25 03:12:52 查询号码 【1854913】，返回信息 {"status":"ok","msg":"北京-北京","gid":"456178","time_insert":"2021-07-31 13:14"}
2023-12-25 03:12:52 查询号码 【1854913】，GSD为【"北京-北京"】

2023-12-25 03:12:53 开始第 4995 次操作

2023-12-25 03:12:53 开始操作号码 【1854914】
2023-12-25 03:12:57 GSD getOne 第 1 次 等待 3 秒
2023-12-25 03:13:00 查询号码 【1854914】，返回信息 {"status":"ok","msg":"北京-北京","gid":"456163","time_insert":"2021-07-31 13:13"}
2023-12-25 03:13:00 查询号码 【1854914】，GSD为【"北京-北京"】

2023-12-25 03:13:01 开始第 4996 次操作

2023-12-25 03:13:01 开始操作号码 【1854915】
2023-12-25 03:13:04 GSD getOne 第 1 次 等待 3 秒
2023-12-25 03:13:07 查询号码 【1854915】，返回信息 {"status":"ok","msg":"北京-北京","gid":"456154","time_insert":"2021-07-31 13:12"}
2023-12-25 03:13:07 查询号码 【1854915】，GSD为【"北京-北京"】

2023-12-25 03:37:19 开始第 4997 次操作

2023-12-25 03:37:19 开始操作号码 【1854916】
2023-12-25 03:37:24 GSD getOne 第 1 次 等待 3 秒
2023-12-25 03:37:27 查询号码 【1854916】，返回信息 {"status":"ok","msg":"北京-北京","gid":"456137","time_insert":"2021-07-31 13:11"}
2023-12-25 03:37:27 查询号码 【1854916】，GSD为【"北京-北京"】

2023-12-25 03:37:28 开始第 4998 次操作

2023-12-25 03:37:28 开始操作号码 【1854917】
2023-12-25 03:37:32 GSD getOne 第 1 次 等待 3 秒
2023-12-25 03:37:35 查询号码 【1854917】，返回信息 {"status":"ok","msg":"北京-北京","gid":"456124","time_insert":"2021-07-31 13:10"}
2023-12-25 03:37:35 查询号码 【1854917】，GSD为【"北京-北京"】

2023-12-25 03:37:36 开始第 4999 次操作

2023-12-25 03:37:36 开始操作号码 【1854918】
2023-12-25 03:37:40 GSD getOne 第 1 次 等待 3 秒
2023-12-25 03:37:43 查询号码 【1854918】，返回信息 {"status":"ok","msg":"北京-北京","gid":"456113","time_insert":"2021-07-31 13:09"}
2023-12-25 03:37:43 查询号码 【1854918】，GSD为【"北京-北京"】

2023-12-25 03:37:44 开始第 5000 次操作

2023-12-25 03:37:44 开始操作号码 【1854919】
2023-12-25 03:37:48 GSD getOne 第 1 次 等待 3 秒
2023-12-25 03:37:51 查询号码 【1854919】，返回信息 {"status":"ok","msg":"北京-北京","gid":"456105","time_insert":"2021-07-31 13:08"}
2023-12-25 03:37:51 查询号码 【1854919】，GSD为【"北京-北京"】

2023-12-25 04:16:28 开始第 5001 次操作

2023-12-25 04:16:28 开始操作号码 【1854920】
2023-12-25 04:16:32 GSD getOne 第 1 次 等待 3 秒
2023-12-25 04:16:35 查询号码 【1854920】，返回信息 {"status":"ok","msg":"北京-北京","gid":"456099","time_insert":"2021-07-31 13:08"}
2023-12-25 04:16:35 查询号码 【1854920】，GSD为【"北京-北京"】

2023-12-25 04:16:36 开始第 5002 次操作

2023-12-25 04:16:36 开始操作号码 【1854921】
2023-12-25 04:16:40 GSD getOne 第 1 次 等待 3 秒
2023-12-25 04:16:43 查询号码 【1854921】，返回信息 {"status":"ok","msg":"北京-北京","gid":"456088","time_insert":"2021-07-31 13:07"}
2023-12-25 04:16:43 查询号码 【1854921】，GSD为【"北京-北京"】

2023-12-25 04:16:44 开始第 5003 次操作

2023-12-25 04:16:44 开始操作号码 【1854922】
2023-12-25 04:16:48 GSD getOne 第 1 次 等待 3 秒
2023-12-25 04:16:51 查询号码 【1854922】，返回信息 {"status":"ok","msg":"北京-北京","gid":"456081","time_insert":"2021-07-31 13:07","time_update":"2021-08-05 16:17"}
2023-12-25 04:16:51 查询号码 【1854922】，GSD为【"北京-北京"】

2023-12-25 04:16:52 开始第 5004 次操作

2023-12-25 04:16:52 开始操作号码 【1854923】
2023-12-25 04:16:56 GSD getOne 第 1 次 等待 3 秒
2023-12-25 04:16:59 查询号码 【1854923】，返回信息 {"status":"ok","msg":"北京-北京","gid":"456072","time_insert":"2021-07-31 13:06"}
2023-12-25 04:16:59 查询号码 【1854923】，GSD为【"北京-北京"】

2023-12-25 04:37:41 开始第 5005 次操作

2023-12-25 04:37:41 开始操作号码 【1854924】
2023-12-25 04:37:44 GSD getOne 第 1 次 等待 3 秒
2023-12-25 04:37:47 查询号码 【1854924】，返回信息 {"status":"ok","msg":"北京-北京","gid":"456058","time_insert":"2021-07-31 13:04"}
2023-12-25 04:37:47 查询号码 【1854924】，GSD为【"北京-北京"】

2023-12-25 04:37:48 开始第 5006 次操作

2023-12-25 04:37:48 开始操作号码 【1854925】
2023-12-25 04:37:53 GSD getOne 第 1 次 等待 3 秒
2023-12-25 04:37:56 查询号码 【1854925】，返回信息 {"status":"ok","msg":"北京-北京","gid":"456050","time_insert":"2021-07-31 13:04"}
2023-12-25 04:37:56 查询号码 【1854925】，GSD为【"北京-北京"】

2023-12-25 04:37:57 开始第 5007 次操作

2023-12-25 04:37:57 开始操作号码 【1854926】
2023-12-25 04:38:01 GSD getOne 第 1 次 等待 3 秒
2023-12-25 04:38:04 查询号码 【1854926】，返回信息 {"status":"ok","msg":"北京-北京","gid":"456037","time_insert":"2021-07-31 13:03"}
2023-12-25 04:38:04 查询号码 【1854926】，GSD为【"北京-北京"】

2023-12-25 04:38:06 开始第 5008 次操作

2023-12-25 04:38:06 开始操作号码 【1854927】
2023-12-25 04:38:09 GSD getOne 第 1 次 等待 3 秒
2023-12-25 04:38:12 查询号码 【1854927】，返回信息 {"status":"ok","msg":"北京-北京","gid":"456023","time_insert":"2021-07-31 13:02","time_update":"2021-08-05 16:22"}
2023-12-25 04:38:12 查询号码 【1854927】，GSD为【"北京-北京"】

2023-12-25 05:13:44 开始第 5009 次操作

2023-12-25 05:13:44 开始操作号码 【1854928】
2023-12-25 05:13:48 GSD getOne 第 1 次 等待 3 秒
2023-12-25 05:13:51 查询号码 【1854928】，返回信息 {"status":"ok","msg":"北京-北京","gid":"456015","time_insert":"2021-07-31 13:02"}
2023-12-25 05:13:51 查询号码 【1854928】，GSD为【"北京-北京"】

2023-12-25 05:13:52 开始第 5010 次操作

2023-12-25 05:13:52 开始操作号码 【1854929】
2023-12-25 05:13:55 GSD getOne 第 1 次 等待 3 秒
2023-12-25 05:13:58 查询号码 【1854929】，返回信息 {"status":"ok","msg":"北京-北京","gid":"456001","time_insert":"2021-07-31 13:00"}
2023-12-25 05:13:58 查询号码 【1854929】，GSD为【"北京-北京"】

2023-12-25 05:13:59 开始第 5011 次操作

2023-12-25 05:13:59 开始操作号码 【1854930】
2023-12-25 05:14:05 GSD getOne 第 1 次 等待 3 秒
2023-12-25 05:14:08 查询号码 【1854930】，返回信息 {"status":"ok","msg":"北京-北京","gid":"455962","time_insert":"2021-07-31 12:56","time_update":"2021-08-05 16:36"}
2023-12-25 05:14:08 查询号码 【1854930】，GSD为【"北京-北京"】

2023-12-25 05:14:09 开始第 5012 次操作

2023-12-25 05:14:09 开始操作号码 【1854931】
2023-12-25 05:14:12 GSD getOne 第 1 次 等待 3 秒
2023-12-25 05:14:15 查询号码 【1854931】，返回信息 {"status":"ok","msg":"北京-北京","gid":"455956","time_insert":"2021-07-31 12:56"}
2023-12-25 05:14:15 查询号码 【1854931】，GSD为【"北京-北京"】

