2024-07-27 00:24:33 开始第 8073 次操作

2024-07-27 00:24:33 开始操作号码 【1527975】
2024-07-27 00:24:45 GSD getOne 第 1 次 等待 3 秒
2024-07-27 00:24:48 查询号码 【1527975】，返回信息 {"status":"ok","msg":"江西-赣州","gid":"371419","time_insert":"2021-07-24 00:30"}
2024-07-27 00:24:48 查询号码 【1527975】，GSD为【"江西-赣州"】

2024-07-27 00:24:49 开始第 8074 次操作

2024-07-27 00:24:49 开始操作号码 【1527976】
2024-07-27 00:24:57 GSD getOne 第 1 次 等待 3 秒
2024-07-27 00:25:00 查询号码 【1527976】，返回信息 {"status":"ok","msg":"江西-赣州","gid":"371417","time_insert":"2021-07-24 00:30"}
2024-07-27 00:25:00 查询号码 【1527976】，GSD为【"江西-赣州"】

2024-07-27 00:25:01 开始第 8075 次操作

2024-07-27 00:25:01 开始操作号码 【1527977】
2024-07-27 00:25:13 GSD getOne 第 1 次 等待 3 秒
2024-07-27 00:25:16 查询号码 【1527977】，返回信息 {"status":"ok","msg":"江西-赣州","gid":"371416","time_insert":"2021-07-24 00:29"}
2024-07-27 00:25:16 查询号码 【1527977】，GSD为【"江西-赣州"】

2024-07-27 00:25:17 开始第 8076 次操作

2024-07-27 00:25:17 开始操作号码 【1527978】
2024-07-27 00:25:27 GSD getOne 第 1 次 等待 3 秒
2024-07-27 00:25:30 查询号码 【1527978】，返回信息 {"status":"ok","msg":"江西-赣州","gid":"371338","time_insert":"2021-07-24 00:10"}
2024-07-27 00:25:30 查询号码 【1527978】，GSD为【"江西-赣州"】

2024-07-27 00:43:33 开始第 8077 次操作

2024-07-27 00:43:33 开始操作号码 【1527979】
2024-07-27 00:43:41 GSD getOne 第 1 次 等待 3 秒
2024-07-27 00:43:44 查询号码 【1527979】，返回信息 {"status":"ok","msg":"江西-赣州","gid":"371331","time_insert":"2021-07-24 00:09"}
2024-07-27 00:43:44 查询号码 【1527979】，GSD为【"江西-赣州"】

2024-07-27 00:43:46 开始第 8078 次操作

2024-07-27 00:43:46 开始操作号码 【1527980】
2024-07-27 00:43:54 GSD getOne 第 1 次 等待 3 秒
2024-07-27 00:43:57 查询号码 【1527980】，返回信息 {"status":"ok","msg":"江西-吉安","gid":"19676","time_insert":"2018-07-02 16:05","time_update":"2020-09-07 19:54"}
2024-07-27 00:43:57 查询号码 【1527980】，GSD为【"江西-吉安"】

2024-07-27 00:43:58 开始第 8079 次操作

2024-07-27 00:43:58 开始操作号码 【1527981】
2024-07-27 00:44:09 GSD getOne 第 1 次 等待 3 秒
2024-07-27 00:44:12 查询号码 【1527981】，返回信息 {"status":"ok","msg":"江西-吉安","gid":"19677","time_insert":"2017-04-19 11:23","time_update":"2020-09-07 19:10"}
2024-07-27 00:44:12 查询号码 【1527981】，GSD为【"江西-吉安"】

2024-07-27 00:44:13 开始第 8080 次操作

2024-07-27 00:44:13 开始操作号码 【1527982】
2024-07-27 00:44:23 GSD getOne 第 1 次 等待 3 秒
2024-07-27 00:44:26 查询号码 【1527982】，返回信息 {"status":"ok","msg":"江西-吉安","gid":"371322","time_insert":"2021-07-24 00:09"}
2024-07-27 00:44:26 查询号码 【1527982】，GSD为【"江西-吉安"】

2024-07-27 01:15:51 开始第 8081 次操作

2024-07-27 01:15:51 开始操作号码 【1527983】
2024-07-27 01:15:59 GSD getOne 第 1 次 等待 3 秒
2024-07-27 01:16:02 查询号码 【1527983】，返回信息 {"status":"ok","msg":"江西-吉安","gid":"19678","time_insert":"2018-05-12 15:47","time_update":"2020-09-07 19:14"}
2024-07-27 01:16:02 查询号码 【1527983】，GSD为【"江西-吉安"】

2024-07-27 01:16:03 开始第 8082 次操作

2024-07-27 01:16:03 开始操作号码 【1527984】
2024-07-27 01:16:10 GSD getOne 第 1 次 等待 3 秒
2024-07-27 01:16:13 查询号码 【1527984】，返回信息 {"status":"ok","msg":"江西-吉安","gid":"371314","time_insert":"2021-07-24 00:08"}
2024-07-27 01:16:14 查询号码 【1527984】，GSD为【"江西-吉安"】

2024-07-27 01:16:15 开始第 8083 次操作

2024-07-27 01:16:15 开始操作号码 【1527985】
2024-07-27 01:16:22 GSD getOne 第 1 次 等待 3 秒
2024-07-27 01:16:25 查询号码 【1527985】，返回信息 {"status":"ok","msg":"江西-宜春","gid":"371306","time_insert":"2021-07-24 00:07"}
2024-07-27 01:16:25 查询号码 【1527985】，GSD为【"江西-宜春"】

2024-07-27 01:16:26 开始第 8084 次操作

2024-07-27 01:16:26 开始操作号码 【1527986】
2024-07-27 01:16:35 GSD getOne 第 1 次 等待 3 秒
2024-07-27 01:16:38 查询号码 【1527986】，返回信息 {"status":"ok","msg":"江西-宜春","gid":"19679","time_insert":"2018-09-21 08:45","time_update":"2020-09-07 17:08"}
2024-07-27 01:16:38 查询号码 【1527986】，GSD为【"江西-宜春"】

2024-07-27 01:37:36 开始第 8085 次操作

2024-07-27 01:37:36 开始操作号码 【1527987】
2024-07-27 01:37:43 GSD getOne 第 1 次 等待 3 秒
2024-07-27 01:37:46 查询号码 【1527987】，返回信息 {"status":"ok","msg":"江西-宜春","gid":"371297","time_insert":"2021-07-24 00:06"}
2024-07-27 01:37:46 查询号码 【1527987】，GSD为【"江西-宜春"】

2024-07-27 01:37:47 开始第 8086 次操作

2024-07-27 01:37:47 开始操作号码 【1527988】
2024-07-27 01:38:12 GSD getOne 第 1 次 等待 3 秒
2024-07-27 01:38:15 查询号码 【1527988】，返回信息 {"status":"ok","msg":"江西-宜春","gid":"19680","time_insert":"2016-10-19 16:33","time_update":"2020-09-07 19:19"}
2024-07-27 01:38:15 查询号码 【1527988】，GSD为【"江西-宜春"】

2024-07-27 01:38:16 开始第 8087 次操作

2024-07-27 01:38:16 开始操作号码 【1527989】
2024-07-27 01:38:24 GSD getOne 第 1 次 等待 3 秒
2024-07-27 01:38:27 查询号码 【1527989】，返回信息 {"status":"ok","msg":"江西-宜春","gid":"371289","time_insert":"2021-07-24 00:06"}
2024-07-27 01:38:27 查询号码 【1527989】，GSD为【"江西-宜春"】

2024-07-27 01:38:28 开始第 8088 次操作

2024-07-27 01:38:28 开始操作号码 【1527990】
2024-07-27 01:38:36 GSD getOne 第 1 次 等待 3 秒
2024-07-27 01:38:39 查询号码 【1527990】，返回信息 {"status":"ok","msg":"江西-萍乡","gid":"371278","time_insert":"2021-07-24 00:05"}
2024-07-27 01:38:39 查询号码 【1527990】，GSD为【"江西-萍乡"】

2024-07-27 02:23:47 开始第 8089 次操作

2024-07-27 02:23:47 开始操作号码 【1527991】
2024-07-27 02:23:57 GSD getOne 第 1 次 等待 3 秒
2024-07-27 02:24:00 查询号码 【1527991】，返回信息 {"status":"ok","msg":"江西-萍乡","gid":"371266","time_insert":"2021-07-24 00:05"}
2024-07-27 02:24:00 查询号码 【1527991】，GSD为【"江西-萍乡"】

2024-07-27 02:24:01 开始第 8090 次操作

2024-07-27 02:24:01 开始操作号码 【1527992】
2024-07-27 02:24:09 GSD getOne 第 1 次 等待 3 秒
2024-07-27 02:24:12 查询号码 【1527992】，返回信息 {"status":"ok","msg":"江西-萍乡","gid":"371257","time_insert":"2021-07-24 00:04"}
2024-07-27 02:24:12 查询号码 【1527992】，GSD为【"江西-萍乡"】

2024-07-27 02:24:13 开始第 8091 次操作

2024-07-27 02:24:13 开始操作号码 【1527993】
2024-07-27 02:24:21 GSD getOne 第 1 次 等待 3 秒
2024-07-27 02:24:24 查询号码 【1527993】，返回信息 {"status":"ok","msg":"江西-萍乡","gid":"371251","time_insert":"2021-07-24 00:03"}
2024-07-27 02:24:25 查询号码 【1527993】，GSD为【"江西-萍乡"】

2024-07-27 02:24:26 开始第 8092 次操作

2024-07-27 02:24:26 开始操作号码 【1527994】
2024-07-27 02:24:33 GSD getOne 第 1 次 等待 3 秒
2024-07-27 02:24:36 查询号码 【1527994】，返回信息 {"status":"ok","msg":"江西-萍乡","gid":"371242","time_insert":"2021-07-24 00:03"}
2024-07-27 02:24:36 查询号码 【1527994】，GSD为【"江西-萍乡"】

2024-07-27 02:39:49 开始第 8093 次操作

2024-07-27 02:39:49 开始操作号码 【1527995】
2024-07-27 02:40:17 GSD getOne 第 1 次 等待 3 秒
2024-07-27 02:40:20 查询号码 【1527995】，返回信息 {"status":"ok","msg":"江西-萍乡","gid":"371236","time_insert":"2021-07-24 00:02"}
2024-07-27 02:40:20 查询号码 【1527995】，GSD为【"江西-萍乡"】

2024-07-27 02:40:21 开始第 8094 次操作

2024-07-27 02:40:21 开始操作号码 【1527996】
2024-07-27 02:40:28 GSD getOne 第 1 次 等待 3 秒
2024-07-27 02:40:31 查询号码 【1527996】，返回信息 {"status":"ok","msg":"江西-萍乡","gid":"19681","time_insert":"2014-07-13 16:24","time_update":"2020-09-07 19:22"}
2024-07-27 02:40:32 查询号码 【1527996】，GSD为【"江西-萍乡"】

2024-07-27 02:40:33 开始第 8095 次操作

2024-07-27 02:40:33 开始操作号码 【1527997】
2024-07-27 02:40:40 GSD getOne 第 1 次 等待 3 秒
2024-07-27 02:40:43 查询号码 【1527997】，返回信息 {"status":"ok","msg":"江西-萍乡","gid":"371224","time_insert":"2021-07-24 00:01"}
2024-07-27 02:40:43 查询号码 【1527997】，GSD为【"江西-萍乡"】

2024-07-27 02:40:44 开始第 8096 次操作

2024-07-27 02:40:44 开始操作号码 【1527998】
2024-07-27 02:40:52 GSD getOne 第 1 次 等待 3 秒
2024-07-27 02:40:55 查询号码 【1527998】，返回信息 {"status":"ok","msg":"江西-景德镇","gid":"371218","time_insert":"2021-07-24 00:01"}
2024-07-27 02:40:55 查询号码 【1527998】，GSD为【"江西-景德镇"】

2024-07-27 03:16:43 开始第 8097 次操作

2024-07-27 03:16:43 开始操作号码 【1527999】
2024-07-27 03:16:51 GSD getOne 第 1 次 等待 3 秒
2024-07-27 03:16:54 查询号码 【1527999】，返回信息 {"status":"ok","msg":"江西-景德镇","gid":"371207","time_insert":"2021-07-24 00:00"}
2024-07-27 03:16:54 查询号码 【1527999】，GSD为【"江西-景德镇"】

2024-07-27 03:16:55 开始第 8098 次操作

2024-07-27 03:16:55 开始操作号码 【1528000】
2024-07-27 03:17:02 GSD getOne 第 1 次 等待 3 秒
2024-07-27 03:17:05 查询号码 【1528000】，返回信息 {"status":"ok","msg":"福建-福州","gid":"19682","time_insert":"2020-04-16 09:29","time_update":"2020-09-05 05:46"}
2024-07-27 03:17:05 查询号码 【1528000】，GSD为【"福建-福州"】

2024-07-27 03:17:06 开始第 8099 次操作

2024-07-27 03:17:06 开始操作号码 【1528001】
2024-07-27 03:17:14 GSD getOne 第 1 次 等待 3 秒
2024-07-27 03:17:17 查询号码 【1528001】，返回信息 {"status":"ok","msg":"福建-福州","gid":"19683","time_insert":"2018-10-03 09:38","time_update":"2020-09-05 05:50"}
2024-07-27 03:17:17 查询号码 【1528001】，GSD为【"福建-福州"】

2024-07-27 03:17:18 开始第 8100 次操作

2024-07-27 03:17:18 开始操作号码 【1528002】
2024-07-27 03:17:26 GSD getOne 第 1 次 等待 3 秒
2024-07-27 03:17:29 查询号码 【1528002】，返回信息 {"status":"ok","msg":"福建-福州","gid":"19684","time_insert":"2017-09-25 16:26","time_update":"2020-09-05 04:07"}
2024-07-27 03:17:29 查询号码 【1528002】，GSD为【"福建-福州"】

2024-07-27 03:37:19 开始第 8101 次操作

2024-07-27 03:37:19 开始操作号码 【1528003】
2024-07-27 03:37:28 GSD getOne 第 1 次 等待 3 秒
2024-07-27 03:37:31 查询号码 【1528003】，返回信息 {"status":"ok","msg":"福建-福州","gid":"371195","time_insert":"2021-07-23 23:59"}
2024-07-27 03:37:31 查询号码 【1528003】，GSD为【"福建-福州"】

2024-07-27 03:37:32 开始第 8102 次操作

2024-07-27 03:37:32 开始操作号码 【1528004】
2024-07-27 03:37:40 GSD getOne 第 1 次 等待 3 秒
2024-07-27 03:37:43 查询号码 【1528004】，返回信息 {"status":"ok","msg":"福建-福州","gid":"371188","time_insert":"2021-07-23 23:59"}
2024-07-27 03:37:43 查询号码 【1528004】，GSD为【"福建-福州"】

2024-07-27 03:37:44 开始第 8103 次操作

2024-07-27 03:37:44 开始操作号码 【1528005】
2024-07-27 03:37:51 GSD getOne 第 1 次 等待 3 秒
2024-07-27 03:37:54 查询号码 【1528005】，返回信息 {"status":"ok","msg":"福建-福州","gid":"371180","time_insert":"2021-07-23 23:58"}
2024-07-27 03:37:54 查询号码 【1528005】，GSD为【"福建-福州"】

2024-07-27 03:37:55 开始第 8104 次操作

2024-07-27 03:37:55 开始操作号码 【1528006】
2024-07-27 03:38:04 GSD getOne 第 1 次 等待 3 秒
2024-07-27 03:38:07 查询号码 【1528006】，返回信息 {"status":"ok","msg":"福建-福州","gid":"371174","time_insert":"2021-07-23 23:58"}
2024-07-27 03:38:07 查询号码 【1528006】，GSD为【"福建-福州"】

2024-07-27 04:21:28 开始第 8105 次操作

2024-07-27 04:21:28 开始操作号码 【1528007】
2024-07-27 04:21:39 GSD getOne 第 1 次 等待 3 秒
2024-07-27 04:21:42 查询号码 【1528007】，返回信息 {"status":"ok","msg":"福建-福州","gid":"371168","time_insert":"2021-07-23 23:57"}
2024-07-27 04:21:42 查询号码 【1528007】，GSD为【"福建-福州"】

2024-07-27 04:21:43 开始第 8106 次操作

2024-07-27 04:21:43 开始操作号码 【1528008】
2024-07-27 04:21:51 GSD getOne 第 1 次 等待 3 秒
2024-07-27 04:21:54 查询号码 【1528008】，返回信息 {"status":"ok","msg":"福建-福州","gid":"371159","time_insert":"2021-07-23 23:56"}
2024-07-27 04:21:54 查询号码 【1528008】，GSD为【"福建-福州"】

2024-07-27 04:21:55 开始第 8107 次操作

2024-07-27 04:21:55 开始操作号码 【1528009】
2024-07-27 04:22:02 GSD getOne 第 1 次 等待 3 秒
2024-07-27 04:22:05 查询号码 【1528009】，返回信息 {"status":"ok","msg":"福建-福州","gid":"371153","time_insert":"2021-07-23 23:56"}
2024-07-27 04:22:05 查询号码 【1528009】，GSD为【"福建-福州"】

2024-07-27 04:22:06 开始第 8108 次操作

2024-07-27 04:22:06 开始操作号码 【1528010】
2024-07-27 04:22:15 GSD getOne 第 1 次 等待 3 秒
2024-07-27 04:22:18 查询号码 【1528010】，返回信息 {"status":"ok","msg":"福建-福州","gid":"371141","time_insert":"2021-07-23 23:55"}
2024-07-27 04:22:18 查询号码 【1528010】，GSD为【"福建-福州"】

2024-07-27 04:37:57 开始第 8109 次操作

2024-07-27 04:37:57 开始操作号码 【1528011】
2024-07-27 04:38:05 GSD getOne 第 1 次 等待 3 秒
2024-07-27 04:38:08 查询号码 【1528011】，返回信息 {"status":"ok","msg":"福建-福州","gid":"371132","time_insert":"2021-07-23 23:54"}
2024-07-27 04:38:09 查询号码 【1528011】，GSD为【"福建-福州"】

2024-07-27 04:38:10 开始第 8110 次操作

2024-07-27 04:38:10 开始操作号码 【1528012】
2024-07-27 04:38:18 GSD getOne 第 1 次 等待 3 秒
2024-07-27 04:38:21 查询号码 【1528012】，返回信息 {"status":"ok","msg":"福建-福州","gid":"371125","time_insert":"2021-07-23 23:54"}
2024-07-27 04:38:21 查询号码 【1528012】，GSD为【"福建-福州"】

2024-07-27 04:38:22 开始第 8111 次操作

2024-07-27 04:38:22 开始操作号码 【1528013】
2024-07-27 04:38:31 GSD getOne 第 1 次 等待 3 秒
2024-07-27 04:38:34 查询号码 【1528013】，返回信息 {"status":"ok","msg":"福建-福州","gid":"371118","time_insert":"2021-07-23 23:53"}
2024-07-27 04:38:34 查询号码 【1528013】，GSD为【"福建-福州"】

2024-07-27 04:38:35 开始第 8112 次操作

2024-07-27 04:38:35 开始操作号码 【1528014】
2024-07-27 04:38:45 GSD getOne 第 1 次 等待 3 秒
2024-07-27 04:38:48 查询号码 【1528014】，返回信息 {"status":"ok","msg":"福建-福州","gid":"371108","time_insert":"2021-07-23 23:53"}
2024-07-27 04:38:48 查询号码 【1528014】，GSD为【"福建-福州"】

2024-07-27 05:17:51 开始第 8113 次操作

2024-07-27 05:17:51 开始操作号码 【1528015】
2024-07-27 05:18:01 GSD getOne 第 1 次 等待 3 秒
2024-07-27 05:18:04 查询号码 【1528015】，返回信息 {"status":"ok","msg":"福建-福州","gid":"371101","time_insert":"2021-07-23 23:52"}
2024-07-27 05:18:04 查询号码 【1528015】，GSD为【"福建-福州"】

2024-07-27 05:18:05 开始第 8114 次操作

2024-07-27 05:18:05 开始操作号码 【1528016】
2024-07-27 05:18:13 GSD getOne 第 1 次 等待 3 秒
2024-07-27 05:18:16 查询号码 【1528016】，返回信息 {"status":"ok","msg":"福建-福州","gid":"371093","time_insert":"2021-07-23 23:52"}
2024-07-27 05:18:16 查询号码 【1528016】，GSD为【"福建-福州"】

2024-07-27 05:18:17 开始第 8115 次操作

2024-07-27 05:18:17 开始操作号码 【1528017】
2024-07-27 05:18:25 GSD getOne 第 1 次 等待 3 秒
2024-07-27 05:18:28 查询号码 【1528017】，返回信息 {"status":"ok","msg":"福建-福州","gid":"19685","time_insert":"2017-04-18 12:03","time_update":"2020-09-05 04:12"}
2024-07-27 05:18:28 查询号码 【1528017】，GSD为【"福建-福州"】

2024-07-27 05:18:29 开始第 8116 次操作

2024-07-27 05:18:29 开始操作号码 【1528018】
2024-07-27 05:18:36 GSD getOne 第 1 次 等待 3 秒
2024-07-27 05:18:39 查询号码 【1528018】，返回信息 {"status":"ok","msg":"福建-福州","gid":"371084","time_insert":"2021-07-23 23:51"}
2024-07-27 05:18:39 查询号码 【1528018】，GSD为【"福建-福州"】

2024-07-27 05:38:33 开始第 8117 次操作

2024-07-27 05:38:33 开始操作号码 【1528019】
2024-07-27 05:38:41 GSD getOne 第 1 次 等待 3 秒
2024-07-27 05:38:44 查询号码 【1528019】，返回信息 {"status":"ok","msg":"福建-福州","gid":"371078","time_insert":"2021-07-23 23:50"}
2024-07-27 05:38:44 查询号码 【1528019】，GSD为【"福建-福州"】

2024-07-27 05:38:45 开始第 8118 次操作

2024-07-27 05:38:45 开始操作号码 【1528020】
2024-07-27 05:38:55 GSD getOne 第 1 次 等待 3 秒
2024-07-27 05:38:58 查询号码 【1528020】，返回信息 {"status":"ok","msg":"福建-厦门","gid":"371073","time_insert":"2021-07-23 23:50"}
2024-07-27 05:38:58 查询号码 【1528020】，GSD为【"福建-厦门"】

2024-07-27 05:38:59 开始第 8119 次操作

2024-07-27 05:38:59 开始操作号码 【1528021】
2024-07-27 05:39:00 GSD getOne 第 1 次 等待 3 秒
2024-07-27 05:39:11 GSD getOne 第 2 次 等待 3 秒
2024-07-27 05:39:14 查询号码 【1528021】，返回信息 {"status":"ok","msg":"福建-厦门","gid":"19686","time_insert":"2018-06-17 17:19","time_update":"2020-09-05 04:15"}
2024-07-27 05:39:14 查询号码 【1528021】，GSD为【"福建-厦门"】

2024-07-27 05:39:15 开始第 8120 次操作

2024-07-27 05:39:15 开始操作号码 【1528022】
2024-07-27 05:39:24 GSD getOne 第 1 次 等待 3 秒
2024-07-27 05:39:27 查询号码 【1528022】，返回信息 {"status":"ok","msg":"福建-厦门","gid":"19687","time_insert":"2018-12-11 22:43","time_update":"2020-10-20 15:08"}
2024-07-27 05:39:27 查询号码 【1528022】，GSD为【"福建-厦门"】

2024-07-27 06:18:01 开始第 8121 次操作

2024-07-27 06:18:02 开始操作号码 【1528023】
2024-07-27 06:18:10 GSD getOne 第 1 次 等待 3 秒
2024-07-27 06:18:13 查询号码 【1528023】，返回信息 {"status":"ok","msg":"福建-厦门","gid":"371063","time_insert":"2021-07-23 23:49"}
2024-07-27 06:18:13 查询号码 【1528023】，GSD为【"福建-厦门"】

2024-07-27 06:18:14 开始第 8122 次操作

2024-07-27 06:18:14 开始操作号码 【1528024】
2024-07-27 06:18:22 GSD getOne 第 1 次 等待 3 秒
2024-07-27 06:18:25 查询号码 【1528024】，返回信息 {"status":"ok","msg":"福建-厦门","gid":"371055","time_insert":"2021-07-23 23:48"}
2024-07-27 06:18:25 查询号码 【1528024】，GSD为【"福建-厦门"】

2024-07-27 06:18:26 开始第 8123 次操作

2024-07-27 06:18:26 开始操作号码 【1528025】
2024-07-27 06:18:34 GSD getOne 第 1 次 等待 3 秒
2024-07-27 06:18:37 查询号码 【1528025】，返回信息 {"status":"ok","msg":"福建-厦门","gid":"19688","time_insert":"2019-07-17 23:53","time_update":"2020-09-05 04:19"}
2024-07-27 06:18:37 查询号码 【1528025】，GSD为【"福建-厦门"】

2024-07-27 06:18:38 开始第 8124 次操作

2024-07-27 06:18:38 开始操作号码 【1528026】
2024-07-27 06:18:46 GSD getOne 第 1 次 等待 3 秒
2024-07-27 06:18:49 查询号码 【1528026】，返回信息 {"status":"ok","msg":"福建-厦门","gid":"371044","time_insert":"2021-07-23 23:48"}
2024-07-27 06:18:49 查询号码 【1528026】，GSD为【"福建-厦门"】

2024-07-27 06:38:01 开始第 8125 次操作

2024-07-27 06:38:01 开始操作号码 【1528027】
2024-07-27 06:38:09 GSD getOne 第 1 次 等待 3 秒
2024-07-27 06:38:12 查询号码 【1528027】，返回信息 {"status":"ok","msg":"福建-厦门","gid":"19689","time_insert":"2015-10-17 15:25","time_update":"2020-09-05 04:24"}
2024-07-27 06:38:12 查询号码 【1528027】，GSD为【"福建-厦门"】

2024-07-27 06:38:13 开始第 8126 次操作

2024-07-27 06:38:13 开始操作号码 【1528028】
2024-07-27 06:38:21 GSD getOne 第 1 次 等待 3 秒
2024-07-27 06:38:24 查询号码 【1528028】，返回信息 {"status":"ok","msg":"福建-厦门","gid":"371036","time_insert":"2021-07-23 23:47"}
2024-07-27 06:38:24 查询号码 【1528028】，GSD为【"福建-厦门"】

2024-07-27 06:38:25 开始第 8127 次操作

2024-07-27 06:38:25 开始操作号码 【1528029】
2024-07-27 06:38:33 GSD getOne 第 1 次 等待 3 秒
2024-07-27 06:38:36 查询号码 【1528029】，返回信息 {"status":"ok","msg":"福建-厦门","gid":"19690","time_insert":"2017-09-19 00:00","time_update":"2020-09-05 04:27"}
2024-07-27 06:38:36 查询号码 【1528029】，GSD为【"福建-厦门"】

2024-07-27 06:38:37 开始第 8128 次操作

2024-07-27 06:38:37 开始操作号码 【1528030】
2024-07-27 06:38:45 GSD getOne 第 1 次 等待 3 秒
2024-07-27 06:38:48 查询号码 【1528030】，返回信息 {"status":"ok","msg":"福建-宁德","gid":"371029","time_insert":"2021-07-23 23:46"}
2024-07-27 06:38:48 查询号码 【1528030】，GSD为【"福建-宁德"】

2024-07-27 07:18:03 开始第 8129 次操作

2024-07-27 07:18:03 开始操作号码 【1528031】
2024-07-27 07:18:12 GSD getOne 第 1 次 等待 3 秒
2024-07-27 07:18:15 查询号码 【1528031】，返回信息 {"status":"ok","msg":"福建-宁德","gid":"371023","time_insert":"2021-07-23 23:45"}
2024-07-27 07:18:15 查询号码 【1528031】，GSD为【"福建-宁德"】

2024-07-27 07:18:16 开始第 8130 次操作

2024-07-27 07:18:16 开始操作号码 【1528032】
2024-07-27 07:18:24 GSD getOne 第 1 次 等待 3 秒
2024-07-27 07:18:27 查询号码 【1528032】，返回信息 {"status":"ok","msg":"福建-宁德","gid":"371019","time_insert":"2021-07-23 23:45"}
2024-07-27 07:18:27 查询号码 【1528032】，GSD为【"福建-宁德"】

2024-07-27 07:18:28 开始第 8131 次操作

2024-07-27 07:18:28 开始操作号码 【1528033】
2024-07-27 07:18:37 GSD getOne 第 1 次 等待 3 秒
2024-07-27 07:18:40 查询号码 【1528033】，返回信息 {"status":"ok","msg":"福建-宁德","gid":"370730","time_insert":"2021-07-23 22:49"}
2024-07-27 07:18:40 查询号码 【1528033】，GSD为【"福建-宁德"】

2024-07-27 07:18:41 开始第 8132 次操作

2024-07-27 07:18:41 开始操作号码 【1528034】
2024-07-27 07:18:49 GSD getOne 第 1 次 等待 3 秒
2024-07-27 07:18:52 查询号码 【1528034】，返回信息 {"status":"ok","msg":"福建-宁德","gid":"370723","time_insert":"2021-07-23 22:48"}
2024-07-27 07:18:52 查询号码 【1528034】，GSD为【"福建-宁德"】

2024-07-27 07:38:00 开始第 8133 次操作

2024-07-27 07:38:00 开始操作号码 【1528035】
2024-07-27 07:38:08 GSD getOne 第 1 次 等待 3 秒
2024-07-27 07:38:11 查询号码 【1528035】，返回信息 {"status":"ok","msg":"福建-龙岩","gid":"370716","time_insert":"2021-07-23 22:48"}
2024-07-27 07:38:11 查询号码 【1528035】，GSD为【"福建-龙岩"】

2024-07-27 07:38:12 开始第 8134 次操作

2024-07-27 07:38:12 开始操作号码 【1528036】
2024-07-27 07:38:20 GSD getOne 第 1 次 等待 3 秒
2024-07-27 07:38:23 查询号码 【1528036】，返回信息 {"status":"ok","msg":"福建-龙岩","gid":"370709","time_insert":"2021-07-23 22:47"}
2024-07-27 07:38:23 查询号码 【1528036】，GSD为【"福建-龙岩"】

2024-07-27 07:38:24 开始第 8135 次操作

2024-07-27 07:38:24 开始操作号码 【1528037】
2024-07-27 07:38:31 GSD getOne 第 1 次 等待 3 秒
2024-07-27 07:38:34 查询号码 【1528037】，返回信息 {"status":"ok","msg":"福建-龙岩","gid":"19691","time_insert":"2017-04-16 17:27","time_update":"2020-09-05 04:30"}
2024-07-27 07:38:35 查询号码 【1528037】，GSD为【"福建-龙岩"】

2024-07-27 07:38:36 开始第 8136 次操作

2024-07-27 07:38:36 开始操作号码 【1528038】
2024-07-27 07:38:45 GSD getOne 第 1 次 等待 3 秒
2024-07-27 07:38:48 查询号码 【1528038】，返回信息 {"status":"ok","msg":"福建-龙岩","gid":"370699","time_insert":"2021-07-23 22:47"}
2024-07-27 07:38:48 查询号码 【1528038】，GSD为【"福建-龙岩"】

2024-07-27 09:21:31 开始第 8137 次操作

2024-07-27 09:21:31 开始操作号码 【1528039】
2024-07-27 09:21:40 GSD getOne 第 1 次 等待 3 秒
2024-07-27 09:21:43 查询号码 【1528039】，返回信息 {"status":"ok","msg":"福建-龙岩","gid":"370693","time_insert":"2021-07-23 22:46"}
2024-07-27 09:21:43 查询号码 【1528039】，GSD为【"福建-龙岩"】

2024-07-27 09:21:44 开始第 8138 次操作

2024-07-27 09:21:44 开始操作号码 【1528040】
2024-07-27 09:21:52 GSD getOne 第 1 次 等待 3 秒
2024-07-27 09:21:55 查询号码 【1528040】，返回信息 {"status":"ok","msg":"福建-福州","gid":"370685","time_insert":"2021-07-23 22:46"}
2024-07-27 09:21:55 查询号码 【1528040】，GSD为【"福建-福州"】

2024-07-27 09:21:56 开始第 8139 次操作

2024-07-27 09:21:56 开始操作号码 【1528041】
2024-07-27 09:22:04 GSD getOne 第 1 次 等待 3 秒
2024-07-27 09:22:07 查询号码 【1528041】，返回信息 {"status":"ok","msg":"福建-福州","gid":"19692","time_insert":"2018-09-07 17:03","time_update":"2020-09-05 04:35"}
2024-07-27 09:22:07 查询号码 【1528041】，GSD为【"福建-福州"】

2024-07-27 09:22:08 开始第 8140 次操作

2024-07-27 09:22:08 开始操作号码 【1528042】
2024-07-27 09:22:16 GSD getOne 第 1 次 等待 3 秒
2024-07-27 09:22:19 查询号码 【1528042】，返回信息 {"status":"ok","msg":"福建-福州","gid":"49894","time_insert":"2021-04-21 14:31"}
2024-07-27 09:22:19 查询号码 【1528042】，GSD为【"福建-福州"】

2024-07-27 10:20:37 开始第 8141 次操作

2024-07-27 10:20:37 开始操作号码 【1528043】
2024-07-27 10:20:45 GSD getOne 第 1 次 等待 3 秒
2024-07-27 10:20:48 查询号码 【1528043】，返回信息 {"status":"ok","msg":"福建-福州","gid":"19693","time_insert":"2017-03-23 23:29","time_update":"2020-09-05 03:38"}
2024-07-27 10:20:48 查询号码 【1528043】，GSD为【"福建-福州"】

2024-07-27 10:20:50 开始第 8142 次操作

2024-07-27 10:20:50 开始操作号码 【1528044】
2024-07-27 10:20:57 GSD getOne 第 1 次 等待 3 秒
2024-07-27 10:21:00 查询号码 【1528044】，返回信息 {"status":"ok","msg":"福建-福州","gid":"370675","time_insert":"2021-07-23 22:45"}
2024-07-27 10:21:00 查询号码 【1528044】，GSD为【"福建-福州"】

2024-07-27 10:21:01 开始第 8143 次操作

2024-07-27 10:21:01 开始操作号码 【1528045】
2024-07-27 10:21:09 GSD getOne 第 1 次 等待 3 秒
2024-07-27 10:21:12 查询号码 【1528045】，返回信息 {"status":"ok","msg":"福建-泉州","gid":"370670","time_insert":"2021-07-23 22:44"}
2024-07-27 10:21:12 查询号码 【1528045】，GSD为【"福建-泉州"】

2024-07-27 10:21:13 开始第 8144 次操作

2024-07-27 10:21:13 开始操作号码 【1528046】
2024-07-27 10:21:21 GSD getOne 第 1 次 等待 3 秒
2024-07-27 10:21:24 查询号码 【1528046】，返回信息 {"status":"ok","msg":"福建-泉州","gid":"370664","time_insert":"2021-07-23 22:44"}
2024-07-27 10:21:24 查询号码 【1528046】，GSD为【"福建-泉州"】

2024-07-27 10:46:51 开始第 8145 次操作

2024-07-27 10:46:51 开始操作号码 【1528047】
2024-07-27 10:46:59 GSD getOne 第 1 次 等待 3 秒
2024-07-27 10:47:02 查询号码 【1528047】，返回信息 {"status":"ok","msg":"福建-泉州","gid":"60783","time_insert":"2021-05-17 16:54","time_update":"2021-06-02 12:02"}
2024-07-27 10:47:02 查询号码 【1528047】，GSD为【"福建-泉州"】

2024-07-27 10:47:03 开始第 8146 次操作

2024-07-27 10:47:03 开始操作号码 【1528048】
2024-07-27 10:47:11 GSD getOne 第 1 次 等待 3 秒
2024-07-27 10:47:14 查询号码 【1528048】，返回信息 {"status":"ok","msg":"福建-泉州","gid":"370658","time_insert":"2021-07-23 22:43"}
2024-07-27 10:47:14 查询号码 【1528048】，GSD为【"福建-泉州"】

2024-07-27 10:47:15 开始第 8147 次操作

2024-07-27 10:47:15 开始操作号码 【1528049】
2024-07-27 10:47:22 GSD getOne 第 1 次 等待 3 秒
2024-07-27 10:47:25 查询号码 【1528049】，返回信息 {"status":"ok","msg":"福建-泉州","gid":"19694","time_insert":"2016-06-02 17:02","time_update":"2020-09-05 03:34"}
2024-07-27 10:47:25 查询号码 【1528049】，GSD为【"福建-泉州"】

2024-07-27 10:47:26 开始第 8148 次操作

2024-07-27 10:47:26 开始操作号码 【1528050】
2024-07-27 10:47:34 GSD getOne 第 1 次 等待 3 秒
2024-07-27 10:47:37 查询号码 【1528050】，返回信息 {"status":"ok","msg":"福建-南平","gid":"370652","time_insert":"2021-07-23 22:42"}
2024-07-27 10:47:37 查询号码 【1528050】，GSD为【"福建-南平"】

2024-07-27 11:21:38 开始第 8149 次操作

2024-07-27 11:21:38 开始操作号码 【1528051】
2024-07-27 11:21:46 GSD getOne 第 1 次 等待 3 秒
2024-07-27 11:21:49 查询号码 【1528051】，返回信息 {"status":"ok","msg":"福建-南平","gid":"19695","time_insert":"2018-01-13 17:12","time_update":"2020-09-05 03:29"}
2024-07-27 11:21:49 查询号码 【1528051】，GSD为【"福建-南平"】

2024-07-27 11:21:50 开始第 8150 次操作

2024-07-27 11:21:50 开始操作号码 【1528052】
2024-07-27 11:21:57 GSD getOne 第 1 次 等待 3 秒
2024-07-27 11:22:00 查询号码 【1528052】，返回信息 {"status":"ok","msg":"福建-南平","gid":"370646","time_insert":"2021-07-23 22:42"}
2024-07-27 11:22:01 查询号码 【1528052】，GSD为【"福建-南平"】

2024-07-27 11:22:02 开始第 8151 次操作

2024-07-27 11:22:02 开始操作号码 【1528053】
2024-07-27 11:22:02 GSD getOne 第 1 次 等待 3 秒
2024-07-27 11:22:13 GSD getOne 第 2 次 等待 3 秒
2024-07-27 11:22:16 查询号码 【1528053】，返回信息 {"status":"ok","msg":"福建-南平","gid":"370637","time_insert":"2021-07-23 22:41"}
2024-07-27 11:22:16 查询号码 【1528053】，GSD为【"福建-南平"】

2024-07-27 11:22:17 开始第 8152 次操作

2024-07-27 11:22:17 开始操作号码 【1528054】
2024-07-27 11:22:25 GSD getOne 第 1 次 等待 3 秒
2024-07-27 11:22:28 查询号码 【1528054】，返回信息 {"status":"ok","msg":"福建-南平","gid":"19696","time_insert":"2017-04-19 11:23","time_update":"2020-09-05 03:25"}
2024-07-27 11:22:28 查询号码 【1528054】，GSD为【"福建-南平"】

2024-07-27 11:38:48 开始第 8153 次操作

2024-07-27 11:38:48 开始操作号码 【1528055】
2024-07-27 11:38:56 GSD getOne 第 1 次 等待 3 秒
2024-07-27 11:38:59 查询号码 【1528055】，返回信息 {"status":"ok","msg":"福建-三明","gid":"370628","time_insert":"2021-07-23 22:40"}
2024-07-27 11:38:59 查询号码 【1528055】，GSD为【"福建-三明"】

2024-07-27 11:39:00 开始第 8154 次操作

2024-07-27 11:39:00 开始操作号码 【1528056】
2024-07-27 11:39:08 GSD getOne 第 1 次 等待 3 秒
2024-07-27 11:39:11 查询号码 【1528056】，返回信息 {"status":"ok","msg":"福建-三明","gid":"370622","time_insert":"2021-07-23 22:40"}
2024-07-27 11:39:11 查询号码 【1528056】，GSD为【"福建-三明"】

2024-07-27 11:39:12 开始第 8155 次操作

2024-07-27 11:39:12 开始操作号码 【1528057】
2024-07-27 11:39:20 GSD getOne 第 1 次 等待 3 秒
2024-07-27 11:39:23 查询号码 【1528057】，返回信息 {"status":"ok","msg":"福建-三明","gid":"370616","time_insert":"2021-07-23 22:39"}
2024-07-27 11:39:23 查询号码 【1528057】，GSD为【"福建-三明"】

2024-07-27 11:39:24 开始第 8156 次操作

2024-07-27 11:39:24 开始操作号码 【1528058】
2024-07-27 11:39:24 GSD getOne 第 1 次 等待 3 秒
2024-07-27 11:39:35 GSD getOne 第 2 次 等待 3 秒
2024-07-27 11:39:38 查询号码 【1528058】，返回信息 {"status":"ok","msg":"福建-三明","gid":"370609","time_insert":"2021-07-23 22:39"}
2024-07-27 11:39:38 查询号码 【1528058】，GSD为【"福建-三明"】

2024-07-27 12:22:28 开始第 8157 次操作

2024-07-27 12:22:28 开始操作号码 【1528059】
2024-07-27 12:22:36 GSD getOne 第 1 次 等待 3 秒
2024-07-27 12:22:39 查询号码 【1528059】，返回信息 {"status":"ok","msg":"福建-三明","gid":"19697","time_insert":"2019-06-25 15:31","time_update":"2020-09-05 03:20"}
2024-07-27 12:22:39 查询号码 【1528059】，GSD为【"福建-三明"】

2024-07-27 12:22:40 开始第 8158 次操作

2024-07-27 12:22:40 开始操作号码 【1528060】
2024-07-27 12:22:47 GSD getOne 第 1 次 等待 3 秒
2024-07-27 12:22:50 查询号码 【1528060】，返回信息 {"status":"ok","msg":"福建-漳州","gid":"370602","time_insert":"2021-07-23 22:38"}
2024-07-27 12:22:51 查询号码 【1528060】，GSD为【"福建-漳州"】

2024-07-27 12:22:52 开始第 8159 次操作

2024-07-27 12:22:52 开始操作号码 【1528061】
2024-07-27 12:22:59 GSD getOne 第 1 次 等待 3 秒
2024-07-27 12:23:02 查询号码 【1528061】，返回信息 {"status":"ok","msg":"福建-漳州","gid":"370596","time_insert":"2021-07-23 22:37"}
2024-07-27 12:23:02 查询号码 【1528061】，GSD为【"福建-漳州"】

2024-07-27 12:23:03 开始第 8160 次操作

2024-07-27 12:23:03 开始操作号码 【1528062】
2024-07-27 12:23:12 GSD getOne 第 1 次 等待 3 秒
2024-07-27 12:23:15 查询号码 【1528062】，返回信息 {"status":"ok","msg":"福建-漳州","gid":"370591","time_insert":"2021-07-23 22:37"}
2024-07-27 12:23:15 查询号码 【1528062】，GSD为【"福建-漳州"】

2024-07-27 12:39:40 开始第 8161 次操作

2024-07-27 12:39:40 开始操作号码 【1528063】
2024-07-27 12:39:49 GSD getOne 第 1 次 等待 3 秒
2024-07-27 12:39:52 查询号码 【1528063】，返回信息 {"status":"ok","msg":"福建-漳州","gid":"19698","time_insert":"2015-03-02 09:47","time_update":"2020-09-05 03:15"}
2024-07-27 12:39:52 查询号码 【1528063】，GSD为【"福建-漳州"】

2024-07-27 12:39:53 开始第 8162 次操作

2024-07-27 12:39:53 开始操作号码 【1528064】
2024-07-27 12:40:01 GSD getOne 第 1 次 等待 3 秒
2024-07-27 12:40:04 查询号码 【1528064】，返回信息 {"status":"ok","msg":"福建-漳州","gid":"370585","time_insert":"2021-07-23 22:36"}
2024-07-27 12:40:04 查询号码 【1528064】，GSD为【"福建-漳州"】

2024-07-27 12:40:05 开始第 8163 次操作

2024-07-27 12:40:05 开始操作号码 【1528065】
2024-07-27 12:40:12 GSD getOne 第 1 次 等待 3 秒
2024-07-27 12:40:15 查询号码 【1528065】，返回信息 {"status":"ok","msg":"福建-宁德","gid":"19699","time_insert":"2017-07-31 18:56","time_update":"2020-09-05 03:12"}
2024-07-27 12:40:15 查询号码 【1528065】，GSD为【"福建-宁德"】

2024-07-27 12:40:16 开始第 8164 次操作

2024-07-27 12:40:16 开始操作号码 【1528066】
2024-07-27 12:40:24 GSD getOne 第 1 次 等待 3 秒
2024-07-27 12:40:27 查询号码 【1528066】，返回信息 {"status":"ok","msg":"福建-宁德","gid":"370582","time_insert":"2021-07-23 22:36"}
2024-07-27 12:40:27 查询号码 【1528066】，GSD为【"福建-宁德"】

2024-07-27 13:17:33 开始第 8165 次操作

2024-07-27 13:17:33 开始操作号码 【1528067】
2024-07-27 13:17:41 GSD getOne 第 1 次 等待 3 秒
2024-07-27 13:17:44 查询号码 【1528067】，返回信息 {"status":"ok","msg":"福建-宁德","gid":"19700","time_insert":"2018-06-06 23:00","time_update":"2020-09-05 03:08"}
2024-07-27 13:17:44 查询号码 【1528067】，GSD为【"福建-宁德"】

2024-07-27 13:17:45 开始第 8166 次操作

2024-07-27 13:17:45 开始操作号码 【1528068】
2024-07-27 13:17:53 GSD getOne 第 1 次 等待 3 秒
2024-07-27 13:17:56 查询号码 【1528068】，返回信息 {"status":"ok","msg":"福建-宁德","gid":"370575","time_insert":"2021-07-23 22:35"}
2024-07-27 13:17:56 查询号码 【1528068】，GSD为【"福建-宁德"】

2024-07-27 13:17:57 开始第 8167 次操作

2024-07-27 13:17:57 开始操作号码 【1528069】
2024-07-27 13:18:05 GSD getOne 第 1 次 等待 3 秒
2024-07-27 13:18:08 查询号码 【1528069】，返回信息 {"status":"ok","msg":"福建-宁德","gid":"370571","time_insert":"2021-07-23 22:34"}
2024-07-27 13:18:08 查询号码 【1528069】，GSD为【"福建-宁德"】

2024-07-27 13:18:09 开始第 8168 次操作

2024-07-27 13:18:09 开始操作号码 【1528070】
2024-07-27 13:18:17 GSD getOne 第 1 次 等待 3 秒
2024-07-27 13:18:20 查询号码 【1528070】，返回信息 {"status":"ok","msg":"福建-三明","gid":"370568","time_insert":"2021-07-23 22:33"}
2024-07-27 13:18:20 查询号码 【1528070】，GSD为【"福建-三明"】

2024-07-27 13:37:28 开始第 8169 次操作

2024-07-27 13:37:28 开始操作号码 【1528071】
2024-07-27 13:37:35 GSD getOne 第 1 次 等待 3 秒
2024-07-27 13:37:38 查询号码 【1528071】，返回信息 {"status":"ok","msg":"福建-三明","gid":"370565","time_insert":"2021-07-23 22:33"}
2024-07-27 13:37:38 查询号码 【1528071】，GSD为【"福建-三明"】

2024-07-27 13:37:39 开始第 8170 次操作

2024-07-27 13:37:39 开始操作号码 【1528072】
2024-07-27 13:37:47 GSD getOne 第 1 次 等待 3 秒
2024-07-27 13:37:50 查询号码 【1528072】，返回信息 {"status":"ok","msg":"福建-三明","gid":"370563","time_insert":"2021-07-23 22:32"}
2024-07-27 13:37:50 查询号码 【1528072】，GSD为【"福建-三明"】

2024-07-27 13:37:51 开始第 8171 次操作

2024-07-27 13:37:51 开始操作号码 【1528073】
2024-07-27 13:37:59 GSD getOne 第 1 次 等待 3 秒
2024-07-27 13:38:02 查询号码 【1528073】，返回信息 {"status":"ok","msg":"福建-三明","gid":"370560","time_insert":"2021-07-23 22:32"}
2024-07-27 13:38:02 查询号码 【1528073】，GSD为【"福建-三明"】

2024-07-27 13:38:03 开始第 8172 次操作

2024-07-27 13:38:03 开始操作号码 【1528074】
2024-07-27 13:38:11 GSD getOne 第 1 次 等待 3 秒
2024-07-27 13:38:14 查询号码 【1528074】，返回信息 {"status":"ok","msg":"福建-三明","gid":"370557","time_insert":"2021-07-23 22:31"}
2024-07-27 13:38:14 查询号码 【1528074】，GSD为【"福建-三明"】

2024-07-27 14:23:56 开始第 8173 次操作

2024-07-27 14:23:56 开始操作号码 【1528075】
2024-07-27 14:24:04 GSD getOne 第 1 次 等待 3 秒
2024-07-27 14:24:07 查询号码 【1528075】，返回信息 {"status":"ok","msg":"福建-南平","gid":"370555","time_insert":"2021-07-23 22:31"}
2024-07-27 14:24:07 查询号码 【1528075】，GSD为【"福建-南平"】

2024-07-27 14:24:08 开始第 8174 次操作

2024-07-27 14:24:08 开始操作号码 【1528076】
2024-07-27 14:24:16 GSD getOne 第 1 次 等待 3 秒
2024-07-27 14:24:19 查询号码 【1528076】，返回信息 {"status":"ok","msg":"福建-南平","gid":"370553","time_insert":"2021-07-23 22:30"}
2024-07-27 14:24:19 查询号码 【1528076】，GSD为【"福建-南平"】

2024-07-27 14:24:20 开始第 8175 次操作

2024-07-27 14:24:20 开始操作号码 【1528077】
2024-07-27 14:24:29 GSD getOne 第 1 次 等待 3 秒
2024-07-27 14:24:32 查询号码 【1528077】，返回信息 {"status":"ok","msg":"福建-南平","gid":"370552","time_insert":"2021-07-23 22:29"}
2024-07-27 14:24:32 查询号码 【1528077】，GSD为【"福建-南平"】

2024-07-27 14:24:33 开始第 8176 次操作

2024-07-27 14:24:33 开始操作号码 【1528078】
2024-07-27 14:24:41 GSD getOne 第 1 次 等待 3 秒
2024-07-27 14:24:44 查询号码 【1528078】，返回信息 {"status":"ok","msg":"福建-南平","gid":"19701","time_insert":"2018-02-09 23:10","time_update":"2020-09-05 03:42"}
2024-07-27 14:24:45 查询号码 【1528078】，GSD为【"福建-南平"】

2024-07-27 14:41:03 开始第 8177 次操作

2024-07-27 14:41:03 开始操作号码 【1528079】
2024-07-27 14:41:12 GSD getOne 第 1 次 等待 3 秒
2024-07-27 14:41:15 查询号码 【1528079】，返回信息 {"status":"ok","msg":"福建-南平","gid":"370550","time_insert":"2021-07-23 22:29"}
2024-07-27 14:41:15 查询号码 【1528079】，GSD为【"福建-南平"】

2024-07-27 14:41:16 开始第 8178 次操作

2024-07-27 14:41:16 开始操作号码 【1528080】
2024-07-27 14:41:25 GSD getOne 第 1 次 等待 3 秒
2024-07-27 14:41:28 查询号码 【1528080】，返回信息 {"status":"ok","msg":"福建-龙岩","gid":"370546","time_insert":"2021-07-23 22:28"}
2024-07-27 14:41:28 查询号码 【1528080】，GSD为【"福建-龙岩"】

2024-07-27 14:41:29 开始第 8179 次操作

2024-07-27 14:41:29 开始操作号码 【1528081】
2024-07-27 14:41:37 GSD getOne 第 1 次 等待 3 秒
2024-07-27 14:41:40 查询号码 【1528081】，返回信息 {"status":"ok","msg":"福建-龙岩","gid":"370543","time_insert":"2021-07-23 22:28"}
2024-07-27 14:41:40 查询号码 【1528081】，GSD为【"福建-龙岩"】

2024-07-27 14:41:41 开始第 8180 次操作

2024-07-27 14:41:41 开始操作号码 【1528082】
2024-07-27 14:41:49 GSD getOne 第 1 次 等待 3 秒
2024-07-27 14:41:52 查询号码 【1528082】，返回信息 {"status":"ok","msg":"福建-龙岩","gid":"370542","time_insert":"2021-07-23 22:27"}
2024-07-27 14:41:52 查询号码 【1528082】，GSD为【"福建-龙岩"】

2024-07-27 15:17:48 开始第 8181 次操作

2024-07-27 15:17:48 开始操作号码 【1528083】
2024-07-27 15:17:57 GSD getOne 第 1 次 等待 3 秒
2024-07-27 15:18:00 查询号码 【1528083】，返回信息 {"status":"ok","msg":"福建-龙岩","gid":"370540","time_insert":"2021-07-23 22:26"}
2024-07-27 15:18:00 查询号码 【1528083】，GSD为【"福建-龙岩"】

2024-07-27 15:18:01 开始第 8182 次操作

2024-07-27 15:18:01 开始操作号码 【1528084】
2024-07-27 15:18:09 GSD getOne 第 1 次 等待 3 秒
2024-07-27 15:18:12 查询号码 【1528084】，返回信息 {"status":"ok","msg":"福建-龙岩","gid":"370538","time_insert":"2021-07-23 22:26"}
2024-07-27 15:18:12 查询号码 【1528084】，GSD为【"福建-龙岩"】

2024-07-27 15:18:13 开始第 8183 次操作

2024-07-27 15:18:13 开始操作号码 【1528085】
2024-07-27 15:18:24 GSD getOne 第 1 次 等待 3 秒
2024-07-27 15:18:27 查询号码 【1528085】，返回信息 {"status":"ok","msg":"福建-泉州","gid":"19702","time_insert":"2016-06-01 11:23","time_update":"2020-09-05 03:45"}
2024-07-27 15:18:27 查询号码 【1528085】，GSD为【"福建-泉州"】

2024-07-27 15:18:28 开始第 8184 次操作

2024-07-27 15:18:28 开始操作号码 【1528086】
2024-07-27 15:18:36 GSD getOne 第 1 次 等待 3 秒
2024-07-27 15:18:39 查询号码 【1528086】，返回信息 {"status":"ok","msg":"福建-泉州","gid":"19703","time_insert":"2016-05-16 22:36","time_update":"2020-09-05 02:38"}
2024-07-27 15:18:40 查询号码 【1528086】，GSD为【"福建-泉州"】

2024-07-27 15:37:33 开始第 8185 次操作

2024-07-27 15:37:33 开始操作号码 【1528087】
2024-07-27 15:37:42 GSD getOne 第 1 次 等待 3 秒
2024-07-27 15:37:45 查询号码 【1528087】，返回信息 {"status":"ok","msg":"福建-泉州","gid":"370534","time_insert":"2021-07-23 22:25"}
2024-07-27 15:37:45 查询号码 【1528087】，GSD为【"福建-泉州"】

2024-07-27 15:37:46 开始第 8186 次操作

2024-07-27 15:37:46 开始操作号码 【1528088】
2024-07-27 15:37:57 GSD getOne 第 1 次 等待 3 秒
2024-07-27 15:38:00 查询号码 【1528088】，返回信息 {"status":"ok","msg":"福建-泉州","gid":"369744","time_insert":"2021-07-23 20:59"}
2024-07-27 15:38:00 查询号码 【1528088】，GSD为【"福建-泉州"】

2024-07-27 15:38:01 开始第 8187 次操作

2024-07-27 15:38:01 开始操作号码 【1528089】
2024-07-27 15:38:09 GSD getOne 第 1 次 等待 3 秒
2024-07-27 15:38:12 查询号码 【1528089】，返回信息 {"status":"ok","msg":"福建-泉州","gid":"369741","time_insert":"2021-07-23 20:58"}
2024-07-27 15:38:12 查询号码 【1528089】，GSD为【"福建-泉州"】

2024-07-27 15:38:13 开始第 8188 次操作

2024-07-27 15:38:13 开始操作号码 【1528090】
2024-07-27 15:38:20 GSD getOne 第 1 次 等待 3 秒
2024-07-27 15:38:23 查询号码 【1528090】，返回信息 {"status":"ok","msg":"四川-绵阳","gid":"19704","time_insert":"2017-04-16 17:27","time_update":"2020-10-20 15:08"}
2024-07-27 15:38:23 查询号码 【1528090】，GSD为【"四川-绵阳"】

2024-07-27 16:21:10 开始第 8189 次操作

2024-07-27 16:21:10 开始操作号码 【1528091】
2024-07-27 16:21:18 GSD getOne 第 1 次 等待 3 秒
2024-07-27 16:21:21 查询号码 【1528091】，返回信息 {"status":"ok","msg":"四川-绵阳","gid":"19705","time_insert":"2018-01-21 14:25","time_update":"2020-10-20 15:13"}
2024-07-27 16:21:21 查询号码 【1528091】，GSD为【"四川-绵阳"】

2024-07-27 16:21:22 开始第 8190 次操作

2024-07-27 16:21:22 开始操作号码 【1528092】
2024-07-27 16:21:31 GSD getOne 第 1 次 等待 3 秒
2024-07-27 16:21:34 查询号码 【1528092】，返回信息 {"status":"ok","msg":"四川-绵阳","gid":"19706","time_insert":"2017-07-12 08:49","time_update":"2020-10-20 15:17"}
2024-07-27 16:21:34 查询号码 【1528092】，GSD为【"四川-绵阳"】

2024-07-27 16:21:35 开始第 8191 次操作

2024-07-27 16:21:35 开始操作号码 【1528093】
2024-07-27 16:21:36 GSD getOne 第 1 次 等待 3 秒
2024-07-27 16:21:47 GSD getOne 第 2 次 等待 3 秒
2024-07-27 16:21:50 查询号码 【1528093】，返回信息 {"status":"ok","msg":"四川-绵阳","gid":"19707","time_insert":"2017-05-04 04:50","time_update":"2020-10-20 15:21"}
2024-07-27 16:21:50 查询号码 【1528093】，GSD为【"四川-绵阳"】

2024-07-27 16:21:51 开始第 8192 次操作

2024-07-27 16:21:51 开始操作号码 【1528094】
2024-07-27 16:21:51 GSD getOne 第 1 次 等待 3 秒
2024-07-27 16:22:04 GSD getOne 第 2 次 等待 3 秒
2024-07-27 16:22:07 查询号码 【1528094】，返回信息 {"status":"ok","msg":"四川-绵阳","gid":"19708","time_insert":"2018-07-06 20:51","time_update":"2020-10-20 15:24"}
2024-07-27 16:22:07 查询号码 【1528094】，GSD为【"四川-绵阳"】

2024-07-27 16:38:42 开始第 8193 次操作

2024-07-27 16:38:42 开始操作号码 【1528095】
2024-07-27 16:38:43 GSD getOne 第 1 次 等待 3 秒
2024-07-27 16:38:55 GSD getOne 第 2 次 等待 3 秒
2024-07-27 16:38:58 查询号码 【1528095】，返回信息 {"status":"ok","msg":"四川-绵阳","gid":"19709","time_insert":"2015-05-23 10:23","time_update":"2020-10-20 15:29"}
2024-07-27 16:38:58 查询号码 【1528095】，GSD为【"四川-绵阳"】

2024-07-27 16:38:59 开始第 8194 次操作

2024-07-27 16:38:59 开始操作号码 【1528096】
2024-07-27 16:39:10 GSD getOne 第 1 次 等待 3 秒
2024-07-27 16:39:13 查询号码 【1528096】，返回信息 {"status":"ok","msg":"四川-绵阳","gid":"19710","time_insert":"2017-11-04 21:58","time_update":"2020-10-20 15:32"}
2024-07-27 16:39:13 查询号码 【1528096】，GSD为【"四川-绵阳"】

2024-07-27 16:39:14 开始第 8195 次操作

2024-07-27 16:39:14 开始操作号码 【1528097】
2024-07-27 16:39:22 GSD getOne 第 1 次 等待 3 秒
2024-07-27 16:39:25 查询号码 【1528097】，返回信息 {"status":"ok","msg":"四川-绵阳","gid":"19711","time_insert":"2018-01-14 17:42","time_update":"2020-10-20 15:37"}
2024-07-27 16:39:25 查询号码 【1528097】，GSD为【"四川-绵阳"】

2024-07-27 16:39:26 开始第 8196 次操作

2024-07-27 16:39:26 开始操作号码 【1528098】
2024-07-27 16:39:33 GSD getOne 第 1 次 等待 3 秒
2024-07-27 16:39:36 查询号码 【1528098】，返回信息 {"status":"ok","msg":"四川-绵阳","gid":"19712","time_insert":"2016-04-22 22:53","time_update":"2021-06-02 12:20"}
2024-07-27 16:39:36 查询号码 【1528098】，GSD为【"四川-绵阳"】

2024-07-27 17:18:23 开始第 8197 次操作

2024-07-27 17:18:23 开始操作号码 【1528099】
2024-07-27 17:18:31 GSD getOne 第 1 次 等待 3 秒
2024-07-27 17:18:34 查询号码 【1528099】，返回信息 {"status":"ok","msg":"四川-绵阳","gid":"19713","time_insert":"2016-11-30 13:26","time_update":"2020-10-20 15:47"}
2024-07-27 17:18:34 查询号码 【1528099】，GSD为【"四川-绵阳"】

2024-07-27 17:18:35 开始第 8198 次操作

2024-07-27 17:18:35 开始操作号码 【1528100】
2024-07-27 17:18:43 GSD getOne 第 1 次 等待 3 秒
2024-07-27 17:18:46 查询号码 【1528100】，返回信息 {"status":"ok","msg":"四川-成都","gid":"19714","time_insert":"2017-06-19 15:40","time_update":"2020-10-20 15:51"}
2024-07-27 17:18:46 查询号码 【1528100】，GSD为【"四川-成都"】

2024-07-27 17:18:47 开始第 8199 次操作

2024-07-27 17:18:47 开始操作号码 【1528101】
2024-07-27 17:18:55 GSD getOne 第 1 次 等待 3 秒
2024-07-27 17:18:58 查询号码 【1528101】，返回信息 {"status":"ok","msg":"四川-成都","gid":"19715","time_insert":"2018-05-30 22:44","time_update":"2020-10-20 15:54"}
2024-07-27 17:18:58 查询号码 【1528101】，GSD为【"四川-成都"】

2024-07-27 17:18:59 开始第 8200 次操作

2024-07-27 17:18:59 开始操作号码 【1528102】
2024-07-27 17:19:07 GSD getOne 第 1 次 等待 3 秒
2024-07-27 17:19:10 查询号码 【1528102】，返回信息 {"status":"ok","msg":"四川-成都","gid":"19716","time_insert":"2014-08-12 16:54","time_update":"2020-10-20 15:59"}
2024-07-27 17:19:10 查询号码 【1528102】，GSD为【"四川-成都"】

2024-07-27 17:38:16 开始第 8201 次操作

2024-07-27 17:38:16 开始操作号码 【1528103】
2024-07-27 17:38:26 GSD getOne 第 1 次 等待 3 秒
2024-07-27 17:38:29 查询号码 【1528103】，返回信息 {"status":"ok","msg":"四川-成都","gid":"19717","time_insert":"2017-05-23 18:09","time_update":"2020-10-20 16:03"}
2024-07-27 17:38:29 查询号码 【1528103】，GSD为【"四川-成都"】

2024-07-27 17:38:30 开始第 8202 次操作

2024-07-27 17:38:30 开始操作号码 【1528104】
2024-07-27 17:38:38 GSD getOne 第 1 次 等待 3 秒
2024-07-27 17:38:41 查询号码 【1528104】，返回信息 {"status":"ok","msg":"四川-成都","gid":"19718","time_insert":"2020-05-31 22:37","time_update":"2020-10-20 16:07"}
2024-07-27 17:38:41 查询号码 【1528104】，GSD为【"四川-成都"】

2024-07-27 17:38:42 开始第 8203 次操作

2024-07-27 17:38:42 开始操作号码 【1528105】
2024-07-27 17:38:49 GSD getOne 第 1 次 等待 3 秒
2024-07-27 17:38:52 查询号码 【1528105】，返回信息 {"status":"ok","msg":"四川-成都","gid":"19719","time_insert":"2014-03-18 09:06","time_update":"2020-10-20 16:08"}
2024-07-27 17:38:52 查询号码 【1528105】，GSD为【"四川-成都"】

2024-07-27 17:38:53 开始第 8204 次操作

2024-07-27 17:38:53 开始操作号码 【1528106】
2024-07-27 17:39:01 GSD getOne 第 1 次 等待 3 秒
2024-07-27 17:39:04 查询号码 【1528106】，返回信息 {"status":"ok","msg":"四川-成都","gid":"19720","time_insert":"2018-10-26 13:04","time_update":"2020-10-20 16:12"}
2024-07-27 17:39:04 查询号码 【1528106】，GSD为【"四川-成都"】

2024-07-27 18:18:30 开始第 8205 次操作

2024-07-27 18:18:30 开始操作号码 【1528107】
2024-07-27 18:18:38 GSD getOne 第 1 次 等待 3 秒
2024-07-27 18:18:41 查询号码 【1528107】，返回信息 {"status":"ok","msg":"四川-成都","gid":"19721","time_insert":"2019-05-01 08:22","time_update":"2020-10-20 16:15"}
2024-07-27 18:18:41 查询号码 【1528107】，GSD为【"四川-成都"】

2024-07-27 18:18:42 开始第 8206 次操作

2024-07-27 18:18:42 开始操作号码 【1528108】
2024-07-27 18:18:50 GSD getOne 第 1 次 等待 3 秒
2024-07-27 18:18:53 查询号码 【1528108】，返回信息 {"status":"ok","msg":"四川-成都","gid":"19722","time_insert":"2018-07-12 21:05","time_update":"2020-10-20 16:19"}
2024-07-27 18:18:53 查询号码 【1528108】，GSD为【"四川-成都"】

2024-07-27 18:18:54 开始第 8207 次操作

2024-07-27 18:18:54 开始操作号码 【1528109】
2024-07-27 18:19:02 GSD getOne 第 1 次 等待 3 秒
2024-07-27 18:19:05 查询号码 【1528109】，返回信息 {"status":"ok","msg":"四川-成都","gid":"19723","time_insert":"2017-07-09 14:01","time_update":"2020-10-20 16:24"}
2024-07-27 18:19:05 查询号码 【1528109】，GSD为【"四川-成都"】

2024-07-27 18:19:06 开始第 8208 次操作

2024-07-27 18:19:06 开始操作号码 【1528110】
2024-07-27 18:19:14 GSD getOne 第 1 次 等待 3 秒
2024-07-27 18:19:17 查询号码 【1528110】，返回信息 {"status":"ok","msg":"四川-绵阳","gid":"19724","time_insert":"2017-01-10 15:35","time_update":"2020-10-20 16:29"}
2024-07-27 18:19:17 查询号码 【1528110】，GSD为【"四川-绵阳"】

2024-07-27 18:37:44 开始第 8209 次操作

2024-07-27 18:37:44 开始操作号码 【1528111】
2024-07-27 18:37:52 GSD getOne 第 1 次 等待 3 秒
2024-07-27 18:37:55 查询号码 【1528111】，返回信息 {"status":"ok","msg":"四川-绵阳","gid":"19725","time_insert":"2014-10-28 16:41","time_update":"2020-10-20 16:32"}
2024-07-27 18:37:56 查询号码 【1528111】，GSD为【"四川-绵阳"】

2024-07-27 18:37:57 开始第 8210 次操作

2024-07-27 18:37:57 开始操作号码 【1528112】
2024-07-27 18:38:04 GSD getOne 第 1 次 等待 3 秒
2024-07-27 18:38:07 查询号码 【1528112】，返回信息 {"status":"ok","msg":"四川-绵阳","gid":"19726","time_insert":"2013-11-30 15:05","time_update":"2020-10-20 16:37"}
2024-07-27 18:38:07 查询号码 【1528112】，GSD为【"四川-绵阳"】

2024-07-27 18:38:08 开始第 8211 次操作

2024-07-27 18:38:08 开始操作号码 【1528113】
2024-07-27 18:38:16 GSD getOne 第 1 次 等待 3 秒
2024-07-27 18:38:19 查询号码 【1528113】，返回信息 {"status":"ok","msg":"四川-绵阳","gid":"19727","time_insert":"2018-07-09 22:59","time_update":"2020-10-20 16:40"}
2024-07-27 18:38:19 查询号码 【1528113】，GSD为【"四川-绵阳"】

2024-07-27 18:38:20 开始第 8212 次操作

2024-07-27 18:38:20 开始操作号码 【1528114】
2024-07-27 18:38:29 GSD getOne 第 1 次 等待 3 秒
2024-07-27 18:38:32 查询号码 【1528114】，返回信息 {"status":"ok","msg":"四川-绵阳","gid":"19728","time_insert":"2017-10-18 12:09","time_update":"2020-10-20 16:45"}
2024-07-27 18:38:32 查询号码 【1528114】，GSD为【"四川-绵阳"】

2024-07-27 19:15:57 开始第 8213 次操作

2024-07-27 19:15:57 开始操作号码 【1528115】
2024-07-27 19:16:05 GSD getOne 第 1 次 等待 3 秒
2024-07-27 19:16:08 查询号码 【1528115】，返回信息 {"status":"ok","msg":"四川-绵阳","gid":"19729","time_insert":"2017-10-30 07:40","time_update":"2020-10-20 16:48"}
2024-07-27 19:16:08 查询号码 【1528115】，GSD为【"四川-绵阳"】

2024-07-27 19:16:09 开始第 8214 次操作

2024-07-27 19:16:09 开始操作号码 【1528116】
2024-07-27 19:16:17 GSD getOne 第 1 次 等待 3 秒
2024-07-27 19:16:20 查询号码 【1528116】，返回信息 {"status":"ok","msg":"四川-绵阳","gid":"19730","time_insert":"2015-01-07 20:01","time_update":"2020-10-20 16:52"}
2024-07-27 19:16:20 查询号码 【1528116】，GSD为【"四川-绵阳"】

2024-07-27 19:16:21 开始第 8215 次操作

2024-07-27 19:16:21 开始操作号码 【1528117】
2024-07-27 19:16:28 GSD getOne 第 1 次 等待 3 秒
2024-07-27 19:16:31 查询号码 【1528117】，返回信息 {"status":"ok","msg":"四川-绵阳","gid":"19731","time_insert":"2017-08-27 14:07","time_update":"2020-10-20 16:56"}
2024-07-27 19:16:31 查询号码 【1528117】，GSD为【"四川-绵阳"】

2024-07-27 19:16:32 开始第 8216 次操作

2024-07-27 19:16:32 开始操作号码 【1528118】
2024-07-27 19:16:40 GSD getOne 第 1 次 等待 3 秒
2024-07-27 19:16:43 查询号码 【1528118】，返回信息 {"status":"ok","msg":"四川-绵阳","gid":"19732","time_insert":"2019-03-03 14:13","time_update":"2020-10-20 17:00"}
2024-07-27 19:16:43 查询号码 【1528118】，GSD为【"四川-绵阳"】

2024-07-27 19:37:44 开始第 8217 次操作

2024-07-27 19:37:44 开始操作号码 【1528119】
2024-07-27 19:37:52 GSD getOne 第 1 次 等待 3 秒
2024-07-27 19:37:55 查询号码 【1528119】，返回信息 {"status":"ok","msg":"四川-绵阳","gid":"19733","time_insert":"2018-06-30 16:54","time_update":"2020-10-20 17:03"}
2024-07-27 19:37:55 查询号码 【1528119】，GSD为【"四川-绵阳"】

2024-07-27 19:37:56 开始第 8218 次操作

2024-07-27 19:37:56 开始操作号码 【1528120】
2024-07-27 19:38:04 GSD getOne 第 1 次 等待 3 秒
2024-07-27 19:38:07 查询号码 【1528120】，返回信息 {"status":"ok","msg":"四川-攀枝花","gid":"19734","time_insert":"2017-06-19 11:23","time_update":"2020-10-20 17:04"}
2024-07-27 19:38:07 查询号码 【1528120】，GSD为【"四川-攀枝花"】

2024-07-27 19:38:08 开始第 8219 次操作

2024-07-27 19:38:08 开始操作号码 【1528121】
2024-07-27 19:38:15 GSD getOne 第 1 次 等待 3 秒
2024-07-27 19:38:18 查询号码 【1528121】，返回信息 {"status":"ok","msg":"四川-攀枝花","gid":"19735","time_insert":"2015-03-27 15:08","time_update":"2020-10-20 17:07"}
2024-07-27 19:38:18 查询号码 【1528121】，GSD为【"四川-攀枝花"】

2024-07-27 19:38:19 开始第 8220 次操作

2024-07-27 19:38:19 开始操作号码 【1528122】
2024-07-27 19:38:27 GSD getOne 第 1 次 等待 3 秒
2024-07-27 19:38:30 查询号码 【1528122】，返回信息 {"status":"ok","msg":"四川-攀枝花","gid":"19736","time_insert":"2017-08-03 21:55","time_update":"2020-10-20 17:12"}
2024-07-27 19:38:30 查询号码 【1528122】，GSD为【"四川-攀枝花"】

2024-07-27 20:35:09 开始第 8221 次操作

2024-07-27 20:35:09 开始操作号码 【1528123】
2024-07-27 20:35:18 GSD getOne 第 1 次 等待 3 秒
2024-07-27 20:35:21 查询号码 【1528123】，返回信息 {"status":"ok","msg":"四川-攀枝花","gid":"19737","time_insert":"2019-11-23 17:27","time_update":"2020-10-20 17:15"}
2024-07-27 20:35:21 查询号码 【1528123】，GSD为【"四川-攀枝花"】

2024-07-27 20:35:22 开始第 8222 次操作

2024-07-27 20:35:22 开始操作号码 【1528124】
2024-07-27 20:35:30 GSD getOne 第 1 次 等待 3 秒
2024-07-27 20:35:33 查询号码 【1528124】，返回信息 {"status":"ok","msg":"四川-攀枝花","gid":"19738","time_insert":"2015-03-16 15:23","time_update":"2020-10-20 17:20"}
2024-07-27 20:35:33 查询号码 【1528124】，GSD为【"四川-攀枝花"】

2024-07-27 20:35:34 开始第 8223 次操作

2024-07-27 20:35:34 开始操作号码 【1528125】
2024-07-27 20:35:42 GSD getOne 第 1 次 等待 3 秒
2024-07-27 20:35:45 查询号码 【1528125】，返回信息 {"status":"ok","msg":"四川-雅安","gid":"19739","time_insert":"2018-08-14 20:17","time_update":"2020-10-20 17:24"}
2024-07-27 20:35:45 查询号码 【1528125】，GSD为【"四川-雅安"】

2024-07-27 20:35:46 开始第 8224 次操作

2024-07-27 20:35:46 开始操作号码 【1528126】
2024-07-27 20:35:54 GSD getOne 第 1 次 等待 3 秒
2024-07-27 20:35:57 查询号码 【1528126】，返回信息 {"status":"ok","msg":"四川-雅安","gid":"19740","time_insert":"2018-06-18 23:12","time_update":"2020-10-20 17:28"}
2024-07-27 20:35:57 查询号码 【1528126】，GSD为【"四川-雅安"】

2024-07-27 21:18:43 开始第 8225 次操作

2024-07-27 21:18:43 开始操作号码 【1528127】
2024-07-27 21:18:54 GSD getOne 第 1 次 等待 3 秒
2024-07-27 21:18:57 查询号码 【1528127】，返回信息 {"status":"ok","msg":"四川-雅安","gid":"19741","time_insert":"2015-08-12 08:57","time_update":"2020-10-20 17:32"}
2024-07-27 21:18:57 查询号码 【1528127】，GSD为【"四川-雅安"】

2024-07-27 21:18:58 开始第 8226 次操作

2024-07-27 21:18:58 开始操作号码 【1528128】
2024-07-27 21:19:08 GSD getOne 第 1 次 等待 3 秒
2024-07-27 21:19:11 查询号码 【1528128】，返回信息 {"status":"ok","msg":"四川-雅安","gid":"19742","time_insert":"2018-12-10 13:36","time_update":"2020-10-20 17:35"}
2024-07-27 21:19:11 查询号码 【1528128】，GSD为【"四川-雅安"】

2024-07-27 21:19:12 开始第 8227 次操作

2024-07-27 21:19:12 开始操作号码 【1528129】
2024-07-27 21:19:21 GSD getOne 第 1 次 等待 3 秒
2024-07-27 21:19:24 查询号码 【1528129】，返回信息 {"status":"ok","msg":"四川-雅安","gid":"19743","time_insert":"2017-11-03 08:50","time_update":"2020-10-20 17:40"}
2024-07-27 21:19:24 查询号码 【1528129】，GSD为【"四川-雅安"】

2024-07-27 21:19:25 开始第 8228 次操作

2024-07-27 21:19:25 开始操作号码 【1528130】
2024-07-27 21:19:33 GSD getOne 第 1 次 等待 3 秒
2024-07-27 21:19:36 查询号码 【1528130】，返回信息 {"status":"ok","msg":"四川-自贡","gid":"19744","time_insert":"2017-02-18 17:10","time_update":"2020-10-20 17:43"}
2024-07-27 21:19:36 查询号码 【1528130】，GSD为【"四川-自贡"】

2024-07-27 21:37:39 开始第 8229 次操作

2024-07-27 21:37:39 开始操作号码 【1528131】
2024-07-27 21:37:49 GSD getOne 第 1 次 等待 3 秒
2024-07-27 21:37:52 查询号码 【1528131】，返回信息 {"status":"ok","msg":"四川-自贡","gid":"19745","time_insert":"2014-03-11 13:11","time_update":"2020-10-20 17:47"}
2024-07-27 21:37:52 查询号码 【1528131】，GSD为【"四川-自贡"】

2024-07-27 21:37:53 开始第 8230 次操作

2024-07-27 21:37:53 开始操作号码 【1528132】
2024-07-27 21:38:03 GSD getOne 第 1 次 等待 3 秒
2024-07-27 21:38:06 查询号码 【1528132】，返回信息 {"status":"ok","msg":"四川-自贡","gid":"19746","time_insert":"2018-07-14 18:23","time_update":"2020-10-20 17:51"}
2024-07-27 21:38:06 查询号码 【1528132】，GSD为【"四川-自贡"】

2024-07-27 21:38:07 开始第 8231 次操作

2024-07-27 21:38:07 开始操作号码 【1528133】
2024-07-27 21:38:19 GSD getOne 第 1 次 等待 3 秒
2024-07-27 21:38:22 查询号码 【1528133】，返回信息 {"status":"ok","msg":"四川-自贡","gid":"19747","time_insert":"2018-05-08 10:03","time_update":"2020-10-20 17:55"}
2024-07-27 21:38:22 查询号码 【1528133】，GSD为【"四川-自贡"】

2024-07-27 21:38:23 开始第 8232 次操作

2024-07-27 21:38:23 开始操作号码 【1528134】
2024-07-27 21:38:34 GSD getOne 第 1 次 等待 3 秒
2024-07-27 21:38:37 查询号码 【1528134】，返回信息 {"status":"ok","msg":"四川-自贡","gid":"19748","time_insert":"2014-12-04 14:43","time_update":"2020-10-20 17:58"}
2024-07-27 21:38:37 查询号码 【1528134】，GSD为【"四川-自贡"】

2024-07-27 22:16:15 开始第 8233 次操作

2024-07-27 22:16:15 开始操作号码 【1528135】
2024-07-27 22:16:25 GSD getOne 第 1 次 等待 3 秒
2024-07-27 22:16:28 查询号码 【1528135】，返回信息 {"status":"ok","msg":"四川-自贡","gid":"19749","time_insert":"2018-01-26 15:12","time_update":"2020-10-20 17:59"}
2024-07-27 22:16:29 查询号码 【1528135】，GSD为【"四川-自贡"】

2024-07-27 22:16:30 开始第 8234 次操作

2024-07-27 22:16:30 开始操作号码 【1528136】
2024-07-27 22:16:42 GSD getOne 第 1 次 等待 3 秒
2024-07-27 22:16:45 查询号码 【1528136】，返回信息 {"status":"ok","msg":"四川-自贡","gid":"19750","time_insert":"2017-10-08 17:35","time_update":"2020-10-20 18:03"}
2024-07-27 22:16:45 查询号码 【1528136】，GSD为【"四川-自贡"】

2024-07-27 22:16:46 开始第 8235 次操作

2024-07-27 22:16:46 开始操作号码 【1528137】
2024-07-27 22:16:54 GSD getOne 第 1 次 等待 3 秒
2024-07-27 22:16:57 查询号码 【1528137】，返回信息 {"status":"ok","msg":"四川-自贡","gid":"19751","time_insert":"2018-07-05 20:32","time_update":"2020-10-20 18:06"}
2024-07-27 22:16:57 查询号码 【1528137】，GSD为【"四川-自贡"】

2024-07-27 22:16:58 开始第 8236 次操作

2024-07-27 22:16:58 开始操作号码 【1528138】
2024-07-27 22:17:06 GSD getOne 第 1 次 等待 3 秒
2024-07-27 22:17:09 查询号码 【1528138】，返回信息 {"status":"ok","msg":"四川-自贡","gid":"19752","time_insert":"2017-09-03 18:42","time_update":"2020-10-20 18:09"}
2024-07-27 22:17:09 查询号码 【1528138】，GSD为【"四川-自贡"】

