2023-10-27 00:21:06 开始第 5217 次操作

2023-10-27 00:21:06 开始操作号码 【1955135】
2023-10-27 00:21:09 GSD getOne 第 1 次 等待 3 秒
2023-10-27 00:21:12 查询号码 【1955135】，返回信息 {"status":"ok","msg":"江苏-连云港","gid":"515506","time_insert":"2021-08-17 17:54"}
2023-10-27 00:21:12 查询号码 【1955135】，GSD为【"江苏-连云港"】

2023-10-27 00:21:13 开始第 5218 次操作

2023-10-27 00:21:13 开始操作号码 【1955136】
2023-10-27 00:21:19 GSD getOne 第 1 次 等待 3 秒
2023-10-27 00:21:22 查询号码 【1955136】，返回信息 {"status":"ok","msg":"江苏-连云港","gid":"515523","time_insert":"2021-08-17 18:07"}
2023-10-27 00:21:22 查询号码 【1955136】，GSD为【"江苏-连云港"】

2023-10-27 00:21:23 开始第 5219 次操作

2023-10-27 00:21:23 开始操作号码 【1955137】
2023-10-27 00:21:42 GSD getOne 第 1 次 等待 3 秒
2023-10-27 00:21:45 查询号码 【1955137】，返回信息 {"status":"ok","msg":"江苏-连云港","gid":"515540","time_insert":"2021-08-17 18:18"}
2023-10-27 00:21:45 查询号码 【1955137】，GSD为【"江苏-连云港"】

2023-10-27 00:21:46 开始第 5220 次操作

2023-10-27 00:21:46 开始操作号码 【1955138】
2023-10-27 00:21:51 GSD getOne 第 1 次 等待 3 秒
2023-10-27 00:21:54 查询号码 【1955138】，返回信息 {"status":"ok","msg":"江苏-连云港","gid":"515556","time_insert":"2021-08-17 18:28"}
2023-10-27 00:21:55 查询号码 【1955138】，GSD为【"江苏-连云港"】

