2023-12-06 00:23:43 开始第 1601 次操作

2023-12-06 00:23:43 开始操作号码 【1851520】
2023-12-06 00:23:50 GSD getOne 第 1 次 等待 3 秒
2023-12-06 00:23:53 查询号码 【1851520】，返回信息 {"status":"ok","msg":"北京-北京","gid":"434922","time_insert":"2021-07-29 16:01"}
2023-12-06 00:23:53 查询号码 【1851520】，GSD为【"北京-北京"】

2023-12-06 00:23:54 开始第 1602 次操作

2023-12-06 00:23:54 开始操作号码 【1851521】
2023-12-06 00:23:57 GSD getOne 第 1 次 等待 3 秒
2023-12-06 00:24:00 查询号码 【1851521】，返回信息 {"status":"ok","msg":"北京-北京","gid":"435025","time_insert":"2021-07-29 16:15"}
2023-12-06 00:24:00 查询号码 【1851521】，GSD为【"北京-北京"】

2023-12-06 00:24:01 开始第 1603 次操作

2023-12-06 00:24:01 开始操作号码 【1851522】
2023-12-06 00:24:04 GSD getOne 第 1 次 等待 3 秒
2023-12-06 00:24:07 查询号码 【1851522】，返回信息 {"status":"ok","msg":"北京-北京","gid":"435070","time_insert":"2021-07-29 16:29"}
2023-12-06 00:24:08 查询号码 【1851522】，GSD为【"北京-北京"】

2023-12-06 00:24:09 开始第 1604 次操作

2023-12-06 00:24:09 开始操作号码 【1851523】
2023-12-06 00:24:12 GSD getOne 第 1 次 等待 3 秒
2023-12-06 00:24:15 查询号码 【1851523】，返回信息 {"status":"ok","msg":"北京-北京","gid":"435122","time_insert":"2021-07-29 16:43"}
2023-12-06 00:24:15 查询号码 【1851523】，GSD为【"北京-北京"】

2023-12-06 00:41:38 开始第 1605 次操作

2023-12-06 00:41:38 开始操作号码 【1851524】
2023-12-06 00:41:44 GSD getOne 第 1 次 等待 3 秒
2023-12-06 00:41:47 查询号码 【1851524】，返回信息 {"status":"ok","msg":"北京-北京","gid":"435269","time_insert":"2021-07-29 16:57"}
2023-12-06 00:41:47 查询号码 【1851524】，GSD为【"北京-北京"】

2023-12-06 00:41:48 开始第 1606 次操作

2023-12-06 00:41:48 开始操作号码 【1851525】
2023-12-06 00:41:52 GSD getOne 第 1 次 等待 3 秒
2023-12-06 00:41:55 查询号码 【1851525】，返回信息 {"status":"ok","msg":"北京-北京","gid":"435453","time_insert":"2021-07-29 17:11"}
2023-12-06 00:41:55 查询号码 【1851525】，GSD为【"北京-北京"】

2023-12-06 00:41:56 开始第 1607 次操作

2023-12-06 00:41:56 开始操作号码 【1851526】
2023-12-06 00:42:01 GSD getOne 第 1 次 等待 3 秒
2023-12-06 00:42:04 查询号码 【1851526】，返回信息 {"status":"ok","msg":"北京-北京","gid":"435530","time_insert":"2021-07-29 17:26"}
2023-12-06 00:42:04 查询号码 【1851526】，GSD为【"北京-北京"】

2023-12-06 00:42:05 开始第 1608 次操作

2023-12-06 00:42:05 开始操作号码 【1851527】
2023-12-06 00:42:10 GSD getOne 第 1 次 等待 3 秒
2023-12-06 00:42:13 查询号码 【1851527】，返回信息 {"status":"ok","msg":"北京-北京","gid":"435567","time_insert":"2021-07-29 17:39"}
2023-12-06 00:42:13 查询号码 【1851527】，GSD为【"北京-北京"】

