2024-02-08 00:21:45 开始第 2469 次操作

2024-02-08 00:21:45 开始操作号码 【1742387】
2024-02-08 00:21:50 GSD getOne 第 1 次 等待 3 秒
2024-02-08 00:21:53 查询号码 【1742387】，返回信息 {"status":"ok","msg":"-","gid":"158670","time_insert":"2021-06-30 05:57"}
2024-02-08 00:21:54 查询号码 【1742387】，GSD为【"-"】
2024-02-08 00:21:54 ok && -
2024-02-08 00:21:57 CHB 1742387?1707322914 第 1 次 等待 3 秒
2024-02-08 00:22:00 CHB 1742387?1707322914 第 1 次 获取到号码【1742387】GSD
2024-02-08 00:22:00 未获取到号码【1742387】GSD，可能号码格式错误
2024-02-08 00:22:00 获取到号码【1742387】的GSD为【-】
2024-02-08 00:22:04 GSD insert 第 1 次 等待 3 秒
2024-02-08 00:22:07 {"status":"bad","gid":"158670","msg":"添加失败！号码【1742387(-|-)】已存在！"}
2024-02-08 00:22:07 随机等待 172 秒，约 2 分钟
2024-02-08 00:22:07 下次操作: 2024-02-08 00:24:59

2024-02-08 00:24:59 开始第 2470 次操作

2024-02-08 00:24:59 开始操作号码 【1742388】
2024-02-08 00:25:03 GSD getOne 第 1 次 等待 3 秒
2024-02-08 00:25:06 查询号码 【1742388】，返回信息 {"status":"ok","msg":"-","gid":"158674","time_insert":"2021-06-30 05:57"}
2024-02-08 00:25:06 查询号码 【1742388】，GSD为【"-"】
2024-02-08 00:25:06 ok && -
2024-02-08 00:25:09 CHB 1742388?1707323106 第 1 次 等待 3 秒
2024-02-08 00:25:12 CHB 1742388?1707323106 第 1 次 获取到号码【1742388】GSD
2024-02-08 00:25:12 未获取到号码【1742388】GSD，可能号码格式错误
2024-02-08 00:25:12 获取到号码【1742388】的GSD为【-】
2024-02-08 00:25:17 GSD insert 第 1 次 等待 3 秒
2024-02-08 00:25:20 {"status":"bad","gid":"158674","msg":"添加失败！号码【1742388(-|-)】已存在！"}
2024-02-08 00:25:20 随机等待 233 秒，约 3 分钟
2024-02-08 00:25:20 下次操作: 2024-02-08 00:29:13

2024-02-08 00:29:13 开始第 2471 次操作

2024-02-08 00:29:13 开始操作号码 【1742389】
2024-02-08 00:29:20 GSD getOne 第 1 次 等待 3 秒
2024-02-08 00:29:23 查询号码 【1742389】，返回信息 {"status":"ok","msg":"-","gid":"158684","time_insert":"2021-06-30 05:58"}
2024-02-08 00:29:23 查询号码 【1742389】，GSD为【"-"】
2024-02-08 00:29:23 ok && -
2024-02-08 00:29:26 CHB 1742389?1707323363 第 1 次 等待 3 秒
2024-02-08 00:29:29 CHB 1742389?1707323363 第 1 次 获取到号码【1742389】GSD
2024-02-08 00:29:29 未获取到号码【1742389】GSD，可能号码格式错误
2024-02-08 00:29:29 获取到号码【1742389】的GSD为【-】
2024-02-08 00:29:34 GSD insert 第 1 次 等待 3 秒
2024-02-08 00:29:37 {"status":"bad","gid":"158684","msg":"添加失败！号码【1742389(-|-)】已存在！"}
2024-02-08 00:29:37 随机等待 233 秒，约 3 分钟
2024-02-08 00:29:37 下次操作: 2024-02-08 00:33:30

2024-02-08 00:33:30 开始第 2472 次操作

2024-02-08 00:33:30 开始操作号码 【1742390】
2024-02-08 00:33:34 GSD getOne 第 1 次 等待 3 秒
2024-02-08 00:33:37 查询号码 【1742390】，返回信息 {"status":"ok","msg":"-","gid":"158701","time_insert":"2021-06-30 06:00"}
2024-02-08 00:33:37 查询号码 【1742390】，GSD为【"-"】
2024-02-08 00:33:37 ok && -
2024-02-08 00:33:41 CHB 1742390?1707323617 第 1 次 等待 3 秒
2024-02-08 00:33:44 CHB 1742390?1707323617 第 1 次 获取到号码【1742390】GSD
2024-02-08 00:33:44 未获取到号码【1742390】GSD，可能号码格式错误
2024-02-08 00:33:44 获取到号码【1742390】的GSD为【-】
2024-02-08 00:33:49 GSD insert 第 1 次 等待 3 秒
2024-02-08 00:33:52 {"status":"bad","gid":"158701","msg":"添加失败！号码【1742390(-|-)】已存在！"}

