2024-05-09 00:22:01 开始第 7769 次操作

2024-05-09 00:22:01 开始操作号码 【1637685】
2024-05-09 00:22:09 GSD getOne 第 1 次 等待 3 秒
2024-05-09 00:22:12 查询号码 【1637685】，返回信息 {"status":"ok","msg":"-","gid":"688192","time_insert":"2023-05-01 08:28"}
2024-05-09 00:22:12 查询号码 【1637685】，GSD为【"-"】
2024-05-09 00:22:12 ok && -
2024-05-09 00:22:14 CHB 1637685?1715185332 第 1 次 等待 3 秒
2024-05-09 00:22:17 CHB 1637685?1715185332 第 1 次 获取到号码【1637685】GSD
2024-05-09 00:22:17 未获取到号码【1637685】GSD，可能号码格式错误
2024-05-09 00:22:17 获取到号码【1637685】的GSD为【-】
2024-05-09 00:22:24 GSD insert 第 1 次 等待 3 秒
2024-05-09 00:22:27 {"status":"bad","gid":"688192","msg":"添加失败！号码【1637685(-|-)】已存在！"}
2024-05-09 00:22:27 随机等待 225 秒，约 3 分钟
2024-05-09 00:22:27 下次操作: 2024-05-09 00:26:12

2024-05-09 00:26:12 开始第 7770 次操作

2024-05-09 00:26:12 开始操作号码 【1637686】
2024-05-09 00:26:17 GSD getOne 第 1 次 等待 3 秒
2024-05-09 00:26:20 查询号码 【1637686】，返回信息 {"status":"ok","msg":"-","gid":"688208","time_insert":"2023-05-01 08:47"}
2024-05-09 00:26:20 查询号码 【1637686】，GSD为【"-"】
2024-05-09 00:26:20 ok && -
2024-05-09 00:26:23 CHB 1637686?1715185580 第 1 次 等待 3 秒
2024-05-09 00:26:26 CHB 1637686?1715185580 第 1 次 获取到号码【1637686】GSD
2024-05-09 00:26:26 未获取到号码【1637686】GSD，可能号码格式错误
2024-05-09 00:26:26 获取到号码【1637686】的GSD为【-】
2024-05-09 00:26:32 GSD insert 第 1 次 等待 3 秒
2024-05-09 00:26:35 {"status":"bad","gid":"688208","msg":"添加失败！号码【1637686(-|-)】已存在！"}
2024-05-09 00:26:35 随机等待 77 秒，约 1 分钟
2024-05-09 00:26:35 下次操作: 2024-05-09 00:27:52

2024-05-09 00:27:52 开始第 7771 次操作

2024-05-09 00:27:52 开始操作号码 【1637687】
2024-05-09 00:27:57 GSD getOne 第 1 次 等待 3 秒
2024-05-09 00:28:00 查询号码 【1637687】，返回信息 {"status":"ok","msg":"-","gid":"688220","time_insert":"2023-05-01 09:04"}
2024-05-09 00:28:00 查询号码 【1637687】，GSD为【"-"】
2024-05-09 00:28:00 ok && -
2024-05-09 00:28:02 CHB 1637687?1715185680 第 1 次 等待 3 秒
2024-05-09 00:28:05 CHB 1637687?1715185680 第 1 次 获取到号码【1637687】GSD
2024-05-09 00:28:05 未获取到号码【1637687】GSD，可能号码格式错误
2024-05-09 00:28:05 获取到号码【1637687】的GSD为【-】
2024-05-09 00:28:13 GSD insert 第 1 次 等待 3 秒
2024-05-09 00:28:16 {"status":"bad","gid":"688220","msg":"添加失败！号码【1637687(-|-)】已存在！"}
2024-05-09 00:28:16 随机等待 74 秒，约 1 分钟
2024-05-09 00:28:16 下次操作: 2024-05-09 00:29:30

2024-05-09 00:29:30 开始第 7772 次操作

2024-05-09 00:29:30 开始操作号码 【1637688】
2024-05-09 00:29:35 GSD getOne 第 1 次 等待 3 秒
2024-05-09 00:29:38 查询号码 【1637688】，返回信息 {"status":"ok","msg":"-","gid":"688239","time_insert":"2023-05-01 09:27"}
2024-05-09 00:29:38 查询号码 【1637688】，GSD为【"-"】
2024-05-09 00:29:38 ok && -
2024-05-09 00:29:40 CHB 1637688?1715185778 第 1 次 等待 3 秒
2024-05-09 00:29:43 CHB 1637688?1715185778 第 1 次 获取到号码【1637688】GSD
2024-05-09 00:29:43 未获取到号码【1637688】GSD，可能号码格式错误
2024-05-09 00:29:43 获取到号码【1637688】的GSD为【-】
2024-05-09 00:29:48 GSD insert 第 1 次 等待 3 秒
2024-05-09 00:29:51 {"status":"bad","gid":"688239","msg":"添加失败！号码【1637688(-|-)】已存在！"}

2024-05-09 00:42:08 开始第 7773 次操作

2024-05-09 00:42:08 开始操作号码 【1637689】
2024-05-09 00:42:27 GSD getOne 第 1 次 等待 3 秒
2024-05-09 00:42:30 查询号码 【1637689】，返回信息 {"status":"ok","msg":"-","gid":"688247","time_insert":"2023-05-01 09:37"}
2024-05-09 00:42:31 查询号码 【1637689】，GSD为【"-"】
2024-05-09 00:42:31 ok && -
2024-05-09 00:42:33 CHB 1637689?1715186551 第 1 次 等待 3 秒
2024-05-09 00:42:36 CHB 1637689?1715186551 第 1 次 获取到号码【1637689】GSD
2024-05-09 00:42:36 未获取到号码【1637689】GSD，可能号码格式错误
2024-05-09 00:42:36 获取到号码【1637689】的GSD为【-】
2024-05-09 00:42:49 GSD insert 第 1 次 等待 3 秒
2024-05-09 00:42:52 {"status":"bad","gid":"688247","msg":"添加失败！号码【1637689(-|-)】已存在！"}
2024-05-09 00:42:52 随机等待 228 秒，约 3 分钟
2024-05-09 00:42:52 下次操作: 2024-05-09 00:46:40

2024-05-09 00:46:40 开始第 7774 次操作

2024-05-09 00:46:40 开始操作号码 【1637690】
2024-05-09 00:46:45 GSD getOne 第 1 次 等待 3 秒
2024-05-09 00:46:48 查询号码 【1637690】，返回信息 {"status":"ok","msg":"-","gid":"688264","time_insert":"2023-05-01 10:00"}
2024-05-09 00:46:48 查询号码 【1637690】，GSD为【"-"】
2024-05-09 00:46:48 ok && -
2024-05-09 00:46:50 CHB 1637690?1715186808 第 1 次 等待 3 秒
2024-05-09 00:46:53 CHB 1637690?1715186808 第 1 次 获取到号码【1637690】GSD
2024-05-09 00:46:53 未获取到号码【1637690】GSD，可能号码格式错误
2024-05-09 00:46:53 获取到号码【1637690】的GSD为【-】
2024-05-09 00:46:59 GSD insert 第 1 次 等待 3 秒
2024-05-09 00:47:02 {"status":"bad","gid":"688264","msg":"添加失败！号码【1637690(-|-)】已存在！"}
2024-05-09 00:47:02 随机等待 191 秒，约 3 分钟
2024-05-09 00:47:02 下次操作: 2024-05-09 00:50:13

2024-05-09 00:50:13 开始第 7775 次操作

2024-05-09 00:50:13 开始操作号码 【1637691】
2024-05-09 00:50:19 GSD getOne 第 1 次 等待 3 秒
2024-05-09 00:50:22 查询号码 【1637691】，返回信息 {"status":"ok","msg":"-","gid":"688279","time_insert":"2023-05-01 10:16"}
2024-05-09 00:50:22 查询号码 【1637691】，GSD为【"-"】
2024-05-09 00:50:22 ok && -
2024-05-09 00:50:24 CHB 1637691?1715187022 第 1 次 等待 3 秒
2024-05-09 00:50:27 CHB 1637691?1715187022 第 1 次 获取到号码【1637691】GSD
2024-05-09 00:50:27 未获取到号码【1637691】GSD，可能号码格式错误
2024-05-09 00:50:27 获取到号码【1637691】的GSD为【-】
2024-05-09 00:50:37 GSD insert 第 1 次 等待 3 秒
2024-05-09 00:50:40 {"status":"bad","gid":"688279","msg":"添加失败！号码【1637691(-|-)】已存在！"}
2024-05-09 00:50:40 随机等待 200 秒，约 3 分钟
2024-05-09 00:50:40 下次操作: 2024-05-09 00:54:00

2024-05-09 00:54:00 开始第 7776 次操作

2024-05-09 00:54:00 开始操作号码 【1637692】
2024-05-09 00:54:07 GSD getOne 第 1 次 等待 3 秒
2024-05-09 00:54:10 查询号码 【1637692】，返回信息 {"status":"ok","msg":"-","gid":"688288","time_insert":"2023-05-01 10:27"}
2024-05-09 00:54:10 查询号码 【1637692】，GSD为【"-"】
2024-05-09 00:54:10 ok && -
2024-05-09 00:54:12 CHB 1637692?1715187250 第 1 次 等待 3 秒
2024-05-09 00:54:15 CHB 1637692?1715187250 第 1 次 获取到号码【1637692】GSD
2024-05-09 00:54:15 未获取到号码【1637692】GSD，可能号码格式错误
2024-05-09 00:54:15 获取到号码【1637692】的GSD为【-】
2024-05-09 00:54:21 GSD insert 第 1 次 等待 3 秒
2024-05-09 00:54:24 {"status":"bad","gid":"688288","msg":"添加失败！号码【1637692(-|-)】已存在！"}

2024-05-09 01:14:55 开始第 7777 次操作

2024-05-09 01:14:55 开始操作号码 【1637693】
2024-05-09 01:15:02 GSD getOne 第 1 次 等待 3 秒
2024-05-09 01:15:05 查询号码 【1637693】，返回信息 {"status":"ok","msg":"-","gid":"688295","time_insert":"2023-05-01 10:39"}
2024-05-09 01:15:05 查询号码 【1637693】，GSD为【"-"】
2024-05-09 01:15:05 ok && -
2024-05-09 01:15:07 CHB 1637693?1715188505 第 1 次 等待 3 秒
2024-05-09 01:15:10 CHB 1637693?1715188505 第 1 次 获取到号码【1637693】GSD
2024-05-09 01:15:10 未获取到号码【1637693】GSD，可能号码格式错误
2024-05-09 01:15:10 获取到号码【1637693】的GSD为【-】
2024-05-09 01:15:16 GSD insert 第 1 次 等待 3 秒
2024-05-09 01:15:19 {"status":"bad","gid":"688295","msg":"添加失败！号码【1637693(-|-)】已存在！"}
2024-05-09 01:15:19 随机等待 84 秒，约 1 分钟
2024-05-09 01:15:19 下次操作: 2024-05-09 01:16:43

2024-05-09 01:16:43 开始第 7778 次操作

2024-05-09 01:16:43 开始操作号码 【1637694】
2024-05-09 01:16:50 GSD getOne 第 1 次 等待 3 秒
2024-05-09 01:16:53 查询号码 【1637694】，返回信息 {"status":"ok","msg":"-","gid":"688310","time_insert":"2023-05-01 11:00"}
2024-05-09 01:16:53 查询号码 【1637694】，GSD为【"-"】
2024-05-09 01:16:53 ok && -
2024-05-09 01:16:55 CHB 1637694?1715188613 第 1 次 等待 3 秒
2024-05-09 01:16:58 CHB 1637694?1715188613 第 1 次 获取到号码【1637694】GSD
2024-05-09 01:16:58 未获取到号码【1637694】GSD，可能号码格式错误
2024-05-09 01:16:58 获取到号码【1637694】的GSD为【-】
2024-05-09 01:17:04 GSD insert 第 1 次 等待 3 秒
2024-05-09 01:17:07 {"status":"bad","gid":"688310","msg":"添加失败！号码【1637694(-|-)】已存在！"}
2024-05-09 01:17:07 随机等待 91 秒，约 1 分钟
2024-05-09 01:17:07 下次操作: 2024-05-09 01:18:38

2024-05-09 01:18:38 开始第 7779 次操作

2024-05-09 01:18:38 开始操作号码 【1637695】
2024-05-09 01:18:43 GSD getOne 第 1 次 等待 3 秒
2024-05-09 01:18:46 查询号码 【1637695】，返回信息 {"status":"ok","msg":"-","gid":"688319","time_insert":"2023-05-01 11:09"}
2024-05-09 01:18:46 查询号码 【1637695】，GSD为【"-"】
2024-05-09 01:18:46 ok && -
2024-05-09 01:18:48 CHB 1637695?1715188726 第 1 次 等待 3 秒
2024-05-09 01:18:51 CHB 1637695?1715188726 第 1 次 获取到号码【1637695】GSD
2024-05-09 01:18:51 未获取到号码【1637695】GSD，可能号码格式错误
2024-05-09 01:18:51 获取到号码【1637695】的GSD为【-】
2024-05-09 01:18:57 GSD insert 第 1 次 等待 3 秒
2024-05-09 01:19:00 {"status":"bad","gid":"688319","msg":"添加失败！号码【1637695(-|-)】已存在！"}
2024-05-09 01:19:00 随机等待 186 秒，约 3 分钟
2024-05-09 01:19:00 下次操作: 2024-05-09 01:22:06

2024-05-09 01:22:06 开始第 7780 次操作

2024-05-09 01:22:06 开始操作号码 【1637696】
2024-05-09 01:22:10 GSD getOne 第 1 次 等待 3 秒
2024-05-09 01:22:13 查询号码 【1637696】，返回信息 {"status":"ok","msg":"-","gid":"688333","time_insert":"2023-05-01 11:29"}
2024-05-09 01:22:14 查询号码 【1637696】，GSD为【"-"】
2024-05-09 01:22:14 ok && -
2024-05-09 01:22:16 CHB 1637696?1715188934 第 1 次 等待 3 秒
2024-05-09 01:22:19 CHB 1637696?1715188934 第 1 次 获取到号码【1637696】GSD
2024-05-09 01:22:19 未获取到号码【1637696】GSD，可能号码格式错误
2024-05-09 01:22:19 获取到号码【1637696】的GSD为【-】
2024-05-09 01:22:24 GSD insert 第 1 次 等待 3 秒
2024-05-09 01:22:27 {"status":"bad","gid":"688333","msg":"添加失败！号码【1637696(-|-)】已存在！"}

