2024-07-28 00:22:26 开始第 8249 次操作

2024-07-28 00:22:26 开始操作号码 【1528151】
2024-07-28 00:22:34 GSD getOne 第 1 次 等待 3 秒
2024-07-28 00:22:37 查询号码 【1528151】，返回信息 {"status":"ok","msg":"四川-阿坝","gid":"19765","time_insert":"2019-02-07 23:15","time_update":"2020-10-20 18:56"}
2024-07-28 00:22:37 查询号码 【1528151】，GSD为【"四川-阿坝"】

2024-07-28 00:22:38 开始第 8250 次操作

2024-07-28 00:22:38 开始操作号码 【1528152】
2024-07-28 00:22:47 GSD getOne 第 1 次 等待 3 秒
2024-07-28 00:22:50 查询号码 【1528152】，返回信息 {"status":"ok","msg":"四川-阿坝","gid":"19766","time_insert":"2017-05-30 14:16","time_update":"2020-10-20 19:00"}
2024-07-28 00:22:50 查询号码 【1528152】，GSD为【"四川-阿坝"】

2024-07-28 00:22:51 开始第 8251 次操作

2024-07-28 00:22:51 开始操作号码 【1528153】
2024-07-28 00:22:59 GSD getOne 第 1 次 等待 3 秒
2024-07-28 00:23:02 查询号码 【1528153】，返回信息 {"status":"ok","msg":"四川-阿坝","gid":"19767","time_insert":"2018-04-26 15:35","time_update":"2020-10-20 19:03"}
2024-07-28 00:23:02 查询号码 【1528153】，GSD为【"四川-阿坝"】

2024-07-28 00:23:03 开始第 8252 次操作

2024-07-28 00:23:03 开始操作号码 【1528154】
2024-07-28 00:23:11 GSD getOne 第 1 次 等待 3 秒
2024-07-28 00:23:14 查询号码 【1528154】，返回信息 {"status":"ok","msg":"四川-阿坝","gid":"19768","time_insert":"2017-10-14 10:20","time_update":"2020-10-20 19:07"}
2024-07-28 00:23:14 查询号码 【1528154】，GSD为【"四川-阿坝"】

