2024-09-10 00:12:29 开始第 3805 次操作

2024-09-10 00:12:29 开始操作号码 【1413803】
2024-09-10 00:12:37 GSD getOne 第 1 次 等待 3 秒
2024-09-10 00:12:40 查询号码 【1413803】，返回信息 {"status":"ok","msg":"-","gid":"591509","time_insert":"2023-03-15 04:07"}
2024-09-10 00:12:40 查询号码 【1413803】，GSD为【"-"】
2024-09-10 00:12:40 ok && -
2024-09-10 00:14:22 CHB 1413803?1725898360 第 1 次 等待 3 秒
2024-09-10 00:14:25 CHB 1413803?1725898360 第 1 次 获取到号码【1413803】GSD
2024-09-10 00:14:25 未获取到号码【1413803】GSD，可能号码格式错误
2024-09-10 00:14:25 获取到号码【1413803】的GSD为【-】
2024-09-10 00:14:44 GSD insert 第 1 次 等待 3 秒
2024-09-10 00:14:47 {"status":"bad","gid":"591509","msg":"添加失败！号码【1413803(-|-)】已存在！"}
2024-09-10 00:14:47 随机等待 194 秒，约 3 分钟
2024-09-10 00:14:47 下次操作: 2024-09-10 00:18:01

2024-09-10 00:18:01 开始第 3806 次操作

2024-09-10 00:18:01 开始操作号码 【1413804】
2024-09-10 00:18:11 GSD getOne 第 1 次 等待 3 秒
2024-09-10 00:18:14 查询号码 【1413804】，返回信息 {"status":"ok","msg":"-","gid":"591527","time_insert":"2023-03-15 04:22"}
2024-09-10 00:18:14 查询号码 【1413804】，GSD为【"-"】
2024-09-10 00:18:14 ok && -
2024-09-10 00:18:17 CHB 1413804?1725898694 第 1 次 等待 3 秒
2024-09-10 00:18:20 CHB 1413804?1725898694 第 1 次 获取到号码【1413804】GSD
2024-09-10 00:18:20 未获取到号码【1413804】GSD，可能号码格式错误
2024-09-10 00:18:20 获取到号码【1413804】的GSD为【-】
2024-09-10 00:18:28 GSD insert 第 1 次 等待 3 秒
2024-09-10 00:18:31 {"status":"bad","gid":"591527","msg":"添加失败！号码【1413804(-|-)】已存在！"}
2024-09-10 00:18:31 随机等待 232 秒，约 3 分钟
2024-09-10 00:18:31 下次操作: 2024-09-10 00:22:23

2024-09-10 00:22:23 开始第 3807 次操作

2024-09-10 00:22:23 开始操作号码 【1413805】
2024-09-10 00:22:30 GSD getOne 第 1 次 等待 3 秒
2024-09-10 00:22:33 查询号码 【1413805】，返回信息 {"status":"ok","msg":"-","gid":"591555","time_insert":"2023-03-15 04:42"}
2024-09-10 00:22:34 查询号码 【1413805】，GSD为【"-"】
2024-09-10 00:22:34 ok && -
2024-09-10 00:22:36 CHB 1413805?1725898954 第 1 次 等待 3 秒
2024-09-10 00:22:39 CHB 1413805?1725898954 第 1 次 获取到号码【1413805】GSD
2024-09-10 00:22:39 未获取到号码【1413805】GSD，可能号码格式错误
2024-09-10 00:22:39 获取到号码【1413805】的GSD为【-】
2024-09-10 00:22:47 GSD insert 第 1 次 等待 3 秒
2024-09-10 00:22:50 {"status":"bad","gid":"591555","msg":"添加失败！号码【1413805(-|-)】已存在！"}
2024-09-10 00:22:50 随机等待 121 秒，约 2 分钟
2024-09-10 00:22:50 下次操作: 2024-09-10 00:24:51

2024-09-10 00:24:51 开始第 3808 次操作

2024-09-10 00:24:51 开始操作号码 【1413806】
2024-09-10 00:25:00 GSD getOne 第 1 次 等待 3 秒
2024-09-10 00:25:03 查询号码 【1413806】，返回信息 {"status":"ok","msg":"-","gid":"591590","time_insert":"2023-03-15 05:01"}
2024-09-10 00:25:03 查询号码 【1413806】，GSD为【"-"】
2024-09-10 00:25:03 ok && -
2024-09-10 00:26:58 CHB 1413806?1725899103 第 1 次 等待 3 秒
2024-09-10 00:27:01 CHB 1413806?1725899103 第 1 次 获取到号码【1413806】GSD
2024-09-10 00:27:01 未获取到号码【1413806】GSD，可能号码格式错误
2024-09-10 00:27:01 获取到号码【1413806】的GSD为【-】
2024-09-10 00:27:10 GSD insert 第 1 次 等待 3 秒
2024-09-10 00:27:13 {"status":"bad","gid":"591590","msg":"添加失败！号码【1413806(-|-)】已存在！"}

