2023-10-24 00:20:46 开始第 4689 次操作

2023-10-24 00:20:46 开始操作号码 【1954607】
2023-10-24 00:21:13 GSD getOne 第 1 次 等待 3 秒
2023-10-24 00:21:16 查询号码 【1954607】，返回信息 {"status":"ok","msg":"山东-滨州","gid":"513437","time_insert":"2021-08-16 18:17"}
2023-10-24 00:21:16 查询号码 【1954607】，GSD为【"山东-滨州"】

2023-10-24 00:21:17 开始第 4690 次操作

2023-10-24 00:21:17 开始操作号码 【1954608】
2023-10-24 00:21:21 GSD getOne 第 1 次 等待 3 秒
2023-10-24 00:21:24 查询号码 【1954608】，返回信息 {"status":"ok","msg":"山东-滨州","gid":"513453","time_insert":"2021-08-16 18:28"}
2023-10-24 00:21:24 查询号码 【1954608】，GSD为【"山东-滨州"】

2023-10-24 00:21:25 开始第 4691 次操作

2023-10-24 00:21:25 开始操作号码 【1954609】
2023-10-24 00:21:29 GSD getOne 第 1 次 等待 3 秒
2023-10-24 00:21:32 查询号码 【1954609】，返回信息 {"status":"ok","msg":"山东-滨州","gid":"513469","time_insert":"2021-08-16 18:42"}
2023-10-24 00:21:32 查询号码 【1954609】，GSD为【"山东-滨州"】

2023-10-24 00:21:33 开始第 4692 次操作

2023-10-24 00:21:33 开始操作号码 【1954610】
2023-10-24 00:21:43 GSD getOne 第 1 次 等待 3 秒
2023-10-24 00:21:46 查询号码 【1954610】，返回信息 {"status":"ok","msg":"山东-济南","gid":"513484","time_insert":"2021-08-16 18:52"}
2023-10-24 00:21:46 查询号码 【1954610】，GSD为【"山东-济南"】

2023-10-24 00:39:38 开始第 4693 次操作

2023-10-24 00:39:38 开始操作号码 【1954611】
2023-10-24 00:39:41 GSD getOne 第 1 次 等待 3 秒
2023-10-24 00:39:44 查询号码 【1954611】，返回信息 {"status":"ok","msg":"山东-济南","gid":"513500","time_insert":"2021-08-16 19:06"}
2023-10-24 00:39:44 查询号码 【1954611】，GSD为【"山东-济南"】

2023-10-24 00:39:45 开始第 4694 次操作

2023-10-24 00:39:45 开始操作号码 【1954612】
2023-10-24 00:39:47 GSD getOne 第 1 次 等待 3 秒
2023-10-24 00:39:50 查询号码 【1954612】，返回信息 {"status":"ok","msg":"山东-济南","gid":"513514","time_insert":"2021-08-16 19:17"}
2023-10-24 00:39:50 查询号码 【1954612】，GSD为【"山东-济南"】

2023-10-24 00:39:51 开始第 4695 次操作

2023-10-24 00:39:51 开始操作号码 【1954613】
2023-10-24 00:39:58 GSD getOne 第 1 次 等待 3 秒
2023-10-24 00:40:01 查询号码 【1954613】，返回信息 {"status":"ok","msg":"山东-济南","gid":"513533","time_insert":"2021-08-16 19:29"}
2023-10-24 00:40:01 查询号码 【1954613】，GSD为【"山东-济南"】

2023-10-24 00:40:02 开始第 4696 次操作

2023-10-24 00:40:02 开始操作号码 【1954614】
2023-10-24 00:40:11 GSD getOne 第 1 次 等待 3 秒
2023-10-24 00:40:14 查询号码 【1954614】，返回信息 {"status":"ok","msg":"山东-济南","gid":"513549","time_insert":"2021-08-16 19:42"}
2023-10-24 00:40:14 查询号码 【1954614】，GSD为【"山东-济南"】

2023-10-24 01:13:14 开始第 4697 次操作

2023-10-24 01:13:14 开始操作号码 【1954615】
2023-10-24 01:13:17 GSD getOne 第 1 次 等待 3 秒
2023-10-24 01:13:20 查询号码 【1954615】，返回信息 {"status":"ok","msg":"山东-济南","gid":"513563","time_insert":"2021-08-16 19:52"}
2023-10-24 01:13:20 查询号码 【1954615】，GSD为【"山东-济南"】

2023-10-24 01:13:21 开始第 4698 次操作

2023-10-24 01:13:21 开始操作号码 【1954616】
2023-10-24 01:13:24 GSD getOne 第 1 次 等待 3 秒
2023-10-24 01:13:27 查询号码 【1954616】，返回信息 {"status":"ok","msg":"山东-日照","gid":"513579","time_insert":"2021-08-16 20:04"}
2023-10-24 01:13:27 查询号码 【1954616】，GSD为【"山东-日照"】

2023-10-24 01:13:28 开始第 4699 次操作

2023-10-24 01:13:28 开始操作号码 【1954617】
2023-10-24 01:13:33 GSD getOne 第 1 次 等待 3 秒
2023-10-24 01:13:36 查询号码 【1954617】，返回信息 {"status":"ok","msg":"山东-日照","gid":"513597","time_insert":"2021-08-16 20:18"}
2023-10-24 01:13:36 查询号码 【1954617】，GSD为【"山东-日照"】

2023-10-24 01:13:37 开始第 4700 次操作

2023-10-24 01:13:37 开始操作号码 【1954618】
2023-10-24 01:13:40 GSD getOne 第 1 次 等待 3 秒
2023-10-24 01:13:43 查询号码 【1954618】，返回信息 {"status":"ok","msg":"山东-日照","gid":"513612","time_insert":"2021-08-16 20:28"}
2023-10-24 01:13:43 查询号码 【1954618】，GSD为【"山东-日照"】

