2024-07-01 00:22:40 开始第 3537 次操作

2024-07-01 00:22:40 开始操作号码 【1523439】
2024-07-01 00:22:55 GSD getOne 第 1 次 等待 3 秒
2024-07-01 00:22:58 查询号码 【1523439】，返回信息 {"status":"ok","msg":"山西-吕梁","gid":"214789","time_insert":"2021-07-07 15:00"}
2024-07-01 00:22:58 查询号码 【1523439】，GSD为【"山西-吕梁"】

2024-07-01 00:22:59 开始第 3538 次操作

2024-07-01 00:22:59 开始操作号码 【1523440】
2024-07-01 00:23:12 GSD getOne 第 1 次 等待 3 秒
2024-07-01 00:23:15 查询号码 【1523440】，返回信息 {"status":"ok","msg":"山西-晋中","gid":"214930","time_insert":"2021-07-07 15:16"}
2024-07-01 00:23:15 查询号码 【1523440】，GSD为【"山西-晋中"】

2024-07-01 00:23:16 开始第 3539 次操作

2024-07-01 00:23:16 开始操作号码 【1523441】
2024-07-01 00:23:30 GSD getOne 第 1 次 等待 3 秒
2024-07-01 00:23:33 查询号码 【1523441】，返回信息 {"status":"ok","msg":"山西-晋中","gid":"19236","time_insert":"2016-06-08 14:50","time_update":"2020-08-19 16:06"}
2024-07-01 00:23:33 查询号码 【1523441】，GSD为【"山西-晋中"】

2024-07-01 00:23:34 开始第 3540 次操作

2024-07-01 00:23:34 开始操作号码 【1523442】
2024-07-01 00:23:49 GSD getOne 第 1 次 等待 3 秒
2024-07-01 00:23:52 查询号码 【1523442】，返回信息 {"status":"ok","msg":"山西-晋中","gid":"214998","time_insert":"2021-07-07 15:32"}
2024-07-01 00:23:52 查询号码 【1523442】，GSD为【"山西-晋中"】

