2023-11-22 00:23:57 开始第 9793 次操作

2023-11-22 00:23:57 开始操作号码 【1959711】
2023-11-22 00:24:02 GSD getOne 第 1 次 等待 3 秒
2023-11-22 00:24:05 查询号码 【1959711】，返回信息 {"status":"ok","msg":"-","gid":"447548","time_insert":"2021-07-30 19:08"}
2023-11-22 00:24:05 查询号码 【1959711】，GSD为【"-"】
2023-11-22 00:24:05 ok && -
2023-11-22 00:24:08 CHB 1959711?1700583845 第 1 次 等待 3 秒
2023-11-22 00:24:11 CHB 1959711?1700583845 第 1 次 获取到号码【1959711】GSD
2023-11-22 00:24:11 未获取到号码【1959711】GSD，可能号码格式错误
2023-11-22 00:24:11 获取到号码【1959711】的GSD为【-】
2023-11-22 00:24:20 GSD insert 第 1 次 等待 3 秒
2023-11-22 00:24:23 {"status":"bad","gid":"447548","msg":"添加失败！号码【1959711(-|-)】已存在！"}
2023-11-22 00:24:23 随机等待 105 秒，约 1 分钟
2023-11-22 00:24:23 下次操作: 2023-11-22 00:26:08

2023-11-22 00:26:08 开始第 9794 次操作

2023-11-22 00:26:08 开始操作号码 【1959712】
2023-11-22 00:26:12 GSD getOne 第 1 次 等待 3 秒
2023-11-22 00:26:15 查询号码 【1959712】，返回信息 {"status":"ok","msg":"-","gid":"447537","time_insert":"2021-07-30 19:07"}
2023-11-22 00:26:15 查询号码 【1959712】，GSD为【"-"】
2023-11-22 00:26:15 ok && -
2023-11-22 00:26:17 CHB 1959712?1700583975 第 1 次 等待 3 秒
2023-11-22 00:26:20 CHB 1959712?1700583975 第 1 次 获取到号码【1959712】GSD
2023-11-22 00:26:20 未获取到号码【1959712】GSD，可能号码格式错误
2023-11-22 00:26:20 获取到号码【1959712】的GSD为【-】
2023-11-22 00:26:24 GSD insert 第 1 次 等待 3 秒
2023-11-22 00:26:27 {"status":"bad","gid":"447537","msg":"添加失败！号码【1959712(-|-)】已存在！"}
2023-11-22 00:26:27 随机等待 151 秒，约 2 分钟
2023-11-22 00:26:27 下次操作: 2023-11-22 00:28:58

2023-11-22 00:28:58 开始第 9795 次操作

2023-11-22 00:28:58 开始操作号码 【1959713】
2023-11-22 00:29:02 GSD getOne 第 1 次 等待 3 秒
2023-11-22 00:29:05 查询号码 【1959713】，返回信息 {"status":"ok","msg":"-","gid":"447525","time_insert":"2021-07-30 19:06"}
2023-11-22 00:29:05 查询号码 【1959713】，GSD为【"-"】
2023-11-22 00:29:05 ok && -
2023-11-22 00:29:07 CHB 1959713?1700584145 第 1 次 等待 3 秒
2023-11-22 00:29:10 CHB 1959713?1700584145 第 1 次 获取到号码【1959713】GSD
2023-11-22 00:29:10 未获取到号码【1959713】GSD，可能号码格式错误
2023-11-22 00:29:10 获取到号码【1959713】的GSD为【-】
2023-11-22 00:29:38 GSD insert 第 1 次 等待 3 秒
2023-11-22 00:29:41 {"status":"bad","gid":"447525","msg":"添加失败！号码【1959713(-|-)】已存在！"}
2023-11-22 00:29:41 随机等待 199 秒，约 3 分钟
2023-11-22 00:29:41 下次操作: 2023-11-22 00:33:00

2023-11-22 00:33:00 开始第 9796 次操作

2023-11-22 00:33:00 开始操作号码 【1959714】
2023-11-22 00:33:05 GSD getOne 第 1 次 等待 3 秒
2023-11-22 00:33:08 查询号码 【1959714】，返回信息 {"status":"ok","msg":"-","gid":"447516","time_insert":"2021-07-30 19:06"}
2023-11-22 00:33:08 查询号码 【1959714】，GSD为【"-"】
2023-11-22 00:33:08 ok && -
2023-11-22 00:33:11 CHB 1959714?1700584388 第 1 次 等待 3 秒
2023-11-22 00:33:14 CHB 1959714?1700584388 第 1 次 获取到号码【1959714】GSD
2023-11-22 00:33:14 未获取到号码【1959714】GSD，可能号码格式错误
2023-11-22 00:33:14 获取到号码【1959714】的GSD为【-】
2023-11-22 00:33:28 GSD insert 第 1 次 等待 3 秒
2023-11-22 00:33:31 {"status":"bad","gid":"447516","msg":"添加失败！号码【1959714(-|-)】已存在！"}

