2021-07-16 00:00:25 开始第 20 次操作

2021-07-16 00:00:25 开始操作号码 【1772105】
2021-07-16 00:00:30 GSD getOne 第 1 次 等待 3 秒
2021-07-16 00:00:33 查询号码 【1772105】，返回信息 {"status":"bad","msg":""}
2021-07-16 00:00:33 查询号码 【1772105】，GSD为【""】
2021-07-16 00:00:33 bad
2021-07-16 00:00:38 CHB 1772105?1626364833 第 1 次 等待 3 秒
2021-07-16 00:00:41 CHB 1772105?1626364833 第 1 次 获取到号码【1772105】GSD
2021-07-16 00:00:41 获取到号码【1772105】的GSD为【上海-上海】
2021-07-16 00:00:44 GSD insert 第 1 次 等待 3 秒
2021-07-16 00:00:47 {"status":"ok","gid":288344,"msg":"添加成功！"}
2021-07-16 00:00:47 下次操作: 2021-07-16 00:01:00

2021-07-16 00:01:00 开始第 21 次操作

2021-07-16 00:01:00 开始操作号码 【1772104】
2021-07-16 00:01:09 GSD getOne 第 1 次 等待 3 秒
2021-07-16 00:01:12 查询号码 【1772104】，返回信息 {"status":"bad","msg":""}
2021-07-16 00:01:12 查询号码 【1772104】，GSD为【""】
2021-07-16 00:01:12 bad
2021-07-16 00:01:15 CHB 1772104?1626364872 第 1 次 等待 3 秒
2021-07-16 00:01:18 CHB 1772104?1626364872 第 1 次 获取到号码【1772104】GSD
2021-07-16 00:01:18 获取到号码【1772104】的GSD为【上海-上海】
2021-07-16 00:01:27 GSD insert 第 1 次 等待 3 秒
2021-07-16 00:01:30 {"status":"ok","gid":288354,"msg":"添加成功！"}
2021-07-16 00:01:30 下次操作: 2021-07-16 00:01:42

2021-07-16 00:01:42 开始第 22 次操作

2021-07-16 00:01:42 开始操作号码 【1772103】
2021-07-16 00:01:52 GSD getOne 第 1 次 等待 3 秒
2021-07-16 00:01:55 查询号码 【1772103】，返回信息 {"status":"bad","msg":""}
2021-07-16 00:01:55 查询号码 【1772103】，GSD为【""】
2021-07-16 00:01:55 bad
2021-07-16 00:01:58 CHB 1772103?1626364915 第 1 次 等待 3 秒
2021-07-16 00:02:01 CHB 1772103?1626364915 第 1 次 获取到号码【1772103】GSD
2021-07-16 00:02:01 获取到号码【1772103】的GSD为【上海-上海】
2021-07-16 00:02:04 GSD insert 第 1 次 等待 3 秒
2021-07-16 00:02:07 {"status":"ok","gid":288359,"msg":"添加成功！"}
2021-07-16 00:02:07 下次操作: 2021-07-16 00:02:21

2021-07-16 00:02:21 开始第 23 次操作

2021-07-16 00:02:21 开始操作号码 【1772102】
2021-07-16 00:02:28 GSD getOne 第 1 次 等待 3 秒
2021-07-16 00:02:31 查询号码 【1772102】，返回信息 {"status":"bad","msg":""}
2021-07-16 00:02:31 查询号码 【1772102】，GSD为【""】
2021-07-16 00:02:31 bad
2021-07-16 00:02:38 CHB 1772102?1626364951 第 1 次 等待 3 秒
2021-07-16 00:02:41 CHB 1772102?1626364951 第 1 次 获取到号码【1772102】GSD
2021-07-16 00:02:41 获取到号码【1772102】的GSD为【上海-上海】
2021-07-16 00:02:48 GSD insert 第 1 次 等待 3 秒
2021-07-16 00:02:51 {"status":"ok","gid":288367,"msg":"添加成功！"}
2021-07-16 00:02:51 下次操作: 2021-07-16 00:03:12

2021-07-16 00:03:12 开始第 24 次操作

2021-07-16 00:03:12 开始操作号码 【1772101】
2021-07-16 00:03:16 GSD getOne 第 1 次 等待 3 秒
2021-07-16 00:03:19 查询号码 【1772101】，返回信息 {"status":"bad","msg":""}
2021-07-16 00:03:19 查询号码 【1772101】，GSD为【""】
2021-07-16 00:03:19 bad
2021-07-16 00:03:26 CHB 1772101?1626364999 第 1 次 等待 3 秒
2021-07-16 00:03:29 CHB 1772101?1626364999 第 1 次 获取到号码【1772101】GSD
2021-07-16 00:03:29 获取到号码【1772101】的GSD为【上海-上海】
2021-07-16 00:03:34 GSD insert 第 1 次 等待 3 秒
2021-07-16 00:03:37 {"status":"ok","gid":288380,"msg":"添加成功！"}
2021-07-16 00:03:37 下次操作: 2021-07-16 00:03:57

2021-07-16 00:03:57 开始第 25 次操作

2021-07-16 00:03:57 开始操作号码 【1772100】
2021-07-16 00:04:01 GSD getOne 第 1 次 等待 3 秒
2021-07-16 00:04:04 查询号码 【1772100】，返回信息 {"status":"bad","msg":""}
2021-07-16 00:04:04 查询号码 【1772100】，GSD为【""】
2021-07-16 00:04:04 bad
2021-07-16 00:04:10 CHB 1772100?1626365044 第 1 次 等待 3 秒
2021-07-16 00:04:13 CHB 1772100?1626365044 第 1 次 获取到号码【1772100】GSD
2021-07-16 00:04:13 获取到号码【1772100】的GSD为【上海-上海】
2021-07-16 00:04:21 GSD insert 第 1 次 等待 3 秒
2021-07-16 00:04:24 {"status":"ok","gid":288389,"msg":"添加成功！"}
2021-07-16 00:04:24 下次操作: 2021-07-16 00:04:39

2021-07-16 00:04:39 开始第 26 次操作

2021-07-16 00:04:39 开始操作号码 【1772099】
2021-07-16 00:04:42 GSD getOne 第 1 次 等待 3 秒
2021-07-16 00:04:45 查询号码 【1772099】，返回信息 {"status":"bad","msg":""}
2021-07-16 00:04:45 查询号码 【1772099】，GSD为【""】
2021-07-16 00:04:45 bad
2021-07-16 00:04:51 CHB 1772099?1626365085 第 1 次 等待 3 秒
2021-07-16 00:04:54 CHB 1772099?1626365085 第 1 次 获取到号码【1772099】GSD
2021-07-16 00:04:54 获取到号码【1772099】的GSD为【福建-南平】
2021-07-16 00:04:59 GSD insert 第 1 次 等待 3 秒
2021-07-16 00:05:02 {"status":"ok","gid":288399,"msg":"添加成功！"}
2021-07-16 00:05:02 下次操作: 2021-07-16 00:05:17

2021-07-16 00:05:17 开始第 27 次操作

2021-07-16 00:05:17 开始操作号码 【1772098】
2021-07-16 00:05:20 GSD getOne 第 1 次 等待 3 秒
2021-07-16 00:05:23 查询号码 【1772098】，返回信息 {"status":"bad","msg":""}
2021-07-16 00:05:23 查询号码 【1772098】，GSD为【""】
2021-07-16 00:05:23 bad
2021-07-16 00:05:25 CHB 1772098?1626365123 第 1 次 等待 3 秒
2021-07-16 00:05:28 CHB 1772098?1626365123 第 1 次 获取到号码【1772098】GSD
2021-07-16 00:05:28 获取到号码【1772098】的GSD为【福建-南平】
2021-07-16 00:05:32 GSD insert 第 1 次 等待 3 秒
2021-07-16 00:05:35 {"status":"ok","gid":288408,"msg":"添加成功！"}
2021-07-16 00:05:35 下次操作: 2021-07-16 00:05:48

2021-07-16 00:05:48 开始第 28 次操作

2021-07-16 00:05:48 开始操作号码 【1772097】
2021-07-16 00:06:07 GSD getOne 第 1 次 等待 3 秒
2021-07-16 00:06:10 查询号码 【1772097】，返回信息 {"status":"bad","msg":""}
2021-07-16 00:06:10 查询号码 【1772097】，GSD为【""】
2021-07-16 00:06:10 bad
2021-07-16 00:06:13 CHB 1772097?1626365170 第 1 次 等待 3 秒
2021-07-16 00:06:16 CHB 1772097?1626365170 第 1 次 获取到号码【1772097】GSD
2021-07-16 00:06:16 获取到号码【1772097】的GSD为【福建-南平】
2021-07-16 00:06:21 GSD insert 第 1 次 等待 3 秒
2021-07-16 00:06:24 {"status":"ok","gid":288416,"msg":"添加成功！"}
2021-07-16 00:06:24 下次操作: 2021-07-16 00:06:39

2021-07-16 00:06:39 开始第 29 次操作

2021-07-16 00:06:39 开始操作号码 【1772096】
2021-07-16 00:06:44 GSD getOne 第 1 次 等待 3 秒
2021-07-16 00:06:47 查询号码 【1772096】，返回信息 {"status":"bad","msg":""}
2021-07-16 00:06:47 查询号码 【1772096】，GSD为【""】
2021-07-16 00:06:47 bad
2021-07-16 00:06:50 CHB 1772096?1626365207 第 1 次 等待 3 秒
2021-07-16 00:06:53 CHB 1772096?1626365207 第 1 次 获取到号码【1772096】GSD
2021-07-16 00:06:53 获取到号码【1772096】的GSD为【福建-南平】
2021-07-16 00:06:56 GSD insert 第 1 次 等待 3 秒
2021-07-16 00:06:59 {"status":"ok","gid":288422,"msg":"添加成功！"}
2021-07-16 00:07:00 下次操作: 2021-07-16 00:07:13

2021-07-16 00:07:13 开始第 30 次操作

2021-07-16 00:07:13 开始操作号码 【1772095】
2021-07-16 00:07:15 GSD getOne 第 1 次 等待 3 秒
2021-07-16 00:07:18 查询号码 【1772095】，返回信息 {"status":"bad","msg":""}
2021-07-16 00:07:18 查询号码 【1772095】，GSD为【""】
2021-07-16 00:07:18 bad
2021-07-16 00:07:25 CHB 1772095?1626365238 第 1 次 等待 3 秒
2021-07-16 00:07:28 CHB 1772095?1626365238 第 1 次 获取到号码【1772095】GSD
2021-07-16 00:07:28 获取到号码【1772095】的GSD为【福建-漳州】
2021-07-16 00:07:33 GSD insert 第 1 次 等待 3 秒
2021-07-16 00:07:36 {"status":"ok","gid":288433,"msg":"添加成功！"}
2021-07-16 00:07:36 下次操作: 2021-07-16 00:07:59

2021-07-16 00:07:59 开始第 31 次操作

2021-07-16 00:07:59 开始操作号码 【1772094】
2021-07-16 00:08:01 GSD getOne 第 1 次 等待 3 秒
2021-07-16 00:08:04 查询号码 【1772094】，返回信息 {"status":"bad","msg":""}
2021-07-16 00:08:05 查询号码 【1772094】，GSD为【""】
2021-07-16 00:08:05 bad
2021-07-16 00:08:07 CHB 1772094?1626365285 第 1 次 等待 3 秒
2021-07-16 00:08:10 CHB 1772094?1626365285 第 1 次 获取到号码【1772094】GSD
2021-07-16 00:08:10 获取到号码【1772094】的GSD为【福建-漳州】
2021-07-16 00:08:19 GSD insert 第 1 次 等待 3 秒
2021-07-16 00:08:22 {"status":"ok","gid":288438,"msg":"添加成功！"}
2021-07-16 00:08:22 下次操作: 2021-07-16 00:08:36

2021-07-16 00:08:36 开始第 32 次操作

2021-07-16 00:08:36 开始操作号码 【1772093】
2021-07-16 00:08:49 GSD getOne 第 1 次 等待 3 秒
2021-07-16 00:08:52 查询号码 【1772093】，返回信息 {"status":"bad","msg":""}
2021-07-16 00:08:52 查询号码 【1772093】，GSD为【""】
2021-07-16 00:08:52 bad
2021-07-16 00:09:00 CHB 1772093?1626365332 第 1 次 等待 3 秒
2021-07-16 00:09:03 CHB 1772093?1626365332 第 1 次 获取到号码【1772093】GSD
2021-07-16 00:09:03 获取到号码【1772093】的GSD为【福建-漳州】
2021-07-16 00:09:26 GSD insert 第 1 次 等待 3 秒
2021-07-16 00:09:29 {"status":"ok","gid":288448,"msg":"添加成功！"}
2021-07-16 00:09:29 下次操作: 2021-07-16 00:09:48

2021-07-16 00:09:48 开始第 33 次操作

2021-07-16 00:09:48 开始操作号码 【1772092】
2021-07-16 00:09:52 GSD getOne 第 1 次 等待 3 秒
2021-07-16 00:09:55 查询号码 【1772092】，返回信息 {"status":"bad","msg":""}
2021-07-16 00:09:55 查询号码 【1772092】，GSD为【""】
2021-07-16 00:09:55 bad
2021-07-16 00:10:04 CHB 1772092?1626365395 第 1 次 等待 3 秒
2021-07-16 00:10:07 CHB 1772092?1626365395 第 1 次 获取到号码【1772092】GSD
2021-07-16 00:10:07 获取到号码【1772092】的GSD为【福建-漳州】
2021-07-16 00:10:14 GSD insert 第 1 次 等待 3 秒
2021-07-16 00:10:17 {"status":"ok","gid":288457,"msg":"添加成功！"}
2021-07-16 00:10:17 下次操作: 2021-07-16 00:10:31

2021-07-16 00:10:31 开始第 34 次操作

2021-07-16 00:10:31 开始操作号码 【1772091】
2021-07-16 00:10:35 GSD getOne 第 1 次 等待 3 秒
2021-07-16 00:10:38 查询号码 【1772091】，返回信息 {"status":"bad","msg":""}
2021-07-16 00:10:38 查询号码 【1772091】，GSD为【""】
2021-07-16 00:10:38 bad
2021-07-16 00:10:41 CHB 1772091?1626365438 第 1 次 等待 3 秒
2021-07-16 00:10:44 CHB 1772091?1626365438 第 1 次 获取到号码【1772091】GSD
2021-07-16 00:10:44 获取到号码【1772091】的GSD为【福建-漳州】
2021-07-16 00:10:48 GSD insert 第 1 次 等待 3 秒
2021-07-16 00:10:51 {"status":"ok","gid":288467,"msg":"添加成功！"}
2021-07-16 00:10:51 下次操作: 2021-07-16 00:11:14

2021-07-16 00:11:14 开始第 35 次操作

2021-07-16 00:11:14 开始操作号码 【1772090】
2021-07-16 00:11:21 GSD getOne 第 1 次 等待 3 秒
2021-07-16 00:11:24 查询号码 【1772090】，返回信息 {"status":"bad","msg":""}
2021-07-16 00:11:24 查询号码 【1772090】，GSD为【""】
2021-07-16 00:11:24 bad
2021-07-16 00:11:29 CHB 1772090?1626365484 第 1 次 等待 3 秒
2021-07-16 00:11:32 CHB 1772090?1626365484 第 1 次 获取到号码【1772090】GSD
2021-07-16 00:11:32 获取到号码【1772090】的GSD为【福建-漳州】
2021-07-16 00:11:41 GSD insert 第 1 次 等待 3 秒
2021-07-16 00:11:44 {"status":"ok","gid":288477,"msg":"添加成功！"}
2021-07-16 00:11:44 下次操作: 2021-07-16 00:12:06

2021-07-16 00:12:06 开始第 36 次操作

2021-07-16 00:12:06 开始操作号码 【1772089】
2021-07-16 00:12:15 GSD getOne 第 1 次 等待 3 秒
2021-07-16 00:12:18 查询号码 【1772089】，返回信息 {"status":"bad","msg":""}
2021-07-16 00:12:18 查询号码 【1772089】，GSD为【""】
2021-07-16 00:12:18 bad
2021-07-16 00:12:20 CHB 1772089?1626365538 第 1 次 等待 3 秒
2021-07-16 00:12:23 CHB 1772089?1626365538 第 1 次 获取到号码【1772089】GSD
2021-07-16 00:12:23 获取到号码【1772089】的GSD为【福建-龙岩】
2021-07-16 00:12:26 GSD insert 第 1 次 等待 3 秒
2021-07-16 00:12:29 {"status":"ok","gid":288486,"msg":"添加成功！"}
2021-07-16 00:12:29 下次操作: 2021-07-16 00:12:46

2021-07-16 00:12:46 开始第 37 次操作

2021-07-16 00:12:46 开始操作号码 【1772088】
2021-07-16 00:12:52 GSD getOne 第 1 次 等待 3 秒
2021-07-16 00:12:55 查询号码 【1772088】，返回信息 {"status":"bad","msg":""}
2021-07-16 00:12:55 查询号码 【1772088】，GSD为【""】
2021-07-16 00:12:55 bad
2021-07-16 00:12:57 CHB 1772088?1626365575 第 1 次 等待 3 秒
2021-07-16 00:13:00 CHB 1772088?1626365575 第 1 次 获取到号码【1772088】GSD
2021-07-16 00:13:00 获取到号码【1772088】的GSD为【福建-厦门】
2021-07-16 00:13:24 GSD insert 第 1 次 等待 3 秒
2021-07-16 00:13:27 {"status":"ok","gid":288493,"msg":"添加成功！"}
2021-07-16 00:13:27 下次操作: 2021-07-16 00:13:49

2021-07-16 00:13:49 开始第 38 次操作

2021-07-16 00:13:49 开始操作号码 【1772087】
2021-07-16 00:13:52 GSD getOne 第 1 次 等待 3 秒
2021-07-16 00:13:55 查询号码 【1772087】，返回信息 {"status":"bad","msg":""}
2021-07-16 00:13:55 查询号码 【1772087】，GSD为【""】
2021-07-16 00:13:55 bad
2021-07-16 00:14:02 CHB 1772087?1626365635 第 1 次 等待 3 秒
2021-07-16 00:14:05 CHB 1772087?1626365635 第 1 次 获取到号码【1772087】GSD
2021-07-16 00:14:05 获取到号码【1772087】的GSD为【福建-厦门】
2021-07-16 00:14:20 GSD insert 第 1 次 等待 3 秒
2021-07-16 00:14:23 {"status":"ok","gid":288498,"msg":"添加成功！"}
2021-07-16 00:14:23 下次操作: 2021-07-16 00:14:41

2021-07-16 00:14:41 开始第 39 次操作

2021-07-16 00:14:41 开始操作号码 【1772086】
2021-07-16 00:14:55 GSD getOne 第 1 次 等待 3 秒
2021-07-16 00:14:58 查询号码 【1772086】，返回信息 {"status":"bad","msg":""}
2021-07-16 00:14:58 查询号码 【1772086】，GSD为【""】
2021-07-16 00:14:58 bad
2021-07-16 00:15:05 CHB 1772086?1626365698 第 1 次 等待 3 秒
2021-07-16 00:15:08 CHB 1772086?1626365698 第 1 次 获取到号码【1772086】GSD
2021-07-16 00:15:08 获取到号码【1772086】的GSD为【福建-厦门】
2021-07-16 00:15:49 GSD insert 第 1 次 等待 3 秒
2021-07-16 00:15:52 {"status":"ok","gid":288508,"msg":"添加成功！"}
2021-07-16 00:15:52 下次操作: 2021-07-16 00:16:04

2021-07-16 00:16:04 开始第 40 次操作

2021-07-16 00:16:04 开始操作号码 【1772085】
2021-07-16 00:16:29 GSD getOne 第 1 次 等待 3 秒
2021-07-16 00:16:32 查询号码 【1772085】，返回信息 {"status":"bad","msg":""}
2021-07-16 00:16:32 查询号码 【1772085】，GSD为【""】
2021-07-16 00:16:32 bad
2021-07-16 00:16:36 CHB 1772085?1626365792 第 1 次 等待 3 秒
2021-07-16 00:16:39 CHB 1772085?1626365792 第 1 次 获取到号码【1772085】GSD
2021-07-16 00:16:39 获取到号码【1772085】的GSD为【福建-莆田】
2021-07-16 00:16:50 GSD insert 第 1 次 等待 3 秒
2021-07-16 00:16:53 {"status":"ok","gid":288514,"msg":"添加成功！"}

