2024-06-12 00:23:41 开始第 209 次操作

2024-06-12 00:23:41 开始操作号码 【1520117】
2024-06-12 00:23:49 GSD getOne 第 1 次 等待 3 秒
2024-06-12 00:23:52 查询号码 【1520117】，返回信息 {"status":"ok","msg":"北京-北京","gid":"77319","time_insert":"2021-06-02 16:51"}
2024-06-12 00:23:52 查询号码 【1520117】，GSD为【"北京-北京"】

2024-06-12 00:23:53 开始第 210 次操作

2024-06-12 00:23:53 开始操作号码 【1520118】
2024-06-12 00:24:03 GSD getOne 第 1 次 等待 3 秒
2024-06-12 00:24:06 查询号码 【1520118】，返回信息 {"status":"ok","msg":"北京-北京","gid":"77366","time_insert":"2021-06-02 17:19"}
2024-06-12 00:24:06 查询号码 【1520118】，GSD为【"北京-北京"】

2024-06-12 00:24:07 开始第 211 次操作

2024-06-12 00:24:07 开始操作号码 【1520119】
2024-06-12 00:24:16 GSD getOne 第 1 次 等待 3 秒
2024-06-12 00:24:19 查询号码 【1520119】，返回信息 {"status":"ok","msg":"北京-北京","gid":"77408","time_insert":"2021-06-02 17:44"}
2024-06-12 00:24:19 查询号码 【1520119】，GSD为【"北京-北京"】

2024-06-12 00:24:20 开始第 212 次操作

2024-06-12 00:24:20 开始操作号码 【1520120】
2024-06-12 00:24:30 GSD getOne 第 1 次 等待 3 秒
2024-06-12 00:24:33 查询号码 【1520120】，返回信息 {"status":"ok","msg":"北京-北京","gid":"77458","time_insert":"2021-06-02 18:17"}
2024-06-12 00:24:33 查询号码 【1520120】，GSD为【"北京-北京"】

