2021-08-03 00:00:11 开始第 18 次操作

2021-08-03 00:00:11 开始操作号码 【1987670】
2021-08-03 00:00:18 GSD getOne 第 1 次 等待 3 秒
2021-08-03 00:00:21 查询号码 【1987670】，返回信息 {"status":"bad","msg":""}
2021-08-03 00:00:21 查询号码 【1987670】，GSD为【""】
2021-08-03 00:00:21 bad
2021-08-03 00:00:23 CHB 1987670?1627920021 第 1 次 等待 3 秒
2021-08-03 00:00:26 CHB 1987670?1627920021 第 1 次 获取到号码【1987670】GSD
2021-08-03 00:00:26 获取到号码【1987670】的GSD为【广东-广州】
2021-08-03 00:00:29 GSD insert 第 1 次 等待 3 秒
2021-08-03 00:00:32 {"status":"ok","gid":484596,"msg":"添加成功！"}
2021-08-03 00:00:32 下次操作: 2021-08-03 00:00:52

2021-08-03 00:00:52 开始第 19 次操作

2021-08-03 00:00:52 开始操作号码 【1987669】
2021-08-03 00:01:00 GSD getOne 第 1 次 等待 3 秒
2021-08-03 00:01:03 查询号码 【1987669】，返回信息 {"status":"bad","msg":""}
2021-08-03 00:01:03 查询号码 【1987669】，GSD为【""】
2021-08-03 00:01:03 bad
2021-08-03 00:01:05 CHB 1987669?1627920063 第 1 次 等待 3 秒
2021-08-03 00:01:08 CHB 1987669?1627920063 第 1 次 获取到号码【1987669】GSD
2021-08-03 00:01:08 获取到号码【1987669】的GSD为【广东-云浮】
2021-08-03 00:01:13 GSD insert 第 1 次 等待 3 秒
2021-08-03 00:01:16 {"status":"ok","gid":484605,"msg":"添加成功！"}
2021-08-03 00:01:16 下次操作: 2021-08-03 00:01:38

2021-08-03 00:01:38 开始第 20 次操作

2021-08-03 00:01:38 开始操作号码 【1987668】
2021-08-03 00:01:42 GSD getOne 第 1 次 等待 3 秒
2021-08-03 00:01:45 查询号码 【1987668】，返回信息 {"status":"bad","msg":""}
2021-08-03 00:01:45 查询号码 【1987668】，GSD为【""】
2021-08-03 00:01:45 bad
2021-08-03 00:01:48 CHB 1987668?1627920105 第 1 次 等待 3 秒
2021-08-03 00:01:51 CHB 1987668?1627920105 第 1 次 获取到号码【1987668】GSD
2021-08-03 00:01:51 获取到号码【1987668】的GSD为【广东-茂名】
2021-08-03 00:01:54 GSD insert 第 1 次 等待 3 秒
2021-08-03 00:01:57 {"status":"ok","gid":484610,"msg":"添加成功！"}
2021-08-03 00:01:57 下次操作: 2021-08-03 00:02:15

2021-08-03 00:02:15 开始第 21 次操作

2021-08-03 00:02:15 开始操作号码 【1987667】
2021-08-03 00:02:23 GSD getOne 第 1 次 等待 3 秒
2021-08-03 00:02:26 查询号码 【1987667】，返回信息 {"status":"bad","msg":""}
2021-08-03 00:02:26 查询号码 【1987667】，GSD为【""】
2021-08-03 00:02:26 bad
2021-08-03 00:02:33 CHB 1987667?1627920146 第 1 次 等待 3 秒
2021-08-03 00:02:36 CHB 1987667?1627920146 第 1 次 获取到号码【1987667】GSD
2021-08-03 00:02:36 获取到号码【1987667】的GSD为【广东-云浮】
2021-08-03 00:02:41 GSD insert 第 1 次 等待 3 秒
2021-08-03 00:02:44 {"status":"ok","gid":484617,"msg":"添加成功！"}
2021-08-03 00:02:44 下次操作: 2021-08-03 00:02:58

2021-08-03 00:02:58 开始第 22 次操作

2021-08-03 00:02:58 开始操作号码 【1987666】
2021-08-03 00:03:03 GSD getOne 第 1 次 等待 3 秒
2021-08-03 00:03:06 查询号码 【1987666】，返回信息 {"status":"bad","msg":""}
2021-08-03 00:03:06 查询号码 【1987666】，GSD为【""】
2021-08-03 00:03:06 bad
2021-08-03 00:03:07 CHB 1987666?1627920186 第 1 次 等待 3 秒
2021-08-03 00:03:10 CHB 1987666?1627920186 第 1 次 获取到号码【1987666】GSD
2021-08-03 00:03:11 获取到号码【1987666】的GSD为【广东-广州】
2021-08-03 00:03:37 GSD insert 第 1 次 等待 3 秒
2021-08-03 00:03:40 {"status":"ok","gid":484627,"msg":"添加成功！"}
2021-08-03 00:03:40 下次操作: 2021-08-03 00:03:52

2021-08-03 00:03:52 开始第 23 次操作

2021-08-03 00:03:52 开始操作号码 【1987665】
2021-08-03 00:03:56 GSD getOne 第 1 次 等待 3 秒
2021-08-03 00:03:59 查询号码 【1987665】，返回信息 {"status":"bad","msg":""}
2021-08-03 00:03:59 查询号码 【1987665】，GSD为【""】
2021-08-03 00:03:59 bad
2021-08-03 00:04:02 CHB 1987665?1627920239 第 1 次 等待 3 秒
2021-08-03 00:04:05 CHB 1987665?1627920239 第 1 次 获取到号码【1987665】GSD
2021-08-03 00:04:05 获取到号码【1987665】的GSD为【广东-云浮】
2021-08-03 00:04:10 GSD insert 第 1 次 等待 3 秒
2021-08-03 00:04:13 {"status":"ok","gid":484635,"msg":"添加成功！"}
2021-08-03 00:04:13 下次操作: 2021-08-03 00:04:33

2021-08-03 00:04:33 开始第 24 次操作

2021-08-03 00:04:33 开始操作号码 【1987664】
2021-08-03 00:04:38 GSD getOne 第 1 次 等待 3 秒
2021-08-03 00:04:41 查询号码 【1987664】，返回信息 {"status":"bad","msg":""}
2021-08-03 00:04:41 查询号码 【1987664】，GSD为【""】
2021-08-03 00:04:41 bad
2021-08-03 00:04:42 CHB 1987664?1627920281 第 1 次 等待 3 秒
2021-08-03 00:04:45 CHB 1987664?1627920281 第 1 次 获取到号码【1987664】GSD
2021-08-03 00:04:45 获取到号码【1987664】的GSD为【广东-茂名】
2021-08-03 00:04:59 GSD insert 第 1 次 等待 3 秒
2021-08-03 00:05:02 {"status":"ok","gid":484644,"msg":"添加成功！"}
2021-08-03 00:05:02 下次操作: 2021-08-03 00:05:14

2021-08-03 00:05:14 开始第 25 次操作

2021-08-03 00:05:14 开始操作号码 【1987663】
2021-08-03 00:05:38 GSD getOne 第 1 次 等待 3 秒
2021-08-03 00:05:41 查询号码 【1987663】，返回信息 {"status":"bad","msg":""}
2021-08-03 00:05:41 查询号码 【1987663】，GSD为【""】
2021-08-03 00:05:41 bad
2021-08-03 00:05:43 CHB 1987663?1627920341 第 1 次 等待 3 秒
2021-08-03 00:05:47 CHB 1987663?1627920341 第 1 次 获取到号码【1987663】GSD
2021-08-03 00:05:47 获取到号码【1987663】的GSD为【广东-揭阳】
2021-08-03 00:05:52 GSD insert 第 1 次 等待 3 秒
2021-08-03 00:05:55 {"status":"ok","gid":484655,"msg":"添加成功！"}
2021-08-03 00:05:55 下次操作: 2021-08-03 00:06:19

2021-08-03 00:06:19 开始第 26 次操作

2021-08-03 00:06:19 开始操作号码 【1987662】
2021-08-03 00:06:43 GSD getOne 第 1 次 等待 3 秒
2021-08-03 00:06:46 查询号码 【1987662】，返回信息 {"status":"bad","msg":""}
2021-08-03 00:06:46 查询号码 【1987662】，GSD为【""】
2021-08-03 00:06:46 bad
2021-08-03 00:06:48 CHB 1987662?1627920406 第 1 次 等待 3 秒
2021-08-03 00:06:51 CHB 1987662?1627920406 第 1 次 获取到号码【1987662】GSD
2021-08-03 00:06:51 获取到号码【1987662】的GSD为【广东-阳江】
2021-08-03 00:07:19 GSD insert 第 1 次 等待 3 秒
2021-08-03 00:07:22 {"status":"ok","gid":484667,"msg":"添加成功！"}
2021-08-03 00:07:22 下次操作: 2021-08-03 00:07:44

2021-08-03 00:07:44 开始第 27 次操作

2021-08-03 00:07:44 开始操作号码 【1987661】
2021-08-03 00:07:53 GSD getOne 第 1 次 等待 3 秒
2021-08-03 00:07:56 查询号码 【1987661】，返回信息 {"status":"bad","msg":""}
2021-08-03 00:07:56 查询号码 【1987661】，GSD为【""】
2021-08-03 00:07:56 bad
2021-08-03 00:07:58 CHB 1987661?1627920476 第 1 次 等待 3 秒
2021-08-03 00:08:01 CHB 1987661?1627920476 第 1 次 获取到号码【1987661】GSD
2021-08-03 00:08:01 获取到号码【1987661】的GSD为【广东-云浮】
2021-08-03 00:08:05 GSD insert 第 1 次 等待 3 秒
2021-08-03 00:08:08 {"status":"ok","gid":484673,"msg":"添加成功！"}
2021-08-03 00:08:08 下次操作: 2021-08-03 00:08:28

2021-08-03 00:08:28 开始第 28 次操作

2021-08-03 00:08:28 开始操作号码 【1987660】
2021-08-03 00:09:22 GSD getOne 第 1 次 等待 3 秒
2021-08-03 00:09:25 查询号码 【1987660】，返回信息 {"status":"bad","msg":""}
2021-08-03 00:09:25 查询号码 【1987660】，GSD为【""】
2021-08-03 00:09:25 bad
2021-08-03 00:09:29 CHB 1987660?1627920565 第 1 次 等待 3 秒
2021-08-03 00:09:32 CHB 1987660?1627920565 第 1 次 获取到号码【1987660】GSD
2021-08-03 00:09:32 获取到号码【1987660】的GSD为【广东-云浮】
2021-08-03 00:09:42 GSD insert 第 1 次 等待 3 秒
2021-08-03 00:09:45 {"status":"ok","gid":484689,"msg":"添加成功！"}
2021-08-03 00:09:45 下次操作: 2021-08-03 00:10:03

2021-08-03 00:10:03 开始第 29 次操作

2021-08-03 00:10:03 开始操作号码 【1987659】
2021-08-03 00:10:21 GSD getOne 第 1 次 等待 3 秒
2021-08-03 00:10:24 查询号码 【1987659】，返回信息 {"status":"bad","msg":""}
2021-08-03 00:10:25 查询号码 【1987659】，GSD为【""】
2021-08-03 00:10:25 bad
2021-08-03 00:10:26 CHB 1987659?1627920625 第 1 次 等待 3 秒
2021-08-03 00:10:29 CHB 1987659?1627920625 第 1 次 获取到号码【1987659】GSD
2021-08-03 00:10:29 获取到号码【1987659】的GSD为【广东-阳江】
2021-08-03 00:10:34 GSD insert 第 1 次 等待 3 秒
2021-08-03 00:10:37 {"status":"ok","gid":484700,"msg":"添加成功！"}
2021-08-03 00:10:37 下次操作: 2021-08-03 00:10:49

2021-08-03 00:10:49 开始第 30 次操作

2021-08-03 00:10:49 开始操作号码 【1987658】
2021-08-03 00:11:03 GSD getOne 第 1 次 等待 3 秒
2021-08-03 00:11:06 查询号码 【1987658】，返回信息 {"status":"bad","msg":""}
2021-08-03 00:11:06 查询号码 【1987658】，GSD为【""】
2021-08-03 00:11:06 bad
2021-08-03 00:11:08 CHB 1987658?1627920666 第 1 次 等待 3 秒
2021-08-03 00:11:11 CHB 1987658?1627920666 第 1 次 获取到号码【1987658】GSD
2021-08-03 00:11:11 获取到号码【1987658】的GSD为【广东-深圳】
2021-08-03 00:11:43 GSD insert 第 1 次 等待 3 秒
2021-08-03 00:11:46 {"status":"ok","gid":484710,"msg":"添加成功！"}
2021-08-03 00:11:46 下次操作: 2021-08-03 00:12:09

2021-08-03 00:12:09 开始第 31 次操作

2021-08-03 00:12:09 开始操作号码 【1987657】
2021-08-03 00:12:19 GSD getOne 第 1 次 等待 3 秒
2021-08-03 00:12:22 查询号码 【1987657】，返回信息 {"status":"bad","msg":""}
2021-08-03 00:12:22 查询号码 【1987657】，GSD为【""】
2021-08-03 00:12:22 bad
2021-08-03 00:12:24 CHB 1987657?1627920742 第 1 次 等待 3 秒
2021-08-03 00:12:27 CHB 1987657?1627920742 第 1 次 获取到号码【1987657】GSD
2021-08-03 00:12:27 获取到号码【1987657】的GSD为【广东-揭阳】
2021-08-03 00:12:59 GSD insert 第 1 次 等待 3 秒
2021-08-03 00:13:02 {"status":"ok","gid":484723,"msg":"添加成功！"}
2021-08-03 00:13:02 下次操作: 2021-08-03 00:13:24

2021-08-03 00:13:24 开始第 32 次操作

2021-08-03 00:13:24 开始操作号码 【1987656】
2021-08-03 00:13:41 GSD getOne 第 1 次 等待 3 秒
2021-08-03 00:13:44 查询号码 【1987656】，返回信息 {"status":"bad","msg":""}
2021-08-03 00:13:44 查询号码 【1987656】，GSD为【""】
2021-08-03 00:13:44 bad
2021-08-03 00:13:49 CHB 1987656?1627920824 第 1 次 等待 3 秒
2021-08-03 00:13:52 CHB 1987656?1627920824 第 1 次 获取到号码【1987656】GSD
2021-08-03 00:13:52 获取到号码【1987656】的GSD为【广东-阳江】
2021-08-03 00:13:57 GSD insert 第 1 次 等待 3 秒
2021-08-03 00:14:00 {"status":"ok","gid":484735,"msg":"添加成功！"}
2021-08-03 00:14:00 下次操作: 2021-08-03 00:14:14

2021-08-03 00:14:14 开始第 33 次操作

2021-08-03 00:14:14 开始操作号码 【1987655】
2021-08-03 00:14:20 GSD getOne 第 1 次 等待 3 秒
2021-08-03 00:14:23 查询号码 【1987655】，返回信息 {"status":"bad","msg":""}
2021-08-03 00:14:23 查询号码 【1987655】，GSD为【""】
2021-08-03 00:14:23 bad
2021-08-03 00:14:25 CHB 1987655?1627920863 第 1 次 等待 3 秒
2021-08-03 00:14:29 CHB 1987655?1627920863 第 1 次 获取到号码【1987655】GSD
2021-08-03 00:14:29 获取到号码【1987655】的GSD为【广东-深圳】
2021-08-03 00:14:38 GSD insert 第 1 次 等待 3 秒
2021-08-03 00:14:41 {"status":"ok","gid":484746,"msg":"添加成功！"}
2021-08-03 00:14:41 下次操作: 2021-08-03 00:15:04

2021-08-03 00:15:04 开始第 34 次操作

2021-08-03 00:15:04 开始操作号码 【1987654】
2021-08-03 00:15:13 GSD getOne 第 1 次 等待 3 秒
2021-08-03 00:15:16 查询号码 【1987654】，返回信息 {"status":"bad","msg":""}
2021-08-03 00:15:16 查询号码 【1987654】，GSD为【""】
2021-08-03 00:15:16 bad
2021-08-03 00:15:19 CHB 1987654?1627920916 第 1 次 等待 3 秒
2021-08-03 00:15:22 CHB 1987654?1627920916 第 1 次 获取到号码【1987654】GSD
2021-08-03 00:15:22 获取到号码【1987654】的GSD为【广东-揭阳】
2021-08-03 00:15:32 GSD insert 第 1 次 等待 3 秒
2021-08-03 00:15:35 {"status":"ok","gid":484752,"msg":"添加成功！"}
2021-08-03 00:15:35 下次操作: 2021-08-03 00:15:48

2021-08-03 00:15:48 开始第 35 次操作

2021-08-03 00:15:48 开始操作号码 【1987653】
2021-08-03 00:16:05 GSD getOne 第 1 次 等待 3 秒
2021-08-03 00:16:08 查询号码 【1987653】，返回信息 {"status":"bad","msg":""}
2021-08-03 00:16:08 查询号码 【1987653】，GSD为【""】
2021-08-03 00:16:08 bad
2021-08-03 00:16:10 CHB 1987653?1627920968 第 1 次 等待 3 秒
2021-08-03 00:16:13 CHB 1987653?1627920968 第 1 次 获取到号码【1987653】GSD
2021-08-03 00:16:14 获取到号码【1987653】的GSD为【广东-茂名】
2021-08-03 00:16:22 GSD insert 第 1 次 等待 3 秒
2021-08-03 00:16:25 {"status":"ok","gid":484758,"msg":"添加成功！"}
2021-08-03 00:16:25 下次操作: 2021-08-03 00:16:40

2021-08-03 00:16:40 开始第 36 次操作

2021-08-03 00:16:40 开始操作号码 【1987652】
2021-08-03 00:16:44 GSD getOne 第 1 次 等待 3 秒
2021-08-03 00:16:47 查询号码 【1987652】，返回信息 {"status":"bad","msg":""}
2021-08-03 00:16:47 查询号码 【1987652】，GSD为【""】
2021-08-03 00:16:47 bad
2021-08-03 00:16:49 CHB 1987652?1627921007 第 1 次 等待 3 秒
2021-08-03 00:16:52 CHB 1987652?1627921007 第 1 次 获取到号码【1987652】GSD
2021-08-03 00:16:52 获取到号码【1987652】的GSD为【广东-茂名】
2021-08-03 00:17:09 GSD insert 第 1 次 等待 3 秒
2021-08-03 00:17:12 {"status":"ok","gid":484768,"msg":"添加成功！"}
2021-08-03 00:17:12 下次操作: 2021-08-03 00:17:25

2021-08-03 00:17:25 开始第 37 次操作

2021-08-03 00:17:25 开始操作号码 【1987651】
2021-08-03 00:17:33 GSD getOne 第 1 次 等待 3 秒
2021-08-03 00:17:36 查询号码 【1987651】，返回信息 {"status":"bad","msg":""}
2021-08-03 00:17:36 查询号码 【1987651】，GSD为【""】
2021-08-03 00:17:36 bad
2021-08-03 00:17:38 CHB 1987651?1627921056 第 1 次 等待 3 秒
2021-08-03 00:17:41 CHB 1987651?1627921056 第 1 次 获取到号码【1987651】GSD
2021-08-03 00:17:41 获取到号码【1987651】的GSD为【广东-茂名】
2021-08-03 00:17:56 GSD insert 第 1 次 等待 3 秒
2021-08-03 00:17:59 {"status":"ok","gid":484778,"msg":"添加成功！"}
2021-08-03 00:17:59 下次操作: 2021-08-03 00:18:22

2021-08-03 00:18:22 开始第 38 次操作

2021-08-03 00:18:22 开始操作号码 【1987650】
2021-08-03 00:18:26 GSD getOne 第 1 次 等待 3 秒
2021-08-03 00:18:29 查询号码 【1987650】，返回信息 {"status":"bad","msg":""}
2021-08-03 00:18:29 查询号码 【1987650】，GSD为【""】
2021-08-03 00:18:29 bad
2021-08-03 00:18:31 CHB 1987650?1627921109 第 1 次 等待 3 秒
2021-08-03 00:18:34 CHB 1987650?1627921109 第 1 次 获取到号码【1987650】GSD
2021-08-03 00:18:34 获取到号码【1987650】的GSD为【广东-茂名】
2021-08-03 00:18:39 GSD insert 第 1 次 等待 3 秒
2021-08-03 00:18:42 {"status":"ok","gid":484786,"msg":"添加成功！"}
2021-08-03 00:18:42 下次操作: 2021-08-03 00:18:59

2021-08-03 00:18:59 开始第 39 次操作

2021-08-03 00:18:59 开始操作号码 【1987649】
2021-08-03 00:19:03 GSD getOne 第 1 次 等待 3 秒
2021-08-03 00:19:06 查询号码 【1987649】，返回信息 {"status":"bad","msg":""}
2021-08-03 00:19:06 查询号码 【1987649】，GSD为【""】
2021-08-03 00:19:06 bad
2021-08-03 00:19:09 CHB 1987649?1627921146 第 1 次 等待 3 秒
2021-08-03 00:19:12 CHB 1987649?1627921146 第 1 次 获取到号码【1987649】GSD
2021-08-03 00:19:12 获取到号码【1987649】的GSD为【广东-深圳】
2021-08-03 00:19:34 GSD insert 第 1 次 等待 3 秒
2021-08-03 00:19:37 {"status":"ok","gid":484792,"msg":"添加成功！"}
2021-08-03 00:19:37 下次操作: 2021-08-03 00:19:53

2021-08-03 00:19:53 开始第 40 次操作

2021-08-03 00:19:53 开始操作号码 【1987648】
2021-08-03 00:19:58 GSD getOne 第 1 次 等待 3 秒
2021-08-03 00:20:01 查询号码 【1987648】，返回信息 {"status":"bad","msg":""}
2021-08-03 00:20:01 查询号码 【1987648】，GSD为【""】
2021-08-03 00:20:01 bad
2021-08-03 00:20:04 CHB 1987648?1627921201 第 1 次 等待 3 秒
2021-08-03 00:20:07 CHB 1987648?1627921201 第 1 次 获取到号码【1987648】GSD
2021-08-03 00:20:07 获取到号码【1987648】的GSD为【广东-深圳】
2021-08-03 00:20:17 GSD insert 第 1 次 等待 3 秒
2021-08-03 00:20:20 {"status":"ok","gid":484797,"msg":"添加成功！"}

