2024-09-01 00:11:44 开始第 2241 次操作

2024-09-01 00:11:44 开始操作号码 【1412240】
2024-09-01 00:11:53 GSD getOne 第 1 次 等待 3 秒
2024-09-01 00:11:56 查询号码 【1412240】，返回信息 {"status":"ok","msg":"-","gid":"556857","time_insert":"2023-02-26 18:01"}
2024-09-01 00:11:56 查询号码 【1412240】，GSD为【"-"】
2024-09-01 00:11:56 ok && -
2024-09-01 00:11:58 CHB 1412240?1725120716 第 1 次 等待 3 秒
2024-09-01 00:12:01 CHB 1412240?1725120716 第 1 次 获取到号码【1412240】GSD
2024-09-01 00:12:01 未获取到号码【1412240】GSD，可能号码格式错误
2024-09-01 00:12:01 获取到号码【1412240】的GSD为【-】
2024-09-01 00:12:10 GSD insert 第 1 次 等待 3 秒
2024-09-01 00:12:13 {"status":"bad","gid":"556857","msg":"添加失败！号码【1412240(-|-)】已存在！"}
2024-09-01 00:12:13 随机等待 119 秒，约 1 分钟
2024-09-01 00:12:13 下次操作: 2024-09-01 00:14:12

2024-09-01 00:14:12 开始第 2242 次操作

2024-09-01 00:14:12 开始操作号码 【1412241】
2024-09-01 00:14:21 GSD getOne 第 1 次 等待 3 秒
2024-09-01 00:14:24 查询号码 【1412241】，返回信息 {"status":"ok","msg":"-","gid":"556877","time_insert":"2023-02-26 18:16"}
2024-09-01 00:14:24 查询号码 【1412241】，GSD为【"-"】
2024-09-01 00:14:24 ok && -
2024-09-01 00:14:25 CHB 1412241?1725120864 第 1 次 等待 3 秒
2024-09-01 00:14:28 CHB 1412241?1725120864 第 1 次 获取到号码【1412241】GSD
2024-09-01 00:14:28 未获取到号码【1412241】GSD，可能号码格式错误
2024-09-01 00:14:28 获取到号码【1412241】的GSD为【-】
2024-09-01 00:14:52 GSD insert 第 1 次 等待 3 秒
2024-09-01 00:14:55 {"status":"bad","gid":"556877","msg":"添加失败！号码【1412241(-|-)】已存在！"}
2024-09-01 00:14:55 随机等待 143 秒，约 2 分钟
2024-09-01 00:14:55 下次操作: 2024-09-01 00:17:18

2024-09-01 00:17:18 开始第 2243 次操作

2024-09-01 00:17:18 开始操作号码 【1412242】
2024-09-01 00:17:29 GSD getOne 第 1 次 等待 3 秒
2024-09-01 00:17:32 查询号码 【1412242】，返回信息 {"status":"ok","msg":"-","gid":"556892","time_insert":"2023-02-26 18:24"}
2024-09-01 00:17:32 查询号码 【1412242】，GSD为【"-"】
2024-09-01 00:17:32 ok && -
2024-09-01 00:17:36 CHB 1412242?1725121052 第 1 次 等待 3 秒
2024-09-01 00:17:39 CHB 1412242?1725121052 第 1 次 获取到号码【1412242】GSD
2024-09-01 00:17:39 未获取到号码【1412242】GSD，可能号码格式错误
2024-09-01 00:17:39 获取到号码【1412242】的GSD为【-】
2024-09-01 00:17:47 GSD insert 第 1 次 等待 3 秒
2024-09-01 00:17:50 {"status":"bad","gid":"556892","msg":"添加失败！号码【1412242(-|-)】已存在！"}
2024-09-01 00:17:50 随机等待 193 秒，约 3 分钟
2024-09-01 00:17:50 下次操作: 2024-09-01 00:21:03

2024-09-01 00:21:03 开始第 2244 次操作

2024-09-01 00:21:03 开始操作号码 【1412243】
2024-09-01 00:21:11 GSD getOne 第 1 次 等待 3 秒
2024-09-01 00:21:14 查询号码 【1412243】，返回信息 {"status":"ok","msg":"-","gid":"556905","time_insert":"2023-02-26 18:33"}
2024-09-01 00:21:14 查询号码 【1412243】，GSD为【"-"】
2024-09-01 00:21:14 ok && -
2024-09-01 00:21:16 CHB 1412243?1725121274 第 1 次 等待 3 秒
2024-09-01 00:21:19 CHB 1412243?1725121274 第 1 次 获取到号码【1412243】GSD
2024-09-01 00:21:19 未获取到号码【1412243】GSD，可能号码格式错误
2024-09-01 00:21:19 获取到号码【1412243】的GSD为【-】
2024-09-01 00:21:27 GSD insert 第 1 次 等待 3 秒
2024-09-01 00:21:30 {"status":"bad","gid":"556905","msg":"添加失败！号码【1412243(-|-)】已存在！"}

2024-09-01 00:40:48 开始第 2245 次操作

2024-09-01 00:40:48 开始操作号码 【1412244】
2024-09-01 00:40:57 GSD getOne 第 1 次 等待 3 秒
2024-09-01 00:41:00 查询号码 【1412244】，返回信息 {"status":"ok","msg":"-","gid":"556926","time_insert":"2023-02-26 18:46"}
2024-09-01 00:41:00 查询号码 【1412244】，GSD为【"-"】
2024-09-01 00:41:00 ok && -
2024-09-01 00:41:01 CHB 1412244?1725122460 第 1 次 等待 3 秒
2024-09-01 00:41:04 CHB 1412244?1725122460 第 1 次 获取到号码【1412244】GSD
2024-09-01 00:41:04 未获取到号码【1412244】GSD，可能号码格式错误
2024-09-01 00:41:04 获取到号码【1412244】的GSD为【-】
2024-09-01 00:41:14 GSD insert 第 1 次 等待 3 秒
2024-09-01 00:41:18 {"status":"bad","gid":"556926","msg":"添加失败！号码【1412244(-|-)】已存在！"}
2024-09-01 00:41:18 随机等待 117 秒，约 1 分钟
2024-09-01 00:41:18 下次操作: 2024-09-01 00:43:15

2024-09-01 00:43:15 开始第 2246 次操作

2024-09-01 00:43:15 开始操作号码 【1412245】
2024-09-01 00:43:24 GSD getOne 第 1 次 等待 3 秒
2024-09-01 00:43:27 查询号码 【1412245】，返回信息 {"status":"ok","msg":"-","gid":"556950","time_insert":"2023-02-26 18:59"}
2024-09-01 00:43:27 查询号码 【1412245】，GSD为【"-"】
2024-09-01 00:43:27 ok && -
2024-09-01 00:43:29 CHB 1412245?1725122607 第 1 次 等待 3 秒
2024-09-01 00:43:32 CHB 1412245?1725122607 第 1 次 获取到号码【1412245】GSD
2024-09-01 00:43:32 未获取到号码【1412245】GSD，可能号码格式错误
2024-09-01 00:43:32 获取到号码【1412245】的GSD为【-】
2024-09-01 00:43:41 GSD insert 第 1 次 等待 3 秒
2024-09-01 00:43:44 {"status":"bad","gid":"556950","msg":"添加失败！号码【1412245(-|-)】已存在！"}
2024-09-01 00:43:44 随机等待 88 秒，约 1 分钟
2024-09-01 00:43:44 下次操作: 2024-09-01 00:45:12

2024-09-01 00:45:12 开始第 2247 次操作

2024-09-01 00:45:12 开始操作号码 【1412246】
2024-09-01 00:45:24 GSD getOne 第 1 次 等待 3 秒
2024-09-01 00:45:27 查询号码 【1412246】，返回信息 {"status":"ok","msg":"-","gid":"556964","time_insert":"2023-02-26 19:08"}
2024-09-01 00:45:27 查询号码 【1412246】，GSD为【"-"】
2024-09-01 00:45:27 ok && -
2024-09-01 00:45:29 CHB 1412246?1725122727 第 1 次 等待 3 秒
2024-09-01 00:45:32 CHB 1412246?1725122727 第 1 次 获取到号码【1412246】GSD
2024-09-01 00:45:32 未获取到号码【1412246】GSD，可能号码格式错误
2024-09-01 00:45:32 获取到号码【1412246】的GSD为【-】
2024-09-01 00:45:40 GSD insert 第 1 次 等待 3 秒
2024-09-01 00:45:43 {"status":"bad","gid":"556964","msg":"添加失败！号码【1412246(-|-)】已存在！"}
2024-09-01 00:45:44 随机等待 154 秒，约 2 分钟
2024-09-01 00:45:44 下次操作: 2024-09-01 00:48:18

2024-09-01 00:48:18 开始第 2248 次操作

2024-09-01 00:48:18 开始操作号码 【1412247】
2024-09-01 00:48:29 GSD getOne 第 1 次 等待 3 秒
2024-09-01 00:48:32 查询号码 【1412247】，返回信息 {"status":"ok","msg":"-","gid":"556981","time_insert":"2023-02-26 19:19"}
2024-09-01 00:48:33 查询号码 【1412247】，GSD为【"-"】
2024-09-01 00:48:33 ok && -
2024-09-01 00:48:34 CHB 1412247?1725122913 第 1 次 等待 3 秒
2024-09-01 00:48:37 CHB 1412247?1725122913 第 1 次 获取到号码【1412247】GSD
2024-09-01 00:48:37 未获取到号码【1412247】GSD，可能号码格式错误
2024-09-01 00:48:37 获取到号码【1412247】的GSD为【-】
2024-09-01 00:48:46 GSD insert 第 1 次 等待 3 秒
2024-09-01 00:48:49 {"status":"bad","gid":"556981","msg":"添加失败！号码【1412247(-|-)】已存在！"}

