2023-11-13 00:19:27 开始第 8221 次操作

2023-11-13 00:19:27 开始操作号码 【1958139】
2023-11-13 00:19:32 GSD getOne 第 1 次 等待 3 秒
2023-11-13 00:19:35 查询号码 【1958139】，返回信息 {"status":"ok","msg":"四川-自贡","gid":"467543","time_insert":"2021-08-01 13:09"}
2023-11-13 00:19:35 查询号码 【1958139】，GSD为【"四川-自贡"】

2023-11-13 00:19:36 开始第 8222 次操作

2023-11-13 00:19:36 开始操作号码 【1958140】
2023-11-13 00:19:40 GSD getOne 第 1 次 等待 3 秒
2023-11-13 00:19:43 查询号码 【1958140】，返回信息 {"status":"ok","msg":"江苏-徐州","gid":"467534","time_insert":"2021-08-01 13:08"}
2023-11-13 00:19:43 查询号码 【1958140】，GSD为【"江苏-徐州"】

2023-11-13 00:19:44 开始第 8223 次操作

2023-11-13 00:19:44 开始操作号码 【1958141】
2023-11-13 00:19:47 GSD getOne 第 1 次 等待 3 秒
2023-11-13 00:19:50 查询号码 【1958141】，返回信息 {"status":"ok","msg":"江苏-徐州","gid":"467526","time_insert":"2021-08-01 13:08"}
2023-11-13 00:19:50 查询号码 【1958141】，GSD为【"江苏-徐州"】

2023-11-13 00:19:51 开始第 8224 次操作

2023-11-13 00:19:51 开始操作号码 【1958142】
2023-11-13 00:19:55 GSD getOne 第 1 次 等待 3 秒
2023-11-13 00:19:58 查询号码 【1958142】，返回信息 {"status":"ok","msg":"江苏-徐州","gid":"467517","time_insert":"2021-08-01 13:07"}
2023-11-13 00:19:58 查询号码 【1958142】，GSD为【"江苏-徐州"】

2023-11-13 00:38:01 开始第 8225 次操作

2023-11-13 00:38:01 开始操作号码 【1958143】
2023-11-13 00:38:05 GSD getOne 第 1 次 等待 3 秒
2023-11-13 00:38:08 查询号码 【1958143】，返回信息 {"status":"ok","msg":"江苏-徐州","gid":"467511","time_insert":"2021-08-01 13:07"}
2023-11-13 00:38:08 查询号码 【1958143】，GSD为【"江苏-徐州"】

2023-11-13 00:38:09 开始第 8226 次操作

2023-11-13 00:38:09 开始操作号码 【1958144】
2023-11-13 00:38:15 GSD getOne 第 1 次 等待 3 秒
2023-11-13 00:38:18 查询号码 【1958144】，返回信息 {"status":"ok","msg":"江苏-徐州","gid":"467502","time_insert":"2021-08-01 13:06"}
2023-11-13 00:38:18 查询号码 【1958144】，GSD为【"江苏-徐州"】

2023-11-13 00:38:19 开始第 8227 次操作

2023-11-13 00:38:19 开始操作号码 【1958145】
2023-11-13 00:38:22 GSD getOne 第 1 次 等待 3 秒
2023-11-13 00:38:25 查询号码 【1958145】，返回信息 {"status":"ok","msg":"江苏-徐州","gid":"467489","time_insert":"2021-08-01 13:05"}
2023-11-13 00:38:25 查询号码 【1958145】，GSD为【"江苏-徐州"】

2023-11-13 00:38:26 开始第 8228 次操作

2023-11-13 00:38:26 开始操作号码 【1958146】
2023-11-13 00:38:30 GSD getOne 第 1 次 等待 3 秒
2023-11-13 00:38:33 查询号码 【1958146】，返回信息 {"status":"ok","msg":"江苏-徐州","gid":"467481","time_insert":"2021-08-01 13:04"}
2023-11-13 00:38:33 查询号码 【1958146】，GSD为【"江苏-徐州"】

2023-11-13 01:13:20 开始第 8229 次操作

2023-11-13 01:13:20 开始操作号码 【1958147】
2023-11-13 01:13:25 GSD getOne 第 1 次 等待 3 秒
2023-11-13 01:13:28 查询号码 【1958147】，返回信息 {"status":"ok","msg":"江苏-徐州","gid":"467472","time_insert":"2021-08-01 13:04"}
2023-11-13 01:13:28 查询号码 【1958147】，GSD为【"江苏-徐州"】

2023-11-13 01:13:29 开始第 8230 次操作

2023-11-13 01:13:29 开始操作号码 【1958148】
2023-11-13 01:13:32 GSD getOne 第 1 次 等待 3 秒
2023-11-13 01:13:35 查询号码 【1958148】，返回信息 {"status":"ok","msg":"江苏-徐州","gid":"467463","time_insert":"2021-08-01 13:03"}
2023-11-13 01:13:35 查询号码 【1958148】，GSD为【"江苏-徐州"】

2023-11-13 01:13:36 开始第 8231 次操作

2023-11-13 01:13:36 开始操作号码 【1958149】
2023-11-13 01:13:39 GSD getOne 第 1 次 等待 3 秒
2023-11-13 01:13:42 查询号码 【1958149】，返回信息 {"status":"ok","msg":"江苏-徐州","gid":"467452","time_insert":"2021-08-01 13:02"}
2023-11-13 01:13:42 查询号码 【1958149】，GSD为【"江苏-徐州"】

2023-11-13 01:13:43 开始第 8232 次操作

2023-11-13 01:13:43 开始操作号码 【1958150】
2023-11-13 01:13:46 GSD getOne 第 1 次 等待 3 秒
2023-11-13 01:13:49 查询号码 【1958150】，返回信息 {"status":"ok","msg":"山西-吕梁","gid":"467442","time_insert":"2021-08-01 13:02"}
2023-11-13 01:13:50 查询号码 【1958150】，GSD为【"山西-吕梁"】

