2024-08-06 00:23:19 开始第 9821 次操作

2024-08-06 00:23:19 开始操作号码 【1529723】
2024-08-06 00:23:26 GSD getOne 第 1 次 等待 3 秒
2024-08-06 00:23:29 查询号码 【1529723】，返回信息 {"status":"ok","msg":"青海-海东","gid":"20483","time_insert":"2017-06-30 22:39","time_update":"2020-12-15 14:24"}
2024-08-06 00:23:30 查询号码 【1529723】，GSD为【"青海-海东"】

2024-08-06 00:23:31 开始第 9822 次操作

2024-08-06 00:23:31 开始操作号码 【1529724】
2024-08-06 00:23:38 GSD getOne 第 1 次 等待 3 秒
2024-08-06 00:23:41 查询号码 【1529724】，返回信息 {"status":"ok","msg":"青海-海东","gid":"359510","time_insert":"2021-07-22 22:35"}
2024-08-06 00:23:41 查询号码 【1529724】，GSD为【"青海-海东"】

2024-08-06 00:23:42 开始第 9823 次操作

2024-08-06 00:23:42 开始操作号码 【1529725】
2024-08-06 00:23:51 GSD getOne 第 1 次 等待 3 秒
2024-08-06 00:23:54 查询号码 【1529725】，返回信息 {"status":"ok","msg":"青海-海东","gid":"359450","time_insert":"2021-07-22 22:14"}
2024-08-06 00:23:54 查询号码 【1529725】，GSD为【"青海-海东"】

2024-08-06 00:23:55 开始第 9824 次操作

2024-08-06 00:23:55 开始操作号码 【1529726】
2024-08-06 00:24:03 GSD getOne 第 1 次 等待 3 秒
2024-08-06 00:24:06 查询号码 【1529726】，返回信息 {"status":"ok","msg":"青海-海东","gid":"359442","time_insert":"2021-07-22 22:13"}
2024-08-06 00:24:06 查询号码 【1529726】，GSD为【"青海-海东"】

2024-08-06 00:41:41 开始第 9825 次操作

2024-08-06 00:41:41 开始操作号码 【1529727】
2024-08-06 00:41:52 GSD getOne 第 1 次 等待 3 秒
2024-08-06 00:41:55 查询号码 【1529727】，返回信息 {"status":"ok","msg":"青海-海东","gid":"359435","time_insert":"2021-07-22 22:12"}
2024-08-06 00:41:55 查询号码 【1529727】，GSD为【"青海-海东"】

2024-08-06 00:41:56 开始第 9826 次操作

2024-08-06 00:41:56 开始操作号码 【1529728】
2024-08-06 00:42:03 GSD getOne 第 1 次 等待 3 秒
2024-08-06 00:42:06 查询号码 【1529728】，返回信息 {"status":"ok","msg":"青海-海东","gid":"359427","time_insert":"2021-07-22 22:11"}
2024-08-06 00:42:07 查询号码 【1529728】，GSD为【"青海-海东"】

2024-08-06 00:42:08 开始第 9827 次操作

2024-08-06 00:42:08 开始操作号码 【1529729】
2024-08-06 00:42:18 GSD getOne 第 1 次 等待 3 秒
2024-08-06 00:42:21 查询号码 【1529729】，返回信息 {"status":"ok","msg":"青海-海东","gid":"359419","time_insert":"2021-07-22 22:11"}
2024-08-06 00:42:21 查询号码 【1529729】，GSD为【"青海-海东"】

2024-08-06 00:42:22 开始第 9828 次操作

2024-08-06 00:42:22 开始操作号码 【1529730】
2024-08-06 00:42:30 GSD getOne 第 1 次 等待 3 秒
2024-08-06 00:42:33 查询号码 【1529730】，返回信息 {"status":"ok","msg":"河北-张家口","gid":"359411","time_insert":"2021-07-22 22:10"}
2024-08-06 00:42:33 查询号码 【1529730】，GSD为【"河北-张家口"】

2024-08-06 01:18:49 开始第 9829 次操作

2024-08-06 01:18:49 开始操作号码 【1529731】
2024-08-06 01:18:57 GSD getOne 第 1 次 等待 3 秒
2024-08-06 01:19:00 查询号码 【1529731】，返回信息 {"status":"ok","msg":"河北-张家口","gid":"359405","time_insert":"2021-07-22 22:09"}
2024-08-06 01:19:00 查询号码 【1529731】，GSD为【"河北-张家口"】

2024-08-06 01:19:01 开始第 9830 次操作

2024-08-06 01:19:01 开始操作号码 【1529732】
2024-08-06 01:19:09 GSD getOne 第 1 次 等待 3 秒
2024-08-06 01:19:12 查询号码 【1529732】，返回信息 {"status":"ok","msg":"河北-张家口","gid":"359397","time_insert":"2021-07-22 22:08"}
2024-08-06 01:19:12 查询号码 【1529732】，GSD为【"河北-张家口"】

2024-08-06 01:19:13 开始第 9831 次操作

2024-08-06 01:19:13 开始操作号码 【1529733】
2024-08-06 01:19:21 GSD getOne 第 1 次 等待 3 秒
2024-08-06 01:19:24 查询号码 【1529733】，返回信息 {"status":"ok","msg":"河北-张家口","gid":"20484","time_insert":"2018-01-10 08:00","time_update":"2020-08-18 01:31"}
2024-08-06 01:19:24 查询号码 【1529733】，GSD为【"河北-张家口"】

2024-08-06 01:19:25 开始第 9832 次操作

2024-08-06 01:19:25 开始操作号码 【1529734】
2024-08-06 01:19:34 GSD getOne 第 1 次 等待 3 秒
2024-08-06 01:19:37 查询号码 【1529734】，返回信息 {"status":"ok","msg":"河北-张家口","gid":"64661","time_insert":"2021-05-22 10:49","time_update":"2021-06-02 18:19"}
2024-08-06 01:19:37 查询号码 【1529734】，GSD为【"河北-张家口"】

