2024-01-04 00:21:03 开始第 6741 次操作

2024-01-04 00:21:03 开始操作号码 【1856660】
2024-01-04 00:21:06 GSD getOne 第 1 次 等待 3 秒
2024-01-04 00:21:09 查询号码 【1856660】，返回信息 {"status":"ok","msg":"广东-深圳","gid":"435416","time_insert":"2021-07-29 17:08"}
2024-01-04 00:21:09 查询号码 【1856660】，GSD为【"广东-深圳"】

2024-01-04 00:21:10 开始第 6742 次操作

2024-01-04 00:21:10 开始操作号码 【1856661】
2024-01-04 00:21:13 GSD getOne 第 1 次 等待 3 秒
2024-01-04 00:21:16 查询号码 【1856661】，返回信息 {"status":"ok","msg":"广东-深圳","gid":"435405","time_insert":"2021-07-29 17:07"}
2024-01-04 00:21:16 查询号码 【1856661】，GSD为【"广东-深圳"】

2024-01-04 00:21:18 开始第 6743 次操作

2024-01-04 00:21:18 开始操作号码 【1856662】
2024-01-04 00:21:20 GSD getOne 第 1 次 等待 3 秒
2024-01-04 00:21:23 查询号码 【1856662】，返回信息 {"status":"ok","msg":"广东-深圳","gid":"435394","time_insert":"2021-07-29 17:06"}
2024-01-04 00:21:23 查询号码 【1856662】，GSD为【"广东-深圳"】

2024-01-04 00:21:24 开始第 6744 次操作

2024-01-04 00:21:24 开始操作号码 【1856663】
2024-01-04 00:21:27 GSD getOne 第 1 次 等待 3 秒
2024-01-04 00:21:30 查询号码 【1856663】，返回信息 {"status":"ok","msg":"广东-深圳","gid":"435383","time_insert":"2021-07-29 17:05"}
2024-01-04 00:21:30 查询号码 【1856663】，GSD为【"广东-深圳"】

2024-01-04 00:40:17 开始第 6745 次操作

2024-01-04 00:40:17 开始操作号码 【1856664】
2024-01-04 00:40:20 GSD getOne 第 1 次 等待 3 秒
2024-01-04 00:40:23 查询号码 【1856664】，返回信息 {"status":"ok","msg":"广东-深圳","gid":"435374","time_insert":"2021-07-29 17:04"}
2024-01-04 00:40:23 查询号码 【1856664】，GSD为【"广东-深圳"】

2024-01-04 00:40:24 开始第 6746 次操作

2024-01-04 00:40:24 开始操作号码 【1856665】
2024-01-04 00:40:27 GSD getOne 第 1 次 等待 3 秒
2024-01-04 00:40:30 查询号码 【1856665】，返回信息 {"status":"ok","msg":"广东-深圳","gid":"39944","time_insert":"2019-01-12 16:48","time_update":"2020-10-01 20:01"}
2024-01-04 00:40:30 查询号码 【1856665】，GSD为【"广东-深圳"】

2024-01-04 00:40:31 开始第 6747 次操作

2024-01-04 00:40:31 开始操作号码 【1856666】
2024-01-04 00:40:33 GSD getOne 第 1 次 等待 3 秒
2024-01-04 00:40:36 查询号码 【1856666】，返回信息 {"status":"ok","msg":"广东-深圳","gid":"435358","time_insert":"2021-07-29 17:03"}
2024-01-04 00:40:36 查询号码 【1856666】，GSD为【"广东-深圳"】

2024-01-04 00:40:37 开始第 6748 次操作

2024-01-04 00:40:37 开始操作号码 【1856667】
2024-01-04 00:40:40 GSD getOne 第 1 次 等待 3 秒
2024-01-04 00:40:43 查询号码 【1856667】，返回信息 {"status":"ok","msg":"广东-深圳","gid":"435344","time_insert":"2021-07-29 17:02"}
2024-01-04 00:40:43 查询号码 【1856667】，GSD为【"广东-深圳"】

2024-01-04 01:14:30 开始第 6749 次操作

2024-01-04 01:14:30 开始操作号码 【1856668】
2024-01-04 01:14:34 GSD getOne 第 1 次 等待 3 秒
2024-01-04 01:14:37 查询号码 【1856668】，返回信息 {"status":"ok","msg":"广东-深圳","gid":"435333","time_insert":"2021-07-29 17:01"}
2024-01-04 01:14:37 查询号码 【1856668】，GSD为【"广东-深圳"】

2024-01-04 01:14:38 开始第 6750 次操作

2024-01-04 01:14:38 开始操作号码 【1856669】
2024-01-04 01:14:41 GSD getOne 第 1 次 等待 3 秒
2024-01-04 01:14:44 查询号码 【1856669】，返回信息 {"status":"ok","msg":"广东-深圳","gid":"435319","time_insert":"2021-07-29 17:01"}
2024-01-04 01:14:44 查询号码 【1856669】，GSD为【"广东-深圳"】

2024-01-04 01:14:45 开始第 6751 次操作

2024-01-04 01:14:45 开始操作号码 【1856670】
2024-01-04 01:14:48 GSD getOne 第 1 次 等待 3 秒
2024-01-04 01:14:51 查询号码 【1856670】，返回信息 {"status":"ok","msg":"广东-深圳","gid":"435307","time_insert":"2021-07-29 17:00"}
2024-01-04 01:14:51 查询号码 【1856670】，GSD为【"广东-深圳"】

2024-01-04 01:14:53 开始第 6752 次操作

2024-01-04 01:14:53 开始操作号码 【1856671】
2024-01-04 01:14:55 GSD getOne 第 1 次 等待 3 秒
2024-01-04 01:14:58 查询号码 【1856671】，返回信息 {"status":"ok","msg":"广东-深圳","gid":"435293","time_insert":"2021-07-29 16:59"}
2024-01-04 01:14:59 查询号码 【1856671】，GSD为【"广东-深圳"】

