2024-04-06 00:22:30 开始第 2105 次操作

2024-04-06 00:22:30 开始操作号码 【1632024】
2024-04-06 00:22:35 GSD getOne 第 1 次 等待 3 秒
2024-04-06 00:22:38 查询号码 【1632024】，返回信息 {"status":"ok","msg":"-","gid":"554808","time_insert":"2023-02-25 20:47"}
2024-04-06 00:22:38 查询号码 【1632024】，GSD为【"-"】
2024-04-06 00:22:38 ok && -
2024-04-06 00:22:41 CHB 1632024?1712334158 第 1 次 等待 3 秒
2024-04-06 00:22:44 CHB 1632024?1712334158 第 1 次 获取到号码【1632024】GSD
2024-04-06 00:22:44 未获取到号码【1632024】GSD，可能号码格式错误
2024-04-06 00:22:44 获取到号码【1632024】的GSD为【-】
2024-04-06 00:22:49 GSD insert 第 1 次 等待 3 秒
2024-04-06 00:22:52 {"status":"bad","gid":"554808","msg":"添加失败！号码【1632024(-|-)】已存在！"}
2024-04-06 00:22:52 随机等待 82 秒，约 1 分钟
2024-04-06 00:22:52 下次操作: 2024-04-06 00:24:14

2024-04-06 00:24:14 开始第 2106 次操作

2024-04-06 00:24:14 开始操作号码 【1632025】
2024-04-06 00:24:21 GSD getOne 第 1 次 等待 3 秒
2024-04-06 00:24:24 查询号码 【1632025】，返回信息 {"status":"ok","msg":"-","gid":"554826","time_insert":"2023-02-25 20:58"}
2024-04-06 00:24:24 查询号码 【1632025】，GSD为【"-"】
2024-04-06 00:24:24 ok && -
2024-04-06 00:24:27 CHB 1632025?1712334264 第 1 次 等待 3 秒
2024-04-06 00:24:30 CHB 1632025?1712334264 第 1 次 获取到号码【1632025】GSD
2024-04-06 00:24:30 未获取到号码【1632025】GSD，可能号码格式错误
2024-04-06 00:24:30 获取到号码【1632025】的GSD为【-】
2024-04-06 00:24:35 GSD insert 第 1 次 等待 3 秒
2024-04-06 00:24:38 {"status":"bad","gid":"554826","msg":"添加失败！号码【1632025(-|-)】已存在！"}
2024-04-06 00:24:38 随机等待 128 秒，约 2 分钟
2024-04-06 00:24:38 下次操作: 2024-04-06 00:26:46

2024-04-06 00:26:47 开始第 2107 次操作

2024-04-06 00:26:47 开始操作号码 【1632026】
2024-04-06 00:26:51 GSD getOne 第 1 次 等待 3 秒
2024-04-06 00:26:54 查询号码 【1632026】，返回信息 {"status":"ok","msg":"-","gid":"554848","time_insert":"2023-02-25 21:12"}
2024-04-06 00:26:54 查询号码 【1632026】，GSD为【"-"】
2024-04-06 00:26:54 ok && -
2024-04-06 00:26:56 CHB 1632026?1712334414 第 1 次 等待 3 秒
2024-04-06 00:26:59 CHB 1632026?1712334414 第 1 次 获取到号码【1632026】GSD
2024-04-06 00:27:00 未获取到号码【1632026】GSD，可能号码格式错误
2024-04-06 00:27:00 获取到号码【1632026】的GSD为【-】
2024-04-06 00:27:04 GSD insert 第 1 次 等待 3 秒
2024-04-06 00:27:07 {"status":"bad","gid":"554848","msg":"添加失败！号码【1632026(-|-)】已存在！"}
2024-04-06 00:27:07 随机等待 176 秒，约 2 分钟
2024-04-06 00:27:07 下次操作: 2024-04-06 00:30:03

2024-04-06 00:30:03 开始第 2108 次操作

2024-04-06 00:30:03 开始操作号码 【1632027】
2024-04-06 00:30:10 GSD getOne 第 1 次 等待 3 秒
2024-04-06 00:30:13 查询号码 【1632027】，返回信息 {"status":"ok","msg":"-","gid":"554873","time_insert":"2023-02-25 21:28"}
2024-04-06 00:30:13 查询号码 【1632027】，GSD为【"-"】
2024-04-06 00:30:13 ok && -
2024-04-06 00:30:16 CHB 1632027?1712334613 第 1 次 等待 3 秒
2024-04-06 00:30:19 CHB 1632027?1712334613 第 1 次 获取到号码【1632027】GSD
2024-04-06 00:30:19 未获取到号码【1632027】GSD，可能号码格式错误
2024-04-06 00:30:19 获取到号码【1632027】的GSD为【-】
2024-04-06 00:30:24 GSD insert 第 1 次 等待 3 秒
2024-04-06 00:30:27 {"status":"bad","gid":"554873","msg":"添加失败！号码【1632027(-|-)】已存在！"}

