2023-11-12 00:19:32 开始第 8041 次操作

2023-11-12 00:19:32 开始操作号码 【1957959】
2023-11-12 00:19:36 GSD getOne 第 1 次 等待 3 秒
2023-11-12 00:19:39 查询号码 【1957959】，返回信息 {"status":"ok","msg":"江西-抚州","gid":"469905","time_insert":"2021-08-01 17:47"}
2023-11-12 00:19:39 查询号码 【1957959】，GSD为【"江西-抚州"】

2023-11-12 00:19:40 开始第 8042 次操作

2023-11-12 00:19:40 开始操作号码 【1957960】
2023-11-12 00:19:43 GSD getOne 第 1 次 等待 3 秒
2023-11-12 00:19:46 查询号码 【1957960】，返回信息 {"status":"ok","msg":"江西-新余","gid":"469894","time_insert":"2021-08-01 17:47"}
2023-11-12 00:19:46 查询号码 【1957960】，GSD为【"江西-新余"】

2023-11-12 00:19:47 开始第 8043 次操作

2023-11-12 00:19:47 开始操作号码 【1957961】
2023-11-12 00:19:50 GSD getOne 第 1 次 等待 3 秒
2023-11-12 00:19:53 查询号码 【1957961】，返回信息 {"status":"ok","msg":"江西-南昌","gid":"469885","time_insert":"2021-08-01 17:46"}
2023-11-12 00:19:53 查询号码 【1957961】，GSD为【"江西-南昌"】

2023-11-12 00:19:54 开始第 8044 次操作

2023-11-12 00:19:54 开始操作号码 【1957962】
2023-11-12 00:19:58 GSD getOne 第 1 次 等待 3 秒
2023-11-12 00:20:01 查询号码 【1957962】，返回信息 {"status":"ok","msg":"江西-九江","gid":"469871","time_insert":"2021-08-01 17:45"}
2023-11-12 00:20:01 查询号码 【1957962】，GSD为【"江西-九江"】

2023-11-12 00:37:53 开始第 8045 次操作

2023-11-12 00:37:53 开始操作号码 【1957963】
2023-11-12 00:37:57 GSD getOne 第 1 次 等待 3 秒
2023-11-12 00:38:00 查询号码 【1957963】，返回信息 {"status":"ok","msg":"江西-吉安","gid":"469861","time_insert":"2021-08-01 17:44"}
2023-11-12 00:38:00 查询号码 【1957963】，GSD为【"江西-吉安"】

2023-11-12 00:38:01 开始第 8046 次操作

2023-11-12 00:38:01 开始操作号码 【1957964】
2023-11-12 00:38:06 GSD getOne 第 1 次 等待 3 秒
2023-11-12 00:38:09 查询号码 【1957964】，返回信息 {"status":"ok","msg":"江西-吉安","gid":"469852","time_insert":"2021-08-01 17:44"}
2023-11-12 00:38:09 查询号码 【1957964】，GSD为【"江西-吉安"】

2023-11-12 00:38:10 开始第 8047 次操作

2023-11-12 00:38:10 开始操作号码 【1957965】
2023-11-12 00:38:17 GSD getOne 第 1 次 等待 3 秒
2023-11-12 00:38:20 查询号码 【1957965】，返回信息 {"status":"ok","msg":"江西-吉安","gid":"469845","time_insert":"2021-08-01 17:43"}
2023-11-12 00:38:20 查询号码 【1957965】，GSD为【"江西-吉安"】

2023-11-12 00:38:21 开始第 8048 次操作

2023-11-12 00:38:21 开始操作号码 【1957966】
2023-11-12 00:38:25 GSD getOne 第 1 次 等待 3 秒
2023-11-12 00:38:28 查询号码 【1957966】，返回信息 {"status":"ok","msg":"江西-吉安","gid":"469837","time_insert":"2021-08-01 17:42"}
2023-11-12 00:38:28 查询号码 【1957966】，GSD为【"江西-吉安"】

