2024-10-15 00:12:47 开始第 9941 次操作

2024-10-15 00:12:47 开始操作号码 【1419937】
2024-10-15 00:13:05 GSD getOne 第 1 次 等待 3 秒
2024-10-15 00:13:08 查询号码 【1419937】，返回信息 {"status":"ok","msg":"-","gid":"690195","time_insert":"2023-05-03 02:47"}
2024-10-15 00:13:08 查询号码 【1419937】，GSD为【"-"】
2024-10-15 00:13:08 ok && -
2024-10-15 00:13:09 CHB 1419937?1728922388 第 1 次 等待 3 秒
2024-10-15 00:13:12 CHB 1419937?1728922388 第 1 次 获取到号码【1419937】GSD
2024-10-15 00:13:12 未获取到号码【1419937】GSD，可能号码格式错误
2024-10-15 00:13:12 获取到号码【1419937】的GSD为【-】
2024-10-15 00:13:29 GSD insert 第 1 次 等待 3 秒
2024-10-15 00:13:32 {"status":"bad","gid":"690195","msg":"添加失败！号码【1419937(-|-)】已存在！"}
2024-10-15 00:13:32 随机等待 157 秒，约 2 分钟
2024-10-15 00:13:32 下次操作: 2024-10-15 00:16:09

2024-10-15 00:16:09 开始第 9942 次操作

2024-10-15 00:16:09 开始操作号码 【1419938】
2024-10-15 00:16:26 GSD getOne 第 1 次 等待 3 秒
2024-10-15 00:16:29 查询号码 【1419938】，返回信息 {"status":"ok","msg":"-","gid":"690172","time_insert":"2023-05-03 02:23"}
2024-10-15 00:16:29 查询号码 【1419938】，GSD为【"-"】
2024-10-15 00:16:29 ok && -
2024-10-15 00:16:31 CHB 1419938?1728922589 第 1 次 等待 3 秒
2024-10-15 00:16:34 CHB 1419938?1728922589 第 1 次 获取到号码【1419938】GSD
2024-10-15 00:16:34 未获取到号码【1419938】GSD，可能号码格式错误
2024-10-15 00:16:34 获取到号码【1419938】的GSD为【-】
2024-10-15 00:17:21 GSD insert 第 1 次 等待 3 秒
2024-10-15 00:17:24 {"status":"bad","gid":"690172","msg":"添加失败！号码【1419938(-|-)】已存在！"}
2024-10-15 00:17:24 随机等待 73 秒，约 1 分钟
2024-10-15 00:17:24 下次操作: 2024-10-15 00:18:37

2024-10-15 00:18:37 开始第 9943 次操作

2024-10-15 00:18:37 开始操作号码 【1419939】
2024-10-15 00:18:54 GSD getOne 第 1 次 等待 3 秒
2024-10-15 00:18:57 查询号码 【1419939】，返回信息 {"status":"ok","msg":"-","gid":"690151","time_insert":"2023-05-03 02:03"}
2024-10-15 00:18:57 查询号码 【1419939】，GSD为【"-"】
2024-10-15 00:18:57 ok && -
2024-10-15 00:18:58 CHB 1419939?1728922737 第 1 次 等待 3 秒
2024-10-15 00:19:01 CHB 1419939?1728922737 第 1 次 获取到号码【1419939】GSD
2024-10-15 00:19:01 未获取到号码【1419939】GSD，可能号码格式错误
2024-10-15 00:19:01 获取到号码【1419939】的GSD为【-】
2024-10-15 00:19:16 GSD insert 第 1 次 等待 3 秒
2024-10-15 00:19:19 {"status":"bad","gid":"690151","msg":"添加失败！号码【1419939(-|-)】已存在！"}
2024-10-15 00:19:19 随机等待 182 秒，约 3 分钟
2024-10-15 00:19:19 下次操作: 2024-10-15 00:22:21

2024-10-15 00:22:21 开始第 9944 次操作

2024-10-15 00:22:21 开始操作号码 【1419940】
2024-10-15 00:22:38 GSD getOne 第 1 次 等待 3 秒
2024-10-15 00:22:41 查询号码 【1419940】，返回信息 {"status":"ok","msg":"-","gid":"690133","time_insert":"2023-05-03 01:42"}
2024-10-15 00:22:41 查询号码 【1419940】，GSD为【"-"】
2024-10-15 00:22:41 ok && -
2024-10-15 00:22:43 CHB 1419940?1728922961 第 1 次 等待 3 秒
2024-10-15 00:22:46 CHB 1419940?1728922961 第 1 次 获取到号码【1419940】GSD
2024-10-15 00:22:46 未获取到号码【1419940】GSD，可能号码格式错误
2024-10-15 00:22:46 获取到号码【1419940】的GSD为【-】
2024-10-15 00:22:48 GSD insert 第 1 次 等待 3 秒
2024-10-15 00:22:51 {"status":"bad","gid":"690133","msg":"添加失败！号码【1419940(-|-)】已存在！"}

