2023-12-30 00:23:16 开始第 5853 次操作

2023-12-30 00:23:16 开始操作号码 【1855772】
2023-12-30 00:23:20 GSD getOne 第 1 次 等待 3 秒
2023-12-30 00:23:23 查询号码 【1855772】，返回信息 {"status":"ok","msg":"浙江-台州","gid":"445399","time_insert":"2021-07-30 15:05"}
2023-12-30 00:23:23 查询号码 【1855772】，GSD为【"浙江-台州"】

2023-12-30 00:23:24 开始第 5854 次操作

2023-12-30 00:23:24 开始操作号码 【1855773】
2023-12-30 00:23:27 GSD getOne 第 1 次 等待 3 秒
2023-12-30 00:23:30 查询号码 【1855773】，返回信息 {"status":"ok","msg":"浙江-台州","gid":"445390","time_insert":"2021-07-30 15:05"}
2023-12-30 00:23:30 查询号码 【1855773】，GSD为【"浙江-台州"】

2023-12-30 00:23:32 开始第 5855 次操作

2023-12-30 00:23:32 开始操作号码 【1855774】
2023-12-30 00:23:36 GSD getOne 第 1 次 等待 3 秒
2023-12-30 00:23:39 查询号码 【1855774】，返回信息 {"status":"ok","msg":"浙江-台州","gid":"445379","time_insert":"2021-07-30 15:04"}
2023-12-30 00:23:39 查询号码 【1855774】，GSD为【"浙江-台州"】

2023-12-30 00:23:40 开始第 5856 次操作

2023-12-30 00:23:40 开始操作号码 【1855775】
2023-12-30 00:23:44 GSD getOne 第 1 次 等待 3 秒
2023-12-30 00:23:47 查询号码 【1855775】，返回信息 {"status":"ok","msg":"浙江-台州","gid":"445367","time_insert":"2021-07-30 15:03"}
2023-12-30 00:23:47 查询号码 【1855775】，GSD为【"浙江-台州"】

