2023-10-29 00:18:59 开始第 5573 次操作

2023-10-29 00:18:59 开始操作号码 【1955491】
2023-10-29 00:19:03 GSD getOne 第 1 次 等待 3 秒
2023-10-29 00:19:06 查询号码 【1955491】，返回信息 {"status":"ok","msg":"安徽-池州","gid":"516974","time_insert":"2021-08-18 13:20"}
2023-10-29 00:19:06 查询号码 【1955491】，GSD为【"安徽-池州"】

2023-10-29 00:19:07 开始第 5574 次操作

2023-10-29 00:19:07 开始操作号码 【1955492】
2023-10-29 00:19:12 GSD getOne 第 1 次 等待 3 秒
2023-10-29 00:19:15 查询号码 【1955492】，返回信息 {"status":"ok","msg":"安徽-合肥","gid":"516987","time_insert":"2021-08-18 13:32"}
2023-10-29 00:19:15 查询号码 【1955492】，GSD为【"安徽-合肥"】

2023-10-29 00:19:16 开始第 5575 次操作

2023-10-29 00:19:16 开始操作号码 【1955493】
2023-10-29 00:19:31 GSD getOne 第 1 次 等待 3 秒
2023-10-29 00:19:34 查询号码 【1955493】，返回信息 {"status":"ok","msg":"安徽-合肥","gid":"517003","time_insert":"2021-08-18 13:44"}
2023-10-29 00:19:34 查询号码 【1955493】，GSD为【"安徽-合肥"】

2023-10-29 00:19:35 开始第 5576 次操作

2023-10-29 00:19:35 开始操作号码 【1955494】
2023-10-29 00:19:40 GSD getOne 第 1 次 等待 3 秒
2023-10-29 00:19:43 查询号码 【1955494】，返回信息 {"status":"ok","msg":"安徽-合肥","gid":"517018","time_insert":"2021-08-18 13:57"}
2023-10-29 00:19:43 查询号码 【1955494】，GSD为【"安徽-合肥"】

