2024-07-30 00:24:29 开始第 8597 次操作

2024-07-30 00:24:29 开始操作号码 【1528499】
2024-07-30 00:24:42 GSD getOne 第 1 次 等待 3 秒
2024-07-30 00:24:45 查询号码 【1528499】，返回信息 {"status":"ok","msg":"四川-资阳","gid":"369467","time_insert":"2021-07-23 19:56"}
2024-07-30 00:24:45 查询号码 【1528499】，GSD为【"四川-资阳"】

2024-07-30 00:24:46 开始第 8598 次操作

2024-07-30 00:24:46 开始操作号码 【1528500】
2024-07-30 00:24:55 GSD getOne 第 1 次 等待 3 秒
2024-07-30 00:24:58 查询号码 【1528500】，返回信息 {"status":"ok","msg":"贵州-贵阳","gid":"369458","time_insert":"2021-07-23 19:56"}
2024-07-30 00:24:58 查询号码 【1528500】，GSD为【"贵州-贵阳"】

2024-07-30 00:24:59 开始第 8599 次操作

2024-07-30 00:24:59 开始操作号码 【1528501】
2024-07-30 00:25:07 GSD getOne 第 1 次 等待 3 秒
2024-07-30 00:25:10 查询号码 【1528501】，返回信息 {"status":"ok","msg":"贵州-贵阳","gid":"20086","time_insert":"2017-05-01 21:23","time_update":"2020-11-20 02:17"}
2024-07-30 00:25:11 查询号码 【1528501】，GSD为【"贵州-贵阳"】

2024-07-30 00:25:12 开始第 8600 次操作

2024-07-30 00:25:12 开始操作号码 【1528502】
2024-07-30 00:25:19 GSD getOne 第 1 次 等待 3 秒
2024-07-30 00:25:22 查询号码 【1528502】，返回信息 {"status":"ok","msg":"贵州-贵阳","gid":"20087","time_insert":"2017-04-07 01:25","time_update":"2020-11-20 02:22"}
2024-07-30 00:25:22 查询号码 【1528502】，GSD为【"贵州-贵阳"】

2024-07-30 00:41:59 开始第 8601 次操作

2024-07-30 00:41:59 开始操作号码 【1528503】
2024-07-30 00:42:07 GSD getOne 第 1 次 等待 3 秒
2024-07-30 00:42:10 查询号码 【1528503】，返回信息 {"status":"ok","msg":"贵州-贵阳","gid":"369445","time_insert":"2021-07-23 19:55"}
2024-07-30 00:42:10 查询号码 【1528503】，GSD为【"贵州-贵阳"】

2024-07-30 00:42:11 开始第 8602 次操作

2024-07-30 00:42:11 开始操作号码 【1528504】
2024-07-30 00:42:19 GSD getOne 第 1 次 等待 3 秒
2024-07-30 00:42:22 查询号码 【1528504】，返回信息 {"status":"ok","msg":"贵州-贵阳","gid":"369435","time_insert":"2021-07-23 19:54"}
2024-07-30 00:42:22 查询号码 【1528504】，GSD为【"贵州-贵阳"】

2024-07-30 00:42:23 开始第 8603 次操作

2024-07-30 00:42:23 开始操作号码 【1528505】
2024-07-30 00:42:34 GSD getOne 第 1 次 等待 3 秒
2024-07-30 00:42:37 查询号码 【1528505】，返回信息 {"status":"ok","msg":"贵州-贵阳","gid":"369427","time_insert":"2021-07-23 19:54"}
2024-07-30 00:42:37 查询号码 【1528505】，GSD为【"贵州-贵阳"】

2024-07-30 00:42:38 开始第 8604 次操作

2024-07-30 00:42:38 开始操作号码 【1528506】
2024-07-30 00:42:48 GSD getOne 第 1 次 等待 3 秒
2024-07-30 00:42:51 查询号码 【1528506】，返回信息 {"status":"ok","msg":"贵州-贵阳","gid":"369417","time_insert":"2021-07-23 19:53"}
2024-07-30 00:42:51 查询号码 【1528506】，GSD为【"贵州-贵阳"】

2024-07-30 01:17:26 开始第 8605 次操作

2024-07-30 01:17:26 开始操作号码 【1528507】
2024-07-30 01:17:34 GSD getOne 第 1 次 等待 3 秒
2024-07-30 01:17:37 查询号码 【1528507】，返回信息 {"status":"ok","msg":"贵州-贵阳","gid":"20088","time_insert":"2018-05-09 11:15","time_update":"2020-11-20 02:23"}
2024-07-30 01:17:37 查询号码 【1528507】，GSD为【"贵州-贵阳"】

2024-07-30 01:17:38 开始第 8606 次操作

2024-07-30 01:17:38 开始操作号码 【1528508】
2024-07-30 01:17:46 GSD getOne 第 1 次 等待 3 秒
2024-07-30 01:17:49 查询号码 【1528508】，返回信息 {"status":"ok","msg":"贵州-贵阳","gid":"369406","time_insert":"2021-07-23 19:52"}
2024-07-30 01:17:50 查询号码 【1528508】，GSD为【"贵州-贵阳"】

2024-07-30 01:17:51 开始第 8607 次操作

2024-07-30 01:17:51 开始操作号码 【1528509】
2024-07-30 01:17:58 GSD getOne 第 1 次 等待 3 秒
2024-07-30 01:18:01 查询号码 【1528509】，返回信息 {"status":"ok","msg":"贵州-贵阳","gid":"20089","time_insert":"2020-07-28 15:32","time_update":"2020-11-20 02:26"}
2024-07-30 01:18:01 查询号码 【1528509】，GSD为【"贵州-贵阳"】

2024-07-30 01:18:02 开始第 8608 次操作

2024-07-30 01:18:02 开始操作号码 【1528510】
2024-07-30 01:18:10 GSD getOne 第 1 次 等待 3 秒
2024-07-30 01:18:13 查询号码 【1528510】，返回信息 {"status":"ok","msg":"贵州-贵阳","gid":"20090","time_insert":"2018-09-04 14:02","time_update":"2020-11-20 02:29"}
2024-07-30 01:18:14 查询号码 【1528510】，GSD为【"贵州-贵阳"】

2024-07-30 01:38:20 开始第 8609 次操作

2024-07-30 01:38:20 开始操作号码 【1528511】
2024-07-30 01:38:28 GSD getOne 第 1 次 等待 3 秒
2024-07-30 01:38:31 查询号码 【1528511】，返回信息 {"status":"ok","msg":"贵州-贵阳","gid":"369393","time_insert":"2021-07-23 19:51"}
2024-07-30 01:38:31 查询号码 【1528511】，GSD为【"贵州-贵阳"】

2024-07-30 01:38:32 开始第 8610 次操作

2024-07-30 01:38:32 开始操作号码 【1528512】
2024-07-30 01:38:41 GSD getOne 第 1 次 等待 3 秒
2024-07-30 01:38:44 查询号码 【1528512】，返回信息 {"status":"ok","msg":"贵州-贵阳","gid":"369382","time_insert":"2021-07-23 19:51"}
2024-07-30 01:38:44 查询号码 【1528512】，GSD为【"贵州-贵阳"】

2024-07-30 01:38:45 开始第 8611 次操作

2024-07-30 01:38:45 开始操作号码 【1528513】
2024-07-30 01:38:53 GSD getOne 第 1 次 等待 3 秒
2024-07-30 01:38:56 查询号码 【1528513】，返回信息 {"status":"ok","msg":"贵州-贵阳","gid":"20091","time_insert":"2019-11-15 11:24","time_update":"2020-11-20 02:32"}
2024-07-30 01:38:56 查询号码 【1528513】，GSD为【"贵州-贵阳"】

2024-07-30 01:38:57 开始第 8612 次操作

2024-07-30 01:38:57 开始操作号码 【1528514】
2024-07-30 01:39:04 GSD getOne 第 1 次 等待 3 秒
2024-07-30 01:39:07 查询号码 【1528514】，返回信息 {"status":"ok","msg":"贵州-贵阳","gid":"20092","time_insert":"2016-03-11 13:34","time_update":"2020-11-20 02:36"}
2024-07-30 01:39:07 查询号码 【1528514】，GSD为【"贵州-贵阳"】

2024-07-30 02:25:13 开始第 8613 次操作

2024-07-30 02:25:13 开始操作号码 【1528515】
2024-07-30 02:25:20 GSD getOne 第 1 次 等待 3 秒
2024-07-30 02:25:24 查询号码 【1528515】，返回信息 {"status":"ok","msg":"贵州-贵阳","gid":"20093","time_insert":"2017-12-03 16:51","time_update":"2020-11-20 02:41"}
2024-07-30 02:25:24 查询号码 【1528515】，GSD为【"贵州-贵阳"】

2024-07-30 02:25:25 开始第 8614 次操作

2024-07-30 02:25:25 开始操作号码 【1528516】
2024-07-30 02:25:33 GSD getOne 第 1 次 等待 3 秒
2024-07-30 02:25:36 查询号码 【1528516】，返回信息 {"status":"ok","msg":"贵州-贵阳","gid":"20094","time_insert":"2018-11-14 14:47","time_update":"2020-11-20 02:44"}
2024-07-30 02:25:36 查询号码 【1528516】，GSD为【"贵州-贵阳"】

2024-07-30 02:25:37 开始第 8615 次操作

2024-07-30 02:25:37 开始操作号码 【1528517】
2024-07-30 02:25:44 GSD getOne 第 1 次 等待 3 秒
2024-07-30 02:25:47 查询号码 【1528517】，返回信息 {"status":"ok","msg":"贵州-贵阳","gid":"369368","time_insert":"2021-07-23 19:50"}
2024-07-30 02:25:47 查询号码 【1528517】，GSD为【"贵州-贵阳"】

2024-07-30 02:25:48 开始第 8616 次操作

2024-07-30 02:25:48 开始操作号码 【1528518】
2024-07-30 02:25:57 GSD getOne 第 1 次 等待 3 秒
2024-07-30 02:26:00 查询号码 【1528518】，返回信息 {"status":"ok","msg":"贵州-贵阳","gid":"20095","time_insert":"2018-08-09 13:42","time_update":"2020-11-20 02:48"}
2024-07-30 02:26:00 查询号码 【1528518】，GSD为【"贵州-贵阳"】

2024-07-30 02:40:55 开始第 8617 次操作

2024-07-30 02:40:55 开始操作号码 【1528519】
2024-07-30 02:41:03 GSD getOne 第 1 次 等待 3 秒
2024-07-30 02:41:06 查询号码 【1528519】，返回信息 {"status":"ok","msg":"贵州-贵阳","gid":"20096","time_insert":"2017-07-09 09:08","time_update":"2020-11-20 02:52"}
2024-07-30 02:41:06 查询号码 【1528519】，GSD为【"贵州-贵阳"】

2024-07-30 02:41:07 开始第 8618 次操作

2024-07-30 02:41:07 开始操作号码 【1528520】
2024-07-30 02:41:15 GSD getOne 第 1 次 等待 3 秒
2024-07-30 02:41:18 查询号码 【1528520】，返回信息 {"status":"ok","msg":"贵州-遵义","gid":"20097","time_insert":"2015-02-16 21:17","time_update":"2020-11-20 02:56"}
2024-07-30 02:41:18 查询号码 【1528520】，GSD为【"贵州-遵义"】

2024-07-30 02:41:19 开始第 8619 次操作

2024-07-30 02:41:19 开始操作号码 【1528521】
2024-07-30 02:41:27 GSD getOne 第 1 次 等待 3 秒
2024-07-30 02:41:30 查询号码 【1528521】，返回信息 {"status":"ok","msg":"贵州-遵义","gid":"20098","time_insert":"2014-04-21 15:13","time_update":"2020-11-20 03:01"}
2024-07-30 02:41:30 查询号码 【1528521】，GSD为【"贵州-遵义"】

2024-07-30 02:41:31 开始第 8620 次操作

2024-07-30 02:41:31 开始操作号码 【1528522】
2024-07-30 02:41:39 GSD getOne 第 1 次 等待 3 秒
2024-07-30 02:41:42 查询号码 【1528522】，返回信息 {"status":"ok","msg":"贵州-遵义","gid":"369353","time_insert":"2021-07-23 19:49"}
2024-07-30 02:41:42 查询号码 【1528522】，GSD为【"贵州-遵义"】

2024-07-30 03:15:01 开始第 8621 次操作

2024-07-30 03:15:01 开始操作号码 【1528523】
2024-07-30 03:15:10 GSD getOne 第 1 次 等待 3 秒
2024-07-30 03:15:13 查询号码 【1528523】，返回信息 {"status":"ok","msg":"贵州-遵义","gid":"20099","time_insert":"2018-03-04 15:56","time_update":"2020-11-20 03:05"}
2024-07-30 03:15:13 查询号码 【1528523】，GSD为【"贵州-遵义"】

2024-07-30 03:15:14 开始第 8622 次操作

2024-07-30 03:15:14 开始操作号码 【1528524】
2024-07-30 03:15:22 GSD getOne 第 1 次 等待 3 秒
2024-07-30 03:15:25 查询号码 【1528524】，返回信息 {"status":"ok","msg":"贵州-遵义","gid":"369295","time_insert":"2021-07-23 19:44"}
2024-07-30 03:15:25 查询号码 【1528524】，GSD为【"贵州-遵义"】

2024-07-30 03:15:26 开始第 8623 次操作

2024-07-30 03:15:26 开始操作号码 【1528525】
2024-07-30 03:15:33 GSD getOne 第 1 次 等待 3 秒
2024-07-30 03:15:36 查询号码 【1528525】，返回信息 {"status":"ok","msg":"贵州-凯里","gid":"56327","time_insert":"2021-04-30 15:53"}
2024-07-30 03:15:36 查询号码 【1528525】，GSD为【"贵州-凯里"】

2024-07-30 03:15:38 开始第 8624 次操作

2024-07-30 03:15:38 开始操作号码 【1528526】
2024-07-30 03:15:46 GSD getOne 第 1 次 等待 3 秒
2024-07-30 03:15:49 查询号码 【1528526】，返回信息 {"status":"ok","msg":"贵州-凯里","gid":"369274","time_insert":"2021-07-23 19:43"}
2024-07-30 03:15:49 查询号码 【1528526】，GSD为【"贵州-凯里"】

2024-07-30 03:38:19 开始第 8625 次操作

2024-07-30 03:38:19 开始操作号码 【1528527】
2024-07-30 03:38:27 GSD getOne 第 1 次 等待 3 秒
2024-07-30 03:38:30 查询号码 【1528527】，返回信息 {"status":"ok","msg":"贵州-凯里","gid":"369265","time_insert":"2021-07-23 19:42"}
2024-07-30 03:38:30 查询号码 【1528527】，GSD为【"贵州-凯里"】

2024-07-30 03:38:31 开始第 8626 次操作

2024-07-30 03:38:31 开始操作号码 【1528528】
2024-07-30 03:38:38 GSD getOne 第 1 次 等待 3 秒
2024-07-30 03:38:41 查询号码 【1528528】，返回信息 {"status":"ok","msg":"贵州-凯里","gid":"20100","time_insert":"2020-06-21 12:24","time_update":"2020-11-20 03:09"}
2024-07-30 03:38:41 查询号码 【1528528】，GSD为【"贵州-凯里"】

2024-07-30 03:38:42 开始第 8627 次操作

2024-07-30 03:38:42 开始操作号码 【1528529】
2024-07-30 03:38:55 GSD getOne 第 1 次 等待 3 秒
2024-07-30 03:38:58 查询号码 【1528529】，返回信息 {"status":"ok","msg":"贵州-凯里","gid":"20101","time_insert":"2017-10-18 08:22","time_update":"2020-11-20 03:13"}
2024-07-30 03:38:58 查询号码 【1528529】，GSD为【"贵州-凯里"】

2024-07-30 03:38:59 开始第 8628 次操作

2024-07-30 03:38:59 开始操作号码 【1528530】
2024-07-30 03:39:08 GSD getOne 第 1 次 等待 3 秒
2024-07-30 03:39:11 查询号码 【1528530】，返回信息 {"status":"ok","msg":"贵州-都匀","gid":"20102","time_insert":"2017-11-09 12:15","time_update":"2020-11-20 03:17"}
2024-07-30 03:39:11 查询号码 【1528530】，GSD为【"贵州-都匀"】

2024-07-30 04:19:32 开始第 8629 次操作

2024-07-30 04:19:32 开始操作号码 【1528531】
2024-07-30 04:19:40 GSD getOne 第 1 次 等待 3 秒
2024-07-30 04:19:43 查询号码 【1528531】，返回信息 {"status":"ok","msg":"贵州-都匀","gid":"20103","time_insert":"2018-06-20 21:04","time_update":"2020-11-20 03:17"}
2024-07-30 04:19:43 查询号码 【1528531】，GSD为【"贵州-都匀"】

2024-07-30 04:19:44 开始第 8630 次操作

2024-07-30 04:19:44 开始操作号码 【1528532】
2024-07-30 04:19:54 GSD getOne 第 1 次 等待 3 秒
2024-07-30 04:19:57 查询号码 【1528532】，返回信息 {"status":"ok","msg":"贵州-都匀","gid":"369231","time_insert":"2021-07-23 19:40"}
2024-07-30 04:19:57 查询号码 【1528532】，GSD为【"贵州-都匀"】

2024-07-30 04:19:58 开始第 8631 次操作

2024-07-30 04:19:58 开始操作号码 【1528533】
2024-07-30 04:20:06 GSD getOne 第 1 次 等待 3 秒
2024-07-30 04:20:09 查询号码 【1528533】，返回信息 {"status":"ok","msg":"贵州-都匀","gid":"20104","time_insert":"2017-11-14 09:45","time_update":"2020-11-20 03:21"}
2024-07-30 04:20:09 查询号码 【1528533】，GSD为【"贵州-都匀"】

2024-07-30 04:20:10 开始第 8632 次操作

2024-07-30 04:20:10 开始操作号码 【1528534】
2024-07-30 04:20:18 GSD getOne 第 1 次 等待 3 秒
2024-07-30 04:20:21 查询号码 【1528534】，返回信息 {"status":"ok","msg":"贵州-都匀","gid":"369215","time_insert":"2021-07-23 19:38"}
2024-07-30 04:20:21 查询号码 【1528534】，GSD为【"贵州-都匀"】

2024-07-30 04:37:52 开始第 8633 次操作

2024-07-30 04:37:52 开始操作号码 【1528535】
2024-07-30 04:38:01 GSD getOne 第 1 次 等待 3 秒
2024-07-30 04:38:04 查询号码 【1528535】，返回信息 {"status":"ok","msg":"贵州-都匀","gid":"369205","time_insert":"2021-07-23 19:37"}
2024-07-30 04:38:04 查询号码 【1528535】，GSD为【"贵州-都匀"】

2024-07-30 04:38:05 开始第 8634 次操作

2024-07-30 04:38:05 开始操作号码 【1528536】
2024-07-30 04:38:12 GSD getOne 第 1 次 等待 3 秒
2024-07-30 04:38:15 查询号码 【1528536】，返回信息 {"status":"ok","msg":"贵州-都匀","gid":"20105","time_insert":"2014-05-04 16:04","time_update":"2020-11-20 03:25"}
2024-07-30 04:38:15 查询号码 【1528536】，GSD为【"贵州-都匀"】

2024-07-30 04:38:17 开始第 8635 次操作

2024-07-30 04:38:17 开始操作号码 【1528537】
2024-07-30 04:38:24 GSD getOne 第 1 次 等待 3 秒
2024-07-30 04:38:27 查询号码 【1528537】，返回信息 {"status":"ok","msg":"贵州-都匀","gid":"369191","time_insert":"2021-07-23 19:36"}
2024-07-30 04:38:27 查询号码 【1528537】，GSD为【"贵州-都匀"】

2024-07-30 04:38:28 开始第 8636 次操作

2024-07-30 04:38:28 开始操作号码 【1528538】
2024-07-30 04:38:36 GSD getOne 第 1 次 等待 3 秒
2024-07-30 04:38:39 查询号码 【1528538】，返回信息 {"status":"ok","msg":"贵州-都匀","gid":"20106","time_insert":"2019-03-01 10:30","time_update":"2020-11-20 03:28"}
2024-07-30 04:38:39 查询号码 【1528538】，GSD为【"贵州-都匀"】

