2024-10-06 00:12:04 开始第 8369 次操作

2024-10-06 00:12:04 开始操作号码 【1418365】
2024-10-06 00:12:08 GSD getOne 第 1 次 等待 3 秒
2024-10-06 00:12:11 查询号码 【1418365】，返回信息 {"status":"ok","msg":"-","gid":"695512","time_insert":"2023-05-07 01:51"}
2024-10-06 00:12:11 查询号码 【1418365】，GSD为【"-"】
2024-10-06 00:12:11 ok && -
2024-10-06 00:12:16 CHB 1418365?1728144731 第 1 次 等待 3 秒
2024-10-06 00:12:19 CHB 1418365?1728144731 第 1 次 获取到号码【1418365】GSD
2024-10-06 00:12:19 未获取到号码【1418365】GSD，可能号码格式错误
2024-10-06 00:12:19 获取到号码【1418365】的GSD为【-】
2024-10-06 00:12:21 GSD insert 第 1 次 等待 3 秒
2024-10-06 00:12:24 {"status":"bad","gid":"695512","msg":"添加失败！号码【1418365(-|-)】已存在！"}
2024-10-06 00:12:24 随机等待 234 秒，约 3 分钟
2024-10-06 00:12:24 下次操作: 2024-10-06 00:16:18

2024-10-06 00:16:18 开始第 8370 次操作

2024-10-06 00:16:18 开始操作号码 【1418366】
2024-10-06 00:16:22 GSD getOne 第 1 次 等待 3 秒
2024-10-06 00:16:25 查询号码 【1418366】，返回信息 {"status":"ok","msg":"-","gid":"695493","time_insert":"2023-05-07 01:33"}
2024-10-06 00:16:25 查询号码 【1418366】，GSD为【"-"】
2024-10-06 00:16:25 ok && -
2024-10-06 00:16:27 CHB 1418366?1728144985 第 1 次 等待 3 秒
2024-10-06 00:16:30 CHB 1418366?1728144985 第 1 次 获取到号码【1418366】GSD
2024-10-06 00:16:30 未获取到号码【1418366】GSD，可能号码格式错误
2024-10-06 00:16:30 获取到号码【1418366】的GSD为【-】
2024-10-06 00:16:36 GSD insert 第 1 次 等待 3 秒
2024-10-06 00:16:39 {"status":"bad","gid":"695493","msg":"添加失败！号码【1418366(-|-)】已存在！"}
2024-10-06 00:16:39 随机等待 202 秒，约 3 分钟
2024-10-06 00:16:39 下次操作: 2024-10-06 00:20:01

2024-10-06 00:20:01 开始第 8371 次操作

2024-10-06 00:20:01 开始操作号码 【1418367】
2024-10-06 00:20:03 GSD getOne 第 1 次 等待 3 秒
2024-10-06 00:20:06 查询号码 【1418367】，返回信息 {"status":"ok","msg":"-","gid":"695480","time_insert":"2023-05-07 01:20"}
2024-10-06 00:20:06 查询号码 【1418367】，GSD为【"-"】
2024-10-06 00:20:06 ok && -
2024-10-06 00:20:08 CHB 1418367?1728145206 第 1 次 等待 3 秒
2024-10-06 00:20:11 CHB 1418367?1728145206 第 1 次 获取到号码【1418367】GSD
2024-10-06 00:20:11 未获取到号码【1418367】GSD，可能号码格式错误
2024-10-06 00:20:11 获取到号码【1418367】的GSD为【-】
2024-10-06 00:20:21 GSD insert 第 1 次 等待 3 秒
2024-10-06 00:20:24 {"status":"bad","gid":"695480","msg":"添加失败！号码【1418367(-|-)】已存在！"}
2024-10-06 00:20:24 随机等待 174 秒，约 2 分钟
2024-10-06 00:20:24 下次操作: 2024-10-06 00:23:18

2024-10-06 00:23:18 开始第 8372 次操作

2024-10-06 00:23:18 开始操作号码 【1418368】
2024-10-06 00:23:20 GSD getOne 第 1 次 等待 3 秒
2024-10-06 00:23:23 查询号码 【1418368】，返回信息 {"status":"ok","msg":"-","gid":"695463","time_insert":"2023-05-07 01:02"}
2024-10-06 00:23:23 查询号码 【1418368】，GSD为【"-"】
2024-10-06 00:23:23 ok && -
2024-10-06 00:23:27 CHB 1418368?1728145403 第 1 次 等待 3 秒
2024-10-06 00:23:30 CHB 1418368?1728145403 第 1 次 获取到号码【1418368】GSD
2024-10-06 00:23:30 未获取到号码【1418368】GSD，可能号码格式错误
2024-10-06 00:23:30 获取到号码【1418368】的GSD为【-】
2024-10-06 00:23:36 GSD insert 第 1 次 等待 3 秒
2024-10-06 00:23:39 {"status":"bad","gid":"695463","msg":"添加失败！号码【1418368(-|-)】已存在！"}

2024-10-06 00:39:59 开始第 8373 次操作

2024-10-06 00:39:59 开始操作号码 【1418369】
2024-10-06 00:40:02 GSD getOne 第 1 次 等待 3 秒
2024-10-06 00:40:05 查询号码 【1418369】，返回信息 {"status":"ok","msg":"-","gid":"695452","time_insert":"2023-05-07 00:53"}
2024-10-06 00:40:05 查询号码 【1418369】，GSD为【"-"】
2024-10-06 00:40:05 ok && -
2024-10-06 00:40:12 CHB 1418369?1728146405 第 1 次 等待 3 秒
2024-10-06 00:40:15 CHB 1418369?1728146405 第 1 次 获取到号码【1418369】GSD
2024-10-06 00:40:15 未获取到号码【1418369】GSD，可能号码格式错误
2024-10-06 00:40:15 获取到号码【1418369】的GSD为【-】
2024-10-06 00:40:18 GSD insert 第 1 次 等待 3 秒
2024-10-06 00:40:21 {"status":"bad","gid":"695452","msg":"添加失败！号码【1418369(-|-)】已存在！"}
2024-10-06 00:40:21 随机等待 183 秒，约 3 分钟
2024-10-06 00:40:21 下次操作: 2024-10-06 00:43:24

2024-10-06 00:43:24 开始第 8374 次操作

2024-10-06 00:43:24 开始操作号码 【1418370】
2024-10-06 00:43:26 GSD getOne 第 1 次 等待 3 秒
2024-10-06 00:43:29 查询号码 【1418370】，返回信息 {"status":"ok","msg":"-","gid":"695440","time_insert":"2023-05-07 00:40"}
2024-10-06 00:43:29 查询号码 【1418370】，GSD为【"-"】
2024-10-06 00:43:29 ok && -
2024-10-06 00:43:31 CHB 1418370?1728146609 第 1 次 等待 3 秒
2024-10-06 00:43:34 CHB 1418370?1728146609 第 1 次 获取到号码【1418370】GSD
2024-10-06 00:43:34 未获取到号码【1418370】GSD，可能号码格式错误
2024-10-06 00:43:34 获取到号码【1418370】的GSD为【-】
2024-10-06 00:43:36 GSD insert 第 1 次 等待 3 秒
2024-10-06 00:43:39 {"status":"bad","gid":"695440","msg":"添加失败！号码【1418370(-|-)】已存在！"}
2024-10-06 00:43:39 随机等待 126 秒，约 2 分钟
2024-10-06 00:43:39 下次操作: 2024-10-06 00:45:45

2024-10-06 00:45:45 开始第 8375 次操作

2024-10-06 00:45:45 开始操作号码 【1418371】
2024-10-06 00:45:51 GSD getOne 第 1 次 等待 3 秒
2024-10-06 00:45:54 查询号码 【1418371】，返回信息 {"status":"ok","msg":"-","gid":"695425","time_insert":"2023-05-07 00:30"}
2024-10-06 00:45:54 查询号码 【1418371】，GSD为【"-"】
2024-10-06 00:45:54 ok && -
2024-10-06 00:45:56 CHB 1418371?1728146754 第 1 次 等待 3 秒
2024-10-06 00:45:59 CHB 1418371?1728146754 第 1 次 获取到号码【1418371】GSD
2024-10-06 00:45:59 未获取到号码【1418371】GSD，可能号码格式错误
2024-10-06 00:45:59 获取到号码【1418371】的GSD为【-】
2024-10-06 00:46:01 GSD insert 第 1 次 等待 3 秒
2024-10-06 00:46:04 {"status":"bad","gid":"695425","msg":"添加失败！号码【1418371(-|-)】已存在！"}
2024-10-06 00:46:04 随机等待 101 秒，约 1 分钟
2024-10-06 00:46:04 下次操作: 2024-10-06 00:47:45

2024-10-06 00:47:45 开始第 8376 次操作

2024-10-06 00:47:45 开始操作号码 【1418372】
2024-10-06 00:47:48 GSD getOne 第 1 次 等待 3 秒
2024-10-06 00:47:51 查询号码 【1418372】，返回信息 {"status":"ok","msg":"-","gid":"695418","time_insert":"2023-05-07 00:22"}
2024-10-06 00:47:51 查询号码 【1418372】，GSD为【"-"】
2024-10-06 00:47:51 ok && -
2024-10-06 00:47:53 CHB 1418372?1728146871 第 1 次 等待 3 秒
2024-10-06 00:47:56 CHB 1418372?1728146871 第 1 次 获取到号码【1418372】GSD
2024-10-06 00:47:56 未获取到号码【1418372】GSD，可能号码格式错误
2024-10-06 00:47:56 获取到号码【1418372】的GSD为【-】
2024-10-06 00:47:58 GSD insert 第 1 次 等待 3 秒
2024-10-06 00:48:01 {"status":"bad","gid":"695418","msg":"添加失败！号码【1418372(-|-)】已存在！"}

