2024-08-28 00:12:01 开始第 1549 次操作

2024-08-28 00:12:01 开始操作号码 【1411548】
2024-08-28 00:12:11 GSD getOne 第 1 次 等待 3 秒
2024-08-28 00:12:15 查询号码 【1411548】，返回信息 {"status":"ok","msg":"-","gid":"542426","time_insert":"2023-02-20 10:45"}
2024-08-28 00:12:15 查询号码 【1411548】，GSD为【"-"】
2024-08-28 00:12:15 ok && -
2024-08-28 00:12:16 CHB 1411548?1724775135 第 1 次 等待 3 秒
2024-08-28 00:12:19 CHB 1411548?1724775135 第 1 次 获取到号码【1411548】GSD
2024-08-28 00:12:19 未获取到号码【1411548】GSD，可能号码格式错误
2024-08-28 00:12:19 获取到号码【1411548】的GSD为【-】
2024-08-28 00:12:27 GSD insert 第 1 次 等待 3 秒
2024-08-28 00:12:30 {"status":"bad","gid":"542426","msg":"添加失败！号码【1411548(-|-)】已存在！"}
2024-08-28 00:12:30 随机等待 205 秒，约 3 分钟
2024-08-28 00:12:30 下次操作: 2024-08-28 00:15:55

2024-08-28 00:15:55 开始第 1550 次操作

2024-08-28 00:15:55 开始操作号码 【1411549】
2024-08-28 00:16:03 GSD getOne 第 1 次 等待 3 秒
2024-08-28 00:16:06 查询号码 【1411549】，返回信息 {"status":"ok","msg":"-","gid":"542449","time_insert":"2023-02-20 11:03"}
2024-08-28 00:16:06 查询号码 【1411549】，GSD为【"-"】
2024-08-28 00:16:06 ok && -
2024-08-28 00:16:08 CHB 1411549?1724775366 第 1 次 等待 3 秒
2024-08-28 00:16:11 CHB 1411549?1724775366 第 1 次 获取到号码【1411549】GSD
2024-08-28 00:16:11 未获取到号码【1411549】GSD，可能号码格式错误
2024-08-28 00:16:11 获取到号码【1411549】的GSD为【-】
2024-08-28 00:16:20 GSD insert 第 1 次 等待 3 秒
2024-08-28 00:16:23 {"status":"bad","gid":"542449","msg":"添加失败！号码【1411549(-|-)】已存在！"}
2024-08-28 00:16:23 随机等待 126 秒，约 2 分钟
2024-08-28 00:16:23 下次操作: 2024-08-28 00:18:29

2024-08-28 00:18:29 开始第 1551 次操作

2024-08-28 00:18:29 开始操作号码 【1411550】
2024-08-28 00:18:37 GSD getOne 第 1 次 等待 3 秒
2024-08-28 00:18:40 查询号码 【1411550】，返回信息 {"status":"ok","msg":"-","gid":"542471","time_insert":"2023-02-20 11:18"}
2024-08-28 00:18:40 查询号码 【1411550】，GSD为【"-"】
2024-08-28 00:18:40 ok && -
2024-08-28 00:18:41 CHB 1411550?1724775520 第 1 次 等待 3 秒
2024-08-28 00:18:44 CHB 1411550?1724775520 第 1 次 获取到号码【1411550】GSD
2024-08-28 00:18:44 未获取到号码【1411550】GSD，可能号码格式错误
2024-08-28 00:18:44 获取到号码【1411550】的GSD为【-】
2024-08-28 00:18:52 GSD insert 第 1 次 等待 3 秒
2024-08-28 00:18:55 {"status":"bad","gid":"542471","msg":"添加失败！号码【1411550(-|-)】已存在！"}
2024-08-28 00:18:55 随机等待 76 秒，约 1 分钟
2024-08-28 00:18:55 下次操作: 2024-08-28 00:20:11

2024-08-28 00:20:11 开始第 1552 次操作

2024-08-28 00:20:11 开始操作号码 【1411551】
2024-08-28 00:20:20 GSD getOne 第 1 次 等待 3 秒
2024-08-28 00:20:23 查询号码 【1411551】，返回信息 {"status":"ok","msg":"-","gid":"542495","time_insert":"2023-02-20 11:33"}
2024-08-28 00:20:23 查询号码 【1411551】，GSD为【"-"】
2024-08-28 00:20:23 ok && -
2024-08-28 00:20:26 CHB 1411551?1724775623 第 1 次 等待 3 秒
2024-08-28 00:20:29 CHB 1411551?1724775623 第 1 次 获取到号码【1411551】GSD
2024-08-28 00:20:29 未获取到号码【1411551】GSD，可能号码格式错误
2024-08-28 00:20:29 获取到号码【1411551】的GSD为【-】
2024-08-28 00:20:37 GSD insert 第 1 次 等待 3 秒
2024-08-28 00:20:40 {"status":"bad","gid":"542495","msg":"添加失败！号码【1411551(-|-)】已存在！"}

