2024-02-29 00:20:56 开始第 6225 次操作

2024-02-29 00:20:56 开始操作号码 【1746143】
2024-02-29 00:21:00 GSD getOne 第 1 次 等待 3 秒
2024-02-29 00:21:03 查询号码 【1746143】，返回信息 {"status":"ok","msg":"-","gid":"224490","time_insert":"2021-07-08 18:09"}
2024-02-29 00:21:03 查询号码 【1746143】，GSD为【"-"】
2024-02-29 00:21:03 ok && -
2024-02-29 00:21:05 CHB 1746143?1709137263 第 1 次 等待 3 秒
2024-02-29 00:21:08 CHB 1746143?1709137263 第 1 次 获取到号码【1746143】GSD
2024-02-29 00:21:08 未获取到号码【1746143】GSD，可能号码格式错误
2024-02-29 00:21:08 获取到号码【1746143】的GSD为【-】
2024-02-29 00:21:13 GSD insert 第 1 次 等待 3 秒
2024-02-29 00:21:16 {"status":"bad","gid":"224490","msg":"添加失败！号码【1746143(-|-)】已存在！"}
2024-02-29 00:21:16 随机等待 210 秒，约 3 分钟
2024-02-29 00:21:16 下次操作: 2024-02-29 00:24:46

2024-02-29 00:24:46 开始第 6226 次操作

2024-02-29 00:24:46 开始操作号码 【1746144】
2024-02-29 00:24:51 GSD getOne 第 1 次 等待 3 秒
2024-02-29 00:24:54 查询号码 【1746144】，返回信息 {"status":"ok","msg":"-","gid":"224498","time_insert":"2021-07-08 18:10"}
2024-02-29 00:24:54 查询号码 【1746144】，GSD为【"-"】
2024-02-29 00:24:54 ok && -
2024-02-29 00:24:56 CHB 1746144?1709137494 第 1 次 等待 3 秒
2024-02-29 00:24:59 CHB 1746144?1709137494 第 1 次 获取到号码【1746144】GSD
2024-02-29 00:24:59 未获取到号码【1746144】GSD，可能号码格式错误
2024-02-29 00:24:59 获取到号码【1746144】的GSD为【-】
2024-02-29 00:25:03 GSD insert 第 1 次 等待 3 秒
2024-02-29 00:25:06 {"status":"bad","gid":"224498","msg":"添加失败！号码【1746144(-|-)】已存在！"}
2024-02-29 00:25:06 随机等待 174 秒，约 2 分钟
2024-02-29 00:25:06 下次操作: 2024-02-29 00:28:00

2024-02-29 00:28:00 开始第 6227 次操作

2024-02-29 00:28:00 开始操作号码 【1746145】
2024-02-29 00:28:05 GSD getOne 第 1 次 等待 3 秒
2024-02-29 00:28:08 查询号码 【1746145】，返回信息 {"status":"ok","msg":"-","gid":"224621","time_insert":"2021-07-08 18:45"}
2024-02-29 00:28:08 查询号码 【1746145】，GSD为【"-"】
2024-02-29 00:28:08 ok && -
2024-02-29 00:28:10 CHB 1746145?1709137688 第 1 次 等待 3 秒
2024-02-29 00:28:13 CHB 1746145?1709137688 第 1 次 获取到号码【1746145】GSD
2024-02-29 00:28:13 未获取到号码【1746145】GSD，可能号码格式错误
2024-02-29 00:28:13 获取到号码【1746145】的GSD为【-】
2024-02-29 00:28:17 GSD insert 第 1 次 等待 3 秒
2024-02-29 00:28:20 {"status":"bad","gid":"224621","msg":"添加失败！号码【1746145(-|-)】已存在！"}
2024-02-29 00:28:20 随机等待 228 秒，约 3 分钟
2024-02-29 00:28:20 下次操作: 2024-02-29 00:32:08

2024-02-29 00:32:08 开始第 6228 次操作

2024-02-29 00:32:08 开始操作号码 【1746146】
2024-02-29 00:32:15 GSD getOne 第 1 次 等待 3 秒
2024-02-29 00:32:18 查询号码 【1746146】，返回信息 {"status":"ok","msg":"-","gid":"224638","time_insert":"2021-07-08 18:46"}
2024-02-29 00:32:18 查询号码 【1746146】，GSD为【"-"】
2024-02-29 00:32:18 ok && -
2024-02-29 00:32:21 CHB 1746146?1709137938 第 1 次 等待 3 秒
2024-02-29 00:32:24 CHB 1746146?1709137938 第 1 次 获取到号码【1746146】GSD
2024-02-29 00:32:24 未获取到号码【1746146】GSD，可能号码格式错误
2024-02-29 00:32:24 获取到号码【1746146】的GSD为【-】
2024-02-29 00:32:29 GSD insert 第 1 次 等待 3 秒
2024-02-29 00:32:32 {"status":"bad","gid":"224638","msg":"添加失败！号码【1746146(-|-)】已存在！"}

