2024-03-29 00:20:02 开始第 693 次操作

2024-03-29 00:20:02 开始操作号码 【1630612】
2024-03-29 00:20:07 GSD getOne 第 1 次 等待 3 秒
2024-03-29 00:20:10 查询号码 【1630612】，返回信息 {"status":"ok","msg":"-","gid":"528031","time_insert":"2023-02-12 22:37"}
2024-03-29 00:20:11 查询号码 【1630612】，GSD为【"-"】
2024-03-29 00:20:11 ok && -
2024-03-29 00:20:13 CHB 1630612?1711642811 第 1 次 等待 3 秒
2024-03-29 00:20:16 CHB 1630612?1711642811 第 1 次 获取到号码【1630612】GSD
2024-03-29 00:20:16 未获取到号码【1630612】GSD，可能号码格式错误
2024-03-29 00:20:16 获取到号码【1630612】的GSD为【-】
2024-03-29 00:20:21 GSD insert 第 1 次 等待 3 秒
2024-03-29 00:20:24 {"status":"bad","gid":"528031","msg":"添加失败！号码【1630612(-|-)】已存在！"}
2024-03-29 00:20:24 随机等待 111 秒，约 1 分钟
2024-03-29 00:20:24 下次操作: 2024-03-29 00:22:15

2024-03-29 00:22:15 开始第 694 次操作

2024-03-29 00:22:15 开始操作号码 【1630613】
2024-03-29 00:22:20 GSD getOne 第 1 次 等待 3 秒
2024-03-29 00:22:23 查询号码 【1630613】，返回信息 {"status":"ok","msg":"-","gid":"528042","time_insert":"2023-02-12 22:46"}
2024-03-29 00:22:23 查询号码 【1630613】，GSD为【"-"】
2024-03-29 00:22:23 ok && -
2024-03-29 00:22:25 CHB 1630613?1711642943 第 1 次 等待 3 秒
2024-03-29 00:22:28 CHB 1630613?1711642943 第 1 次 获取到号码【1630613】GSD
2024-03-29 00:22:28 未获取到号码【1630613】GSD，可能号码格式错误
2024-03-29 00:22:28 获取到号码【1630613】的GSD为【-】
2024-03-29 00:22:33 GSD insert 第 1 次 等待 3 秒
2024-03-29 00:22:36 {"status":"bad","gid":"528042","msg":"添加失败！号码【1630613(-|-)】已存在！"}
2024-03-29 00:22:36 随机等待 213 秒，约 3 分钟
2024-03-29 00:22:36 下次操作: 2024-03-29 00:26:09

2024-03-29 00:26:09 开始第 695 次操作

2024-03-29 00:26:09 开始操作号码 【1630614】
2024-03-29 00:26:10 GSD getOne 第 1 次 等待 3 秒
2024-03-29 00:26:18 GSD getOne 第 2 次 等待 3 秒
2024-03-29 00:26:21 查询号码 【1630614】，返回信息 {"status":"ok","msg":"-","gid":"528050","time_insert":"2023-02-12 22:54"}
2024-03-29 00:26:21 查询号码 【1630614】，GSD为【"-"】
2024-03-29 00:26:21 ok && -
2024-03-29 00:26:23 CHB 1630614?1711643181 第 1 次 等待 3 秒
2024-03-29 00:26:26 CHB 1630614?1711643181 第 1 次 获取到号码【1630614】GSD
2024-03-29 00:26:26 未获取到号码【1630614】GSD，可能号码格式错误
2024-03-29 00:26:26 获取到号码【1630614】的GSD为【-】
2024-03-29 00:26:31 GSD insert 第 1 次 等待 3 秒
2024-03-29 00:26:34 {"status":"bad","gid":"528050","msg":"添加失败！号码【1630614(-|-)】已存在！"}
2024-03-29 00:26:34 随机等待 219 秒，约 3 分钟
2024-03-29 00:26:34 下次操作: 2024-03-29 00:30:13

2024-03-29 00:30:13 开始第 696 次操作

2024-03-29 00:30:13 开始操作号码 【1630615】
2024-03-29 00:30:19 GSD getOne 第 1 次 等待 3 秒
2024-03-29 00:30:22 查询号码 【1630615】，返回信息 {"status":"ok","msg":"-","gid":"528062","time_insert":"2023-02-12 23:06"}
2024-03-29 00:30:22 查询号码 【1630615】，GSD为【"-"】
2024-03-29 00:30:22 ok && -
2024-03-29 00:30:24 CHB 1630615?1711643422 第 1 次 等待 3 秒
2024-03-29 00:30:27 CHB 1630615?1711643422 第 1 次 获取到号码【1630615】GSD
2024-03-29 00:30:27 未获取到号码【1630615】GSD，可能号码格式错误
2024-03-29 00:30:27 获取到号码【1630615】的GSD为【-】
2024-03-29 00:30:32 GSD insert 第 1 次 等待 3 秒
2024-03-29 00:30:35 {"status":"bad","gid":"528062","msg":"添加失败！号码【1630615(-|-)】已存在！"}

