2024-02-11 00:19:49 开始第 3009 次操作

2024-02-11 00:19:49 开始操作号码 【1742927】
2024-02-11 00:19:53 GSD getOne 第 1 次 等待 3 秒
2024-02-11 00:19:56 查询号码 【1742927】，返回信息 {"status":"ok","msg":"-","gid":"183040","time_insert":"2021-07-03 17:02"}
2024-02-11 00:19:56 查询号码 【1742927】，GSD为【"-"】
2024-02-11 00:19:56 ok && -
2024-02-11 00:19:58 CHB 1742927?1707581996 第 1 次 等待 3 秒
2024-02-11 00:20:01 CHB 1742927?1707581996 第 1 次 获取到号码【1742927】GSD
2024-02-11 00:20:01 未获取到号码【1742927】GSD，可能号码格式错误
2024-02-11 00:20:01 获取到号码【1742927】的GSD为【-】
2024-02-11 00:20:06 GSD insert 第 1 次 等待 3 秒
2024-02-11 00:20:09 {"status":"bad","gid":"183040","msg":"添加失败！号码【1742927(-|-)】已存在！"}
2024-02-11 00:20:09 随机等待 202 秒，约 3 分钟
2024-02-11 00:20:09 下次操作: 2024-02-11 00:23:31

2024-02-11 00:23:31 开始第 3010 次操作

2024-02-11 00:23:31 开始操作号码 【1742928】
2024-02-11 00:23:35 GSD getOne 第 1 次 等待 3 秒
2024-02-11 00:23:38 查询号码 【1742928】，返回信息 {"status":"ok","msg":"-","gid":"183048","time_insert":"2021-07-03 17:03"}
2024-02-11 00:23:38 查询号码 【1742928】，GSD为【"-"】
2024-02-11 00:23:38 ok && -
2024-02-11 00:23:40 CHB 1742928?1707582218 第 1 次 等待 3 秒
2024-02-11 00:23:43 CHB 1742928?1707582218 第 1 次 获取到号码【1742928】GSD
2024-02-11 00:23:43 未获取到号码【1742928】GSD，可能号码格式错误
2024-02-11 00:23:43 获取到号码【1742928】的GSD为【-】
2024-02-11 00:23:47 GSD insert 第 1 次 等待 3 秒
2024-02-11 00:23:50 {"status":"bad","gid":"183048","msg":"添加失败！号码【1742928(-|-)】已存在！"}
2024-02-11 00:23:51 随机等待 197 秒，约 3 分钟
2024-02-11 00:23:51 下次操作: 2024-02-11 00:27:08

2024-02-11 00:27:08 开始第 3011 次操作

2024-02-11 00:27:08 开始操作号码 【1742929】
2024-02-11 00:27:12 GSD getOne 第 1 次 等待 3 秒
2024-02-11 00:27:15 查询号码 【1742929】，返回信息 {"status":"ok","msg":"-","gid":"183053","time_insert":"2021-07-03 17:03"}
2024-02-11 00:27:15 查询号码 【1742929】，GSD为【"-"】
2024-02-11 00:27:15 ok && -
2024-02-11 00:27:17 CHB 1742929?1707582435 第 1 次 等待 3 秒
2024-02-11 00:27:20 CHB 1742929?1707582435 第 1 次 获取到号码【1742929】GSD
2024-02-11 00:27:20 未获取到号码【1742929】GSD，可能号码格式错误
2024-02-11 00:27:20 获取到号码【1742929】的GSD为【-】
2024-02-11 00:27:24 GSD insert 第 1 次 等待 3 秒
2024-02-11 00:27:27 {"status":"bad","gid":"183053","msg":"添加失败！号码【1742929(-|-)】已存在！"}
2024-02-11 00:27:27 随机等待 225 秒，约 3 分钟
2024-02-11 00:27:27 下次操作: 2024-02-11 00:31:12

2024-02-11 00:31:12 开始第 3012 次操作

2024-02-11 00:31:12 开始操作号码 【1742930】
2024-02-11 00:31:16 GSD getOne 第 1 次 等待 3 秒
2024-02-11 00:31:19 查询号码 【1742930】，返回信息 {"status":"ok","msg":"-","gid":"183058","time_insert":"2021-07-03 17:04"}
2024-02-11 00:31:19 查询号码 【1742930】，GSD为【"-"】
2024-02-11 00:31:19 ok && -
2024-02-11 00:31:21 CHB 1742930?1707582679 第 1 次 等待 3 秒
2024-02-11 00:31:24 CHB 1742930?1707582679 第 1 次 获取到号码【1742930】GSD
2024-02-11 00:31:24 未获取到号码【1742930】GSD，可能号码格式错误
2024-02-11 00:31:24 获取到号码【1742930】的GSD为【-】
2024-02-11 00:31:28 GSD insert 第 1 次 等待 3 秒
2024-02-11 00:31:31 {"status":"bad","gid":"183058","msg":"添加失败！号码【1742930(-|-)】已存在！"}

