2024-09-04 00:05:27 开始第 2756 次操作

2024-09-04 00:05:27 开始操作号码 【1412755】
2024-09-04 00:05:35 GSD getOne 第 1 次 等待 3 秒
2024-09-04 00:05:38 查询号码 【1412755】，返回信息 {"status":"ok","msg":"-","gid":"567772","time_insert":"2023-03-03 19:48"}
2024-09-04 00:05:38 查询号码 【1412755】，GSD为【"-"】
2024-09-04 00:05:38 ok && -
2024-09-04 00:05:41 CHB 1412755?1725379538 第 1 次 等待 3 秒
2024-09-04 00:05:44 CHB 1412755?1725379538 第 1 次 获取到号码【1412755】GSD
2024-09-04 00:05:44 未获取到号码【1412755】GSD，可能号码格式错误
2024-09-04 00:05:44 获取到号码【1412755】的GSD为【-】
2024-09-04 00:05:51 GSD insert 第 1 次 等待 3 秒
2024-09-04 00:05:54 {"status":"bad","gid":"567772","msg":"添加失败！号码【1412755(-|-)】已存在！"}

2024-09-04 00:13:39 开始第 2757 次操作

2024-09-04 00:13:39 开始操作号码 【1412756】
2024-09-04 00:13:48 GSD getOne 第 1 次 等待 3 秒
2024-09-04 00:13:51 查询号码 【1412756】，返回信息 {"status":"ok","msg":"-","gid":"567795","time_insert":"2023-03-03 20:01"}
2024-09-04 00:13:51 查询号码 【1412756】，GSD为【"-"】
2024-09-04 00:13:51 ok && -
2024-09-04 00:13:53 CHB 1412756?1725380031 第 1 次 等待 3 秒
2024-09-04 00:13:56 CHB 1412756?1725380031 第 1 次 获取到号码【1412756】GSD
2024-09-04 00:13:57 未获取到号码【1412756】GSD，可能号码格式错误
2024-09-04 00:13:57 获取到号码【1412756】的GSD为【-】
2024-09-04 00:14:04 GSD insert 第 1 次 等待 3 秒
2024-09-04 00:14:07 {"status":"bad","gid":"567795","msg":"添加失败！号码【1412756(-|-)】已存在！"}
2024-09-04 00:14:07 随机等待 211 秒，约 3 分钟
2024-09-04 00:14:07 下次操作: 2024-09-04 00:17:38

2024-09-04 00:17:38 开始第 2758 次操作

2024-09-04 00:17:38 开始操作号码 【1412757】
2024-09-04 00:17:46 GSD getOne 第 1 次 等待 3 秒
2024-09-04 00:17:49 查询号码 【1412757】，返回信息 {"status":"ok","msg":"-","gid":"567815","time_insert":"2023-03-03 20:19"}
2024-09-04 00:17:49 查询号码 【1412757】，GSD为【"-"】
2024-09-04 00:17:49 ok && -
2024-09-04 00:17:51 CHB 1412757?1725380269 第 1 次 等待 3 秒
2024-09-04 00:17:54 CHB 1412757?1725380269 第 1 次 获取到号码【1412757】GSD
2024-09-04 00:17:54 未获取到号码【1412757】GSD，可能号码格式错误
2024-09-04 00:17:54 获取到号码【1412757】的GSD为【-】
2024-09-04 00:18:01 GSD insert 第 1 次 等待 3 秒
2024-09-04 00:18:04 {"status":"bad","gid":"567815","msg":"添加失败！号码【1412757(-|-)】已存在！"}
2024-09-04 00:18:04 随机等待 171 秒，约 2 分钟
2024-09-04 00:18:04 下次操作: 2024-09-04 00:20:55

2024-09-04 00:20:55 开始第 2759 次操作

2024-09-04 00:20:55 开始操作号码 【1412758】
2024-09-04 00:21:03 GSD getOne 第 1 次 等待 3 秒
2024-09-04 00:21:06 查询号码 【1412758】，返回信息 {"status":"ok","msg":"-","gid":"567828","time_insert":"2023-03-03 20:29"}
2024-09-04 00:21:06 查询号码 【1412758】，GSD为【"-"】
2024-09-04 00:21:06 ok && -
2024-09-04 00:21:10 CHB 1412758?1725380466 第 1 次 等待 3 秒
2024-09-04 00:21:13 CHB 1412758?1725380466 第 1 次 获取到号码【1412758】GSD
2024-09-04 00:21:13 未获取到号码【1412758】GSD，可能号码格式错误
2024-09-04 00:21:13 获取到号码【1412758】的GSD为【-】
2024-09-04 00:21:20 GSD insert 第 1 次 等待 3 秒
2024-09-04 00:21:24 {"status":"bad","gid":"567828","msg":"添加失败！号码【1412758(-|-)】已存在！"}
2024-09-04 00:21:24 随机等待 232 秒，约 3 分钟
2024-09-04 00:21:24 下次操作: 2024-09-04 00:25:16

2024-09-04 00:25:16 开始第 2760 次操作

2024-09-04 00:25:16 开始操作号码 【1412759】
2024-09-04 00:25:24 GSD getOne 第 1 次 等待 3 秒
2024-09-04 00:25:27 查询号码 【1412759】，返回信息 {"status":"ok","msg":"-","gid":"567845","time_insert":"2023-03-03 20:41"}
2024-09-04 00:25:27 查询号码 【1412759】，GSD为【"-"】
2024-09-04 00:25:27 ok && -
2024-09-04 00:25:29 CHB 1412759?1725380727 第 1 次 等待 3 秒
2024-09-04 00:25:32 CHB 1412759?1725380727 第 1 次 获取到号码【1412759】GSD
2024-09-04 00:25:32 未获取到号码【1412759】GSD，可能号码格式错误
2024-09-04 00:25:32 获取到号码【1412759】的GSD为【-】
2024-09-04 00:25:42 GSD insert 第 1 次 等待 3 秒
2024-09-04 00:25:45 {"status":"bad","gid":"567845","msg":"添加失败！号码【1412759(-|-)】已存在！"}

