2021-07-18 00:00:27 开始第 24 次操作

2021-07-18 00:00:27 开始操作号码 【1349375】
2021-07-18 00:00:39 GSD getOne 第 1 次 等待 3 秒
2021-07-18 00:00:42 查询号码 【1349375】，返回信息 {"status":"bad","msg":""}
2021-07-18 00:00:42 查询号码 【1349375】，GSD为【""】
2021-07-18 00:00:42 bad
2021-07-18 00:00:47 CHB 1349375?1626537642 第 1 次 等待 3 秒
2021-07-18 00:00:50 CHB 1349375?1626537642 第 1 次 获取到号码【1349375】GSD
2021-07-18 00:00:50 获取到号码【1349375】的GSD为【北京-北京】
2021-07-18 00:01:01 GSD insert 第 1 次 等待 3 秒
2021-07-18 00:01:04 {"status":"ok","gid":308519,"msg":"添加成功！"}
2021-07-18 00:01:04 下次操作: 2021-07-18 00:01:26

2021-07-18 00:01:26 开始第 25 次操作

2021-07-18 00:01:26 开始操作号码 【1349374】
2021-07-18 00:01:29 GSD getOne 第 1 次 等待 3 秒
2021-07-18 00:01:32 查询号码 【1349374】，返回信息 {"status":"bad","msg":""}
2021-07-18 00:01:32 查询号码 【1349374】，GSD为【""】
2021-07-18 00:01:32 bad
2021-07-18 00:01:33 CHB 1349374?1626537692 第 1 次 等待 3 秒
2021-07-18 00:01:36 CHB 1349374?1626537692 第 1 次 获取到号码【1349374】GSD
2021-07-18 00:01:36 获取到号码【1349374】的GSD为【北京-北京】
2021-07-18 00:01:40 GSD insert 第 1 次 等待 3 秒
2021-07-18 00:01:43 {"status":"ok","gid":308530,"msg":"添加成功！"}
2021-07-18 00:01:43 下次操作: 2021-07-18 00:02:02

2021-07-18 00:02:02 开始第 26 次操作

2021-07-18 00:02:02 开始操作号码 【1349373】
2021-07-18 00:02:05 GSD getOne 第 1 次 等待 3 秒
2021-07-18 00:02:08 查询号码 【1349373】，返回信息 {"status":"bad","msg":""}
2021-07-18 00:02:08 查询号码 【1349373】，GSD为【""】
2021-07-18 00:02:08 bad
2021-07-18 00:02:10 CHB 1349373?1626537728 第 1 次 等待 3 秒
2021-07-18 00:02:13 CHB 1349373?1626537728 第 1 次 获取到号码【1349373】GSD
2021-07-18 00:02:13 获取到号码【1349373】的GSD为【北京-北京】
2021-07-18 00:02:16 GSD insert 第 1 次 等待 3 秒
2021-07-18 00:02:19 {"status":"ok","gid":308539,"msg":"添加成功！"}
2021-07-18 00:02:19 下次操作: 2021-07-18 00:02:32

2021-07-18 00:02:32 开始第 27 次操作

2021-07-18 00:02:32 开始操作号码 【1349372】
2021-07-18 00:02:36 GSD getOne 第 1 次 等待 3 秒
2021-07-18 00:02:39 查询号码 【1349372】，返回信息 {"status":"bad","msg":""}
2021-07-18 00:02:39 查询号码 【1349372】，GSD为【""】
2021-07-18 00:02:39 bad
2021-07-18 00:02:40 CHB 1349372?1626537759 第 1 次 等待 3 秒
2021-07-18 00:02:43 CHB 1349372?1626537759 第 1 次 获取到号码【1349372】GSD
2021-07-18 00:02:43 获取到号码【1349372】的GSD为【北京-北京】
2021-07-18 00:02:47 GSD insert 第 1 次 等待 3 秒
2021-07-18 00:02:50 {"status":"ok","gid":308549,"msg":"添加成功！"}
2021-07-18 00:02:50 下次操作: 2021-07-18 00:03:06

2021-07-18 00:03:06 开始第 28 次操作

2021-07-18 00:03:06 开始操作号码 【1349371】
2021-07-18 00:03:24 GSD getOne 第 1 次 等待 3 秒
2021-07-18 00:03:27 查询号码 【1349371】，返回信息 {"status":"bad","msg":""}
2021-07-18 00:03:27 查询号码 【1349371】，GSD为【""】
2021-07-18 00:03:27 bad
2021-07-18 00:03:28 CHB 1349371?1626537807 第 1 次 等待 3 秒
2021-07-18 00:03:31 CHB 1349371?1626537807 第 1 次 获取到号码【1349371】GSD
2021-07-18 00:03:31 获取到号码【1349371】的GSD为【北京-北京】
2021-07-18 00:03:34 GSD insert 第 1 次 等待 3 秒
2021-07-18 00:03:37 {"status":"ok","gid":308558,"msg":"添加成功！"}
2021-07-18 00:03:37 下次操作: 2021-07-18 00:03:59

2021-07-18 00:03:59 开始第 29 次操作

2021-07-18 00:03:59 开始操作号码 【1349370】
2021-07-18 00:04:06 GSD getOne 第 1 次 等待 3 秒
2021-07-18 00:04:09 查询号码 【1349370】，返回信息 {"status":"bad","msg":""}
2021-07-18 00:04:09 查询号码 【1349370】，GSD为【""】
2021-07-18 00:04:09 bad
2021-07-18 00:04:10 CHB 1349370?1626537849 第 1 次 等待 3 秒
2021-07-18 00:04:13 CHB 1349370?1626537849 第 1 次 获取到号码【1349370】GSD
2021-07-18 00:04:14 获取到号码【1349370】的GSD为【北京-北京】
2021-07-18 00:04:17 GSD insert 第 1 次 等待 3 秒
2021-07-18 00:04:20 {"status":"ok","gid":308570,"msg":"添加成功！"}
2021-07-18 00:04:20 下次操作: 2021-07-18 00:04:34

2021-07-18 00:04:34 开始第 30 次操作

2021-07-18 00:04:34 开始操作号码 【1349369】
2021-07-18 00:04:42 GSD getOne 第 1 次 等待 3 秒
2021-07-18 00:04:45 查询号码 【1349369】，返回信息 {"status":"bad","msg":""}
2021-07-18 00:04:45 查询号码 【1349369】，GSD为【""】
2021-07-18 00:04:45 bad
2021-07-18 00:04:47 CHB 1349369?1626537885 第 1 次 等待 3 秒
2021-07-18 00:04:50 CHB 1349369?1626537885 第 1 次 获取到号码【1349369】GSD
2021-07-18 00:04:50 获取到号码【1349369】的GSD为【北京-北京】
2021-07-18 00:04:54 GSD insert 第 1 次 等待 3 秒
2021-07-18 00:04:57 {"status":"ok","gid":308580,"msg":"添加成功！"}
2021-07-18 00:04:57 下次操作: 2021-07-18 00:05:20

2021-07-18 00:05:20 开始第 31 次操作

2021-07-18 00:05:20 开始操作号码 【1349368】
2021-07-18 00:05:23 GSD getOne 第 1 次 等待 3 秒
2021-07-18 00:05:26 查询号码 【1349368】，返回信息 {"status":"bad","msg":""}
2021-07-18 00:05:26 查询号码 【1349368】，GSD为【""】
2021-07-18 00:05:26 bad
2021-07-18 00:05:27 CHB 1349368?1626537926 第 1 次 等待 3 秒
2021-07-18 00:05:30 CHB 1349368?1626537926 第 1 次 获取到号码【1349368】GSD
2021-07-18 00:05:30 获取到号码【1349368】的GSD为【北京-北京】
2021-07-18 00:05:33 GSD insert 第 1 次 等待 3 秒
2021-07-18 00:05:36 {"status":"ok","gid":308590,"msg":"添加成功！"}
2021-07-18 00:05:36 下次操作: 2021-07-18 00:05:50

2021-07-18 00:05:50 开始第 32 次操作

2021-07-18 00:05:50 开始操作号码 【1349367】
2021-07-18 00:06:00 GSD getOne 第 1 次 等待 3 秒
2021-07-18 00:06:03 查询号码 【1349367】，返回信息 {"status":"bad","msg":""}
2021-07-18 00:06:03 查询号码 【1349367】，GSD为【""】
2021-07-18 00:06:03 bad
2021-07-18 00:06:04 CHB 1349367?1626537963 第 1 次 等待 3 秒
2021-07-18 00:06:07 CHB 1349367?1626537963 第 1 次 获取到号码【1349367】GSD
2021-07-18 00:06:07 获取到号码【1349367】的GSD为【北京-北京】
2021-07-18 00:06:12 GSD insert 第 1 次 等待 3 秒
2021-07-18 00:06:15 {"status":"ok","gid":308601,"msg":"添加成功！"}
2021-07-18 00:06:15 下次操作: 2021-07-18 00:06:30

2021-07-18 00:06:30 开始第 33 次操作

2021-07-18 00:06:30 开始操作号码 【1349366】
2021-07-18 00:06:35 GSD getOne 第 1 次 等待 3 秒
2021-07-18 00:06:38 查询号码 【1349366】，返回信息 {"status":"bad","msg":""}
2021-07-18 00:06:39 查询号码 【1349366】，GSD为【""】
2021-07-18 00:06:39 bad
2021-07-18 00:06:40 CHB 1349366?1626537999 第 1 次 等待 3 秒
2021-07-18 00:06:43 CHB 1349366?1626537999 第 1 次 获取到号码【1349366】GSD
2021-07-18 00:06:43 获取到号码【1349366】的GSD为【北京-北京】
2021-07-18 00:06:46 GSD insert 第 1 次 等待 3 秒
2021-07-18 00:06:49 {"status":"ok","gid":308609,"msg":"添加成功！"}
2021-07-18 00:06:49 下次操作: 2021-07-18 00:07:11

2021-07-18 00:07:11 开始第 34 次操作

2021-07-18 00:07:11 开始操作号码 【1349365】
2021-07-18 00:07:14 GSD getOne 第 1 次 等待 3 秒
2021-07-18 00:07:17 查询号码 【1349365】，返回信息 {"status":"bad","msg":""}
2021-07-18 00:07:17 查询号码 【1349365】，GSD为【""】
2021-07-18 00:07:17 bad
2021-07-18 00:07:18 CHB 1349365?1626538037 第 1 次 等待 3 秒
2021-07-18 00:07:21 CHB 1349365?1626538037 第 1 次 获取到号码【1349365】GSD
2021-07-18 00:07:21 获取到号码【1349365】的GSD为【北京-北京】
2021-07-18 00:07:24 GSD insert 第 1 次 等待 3 秒
2021-07-18 00:07:27 {"status":"ok","gid":308616,"msg":"添加成功！"}
2021-07-18 00:07:27 下次操作: 2021-07-18 00:07:44

2021-07-18 00:07:44 开始第 35 次操作

2021-07-18 00:07:44 开始操作号码 【1349364】
2021-07-18 00:07:47 GSD getOne 第 1 次 等待 3 秒
2021-07-18 00:07:50 查询号码 【1349364】，返回信息 {"status":"bad","msg":""}
2021-07-18 00:07:50 查询号码 【1349364】，GSD为【""】
2021-07-18 00:07:50 bad
2021-07-18 00:07:52 CHB 1349364?1626538070 第 1 次 等待 3 秒
2021-07-18 00:07:55 CHB 1349364?1626538070 第 1 次 获取到号码【1349364】GSD
2021-07-18 00:07:55 获取到号码【1349364】的GSD为【北京-北京】
2021-07-18 00:07:58 GSD insert 第 1 次 等待 3 秒
2021-07-18 00:08:01 {"status":"ok","gid":308626,"msg":"添加成功！"}
2021-07-18 00:08:01 下次操作: 2021-07-18 00:08:18

2021-07-18 00:08:18 开始第 36 次操作

2021-07-18 00:08:18 开始操作号码 【1349363】
2021-07-18 00:08:21 GSD getOne 第 1 次 等待 3 秒
2021-07-18 00:08:24 查询号码 【1349363】，返回信息 {"status":"bad","msg":""}
2021-07-18 00:08:24 查询号码 【1349363】，GSD为【""】
2021-07-18 00:08:24 bad
2021-07-18 00:08:25 CHB 1349363?1626538104 第 1 次 等待 3 秒
2021-07-18 00:08:28 CHB 1349363?1626538104 第 1 次 获取到号码【1349363】GSD
2021-07-18 00:08:28 获取到号码【1349363】的GSD为【北京-北京】
2021-07-18 00:08:31 GSD insert 第 1 次 等待 3 秒
2021-07-18 00:08:34 {"status":"ok","gid":308633,"msg":"添加成功！"}
2021-07-18 00:08:34 下次操作: 2021-07-18 00:08:48

2021-07-18 00:08:48 开始第 37 次操作

2021-07-18 00:08:48 开始操作号码 【1349362】
2021-07-18 00:08:51 GSD getOne 第 1 次 等待 3 秒
2021-07-18 00:08:54 查询号码 【1349362】，返回信息 {"status":"bad","msg":""}
2021-07-18 00:08:54 查询号码 【1349362】，GSD为【""】
2021-07-18 00:08:54 bad
2021-07-18 00:08:55 CHB 1349362?1626538134 第 1 次 等待 3 秒
2021-07-18 00:08:58 CHB 1349362?1626538134 第 1 次 获取到号码【1349362】GSD
2021-07-18 00:08:58 获取到号码【1349362】的GSD为【北京-北京】
2021-07-18 00:09:05 GSD insert 第 1 次 等待 3 秒
2021-07-18 00:09:08 {"status":"ok","gid":308641,"msg":"添加成功！"}
2021-07-18 00:09:08 下次操作: 2021-07-18 00:09:29

2021-07-18 00:09:29 开始第 38 次操作

2021-07-18 00:09:29 开始操作号码 【1349361】
2021-07-18 00:09:32 GSD getOne 第 1 次 等待 3 秒
2021-07-18 00:09:35 查询号码 【1349361】，返回信息 {"status":"bad","msg":""}
2021-07-18 00:09:35 查询号码 【1349361】，GSD为【""】
2021-07-18 00:09:35 bad
2021-07-18 00:09:37 CHB 1349361?1626538175 第 1 次 等待 3 秒
2021-07-18 00:09:40 CHB 1349361?1626538175 第 1 次 获取到号码【1349361】GSD
2021-07-18 00:09:40 获取到号码【1349361】的GSD为【北京-北京】
2021-07-18 00:09:43 GSD insert 第 1 次 等待 3 秒
2021-07-18 00:09:46 {"status":"ok","gid":308649,"msg":"添加成功！"}
2021-07-18 00:09:46 下次操作: 2021-07-18 00:10:09

2021-07-18 00:10:09 开始第 39 次操作

2021-07-18 00:10:09 开始操作号码 【1349360】
2021-07-18 00:10:37 GSD getOne 第 1 次 等待 3 秒
2021-07-18 00:10:40 查询号码 【1349360】，返回信息 {"status":"bad","msg":""}
2021-07-18 00:10:40 查询号码 【1349360】，GSD为【""】
2021-07-18 00:10:40 bad
2021-07-18 00:10:42 CHB 1349360?1626538240 第 1 次 等待 3 秒
2021-07-18 00:10:45 CHB 1349360?1626538240 第 1 次 获取到号码【1349360】GSD
2021-07-18 00:10:45 获取到号码【1349360】的GSD为【北京-北京】
2021-07-18 00:10:55 GSD insert 第 1 次 等待 3 秒
2021-07-18 00:10:58 {"status":"ok","gid":308665,"msg":"添加成功！"}
2021-07-18 00:10:58 下次操作: 2021-07-18 00:11:16

2021-07-18 00:11:16 开始第 40 次操作

2021-07-18 00:11:16 开始操作号码 【1349359】
2021-07-18 00:11:29 GSD getOne 第 1 次 等待 3 秒
2021-07-18 00:11:32 查询号码 【1349359】，返回信息 {"status":"bad","msg":""}
2021-07-18 00:11:32 查询号码 【1349359】，GSD为【""】
2021-07-18 00:11:32 bad
2021-07-18 00:11:34 CHB 1349359?1626538292 第 1 次 等待 3 秒
2021-07-18 00:11:37 CHB 1349359?1626538292 第 1 次 获取到号码【1349359】GSD
2021-07-18 00:11:37 获取到号码【1349359】的GSD为【北京-北京】
2021-07-18 00:11:40 GSD insert 第 1 次 等待 3 秒
2021-07-18 00:11:43 {"status":"ok","gid":308671,"msg":"添加成功！"}

2021-07-18 01:01:01 开始第 1 次操作

2021-07-18 01:01:01 开始操作号码 【1349358】
2021-07-18 01:01:04 GSD getOne 第 1 次 等待 3 秒
2021-07-18 01:01:07 查询号码 【1349358】，返回信息 {"status":"bad","msg":""}
2021-07-18 01:01:07 查询号码 【1349358】，GSD为【""】
2021-07-18 01:01:07 bad
2021-07-18 01:01:08 CHB 1349358?1626541267 第 1 次 等待 3 秒
2021-07-18 01:01:11 CHB 1349358?1626541267 第 1 次 获取到号码【1349358】GSD
2021-07-18 01:01:11 获取到号码【1349358】的GSD为【北京-北京】
2021-07-18 01:01:14 GSD insert 第 1 次 等待 3 秒
2021-07-18 01:01:17 {"status":"ok","gid":308829,"msg":"添加成功！"}
2021-07-18 01:01:17 下次操作: 2021-07-18 01:01:37

2021-07-18 01:01:37 开始第 2 次操作

2021-07-18 01:01:37 开始操作号码 【1349357】
2021-07-18 01:01:40 GSD getOne 第 1 次 等待 3 秒
2021-07-18 01:01:43 查询号码 【1349357】，返回信息 {"status":"bad","msg":""}
2021-07-18 01:01:43 查询号码 【1349357】，GSD为【""】
2021-07-18 01:01:43 bad
2021-07-18 01:01:44 CHB 1349357?1626541303 第 1 次 等待 3 秒
2021-07-18 01:01:47 CHB 1349357?1626541303 第 1 次 获取到号码【1349357】GSD
2021-07-18 01:01:47 获取到号码【1349357】的GSD为【北京-北京】
2021-07-18 01:01:51 GSD insert 第 1 次 等待 3 秒
2021-07-18 01:01:54 {"status":"ok","gid":308835,"msg":"添加成功！"}
2021-07-18 01:01:54 下次操作: 2021-07-18 01:02:07

2021-07-18 01:02:07 开始第 3 次操作

2021-07-18 01:02:07 开始操作号码 【1349356】
2021-07-18 01:02:09 GSD getOne 第 1 次 等待 3 秒
2021-07-18 01:02:12 查询号码 【1349356】，返回信息 {"status":"bad","msg":""}
2021-07-18 01:02:12 查询号码 【1349356】，GSD为【""】
2021-07-18 01:02:12 bad
2021-07-18 01:02:14 CHB 1349356?1626541332 第 1 次 等待 3 秒
2021-07-18 01:02:17 CHB 1349356?1626541332 第 1 次 获取到号码【1349356】GSD
2021-07-18 01:02:17 获取到号码【1349356】的GSD为【北京-北京】
2021-07-18 01:02:20 GSD insert 第 1 次 等待 3 秒
2021-07-18 01:02:23 {"status":"ok","gid":308842,"msg":"添加成功！"}
2021-07-18 01:02:23 下次操作: 2021-07-18 01:02:40

2021-07-18 01:02:40 开始第 4 次操作

2021-07-18 01:02:40 开始操作号码 【1349355】
2021-07-18 01:02:48 GSD getOne 第 1 次 等待 3 秒
2021-07-18 01:02:51 查询号码 【1349355】，返回信息 {"status":"bad","msg":""}
2021-07-18 01:02:51 查询号码 【1349355】，GSD为【""】
2021-07-18 01:02:51 bad
2021-07-18 01:02:53 CHB 1349355?1626541371 第 1 次 等待 3 秒
2021-07-18 01:02:56 CHB 1349355?1626541371 第 1 次 获取到号码【1349355】GSD
2021-07-18 01:02:56 获取到号码【1349355】的GSD为【北京-北京】
2021-07-18 01:02:59 GSD insert 第 1 次 等待 3 秒
2021-07-18 01:03:02 {"status":"ok","gid":308852,"msg":"添加成功！"}
2021-07-18 01:03:02 下次操作: 2021-07-18 01:03:17

2021-07-18 01:03:17 开始第 5 次操作

2021-07-18 01:03:17 开始操作号码 【1349354】
2021-07-18 01:03:19 GSD getOne 第 1 次 等待 3 秒
2021-07-18 01:03:22 查询号码 【1349354】，返回信息 {"status":"bad","msg":""}
2021-07-18 01:03:23 查询号码 【1349354】，GSD为【""】
2021-07-18 01:03:23 bad
2021-07-18 01:03:24 CHB 1349354?1626541403 第 1 次 等待 3 秒
2021-07-18 01:03:27 CHB 1349354?1626541403 第 1 次 获取到号码【1349354】GSD
2021-07-18 01:03:27 获取到号码【1349354】的GSD为【北京-北京】
2021-07-18 01:03:30 GSD insert 第 1 次 等待 3 秒
2021-07-18 01:03:33 {"status":"ok","gid":308862,"msg":"添加成功！"}
2021-07-18 01:03:33 下次操作: 2021-07-18 01:03:49

2021-07-18 01:03:49 开始第 6 次操作

2021-07-18 01:03:49 开始操作号码 【1349353】
2021-07-18 01:03:51 GSD getOne 第 1 次 等待 3 秒
2021-07-18 01:03:54 查询号码 【1349353】，返回信息 {"status":"bad","msg":""}
2021-07-18 01:03:54 查询号码 【1349353】，GSD为【""】
2021-07-18 01:03:54 bad
2021-07-18 01:03:57 CHB 1349353?1626541434 第 1 次 等待 3 秒
2021-07-18 01:04:00 CHB 1349353?1626541434 第 1 次 获取到号码【1349353】GSD
2021-07-18 01:04:00 获取到号码【1349353】的GSD为【北京-北京】
2021-07-18 01:04:06 GSD insert 第 1 次 等待 3 秒
2021-07-18 01:04:09 {"status":"ok","gid":308872,"msg":"添加成功！"}
2021-07-18 01:04:09 下次操作: 2021-07-18 01:04:24

2021-07-18 01:04:24 开始第 7 次操作

2021-07-18 01:04:24 开始操作号码 【1349352】
2021-07-18 01:04:28 GSD getOne 第 1 次 等待 3 秒
2021-07-18 01:04:31 查询号码 【1349352】，返回信息 {"status":"bad","msg":""}
2021-07-18 01:04:31 查询号码 【1349352】，GSD为【""】
2021-07-18 01:04:31 bad
2021-07-18 01:04:32 CHB 1349352?1626541471 第 1 次 等待 3 秒
2021-07-18 01:04:35 CHB 1349352?1626541471 第 1 次 获取到号码【1349352】GSD
2021-07-18 01:04:35 获取到号码【1349352】的GSD为【北京-北京】
2021-07-18 01:04:39 GSD insert 第 1 次 等待 3 秒
2021-07-18 01:04:42 {"status":"ok","gid":308878,"msg":"添加成功！"}
2021-07-18 01:04:42 下次操作: 2021-07-18 01:04:56

2021-07-18 01:04:56 开始第 8 次操作

2021-07-18 01:04:56 开始操作号码 【1349351】
2021-07-18 01:05:01 GSD getOne 第 1 次 等待 3 秒
2021-07-18 01:05:04 查询号码 【1349351】，返回信息 {"status":"bad","msg":""}
2021-07-18 01:05:04 查询号码 【1349351】，GSD为【""】
2021-07-18 01:05:04 bad
2021-07-18 01:05:06 CHB 1349351?1626541504 第 1 次 等待 3 秒
2021-07-18 01:05:09 CHB 1349351?1626541504 第 1 次 获取到号码【1349351】GSD
2021-07-18 01:05:09 获取到号码【1349351】的GSD为【北京-北京】
2021-07-18 01:05:12 GSD insert 第 1 次 等待 3 秒
2021-07-18 01:05:15 {"status":"ok","gid":308886,"msg":"添加成功！"}
2021-07-18 01:05:15 下次操作: 2021-07-18 01:05:33

2021-07-18 01:05:33 开始第 9 次操作

2021-07-18 01:05:33 开始操作号码 【1349350】
2021-07-18 01:05:36 GSD getOne 第 1 次 等待 3 秒
2021-07-18 01:05:39 查询号码 【1349350】，返回信息 {"status":"bad","msg":""}
2021-07-18 01:05:39 查询号码 【1349350】，GSD为【""】
2021-07-18 01:05:39 bad
2021-07-18 01:05:41 CHB 1349350?1626541539 第 1 次 等待 3 秒
2021-07-18 01:05:44 CHB 1349350?1626541539 第 1 次 获取到号码【1349350】GSD
2021-07-18 01:05:44 获取到号码【1349350】的GSD为【北京-北京】
2021-07-18 01:05:46 GSD insert 第 1 次 等待 3 秒
2021-07-18 01:05:50 {"status":"ok","gid":308896,"msg":"添加成功！"}
2021-07-18 01:05:50 下次操作: 2021-07-18 01:06:06

2021-07-18 01:06:06 开始第 10 次操作

2021-07-18 01:06:06 开始操作号码 【1349349】
2021-07-18 01:06:08 GSD getOne 第 1 次 等待 3 秒
2021-07-18 01:06:11 查询号码 【1349349】，返回信息 {"status":"bad","msg":""}
2021-07-18 01:06:11 查询号码 【1349349】，GSD为【""】
2021-07-18 01:06:11 bad
2021-07-18 01:06:13 CHB 1349349?1626541571 第 1 次 等待 3 秒
2021-07-18 01:06:16 CHB 1349349?1626541571 第 1 次 获取到号码【1349349】GSD
2021-07-18 01:06:16 获取到号码【1349349】的GSD为【北京-北京】
2021-07-18 01:06:19 GSD insert 第 1 次 等待 3 秒
2021-07-18 01:06:22 {"status":"ok","gid":308905,"msg":"添加成功！"}
2021-07-18 01:06:22 下次操作: 2021-07-18 01:06:40

2021-07-18 01:06:40 开始第 11 次操作

2021-07-18 01:06:40 开始操作号码 【1349348】
2021-07-18 01:06:42 GSD getOne 第 1 次 等待 3 秒
2021-07-18 01:06:45 查询号码 【1349348】，返回信息 {"status":"bad","msg":""}
2021-07-18 01:06:46 查询号码 【1349348】，GSD为【""】
2021-07-18 01:06:46 bad
2021-07-18 01:06:47 CHB 1349348?1626541606 第 1 次 等待 3 秒
2021-07-18 01:06:50 CHB 1349348?1626541606 第 1 次 获取到号码【1349348】GSD
2021-07-18 01:06:50 获取到号码【1349348】的GSD为【北京-北京】
2021-07-18 01:06:53 GSD insert 第 1 次 等待 3 秒
2021-07-18 01:06:56 {"status":"ok","gid":308914,"msg":"添加成功！"}
2021-07-18 01:06:56 下次操作: 2021-07-18 01:07:18

2021-07-18 01:07:18 开始第 12 次操作

2021-07-18 01:07:18 开始操作号码 【1349347】
2021-07-18 01:07:20 GSD getOne 第 1 次 等待 3 秒
2021-07-18 01:07:23 查询号码 【1349347】，返回信息 {"status":"bad","msg":""}
2021-07-18 01:07:23 查询号码 【1349347】，GSD为【""】
2021-07-18 01:07:23 bad
2021-07-18 01:07:25 CHB 1349347?1626541643 第 1 次 等待 3 秒
2021-07-18 01:07:28 CHB 1349347?1626541643 第 1 次 获取到号码【1349347】GSD
2021-07-18 01:07:29 获取到号码【1349347】的GSD为【北京-北京】
2021-07-18 01:07:31 GSD insert 第 1 次 等待 3 秒
2021-07-18 01:07:34 {"status":"ok","gid":308924,"msg":"添加成功！"}
2021-07-18 01:07:34 下次操作: 2021-07-18 01:07:58

2021-07-18 01:07:58 开始第 13 次操作

2021-07-18 01:07:58 开始操作号码 【1349346】
2021-07-18 01:08:01 GSD getOne 第 1 次 等待 3 秒
2021-07-18 01:08:04 查询号码 【1349346】，返回信息 {"status":"bad","msg":""}
2021-07-18 01:08:04 查询号码 【1349346】，GSD为【""】
2021-07-18 01:08:04 bad
2021-07-18 01:08:05 CHB 1349346?1626541684 第 1 次 等待 3 秒
2021-07-18 01:08:08 CHB 1349346?1626541684 第 1 次 获取到号码【1349346】GSD
2021-07-18 01:08:08 获取到号码【1349346】的GSD为【北京-北京】
2021-07-18 01:08:11 GSD insert 第 1 次 等待 3 秒
2021-07-18 01:08:14 {"status":"ok","gid":308932,"msg":"添加成功！"}
2021-07-18 01:08:14 下次操作: 2021-07-18 01:08:30

2021-07-18 01:08:30 开始第 14 次操作

2021-07-18 01:08:30 开始操作号码 【1349345】
2021-07-18 01:08:33 GSD getOne 第 1 次 等待 3 秒
2021-07-18 01:08:36 查询号码 【1349345】，返回信息 {"status":"bad","msg":""}
2021-07-18 01:08:36 查询号码 【1349345】，GSD为【""】
2021-07-18 01:08:36 bad
2021-07-18 01:08:37 CHB 1349345?1626541716 第 1 次 等待 3 秒
2021-07-18 01:08:40 CHB 1349345?1626541716 第 1 次 获取到号码【1349345】GSD
2021-07-18 01:08:40 获取到号码【1349345】的GSD为【北京-北京】
2021-07-18 01:08:43 GSD insert 第 1 次 等待 3 秒
2021-07-18 01:08:46 {"status":"ok","gid":308940,"msg":"添加成功！"}
2021-07-18 01:08:46 下次操作: 2021-07-18 01:08:58

2021-07-18 01:08:58 开始第 15 次操作

2021-07-18 01:08:58 开始操作号码 【1349344】
2021-07-18 01:09:02 GSD getOne 第 1 次 等待 3 秒
2021-07-18 01:09:05 查询号码 【1349344】，返回信息 {"status":"bad","msg":""}
2021-07-18 01:09:05 查询号码 【1349344】，GSD为【""】
2021-07-18 01:09:05 bad
2021-07-18 01:09:07 CHB 1349344?1626541745 第 1 次 等待 3 秒
2021-07-18 01:09:10 CHB 1349344?1626541745 第 1 次 获取到号码【1349344】GSD
2021-07-18 01:09:10 获取到号码【1349344】的GSD为【北京-北京】
2021-07-18 01:09:14 GSD insert 第 1 次 等待 3 秒
2021-07-18 01:09:17 {"status":"ok","gid":308948,"msg":"添加成功！"}
2021-07-18 01:09:17 下次操作: 2021-07-18 01:09:39

2021-07-18 01:09:39 开始第 16 次操作

2021-07-18 01:09:39 开始操作号码 【1349343】
2021-07-18 01:09:46 GSD getOne 第 1 次 等待 3 秒
2021-07-18 01:09:49 查询号码 【1349343】，返回信息 {"status":"bad","msg":""}
2021-07-18 01:09:49 查询号码 【1349343】，GSD为【""】
2021-07-18 01:09:49 bad
2021-07-18 01:09:54 CHB 1349343?1626541789 第 1 次 等待 3 秒
2021-07-18 01:09:57 CHB 1349343?1626541789 第 1 次 获取到号码【1349343】GSD
2021-07-18 01:09:57 获取到号码【1349343】的GSD为【北京-北京】
2021-07-18 01:10:04 GSD insert 第 1 次 等待 3 秒
2021-07-18 01:10:07 {"status":"ok","gid":308958,"msg":"添加成功！"}
2021-07-18 01:10:07 下次操作: 2021-07-18 01:10:31

2021-07-18 01:10:31 开始第 17 次操作

2021-07-18 01:10:31 开始操作号码 【1349342】
2021-07-18 01:10:34 GSD getOne 第 1 次 等待 3 秒
2021-07-18 01:10:37 查询号码 【1349342】，返回信息 {"status":"bad","msg":""}
2021-07-18 01:10:37 查询号码 【1349342】，GSD为【""】
2021-07-18 01:10:37 bad
2021-07-18 01:10:38 CHB 1349342?1626541837 第 1 次 等待 3 秒
2021-07-18 01:10:41 CHB 1349342?1626541837 第 1 次 获取到号码【1349342】GSD
2021-07-18 01:10:42 获取到号码【1349342】的GSD为【北京-北京】
2021-07-18 01:10:44 GSD insert 第 1 次 等待 3 秒
2021-07-18 01:10:47 {"status":"ok","gid":308968,"msg":"添加成功！"}
2021-07-18 01:10:47 下次操作: 2021-07-18 01:11:02

2021-07-18 01:11:02 开始第 18 次操作

2021-07-18 01:11:02 开始操作号码 【1349341】
2021-07-18 01:11:05 GSD getOne 第 1 次 等待 3 秒
2021-07-18 01:11:08 查询号码 【1349341】，返回信息 {"status":"bad","msg":""}
2021-07-18 01:11:08 查询号码 【1349341】，GSD为【""】
2021-07-18 01:11:08 bad
2021-07-18 01:11:09 CHB 1349341?1626541868 第 1 次 等待 3 秒
2021-07-18 01:11:12 CHB 1349341?1626541868 第 1 次 获取到号码【1349341】GSD
2021-07-18 01:11:13 获取到号码【1349341】的GSD为【北京-北京】
2021-07-18 01:11:22 GSD insert 第 1 次 等待 3 秒
2021-07-18 01:11:25 {"status":"ok","gid":308978,"msg":"添加成功！"}
2021-07-18 01:11:25 下次操作: 2021-07-18 01:11:39

2021-07-18 01:11:39 开始第 19 次操作

2021-07-18 01:11:39 开始操作号码 【1349340】
2021-07-18 01:11:42 GSD getOne 第 1 次 等待 3 秒
2021-07-18 01:11:45 查询号码 【1349340】，返回信息 {"status":"bad","msg":""}
2021-07-18 01:11:46 查询号码 【1349340】，GSD为【""】
2021-07-18 01:11:46 bad
2021-07-18 01:11:47 CHB 1349340?1626541906 第 1 次 等待 3 秒
2021-07-18 01:11:50 CHB 1349340?1626541906 第 1 次 获取到号码【1349340】GSD
2021-07-18 01:11:51 获取到号码【1349340】的GSD为【北京-北京】
2021-07-18 01:11:53 GSD insert 第 1 次 等待 3 秒
2021-07-18 01:11:56 {"status":"ok","gid":308985,"msg":"添加成功！"}
2021-07-18 01:11:56 下次操作: 2021-07-18 01:12:16

2021-07-18 01:12:16 开始第 20 次操作

2021-07-18 01:12:16 开始操作号码 【1349339】
2021-07-18 01:12:19 GSD getOne 第 1 次 等待 3 秒
2021-07-18 01:12:22 查询号码 【1349339】，返回信息 {"status":"bad","msg":""}
2021-07-18 01:12:22 查询号码 【1349339】，GSD为【""】
2021-07-18 01:12:22 bad
2021-07-18 01:12:24 CHB 1349339?1626541942 第 1 次 等待 3 秒
2021-07-18 01:12:27 CHB 1349339?1626541942 第 1 次 获取到号码【1349339】GSD
2021-07-18 01:12:27 获取到号码【1349339】的GSD为【北京-北京】
2021-07-18 01:12:38 GSD insert 第 1 次 等待 3 秒
2021-07-18 01:12:41 {"status":"ok","gid":308996,"msg":"添加成功！"}
2021-07-18 01:12:41 下次操作: 2021-07-18 01:12:55

2021-07-18 01:12:55 开始第 21 次操作

2021-07-18 01:12:55 开始操作号码 【1349338】
2021-07-18 01:12:58 GSD getOne 第 1 次 等待 3 秒
2021-07-18 01:13:01 查询号码 【1349338】，返回信息 {"status":"bad","msg":""}
2021-07-18 01:13:01 查询号码 【1349338】，GSD为【""】
2021-07-18 01:13:01 bad
2021-07-18 01:13:03 CHB 1349338?1626541981 第 1 次 等待 3 秒
2021-07-18 01:13:06 CHB 1349338?1626541981 第 1 次 获取到号码【1349338】GSD
2021-07-18 01:13:06 获取到号码【1349338】的GSD为【北京-北京】
2021-07-18 01:13:09 GSD insert 第 1 次 等待 3 秒
2021-07-18 01:13:12 {"status":"ok","gid":309004,"msg":"添加成功！"}
2021-07-18 01:13:12 下次操作: 2021-07-18 01:13:33

2021-07-18 01:13:33 开始第 22 次操作

2021-07-18 01:13:33 开始操作号码 【1349337】
2021-07-18 01:13:35 GSD getOne 第 1 次 等待 3 秒
2021-07-18 01:13:38 查询号码 【1349337】，返回信息 {"status":"bad","msg":""}
2021-07-18 01:13:38 查询号码 【1349337】，GSD为【""】
2021-07-18 01:13:38 bad
2021-07-18 01:13:40 CHB 1349337?1626542018 第 1 次 等待 3 秒
2021-07-18 01:13:43 CHB 1349337?1626542018 第 1 次 获取到号码【1349337】GSD
2021-07-18 01:13:43 获取到号码【1349337】的GSD为【北京-北京】
2021-07-18 01:13:51 GSD insert 第 1 次 等待 3 秒
2021-07-18 01:13:54 {"status":"ok","gid":309012,"msg":"添加成功！"}
2021-07-18 01:13:54 下次操作: 2021-07-18 01:14:10

2021-07-18 01:14:10 开始第 23 次操作

2021-07-18 01:14:10 开始操作号码 【1349336】
2021-07-18 01:14:13 GSD getOne 第 1 次 等待 3 秒
2021-07-18 01:14:16 查询号码 【1349336】，返回信息 {"status":"bad","msg":""}
2021-07-18 01:14:17 查询号码 【1349336】，GSD为【""】
2021-07-18 01:14:17 bad
2021-07-18 01:14:19 CHB 1349336?1626542057 第 1 次 等待 3 秒
2021-07-18 01:14:22 CHB 1349336?1626542057 第 1 次 获取到号码【1349336】GSD
2021-07-18 01:14:22 获取到号码【1349336】的GSD为【北京-北京】
2021-07-18 01:14:25 GSD insert 第 1 次 等待 3 秒
2021-07-18 01:14:28 {"status":"ok","gid":309020,"msg":"添加成功！"}
2021-07-18 01:14:28 下次操作: 2021-07-18 01:14:44

2021-07-18 01:14:44 开始第 24 次操作

2021-07-18 01:14:44 开始操作号码 【1349335】
2021-07-18 01:14:47 GSD getOne 第 1 次 等待 3 秒
2021-07-18 01:14:50 查询号码 【1349335】，返回信息 {"status":"bad","msg":""}
2021-07-18 01:14:50 查询号码 【1349335】，GSD为【""】
2021-07-18 01:14:50 bad
2021-07-18 01:14:51 CHB 1349335?1626542090 第 1 次 等待 3 秒
2021-07-18 01:14:54 CHB 1349335?1626542090 第 1 次 获取到号码【1349335】GSD
2021-07-18 01:14:54 获取到号码【1349335】的GSD为【北京-北京】
2021-07-18 01:14:58 GSD insert 第 1 次 等待 3 秒
2021-07-18 01:15:01 {"status":"ok","gid":309024,"msg":"添加成功！"}
2021-07-18 01:15:01 下次操作: 2021-07-18 01:15:20

2021-07-18 01:15:20 开始第 25 次操作

2021-07-18 01:15:20 开始操作号码 【1349334】
2021-07-18 01:15:25 GSD getOne 第 1 次 等待 3 秒
2021-07-18 01:15:28 查询号码 【1349334】，返回信息 {"status":"bad","msg":""}
2021-07-18 01:15:28 查询号码 【1349334】，GSD为【""】
2021-07-18 01:15:28 bad
2021-07-18 01:15:30 CHB 1349334?1626542128 第 1 次 等待 3 秒
2021-07-18 01:15:33 CHB 1349334?1626542128 第 1 次 获取到号码【1349334】GSD
2021-07-18 01:15:33 获取到号码【1349334】的GSD为【北京-北京】
2021-07-18 01:15:36 GSD insert 第 1 次 等待 3 秒
2021-07-18 01:15:39 {"status":"ok","gid":309033,"msg":"添加成功！"}
2021-07-18 01:15:39 下次操作: 2021-07-18 01:15:58

2021-07-18 01:15:58 开始第 26 次操作

2021-07-18 01:15:58 开始操作号码 【1349333】
2021-07-18 01:16:05 GSD getOne 第 1 次 等待 3 秒
2021-07-18 01:16:08 查询号码 【1349333】，返回信息 {"status":"bad","msg":""}
2021-07-18 01:16:09 查询号码 【1349333】，GSD为【""】
2021-07-18 01:16:09 bad
2021-07-18 01:16:11 CHB 1349333?1626542169 第 1 次 等待 3 秒
2021-07-18 01:16:14 CHB 1349333?1626542169 第 1 次 获取到号码【1349333】GSD
2021-07-18 01:16:14 获取到号码【1349333】的GSD为【北京-北京】
2021-07-18 01:16:17 GSD insert 第 1 次 等待 3 秒
2021-07-18 01:16:20 {"status":"ok","gid":309045,"msg":"添加成功！"}
2021-07-18 01:16:20 下次操作: 2021-07-18 01:16:43

2021-07-18 01:16:43 开始第 27 次操作

2021-07-18 01:16:43 开始操作号码 【1349332】
2021-07-18 01:16:46 GSD getOne 第 1 次 等待 3 秒
2021-07-18 01:16:49 查询号码 【1349332】，返回信息 {"status":"bad","msg":""}
2021-07-18 01:16:49 查询号码 【1349332】，GSD为【""】
2021-07-18 01:16:49 bad
2021-07-18 01:16:50 CHB 1349332?1626542209 第 1 次 等待 3 秒
2021-07-18 01:16:53 CHB 1349332?1626542209 第 1 次 获取到号码【1349332】GSD
2021-07-18 01:16:53 获取到号码【1349332】的GSD为【北京-北京】
2021-07-18 01:17:00 GSD insert 第 1 次 等待 3 秒
2021-07-18 01:17:03 {"status":"ok","gid":309053,"msg":"添加成功！"}
2021-07-18 01:17:03 下次操作: 2021-07-18 01:17:15

2021-07-18 01:17:15 开始第 28 次操作

2021-07-18 01:17:15 开始操作号码 【1349331】
2021-07-18 01:17:18 GSD getOne 第 1 次 等待 3 秒
2021-07-18 01:17:21 查询号码 【1349331】，返回信息 {"status":"bad","msg":""}
2021-07-18 01:17:21 查询号码 【1349331】，GSD为【""】
2021-07-18 01:17:21 bad
2021-07-18 01:17:24 CHB 1349331?1626542241 第 1 次 等待 3 秒
2021-07-18 01:17:27 CHB 1349331?1626542241 第 1 次 获取到号码【1349331】GSD
2021-07-18 01:17:27 获取到号码【1349331】的GSD为【北京-北京】
2021-07-18 01:17:30 GSD insert 第 1 次 等待 3 秒
2021-07-18 01:17:33 {"status":"ok","gid":309060,"msg":"添加成功！"}
2021-07-18 01:17:33 下次操作: 2021-07-18 01:17:45

2021-07-18 01:17:45 开始第 29 次操作

2021-07-18 01:17:45 开始操作号码 【1349330】
2021-07-18 01:17:48 GSD getOne 第 1 次 等待 3 秒
2021-07-18 01:17:51 查询号码 【1349330】，返回信息 {"status":"bad","msg":""}
2021-07-18 01:17:51 查询号码 【1349330】，GSD为【""】
2021-07-18 01:17:51 bad
2021-07-18 01:17:52 CHB 1349330?1626542271 第 1 次 等待 3 秒
2021-07-18 01:17:55 CHB 1349330?1626542271 第 1 次 获取到号码【1349330】GSD
2021-07-18 01:17:55 获取到号码【1349330】的GSD为【北京-北京】
2021-07-18 01:17:58 GSD insert 第 1 次 等待 3 秒
2021-07-18 01:18:01 {"status":"ok","gid":309064,"msg":"添加成功！"}
2021-07-18 01:18:01 下次操作: 2021-07-18 01:18:18

2021-07-18 01:18:18 开始第 30 次操作

2021-07-18 01:18:18 开始操作号码 【1349329】
2021-07-18 01:18:20 GSD getOne 第 1 次 等待 3 秒
2021-07-18 01:18:23 查询号码 【1349329】，返回信息 {"status":"bad","msg":""}
2021-07-18 01:18:23 查询号码 【1349329】，GSD为【""】
2021-07-18 01:18:23 bad
2021-07-18 01:18:25 CHB 1349329?1626542303 第 1 次 等待 3 秒
2021-07-18 01:18:28 CHB 1349329?1626542303 第 1 次 获取到号码【1349329】GSD
2021-07-18 01:18:28 获取到号码【1349329】的GSD为【北京-北京】
2021-07-18 01:18:31 GSD insert 第 1 次 等待 3 秒
2021-07-18 01:18:34 {"status":"ok","gid":309074,"msg":"添加成功！"}
2021-07-18 01:18:34 下次操作: 2021-07-18 01:18:52

2021-07-18 01:18:52 开始第 31 次操作

2021-07-18 01:18:52 开始操作号码 【1349328】
2021-07-18 01:18:54 GSD getOne 第 1 次 等待 3 秒
2021-07-18 01:18:57 查询号码 【1349328】，返回信息 {"status":"bad","msg":""}
2021-07-18 01:18:58 查询号码 【1349328】，GSD为【""】
2021-07-18 01:18:58 bad
2021-07-18 01:18:59 CHB 1349328?1626542338 第 1 次 等待 3 秒
2021-07-18 01:19:02 CHB 1349328?1626542338 第 1 次 获取到号码【1349328】GSD
2021-07-18 01:19:02 获取到号码【1349328】的GSD为【北京-北京】
2021-07-18 01:19:05 GSD insert 第 1 次 等待 3 秒
2021-07-18 01:19:08 {"status":"ok","gid":309082,"msg":"添加成功！"}
2021-07-18 01:19:08 下次操作: 2021-07-18 01:19:26

2021-07-18 01:19:26 开始第 32 次操作

2021-07-18 01:19:26 开始操作号码 【1349327】
2021-07-18 01:19:32 GSD getOne 第 1 次 等待 3 秒
2021-07-18 01:19:35 查询号码 【1349327】，返回信息 {"status":"bad","msg":""}
2021-07-18 01:19:35 查询号码 【1349327】，GSD为【""】
2021-07-18 01:19:35 bad
2021-07-18 01:19:38 CHB 1349327?1626542375 第 1 次 等待 3 秒
2021-07-18 01:19:41 CHB 1349327?1626542375 第 1 次 获取到号码【1349327】GSD
2021-07-18 01:19:41 获取到号码【1349327】的GSD为【北京-北京】
2021-07-18 01:19:43 GSD insert 第 1 次 等待 3 秒
2021-07-18 01:19:46 {"status":"ok","gid":309093,"msg":"添加成功！"}
2021-07-18 01:19:46 下次操作: 2021-07-18 01:20:04

2021-07-18 01:20:04 开始第 33 次操作

2021-07-18 01:20:04 开始操作号码 【1349326】
2021-07-18 01:20:07 GSD getOne 第 1 次 等待 3 秒
2021-07-18 01:20:10 查询号码 【1349326】，返回信息 {"status":"bad","msg":""}
2021-07-18 01:20:10 查询号码 【1349326】，GSD为【""】
2021-07-18 01:20:10 bad
2021-07-18 01:20:11 CHB 1349326?1626542410 第 1 次 等待 3 秒
2021-07-18 01:20:14 CHB 1349326?1626542410 第 1 次 获取到号码【1349326】GSD
2021-07-18 01:20:14 获取到号码【1349326】的GSD为【北京-北京】
2021-07-18 01:20:18 GSD insert 第 1 次 等待 3 秒
2021-07-18 01:20:21 {"status":"ok","gid":309103,"msg":"添加成功！"}
2021-07-18 01:20:21 下次操作: 2021-07-18 01:20:42

2021-07-18 01:20:42 开始第 34 次操作

2021-07-18 01:20:42 开始操作号码 【1349325】
2021-07-18 01:20:51 GSD getOne 第 1 次 等待 3 秒
2021-07-18 01:20:54 查询号码 【1349325】，返回信息 {"status":"bad","msg":""}
2021-07-18 01:20:54 查询号码 【1349325】，GSD为【""】
2021-07-18 01:20:54 bad
2021-07-18 01:20:56 CHB 1349325?1626542454 第 1 次 等待 3 秒
2021-07-18 01:20:59 CHB 1349325?1626542454 第 1 次 获取到号码【1349325】GSD
2021-07-18 01:20:59 获取到号码【1349325】的GSD为【北京-北京】
2021-07-18 01:21:07 GSD insert 第 1 次 等待 3 秒
2021-07-18 01:21:10 {"status":"ok","gid":309113,"msg":"添加成功！"}
2021-07-18 01:21:10 下次操作: 2021-07-18 01:21:33

2021-07-18 01:21:33 开始第 35 次操作

2021-07-18 01:21:34 开始操作号码 【1349324】
2021-07-18 01:21:38 GSD getOne 第 1 次 等待 3 秒
2021-07-18 01:21:41 查询号码 【1349324】，返回信息 {"status":"bad","msg":""}
2021-07-18 01:21:41 查询号码 【1349324】，GSD为【""】
2021-07-18 01:21:41 bad
2021-07-18 01:21:43 CHB 1349324?1626542501 第 1 次 等待 3 秒
2021-07-18 01:21:46 CHB 1349324?1626542501 第 1 次 获取到号码【1349324】GSD
2021-07-18 01:21:46 获取到号码【1349324】的GSD为【北京-北京】
2021-07-18 01:21:52 GSD insert 第 1 次 等待 3 秒
2021-07-18 01:21:55 {"status":"ok","gid":309126,"msg":"添加成功！"}
2021-07-18 01:21:55 下次操作: 2021-07-18 01:22:14

2021-07-18 01:22:14 开始第 36 次操作

2021-07-18 01:22:14 开始操作号码 【1349323】
2021-07-18 01:22:17 GSD getOne 第 1 次 等待 3 秒
2021-07-18 01:22:20 查询号码 【1349323】，返回信息 {"status":"bad","msg":""}
2021-07-18 01:22:20 查询号码 【1349323】，GSD为【""】
2021-07-18 01:22:20 bad
2021-07-18 01:22:21 CHB 1349323?1626542540 第 1 次 等待 3 秒
2021-07-18 01:22:24 CHB 1349323?1626542540 第 1 次 获取到号码【1349323】GSD
2021-07-18 01:22:24 获取到号码【1349323】的GSD为【北京-北京】
2021-07-18 01:22:29 GSD insert 第 1 次 等待 3 秒
2021-07-18 01:22:32 {"status":"ok","gid":309132,"msg":"添加成功！"}
2021-07-18 01:22:32 下次操作: 2021-07-18 01:22:44

2021-07-18 01:22:44 开始第 37 次操作

2021-07-18 01:22:44 开始操作号码 【1349322】
2021-07-18 01:22:51 GSD getOne 第 1 次 等待 3 秒
2021-07-18 01:22:54 查询号码 【1349322】，返回信息 {"status":"bad","msg":""}
2021-07-18 01:22:54 查询号码 【1349322】，GSD为【""】
2021-07-18 01:22:54 bad
2021-07-18 01:22:56 CHB 1349322?1626542574 第 1 次 等待 3 秒
2021-07-18 01:22:59 CHB 1349322?1626542574 第 1 次 获取到号码【1349322】GSD
2021-07-18 01:22:59 获取到号码【1349322】的GSD为【北京-北京】
2021-07-18 01:23:02 GSD insert 第 1 次 等待 3 秒
2021-07-18 01:23:05 {"status":"ok","gid":309141,"msg":"添加成功！"}
2021-07-18 01:23:05 下次操作: 2021-07-18 01:23:22

2021-07-18 01:23:22 开始第 38 次操作

2021-07-18 01:23:22 开始操作号码 【1349321】
2021-07-18 01:23:28 GSD getOne 第 1 次 等待 3 秒
2021-07-18 01:23:31 查询号码 【1349321】，返回信息 {"status":"bad","msg":""}
2021-07-18 01:23:31 查询号码 【1349321】，GSD为【""】
2021-07-18 01:23:31 bad
2021-07-18 01:23:33 CHB 1349321?1626542611 第 1 次 等待 3 秒
2021-07-18 01:23:36 CHB 1349321?1626542611 第 1 次 获取到号码【1349321】GSD
2021-07-18 01:23:36 获取到号码【1349321】的GSD为【北京-北京】
2021-07-18 01:23:39 GSD insert 第 1 次 等待 3 秒
2021-07-18 01:23:42 {"status":"ok","gid":309150,"msg":"添加成功！"}
2021-07-18 01:23:42 下次操作: 2021-07-18 01:24:04

2021-07-18 01:24:04 开始第 39 次操作

2021-07-18 01:24:04 开始操作号码 【1349320】
2021-07-18 01:24:07 GSD getOne 第 1 次 等待 3 秒
2021-07-18 01:24:10 查询号码 【1349320】，返回信息 {"status":"bad","msg":""}
2021-07-18 01:24:10 查询号码 【1349320】，GSD为【""】
2021-07-18 01:24:10 bad
2021-07-18 01:24:11 CHB 1349320?1626542650 第 1 次 等待 3 秒
2021-07-18 01:24:14 CHB 1349320?1626542650 第 1 次 获取到号码【1349320】GSD
2021-07-18 01:24:14 获取到号码【1349320】的GSD为【北京-北京】
2021-07-18 01:24:22 GSD insert 第 1 次 等待 3 秒
2021-07-18 01:24:25 {"status":"ok","gid":309158,"msg":"添加成功！"}
2021-07-18 01:24:25 下次操作: 2021-07-18 01:24:45

2021-07-18 01:24:45 开始第 40 次操作

2021-07-18 01:24:45 开始操作号码 【1349319】
2021-07-18 01:24:48 GSD getOne 第 1 次 等待 3 秒
2021-07-18 01:24:51 查询号码 【1349319】，返回信息 {"status":"bad","msg":""}
2021-07-18 01:24:52 查询号码 【1349319】，GSD为【""】
2021-07-18 01:24:52 bad
2021-07-18 01:24:53 CHB 1349319?1626542692 第 1 次 等待 3 秒
2021-07-18 01:24:56 CHB 1349319?1626542692 第 1 次 获取到号码【1349319】GSD
2021-07-18 01:24:56 获取到号码【1349319】的GSD为【北京-北京】
2021-07-18 01:24:59 GSD insert 第 1 次 等待 3 秒
2021-07-18 01:25:02 {"status":"ok","gid":309166,"msg":"添加成功！"}

