2023-12-17 00:20:25 开始第 3545 次操作

2023-12-17 00:20:25 开始操作号码 【1853464】
2023-12-17 00:20:28 GSD getOne 第 1 次 等待 3 秒
2023-12-17 00:20:31 查询号码 【1853464】，返回信息 {"status":"ok","msg":"山西-太原","gid":"473515","time_insert":"2021-08-02 01:12"}
2023-12-17 00:20:31 查询号码 【1853464】，GSD为【"山西-太原"】

2023-12-17 00:20:32 开始第 3546 次操作

2023-12-17 00:20:32 开始操作号码 【1853465】
2023-12-17 00:20:36 GSD getOne 第 1 次 等待 3 秒
2023-12-17 00:20:39 查询号码 【1853465】，返回信息 {"status":"ok","msg":"山西-太原","gid":"473506","time_insert":"2021-08-02 01:11"}
2023-12-17 00:20:39 查询号码 【1853465】，GSD为【"山西-太原"】

2023-12-17 00:20:40 开始第 3547 次操作

2023-12-17 00:20:40 开始操作号码 【1853466】
2023-12-17 00:20:43 GSD getOne 第 1 次 等待 3 秒
2023-12-17 00:20:46 查询号码 【1853466】，返回信息 {"status":"ok","msg":"山西-太原","gid":"473499","time_insert":"2021-08-02 01:10"}
2023-12-17 00:20:46 查询号码 【1853466】，GSD为【"山西-太原"】

2023-12-17 00:20:47 开始第 3548 次操作

2023-12-17 00:20:47 开始操作号码 【1853467】
2023-12-17 00:20:51 GSD getOne 第 1 次 等待 3 秒
2023-12-17 00:20:54 查询号码 【1853467】，返回信息 {"status":"ok","msg":"山西-太原","gid":"473489","time_insert":"2021-08-02 01:10"}
2023-12-17 00:20:54 查询号码 【1853467】，GSD为【"山西-太原"】

