2024-09-24 00:12:43 开始第 6281 次操作

2024-09-24 00:12:43 开始操作号码 【1416278】
2024-09-24 00:12:45 GSD getOne 第 1 次 等待 3 秒
2024-09-24 00:12:48 查询号码 【1416278】，返回信息 {"status":"ok","msg":"-","gid":"653729","time_insert":"2023-04-14 12:32"}
2024-09-24 00:12:48 查询号码 【1416278】，GSD为【"-"】
2024-09-24 00:12:48 ok && -
2024-09-24 00:12:50 CHB 1416278?1727107968 第 1 次 等待 3 秒
2024-09-24 00:12:53 CHB 1416278?1727107968 第 1 次 获取到号码【1416278】GSD
2024-09-24 00:12:53 未获取到号码【1416278】GSD，可能号码格式错误
2024-09-24 00:12:53 获取到号码【1416278】的GSD为【-】
2024-09-24 00:12:55 GSD insert 第 1 次 等待 3 秒
2024-09-24 00:12:58 {"status":"bad","gid":"653729","msg":"添加失败！号码【1416278(-|-)】已存在！"}
2024-09-24 00:12:58 随机等待 197 秒，约 3 分钟
2024-09-24 00:12:58 下次操作: 2024-09-24 00:16:15

2024-09-24 00:16:15 开始第 6282 次操作

2024-09-24 00:16:15 开始操作号码 【1416279】
2024-09-24 00:16:19 GSD getOne 第 1 次 等待 3 秒
2024-09-24 00:16:22 查询号码 【1416279】，返回信息 {"status":"ok","msg":"-","gid":"653754","time_insert":"2023-04-14 12:45"}
2024-09-24 00:16:22 查询号码 【1416279】，GSD为【"-"】
2024-09-24 00:16:22 ok && -
2024-09-24 00:16:24 CHB 1416279?1727108182 第 1 次 等待 3 秒
2024-09-24 00:16:27 CHB 1416279?1727108182 第 1 次 获取到号码【1416279】GSD
2024-09-24 00:16:27 未获取到号码【1416279】GSD，可能号码格式错误
2024-09-24 00:16:27 获取到号码【1416279】的GSD为【-】
2024-09-24 00:16:29 GSD insert 第 1 次 等待 3 秒
2024-09-24 00:16:32 {"status":"bad","gid":"653754","msg":"添加失败！号码【1416279(-|-)】已存在！"}
2024-09-24 00:16:32 随机等待 134 秒，约 2 分钟
2024-09-24 00:16:32 下次操作: 2024-09-24 00:18:46

2024-09-24 00:18:46 开始第 6283 次操作

2024-09-24 00:18:46 开始操作号码 【1416280】
2024-09-24 00:18:48 GSD getOne 第 1 次 等待 3 秒
2024-09-24 00:18:51 查询号码 【1416280】，返回信息 {"status":"ok","msg":"-","gid":"653786","time_insert":"2023-04-14 13:05"}
2024-09-24 00:18:51 查询号码 【1416280】，GSD为【"-"】
2024-09-24 00:18:51 ok && -
2024-09-24 00:19:11 CHB 1416280?1727108331 第 1 次 等待 3 秒
2024-09-24 00:19:14 CHB 1416280?1727108331 第 1 次 获取到号码【1416280】GSD
2024-09-24 00:19:14 未获取到号码【1416280】GSD，可能号码格式错误
2024-09-24 00:19:14 获取到号码【1416280】的GSD为【-】
2024-09-24 00:19:16 GSD insert 第 1 次 等待 3 秒
2024-09-24 00:19:19 {"status":"bad","gid":"653786","msg":"添加失败！号码【1416280(-|-)】已存在！"}
2024-09-24 00:19:19 随机等待 81 秒，约 1 分钟
2024-09-24 00:19:19 下次操作: 2024-09-24 00:20:40

2024-09-24 00:20:40 开始第 6284 次操作

2024-09-24 00:20:41 开始操作号码 【1416281】
2024-09-24 00:20:43 GSD getOne 第 1 次 等待 3 秒
2024-09-24 00:20:46 查询号码 【1416281】，返回信息 {"status":"ok","msg":"-","gid":"653819","time_insert":"2023-04-14 13:27"}
2024-09-24 00:20:46 查询号码 【1416281】，GSD为【"-"】
2024-09-24 00:20:46 ok && -
2024-09-24 00:20:48 CHB 1416281?1727108446 第 1 次 等待 3 秒
2024-09-24 00:20:51 CHB 1416281?1727108446 第 1 次 获取到号码【1416281】GSD
2024-09-24 00:20:51 未获取到号码【1416281】GSD，可能号码格式错误
2024-09-24 00:20:51 获取到号码【1416281】的GSD为【-】
2024-09-24 00:20:53 GSD insert 第 1 次 等待 3 秒
2024-09-24 00:20:56 {"status":"bad","gid":"653819","msg":"添加失败！号码【1416281(-|-)】已存在！"}

