2024-06-24 00:21:09 开始第 2305 次操作

2024-06-24 00:21:09 开始操作号码 【1522209】
2024-06-24 00:21:48 GSD getOne 第 1 次 等待 3 秒
2024-06-24 00:21:51 查询号码 【1522209】，返回信息 {"status":"ok","msg":"天津-天津","gid":"18982","time_insert":"2017-04-20 15:28","time_update":"2020-12-28 14:54"}
2024-06-24 00:21:51 查询号码 【1522209】，GSD为【"天津-天津"】

2024-06-24 00:21:52 开始第 2306 次操作

2024-06-24 00:21:52 开始操作号码 【1522210】
2024-06-24 00:22:30 GSD getOne 第 1 次 等待 3 秒
2024-06-24 00:22:33 查询号码 【1522210】，返回信息 {"status":"ok","msg":"天津-天津","gid":"126448","time_insert":"2021-06-25 10:09"}
2024-06-24 00:22:34 查询号码 【1522210】，GSD为【"天津-天津"】

2024-06-24 00:22:35 开始第 2307 次操作

2024-06-24 00:22:35 开始操作号码 【1522211】
2024-06-24 00:22:53 GSD getOne 第 1 次 等待 3 秒
2024-06-24 00:22:56 查询号码 【1522211】，返回信息 {"status":"ok","msg":"天津-天津","gid":"126492","time_insert":"2021-06-25 10:25"}
2024-06-24 00:22:56 查询号码 【1522211】，GSD为【"天津-天津"】

2024-06-24 00:22:57 开始第 2308 次操作

2024-06-24 00:22:57 开始操作号码 【1522212】
2024-06-24 00:23:17 GSD getOne 第 1 次 等待 3 秒
2024-06-24 00:23:20 查询号码 【1522212】，返回信息 {"status":"ok","msg":"天津-天津","gid":"126604","time_insert":"2021-06-25 10:44"}
2024-06-24 00:23:20 查询号码 【1522212】，GSD为【"天津-天津"】

