2021-07-11 00:59:57 开始第 1 次操作

2021-07-11 00:59:57 开始操作号码 【1776100】
2021-07-11 00:59:59 GSD getOne 第 1 次 等待 1 秒
2021-07-11 01:00:00 查询号码 【1776100】，返回信息 {"status":"bad","msg":""}
2021-07-11 01:00:00 查询号码 【1776100】，GSD为【""】
2021-07-11 01:00:00 bad
2021-07-11 01:00:02 CHB 1776100?1625936400 第 1 次 等待 1 秒
2021-07-11 01:00:03 CHB 1776100?1625936400 第 1 次 获取到号码【1776100】GSD
2021-07-11 01:00:04 获取到号码【1776100】的GSD为【四川-宜宾】
2021-07-11 01:00:09 GSD insert 第 1 次 等待 1 秒
2021-07-11 01:00:10 {"status":"ok","msg":"添加成功！243830"}
2021-07-11 01:00:10 下次操作: 2021-07-11 01:00:21

2021-07-11 01:00:21 开始第 2 次操作

2021-07-11 01:00:21 开始操作号码 【1776099】
2021-07-11 01:00:25 GSD getOne 第 1 次 等待 1 秒
2021-07-11 01:00:26 查询号码 【1776099】，返回信息 {"status":"ok","msg":"四川-成都","time_insert":"2016-12-22 22:04","time_update":"2020-10-31 00:17"}
2021-07-11 01:00:26 查询号码 【1776099】，GSD为【"四川-成都"】

2021-07-11 01:00:26 开始第 2 次操作

2021-07-11 01:00:26 开始操作号码 【1776098】
2021-07-11 01:00:30 GSD getOne 第 1 次 等待 1 秒
2021-07-11 01:00:31 查询号码 【1776098】，返回信息 {"status":"ok","msg":"四川-自贡","time_insert":"2017-10-18 11:40","time_update":"2020-10-31 00:13"}
2021-07-11 01:00:31 查询号码 【1776098】，GSD为【"四川-自贡"】

2021-07-11 01:00:31 开始第 2 次操作

2021-07-11 01:00:31 开始操作号码 【1776097】
2021-07-11 01:00:40 GSD getOne 第 1 次 等待 1 秒
2021-07-11 01:00:41 查询号码 【1776097】，返回信息 {"status":"bad","msg":""}
2021-07-11 01:00:41 查询号码 【1776097】，GSD为【""】
2021-07-11 01:00:41 bad
2021-07-11 01:00:44 CHB 1776097?1625936441 第 1 次 等待 1 秒
2021-07-11 01:00:45 CHB 1776097?1625936441 第 1 次 获取到号码【1776097】GSD
2021-07-11 01:00:45 获取到号码【1776097】的GSD为【四川-德阳】
2021-07-11 01:00:47 GSD insert 第 1 次 等待 1 秒
2021-07-11 01:00:48 {"status":"ok","msg":"添加成功！243835"}
2021-07-11 01:00:48 下次操作: 2021-07-11 01:00:59

2021-07-11 01:00:59 开始第 3 次操作

2021-07-11 01:00:59 开始操作号码 【1776096】
2021-07-11 01:01:04 GSD getOne 第 1 次 等待 1 秒
2021-07-11 01:01:05 查询号码 【1776096】，返回信息 {"status":"bad","msg":""}
2021-07-11 01:01:05 查询号码 【1776096】，GSD为【""】
2021-07-11 01:01:05 bad
2021-07-11 01:01:07 CHB 1776096?1625936465 第 1 次 等待 1 秒
2021-07-11 01:01:08 CHB 1776096?1625936465 第 1 次 获取到号码【1776096】GSD
2021-07-11 01:01:08 获取到号码【1776096】的GSD为【四川-资阳】
2021-07-11 01:01:10 GSD insert 第 1 次 等待 1 秒
2021-07-11 01:01:11 {"status":"ok","msg":"添加成功！243841"}
2021-07-11 01:01:11 下次操作: 2021-07-11 01:01:23

2021-07-11 01:01:23 开始第 4 次操作

2021-07-11 01:01:23 开始操作号码 【1776095】
2021-07-11 01:01:29 GSD getOne 第 1 次 等待 1 秒
2021-07-11 01:01:30 查询号码 【1776095】，返回信息 {"status":"ok","msg":"四川-乐山","time_insert":"2020-03-31 18:56","time_update":"2020-10-31 00:10"}
2021-07-11 01:01:30 查询号码 【1776095】，GSD为【"四川-乐山"】

2021-07-11 01:01:30 开始第 4 次操作

2021-07-11 01:01:30 开始操作号码 【1776094】
2021-07-11 01:01:35 GSD getOne 第 1 次 等待 1 秒
2021-07-11 01:01:36 查询号码 【1776094】，返回信息 {"status":"bad","msg":""}
2021-07-11 01:01:36 查询号码 【1776094】，GSD为【""】
2021-07-11 01:01:36 bad
2021-07-11 01:01:51 CHB 1776094?1625936496 第 1 次 等待 1 秒
2021-07-11 01:01:52 CHB 1776094?1625936496 第 1 次 获取到号码【1776094】GSD
2021-07-11 01:01:52 未获取到号码【1776094】GSD，查号吧 522 错误
2021-07-11 01:01:52 获取到号码【1776094】的GSD为【-】
2021-07-11 01:01:55 GSD insert 第 1 次 等待 1 秒
2021-07-11 01:01:56 {"status":"ok","msg":"添加成功！243849"}
2021-07-11 01:01:56 下次操作: 2021-07-11 01:02:07

2021-07-11 01:02:07 开始第 5 次操作

2021-07-11 01:02:07 开始操作号码 【1776093】
2021-07-11 01:02:18 GSD getOne 第 1 次 等待 1 秒
2021-07-11 01:02:19 查询号码 【1776093】，返回信息 {"status":"bad","msg":""}
2021-07-11 01:02:19 查询号码 【1776093】，GSD为【""】
2021-07-11 01:02:19 bad
2021-07-11 01:02:28 CHB 1776093?1625936539 第 1 次 等待 1 秒
2021-07-11 01:02:29 CHB 1776093?1625936539 第 1 次 获取到号码【1776093】GSD
2021-07-11 01:02:29 未获取到号码【1776093】GSD，查号吧 525 错误
2021-07-11 01:02:29 获取到号码【1776093】的GSD为【-】
2021-07-11 01:02:34 GSD insert 第 1 次 等待 1 秒
2021-07-11 01:02:35 {"status":"ok","msg":"添加成功！243853"}
2021-07-11 01:02:35 下次操作: 2021-07-11 01:02:49

2021-07-11 01:02:49 开始第 6 次操作

2021-07-11 01:02:49 开始操作号码 【1776092】
2021-07-11 01:02:55 GSD getOne 第 1 次 等待 1 秒
2021-07-11 01:02:56 查询号码 【1776092】，返回信息 {"status":"ok","msg":"四川-凉山","time_insert":"2017-02-09 17:57","time_update":"2020-10-31 00:06"}
2021-07-11 01:02:56 查询号码 【1776092】，GSD为【"四川-凉山"】

2021-07-11 01:02:56 开始第 6 次操作

2021-07-11 01:02:56 开始操作号码 【1776091】
2021-07-11 01:03:01 GSD getOne 第 1 次 等待 1 秒
2021-07-11 01:03:02 查询号码 【1776091】，返回信息 {"status":"bad","msg":""}
2021-07-11 01:03:02 查询号码 【1776091】，GSD为【""】
2021-07-11 01:03:02 bad
2021-07-11 01:03:05 CHB 1776091?1625936582 第 1 次 等待 1 秒
2021-07-11 01:03:06 CHB 1776091?1625936582 第 1 次 获取到号码【1776091】GSD
2021-07-11 01:03:06 获取到号码【1776091】的GSD为【四川-攀枝花】
2021-07-11 01:03:10 GSD insert 第 1 次 等待 1 秒
2021-07-11 01:03:11 {"status":"ok","msg":"添加成功！243863"}
2021-07-11 01:03:11 下次操作: 2021-07-11 01:03:24

2021-07-11 01:03:24 开始第 7 次操作

2021-07-11 01:03:24 开始操作号码 【1776090】
2021-07-11 01:03:28 GSD getOne 第 1 次 等待 1 秒
2021-07-11 01:03:29 查询号码 【1776090】，返回信息 {"status":"bad","msg":""}
2021-07-11 01:03:29 查询号码 【1776090】，GSD为【""】
2021-07-11 01:03:29 bad
2021-07-11 01:03:32 CHB 1776090?1625936609 第 1 次 等待 1 秒
2021-07-11 01:03:33 CHB 1776090?1625936609 第 1 次 获取到号码【1776090】GSD
2021-07-11 01:03:33 获取到号码【1776090】的GSD为【四川-雅安】
2021-07-11 01:03:37 GSD insert 第 1 次 等待 1 秒
2021-07-11 01:03:38 {"status":"ok","msg":"添加成功！243870"}
2021-07-11 01:03:38 下次操作: 2021-07-11 01:03:51

2021-07-11 01:03:51 开始第 8 次操作

2021-07-11 01:03:51 开始操作号码 【1776089】
2021-07-11 01:03:55 GSD getOne 第 1 次 等待 1 秒
2021-07-11 01:03:56 查询号码 【1776089】，返回信息 {"status":"bad","msg":""}
2021-07-11 01:03:56 查询号码 【1776089】，GSD为【""】
2021-07-11 01:03:56 bad
2021-07-11 01:03:57 CHB 1776089?1625936636 第 1 次 等待 1 秒
2021-07-11 01:03:58 CHB 1776089?1625936636 第 1 次 获取到号码【1776089】GSD
2021-07-11 01:03:58 获取到号码【1776089】的GSD为【安徽-宣城】
2021-07-11 01:04:01 GSD insert 第 1 次 等待 1 秒
2021-07-11 01:04:02 {"status":"ok","msg":"添加成功！243878"}
2021-07-11 01:04:02 下次操作: 2021-07-11 01:04:19

2021-07-11 01:04:19 开始第 9 次操作

2021-07-11 01:04:19 开始操作号码 【1776088】
2021-07-11 01:04:22 GSD getOne 第 1 次 等待 1 秒
2021-07-11 01:04:23 查询号码 【1776088】，返回信息 {"status":"bad","msg":""}
2021-07-11 01:04:23 查询号码 【1776088】，GSD为【""】
2021-07-11 01:04:23 bad
2021-07-11 01:04:24 CHB 1776088?1625936663 第 1 次 等待 1 秒
2021-07-11 01:04:25 CHB 1776088?1625936663 第 1 次 获取到号码【1776088】GSD
2021-07-11 01:04:25 获取到号码【1776088】的GSD为【安徽-安庆】
2021-07-11 01:04:43 GSD insert 第 1 次 等待 1 秒
2021-07-11 01:04:44 {"status":"ok","msg":"添加成功！243884"}
2021-07-11 01:04:44 下次操作: 2021-07-11 01:04:56

2021-07-11 01:04:56 开始第 10 次操作

2021-07-11 01:04:56 开始操作号码 【1776087】
2021-07-11 01:04:58 GSD getOne 第 1 次 等待 1 秒
2021-07-11 01:04:59 查询号码 【1776087】，返回信息 {"status":"bad","msg":""}
2021-07-11 01:04:59 查询号码 【1776087】，GSD为【""】
2021-07-11 01:04:59 bad
2021-07-11 01:05:01 CHB 1776087?1625936699 第 1 次 等待 1 秒
2021-07-11 01:05:02 CHB 1776087?1625936699 第 1 次 获取到号码【1776087】GSD
2021-07-11 01:05:02 获取到号码【1776087】的GSD为【安徽-安庆】
2021-07-11 01:05:08 GSD insert 第 1 次 等待 1 秒
2021-07-11 01:05:09 {"status":"ok","msg":"添加成功！243890"}
2021-07-11 01:05:09 下次操作: 2021-07-11 01:05:16

2021-07-11 01:05:16 开始第 11 次操作

2021-07-11 01:05:16 开始操作号码 【1776086】
2021-07-11 01:05:20 GSD getOne 第 1 次 等待 1 秒
2021-07-11 01:05:21 查询号码 【1776086】，返回信息 {"status":"bad","msg":""}
2021-07-11 01:05:21 查询号码 【1776086】，GSD为【""】
2021-07-11 01:05:21 bad
2021-07-11 01:05:23 CHB 1776086?1625936721 第 1 次 等待 1 秒
2021-07-11 01:05:24 CHB 1776086?1625936721 第 1 次 获取到号码【1776086】GSD
2021-07-11 01:05:24 获取到号码【1776086】的GSD为【安徽-安庆】
2021-07-11 01:05:26 GSD insert 第 1 次 等待 1 秒
2021-07-11 01:05:27 {"status":"ok","msg":"添加成功！243895"}
2021-07-11 01:05:27 下次操作: 2021-07-11 01:05:34

2021-07-11 01:05:34 开始第 12 次操作

2021-07-11 01:05:34 开始操作号码 【1776085】
2021-07-11 01:05:37 GSD getOne 第 1 次 等待 1 秒
2021-07-11 01:05:38 查询号码 【1776085】，返回信息 {"status":"bad","msg":""}
2021-07-11 01:05:38 查询号码 【1776085】，GSD为【""】
2021-07-11 01:05:38 bad
2021-07-11 01:05:40 CHB 1776085?1625936738 第 1 次 等待 1 秒
2021-07-11 01:05:41 CHB 1776085?1625936738 第 1 次 获取到号码【1776085】GSD
2021-07-11 01:05:41 获取到号码【1776085】的GSD为【安徽-安庆】
2021-07-11 01:05:46 GSD insert 第 1 次 等待 1 秒
2021-07-11 01:05:47 {"status":"ok","msg":"添加成功！243900"}
2021-07-11 01:05:47 下次操作: 2021-07-11 01:06:01

2021-07-11 01:06:01 开始第 13 次操作

2021-07-11 01:06:01 开始操作号码 【1776084】
2021-07-11 01:06:03 GSD getOne 第 1 次 等待 1 秒
2021-07-11 01:06:04 查询号码 【1776084】，返回信息 {"status":"bad","msg":""}
2021-07-11 01:06:04 查询号码 【1776084】，GSD为【""】
2021-07-11 01:06:04 bad
2021-07-11 01:06:06 CHB 1776084?1625936764 第 1 次 等待 1 秒
2021-07-11 01:06:07 CHB 1776084?1625936764 第 1 次 获取到号码【1776084】GSD
2021-07-11 01:06:07 获取到号码【1776084】的GSD为【安徽-蚌埠】
2021-07-11 01:06:09 GSD insert 第 1 次 等待 1 秒
2021-07-11 01:06:10 {"status":"ok","msg":"添加成功！243908"}
2021-07-11 01:06:10 下次操作: 2021-07-11 01:06:16

2021-07-11 01:06:16 开始第 14 次操作

2021-07-11 01:06:16 开始操作号码 【1776083】
2021-07-11 01:06:19 GSD getOne 第 1 次 等待 1 秒
2021-07-11 01:06:20 查询号码 【1776083】，返回信息 {"status":"bad","msg":""}
2021-07-11 01:06:20 查询号码 【1776083】，GSD为【""】
2021-07-11 01:06:20 bad
2021-07-11 01:06:22 CHB 1776083?1625936780 第 1 次 等待 1 秒
2021-07-11 01:06:23 CHB 1776083?1625936780 第 1 次 获取到号码【1776083】GSD
2021-07-11 01:06:23 获取到号码【1776083】的GSD为【安徽-蚌埠】
2021-07-11 01:06:26 GSD insert 第 1 次 等待 1 秒
2021-07-11 01:06:27 {"status":"ok","msg":"添加成功！243914"}
2021-07-11 01:06:27 下次操作: 2021-07-11 01:06:44

2021-07-11 01:06:44 开始第 15 次操作

2021-07-11 01:06:44 开始操作号码 【1776082】
2021-07-11 01:06:47 GSD getOne 第 1 次 等待 1 秒
2021-07-11 01:06:48 查询号码 【1776082】，返回信息 {"status":"bad","msg":""}
2021-07-11 01:06:49 查询号码 【1776082】，GSD为【""】
2021-07-11 01:06:49 bad
2021-07-11 01:06:51 CHB 1776082?1625936809 第 1 次 等待 1 秒
2021-07-11 01:06:52 CHB 1776082?1625936809 第 1 次 获取到号码【1776082】GSD
2021-07-11 01:06:52 获取到号码【1776082】的GSD为【安徽-蚌埠】
2021-07-11 01:06:59 GSD insert 第 1 次 等待 1 秒
2021-07-11 01:07:00 {"status":"ok","msg":"添加成功！243920"}
2021-07-11 01:07:00 下次操作: 2021-07-11 01:07:11

2021-07-11 01:07:11 开始第 16 次操作

2021-07-11 01:07:11 开始操作号码 【1776081】
2021-07-11 01:07:14 GSD getOne 第 1 次 等待 1 秒
2021-07-11 01:07:15 查询号码 【1776081】，返回信息 {"status":"bad","msg":""}
2021-07-11 01:07:15 查询号码 【1776081】，GSD为【""】
2021-07-11 01:07:15 bad
2021-07-11 01:07:17 CHB 1776081?1625936835 第 1 次 等待 1 秒
2021-07-11 01:07:18 CHB 1776081?1625936835 第 1 次 获取到号码【1776081】GSD
2021-07-11 01:07:18 获取到号码【1776081】的GSD为【安徽-宿州】
2021-07-11 01:07:21 GSD insert 第 1 次 等待 1 秒
2021-07-11 01:07:22 {"status":"ok","msg":"添加成功！243928"}
2021-07-11 01:07:22 下次操作: 2021-07-11 01:07:34

2021-07-11 01:07:34 开始第 17 次操作

2021-07-11 01:07:34 开始操作号码 【1776080】
2021-07-11 01:07:41 GSD getOne 第 1 次 等待 1 秒
2021-07-11 01:07:42 查询号码 【1776080】，返回信息 {"status":"bad","msg":""}
2021-07-11 01:07:42 查询号码 【1776080】，GSD为【""】
2021-07-11 01:07:42 bad
2021-07-11 01:07:45 CHB 1776080?1625936862 第 1 次 等待 1 秒
2021-07-11 01:07:46 CHB 1776080?1625936862 第 1 次 获取到号码【1776080】GSD
2021-07-11 01:07:46 获取到号码【1776080】的GSD为【安徽-宿州】
2021-07-11 01:07:48 GSD insert 第 1 次 等待 1 秒
2021-07-11 01:07:49 {"status":"ok","msg":"添加成功！243935"}
2021-07-11 01:07:49 下次操作: 2021-07-11 01:07:55

2021-07-11 01:07:55 开始第 18 次操作

2021-07-11 01:07:55 开始操作号码 【1776079】
2021-07-11 01:07:59 GSD getOne 第 1 次 等待 1 秒
2021-07-11 01:08:00 查询号码 【1776079】，返回信息 {"status":"bad","msg":""}
2021-07-11 01:08:00 查询号码 【1776079】，GSD为【""】
2021-07-11 01:08:00 bad
2021-07-11 01:08:02 CHB 1776079?1625936880 第 1 次 等待 1 秒
2021-07-11 01:08:03 CHB 1776079?1625936880 第 1 次 获取到号码【1776079】GSD
2021-07-11 01:08:03 获取到号码【1776079】的GSD为【河南-郑州】
2021-07-11 01:08:07 GSD insert 第 1 次 等待 1 秒
2021-07-11 01:08:08 {"status":"ok","msg":"添加成功！243941"}
2021-07-11 01:08:08 下次操作: 2021-07-11 01:08:21

2021-07-11 01:08:21 开始第 19 次操作

2021-07-11 01:08:21 开始操作号码 【1776078】
2021-07-11 01:08:23 GSD getOne 第 1 次 等待 1 秒
2021-07-11 01:08:24 查询号码 【1776078】，返回信息 {"status":"ok","msg":"河南-郑州","time_insert":"2021-04-17 14:36"}
2021-07-11 01:08:24 查询号码 【1776078】，GSD为【"河南-郑州"】

2021-07-11 01:08:24 开始第 19 次操作

2021-07-11 01:08:24 开始操作号码 【1776077】
2021-07-11 01:08:32 GSD getOne 第 1 次 等待 1 秒
2021-07-11 01:08:33 查询号码 【1776077】，返回信息 {"status":"bad","msg":""}
2021-07-11 01:08:33 查询号码 【1776077】，GSD为【""】
2021-07-11 01:08:33 bad
2021-07-11 01:08:35 CHB 1776077?1625936913 第 1 次 等待 1 秒
2021-07-11 01:08:36 CHB 1776077?1625936913 第 1 次 获取到号码【1776077】GSD
2021-07-11 01:08:36 获取到号码【1776077】的GSD为【河南-郑州】
2021-07-11 01:08:42 GSD insert 第 1 次 等待 1 秒
2021-07-11 01:08:43 {"status":"ok","msg":"添加成功！243954"}
2021-07-11 01:08:43 下次操作: 2021-07-11 01:08:49

2021-07-11 01:08:49 开始第 20 次操作

2021-07-11 01:08:49 开始操作号码 【1776076】
2021-07-11 01:08:57 GSD getOne 第 1 次 等待 1 秒
2021-07-11 01:08:58 查询号码 【1776076】，返回信息 {"status":"bad","msg":""}
2021-07-11 01:08:58 查询号码 【1776076】，GSD为【""】
2021-07-11 01:08:58 bad
2021-07-11 01:09:00 CHB 1776076?1625936938 第 1 次 等待 1 秒
2021-07-11 01:09:01 CHB 1776076?1625936938 第 1 次 获取到号码【1776076】GSD
2021-07-11 01:09:01 获取到号码【1776076】的GSD为【河南-郑州】
2021-07-11 01:09:05 GSD insert 第 1 次 等待 1 秒
2021-07-11 01:09:06 {"status":"ok","msg":"添加成功！243960"}
2021-07-11 01:09:06 下次操作: 2021-07-11 01:09:21

2021-07-11 01:09:21 开始第 21 次操作

2021-07-11 01:09:21 开始操作号码 【1776075】
2021-07-11 01:09:24 GSD getOne 第 1 次 等待 1 秒
2021-07-11 01:09:25 查询号码 【1776075】，返回信息 {"status":"bad","msg":""}
2021-07-11 01:09:25 查询号码 【1776075】，GSD为【""】
2021-07-11 01:09:25 bad
2021-07-11 01:09:28 CHB 1776075?1625936965 第 1 次 等待 1 秒
2021-07-11 01:09:29 CHB 1776075?1625936965 第 1 次 获取到号码【1776075】GSD
2021-07-11 01:09:29 获取到号码【1776075】的GSD为【河南-郑州】
2021-07-11 01:09:33 GSD insert 第 1 次 等待 1 秒
2021-07-11 01:09:34 {"status":"ok","msg":"添加成功！243967"}
2021-07-11 01:09:34 下次操作: 2021-07-11 01:09:44

2021-07-11 01:09:44 开始第 22 次操作

2021-07-11 01:09:44 开始操作号码 【1776074】
2021-07-11 01:09:47 GSD getOne 第 1 次 等待 1 秒
2021-07-11 01:09:48 查询号码 【1776074】，返回信息 {"status":"bad","msg":""}
2021-07-11 01:09:48 查询号码 【1776074】，GSD为【""】
2021-07-11 01:09:48 bad
2021-07-11 01:09:50 CHB 1776074?1625936988 第 1 次 等待 1 秒
2021-07-11 01:09:51 CHB 1776074?1625936988 第 1 次 获取到号码【1776074】GSD
2021-07-11 01:09:51 获取到号码【1776074】的GSD为【河南-郑州】
2021-07-11 01:09:54 GSD insert 第 1 次 等待 1 秒
2021-07-11 01:09:55 {"status":"ok","msg":"添加成功！243975"}
2021-07-11 01:09:55 下次操作: 2021-07-11 01:10:11

2021-07-11 01:10:11 开始第 23 次操作

2021-07-11 01:10:11 开始操作号码 【1776073】
2021-07-11 01:10:15 GSD getOne 第 1 次 等待 1 秒
2021-07-11 01:10:16 查询号码 【1776073】，返回信息 {"status":"bad","msg":""}
2021-07-11 01:10:16 查询号码 【1776073】，GSD为【""】
2021-07-11 01:10:16 bad
2021-07-11 01:10:18 CHB 1776073?1625937016 第 1 次 等待 1 秒
2021-07-11 01:10:19 CHB 1776073?1625937016 第 1 次 获取到号码【1776073】GSD
2021-07-11 01:10:19 获取到号码【1776073】的GSD为【河南-郑州】
2021-07-11 01:10:23 GSD insert 第 1 次 等待 1 秒
2021-07-11 01:10:24 {"status":"ok","msg":"添加成功！243982"}
2021-07-11 01:10:24 下次操作: 2021-07-11 01:10:40

2021-07-11 01:10:40 开始第 24 次操作

2021-07-11 01:10:40 开始操作号码 【1776072】
2021-07-11 01:10:44 GSD getOne 第 1 次 等待 1 秒
2021-07-11 01:10:45 查询号码 【1776072】，返回信息 {"status":"bad","msg":""}
2021-07-11 01:10:46 查询号码 【1776072】，GSD为【""】
2021-07-11 01:10:46 bad
2021-07-11 01:10:49 CHB 1776072?1625937046 第 1 次 等待 1 秒
2021-07-11 01:10:50 CHB 1776072?1625937046 第 1 次 获取到号码【1776072】GSD
2021-07-11 01:10:50 获取到号码【1776072】的GSD为【河南-郑州】
2021-07-11 01:10:52 GSD insert 第 1 次 等待 1 秒
2021-07-11 01:10:53 {"status":"ok","msg":"添加成功！243990"}
2021-07-11 01:10:53 下次操作: 2021-07-11 01:11:02

2021-07-11 01:11:02 开始第 25 次操作

2021-07-11 01:11:02 开始操作号码 【1776071】
2021-07-11 01:11:08 GSD getOne 第 1 次 等待 1 秒
2021-07-11 01:11:09 查询号码 【1776071】，返回信息 {"status":"bad","msg":""}
2021-07-11 01:11:09 查询号码 【1776071】，GSD为【""】
2021-07-11 01:11:09 bad
2021-07-11 01:11:11 CHB 1776071?1625937069 第 1 次 等待 1 秒
2021-07-11 01:11:12 CHB 1776071?1625937069 第 1 次 获取到号码【1776071】GSD
2021-07-11 01:11:12 获取到号码【1776071】的GSD为【河南-郑州】
2021-07-11 01:11:14 GSD insert 第 1 次 等待 1 秒
2021-07-11 01:11:15 {"status":"ok","msg":"添加成功！243995"}
2021-07-11 01:11:15 下次操作: 2021-07-11 01:11:29

2021-07-11 01:11:29 开始第 26 次操作

2021-07-11 01:11:29 开始操作号码 【1776070】
2021-07-11 01:11:41 GSD getOne 第 1 次 等待 1 秒
2021-07-11 01:11:42 查询号码 【1776070】，返回信息 {"status":"bad","msg":""}
2021-07-11 01:11:42 查询号码 【1776070】，GSD为【""】
2021-07-11 01:11:42 bad
2021-07-11 01:11:44 CHB 1776070?1625937102 第 1 次 等待 1 秒
2021-07-11 01:11:45 CHB 1776070?1625937102 第 1 次 获取到号码【1776070】GSD
2021-07-11 01:11:45 获取到号码【1776070】的GSD为【河南-郑州】
2021-07-11 01:12:09 GSD insert 第 1 次 等待 1 秒
2021-07-11 01:12:10 {"status":"ok","msg":"添加成功！244010"}
2021-07-11 01:12:10 下次操作: 2021-07-11 01:12:16

2021-07-11 01:12:16 开始第 27 次操作

2021-07-11 01:12:16 开始操作号码 【1776069】
2021-07-11 01:12:19 GSD getOne 第 1 次 等待 1 秒
2021-07-11 01:12:20 查询号码 【1776069】，返回信息 {"status":"ok","msg":"四川-达州","time_insert":"2018-09-23 13:57","time_update":"2020-10-31 00:03"}
2021-07-11 01:12:20 查询号码 【1776069】，GSD为【"四川-达州"】

2021-07-11 01:12:20 开始第 27 次操作

2021-07-11 01:12:20 开始操作号码 【1776068】
2021-07-11 01:12:24 GSD getOne 第 1 次 等待 1 秒
2021-07-11 01:12:25 查询号码 【1776068】，返回信息 {"status":"ok","msg":"四川-达州","time_insert":"2020-03-06 09:14","time_update":"2020-10-30 23:59"}
2021-07-11 01:12:25 查询号码 【1776068】，GSD为【"四川-达州"】

2021-07-11 01:12:25 开始第 27 次操作

2021-07-11 01:12:25 开始操作号码 【1776067】
2021-07-11 01:12:28 GSD getOne 第 1 次 等待 1 秒
2021-07-11 01:12:29 查询号码 【1776067】，返回信息 {"status":"ok","msg":"四川-达州","time_insert":"2020-06-29 11:26","time_update":"2020-10-30 23:55"}
2021-07-11 01:12:29 查询号码 【1776067】，GSD为【"四川-达州"】

2021-07-11 01:12:29 开始第 27 次操作

2021-07-11 01:12:29 开始操作号码 【1776066】
2021-07-11 01:12:33 GSD getOne 第 1 次 等待 1 秒
2021-07-11 01:12:34 查询号码 【1776066】，返回信息 {"status":"ok","msg":"四川-眉山","time_insert":"2018-07-28 18:09","time_update":"2020-10-30 23:51"}
2021-07-11 01:12:34 查询号码 【1776066】，GSD为【"四川-眉山"】

2021-07-11 01:12:34 开始第 27 次操作

2021-07-11 01:12:34 开始操作号码 【1776065】
2021-07-11 01:12:42 GSD getOne 第 1 次 等待 1 秒
2021-07-11 01:12:43 查询号码 【1776065】，返回信息 {"status":"ok","msg":"四川-泸州","time_insert":"2018-11-13 08:21","time_update":"2020-10-30 23:48"}
2021-07-11 01:12:43 查询号码 【1776065】，GSD为【"四川-泸州"】

2021-07-11 01:12:43 开始第 27 次操作

2021-07-11 01:12:43 开始操作号码 【1776064】
2021-07-11 01:12:49 GSD getOne 第 1 次 等待 1 秒
2021-07-11 01:12:50 查询号码 【1776064】，返回信息 {"status":"ok","msg":"四川-南充","time_insert":"2021-05-01 17:14"}
2021-07-11 01:12:50 查询号码 【1776064】，GSD为【"四川-南充"】

2021-07-11 01:12:50 开始第 27 次操作

2021-07-11 01:12:50 开始操作号码 【1776063】
2021-07-11 01:12:52 GSD getOne 第 1 次 等待 1 秒
2021-07-11 01:12:53 查询号码 【1776063】，返回信息 {"status":"ok","msg":"四川-宜宾","time_insert":"2018-06-18 17:04","time_update":"2020-10-30 23:44"}
2021-07-11 01:12:53 查询号码 【1776063】，GSD为【"四川-宜宾"】

2021-07-11 01:12:53 开始第 27 次操作

2021-07-11 01:12:53 开始操作号码 【1776062】
2021-07-11 01:12:56 GSD getOne 第 1 次 等待 1 秒
2021-07-11 01:12:57 查询号码 【1776062】，返回信息 {"status":"ok","msg":"四川-泸州","time_insert":"2017-06-19 15:40","time_update":"2020-10-30 23:40"}
2021-07-11 01:12:57 查询号码 【1776062】，GSD为【"四川-泸州"】

2021-07-11 01:12:57 开始第 27 次操作

2021-07-11 01:12:57 开始操作号码 【1776061】
2021-07-11 01:13:00 GSD getOne 第 1 次 等待 1 秒
2021-07-11 01:13:01 查询号码 【1776061】，返回信息 {"status":"bad","msg":""}
2021-07-11 01:13:01 查询号码 【1776061】，GSD为【""】
2021-07-11 01:13:01 bad
2021-07-11 01:13:03 CHB 1776061?1625937181 第 1 次 等待 1 秒
2021-07-11 01:13:04 CHB 1776061?1625937181 第 1 次 获取到号码【1776061】GSD
2021-07-11 01:13:04 获取到号码【1776061】的GSD为【四川-攀枝花】
2021-07-11 01:13:11 GSD insert 第 1 次 等待 1 秒
2021-07-11 01:13:12 {"status":"ok","msg":"添加成功！244025"}
2021-07-11 01:13:12 下次操作: 2021-07-11 01:13:23

2021-07-11 01:13:23 开始第 28 次操作

2021-07-11 01:13:23 开始操作号码 【1776060】
2021-07-11 01:13:27 GSD getOne 第 1 次 等待 1 秒
2021-07-11 01:13:28 查询号码 【1776060】，返回信息 {"status":"ok","msg":"四川-阿坝","time_insert":"2021-04-21 16:36"}
2021-07-11 01:13:28 查询号码 【1776060】，GSD为【"四川-阿坝"】

2021-07-11 01:13:28 开始第 28 次操作

2021-07-11 01:13:28 开始操作号码 【1776059】
2021-07-11 01:13:30 GSD getOne 第 1 次 等待 1 秒
2021-07-11 01:13:31 查询号码 【1776059】，返回信息 {"status":"ok","msg":"四川-巴中","time_insert":"2018-11-21 09:47","time_update":"2020-10-30 23:37"}
2021-07-11 01:13:31 查询号码 【1776059】，GSD为【"四川-巴中"】

2021-07-11 01:13:31 开始第 28 次操作

2021-07-11 01:13:31 开始操作号码 【1776058】
2021-07-11 01:13:35 GSD getOne 第 1 次 等待 1 秒
2021-07-11 01:13:36 查询号码 【1776058】，返回信息 {"status":"bad","msg":""}
2021-07-11 01:13:36 查询号码 【1776058】，GSD为【""】
2021-07-11 01:13:36 bad
2021-07-11 01:13:38 CHB 1776058?1625937216 第 1 次 等待 1 秒
2021-07-11 01:13:39 CHB 1776058?1625937216 第 1 次 获取到号码【1776058】GSD
2021-07-11 01:13:39 获取到号码【1776058】的GSD为【四川-资阳】
2021-07-11 01:13:41 GSD insert 第 1 次 等待 1 秒
2021-07-11 01:13:42 {"status":"ok","msg":"添加成功！244035"}
2021-07-11 01:13:42 下次操作: 2021-07-11 01:13:57

2021-07-11 01:13:57 开始第 29 次操作

2021-07-11 01:13:57 开始操作号码 【1776057】
2021-07-11 01:14:01 GSD getOne 第 1 次 等待 1 秒
2021-07-11 01:14:02 查询号码 【1776057】，返回信息 {"status":"bad","msg":""}
2021-07-11 01:14:02 查询号码 【1776057】，GSD为【""】
2021-07-11 01:14:02 bad
2021-07-11 01:14:04 CHB 1776057?1625937242 第 1 次 等待 1 秒
2021-07-11 01:14:05 CHB 1776057?1625937242 第 1 次 获取到号码【1776057】GSD
2021-07-11 01:14:05 获取到号码【1776057】的GSD为【四川-成都】
2021-07-11 01:14:10 GSD insert 第 1 次 等待 1 秒
2021-07-11 01:14:11 {"status":"ok","msg":"添加成功！244044"}
2021-07-11 01:14:11 下次操作: 2021-07-11 01:14:25

2021-07-11 01:14:25 开始第 30 次操作

2021-07-11 01:14:25 开始操作号码 【1776056】
2021-07-11 01:14:27 GSD getOne 第 1 次 等待 1 秒
2021-07-11 01:14:28 查询号码 【1776056】，返回信息 {"status":"bad","msg":""}
2021-07-11 01:14:28 查询号码 【1776056】，GSD为【""】
2021-07-11 01:14:28 bad
2021-07-11 01:14:30 CHB 1776056?1625937268 第 1 次 等待 1 秒
2021-07-11 01:14:31 CHB 1776056?1625937268 第 1 次 获取到号码【1776056】GSD
2021-07-11 01:14:31 获取到号码【1776056】的GSD为【四川-资阳】
2021-07-11 01:14:34 GSD insert 第 1 次 等待 1 秒
2021-07-11 01:14:35 {"status":"ok","msg":"添加成功！244048"}

