2024-01-10 00:22:24 开始第 7797 次操作

2024-01-10 00:22:24 开始操作号码 【1857716】
2024-01-10 00:22:27 GSD getOne 第 1 次 等待 3 秒
2024-01-10 00:22:30 查询号码 【1857716】，返回信息 {"status":"ok","msg":"广西-南宁","gid":"425261","time_insert":"2021-07-28 15:37"}
2024-01-10 00:22:30 查询号码 【1857716】，GSD为【"广西-南宁"】

2024-01-10 00:22:31 开始第 7798 次操作

2024-01-10 00:22:31 开始操作号码 【1857717】
2024-01-10 00:22:36 GSD getOne 第 1 次 等待 3 秒
2024-01-10 00:22:39 查询号码 【1857717】，返回信息 {"status":"ok","msg":"广西-南宁","gid":"425252","time_insert":"2021-07-28 15:36","time_update":"2021-08-06 03:00"}
2024-01-10 00:22:39 查询号码 【1857717】，GSD为【"广西-南宁"】

2024-01-10 00:22:40 开始第 7799 次操作

2024-01-10 00:22:40 开始操作号码 【1857718】
2024-01-10 00:22:43 GSD getOne 第 1 次 等待 3 秒
2024-01-10 00:22:46 查询号码 【1857718】，返回信息 {"status":"ok","msg":"广西-南宁","gid":"425246","time_insert":"2021-07-28 15:35"}
2024-01-10 00:22:46 查询号码 【1857718】，GSD为【"广西-南宁"】

2024-01-10 00:22:47 开始第 7800 次操作

2024-01-10 00:22:47 开始操作号码 【1857719】
2024-01-10 00:22:51 GSD getOne 第 1 次 等待 3 秒
2024-01-10 00:22:54 查询号码 【1857719】，返回信息 {"status":"ok","msg":"广西-南宁","gid":"425146","time_insert":"2021-07-28 15:16"}
2024-01-10 00:22:54 查询号码 【1857719】，GSD为【"广西-南宁"】

2024-01-10 00:42:28 开始第 7801 次操作

2024-01-10 00:42:28 开始操作号码 【1857720】
2024-01-10 00:42:32 GSD getOne 第 1 次 等待 3 秒
2024-01-10 00:42:35 查询号码 【1857720】，返回信息 {"status":"ok","msg":"广西-柳州","gid":"425138","time_insert":"2021-07-28 15:16"}
2024-01-10 00:42:35 查询号码 【1857720】，GSD为【"广西-柳州"】

2024-01-10 00:42:36 开始第 7802 次操作

2024-01-10 00:42:36 开始操作号码 【1857721】
2024-01-10 00:42:39 GSD getOne 第 1 次 等待 3 秒
2024-01-10 00:42:42 查询号码 【1857721】，返回信息 {"status":"ok","msg":"广西-柳州","gid":"425130","time_insert":"2021-07-28 15:15"}
2024-01-10 00:42:42 查询号码 【1857721】，GSD为【"广西-柳州"】

2024-01-10 00:42:43 开始第 7803 次操作

2024-01-10 00:42:43 开始操作号码 【1857722】
2024-01-10 00:42:46 GSD getOne 第 1 次 等待 3 秒
2024-01-10 00:42:49 查询号码 【1857722】，返回信息 {"status":"ok","msg":"广西-柳州","gid":"425124","time_insert":"2021-07-28 15:15"}
2024-01-10 00:42:49 查询号码 【1857722】，GSD为【"广西-柳州"】

2024-01-10 00:42:50 开始第 7804 次操作

2024-01-10 00:42:50 开始操作号码 【1857723】
2024-01-10 00:42:54 GSD getOne 第 1 次 等待 3 秒
2024-01-10 00:42:57 查询号码 【1857723】，返回信息 {"status":"ok","msg":"广西-来宾","gid":"425119","time_insert":"2021-07-28 15:14"}
2024-01-10 00:42:57 查询号码 【1857723】，GSD为【"广西-来宾"】

2024-01-10 01:15:35 开始第 7805 次操作

2024-01-10 01:15:35 开始操作号码 【1857724】
2024-01-10 01:15:38 GSD getOne 第 1 次 等待 3 秒
2024-01-10 01:15:41 查询号码 【1857724】，返回信息 {"status":"ok","msg":"广西-贺州","gid":"425110","time_insert":"2021-07-28 15:13"}
2024-01-10 01:15:41 查询号码 【1857724】，GSD为【"广西-贺州"】

2024-01-10 01:15:42 开始第 7806 次操作

2024-01-10 01:15:42 开始操作号码 【1857725】
2024-01-10 01:15:45 GSD getOne 第 1 次 等待 3 秒
2024-01-10 01:15:48 查询号码 【1857725】，返回信息 {"status":"ok","msg":"广西-来宾","gid":"39999","time_insert":"2018-03-30 01:18","time_update":"2021-01-22 04:21"}
2024-01-10 01:15:48 查询号码 【1857725】，GSD为【"广西-来宾"】

2024-01-10 01:15:49 开始第 7807 次操作

2024-01-10 01:15:49 开始操作号码 【1857726】
2024-01-10 01:15:52 GSD getOne 第 1 次 等待 3 秒
2024-01-10 01:15:55 查询号码 【1857726】，返回信息 {"status":"ok","msg":"广西-柳州","gid":"425103","time_insert":"2021-07-28 15:13"}
2024-01-10 01:15:55 查询号码 【1857726】，GSD为【"广西-柳州"】

2024-01-10 01:15:56 开始第 7808 次操作

2024-01-10 01:15:56 开始操作号码 【1857727】
2024-01-10 01:15:59 GSD getOne 第 1 次 等待 3 秒
2024-01-10 01:16:02 查询号码 【1857727】，返回信息 {"status":"ok","msg":"广西-柳州","gid":"425097","time_insert":"2021-07-28 15:12"}
2024-01-10 01:16:02 查询号码 【1857727】，GSD为【"广西-柳州"】

