2024-05-12 00:20:15 开始第 8297 次操作

2024-05-12 00:20:15 开始操作号码 【1638211】
2024-05-12 00:20:25 GSD getOne 第 1 次 等待 3 秒
2024-05-12 00:20:28 查询号码 【1638211】，返回信息 {"status":"ok","msg":"-","gid":"695772","time_insert":"2023-05-07 06:33"}
2024-05-12 00:20:28 查询号码 【1638211】，GSD为【"-"】
2024-05-12 00:20:28 ok && -
2024-05-12 00:20:30 CHB 1638211?1715444428 第 1 次 等待 3 秒
2024-05-12 00:20:33 CHB 1638211?1715444428 第 1 次 获取到号码【1638211】GSD
2024-05-12 00:20:33 未获取到号码【1638211】GSD，可能号码格式错误
2024-05-12 00:20:33 获取到号码【1638211】的GSD为【-】
2024-05-12 00:20:42 GSD insert 第 1 次 等待 3 秒
2024-05-12 00:20:45 {"status":"bad","gid":"695772","msg":"添加失败！号码【1638211(-|-)】已存在！"}
2024-05-12 00:20:45 随机等待 135 秒，约 2 分钟
2024-05-12 00:20:45 下次操作: 2024-05-12 00:23:00

2024-05-12 00:23:00 开始第 8298 次操作

2024-05-12 00:23:00 开始操作号码 【1638212】
2024-05-12 00:23:06 GSD getOne 第 1 次 等待 3 秒
2024-05-12 00:23:09 查询号码 【1638212】，返回信息 {"status":"ok","msg":"-","gid":"695787","time_insert":"2023-05-07 06:51"}
2024-05-12 00:23:10 查询号码 【1638212】，GSD为【"-"】
2024-05-12 00:23:10 ok && -
2024-05-12 00:23:13 CHB 1638212?1715444590 第 1 次 等待 3 秒
2024-05-12 00:23:16 CHB 1638212?1715444590 第 1 次 获取到号码【1638212】GSD
2024-05-12 00:23:16 未获取到号码【1638212】GSD，可能号码格式错误
2024-05-12 00:23:16 获取到号码【1638212】的GSD为【-】
2024-05-12 00:23:25 GSD insert 第 1 次 等待 3 秒
2024-05-12 00:23:28 {"status":"bad","gid":"695787","msg":"添加失败！号码【1638212(-|-)】已存在！"}
2024-05-12 00:23:28 随机等待 195 秒，约 3 分钟
2024-05-12 00:23:28 下次操作: 2024-05-12 00:26:43

2024-05-12 00:26:43 开始第 8299 次操作

2024-05-12 00:26:43 开始操作号码 【1638213】
2024-05-12 00:26:54 GSD getOne 第 1 次 等待 3 秒
2024-05-12 00:26:57 查询号码 【1638213】，返回信息 {"status":"ok","msg":"-","gid":"695797","time_insert":"2023-05-07 07:01"}
2024-05-12 00:26:58 查询号码 【1638213】，GSD为【"-"】
2024-05-12 00:26:58 ok && -
2024-05-12 00:27:00 CHB 1638213?1715444818 第 1 次 等待 3 秒
2024-05-12 00:27:03 CHB 1638213?1715444818 第 1 次 获取到号码【1638213】GSD
2024-05-12 00:27:03 未获取到号码【1638213】GSD，可能号码格式错误
2024-05-12 00:27:03 获取到号码【1638213】的GSD为【-】
2024-05-12 00:27:14 GSD insert 第 1 次 等待 3 秒
2024-05-12 00:27:17 {"status":"bad","gid":"695797","msg":"添加失败！号码【1638213(-|-)】已存在！"}
2024-05-12 00:27:17 随机等待 216 秒，约 3 分钟
2024-05-12 00:27:17 下次操作: 2024-05-12 00:30:53

2024-05-12 00:30:53 开始第 8300 次操作

2024-05-12 00:30:53 开始操作号码 【1638214】
2024-05-12 00:31:03 GSD getOne 第 1 次 等待 3 秒
2024-05-12 00:31:06 查询号码 【1638214】，返回信息 {"status":"ok","msg":"-","gid":"695815","time_insert":"2023-05-07 07:18"}
2024-05-12 00:31:06 查询号码 【1638214】，GSD为【"-"】
2024-05-12 00:31:06 ok && -
2024-05-12 00:31:09 CHB 1638214?1715445066 第 1 次 等待 3 秒
2024-05-12 00:31:12 CHB 1638214?1715445066 第 1 次 获取到号码【1638214】GSD
2024-05-12 00:31:13 未获取到号码【1638214】GSD，可能号码格式错误
2024-05-12 00:31:13 获取到号码【1638214】的GSD为【-】
2024-05-12 00:31:17 GSD insert 第 1 次 等待 3 秒
2024-05-12 00:31:20 {"status":"bad","gid":"695815","msg":"添加失败！号码【1638214(-|-)】已存在！"}

