2021-07-23 00:00:32 开始第 16 次操作

2021-07-23 00:00:32 开始操作号码 【1386971】
2021-07-23 00:00:37 GSD getOne 第 1 次 等待 3 秒
2021-07-23 00:00:40 查询号码 【1386971】，返回信息 {"status":"bad","msg":""}
2021-07-23 00:00:40 查询号码 【1386971】，GSD为【""】
2021-07-23 00:00:40 bad
2021-07-23 00:00:41 CHB 1386971?1626969640 第 1 次 等待 3 秒
2021-07-23 00:00:44 CHB 1386971?1626969640 第 1 次 获取到号码【1386971】GSD
2021-07-23 00:00:44 获取到号码【1386971】的GSD为【山东-菏泽】
2021-07-23 00:01:02 GSD insert 第 1 次 等待 3 秒
2021-07-23 00:01:05 {"status":"ok","gid":360197,"msg":"添加成功！"}
2021-07-23 00:01:05 下次操作: 2021-07-23 00:01:26

2021-07-23 00:01:26 开始第 17 次操作

2021-07-23 00:01:26 开始操作号码 【1386970】
2021-07-23 00:02:01 GSD getOne 第 1 次 等待 3 秒
2021-07-23 00:02:04 查询号码 【1386970】，返回信息 {"status":"bad","msg":""}
2021-07-23 00:02:04 查询号码 【1386970】，GSD为【""】
2021-07-23 00:02:04 bad
2021-07-23 00:02:05 CHB 1386970?1626969724 第 1 次 等待 3 秒
2021-07-23 00:02:08 CHB 1386970?1626969724 第 1 次 获取到号码【1386970】GSD
2021-07-23 00:02:08 获取到号码【1386970】的GSD为【山东-菏泽】
2021-07-23 00:02:27 GSD insert 第 1 次 等待 3 秒
2021-07-23 00:02:30 {"status":"ok","gid":360214,"msg":"添加成功！"}
2021-07-23 00:02:30 下次操作: 2021-07-23 00:02:42

2021-07-23 00:02:42 开始第 18 次操作

2021-07-23 00:02:42 开始操作号码 【1386969】
2021-07-23 00:02:56 GSD getOne 第 1 次 等待 3 秒
2021-07-23 00:02:59 查询号码 【1386969】，返回信息 {"status":"bad","msg":""}
2021-07-23 00:02:59 查询号码 【1386969】，GSD为【""】
2021-07-23 00:02:59 bad
2021-07-23 00:03:00 CHB 1386969?1626969779 第 1 次 等待 3 秒
2021-07-23 00:03:03 CHB 1386969?1626969779 第 1 次 获取到号码【1386969】GSD
2021-07-23 00:03:03 获取到号码【1386969】的GSD为【山东-潍坊】
2021-07-23 00:03:33 GSD insert 第 1 次 等待 3 秒
2021-07-23 00:03:36 {"status":"ok","gid":360230,"msg":"添加成功！"}
2021-07-23 00:03:36 下次操作: 2021-07-23 00:03:56

2021-07-23 00:03:56 开始第 19 次操作

2021-07-23 00:03:56 开始操作号码 【1386968】
2021-07-23 00:04:06 GSD getOne 第 1 次 等待 3 秒
2021-07-23 00:04:09 查询号码 【1386968】，返回信息 {"status":"ok","msg":"山东-潍坊","gid":"11534","time_insert":"2020-03-08 17:11","time_update":"2020-09-10 13:30"}
2021-07-23 00:04:09 查询号码 【1386968】，GSD为【"山东-潍坊"】

2021-07-23 00:04:09 开始第 19 次操作

2021-07-23 00:04:09 开始操作号码 【1386967】
2021-07-23 00:04:27 GSD getOne 第 1 次 等待 3 秒
2021-07-23 00:04:30 查询号码 【1386967】，返回信息 {"status":"bad","msg":""}
2021-07-23 00:04:30 查询号码 【1386967】，GSD为【""】
2021-07-23 00:04:30 bad
2021-07-23 00:04:31 CHB 1386967?1626969870 第 1 次 等待 3 秒
2021-07-23 00:04:34 CHB 1386967?1626969870 第 1 次 获取到号码【1386967】GSD
2021-07-23 00:04:35 获取到号码【1386967】的GSD为【山东-潍坊】
2021-07-23 00:04:53 GSD insert 第 1 次 等待 3 秒
2021-07-23 00:04:56 {"status":"ok","gid":360245,"msg":"添加成功！"}
2021-07-23 00:04:56 下次操作: 2021-07-23 00:05:11

2021-07-23 00:05:11 开始第 20 次操作

2021-07-23 00:05:11 开始操作号码 【1386966】
2021-07-23 00:05:13 GSD getOne 第 1 次 等待 3 秒
2021-07-23 00:05:16 查询号码 【1386966】，返回信息 {"status":"bad","msg":""}
2021-07-23 00:05:16 查询号码 【1386966】，GSD为【""】
2021-07-23 00:05:16 bad
2021-07-23 00:05:18 CHB 1386966?1626969916 第 1 次 等待 3 秒
2021-07-23 00:05:21 CHB 1386966?1626969916 第 1 次 获取到号码【1386966】GSD
2021-07-23 00:05:21 获取到号码【1386966】的GSD为【山东-潍坊】
2021-07-23 00:05:42 GSD insert 第 1 次 等待 3 秒
2021-07-23 00:05:45 {"status":"ok","gid":360256,"msg":"添加成功！"}
2021-07-23 00:05:45 下次操作: 2021-07-23 00:06:07

2021-07-23 00:06:07 开始第 21 次操作

2021-07-23 00:06:07 开始操作号码 【1386965】
2021-07-23 00:06:09 GSD getOne 第 1 次 等待 3 秒
2021-07-23 00:06:12 查询号码 【1386965】，返回信息 {"status":"bad","msg":""}
2021-07-23 00:06:12 查询号码 【1386965】，GSD为【""】
2021-07-23 00:06:12 bad
2021-07-23 00:06:14 CHB 1386965?1626969972 第 1 次 等待 3 秒
2021-07-23 00:06:17 CHB 1386965?1626969972 第 1 次 获取到号码【1386965】GSD
2021-07-23 00:06:17 获取到号码【1386965】的GSD为【山东-潍坊】
2021-07-23 00:06:36 GSD insert 第 1 次 等待 3 秒
2021-07-23 00:06:39 {"status":"ok","gid":360267,"msg":"添加成功！"}
2021-07-23 00:06:39 下次操作: 2021-07-23 00:06:54

2021-07-23 00:06:54 开始第 22 次操作

2021-07-23 00:06:54 开始操作号码 【1386964】
2021-07-23 00:06:58 GSD getOne 第 1 次 等待 3 秒
2021-07-23 00:07:01 查询号码 【1386964】，返回信息 {"status":"bad","msg":""}
2021-07-23 00:07:01 查询号码 【1386964】，GSD为【""】
2021-07-23 00:07:01 bad
2021-07-23 00:07:03 CHB 1386964?1626970021 第 1 次 等待 3 秒
2021-07-23 00:07:06 CHB 1386964?1626970021 第 1 次 获取到号码【1386964】GSD
2021-07-23 00:07:06 获取到号码【1386964】的GSD为【山东-潍坊】
2021-07-23 00:07:24 GSD insert 第 1 次 等待 3 秒
2021-07-23 00:07:27 {"status":"ok","gid":360281,"msg":"添加成功！"}
2021-07-23 00:07:27 下次操作: 2021-07-23 00:07:45

2021-07-23 00:07:45 开始第 23 次操作

2021-07-23 00:07:45 开始操作号码 【1386963】
2021-07-23 00:07:48 GSD getOne 第 1 次 等待 3 秒
2021-07-23 00:07:51 查询号码 【1386963】，返回信息 {"status":"bad","msg":""}
2021-07-23 00:07:51 查询号码 【1386963】，GSD为【""】
2021-07-23 00:07:51 bad
2021-07-23 00:07:52 CHB 1386963?1626970071 第 1 次 等待 3 秒
2021-07-23 00:07:55 CHB 1386963?1626970071 第 1 次 获取到号码【1386963】GSD
2021-07-23 00:07:55 获取到号码【1386963】的GSD为【山东-潍坊】
2021-07-23 00:08:13 GSD insert 第 1 次 等待 3 秒
2021-07-23 00:08:16 {"status":"ok","gid":360292,"msg":"添加成功！"}
2021-07-23 00:08:16 下次操作: 2021-07-23 00:08:34

2021-07-23 00:08:34 开始第 24 次操作

2021-07-23 00:08:34 开始操作号码 【1386962】
2021-07-23 00:08:37 GSD getOne 第 1 次 等待 3 秒
2021-07-23 00:08:40 查询号码 【1386962】，返回信息 {"status":"bad","msg":""}
2021-07-23 00:08:40 查询号码 【1386962】，GSD为【""】
2021-07-23 00:08:40 bad
2021-07-23 00:08:42 CHB 1386962?1626970120 第 1 次 等待 3 秒
2021-07-23 00:08:45 CHB 1386962?1626970120 第 1 次 获取到号码【1386962】GSD
2021-07-23 00:08:45 获取到号码【1386962】的GSD为【山东-潍坊】
2021-07-23 00:09:04 GSD insert 第 1 次 等待 3 秒
2021-07-23 00:09:07 {"status":"ok","gid":360301,"msg":"添加成功！"}
2021-07-23 00:09:07 下次操作: 2021-07-23 00:09:19

2021-07-23 00:09:19 开始第 25 次操作

2021-07-23 00:09:19 开始操作号码 【1386961】
2021-07-23 00:09:25 GSD getOne 第 1 次 等待 3 秒
2021-07-23 00:09:28 查询号码 【1386961】，返回信息 {"status":"bad","msg":""}
2021-07-23 00:09:28 查询号码 【1386961】，GSD为【""】
2021-07-23 00:09:28 bad
2021-07-23 00:09:29 CHB 1386961?1626970168 第 1 次 等待 3 秒
2021-07-23 00:09:32 CHB 1386961?1626970168 第 1 次 获取到号码【1386961】GSD
2021-07-23 00:09:32 获取到号码【1386961】的GSD为【山东-潍坊】
2021-07-23 00:09:57 GSD insert 第 1 次 等待 3 秒
2021-07-23 00:10:00 {"status":"ok","gid":360313,"msg":"添加成功！"}
2021-07-23 00:10:00 下次操作: 2021-07-23 00:10:19

2021-07-23 00:10:19 开始第 26 次操作

2021-07-23 00:10:19 开始操作号码 【1386960】
2021-07-23 00:10:22 GSD getOne 第 1 次 等待 3 秒
2021-07-23 00:10:25 查询号码 【1386960】，返回信息 {"status":"bad","msg":""}
2021-07-23 00:10:25 查询号码 【1386960】，GSD为【""】
2021-07-23 00:10:25 bad
2021-07-23 00:10:26 CHB 1386960?1626970225 第 1 次 等待 3 秒
2021-07-23 00:10:29 CHB 1386960?1626970225 第 1 次 获取到号码【1386960】GSD
2021-07-23 00:10:29 获取到号码【1386960】的GSD为【山东-潍坊】
2021-07-23 00:10:52 GSD insert 第 1 次 等待 3 秒
2021-07-23 00:10:55 {"status":"ok","gid":360324,"msg":"添加成功！"}
2021-07-23 00:10:55 下次操作: 2021-07-23 00:11:16

2021-07-23 00:11:16 开始第 27 次操作

2021-07-23 00:11:16 开始操作号码 【1386959】
2021-07-23 00:11:20 GSD getOne 第 1 次 等待 3 秒
2021-07-23 00:11:23 查询号码 【1386959】，返回信息 {"status":"bad","msg":""}
2021-07-23 00:11:23 查询号码 【1386959】，GSD为【""】
2021-07-23 00:11:23 bad
2021-07-23 00:11:24 CHB 1386959?1626970283 第 1 次 等待 3 秒
2021-07-23 00:11:27 CHB 1386959?1626970283 第 1 次 获取到号码【1386959】GSD
2021-07-23 00:11:28 获取到号码【1386959】的GSD为【山东-聊城】
2021-07-23 00:11:47 GSD insert 第 1 次 等待 3 秒
2021-07-23 00:11:50 {"status":"ok","gid":360336,"msg":"添加成功！"}
2021-07-23 00:11:50 下次操作: 2021-07-23 00:12:08

2021-07-23 00:12:08 开始第 28 次操作

2021-07-23 00:12:08 开始操作号码 【1386958】
2021-07-23 00:12:11 GSD getOne 第 1 次 等待 3 秒
2021-07-23 00:12:14 查询号码 【1386958】，返回信息 {"status":"bad","msg":""}
2021-07-23 00:12:14 查询号码 【1386958】，GSD为【""】
2021-07-23 00:12:14 bad
2021-07-23 00:12:15 CHB 1386958?1626970334 第 1 次 等待 3 秒
2021-07-23 00:12:18 CHB 1386958?1626970334 第 1 次 获取到号码【1386958】GSD
2021-07-23 00:12:18 获取到号码【1386958】的GSD为【山东-聊城】
2021-07-23 00:12:38 GSD insert 第 1 次 等待 3 秒
2021-07-23 00:12:41 {"status":"ok","gid":360347,"msg":"添加成功！"}
2021-07-23 00:12:41 下次操作: 2021-07-23 00:13:05

2021-07-23 00:13:05 开始第 29 次操作

2021-07-23 00:13:05 开始操作号码 【1386957】
2021-07-23 00:13:08 GSD getOne 第 1 次 等待 3 秒
2021-07-23 00:13:11 查询号码 【1386957】，返回信息 {"status":"bad","msg":""}
2021-07-23 00:13:11 查询号码 【1386957】，GSD为【""】
2021-07-23 00:13:11 bad
2021-07-23 00:13:13 CHB 1386957?1626970391 第 1 次 等待 3 秒
2021-07-23 00:13:16 CHB 1386957?1626970391 第 1 次 获取到号码【1386957】GSD
2021-07-23 00:13:16 获取到号码【1386957】的GSD为【山东-聊城】
2021-07-23 00:13:39 GSD insert 第 1 次 等待 3 秒
2021-07-23 00:13:42 {"status":"ok","gid":360355,"msg":"添加成功！"}
2021-07-23 00:13:42 下次操作: 2021-07-23 00:14:06

2021-07-23 00:14:06 开始第 30 次操作

2021-07-23 00:14:06 开始操作号码 【1386956】
2021-07-23 00:14:08 GSD getOne 第 1 次 等待 3 秒
2021-07-23 00:14:11 查询号码 【1386956】，返回信息 {"status":"ok","msg":"山东-聊城","gid":"11533","time_insert":"2017-07-31 23:29","time_update":"2020-09-10 13:34"}
2021-07-23 00:14:11 查询号码 【1386956】，GSD为【"山东-聊城"】

2021-07-23 00:14:11 开始第 30 次操作

2021-07-23 00:14:11 开始操作号码 【1386955】
2021-07-23 00:14:30 GSD getOne 第 1 次 等待 3 秒
2021-07-23 00:14:33 查询号码 【1386955】，返回信息 {"status":"bad","msg":""}
2021-07-23 00:14:33 查询号码 【1386955】，GSD为【""】
2021-07-23 00:14:33 bad
2021-07-23 00:14:34 CHB 1386955?1626970473 第 1 次 等待 3 秒
2021-07-23 00:14:37 CHB 1386955?1626970473 第 1 次 获取到号码【1386955】GSD
2021-07-23 00:14:37 获取到号码【1386955】的GSD为【山东-聊城】
2021-07-23 00:14:55 GSD insert 第 1 次 等待 3 秒
2021-07-23 00:14:58 {"status":"ok","gid":360364,"msg":"添加成功！"}
2021-07-23 00:14:58 下次操作: 2021-07-23 00:15:15

2021-07-23 00:15:15 开始第 31 次操作

2021-07-23 00:15:15 开始操作号码 【1386954】
2021-07-23 00:15:18 GSD getOne 第 1 次 等待 3 秒
2021-07-23 00:15:21 查询号码 【1386954】，返回信息 {"status":"bad","msg":""}
2021-07-23 00:15:21 查询号码 【1386954】，GSD为【""】
2021-07-23 00:15:21 bad
2021-07-23 00:15:22 CHB 1386954?1626970521 第 1 次 等待 3 秒
2021-07-23 00:15:25 CHB 1386954?1626970521 第 1 次 获取到号码【1386954】GSD
2021-07-23 00:15:25 获取到号码【1386954】的GSD为【山东-聊城】
2021-07-23 00:15:45 GSD insert 第 1 次 等待 3 秒
2021-07-23 00:15:48 {"status":"ok","gid":360371,"msg":"添加成功！"}
2021-07-23 00:15:48 下次操作: 2021-07-23 00:16:01

2021-07-23 00:16:01 开始第 32 次操作

2021-07-23 00:16:01 开始操作号码 【1386953】
2021-07-23 00:16:04 GSD getOne 第 1 次 等待 3 秒
2021-07-23 00:16:07 查询号码 【1386953】，返回信息 {"status":"bad","msg":""}
2021-07-23 00:16:07 查询号码 【1386953】，GSD为【""】
2021-07-23 00:16:07 bad
2021-07-23 00:16:08 CHB 1386953?1626970567 第 1 次 等待 3 秒
2021-07-23 00:16:11 CHB 1386953?1626970567 第 1 次 获取到号码【1386953】GSD
2021-07-23 00:16:11 获取到号码【1386953】的GSD为【山东-聊城】
2021-07-23 00:16:29 GSD insert 第 1 次 等待 3 秒
2021-07-23 00:16:32 {"status":"ok","gid":360377,"msg":"添加成功！"}
2021-07-23 00:16:32 下次操作: 2021-07-23 00:16:50

2021-07-23 00:16:50 开始第 33 次操作

2021-07-23 00:16:50 开始操作号码 【1386952】
2021-07-23 00:16:55 GSD getOne 第 1 次 等待 3 秒
2021-07-23 00:16:58 查询号码 【1386952】，返回信息 {"status":"ok","msg":"山东-聊城","gid":"57403","time_insert":"2021-05-10 08:16","time_update":"2021-05-19 13:58"}
2021-07-23 00:16:58 查询号码 【1386952】，GSD为【"山东-聊城"】

2021-07-23 00:16:58 开始第 33 次操作

2021-07-23 00:16:58 开始操作号码 【1386951】
2021-07-23 00:17:17 GSD getOne 第 1 次 等待 3 秒
2021-07-23 00:17:20 查询号码 【1386951】，返回信息 {"status":"bad","msg":""}
2021-07-23 00:17:20 查询号码 【1386951】，GSD为【""】
2021-07-23 00:17:20 bad
2021-07-23 00:17:22 CHB 1386951?1626970640 第 1 次 等待 3 秒
2021-07-23 00:17:25 CHB 1386951?1626970640 第 1 次 获取到号码【1386951】GSD
2021-07-23 00:17:25 获取到号码【1386951】的GSD为【山东-聊城】
2021-07-23 00:17:43 GSD insert 第 1 次 等待 3 秒
2021-07-23 00:17:46 {"status":"ok","gid":360385,"msg":"添加成功！"}
2021-07-23 00:17:46 下次操作: 2021-07-23 00:18:06

2021-07-23 00:18:06 开始第 34 次操作

2021-07-23 00:18:06 开始操作号码 【1386950】
2021-07-23 00:18:09 GSD getOne 第 1 次 等待 3 秒
2021-07-23 00:18:12 查询号码 【1386950】，返回信息 {"status":"ok","msg":"山东-聊城","gid":"11532","time_insert":"2017-01-07 12:35","time_update":"2020-09-10 13:38"}
2021-07-23 00:18:12 查询号码 【1386950】，GSD为【"山东-聊城"】

2021-07-23 00:18:12 开始第 34 次操作

2021-07-23 00:18:12 开始操作号码 【1386949】
2021-07-23 00:18:44 GSD getOne 第 1 次 等待 3 秒
2021-07-23 00:18:47 查询号码 【1386949】，返回信息 {"status":"bad","msg":""}
2021-07-23 00:18:47 查询号码 【1386949】，GSD为【""】
2021-07-23 00:18:47 bad
2021-07-23 00:18:49 CHB 1386949?1626970727 第 1 次 等待 3 秒
2021-07-23 00:18:52 CHB 1386949?1626970727 第 1 次 获取到号码【1386949】GSD
2021-07-23 00:18:52 获取到号码【1386949】的GSD为【山东-枣庄】
2021-07-23 00:19:10 GSD insert 第 1 次 等待 3 秒
2021-07-23 00:19:13 {"status":"ok","gid":360392,"msg":"添加成功！"}
2021-07-23 00:19:13 下次操作: 2021-07-23 00:19:28

2021-07-23 00:19:28 开始第 35 次操作

2021-07-23 00:19:28 开始操作号码 【1386948】
2021-07-23 00:19:30 GSD getOne 第 1 次 等待 3 秒
2021-07-23 00:19:33 查询号码 【1386948】，返回信息 {"status":"bad","msg":""}
2021-07-23 00:19:33 查询号码 【1386948】，GSD为【""】
2021-07-23 00:19:33 bad
2021-07-23 00:19:35 CHB 1386948?1626970773 第 1 次 等待 3 秒
2021-07-23 00:19:38 CHB 1386948?1626970773 第 1 次 获取到号码【1386948】GSD
2021-07-23 00:19:38 获取到号码【1386948】的GSD为【山东-枣庄】
2021-07-23 00:19:56 GSD insert 第 1 次 等待 3 秒
2021-07-23 00:19:59 {"status":"ok","gid":360396,"msg":"添加成功！"}
2021-07-23 00:19:59 下次操作: 2021-07-23 00:20:21

2021-07-23 00:20:21 开始第 36 次操作

2021-07-23 00:20:21 开始操作号码 【1386947】
2021-07-23 00:20:23 GSD getOne 第 1 次 等待 3 秒
2021-07-23 00:20:26 查询号码 【1386947】，返回信息 {"status":"bad","msg":""}
2021-07-23 00:20:26 查询号码 【1386947】，GSD为【""】
2021-07-23 00:20:26 bad
2021-07-23 00:20:28 CHB 1386947?1626970826 第 1 次 等待 3 秒
2021-07-23 00:20:31 CHB 1386947?1626970826 第 1 次 获取到号码【1386947】GSD
2021-07-23 00:20:31 获取到号码【1386947】的GSD为【山东-枣庄】
2021-07-23 00:20:49 GSD insert 第 1 次 等待 3 秒
2021-07-23 00:20:52 {"status":"ok","gid":360401,"msg":"添加成功！"}
2021-07-23 00:20:52 下次操作: 2021-07-23 00:21:09

2021-07-23 00:21:09 开始第 37 次操作

2021-07-23 00:21:09 开始操作号码 【1386946】
2021-07-23 00:21:14 GSD getOne 第 1 次 等待 3 秒
2021-07-23 00:21:17 查询号码 【1386946】，返回信息 {"status":"bad","msg":""}
2021-07-23 00:21:17 查询号码 【1386946】，GSD为【""】
2021-07-23 00:21:17 bad
2021-07-23 00:21:19 CHB 1386946?1626970877 第 1 次 等待 3 秒
2021-07-23 00:21:22 CHB 1386946?1626970877 第 1 次 获取到号码【1386946】GSD
2021-07-23 00:21:22 获取到号码【1386946】的GSD为【山东-枣庄】
2021-07-23 00:21:40 GSD insert 第 1 次 等待 3 秒
2021-07-23 00:21:43 {"status":"ok","gid":360405,"msg":"添加成功！"}
2021-07-23 00:21:43 下次操作: 2021-07-23 00:22:04

2021-07-23 00:22:04 开始第 38 次操作

2021-07-23 00:22:04 开始操作号码 【1386945】
2021-07-23 00:22:06 GSD getOne 第 1 次 等待 3 秒
2021-07-23 00:22:09 查询号码 【1386945】，返回信息 {"status":"bad","msg":""}
2021-07-23 00:22:09 查询号码 【1386945】，GSD为【""】
2021-07-23 00:22:09 bad
2021-07-23 00:22:11 CHB 1386945?1626970929 第 1 次 等待 3 秒
2021-07-23 00:22:14 CHB 1386945?1626970929 第 1 次 获取到号码【1386945】GSD
2021-07-23 00:22:14 获取到号码【1386945】的GSD为【山东-枣庄】
2021-07-23 00:22:32 GSD insert 第 1 次 等待 3 秒
2021-07-23 00:22:35 {"status":"ok","gid":360413,"msg":"添加成功！"}
2021-07-23 00:22:35 下次操作: 2021-07-23 00:22:59

2021-07-23 00:22:59 开始第 39 次操作

2021-07-23 00:22:59 开始操作号码 【1386944】
2021-07-23 00:23:01 GSD getOne 第 1 次 等待 3 秒
2021-07-23 00:23:04 查询号码 【1386944】，返回信息 {"status":"bad","msg":""}
2021-07-23 00:23:04 查询号码 【1386944】，GSD为【""】
2021-07-23 00:23:04 bad
2021-07-23 00:23:06 CHB 1386944?1626970984 第 1 次 等待 3 秒
2021-07-23 00:23:09 CHB 1386944?1626970984 第 1 次 获取到号码【1386944】GSD
2021-07-23 00:23:09 获取到号码【1386944】的GSD为【山东-枣庄】
2021-07-23 00:23:27 GSD insert 第 1 次 等待 3 秒
2021-07-23 00:23:30 {"status":"ok","gid":360417,"msg":"添加成功！"}
2021-07-23 00:23:30 下次操作: 2021-07-23 00:23:46

2021-07-23 00:23:46 开始第 40 次操作

2021-07-23 00:23:46 开始操作号码 【1386943】
2021-07-23 00:23:50 GSD getOne 第 1 次 等待 3 秒
2021-07-23 00:23:53 查询号码 【1386943】，返回信息 {"status":"bad","msg":""}
2021-07-23 00:23:54 查询号码 【1386943】，GSD为【""】
2021-07-23 00:23:54 bad
2021-07-23 00:23:55 CHB 1386943?1626971034 第 1 次 等待 3 秒
2021-07-23 00:23:58 CHB 1386943?1626971034 第 1 次 获取到号码【1386943】GSD
2021-07-23 00:23:58 获取到号码【1386943】的GSD为【山东-枣庄】
2021-07-23 00:24:16 GSD insert 第 1 次 等待 3 秒
2021-07-23 00:24:19 {"status":"ok","gid":360423,"msg":"添加成功！"}

2021-07-23 01:03:46 开始第 1 次操作

2021-07-23 01:03:46 开始操作号码 【1386942】
2021-07-23 01:03:50 GSD getOne 第 1 次 等待 3 秒
2021-07-23 01:03:53 查询号码 【1386942】，返回信息 {"status":"bad","msg":""}
2021-07-23 01:03:53 查询号码 【1386942】，GSD为【""】
2021-07-23 01:03:53 bad
2021-07-23 01:03:54 CHB 1386942?1626973433 第 1 次 等待 3 秒
2021-07-23 01:03:57 CHB 1386942?1626973433 第 1 次 获取到号码【1386942】GSD
2021-07-23 01:03:57 获取到号码【1386942】的GSD为【山东-枣庄】
2021-07-23 01:04:01 GSD insert 第 1 次 等待 3 秒
2021-07-23 01:04:04 {"status":"ok","gid":360503,"msg":"添加成功！"}
2021-07-23 01:04:04 下次操作: 2021-07-23 01:04:17

2021-07-23 01:04:17 开始第 2 次操作

2021-07-23 01:04:17 开始操作号码 【1386941】
2021-07-23 01:04:21 GSD getOne 第 1 次 等待 3 秒
2021-07-23 01:04:24 查询号码 【1386941】，返回信息 {"status":"bad","msg":""}
2021-07-23 01:04:24 查询号码 【1386941】，GSD为【""】
2021-07-23 01:04:24 bad
2021-07-23 01:04:26 CHB 1386941?1626973464 第 1 次 等待 3 秒
2021-07-23 01:04:29 CHB 1386941?1626973464 第 1 次 获取到号码【1386941】GSD
2021-07-23 01:04:29 获取到号码【1386941】的GSD为【山东-枣庄】
2021-07-23 01:04:35 GSD insert 第 1 次 等待 3 秒
2021-07-23 01:04:38 {"status":"ok","gid":360511,"msg":"添加成功！"}
2021-07-23 01:04:38 下次操作: 2021-07-23 01:04:59

2021-07-23 01:04:59 开始第 3 次操作

2021-07-23 01:04:59 开始操作号码 【1386940】
2021-07-23 01:05:03 GSD getOne 第 1 次 等待 3 秒
2021-07-23 01:05:06 查询号码 【1386940】，返回信息 {"status":"bad","msg":""}
2021-07-23 01:05:06 查询号码 【1386940】，GSD为【""】
2021-07-23 01:05:06 bad
2021-07-23 01:05:07 CHB 1386940?1626973506 第 1 次 等待 3 秒
2021-07-23 01:05:10 CHB 1386940?1626973506 第 1 次 获取到号码【1386940】GSD
2021-07-23 01:05:10 获取到号码【1386940】的GSD为【山东-枣庄】
2021-07-23 01:05:13 GSD insert 第 1 次 等待 3 秒
2021-07-23 01:05:16 {"status":"ok","gid":360519,"msg":"添加成功！"}
2021-07-23 01:05:16 下次操作: 2021-07-23 01:05:39

2021-07-23 01:05:39 开始第 4 次操作

2021-07-23 01:05:39 开始操作号码 【1386939】
2021-07-23 01:05:43 GSD getOne 第 1 次 等待 3 秒
2021-07-23 01:05:46 查询号码 【1386939】，返回信息 {"status":"bad","msg":""}
2021-07-23 01:05:46 查询号码 【1386939】，GSD为【""】
2021-07-23 01:05:46 bad
2021-07-23 01:05:48 CHB 1386939?1626973546 第 1 次 等待 3 秒
2021-07-23 01:05:51 CHB 1386939?1626973546 第 1 次 获取到号码【1386939】GSD
2021-07-23 01:05:51 获取到号码【1386939】的GSD为【山东-淄博】
2021-07-23 01:05:55 GSD insert 第 1 次 等待 3 秒
2021-07-23 01:05:58 {"status":"ok","gid":360528,"msg":"添加成功！"}
2021-07-23 01:05:58 下次操作: 2021-07-23 01:06:14

2021-07-23 01:06:14 开始第 5 次操作

2021-07-23 01:06:14 开始操作号码 【1386938】
2021-07-23 01:06:24 GSD getOne 第 1 次 等待 3 秒
2021-07-23 01:06:27 查询号码 【1386938】，返回信息 {"status":"bad","msg":""}
2021-07-23 01:06:28 查询号码 【1386938】，GSD为【""】
2021-07-23 01:06:28 bad
2021-07-23 01:06:29 CHB 1386938?1626973588 第 1 次 等待 3 秒
2021-07-23 01:06:32 CHB 1386938?1626973588 第 1 次 获取到号码【1386938】GSD
2021-07-23 01:06:32 获取到号码【1386938】的GSD为【山东-淄博】
2021-07-23 01:06:35 GSD insert 第 1 次 等待 3 秒
2021-07-23 01:06:38 {"status":"ok","gid":360537,"msg":"添加成功！"}
2021-07-23 01:06:38 下次操作: 2021-07-23 01:06:59

2021-07-23 01:06:59 开始第 6 次操作

2021-07-23 01:06:59 开始操作号码 【1386937】
2021-07-23 01:07:06 GSD getOne 第 1 次 等待 3 秒
2021-07-23 01:07:09 查询号码 【1386937】，返回信息 {"status":"bad","msg":""}
2021-07-23 01:07:09 查询号码 【1386937】，GSD为【""】
2021-07-23 01:07:09 bad
2021-07-23 01:07:10 CHB 1386937?1626973629 第 1 次 等待 3 秒
2021-07-23 01:07:13 CHB 1386937?1626973629 第 1 次 获取到号码【1386937】GSD
2021-07-23 01:07:13 获取到号码【1386937】的GSD为【山东-淄博】
2021-07-23 01:07:24 GSD insert 第 1 次 等待 3 秒
2021-07-23 01:07:27 {"status":"ok","gid":360548,"msg":"添加成功！"}
2021-07-23 01:07:27 下次操作: 2021-07-23 01:07:40

2021-07-23 01:07:40 开始第 7 次操作

2021-07-23 01:07:40 开始操作号码 【1386936】
2021-07-23 01:07:43 GSD getOne 第 1 次 等待 3 秒
2021-07-23 01:07:46 查询号码 【1386936】，返回信息 {"status":"bad","msg":""}
2021-07-23 01:07:46 查询号码 【1386936】，GSD为【""】
2021-07-23 01:07:46 bad
2021-07-23 01:07:47 CHB 1386936?1626973666 第 1 次 等待 3 秒
2021-07-23 01:07:50 CHB 1386936?1626973666 第 1 次 获取到号码【1386936】GSD
2021-07-23 01:07:51 获取到号码【1386936】的GSD为【山东-淄博】
2021-07-23 01:07:54 GSD insert 第 1 次 等待 3 秒
2021-07-23 01:07:57 {"status":"ok","gid":360558,"msg":"添加成功！"}
2021-07-23 01:07:57 下次操作: 2021-07-23 01:08:20

2021-07-23 01:08:20 开始第 8 次操作

2021-07-23 01:08:20 开始操作号码 【1386935】
2021-07-23 01:08:27 GSD getOne 第 1 次 等待 3 秒
2021-07-23 01:08:30 查询号码 【1386935】，返回信息 {"status":"bad","msg":""}
2021-07-23 01:08:31 查询号码 【1386935】，GSD为【""】
2021-07-23 01:08:31 bad
2021-07-23 01:08:32 CHB 1386935?1626973711 第 1 次 等待 3 秒
2021-07-23 01:08:35 CHB 1386935?1626973711 第 1 次 获取到号码【1386935】GSD
2021-07-23 01:08:35 获取到号码【1386935】的GSD为【山东-淄博】
2021-07-23 01:08:41 GSD insert 第 1 次 等待 3 秒
2021-07-23 01:08:44 {"status":"ok","gid":360572,"msg":"添加成功！"}
2021-07-23 01:08:44 下次操作: 2021-07-23 01:09:08

2021-07-23 01:09:08 开始第 9 次操作

2021-07-23 01:09:08 开始操作号码 【1386934】
2021-07-23 01:09:12 GSD getOne 第 1 次 等待 3 秒
2021-07-23 01:09:15 查询号码 【1386934】，返回信息 {"status":"bad","msg":""}
2021-07-23 01:09:15 查询号码 【1386934】，GSD为【""】
2021-07-23 01:09:15 bad
2021-07-23 01:09:16 CHB 1386934?1626973755 第 1 次 等待 3 秒
2021-07-23 01:09:19 CHB 1386934?1626973755 第 1 次 获取到号码【1386934】GSD
2021-07-23 01:09:19 获取到号码【1386934】的GSD为【山东-淄博】
2021-07-23 01:09:27 GSD insert 第 1 次 等待 3 秒
2021-07-23 01:09:30 {"status":"ok","gid":360583,"msg":"添加成功！"}
2021-07-23 01:09:30 下次操作: 2021-07-23 01:09:42

2021-07-23 01:09:42 开始第 10 次操作

2021-07-23 01:09:42 开始操作号码 【1386933】
2021-07-23 01:09:45 GSD getOne 第 1 次 等待 3 秒
2021-07-23 01:09:48 查询号码 【1386933】，返回信息 {"status":"bad","msg":""}
2021-07-23 01:09:48 查询号码 【1386933】，GSD为【""】
2021-07-23 01:09:48 bad
2021-07-23 01:09:50 CHB 1386933?1626973788 第 1 次 等待 3 秒
2021-07-23 01:09:53 CHB 1386933?1626973788 第 1 次 获取到号码【1386933】GSD
2021-07-23 01:09:53 获取到号码【1386933】的GSD为【山东-淄博】
2021-07-23 01:09:55 GSD insert 第 1 次 等待 3 秒
2021-07-23 01:09:58 {"status":"ok","gid":360590,"msg":"添加成功！"}
2021-07-23 01:09:58 下次操作: 2021-07-23 01:10:20

2021-07-23 01:10:20 开始第 11 次操作

2021-07-23 01:10:20 开始操作号码 【1386932】
2021-07-23 01:10:26 GSD getOne 第 1 次 等待 3 秒
2021-07-23 01:10:29 查询号码 【1386932】，返回信息 {"status":"bad","msg":""}
2021-07-23 01:10:29 查询号码 【1386932】，GSD为【""】
2021-07-23 01:10:29 bad
2021-07-23 01:10:30 CHB 1386932?1626973829 第 1 次 等待 3 秒
2021-07-23 01:10:33 CHB 1386932?1626973829 第 1 次 获取到号码【1386932】GSD
2021-07-23 01:10:33 获取到号码【1386932】的GSD为【山东-淄博】
2021-07-23 01:10:36 GSD insert 第 1 次 等待 3 秒
2021-07-23 01:10:39 {"status":"ok","gid":360599,"msg":"添加成功！"}
2021-07-23 01:10:39 下次操作: 2021-07-23 01:10:53

2021-07-23 01:10:53 开始第 12 次操作

2021-07-23 01:10:53 开始操作号码 【1386931】
2021-07-23 01:10:56 GSD getOne 第 1 次 等待 3 秒
2021-07-23 01:10:59 查询号码 【1386931】，返回信息 {"status":"bad","msg":""}
2021-07-23 01:10:59 查询号码 【1386931】，GSD为【""】
2021-07-23 01:10:59 bad
2021-07-23 01:11:00 CHB 1386931?1626973859 第 1 次 等待 3 秒
2021-07-23 01:11:03 CHB 1386931?1626973859 第 1 次 获取到号码【1386931】GSD
2021-07-23 01:11:03 获取到号码【1386931】的GSD为【山东-淄博】
2021-07-23 01:11:09 GSD insert 第 1 次 等待 3 秒
2021-07-23 01:11:12 {"status":"ok","gid":360607,"msg":"添加成功！"}
2021-07-23 01:11:12 下次操作: 2021-07-23 01:11:27

2021-07-23 01:11:27 开始第 13 次操作

2021-07-23 01:11:27 开始操作号码 【1386930】
2021-07-23 01:11:31 GSD getOne 第 1 次 等待 3 秒
2021-07-23 01:11:34 查询号码 【1386930】，返回信息 {"status":"ok","msg":"山东-淄博","gid":"11531","time_insert":"2018-05-18 23:04","time_update":"2020-09-10 13:42"}
2021-07-23 01:11:34 查询号码 【1386930】，GSD为【"山东-淄博"】

2021-07-23 01:11:34 开始第 13 次操作

2021-07-23 01:11:34 开始操作号码 【1386929】
2021-07-23 01:11:37 GSD getOne 第 1 次 等待 3 秒
2021-07-23 01:11:40 查询号码 【1386929】，返回信息 {"status":"bad","msg":""}
2021-07-23 01:11:40 查询号码 【1386929】，GSD为【""】
2021-07-23 01:11:40 bad
2021-07-23 01:11:42 CHB 1386929?1626973900 第 1 次 等待 3 秒
2021-07-23 01:11:45 CHB 1386929?1626973900 第 1 次 获取到号码【1386929】GSD
2021-07-23 01:11:45 获取到号码【1386929】的GSD为【山东-德州】
2021-07-23 01:11:48 GSD insert 第 1 次 等待 3 秒
2021-07-23 01:11:51 {"status":"ok","gid":360617,"msg":"添加成功！"}
2021-07-23 01:11:51 下次操作: 2021-07-23 01:12:09

2021-07-23 01:12:09 开始第 14 次操作

2021-07-23 01:12:09 开始操作号码 【1386928】
2021-07-23 01:12:11 GSD getOne 第 1 次 等待 3 秒
2021-07-23 01:12:14 查询号码 【1386928】，返回信息 {"status":"bad","msg":""}
2021-07-23 01:12:14 查询号码 【1386928】，GSD为【""】
2021-07-23 01:12:14 bad
2021-07-23 01:12:16 CHB 1386928?1626973934 第 1 次 等待 3 秒
2021-07-23 01:12:19 CHB 1386928?1626973934 第 1 次 获取到号码【1386928】GSD
2021-07-23 01:12:19 获取到号码【1386928】的GSD为【山东-德州】
2021-07-23 01:12:22 GSD insert 第 1 次 等待 3 秒
2021-07-23 01:12:25 {"status":"ok","gid":360625,"msg":"添加成功！"}
2021-07-23 01:12:25 下次操作: 2021-07-23 01:12:37

2021-07-23 01:12:37 开始第 15 次操作

2021-07-23 01:12:37 开始操作号码 【1386927】
2021-07-23 01:12:40 GSD getOne 第 1 次 等待 3 秒
2021-07-23 01:12:43 查询号码 【1386927】，返回信息 {"status":"bad","msg":""}
2021-07-23 01:12:43 查询号码 【1386927】，GSD为【""】
2021-07-23 01:12:43 bad
2021-07-23 01:12:45 CHB 1386927?1626973963 第 1 次 等待 3 秒
2021-07-23 01:12:48 CHB 1386927?1626973963 第 1 次 获取到号码【1386927】GSD
2021-07-23 01:12:48 获取到号码【1386927】的GSD为【山东-德州】
2021-07-23 01:12:53 GSD insert 第 1 次 等待 3 秒
2021-07-23 01:12:56 {"status":"ok","gid":360634,"msg":"添加成功！"}
2021-07-23 01:12:56 下次操作: 2021-07-23 01:13:14

2021-07-23 01:13:14 开始第 16 次操作

2021-07-23 01:13:14 开始操作号码 【1386926】
2021-07-23 01:13:17 GSD getOne 第 1 次 等待 3 秒
2021-07-23 01:13:20 查询号码 【1386926】，返回信息 {"status":"bad","msg":""}
2021-07-23 01:13:20 查询号码 【1386926】，GSD为【""】
2021-07-23 01:13:20 bad
2021-07-23 01:13:22 CHB 1386926?1626974000 第 1 次 等待 3 秒
2021-07-23 01:13:25 CHB 1386926?1626974000 第 1 次 获取到号码【1386926】GSD
2021-07-23 01:13:25 获取到号码【1386926】的GSD为【山东-德州】
2021-07-23 01:13:30 GSD insert 第 1 次 等待 3 秒
2021-07-23 01:13:33 {"status":"ok","gid":360644,"msg":"添加成功！"}
2021-07-23 01:13:33 下次操作: 2021-07-23 01:13:45

2021-07-23 01:13:45 开始第 17 次操作

2021-07-23 01:13:45 开始操作号码 【1386925】
2021-07-23 01:13:53 GSD getOne 第 1 次 等待 3 秒
2021-07-23 01:13:56 查询号码 【1386925】，返回信息 {"status":"bad","msg":""}
2021-07-23 01:13:56 查询号码 【1386925】，GSD为【""】
2021-07-23 01:13:56 bad
2021-07-23 01:13:57 CHB 1386925?1626974036 第 1 次 等待 3 秒
2021-07-23 01:14:00 CHB 1386925?1626974036 第 1 次 获取到号码【1386925】GSD
2021-07-23 01:14:01 获取到号码【1386925】的GSD为【山东-德州】
2021-07-23 01:14:04 GSD insert 第 1 次 等待 3 秒
2021-07-23 01:14:07 {"status":"ok","gid":360655,"msg":"添加成功！"}
2021-07-23 01:14:07 下次操作: 2021-07-23 01:14:20

2021-07-23 01:14:20 开始第 18 次操作

2021-07-23 01:14:20 开始操作号码 【1386924】
2021-07-23 01:14:23 GSD getOne 第 1 次 等待 3 秒
2021-07-23 01:14:26 查询号码 【1386924】，返回信息 {"status":"bad","msg":""}
2021-07-23 01:14:26 查询号码 【1386924】，GSD为【""】
2021-07-23 01:14:26 bad
2021-07-23 01:14:27 CHB 1386924?1626974066 第 1 次 等待 3 秒
2021-07-23 01:14:30 CHB 1386924?1626974066 第 1 次 获取到号码【1386924】GSD
2021-07-23 01:14:30 获取到号码【1386924】的GSD为【山东-德州】
2021-07-23 01:14:40 GSD insert 第 1 次 等待 3 秒
2021-07-23 01:14:43 {"status":"ok","gid":360663,"msg":"添加成功！"}
2021-07-23 01:14:43 下次操作: 2021-07-23 01:15:05

2021-07-23 01:15:05 开始第 19 次操作

2021-07-23 01:15:05 开始操作号码 【1386923】
2021-07-23 01:15:08 GSD getOne 第 1 次 等待 3 秒
2021-07-23 01:15:11 查询号码 【1386923】，返回信息 {"status":"bad","msg":""}
2021-07-23 01:15:11 查询号码 【1386923】，GSD为【""】
2021-07-23 01:15:11 bad
2021-07-23 01:15:13 CHB 1386923?1626974111 第 1 次 等待 3 秒
2021-07-23 01:15:16 CHB 1386923?1626974111 第 1 次 获取到号码【1386923】GSD
2021-07-23 01:15:16 获取到号码【1386923】的GSD为【山东-德州】
2021-07-23 01:15:19 GSD insert 第 1 次 等待 3 秒
2021-07-23 01:15:22 {"status":"ok","gid":360675,"msg":"添加成功！"}
2021-07-23 01:15:22 下次操作: 2021-07-23 01:15:36

2021-07-23 01:15:36 开始第 20 次操作

2021-07-23 01:15:36 开始操作号码 【1386922】
2021-07-23 01:15:38 GSD getOne 第 1 次 等待 3 秒
2021-07-23 01:15:41 查询号码 【1386922】，返回信息 {"status":"bad","msg":""}
2021-07-23 01:15:41 查询号码 【1386922】，GSD为【""】
2021-07-23 01:15:41 bad
2021-07-23 01:15:43 CHB 1386922?1626974141 第 1 次 等待 3 秒
2021-07-23 01:15:46 CHB 1386922?1626974141 第 1 次 获取到号码【1386922】GSD
2021-07-23 01:15:46 获取到号码【1386922】的GSD为【山东-德州】
2021-07-23 01:15:49 GSD insert 第 1 次 等待 3 秒
2021-07-23 01:15:52 {"status":"ok","gid":360682,"msg":"添加成功！"}
2021-07-23 01:15:52 下次操作: 2021-07-23 01:16:14

2021-07-23 01:16:14 开始第 21 次操作

2021-07-23 01:16:14 开始操作号码 【1386921】
2021-07-23 01:16:17 GSD getOne 第 1 次 等待 3 秒
2021-07-23 01:16:20 查询号码 【1386921】，返回信息 {"status":"bad","msg":""}
2021-07-23 01:16:20 查询号码 【1386921】，GSD为【""】
2021-07-23 01:16:20 bad
2021-07-23 01:16:22 CHB 1386921?1626974180 第 1 次 等待 3 秒
2021-07-23 01:16:25 CHB 1386921?1626974180 第 1 次 获取到号码【1386921】GSD
2021-07-23 01:16:25 获取到号码【1386921】的GSD为【山东-德州】
2021-07-23 01:16:29 GSD insert 第 1 次 等待 3 秒
2021-07-23 01:16:32 {"status":"ok","gid":360691,"msg":"添加成功！"}
2021-07-23 01:16:32 下次操作: 2021-07-23 01:16:56

2021-07-23 01:16:56 开始第 22 次操作

2021-07-23 01:16:56 开始操作号码 【1386920】
2021-07-23 01:17:00 GSD getOne 第 1 次 等待 3 秒
2021-07-23 01:17:03 查询号码 【1386920】，返回信息 {"status":"bad","msg":""}
2021-07-23 01:17:03 查询号码 【1386920】，GSD为【""】
2021-07-23 01:17:03 bad
2021-07-23 01:17:05 CHB 1386920?1626974223 第 1 次 等待 3 秒
2021-07-23 01:17:08 CHB 1386920?1626974223 第 1 次 获取到号码【1386920】GSD
2021-07-23 01:17:08 获取到号码【1386920】的GSD为【山东-德州】
2021-07-23 01:17:12 GSD insert 第 1 次 等待 3 秒
2021-07-23 01:17:15 {"status":"ok","gid":360702,"msg":"添加成功！"}
2021-07-23 01:17:15 下次操作: 2021-07-23 01:17:32

2021-07-23 01:17:32 开始第 23 次操作

2021-07-23 01:17:32 开始操作号码 【1386919】
2021-07-23 01:17:35 GSD getOne 第 1 次 等待 3 秒
2021-07-23 01:17:38 查询号码 【1386919】，返回信息 {"status":"bad","msg":""}
2021-07-23 01:17:39 查询号码 【1386919】，GSD为【""】
2021-07-23 01:17:39 bad
2021-07-23 01:17:40 CHB 1386919?1626974259 第 1 次 等待 3 秒
2021-07-23 01:17:43 CHB 1386919?1626974259 第 1 次 获取到号码【1386919】GSD
2021-07-23 01:17:43 获取到号码【1386919】的GSD为【山东-济南】
2021-07-23 01:17:46 GSD insert 第 1 次 等待 3 秒
2021-07-23 01:17:49 {"status":"ok","gid":360713,"msg":"添加成功！"}
2021-07-23 01:17:49 下次操作: 2021-07-23 01:18:10

2021-07-23 01:18:10 开始第 24 次操作

2021-07-23 01:18:10 开始操作号码 【1386918】
2021-07-23 01:18:15 GSD getOne 第 1 次 等待 3 秒
2021-07-23 01:18:18 查询号码 【1386918】，返回信息 {"status":"bad","msg":""}
2021-07-23 01:18:18 查询号码 【1386918】，GSD为【""】
2021-07-23 01:18:18 bad
2021-07-23 01:18:20 CHB 1386918?1626974298 第 1 次 等待 3 秒
2021-07-23 01:18:23 CHB 1386918?1626974298 第 1 次 获取到号码【1386918】GSD
2021-07-23 01:18:23 获取到号码【1386918】的GSD为【山东-济南】
2021-07-23 01:18:28 GSD insert 第 1 次 等待 3 秒
2021-07-23 01:18:31 {"status":"ok","gid":360725,"msg":"添加成功！"}
2021-07-23 01:18:31 下次操作: 2021-07-23 01:18:54

2021-07-23 01:18:54 开始第 25 次操作

2021-07-23 01:18:54 开始操作号码 【1386917】
2021-07-23 01:19:04 GSD getOne 第 1 次 等待 3 秒
2021-07-23 01:19:07 查询号码 【1386917】，返回信息 {"status":"bad","msg":""}
2021-07-23 01:19:07 查询号码 【1386917】，GSD为【""】
2021-07-23 01:19:07 bad
2021-07-23 01:19:08 CHB 1386917?1626974347 第 1 次 等待 3 秒
2021-07-23 01:19:11 CHB 1386917?1626974347 第 1 次 获取到号码【1386917】GSD
2021-07-23 01:19:11 获取到号码【1386917】的GSD为【山东-济南】
2021-07-23 01:19:15 GSD insert 第 1 次 等待 3 秒
2021-07-23 01:19:18 {"status":"ok","gid":360738,"msg":"添加成功！"}
2021-07-23 01:19:18 下次操作: 2021-07-23 01:19:31

2021-07-23 01:19:31 开始第 26 次操作

2021-07-23 01:19:31 开始操作号码 【1386916】
2021-07-23 01:19:33 GSD getOne 第 1 次 等待 3 秒
2021-07-23 01:19:36 查询号码 【1386916】，返回信息 {"status":"bad","msg":""}
2021-07-23 01:19:36 查询号码 【1386916】，GSD为【""】
2021-07-23 01:19:36 bad
2021-07-23 01:19:38 CHB 1386916?1626974376 第 1 次 等待 3 秒
2021-07-23 01:19:41 CHB 1386916?1626974376 第 1 次 获取到号码【1386916】GSD
2021-07-23 01:19:41 获取到号码【1386916】的GSD为【山东-济南】
2021-07-23 01:19:44 GSD insert 第 1 次 等待 3 秒
2021-07-23 01:19:47 {"status":"ok","gid":360744,"msg":"添加成功！"}
2021-07-23 01:19:47 下次操作: 2021-07-23 01:20:06

2021-07-23 01:20:06 开始第 27 次操作

2021-07-23 01:20:06 开始操作号码 【1386915】
2021-07-23 01:20:08 GSD getOne 第 1 次 等待 3 秒
2021-07-23 01:20:11 查询号码 【1386915】，返回信息 {"status":"bad","msg":""}
2021-07-23 01:20:11 查询号码 【1386915】，GSD为【""】
2021-07-23 01:20:11 bad
2021-07-23 01:20:13 CHB 1386915?1626974411 第 1 次 等待 3 秒
2021-07-23 01:20:16 CHB 1386915?1626974411 第 1 次 获取到号码【1386915】GSD
2021-07-23 01:20:16 获取到号码【1386915】的GSD为【山东-济南】
2021-07-23 01:20:20 GSD insert 第 1 次 等待 3 秒
2021-07-23 01:20:23 {"status":"ok","gid":360757,"msg":"添加成功！"}
2021-07-23 01:20:23 下次操作: 2021-07-23 01:20:44

2021-07-23 01:20:44 开始第 28 次操作

2021-07-23 01:20:44 开始操作号码 【1386914】
2021-07-23 01:20:46 GSD getOne 第 1 次 等待 3 秒
2021-07-23 01:20:49 查询号码 【1386914】，返回信息 {"status":"bad","msg":""}
2021-07-23 01:20:49 查询号码 【1386914】，GSD为【""】
2021-07-23 01:20:49 bad
2021-07-23 01:20:51 CHB 1386914?1626974449 第 1 次 等待 3 秒
2021-07-23 01:20:54 CHB 1386914?1626974449 第 1 次 获取到号码【1386914】GSD
2021-07-23 01:20:54 获取到号码【1386914】的GSD为【山东-济南】
2021-07-23 01:20:58 GSD insert 第 1 次 等待 3 秒
2021-07-23 01:21:01 {"status":"ok","gid":360767,"msg":"添加成功！"}
2021-07-23 01:21:01 下次操作: 2021-07-23 01:21:17

2021-07-23 01:21:17 开始第 29 次操作

2021-07-23 01:21:17 开始操作号码 【1386913】
2021-07-23 01:21:20 GSD getOne 第 1 次 等待 3 秒
2021-07-23 01:21:23 查询号码 【1386913】，返回信息 {"status":"bad","msg":""}
2021-07-23 01:21:24 查询号码 【1386913】，GSD为【""】
2021-07-23 01:21:24 bad
2021-07-23 01:21:25 CHB 1386913?1626974484 第 1 次 等待 3 秒
2021-07-23 01:21:28 CHB 1386913?1626974484 第 1 次 获取到号码【1386913】GSD
2021-07-23 01:21:28 获取到号码【1386913】的GSD为【山东-济南】
2021-07-23 01:21:31 GSD insert 第 1 次 等待 3 秒
2021-07-23 01:21:34 {"status":"ok","gid":360774,"msg":"添加成功！"}
2021-07-23 01:21:34 下次操作: 2021-07-23 01:21:50

2021-07-23 01:21:50 开始第 30 次操作

2021-07-23 01:21:50 开始操作号码 【1386912】
2021-07-23 01:21:54 GSD getOne 第 1 次 等待 3 秒
2021-07-23 01:21:57 查询号码 【1386912】，返回信息 {"status":"ok","msg":"山东-济南","gid":"11530","time_insert":"2017-11-13 19:43","time_update":"2020-09-10 13:47"}
2021-07-23 01:21:58 查询号码 【1386912】，GSD为【"山东-济南"】

2021-07-23 01:21:58 开始第 30 次操作

2021-07-23 01:21:58 开始操作号码 【1386911】
2021-07-23 01:22:00 GSD getOne 第 1 次 等待 3 秒
2021-07-23 01:22:03 查询号码 【1386911】，返回信息 {"status":"bad","msg":""}
2021-07-23 01:22:03 查询号码 【1386911】，GSD为【""】
2021-07-23 01:22:03 bad
2021-07-23 01:22:05 CHB 1386911?1626974523 第 1 次 等待 3 秒
2021-07-23 01:22:08 CHB 1386911?1626974523 第 1 次 获取到号码【1386911】GSD
2021-07-23 01:22:08 获取到号码【1386911】的GSD为【山东-济南】
2021-07-23 01:22:11 GSD insert 第 1 次 等待 3 秒
2021-07-23 01:22:14 {"status":"ok","gid":360785,"msg":"添加成功！"}
2021-07-23 01:22:14 下次操作: 2021-07-23 01:22:37

2021-07-23 01:22:37 开始第 31 次操作

2021-07-23 01:22:37 开始操作号码 【1386910】
2021-07-23 01:22:40 GSD getOne 第 1 次 等待 3 秒
2021-07-23 01:22:43 查询号码 【1386910】，返回信息 {"status":"bad","msg":""}
2021-07-23 01:22:44 查询号码 【1386910】，GSD为【""】
2021-07-23 01:22:44 bad
2021-07-23 01:22:45 CHB 1386910?1626974564 第 1 次 等待 3 秒
2021-07-23 01:22:48 CHB 1386910?1626974564 第 1 次 获取到号码【1386910】GSD
2021-07-23 01:22:48 获取到号码【1386910】的GSD为【山东-济南】
2021-07-23 01:22:51 GSD insert 第 1 次 等待 3 秒
2021-07-23 01:22:54 {"status":"ok","gid":360794,"msg":"添加成功！"}
2021-07-23 01:22:54 下次操作: 2021-07-23 01:23:07

2021-07-23 01:23:07 开始第 32 次操作

2021-07-23 01:23:07 开始操作号码 【1386909】
2021-07-23 01:23:15 GSD getOne 第 1 次 等待 3 秒
2021-07-23 01:23:18 查询号码 【1386909】，返回信息 {"status":"bad","msg":""}
2021-07-23 01:23:18 查询号码 【1386909】，GSD为【""】
2021-07-23 01:23:18 bad
2021-07-23 01:23:19 CHB 1386909?1626974598 第 1 次 等待 3 秒
2021-07-23 01:23:22 CHB 1386909?1626974598 第 1 次 获取到号码【1386909】GSD
2021-07-23 01:23:22 获取到号码【1386909】的GSD为【山东-威海】
2021-07-23 01:23:26 GSD insert 第 1 次 等待 3 秒
2021-07-23 01:23:29 {"status":"ok","gid":360805,"msg":"添加成功！"}
2021-07-23 01:23:29 下次操作: 2021-07-23 01:23:52

2021-07-23 01:23:52 开始第 33 次操作

2021-07-23 01:23:52 开始操作号码 【1386908】
2021-07-23 01:23:56 GSD getOne 第 1 次 等待 3 秒
2021-07-23 01:23:59 查询号码 【1386908】，返回信息 {"status":"bad","msg":""}
2021-07-23 01:23:59 查询号码 【1386908】，GSD为【""】
2021-07-23 01:23:59 bad
2021-07-23 01:24:01 CHB 1386908?1626974639 第 1 次 等待 3 秒
2021-07-23 01:24:04 CHB 1386908?1626974639 第 1 次 获取到号码【1386908】GSD
2021-07-23 01:24:04 获取到号码【1386908】的GSD为【山东-威海】
2021-07-23 01:24:07 GSD insert 第 1 次 等待 3 秒
2021-07-23 01:24:10 {"status":"ok","gid":360815,"msg":"添加成功！"}
2021-07-23 01:24:10 下次操作: 2021-07-23 01:24:28

2021-07-23 01:24:28 开始第 34 次操作

2021-07-23 01:24:28 开始操作号码 【1386907】
2021-07-23 01:24:31 GSD getOne 第 1 次 等待 3 秒
2021-07-23 01:24:34 查询号码 【1386907】，返回信息 {"status":"bad","msg":""}
2021-07-23 01:24:34 查询号码 【1386907】，GSD为【""】
2021-07-23 01:24:34 bad
2021-07-23 01:24:35 CHB 1386907?1626974674 第 1 次 等待 3 秒
2021-07-23 01:24:38 CHB 1386907?1626974674 第 1 次 获取到号码【1386907】GSD
2021-07-23 01:24:38 获取到号码【1386907】的GSD为【山东-威海】
2021-07-23 01:24:45 GSD insert 第 1 次 等待 3 秒
2021-07-23 01:24:48 {"status":"ok","gid":360824,"msg":"添加成功！"}
2021-07-23 01:24:48 下次操作: 2021-07-23 01:25:07

2021-07-23 01:25:07 开始第 35 次操作

2021-07-23 01:25:07 开始操作号码 【1386906】
2021-07-23 01:25:10 GSD getOne 第 1 次 等待 3 秒
2021-07-23 01:25:13 查询号码 【1386906】，返回信息 {"status":"bad","msg":""}
2021-07-23 01:25:13 查询号码 【1386906】，GSD为【""】
2021-07-23 01:25:13 bad
2021-07-23 01:25:14 CHB 1386906?1626974713 第 1 次 等待 3 秒
2021-07-23 01:25:17 CHB 1386906?1626974713 第 1 次 获取到号码【1386906】GSD
2021-07-23 01:25:18 获取到号码【1386906】的GSD为【山东-威海】
2021-07-23 01:25:20 GSD insert 第 1 次 等待 3 秒
2021-07-23 01:25:23 {"status":"ok","gid":360835,"msg":"添加成功！"}
2021-07-23 01:25:23 下次操作: 2021-07-23 01:25:42

2021-07-23 01:25:42 开始第 36 次操作

2021-07-23 01:25:42 开始操作号码 【1386905】
2021-07-23 01:25:46 GSD getOne 第 1 次 等待 3 秒
2021-07-23 01:25:49 查询号码 【1386905】，返回信息 {"status":"bad","msg":""}
2021-07-23 01:25:49 查询号码 【1386905】，GSD为【""】
2021-07-23 01:25:49 bad
2021-07-23 01:25:51 CHB 1386905?1626974749 第 1 次 等待 3 秒
2021-07-23 01:25:54 CHB 1386905?1626974749 第 1 次 获取到号码【1386905】GSD
2021-07-23 01:25:54 获取到号码【1386905】的GSD为【山东-威海】
2021-07-23 01:25:57 GSD insert 第 1 次 等待 3 秒
2021-07-23 01:26:00 {"status":"ok","gid":360844,"msg":"添加成功！"}
2021-07-23 01:26:00 下次操作: 2021-07-23 01:26:13

2021-07-23 01:26:13 开始第 37 次操作

2021-07-23 01:26:13 开始操作号码 【1386904】
2021-07-23 01:26:16 GSD getOne 第 1 次 等待 3 秒
2021-07-23 01:26:19 查询号码 【1386904】，返回信息 {"status":"bad","msg":""}
2021-07-23 01:26:19 查询号码 【1386904】，GSD为【""】
2021-07-23 01:26:19 bad
2021-07-23 01:26:20 CHB 1386904?1626974779 第 1 次 等待 3 秒
2021-07-23 01:26:23 CHB 1386904?1626974779 第 1 次 获取到号码【1386904】GSD
2021-07-23 01:26:24 获取到号码【1386904】的GSD为【山东-威海】
2021-07-23 01:26:26 GSD insert 第 1 次 等待 3 秒
2021-07-23 01:26:29 {"status":"ok","gid":360852,"msg":"添加成功！"}
2021-07-23 01:26:29 下次操作: 2021-07-23 01:26:41

2021-07-23 01:26:41 开始第 38 次操作

2021-07-23 01:26:41 开始操作号码 【1386903】
2021-07-23 01:26:46 GSD getOne 第 1 次 等待 3 秒
2021-07-23 01:26:49 查询号码 【1386903】，返回信息 {"status":"ok","msg":"山东-威海","gid":"11529","time_insert":"2018-07-13 16:07","time_update":"2020-09-10 14:10"}
2021-07-23 01:26:49 查询号码 【1386903】，GSD为【"山东-威海"】

2021-07-23 01:26:49 开始第 38 次操作

2021-07-23 01:26:49 开始操作号码 【1386902】
2021-07-23 01:26:52 GSD getOne 第 1 次 等待 3 秒
2021-07-23 01:26:55 查询号码 【1386902】，返回信息 {"status":"bad","msg":""}
2021-07-23 01:26:55 查询号码 【1386902】，GSD为【""】
2021-07-23 01:26:55 bad
2021-07-23 01:26:57 CHB 1386902?1626974815 第 1 次 等待 3 秒
2021-07-23 01:27:00 CHB 1386902?1626974815 第 1 次 获取到号码【1386902】GSD
2021-07-23 01:27:00 获取到号码【1386902】的GSD为【山东-威海】
2021-07-23 01:27:03 GSD insert 第 1 次 等待 3 秒
2021-07-23 01:27:06 {"status":"ok","gid":360862,"msg":"添加成功！"}
2021-07-23 01:27:06 下次操作: 2021-07-23 01:27:21

2021-07-23 01:27:21 开始第 39 次操作

2021-07-23 01:27:21 开始操作号码 【1386901】
2021-07-23 01:27:26 GSD getOne 第 1 次 等待 3 秒
2021-07-23 01:27:29 查询号码 【1386901】，返回信息 {"status":"ok","msg":"山东-威海","gid":"11528","time_insert":"2014-08-08 19:28","time_update":"2020-09-10 14:14"}
2021-07-23 01:27:29 查询号码 【1386901】，GSD为【"山东-威海"】

2021-07-23 01:27:29 开始第 39 次操作

2021-07-23 01:27:29 开始操作号码 【1386900】
2021-07-23 01:27:32 GSD getOne 第 1 次 等待 3 秒
2021-07-23 01:27:35 查询号码 【1386900】，返回信息 {"status":"bad","msg":""}
2021-07-23 01:27:35 查询号码 【1386900】，GSD为【""】
2021-07-23 01:27:35 bad
2021-07-23 01:27:36 CHB 1386900?1626974855 第 1 次 等待 3 秒
2021-07-23 01:27:39 CHB 1386900?1626974855 第 1 次 获取到号码【1386900】GSD
2021-07-23 01:27:39 获取到号码【1386900】的GSD为【山东-威海】
2021-07-23 01:27:46 GSD insert 第 1 次 等待 3 秒
2021-07-23 01:27:49 {"status":"ok","gid":360872,"msg":"添加成功！"}
2021-07-23 01:27:49 下次操作: 2021-07-23 01:28:02

2021-07-23 01:28:02 开始第 40 次操作

2021-07-23 01:28:02 开始操作号码 【1386899】
2021-07-23 01:28:06 GSD getOne 第 1 次 等待 3 秒
2021-07-23 01:28:09 查询号码 【1386899】，返回信息 {"status":"bad","msg":""}
2021-07-23 01:28:09 查询号码 【1386899】，GSD为【""】
2021-07-23 01:28:09 bad
2021-07-23 01:28:10 CHB 1386899?1626974889 第 1 次 等待 3 秒
2021-07-23 01:28:13 CHB 1386899?1626974889 第 1 次 获取到号码【1386899】GSD
2021-07-23 01:28:13 获取到号码【1386899】的GSD为【浙江-金华】
2021-07-23 01:28:18 GSD insert 第 1 次 等待 3 秒
2021-07-23 01:28:21 {"status":"ok","gid":360878,"msg":"添加成功！"}

