2024-03-03 00:19:11 开始第 6765 次操作

2024-03-03 00:19:11 开始操作号码 【1746683】
2024-03-03 00:19:16 GSD getOne 第 1 次 等待 3 秒
2024-03-03 00:19:19 查询号码 【1746683】，返回信息 {"status":"ok","msg":"-","gid":"231833","time_insert":"2021-07-09 15:19"}
2024-03-03 00:19:19 查询号码 【1746683】，GSD为【"-"】
2024-03-03 00:19:19 ok && -
2024-03-03 00:19:21 CHB 1746683?1709396359 第 1 次 等待 3 秒
2024-03-03 00:19:24 CHB 1746683?1709396359 第 1 次 获取到号码【1746683】GSD
2024-03-03 00:19:24 未获取到号码【1746683】GSD，可能号码格式错误
2024-03-03 00:19:24 获取到号码【1746683】的GSD为【-】
2024-03-03 00:19:29 GSD insert 第 1 次 等待 3 秒
2024-03-03 00:19:32 {"status":"bad","gid":"231833","msg":"添加失败！号码【1746683(-|-)】已存在！"}
2024-03-03 00:19:32 随机等待 210 秒，约 3 分钟
2024-03-03 00:19:32 下次操作: 2024-03-03 00:23:02

2024-03-03 00:23:02 开始第 6766 次操作

2024-03-03 00:23:02 开始操作号码 【1746684】
2024-03-03 00:23:06 GSD getOne 第 1 次 等待 3 秒
2024-03-03 00:23:09 查询号码 【1746684】，返回信息 {"status":"ok","msg":"-","gid":"231837","time_insert":"2021-07-09 15:20"}
2024-03-03 00:23:09 查询号码 【1746684】，GSD为【"-"】
2024-03-03 00:23:09 ok && -
2024-03-03 00:23:12 CHB 1746684?1709396589 第 1 次 等待 3 秒
2024-03-03 00:23:15 CHB 1746684?1709396589 第 1 次 获取到号码【1746684】GSD
2024-03-03 00:23:15 未获取到号码【1746684】GSD，可能号码格式错误
2024-03-03 00:23:15 获取到号码【1746684】的GSD为【-】
2024-03-03 00:23:19 GSD insert 第 1 次 等待 3 秒
2024-03-03 00:23:22 {"status":"bad","gid":"231837","msg":"添加失败！号码【1746684(-|-)】已存在！"}
2024-03-03 00:23:22 随机等待 100 秒，约 1 分钟
2024-03-03 00:23:22 下次操作: 2024-03-03 00:25:02

2024-03-03 00:25:02 开始第 6767 次操作

2024-03-03 00:25:02 开始操作号码 【1746685】
2024-03-03 00:25:06 GSD getOne 第 1 次 等待 3 秒
2024-03-03 00:25:09 查询号码 【1746685】，返回信息 {"status":"ok","msg":"-","gid":"231900","time_insert":"2021-07-09 15:37"}
2024-03-03 00:25:10 查询号码 【1746685】，GSD为【"-"】
2024-03-03 00:25:10 ok && -
2024-03-03 00:25:12 CHB 1746685?1709396710 第 1 次 等待 3 秒
2024-03-03 00:25:15 CHB 1746685?1709396710 第 1 次 获取到号码【1746685】GSD
2024-03-03 00:25:15 未获取到号码【1746685】GSD，可能号码格式错误
2024-03-03 00:25:15 获取到号码【1746685】的GSD为【-】
2024-03-03 00:25:20 GSD insert 第 1 次 等待 3 秒
2024-03-03 00:25:23 {"status":"bad","gid":"231900","msg":"添加失败！号码【1746685(-|-)】已存在！"}
2024-03-03 00:25:23 随机等待 191 秒，约 3 分钟
2024-03-03 00:25:23 下次操作: 2024-03-03 00:28:34

2024-03-03 00:28:34 开始第 6768 次操作

2024-03-03 00:28:34 开始操作号码 【1746686】
2024-03-03 00:28:39 GSD getOne 第 1 次 等待 3 秒
2024-03-03 00:28:42 查询号码 【1746686】，返回信息 {"status":"ok","msg":"-","gid":"231907","time_insert":"2021-07-09 15:37"}
2024-03-03 00:28:42 查询号码 【1746686】，GSD为【"-"】
2024-03-03 00:28:42 ok && -
2024-03-03 00:28:45 CHB 1746686?1709396922 第 1 次 等待 3 秒
2024-03-03 00:28:48 CHB 1746686?1709396922 第 1 次 获取到号码【1746686】GSD
2024-03-03 00:28:48 未获取到号码【1746686】GSD，可能号码格式错误
2024-03-03 00:28:48 获取到号码【1746686】的GSD为【-】
2024-03-03 00:28:53 GSD insert 第 1 次 等待 3 秒
2024-03-03 00:28:56 {"status":"bad","gid":"231907","msg":"添加失败！号码【1746686(-|-)】已存在！"}

2024-03-03 00:37:32 开始第 6769 次操作

2024-03-03 00:37:32 开始操作号码 【1746687】
2024-03-03 00:37:38 GSD getOne 第 1 次 等待 3 秒
2024-03-03 00:37:41 查询号码 【1746687】，返回信息 {"status":"ok","msg":"-","gid":"231920","time_insert":"2021-07-09 15:38"}
2024-03-03 00:37:41 查询号码 【1746687】，GSD为【"-"】
2024-03-03 00:37:41 ok && -
2024-03-03 00:37:43 CHB 1746687?1709397461 第 1 次 等待 3 秒
2024-03-03 00:37:46 CHB 1746687?1709397461 第 1 次 获取到号码【1746687】GSD
2024-03-03 00:37:46 未获取到号码【1746687】GSD，可能号码格式错误
2024-03-03 00:37:46 获取到号码【1746687】的GSD为【-】
2024-03-03 00:37:51 GSD insert 第 1 次 等待 3 秒
2024-03-03 00:37:54 {"status":"bad","gid":"231920","msg":"添加失败！号码【1746687(-|-)】已存在！"}
2024-03-03 00:37:54 随机等待 201 秒，约 3 分钟
2024-03-03 00:37:54 下次操作: 2024-03-03 00:41:15

2024-03-03 00:41:15 开始第 6770 次操作

2024-03-03 00:41:15 开始操作号码 【1746688】
2024-03-03 00:41:19 GSD getOne 第 1 次 等待 3 秒
2024-03-03 00:41:22 查询号码 【1746688】，返回信息 {"status":"ok","msg":"-","gid":"231926","time_insert":"2021-07-09 15:38"}
2024-03-03 00:41:22 查询号码 【1746688】，GSD为【"-"】
2024-03-03 00:41:22 ok && -
2024-03-03 00:41:24 CHB 1746688?1709397682 第 1 次 等待 3 秒
2024-03-03 00:41:27 CHB 1746688?1709397682 第 1 次 获取到号码【1746688】GSD
2024-03-03 00:41:28 未获取到号码【1746688】GSD，可能号码格式错误
2024-03-03 00:41:28 获取到号码【1746688】的GSD为【-】
2024-03-03 00:41:32 GSD insert 第 1 次 等待 3 秒
2024-03-03 00:41:35 {"status":"bad","gid":"231926","msg":"添加失败！号码【1746688(-|-)】已存在！"}
2024-03-03 00:41:35 随机等待 205 秒，约 3 分钟
2024-03-03 00:41:35 下次操作: 2024-03-03 00:45:00

2024-03-03 00:45:00 开始第 6771 次操作

2024-03-03 00:45:00 开始操作号码 【1746689】
2024-03-03 00:45:10 GSD getOne 第 1 次 等待 3 秒
2024-03-03 00:45:13 查询号码 【1746689】，返回信息 {"status":"ok","msg":"-","gid":"231934","time_insert":"2021-07-09 15:39"}
2024-03-03 00:45:13 查询号码 【1746689】，GSD为【"-"】
2024-03-03 00:45:13 ok && -
2024-03-03 00:45:15 CHB 1746689?1709397913 第 1 次 等待 3 秒
2024-03-03 00:45:18 CHB 1746689?1709397913 第 1 次 获取到号码【1746689】GSD
2024-03-03 00:45:19 未获取到号码【1746689】GSD，可能号码格式错误
2024-03-03 00:45:19 获取到号码【1746689】的GSD为【-】
2024-03-03 00:45:23 GSD insert 第 1 次 等待 3 秒
2024-03-03 00:45:26 {"status":"bad","gid":"231934","msg":"添加失败！号码【1746689(-|-)】已存在！"}
2024-03-03 00:45:26 随机等待 221 秒，约 3 分钟
2024-03-03 00:45:26 下次操作: 2024-03-03 00:49:07

2024-03-03 00:49:07 开始第 6772 次操作

2024-03-03 00:49:07 开始操作号码 【1746690】
2024-03-03 00:49:16 GSD getOne 第 1 次 等待 3 秒
2024-03-03 00:49:19 查询号码 【1746690】，返回信息 {"status":"ok","msg":"-","gid":"231940","time_insert":"2021-07-09 15:39"}
2024-03-03 00:49:19 查询号码 【1746690】，GSD为【"-"】
2024-03-03 00:49:19 ok && -
2024-03-03 00:49:36 CHB 1746690?1709398159 第 1 次 等待 3 秒
2024-03-03 00:49:39 CHB 1746690?1709398159 第 1 次 获取到号码【1746690】GSD
2024-03-03 00:49:39 未获取到号码【1746690】GSD，可能号码格式错误
2024-03-03 00:49:39 获取到号码【1746690】的GSD为【-】
2024-03-03 00:49:45 GSD insert 第 1 次 等待 3 秒
2024-03-03 00:49:48 {"status":"bad","gid":"231940","msg":"添加失败！号码【1746690(-|-)】已存在！"}

2024-03-03 01:13:10 开始第 6773 次操作

2024-03-03 01:13:10 开始操作号码 【1746691】
2024-03-03 01:13:18 GSD getOne 第 1 次 等待 3 秒
2024-03-03 01:13:21 查询号码 【1746691】，返回信息 {"status":"ok","msg":"-","gid":"231950","time_insert":"2021-07-09 15:40"}
2024-03-03 01:13:21 查询号码 【1746691】，GSD为【"-"】
2024-03-03 01:13:21 ok && -
2024-03-03 01:13:23 CHB 1746691?1709399601 第 1 次 等待 3 秒
2024-03-03 01:13:26 CHB 1746691?1709399601 第 1 次 获取到号码【1746691】GSD
2024-03-03 01:13:26 未获取到号码【1746691】GSD，可能号码格式错误
2024-03-03 01:13:26 获取到号码【1746691】的GSD为【-】
2024-03-03 01:13:31 GSD insert 第 1 次 等待 3 秒
2024-03-03 01:13:34 {"status":"bad","gid":"231950","msg":"添加失败！号码【1746691(-|-)】已存在！"}
2024-03-03 01:13:34 随机等待 203 秒，约 3 分钟
2024-03-03 01:13:34 下次操作: 2024-03-03 01:16:57

2024-03-03 01:16:57 开始第 6774 次操作

2024-03-03 01:16:57 开始操作号码 【1746692】
2024-03-03 01:17:07 GSD getOne 第 1 次 等待 3 秒
2024-03-03 01:17:10 查询号码 【1746692】，返回信息 {"status":"ok","msg":"-","gid":"231961","time_insert":"2021-07-09 15:40"}
2024-03-03 01:17:10 查询号码 【1746692】，GSD为【"-"】
2024-03-03 01:17:10 ok && -
2024-03-03 01:17:13 CHB 1746692?1709399830 第 1 次 等待 3 秒
2024-03-03 01:17:16 CHB 1746692?1709399830 第 1 次 获取到号码【1746692】GSD
2024-03-03 01:17:16 未获取到号码【1746692】GSD，可能号码格式错误
2024-03-03 01:17:16 获取到号码【1746692】的GSD为【-】
2024-03-03 01:17:20 GSD insert 第 1 次 等待 3 秒
2024-03-03 01:17:23 {"status":"bad","gid":"231961","msg":"添加失败！号码【1746692(-|-)】已存在！"}
2024-03-03 01:17:23 随机等待 107 秒，约 1 分钟
2024-03-03 01:17:23 下次操作: 2024-03-03 01:19:10

2024-03-03 01:19:10 开始第 6775 次操作

2024-03-03 01:19:10 开始操作号码 【1746693】
2024-03-03 01:19:15 GSD getOne 第 1 次 等待 3 秒
2024-03-03 01:19:18 查询号码 【1746693】，返回信息 {"status":"ok","msg":"-","gid":"231967","time_insert":"2021-07-09 15:41"}
2024-03-03 01:19:18 查询号码 【1746693】，GSD为【"-"】
2024-03-03 01:19:18 ok && -
2024-03-03 01:19:21 CHB 1746693?1709399958 第 1 次 等待 3 秒
2024-03-03 01:19:24 CHB 1746693?1709399958 第 1 次 获取到号码【1746693】GSD
2024-03-03 01:19:24 未获取到号码【1746693】GSD，可能号码格式错误
2024-03-03 01:19:24 获取到号码【1746693】的GSD为【-】
2024-03-03 01:19:28 GSD insert 第 1 次 等待 3 秒
2024-03-03 01:19:31 {"status":"bad","gid":"231967","msg":"添加失败！号码【1746693(-|-)】已存在！"}
2024-03-03 01:19:31 随机等待 224 秒，约 3 分钟
2024-03-03 01:19:31 下次操作: 2024-03-03 01:23:15

2024-03-03 01:23:15 开始第 6776 次操作

2024-03-03 01:23:15 开始操作号码 【1746694】
2024-03-03 01:23:20 GSD getOne 第 1 次 等待 3 秒
2024-03-03 01:23:23 查询号码 【1746694】，返回信息 {"status":"ok","msg":"-","gid":"231979","time_insert":"2021-07-09 15:42"}
2024-03-03 01:23:23 查询号码 【1746694】，GSD为【"-"】
2024-03-03 01:23:23 ok && -
2024-03-03 01:23:25 CHB 1746694?1709400203 第 1 次 等待 3 秒
2024-03-03 01:23:28 CHB 1746694?1709400203 第 1 次 获取到号码【1746694】GSD
2024-03-03 01:23:28 未获取到号码【1746694】GSD，可能号码格式错误
2024-03-03 01:23:28 获取到号码【1746694】的GSD为【-】
2024-03-03 01:23:33 GSD insert 第 1 次 等待 3 秒
2024-03-03 01:23:36 {"status":"bad","gid":"231979","msg":"添加失败！号码【1746694(-|-)】已存在！"}

