2024-06-28 00:23:22 开始第 3009 次操作

2024-06-28 00:23:22 开始操作号码 【1522911】
2024-06-28 00:23:38 GSD getOne 第 1 次 等待 3 秒
2024-06-28 00:23:41 查询号码 【1522911】，返回信息 {"status":"ok","msg":"陕西-延安","gid":"167337","time_insert":"2021-07-01 15:16"}
2024-06-28 00:23:41 查询号码 【1522911】，GSD为【"陕西-延安"】

2024-06-28 00:23:42 开始第 3010 次操作

2024-06-28 00:23:42 开始操作号码 【1522912】
2024-06-28 00:24:09 GSD getOne 第 1 次 等待 3 秒
2024-06-28 00:24:12 查询号码 【1522912】，返回信息 {"status":"ok","msg":"陕西-榆林","gid":"167408","time_insert":"2021-07-01 15:36"}
2024-06-28 00:24:13 查询号码 【1522912】，GSD为【"陕西-榆林"】

2024-06-28 00:24:14 开始第 3011 次操作

2024-06-28 00:24:14 开始操作号码 【1522913】
2024-06-28 00:24:44 GSD getOne 第 1 次 等待 3 秒
2024-06-28 00:24:47 查询号码 【1522913】，返回信息 {"status":"ok","msg":"陕西-渭南","gid":"167613","time_insert":"2021-07-01 15:53"}
2024-06-28 00:24:47 查询号码 【1522913】，GSD为【"陕西-渭南"】

2024-06-28 00:24:48 开始第 3012 次操作

2024-06-28 00:24:48 开始操作号码 【1522914】
2024-06-28 00:25:06 GSD getOne 第 1 次 等待 3 秒
2024-06-28 00:25:09 查询号码 【1522914】，返回信息 {"status":"ok","msg":"陕西-商洛","gid":"167691","time_insert":"2021-07-01 16:12"}
2024-06-28 00:25:09 查询号码 【1522914】，GSD为【"陕西-商洛"】

