2024-05-20 00:21:20 开始第 9705 次操作

2024-05-20 00:21:20 开始操作号码 【1639612】
2024-05-20 00:21:25 GSD getOne 第 1 次 等待 3 秒
2024-05-20 00:21:28 查询号码 【1639612】，返回信息 {"status":"ok","msg":"-","gid":"693627","time_insert":"2023-05-05 17:40"}
2024-05-20 00:21:28 查询号码 【1639612】，GSD为【"-"】
2024-05-20 00:21:28 ok && -
2024-05-20 00:21:30 CHB 1639612?1716135688 第 1 次 等待 3 秒
2024-05-20 00:21:33 CHB 1639612?1716135688 第 1 次 获取到号码【1639612】GSD
2024-05-20 00:21:33 未获取到号码【1639612】GSD，可能号码格式错误
2024-05-20 00:21:33 获取到号码【1639612】的GSD为【-】
2024-05-20 00:21:46 GSD insert 第 1 次 等待 3 秒
2024-05-20 00:21:49 {"status":"bad","gid":"693627","msg":"添加失败！号码【1639612(-|-)】已存在！"}
2024-05-20 00:21:49 随机等待 225 秒，约 3 分钟
2024-05-20 00:21:49 下次操作: 2024-05-20 00:25:34

2024-05-20 00:25:34 开始第 9706 次操作

2024-05-20 00:25:34 开始操作号码 【1639613】
2024-05-20 00:25:40 GSD getOne 第 1 次 等待 3 秒
2024-05-20 00:25:43 查询号码 【1639613】，返回信息 {"status":"ok","msg":"-","gid":"693646","time_insert":"2023-05-05 17:59"}
2024-05-20 00:25:43 查询号码 【1639613】，GSD为【"-"】
2024-05-20 00:25:43 ok && -
2024-05-20 00:25:44 CHB 1639613?1716135943 第 1 次 等待 3 秒
2024-05-20 00:25:47 CHB 1639613?1716135943 第 1 次 获取到号码【1639613】GSD
2024-05-20 00:25:47 未获取到号码【1639613】GSD，可能号码格式错误
2024-05-20 00:25:47 获取到号码【1639613】的GSD为【-】
2024-05-20 00:25:56 GSD insert 第 1 次 等待 3 秒
2024-05-20 00:25:59 {"status":"bad","gid":"693646","msg":"添加失败！号码【1639613(-|-)】已存在！"}
2024-05-20 00:25:59 随机等待 194 秒，约 3 分钟
2024-05-20 00:25:59 下次操作: 2024-05-20 00:29:13

2024-05-20 00:29:13 开始第 9707 次操作

2024-05-20 00:29:13 开始操作号码 【1639614】
2024-05-20 00:29:17 GSD getOne 第 1 次 等待 3 秒
2024-05-20 00:29:20 查询号码 【1639614】，返回信息 {"status":"ok","msg":"-","gid":"693661","time_insert":"2023-05-05 18:17"}
2024-05-20 00:29:20 查询号码 【1639614】，GSD为【"-"】
2024-05-20 00:29:20 ok && -
2024-05-20 00:29:22 CHB 1639614?1716136160 第 1 次 等待 3 秒
2024-05-20 00:29:25 CHB 1639614?1716136160 第 1 次 获取到号码【1639614】GSD
2024-05-20 00:29:25 未获取到号码【1639614】GSD，可能号码格式错误
2024-05-20 00:29:25 获取到号码【1639614】的GSD为【-】
2024-05-20 00:29:32 GSD insert 第 1 次 等待 3 秒
2024-05-20 00:29:35 {"status":"bad","gid":"693661","msg":"添加失败！号码【1639614(-|-)】已存在！"}
2024-05-20 00:29:35 随机等待 127 秒，约 2 分钟
2024-05-20 00:29:35 下次操作: 2024-05-20 00:31:42

2024-05-20 00:31:42 开始第 9708 次操作

2024-05-20 00:31:42 开始操作号码 【1639615】
2024-05-20 00:31:49 GSD getOne 第 1 次 等待 3 秒
2024-05-20 00:31:52 查询号码 【1639615】，返回信息 {"status":"ok","msg":"-","gid":"693677","time_insert":"2023-05-05 18:35"}
2024-05-20 00:31:52 查询号码 【1639615】，GSD为【"-"】
2024-05-20 00:31:52 ok && -
2024-05-20 00:31:54 CHB 1639615?1716136312 第 1 次 等待 3 秒
2024-05-20 00:31:57 CHB 1639615?1716136312 第 1 次 获取到号码【1639615】GSD
2024-05-20 00:31:57 未获取到号码【1639615】GSD，可能号码格式错误
2024-05-20 00:31:57 获取到号码【1639615】的GSD为【-】
2024-05-20 00:32:04 GSD insert 第 1 次 等待 3 秒
2024-05-20 00:32:07 {"status":"bad","gid":"693677","msg":"添加失败！号码【1639615(-|-)】已存在！"}

2024-05-20 00:39:46 开始第 9709 次操作

2024-05-20 00:39:46 开始操作号码 【1639616】
2024-05-20 00:39:56 GSD getOne 第 1 次 等待 3 秒
2024-05-20 00:39:59 查询号码 【1639616】，返回信息 {"status":"ok","msg":"-","gid":"693694","time_insert":"2023-05-05 18:51"}
2024-05-20 00:39:59 查询号码 【1639616】，GSD为【"-"】
2024-05-20 00:39:59 ok && -
2024-05-20 00:40:01 CHB 1639616?1716136799 第 1 次 等待 3 秒
2024-05-20 00:40:04 CHB 1639616?1716136799 第 1 次 获取到号码【1639616】GSD
2024-05-20 00:40:04 未获取到号码【1639616】GSD，可能号码格式错误
2024-05-20 00:40:04 获取到号码【1639616】的GSD为【-】
2024-05-20 00:40:10 GSD insert 第 1 次 等待 3 秒
2024-05-20 00:40:13 {"status":"bad","gid":"693694","msg":"添加失败！号码【1639616(-|-)】已存在！"}
2024-05-20 00:40:13 随机等待 147 秒，约 2 分钟
2024-05-20 00:40:13 下次操作: 2024-05-20 00:42:40

2024-05-20 00:42:40 开始第 9710 次操作

2024-05-20 00:42:40 开始操作号码 【1639617】
2024-05-20 00:42:45 GSD getOne 第 1 次 等待 3 秒
2024-05-20 00:42:48 查询号码 【1639617】，返回信息 {"status":"ok","msg":"-","gid":"693709","time_insert":"2023-05-05 19:08"}
2024-05-20 00:42:48 查询号码 【1639617】，GSD为【"-"】
2024-05-20 00:42:48 ok && -
2024-05-20 00:42:50 CHB 1639617?1716136968 第 1 次 等待 3 秒
2024-05-20 00:42:53 CHB 1639617?1716136968 第 1 次 获取到号码【1639617】GSD
2024-05-20 00:42:53 未获取到号码【1639617】GSD，可能号码格式错误
2024-05-20 00:42:53 获取到号码【1639617】的GSD为【-】
2024-05-20 00:42:58 GSD insert 第 1 次 等待 3 秒
2024-05-20 00:43:01 {"status":"bad","gid":"693709","msg":"添加失败！号码【1639617(-|-)】已存在！"}
2024-05-20 00:43:01 随机等待 111 秒，约 1 分钟
2024-05-20 00:43:01 下次操作: 2024-05-20 00:44:52

2024-05-20 00:44:52 开始第 9711 次操作

2024-05-20 00:44:52 开始操作号码 【1639618】
2024-05-20 00:45:00 GSD getOne 第 1 次 等待 3 秒
2024-05-20 00:45:03 查询号码 【1639618】，返回信息 {"status":"ok","msg":"-","gid":"693722","time_insert":"2023-05-05 19:24"}
2024-05-20 00:45:03 查询号码 【1639618】，GSD为【"-"】
2024-05-20 00:45:03 ok && -
2024-05-20 00:45:05 CHB 1639618?1716137103 第 1 次 等待 3 秒
2024-05-20 00:45:08 CHB 1639618?1716137103 第 1 次 获取到号码【1639618】GSD
2024-05-20 00:45:08 未获取到号码【1639618】GSD，可能号码格式错误
2024-05-20 00:45:08 获取到号码【1639618】的GSD为【-】
2024-05-20 00:45:13 GSD insert 第 1 次 等待 3 秒
2024-05-20 00:45:16 {"status":"bad","gid":"693722","msg":"添加失败！号码【1639618(-|-)】已存在！"}
2024-05-20 00:45:16 随机等待 120 秒，约 2 分钟
2024-05-20 00:45:16 下次操作: 2024-05-20 00:47:16

2024-05-20 00:47:16 开始第 9712 次操作

2024-05-20 00:47:17 开始操作号码 【1639619】
2024-05-20 00:47:25 GSD getOne 第 1 次 等待 3 秒
2024-05-20 00:47:28 查询号码 【1639619】，返回信息 {"status":"ok","msg":"-","gid":"693735","time_insert":"2023-05-05 19:41"}
2024-05-20 00:47:29 查询号码 【1639619】，GSD为【"-"】
2024-05-20 00:47:29 ok && -
2024-05-20 00:47:32 CHB 1639619?1716137249 第 1 次 等待 3 秒
2024-05-20 00:47:35 CHB 1639619?1716137249 第 1 次 获取到号码【1639619】GSD
2024-05-20 00:47:35 未获取到号码【1639619】GSD，可能号码格式错误
2024-05-20 00:47:35 获取到号码【1639619】的GSD为【-】
2024-05-20 00:47:41 GSD insert 第 1 次 等待 3 秒
2024-05-20 00:47:44 {"status":"bad","gid":"693735","msg":"添加失败！号码【1639619(-|-)】已存在！"}

2024-05-20 01:15:06 开始第 9713 次操作

2024-05-20 01:15:06 开始操作号码 【1639620】
2024-05-20 01:15:15 GSD getOne 第 1 次 等待 3 秒
2024-05-20 01:15:18 查询号码 【1639620】，返回信息 {"status":"ok","msg":"-","gid":"693754","time_insert":"2023-05-05 19:58"}
2024-05-20 01:15:18 查询号码 【1639620】，GSD为【"-"】
2024-05-20 01:15:18 ok && -
2024-05-20 01:15:20 CHB 1639620?1716138918 第 1 次 等待 3 秒
2024-05-20 01:15:23 CHB 1639620?1716138918 第 1 次 获取到号码【1639620】GSD
2024-05-20 01:15:23 未获取到号码【1639620】GSD，可能号码格式错误
2024-05-20 01:15:23 获取到号码【1639620】的GSD为【-】
2024-05-20 01:15:27 GSD insert 第 1 次 等待 3 秒
2024-05-20 01:15:30 {"status":"bad","gid":"693754","msg":"添加失败！号码【1639620(-|-)】已存在！"}
2024-05-20 01:15:31 随机等待 184 秒，约 3 分钟
2024-05-20 01:15:31 下次操作: 2024-05-20 01:18:35

2024-05-20 01:18:35 开始第 9714 次操作

2024-05-20 01:18:35 开始操作号码 【1639621】
2024-05-20 01:18:40 GSD getOne 第 1 次 等待 3 秒
2024-05-20 01:18:43 查询号码 【1639621】，返回信息 {"status":"ok","msg":"-","gid":"693771","time_insert":"2023-05-05 20:14"}
2024-05-20 01:18:43 查询号码 【1639621】，GSD为【"-"】
2024-05-20 01:18:43 ok && -
2024-05-20 01:18:45 CHB 1639621?1716139123 第 1 次 等待 3 秒
2024-05-20 01:18:48 CHB 1639621?1716139123 第 1 次 获取到号码【1639621】GSD
2024-05-20 01:18:48 未获取到号码【1639621】GSD，可能号码格式错误
2024-05-20 01:18:48 获取到号码【1639621】的GSD为【-】
2024-05-20 01:18:54 GSD insert 第 1 次 等待 3 秒
2024-05-20 01:18:57 {"status":"bad","gid":"693771","msg":"添加失败！号码【1639621(-|-)】已存在！"}
2024-05-20 01:18:57 随机等待 70 秒，约 1 分钟
2024-05-20 01:18:57 下次操作: 2024-05-20 01:20:07

2024-05-20 01:20:07 开始第 9715 次操作

2024-05-20 01:20:07 开始操作号码 【1639622】
2024-05-20 01:20:12 GSD getOne 第 1 次 等待 3 秒
2024-05-20 01:20:15 查询号码 【1639622】，返回信息 {"status":"ok","msg":"-","gid":"693789","time_insert":"2023-05-05 20:33"}
2024-05-20 01:20:15 查询号码 【1639622】，GSD为【"-"】
2024-05-20 01:20:15 ok && -
2024-05-20 01:20:17 CHB 1639622?1716139215 第 1 次 等待 3 秒
2024-05-20 01:20:20 CHB 1639622?1716139215 第 1 次 获取到号码【1639622】GSD
2024-05-20 01:20:20 未获取到号码【1639622】GSD，可能号码格式错误
2024-05-20 01:20:20 获取到号码【1639622】的GSD为【-】
2024-05-20 01:20:25 GSD insert 第 1 次 等待 3 秒
2024-05-20 01:20:28 {"status":"bad","gid":"693789","msg":"添加失败！号码【1639622(-|-)】已存在！"}
2024-05-20 01:20:28 随机等待 145 秒，约 2 分钟
2024-05-20 01:20:28 下次操作: 2024-05-20 01:22:53

2024-05-20 01:22:53 开始第 9716 次操作

2024-05-20 01:22:53 开始操作号码 【1639623】
2024-05-20 01:22:58 GSD getOne 第 1 次 等待 3 秒
2024-05-20 01:23:01 查询号码 【1639623】，返回信息 {"status":"ok","msg":"-","gid":"693805","time_insert":"2023-05-05 20:50"}
2024-05-20 01:23:01 查询号码 【1639623】，GSD为【"-"】
2024-05-20 01:23:01 ok && -
2024-05-20 01:23:03 CHB 1639623?1716139381 第 1 次 等待 3 秒
2024-05-20 01:23:06 CHB 1639623?1716139381 第 1 次 获取到号码【1639623】GSD
2024-05-20 01:23:06 未获取到号码【1639623】GSD，可能号码格式错误
2024-05-20 01:23:06 获取到号码【1639623】的GSD为【-】
2024-05-20 01:23:11 GSD insert 第 1 次 等待 3 秒
2024-05-20 01:23:14 {"status":"bad","gid":"693805","msg":"添加失败！号码【1639623(-|-)】已存在！"}

2024-05-20 01:37:42 开始第 9717 次操作

2024-05-20 01:37:42 开始操作号码 【1639624】
2024-05-20 01:37:49 GSD getOne 第 1 次 等待 3 秒
2024-05-20 01:37:52 查询号码 【1639624】，返回信息 {"status":"ok","msg":"-","gid":"693820","time_insert":"2023-05-05 21:06"}
2024-05-20 01:37:52 查询号码 【1639624】，GSD为【"-"】
2024-05-20 01:37:52 ok && -
2024-05-20 01:42:53 CHB 1639624?1716140272 第 1 次 等待 3 秒
2024-05-20 01:42:56 CHB 1639624?1716140272 第 1 次 未获取到 等待 113 秒 下次操作: 2024-05-20 01:44:49
2024-05-20 01:44:51 CHB 1639624?1716140689 第 2 次 等待 3 秒
2024-05-20 01:44:54 CHB 1639624?1716140689 第 2 次 获取到号码【1639624】GSD
2024-05-20 01:44:54 未获取到号码【1639624】GSD，可能号码格式错误
2024-05-20 01:44:54 获取到号码【1639624】的GSD为【-】
2024-05-20 01:45:01 GSD insert 第 1 次 等待 3 秒
2024-05-20 01:45:04 {"status":"bad","gid":"693820","msg":"添加失败！号码【1639624(-|-)】已存在！"}
2024-05-20 01:45:04 随机等待 191 秒，约 3 分钟
2024-05-20 01:45:04 下次操作: 2024-05-20 01:48:15

2024-05-20 01:48:15 开始第 9718 次操作

2024-05-20 01:48:15 开始操作号码 【1639625】
2024-05-20 01:48:20 GSD getOne 第 1 次 等待 3 秒
2024-05-20 01:48:23 查询号码 【1639625】，返回信息 {"status":"ok","msg":"-","gid":"693838","time_insert":"2023-05-05 21:25"}
2024-05-20 01:48:23 查询号码 【1639625】，GSD为【"-"】
2024-05-20 01:48:23 ok && -
2024-05-20 01:48:25 CHB 1639625?1716140903 第 1 次 等待 3 秒
2024-05-20 01:48:28 CHB 1639625?1716140903 第 1 次 获取到号码【1639625】GSD
2024-05-20 01:48:28 未获取到号码【1639625】GSD，可能号码格式错误
2024-05-20 01:48:28 获取到号码【1639625】的GSD为【-】
2024-05-20 01:48:36 GSD insert 第 1 次 等待 3 秒
2024-05-20 01:48:39 {"status":"bad","gid":"693838","msg":"添加失败！号码【1639625(-|-)】已存在！"}
2024-05-20 01:48:39 随机等待 215 秒，约 3 分钟
2024-05-20 01:48:39 下次操作: 2024-05-20 01:52:14

2024-05-20 01:52:14 开始第 9719 次操作

2024-05-20 01:52:14 开始操作号码 【1639626】
2024-05-20 01:52:18 GSD getOne 第 1 次 等待 3 秒
2024-05-20 01:52:21 查询号码 【1639626】，返回信息 {"status":"ok","msg":"-","gid":"693859","time_insert":"2023-05-05 21:45"}
2024-05-20 01:52:21 查询号码 【1639626】，GSD为【"-"】
2024-05-20 01:52:21 ok && -
2024-05-20 01:52:23 CHB 1639626?1716141141 第 1 次 等待 3 秒
2024-05-20 01:52:26 CHB 1639626?1716141141 第 1 次 获取到号码【1639626】GSD
2024-05-20 01:52:26 未获取到号码【1639626】GSD，可能号码格式错误
2024-05-20 01:52:26 获取到号码【1639626】的GSD为【-】
2024-05-20 01:52:31 GSD insert 第 1 次 等待 3 秒
2024-05-20 01:52:34 {"status":"bad","gid":"693859","msg":"添加失败！号码【1639626(-|-)】已存在！"}
2024-05-20 01:52:34 随机等待 203 秒，约 3 分钟
2024-05-20 01:52:34 下次操作: 2024-05-20 01:55:57

2024-05-20 01:55:57 开始第 9720 次操作

2024-05-20 01:55:57 开始操作号码 【1639627】
2024-05-20 01:56:03 GSD getOne 第 1 次 等待 3 秒
2024-05-20 01:56:06 查询号码 【1639627】，返回信息 {"status":"ok","msg":"-","gid":"693874","time_insert":"2023-05-05 22:02"}
2024-05-20 01:56:06 查询号码 【1639627】，GSD为【"-"】
2024-05-20 01:56:06 ok && -
2024-05-20 01:56:08 CHB 1639627?1716141366 第 1 次 等待 3 秒
2024-05-20 01:56:11 CHB 1639627?1716141366 第 1 次 获取到号码【1639627】GSD
2024-05-20 01:56:11 未获取到号码【1639627】GSD，可能号码格式错误
2024-05-20 01:56:11 获取到号码【1639627】的GSD为【-】
2024-05-20 01:56:16 GSD insert 第 1 次 等待 3 秒
2024-05-20 01:56:19 {"status":"bad","gid":"693874","msg":"添加失败！号码【1639627(-|-)】已存在！"}

2024-05-20 02:21:49 开始第 9721 次操作

2024-05-20 02:21:49 开始操作号码 【1639628】
2024-05-20 02:21:54 GSD getOne 第 1 次 等待 3 秒
2024-05-20 02:21:57 查询号码 【1639628】，返回信息 {"status":"ok","msg":"-","gid":"693893","time_insert":"2023-05-05 22:20"}
2024-05-20 02:21:57 查询号码 【1639628】，GSD为【"-"】
2024-05-20 02:21:57 ok && -
2024-05-20 02:21:59 CHB 1639628?1716142917 第 1 次 等待 3 秒
2024-05-20 02:22:02 CHB 1639628?1716142917 第 1 次 获取到号码【1639628】GSD
2024-05-20 02:22:02 未获取到号码【1639628】GSD，可能号码格式错误
2024-05-20 02:22:02 获取到号码【1639628】的GSD为【-】
2024-05-20 02:22:08 GSD insert 第 1 次 等待 3 秒
2024-05-20 02:22:11 {"status":"bad","gid":"693893","msg":"添加失败！号码【1639628(-|-)】已存在！"}
2024-05-20 02:22:11 随机等待 102 秒，约 1 分钟
2024-05-20 02:22:11 下次操作: 2024-05-20 02:23:53

2024-05-20 02:23:53 开始第 9722 次操作

2024-05-20 02:23:53 开始操作号码 【1639629】
2024-05-20 02:23:58 GSD getOne 第 1 次 等待 3 秒
2024-05-20 02:24:01 查询号码 【1639629】，返回信息 {"status":"ok","msg":"-","gid":"693907","time_insert":"2023-05-05 22:37"}
2024-05-20 02:24:02 查询号码 【1639629】，GSD为【"-"】
2024-05-20 02:24:02 ok && -
2024-05-20 02:24:04 CHB 1639629?1716143042 第 1 次 等待 3 秒
2024-05-20 02:24:07 CHB 1639629?1716143042 第 1 次 获取到号码【1639629】GSD
2024-05-20 02:24:07 未获取到号码【1639629】GSD，可能号码格式错误
2024-05-20 02:24:07 获取到号码【1639629】的GSD为【-】
2024-05-20 02:24:12 GSD insert 第 1 次 等待 3 秒
2024-05-20 02:24:15 {"status":"bad","gid":"693907","msg":"添加失败！号码【1639629(-|-)】已存在！"}
2024-05-20 02:24:15 随机等待 96 秒，约 1 分钟
2024-05-20 02:24:15 下次操作: 2024-05-20 02:25:51

2024-05-20 02:25:51 开始第 9723 次操作

2024-05-20 02:25:51 开始操作号码 【1639630】
2024-05-20 02:25:58 GSD getOne 第 1 次 等待 3 秒
2024-05-20 02:26:01 查询号码 【1639630】，返回信息 {"status":"ok","msg":"-","gid":"693924","time_insert":"2023-05-05 22:57"}
2024-05-20 02:26:01 查询号码 【1639630】，GSD为【"-"】
2024-05-20 02:26:01 ok && -
2024-05-20 02:26:03 CHB 1639630?1716143161 第 1 次 等待 3 秒
2024-05-20 02:26:06 CHB 1639630?1716143161 第 1 次 获取到号码【1639630】GSD
2024-05-20 02:26:06 未获取到号码【1639630】GSD，可能号码格式错误
2024-05-20 02:26:06 获取到号码【1639630】的GSD为【-】
2024-05-20 02:26:11 GSD insert 第 1 次 等待 3 秒
2024-05-20 02:26:14 {"status":"bad","gid":"693924","msg":"添加失败！号码【1639630(-|-)】已存在！"}
2024-05-20 02:26:14 随机等待 93 秒，约 1 分钟
2024-05-20 02:26:14 下次操作: 2024-05-20 02:27:47

2024-05-20 02:27:47 开始第 9724 次操作

2024-05-20 02:27:47 开始操作号码 【1639631】
2024-05-20 02:28:25 GSD getOne 第 1 次 等待 3 秒
2024-05-20 02:28:28 查询号码 【1639631】，返回信息 {"status":"ok","msg":"-","gid":"693941","time_insert":"2023-05-05 23:13"}
2024-05-20 02:28:28 查询号码 【1639631】，GSD为【"-"】
2024-05-20 02:28:28 ok && -
2024-05-20 02:28:30 CHB 1639631?1716143308 第 1 次 等待 3 秒
2024-05-20 02:28:33 CHB 1639631?1716143308 第 1 次 获取到号码【1639631】GSD
2024-05-20 02:28:33 未获取到号码【1639631】GSD，可能号码格式错误
2024-05-20 02:28:33 获取到号码【1639631】的GSD为【-】
2024-05-20 02:28:40 GSD insert 第 1 次 等待 3 秒
2024-05-20 02:28:43 {"status":"bad","gid":"693941","msg":"添加失败！号码【1639631(-|-)】已存在！"}

2024-05-20 02:37:30 开始第 9725 次操作

2024-05-20 02:37:30 开始操作号码 【1639632】
2024-05-20 02:37:36 GSD getOne 第 1 次 等待 3 秒
2024-05-20 02:37:39 查询号码 【1639632】，返回信息 {"status":"ok","msg":"-","gid":"693959","time_insert":"2023-05-05 23:33"}
2024-05-20 02:37:39 查询号码 【1639632】，GSD为【"-"】
2024-05-20 02:37:39 ok && -
2024-05-20 02:37:42 CHB 1639632?1716143859 第 1 次 等待 3 秒
2024-05-20 02:37:45 CHB 1639632?1716143859 第 1 次 获取到号码【1639632】GSD
2024-05-20 02:37:45 未获取到号码【1639632】GSD，可能号码格式错误
2024-05-20 02:37:45 获取到号码【1639632】的GSD为【-】
2024-05-20 02:37:51 GSD insert 第 1 次 等待 3 秒
2024-05-20 02:37:54 {"status":"bad","gid":"693959","msg":"添加失败！号码【1639632(-|-)】已存在！"}
2024-05-20 02:37:54 随机等待 181 秒，约 3 分钟
2024-05-20 02:37:54 下次操作: 2024-05-20 02:40:55

2024-05-20 02:40:55 开始第 9726 次操作

2024-05-20 02:40:55 开始操作号码 【1639633】
2024-05-20 02:41:03 GSD getOne 第 1 次 等待 3 秒
2024-05-20 02:41:06 查询号码 【1639633】，返回信息 {"status":"ok","msg":"-","gid":"693977","time_insert":"2023-05-05 23:51"}
2024-05-20 02:41:06 查询号码 【1639633】，GSD为【"-"】
2024-05-20 02:41:06 ok && -
2024-05-20 02:41:08 CHB 1639633?1716144066 第 1 次 等待 3 秒
2024-05-20 02:41:11 CHB 1639633?1716144066 第 1 次 获取到号码【1639633】GSD
2024-05-20 02:41:11 未获取到号码【1639633】GSD，可能号码格式错误
2024-05-20 02:41:11 获取到号码【1639633】的GSD为【-】
2024-05-20 02:41:16 GSD insert 第 1 次 等待 3 秒
2024-05-20 02:41:19 {"status":"bad","gid":"693977","msg":"添加失败！号码【1639633(-|-)】已存在！"}
2024-05-20 02:41:19 随机等待 175 秒，约 2 分钟
2024-05-20 02:41:19 下次操作: 2024-05-20 02:44:14

2024-05-20 02:44:14 开始第 9727 次操作

2024-05-20 02:44:14 开始操作号码 【1639634】
2024-05-20 02:44:18 GSD getOne 第 1 次 等待 3 秒
2024-05-20 02:44:21 查询号码 【1639634】，返回信息 {"status":"ok","msg":"-","gid":"693992","time_insert":"2023-05-06 00:07"}
2024-05-20 02:44:22 查询号码 【1639634】，GSD为【"-"】
2024-05-20 02:44:22 ok && -
2024-05-20 02:44:24 CHB 1639634?1716144262 第 1 次 等待 3 秒
2024-05-20 02:44:27 CHB 1639634?1716144262 第 1 次 获取到号码【1639634】GSD
2024-05-20 02:44:27 未获取到号码【1639634】GSD，可能号码格式错误
2024-05-20 02:44:27 获取到号码【1639634】的GSD为【-】
2024-05-20 02:44:31 GSD insert 第 1 次 等待 3 秒
2024-05-20 02:44:34 {"status":"bad","gid":"693992","msg":"添加失败！号码【1639634(-|-)】已存在！"}
2024-05-20 02:44:34 随机等待 177 秒，约 2 分钟
2024-05-20 02:44:34 下次操作: 2024-05-20 02:47:31

2024-05-20 02:47:31 开始第 9728 次操作

2024-05-20 02:47:31 开始操作号码 【1639635】
2024-05-20 02:47:36 GSD getOne 第 1 次 等待 3 秒
2024-05-20 02:47:39 查询号码 【1639635】，返回信息 {"status":"ok","msg":"-","gid":"694010","time_insert":"2023-05-06 00:23"}
2024-05-20 02:47:39 查询号码 【1639635】，GSD为【"-"】
2024-05-20 02:47:39 ok && -
2024-05-20 02:47:41 CHB 1639635?1716144459 第 1 次 等待 3 秒
2024-05-20 02:47:44 CHB 1639635?1716144459 第 1 次 获取到号码【1639635】GSD
2024-05-20 02:47:44 未获取到号码【1639635】GSD，可能号码格式错误
2024-05-20 02:47:44 获取到号码【1639635】的GSD为【-】
2024-05-20 02:47:49 GSD insert 第 1 次 等待 3 秒
2024-05-20 02:47:52 {"status":"bad","gid":"694010","msg":"添加失败！号码【1639635(-|-)】已存在！"}

2024-05-20 03:13:02 开始第 9729 次操作

2024-05-20 03:13:02 开始操作号码 【1639636】
2024-05-20 03:13:08 GSD getOne 第 1 次 等待 3 秒
2024-05-20 03:13:11 查询号码 【1639636】，返回信息 {"status":"ok","msg":"-","gid":"694024","time_insert":"2023-05-06 00:38"}
2024-05-20 03:13:11 查询号码 【1639636】，GSD为【"-"】
2024-05-20 03:13:11 ok && -
2024-05-20 03:13:13 CHB 1639636?1716145991 第 1 次 等待 3 秒
2024-05-20 03:13:16 CHB 1639636?1716145991 第 1 次 获取到号码【1639636】GSD
2024-05-20 03:13:16 未获取到号码【1639636】GSD，可能号码格式错误
2024-05-20 03:13:16 获取到号码【1639636】的GSD为【-】
2024-05-20 03:13:21 GSD insert 第 1 次 等待 3 秒
2024-05-20 03:13:24 {"status":"bad","gid":"694024","msg":"添加失败！号码【1639636(-|-)】已存在！"}
2024-05-20 03:13:24 随机等待 220 秒，约 3 分钟
2024-05-20 03:13:24 下次操作: 2024-05-20 03:17:04

2024-05-20 03:17:04 开始第 9730 次操作

2024-05-20 03:17:04 开始操作号码 【1639637】
2024-05-20 03:17:11 GSD getOne 第 1 次 等待 3 秒
2024-05-20 03:17:14 查询号码 【1639637】，返回信息 {"status":"ok","msg":"-","gid":"694041","time_insert":"2023-05-06 00:55"}
2024-05-20 03:17:14 查询号码 【1639637】，GSD为【"-"】
2024-05-20 03:17:14 ok && -
2024-05-20 03:17:16 CHB 1639637?1716146234 第 1 次 等待 3 秒
2024-05-20 03:17:19 CHB 1639637?1716146234 第 1 次 获取到号码【1639637】GSD
2024-05-20 03:17:19 未获取到号码【1639637】GSD，可能号码格式错误
2024-05-20 03:17:19 获取到号码【1639637】的GSD为【-】
2024-05-20 03:17:25 GSD insert 第 1 次 等待 3 秒
2024-05-20 03:17:28 {"status":"bad","gid":"694041","msg":"添加失败！号码【1639637(-|-)】已存在！"}
2024-05-20 03:17:28 随机等待 208 秒，约 3 分钟
2024-05-20 03:17:28 下次操作: 2024-05-20 03:20:56

2024-05-20 03:20:56 开始第 9731 次操作

2024-05-20 03:20:56 开始操作号码 【1639638】
2024-05-20 03:21:02 GSD getOne 第 1 次 等待 3 秒
2024-05-20 03:21:05 查询号码 【1639638】，返回信息 {"status":"ok","msg":"-","gid":"694055","time_insert":"2023-05-06 01:10"}
2024-05-20 03:21:05 查询号码 【1639638】，GSD为【"-"】
2024-05-20 03:21:05 ok && -
2024-05-20 03:21:07 CHB 1639638?1716146465 第 1 次 等待 3 秒
2024-05-20 03:21:10 CHB 1639638?1716146465 第 1 次 获取到号码【1639638】GSD
2024-05-20 03:21:10 未获取到号码【1639638】GSD，可能号码格式错误
2024-05-20 03:21:10 获取到号码【1639638】的GSD为【-】
2024-05-20 03:21:15 GSD insert 第 1 次 等待 3 秒
2024-05-20 03:21:18 {"status":"bad","gid":"694055","msg":"添加失败！号码【1639638(-|-)】已存在！"}
2024-05-20 03:21:18 随机等待 132 秒，约 2 分钟
2024-05-20 03:21:18 下次操作: 2024-05-20 03:23:30

2024-05-20 03:23:30 开始第 9732 次操作

2024-05-20 03:23:30 开始操作号码 【1639639】
2024-05-20 03:23:35 GSD getOne 第 1 次 等待 3 秒
2024-05-20 03:23:38 查询号码 【1639639】，返回信息 {"status":"ok","msg":"-","gid":"694068","time_insert":"2023-05-06 01:25"}
2024-05-20 03:23:39 查询号码 【1639639】，GSD为【"-"】
2024-05-20 03:23:39 ok && -
2024-05-20 03:23:40 CHB 1639639?1716146619 第 1 次 等待 3 秒
2024-05-20 03:23:43 CHB 1639639?1716146619 第 1 次 获取到号码【1639639】GSD
2024-05-20 03:23:44 未获取到号码【1639639】GSD，可能号码格式错误
2024-05-20 03:23:44 获取到号码【1639639】的GSD为【-】
2024-05-20 03:23:52 GSD insert 第 1 次 等待 3 秒
2024-05-20 03:23:55 {"status":"bad","gid":"694068","msg":"添加失败！号码【1639639(-|-)】已存在！"}

2024-05-20 03:37:27 开始第 9733 次操作

2024-05-20 03:37:27 开始操作号码 【1639640】
2024-05-20 03:37:34 GSD getOne 第 1 次 等待 3 秒
2024-05-20 03:37:37 查询号码 【1639640】，返回信息 {"status":"ok","msg":"-","gid":"694088","time_insert":"2023-05-06 01:44"}
2024-05-20 03:37:37 查询号码 【1639640】，GSD为【"-"】
2024-05-20 03:37:37 ok && -
2024-05-20 03:37:39 CHB 1639640?1716147457 第 1 次 等待 3 秒
2024-05-20 03:37:42 CHB 1639640?1716147457 第 1 次 获取到号码【1639640】GSD
2024-05-20 03:37:42 未获取到号码【1639640】GSD，可能号码格式错误
2024-05-20 03:37:42 获取到号码【1639640】的GSD为【-】
2024-05-20 03:37:49 GSD insert 第 1 次 等待 3 秒
2024-05-20 03:37:52 {"status":"bad","gid":"694088","msg":"添加失败！号码【1639640(-|-)】已存在！"}
2024-05-20 03:37:52 随机等待 120 秒，约 2 分钟
2024-05-20 03:37:52 下次操作: 2024-05-20 03:39:52

2024-05-20 03:39:52 开始第 9734 次操作

2024-05-20 03:39:52 开始操作号码 【1639641】
2024-05-20 03:39:57 GSD getOne 第 1 次 等待 3 秒
2024-05-20 03:40:00 查询号码 【1639641】，返回信息 {"status":"ok","msg":"-","gid":"694105","time_insert":"2023-05-06 02:02"}
2024-05-20 03:40:00 查询号码 【1639641】，GSD为【"-"】
2024-05-20 03:40:00 ok && -
2024-05-20 03:40:02 CHB 1639641?1716147600 第 1 次 等待 3 秒
2024-05-20 03:40:05 CHB 1639641?1716147600 第 1 次 获取到号码【1639641】GSD
2024-05-20 03:40:05 未获取到号码【1639641】GSD，可能号码格式错误
2024-05-20 03:40:05 获取到号码【1639641】的GSD为【-】
2024-05-20 03:40:10 GSD insert 第 1 次 等待 3 秒
2024-05-20 03:40:13 {"status":"bad","gid":"694105","msg":"添加失败！号码【1639641(-|-)】已存在！"}
2024-05-20 03:40:13 随机等待 136 秒，约 2 分钟
2024-05-20 03:40:13 下次操作: 2024-05-20 03:42:29

2024-05-20 03:42:29 开始第 9735 次操作

2024-05-20 03:42:29 开始操作号码 【1639642】
2024-05-20 03:42:35 GSD getOne 第 1 次 等待 3 秒
2024-05-20 03:42:38 查询号码 【1639642】，返回信息 {"status":"ok","msg":"-","gid":"694120","time_insert":"2023-05-06 02:18"}
2024-05-20 03:42:38 查询号码 【1639642】，GSD为【"-"】
2024-05-20 03:42:38 ok && -
2024-05-20 03:42:40 CHB 1639642?1716147758 第 1 次 等待 3 秒
2024-05-20 03:42:43 CHB 1639642?1716147758 第 1 次 获取到号码【1639642】GSD
2024-05-20 03:42:44 未获取到号码【1639642】GSD，可能号码格式错误
2024-05-20 03:42:44 获取到号码【1639642】的GSD为【-】
2024-05-20 03:42:49 GSD insert 第 1 次 等待 3 秒
2024-05-20 03:42:52 {"status":"bad","gid":"694120","msg":"添加失败！号码【1639642(-|-)】已存在！"}
2024-05-20 03:42:52 随机等待 232 秒，约 3 分钟
2024-05-20 03:42:52 下次操作: 2024-05-20 03:46:44

2024-05-20 03:46:44 开始第 9736 次操作

2024-05-20 03:46:44 开始操作号码 【1639643】
2024-05-20 03:46:49 GSD getOne 第 1 次 等待 3 秒
2024-05-20 03:46:52 查询号码 【1639643】，返回信息 {"status":"ok","msg":"-","gid":"694141","time_insert":"2023-05-06 02:38"}
2024-05-20 03:46:52 查询号码 【1639643】，GSD为【"-"】
2024-05-20 03:46:52 ok && -
2024-05-20 03:46:55 CHB 1639643?1716148012 第 1 次 等待 3 秒
2024-05-20 03:46:58 CHB 1639643?1716148012 第 1 次 获取到号码【1639643】GSD
2024-05-20 03:46:58 未获取到号码【1639643】GSD，可能号码格式错误
2024-05-20 03:46:58 获取到号码【1639643】的GSD为【-】
2024-05-20 03:47:03 GSD insert 第 1 次 等待 3 秒
2024-05-20 03:47:06 {"status":"bad","gid":"694141","msg":"添加失败！号码【1639643(-|-)】已存在！"}

2024-05-20 04:18:24 开始第 9737 次操作

2024-05-20 04:18:24 开始操作号码 【1639644】
2024-05-20 04:18:33 GSD getOne 第 1 次 等待 3 秒
2024-05-20 04:18:36 查询号码 【1639644】，返回信息 {"status":"ok","msg":"-","gid":"694158","time_insert":"2023-05-06 02:56"}
2024-05-20 04:18:36 查询号码 【1639644】，GSD为【"-"】
2024-05-20 04:18:36 ok && -
2024-05-20 04:18:38 CHB 1639644?1716149916 第 1 次 等待 3 秒
2024-05-20 04:18:41 CHB 1639644?1716149916 第 1 次 获取到号码【1639644】GSD
2024-05-20 04:18:41 未获取到号码【1639644】GSD，可能号码格式错误
2024-05-20 04:18:41 获取到号码【1639644】的GSD为【-】
2024-05-20 04:18:47 GSD insert 第 1 次 等待 3 秒
2024-05-20 04:18:50 {"status":"bad","gid":"694158","msg":"添加失败！号码【1639644(-|-)】已存在！"}
2024-05-20 04:18:50 随机等待 217 秒，约 3 分钟
2024-05-20 04:18:50 下次操作: 2024-05-20 04:22:27

2024-05-20 04:22:27 开始第 9738 次操作

2024-05-20 04:22:27 开始操作号码 【1639645】
2024-05-20 04:22:32 GSD getOne 第 1 次 等待 3 秒
2024-05-20 04:22:35 查询号码 【1639645】，返回信息 {"status":"ok","msg":"-","gid":"694179","time_insert":"2023-05-06 03:16"}
2024-05-20 04:22:35 查询号码 【1639645】，GSD为【"-"】
2024-05-20 04:22:35 ok && -
2024-05-20 04:22:38 CHB 1639645?1716150155 第 1 次 等待 3 秒
2024-05-20 04:22:41 CHB 1639645?1716150155 第 1 次 获取到号码【1639645】GSD
2024-05-20 04:22:41 未获取到号码【1639645】GSD，可能号码格式错误
2024-05-20 04:22:41 获取到号码【1639645】的GSD为【-】
2024-05-20 04:22:46 GSD insert 第 1 次 等待 3 秒
2024-05-20 04:22:49 {"status":"bad","gid":"694179","msg":"添加失败！号码【1639645(-|-)】已存在！"}
2024-05-20 04:22:49 随机等待 118 秒，约 1 分钟
2024-05-20 04:22:49 下次操作: 2024-05-20 04:24:47

2024-05-20 04:24:47 开始第 9739 次操作

2024-05-20 04:24:47 开始操作号码 【1639646】
2024-05-20 04:24:52 GSD getOne 第 1 次 等待 3 秒
2024-05-20 04:24:55 查询号码 【1639646】，返回信息 {"status":"ok","msg":"-","gid":"694196","time_insert":"2023-05-06 03:35"}
2024-05-20 04:24:55 查询号码 【1639646】，GSD为【"-"】
2024-05-20 04:24:55 ok && -
2024-05-20 04:24:57 CHB 1639646?1716150295 第 1 次 等待 3 秒
2024-05-20 04:25:00 CHB 1639646?1716150295 第 1 次 获取到号码【1639646】GSD
2024-05-20 04:25:00 未获取到号码【1639646】GSD，可能号码格式错误
2024-05-20 04:25:00 获取到号码【1639646】的GSD为【-】
2024-05-20 04:25:05 GSD insert 第 1 次 等待 3 秒
2024-05-20 04:25:08 {"status":"bad","gid":"694196","msg":"添加失败！号码【1639646(-|-)】已存在！"}
2024-05-20 04:25:08 随机等待 209 秒，约 3 分钟
2024-05-20 04:25:08 下次操作: 2024-05-20 04:28:37

2024-05-20 04:28:37 开始第 9740 次操作

2024-05-20 04:28:37 开始操作号码 【1639647】
2024-05-20 04:28:42 GSD getOne 第 1 次 等待 3 秒
2024-05-20 04:28:45 查询号码 【1639647】，返回信息 {"status":"ok","msg":"-","gid":"694216","time_insert":"2023-05-06 03:53"}
2024-05-20 04:28:45 查询号码 【1639647】，GSD为【"-"】
2024-05-20 04:28:45 ok && -
2024-05-20 04:28:47 CHB 1639647?1716150525 第 1 次 等待 3 秒
2024-05-20 04:28:50 CHB 1639647?1716150525 第 1 次 获取到号码【1639647】GSD
2024-05-20 04:28:51 未获取到号码【1639647】GSD，可能号码格式错误
2024-05-20 04:28:51 获取到号码【1639647】的GSD为【-】
2024-05-20 04:28:56 GSD insert 第 1 次 等待 3 秒
2024-05-20 04:28:59 {"status":"bad","gid":"694216","msg":"添加失败！号码【1639647(-|-)】已存在！"}

2024-05-20 04:38:22 开始第 9741 次操作

2024-05-20 04:38:22 开始操作号码 【1639648】
2024-05-20 04:38:27 GSD getOne 第 1 次 等待 3 秒
2024-05-20 04:38:30 查询号码 【1639648】，返回信息 {"status":"ok","msg":"-","gid":"694231","time_insert":"2023-05-06 04:08"}
2024-05-20 04:38:30 查询号码 【1639648】，GSD为【"-"】
2024-05-20 04:38:30 ok && -
2024-05-20 04:38:33 CHB 1639648?1716151110 第 1 次 等待 3 秒
2024-05-20 04:38:36 CHB 1639648?1716151110 第 1 次 获取到号码【1639648】GSD
2024-05-20 04:38:36 未获取到号码【1639648】GSD，可能号码格式错误
2024-05-20 04:38:36 获取到号码【1639648】的GSD为【-】
2024-05-20 04:38:42 GSD insert 第 1 次 等待 3 秒
2024-05-20 04:38:45 {"status":"bad","gid":"694231","msg":"添加失败！号码【1639648(-|-)】已存在！"}
2024-05-20 04:38:45 随机等待 86 秒，约 1 分钟
2024-05-20 04:38:45 下次操作: 2024-05-20 04:40:11

2024-05-20 04:40:11 开始第 9742 次操作

2024-05-20 04:40:11 开始操作号码 【1639649】
2024-05-20 04:40:16 GSD getOne 第 1 次 等待 3 秒
2024-05-20 04:40:19 查询号码 【1639649】，返回信息 {"status":"ok","msg":"-","gid":"694250","time_insert":"2023-05-06 04:27"}
2024-05-20 04:40:19 查询号码 【1639649】，GSD为【"-"】
2024-05-20 04:40:19 ok && -
2024-05-20 04:40:21 CHB 1639649?1716151219 第 1 次 等待 3 秒
2024-05-20 04:40:24 CHB 1639649?1716151219 第 1 次 获取到号码【1639649】GSD
2024-05-20 04:40:24 未获取到号码【1639649】GSD，可能号码格式错误
2024-05-20 04:40:24 获取到号码【1639649】的GSD为【-】
2024-05-20 04:40:29 GSD insert 第 1 次 等待 3 秒
2024-05-20 04:40:32 {"status":"bad","gid":"694250","msg":"添加失败！号码【1639649(-|-)】已存在！"}
2024-05-20 04:40:32 随机等待 118 秒，约 1 分钟
2024-05-20 04:40:32 下次操作: 2024-05-20 04:42:30

2024-05-20 04:42:30 开始第 9743 次操作

2024-05-20 04:42:30 开始操作号码 【1639650】
2024-05-20 04:42:36 GSD getOne 第 1 次 等待 3 秒
2024-05-20 04:42:39 查询号码 【1639650】，返回信息 {"status":"ok","msg":"-","gid":"694267","time_insert":"2023-05-06 04:46"}
2024-05-20 04:42:39 查询号码 【1639650】，GSD为【"-"】
2024-05-20 04:42:39 ok && -
2024-05-20 04:42:41 CHB 1639650?1716151359 第 1 次 等待 3 秒
2024-05-20 04:42:44 CHB 1639650?1716151359 第 1 次 获取到号码【1639650】GSD
2024-05-20 04:42:44 未获取到号码【1639650】GSD，可能号码格式错误
2024-05-20 04:42:44 获取到号码【1639650】的GSD为【-】
2024-05-20 04:42:50 GSD insert 第 1 次 等待 3 秒
2024-05-20 04:42:53 {"status":"bad","gid":"694267","msg":"添加失败！号码【1639650(-|-)】已存在！"}
2024-05-20 04:42:53 随机等待 163 秒，约 2 分钟
2024-05-20 04:42:53 下次操作: 2024-05-20 04:45:36

2024-05-20 04:45:36 开始第 9744 次操作

2024-05-20 04:45:36 开始操作号码 【1639651】
2024-05-20 04:45:45 GSD getOne 第 1 次 等待 3 秒
2024-05-20 04:45:48 查询号码 【1639651】，返回信息 {"status":"ok","msg":"-","gid":"694285","time_insert":"2023-05-06 05:01"}
2024-05-20 04:45:48 查询号码 【1639651】，GSD为【"-"】
2024-05-20 04:45:48 ok && -
2024-05-20 04:45:50 CHB 1639651?1716151548 第 1 次 等待 3 秒
2024-05-20 04:45:53 CHB 1639651?1716151548 第 1 次 获取到号码【1639651】GSD
2024-05-20 04:45:53 未获取到号码【1639651】GSD，可能号码格式错误
2024-05-20 04:45:53 获取到号码【1639651】的GSD为【-】
2024-05-20 04:46:00 GSD insert 第 1 次 等待 3 秒
2024-05-20 04:46:03 {"status":"bad","gid":"694285","msg":"添加失败！号码【1639651(-|-)】已存在！"}

2024-05-20 05:16:12 开始第 9745 次操作

2024-05-20 05:16:12 开始操作号码 【1639652】
2024-05-20 05:16:17 GSD getOne 第 1 次 等待 3 秒
2024-05-20 05:16:20 查询号码 【1639652】，返回信息 {"status":"ok","msg":"-","gid":"694299","time_insert":"2023-05-06 05:17"}
2024-05-20 05:16:20 查询号码 【1639652】，GSD为【"-"】
2024-05-20 05:16:20 ok && -
2024-05-20 05:16:23 CHB 1639652?1716153380 第 1 次 等待 3 秒
2024-05-20 05:16:26 CHB 1639652?1716153380 第 1 次 获取到号码【1639652】GSD
2024-05-20 05:16:26 未获取到号码【1639652】GSD，可能号码格式错误
2024-05-20 05:16:26 获取到号码【1639652】的GSD为【-】
2024-05-20 05:16:31 GSD insert 第 1 次 等待 3 秒
2024-05-20 05:16:34 {"status":"bad","gid":"694299","msg":"添加失败！号码【1639652(-|-)】已存在！"}
2024-05-20 05:16:34 随机等待 149 秒，约 2 分钟
2024-05-20 05:16:34 下次操作: 2024-05-20 05:19:03

2024-05-20 05:19:03 开始第 9746 次操作

2024-05-20 05:19:03 开始操作号码 【1639653】
2024-05-20 05:19:09 GSD getOne 第 1 次 等待 3 秒
2024-05-20 05:19:12 查询号码 【1639653】，返回信息 {"status":"ok","msg":"-","gid":"694311","time_insert":"2023-05-06 05:32"}
2024-05-20 05:19:12 查询号码 【1639653】，GSD为【"-"】
2024-05-20 05:19:12 ok && -
2024-05-20 05:19:15 CHB 1639653?1716153552 第 1 次 等待 3 秒
2024-05-20 05:19:18 CHB 1639653?1716153552 第 1 次 获取到号码【1639653】GSD
2024-05-20 05:19:18 未获取到号码【1639653】GSD，可能号码格式错误
2024-05-20 05:19:18 获取到号码【1639653】的GSD为【-】
2024-05-20 05:19:24 GSD insert 第 1 次 等待 3 秒
2024-05-20 05:19:27 {"status":"bad","gid":"694311","msg":"添加失败！号码【1639653(-|-)】已存在！"}
2024-05-20 05:19:27 随机等待 113 秒，约 1 分钟
2024-05-20 05:19:27 下次操作: 2024-05-20 05:21:20

2024-05-20 05:21:20 开始第 9747 次操作

2024-05-20 05:21:20 开始操作号码 【1639654】
2024-05-20 05:21:26 GSD getOne 第 1 次 等待 3 秒
2024-05-20 05:21:29 查询号码 【1639654】，返回信息 {"status":"ok","msg":"-","gid":"694334","time_insert":"2023-05-06 05:51"}
2024-05-20 05:21:29 查询号码 【1639654】，GSD为【"-"】
2024-05-20 05:21:29 ok && -
2024-05-20 05:21:31 CHB 1639654?1716153689 第 1 次 等待 3 秒
2024-05-20 05:21:34 CHB 1639654?1716153689 第 1 次 获取到号码【1639654】GSD
2024-05-20 05:21:34 未获取到号码【1639654】GSD，可能号码格式错误
2024-05-20 05:21:34 获取到号码【1639654】的GSD为【-】
2024-05-20 05:21:39 GSD insert 第 1 次 等待 3 秒
2024-05-20 05:21:42 {"status":"bad","gid":"694334","msg":"添加失败！号码【1639654(-|-)】已存在！"}
2024-05-20 05:21:42 随机等待 90 秒，约 1 分钟
2024-05-20 05:21:42 下次操作: 2024-05-20 05:23:12

2024-05-20 05:23:12 开始第 9748 次操作

2024-05-20 05:23:12 开始操作号码 【1639655】
2024-05-20 05:23:17 GSD getOne 第 1 次 等待 3 秒
2024-05-20 05:23:20 查询号码 【1639655】，返回信息 {"status":"ok","msg":"-","gid":"694350","time_insert":"2023-05-06 06:08"}
2024-05-20 05:23:20 查询号码 【1639655】，GSD为【"-"】
2024-05-20 05:23:20 ok && -
2024-05-20 05:23:23 CHB 1639655?1716153800 第 1 次 等待 3 秒
2024-05-20 05:23:26 CHB 1639655?1716153800 第 1 次 获取到号码【1639655】GSD
2024-05-20 05:23:26 未获取到号码【1639655】GSD，可能号码格式错误
2024-05-20 05:23:26 获取到号码【1639655】的GSD为【-】
2024-05-20 05:23:31 GSD insert 第 1 次 等待 3 秒
2024-05-20 05:23:34 {"status":"bad","gid":"694350","msg":"添加失败！号码【1639655(-|-)】已存在！"}

