2024-02-23 00:21:01 开始第 5149 次操作

2024-02-23 00:21:01 开始操作号码 【1745067】
2024-02-23 00:21:06 GSD getOne 第 1 次 等待 3 秒
2024-02-23 00:21:09 查询号码 【1745067】，返回信息 {"status":"ok","msg":"-","gid":"210978","time_insert":"2021-07-07 02:55"}
2024-02-23 00:21:09 查询号码 【1745067】，GSD为【"-"】
2024-02-23 00:21:09 ok && -
2024-02-23 00:21:11 CHB 1745067?1708618869 第 1 次 等待 3 秒
2024-02-23 00:21:14 CHB 1745067?1708618869 第 1 次 获取到号码【1745067】GSD
2024-02-23 00:21:14 未获取到号码【1745067】GSD，可能号码格式错误
2024-02-23 00:21:14 获取到号码【1745067】的GSD为【-】
2024-02-23 00:21:18 GSD insert 第 1 次 等待 3 秒
2024-02-23 00:21:22 {"status":"bad","gid":"210978","msg":"添加失败！号码【1745067(-|-)】已存在！"}
2024-02-23 00:21:22 随机等待 80 秒，约 1 分钟
2024-02-23 00:21:22 下次操作: 2024-02-23 00:22:42

2024-02-23 00:22:42 开始第 5150 次操作

2024-02-23 00:22:42 开始操作号码 【1745068】
2024-02-23 00:22:47 GSD getOne 第 1 次 等待 3 秒
2024-02-23 00:22:50 查询号码 【1745068】，返回信息 {"status":"ok","msg":"-","gid":"210984","time_insert":"2021-07-07 02:55"}
2024-02-23 00:22:50 查询号码 【1745068】，GSD为【"-"】
2024-02-23 00:22:50 ok && -
2024-02-23 00:22:53 CHB 1745068?1708618970 第 1 次 等待 3 秒
2024-02-23 00:22:56 CHB 1745068?1708618970 第 1 次 获取到号码【1745068】GSD
2024-02-23 00:22:56 未获取到号码【1745068】GSD，可能号码格式错误
2024-02-23 00:22:56 获取到号码【1745068】的GSD为【-】
2024-02-23 00:23:01 GSD insert 第 1 次 等待 3 秒
2024-02-23 00:23:04 {"status":"bad","gid":"210984","msg":"添加失败！号码【1745068(-|-)】已存在！"}
2024-02-23 00:23:04 随机等待 181 秒，约 3 分钟
2024-02-23 00:23:04 下次操作: 2024-02-23 00:26:05

2024-02-23 00:26:05 开始第 5151 次操作

2024-02-23 00:26:05 开始操作号码 【1745069】
2024-02-23 00:26:09 GSD getOne 第 1 次 等待 3 秒
2024-02-23 00:26:12 查询号码 【1745069】，返回信息 {"status":"ok","msg":"-","gid":"210992","time_insert":"2021-07-07 02:56"}
2024-02-23 00:26:12 查询号码 【1745069】，GSD为【"-"】
2024-02-23 00:26:12 ok && -
2024-02-23 00:26:14 CHB 1745069?1708619172 第 1 次 等待 3 秒
2024-02-23 00:26:17 CHB 1745069?1708619172 第 1 次 获取到号码【1745069】GSD
2024-02-23 00:26:17 未获取到号码【1745069】GSD，可能号码格式错误
2024-02-23 00:26:17 获取到号码【1745069】的GSD为【-】
2024-02-23 00:26:20 GSD insert 第 1 次 等待 3 秒
2024-02-23 00:26:23 {"status":"bad","gid":"210992","msg":"添加失败！号码【1745069(-|-)】已存在！"}
2024-02-23 00:26:23 随机等待 169 秒，约 2 分钟
2024-02-23 00:26:23 下次操作: 2024-02-23 00:29:12

2024-02-23 00:29:12 开始第 5152 次操作

2024-02-23 00:29:12 开始操作号码 【1745070】
2024-02-23 00:29:17 GSD getOne 第 1 次 等待 3 秒
2024-02-23 00:29:20 查询号码 【1745070】，返回信息 {"status":"ok","msg":"-","gid":"210997","time_insert":"2021-07-07 02:56"}
2024-02-23 00:29:20 查询号码 【1745070】，GSD为【"-"】
2024-02-23 00:29:20 ok && -
2024-02-23 00:29:22 CHB 1745070?1708619360 第 1 次 等待 3 秒
2024-02-23 00:29:25 CHB 1745070?1708619360 第 1 次 获取到号码【1745070】GSD
2024-02-23 00:29:25 未获取到号码【1745070】GSD，可能号码格式错误
2024-02-23 00:29:25 获取到号码【1745070】的GSD为【-】
2024-02-23 00:29:29 GSD insert 第 1 次 等待 3 秒
2024-02-23 00:29:32 {"status":"bad","gid":"210997","msg":"添加失败！号码【1745070(-|-)】已存在！"}

2024-02-23 00:38:55 开始第 5153 次操作

2024-02-23 00:38:55 开始操作号码 【1745071】
2024-02-23 00:39:00 GSD getOne 第 1 次 等待 3 秒
2024-02-23 00:39:03 查询号码 【1745071】，返回信息 {"status":"ok","msg":"-","gid":"211007","time_insert":"2021-07-07 02:56"}
2024-02-23 00:39:03 查询号码 【1745071】，GSD为【"-"】
2024-02-23 00:39:03 ok && -
2024-02-23 00:39:06 CHB 1745071?1708619943 第 1 次 等待 3 秒
2024-02-23 00:39:09 CHB 1745071?1708619943 第 1 次 获取到号码【1745071】GSD
2024-02-23 00:39:09 未获取到号码【1745071】GSD，可能号码格式错误
2024-02-23 00:39:09 获取到号码【1745071】的GSD为【-】
2024-02-23 00:39:14 GSD insert 第 1 次 等待 3 秒
2024-02-23 00:39:17 {"status":"bad","gid":"211007","msg":"添加失败！号码【1745071(-|-)】已存在！"}
2024-02-23 00:39:17 随机等待 193 秒，约 3 分钟
2024-02-23 00:39:17 下次操作: 2024-02-23 00:42:30

2024-02-23 00:42:30 开始第 5154 次操作

2024-02-23 00:42:30 开始操作号码 【1745072】
2024-02-23 00:42:34 GSD getOne 第 1 次 等待 3 秒
2024-02-23 00:42:37 查询号码 【1745072】，返回信息 {"status":"ok","msg":"-","gid":"211014","time_insert":"2021-07-07 02:57"}
2024-02-23 00:42:37 查询号码 【1745072】，GSD为【"-"】
2024-02-23 00:42:37 ok && -
2024-02-23 00:42:40 CHB 1745072?1708620157 第 1 次 等待 3 秒
2024-02-23 00:42:43 CHB 1745072?1708620157 第 1 次 获取到号码【1745072】GSD
2024-02-23 00:42:43 未获取到号码【1745072】GSD，可能号码格式错误
2024-02-23 00:42:43 获取到号码【1745072】的GSD为【-】
2024-02-23 00:42:47 GSD insert 第 1 次 等待 3 秒
2024-02-23 00:42:50 {"status":"bad","gid":"211014","msg":"添加失败！号码【1745072(-|-)】已存在！"}
2024-02-23 00:42:50 随机等待 195 秒，约 3 分钟
2024-02-23 00:42:50 下次操作: 2024-02-23 00:46:05

2024-02-23 00:46:05 开始第 5155 次操作

2024-02-23 00:46:05 开始操作号码 【1745073】
2024-02-23 00:46:09 GSD getOne 第 1 次 等待 3 秒
2024-02-23 00:46:12 查询号码 【1745073】，返回信息 {"status":"ok","msg":"-","gid":"211021","time_insert":"2021-07-07 02:57"}
2024-02-23 00:46:12 查询号码 【1745073】，GSD为【"-"】
2024-02-23 00:46:12 ok && -
2024-02-23 00:46:14 CHB 1745073?1708620372 第 1 次 等待 3 秒
2024-02-23 00:46:17 CHB 1745073?1708620372 第 1 次 获取到号码【1745073】GSD
2024-02-23 00:46:17 未获取到号码【1745073】GSD，可能号码格式错误
2024-02-23 00:46:17 获取到号码【1745073】的GSD为【-】
2024-02-23 00:46:21 GSD insert 第 1 次 等待 3 秒
2024-02-23 00:46:24 {"status":"bad","gid":"211021","msg":"添加失败！号码【1745073(-|-)】已存在！"}
2024-02-23 00:46:24 随机等待 139 秒，约 2 分钟
2024-02-23 00:46:24 下次操作: 2024-02-23 00:48:43

2024-02-23 00:48:43 开始第 5156 次操作

2024-02-23 00:48:43 开始操作号码 【1745074】
2024-02-23 00:48:47 GSD getOne 第 1 次 等待 3 秒
2024-02-23 00:48:50 查询号码 【1745074】，返回信息 {"status":"ok","msg":"-","gid":"211028","time_insert":"2021-07-07 02:58"}
2024-02-23 00:48:50 查询号码 【1745074】，GSD为【"-"】
2024-02-23 00:48:50 ok && -
2024-02-23 00:48:57 CHB 1745074?1708620530 第 1 次 等待 3 秒
2024-02-23 00:49:00 CHB 1745074?1708620530 第 1 次 获取到号码【1745074】GSD
2024-02-23 00:49:00 未获取到号码【1745074】GSD，可能号码格式错误
2024-02-23 00:49:00 获取到号码【1745074】的GSD为【-】
2024-02-23 00:49:04 GSD insert 第 1 次 等待 3 秒
2024-02-23 00:49:07 {"status":"bad","gid":"211028","msg":"添加失败！号码【1745074(-|-)】已存在！"}

