2024-03-15 00:20:57 开始第 8845 次操作

2024-03-15 00:20:57 开始操作号码 【1748763】
2024-03-15 00:21:05 GSD getOne 第 1 次 等待 3 秒
2024-03-15 00:21:08 查询号码 【1748763】，返回信息 {"status":"ok","msg":"-","gid":"257856","time_insert":"2021-07-12 16:45"}
2024-03-15 00:21:08 查询号码 【1748763】，GSD为【"-"】
2024-03-15 00:21:08 ok && -
2024-03-15 00:21:10 CHB 1748763?1710433268 第 1 次 等待 3 秒
2024-03-15 00:21:13 CHB 1748763?1710433268 第 1 次 获取到号码【1748763】GSD
2024-03-15 00:21:13 未获取到号码【1748763】GSD，可能号码格式错误
2024-03-15 00:21:13 获取到号码【1748763】的GSD为【-】
2024-03-15 00:21:17 GSD insert 第 1 次 等待 3 秒
2024-03-15 00:21:20 {"status":"bad","gid":"257856","msg":"添加失败！号码【1748763(-|-)】已存在！"}
2024-03-15 00:21:20 随机等待 114 秒，约 1 分钟
2024-03-15 00:21:20 下次操作: 2024-03-15 00:23:14

2024-03-15 00:23:15 开始第 8846 次操作

2024-03-15 00:23:15 开始操作号码 【1748764】
2024-03-15 00:23:22 GSD getOne 第 1 次 等待 3 秒
2024-03-15 00:23:25 查询号码 【1748764】，返回信息 {"status":"ok","msg":"-","gid":"257870","time_insert":"2021-07-12 16:45"}
2024-03-15 00:23:25 查询号码 【1748764】，GSD为【"-"】
2024-03-15 00:23:25 ok && -
2024-03-15 00:23:28 CHB 1748764?1710433405 第 1 次 等待 3 秒
2024-03-15 00:23:31 CHB 1748764?1710433405 第 1 次 获取到号码【1748764】GSD
2024-03-15 00:23:31 未获取到号码【1748764】GSD，可能号码格式错误
2024-03-15 00:23:31 获取到号码【1748764】的GSD为【-】
2024-03-15 00:23:36 GSD insert 第 1 次 等待 3 秒
2024-03-15 00:23:39 {"status":"bad","gid":"257870","msg":"添加失败！号码【1748764(-|-)】已存在！"}
2024-03-15 00:23:39 随机等待 162 秒，约 2 分钟
2024-03-15 00:23:39 下次操作: 2024-03-15 00:26:21

2024-03-15 00:26:21 开始第 8847 次操作

2024-03-15 00:26:21 开始操作号码 【1748765】
2024-03-15 00:26:27 GSD getOne 第 1 次 等待 3 秒
2024-03-15 00:26:30 查询号码 【1748765】，返回信息 {"status":"ok","msg":"-","gid":"257879","time_insert":"2021-07-12 16:46"}
2024-03-15 00:26:30 查询号码 【1748765】，GSD为【"-"】
2024-03-15 00:26:30 ok && -
2024-03-15 00:26:32 CHB 1748765?1710433590 第 1 次 等待 3 秒
2024-03-15 00:26:35 CHB 1748765?1710433590 第 1 次 获取到号码【1748765】GSD
2024-03-15 00:26:35 未获取到号码【1748765】GSD，可能号码格式错误
2024-03-15 00:26:35 获取到号码【1748765】的GSD为【-】
2024-03-15 00:26:43 GSD insert 第 1 次 等待 3 秒
2024-03-15 00:26:46 {"status":"bad","gid":"257879","msg":"添加失败！号码【1748765(-|-)】已存在！"}
2024-03-15 00:26:46 随机等待 97 秒，约 1 分钟
2024-03-15 00:26:46 下次操作: 2024-03-15 00:28:23

2024-03-15 00:28:23 开始第 8848 次操作

2024-03-15 00:28:23 开始操作号码 【1748766】
2024-03-15 00:28:28 GSD getOne 第 1 次 等待 3 秒
2024-03-15 00:28:31 查询号码 【1748766】，返回信息 {"status":"ok","msg":"-","gid":"257889","time_insert":"2021-07-12 16:46"}
2024-03-15 00:28:31 查询号码 【1748766】，GSD为【"-"】
2024-03-15 00:28:31 ok && -
2024-03-15 00:28:33 CHB 1748766?1710433711 第 1 次 等待 3 秒
2024-03-15 00:28:36 CHB 1748766?1710433711 第 1 次 获取到号码【1748766】GSD
2024-03-15 00:28:36 未获取到号码【1748766】GSD，可能号码格式错误
2024-03-15 00:28:36 获取到号码【1748766】的GSD为【-】
2024-03-15 00:28:41 GSD insert 第 1 次 等待 3 秒
2024-03-15 00:28:44 {"status":"bad","gid":"257889","msg":"添加失败！号码【1748766(-|-)】已存在！"}

