2024-02-10 00:19:52 开始第 2829 次操作

2024-02-10 00:19:52 开始操作号码 【1742747】
2024-02-10 00:19:58 GSD getOne 第 1 次 等待 3 秒
2024-02-10 00:20:01 查询号码 【1742747】，返回信息 {"status":"ok","msg":"-","gid":"180842","time_insert":"2021-07-03 11:03"}
2024-02-10 00:20:01 查询号码 【1742747】，GSD为【"-"】
2024-02-10 00:20:01 ok && -
2024-02-10 00:20:03 CHB 1742747?1707495601 第 1 次 等待 3 秒
2024-02-10 00:20:06 CHB 1742747?1707495601 第 1 次 获取到号码【1742747】GSD
2024-02-10 00:20:06 未获取到号码【1742747】GSD，可能号码格式错误
2024-02-10 00:20:06 获取到号码【1742747】的GSD为【-】
2024-02-10 00:20:11 GSD insert 第 1 次 等待 3 秒
2024-02-10 00:20:14 {"status":"bad","gid":"180842","msg":"添加失败！号码【1742747(-|-)】已存在！"}
2024-02-10 00:20:14 随机等待 130 秒，约 2 分钟
2024-02-10 00:20:14 下次操作: 2024-02-10 00:22:24

2024-02-10 00:22:24 开始第 2830 次操作

2024-02-10 00:22:24 开始操作号码 【1742748】
2024-02-10 00:22:30 GSD getOne 第 1 次 等待 3 秒
2024-02-10 00:22:33 查询号码 【1742748】，返回信息 {"status":"ok","msg":"-","gid":"180846","time_insert":"2021-07-03 11:04"}
2024-02-10 00:22:33 查询号码 【1742748】，GSD为【"-"】
2024-02-10 00:22:33 ok && -
2024-02-10 00:22:35 CHB 1742748?1707495753 第 1 次 等待 3 秒
2024-02-10 00:22:38 CHB 1742748?1707495753 第 1 次 获取到号码【1742748】GSD
2024-02-10 00:22:38 未获取到号码【1742748】GSD，可能号码格式错误
2024-02-10 00:22:38 获取到号码【1742748】的GSD为【-】
2024-02-10 00:22:43 GSD insert 第 1 次 等待 3 秒
2024-02-10 00:22:46 {"status":"bad","gid":"180846","msg":"添加失败！号码【1742748(-|-)】已存在！"}
2024-02-10 00:22:46 随机等待 106 秒，约 1 分钟
2024-02-10 00:22:46 下次操作: 2024-02-10 00:24:32

2024-02-10 00:24:32 开始第 2831 次操作

2024-02-10 00:24:32 开始操作号码 【1742749】
2024-02-10 00:24:36 GSD getOne 第 1 次 等待 3 秒
2024-02-10 00:24:39 查询号码 【1742749】，返回信息 {"status":"ok","msg":"-","gid":"180850","time_insert":"2021-07-03 11:05"}
2024-02-10 00:24:39 查询号码 【1742749】，GSD为【"-"】
2024-02-10 00:24:39 ok && -
2024-02-10 00:24:41 CHB 1742749?1707495879 第 1 次 等待 3 秒
2024-02-10 00:24:44 CHB 1742749?1707495879 第 1 次 获取到号码【1742749】GSD
2024-02-10 00:24:45 未获取到号码【1742749】GSD，可能号码格式错误
2024-02-10 00:24:45 获取到号码【1742749】的GSD为【-】
2024-02-10 00:24:49 GSD insert 第 1 次 等待 3 秒
2024-02-10 00:24:52 {"status":"bad","gid":"180850","msg":"添加失败！号码【1742749(-|-)】已存在！"}
2024-02-10 00:24:52 随机等待 190 秒，约 3 分钟
2024-02-10 00:24:52 下次操作: 2024-02-10 00:28:02

2024-02-10 00:28:02 开始第 2832 次操作

2024-02-10 00:28:02 开始操作号码 【1742750】
2024-02-10 00:28:06 GSD getOne 第 1 次 等待 3 秒
2024-02-10 00:28:09 查询号码 【1742750】，返回信息 {"status":"ok","msg":"-","gid":"180852","time_insert":"2021-07-03 11:05"}
2024-02-10 00:28:09 查询号码 【1742750】，GSD为【"-"】
2024-02-10 00:28:09 ok && -
2024-02-10 00:28:11 CHB 1742750?1707496089 第 1 次 等待 3 秒
2024-02-10 00:28:14 CHB 1742750?1707496089 第 1 次 获取到号码【1742750】GSD
2024-02-10 00:28:14 未获取到号码【1742750】GSD，可能号码格式错误
2024-02-10 00:28:14 获取到号码【1742750】的GSD为【-】
2024-02-10 00:28:19 GSD insert 第 1 次 等待 3 秒
2024-02-10 00:28:22 {"status":"bad","gid":"180852","msg":"添加失败！号码【1742750(-|-)】已存在！"}

2024-02-10 00:38:24 开始第 2833 次操作

2024-02-10 00:38:24 开始操作号码 【1742751】
2024-02-10 00:38:29 GSD getOne 第 1 次 等待 3 秒
2024-02-10 00:38:32 查询号码 【1742751】，返回信息 {"status":"ok","msg":"-","gid":"180856","time_insert":"2021-07-03 11:06"}
2024-02-10 00:38:32 查询号码 【1742751】，GSD为【"-"】
2024-02-10 00:38:32 ok && -
2024-02-10 00:38:35 CHB 1742751?1707496712 第 1 次 等待 3 秒
2024-02-10 00:38:38 CHB 1742751?1707496712 第 1 次 获取到号码【1742751】GSD
2024-02-10 00:38:38 未获取到号码【1742751】GSD，可能号码格式错误
2024-02-10 00:38:38 获取到号码【1742751】的GSD为【-】
2024-02-10 00:38:42 GSD insert 第 1 次 等待 3 秒
2024-02-10 00:38:45 {"status":"bad","gid":"180856","msg":"添加失败！号码【1742751(-|-)】已存在！"}
2024-02-10 00:38:45 随机等待 143 秒，约 2 分钟
2024-02-10 00:38:45 下次操作: 2024-02-10 00:41:08

2024-02-10 00:41:08 开始第 2834 次操作

2024-02-10 00:41:08 开始操作号码 【1742752】
2024-02-10 00:41:12 GSD getOne 第 1 次 等待 3 秒
2024-02-10 00:41:15 查询号码 【1742752】，返回信息 {"status":"ok","msg":"-","gid":"180859","time_insert":"2021-07-03 11:07"}
2024-02-10 00:41:15 查询号码 【1742752】，GSD为【"-"】
2024-02-10 00:41:15 ok && -
2024-02-10 00:41:17 CHB 1742752?1707496875 第 1 次 等待 3 秒
2024-02-10 00:41:20 CHB 1742752?1707496875 第 1 次 获取到号码【1742752】GSD
2024-02-10 00:41:20 未获取到号码【1742752】GSD，可能号码格式错误
2024-02-10 00:41:20 获取到号码【1742752】的GSD为【-】
2024-02-10 00:41:24 GSD insert 第 1 次 等待 3 秒
2024-02-10 00:41:27 {"status":"bad","gid":"180859","msg":"添加失败！号码【1742752(-|-)】已存在！"}
2024-02-10 00:41:27 随机等待 203 秒，约 3 分钟
2024-02-10 00:41:27 下次操作: 2024-02-10 00:44:50

2024-02-10 00:44:50 开始第 2835 次操作

2024-02-10 00:44:50 开始操作号码 【1742753】
2024-02-10 00:44:55 GSD getOne 第 1 次 等待 3 秒
2024-02-10 00:44:58 查询号码 【1742753】，返回信息 {"status":"ok","msg":"-","gid":"180863","time_insert":"2021-07-03 11:08"}
2024-02-10 00:44:58 查询号码 【1742753】，GSD为【"-"】
2024-02-10 00:44:58 ok && -
2024-02-10 00:45:00 CHB 1742753?1707497098 第 1 次 等待 3 秒
2024-02-10 00:45:03 CHB 1742753?1707497098 第 1 次 获取到号码【1742753】GSD
2024-02-10 00:45:03 未获取到号码【1742753】GSD，可能号码格式错误
2024-02-10 00:45:03 获取到号码【1742753】的GSD为【-】
2024-02-10 00:45:07 GSD insert 第 1 次 等待 3 秒
2024-02-10 00:45:10 {"status":"bad","gid":"180863","msg":"添加失败！号码【1742753(-|-)】已存在！"}
2024-02-10 00:45:10 随机等待 143 秒，约 2 分钟
2024-02-10 00:45:10 下次操作: 2024-02-10 00:47:33

2024-02-10 00:47:33 开始第 2836 次操作

2024-02-10 00:47:33 开始操作号码 【1742754】
2024-02-10 00:47:37 GSD getOne 第 1 次 等待 3 秒
2024-02-10 00:47:40 查询号码 【1742754】，返回信息 {"status":"ok","msg":"-","gid":"180866","time_insert":"2021-07-03 11:08"}
2024-02-10 00:47:40 查询号码 【1742754】，GSD为【"-"】
2024-02-10 00:47:40 ok && -
2024-02-10 00:47:42 CHB 1742754?1707497260 第 1 次 等待 3 秒
2024-02-10 00:47:45 CHB 1742754?1707497260 第 1 次 获取到号码【1742754】GSD
2024-02-10 00:47:45 未获取到号码【1742754】GSD，可能号码格式错误
2024-02-10 00:47:45 获取到号码【1742754】的GSD为【-】
2024-02-10 00:47:50 GSD insert 第 1 次 等待 3 秒
2024-02-10 00:47:53 {"status":"bad","gid":"180866","msg":"添加失败！号码【1742754(-|-)】已存在！"}

