2024-03-26 00:20:57 开始第 165 次操作

2024-03-26 00:20:57 开始操作号码 【1630084】
2024-03-26 00:21:02 GSD getOne 第 1 次 等待 3 秒
2024-03-26 00:21:05 查询号码 【1630084】，返回信息 {"status":"ok","msg":"-","gid":"522271","time_insert":"2023-02-09 00:40"}
2024-03-26 00:21:05 查询号码 【1630084】，GSD为【"-"】
2024-03-26 00:21:05 ok && -
2024-03-26 00:21:07 CHB 1630084?1711383665 第 1 次 等待 3 秒
2024-03-26 00:21:10 CHB 1630084?1711383665 第 1 次 获取到号码【1630084】GSD
2024-03-26 00:21:10 未获取到号码【1630084】GSD，可能号码格式错误
2024-03-26 00:21:10 获取到号码【1630084】的GSD为【-】
2024-03-26 00:21:15 GSD insert 第 1 次 等待 3 秒
2024-03-26 00:21:18 {"status":"bad","gid":"522271","msg":"添加失败！号码【1630084(-|-)】已存在！"}
2024-03-26 00:21:18 随机等待 139 秒，约 2 分钟
2024-03-26 00:21:18 下次操作: 2024-03-26 00:23:37

2024-03-26 00:23:37 开始第 166 次操作

2024-03-26 00:23:37 开始操作号码 【1630085】
2024-03-26 00:23:42 GSD getOne 第 1 次 等待 3 秒
2024-03-26 00:23:45 查询号码 【1630085】，返回信息 {"status":"ok","msg":"-","gid":"522278","time_insert":"2023-02-09 00:50"}
2024-03-26 00:23:45 查询号码 【1630085】，GSD为【"-"】
2024-03-26 00:23:45 ok && -
2024-03-26 00:23:47 CHB 1630085?1711383825 第 1 次 等待 3 秒
2024-03-26 00:23:50 CHB 1630085?1711383825 第 1 次 获取到号码【1630085】GSD
2024-03-26 00:23:50 未获取到号码【1630085】GSD，可能号码格式错误
2024-03-26 00:23:50 获取到号码【1630085】的GSD为【-】
2024-03-26 00:23:55 GSD insert 第 1 次 等待 3 秒
2024-03-26 00:23:58 {"status":"bad","gid":"522278","msg":"添加失败！号码【1630085(-|-)】已存在！"}
2024-03-26 00:23:58 随机等待 94 秒，约 1 分钟
2024-03-26 00:23:58 下次操作: 2024-03-26 00:25:32

2024-03-26 00:25:32 开始第 167 次操作

2024-03-26 00:25:32 开始操作号码 【1630086】
2024-03-26 00:25:37 GSD getOne 第 1 次 等待 3 秒
2024-03-26 00:25:40 查询号码 【1630086】，返回信息 {"status":"ok","msg":"-","gid":"522290","time_insert":"2023-02-09 00:59"}
2024-03-26 00:25:40 查询号码 【1630086】，GSD为【"-"】
2024-03-26 00:25:40 ok && -
2024-03-26 00:25:42 CHB 1630086?1711383940 第 1 次 等待 3 秒
2024-03-26 00:25:45 CHB 1630086?1711383940 第 1 次 获取到号码【1630086】GSD
2024-03-26 00:25:45 未获取到号码【1630086】GSD，可能号码格式错误
2024-03-26 00:25:45 获取到号码【1630086】的GSD为【-】
2024-03-26 00:25:50 GSD insert 第 1 次 等待 3 秒
2024-03-26 00:25:53 {"status":"bad","gid":"522290","msg":"添加失败！号码【1630086(-|-)】已存在！"}
2024-03-26 00:25:53 随机等待 84 秒，约 1 分钟
2024-03-26 00:25:53 下次操作: 2024-03-26 00:27:17

2024-03-26 00:27:17 开始第 168 次操作

2024-03-26 00:27:17 开始操作号码 【1630087】
2024-03-26 00:27:23 GSD getOne 第 1 次 等待 3 秒
2024-03-26 00:27:26 查询号码 【1630087】，返回信息 {"status":"ok","msg":"-","gid":"522301","time_insert":"2023-02-09 01:07"}
2024-03-26 00:27:26 查询号码 【1630087】，GSD为【"-"】
2024-03-26 00:27:26 ok && -
2024-03-26 00:27:28 CHB 1630087?1711384046 第 1 次 等待 3 秒
2024-03-26 00:27:31 CHB 1630087?1711384046 第 1 次 获取到号码【1630087】GSD
2024-03-26 00:27:31 未获取到号码【1630087】GSD，可能号码格式错误
2024-03-26 00:27:31 获取到号码【1630087】的GSD为【-】
2024-03-26 00:27:36 GSD insert 第 1 次 等待 3 秒
2024-03-26 00:27:39 {"status":"bad","gid":"522301","msg":"添加失败！号码【1630087(-|-)】已存在！"}

