2024-01-13 00:22:39 开始第 8325 次操作

2024-01-13 00:22:39 开始操作号码 【1858244】
2024-01-13 00:22:43 GSD getOne 第 1 次 等待 3 秒
2024-01-13 00:22:46 查询号码 【1858244】，返回信息 {"status":"ok","msg":"四川-宜宾","gid":"421567","time_insert":"2021-07-28 05:51"}
2024-01-13 00:22:46 查询号码 【1858244】，GSD为【"四川-宜宾"】

2024-01-13 00:22:47 开始第 8326 次操作

2024-01-13 00:22:47 开始操作号码 【1858245】
2024-01-13 00:22:50 GSD getOne 第 1 次 等待 3 秒
2024-01-13 00:22:53 查询号码 【1858245】，返回信息 {"status":"ok","msg":"四川-成都","gid":"40173","time_insert":"2014-09-23 20:57","time_update":"2020-11-10 19:38"}
2024-01-13 00:22:53 查询号码 【1858245】，GSD为【"四川-成都"】

2024-01-13 00:22:54 开始第 8327 次操作

2024-01-13 00:22:54 开始操作号码 【1858246】
2024-01-13 00:22:57 GSD getOne 第 1 次 等待 3 秒
2024-01-13 00:23:00 查询号码 【1858246】，返回信息 {"status":"ok","msg":"四川-成都","gid":"40174","time_insert":"2020-03-15 17:00","time_update":"2020-11-10 19:43"}
2024-01-13 00:23:00 查询号码 【1858246】，GSD为【"四川-成都"】

2024-01-13 00:23:01 开始第 8328 次操作

2024-01-13 00:23:01 开始操作号码 【1858247】
2024-01-13 00:23:05 GSD getOne 第 1 次 等待 3 秒
2024-01-13 00:23:08 查询号码 【1858247】，返回信息 {"status":"ok","msg":"四川-成都","gid":"421554","time_insert":"2021-07-28 05:50","time_update":"2021-08-05 19:08"}
2024-01-13 00:23:08 查询号码 【1858247】，GSD为【"四川-成都"】

2024-01-13 00:41:09 开始第 8329 次操作

2024-01-13 00:41:09 开始操作号码 【1858248】
2024-01-13 00:41:13 GSD getOne 第 1 次 等待 3 秒
2024-01-13 00:41:16 查询号码 【1858248】，返回信息 {"status":"ok","msg":"四川-成都","gid":"40175","time_insert":"2018-01-15 12:29","time_update":"2020-11-10 19:46"}
2024-01-13 00:41:16 查询号码 【1858248】，GSD为【"四川-成都"】

2024-01-13 00:41:17 开始第 8330 次操作

2024-01-13 00:41:17 开始操作号码 【1858249】
2024-01-13 00:41:25 GSD getOne 第 1 次 等待 3 秒
2024-01-13 00:41:28 查询号码 【1858249】，返回信息 {"status":"ok","msg":"四川-成都","gid":"40176","time_insert":"2019-01-30 14:58","time_update":"2020-11-10 19:47"}
2024-01-13 00:41:28 查询号码 【1858249】，GSD为【"四川-成都"】

2024-01-13 00:41:29 开始第 8331 次操作

2024-01-13 00:41:29 开始操作号码 【1858250】
2024-01-13 00:41:32 GSD getOne 第 1 次 等待 3 秒
2024-01-13 00:41:35 查询号码 【1858250】，返回信息 {"status":"ok","msg":"四川-遂宁","gid":"40177","time_insert":"2016-08-23 20:31","time_update":"2020-11-10 19:50"}
2024-01-13 00:41:35 查询号码 【1858250】，GSD为【"四川-遂宁"】

2024-01-13 00:41:37 开始第 8332 次操作

2024-01-13 00:41:37 开始操作号码 【1858251】
2024-01-13 00:41:44 GSD getOne 第 1 次 等待 3 秒
2024-01-13 00:41:47 查询号码 【1858251】，返回信息 {"status":"ok","msg":"四川-成都","gid":"421539","time_insert":"2021-07-28 05:49"}
2024-01-13 00:41:47 查询号码 【1858251】，GSD为【"四川-成都"】

