2021-07-31 00:00:13 开始第 15 次操作

2021-07-31 00:00:13 开始操作号码 【1812434】
2021-07-31 00:00:16 GSD getOne 第 1 次 等待 3 秒
2021-07-31 00:00:19 查询号码 【1812434】，返回信息 {"status":"bad","msg":""}
2021-07-31 00:00:19 查询号码 【1812434】，GSD为【""】
2021-07-31 00:00:19 bad
2021-07-31 00:00:21 CHB 1812434?1627660819 第 1 次 等待 3 秒
2021-07-31 00:00:24 CHB 1812434?1627660819 第 1 次 获取到号码【1812434】GSD
2021-07-31 00:00:24 获取到号码【1812434】的GSD为【广东-东莞】
2021-07-31 00:00:27 GSD insert 第 1 次 等待 3 秒
2021-07-31 00:00:30 {"status":"ok","gid":449840,"msg":"添加成功！"}
2021-07-31 00:00:30 下次操作: 2021-07-31 00:00:43

2021-07-31 00:00:43 开始第 16 次操作

2021-07-31 00:00:43 开始操作号码 【1812433】
2021-07-31 00:00:46 GSD getOne 第 1 次 等待 3 秒
2021-07-31 00:00:49 查询号码 【1812433】，返回信息 {"status":"bad","msg":""}
2021-07-31 00:00:49 查询号码 【1812433】，GSD为【""】
2021-07-31 00:00:49 bad
2021-07-31 00:00:51 CHB 1812433?1627660849 第 1 次 等待 3 秒
2021-07-31 00:00:54 CHB 1812433?1627660849 第 1 次 获取到号码【1812433】GSD
2021-07-31 00:00:54 获取到号码【1812433】的GSD为【广东-东莞】
2021-07-31 00:00:57 GSD insert 第 1 次 等待 3 秒
2021-07-31 00:01:00 {"status":"ok","gid":449851,"msg":"添加成功！"}
2021-07-31 00:01:00 下次操作: 2021-07-31 00:01:20

2021-07-31 00:01:20 开始第 17 次操作

2021-07-31 00:01:20 开始操作号码 【1812432】
2021-07-31 00:01:24 GSD getOne 第 1 次 等待 3 秒
2021-07-31 00:01:27 查询号码 【1812432】，返回信息 {"status":"bad","msg":""}
2021-07-31 00:01:27 查询号码 【1812432】，GSD为【""】
2021-07-31 00:01:27 bad
2021-07-31 00:01:28 CHB 1812432?1627660887 第 1 次 等待 3 秒
2021-07-31 00:01:31 CHB 1812432?1627660887 第 1 次 获取到号码【1812432】GSD
2021-07-31 00:01:31 获取到号码【1812432】的GSD为【广东-东莞】
2021-07-31 00:01:34 GSD insert 第 1 次 等待 3 秒
2021-07-31 00:01:37 {"status":"ok","gid":449860,"msg":"添加成功！"}
2021-07-31 00:01:37 下次操作: 2021-07-31 00:01:54

2021-07-31 00:01:54 开始第 18 次操作

2021-07-31 00:01:54 开始操作号码 【1812431】
2021-07-31 00:01:59 GSD getOne 第 1 次 等待 3 秒
2021-07-31 00:02:02 查询号码 【1812431】，返回信息 {"status":"bad","msg":""}
2021-07-31 00:02:02 查询号码 【1812431】，GSD为【""】
2021-07-31 00:02:02 bad
2021-07-31 00:02:03 CHB 1812431?1627660922 第 1 次 等待 3 秒
2021-07-31 00:02:06 CHB 1812431?1627660922 第 1 次 获取到号码【1812431】GSD
2021-07-31 00:02:06 获取到号码【1812431】的GSD为【广东-东莞】
2021-07-31 00:02:10 GSD insert 第 1 次 等待 3 秒
2021-07-31 00:02:13 {"status":"ok","gid":449872,"msg":"添加成功！"}
2021-07-31 00:02:13 下次操作: 2021-07-31 00:02:30

2021-07-31 00:02:30 开始第 19 次操作

2021-07-31 00:02:30 开始操作号码 【1812430】
2021-07-31 00:02:33 GSD getOne 第 1 次 等待 3 秒
2021-07-31 00:02:36 查询号码 【1812430】，返回信息 {"status":"bad","msg":""}
2021-07-31 00:02:36 查询号码 【1812430】，GSD为【""】
2021-07-31 00:02:36 bad
2021-07-31 00:02:38 CHB 1812430?1627660956 第 1 次 等待 3 秒
2021-07-31 00:02:41 CHB 1812430?1627660956 第 1 次 获取到号码【1812430】GSD
2021-07-31 00:02:41 获取到号码【1812430】的GSD为【广东-东莞】
2021-07-31 00:02:44 GSD insert 第 1 次 等待 3 秒
2021-07-31 00:02:47 {"status":"ok","gid":449880,"msg":"添加成功！"}
2021-07-31 00:02:47 下次操作: 2021-07-31 00:02:59

2021-07-31 00:02:59 开始第 20 次操作

2021-07-31 00:02:59 开始操作号码 【1812429】
2021-07-31 00:03:02 GSD getOne 第 1 次 等待 3 秒
2021-07-31 00:03:05 查询号码 【1812429】，返回信息 {"status":"bad","msg":""}
2021-07-31 00:03:05 查询号码 【1812429】，GSD为【""】
2021-07-31 00:03:05 bad
2021-07-31 00:03:07 CHB 1812429?1627660985 第 1 次 等待 3 秒
2021-07-31 00:03:10 CHB 1812429?1627660985 第 1 次 获取到号码【1812429】GSD
2021-07-31 00:03:10 获取到号码【1812429】的GSD为【广东-广州】
2021-07-31 00:03:19 GSD insert 第 1 次 等待 3 秒
2021-07-31 00:03:22 {"status":"ok","gid":449890,"msg":"添加成功！"}
2021-07-31 00:03:22 下次操作: 2021-07-31 00:03:36

2021-07-31 00:03:36 开始第 21 次操作

2021-07-31 00:03:36 开始操作号码 【1812428】
2021-07-31 00:03:39 GSD getOne 第 1 次 等待 3 秒
2021-07-31 00:03:42 查询号码 【1812428】，返回信息 {"status":"bad","msg":""}
2021-07-31 00:03:42 查询号码 【1812428】，GSD为【""】
2021-07-31 00:03:42 bad
2021-07-31 00:03:44 CHB 1812428?1627661022 第 1 次 等待 3 秒
2021-07-31 00:03:47 CHB 1812428?1627661022 第 1 次 获取到号码【1812428】GSD
2021-07-31 00:03:47 获取到号码【1812428】的GSD为【广东-广州】
2021-07-31 00:03:50 GSD insert 第 1 次 等待 3 秒
2021-07-31 00:03:53 {"status":"ok","gid":449899,"msg":"添加成功！"}
2021-07-31 00:03:53 下次操作: 2021-07-31 00:04:17

2021-07-31 00:04:17 开始第 22 次操作

2021-07-31 00:04:17 开始操作号码 【1812427】
2021-07-31 00:04:20 GSD getOne 第 1 次 等待 3 秒
2021-07-31 00:04:23 查询号码 【1812427】，返回信息 {"status":"bad","msg":""}
2021-07-31 00:04:23 查询号码 【1812427】，GSD为【""】
2021-07-31 00:04:23 bad
2021-07-31 00:04:25 CHB 1812427?1627661063 第 1 次 等待 3 秒
2021-07-31 00:04:28 CHB 1812427?1627661063 第 1 次 获取到号码【1812427】GSD
2021-07-31 00:04:28 获取到号码【1812427】的GSD为【广东-广州】
2021-07-31 00:04:38 GSD insert 第 1 次 等待 3 秒
2021-07-31 00:04:41 {"status":"ok","gid":449910,"msg":"添加成功！"}
2021-07-31 00:04:41 下次操作: 2021-07-31 00:04:54

2021-07-31 00:04:54 开始第 23 次操作

2021-07-31 00:04:54 开始操作号码 【1812426】
2021-07-31 00:04:59 GSD getOne 第 1 次 等待 3 秒
2021-07-31 00:05:02 查询号码 【1812426】，返回信息 {"status":"bad","msg":""}
2021-07-31 00:05:02 查询号码 【1812426】，GSD为【""】
2021-07-31 00:05:02 bad
2021-07-31 00:05:04 CHB 1812426?1627661102 第 1 次 等待 3 秒
2021-07-31 00:05:07 CHB 1812426?1627661102 第 1 次 获取到号码【1812426】GSD
2021-07-31 00:05:07 获取到号码【1812426】的GSD为【广东-广州】
2021-07-31 00:05:11 GSD insert 第 1 次 等待 3 秒
2021-07-31 00:05:14 {"status":"ok","gid":449919,"msg":"添加成功！"}
2021-07-31 00:05:14 下次操作: 2021-07-31 00:05:29

2021-07-31 00:05:29 开始第 24 次操作

2021-07-31 00:05:29 开始操作号码 【1812425】
2021-07-31 00:05:39 GSD getOne 第 1 次 等待 3 秒
2021-07-31 00:05:42 查询号码 【1812425】，返回信息 {"status":"ok","msg":"广东-广州","gid":"33492","time_insert":"2019-11-26 18:37","time_update":"2020-10-01 10:13"}
2021-07-31 00:05:42 查询号码 【1812425】，GSD为【"广东-广州"】

2021-07-31 00:05:42 开始第 24 次操作

2021-07-31 00:05:42 开始操作号码 【1812424】
2021-07-31 00:05:45 GSD getOne 第 1 次 等待 3 秒
2021-07-31 00:05:48 查询号码 【1812424】，返回信息 {"status":"bad","msg":""}
2021-07-31 00:05:48 查询号码 【1812424】，GSD为【""】
2021-07-31 00:05:48 bad
2021-07-31 00:05:50 CHB 1812424?1627661148 第 1 次 等待 3 秒
2021-07-31 00:05:53 CHB 1812424?1627661148 第 1 次 获取到号码【1812424】GSD
2021-07-31 00:05:53 获取到号码【1812424】的GSD为【广东-广州】
2021-07-31 00:05:56 GSD insert 第 1 次 等待 3 秒
2021-07-31 00:05:59 {"status":"ok","gid":449931,"msg":"添加成功！"}
2021-07-31 00:05:59 下次操作: 2021-07-31 00:06:15

2021-07-31 00:06:15 开始第 25 次操作

2021-07-31 00:06:15 开始操作号码 【1812423】
2021-07-31 00:06:19 GSD getOne 第 1 次 等待 3 秒
2021-07-31 00:06:22 查询号码 【1812423】，返回信息 {"status":"bad","msg":""}
2021-07-31 00:06:22 查询号码 【1812423】，GSD为【""】
2021-07-31 00:06:22 bad
2021-07-31 00:06:23 CHB 1812423?1627661182 第 1 次 等待 3 秒
2021-07-31 00:06:26 CHB 1812423?1627661182 第 1 次 获取到号码【1812423】GSD
2021-07-31 00:06:26 未获取到号码【1812423】GSD，查号吧 400 错误
2021-07-31 00:06:26 获取到号码【1812423】的GSD为【-】
2021-07-31 00:06:32 GSD insert 第 1 次 等待 3 秒
2021-07-31 00:06:35 {"status":"ok","gid":449942,"msg":"添加成功！"}
2021-07-31 00:06:35 下次操作: 2021-07-31 00:06:52

2021-07-31 00:06:52 开始第 26 次操作

2021-07-31 00:06:52 开始操作号码 【1812422】
2021-07-31 00:06:55 GSD getOne 第 1 次 等待 3 秒
2021-07-31 00:06:58 查询号码 【1812422】，返回信息 {"status":"bad","msg":""}
2021-07-31 00:06:58 查询号码 【1812422】，GSD为【""】
2021-07-31 00:06:58 bad
2021-07-31 00:07:00 CHB 1812422?1627661218 第 1 次 等待 3 秒
2021-07-31 00:07:03 CHB 1812422?1627661218 第 1 次 获取到号码【1812422】GSD
2021-07-31 00:07:03 获取到号码【1812422】的GSD为【广东-广州】
2021-07-31 00:07:06 GSD insert 第 1 次 等待 3 秒
2021-07-31 00:07:09 {"status":"ok","gid":449950,"msg":"添加成功！"}
2021-07-31 00:07:09 下次操作: 2021-07-31 00:07:32

2021-07-31 00:07:32 开始第 27 次操作

2021-07-31 00:07:32 开始操作号码 【1812421】
2021-07-31 00:07:39 GSD getOne 第 1 次 等待 3 秒
2021-07-31 00:07:42 查询号码 【1812421】，返回信息 {"status":"bad","msg":""}
2021-07-31 00:07:42 查询号码 【1812421】，GSD为【""】
2021-07-31 00:07:42 bad
2021-07-31 00:07:44 CHB 1812421?1627661262 第 1 次 等待 3 秒
2021-07-31 00:07:47 CHB 1812421?1627661262 第 1 次 获取到号码【1812421】GSD
2021-07-31 00:07:47 获取到号码【1812421】的GSD为【广东-广州】
2021-07-31 00:07:50 GSD insert 第 1 次 等待 3 秒
2021-07-31 00:07:53 {"status":"ok","gid":449959,"msg":"添加成功！"}
2021-07-31 00:07:53 下次操作: 2021-07-31 00:08:15

2021-07-31 00:08:15 开始第 28 次操作

2021-07-31 00:08:15 开始操作号码 【1812420】
2021-07-31 00:08:18 GSD getOne 第 1 次 等待 3 秒
2021-07-31 00:08:21 查询号码 【1812420】，返回信息 {"status":"bad","msg":""}
2021-07-31 00:08:21 查询号码 【1812420】，GSD为【""】
2021-07-31 00:08:21 bad
2021-07-31 00:08:23 CHB 1812420?1627661301 第 1 次 等待 3 秒
2021-07-31 00:08:26 CHB 1812420?1627661301 第 1 次 获取到号码【1812420】GSD
2021-07-31 00:08:26 获取到号码【1812420】的GSD为【广东-广州】
2021-07-31 00:08:30 GSD insert 第 1 次 等待 3 秒
2021-07-31 00:08:33 {"status":"ok","gid":449970,"msg":"添加成功！"}
2021-07-31 00:08:33 下次操作: 2021-07-31 00:08:47

2021-07-31 00:08:47 开始第 29 次操作

2021-07-31 00:08:47 开始操作号码 【1812419】
2021-07-31 00:08:51 GSD getOne 第 1 次 等待 3 秒
2021-07-31 00:08:54 查询号码 【1812419】，返回信息 {"status":"bad","msg":""}
2021-07-31 00:08:54 查询号码 【1812419】，GSD为【""】
2021-07-31 00:08:54 bad
2021-07-31 00:08:55 CHB 1812419?1627661334 第 1 次 等待 3 秒
2021-07-31 00:08:58 CHB 1812419?1627661334 第 1 次 获取到号码【1812419】GSD
2021-07-31 00:08:58 获取到号码【1812419】的GSD为【广东-深圳】
2021-07-31 00:09:02 GSD insert 第 1 次 等待 3 秒
2021-07-31 00:09:05 {"status":"ok","gid":449981,"msg":"添加成功！"}
2021-07-31 00:09:05 下次操作: 2021-07-31 00:09:17

2021-07-31 00:09:17 开始第 30 次操作

2021-07-31 00:09:17 开始操作号码 【1812418】
2021-07-31 00:09:20 GSD getOne 第 1 次 等待 3 秒
2021-07-31 00:09:23 查询号码 【1812418】，返回信息 {"status":"bad","msg":""}
2021-07-31 00:09:23 查询号码 【1812418】，GSD为【""】
2021-07-31 00:09:23 bad
2021-07-31 00:09:25 CHB 1812418?1627661363 第 1 次 等待 3 秒
2021-07-31 00:09:28 CHB 1812418?1627661363 第 1 次 获取到号码【1812418】GSD
2021-07-31 00:09:28 获取到号码【1812418】的GSD为【广东-深圳】
2021-07-31 00:09:32 GSD insert 第 1 次 等待 3 秒
2021-07-31 00:09:35 {"status":"ok","gid":449986,"msg":"添加成功！"}
2021-07-31 00:09:35 下次操作: 2021-07-31 00:09:47

2021-07-31 00:09:47 开始第 31 次操作

2021-07-31 00:09:47 开始操作号码 【1812417】
2021-07-31 00:09:51 GSD getOne 第 1 次 等待 3 秒
2021-07-31 00:09:54 查询号码 【1812417】，返回信息 {"status":"bad","msg":""}
2021-07-31 00:09:54 查询号码 【1812417】，GSD为【""】
2021-07-31 00:09:54 bad
2021-07-31 00:09:56 CHB 1812417?1627661394 第 1 次 等待 3 秒
2021-07-31 00:09:59 CHB 1812417?1627661394 第 1 次 获取到号码【1812417】GSD
2021-07-31 00:09:59 获取到号码【1812417】的GSD为【广东-深圳】
2021-07-31 00:10:03 GSD insert 第 1 次 等待 3 秒
2021-07-31 00:10:06 {"status":"ok","gid":449995,"msg":"添加成功！"}
2021-07-31 00:10:06 下次操作: 2021-07-31 00:10:18

2021-07-31 00:10:18 开始第 32 次操作

2021-07-31 00:10:18 开始操作号码 【1812416】
2021-07-31 00:10:24 GSD getOne 第 1 次 等待 3 秒
2021-07-31 00:10:27 查询号码 【1812416】，返回信息 {"status":"bad","msg":""}
2021-07-31 00:10:27 查询号码 【1812416】，GSD为【""】
2021-07-31 00:10:27 bad
2021-07-31 00:10:29 CHB 1812416?1627661427 第 1 次 等待 3 秒
2021-07-31 00:10:32 CHB 1812416?1627661427 第 1 次 获取到号码【1812416】GSD
2021-07-31 00:10:32 获取到号码【1812416】的GSD为【广东-深圳】
2021-07-31 00:10:35 GSD insert 第 1 次 等待 3 秒
2021-07-31 00:10:38 {"status":"ok","gid":450003,"msg":"添加成功！"}
2021-07-31 00:10:38 下次操作: 2021-07-31 00:10:57

2021-07-31 00:10:57 开始第 33 次操作

2021-07-31 00:10:57 开始操作号码 【1812415】
2021-07-31 00:11:04 GSD getOne 第 1 次 等待 3 秒
2021-07-31 00:11:07 查询号码 【1812415】，返回信息 {"status":"bad","msg":""}
2021-07-31 00:11:07 查询号码 【1812415】，GSD为【""】
2021-07-31 00:11:07 bad
2021-07-31 00:11:08 CHB 1812415?1627661467 第 1 次 等待 3 秒
2021-07-31 00:11:11 CHB 1812415?1627661467 第 1 次 获取到号码【1812415】GSD
2021-07-31 00:11:11 获取到号码【1812415】的GSD为【广东-深圳】
2021-07-31 00:11:15 GSD insert 第 1 次 等待 3 秒
2021-07-31 00:11:18 {"status":"ok","gid":450012,"msg":"添加成功！"}
2021-07-31 00:11:18 下次操作: 2021-07-31 00:11:34

2021-07-31 00:11:34 开始第 34 次操作

2021-07-31 00:11:34 开始操作号码 【1812414】
2021-07-31 00:11:38 GSD getOne 第 1 次 等待 3 秒
2021-07-31 00:11:41 查询号码 【1812414】，返回信息 {"status":"bad","msg":""}
2021-07-31 00:11:41 查询号码 【1812414】，GSD为【""】
2021-07-31 00:11:41 bad
2021-07-31 00:11:42 CHB 1812414?1627661501 第 1 次 等待 3 秒
2021-07-31 00:11:45 CHB 1812414?1627661501 第 1 次 获取到号码【1812414】GSD
2021-07-31 00:11:45 获取到号码【1812414】的GSD为【广东-深圳】
2021-07-31 00:12:27 GSD insert 第 1 次 等待 3 秒
2021-07-31 00:12:30 {"status":"ok","gid":450031,"msg":"添加成功！"}
2021-07-31 00:12:30 下次操作: 2021-07-31 00:12:47

2021-07-31 00:12:47 开始第 35 次操作

2021-07-31 00:12:47 开始操作号码 【1812413】
2021-07-31 00:12:51 GSD getOne 第 1 次 等待 3 秒
2021-07-31 00:12:54 查询号码 【1812413】，返回信息 {"status":"bad","msg":""}
2021-07-31 00:12:54 查询号码 【1812413】，GSD为【""】
2021-07-31 00:12:54 bad
2021-07-31 00:12:56 CHB 1812413?1627661574 第 1 次 等待 3 秒
2021-07-31 00:12:59 CHB 1812413?1627661574 第 1 次 获取到号码【1812413】GSD
2021-07-31 00:12:59 获取到号码【1812413】的GSD为【广东-深圳】
2021-07-31 00:13:14 GSD insert 第 1 次 等待 3 秒
2021-07-31 00:13:17 {"status":"ok","gid":450041,"msg":"添加成功！"}
2021-07-31 00:13:17 下次操作: 2021-07-31 00:13:32

2021-07-31 00:13:32 开始第 36 次操作

2021-07-31 00:13:32 开始操作号码 【1812412】
2021-07-31 00:13:35 GSD getOne 第 1 次 等待 3 秒
2021-07-31 00:13:38 查询号码 【1812412】，返回信息 {"status":"bad","msg":""}
2021-07-31 00:13:38 查询号码 【1812412】，GSD为【""】
2021-07-31 00:13:38 bad
2021-07-31 00:13:39 CHB 1812412?1627661618 第 1 次 等待 3 秒
2021-07-31 00:13:42 CHB 1812412?1627661618 第 1 次 获取到号码【1812412】GSD
2021-07-31 00:13:42 获取到号码【1812412】的GSD为【广东-深圳】
2021-07-31 00:13:46 GSD insert 第 1 次 等待 3 秒
2021-07-31 00:13:49 {"status":"ok","gid":450050,"msg":"添加成功！"}
2021-07-31 00:13:49 下次操作: 2021-07-31 00:14:01

2021-07-31 00:14:01 开始第 37 次操作

2021-07-31 00:14:01 开始操作号码 【1812411】
2021-07-31 00:14:07 GSD getOne 第 1 次 等待 3 秒
2021-07-31 00:14:10 查询号码 【1812411】，返回信息 {"status":"bad","msg":""}
2021-07-31 00:14:10 查询号码 【1812411】，GSD为【""】
2021-07-31 00:14:10 bad
2021-07-31 00:14:11 CHB 1812411?1627661650 第 1 次 等待 3 秒
2021-07-31 00:14:14 CHB 1812411?1627661650 第 1 次 获取到号码【1812411】GSD
2021-07-31 00:14:14 获取到号码【1812411】的GSD为【广东-深圳】
2021-07-31 00:14:21 GSD insert 第 1 次 等待 3 秒
2021-07-31 00:14:24 {"status":"ok","gid":450059,"msg":"添加成功！"}
2021-07-31 00:14:24 下次操作: 2021-07-31 00:14:45

2021-07-31 00:14:45 开始第 38 次操作

2021-07-31 00:14:45 开始操作号码 【1812410】
2021-07-31 00:15:00 GSD getOne 第 1 次 等待 3 秒
2021-07-31 00:15:03 查询号码 【1812410】，返回信息 {"status":"ok","msg":"广东-深圳","gid":"33491","time_insert":"2018-05-18 23:04","time_update":"2020-10-01 10:08"}
2021-07-31 00:15:03 查询号码 【1812410】，GSD为【"广东-深圳"】

2021-07-31 00:15:03 开始第 38 次操作

2021-07-31 00:15:03 开始操作号码 【1812409】
2021-07-31 00:15:06 GSD getOne 第 1 次 等待 3 秒
2021-07-31 00:15:09 查询号码 【1812409】，返回信息 {"status":"bad","msg":""}
2021-07-31 00:15:09 查询号码 【1812409】，GSD为【""】
2021-07-31 00:15:09 bad
2021-07-31 00:15:11 CHB 1812409?1627661709 第 1 次 等待 3 秒
2021-07-31 00:15:14 CHB 1812409?1627661709 第 1 次 获取到号码【1812409】GSD
2021-07-31 00:15:14 获取到号码【1812409】的GSD为【广东-深圳】
2021-07-31 00:15:19 GSD insert 第 1 次 等待 3 秒
2021-07-31 00:15:22 {"status":"ok","gid":450070,"msg":"添加成功！"}
2021-07-31 00:15:22 下次操作: 2021-07-31 00:15:41

2021-07-31 00:15:41 开始第 39 次操作

2021-07-31 00:15:41 开始操作号码 【1812408】
2021-07-31 00:15:44 GSD getOne 第 1 次 等待 3 秒
2021-07-31 00:15:47 查询号码 【1812408】，返回信息 {"status":"bad","msg":""}
2021-07-31 00:15:47 查询号码 【1812408】，GSD为【""】
2021-07-31 00:15:47 bad
2021-07-31 00:15:48 CHB 1812408?1627661747 第 1 次 等待 3 秒
2021-07-31 00:15:51 CHB 1812408?1627661747 第 1 次 获取到号码【1812408】GSD
2021-07-31 00:15:52 获取到号码【1812408】的GSD为【广东-深圳】
2021-07-31 00:15:58 GSD insert 第 1 次 等待 3 秒
2021-07-31 00:16:01 {"status":"ok","gid":450076,"msg":"添加成功！"}
2021-07-31 00:16:01 下次操作: 2021-07-31 00:16:20

2021-07-31 00:16:20 开始第 40 次操作

2021-07-31 00:16:20 开始操作号码 【1812407】
2021-07-31 00:16:28 GSD getOne 第 1 次 等待 3 秒
2021-07-31 00:16:31 查询号码 【1812407】，返回信息 {"status":"bad","msg":""}
2021-07-31 00:16:31 查询号码 【1812407】，GSD为【""】
2021-07-31 00:16:31 bad
2021-07-31 00:16:32 CHB 1812407?1627661791 第 1 次 等待 3 秒
2021-07-31 00:16:35 CHB 1812407?1627661791 第 1 次 获取到号码【1812407】GSD
2021-07-31 00:16:35 获取到号码【1812407】的GSD为【广东-深圳】
2021-07-31 00:16:38 GSD insert 第 1 次 等待 3 秒
2021-07-31 00:16:41 {"status":"ok","gid":450086,"msg":"添加成功！"}

2021-07-31 01:01:29 开始第 1 次操作

2021-07-31 01:01:29 开始操作号码 【1812406】
2021-07-31 01:01:39 GSD getOne 第 1 次 等待 3 秒
2021-07-31 01:01:42 查询号码 【1812406】，返回信息 {"status":"bad","msg":""}
2021-07-31 01:01:42 查询号码 【1812406】，GSD为【""】
2021-07-31 01:01:42 bad
2021-07-31 01:01:44 CHB 1812406?1627664502 第 1 次 等待 3 秒
2021-07-31 01:01:47 CHB 1812406?1627664502 第 1 次 获取到号码【1812406】GSD
2021-07-31 01:01:47 获取到号码【1812406】的GSD为【广东-深圳】
2021-07-31 01:01:54 GSD insert 第 1 次 等待 3 秒
2021-07-31 01:01:57 {"status":"ok","gid":450235,"msg":"添加成功！"}
2021-07-31 01:01:57 下次操作: 2021-07-31 01:02:15

2021-07-31 01:02:15 开始第 2 次操作

2021-07-31 01:02:15 开始操作号码 【1812405】
2021-07-31 01:02:18 GSD getOne 第 1 次 等待 3 秒
2021-07-31 01:02:21 查询号码 【1812405】，返回信息 {"status":"bad","msg":""}
2021-07-31 01:02:21 查询号码 【1812405】，GSD为【""】
2021-07-31 01:02:21 bad
2021-07-31 01:02:23 CHB 1812405?1627664541 第 1 次 等待 3 秒
2021-07-31 01:02:26 CHB 1812405?1627664541 第 1 次 获取到号码【1812405】GSD
2021-07-31 01:02:26 获取到号码【1812405】的GSD为【广东-深圳】
2021-07-31 01:02:34 GSD insert 第 1 次 等待 3 秒
2021-07-31 01:02:37 {"status":"ok","gid":450242,"msg":"添加成功！"}
2021-07-31 01:02:37 下次操作: 2021-07-31 01:02:57

2021-07-31 01:02:57 开始第 3 次操作

2021-07-31 01:02:57 开始操作号码 【1812404】
2021-07-31 01:03:01 GSD getOne 第 1 次 等待 3 秒
2021-07-31 01:03:04 查询号码 【1812404】，返回信息 {"status":"bad","msg":""}
2021-07-31 01:03:04 查询号码 【1812404】，GSD为【""】
2021-07-31 01:03:04 bad
2021-07-31 01:03:06 CHB 1812404?1627664584 第 1 次 等待 3 秒
2021-07-31 01:03:09 CHB 1812404?1627664584 第 1 次 获取到号码【1812404】GSD
2021-07-31 01:03:09 获取到号码【1812404】的GSD为【广东-深圳】
2021-07-31 01:03:13 GSD insert 第 1 次 等待 3 秒
2021-07-31 01:03:16 {"status":"ok","gid":450249,"msg":"添加成功！"}
2021-07-31 01:03:16 下次操作: 2021-07-31 01:03:28

2021-07-31 01:03:28 开始第 4 次操作

2021-07-31 01:03:28 开始操作号码 【1812403】
2021-07-31 01:03:34 GSD getOne 第 1 次 等待 3 秒
2021-07-31 01:03:37 查询号码 【1812403】，返回信息 {"status":"bad","msg":""}
2021-07-31 01:03:37 查询号码 【1812403】，GSD为【""】
2021-07-31 01:03:37 bad
2021-07-31 01:03:38 CHB 1812403?1627664617 第 1 次 等待 3 秒
2021-07-31 01:03:41 CHB 1812403?1627664617 第 1 次 获取到号码【1812403】GSD
2021-07-31 01:03:41 获取到号码【1812403】的GSD为【广东-深圳】
2021-07-31 01:03:46 GSD insert 第 1 次 等待 3 秒
2021-07-31 01:03:49 {"status":"ok","gid":450257,"msg":"添加成功！"}
2021-07-31 01:03:49 下次操作: 2021-07-31 01:04:09

2021-07-31 01:04:09 开始第 5 次操作

2021-07-31 01:04:09 开始操作号码 【1812402】
2021-07-31 01:04:14 GSD getOne 第 1 次 等待 3 秒
2021-07-31 01:04:17 查询号码 【1812402】，返回信息 {"status":"bad","msg":""}
2021-07-31 01:04:17 查询号码 【1812402】，GSD为【""】
2021-07-31 01:04:17 bad
2021-07-31 01:04:19 CHB 1812402?1627664657 第 1 次 等待 3 秒
2021-07-31 01:04:22 CHB 1812402?1627664657 第 1 次 获取到号码【1812402】GSD
2021-07-31 01:04:22 获取到号码【1812402】的GSD为【广东-深圳】
2021-07-31 01:04:27 GSD insert 第 1 次 等待 3 秒
2021-07-31 01:04:30 {"status":"ok","gid":450268,"msg":"添加成功！"}
2021-07-31 01:04:30 下次操作: 2021-07-31 01:04:42

2021-07-31 01:04:42 开始第 6 次操作

2021-07-31 01:04:42 开始操作号码 【1812401】
2021-07-31 01:05:07 GSD getOne 第 1 次 等待 3 秒
2021-07-31 01:05:10 查询号码 【1812401】，返回信息 {"status":"ok","msg":"广东-深圳","gid":"33490","time_insert":"2018-05-23 15:58","time_update":"2020-10-01 10:05"}
2021-07-31 01:05:10 查询号码 【1812401】，GSD为【"广东-深圳"】

2021-07-31 01:05:10 开始第 6 次操作

2021-07-31 01:05:10 开始操作号码 【1812400】
2021-07-31 01:05:17 GSD getOne 第 1 次 等待 3 秒
2021-07-31 01:05:20 查询号码 【1812400】，返回信息 {"status":"bad","msg":""}
2021-07-31 01:05:20 查询号码 【1812400】，GSD为【""】
2021-07-31 01:05:20 bad
2021-07-31 01:05:22 CHB 1812400?1627664720 第 1 次 等待 3 秒
2021-07-31 01:05:25 CHB 1812400?1627664720 第 1 次 获取到号码【1812400】GSD
2021-07-31 01:05:25 获取到号码【1812400】的GSD为【广东-深圳】
2021-07-31 01:05:32 GSD insert 第 1 次 等待 3 秒
2021-07-31 01:05:35 {"status":"ok","gid":450283,"msg":"添加成功！"}
2021-07-31 01:05:35 下次操作: 2021-07-31 01:05:58

2021-07-31 01:05:58 开始第 7 次操作

2021-07-31 01:05:58 开始操作号码 【1812399】
2021-07-31 01:06:02 GSD getOne 第 1 次 等待 3 秒
2021-07-31 01:06:05 查询号码 【1812399】，返回信息 {"status":"ok","msg":"广东-深圳","gid":"33489","time_insert":"2020-08-04 16:03","time_update":"2020-10-01 10:04"}
2021-07-31 01:06:05 查询号码 【1812399】，GSD为【"广东-深圳"】

2021-07-31 01:06:05 开始第 7 次操作

2021-07-31 01:06:05 开始操作号码 【1812398】
2021-07-31 01:06:09 GSD getOne 第 1 次 等待 3 秒
2021-07-31 01:06:12 查询号码 【1812398】，返回信息 {"status":"bad","msg":""}
2021-07-31 01:06:12 查询号码 【1812398】，GSD为【""】
2021-07-31 01:06:12 bad
2021-07-31 01:06:14 CHB 1812398?1627664772 第 1 次 等待 3 秒
2021-07-31 01:06:17 CHB 1812398?1627664772 第 1 次 获取到号码【1812398】GSD
2021-07-31 01:06:17 获取到号码【1812398】的GSD为【广东-深圳】
2021-07-31 01:06:29 GSD insert 第 1 次 等待 3 秒
2021-07-31 01:06:32 {"status":"ok","gid":450294,"msg":"添加成功！"}
2021-07-31 01:06:32 下次操作: 2021-07-31 01:06:56

2021-07-31 01:06:56 开始第 8 次操作

2021-07-31 01:06:56 开始操作号码 【1812397】
2021-07-31 01:06:59 GSD getOne 第 1 次 等待 3 秒
2021-07-31 01:07:02 查询号码 【1812397】，返回信息 {"status":"ok","msg":"广东-深圳","gid":"33488","time_insert":"2018-03-04 20:57","time_update":"2020-10-01 10:00"}
2021-07-31 01:07:03 查询号码 【1812397】，GSD为【"广东-深圳"】

2021-07-31 01:07:03 开始第 8 次操作

2021-07-31 01:07:03 开始操作号码 【1812396】
2021-07-31 01:07:08 GSD getOne 第 1 次 等待 3 秒
2021-07-31 01:07:11 查询号码 【1812396】，返回信息 {"status":"ok","msg":"广东-深圳","gid":"33487","time_insert":"2018-01-24 10:07","time_update":"2021-01-21 18:37"}
2021-07-31 01:07:11 查询号码 【1812396】，GSD为【"广东-深圳"】

2021-07-31 01:07:11 开始第 8 次操作

2021-07-31 01:07:11 开始操作号码 【1812395】
2021-07-31 01:07:18 GSD getOne 第 1 次 等待 3 秒
2021-07-31 01:07:21 查询号码 【1812395】，返回信息 {"status":"bad","msg":""}
2021-07-31 01:07:21 查询号码 【1812395】，GSD为【""】
2021-07-31 01:07:21 bad
2021-07-31 01:07:24 CHB 1812395?1627664841 第 1 次 等待 3 秒
2021-07-31 01:07:27 CHB 1812395?1627664841 第 1 次 获取到号码【1812395】GSD
2021-07-31 01:07:27 获取到号码【1812395】的GSD为【广东-深圳】
2021-07-31 01:07:31 GSD insert 第 1 次 等待 3 秒
2021-07-31 01:07:34 {"status":"ok","gid":450309,"msg":"添加成功！"}
2021-07-31 01:07:34 下次操作: 2021-07-31 01:07:50

2021-07-31 01:07:50 开始第 9 次操作

2021-07-31 01:07:50 开始操作号码 【1812394】
2021-07-31 01:07:56 GSD getOne 第 1 次 等待 3 秒
2021-07-31 01:07:59 查询号码 【1812394】，返回信息 {"status":"bad","msg":""}
2021-07-31 01:07:59 查询号码 【1812394】，GSD为【""】
2021-07-31 01:07:59 bad
2021-07-31 01:08:00 CHB 1812394?1627664879 第 1 次 等待 3 秒
2021-07-31 01:08:03 CHB 1812394?1627664879 第 1 次 获取到号码【1812394】GSD
2021-07-31 01:08:03 获取到号码【1812394】的GSD为【广东-深圳】
2021-07-31 01:08:09 GSD insert 第 1 次 等待 3 秒
2021-07-31 01:08:12 {"status":"ok","gid":450319,"msg":"添加成功！"}
2021-07-31 01:08:12 下次操作: 2021-07-31 01:08:31

2021-07-31 01:08:31 开始第 10 次操作

2021-07-31 01:08:31 开始操作号码 【1812393】
2021-07-31 01:08:34 GSD getOne 第 1 次 等待 3 秒
2021-07-31 01:08:37 查询号码 【1812393】，返回信息 {"status":"bad","msg":""}
2021-07-31 01:08:37 查询号码 【1812393】，GSD为【""】
2021-07-31 01:08:37 bad
2021-07-31 01:08:39 CHB 1812393?1627664917 第 1 次 等待 3 秒
2021-07-31 01:08:42 CHB 1812393?1627664917 第 1 次 获取到号码【1812393】GSD
2021-07-31 01:08:42 获取到号码【1812393】的GSD为【广东-深圳】
2021-07-31 01:08:50 GSD insert 第 1 次 等待 3 秒
2021-07-31 01:08:53 {"status":"ok","gid":450329,"msg":"添加成功！"}
2021-07-31 01:08:53 下次操作: 2021-07-31 01:09:16

2021-07-31 01:09:16 开始第 11 次操作

2021-07-31 01:09:16 开始操作号码 【1812392】
2021-07-31 01:09:24 GSD getOne 第 1 次 等待 3 秒
2021-07-31 01:09:27 查询号码 【1812392】，返回信息 {"status":"bad","msg":""}
2021-07-31 01:09:27 查询号码 【1812392】，GSD为【""】
2021-07-31 01:09:27 bad
2021-07-31 01:09:28 CHB 1812392?1627664967 第 1 次 等待 3 秒
2021-07-31 01:09:31 CHB 1812392?1627664967 第 1 次 获取到号码【1812392】GSD
2021-07-31 01:09:31 获取到号码【1812392】的GSD为【广东-深圳】
2021-07-31 01:09:36 GSD insert 第 1 次 等待 3 秒
2021-07-31 01:09:39 {"status":"ok","gid":450339,"msg":"添加成功！"}
2021-07-31 01:09:39 下次操作: 2021-07-31 01:09:57

2021-07-31 01:09:57 开始第 12 次操作

2021-07-31 01:09:57 开始操作号码 【1812391】
2021-07-31 01:10:03 GSD getOne 第 1 次 等待 3 秒
2021-07-31 01:10:06 查询号码 【1812391】，返回信息 {"status":"bad","msg":""}
2021-07-31 01:10:06 查询号码 【1812391】，GSD为【""】
2021-07-31 01:10:06 bad
2021-07-31 01:10:08 CHB 1812391?1627665006 第 1 次 等待 3 秒
2021-07-31 01:10:11 CHB 1812391?1627665006 第 1 次 获取到号码【1812391】GSD
2021-07-31 01:10:11 获取到号码【1812391】的GSD为【广东-深圳】
2021-07-31 01:10:17 GSD insert 第 1 次 等待 3 秒
2021-07-31 01:10:20 {"status":"ok","gid":450349,"msg":"添加成功！"}
2021-07-31 01:10:20 下次操作: 2021-07-31 01:10:34

2021-07-31 01:10:34 开始第 13 次操作

2021-07-31 01:10:34 开始操作号码 【1812390】
2021-07-31 01:10:37 GSD getOne 第 1 次 等待 3 秒
2021-07-31 01:10:40 查询号码 【1812390】，返回信息 {"status":"bad","msg":""}
2021-07-31 01:10:41 查询号码 【1812390】，GSD为【""】
2021-07-31 01:10:41 bad
2021-07-31 01:10:42 CHB 1812390?1627665041 第 1 次 等待 3 秒
2021-07-31 01:10:45 CHB 1812390?1627665041 第 1 次 获取到号码【1812390】GSD
2021-07-31 01:10:45 获取到号码【1812390】的GSD为【广东-深圳】
2021-07-31 01:10:51 GSD insert 第 1 次 等待 3 秒
2021-07-31 01:10:54 {"status":"ok","gid":450358,"msg":"添加成功！"}
2021-07-31 01:10:54 下次操作: 2021-07-31 01:11:13

2021-07-31 01:11:13 开始第 14 次操作

2021-07-31 01:11:13 开始操作号码 【1812389】
2021-07-31 01:11:20 GSD getOne 第 1 次 等待 3 秒
2021-07-31 01:11:23 查询号码 【1812389】，返回信息 {"status":"bad","msg":""}
2021-07-31 01:11:23 查询号码 【1812389】，GSD为【""】
2021-07-31 01:11:23 bad
2021-07-31 01:11:25 CHB 1812389?1627665083 第 1 次 等待 3 秒
2021-07-31 01:11:28 CHB 1812389?1627665083 第 1 次 获取到号码【1812389】GSD
2021-07-31 01:11:28 获取到号码【1812389】的GSD为【广东-深圳】
2021-07-31 01:11:32 GSD insert 第 1 次 等待 3 秒
2021-07-31 01:11:35 {"status":"ok","gid":450369,"msg":"添加成功！"}
2021-07-31 01:11:35 下次操作: 2021-07-31 01:11:53

2021-07-31 01:11:53 开始第 15 次操作

2021-07-31 01:11:53 开始操作号码 【1812388】
2021-07-31 01:11:56 GSD getOne 第 1 次 等待 3 秒
2021-07-31 01:11:59 查询号码 【1812388】，返回信息 {"status":"ok","msg":"广东-深圳","gid":"33486","time_insert":"2019-08-29 15:19","time_update":"2021-01-21 18:42"}
2021-07-31 01:11:59 查询号码 【1812388】，GSD为【"广东-深圳"】

2021-07-31 01:11:59 开始第 15 次操作

2021-07-31 01:11:59 开始操作号码 【1812387】
2021-07-31 01:12:04 GSD getOne 第 1 次 等待 3 秒
2021-07-31 01:12:07 查询号码 【1812387】，返回信息 {"status":"bad","msg":""}
2021-07-31 01:12:07 查询号码 【1812387】，GSD为【""】
2021-07-31 01:12:07 bad
2021-07-31 01:12:10 CHB 1812387?1627665127 第 1 次 等待 3 秒
2021-07-31 01:12:13 CHB 1812387?1627665127 第 1 次 获取到号码【1812387】GSD
2021-07-31 01:12:13 获取到号码【1812387】的GSD为【广东-深圳】
2021-07-31 01:12:17 GSD insert 第 1 次 等待 3 秒
2021-07-31 01:12:20 {"status":"ok","gid":450380,"msg":"添加成功！"}
2021-07-31 01:12:20 下次操作: 2021-07-31 01:12:40

2021-07-31 01:12:40 开始第 16 次操作

2021-07-31 01:12:40 开始操作号码 【1812386】
2021-07-31 01:12:59 GSD getOne 第 1 次 等待 3 秒
2021-07-31 01:13:02 查询号码 【1812386】，返回信息 {"status":"bad","msg":""}
2021-07-31 01:13:02 查询号码 【1812386】，GSD为【""】
2021-07-31 01:13:02 bad
2021-07-31 01:13:05 CHB 1812386?1627665182 第 1 次 等待 3 秒
2021-07-31 01:13:08 CHB 1812386?1627665182 第 1 次 获取到号码【1812386】GSD
2021-07-31 01:13:08 获取到号码【1812386】的GSD为【广东-深圳】
2021-07-31 01:13:13 GSD insert 第 1 次 等待 3 秒
2021-07-31 01:13:16 {"status":"ok","gid":450393,"msg":"添加成功！"}
2021-07-31 01:13:16 下次操作: 2021-07-31 01:13:30

2021-07-31 01:13:30 开始第 17 次操作

2021-07-31 01:13:30 开始操作号码 【1812385】
2021-07-31 01:13:39 GSD getOne 第 1 次 等待 3 秒
2021-07-31 01:13:42 查询号码 【1812385】，返回信息 {"status":"bad","msg":""}
2021-07-31 01:13:42 查询号码 【1812385】，GSD为【""】
2021-07-31 01:13:42 bad
2021-07-31 01:13:44 CHB 1812385?1627665222 第 1 次 等待 3 秒
2021-07-31 01:13:47 CHB 1812385?1627665222 第 1 次 获取到号码【1812385】GSD
2021-07-31 01:13:47 获取到号码【1812385】的GSD为【广东-深圳】
2021-07-31 01:13:51 GSD insert 第 1 次 等待 3 秒
2021-07-31 01:13:54 {"status":"ok","gid":450401,"msg":"添加成功！"}
2021-07-31 01:13:54 下次操作: 2021-07-31 01:14:18

2021-07-31 01:14:18 开始第 18 次操作

2021-07-31 01:14:18 开始操作号码 【1812384】
2021-07-31 01:14:30 GSD getOne 第 1 次 等待 3 秒
2021-07-31 01:14:33 查询号码 【1812384】，返回信息 {"status":"bad","msg":""}
2021-07-31 01:14:33 查询号码 【1812384】，GSD为【""】
2021-07-31 01:14:33 bad
2021-07-31 01:14:35 CHB 1812384?1627665273 第 1 次 等待 3 秒
2021-07-31 01:14:38 CHB 1812384?1627665273 第 1 次 获取到号码【1812384】GSD
2021-07-31 01:14:38 获取到号码【1812384】的GSD为【广东-深圳】
2021-07-31 01:14:41 GSD insert 第 1 次 等待 3 秒
2021-07-31 01:14:44 {"status":"ok","gid":450414,"msg":"添加成功！"}
2021-07-31 01:14:44 下次操作: 2021-07-31 01:15:05

2021-07-31 01:15:05 开始第 19 次操作

2021-07-31 01:15:05 开始操作号码 【1812383】
2021-07-31 01:15:13 GSD getOne 第 1 次 等待 3 秒
2021-07-31 01:15:16 查询号码 【1812383】，返回信息 {"status":"bad","msg":""}
2021-07-31 01:15:16 查询号码 【1812383】，GSD为【""】
2021-07-31 01:15:16 bad
2021-07-31 01:15:18 CHB 1812383?1627665316 第 1 次 等待 3 秒
2021-07-31 01:15:21 CHB 1812383?1627665316 第 1 次 获取到号码【1812383】GSD
2021-07-31 01:15:21 获取到号码【1812383】的GSD为【广东-深圳】
2021-07-31 01:15:27 GSD insert 第 1 次 等待 3 秒
2021-07-31 01:15:30 {"status":"ok","gid":450428,"msg":"添加成功！"}
2021-07-31 01:15:30 下次操作: 2021-07-31 01:15:53

2021-07-31 01:15:53 开始第 20 次操作

2021-07-31 01:15:53 开始操作号码 【1812382】
2021-07-31 01:16:00 GSD getOne 第 1 次 等待 3 秒
2021-07-31 01:16:03 查询号码 【1812382】，返回信息 {"status":"bad","msg":""}
2021-07-31 01:16:03 查询号码 【1812382】，GSD为【""】
2021-07-31 01:16:03 bad
2021-07-31 01:16:05 CHB 1812382?1627665363 第 1 次 等待 3 秒
2021-07-31 01:16:08 CHB 1812382?1627665363 第 1 次 获取到号码【1812382】GSD
2021-07-31 01:16:08 获取到号码【1812382】的GSD为【广东-深圳】
2021-07-31 01:16:11 GSD insert 第 1 次 等待 3 秒
2021-07-31 01:16:14 {"status":"ok","gid":450438,"msg":"添加成功！"}
2021-07-31 01:16:14 下次操作: 2021-07-31 01:16:31

2021-07-31 01:16:31 开始第 21 次操作

2021-07-31 01:16:31 开始操作号码 【1812381】
2021-07-31 01:16:36 GSD getOne 第 1 次 等待 3 秒
2021-07-31 01:16:39 查询号码 【1812381】，返回信息 {"status":"bad","msg":""}
2021-07-31 01:16:39 查询号码 【1812381】，GSD为【""】
2021-07-31 01:16:39 bad
2021-07-31 01:16:40 CHB 1812381?1627665399 第 1 次 等待 3 秒
2021-07-31 01:16:43 CHB 1812381?1627665399 第 1 次 获取到号码【1812381】GSD
2021-07-31 01:16:43 获取到号码【1812381】的GSD为【广东-深圳】
2021-07-31 01:16:51 GSD insert 第 1 次 等待 3 秒
2021-07-31 01:16:54 {"status":"ok","gid":450449,"msg":"添加成功！"}
2021-07-31 01:16:54 下次操作: 2021-07-31 01:17:13

2021-07-31 01:17:13 开始第 22 次操作

2021-07-31 01:17:13 开始操作号码 【1812380】
2021-07-31 01:17:16 GSD getOne 第 1 次 等待 3 秒
2021-07-31 01:17:19 查询号码 【1812380】，返回信息 {"status":"bad","msg":""}
2021-07-31 01:17:19 查询号码 【1812380】，GSD为【""】
2021-07-31 01:17:19 bad
2021-07-31 01:17:22 CHB 1812380?1627665439 第 1 次 等待 3 秒
2021-07-31 01:17:25 CHB 1812380?1627665439 第 1 次 获取到号码【1812380】GSD
2021-07-31 01:17:25 获取到号码【1812380】的GSD为【广东-深圳】
2021-07-31 01:17:31 GSD insert 第 1 次 等待 3 秒
2021-07-31 01:17:34 {"status":"ok","gid":450456,"msg":"添加成功！"}
2021-07-31 01:17:34 下次操作: 2021-07-31 01:17:50

2021-07-31 01:17:50 开始第 23 次操作

2021-07-31 01:17:50 开始操作号码 【1812379】
2021-07-31 01:17:53 GSD getOne 第 1 次 等待 3 秒
2021-07-31 01:17:56 查询号码 【1812379】，返回信息 {"status":"bad","msg":""}
2021-07-31 01:17:56 查询号码 【1812379】，GSD为【""】
2021-07-31 01:17:56 bad
2021-07-31 01:17:59 CHB 1812379?1627665476 第 1 次 等待 3 秒
2021-07-31 01:18:02 CHB 1812379?1627665476 第 1 次 获取到号码【1812379】GSD
2021-07-31 01:18:02 获取到号码【1812379】的GSD为【广东-深圳】
2021-07-31 01:18:06 GSD insert 第 1 次 等待 3 秒
2021-07-31 01:18:09 {"status":"ok","gid":450463,"msg":"添加成功！"}
2021-07-31 01:18:09 下次操作: 2021-07-31 01:18:25

2021-07-31 01:18:25 开始第 24 次操作

2021-07-31 01:18:25 开始操作号码 【1812378】
2021-07-31 01:18:28 GSD getOne 第 1 次 等待 3 秒
2021-07-31 01:18:31 查询号码 【1812378】，返回信息 {"status":"bad","msg":""}
2021-07-31 01:18:31 查询号码 【1812378】，GSD为【""】
2021-07-31 01:18:31 bad
2021-07-31 01:18:34 CHB 1812378?1627665511 第 1 次 等待 3 秒
2021-07-31 01:18:37 CHB 1812378?1627665511 第 1 次 获取到号码【1812378】GSD
2021-07-31 01:18:37 获取到号码【1812378】的GSD为【广东-深圳】
2021-07-31 01:18:40 GSD insert 第 1 次 等待 3 秒
2021-07-31 01:18:43 {"status":"ok","gid":450472,"msg":"添加成功！"}
2021-07-31 01:18:43 下次操作: 2021-07-31 01:18:55

2021-07-31 01:18:55 开始第 25 次操作

2021-07-31 01:18:55 开始操作号码 【1812377】
2021-07-31 01:19:00 GSD getOne 第 1 次 等待 3 秒
2021-07-31 01:19:03 查询号码 【1812377】，返回信息 {"status":"ok","msg":"广东-深圳","gid":"33485","time_insert":"2016-09-06 16:36","time_update":"2020-10-01 09:56"}
2021-07-31 01:19:03 查询号码 【1812377】，GSD为【"广东-深圳"】

2021-07-31 01:19:03 开始第 25 次操作

2021-07-31 01:19:03 开始操作号码 【1812376】
2021-07-31 01:19:08 GSD getOne 第 1 次 等待 3 秒
2021-07-31 01:19:11 查询号码 【1812376】，返回信息 {"status":"bad","msg":""}
2021-07-31 01:19:11 查询号码 【1812376】，GSD为【""】
2021-07-31 01:19:11 bad
2021-07-31 01:19:13 CHB 1812376?1627665551 第 1 次 等待 3 秒
2021-07-31 01:19:16 CHB 1812376?1627665551 第 1 次 获取到号码【1812376】GSD
2021-07-31 01:19:16 获取到号码【1812376】的GSD为【广东-深圳】
2021-07-31 01:19:20 GSD insert 第 1 次 等待 3 秒
2021-07-31 01:19:23 {"status":"ok","gid":450482,"msg":"添加成功！"}
2021-07-31 01:19:23 下次操作: 2021-07-31 01:19:46

2021-07-31 01:19:46 开始第 26 次操作

2021-07-31 01:19:46 开始操作号码 【1812375】
2021-07-31 01:19:55 GSD getOne 第 1 次 等待 3 秒
2021-07-31 01:19:58 查询号码 【1812375】，返回信息 {"status":"bad","msg":""}
2021-07-31 01:19:59 查询号码 【1812375】，GSD为【""】
2021-07-31 01:19:59 bad
2021-07-31 01:20:00 CHB 1812375?1627665599 第 1 次 等待 3 秒
2021-07-31 01:20:03 CHB 1812375?1627665599 第 1 次 获取到号码【1812375】GSD
2021-07-31 01:20:03 获取到号码【1812375】的GSD为【广东-深圳】
2021-07-31 01:20:06 GSD insert 第 1 次 等待 3 秒
2021-07-31 01:20:09 {"status":"ok","gid":450491,"msg":"添加成功！"}
2021-07-31 01:20:09 下次操作: 2021-07-31 01:20:22

2021-07-31 01:20:22 开始第 27 次操作

2021-07-31 01:20:22 开始操作号码 【1812374】
2021-07-31 01:20:29 GSD getOne 第 1 次 等待 3 秒
2021-07-31 01:20:32 查询号码 【1812374】，返回信息 {"status":"bad","msg":""}
2021-07-31 01:20:33 查询号码 【1812374】，GSD为【""】
2021-07-31 01:20:33 bad
2021-07-31 01:20:35 CHB 1812374?1627665633 第 1 次 等待 3 秒
2021-07-31 01:20:38 CHB 1812374?1627665633 第 1 次 获取到号码【1812374】GSD
2021-07-31 01:20:38 获取到号码【1812374】的GSD为【广东-深圳】
2021-07-31 01:20:42 GSD insert 第 1 次 等待 3 秒
2021-07-31 01:20:45 {"status":"ok","gid":450501,"msg":"添加成功！"}
2021-07-31 01:20:45 下次操作: 2021-07-31 01:20:58

2021-07-31 01:20:58 开始第 28 次操作

2021-07-31 01:20:58 开始操作号码 【1812373】
2021-07-31 01:21:01 GSD getOne 第 1 次 等待 3 秒
2021-07-31 01:21:04 查询号码 【1812373】，返回信息 {"status":"bad","msg":""}
2021-07-31 01:21:04 查询号码 【1812373】，GSD为【""】
2021-07-31 01:21:04 bad
2021-07-31 01:21:06 CHB 1812373?1627665665 第 1 次 等待 3 秒
2021-07-31 01:21:09 CHB 1812373?1627665665 第 1 次 获取到号码【1812373】GSD
2021-07-31 01:21:09 获取到号码【1812373】的GSD为【广东-深圳】
2021-07-31 01:21:15 GSD insert 第 1 次 等待 3 秒
2021-07-31 01:21:18 {"status":"ok","gid":450509,"msg":"添加成功！"}
2021-07-31 01:21:18 下次操作: 2021-07-31 01:21:37

2021-07-31 01:21:37 开始第 29 次操作

2021-07-31 01:21:37 开始操作号码 【1812372】
2021-07-31 01:21:41 GSD getOne 第 1 次 等待 3 秒
2021-07-31 01:21:44 查询号码 【1812372】，返回信息 {"status":"bad","msg":""}
2021-07-31 01:21:44 查询号码 【1812372】，GSD为【""】
2021-07-31 01:21:44 bad
2021-07-31 01:21:46 CHB 1812372?1627665704 第 1 次 等待 3 秒
2021-07-31 01:21:49 CHB 1812372?1627665704 第 1 次 获取到号码【1812372】GSD
2021-07-31 01:21:50 获取到号码【1812372】的GSD为【广东-深圳】
2021-07-31 01:21:53 GSD insert 第 1 次 等待 3 秒
2021-07-31 01:21:56 {"status":"ok","gid":450517,"msg":"添加成功！"}
2021-07-31 01:21:56 下次操作: 2021-07-31 01:22:16

2021-07-31 01:22:16 开始第 30 次操作

2021-07-31 01:22:16 开始操作号码 【1812371】
2021-07-31 01:22:19 GSD getOne 第 1 次 等待 3 秒
2021-07-31 01:22:22 查询号码 【1812371】，返回信息 {"status":"bad","msg":""}
2021-07-31 01:22:22 查询号码 【1812371】，GSD为【""】
2021-07-31 01:22:22 bad
2021-07-31 01:22:24 CHB 1812371?1627665742 第 1 次 等待 3 秒
2021-07-31 01:22:27 CHB 1812371?1627665742 第 1 次 获取到号码【1812371】GSD
2021-07-31 01:22:27 获取到号码【1812371】的GSD为【广东-深圳】
2021-07-31 01:22:30 GSD insert 第 1 次 等待 3 秒
2021-07-31 01:22:33 {"status":"ok","gid":450526,"msg":"添加成功！"}
2021-07-31 01:22:33 下次操作: 2021-07-31 01:22:57

2021-07-31 01:22:57 开始第 31 次操作

2021-07-31 01:22:57 开始操作号码 【1812370】
2021-07-31 01:23:02 GSD getOne 第 1 次 等待 3 秒
2021-07-31 01:23:05 查询号码 【1812370】，返回信息 {"status":"bad","msg":""}
2021-07-31 01:23:05 查询号码 【1812370】，GSD为【""】
2021-07-31 01:23:05 bad
2021-07-31 01:23:07 CHB 1812370?1627665785 第 1 次 等待 3 秒
2021-07-31 01:23:10 CHB 1812370?1627665785 第 1 次 获取到号码【1812370】GSD
2021-07-31 01:23:10 获取到号码【1812370】的GSD为【广东-深圳】
2021-07-31 01:23:16 GSD insert 第 1 次 等待 3 秒
2021-07-31 01:23:19 {"status":"ok","gid":450537,"msg":"添加成功！"}
2021-07-31 01:23:19 下次操作: 2021-07-31 01:23:34

2021-07-31 01:23:34 开始第 32 次操作

2021-07-31 01:23:34 开始操作号码 【1812369】
2021-07-31 01:23:39 GSD getOne 第 1 次 等待 3 秒
2021-07-31 01:23:42 查询号码 【1812369】，返回信息 {"status":"bad","msg":""}
2021-07-31 01:23:42 查询号码 【1812369】，GSD为【""】
2021-07-31 01:23:42 bad
2021-07-31 01:23:52 CHB 1812369?1627665822 第 1 次 等待 3 秒
2021-07-31 01:23:55 CHB 1812369?1627665822 第 1 次 获取到号码【1812369】GSD
2021-07-31 01:23:55 获取到号码【1812369】的GSD为【广东-深圳】
2021-07-31 01:24:01 GSD insert 第 1 次 等待 3 秒
2021-07-31 01:24:04 {"status":"ok","gid":450546,"msg":"添加成功！"}
2021-07-31 01:24:04 下次操作: 2021-07-31 01:24:27

2021-07-31 01:24:27 开始第 33 次操作

2021-07-31 01:24:27 开始操作号码 【1812368】
2021-07-31 01:24:30 GSD getOne 第 1 次 等待 3 秒
2021-07-31 01:24:33 查询号码 【1812368】，返回信息 {"status":"bad","msg":""}
2021-07-31 01:24:34 查询号码 【1812368】，GSD为【""】
2021-07-31 01:24:34 bad
2021-07-31 01:24:36 CHB 1812368?1627665874 第 1 次 等待 3 秒
2021-07-31 01:24:39 CHB 1812368?1627665874 第 1 次 获取到号码【1812368】GSD
2021-07-31 01:24:39 获取到号码【1812368】的GSD为【广东-深圳】
2021-07-31 01:24:57 GSD insert 第 1 次 等待 3 秒
2021-07-31 01:25:00 {"status":"ok","gid":450561,"msg":"添加成功！"}
2021-07-31 01:25:00 下次操作: 2021-07-31 01:25:23

2021-07-31 01:25:23 开始第 34 次操作

2021-07-31 01:25:23 开始操作号码 【1812367】
2021-07-31 01:25:30 GSD getOne 第 1 次 等待 3 秒
2021-07-31 01:25:33 查询号码 【1812367】，返回信息 {"status":"bad","msg":""}
2021-07-31 01:25:33 查询号码 【1812367】，GSD为【""】
2021-07-31 01:25:33 bad
2021-07-31 01:25:35 CHB 1812367?1627665933 第 1 次 等待 3 秒
2021-07-31 01:25:38 CHB 1812367?1627665933 第 1 次 获取到号码【1812367】GSD
2021-07-31 01:25:38 获取到号码【1812367】的GSD为【广东-深圳】
2021-07-31 01:25:43 GSD insert 第 1 次 等待 3 秒
2021-07-31 01:25:46 {"status":"ok","gid":450570,"msg":"添加成功！"}
2021-07-31 01:25:46 下次操作: 2021-07-31 01:26:05

2021-07-31 01:26:05 开始第 35 次操作

2021-07-31 01:26:05 开始操作号码 【1812366】
2021-07-31 01:26:08 GSD getOne 第 1 次 等待 3 秒
2021-07-31 01:26:11 查询号码 【1812366】，返回信息 {"status":"bad","msg":""}
2021-07-31 01:26:11 查询号码 【1812366】，GSD为【""】
2021-07-31 01:26:11 bad
2021-07-31 01:26:14 CHB 1812366?1627665971 第 1 次 等待 3 秒
2021-07-31 01:26:17 CHB 1812366?1627665971 第 1 次 获取到号码【1812366】GSD
2021-07-31 01:26:17 获取到号码【1812366】的GSD为【广东-深圳】
2021-07-31 01:26:24 GSD insert 第 1 次 等待 3 秒
2021-07-31 01:26:27 {"status":"ok","gid":450579,"msg":"添加成功！"}
2021-07-31 01:26:27 下次操作: 2021-07-31 01:26:40

2021-07-31 01:26:40 开始第 36 次操作

2021-07-31 01:26:40 开始操作号码 【1812365】
2021-07-31 01:26:44 GSD getOne 第 1 次 等待 3 秒
2021-07-31 01:26:47 查询号码 【1812365】，返回信息 {"status":"ok","msg":"广东-深圳","gid":"33484","time_insert":"2018-06-13 14:40","time_update":"2020-10-01 09:51"}
2021-07-31 01:26:47 查询号码 【1812365】，GSD为【"广东-深圳"】

2021-07-31 01:26:47 开始第 36 次操作

2021-07-31 01:26:47 开始操作号码 【1812364】
2021-07-31 01:26:58 GSD getOne 第 1 次 等待 3 秒
2021-07-31 01:27:01 查询号码 【1812364】，返回信息 {"status":"bad","msg":""}
2021-07-31 01:27:01 查询号码 【1812364】，GSD为【""】
2021-07-31 01:27:01 bad
2021-07-31 01:27:02 CHB 1812364?1627666021 第 1 次 等待 3 秒
2021-07-31 01:27:05 CHB 1812364?1627666021 第 1 次 获取到号码【1812364】GSD
2021-07-31 01:27:05 获取到号码【1812364】的GSD为【广东-深圳】
2021-07-31 01:27:09 GSD insert 第 1 次 等待 3 秒
2021-07-31 01:27:12 {"status":"ok","gid":450587,"msg":"添加成功！"}
2021-07-31 01:27:12 下次操作: 2021-07-31 01:27:25

2021-07-31 01:27:25 开始第 37 次操作

2021-07-31 01:27:25 开始操作号码 【1812363】
2021-07-31 01:27:30 GSD getOne 第 1 次 等待 3 秒
2021-07-31 01:27:33 查询号码 【1812363】，返回信息 {"status":"bad","msg":""}
2021-07-31 01:27:33 查询号码 【1812363】，GSD为【""】
2021-07-31 01:27:33 bad
2021-07-31 01:27:35 CHB 1812363?1627666053 第 1 次 等待 3 秒
2021-07-31 01:27:38 CHB 1812363?1627666053 第 1 次 获取到号码【1812363】GSD
2021-07-31 01:27:38 获取到号码【1812363】的GSD为【广东-深圳】
2021-07-31 01:27:44 GSD insert 第 1 次 等待 3 秒
2021-07-31 01:27:47 {"status":"ok","gid":450594,"msg":"添加成功！"}
2021-07-31 01:27:47 下次操作: 2021-07-31 01:28:11

2021-07-31 01:28:11 开始第 38 次操作

2021-07-31 01:28:11 开始操作号码 【1812362】
2021-07-31 01:28:14 GSD getOne 第 1 次 等待 3 秒
2021-07-31 01:28:17 查询号码 【1812362】，返回信息 {"status":"bad","msg":""}
2021-07-31 01:28:17 查询号码 【1812362】，GSD为【""】
2021-07-31 01:28:17 bad
2021-07-31 01:28:19 CHB 1812362?1627666097 第 1 次 等待 3 秒
2021-07-31 01:28:22 CHB 1812362?1627666097 第 1 次 获取到号码【1812362】GSD
2021-07-31 01:28:22 获取到号码【1812362】的GSD为【广东-深圳】
2021-07-31 01:28:26 GSD insert 第 1 次 等待 3 秒
2021-07-31 01:28:29 {"status":"ok","gid":450600,"msg":"添加成功！"}
2021-07-31 01:28:29 下次操作: 2021-07-31 01:28:53

2021-07-31 01:28:53 开始第 39 次操作

2021-07-31 01:28:53 开始操作号码 【1812361】
2021-07-31 01:28:57 GSD getOne 第 1 次 等待 3 秒
2021-07-31 01:29:00 查询号码 【1812361】，返回信息 {"status":"bad","msg":""}
2021-07-31 01:29:00 查询号码 【1812361】，GSD为【""】
2021-07-31 01:29:00 bad
2021-07-31 01:29:02 CHB 1812361?1627666140 第 1 次 等待 3 秒
2021-07-31 01:29:05 CHB 1812361?1627666140 第 1 次 获取到号码【1812361】GSD
2021-07-31 01:29:05 获取到号码【1812361】的GSD为【广东-深圳】
2021-07-31 01:29:09 GSD insert 第 1 次 等待 3 秒
2021-07-31 01:29:12 {"status":"ok","gid":450604,"msg":"添加成功！"}
2021-07-31 01:29:12 下次操作: 2021-07-31 01:29:34

2021-07-31 01:29:34 开始第 40 次操作

2021-07-31 01:29:34 开始操作号码 【1812360】
2021-07-31 01:29:37 GSD getOne 第 1 次 等待 3 秒
2021-07-31 01:29:40 查询号码 【1812360】，返回信息 {"status":"bad","msg":""}
2021-07-31 01:29:40 查询号码 【1812360】，GSD为【""】
2021-07-31 01:29:40 bad
2021-07-31 01:29:42 CHB 1812360?1627666180 第 1 次 等待 3 秒
2021-07-31 01:29:45 CHB 1812360?1627666180 第 1 次 获取到号码【1812360】GSD
2021-07-31 01:29:45 获取到号码【1812360】的GSD为【广东-深圳】
2021-07-31 01:29:54 GSD insert 第 1 次 等待 3 秒
2021-07-31 01:29:57 {"status":"ok","gid":450608,"msg":"添加成功！"}

