2023-10-17 00:22:34 开始第 3449 次操作

2023-10-17 00:22:34 开始操作号码 【1953367】
2023-10-17 00:22:37 GSD getOne 第 1 次 等待 3 秒
2023-10-17 00:22:40 查询号码 【1953367】，返回信息 {"status":"ok","msg":"广西-桂林","gid":"516318","time_insert":"2021-08-18 03:59"}
2023-10-17 00:22:40 查询号码 【1953367】，GSD为【"广西-桂林"】

2023-10-17 00:22:41 开始第 3450 次操作

2023-10-17 00:22:41 开始操作号码 【1953368】
2023-10-17 00:22:53 GSD getOne 第 1 次 等待 3 秒
2023-10-17 00:22:56 查询号码 【1953368】，返回信息 {"status":"ok","msg":"福建-福州","gid":"516332","time_insert":"2021-08-18 04:12"}
2023-10-17 00:22:56 查询号码 【1953368】，GSD为【"福建-福州"】

2023-10-17 00:22:57 开始第 3451 次操作

2023-10-17 00:22:57 开始操作号码 【1953369】
2023-10-17 00:23:24 GSD getOne 第 1 次 等待 3 秒
2023-10-17 00:23:27 查询号码 【1953369】，返回信息 {"status":"ok","msg":"山东-德州","gid":"516341","time_insert":"2021-08-18 04:23"}
2023-10-17 00:23:27 查询号码 【1953369】，GSD为【"山东-德州"】

2023-10-17 00:23:28 开始第 3452 次操作

2023-10-17 00:23:28 开始操作号码 【1953370】
2023-10-17 00:23:37 GSD getOne 第 1 次 等待 3 秒
2023-10-17 00:23:40 查询号码 【1953370】，返回信息 {"status":"ok","msg":"云南-昆明","gid":"516359","time_insert":"2021-08-18 04:38"}
2023-10-17 00:23:40 查询号码 【1953370】，GSD为【"云南-昆明"】

