2024-04-30 00:21:06 开始第 6189 次操作

2024-04-30 00:21:06 开始操作号码 【1636106】
2024-04-30 00:21:12 GSD getOne 第 1 次 等待 3 秒
2024-04-30 00:21:15 查询号码 【1636106】，返回信息 {"status":"ok","msg":"-","gid":"650549","time_insert":"2023-04-13 02:00"}
2024-04-30 00:21:15 查询号码 【1636106】，GSD为【"-"】
2024-04-30 00:21:15 ok && -
2024-04-30 00:21:17 CHB 1636106?1714407675 第 1 次 等待 3 秒
2024-04-30 00:21:20 CHB 1636106?1714407675 第 1 次 获取到号码【1636106】GSD
2024-04-30 00:21:20 未获取到号码【1636106】GSD，可能号码格式错误
2024-04-30 00:21:20 获取到号码【1636106】的GSD为【-】
2024-04-30 00:21:26 GSD insert 第 1 次 等待 3 秒
2024-04-30 00:21:29 {"status":"bad","gid":"650549","msg":"添加失败！号码【1636106(-|-)】已存在！"}
2024-04-30 00:21:29 随机等待 73 秒，约 1 分钟
2024-04-30 00:21:29 下次操作: 2024-04-30 00:22:42

2024-04-30 00:22:42 开始第 6190 次操作

2024-04-30 00:22:42 开始操作号码 【1636107】
2024-04-30 00:22:50 GSD getOne 第 1 次 等待 3 秒
2024-04-30 00:22:53 查询号码 【1636107】，返回信息 {"status":"ok","msg":"-","gid":"650563","time_insert":"2023-04-13 02:10"}
2024-04-30 00:22:53 查询号码 【1636107】，GSD为【"-"】
2024-04-30 00:22:53 ok && -
2024-04-30 00:22:55 CHB 1636107?1714407773 第 1 次 等待 3 秒
2024-04-30 00:22:58 CHB 1636107?1714407773 第 1 次 获取到号码【1636107】GSD
2024-04-30 00:22:59 未获取到号码【1636107】GSD，可能号码格式错误
2024-04-30 00:22:59 获取到号码【1636107】的GSD为【-】
2024-04-30 00:23:06 GSD insert 第 1 次 等待 3 秒
2024-04-30 00:23:09 {"status":"bad","gid":"650563","msg":"添加失败！号码【1636107(-|-)】已存在！"}
2024-04-30 00:23:09 随机等待 106 秒，约 1 分钟
2024-04-30 00:23:09 下次操作: 2024-04-30 00:24:55

2024-04-30 00:24:55 开始第 6191 次操作

2024-04-30 00:24:55 开始操作号码 【1636108】
2024-04-30 00:25:01 GSD getOne 第 1 次 等待 3 秒
2024-04-30 00:25:04 查询号码 【1636108】，返回信息 {"status":"ok","msg":"-","gid":"650587","time_insert":"2023-04-13 02:27"}
2024-04-30 00:25:04 查询号码 【1636108】，GSD为【"-"】
2024-04-30 00:25:04 ok && -
2024-04-30 00:25:06 CHB 1636108?1714407904 第 1 次 等待 3 秒
2024-04-30 00:25:09 CHB 1636108?1714407904 第 1 次 获取到号码【1636108】GSD
2024-04-30 00:25:09 未获取到号码【1636108】GSD，可能号码格式错误
2024-04-30 00:25:09 获取到号码【1636108】的GSD为【-】
2024-04-30 00:25:17 GSD insert 第 1 次 等待 3 秒
2024-04-30 00:25:20 {"status":"bad","gid":"650587","msg":"添加失败！号码【1636108(-|-)】已存在！"}
2024-04-30 00:25:20 随机等待 111 秒，约 1 分钟
2024-04-30 00:25:20 下次操作: 2024-04-30 00:27:11

2024-04-30 00:27:11 开始第 6192 次操作

2024-04-30 00:27:11 开始操作号码 【1636109】
2024-04-30 00:27:17 GSD getOne 第 1 次 等待 3 秒
2024-04-30 00:27:20 查询号码 【1636109】，返回信息 {"status":"ok","msg":"-","gid":"650616","time_insert":"2023-04-13 02:47"}
2024-04-30 00:27:20 查询号码 【1636109】，GSD为【"-"】
2024-04-30 00:27:20 ok && -
2024-04-30 00:27:23 CHB 1636109?1714408040 第 1 次 等待 3 秒
2024-04-30 00:27:26 CHB 1636109?1714408040 第 1 次 获取到号码【1636109】GSD
2024-04-30 00:27:26 未获取到号码【1636109】GSD，可能号码格式错误
2024-04-30 00:27:26 获取到号码【1636109】的GSD为【-】
2024-04-30 00:27:33 GSD insert 第 1 次 等待 3 秒
2024-04-30 00:27:36 {"status":"bad","gid":"650616","msg":"添加失败！号码【1636109(-|-)】已存在！"}

2024-04-30 00:38:52 开始第 6193 次操作

2024-04-30 00:38:52 开始操作号码 【1636110】
2024-04-30 00:38:57 GSD getOne 第 1 次 等待 3 秒
2024-04-30 00:39:00 查询号码 【1636110】，返回信息 {"status":"ok","msg":"-","gid":"650649","time_insert":"2023-04-13 03:06"}
2024-04-30 00:39:00 查询号码 【1636110】，GSD为【"-"】
2024-04-30 00:39:00 ok && -
2024-04-30 00:39:03 CHB 1636110?1714408740 第 1 次 等待 3 秒
2024-04-30 00:39:06 CHB 1636110?1714408740 第 1 次 获取到号码【1636110】GSD
2024-04-30 00:39:06 未获取到号码【1636110】GSD，可能号码格式错误
2024-04-30 00:39:06 获取到号码【1636110】的GSD为【-】
2024-04-30 00:39:11 GSD insert 第 1 次 等待 3 秒
2024-04-30 00:39:14 {"status":"bad","gid":"650649","msg":"添加失败！号码【1636110(-|-)】已存在！"}
2024-04-30 00:39:14 随机等待 74 秒，约 1 分钟
2024-04-30 00:39:14 下次操作: 2024-04-30 00:40:28

2024-04-30 00:40:28 开始第 6194 次操作

2024-04-30 00:40:28 开始操作号码 【1636111】
2024-04-30 00:40:51 GSD getOne 第 1 次 等待 3 秒
2024-04-30 00:40:54 查询号码 【1636111】，返回信息 {"status":"ok","msg":"-","gid":"650673","time_insert":"2023-04-13 03:21"}
2024-04-30 00:40:54 查询号码 【1636111】，GSD为【"-"】
2024-04-30 00:40:54 ok && -
2024-04-30 00:40:56 CHB 1636111?1714408854 第 1 次 等待 3 秒
2024-04-30 00:40:59 CHB 1636111?1714408854 第 1 次 获取到号码【1636111】GSD
2024-04-30 00:40:59 未获取到号码【1636111】GSD，可能号码格式错误
2024-04-30 00:40:59 获取到号码【1636111】的GSD为【-】
2024-04-30 00:41:10 GSD insert 第 1 次 等待 3 秒
2024-04-30 00:41:13 {"status":"bad","gid":"650673","msg":"添加失败！号码【1636111(-|-)】已存在！"}
2024-04-30 00:41:13 随机等待 169 秒，约 2 分钟
2024-04-30 00:41:13 下次操作: 2024-04-30 00:44:02

2024-04-30 00:44:02 开始第 6195 次操作

2024-04-30 00:44:02 开始操作号码 【1636112】
2024-04-30 00:44:07 GSD getOne 第 1 次 等待 3 秒
2024-04-30 00:44:10 查询号码 【1636112】，返回信息 {"status":"ok","msg":"-","gid":"650688","time_insert":"2023-04-13 03:32"}
2024-04-30 00:44:10 查询号码 【1636112】，GSD为【"-"】
2024-04-30 00:44:10 ok && -
2024-04-30 00:44:12 CHB 1636112?1714409050 第 1 次 等待 3 秒
2024-04-30 00:44:15 CHB 1636112?1714409050 第 1 次 获取到号码【1636112】GSD
2024-04-30 00:44:15 未获取到号码【1636112】GSD，可能号码格式错误
2024-04-30 00:44:15 获取到号码【1636112】的GSD为【-】
2024-04-30 00:44:24 GSD insert 第 1 次 等待 3 秒
2024-04-30 00:44:27 {"status":"bad","gid":"650688","msg":"添加失败！号码【1636112(-|-)】已存在！"}
2024-04-30 00:44:27 随机等待 218 秒，约 3 分钟
2024-04-30 00:44:27 下次操作: 2024-04-30 00:48:05

2024-04-30 00:48:05 开始第 6196 次操作

2024-04-30 00:48:05 开始操作号码 【1636113】
2024-04-30 00:48:12 GSD getOne 第 1 次 等待 3 秒
2024-04-30 00:48:15 查询号码 【1636113】，返回信息 {"status":"ok","msg":"-","gid":"650725","time_insert":"2023-04-13 03:50"}
2024-04-30 00:48:15 查询号码 【1636113】，GSD为【"-"】
2024-04-30 00:48:15 ok && -
2024-04-30 00:48:17 CHB 1636113?1714409295 第 1 次 等待 3 秒
2024-04-30 00:48:20 CHB 1636113?1714409295 第 1 次 获取到号码【1636113】GSD
2024-04-30 00:48:20 未获取到号码【1636113】GSD，可能号码格式错误
2024-04-30 00:48:20 获取到号码【1636113】的GSD为【-】
2024-04-30 00:48:27 GSD insert 第 1 次 等待 3 秒
2024-04-30 00:48:30 {"status":"bad","gid":"650725","msg":"添加失败！号码【1636113(-|-)】已存在！"}

