2024-07-09 00:23:40 开始第 4937 次操作

2024-07-09 00:23:40 开始操作号码 【1524839】
2024-07-09 00:23:48 GSD getOne 第 1 次 等待 3 秒
2024-07-09 00:23:51 查询号码 【1524839】，返回信息 {"status":"ok","msg":"内蒙古-通辽","gid":"354994","time_insert":"2021-07-22 12:03"}
2024-07-09 00:23:51 查询号码 【1524839】，GSD为【"内蒙古-通辽"】

2024-07-09 00:23:52 开始第 4938 次操作

2024-07-09 00:23:52 开始操作号码 【1524840】
2024-07-09 00:24:00 GSD getOne 第 1 次 等待 3 秒
2024-07-09 00:24:03 查询号码 【1524840】，返回信息 {"status":"ok","msg":"内蒙古-鄂尔多斯","gid":"355120","time_insert":"2021-07-22 12:19"}
2024-07-09 00:24:03 查询号码 【1524840】，GSD为【"内蒙古-鄂尔多斯"】

2024-07-09 00:24:04 开始第 4939 次操作

2024-07-09 00:24:04 开始操作号码 【1524841】
2024-07-09 00:24:12 GSD getOne 第 1 次 等待 3 秒
2024-07-09 00:24:15 查询号码 【1524841】，返回信息 {"status":"ok","msg":"内蒙古-鄂尔多斯","gid":"355178","time_insert":"2021-07-22 12:34"}
2024-07-09 00:24:15 查询号码 【1524841】，GSD为【"内蒙古-鄂尔多斯"】

2024-07-09 00:24:16 开始第 4940 次操作

2024-07-09 00:24:16 开始操作号码 【1524842】
2024-07-09 00:24:24 GSD getOne 第 1 次 等待 3 秒
2024-07-09 00:24:27 查询号码 【1524842】，返回信息 {"status":"ok","msg":"内蒙古-鄂尔多斯","gid":"355246","time_insert":"2021-07-22 12:52"}
2024-07-09 00:24:27 查询号码 【1524842】，GSD为【"内蒙古-鄂尔多斯"】

2024-07-09 00:41:50 开始第 4941 次操作

2024-07-09 00:41:50 开始操作号码 【1524843】
2024-07-09 00:41:58 GSD getOne 第 1 次 等待 3 秒
2024-07-09 00:42:02 查询号码 【1524843】，返回信息 {"status":"ok","msg":"内蒙古-鄂尔多斯","gid":"355417","time_insert":"2021-07-22 13:10"}
2024-07-09 00:42:02 查询号码 【1524843】，GSD为【"内蒙古-鄂尔多斯"】

2024-07-09 00:42:03 开始第 4942 次操作

2024-07-09 00:42:03 开始操作号码 【1524844】
2024-07-09 00:42:12 GSD getOne 第 1 次 等待 3 秒
2024-07-09 00:42:15 查询号码 【1524844】，返回信息 {"status":"ok","msg":"内蒙古-鄂尔多斯","gid":"355577","time_insert":"2021-07-22 13:29"}
2024-07-09 00:42:15 查询号码 【1524844】，GSD为【"内蒙古-鄂尔多斯"】

2024-07-09 00:42:16 开始第 4943 次操作

2024-07-09 00:42:16 开始操作号码 【1524845】
2024-07-09 00:42:24 GSD getOne 第 1 次 等待 3 秒
2024-07-09 00:42:27 查询号码 【1524845】，返回信息 {"status":"ok","msg":"内蒙古-鄂尔多斯","gid":"19358","time_insert":"2020-01-05 15:10","time_update":"2020-12-16 13:32"}
2024-07-09 00:42:27 查询号码 【1524845】，GSD为【"内蒙古-鄂尔多斯"】

2024-07-09 00:42:28 开始第 4944 次操作

2024-07-09 00:42:28 开始操作号码 【1524846】
2024-07-09 00:42:37 GSD getOne 第 1 次 等待 3 秒
2024-07-09 00:42:40 查询号码 【1524846】，返回信息 {"status":"ok","msg":"内蒙古-鄂尔多斯","gid":"355709","time_insert":"2021-07-22 13:47"}
2024-07-09 00:42:40 查询号码 【1524846】，GSD为【"内蒙古-鄂尔多斯"】

