2024-07-03 00:24:36 开始第 3885 次操作

2024-07-03 00:24:36 开始操作号码 【1523787】
2024-07-03 00:24:44 GSD getOne 第 1 次 等待 3 秒
2024-07-03 00:24:47 查询号码 【1523787】，返回信息 {"status":"ok","msg":"河南-开封","gid":"245976","time_insert":"2021-07-11 06:34"}
2024-07-03 00:24:47 查询号码 【1523787】，GSD为【"河南-开封"】

2024-07-03 00:24:48 开始第 3886 次操作

2024-07-03 00:24:48 开始操作号码 【1523788】
2024-07-03 00:24:58 GSD getOne 第 1 次 等待 3 秒
2024-07-03 00:25:01 查询号码 【1523788】，返回信息 {"status":"ok","msg":"河南-开封","gid":"246253","time_insert":"2021-07-11 06:53"}
2024-07-03 00:25:01 查询号码 【1523788】，GSD为【"河南-开封"】

2024-07-03 00:25:02 开始第 3887 次操作

2024-07-03 00:25:02 开始操作号码 【1523789】
2024-07-03 00:25:10 GSD getOne 第 1 次 等待 3 秒
2024-07-03 00:25:13 查询号码 【1523789】，返回信息 {"status":"ok","msg":"河南-开封","gid":"246311","time_insert":"2021-07-11 07:09"}
2024-07-03 00:25:13 查询号码 【1523789】，GSD为【"河南-开封"】

2024-07-03 00:25:14 开始第 3888 次操作

2024-07-03 00:25:14 开始操作号码 【1523790】
2024-07-03 00:25:25 GSD getOne 第 1 次 等待 3 秒
2024-07-03 00:25:28 查询号码 【1523790】，返回信息 {"status":"ok","msg":"河南-洛阳","gid":"246341","time_insert":"2021-07-11 07:27"}
2024-07-03 00:25:28 查询号码 【1523790】，GSD为【"河南-洛阳"】

2024-07-03 00:42:12 开始第 3889 次操作

2024-07-03 00:42:12 开始操作号码 【1523791】
2024-07-03 00:42:21 GSD getOne 第 1 次 等待 3 秒
2024-07-03 00:42:24 查询号码 【1523791】，返回信息 {"status":"ok","msg":"河南-洛阳","gid":"246500","time_insert":"2021-07-11 07:43"}
2024-07-03 00:42:24 查询号码 【1523791】，GSD为【"河南-洛阳"】

2024-07-03 00:42:25 开始第 3890 次操作

2024-07-03 00:42:25 开始操作号码 【1523792】
2024-07-03 00:42:33 GSD getOne 第 1 次 等待 3 秒
2024-07-03 00:42:36 查询号码 【1523792】，返回信息 {"status":"ok","msg":"河南-洛阳","gid":"19267","time_insert":"2017-04-19 11:23","time_update":"2020-09-12 13:53"}
2024-07-03 00:42:36 查询号码 【1523792】，GSD为【"河南-洛阳"】

2024-07-03 00:42:37 开始第 3891 次操作

2024-07-03 00:42:37 开始操作号码 【1523793】
2024-07-03 00:42:45 GSD getOne 第 1 次 等待 3 秒
2024-07-03 00:42:48 查询号码 【1523793】，返回信息 {"status":"ok","msg":"河南-洛阳","gid":"246681","time_insert":"2021-07-11 08:03"}
2024-07-03 00:42:48 查询号码 【1523793】，GSD为【"河南-洛阳"】

2024-07-03 00:42:49 开始第 3892 次操作

2024-07-03 00:42:49 开始操作号码 【1523794】
2024-07-03 00:42:58 GSD getOne 第 1 次 等待 3 秒
2024-07-03 00:43:01 查询号码 【1523794】，返回信息 {"status":"ok","msg":"河南-洛阳","gid":"246710","time_insert":"2021-07-11 08:18"}
2024-07-03 00:43:01 查询号码 【1523794】，GSD为【"河南-洛阳"】

