2024-07-06 00:22:40 开始第 4413 次操作

2024-07-06 00:22:40 开始操作号码 【1524315】
2024-07-06 00:22:54 GSD getOne 第 1 次 等待 3 秒
2024-07-06 00:22:57 查询号码 【1524315】，返回信息 {"status":"ok","msg":"吉林-长春","gid":"293083","time_insert":"2021-07-16 12:47"}
2024-07-06 00:22:57 查询号码 【1524315】，GSD为【"吉林-长春"】

2024-07-06 00:22:58 开始第 4414 次操作

2024-07-06 00:22:58 开始操作号码 【1524316】
2024-07-06 00:23:06 GSD getOne 第 1 次 等待 3 秒
2024-07-06 00:23:09 查询号码 【1524316】，返回信息 {"status":"ok","msg":"吉林-长春","gid":"293230","time_insert":"2021-07-16 13:05"}
2024-07-06 00:23:09 查询号码 【1524316】，GSD为【"吉林-长春"】

2024-07-06 00:23:11 开始第 4415 次操作

2024-07-06 00:23:11 开始操作号码 【1524317】
2024-07-06 00:23:20 GSD getOne 第 1 次 等待 3 秒
2024-07-06 00:23:23 查询号码 【1524317】，返回信息 {"status":"ok","msg":"吉林-长春","gid":"293378","time_insert":"2021-07-16 13:25"}
2024-07-06 00:23:24 查询号码 【1524317】，GSD为【"吉林-长春"】

2024-07-06 00:23:25 开始第 4416 次操作

2024-07-06 00:23:25 开始操作号码 【1524318】
2024-07-06 00:23:33 GSD getOne 第 1 次 等待 3 秒
2024-07-06 00:23:36 查询号码 【1524318】，返回信息 {"status":"ok","msg":"吉林-长春","gid":"293480","time_insert":"2021-07-16 13:42"}
2024-07-06 00:23:36 查询号码 【1524318】，GSD为【"吉林-长春"】

2024-07-06 00:40:48 开始第 4417 次操作

2024-07-06 00:40:48 开始操作号码 【1524319】
2024-07-06 00:40:57 GSD getOne 第 1 次 等待 3 秒
2024-07-06 00:41:00 查询号码 【1524319】，返回信息 {"status":"ok","msg":"吉林-长春","gid":"293598","time_insert":"2021-07-16 14:01"}
2024-07-06 00:41:00 查询号码 【1524319】，GSD为【"吉林-长春"】

2024-07-06 00:41:01 开始第 4418 次操作

2024-07-06 00:41:01 开始操作号码 【1524320】
2024-07-06 00:41:09 GSD getOne 第 1 次 等待 3 秒
2024-07-06 00:41:12 查询号码 【1524320】，返回信息 {"status":"ok","msg":"吉林-吉林","gid":"293697","time_insert":"2021-07-16 14:18"}
2024-07-06 00:41:12 查询号码 【1524320】，GSD为【"吉林-吉林"】

2024-07-06 00:41:13 开始第 4419 次操作

2024-07-06 00:41:13 开始操作号码 【1524321】
2024-07-06 00:41:21 GSD getOne 第 1 次 等待 3 秒
2024-07-06 00:41:24 查询号码 【1524321】，返回信息 {"status":"ok","msg":"吉林-吉林","gid":"293742","time_insert":"2021-07-16 14:36"}
2024-07-06 00:41:24 查询号码 【1524321】，GSD为【"吉林-吉林"】

2024-07-06 00:41:25 开始第 4420 次操作

2024-07-06 00:41:25 开始操作号码 【1524322】
2024-07-06 00:41:33 GSD getOne 第 1 次 等待 3 秒
2024-07-06 00:41:36 查询号码 【1524322】，返回信息 {"status":"ok","msg":"吉林-吉林","gid":"293822","time_insert":"2021-07-16 14:53"}
2024-07-06 00:41:36 查询号码 【1524322】，GSD为【"吉林-吉林"】

2024-07-06 01:16:25 开始第 4421 次操作

2024-07-06 01:16:25 开始操作号码 【1524323】
2024-07-06 01:16:33 GSD getOne 第 1 次 等待 3 秒
2024-07-06 01:16:36 查询号码 【1524323】，返回信息 {"status":"ok","msg":"吉林-吉林","gid":"294069","time_insert":"2021-07-16 15:12"}
2024-07-06 01:16:36 查询号码 【1524323】，GSD为【"吉林-吉林"】

2024-07-06 01:16:37 开始第 4422 次操作

2024-07-06 01:16:37 开始操作号码 【1524324】
2024-07-06 01:16:45 GSD getOne 第 1 次 等待 3 秒
2024-07-06 01:16:48 查询号码 【1524324】，返回信息 {"status":"ok","msg":"吉林-吉林","gid":"294181","time_insert":"2021-07-16 15:27"}
2024-07-06 01:16:48 查询号码 【1524324】，GSD为【"吉林-吉林"】

2024-07-06 01:16:49 开始第 4423 次操作

2024-07-06 01:16:49 开始操作号码 【1524325】
2024-07-06 01:16:57 GSD getOne 第 1 次 等待 3 秒
2024-07-06 01:17:00 查询号码 【1524325】，返回信息 {"status":"ok","msg":"吉林-吉林","gid":"294341","time_insert":"2021-07-16 15:45"}
2024-07-06 01:17:00 查询号码 【1524325】，GSD为【"吉林-吉林"】

2024-07-06 01:17:01 开始第 4424 次操作

2024-07-06 01:17:01 开始操作号码 【1524326】
2024-07-06 01:17:10 GSD getOne 第 1 次 等待 3 秒
2024-07-06 01:17:13 查询号码 【1524326】，返回信息 {"status":"ok","msg":"吉林-吉林","gid":"294590","time_insert":"2021-07-16 16:02"}
2024-07-06 01:17:13 查询号码 【1524326】，GSD为【"吉林-吉林"】

2024-07-06 01:37:30 开始第 4425 次操作

2024-07-06 01:37:30 开始操作号码 【1524327】
2024-07-06 01:37:38 GSD getOne 第 1 次 等待 3 秒
2024-07-06 01:37:41 查询号码 【1524327】，返回信息 {"status":"ok","msg":"吉林-吉林","gid":"294631","time_insert":"2021-07-16 16:17"}
2024-07-06 01:37:41 查询号码 【1524327】，GSD为【"吉林-吉林"】

2024-07-06 01:37:42 开始第 4426 次操作

2024-07-06 01:37:42 开始操作号码 【1524328】
2024-07-06 01:37:50 GSD getOne 第 1 次 等待 3 秒
2024-07-06 01:37:53 查询号码 【1524328】，返回信息 {"status":"ok","msg":"吉林-吉林","gid":"294660","time_insert":"2021-07-16 16:34"}
2024-07-06 01:37:53 查询号码 【1524328】，GSD为【"吉林-吉林"】

2024-07-06 01:37:54 开始第 4427 次操作

2024-07-06 01:37:54 开始操作号码 【1524329】
2024-07-06 01:38:03 GSD getOne 第 1 次 等待 3 秒
2024-07-06 01:38:06 查询号码 【1524329】，返回信息 {"status":"ok","msg":"吉林-吉林","gid":"294808","time_insert":"2021-07-16 16:52"}
2024-07-06 01:38:06 查询号码 【1524329】，GSD为【"吉林-吉林"】

2024-07-06 01:38:07 开始第 4428 次操作

2024-07-06 01:38:07 开始操作号码 【1524330】
2024-07-06 01:38:17 GSD getOne 第 1 次 等待 3 秒
2024-07-06 01:38:20 查询号码 【1524330】，返回信息 {"status":"ok","msg":"河北-廊坊","gid":"295036","time_insert":"2021-07-16 17:09"}
2024-07-06 01:38:20 查询号码 【1524330】，GSD为【"河北-廊坊"】

2024-07-06 02:24:28 开始第 4429 次操作

2024-07-06 02:24:28 开始操作号码 【1524331】
2024-07-06 02:24:36 GSD getOne 第 1 次 等待 3 秒
2024-07-06 02:24:39 查询号码 【1524331】，返回信息 {"status":"ok","msg":"河北-廊坊","gid":"295116","time_insert":"2021-07-16 17:27"}
2024-07-06 02:24:39 查询号码 【1524331】，GSD为【"河北-廊坊"】

2024-07-06 02:24:40 开始第 4430 次操作

2024-07-06 02:24:40 开始操作号码 【1524332】
2024-07-06 02:24:48 GSD getOne 第 1 次 等待 3 秒
2024-07-06 02:24:51 查询号码 【1524332】，返回信息 {"status":"ok","msg":"河北-廊坊","gid":"295167","time_insert":"2021-07-16 17:43"}
2024-07-06 02:24:51 查询号码 【1524332】，GSD为【"河北-廊坊"】

2024-07-06 02:24:52 开始第 4431 次操作

2024-07-06 02:24:52 开始操作号码 【1524333】
2024-07-06 02:25:00 GSD getOne 第 1 次 等待 3 秒
2024-07-06 02:25:03 查询号码 【1524333】，返回信息 {"status":"ok","msg":"河北-廊坊","gid":"295449","time_insert":"2021-07-16 18:02"}
2024-07-06 02:25:03 查询号码 【1524333】，GSD为【"河北-廊坊"】

2024-07-06 02:25:04 开始第 4432 次操作

2024-07-06 02:25:04 开始操作号码 【1524334】
2024-07-06 02:25:12 GSD getOne 第 1 次 等待 3 秒
2024-07-06 02:25:15 查询号码 【1524334】，返回信息 {"status":"ok","msg":"河北-廊坊","gid":"295578","time_insert":"2021-07-16 18:22"}
2024-07-06 02:25:15 查询号码 【1524334】，GSD为【"河北-廊坊"】

2024-07-06 02:40:27 开始第 4433 次操作

2024-07-06 02:40:27 开始操作号码 【1524335】
2024-07-06 02:40:35 GSD getOne 第 1 次 等待 3 秒
2024-07-06 02:40:38 查询号码 【1524335】，返回信息 {"status":"ok","msg":"河北-承德","gid":"295626","time_insert":"2021-07-16 18:41"}
2024-07-06 02:40:38 查询号码 【1524335】，GSD为【"河北-承德"】

2024-07-06 02:40:39 开始第 4434 次操作

2024-07-06 02:40:39 开始操作号码 【1524336】
2024-07-06 02:40:47 GSD getOne 第 1 次 等待 3 秒
2024-07-06 02:40:50 查询号码 【1524336】，返回信息 {"status":"ok","msg":"河北-承德","gid":"295841","time_insert":"2021-07-16 18:59"}
2024-07-06 02:40:50 查询号码 【1524336】，GSD为【"河北-承德"】

2024-07-06 02:40:51 开始第 4435 次操作

2024-07-06 02:40:51 开始操作号码 【1524337】
2024-07-06 02:40:59 GSD getOne 第 1 次 等待 3 秒
2024-07-06 02:41:02 查询号码 【1524337】，返回信息 {"status":"ok","msg":"河北-承德","gid":"295989","time_insert":"2021-07-16 19:17"}
2024-07-06 02:41:02 查询号码 【1524337】，GSD为【"河北-承德"】

2024-07-06 02:41:03 开始第 4436 次操作

2024-07-06 02:41:03 开始操作号码 【1524338】
2024-07-06 02:41:11 GSD getOne 第 1 次 等待 3 秒
2024-07-06 02:41:14 查询号码 【1524338】，返回信息 {"status":"ok","msg":"河北-承德","gid":"296072","time_insert":"2021-07-16 19:34"}
2024-07-06 02:41:14 查询号码 【1524338】，GSD为【"河北-承德"】

2024-07-06 03:13:55 开始第 4437 次操作

2024-07-06 03:13:55 开始操作号码 【1524339】
2024-07-06 03:14:03 GSD getOne 第 1 次 等待 3 秒
2024-07-06 03:14:06 查询号码 【1524339】，返回信息 {"status":"ok","msg":"河北-承德","gid":"296312","time_insert":"2021-07-16 19:52"}
2024-07-06 03:14:06 查询号码 【1524339】，GSD为【"河北-承德"】

2024-07-06 03:14:07 开始第 4438 次操作

2024-07-06 03:14:07 开始操作号码 【1524340】
2024-07-06 03:14:15 GSD getOne 第 1 次 等待 3 秒
2024-07-06 03:14:18 查询号码 【1524340】，返回信息 {"status":"ok","msg":"河北-唐山","gid":"296487","time_insert":"2021-07-16 20:10"}
2024-07-06 03:14:18 查询号码 【1524340】，GSD为【"河北-唐山"】

2024-07-06 03:14:19 开始第 4439 次操作

2024-07-06 03:14:19 开始操作号码 【1524341】
2024-07-06 03:14:28 GSD getOne 第 1 次 等待 3 秒
2024-07-06 03:14:31 查询号码 【1524341】，返回信息 {"status":"ok","msg":"河北-唐山","gid":"296531","time_insert":"2021-07-16 20:29"}
2024-07-06 03:14:31 查询号码 【1524341】，GSD为【"河北-唐山"】

2024-07-06 03:14:32 开始第 4440 次操作

2024-07-06 03:14:32 开始操作号码 【1524342】
2024-07-06 03:14:41 GSD getOne 第 1 次 等待 3 秒
2024-07-06 03:14:44 查询号码 【1524342】，返回信息 {"status":"ok","msg":"河北-唐山","gid":"296569","time_insert":"2021-07-16 20:49"}
2024-07-06 03:14:44 查询号码 【1524342】，GSD为【"河北-唐山"】

2024-07-06 03:37:32 开始第 4441 次操作

2024-07-06 03:37:32 开始操作号码 【1524343】
2024-07-06 03:37:40 GSD getOne 第 1 次 等待 3 秒
2024-07-06 03:37:43 查询号码 【1524343】，返回信息 {"status":"ok","msg":"河北-唐山","gid":"296673","time_insert":"2021-07-16 21:05"}
2024-07-06 03:37:43 查询号码 【1524343】，GSD为【"河北-唐山"】

2024-07-06 03:37:44 开始第 4442 次操作

2024-07-06 03:37:44 开始操作号码 【1524344】
2024-07-06 03:37:52 GSD getOne 第 1 次 等待 3 秒
2024-07-06 03:37:55 查询号码 【1524344】，返回信息 {"status":"ok","msg":"河北-唐山","gid":"296888","time_insert":"2021-07-16 21:20"}
2024-07-06 03:37:55 查询号码 【1524344】，GSD为【"河北-唐山"】

2024-07-06 03:37:56 开始第 4443 次操作

2024-07-06 03:37:56 开始操作号码 【1524345】
2024-07-06 03:38:04 GSD getOne 第 1 次 等待 3 秒
2024-07-06 03:38:07 查询号码 【1524345】，返回信息 {"status":"ok","msg":"河北-秦皇岛","gid":"297024","time_insert":"2021-07-16 21:37"}
2024-07-06 03:38:07 查询号码 【1524345】，GSD为【"河北-秦皇岛"】

2024-07-06 03:38:08 开始第 4444 次操作

2024-07-06 03:38:08 开始操作号码 【1524346】
2024-07-06 03:38:16 GSD getOne 第 1 次 等待 3 秒
2024-07-06 03:38:19 查询号码 【1524346】，返回信息 {"status":"ok","msg":"河北-秦皇岛","gid":"297188","time_insert":"2021-07-16 21:53"}
2024-07-06 03:38:19 查询号码 【1524346】，GSD为【"河北-秦皇岛"】

2024-07-06 04:19:35 开始第 4445 次操作

2024-07-06 04:19:35 开始操作号码 【1524347】
2024-07-06 04:19:43 GSD getOne 第 1 次 等待 3 秒
2024-07-06 04:19:46 查询号码 【1524347】，返回信息 {"status":"ok","msg":"河北-秦皇岛","gid":"297357","time_insert":"2021-07-16 22:10"}
2024-07-06 04:19:46 查询号码 【1524347】，GSD为【"河北-秦皇岛"】

2024-07-06 04:19:47 开始第 4446 次操作

2024-07-06 04:19:47 开始操作号码 【1524348】
2024-07-06 04:19:56 GSD getOne 第 1 次 等待 3 秒
2024-07-06 04:19:59 查询号码 【1524348】，返回信息 {"status":"ok","msg":"河北-秦皇岛","gid":"297441","time_insert":"2021-07-16 22:28"}
2024-07-06 04:19:59 查询号码 【1524348】，GSD为【"河北-秦皇岛"】

2024-07-06 04:20:00 开始第 4447 次操作

2024-07-06 04:20:00 开始操作号码 【1524349】
2024-07-06 04:20:08 GSD getOne 第 1 次 等待 3 秒
2024-07-06 04:20:11 查询号码 【1524349】，返回信息 {"status":"ok","msg":"河北-秦皇岛","gid":"297560","time_insert":"2021-07-16 22:47"}
2024-07-06 04:20:11 查询号码 【1524349】，GSD为【"河北-秦皇岛"】

2024-07-06 04:20:12 开始第 4448 次操作

2024-07-06 04:20:12 开始操作号码 【1524350】
2024-07-06 04:20:20 GSD getOne 第 1 次 等待 3 秒
2024-07-06 04:20:23 查询号码 【1524350】，返回信息 {"status":"ok","msg":"湖南-郴州","gid":"297724","time_insert":"2021-07-16 23:05"}
2024-07-06 04:20:23 查询号码 【1524350】，GSD为【"湖南-郴州"】

2024-07-06 04:37:38 开始第 4449 次操作

2024-07-06 04:37:38 开始操作号码 【1524351】
2024-07-06 04:37:46 GSD getOne 第 1 次 等待 3 秒
2024-07-06 04:37:49 查询号码 【1524351】，返回信息 {"status":"ok","msg":"湖南-郴州","gid":"297873","time_insert":"2021-07-16 23:24"}
2024-07-06 04:37:49 查询号码 【1524351】，GSD为【"湖南-郴州"】

2024-07-06 04:37:50 开始第 4450 次操作

2024-07-06 04:37:50 开始操作号码 【1524352】
2024-07-06 04:37:58 GSD getOne 第 1 次 等待 3 秒
2024-07-06 04:38:01 查询号码 【1524352】，返回信息 {"status":"ok","msg":"湖南-郴州","gid":"297916","time_insert":"2021-07-16 23:40"}
2024-07-06 04:38:01 查询号码 【1524352】，GSD为【"湖南-郴州"】

2024-07-06 04:38:02 开始第 4451 次操作

2024-07-06 04:38:02 开始操作号码 【1524353】
2024-07-06 04:38:10 GSD getOne 第 1 次 等待 3 秒
2024-07-06 04:38:13 查询号码 【1524353】，返回信息 {"status":"ok","msg":"湖南-郴州","gid":"298059","time_insert":"2021-07-16 23:59"}
2024-07-06 04:38:13 查询号码 【1524353】，GSD为【"湖南-郴州"】

2024-07-06 04:38:14 开始第 4452 次操作

2024-07-06 04:38:14 开始操作号码 【1524354】
2024-07-06 04:38:25 GSD getOne 第 1 次 等待 3 秒
2024-07-06 04:38:28 查询号码 【1524354】，返回信息 {"status":"ok","msg":"湖南-郴州","gid":"298222","time_insert":"2021-07-17 00:18"}
2024-07-06 04:38:28 查询号码 【1524354】，GSD为【"湖南-郴州"】

2024-07-06 05:17:30 开始第 4453 次操作

2024-07-06 05:17:30 开始操作号码 【1524355】
2024-07-06 05:17:38 GSD getOne 第 1 次 等待 3 秒
2024-07-06 05:17:41 查询号码 【1524355】，返回信息 {"status":"ok","msg":"湖南-郴州","gid":"298329","time_insert":"2021-07-17 00:34"}
2024-07-06 05:17:41 查询号码 【1524355】，GSD为【"湖南-郴州"】

2024-07-06 05:17:42 开始第 4454 次操作

2024-07-06 05:17:42 开始操作号码 【1524356】
2024-07-06 05:17:52 GSD getOne 第 1 次 等待 3 秒
2024-07-06 05:17:55 查询号码 【1524356】，返回信息 {"status":"ok","msg":"湖南-郴州","gid":"298368","time_insert":"2021-07-17 00:54"}
2024-07-06 05:17:55 查询号码 【1524356】，GSD为【"湖南-郴州"】

2024-07-06 05:17:56 开始第 4455 次操作

2024-07-06 05:17:56 开始操作号码 【1524357】
2024-07-06 05:18:04 GSD getOne 第 1 次 等待 3 秒
2024-07-06 05:18:07 查询号码 【1524357】，返回信息 {"status":"ok","msg":"湖南-郴州","gid":"298455","time_insert":"2021-07-17 01:09"}
2024-07-06 05:18:07 查询号码 【1524357】，GSD为【"湖南-郴州"】

2024-07-06 05:18:08 开始第 4456 次操作

2024-07-06 05:18:08 开始操作号码 【1524358】
2024-07-06 05:18:16 GSD getOne 第 1 次 等待 3 秒
2024-07-06 05:18:19 查询号码 【1524358】，返回信息 {"status":"ok","msg":"湖南-郴州","gid":"298655","time_insert":"2021-07-17 01:27"}
2024-07-06 05:18:19 查询号码 【1524358】，GSD为【"湖南-郴州"】

2024-07-06 05:38:19 开始第 4457 次操作

2024-07-06 05:38:19 开始操作号码 【1524359】
2024-07-06 05:38:27 GSD getOne 第 1 次 等待 3 秒
2024-07-06 05:38:30 查询号码 【1524359】，返回信息 {"status":"ok","msg":"湖南-郴州","gid":"19318","time_insert":"2017-03-31 15:43","time_update":"2020-09-22 17:56"}
2024-07-06 05:38:30 查询号码 【1524359】，GSD为【"湖南-郴州"】

2024-07-06 05:38:31 开始第 4458 次操作

2024-07-06 05:38:31 开始操作号码 【1524360】
2024-07-06 05:38:39 GSD getOne 第 1 次 等待 3 秒
2024-07-06 05:38:42 查询号码 【1524360】，返回信息 {"status":"ok","msg":"湖南-长沙","gid":"298789","time_insert":"2021-07-17 01:47"}
2024-07-06 05:38:42 查询号码 【1524360】，GSD为【"湖南-长沙"】

2024-07-06 05:38:43 开始第 4459 次操作

2024-07-06 05:38:43 开始操作号码 【1524361】
2024-07-06 05:38:52 GSD getOne 第 1 次 等待 3 秒
2024-07-06 05:38:55 查询号码 【1524361】，返回信息 {"status":"ok","msg":"湖南-长沙","gid":"298940","time_insert":"2021-07-17 02:05"}
2024-07-06 05:38:55 查询号码 【1524361】，GSD为【"湖南-长沙"】

2024-07-06 05:38:56 开始第 4460 次操作

2024-07-06 05:38:56 开始操作号码 【1524362】
2024-07-06 05:39:04 GSD getOne 第 1 次 等待 3 秒
2024-07-06 05:39:07 查询号码 【1524362】，返回信息 {"status":"ok","msg":"湖南-长沙","gid":"299051","time_insert":"2021-07-17 02:23"}
2024-07-06 05:39:07 查询号码 【1524362】，GSD为【"湖南-长沙"】

2024-07-06 06:18:28 开始第 4461 次操作

2024-07-06 06:18:28 开始操作号码 【1524363】
2024-07-06 06:18:36 GSD getOne 第 1 次 等待 3 秒
2024-07-06 06:18:39 查询号码 【1524363】，返回信息 {"status":"ok","msg":"湖南-长沙","gid":"299102","time_insert":"2021-07-17 02:41"}
2024-07-06 06:18:39 查询号码 【1524363】，GSD为【"湖南-长沙"】

2024-07-06 06:18:40 开始第 4462 次操作

2024-07-06 06:18:40 开始操作号码 【1524364】
2024-07-06 06:18:48 GSD getOne 第 1 次 等待 3 秒
2024-07-06 06:18:51 查询号码 【1524364】，返回信息 {"status":"ok","msg":"湖南-长沙","gid":"299235","time_insert":"2021-07-17 02:59"}
2024-07-06 06:18:51 查询号码 【1524364】，GSD为【"湖南-长沙"】

2024-07-06 06:18:52 开始第 4463 次操作

2024-07-06 06:18:52 开始操作号码 【1524365】
2024-07-06 06:19:00 GSD getOne 第 1 次 等待 3 秒
2024-07-06 06:19:03 查询号码 【1524365】，返回信息 {"status":"ok","msg":"湖南-长沙","gid":"299421","time_insert":"2021-07-17 03:16"}
2024-07-06 06:19:03 查询号码 【1524365】，GSD为【"湖南-长沙"】

2024-07-06 06:19:04 开始第 4464 次操作

2024-07-06 06:19:04 开始操作号码 【1524366】
2024-07-06 06:19:12 GSD getOne 第 1 次 等待 3 秒
2024-07-06 06:19:15 查询号码 【1524366】，返回信息 {"status":"ok","msg":"湖南-长沙","gid":"299480","time_insert":"2021-07-17 03:35"}
2024-07-06 06:19:15 查询号码 【1524366】，GSD为【"湖南-长沙"】

2024-07-06 06:37:55 开始第 4465 次操作

2024-07-06 06:37:55 开始操作号码 【1524367】
2024-07-06 06:38:03 GSD getOne 第 1 次 等待 3 秒
2024-07-06 06:38:06 查询号码 【1524367】，返回信息 {"status":"ok","msg":"湖南-长沙","gid":"299660","time_insert":"2021-07-17 03:52","time_update":"2021-07-17 09:02"}
2024-07-06 06:38:06 查询号码 【1524367】，GSD为【"湖南-长沙"】

2024-07-06 06:38:07 开始第 4466 次操作

2024-07-06 06:38:07 开始操作号码 【1524368】
2024-07-06 06:38:15 GSD getOne 第 1 次 等待 3 秒
2024-07-06 06:38:18 查询号码 【1524368】，返回信息 {"status":"ok","msg":"湖南-长沙","gid":"299817","time_insert":"2021-07-17 04:11"}
2024-07-06 06:38:18 查询号码 【1524368】，GSD为【"湖南-长沙"】

2024-07-06 06:38:19 开始第 4467 次操作

2024-07-06 06:38:19 开始操作号码 【1524369】
2024-07-06 06:38:27 GSD getOne 第 1 次 等待 3 秒
2024-07-06 06:38:30 查询号码 【1524369】，返回信息 {"status":"ok","msg":"湖南-长沙","gid":"299849","time_insert":"2021-07-17 04:29"}
2024-07-06 06:38:30 查询号码 【1524369】，GSD为【"湖南-长沙"】

2024-07-06 06:38:31 开始第 4468 次操作

2024-07-06 06:38:31 开始操作号码 【1524370】
2024-07-06 06:38:39 GSD getOne 第 1 次 等待 3 秒
2024-07-06 06:38:42 查询号码 【1524370】，返回信息 {"status":"ok","msg":"湖南-益阳","gid":"300012","time_insert":"2021-07-17 04:49"}
2024-07-06 06:38:42 查询号码 【1524370】，GSD为【"湖南-益阳"】

2024-07-06 07:18:09 开始第 4469 次操作

2024-07-06 07:18:09 开始操作号码 【1524371】
2024-07-06 07:18:18 GSD getOne 第 1 次 等待 3 秒
2024-07-06 07:18:21 查询号码 【1524371】，返回信息 {"status":"ok","msg":"湖南-益阳","gid":"300183","time_insert":"2021-07-17 05:06"}
2024-07-06 07:18:21 查询号码 【1524371】，GSD为【"湖南-益阳"】

2024-07-06 07:18:22 开始第 4470 次操作

2024-07-06 07:18:22 开始操作号码 【1524372】
2024-07-06 07:18:30 GSD getOne 第 1 次 等待 3 秒
2024-07-06 07:18:33 查询号码 【1524372】，返回信息 {"status":"ok","msg":"湖南-益阳","gid":"300218","time_insert":"2021-07-17 05:21"}
2024-07-06 07:18:33 查询号码 【1524372】，GSD为【"湖南-益阳"】

2024-07-06 07:18:34 开始第 4471 次操作

2024-07-06 07:18:34 开始操作号码 【1524373】
2024-07-06 07:18:42 GSD getOne 第 1 次 等待 3 秒
2024-07-06 07:18:45 查询号码 【1524373】，返回信息 {"status":"ok","msg":"湖南-益阳","gid":"300263","time_insert":"2021-07-17 05:41"}
2024-07-06 07:18:45 查询号码 【1524373】，GSD为【"湖南-益阳"】

2024-07-06 07:18:46 开始第 4472 次操作

2024-07-06 07:18:46 开始操作号码 【1524374】
2024-07-06 07:18:54 GSD getOne 第 1 次 等待 3 秒
2024-07-06 07:18:57 查询号码 【1524374】，返回信息 {"status":"ok","msg":"湖南-益阳","gid":"300450","time_insert":"2021-07-17 05:58"}
2024-07-06 07:18:57 查询号码 【1524374】，GSD为【"湖南-益阳"】

2024-07-06 07:39:31 开始第 4473 次操作

2024-07-06 07:39:31 开始操作号码 【1524375】
2024-07-06 07:39:39 GSD getOne 第 1 次 等待 3 秒
2024-07-06 07:39:42 查询号码 【1524375】，返回信息 {"status":"ok","msg":"湖南-益阳","gid":"300561","time_insert":"2021-07-17 06:15"}
2024-07-06 07:39:42 查询号码 【1524375】，GSD为【"湖南-益阳"】

2024-07-06 07:39:43 开始第 4474 次操作

2024-07-06 07:39:43 开始操作号码 【1524376】
2024-07-06 07:39:51 GSD getOne 第 1 次 等待 3 秒
2024-07-06 07:39:54 查询号码 【1524376】，返回信息 {"status":"ok","msg":"湖南-益阳","gid":"300609","time_insert":"2021-07-17 06:34"}
2024-07-06 07:39:54 查询号码 【1524376】，GSD为【"湖南-益阳"】

2024-07-06 07:39:55 开始第 4475 次操作

2024-07-06 07:39:55 开始操作号码 【1524377】
2024-07-06 07:40:03 GSD getOne 第 1 次 等待 3 秒
2024-07-06 07:40:06 查询号码 【1524377】，返回信息 {"status":"ok","msg":"湖南-益阳","gid":"19319","time_insert":"2018-05-18 23:04","time_update":"2020-09-22 18:00"}
2024-07-06 07:40:06 查询号码 【1524377】，GSD为【"湖南-益阳"】

2024-07-06 07:40:07 开始第 4476 次操作

2024-07-06 07:40:07 开始操作号码 【1524378】
2024-07-06 07:40:15 GSD getOne 第 1 次 等待 3 秒
2024-07-06 07:40:18 查询号码 【1524378】，返回信息 {"status":"ok","msg":"湖南-益阳","gid":"300797","time_insert":"2021-07-17 06:54"}
2024-07-06 07:40:18 查询号码 【1524378】，GSD为【"湖南-益阳"】

2024-07-06 09:19:07 开始第 4477 次操作

2024-07-06 09:19:07 开始操作号码 【1524379】
2024-07-06 09:19:15 GSD getOne 第 1 次 等待 3 秒
2024-07-06 09:19:18 查询号码 【1524379】，返回信息 {"status":"ok","msg":"湖南-益阳","gid":"300967","time_insert":"2021-07-17 07:14"}
2024-07-06 09:19:18 查询号码 【1524379】，GSD为【"湖南-益阳"】

2024-07-06 09:19:19 开始第 4478 次操作

2024-07-06 09:19:19 开始操作号码 【1524380】
2024-07-06 09:19:27 GSD getOne 第 1 次 等待 3 秒
2024-07-06 09:19:30 查询号码 【1524380】，返回信息 {"status":"ok","msg":"湖南-娄底","gid":"300998","time_insert":"2021-07-17 07:32"}
2024-07-06 09:19:30 查询号码 【1524380】，GSD为【"湖南-娄底"】

2024-07-06 09:19:31 开始第 4479 次操作

2024-07-06 09:19:31 开始操作号码 【1524381】
2024-07-06 09:19:40 GSD getOne 第 1 次 等待 3 秒
2024-07-06 09:19:43 查询号码 【1524381】，返回信息 {"status":"ok","msg":"湖南-娄底","gid":"301178","time_insert":"2021-07-17 07:52"}
2024-07-06 09:19:43 查询号码 【1524381】，GSD为【"湖南-娄底"】

2024-07-06 09:19:44 开始第 4480 次操作

2024-07-06 09:19:44 开始操作号码 【1524382】
2024-07-06 09:19:51 GSD getOne 第 1 次 等待 3 秒
2024-07-06 09:19:54 查询号码 【1524382】，返回信息 {"status":"ok","msg":"湖南-娄底","gid":"301341","time_insert":"2021-07-17 08:11"}
2024-07-06 09:19:54 查询号码 【1524382】，GSD为【"湖南-娄底"】

2024-07-06 10:14:33 开始第 4481 次操作

2024-07-06 10:14:33 开始操作号码 【1524383】
2024-07-06 10:14:44 GSD getOne 第 1 次 等待 3 秒
2024-07-06 10:14:47 查询号码 【1524383】，返回信息 {"status":"ok","msg":"湖南-娄底","gid":"19320","time_insert":"2019-01-18 08:37","time_update":"2020-09-22 18:05"}
2024-07-06 10:14:47 查询号码 【1524383】，GSD为【"湖南-娄底"】

2024-07-06 10:14:48 开始第 4482 次操作

2024-07-06 10:14:48 开始操作号码 【1524384】
2024-07-06 10:14:55 GSD getOne 第 1 次 等待 3 秒
2024-07-06 10:14:58 查询号码 【1524384】，返回信息 {"status":"ok","msg":"湖南-娄底","gid":"301373","time_insert":"2021-07-17 08:28"}
2024-07-06 10:14:58 查询号码 【1524384】，GSD为【"湖南-娄底"】

2024-07-06 10:14:59 开始第 4483 次操作

2024-07-06 10:14:59 开始操作号码 【1524385】
2024-07-06 10:15:07 GSD getOne 第 1 次 等待 3 秒
2024-07-06 10:15:10 查询号码 【1524385】，返回信息 {"status":"ok","msg":"湖南-娄底","gid":"301450","time_insert":"2021-07-17 08:46"}
2024-07-06 10:15:10 查询号码 【1524385】，GSD为【"湖南-娄底"】

2024-07-06 10:15:11 开始第 4484 次操作

2024-07-06 10:15:11 开始操作号码 【1524386】
2024-07-06 10:15:19 GSD getOne 第 1 次 等待 3 秒
2024-07-06 10:15:22 查询号码 【1524386】，返回信息 {"status":"ok","msg":"湖南-娄底","gid":"301522","time_insert":"2021-07-17 09:04"}
2024-07-06 10:15:22 查询号码 【1524386】，GSD为【"湖南-娄底"】

2024-07-06 10:44:01 开始第 4485 次操作

2024-07-06 10:44:01 开始操作号码 【1524387】
2024-07-06 10:44:10 GSD getOne 第 1 次 等待 3 秒
2024-07-06 10:44:13 查询号码 【1524387】，返回信息 {"status":"ok","msg":"湖南-娄底","gid":"301552","time_insert":"2021-07-17 09:22"}
2024-07-06 10:44:13 查询号码 【1524387】，GSD为【"湖南-娄底"】

2024-07-06 10:44:14 开始第 4486 次操作

2024-07-06 10:44:14 开始操作号码 【1524388】
2024-07-06 10:44:22 GSD getOne 第 1 次 等待 3 秒
2024-07-06 10:44:25 查询号码 【1524388】，返回信息 {"status":"ok","msg":"湖南-娄底","gid":"301651","time_insert":"2021-07-17 09:41"}
2024-07-06 10:44:25 查询号码 【1524388】，GSD为【"湖南-娄底"】

2024-07-06 10:44:26 开始第 4487 次操作

2024-07-06 10:44:26 开始操作号码 【1524389】
2024-07-06 10:44:34 GSD getOne 第 1 次 等待 3 秒
2024-07-06 10:44:37 查询号码 【1524389】，返回信息 {"status":"ok","msg":"湖南-娄底","gid":"301903","time_insert":"2021-07-17 09:57"}
2024-07-06 10:44:37 查询号码 【1524389】，GSD为【"湖南-娄底"】

2024-07-06 10:44:38 开始第 4488 次操作

2024-07-06 10:44:38 开始操作号码 【1524390】
2024-07-06 10:44:46 GSD getOne 第 1 次 等待 3 秒
2024-07-06 10:44:49 查询号码 【1524390】，返回信息 {"status":"ok","msg":"湖南-邵阳","gid":"302003","time_insert":"2021-07-17 10:14"}
2024-07-06 10:44:49 查询号码 【1524390】，GSD为【"湖南-邵阳"】

2024-07-06 11:21:49 开始第 4489 次操作

2024-07-06 11:21:49 开始操作号码 【1524391】
2024-07-06 11:21:57 GSD getOne 第 1 次 等待 3 秒
2024-07-06 11:22:00 查询号码 【1524391】，返回信息 {"status":"ok","msg":"湖南-邵阳","gid":"302045","time_insert":"2021-07-17 10:32"}
2024-07-06 11:22:00 查询号码 【1524391】，GSD为【"湖南-邵阳"】

2024-07-06 11:22:01 开始第 4490 次操作

2024-07-06 11:22:01 开始操作号码 【1524392】
2024-07-06 11:22:09 GSD getOne 第 1 次 等待 3 秒
2024-07-06 11:22:12 查询号码 【1524392】，返回信息 {"status":"ok","msg":"湖南-邵阳","gid":"19321","time_insert":"2019-02-22 11:43","time_update":"2020-09-22 18:10"}
2024-07-06 11:22:12 查询号码 【1524392】，GSD为【"湖南-邵阳"】

2024-07-06 11:22:13 开始第 4491 次操作

2024-07-06 11:22:13 开始操作号码 【1524393】
2024-07-06 11:22:21 GSD getOne 第 1 次 等待 3 秒
2024-07-06 11:22:24 查询号码 【1524393】，返回信息 {"status":"ok","msg":"湖南-邵阳","gid":"302071","time_insert":"2021-07-17 10:43"}
2024-07-06 11:22:24 查询号码 【1524393】，GSD为【"湖南-邵阳"】

2024-07-06 11:22:25 开始第 4492 次操作

2024-07-06 11:22:25 开始操作号码 【1524394】
2024-07-06 11:22:33 GSD getOne 第 1 次 等待 3 秒
2024-07-06 11:22:36 查询号码 【1524394】，返回信息 {"status":"ok","msg":"湖南-邵阳","gid":"302235","time_insert":"2021-07-17 10:56"}
2024-07-06 11:22:36 查询号码 【1524394】，GSD为【"湖南-邵阳"】

2024-07-06 11:38:47 开始第 4493 次操作

2024-07-06 11:38:47 开始操作号码 【1524395】
2024-07-06 11:38:54 GSD getOne 第 1 次 等待 3 秒
2024-07-06 11:38:57 查询号码 【1524395】，返回信息 {"status":"ok","msg":"湖南-邵阳","gid":"302457","time_insert":"2021-07-17 11:13"}
2024-07-06 11:38:58 查询号码 【1524395】，GSD为【"湖南-邵阳"】

2024-07-06 11:38:59 开始第 4494 次操作

2024-07-06 11:38:59 开始操作号码 【1524396】
2024-07-06 11:39:06 GSD getOne 第 1 次 等待 3 秒
2024-07-06 11:39:09 查询号码 【1524396】，返回信息 {"status":"ok","msg":"湖南-邵阳","gid":"302526","time_insert":"2021-07-17 11:32"}
2024-07-06 11:39:10 查询号码 【1524396】，GSD为【"湖南-邵阳"】

2024-07-06 11:39:11 开始第 4495 次操作

2024-07-06 11:39:11 开始操作号码 【1524397】
2024-07-06 11:39:18 GSD getOne 第 1 次 等待 3 秒
2024-07-06 11:39:21 查询号码 【1524397】，返回信息 {"status":"ok","msg":"湖南-邵阳","gid":"302636","time_insert":"2021-07-17 11:49"}
2024-07-06 11:39:21 查询号码 【1524397】，GSD为【"湖南-邵阳"】

2024-07-06 11:39:22 开始第 4496 次操作

2024-07-06 11:39:22 开始操作号码 【1524398】
2024-07-06 11:39:30 GSD getOne 第 1 次 等待 3 秒
2024-07-06 11:39:33 查询号码 【1524398】，返回信息 {"status":"ok","msg":"湖南-邵阳","gid":"302854","time_insert":"2021-07-17 12:06"}
2024-07-06 11:39:33 查询号码 【1524398】，GSD为【"湖南-邵阳"】

2024-07-06 12:21:47 开始第 4497 次操作

2024-07-06 12:21:47 开始操作号码 【1524399】
2024-07-06 12:21:58 GSD getOne 第 1 次 等待 3 秒
2024-07-06 12:22:01 查询号码 【1524399】，返回信息 {"status":"ok","msg":"湖南-邵阳","gid":"302964","time_insert":"2021-07-17 12:25"}
2024-07-06 12:22:01 查询号码 【1524399】，GSD为【"湖南-邵阳"】

2024-07-06 12:22:02 开始第 4498 次操作

2024-07-06 12:22:02 开始操作号码 【1524400】
2024-07-06 12:22:11 GSD getOne 第 1 次 等待 3 秒
2024-07-06 12:22:14 查询号码 【1524400】，返回信息 {"status":"ok","msg":"山东-威海","gid":"303019","time_insert":"2021-07-17 12:45"}
2024-07-06 12:22:14 查询号码 【1524400】，GSD为【"山东-威海"】

2024-07-06 12:22:15 开始第 4499 次操作

2024-07-06 12:22:15 开始操作号码 【1524401】
2024-07-06 12:22:23 GSD getOne 第 1 次 等待 3 秒
2024-07-06 12:22:26 查询号码 【1524401】，返回信息 {"status":"ok","msg":"山东-威海","gid":"303267","time_insert":"2021-07-17 13:05"}
2024-07-06 12:22:26 查询号码 【1524401】，GSD为【"山东-威海"】

2024-07-06 12:22:27 开始第 4500 次操作

2024-07-06 12:22:27 开始操作号码 【1524402】
2024-07-06 12:22:35 GSD getOne 第 1 次 等待 3 秒
2024-07-06 12:22:38 查询号码 【1524402】，返回信息 {"status":"ok","msg":"山东-菏泽","gid":"303430","time_insert":"2021-07-17 13:21"}
2024-07-06 12:22:38 查询号码 【1524402】，GSD为【"山东-菏泽"】

2024-07-06 12:39:18 开始第 4501 次操作

2024-07-06 12:39:18 开始操作号码 【1524403】
2024-07-06 12:39:26 GSD getOne 第 1 次 等待 3 秒
2024-07-06 12:39:29 查询号码 【1524403】，返回信息 {"status":"ok","msg":"山东-菏泽","gid":"303496","time_insert":"2021-07-17 13:37"}
2024-07-06 12:39:29 查询号码 【1524403】，GSD为【"山东-菏泽"】

2024-07-06 12:39:30 开始第 4502 次操作

2024-07-06 12:39:30 开始操作号码 【1524404】
2024-07-06 12:39:39 GSD getOne 第 1 次 等待 3 秒
2024-07-06 12:39:42 查询号码 【1524404】，返回信息 {"status":"ok","msg":"山东-菏泽","gid":"303761","time_insert":"2021-07-17 13:56"}
2024-07-06 12:39:43 查询号码 【1524404】，GSD为【"山东-菏泽"】

2024-07-06 12:39:44 开始第 4503 次操作

2024-07-06 12:39:44 开始操作号码 【1524405】
2024-07-06 12:39:52 GSD getOne 第 1 次 等待 3 秒
2024-07-06 12:39:55 查询号码 【1524405】，返回信息 {"status":"ok","msg":"山东-菏泽","gid":"303858","time_insert":"2021-07-17 14:12"}
2024-07-06 12:39:55 查询号码 【1524405】，GSD为【"山东-菏泽"】

2024-07-06 12:39:56 开始第 4504 次操作

2024-07-06 12:39:56 开始操作号码 【1524406】
2024-07-06 12:40:05 GSD getOne 第 1 次 等待 3 秒
2024-07-06 12:40:08 查询号码 【1524406】，返回信息 {"status":"ok","msg":"山东-菏泽","gid":"303913","time_insert":"2021-07-17 14:29"}
2024-07-06 12:40:08 查询号码 【1524406】，GSD为【"山东-菏泽"】

2024-07-06 13:17:26 开始第 4505 次操作

2024-07-06 13:17:26 开始操作号码 【1524407】
2024-07-06 13:17:34 GSD getOne 第 1 次 等待 3 秒
2024-07-06 13:17:37 查询号码 【1524407】，返回信息 {"status":"ok","msg":"山东-日照","gid":"303966","time_insert":"2021-07-17 14:47"}
2024-07-06 13:17:37 查询号码 【1524407】，GSD为【"山东-日照"】

2024-07-06 13:17:38 开始第 4506 次操作

2024-07-06 13:17:38 开始操作号码 【1524408】
2024-07-06 13:17:46 GSD getOne 第 1 次 等待 3 秒
2024-07-06 13:17:49 查询号码 【1524408】，返回信息 {"status":"ok","msg":"山东-日照","gid":"304236","time_insert":"2021-07-17 15:07"}
2024-07-06 13:17:49 查询号码 【1524408】，GSD为【"山东-日照"】

2024-07-06 13:17:50 开始第 4507 次操作

2024-07-06 13:17:50 开始操作号码 【1524409】
2024-07-06 13:17:57 GSD getOne 第 1 次 等待 3 秒
2024-07-06 13:18:00 查询号码 【1524409】，返回信息 {"status":"ok","msg":"山东-日照","gid":"304392","time_insert":"2021-07-17 15:25"}
2024-07-06 13:18:00 查询号码 【1524409】，GSD为【"山东-日照"】

2024-07-06 13:18:01 开始第 4508 次操作

2024-07-06 13:18:01 开始操作号码 【1524410】
2024-07-06 13:18:09 GSD getOne 第 1 次 等待 3 秒
2024-07-06 13:18:12 查询号码 【1524410】，返回信息 {"status":"ok","msg":"山东-泰安","gid":"304524","time_insert":"2021-07-17 15:43"}
2024-07-06 13:18:12 查询号码 【1524410】，GSD为【"山东-泰安"】

2024-07-06 13:37:43 开始第 4509 次操作

2024-07-06 13:37:43 开始操作号码 【1524411】
2024-07-06 13:37:51 GSD getOne 第 1 次 等待 3 秒
2024-07-06 13:37:54 查询号码 【1524411】，返回信息 {"status":"ok","msg":"山东-泰安","gid":"304781","time_insert":"2021-07-17 16:02"}
2024-07-06 13:37:54 查询号码 【1524411】，GSD为【"山东-泰安"】

2024-07-06 13:37:55 开始第 4510 次操作

2024-07-06 13:37:55 开始操作号码 【1524412】
2024-07-06 13:38:03 GSD getOne 第 1 次 等待 3 秒
2024-07-06 13:38:06 查询号码 【1524412】，返回信息 {"status":"ok","msg":"山东-泰安","gid":"304856","time_insert":"2021-07-17 16:18"}
2024-07-06 13:38:06 查询号码 【1524412】，GSD为【"山东-泰安"】

2024-07-06 13:38:07 开始第 4511 次操作

2024-07-06 13:38:07 开始操作号码 【1524413】
2024-07-06 13:38:16 GSD getOne 第 1 次 等待 3 秒
2024-07-06 13:38:19 查询号码 【1524413】，返回信息 {"status":"ok","msg":"山东-泰安","gid":"304896","time_insert":"2021-07-17 16:37"}
2024-07-06 13:38:19 查询号码 【1524413】，GSD为【"山东-泰安"】

2024-07-06 13:38:20 开始第 4512 次操作

2024-07-06 13:38:20 开始操作号码 【1524414】
2024-07-06 13:38:27 GSD getOne 第 1 次 等待 3 秒
2024-07-06 13:38:30 查询号码 【1524414】，返回信息 {"status":"ok","msg":"山东-泰安","gid":"305109","time_insert":"2021-07-17 16:55"}
2024-07-06 13:38:30 查询号码 【1524414】，GSD为【"山东-泰安"】

2024-07-06 14:23:39 开始第 4513 次操作

2024-07-06 14:23:39 开始操作号码 【1524415】
2024-07-06 14:23:41 GSD getOne 第 1 次 等待 3 秒
2024-07-06 14:23:44 查询号码 【1524415】，返回信息 {"status":"ok","msg":"山东-淄博","gid":"305312","time_insert":"2021-07-17 17:11"}
2024-07-06 14:23:44 查询号码 【1524415】，GSD为【"山东-淄博"】

2024-07-06 14:23:45 开始第 4514 次操作

2024-07-06 14:23:45 开始操作号码 【1524416】
2024-07-06 14:23:53 GSD getOne 第 1 次 等待 3 秒
2024-07-06 14:23:56 查询号码 【1524416】，返回信息 {"status":"ok","msg":"山东-淄博","gid":"305364","time_insert":"2021-07-17 17:31"}
2024-07-06 14:23:56 查询号码 【1524416】，GSD为【"山东-淄博"】

2024-07-06 14:23:57 开始第 4515 次操作

2024-07-06 14:23:57 开始操作号码 【1524417】
2024-07-06 14:24:06 GSD getOne 第 1 次 等待 3 秒
2024-07-06 14:24:09 查询号码 【1524417】，返回信息 {"status":"ok","msg":"山东-淄博","gid":"305513","time_insert":"2021-07-17 17:50"}
2024-07-06 14:24:09 查询号码 【1524417】，GSD为【"山东-淄博"】

2024-07-06 14:24:10 开始第 4516 次操作

2024-07-06 14:24:10 开始操作号码 【1524418】
2024-07-06 14:24:21 GSD getOne 第 1 次 等待 3 秒
2024-07-06 14:24:24 查询号码 【1524418】，返回信息 {"status":"ok","msg":"山东-济南","gid":"305768","time_insert":"2021-07-17 18:06"}
2024-07-06 14:24:24 查询号码 【1524418】，GSD为【"山东-济南"】

2024-07-06 14:40:15 开始第 4517 次操作

2024-07-06 14:40:15 开始操作号码 【1524419】
2024-07-06 14:40:23 GSD getOne 第 1 次 等待 3 秒
2024-07-06 14:40:26 查询号码 【1524419】，返回信息 {"status":"ok","msg":"山东-德州","gid":"305837","time_insert":"2021-07-17 18:26"}
2024-07-06 14:40:26 查询号码 【1524419】，GSD为【"山东-德州"】

2024-07-06 14:40:27 开始第 4518 次操作

2024-07-06 14:40:27 开始操作号码 【1524420】
2024-07-06 14:40:36 GSD getOne 第 1 次 等待 3 秒
2024-07-06 14:40:39 查询号码 【1524420】，返回信息 {"status":"ok","msg":"山东-青岛","gid":"305909","time_insert":"2021-07-17 18:43"}
2024-07-06 14:40:39 查询号码 【1524420】，GSD为【"山东-青岛"】

2024-07-06 14:40:40 开始第 4519 次操作

2024-07-06 14:40:40 开始操作号码 【1524421】
2024-07-06 14:40:48 GSD getOne 第 1 次 等待 3 秒
2024-07-06 14:40:51 查询号码 【1524421】，返回信息 {"status":"ok","msg":"山东-青岛","gid":"306158","time_insert":"2021-07-17 18:59"}
2024-07-06 14:40:51 查询号码 【1524421】，GSD为【"山东-青岛"】

2024-07-06 14:40:52 开始第 4520 次操作

2024-07-06 14:40:52 开始操作号码 【1524422】
2024-07-06 14:40:59 GSD getOne 第 1 次 等待 3 秒
2024-07-06 14:41:02 查询号码 【1524422】，返回信息 {"status":"ok","msg":"山东-青岛","gid":"306282","time_insert":"2021-07-17 19:16"}
2024-07-06 14:41:02 查询号码 【1524422】，GSD为【"山东-青岛"】

2024-07-06 15:15:49 开始第 4521 次操作

2024-07-06 15:15:49 开始操作号码 【1524423】
2024-07-06 15:15:57 GSD getOne 第 1 次 等待 3 秒
2024-07-06 15:16:00 查询号码 【1524423】，返回信息 {"status":"ok","msg":"山东-青岛","gid":"306343","time_insert":"2021-07-17 19:34"}
2024-07-06 15:16:00 查询号码 【1524423】，GSD为【"山东-青岛"】

2024-07-06 15:16:01 开始第 4522 次操作

2024-07-06 15:16:01 开始操作号码 【1524424】
2024-07-06 15:16:09 GSD getOne 第 1 次 等待 3 秒
2024-07-06 15:16:12 查询号码 【1524424】，返回信息 {"status":"ok","msg":"山东-青岛","gid":"306554","time_insert":"2021-07-17 19:51"}
2024-07-06 15:16:12 查询号码 【1524424】，GSD为【"山东-青岛"】

2024-07-06 15:16:13 开始第 4523 次操作

2024-07-06 15:16:13 开始操作号码 【1524425】
2024-07-06 15:16:22 GSD getOne 第 1 次 等待 3 秒
2024-07-06 15:16:25 查询号码 【1524425】，返回信息 {"status":"ok","msg":"山东-青岛","gid":"306745","time_insert":"2021-07-17 20:06"}
2024-07-06 15:16:25 查询号码 【1524425】，GSD为【"山东-青岛"】

2024-07-06 15:16:26 开始第 4524 次操作

2024-07-06 15:16:26 开始操作号码 【1524426】
2024-07-06 15:16:33 GSD getOne 第 1 次 等待 3 秒
2024-07-06 15:16:36 查询号码 【1524426】，返回信息 {"status":"ok","msg":"山东-青岛","gid":"306804","time_insert":"2021-07-17 20:24"}
2024-07-06 15:16:36 查询号码 【1524426】，GSD为【"山东-青岛"】

2024-07-06 15:37:56 开始第 4525 次操作

2024-07-06 15:37:56 开始操作号码 【1524427】
2024-07-06 15:38:04 GSD getOne 第 1 次 等待 3 秒
2024-07-06 15:38:07 查询号码 【1524427】，返回信息 {"status":"ok","msg":"山东-青岛","gid":"306835","time_insert":"2021-07-17 20:39"}
2024-07-06 15:38:07 查询号码 【1524427】，GSD为【"山东-青岛"】

2024-07-06 15:38:08 开始第 4526 次操作

2024-07-06 15:38:08 开始操作号码 【1524428】
2024-07-06 15:38:16 GSD getOne 第 1 次 等待 3 秒
2024-07-06 15:38:19 查询号码 【1524428】，返回信息 {"status":"ok","msg":"山东-青岛","gid":"306898","time_insert":"2021-07-17 20:59"}
2024-07-06 15:38:19 查询号码 【1524428】，GSD为【"山东-青岛"】

2024-07-06 15:38:20 开始第 4527 次操作

2024-07-06 15:38:20 开始操作号码 【1524429】
2024-07-06 15:38:28 GSD getOne 第 1 次 等待 3 秒
2024-07-06 15:38:31 查询号码 【1524429】，返回信息 {"status":"ok","msg":"山东-青岛","gid":"307130","time_insert":"2021-07-17 21:14"}
2024-07-06 15:38:31 查询号码 【1524429】，GSD为【"山东-青岛"】

2024-07-06 15:38:32 开始第 4528 次操作

2024-07-06 15:38:32 开始操作号码 【1524430】
2024-07-06 15:38:39 GSD getOne 第 1 次 等待 3 秒
2024-07-06 15:38:42 查询号码 【1524430】，返回信息 {"status":"ok","msg":"山东-临沂","gid":"307283","time_insert":"2021-07-17 21:29"}
2024-07-06 15:38:42 查询号码 【1524430】，GSD为【"山东-临沂"】

2024-07-06 16:23:02 开始第 4529 次操作

2024-07-06 16:23:02 开始操作号码 【1524431】
2024-07-06 16:23:10 GSD getOne 第 1 次 等待 3 秒
2024-07-06 16:23:13 查询号码 【1524431】，返回信息 {"status":"ok","msg":"山东-临沂","gid":"307475","time_insert":"2021-07-17 21:47"}
2024-07-06 16:23:13 查询号码 【1524431】，GSD为【"山东-临沂"】

2024-07-06 16:23:14 开始第 4530 次操作

2024-07-06 16:23:14 开始操作号码 【1524432】
2024-07-06 16:23:23 GSD getOne 第 1 次 等待 3 秒
2024-07-06 16:23:26 查询号码 【1524432】，返回信息 {"status":"ok","msg":"山东-临沂","gid":"307699","time_insert":"2021-07-17 22:02"}
2024-07-06 16:23:26 查询号码 【1524432】，GSD为【"山东-临沂"】

2024-07-06 16:23:27 开始第 4531 次操作

2024-07-06 16:23:27 开始操作号码 【1524433】
2024-07-06 16:23:35 GSD getOne 第 1 次 等待 3 秒
2024-07-06 16:23:38 查询号码 【1524433】，返回信息 {"status":"ok","msg":"山东-临沂","gid":"307765","time_insert":"2021-07-17 22:19"}
2024-07-06 16:23:38 查询号码 【1524433】，GSD为【"山东-临沂"】

2024-07-06 16:23:39 开始第 4532 次操作

2024-07-06 16:23:39 开始操作号码 【1524434】
2024-07-06 16:23:47 GSD getOne 第 1 次 等待 3 秒
2024-07-06 16:23:50 查询号码 【1524434】，返回信息 {"status":"ok","msg":"山东-临沂","gid":"307812","time_insert":"2021-07-17 22:36"}
2024-07-06 16:23:50 查询号码 【1524434】，GSD为【"山东-临沂"】

2024-07-06 16:38:59 开始第 4533 次操作

2024-07-06 16:38:59 开始操作号码 【1524435】
2024-07-06 16:39:08 GSD getOne 第 1 次 等待 3 秒
2024-07-06 16:39:11 查询号码 【1524435】，返回信息 {"status":"ok","msg":"山东-临沂","gid":"308063","time_insert":"2021-07-17 22:52","time_update":"2021-07-18 01:36"}
2024-07-06 16:39:11 查询号码 【1524435】，GSD为【"山东-临沂"】

2024-07-06 16:39:12 开始第 4534 次操作

2024-07-06 16:39:12 开始操作号码 【1524436】
2024-07-06 16:39:20 GSD getOne 第 1 次 等待 3 秒
2024-07-06 16:39:23 查询号码 【1524436】，返回信息 {"status":"ok","msg":"山东-临沂","gid":"308215","time_insert":"2021-07-17 23:11"}
2024-07-06 16:39:23 查询号码 【1524436】，GSD为【"山东-临沂"】

2024-07-06 16:39:24 开始第 4535 次操作

2024-07-06 16:39:24 开始操作号码 【1524437】
2024-07-06 16:39:32 GSD getOne 第 1 次 等待 3 秒
2024-07-06 16:39:35 查询号码 【1524437】，返回信息 {"status":"ok","msg":"山东-临沂","gid":"308267","time_insert":"2021-07-17 23:27"}
2024-07-06 16:39:35 查询号码 【1524437】，GSD为【"山东-临沂"】

2024-07-06 16:39:36 开始第 4536 次操作

2024-07-06 16:39:36 开始操作号码 【1524438】
2024-07-06 16:39:44 GSD getOne 第 1 次 等待 3 秒
2024-07-06 16:39:47 查询号码 【1524438】，返回信息 {"status":"ok","msg":"山东-临沂","gid":"308307","time_insert":"2021-07-17 23:44"}
2024-07-06 16:39:47 查询号码 【1524438】，GSD为【"山东-临沂"】

2024-07-06 17:21:13 开始第 4537 次操作

2024-07-06 17:21:13 开始操作号码 【1524439】
2024-07-06 17:21:21 GSD getOne 第 1 次 等待 3 秒
2024-07-06 17:21:24 查询号码 【1524439】，返回信息 {"status":"ok","msg":"山东-临沂","gid":"308518","time_insert":"2021-07-18 00:00"}
2024-07-06 17:21:25 查询号码 【1524439】，GSD为【"山东-临沂"】

2024-07-06 17:21:26 开始第 4538 次操作

2024-07-06 17:21:26 开始操作号码 【1524440】
2024-07-06 17:21:34 GSD getOne 第 1 次 等待 3 秒
2024-07-06 17:21:37 查询号码 【1524440】，返回信息 {"status":"ok","msg":"山东-潍坊","gid":"308726","time_insert":"2021-07-18 00:18"}
2024-07-06 17:21:37 查询号码 【1524440】，GSD为【"山东-潍坊"】

2024-07-06 17:21:38 开始第 4539 次操作

2024-07-06 17:21:38 开始操作号码 【1524441】
2024-07-06 17:21:46 GSD getOne 第 1 次 等待 3 秒
2024-07-06 17:21:49 查询号码 【1524441】，返回信息 {"status":"ok","msg":"山东-潍坊","gid":"308771","time_insert":"2021-07-18 00:37"}
2024-07-06 17:21:49 查询号码 【1524441】，GSD为【"山东-潍坊"】

2024-07-06 17:21:50 开始第 4540 次操作

2024-07-06 17:21:50 开始操作号码 【1524442】
2024-07-06 17:21:58 GSD getOne 第 1 次 等待 3 秒
2024-07-06 17:22:01 查询号码 【1524442】，返回信息 {"status":"ok","msg":"山东-潍坊","gid":"308816","time_insert":"2021-07-18 00:57"}
2024-07-06 17:22:01 查询号码 【1524442】，GSD为【"山东-潍坊"】

2024-07-06 17:37:38 开始第 4541 次操作

2024-07-06 17:37:38 开始操作号码 【1524443】
2024-07-06 17:37:46 GSD getOne 第 1 次 等待 3 秒
2024-07-06 17:37:49 查询号码 【1524443】，返回信息 {"status":"ok","msg":"山东-潍坊","gid":"309035","time_insert":"2021-07-18 01:15"}
2024-07-06 17:37:49 查询号码 【1524443】，GSD为【"山东-潍坊"】

2024-07-06 17:37:50 开始第 4542 次操作

2024-07-06 17:37:50 开始操作号码 【1524444】
2024-07-06 17:38:00 GSD getOne 第 1 次 等待 3 秒
2024-07-06 17:38:03 查询号码 【1524444】，返回信息 {"status":"ok","msg":"山东-潍坊","gid":"309219","time_insert":"2021-07-18 01:31"}
2024-07-06 17:38:03 查询号码 【1524444】，GSD为【"山东-潍坊"】

2024-07-06 17:38:04 开始第 4543 次操作

2024-07-06 17:38:04 开始操作号码 【1524445】
2024-07-06 17:38:13 GSD getOne 第 1 次 等待 3 秒
2024-07-06 17:38:16 查询号码 【1524445】，返回信息 {"status":"ok","msg":"山东-潍坊","gid":"309389","time_insert":"2021-07-18 01:49"}
2024-07-06 17:38:16 查询号码 【1524445】，GSD为【"山东-潍坊"】

2024-07-06 17:38:17 开始第 4544 次操作

2024-07-06 17:38:17 开始操作号码 【1524446】
2024-07-06 17:38:25 GSD getOne 第 1 次 等待 3 秒
2024-07-06 17:38:28 查询号码 【1524446】，返回信息 {"status":"ok","msg":"山东-潍坊","gid":"309635","time_insert":"2021-07-18 02:09"}
2024-07-06 17:38:28 查询号码 【1524446】，GSD为【"山东-潍坊"】

2024-07-06 18:17:49 开始第 4545 次操作

2024-07-06 18:17:49 开始操作号码 【1524447】
2024-07-06 18:17:58 GSD getOne 第 1 次 等待 3 秒
2024-07-06 18:18:01 查询号码 【1524447】，返回信息 {"status":"ok","msg":"山东-潍坊","gid":"19322","time_insert":"2017-08-15 11:17","time_update":"2021-06-02 05:02"}
2024-07-06 18:18:01 查询号码 【1524447】，GSD为【"山东-潍坊"】

2024-07-06 18:18:02 开始第 4546 次操作

2024-07-06 18:18:02 开始操作号码 【1524448】
2024-07-06 18:18:10 GSD getOne 第 1 次 等待 3 秒
2024-07-06 18:18:13 查询号码 【1524448】，返回信息 {"status":"ok","msg":"山东-潍坊","gid":"309702","time_insert":"2021-07-18 02:28"}
2024-07-06 18:18:13 查询号码 【1524448】，GSD为【"山东-潍坊"】

2024-07-06 18:18:14 开始第 4547 次操作

2024-07-06 18:18:14 开始操作号码 【1524449】
2024-07-06 18:18:22 GSD getOne 第 1 次 等待 3 秒
2024-07-06 18:18:25 查询号码 【1524449】，返回信息 {"status":"ok","msg":"山东-潍坊","gid":"309785","time_insert":"2021-07-18 02:48"}
2024-07-06 18:18:25 查询号码 【1524449】，GSD为【"山东-潍坊"】

2024-07-06 18:18:26 开始第 4548 次操作

2024-07-06 18:18:26 开始操作号码 【1524450】
2024-07-06 18:18:34 GSD getOne 第 1 次 等待 3 秒
2024-07-06 18:18:37 查询号码 【1524450】，返回信息 {"status":"ok","msg":"山东-烟台","gid":"310053","time_insert":"2021-07-18 03:04"}
2024-07-06 18:18:37 查询号码 【1524450】，GSD为【"山东-烟台"】

2024-07-06 18:37:21 开始第 4549 次操作

2024-07-06 18:37:21 开始操作号码 【1524451】
2024-07-06 18:37:30 GSD getOne 第 1 次 等待 3 秒
2024-07-06 18:37:33 查询号码 【1524451】，返回信息 {"status":"ok","msg":"山东-烟台","gid":"310182","time_insert":"2021-07-18 03:20"}
2024-07-06 18:37:33 查询号码 【1524451】，GSD为【"山东-烟台"】

2024-07-06 18:37:34 开始第 4550 次操作

2024-07-06 18:37:34 开始操作号码 【1524452】
2024-07-06 18:37:41 GSD getOne 第 1 次 等待 3 秒
2024-07-06 18:37:44 查询号码 【1524452】，返回信息 {"status":"ok","msg":"山东-烟台","gid":"310260","time_insert":"2021-07-18 03:38"}
2024-07-06 18:37:44 查询号码 【1524452】，GSD为【"山东-烟台"】

2024-07-06 18:37:45 开始第 4551 次操作

2024-07-06 18:37:45 开始操作号码 【1524453】
2024-07-06 18:37:53 GSD getOne 第 1 次 等待 3 秒
2024-07-06 18:37:56 查询号码 【1524453】，返回信息 {"status":"ok","msg":"山东-烟台","gid":"19323","time_insert":"2019-02-22 09:15","time_update":"2021-06-02 05:20"}
2024-07-06 18:37:56 查询号码 【1524453】，GSD为【"山东-烟台"】

2024-07-06 18:37:57 开始第 4552 次操作

2024-07-06 18:37:57 开始操作号码 【1524454】
2024-07-06 18:38:05 GSD getOne 第 1 次 等待 3 秒
2024-07-06 18:38:08 查询号码 【1524454】，返回信息 {"status":"ok","msg":"山东-烟台","gid":"310509","time_insert":"2021-07-18 03:53"}
2024-07-06 18:38:08 查询号码 【1524454】，GSD为【"山东-烟台"】

2024-07-06 19:15:13 开始第 4553 次操作

2024-07-06 19:15:13 开始操作号码 【1524455】
2024-07-06 19:15:23 GSD getOne 第 1 次 等待 3 秒
2024-07-06 19:15:26 查询号码 【1524455】，返回信息 {"status":"ok","msg":"山东-烟台","gid":"310653","time_insert":"2021-07-18 04:13"}
2024-07-06 19:15:26 查询号码 【1524455】，GSD为【"山东-烟台"】

2024-07-06 19:15:27 开始第 4554 次操作

2024-07-06 19:15:27 开始操作号码 【1524456】
2024-07-06 19:15:37 GSD getOne 第 1 次 等待 3 秒
2024-07-06 19:15:40 查询号码 【1524456】，返回信息 {"status":"ok","msg":"山东-烟台","gid":"310695","time_insert":"2021-07-18 04:32"}
2024-07-06 19:15:40 查询号码 【1524456】，GSD为【"山东-烟台"】

2024-07-06 19:15:41 开始第 4555 次操作

2024-07-06 19:15:41 开始操作号码 【1524457】
2024-07-06 19:15:49 GSD getOne 第 1 次 等待 3 秒
2024-07-06 19:15:52 查询号码 【1524457】，返回信息 {"status":"ok","msg":"山东-烟台","gid":"310921","time_insert":"2021-07-18 04:52"}
2024-07-06 19:15:52 查询号码 【1524457】，GSD为【"山东-烟台"】

2024-07-06 19:15:53 开始第 4556 次操作

2024-07-06 19:15:53 开始操作号码 【1524458】
2024-07-06 19:16:01 GSD getOne 第 1 次 等待 3 秒
2024-07-06 19:16:04 查询号码 【1524458】，返回信息 {"status":"ok","msg":"山东-烟台","gid":"311124","time_insert":"2021-07-18 05:09"}
2024-07-06 19:16:04 查询号码 【1524458】，GSD为【"山东-烟台"】

2024-07-06 19:37:42 开始第 4557 次操作

2024-07-06 19:37:42 开始操作号码 【1524459】
2024-07-06 19:37:50 GSD getOne 第 1 次 等待 3 秒
2024-07-06 19:37:53 查询号码 【1524459】，返回信息 {"status":"ok","msg":"山东-烟台","gid":"19324","time_insert":"2017-05-10 16:05","time_update":"2021-06-02 05:33"}
2024-07-06 19:37:53 查询号码 【1524459】，GSD为【"山东-烟台"】

2024-07-06 19:37:54 开始第 4558 次操作

2024-07-06 19:37:54 开始操作号码 【1524460】
2024-07-06 19:38:05 GSD getOne 第 1 次 等待 3 秒
2024-07-06 19:38:08 查询号码 【1524460】，返回信息 {"status":"ok","msg":"黑龙江-哈尔滨","gid":"311169","time_insert":"2021-07-18 05:28"}
2024-07-06 19:38:08 查询号码 【1524460】，GSD为【"黑龙江-哈尔滨"】

2024-07-06 19:38:09 开始第 4559 次操作

2024-07-06 19:38:09 开始操作号码 【1524461】
2024-07-06 19:38:17 GSD getOne 第 1 次 等待 3 秒
2024-07-06 19:38:20 查询号码 【1524461】，返回信息 {"status":"ok","msg":"黑龙江-哈尔滨","gid":"311318","time_insert":"2021-07-18 05:47"}
2024-07-06 19:38:20 查询号码 【1524461】，GSD为【"黑龙江-哈尔滨"】

2024-07-06 19:38:21 开始第 4560 次操作

2024-07-06 19:38:21 开始操作号码 【1524462】
2024-07-06 19:38:30 GSD getOne 第 1 次 等待 3 秒
2024-07-06 19:38:33 查询号码 【1524462】，返回信息 {"status":"ok","msg":"黑龙江-哈尔滨","gid":"311584","time_insert":"2021-07-18 06:06"}
2024-07-06 19:38:33 查询号码 【1524462】，GSD为【"黑龙江-哈尔滨"】

