2024-05-13 00:20:34 开始第 8473 次操作

2024-05-13 00:20:34 开始操作号码 【1638387】
2024-05-13 00:20:45 GSD getOne 第 1 次 等待 3 秒
2024-05-13 00:20:48 查询号码 【1638387】，返回信息 {"status":"ok","msg":"-","gid":"666782","time_insert":"2023-04-20 16:15"}
2024-05-13 00:20:48 查询号码 【1638387】，GSD为【"-"】
2024-05-13 00:20:48 ok && -
2024-05-13 00:20:50 CHB 1638387?1715530848 第 1 次 等待 3 秒
2024-05-13 00:20:54 CHB 1638387?1715530848 第 1 次 获取到号码【1638387】GSD
2024-05-13 00:20:54 未获取到号码【1638387】GSD，可能号码格式错误
2024-05-13 00:20:54 获取到号码【1638387】的GSD为【-】
2024-05-13 00:21:06 GSD insert 第 1 次 等待 3 秒
2024-05-13 00:21:09 {"status":"bad","gid":"666782","msg":"添加失败！号码【1638387(-|-)】已存在！"}
2024-05-13 00:21:09 随机等待 222 秒，约 3 分钟
2024-05-13 00:21:09 下次操作: 2024-05-13 00:24:51

2024-05-13 00:24:51 开始第 8474 次操作

2024-05-13 00:24:51 开始操作号码 【1638388】
2024-05-13 00:24:56 GSD getOne 第 1 次 等待 3 秒
2024-05-13 00:24:59 查询号码 【1638388】，返回信息 {"status":"ok","msg":"-","gid":"666803","time_insert":"2023-04-20 16:30"}
2024-05-13 00:24:59 查询号码 【1638388】，GSD为【"-"】
2024-05-13 00:24:59 ok && -
2024-05-13 00:25:01 CHB 1638388?1715531099 第 1 次 等待 3 秒
2024-05-13 00:25:04 CHB 1638388?1715531099 第 1 次 获取到号码【1638388】GSD
2024-05-13 00:25:04 未获取到号码【1638388】GSD，可能号码格式错误
2024-05-13 00:25:04 获取到号码【1638388】的GSD为【-】
2024-05-13 00:25:09 GSD insert 第 1 次 等待 3 秒
2024-05-13 00:25:12 {"status":"bad","gid":"666803","msg":"添加失败！号码【1638388(-|-)】已存在！"}
2024-05-13 00:25:12 随机等待 123 秒，约 2 分钟
2024-05-13 00:25:12 下次操作: 2024-05-13 00:27:15

2024-05-13 00:27:15 开始第 8475 次操作

2024-05-13 00:27:15 开始操作号码 【1638389】
2024-05-13 00:27:21 GSD getOne 第 1 次 等待 3 秒
2024-05-13 00:27:24 查询号码 【1638389】，返回信息 {"status":"ok","msg":"-","gid":"666832","time_insert":"2023-04-20 16:47"}
2024-05-13 00:27:24 查询号码 【1638389】，GSD为【"-"】
2024-05-13 00:27:24 ok && -
2024-05-13 00:27:27 CHB 1638389?1715531244 第 1 次 等待 3 秒
2024-05-13 00:27:30 CHB 1638389?1715531244 第 1 次 获取到号码【1638389】GSD
2024-05-13 00:27:30 未获取到号码【1638389】GSD，可能号码格式错误
2024-05-13 00:27:30 获取到号码【1638389】的GSD为【-】
2024-05-13 00:27:37 GSD insert 第 1 次 等待 3 秒
2024-05-13 00:27:40 {"status":"bad","gid":"666832","msg":"添加失败！号码【1638389(-|-)】已存在！"}
2024-05-13 00:27:40 随机等待 170 秒，约 2 分钟
2024-05-13 00:27:40 下次操作: 2024-05-13 00:30:30

2024-05-13 00:30:30 开始第 8476 次操作

2024-05-13 00:30:30 开始操作号码 【1638390】
2024-05-13 00:30:38 GSD getOne 第 1 次 等待 3 秒
2024-05-13 00:30:41 查询号码 【1638390】，返回信息 {"status":"ok","msg":"-","gid":"666862","time_insert":"2023-04-20 17:05"}
2024-05-13 00:30:41 查询号码 【1638390】，GSD为【"-"】
2024-05-13 00:30:41 ok && -
2024-05-13 00:31:40 CHB 1638390?1715531441 第 1 次 等待 3 秒
2024-05-13 00:31:43 CHB 1638390?1715531441 第 1 次 获取到号码【1638390】GSD
2024-05-13 00:31:43 未获取到号码【1638390】GSD，可能号码格式错误
2024-05-13 00:31:43 获取到号码【1638390】的GSD为【-】
2024-05-13 00:31:50 GSD insert 第 1 次 等待 3 秒
2024-05-13 00:31:53 {"status":"bad","gid":"666862","msg":"添加失败！号码【1638390(-|-)】已存在！"}

