2024-04-01 00:19:37 开始第 1229 次操作

2024-04-01 00:19:37 开始操作号码 【1631148】
2024-04-01 00:19:44 GSD getOne 第 1 次 等待 3 秒
2024-04-01 00:19:47 查询号码 【1631148】，返回信息 {"status":"ok","msg":"-","gid":"535484","time_insert":"2023-02-17 09:40"}
2024-04-01 00:19:47 查询号码 【1631148】，GSD为【"-"】
2024-04-01 00:19:47 ok && -
2024-04-01 00:19:49 CHB 1631148?1711901987 第 1 次 等待 3 秒
2024-04-01 00:19:52 CHB 1631148?1711901987 第 1 次 获取到号码【1631148】GSD
2024-04-01 00:19:52 未获取到号码【1631148】GSD，可能号码格式错误
2024-04-01 00:19:52 获取到号码【1631148】的GSD为【-】
2024-04-01 00:19:57 GSD insert 第 1 次 等待 3 秒
2024-04-01 00:20:00 {"status":"bad","gid":"535484","msg":"添加失败！号码【1631148(-|-)】已存在！"}
2024-04-01 00:20:00 随机等待 136 秒，约 2 分钟
2024-04-01 00:20:00 下次操作: 2024-04-01 00:22:16

2024-04-01 00:22:16 开始第 1230 次操作

2024-04-01 00:22:16 开始操作号码 【1631149】
2024-04-01 00:22:20 GSD getOne 第 1 次 等待 3 秒
2024-04-01 00:22:23 查询号码 【1631149】，返回信息 {"status":"ok","msg":"-","gid":"535504","time_insert":"2023-02-17 09:55"}
2024-04-01 00:22:23 查询号码 【1631149】，GSD为【"-"】
2024-04-01 00:22:23 ok && -
2024-04-01 00:22:25 CHB 1631149?1711902143 第 1 次 等待 3 秒
2024-04-01 00:22:28 CHB 1631149?1711902143 第 1 次 获取到号码【1631149】GSD
2024-04-01 00:22:28 未获取到号码【1631149】GSD，可能号码格式错误
2024-04-01 00:22:28 获取到号码【1631149】的GSD为【-】
2024-04-01 00:22:33 GSD insert 第 1 次 等待 3 秒
2024-04-01 00:22:36 {"status":"bad","gid":"535504","msg":"添加失败！号码【1631149(-|-)】已存在！"}
2024-04-01 00:22:36 随机等待 203 秒，约 3 分钟
2024-04-01 00:22:36 下次操作: 2024-04-01 00:25:59

2024-04-01 00:25:59 开始第 1231 次操作

2024-04-01 00:25:59 开始操作号码 【1631150】
2024-04-01 00:26:03 GSD getOne 第 1 次 等待 3 秒
2024-04-01 00:26:06 查询号码 【1631150】，返回信息 {"status":"ok","msg":"-","gid":"535528","time_insert":"2023-02-17 10:13"}
2024-04-01 00:26:06 查询号码 【1631150】，GSD为【"-"】
2024-04-01 00:26:06 ok && -
2024-04-01 00:26:09 CHB 1631150?1711902366 第 1 次 等待 3 秒
2024-04-01 00:26:12 CHB 1631150?1711902366 第 1 次 获取到号码【1631150】GSD
2024-04-01 00:26:12 未获取到号码【1631150】GSD，可能号码格式错误
2024-04-01 00:26:12 获取到号码【1631150】的GSD为【-】
2024-04-01 00:26:36 GSD insert 第 1 次 等待 3 秒
2024-04-01 00:26:40 {"status":"bad","gid":"535528","msg":"添加失败！号码【1631150(-|-)】已存在！"}
2024-04-01 00:26:40 随机等待 140 秒，约 2 分钟
2024-04-01 00:26:40 下次操作: 2024-04-01 00:29:00

2024-04-01 00:29:00 开始第 1232 次操作

2024-04-01 00:29:00 开始操作号码 【1631151】
2024-04-01 00:29:04 GSD getOne 第 1 次 等待 3 秒
2024-04-01 00:29:07 查询号码 【1631151】，返回信息 {"status":"ok","msg":"-","gid":"535551","time_insert":"2023-02-17 10:30"}
2024-04-01 00:29:07 查询号码 【1631151】，GSD为【"-"】
2024-04-01 00:29:07 ok && -
2024-04-01 00:29:09 CHB 1631151?1711902547 第 1 次 等待 3 秒
2024-04-01 00:29:12 CHB 1631151?1711902547 第 1 次 获取到号码【1631151】GSD
2024-04-01 00:29:12 未获取到号码【1631151】GSD，可能号码格式错误
2024-04-01 00:29:12 获取到号码【1631151】的GSD为【-】
2024-04-01 00:29:17 GSD insert 第 1 次 等待 3 秒
2024-04-01 00:29:20 {"status":"bad","gid":"535551","msg":"添加失败！号码【1631151(-|-)】已存在！"}

