2023-10-21 00:21:12 开始第 4153 次操作

2023-10-21 00:21:12 开始操作号码 【1954071】
2023-10-21 00:21:20 GSD getOne 第 1 次 等待 3 秒
2023-10-21 00:21:23 查询号码 【1954071】，返回信息 {"status":"ok","msg":"广东-深圳","gid":"514499","time_insert":"2021-08-17 08:01"}
2023-10-21 00:21:24 查询号码 【1954071】，GSD为【"广东-深圳"】

2023-10-21 00:21:25 开始第 4154 次操作

2023-10-21 00:21:25 开始操作号码 【1954072】
2023-10-21 00:21:31 GSD getOne 第 1 次 等待 3 秒
2023-10-21 00:21:34 查询号码 【1954072】，返回信息 {"status":"ok","msg":"广东-广州","gid":"514508","time_insert":"2021-08-17 08:11"}
2023-10-21 00:21:34 查询号码 【1954072】，GSD为【"广东-广州"】

2023-10-21 00:21:35 开始第 4155 次操作

2023-10-21 00:21:35 开始操作号码 【1954073】
2023-10-21 00:22:24 GSD getOne 第 1 次 等待 3 秒
2023-10-21 00:22:27 查询号码 【1954073】，返回信息 {"status":"ok","msg":"广东-深圳","gid":"514528","time_insert":"2021-08-17 08:24"}
2023-10-21 00:22:27 查询号码 【1954073】，GSD为【"广东-深圳"】

2023-10-21 00:22:28 开始第 4156 次操作

2023-10-21 00:22:28 开始操作号码 【1954074】
2023-10-21 00:22:33 GSD getOne 第 1 次 等待 3 秒
2023-10-21 00:22:36 查询号码 【1954074】，返回信息 {"status":"ok","msg":"广东-深圳","gid":"514543","time_insert":"2021-08-17 08:35"}
2023-10-21 00:22:36 查询号码 【1954074】，GSD为【"广东-深圳"】

