2024-01-01 00:20:05 开始第 6213 次操作

2024-01-01 00:20:05 开始操作号码 【1856132】
2024-01-01 00:20:08 GSD getOne 第 1 次 等待 3 秒
2024-01-01 00:20:11 查询号码 【1856132】，返回信息 {"status":"ok","msg":"山东-青岛","gid":"441155","time_insert":"2021-07-30 05:44"}
2024-01-01 00:20:11 查询号码 【1856132】，GSD为【"山东-青岛"】

2024-01-01 00:20:12 开始第 6214 次操作

2024-01-01 00:20:12 开始操作号码 【1856133】
2024-01-01 00:20:15 GSD getOne 第 1 次 等待 3 秒
2024-01-01 00:20:18 查询号码 【1856133】，返回信息 {"status":"ok","msg":"山东-青岛","gid":"441142","time_insert":"2021-07-30 05:43"}
2024-01-01 00:20:18 查询号码 【1856133】，GSD为【"山东-青岛"】

2024-01-01 00:20:19 开始第 6215 次操作

2024-01-01 00:20:19 开始操作号码 【1856134】
2024-01-01 00:20:22 GSD getOne 第 1 次 等待 3 秒
2024-01-01 00:20:25 查询号码 【1856134】，返回信息 {"status":"ok","msg":"山东-青岛","gid":"441133","time_insert":"2021-07-30 05:42"}
2024-01-01 00:20:25 查询号码 【1856134】，GSD为【"山东-青岛"】

2024-01-01 00:20:26 开始第 6216 次操作

2024-01-01 00:20:26 开始操作号码 【1856135】
2024-01-01 00:20:29 GSD getOne 第 1 次 等待 3 秒
2024-01-01 00:20:32 查询号码 【1856135】，返回信息 {"status":"ok","msg":"山东-青岛","gid":"441124","time_insert":"2021-07-30 05:41"}
2024-01-01 00:20:32 查询号码 【1856135】，GSD为【"山东-青岛"】

