2021-08-01 00:00:19 开始第 15 次操作

2021-08-01 00:00:19 开始操作号码 【1989581】
2021-08-01 00:00:27 GSD getOne 第 1 次 等待 3 秒
2021-08-01 00:00:30 查询号码 【1989581】，返回信息 {"status":"bad","msg":""}
2021-08-01 00:00:30 查询号码 【1989581】，GSD为【""】
2021-08-01 00:00:30 bad
2021-08-01 00:00:32 CHB 1989581?1627747230 第 1 次 等待 3 秒
2021-08-01 00:00:35 CHB 1989581?1627747230 第 1 次 获取到号码【1989581】GSD
2021-08-01 00:00:35 获取到号码【1989581】的GSD为【江苏-宿迁】
2021-08-01 00:01:01 GSD insert 第 1 次 等待 3 秒
2021-08-01 00:01:04 {"status":"ok","gid":461566,"msg":"添加成功！"}
2021-08-01 00:01:04 下次操作: 2021-08-01 00:01:20

2021-08-01 00:01:20 开始第 16 次操作

2021-08-01 00:01:20 开始操作号码 【1989580】
2021-08-01 00:01:23 GSD getOne 第 1 次 等待 3 秒
2021-08-01 00:01:26 查询号码 【1989580】，返回信息 {"status":"bad","msg":""}
2021-08-01 00:01:26 查询号码 【1989580】，GSD为【""】
2021-08-01 00:01:26 bad
2021-08-01 00:01:28 CHB 1989580?1627747286 第 1 次 等待 3 秒
2021-08-01 00:01:31 CHB 1989580?1627747286 第 1 次 获取到号码【1989580】GSD
2021-08-01 00:01:31 获取到号码【1989580】的GSD为【江苏-宿迁】
2021-08-01 00:01:51 GSD insert 第 1 次 等待 3 秒
2021-08-01 00:01:54 {"status":"ok","gid":461579,"msg":"添加成功！"}
2021-08-01 00:01:54 下次操作: 2021-08-01 00:02:06

2021-08-01 00:02:06 开始第 17 次操作

2021-08-01 00:02:06 开始操作号码 【1989579】
2021-08-01 00:02:17 GSD getOne 第 1 次 等待 3 秒
2021-08-01 00:02:20 查询号码 【1989579】，返回信息 {"status":"bad","msg":""}
2021-08-01 00:02:20 查询号码 【1989579】，GSD为【""】
2021-08-01 00:02:20 bad
2021-08-01 00:02:22 CHB 1989579?1627747340 第 1 次 等待 3 秒
2021-08-01 00:02:25 CHB 1989579?1627747340 第 1 次 获取到号码【1989579】GSD
2021-08-01 00:02:25 获取到号码【1989579】的GSD为【江苏-无锡】
2021-08-01 00:02:45 GSD insert 第 1 次 等待 3 秒
2021-08-01 00:02:48 {"status":"ok","gid":461590,"msg":"添加成功！"}
2021-08-01 00:02:48 下次操作: 2021-08-01 00:03:01

2021-08-01 00:03:01 开始第 18 次操作

2021-08-01 00:03:01 开始操作号码 【1989578】
2021-08-01 00:03:05 GSD getOne 第 1 次 等待 3 秒
2021-08-01 00:03:08 查询号码 【1989578】，返回信息 {"status":"bad","msg":""}
2021-08-01 00:03:08 查询号码 【1989578】，GSD为【""】
2021-08-01 00:03:09 bad
2021-08-01 00:03:10 CHB 1989578?1627747389 第 1 次 等待 3 秒
2021-08-01 00:03:13 CHB 1989578?1627747389 第 1 次 获取到号码【1989578】GSD
2021-08-01 00:03:13 获取到号码【1989578】的GSD为【江苏-无锡】
2021-08-01 00:03:35 GSD insert 第 1 次 等待 3 秒
2021-08-01 00:03:38 {"status":"ok","gid":461600,"msg":"添加成功！"}
2021-08-01 00:03:38 下次操作: 2021-08-01 00:03:52

2021-08-01 00:03:52 开始第 19 次操作

2021-08-01 00:03:52 开始操作号码 【1989577】
2021-08-01 00:04:00 GSD getOne 第 1 次 等待 3 秒
2021-08-01 00:04:03 查询号码 【1989577】，返回信息 {"status":"bad","msg":""}
2021-08-01 00:04:03 查询号码 【1989577】，GSD为【""】
2021-08-01 00:04:03 bad
2021-08-01 00:04:05 CHB 1989577?1627747443 第 1 次 等待 3 秒
2021-08-01 00:04:08 CHB 1989577?1627747443 第 1 次 获取到号码【1989577】GSD
2021-08-01 00:04:08 获取到号码【1989577】的GSD为【江苏-无锡】
2021-08-01 00:04:31 GSD insert 第 1 次 等待 3 秒
2021-08-01 00:04:34 {"status":"ok","gid":461609,"msg":"添加成功！"}
2021-08-01 00:04:34 下次操作: 2021-08-01 00:04:53

2021-08-01 00:04:53 开始第 20 次操作

2021-08-01 00:04:53 开始操作号码 【1989576】
2021-08-01 00:04:58 GSD getOne 第 1 次 等待 3 秒
2021-08-01 00:05:01 查询号码 【1989576】，返回信息 {"status":"bad","msg":""}
2021-08-01 00:05:01 查询号码 【1989576】，GSD为【""】
2021-08-01 00:05:01 bad
2021-08-01 00:05:03 CHB 1989576?1627747501 第 1 次 等待 3 秒
2021-08-01 00:05:06 CHB 1989576?1627747501 第 1 次 获取到号码【1989576】GSD
2021-08-01 00:05:06 获取到号码【1989576】的GSD为【江苏-无锡】
2021-08-01 00:05:31 GSD insert 第 1 次 等待 3 秒
2021-08-01 00:05:34 {"status":"ok","gid":461623,"msg":"添加成功！"}
2021-08-01 00:05:34 下次操作: 2021-08-01 00:05:48

2021-08-01 00:05:48 开始第 21 次操作

2021-08-01 00:05:48 开始操作号码 【1989575】
2021-08-01 00:05:51 GSD getOne 第 1 次 等待 3 秒
2021-08-01 00:05:54 查询号码 【1989575】，返回信息 {"status":"bad","msg":""}
2021-08-01 00:05:55 查询号码 【1989575】，GSD为【""】
2021-08-01 00:05:55 bad
2021-08-01 00:05:56 CHB 1989575?1627747555 第 1 次 等待 3 秒
2021-08-01 00:05:59 CHB 1989575?1627747555 第 1 次 获取到号码【1989575】GSD
2021-08-01 00:05:59 获取到号码【1989575】的GSD为【江苏-无锡】
2021-08-01 00:06:18 GSD insert 第 1 次 等待 3 秒
2021-08-01 00:06:21 {"status":"ok","gid":461633,"msg":"添加成功！"}
2021-08-01 00:06:21 下次操作: 2021-08-01 00:06:33

2021-08-01 00:06:33 开始第 22 次操作

2021-08-01 00:06:33 开始操作号码 【1989574】
2021-08-01 00:06:52 GSD getOne 第 1 次 等待 3 秒
2021-08-01 00:06:55 查询号码 【1989574】，返回信息 {"status":"bad","msg":""}
2021-08-01 00:06:55 查询号码 【1989574】，GSD为【""】
2021-08-01 00:06:55 bad
2021-08-01 00:06:57 CHB 1989574?1627747615 第 1 次 等待 3 秒
2021-08-01 00:07:00 CHB 1989574?1627747615 第 1 次 获取到号码【1989574】GSD
2021-08-01 00:07:00 获取到号码【1989574】的GSD为【江苏-无锡】
2021-08-01 00:07:27 GSD insert 第 1 次 等待 3 秒
2021-08-01 00:07:30 {"status":"ok","gid":461645,"msg":"添加成功！"}
2021-08-01 00:07:30 下次操作: 2021-08-01 00:07:45

2021-08-01 00:07:45 开始第 23 次操作

2021-08-01 00:07:45 开始操作号码 【1989573】
2021-08-01 00:07:49 GSD getOne 第 1 次 等待 3 秒
2021-08-01 00:07:52 查询号码 【1989573】，返回信息 {"status":"bad","msg":""}
2021-08-01 00:07:52 查询号码 【1989573】，GSD为【""】
2021-08-01 00:07:52 bad
2021-08-01 00:07:53 CHB 1989573?1627747672 第 1 次 等待 3 秒
2021-08-01 00:07:56 CHB 1989573?1627747672 第 1 次 获取到号码【1989573】GSD
2021-08-01 00:07:56 获取到号码【1989573】的GSD为【江苏-无锡】
2021-08-01 00:08:16 GSD insert 第 1 次 等待 3 秒
2021-08-01 00:08:19 {"status":"ok","gid":461657,"msg":"添加成功！"}
2021-08-01 00:08:19 下次操作: 2021-08-01 00:08:40

2021-08-01 00:08:40 开始第 24 次操作

2021-08-01 00:08:40 开始操作号码 【1989572】
2021-08-01 00:08:44 GSD getOne 第 1 次 等待 3 秒
2021-08-01 00:08:47 查询号码 【1989572】，返回信息 {"status":"bad","msg":""}
2021-08-01 00:08:47 查询号码 【1989572】，GSD为【""】
2021-08-01 00:08:47 bad
2021-08-01 00:08:53 CHB 1989572?1627747727 第 1 次 等待 3 秒
2021-08-01 00:08:56 CHB 1989572?1627747727 第 1 次 获取到号码【1989572】GSD
2021-08-01 00:08:56 获取到号码【1989572】的GSD为【江苏-苏州】
2021-08-01 00:09:08 GSD insert 第 1 次 等待 3 秒
2021-08-01 00:09:11 {"status":"ok","gid":461668,"msg":"添加成功！"}
2021-08-01 00:09:11 下次操作: 2021-08-01 00:09:27

2021-08-01 00:09:27 开始第 25 次操作

2021-08-01 00:09:27 开始操作号码 【1989571】
2021-08-01 00:09:34 GSD getOne 第 1 次 等待 3 秒
2021-08-01 00:09:37 查询号码 【1989571】，返回信息 {"status":"bad","msg":""}
2021-08-01 00:09:37 查询号码 【1989571】，GSD为【""】
2021-08-01 00:09:37 bad
2021-08-01 00:09:38 CHB 1989571?1627747777 第 1 次 等待 3 秒
2021-08-01 00:09:41 CHB 1989571?1627747777 第 1 次 获取到号码【1989571】GSD
2021-08-01 00:09:41 获取到号码【1989571】的GSD为【江苏-苏州】
2021-08-01 00:10:05 GSD insert 第 1 次 等待 3 秒
2021-08-01 00:10:08 {"status":"ok","gid":461683,"msg":"添加成功！"}
2021-08-01 00:10:08 下次操作: 2021-08-01 00:10:20

2021-08-01 00:10:20 开始第 26 次操作

2021-08-01 00:10:20 开始操作号码 【1989570】
2021-08-01 00:10:24 GSD getOne 第 1 次 等待 3 秒
2021-08-01 00:10:27 查询号码 【1989570】，返回信息 {"status":"bad","msg":""}
2021-08-01 00:10:28 查询号码 【1989570】，GSD为【""】
2021-08-01 00:10:28 bad
2021-08-01 00:10:29 CHB 1989570?1627747828 第 1 次 等待 3 秒
2021-08-01 00:10:32 CHB 1989570?1627747828 第 1 次 获取到号码【1989570】GSD
2021-08-01 00:10:32 获取到号码【1989570】的GSD为【江苏-苏州】
2021-08-01 00:10:52 GSD insert 第 1 次 等待 3 秒
2021-08-01 00:10:55 {"status":"ok","gid":461694,"msg":"添加成功！"}
2021-08-01 00:10:55 下次操作: 2021-08-01 00:11:07

2021-08-01 00:11:07 开始第 27 次操作

2021-08-01 00:11:07 开始操作号码 【1989569】
2021-08-01 00:11:16 GSD getOne 第 1 次 等待 3 秒
2021-08-01 00:11:19 查询号码 【1989569】，返回信息 {"status":"bad","msg":""}
2021-08-01 00:11:19 查询号码 【1989569】，GSD为【""】
2021-08-01 00:11:19 bad
2021-08-01 00:11:21 CHB 1989569?1627747879 第 1 次 等待 3 秒
2021-08-01 00:11:24 CHB 1989569?1627747879 第 1 次 获取到号码【1989569】GSD
2021-08-01 00:11:24 获取到号码【1989569】的GSD为【江苏-泰州】
2021-08-01 00:11:46 GSD insert 第 1 次 等待 3 秒
2021-08-01 00:11:49 {"status":"ok","gid":461708,"msg":"添加成功！"}
2021-08-01 00:11:49 下次操作: 2021-08-01 00:12:08

2021-08-01 00:12:08 开始第 28 次操作

2021-08-01 00:12:08 开始操作号码 【1989568】
2021-08-01 00:12:14 GSD getOne 第 1 次 等待 3 秒
2021-08-01 00:12:17 查询号码 【1989568】，返回信息 {"status":"bad","msg":""}
2021-08-01 00:12:17 查询号码 【1989568】，GSD为【""】
2021-08-01 00:12:17 bad
2021-08-01 00:12:18 CHB 1989568?1627747937 第 1 次 等待 3 秒
2021-08-01 00:12:21 CHB 1989568?1627747937 第 1 次 获取到号码【1989568】GSD
2021-08-01 00:12:22 获取到号码【1989568】的GSD为【江苏-泰州】
2021-08-01 00:12:41 GSD insert 第 1 次 等待 3 秒
2021-08-01 00:12:44 {"status":"ok","gid":461718,"msg":"添加成功！"}
2021-08-01 00:12:44 下次操作: 2021-08-01 00:13:07

2021-08-01 00:13:07 开始第 29 次操作

2021-08-01 00:13:07 开始操作号码 【1989567】
2021-08-01 00:13:12 GSD getOne 第 1 次 等待 3 秒
2021-08-01 00:13:15 查询号码 【1989567】，返回信息 {"status":"bad","msg":""}
2021-08-01 00:13:15 查询号码 【1989567】，GSD为【""】
2021-08-01 00:13:15 bad
2021-08-01 00:13:17 CHB 1989567?1627747995 第 1 次 等待 3 秒
2021-08-01 00:13:20 CHB 1989567?1627747995 第 1 次 获取到号码【1989567】GSD
2021-08-01 00:13:20 获取到号码【1989567】的GSD为【江苏-泰州】
2021-08-01 00:13:40 GSD insert 第 1 次 等待 3 秒
2021-08-01 00:13:43 {"status":"ok","gid":461730,"msg":"添加成功！"}
2021-08-01 00:13:43 下次操作: 2021-08-01 00:14:00

2021-08-01 00:14:00 开始第 30 次操作

2021-08-01 00:14:00 开始操作号码 【1989566】
2021-08-01 00:14:04 GSD getOne 第 1 次 等待 3 秒
2021-08-01 00:14:07 查询号码 【1989566】，返回信息 {"status":"bad","msg":""}
2021-08-01 00:14:07 查询号码 【1989566】，GSD为【""】
2021-08-01 00:14:07 bad
2021-08-01 00:14:08 CHB 1989566?1627748047 第 1 次 等待 3 秒
2021-08-01 00:14:11 CHB 1989566?1627748047 第 1 次 获取到号码【1989566】GSD
2021-08-01 00:14:12 获取到号码【1989566】的GSD为【江苏-泰州】
2021-08-01 00:14:35 GSD insert 第 1 次 等待 3 秒
2021-08-01 00:14:38 {"status":"ok","gid":461739,"msg":"添加成功！"}
2021-08-01 00:14:38 下次操作: 2021-08-01 00:14:55

2021-08-01 00:14:55 开始第 31 次操作

2021-08-01 00:14:55 开始操作号码 【1989565】
2021-08-01 00:15:20 GSD getOne 第 1 次 等待 3 秒
2021-08-01 00:15:23 查询号码 【1989565】，返回信息 {"status":"bad","msg":""}
2021-08-01 00:15:23 查询号码 【1989565】，GSD为【""】
2021-08-01 00:15:23 bad
2021-08-01 00:15:25 CHB 1989565?1627748123 第 1 次 等待 3 秒
2021-08-01 00:15:28 CHB 1989565?1627748123 第 1 次 获取到号码【1989565】GSD
2021-08-01 00:15:28 获取到号码【1989565】的GSD为【江苏-泰州】
2021-08-01 00:16:14 GSD insert 第 1 次 等待 3 秒
2021-08-01 00:16:17 {"status":"ok","gid":461751,"msg":"添加成功！"}
2021-08-01 00:16:17 下次操作: 2021-08-01 00:16:33

2021-08-01 00:16:33 开始第 32 次操作

2021-08-01 00:16:33 开始操作号码 【1989564】
2021-08-01 00:16:41 GSD getOne 第 1 次 等待 3 秒
2021-08-01 00:16:44 查询号码 【1989564】，返回信息 {"status":"bad","msg":""}
2021-08-01 00:16:44 查询号码 【1989564】，GSD为【""】
2021-08-01 00:16:44 bad
2021-08-01 00:16:45 CHB 1989564?1627748204 第 1 次 等待 3 秒
2021-08-01 00:16:48 CHB 1989564?1627748204 第 1 次 获取到号码【1989564】GSD
2021-08-01 00:16:48 获取到号码【1989564】的GSD为【江苏-扬州】
2021-08-01 00:17:08 GSD insert 第 1 次 等待 3 秒
2021-08-01 00:17:11 {"status":"ok","gid":461761,"msg":"添加成功！"}
2021-08-01 00:17:11 下次操作: 2021-08-01 00:17:27

2021-08-01 00:17:27 开始第 33 次操作

2021-08-01 00:17:27 开始操作号码 【1989563】
2021-08-01 00:17:39 GSD getOne 第 1 次 等待 3 秒
2021-08-01 00:17:42 查询号码 【1989563】，返回信息 {"status":"bad","msg":""}
2021-08-01 00:17:42 查询号码 【1989563】，GSD为【""】
2021-08-01 00:17:42 bad
2021-08-01 00:17:44 CHB 1989563?1627748262 第 1 次 等待 3 秒
2021-08-01 00:17:47 CHB 1989563?1627748262 第 1 次 获取到号码【1989563】GSD
2021-08-01 00:17:47 获取到号码【1989563】的GSD为【江苏-盐城】
2021-08-01 00:18:22 GSD insert 第 1 次 等待 3 秒
2021-08-01 00:18:25 {"status":"ok","gid":461770,"msg":"添加成功！"}
2021-08-01 00:18:25 下次操作: 2021-08-01 00:18:40

2021-08-01 00:18:40 开始第 34 次操作

2021-08-01 00:18:40 开始操作号码 【1989562】
2021-08-01 00:18:46 GSD getOne 第 1 次 等待 3 秒
2021-08-01 00:18:49 查询号码 【1989562】，返回信息 {"status":"bad","msg":""}
2021-08-01 00:18:49 查询号码 【1989562】，GSD为【""】
2021-08-01 00:18:49 bad
2021-08-01 00:18:50 CHB 1989562?1627748329 第 1 次 等待 3 秒
2021-08-01 00:18:53 CHB 1989562?1627748329 第 1 次 获取到号码【1989562】GSD
2021-08-01 00:18:53 未获取到号码【1989562】GSD，查号吧 400 错误
2021-08-01 00:18:53 获取到号码【1989562】的GSD为【-】
2021-08-01 00:19:14 GSD insert 第 1 次 等待 3 秒
2021-08-01 00:19:17 {"status":"ok","gid":461776,"msg":"添加成功！"}
2021-08-01 00:19:17 下次操作: 2021-08-01 00:19:41

2021-08-01 00:19:41 开始第 35 次操作

2021-08-01 00:19:41 开始操作号码 【1989561】
2021-08-01 00:19:45 GSD getOne 第 1 次 等待 3 秒
2021-08-01 00:19:48 查询号码 【1989561】，返回信息 {"status":"bad","msg":""}
2021-08-01 00:19:48 查询号码 【1989561】，GSD为【""】
2021-08-01 00:19:48 bad
2021-08-01 00:19:49 CHB 1989561?1627748388 第 1 次 等待 3 秒
2021-08-01 00:19:52 CHB 1989561?1627748388 第 1 次 获取到号码【1989561】GSD
2021-08-01 00:19:53 获取到号码【1989561】的GSD为【江苏-盐城】
2021-08-01 00:20:16 GSD insert 第 1 次 等待 3 秒
2021-08-01 00:20:19 {"status":"ok","gid":461785,"msg":"添加成功！"}
2021-08-01 00:20:19 下次操作: 2021-08-01 00:20:39

2021-08-01 00:20:39 开始第 36 次操作

2021-08-01 00:20:39 开始操作号码 【1989560】
2021-08-01 00:20:44 GSD getOne 第 1 次 等待 3 秒
2021-08-01 00:20:47 查询号码 【1989560】，返回信息 {"status":"bad","msg":""}
2021-08-01 00:20:47 查询号码 【1989560】，GSD为【""】
2021-08-01 00:20:47 bad
2021-08-01 00:20:49 CHB 1989560?1627748447 第 1 次 等待 3 秒
2021-08-01 00:20:52 CHB 1989560?1627748447 第 1 次 获取到号码【1989560】GSD
2021-08-01 00:20:52 获取到号码【1989560】的GSD为【江苏-盐城】
2021-08-01 00:21:12 GSD insert 第 1 次 等待 3 秒
2021-08-01 00:21:15 {"status":"ok","gid":461790,"msg":"添加成功！"}
2021-08-01 00:21:15 下次操作: 2021-08-01 00:21:35

2021-08-01 00:21:35 开始第 37 次操作

2021-08-01 00:21:35 开始操作号码 【1989559】
2021-08-01 00:21:39 GSD getOne 第 1 次 等待 3 秒
2021-08-01 00:21:42 查询号码 【1989559】，返回信息 {"status":"bad","msg":""}
2021-08-01 00:21:42 查询号码 【1989559】，GSD为【""】
2021-08-01 00:21:42 bad
2021-08-01 00:21:44 CHB 1989559?1627748502 第 1 次 等待 3 秒
2021-08-01 00:21:47 CHB 1989559?1627748502 第 1 次 获取到号码【1989559】GSD
2021-08-01 00:21:47 获取到号码【1989559】的GSD为【江苏-南京】
2021-08-01 00:22:07 GSD insert 第 1 次 等待 3 秒
2021-08-01 00:22:10 {"status":"ok","gid":461798,"msg":"添加成功！"}
2021-08-01 00:22:10 下次操作: 2021-08-01 00:22:31

2021-08-01 00:22:31 开始第 38 次操作

2021-08-01 00:22:31 开始操作号码 【1989558】
2021-08-01 00:22:42 GSD getOne 第 1 次 等待 3 秒
2021-08-01 00:22:45 查询号码 【1989558】，返回信息 {"status":"bad","msg":""}
2021-08-01 00:22:45 查询号码 【1989558】，GSD为【""】
2021-08-01 00:22:45 bad
2021-08-01 00:22:47 CHB 1989558?1627748565 第 1 次 等待 3 秒
2021-08-01 00:22:50 CHB 1989558?1627748565 第 1 次 获取到号码【1989558】GSD
2021-08-01 00:22:50 获取到号码【1989558】的GSD为【江苏-连云港】
2021-08-01 00:23:13 GSD insert 第 1 次 等待 3 秒
2021-08-01 00:23:16 {"status":"ok","gid":461807,"msg":"添加成功！"}
2021-08-01 00:23:16 下次操作: 2021-08-01 00:23:39

2021-08-01 00:23:39 开始第 39 次操作

2021-08-01 00:23:39 开始操作号码 【1989557】
2021-08-01 00:23:46 GSD getOne 第 1 次 等待 3 秒
2021-08-01 00:23:49 查询号码 【1989557】，返回信息 {"status":"bad","msg":""}
2021-08-01 00:23:49 查询号码 【1989557】，GSD为【""】
2021-08-01 00:23:49 bad
2021-08-01 00:23:51 CHB 1989557?1627748629 第 1 次 等待 3 秒
2021-08-01 00:23:54 CHB 1989557?1627748629 第 1 次 获取到号码【1989557】GSD
2021-08-01 00:23:54 获取到号码【1989557】的GSD为【江苏-常州】
2021-08-01 00:24:10 GSD insert 第 1 次 等待 3 秒
2021-08-01 00:24:13 {"status":"ok","gid":461812,"msg":"添加成功！"}
2021-08-01 00:24:13 下次操作: 2021-08-01 00:24:29

2021-08-01 00:24:29 开始第 40 次操作

2021-08-01 00:24:29 开始操作号码 【1989556】
2021-08-01 00:24:35 GSD getOne 第 1 次 等待 3 秒
2021-08-01 00:24:38 查询号码 【1989556】，返回信息 {"status":"bad","msg":""}
2021-08-01 00:24:38 查询号码 【1989556】，GSD为【""】
2021-08-01 00:24:38 bad
2021-08-01 00:24:40 CHB 1989556?1627748678 第 1 次 等待 3 秒
2021-08-01 00:24:43 CHB 1989556?1627748678 第 1 次 获取到号码【1989556】GSD
2021-08-01 00:24:43 获取到号码【1989556】的GSD为【江苏-常州】
2021-08-01 00:25:19 GSD insert 第 1 次 等待 3 秒
2021-08-01 00:25:22 {"status":"ok","gid":461821,"msg":"添加成功！"}

2021-08-01 01:00:03 开始第 1 次操作

2021-08-01 01:00:03 开始操作号码 【1989555】
2021-08-01 01:00:12 GSD getOne 第 1 次 等待 3 秒
2021-08-01 01:00:15 查询号码 【1989555】，返回信息 {"status":"bad","msg":""}
2021-08-01 01:00:15 查询号码 【1989555】，GSD为【""】
2021-08-01 01:00:15 bad
2021-08-01 01:00:17 CHB 1989555?1627750815 第 1 次 等待 3 秒
2021-08-01 01:00:20 CHB 1989555?1627750815 第 1 次 获取到号码【1989555】GSD
2021-08-01 01:00:20 获取到号码【1989555】的GSD为【江苏-常州】
2021-08-01 01:01:55 GSD insert 第 1 次 等待 3 秒
2021-08-01 01:01:58 {"status":"ok","gid":461925,"msg":"添加成功！"}
2021-08-01 01:01:58 下次操作: 2021-08-01 01:02:15

2021-08-01 01:02:15 开始第 2 次操作

2021-08-01 01:02:15 开始操作号码 【1989554】
2021-08-01 01:02:18 GSD getOne 第 1 次 等待 3 秒
2021-08-01 01:02:21 查询号码 【1989554】，返回信息 {"status":"bad","msg":""}
2021-08-01 01:02:21 查询号码 【1989554】，GSD为【""】
2021-08-01 01:02:21 bad
2021-08-01 01:02:23 CHB 1989554?1627750941 第 1 次 等待 3 秒
2021-08-01 01:02:26 CHB 1989554?1627750941 第 1 次 获取到号码【1989554】GSD
2021-08-01 01:02:26 获取到号码【1989554】的GSD为【江苏-连云港】
2021-08-01 01:02:56 GSD insert 第 1 次 等待 3 秒
2021-08-01 01:02:59 {"status":"ok","gid":461938,"msg":"添加成功！"}
2021-08-01 01:02:59 下次操作: 2021-08-01 01:03:21

2021-08-01 01:03:21 开始第 3 次操作

2021-08-01 01:03:21 开始操作号码 【1989553】
2021-08-01 01:03:28 GSD getOne 第 1 次 等待 3 秒
2021-08-01 01:03:31 查询号码 【1989553】，返回信息 {"status":"bad","msg":""}
2021-08-01 01:03:31 查询号码 【1989553】，GSD为【""】
2021-08-01 01:03:31 bad
2021-08-01 01:03:33 CHB 1989553?1627751011 第 1 次 等待 3 秒
2021-08-01 01:03:36 CHB 1989553?1627751011 第 1 次 获取到号码【1989553】GSD
2021-08-01 01:03:36 获取到号码【1989553】的GSD为【江苏-盐城】
2021-08-01 01:04:12 GSD insert 第 1 次 等待 3 秒
2021-08-01 01:04:15 {"status":"ok","gid":461954,"msg":"添加成功！"}
2021-08-01 01:04:15 下次操作: 2021-08-01 01:04:32

2021-08-01 01:04:32 开始第 4 次操作

2021-08-01 01:04:32 开始操作号码 【1989552】
2021-08-01 01:04:36 GSD getOne 第 1 次 等待 3 秒
2021-08-01 01:04:39 查询号码 【1989552】，返回信息 {"status":"bad","msg":""}
2021-08-01 01:04:39 查询号码 【1989552】，GSD为【""】
2021-08-01 01:04:39 bad
2021-08-01 01:04:42 CHB 1989552?1627751079 第 1 次 等待 3 秒
2021-08-01 01:04:45 CHB 1989552?1627751079 第 1 次 获取到号码【1989552】GSD
2021-08-01 01:04:45 获取到号码【1989552】的GSD为【江苏-无锡】
2021-08-01 01:04:59 GSD insert 第 1 次 等待 3 秒
2021-08-01 01:05:02 {"status":"ok","gid":461963,"msg":"添加成功！"}
2021-08-01 01:05:02 下次操作: 2021-08-01 01:05:15

2021-08-01 01:05:15 开始第 5 次操作

2021-08-01 01:05:15 开始操作号码 【1989551】
2021-08-01 01:05:24 GSD getOne 第 1 次 等待 3 秒
2021-08-01 01:05:27 查询号码 【1989551】，返回信息 {"status":"bad","msg":""}
2021-08-01 01:05:27 查询号码 【1989551】，GSD为【""】
2021-08-01 01:05:27 bad
2021-08-01 01:05:31 CHB 1989551?1627751127 第 1 次 等待 3 秒
2021-08-01 01:05:34 CHB 1989551?1627751127 第 1 次 获取到号码【1989551】GSD
2021-08-01 01:05:34 获取到号码【1989551】的GSD为【江苏-无锡】
2021-08-01 01:05:55 GSD insert 第 1 次 等待 3 秒
2021-08-01 01:05:58 {"status":"ok","gid":461972,"msg":"添加成功！"}
2021-08-01 01:05:58 下次操作: 2021-08-01 01:06:14

2021-08-01 01:06:14 开始第 6 次操作

2021-08-01 01:06:14 开始操作号码 【1989550】
2021-08-01 01:06:22 GSD getOne 第 1 次 等待 3 秒
2021-08-01 01:06:25 查询号码 【1989550】，返回信息 {"status":"bad","msg":""}
2021-08-01 01:06:25 查询号码 【1989550】，GSD为【""】
2021-08-01 01:06:25 bad
2021-08-01 01:06:29 CHB 1989550?1627751185 第 1 次 等待 3 秒
2021-08-01 01:06:32 CHB 1989550?1627751185 第 1 次 获取到号码【1989550】GSD
2021-08-01 01:06:32 未获取到号码【1989550】GSD，查号吧 502 百度云加速 错误
2021-08-01 01:06:32 获取到号码【1989550】的GSD为【-】
2021-08-01 01:06:44 GSD insert 第 1 次 等待 3 秒
2021-08-01 01:06:47 {"status":"ok","gid":461985,"msg":"添加成功！"}
2021-08-01 01:06:47 下次操作: 2021-08-01 01:07:09

2021-08-01 01:07:09 开始第 7 次操作

2021-08-01 01:07:09 开始操作号码 【1989549】
2021-08-01 01:07:13 GSD getOne 第 1 次 等待 3 秒
2021-08-01 01:07:16 查询号码 【1989549】，返回信息 {"status":"bad","msg":""}
2021-08-01 01:07:16 查询号码 【1989549】，GSD为【""】
2021-08-01 01:07:16 bad
2021-08-01 01:07:46 CHB 1989549?1627751236 第 1 次 等待 3 秒
2021-08-01 01:07:49 CHB 1989549?1627751236 第 1 次 获取到号码【1989549】GSD
2021-08-01 01:07:49 获取到号码【1989549】的GSD为【江苏-南京】
2021-08-01 01:08:16 GSD insert 第 1 次 等待 3 秒
2021-08-01 01:08:19 {"status":"ok","gid":461997,"msg":"添加成功！"}
2021-08-01 01:08:19 下次操作: 2021-08-01 01:08:31

2021-08-01 01:08:31 开始第 8 次操作

2021-08-01 01:08:31 开始操作号码 【1989548】
2021-08-01 01:08:38 GSD getOne 第 1 次 等待 3 秒
2021-08-01 01:08:41 查询号码 【1989548】，返回信息 {"status":"bad","msg":""}
2021-08-01 01:08:41 查询号码 【1989548】，GSD为【""】
2021-08-01 01:08:41 bad
2021-08-01 01:08:46 CHB 1989548?1627751321 第 1 次 等待 3 秒
2021-08-01 01:08:49 CHB 1989548?1627751321 第 1 次 获取到号码【1989548】GSD
2021-08-01 01:08:49 未获取到号码【1989548】GSD，查号吧 502 百度云加速 错误
2021-08-01 01:08:49 获取到号码【1989548】的GSD为【-】
2021-08-01 01:09:00 GSD insert 第 1 次 等待 3 秒
2021-08-01 01:09:03 {"status":"ok","gid":462006,"msg":"添加成功！"}
2021-08-01 01:09:03 下次操作: 2021-08-01 01:09:16

2021-08-01 01:09:16 开始第 9 次操作

2021-08-01 01:09:16 开始操作号码 【1989547】
2021-08-01 01:09:29 GSD getOne 第 1 次 等待 3 秒
2021-08-01 01:09:32 查询号码 【1989547】，返回信息 {"status":"bad","msg":""}
2021-08-01 01:09:32 查询号码 【1989547】，GSD为【""】
2021-08-01 01:09:32 bad
2021-08-01 01:09:36 CHB 1989547?1627751372 第 1 次 等待 3 秒
2021-08-01 01:09:39 CHB 1989547?1627751372 第 1 次 获取到号码【1989547】GSD
2021-08-01 01:09:39 未获取到号码【1989547】GSD，查号吧 502 百度云加速 错误
2021-08-01 01:09:39 获取到号码【1989547】的GSD为【-】
2021-08-01 01:09:50 GSD insert 第 1 次 等待 3 秒
2021-08-01 01:09:53 {"status":"ok","gid":462011,"msg":"添加成功！"}
2021-08-01 01:09:53 下次操作: 2021-08-01 01:10:06

2021-08-01 01:10:06 开始第 10 次操作

2021-08-01 01:10:06 开始操作号码 【1989546】
2021-08-01 01:10:20 GSD getOne 第 1 次 等待 3 秒
2021-08-01 01:10:23 查询号码 【1989546】，返回信息 {"status":"bad","msg":""}
2021-08-01 01:10:23 查询号码 【1989546】，GSD为【""】
2021-08-01 01:10:23 bad
2021-08-01 01:10:41 CHB 1989546?1627751423 第 1 次 等待 3 秒
2021-08-01 01:10:44 CHB 1989546?1627751423 第 1 次 获取到号码【1989546】GSD
2021-08-01 01:10:44 获取到号码【1989546】的GSD为【江苏-南通】
2021-08-01 01:10:49 GSD insert 第 1 次 等待 3 秒
2021-08-01 01:10:52 {"status":"ok","gid":462025,"msg":"添加成功！"}
2021-08-01 01:10:52 下次操作: 2021-08-01 01:11:11

2021-08-01 01:11:11 开始第 11 次操作

2021-08-01 01:11:11 开始操作号码 【1989545】
2021-08-01 01:11:16 GSD getOne 第 1 次 等待 3 秒
2021-08-01 01:11:19 查询号码 【1989545】，返回信息 {"status":"bad","msg":""}
2021-08-01 01:11:19 查询号码 【1989545】，GSD为【""】
2021-08-01 01:11:19 bad
2021-08-01 01:11:23 CHB 1989545?1627751479 第 1 次 等待 3 秒
2021-08-01 01:11:26 CHB 1989545?1627751479 第 1 次 获取到号码【1989545】GSD
2021-08-01 01:11:26 未获取到号码【1989545】GSD，查号吧 502 百度云加速 错误
2021-08-01 01:11:26 获取到号码【1989545】的GSD为【-】
2021-08-01 01:11:39 GSD insert 第 1 次 等待 3 秒
2021-08-01 01:11:42 {"status":"ok","gid":462035,"msg":"添加成功！"}
2021-08-01 01:11:42 下次操作: 2021-08-01 01:11:56

2021-08-01 01:11:56 开始第 12 次操作

2021-08-01 01:11:56 开始操作号码 【1989544】
2021-08-01 01:12:00 GSD getOne 第 1 次 等待 3 秒
2021-08-01 01:12:03 查询号码 【1989544】，返回信息 {"status":"bad","msg":""}
2021-08-01 01:12:03 查询号码 【1989544】，GSD为【""】
2021-08-01 01:12:03 bad
2021-08-01 01:12:06 CHB 1989544?1627751523 第 1 次 等待 3 秒
2021-08-01 01:12:09 CHB 1989544?1627751523 第 1 次 获取到号码【1989544】GSD
2021-08-01 01:12:09 获取到号码【1989544】的GSD为【江苏-泰州】
2021-08-01 01:12:21 GSD insert 第 1 次 等待 3 秒
2021-08-01 01:12:24 {"status":"ok","gid":462042,"msg":"添加成功！"}
2021-08-01 01:12:24 下次操作: 2021-08-01 01:12:44

2021-08-01 01:12:44 开始第 13 次操作

2021-08-01 01:12:44 开始操作号码 【1989543】
2021-08-01 01:12:52 GSD getOne 第 1 次 等待 3 秒
2021-08-01 01:12:55 查询号码 【1989543】，返回信息 {"status":"bad","msg":""}
2021-08-01 01:12:55 查询号码 【1989543】，GSD为【""】
2021-08-01 01:12:55 bad
2021-08-01 01:13:00 CHB 1989543?1627751575 第 1 次 等待 3 秒
2021-08-01 01:13:03 CHB 1989543?1627751575 第 1 次 获取到号码【1989543】GSD
2021-08-01 01:13:03 未获取到号码【1989543】GSD，查号吧 502 百度云加速 错误
2021-08-01 01:13:03 获取到号码【1989543】的GSD为【-】
2021-08-01 01:13:14 GSD insert 第 1 次 等待 3 秒
2021-08-01 01:13:17 {"status":"ok","gid":462051,"msg":"添加成功！"}
2021-08-01 01:13:17 下次操作: 2021-08-01 01:13:33

2021-08-01 01:13:33 开始第 14 次操作

2021-08-01 01:13:33 开始操作号码 【1989542】
2021-08-01 01:13:43 GSD getOne 第 1 次 等待 3 秒
2021-08-01 01:13:46 查询号码 【1989542】，返回信息 {"status":"bad","msg":""}
2021-08-01 01:13:46 查询号码 【1989542】，GSD为【""】
2021-08-01 01:13:46 bad
2021-08-01 01:14:17 CHB 1989542?1627751626 第 1 次 等待 3 秒
2021-08-01 01:14:20 CHB 1989542?1627751626 第 1 次 获取到号码【1989542】GSD
2021-08-01 01:14:20 获取到号码【1989542】的GSD为【江苏-淮安】
2021-08-01 01:14:25 GSD insert 第 1 次 等待 3 秒
2021-08-01 01:14:28 {"status":"ok","gid":462065,"msg":"添加成功！"}
2021-08-01 01:14:28 下次操作: 2021-08-01 01:14:51

2021-08-01 01:14:51 开始第 15 次操作

2021-08-01 01:14:51 开始操作号码 【1989541】
2021-08-01 01:14:57 GSD getOne 第 1 次 等待 3 秒
2021-08-01 01:15:00 查询号码 【1989541】，返回信息 {"status":"bad","msg":""}
2021-08-01 01:15:00 查询号码 【1989541】，GSD为【""】
2021-08-01 01:15:00 bad
2021-08-01 01:15:17 CHB 1989541?1627751700 第 1 次 等待 3 秒
2021-08-01 01:15:20 CHB 1989541?1627751700 第 1 次 获取到号码【1989541】GSD
2021-08-01 01:15:20 获取到号码【1989541】的GSD为【江苏-连云港】
2021-08-01 01:15:24 GSD insert 第 1 次 等待 3 秒
2021-08-01 01:15:27 {"status":"ok","gid":462075,"msg":"添加成功！"}
2021-08-01 01:15:27 下次操作: 2021-08-01 01:15:47

2021-08-01 01:15:47 开始第 16 次操作

2021-08-01 01:15:47 开始操作号码 【1989540】
2021-08-01 01:15:54 GSD getOne 第 1 次 等待 3 秒
2021-08-01 01:15:57 查询号码 【1989540】，返回信息 {"status":"bad","msg":""}
2021-08-01 01:15:57 查询号码 【1989540】，GSD为【""】
2021-08-01 01:15:57 bad
2021-08-01 01:16:02 CHB 1989540?1627751757 第 1 次 等待 3 秒
2021-08-01 01:16:05 CHB 1989540?1627751757 第 1 次 获取到号码【1989540】GSD
2021-08-01 01:16:05 未获取到号码【1989540】GSD，查号吧 502 百度云加速 错误
2021-08-01 01:16:05 获取到号码【1989540】的GSD为【-】
2021-08-01 01:16:17 GSD insert 第 1 次 等待 3 秒
2021-08-01 01:16:20 {"status":"ok","gid":462086,"msg":"添加成功！"}
2021-08-01 01:16:20 下次操作: 2021-08-01 01:16:41

2021-08-01 01:16:41 开始第 17 次操作

2021-08-01 01:16:41 开始操作号码 【1989539】
2021-08-01 01:16:49 GSD getOne 第 1 次 等待 3 秒
2021-08-01 01:16:52 查询号码 【1989539】，返回信息 {"status":"bad","msg":""}
2021-08-01 01:16:52 查询号码 【1989539】，GSD为【""】
2021-08-01 01:16:52 bad
2021-08-01 01:16:56 CHB 1989539?1627751812 第 1 次 等待 3 秒
2021-08-01 01:16:59 CHB 1989539?1627751812 第 1 次 获取到号码【1989539】GSD
2021-08-01 01:16:59 获取到号码【1989539】的GSD为【江苏-淮安】
2021-08-01 01:17:13 GSD insert 第 1 次 等待 3 秒
2021-08-01 01:17:16 {"status":"ok","gid":462099,"msg":"添加成功！"}
2021-08-01 01:17:16 下次操作: 2021-08-01 01:17:28

2021-08-01 01:17:28 开始第 18 次操作

2021-08-01 01:17:28 开始操作号码 【1989538】
2021-08-01 01:17:36 GSD getOne 第 1 次 等待 3 秒
2021-08-01 01:17:39 查询号码 【1989538】，返回信息 {"status":"bad","msg":""}
2021-08-01 01:17:39 查询号码 【1989538】，GSD为【""】
2021-08-01 01:17:39 bad
2021-08-01 01:17:41 CHB 1989538?1627751859 第 1 次 等待 3 秒
2021-08-01 01:17:44 CHB 1989538?1627751859 第 1 次 获取到号码【1989538】GSD
2021-08-01 01:17:44 获取到号码【1989538】的GSD为【江苏-淮安】
2021-08-01 01:18:05 GSD insert 第 1 次 等待 3 秒
2021-08-01 01:18:08 {"status":"ok","gid":462109,"msg":"添加成功！"}
2021-08-01 01:18:08 下次操作: 2021-08-01 01:18:28

2021-08-01 01:18:28 开始第 19 次操作

2021-08-01 01:18:28 开始操作号码 【1989537】
2021-08-01 01:18:33 GSD getOne 第 1 次 等待 3 秒
2021-08-01 01:18:36 查询号码 【1989537】，返回信息 {"status":"bad","msg":""}
2021-08-01 01:18:36 查询号码 【1989537】，GSD为【""】
2021-08-01 01:18:36 bad
2021-08-01 01:18:38 CHB 1989537?1627751916 第 1 次 等待 3 秒
2021-08-01 01:18:41 CHB 1989537?1627751916 第 1 次 获取到号码【1989537】GSD
2021-08-01 01:18:41 获取到号码【1989537】的GSD为【江苏-淮安】
2021-08-01 01:19:02 GSD insert 第 1 次 等待 3 秒
2021-08-01 01:19:05 {"status":"ok","gid":462123,"msg":"添加成功！"}
2021-08-01 01:19:05 下次操作: 2021-08-01 01:19:19

2021-08-01 01:19:19 开始第 20 次操作

2021-08-01 01:19:19 开始操作号码 【1989536】
2021-08-01 01:19:22 GSD getOne 第 1 次 等待 3 秒
2021-08-01 01:19:25 查询号码 【1989536】，返回信息 {"status":"bad","msg":""}
2021-08-01 01:19:25 查询号码 【1989536】，GSD为【""】
2021-08-01 01:19:25 bad
2021-08-01 01:19:27 CHB 1989536?1627751965 第 1 次 等待 3 秒
2021-08-01 01:19:30 CHB 1989536?1627751965 第 1 次 获取到号码【1989536】GSD
2021-08-01 01:19:30 获取到号码【1989536】的GSD为【江苏-泰州】
2021-08-01 01:19:51 GSD insert 第 1 次 等待 3 秒
2021-08-01 01:19:54 {"status":"ok","gid":462135,"msg":"添加成功！"}
2021-08-01 01:19:54 下次操作: 2021-08-01 01:20:15

2021-08-01 01:20:15 开始第 21 次操作

2021-08-01 01:20:15 开始操作号码 【1989535】
2021-08-01 01:20:19 GSD getOne 第 1 次 等待 3 秒
2021-08-01 01:20:22 查询号码 【1989535】，返回信息 {"status":"bad","msg":""}
2021-08-01 01:20:22 查询号码 【1989535】，GSD为【""】
2021-08-01 01:20:22 bad
2021-08-01 01:20:24 CHB 1989535?1627752022 第 1 次 等待 3 秒
2021-08-01 01:20:27 CHB 1989535?1627752022 第 1 次 获取到号码【1989535】GSD
2021-08-01 01:20:27 获取到号码【1989535】的GSD为【江苏-泰州】
2021-08-01 01:21:09 GSD insert 第 1 次 等待 3 秒
2021-08-01 01:21:12 {"status":"ok","gid":462152,"msg":"添加成功！"}
2021-08-01 01:21:12 下次操作: 2021-08-01 01:21:32

2021-08-01 01:21:32 开始第 22 次操作

2021-08-01 01:21:32 开始操作号码 【1989534】
2021-08-01 01:21:38 GSD getOne 第 1 次 等待 3 秒
2021-08-01 01:21:42 查询号码 【1989534】，返回信息 {"status":"bad","msg":""}
2021-08-01 01:21:42 查询号码 【1989534】，GSD为【""】
2021-08-01 01:21:42 bad
2021-08-01 01:21:43 CHB 1989534?1627752102 第 1 次 等待 3 秒
2021-08-01 01:21:46 CHB 1989534?1627752102 第 1 次 获取到号码【1989534】GSD
2021-08-01 01:21:46 获取到号码【1989534】的GSD为【江苏-淮安】
2021-08-01 01:22:06 GSD insert 第 1 次 等待 3 秒
2021-08-01 01:22:09 {"status":"ok","gid":462166,"msg":"添加成功！"}
2021-08-01 01:22:09 下次操作: 2021-08-01 01:22:26

2021-08-01 01:22:26 开始第 23 次操作

2021-08-01 01:22:26 开始操作号码 【1989533】
2021-08-01 01:22:37 GSD getOne 第 1 次 等待 3 秒
2021-08-01 01:22:40 查询号码 【1989533】，返回信息 {"status":"bad","msg":""}
2021-08-01 01:22:40 查询号码 【1989533】，GSD为【""】
2021-08-01 01:22:40 bad
2021-08-01 01:22:42 CHB 1989533?1627752160 第 1 次 等待 3 秒
2021-08-01 01:22:45 CHB 1989533?1627752160 第 1 次 获取到号码【1989533】GSD
2021-08-01 01:22:45 获取到号码【1989533】的GSD为【江苏-扬州】
2021-08-01 01:23:04 GSD insert 第 1 次 等待 3 秒
2021-08-01 01:23:07 {"status":"ok","gid":462178,"msg":"添加成功！"}
2021-08-01 01:23:07 下次操作: 2021-08-01 01:23:19

2021-08-01 01:23:19 开始第 24 次操作

2021-08-01 01:23:19 开始操作号码 【1989532】
2021-08-01 01:23:24 GSD getOne 第 1 次 等待 3 秒
2021-08-01 01:23:27 查询号码 【1989532】，返回信息 {"status":"bad","msg":""}
2021-08-01 01:23:27 查询号码 【1989532】，GSD为【""】
2021-08-01 01:23:27 bad
2021-08-01 01:23:29 CHB 1989532?1627752207 第 1 次 等待 3 秒
2021-08-01 01:23:32 CHB 1989532?1627752207 第 1 次 获取到号码【1989532】GSD
2021-08-01 01:23:32 获取到号码【1989532】的GSD为【江苏-扬州】
2021-08-01 01:23:51 GSD insert 第 1 次 等待 3 秒
2021-08-01 01:23:54 {"status":"ok","gid":462190,"msg":"添加成功！"}
2021-08-01 01:23:54 下次操作: 2021-08-01 01:24:18

2021-08-01 01:24:18 开始第 25 次操作

2021-08-01 01:24:18 开始操作号码 【1989531】
2021-08-01 01:24:22 GSD getOne 第 1 次 等待 3 秒
2021-08-01 01:24:25 查询号码 【1989531】，返回信息 {"status":"bad","msg":""}
2021-08-01 01:24:25 查询号码 【1989531】，GSD为【""】
2021-08-01 01:24:25 bad
2021-08-01 01:24:27 CHB 1989531?1627752265 第 1 次 等待 3 秒
2021-08-01 01:24:30 CHB 1989531?1627752265 第 1 次 获取到号码【1989531】GSD
2021-08-01 01:24:30 获取到号码【1989531】的GSD为【江苏-镇江】
2021-08-01 01:24:49 GSD insert 第 1 次 等待 3 秒
2021-08-01 01:24:52 {"status":"ok","gid":462202,"msg":"添加成功！"}
2021-08-01 01:24:52 下次操作: 2021-08-01 01:25:11

2021-08-01 01:25:11 开始第 26 次操作

2021-08-01 01:25:11 开始操作号码 【1989530】
2021-08-01 01:25:19 GSD getOne 第 1 次 等待 3 秒
2021-08-01 01:25:22 查询号码 【1989530】，返回信息 {"status":"bad","msg":""}
2021-08-01 01:25:22 查询号码 【1989530】，GSD为【""】
2021-08-01 01:25:22 bad
2021-08-01 01:25:24 CHB 1989530?1627752322 第 1 次 等待 3 秒
2021-08-01 01:25:27 CHB 1989530?1627752322 第 1 次 获取到号码【1989530】GSD
2021-08-01 01:25:27 获取到号码【1989530】的GSD为【江苏-镇江】
2021-08-01 01:25:57 GSD insert 第 1 次 等待 3 秒
2021-08-01 01:26:00 {"status":"ok","gid":462217,"msg":"添加成功！"}
2021-08-01 01:26:00 下次操作: 2021-08-01 01:26:19

2021-08-01 01:26:19 开始第 27 次操作

2021-08-01 01:26:19 开始操作号码 【1989529】
2021-08-01 01:26:27 GSD getOne 第 1 次 等待 3 秒
2021-08-01 01:26:30 查询号码 【1989529】，返回信息 {"status":"bad","msg":""}
2021-08-01 01:26:30 查询号码 【1989529】，GSD为【""】
2021-08-01 01:26:30 bad
2021-08-01 01:26:32 CHB 1989529?1627752390 第 1 次 等待 3 秒
2021-08-01 01:26:35 CHB 1989529?1627752390 第 1 次 获取到号码【1989529】GSD
2021-08-01 01:26:35 获取到号码【1989529】的GSD为【江苏-宿迁】
2021-08-01 01:26:54 GSD insert 第 1 次 等待 3 秒
2021-08-01 01:26:57 {"status":"ok","gid":462231,"msg":"添加成功！"}
2021-08-01 01:26:57 下次操作: 2021-08-01 01:27:16

2021-08-01 01:27:16 开始第 28 次操作

2021-08-01 01:27:16 开始操作号码 【1989528】
2021-08-01 01:27:27 GSD getOne 第 1 次 等待 3 秒
2021-08-01 01:27:30 查询号码 【1989528】，返回信息 {"status":"bad","msg":""}
2021-08-01 01:27:30 查询号码 【1989528】，GSD为【""】
2021-08-01 01:27:30 bad
2021-08-01 01:27:32 CHB 1989528?1627752450 第 1 次 等待 3 秒
2021-08-01 01:27:35 CHB 1989528?1627752450 第 1 次 获取到号码【1989528】GSD
2021-08-01 01:27:35 获取到号码【1989528】的GSD为【江苏-徐州】
2021-08-01 01:28:09 GSD insert 第 1 次 等待 3 秒
2021-08-01 01:28:12 {"status":"ok","gid":462249,"msg":"添加成功！"}
2021-08-01 01:28:13 下次操作: 2021-08-01 01:28:30

2021-08-01 01:28:30 开始第 29 次操作

2021-08-01 01:28:30 开始操作号码 【1989527】
2021-08-01 01:28:34 GSD getOne 第 1 次 等待 3 秒
2021-08-01 01:28:37 查询号码 【1989527】，返回信息 {"status":"bad","msg":""}
2021-08-01 01:28:37 查询号码 【1989527】，GSD为【""】
2021-08-01 01:28:37 bad
2021-08-01 01:28:43 CHB 1989527?1627752517 第 1 次 等待 3 秒
2021-08-01 01:28:46 CHB 1989527?1627752517 第 1 次 获取到号码【1989527】GSD
2021-08-01 01:28:46 获取到号码【1989527】的GSD为【江苏-宿迁】
2021-08-01 01:28:57 GSD insert 第 1 次 等待 3 秒
2021-08-01 01:29:00 {"status":"ok","gid":462258,"msg":"添加成功！"}
2021-08-01 01:29:00 下次操作: 2021-08-01 01:29:16

2021-08-01 01:29:16 开始第 30 次操作

2021-08-01 01:29:16 开始操作号码 【1989526】
2021-08-01 01:29:21 GSD getOne 第 1 次 等待 3 秒
2021-08-01 01:29:24 查询号码 【1989526】，返回信息 {"status":"bad","msg":""}
2021-08-01 01:29:24 查询号码 【1989526】，GSD为【""】
2021-08-01 01:29:24 bad
2021-08-01 01:29:26 CHB 1989526?1627752564 第 1 次 等待 3 秒
2021-08-01 01:29:29 CHB 1989526?1627752564 第 1 次 获取到号码【1989526】GSD
2021-08-01 01:29:29 获取到号码【1989526】的GSD为【江苏-徐州】
2021-08-01 01:29:50 GSD insert 第 1 次 等待 3 秒
2021-08-01 01:29:53 {"status":"ok","gid":462267,"msg":"添加成功！"}
2021-08-01 01:29:53 下次操作: 2021-08-01 01:30:07

2021-08-01 01:30:07 开始第 31 次操作

2021-08-01 01:30:07 开始操作号码 【1989525】
2021-08-01 01:30:12 GSD getOne 第 1 次 等待 3 秒
2021-08-01 01:30:15 查询号码 【1989525】，返回信息 {"status":"bad","msg":""}
2021-08-01 01:30:15 查询号码 【1989525】，GSD为【""】
2021-08-01 01:30:15 bad
2021-08-01 01:30:17 CHB 1989525?1627752615 第 1 次 等待 3 秒
2021-08-01 01:30:20 CHB 1989525?1627752615 第 1 次 获取到号码【1989525】GSD
2021-08-01 01:30:20 获取到号码【1989525】的GSD为【江苏-徐州】
2021-08-01 01:30:39 GSD insert 第 1 次 等待 3 秒
2021-08-01 01:30:42 {"status":"ok","gid":462276,"msg":"添加成功！"}
2021-08-01 01:30:42 下次操作: 2021-08-01 01:30:59

2021-08-01 01:30:59 开始第 32 次操作

2021-08-01 01:30:59 开始操作号码 【1989524】
2021-08-01 01:31:05 GSD getOne 第 1 次 等待 3 秒
2021-08-01 01:31:08 查询号码 【1989524】，返回信息 {"status":"bad","msg":""}
2021-08-01 01:31:08 查询号码 【1989524】，GSD为【""】
2021-08-01 01:31:08 bad
2021-08-01 01:31:10 CHB 1989524?1627752668 第 1 次 等待 3 秒
2021-08-01 01:31:13 CHB 1989524?1627752668 第 1 次 获取到号码【1989524】GSD
2021-08-01 01:31:13 获取到号码【1989524】的GSD为【江苏-徐州】
2021-08-01 01:31:32 GSD insert 第 1 次 等待 3 秒
2021-08-01 01:31:35 {"status":"ok","gid":462283,"msg":"添加成功！"}
2021-08-01 01:31:35 下次操作: 2021-08-01 01:31:48

2021-08-01 01:31:48 开始第 33 次操作

2021-08-01 01:31:48 开始操作号码 【1989523】
2021-08-01 01:31:58 GSD getOne 第 1 次 等待 3 秒
2021-08-01 01:32:01 查询号码 【1989523】，返回信息 {"status":"bad","msg":""}
2021-08-01 01:32:01 查询号码 【1989523】，GSD为【""】
2021-08-01 01:32:01 bad
2021-08-01 01:32:03 CHB 1989523?1627752721 第 1 次 等待 3 秒
2021-08-01 01:32:06 CHB 1989523?1627752721 第 1 次 获取到号码【1989523】GSD
2021-08-01 01:32:06 获取到号码【1989523】的GSD为【江苏-南通】
2021-08-01 01:32:26 GSD insert 第 1 次 等待 3 秒
2021-08-01 01:32:29 {"status":"ok","gid":462289,"msg":"添加成功！"}
2021-08-01 01:32:29 下次操作: 2021-08-01 01:32:43

2021-08-01 01:32:43 开始第 34 次操作

2021-08-01 01:32:43 开始操作号码 【1989522】
2021-08-01 01:32:48 GSD getOne 第 1 次 等待 3 秒
2021-08-01 01:32:51 查询号码 【1989522】，返回信息 {"status":"bad","msg":""}
2021-08-01 01:32:52 查询号码 【1989522】，GSD为【""】
2021-08-01 01:32:52 bad
2021-08-01 01:32:54 CHB 1989522?1627752772 第 1 次 等待 3 秒
2021-08-01 01:32:57 CHB 1989522?1627752772 第 1 次 获取到号码【1989522】GSD
2021-08-01 01:32:57 获取到号码【1989522】的GSD为【江苏-苏州】
2021-08-01 01:33:16 GSD insert 第 1 次 等待 3 秒
2021-08-01 01:33:19 {"status":"ok","gid":462294,"msg":"添加成功！"}
2021-08-01 01:33:19 下次操作: 2021-08-01 01:33:41

2021-08-01 01:33:41 开始第 35 次操作

2021-08-01 01:33:41 开始操作号码 【1989521】
2021-08-01 01:33:44 GSD getOne 第 1 次 等待 3 秒
2021-08-01 01:33:47 查询号码 【1989521】，返回信息 {"status":"bad","msg":""}
2021-08-01 01:33:47 查询号码 【1989521】，GSD为【""】
2021-08-01 01:33:47 bad
2021-08-01 01:33:49 CHB 1989521?1627752827 第 1 次 等待 3 秒
2021-08-01 01:33:52 CHB 1989521?1627752827 第 1 次 获取到号码【1989521】GSD
2021-08-01 01:33:52 获取到号码【1989521】的GSD为【江苏-苏州】
2021-08-01 01:34:12 GSD insert 第 1 次 等待 3 秒
2021-08-01 01:34:15 {"status":"ok","gid":462299,"msg":"添加成功！"}
2021-08-01 01:34:15 下次操作: 2021-08-01 01:34:29

2021-08-01 01:34:29 开始第 36 次操作

2021-08-01 01:34:29 开始操作号码 【1989520】
2021-08-01 01:34:34 GSD getOne 第 1 次 等待 3 秒
2021-08-01 01:34:37 查询号码 【1989520】，返回信息 {"status":"bad","msg":""}
2021-08-01 01:34:37 查询号码 【1989520】，GSD为【""】
2021-08-01 01:34:37 bad
2021-08-01 01:34:39 CHB 1989520?1627752877 第 1 次 等待 3 秒
2021-08-01 01:34:42 CHB 1989520?1627752877 第 1 次 获取到号码【1989520】GSD
2021-08-01 01:34:42 获取到号码【1989520】的GSD为【江苏-苏州】
2021-08-01 01:35:06 GSD insert 第 1 次 等待 3 秒
2021-08-01 01:35:09 {"status":"ok","gid":462302,"msg":"添加成功！"}
2021-08-01 01:35:09 下次操作: 2021-08-01 01:35:29

2021-08-01 01:35:29 开始第 37 次操作

2021-08-01 01:35:29 开始操作号码 【1989519】
2021-08-01 01:35:32 GSD getOne 第 1 次 等待 3 秒
2021-08-01 01:35:35 查询号码 【1989519】，返回信息 {"status":"bad","msg":""}
2021-08-01 01:35:35 查询号码 【1989519】，GSD为【""】
2021-08-01 01:35:35 bad
2021-08-01 01:35:37 CHB 1989519?1627752935 第 1 次 等待 3 秒
2021-08-01 01:35:40 CHB 1989519?1627752935 第 1 次 获取到号码【1989519】GSD
2021-08-01 01:35:40 获取到号码【1989519】的GSD为【宁夏-中卫】
2021-08-01 01:36:04 GSD insert 第 1 次 等待 3 秒
2021-08-01 01:36:07 {"status":"ok","gid":462307,"msg":"添加成功！"}
2021-08-01 01:36:07 下次操作: 2021-08-01 01:36:23

2021-08-01 01:36:23 开始第 38 次操作

2021-08-01 01:36:23 开始操作号码 【1989518】
2021-08-01 01:36:29 GSD getOne 第 1 次 等待 3 秒
2021-08-01 01:36:32 查询号码 【1989518】，返回信息 {"status":"bad","msg":""}
2021-08-01 01:36:32 查询号码 【1989518】，GSD为【""】
2021-08-01 01:36:32 bad
2021-08-01 01:36:34 CHB 1989518?1627752992 第 1 次 等待 3 秒
2021-08-01 01:36:37 CHB 1989518?1627752992 第 1 次 获取到号码【1989518】GSD
2021-08-01 01:36:37 获取到号码【1989518】的GSD为【宁夏-银川】
2021-08-01 01:36:58 GSD insert 第 1 次 等待 3 秒
2021-08-01 01:37:01 {"status":"ok","gid":462310,"msg":"添加成功！"}
2021-08-01 01:37:01 下次操作: 2021-08-01 01:37:13

2021-08-01 01:37:13 开始第 39 次操作

2021-08-01 01:37:14 开始操作号码 【1989517】
2021-08-01 01:37:23 GSD getOne 第 1 次 等待 3 秒
2021-08-01 01:37:26 查询号码 【1989517】，返回信息 {"status":"bad","msg":""}
2021-08-01 01:37:26 查询号码 【1989517】，GSD为【""】
2021-08-01 01:37:26 bad
2021-08-01 01:37:28 CHB 1989517?1627753046 第 1 次 等待 3 秒
2021-08-01 01:37:31 CHB 1989517?1627753046 第 1 次 获取到号码【1989517】GSD
2021-08-01 01:37:31 获取到号码【1989517】的GSD为【宁夏-银川】
2021-08-01 01:38:01 GSD insert 第 1 次 等待 3 秒
2021-08-01 01:38:04 {"status":"ok","gid":462313,"msg":"添加成功！"}
2021-08-01 01:38:04 下次操作: 2021-08-01 01:38:26

2021-08-01 01:38:26 开始第 40 次操作

2021-08-01 01:38:26 开始操作号码 【1989516】
2021-08-01 01:38:33 GSD getOne 第 1 次 等待 3 秒
2021-08-01 01:38:36 查询号码 【1989516】，返回信息 {"status":"bad","msg":""}
2021-08-01 01:38:36 查询号码 【1989516】，GSD为【""】
2021-08-01 01:38:36 bad
2021-08-01 01:38:38 CHB 1989516?1627753116 第 1 次 等待 3 秒
2021-08-01 01:38:41 CHB 1989516?1627753116 第 1 次 获取到号码【1989516】GSD
2021-08-01 01:38:41 获取到号码【1989516】的GSD为【宁夏-银川】
2021-08-01 01:39:06 GSD insert 第 1 次 等待 3 秒
2021-08-01 01:39:09 {"status":"ok","gid":462319,"msg":"添加成功！"}

