2024-07-16 00:23:26 开始第 6153 次操作

2024-07-16 00:23:26 开始操作号码 【1526055】
2024-07-16 00:23:37 GSD getOne 第 1 次 等待 3 秒
2024-07-16 00:23:40 查询号码 【1526055】，返回信息 {"status":"ok","msg":"福建-漳州","gid":"392670","time_insert":"2021-07-25 19:05"}
2024-07-16 00:23:40 查询号码 【1526055】，GSD为【"福建-漳州"】

2024-07-16 00:23:41 开始第 6154 次操作

2024-07-16 00:23:41 开始操作号码 【1526056】
2024-07-16 00:23:52 GSD getOne 第 1 次 等待 3 秒
2024-07-16 00:23:55 查询号码 【1526056】，返回信息 {"status":"ok","msg":"福建-漳州","gid":"392658","time_insert":"2021-07-25 19:05"}
2024-07-16 00:23:55 查询号码 【1526056】，GSD为【"福建-漳州"】

2024-07-16 00:23:56 开始第 6155 次操作

2024-07-16 00:23:56 开始操作号码 【1526057】
2024-07-16 00:24:04 GSD getOne 第 1 次 等待 3 秒
2024-07-16 00:24:07 查询号码 【1526057】，返回信息 {"status":"ok","msg":"福建-漳州","gid":"392648","time_insert":"2021-07-25 19:04"}
2024-07-16 00:24:07 查询号码 【1526057】，GSD为【"福建-漳州"】

2024-07-16 00:24:08 开始第 6156 次操作

2024-07-16 00:24:08 开始操作号码 【1526058】
2024-07-16 00:24:20 GSD getOne 第 1 次 等待 3 秒
2024-07-16 00:24:23 查询号码 【1526058】，返回信息 {"status":"ok","msg":"福建-漳州","gid":"19470","time_insert":"2018-07-24 13:50","time_update":"2020-09-05 05:04"}
2024-07-16 00:24:24 查询号码 【1526058】，GSD为【"福建-漳州"】

