2023-11-03 00:22:37 开始第 6449 次操作

2023-11-03 00:22:37 开始操作号码 【1956367】
2023-11-03 00:22:40 GSD getOne 第 1 次 等待 3 秒
2023-11-03 00:22:43 查询号码 【1956367】，返回信息 {"status":"ok","msg":"河北-石家庄","gid":"489327","time_insert":"2021-08-03 11:12"}
2023-11-03 00:22:43 查询号码 【1956367】，GSD为【"河北-石家庄"】

2023-11-03 00:22:44 开始第 6450 次操作

2023-11-03 00:22:44 开始操作号码 【1956368】
2023-11-03 00:22:46 GSD getOne 第 1 次 等待 3 秒
2023-11-03 00:22:49 查询号码 【1956368】，返回信息 {"status":"ok","msg":"河北-石家庄","gid":"489320","time_insert":"2021-08-03 11:11"}
2023-11-03 00:22:49 查询号码 【1956368】，GSD为【"河北-石家庄"】

2023-11-03 00:22:50 开始第 6451 次操作

2023-11-03 00:22:50 开始操作号码 【1956369】
2023-11-03 00:22:53 GSD getOne 第 1 次 等待 3 秒
2023-11-03 00:22:56 查询号码 【1956369】，返回信息 {"status":"ok","msg":"河北-石家庄","gid":"489313","time_insert":"2021-08-03 11:11"}
2023-11-03 00:22:56 查询号码 【1956369】，GSD为【"河北-石家庄"】

2023-11-03 00:22:57 开始第 6452 次操作

2023-11-03 00:22:57 开始操作号码 【1956370】
2023-11-03 00:23:03 GSD getOne 第 1 次 等待 3 秒
2023-11-03 00:23:06 查询号码 【1956370】，返回信息 {"status":"ok","msg":"河北-保定","gid":"489305","time_insert":"2021-08-03 11:10"}
2023-11-03 00:23:06 查询号码 【1956370】，GSD为【"河北-保定"】

