2024-03-12 00:20:17 开始第 8321 次操作

2024-03-12 00:20:17 开始操作号码 【1748239】
2024-03-12 00:20:23 GSD getOne 第 1 次 等待 3 秒
2024-03-12 00:20:26 查询号码 【1748239】，返回信息 {"status":"ok","msg":"-","gid":"251131","time_insert":"2021-07-11 21:46"}
2024-03-12 00:20:26 查询号码 【1748239】，GSD为【"-"】
2024-03-12 00:20:26 ok && -
2024-03-12 00:20:29 CHB 1748239?1710174026 第 1 次 等待 3 秒
2024-03-12 00:20:32 CHB 1748239?1710174026 第 1 次 获取到号码【1748239】GSD
2024-03-12 00:20:32 未获取到号码【1748239】GSD，可能号码格式错误
2024-03-12 00:20:32 获取到号码【1748239】的GSD为【-】
2024-03-12 00:20:36 GSD insert 第 1 次 等待 3 秒
2024-03-12 00:20:39 {"status":"bad","gid":"251131","msg":"添加失败！号码【1748239(-|-)】已存在！"}
2024-03-12 00:20:39 随机等待 136 秒，约 2 分钟
2024-03-12 00:20:39 下次操作: 2024-03-12 00:22:55

2024-03-12 00:22:55 开始第 8322 次操作

2024-03-12 00:22:55 开始操作号码 【1748240】
2024-03-12 00:22:59 GSD getOne 第 1 次 等待 3 秒
2024-03-12 00:23:02 查询号码 【1748240】，返回信息 {"status":"ok","msg":"-","gid":"251135","time_insert":"2021-07-11 21:46"}
2024-03-12 00:23:02 查询号码 【1748240】，GSD为【"-"】
2024-03-12 00:23:02 ok && -
2024-03-12 00:23:04 CHB 1748240?1710174182 第 1 次 等待 3 秒
2024-03-12 00:23:07 CHB 1748240?1710174182 第 1 次 获取到号码【1748240】GSD
2024-03-12 00:23:07 未获取到号码【1748240】GSD，可能号码格式错误
2024-03-12 00:23:07 获取到号码【1748240】的GSD为【-】
2024-03-12 00:23:11 GSD insert 第 1 次 等待 3 秒
2024-03-12 00:23:14 {"status":"bad","gid":"251135","msg":"添加失败！号码【1748240(-|-)】已存在！"}
2024-03-12 00:23:14 随机等待 129 秒，约 2 分钟
2024-03-12 00:23:14 下次操作: 2024-03-12 00:25:23

2024-03-12 00:25:23 开始第 8323 次操作

2024-03-12 00:25:23 开始操作号码 【1748241】
2024-03-12 00:25:27 GSD getOne 第 1 次 等待 3 秒
2024-03-12 00:25:30 查询号码 【1748241】，返回信息 {"status":"ok","msg":"-","gid":"251141","time_insert":"2021-07-11 21:47"}
2024-03-12 00:25:30 查询号码 【1748241】，GSD为【"-"】
2024-03-12 00:25:30 ok && -
2024-03-12 00:25:32 CHB 1748241?1710174330 第 1 次 等待 3 秒
2024-03-12 00:25:35 CHB 1748241?1710174330 第 1 次 获取到号码【1748241】GSD
2024-03-12 00:25:35 未获取到号码【1748241】GSD，可能号码格式错误
2024-03-12 00:25:35 获取到号码【1748241】的GSD为【-】
2024-03-12 00:25:39 GSD insert 第 1 次 等待 3 秒
2024-03-12 00:25:42 {"status":"bad","gid":"251141","msg":"添加失败！号码【1748241(-|-)】已存在！"}
2024-03-12 00:25:42 随机等待 134 秒，约 2 分钟
2024-03-12 00:25:42 下次操作: 2024-03-12 00:27:56

2024-03-12 00:27:57 开始第 8324 次操作

2024-03-12 00:27:57 开始操作号码 【1748242】
2024-03-12 00:28:01 GSD getOne 第 1 次 等待 3 秒
2024-03-12 00:28:04 查询号码 【1748242】，返回信息 {"status":"ok","msg":"-","gid":"251146","time_insert":"2021-07-11 21:47"}
2024-03-12 00:28:04 查询号码 【1748242】，GSD为【"-"】
2024-03-12 00:28:04 ok && -
2024-03-12 00:28:10 CHB 1748242?1710174484 第 1 次 等待 3 秒
2024-03-12 00:28:13 CHB 1748242?1710174484 第 1 次 获取到号码【1748242】GSD
2024-03-12 00:28:13 未获取到号码【1748242】GSD，可能号码格式错误
2024-03-12 00:28:13 获取到号码【1748242】的GSD为【-】
2024-03-12 00:28:18 GSD insert 第 1 次 等待 3 秒
2024-03-12 00:28:21 {"status":"bad","gid":"251146","msg":"添加失败！号码【1748242(-|-)】已存在！"}

