2024-04-16 00:20:48 开始第 3725 次操作

2024-04-16 00:20:48 开始操作号码 【1633643】
2024-04-16 00:20:52 GSD getOne 第 1 次 等待 3 秒
2024-04-16 00:20:55 查询号码 【1633643】，返回信息 {"status":"ok","msg":"-","gid":"592121","time_insert":"2023-03-15 11:18"}
2024-04-16 00:20:55 查询号码 【1633643】，GSD为【"-"】
2024-04-16 00:20:55 ok && -
2024-04-16 00:20:58 CHB 1633643?1713198055 第 1 次 等待 3 秒
2024-04-16 00:21:01 CHB 1633643?1713198055 第 1 次 获取到号码【1633643】GSD
2024-04-16 00:21:01 未获取到号码【1633643】GSD，可能号码格式错误
2024-04-16 00:21:01 获取到号码【1633643】的GSD为【-】
2024-04-16 00:21:05 GSD insert 第 1 次 等待 3 秒
2024-04-16 00:21:08 {"status":"bad","gid":"592121","msg":"添加失败！号码【1633643(-|-)】已存在！"}
2024-04-16 00:21:08 随机等待 215 秒，约 3 分钟
2024-04-16 00:21:08 下次操作: 2024-04-16 00:24:43

2024-04-16 00:24:43 开始第 3726 次操作

2024-04-16 00:24:43 开始操作号码 【1633644】
2024-04-16 00:24:53 GSD getOne 第 1 次 等待 3 秒
2024-04-16 00:24:56 查询号码 【1633644】，返回信息 {"status":"ok","msg":"-","gid":"592161","time_insert":"2023-03-15 11:42"}
2024-04-16 00:24:56 查询号码 【1633644】，GSD为【"-"】
2024-04-16 00:24:56 ok && -
2024-04-16 00:24:58 CHB 1633644?1713198296 第 1 次 等待 3 秒
2024-04-16 00:25:01 CHB 1633644?1713198296 第 1 次 获取到号码【1633644】GSD
2024-04-16 00:25:01 未获取到号码【1633644】GSD，可能号码格式错误
2024-04-16 00:25:01 获取到号码【1633644】的GSD为【-】
2024-04-16 00:25:06 GSD insert 第 1 次 等待 3 秒
2024-04-16 00:25:09 {"status":"bad","gid":"592161","msg":"添加失败！号码【1633644(-|-)】已存在！"}
2024-04-16 00:25:09 随机等待 103 秒，约 1 分钟
2024-04-16 00:25:09 下次操作: 2024-04-16 00:26:52

2024-04-16 00:26:52 开始第 3727 次操作

2024-04-16 00:26:52 开始操作号码 【1633645】
2024-04-16 00:26:58 GSD getOne 第 1 次 等待 3 秒
2024-04-16 00:27:01 查询号码 【1633645】，返回信息 {"status":"ok","msg":"-","gid":"592193","time_insert":"2023-03-15 12:01"}
2024-04-16 00:27:01 查询号码 【1633645】，GSD为【"-"】
2024-04-16 00:27:01 ok && -
2024-04-16 00:27:03 CHB 1633645?1713198421 第 1 次 等待 3 秒
2024-04-16 00:27:06 CHB 1633645?1713198421 第 1 次 获取到号码【1633645】GSD
2024-04-16 00:27:06 未获取到号码【1633645】GSD，可能号码格式错误
2024-04-16 00:27:06 获取到号码【1633645】的GSD为【-】
2024-04-16 00:27:11 GSD insert 第 1 次 等待 3 秒
2024-04-16 00:27:14 {"status":"bad","gid":"592193","msg":"添加失败！号码【1633645(-|-)】已存在！"}
2024-04-16 00:27:14 随机等待 134 秒，约 2 分钟
2024-04-16 00:27:14 下次操作: 2024-04-16 00:29:28

2024-04-16 00:29:28 开始第 3728 次操作

2024-04-16 00:29:28 开始操作号码 【1633646】
2024-04-16 00:29:32 GSD getOne 第 1 次 等待 3 秒
2024-04-16 00:29:35 查询号码 【1633646】，返回信息 {"status":"ok","msg":"-","gid":"592209","time_insert":"2023-03-15 12:14"}
2024-04-16 00:29:35 查询号码 【1633646】，GSD为【"-"】
2024-04-16 00:29:35 ok && -
2024-04-16 00:29:38 CHB 1633646?1713198575 第 1 次 等待 3 秒
2024-04-16 00:29:41 CHB 1633646?1713198575 第 1 次 获取到号码【1633646】GSD
2024-04-16 00:29:41 未获取到号码【1633646】GSD，可能号码格式错误
2024-04-16 00:29:41 获取到号码【1633646】的GSD为【-】
2024-04-16 00:29:46 GSD insert 第 1 次 等待 3 秒
2024-04-16 00:29:49 {"status":"bad","gid":"592209","msg":"添加失败！号码【1633646(-|-)】已存在！"}

