2023-10-23 00:20:04 开始第 4513 次操作

2023-10-23 00:20:04 开始操作号码 【1954431】
2023-10-23 00:20:06 GSD getOne 第 1 次 等待 3 秒
2023-10-23 00:20:09 查询号码 【1954431】，返回信息 {"status":"ok","msg":"四川-遂宁","gid":"513832","time_insert":"2021-08-16 23:16","time_update":"2023-06-23 16:28"}
2023-10-23 00:20:09 查询号码 【1954431】，GSD为【"四川-遂宁"】

2023-10-23 00:20:10 开始第 4514 次操作

2023-10-23 00:20:10 开始操作号码 【1954432】
2023-10-23 00:20:14 GSD getOne 第 1 次 等待 3 秒
2023-10-23 00:20:17 查询号码 【1954432】，返回信息 {"status":"ok","msg":"四川-遂宁","gid":"513849","time_insert":"2021-08-16 23:29","time_update":"2023-06-23 16:39"}
2023-10-23 00:20:17 查询号码 【1954432】，GSD为【"四川-遂宁"】

2023-10-23 00:20:18 开始第 4515 次操作

2023-10-23 00:20:19 开始操作号码 【1954433】
2023-10-23 00:20:21 GSD getOne 第 1 次 等待 3 秒
2023-10-23 00:20:24 查询号码 【1954433】，返回信息 {"status":"ok","msg":"四川-成都","gid":"513868","time_insert":"2021-08-16 23:44","time_update":"2023-06-23 16:41"}
2023-10-23 00:20:25 查询号码 【1954433】，GSD为【"四川-成都"】

2023-10-23 00:20:26 开始第 4516 次操作

2023-10-23 00:20:26 开始操作号码 【1954434】
2023-10-23 00:20:35 GSD getOne 第 1 次 等待 3 秒
2023-10-23 00:20:38 查询号码 【1954434】，返回信息 {"status":"ok","msg":"四川-成都","gid":"513886","time_insert":"2021-08-16 23:58","time_update":"2023-06-23 16:43"}
2023-10-23 00:20:38 查询号码 【1954434】，GSD为【"四川-成都"】

2023-10-23 00:38:10 开始第 4517 次操作

2023-10-23 00:38:10 开始操作号码 【1954435】
2023-10-23 00:38:13 GSD getOne 第 1 次 等待 3 秒
2023-10-23 00:38:16 查询号码 【1954435】，返回信息 {"status":"ok","msg":"四川-雅安","gid":"513903","time_insert":"2021-08-17 00:10","time_update":"2023-06-23 16:49"}
2023-10-23 00:38:16 查询号码 【1954435】，GSD为【"四川-雅安"】

2023-10-23 00:38:17 开始第 4518 次操作

2023-10-23 00:38:17 开始操作号码 【1954436】
2023-10-23 00:38:34 GSD getOne 第 1 次 等待 3 秒
2023-10-23 00:38:37 查询号码 【1954436】，返回信息 {"status":"ok","msg":"四川-雅安","gid":"513920","time_insert":"2021-08-17 00:23","time_update":"2023-06-23 17:14"}
2023-10-23 00:38:37 查询号码 【1954436】，GSD为【"四川-雅安"】

2023-10-23 00:38:38 开始第 4519 次操作

2023-10-23 00:38:38 开始操作号码 【1954437】
2023-10-23 00:38:40 GSD getOne 第 1 次 等待 3 秒
2023-10-23 00:38:43 查询号码 【1954437】，返回信息 {"status":"ok","msg":"四川-雅安","gid":"513936","time_insert":"2021-08-17 00:36","time_update":"2023-06-23 17:17"}
2023-10-23 00:38:43 查询号码 【1954437】，GSD为【"四川-雅安"】

2023-10-23 00:38:44 开始第 4520 次操作

2023-10-23 00:38:44 开始操作号码 【1954438】
2023-10-23 00:38:49 GSD getOne 第 1 次 等待 3 秒
2023-10-23 00:38:52 查询号码 【1954438】，返回信息 {"status":"ok","msg":"四川-达州","gid":"513956","time_insert":"2021-08-17 00:51","time_update":"2023-06-23 17:20"}
2023-10-23 00:38:52 查询号码 【1954438】，GSD为【"四川-达州"】

