2021-07-29 00:00:08 开始第 12 次操作

2021-07-29 00:00:08 开始操作号码 【1814454】
2021-07-29 00:00:12 GSD getOne 第 1 次 等待 3 秒
2021-07-29 00:00:15 查询号码 【1814454】，返回信息 {"status":"bad","msg":""}
2021-07-29 00:00:15 查询号码 【1814454】，GSD为【""】
2021-07-29 00:00:15 bad
2021-07-29 00:00:16 CHB 1814454?1627488015 第 1 次 等待 3 秒
2021-07-29 00:00:19 CHB 1814454?1627488015 第 1 次 获取到号码【1814454】GSD
2021-07-29 00:00:19 获取到号码【1814454】的GSD为【北京-北京】
2021-07-29 00:00:38 GSD insert 第 1 次 等待 3 秒
2021-07-29 00:00:41 {"status":"ok","gid":428339,"msg":"添加成功！"}
2021-07-29 00:00:41 下次操作: 2021-07-29 00:00:59

2021-07-29 00:00:59 开始第 13 次操作

2021-07-29 00:00:59 开始操作号码 【1814453】
2021-07-29 00:01:02 GSD getOne 第 1 次 等待 3 秒
2021-07-29 00:01:05 查询号码 【1814453】，返回信息 {"status":"bad","msg":""}
2021-07-29 00:01:05 查询号码 【1814453】，GSD为【""】
2021-07-29 00:01:05 bad
2021-07-29 00:01:07 CHB 1814453?1627488065 第 1 次 等待 3 秒
2021-07-29 00:01:10 CHB 1814453?1627488065 第 1 次 获取到号码【1814453】GSD
2021-07-29 00:01:10 获取到号码【1814453】的GSD为【北京-北京】
2021-07-29 00:01:28 GSD insert 第 1 次 等待 3 秒
2021-07-29 00:01:31 {"status":"ok","gid":428343,"msg":"添加成功！"}
2021-07-29 00:01:31 下次操作: 2021-07-29 00:01:55

2021-07-29 00:01:55 开始第 14 次操作

2021-07-29 00:01:55 开始操作号码 【1814452】
2021-07-29 00:02:00 GSD getOne 第 1 次 等待 3 秒
2021-07-29 00:02:03 查询号码 【1814452】，返回信息 {"status":"bad","msg":""}
2021-07-29 00:02:03 查询号码 【1814452】，GSD为【""】
2021-07-29 00:02:03 bad
2021-07-29 00:02:04 CHB 1814452?1627488123 第 1 次 等待 3 秒
2021-07-29 00:02:07 CHB 1814452?1627488123 第 1 次 获取到号码【1814452】GSD
2021-07-29 00:02:07 获取到号码【1814452】的GSD为【北京-北京】
2021-07-29 00:02:26 GSD insert 第 1 次 等待 3 秒
2021-07-29 00:02:29 {"status":"ok","gid":428354,"msg":"添加成功！"}
2021-07-29 00:02:29 下次操作: 2021-07-29 00:02:45

2021-07-29 00:02:45 开始第 15 次操作

2021-07-29 00:02:45 开始操作号码 【1814451】
2021-07-29 00:02:58 GSD getOne 第 1 次 等待 3 秒
2021-07-29 00:03:01 查询号码 【1814451】，返回信息 {"status":"bad","msg":""}
2021-07-29 00:03:01 查询号码 【1814451】，GSD为【""】
2021-07-29 00:03:01 bad
2021-07-29 00:03:03 CHB 1814451?1627488181 第 1 次 等待 3 秒
2021-07-29 00:03:06 CHB 1814451?1627488181 第 1 次 获取到号码【1814451】GSD
2021-07-29 00:03:06 获取到号码【1814451】的GSD为【北京-北京】
2021-07-29 00:03:47 GSD insert 第 1 次 等待 3 秒
2021-07-29 00:03:50 {"status":"ok","gid":428367,"msg":"添加成功！"}
2021-07-29 00:03:50 下次操作: 2021-07-29 00:04:04

2021-07-29 00:04:04 开始第 16 次操作

2021-07-29 00:04:04 开始操作号码 【1814450】
2021-07-29 00:04:06 GSD getOne 第 1 次 等待 3 秒
2021-07-29 00:04:09 查询号码 【1814450】，返回信息 {"status":"ok","msg":"北京-北京","gid":"33660","time_insert":"2020-07-30 12:05","time_update":"2020-12-25 17:46"}
2021-07-29 00:04:10 查询号码 【1814450】，GSD为【"北京-北京"】

2021-07-29 00:04:10 开始第 16 次操作

2021-07-29 00:04:10 开始操作号码 【1814449】
2021-07-29 00:04:32 GSD getOne 第 1 次 等待 3 秒
2021-07-29 00:04:35 查询号码 【1814449】，返回信息 {"status":"bad","msg":""}
2021-07-29 00:04:35 查询号码 【1814449】，GSD为【""】
2021-07-29 00:04:35 bad
2021-07-29 00:04:37 CHB 1814449?1627488275 第 1 次 等待 3 秒
2021-07-29 00:04:40 CHB 1814449?1627488275 第 1 次 获取到号码【1814449】GSD
2021-07-29 00:04:41 获取到号码【1814449】的GSD为【广东-惠州】
2021-07-29 00:04:52 GSD insert 第 1 次 等待 3 秒
2021-07-29 00:04:55 {"status":"ok","gid":428379,"msg":"添加成功！"}
2021-07-29 00:04:55 下次操作: 2021-07-29 00:05:16

2021-07-29 00:05:16 开始第 17 次操作

2021-07-29 00:05:16 开始操作号码 【1814448】
2021-07-29 00:05:19 GSD getOne 第 1 次 等待 3 秒
2021-07-29 00:05:22 查询号码 【1814448】，返回信息 {"status":"bad","msg":""}
2021-07-29 00:05:22 查询号码 【1814448】，GSD为【""】
2021-07-29 00:05:22 bad
2021-07-29 00:05:23 CHB 1814448?1627488322 第 1 次 等待 3 秒
2021-07-29 00:05:26 CHB 1814448?1627488322 第 1 次 获取到号码【1814448】GSD
2021-07-29 00:05:26 获取到号码【1814448】的GSD为【广东-惠州】
2021-07-29 00:05:48 GSD insert 第 1 次 等待 3 秒
2021-07-29 00:05:51 {"status":"ok","gid":428390,"msg":"添加成功！"}
2021-07-29 00:05:51 下次操作: 2021-07-29 00:06:05

2021-07-29 00:06:05 开始第 18 次操作

2021-07-29 00:06:05 开始操作号码 【1814447】
2021-07-29 00:06:11 GSD getOne 第 1 次 等待 3 秒
2021-07-29 00:06:14 查询号码 【1814447】，返回信息 {"status":"bad","msg":""}
2021-07-29 00:06:14 查询号码 【1814447】，GSD为【""】
2021-07-29 00:06:14 bad
2021-07-29 00:06:16 CHB 1814447?1627488374 第 1 次 等待 3 秒
2021-07-29 00:06:19 CHB 1814447?1627488374 第 1 次 获取到号码【1814447】GSD
2021-07-29 00:06:19 获取到号码【1814447】的GSD为【广东-江门】
2021-07-29 00:06:44 GSD insert 第 1 次 等待 3 秒
2021-07-29 00:06:47 {"status":"ok","gid":428400,"msg":"添加成功！"}
2021-07-29 00:06:47 下次操作: 2021-07-29 00:07:06

2021-07-29 00:07:06 开始第 19 次操作

2021-07-29 00:07:06 开始操作号码 【1814446】
2021-07-29 00:07:12 GSD getOne 第 1 次 等待 3 秒
2021-07-29 00:07:15 查询号码 【1814446】，返回信息 {"status":"bad","msg":""}
2021-07-29 00:07:15 查询号码 【1814446】，GSD为【""】
2021-07-29 00:07:15 bad
2021-07-29 00:07:17 CHB 1814446?1627488435 第 1 次 等待 3 秒
2021-07-29 00:07:20 CHB 1814446?1627488435 第 1 次 获取到号码【1814446】GSD
2021-07-29 00:07:20 获取到号码【1814446】的GSD为【广东-江门】
2021-07-29 00:07:39 GSD insert 第 1 次 等待 3 秒
2021-07-29 00:07:42 {"status":"ok","gid":428411,"msg":"添加成功！"}
2021-07-29 00:07:42 下次操作: 2021-07-29 00:07:56

2021-07-29 00:07:56 开始第 20 次操作

2021-07-29 00:07:56 开始操作号码 【1814445】
2021-07-29 00:07:59 GSD getOne 第 1 次 等待 3 秒
2021-07-29 00:08:02 查询号码 【1814445】，返回信息 {"status":"bad","msg":""}
2021-07-29 00:08:02 查询号码 【1814445】，GSD为【""】
2021-07-29 00:08:02 bad
2021-07-29 00:08:04 CHB 1814445?1627488482 第 1 次 等待 3 秒
2021-07-29 00:08:07 CHB 1814445?1627488482 第 1 次 获取到号码【1814445】GSD
2021-07-29 00:08:07 获取到号码【1814445】的GSD为【广东-佛山】
2021-07-29 00:08:27 GSD insert 第 1 次 等待 3 秒
2021-07-29 00:08:30 {"status":"ok","gid":428423,"msg":"添加成功！"}
2021-07-29 00:08:30 下次操作: 2021-07-29 00:08:42

2021-07-29 00:08:42 开始第 21 次操作

2021-07-29 00:08:42 开始操作号码 【1814444】
2021-07-29 00:08:47 GSD getOne 第 1 次 等待 3 秒
2021-07-29 00:08:50 查询号码 【1814444】，返回信息 {"status":"bad","msg":""}
2021-07-29 00:08:50 查询号码 【1814444】，GSD为【""】
2021-07-29 00:08:50 bad
2021-07-29 00:08:51 CHB 1814444?1627488530 第 1 次 等待 3 秒
2021-07-29 00:08:54 CHB 1814444?1627488530 第 1 次 获取到号码【1814444】GSD
2021-07-29 00:08:54 获取到号码【1814444】的GSD为【广东-茂名】
2021-07-29 00:09:12 GSD insert 第 1 次 等待 3 秒
2021-07-29 00:09:16 {"status":"ok","gid":428433,"msg":"添加成功！"}
2021-07-29 00:09:16 下次操作: 2021-07-29 00:09:28

2021-07-29 00:09:28 开始第 22 次操作

2021-07-29 00:09:28 开始操作号码 【1814443】
2021-07-29 00:09:48 GSD getOne 第 1 次 等待 3 秒
2021-07-29 00:09:51 查询号码 【1814443】，返回信息 {"status":"bad","msg":""}
2021-07-29 00:09:51 查询号码 【1814443】，GSD为【""】
2021-07-29 00:09:51 bad
2021-07-29 00:09:53 CHB 1814443?1627488591 第 1 次 等待 3 秒
2021-07-29 00:09:56 CHB 1814443?1627488591 第 1 次 获取到号码【1814443】GSD
2021-07-29 00:09:56 获取到号码【1814443】的GSD为【广东-湛江】
2021-07-29 00:10:14 GSD insert 第 1 次 等待 3 秒
2021-07-29 00:10:17 {"status":"ok","gid":428444,"msg":"添加成功！"}
2021-07-29 00:10:17 下次操作: 2021-07-29 00:10:35

2021-07-29 00:10:35 开始第 23 次操作

2021-07-29 00:10:35 开始操作号码 【1814442】
2021-07-29 00:10:38 GSD getOne 第 1 次 等待 3 秒
2021-07-29 00:10:41 查询号码 【1814442】，返回信息 {"status":"bad","msg":""}
2021-07-29 00:10:41 查询号码 【1814442】，GSD为【""】
2021-07-29 00:10:41 bad
2021-07-29 00:10:43 CHB 1814442?1627488641 第 1 次 等待 3 秒
2021-07-29 00:10:46 CHB 1814442?1627488641 第 1 次 获取到号码【1814442】GSD
2021-07-29 00:10:46 获取到号码【1814442】的GSD为【广东-湛江】
2021-07-29 00:11:04 GSD insert 第 1 次 等待 3 秒
2021-07-29 00:11:07 {"status":"ok","gid":428453,"msg":"添加成功！"}
2021-07-29 00:11:07 下次操作: 2021-07-29 00:11:31

2021-07-29 00:11:31 开始第 24 次操作

2021-07-29 00:11:31 开始操作号码 【1814441】
2021-07-29 00:11:39 GSD getOne 第 1 次 等待 3 秒
2021-07-29 00:11:42 查询号码 【1814441】，返回信息 {"status":"bad","msg":""}
2021-07-29 00:11:42 查询号码 【1814441】，GSD为【""】
2021-07-29 00:11:42 bad
2021-07-29 00:11:44 CHB 1814441?1627488702 第 1 次 等待 3 秒
2021-07-29 00:11:47 CHB 1814441?1627488702 第 1 次 获取到号码【1814441】GSD
2021-07-29 00:11:47 获取到号码【1814441】的GSD为【广东-潮州】
2021-07-29 00:12:05 GSD insert 第 1 次 等待 3 秒
2021-07-29 00:12:08 {"status":"ok","gid":428464,"msg":"添加成功！"}
2021-07-29 00:12:08 下次操作: 2021-07-29 00:12:29

2021-07-29 00:12:29 开始第 25 次操作

2021-07-29 00:12:29 开始操作号码 【1814440】
2021-07-29 00:12:35 GSD getOne 第 1 次 等待 3 秒
2021-07-29 00:12:38 查询号码 【1814440】，返回信息 {"status":"bad","msg":""}
2021-07-29 00:12:38 查询号码 【1814440】，GSD为【""】
2021-07-29 00:12:38 bad
2021-07-29 00:12:41 CHB 1814440?1627488758 第 1 次 等待 3 秒
2021-07-29 00:12:44 CHB 1814440?1627488758 第 1 次 获取到号码【1814440】GSD
2021-07-29 00:12:44 获取到号码【1814440】的GSD为【广东-潮州】
2021-07-29 00:12:54 GSD insert 第 1 次 等待 3 秒
2021-07-29 00:12:57 {"status":"ok","gid":428473,"msg":"添加成功！"}
2021-07-29 00:12:57 下次操作: 2021-07-29 00:13:13

2021-07-29 00:13:13 开始第 26 次操作

2021-07-29 00:13:13 开始操作号码 【1814439】
2021-07-29 00:13:15 GSD getOne 第 1 次 等待 3 秒
2021-07-29 00:13:18 查询号码 【1814439】，返回信息 {"status":"ok","msg":"四川-成都","gid":"33659","time_insert":"2017-08-29 00:00","time_update":"2020-11-04 17:24"}
2021-07-29 00:13:18 查询号码 【1814439】，GSD为【"四川-成都"】

2021-07-29 00:13:18 开始第 26 次操作

2021-07-29 00:13:18 开始操作号码 【1814438】
2021-07-29 00:13:36 GSD getOne 第 1 次 等待 3 秒
2021-07-29 00:13:39 查询号码 【1814438】，返回信息 {"status":"ok","msg":"四川-成都","gid":"33658","time_insert":"2019-11-15 11:24","time_update":"2020-11-04 17:19"}
2021-07-29 00:13:39 查询号码 【1814438】，GSD为【"四川-成都"】

2021-07-29 00:13:39 开始第 26 次操作

2021-07-29 00:13:39 开始操作号码 【1814437】
2021-07-29 00:13:58 GSD getOne 第 1 次 等待 3 秒
2021-07-29 00:14:01 查询号码 【1814437】，返回信息 {"status":"bad","msg":""}
2021-07-29 00:14:01 查询号码 【1814437】，GSD为【""】
2021-07-29 00:14:01 bad
2021-07-29 00:14:03 CHB 1814437?1627488841 第 1 次 等待 3 秒
2021-07-29 00:14:06 CHB 1814437?1627488841 第 1 次 获取到号码【1814437】GSD
2021-07-29 00:14:06 获取到号码【1814437】的GSD为【四川-成都】
2021-07-29 00:14:25 GSD insert 第 1 次 等待 3 秒
2021-07-29 00:14:28 {"status":"ok","gid":428490,"msg":"添加成功！"}
2021-07-29 00:14:28 下次操作: 2021-07-29 00:14:40

2021-07-29 00:14:40 开始第 27 次操作

2021-07-29 00:14:40 开始操作号码 【1814436】
2021-07-29 00:14:49 GSD getOne 第 1 次 等待 3 秒
2021-07-29 00:14:52 查询号码 【1814436】，返回信息 {"status":"bad","msg":""}
2021-07-29 00:14:52 查询号码 【1814436】，GSD为【""】
2021-07-29 00:14:52 bad
2021-07-29 00:14:53 CHB 1814436?1627488892 第 1 次 等待 3 秒
2021-07-29 00:14:57 CHB 1814436?1627488892 第 1 次 获取到号码【1814436】GSD
2021-07-29 00:14:57 获取到号码【1814436】的GSD为【四川-成都】
2021-07-29 00:15:18 GSD insert 第 1 次 等待 3 秒
2021-07-29 00:15:21 {"status":"ok","gid":428502,"msg":"添加成功！"}
2021-07-29 00:15:21 下次操作: 2021-07-29 00:15:43

2021-07-29 00:15:43 开始第 28 次操作

2021-07-29 00:15:43 开始操作号码 【1814435】
2021-07-29 00:15:54 GSD getOne 第 1 次 等待 3 秒
2021-07-29 00:15:57 查询号码 【1814435】，返回信息 {"status":"ok","msg":"四川-成都","gid":"33657","time_insert":"2018-04-17 10:27","time_update":"2020-11-04 17:16"}
2021-07-29 00:15:57 查询号码 【1814435】，GSD为【"四川-成都"】

2021-07-29 00:15:57 开始第 28 次操作

2021-07-29 00:15:57 开始操作号码 【1814434】
2021-07-29 00:16:24 GSD getOne 第 1 次 等待 3 秒
2021-07-29 00:16:27 查询号码 【1814434】，返回信息 {"status":"bad","msg":""}
2021-07-29 00:16:27 查询号码 【1814434】，GSD为【""】
2021-07-29 00:16:27 bad
2021-07-29 00:16:28 CHB 1814434?1627488987 第 1 次 等待 3 秒
2021-07-29 00:16:31 CHB 1814434?1627488987 第 1 次 获取到号码【1814434】GSD
2021-07-29 00:16:31 获取到号码【1814434】的GSD为【四川-成都】
2021-07-29 00:16:49 GSD insert 第 1 次 等待 3 秒
2021-07-29 00:16:52 {"status":"ok","gid":428517,"msg":"添加成功！"}
2021-07-29 00:16:52 下次操作: 2021-07-29 00:17:14

2021-07-29 00:17:14 开始第 29 次操作

2021-07-29 00:17:14 开始操作号码 【1814433】
2021-07-29 00:17:17 GSD getOne 第 1 次 等待 3 秒
2021-07-29 00:17:20 查询号码 【1814433】，返回信息 {"status":"bad","msg":""}
2021-07-29 00:17:20 查询号码 【1814433】，GSD为【""】
2021-07-29 00:17:20 bad
2021-07-29 00:17:22 CHB 1814433?1627489040 第 1 次 等待 3 秒
2021-07-29 00:17:25 CHB 1814433?1627489040 第 1 次 获取到号码【1814433】GSD
2021-07-29 00:17:25 获取到号码【1814433】的GSD为【四川-成都】
2021-07-29 00:17:43 GSD insert 第 1 次 等待 3 秒
2021-07-29 00:17:46 {"status":"ok","gid":428530,"msg":"添加成功！"}
2021-07-29 00:17:46 下次操作: 2021-07-29 00:18:00

2021-07-29 00:18:00 开始第 30 次操作

2021-07-29 00:18:00 开始操作号码 【1814432】
2021-07-29 00:18:07 GSD getOne 第 1 次 等待 3 秒
2021-07-29 00:18:10 查询号码 【1814432】，返回信息 {"status":"ok","msg":"四川-德阳","gid":"33656","time_insert":"2017-10-12 00:00","time_update":"2020-11-04 17:12"}
2021-07-29 00:18:10 查询号码 【1814432】，GSD为【"四川-德阳"】

2021-07-29 00:18:10 开始第 30 次操作

2021-07-29 00:18:10 开始操作号码 【1814431】
2021-07-29 00:18:28 GSD getOne 第 1 次 等待 3 秒
2021-07-29 00:18:31 查询号码 【1814431】，返回信息 {"status":"ok","msg":"四川-广元","gid":"33655","time_insert":"2017-04-25 16:09","time_update":"2020-11-04 17:07"}
2021-07-29 00:18:31 查询号码 【1814431】，GSD为【"四川-广元"】

2021-07-29 00:18:31 开始第 30 次操作

2021-07-29 00:18:31 开始操作号码 【1814430】
2021-07-29 00:18:53 GSD getOne 第 1 次 等待 3 秒
2021-07-29 00:18:56 查询号码 【1814430】，返回信息 {"status":"ok","msg":"四川-乐山","gid":"33654","time_insert":"2016-04-28 08:32","time_update":"2020-11-04 17:02"}
2021-07-29 00:18:56 查询号码 【1814430】，GSD为【"四川-乐山"】

2021-07-29 00:18:56 开始第 30 次操作

2021-07-29 00:18:56 开始操作号码 【1814429】
2021-07-29 00:19:17 GSD getOne 第 1 次 等待 3 秒
2021-07-29 00:19:20 查询号码 【1814429】，返回信息 {"status":"ok","msg":"四川-南充","gid":"33653","time_insert":"2017-06-24 16:55","time_update":"2020-11-04 16:58"}
2021-07-29 00:19:20 查询号码 【1814429】，GSD为【"四川-南充"】

2021-07-29 00:19:20 开始第 30 次操作

2021-07-29 00:19:20 开始操作号码 【1814428】
2021-07-29 00:19:38 GSD getOne 第 1 次 等待 3 秒
2021-07-29 00:19:41 查询号码 【1814428】，返回信息 {"status":"ok","msg":"四川-宜宾","gid":"33652","time_insert":"2017-04-17 10:17","time_update":"2020-11-04 16:54"}
2021-07-29 00:19:41 查询号码 【1814428】，GSD为【"四川-宜宾"】

2021-07-29 00:19:41 开始第 30 次操作

2021-07-29 00:19:41 开始操作号码 【1814427】
2021-07-29 00:20:01 GSD getOne 第 1 次 等待 3 秒
2021-07-29 00:20:04 查询号码 【1814427】，返回信息 {"status":"ok","msg":"四川-遂宁","gid":"33651","time_insert":"2019-01-22 18:45","time_update":"2020-11-04 16:49"}
2021-07-29 00:20:04 查询号码 【1814427】，GSD为【"四川-遂宁"】

2021-07-29 00:20:04 开始第 30 次操作

2021-07-29 00:20:04 开始操作号码 【1814426】
2021-07-29 00:20:27 GSD getOne 第 1 次 等待 3 秒
2021-07-29 00:20:30 查询号码 【1814426】，返回信息 {"status":"ok","msg":"四川-绵阳","gid":"33650","time_insert":"2018-06-02 23:06","time_update":"2020-11-04 16:46"}
2021-07-29 00:20:30 查询号码 【1814426】，GSD为【"四川-绵阳"】

2021-07-29 00:20:30 开始第 30 次操作

2021-07-29 00:20:30 开始操作号码 【1814425】
2021-07-29 00:20:50 GSD getOne 第 1 次 等待 3 秒
2021-07-29 00:20:53 查询号码 【1814425】，返回信息 {"status":"ok","msg":"四川-绵阳","gid":"33649","time_insert":"2018-06-25 08:00","time_update":"2020-11-04 16:42"}
2021-07-29 00:20:53 查询号码 【1814425】，GSD为【"四川-绵阳"】

2021-07-29 00:20:53 开始第 30 次操作

2021-07-29 00:20:53 开始操作号码 【1814424】
2021-07-29 00:21:12 GSD getOne 第 1 次 等待 3 秒
2021-07-29 00:21:15 查询号码 【1814424】，返回信息 {"status":"ok","msg":"四川-绵阳","gid":"33648","time_insert":"2018-10-16 01:50","time_update":"2020-11-04 16:38"}
2021-07-29 00:21:15 查询号码 【1814424】，GSD为【"四川-绵阳"】

2021-07-29 00:21:15 开始第 30 次操作

2021-07-29 00:21:15 开始操作号码 【1814423】
2021-07-29 00:21:38 GSD getOne 第 1 次 等待 3 秒
2021-07-29 00:21:41 查询号码 【1814423】，返回信息 {"status":"ok","msg":"四川-自贡","gid":"33647","time_insert":"2019-10-23 08:32","time_update":"2020-11-04 16:37"}
2021-07-29 00:21:41 查询号码 【1814423】，GSD为【"四川-自贡"】

2021-07-29 00:21:41 开始第 30 次操作

2021-07-29 00:21:41 开始操作号码 【1814422】
2021-07-29 00:22:01 GSD getOne 第 1 次 等待 3 秒
2021-07-29 00:22:04 查询号码 【1814422】，返回信息 {"status":"ok","msg":"四川-自贡","gid":"33646","time_insert":"2018-07-17 19:14","time_update":"2020-11-04 16:34"}
2021-07-29 00:22:04 查询号码 【1814422】，GSD为【"四川-自贡"】

2021-07-29 00:22:04 开始第 30 次操作

2021-07-29 00:22:04 开始操作号码 【1814421】
2021-07-29 00:22:41 GSD getOne 第 1 次 等待 3 秒
2021-07-29 00:22:44 查询号码 【1814421】，返回信息 {"status":"ok","msg":"四川-眉山","gid":"33645","time_insert":"2018-10-29 13:11","time_update":"2020-11-04 16:31"}
2021-07-29 00:22:44 查询号码 【1814421】，GSD为【"四川-眉山"】

2021-07-29 00:22:44 开始第 30 次操作

2021-07-29 00:22:44 开始操作号码 【1814420】
2021-07-29 00:23:12 GSD getOne 第 1 次 等待 3 秒
2021-07-29 00:23:15 查询号码 【1814420】，返回信息 {"status":"ok","msg":"四川-眉山","gid":"33644","time_insert":"2017-10-28 23:03","time_update":"2020-11-04 16:27"}
2021-07-29 00:23:15 查询号码 【1814420】，GSD为【"四川-眉山"】

2021-07-29 00:23:15 开始第 30 次操作

2021-07-29 00:23:15 开始操作号码 【1814419】
2021-07-29 00:23:35 GSD getOne 第 1 次 等待 3 秒
2021-07-29 00:23:38 查询号码 【1814419】，返回信息 {"status":"bad","msg":""}
2021-07-29 00:23:38 查询号码 【1814419】，GSD为【""】
2021-07-29 00:23:38 bad
2021-07-29 00:23:40 CHB 1814419?1627489418 第 1 次 等待 3 秒
2021-07-29 00:23:43 CHB 1814419?1627489418 第 1 次 获取到号码【1814419】GSD
2021-07-29 00:23:43 获取到号码【1814419】的GSD为【福建-宁德】
2021-07-29 00:24:07 GSD insert 第 1 次 等待 3 秒
2021-07-29 00:24:10 {"status":"ok","gid":428582,"msg":"添加成功！"}
2021-07-29 00:24:10 下次操作: 2021-07-29 00:24:28

2021-07-29 00:24:28 开始第 31 次操作

2021-07-29 00:24:28 开始操作号码 【1814418】
2021-07-29 00:24:39 GSD getOne 第 1 次 等待 3 秒
2021-07-29 00:24:42 查询号码 【1814418】，返回信息 {"status":"bad","msg":""}
2021-07-29 00:24:43 查询号码 【1814418】，GSD为【""】
2021-07-29 00:24:43 bad
2021-07-29 00:24:44 CHB 1814418?1627489483 第 1 次 等待 3 秒
2021-07-29 00:24:47 CHB 1814418?1627489483 第 1 次 获取到号码【1814418】GSD
2021-07-29 00:24:47 获取到号码【1814418】的GSD为【福建-宁德】
2021-07-29 00:25:10 GSD insert 第 1 次 等待 3 秒
2021-07-29 00:25:13 {"status":"ok","gid":428587,"msg":"添加成功！"}
2021-07-29 00:25:13 下次操作: 2021-07-29 00:25:32

2021-07-29 00:25:32 开始第 32 次操作

2021-07-29 00:25:32 开始操作号码 【1814417】
2021-07-29 00:26:30 GSD getOne 第 1 次 等待 3 秒
2021-07-29 00:26:33 查询号码 【1814417】，返回信息 {"status":"bad","msg":""}
2021-07-29 00:26:33 查询号码 【1814417】，GSD为【""】
2021-07-29 00:26:33 bad
2021-07-29 00:26:34 CHB 1814417?1627489593 第 1 次 等待 3 秒
2021-07-29 00:26:37 CHB 1814417?1627489593 第 1 次 获取到号码【1814417】GSD
2021-07-29 00:26:38 获取到号码【1814417】的GSD为【福建-宁德】
2021-07-29 00:26:56 GSD insert 第 1 次 等待 3 秒
2021-07-29 00:26:59 {"status":"ok","gid":428593,"msg":"添加成功！"}
2021-07-29 00:26:59 下次操作: 2021-07-29 00:27:17

2021-07-29 00:27:17 开始第 33 次操作

2021-07-29 00:27:17 开始操作号码 【1814416】
2021-07-29 00:27:19 GSD getOne 第 1 次 等待 3 秒
2021-07-29 00:27:22 查询号码 【1814416】，返回信息 {"status":"bad","msg":""}
2021-07-29 00:27:22 查询号码 【1814416】，GSD为【""】
2021-07-29 00:27:22 bad
2021-07-29 00:27:24 CHB 1814416?1627489642 第 1 次 等待 3 秒
2021-07-29 00:27:27 CHB 1814416?1627489642 第 1 次 获取到号码【1814416】GSD
2021-07-29 00:27:27 获取到号码【1814416】的GSD为【福建-厦门】
2021-07-29 00:28:47 GSD insert 第 1 次 等待 3 秒
2021-07-29 00:28:50 {"status":"ok","gid":428600,"msg":"添加成功！"}
2021-07-29 00:28:50 下次操作: 2021-07-29 00:29:11

2021-07-29 00:29:11 开始第 34 次操作

2021-07-29 00:29:11 开始操作号码 【1814415】
2021-07-29 00:29:13 GSD getOne 第 1 次 等待 3 秒
2021-07-29 00:29:16 查询号码 【1814415】，返回信息 {"status":"bad","msg":""}
2021-07-29 00:29:16 查询号码 【1814415】，GSD为【""】
2021-07-29 00:29:16 bad
2021-07-29 00:29:18 CHB 1814415?1627489756 第 1 次 等待 3 秒
2021-07-29 00:29:21 CHB 1814415?1627489756 第 1 次 获取到号码【1814415】GSD
2021-07-29 00:29:21 获取到号码【1814415】的GSD为【福建-厦门】
2021-07-29 00:29:48 GSD insert 第 1 次 等待 3 秒
2021-07-29 00:29:51 {"status":"ok","gid":428604,"msg":"添加成功！"}
2021-07-29 00:29:51 下次操作: 2021-07-29 00:30:04

2021-07-29 00:30:04 开始第 35 次操作

2021-07-29 00:30:04 开始操作号码 【1814414】
2021-07-29 00:30:07 GSD getOne 第 1 次 等待 3 秒
2021-07-29 00:30:10 查询号码 【1814414】，返回信息 {"status":"bad","msg":""}
2021-07-29 00:30:10 查询号码 【1814414】，GSD为【""】
2021-07-29 00:30:10 bad
2021-07-29 00:30:11 CHB 1814414?1627489810 第 1 次 等待 3 秒
2021-07-29 00:30:14 CHB 1814414?1627489810 第 1 次 获取到号码【1814414】GSD
2021-07-29 00:30:14 未获取到号码【1814414】GSD，查号吧 400 错误
2021-07-29 00:30:14 获取到号码【1814414】的GSD为【-】
2021-07-29 00:30:32 GSD insert 第 1 次 等待 3 秒
2021-07-29 00:30:35 {"status":"ok","gid":428607,"msg":"添加成功！"}
2021-07-29 00:30:35 下次操作: 2021-07-29 00:30:57

2021-07-29 00:30:57 开始第 36 次操作

2021-07-29 00:30:57 开始操作号码 【1814413】
2021-07-29 00:33:07 GSD getOne 第 1 次 等待 3 秒
2021-07-29 00:35:20 GSD getOne 第 2 次 等待 3 秒
2021-07-29 00:35:28 GSD getOne 第 3 次 等待 3 秒
2021-07-29 00:35:31 查询号码 【1814413】，返回信息 {"status":"bad","msg":""}
2021-07-29 00:35:31 查询号码 【1814413】，GSD为【""】
2021-07-29 00:35:31 bad
2021-07-29 00:35:32 CHB 1814413?1627490131 第 1 次 等待 3 秒
2021-07-29 00:35:35 CHB 1814413?1627490131 第 1 次 获取到号码【1814413】GSD
2021-07-29 00:35:35 获取到号码【1814413】的GSD为【福建-厦门】
2021-07-29 00:35:53 GSD insert 第 1 次 等待 3 秒
2021-07-29 00:35:56 {"status":"ok","gid":428622,"msg":"添加成功！"}
2021-07-29 00:35:56 下次操作: 2021-07-29 00:36:20

2021-07-29 00:36:20 开始第 37 次操作

2021-07-29 00:36:20 开始操作号码 【1814412】
2021-07-29 00:36:40 GSD getOne 第 1 次 等待 3 秒
2021-07-29 00:36:43 查询号码 【1814412】，返回信息 {"status":"bad","msg":""}
2021-07-29 00:36:43 查询号码 【1814412】，GSD为【""】
2021-07-29 00:36:43 bad
2021-07-29 00:36:44 CHB 1814412?1627490203 第 1 次 等待 3 秒
2021-07-29 00:36:47 CHB 1814412?1627490203 第 1 次 获取到号码【1814412】GSD
2021-07-29 00:36:47 获取到号码【1814412】的GSD为【福建-厦门】
2021-07-29 00:37:08 GSD insert 第 1 次 等待 3 秒
2021-07-29 00:37:11 {"status":"ok","gid":428624,"msg":"添加成功！"}
2021-07-29 00:37:11 下次操作: 2021-07-29 00:37:31

2021-07-29 00:37:31 开始第 38 次操作

2021-07-29 00:37:31 开始操作号码 【1814411】
2021-07-29 00:37:34 GSD getOne 第 1 次 等待 3 秒
2021-07-29 00:37:37 查询号码 【1814411】，返回信息 {"status":"bad","msg":""}
2021-07-29 00:37:37 查询号码 【1814411】，GSD为【""】
2021-07-29 00:37:37 bad
2021-07-29 00:37:38 CHB 1814411?1627490257 第 1 次 等待 3 秒
2021-07-29 00:37:41 CHB 1814411?1627490257 第 1 次 获取到号码【1814411】GSD
2021-07-29 00:37:41 获取到号码【1814411】的GSD为【福建-厦门】
2021-07-29 00:38:00 GSD insert 第 1 次 等待 3 秒
2021-07-29 00:38:03 {"status":"ok","gid":428625,"msg":"添加成功！"}
2021-07-29 00:38:03 下次操作: 2021-07-29 00:38:25

2021-07-29 00:38:25 开始第 39 次操作

2021-07-29 00:38:25 开始操作号码 【1814410】
2021-07-29 00:38:27 GSD getOne 第 1 次 等待 3 秒
2021-07-29 00:38:30 查询号码 【1814410】，返回信息 {"status":"bad","msg":""}
2021-07-29 00:38:30 查询号码 【1814410】，GSD为【""】
2021-07-29 00:38:30 bad
2021-07-29 00:38:32 CHB 1814410?1627490310 第 1 次 等待 3 秒
2021-07-29 00:38:35 CHB 1814410?1627490310 第 1 次 获取到号码【1814410】GSD
2021-07-29 00:38:35 获取到号码【1814410】的GSD为【福建-厦门】
2021-07-29 00:38:54 GSD insert 第 1 次 等待 3 秒
2021-07-29 00:38:57 {"status":"ok","gid":428627,"msg":"添加成功！"}
2021-07-29 00:38:57 下次操作: 2021-07-29 00:39:10

2021-07-29 00:39:10 开始第 40 次操作

2021-07-29 00:39:10 开始操作号码 【1814409】
2021-07-29 00:39:13 GSD getOne 第 1 次 等待 3 秒
2021-07-29 00:39:16 查询号码 【1814409】，返回信息 {"status":"bad","msg":""}
2021-07-29 00:39:16 查询号码 【1814409】，GSD为【""】
2021-07-29 00:39:16 bad
2021-07-29 00:39:18 CHB 1814409?1627490356 第 1 次 等待 3 秒
2021-07-29 00:39:21 CHB 1814409?1627490356 第 1 次 获取到号码【1814409】GSD
2021-07-29 00:39:21 获取到号码【1814409】的GSD为【福建-厦门】
2021-07-29 00:39:39 GSD insert 第 1 次 等待 3 秒
2021-07-29 00:39:42 {"status":"ok","gid":428628,"msg":"添加成功！"}

2021-07-29 01:03:30 开始第 1 次操作

2021-07-29 01:03:30 开始操作号码 【1814408】
2021-07-29 01:04:31 GSD getOne 第 1 次 等待 3 秒
2021-07-29 01:04:34 查询号码 【1814408】，返回信息 {"status":"bad","msg":""}
2021-07-29 01:04:34 查询号码 【1814408】，GSD为【""】
2021-07-29 01:04:34 bad
2021-07-29 01:04:35 CHB 1814408?1627491874 第 1 次 等待 3 秒
2021-07-29 01:04:38 CHB 1814408?1627491874 第 1 次 获取到号码【1814408】GSD
2021-07-29 01:04:38 未获取到号码【1814408】GSD，查号吧 400 错误
2021-07-29 01:04:38 获取到号码【1814408】的GSD为【-】
2021-07-29 01:04:57 GSD insert 第 1 次 等待 3 秒
2021-07-29 01:05:00 {"status":"ok","gid":428670,"msg":"添加成功！"}
2021-07-29 01:05:00 下次操作: 2021-07-29 01:05:12

2021-07-29 01:05:12 开始第 2 次操作

2021-07-29 01:05:12 开始操作号码 【1814407】
2021-07-29 01:05:21 GSD getOne 第 1 次 等待 3 秒
2021-07-29 01:05:24 查询号码 【1814407】，返回信息 {"status":"bad","msg":""}
2021-07-29 01:05:24 查询号码 【1814407】，GSD为【""】
2021-07-29 01:05:24 bad
2021-07-29 01:05:26 CHB 1814407?1627491924 第 1 次 等待 3 秒
2021-07-29 01:05:29 CHB 1814407?1627491924 第 1 次 获取到号码【1814407】GSD
2021-07-29 01:05:29 获取到号码【1814407】的GSD为【福建-福州】
2021-07-29 01:05:47 GSD insert 第 1 次 等待 3 秒
2021-07-29 01:05:50 {"status":"ok","gid":428678,"msg":"添加成功！"}
2021-07-29 01:05:50 下次操作: 2021-07-29 01:06:04

2021-07-29 01:06:04 开始第 3 次操作

2021-07-29 01:06:04 开始操作号码 【1814406】
2021-07-29 01:06:08 GSD getOne 第 1 次 等待 3 秒
2021-07-29 01:06:11 查询号码 【1814406】，返回信息 {"status":"bad","msg":""}
2021-07-29 01:06:11 查询号码 【1814406】，GSD为【""】
2021-07-29 01:06:11 bad
2021-07-29 01:06:12 CHB 1814406?1627491971 第 1 次 等待 3 秒
2021-07-29 01:06:15 CHB 1814406?1627491971 第 1 次 获取到号码【1814406】GSD
2021-07-29 01:06:15 获取到号码【1814406】的GSD为【福建-福州】
2021-07-29 01:06:34 GSD insert 第 1 次 等待 3 秒
2021-07-29 01:06:37 {"status":"ok","gid":428686,"msg":"添加成功！"}
2021-07-29 01:06:37 下次操作: 2021-07-29 01:06:53

2021-07-29 01:06:53 开始第 4 次操作

2021-07-29 01:06:53 开始操作号码 【1814405】
2021-07-29 01:06:55 GSD getOne 第 1 次 等待 3 秒
2021-07-29 01:06:58 查询号码 【1814405】，返回信息 {"status":"bad","msg":""}
2021-07-29 01:06:58 查询号码 【1814405】，GSD为【""】
2021-07-29 01:06:58 bad
2021-07-29 01:07:00 CHB 1814405?1627492018 第 1 次 等待 3 秒
2021-07-29 01:07:03 CHB 1814405?1627492018 第 1 次 获取到号码【1814405】GSD
2021-07-29 01:07:03 获取到号码【1814405】的GSD为【福建-福州】
2021-07-29 01:07:21 GSD insert 第 1 次 等待 3 秒
2021-07-29 01:07:24 {"status":"ok","gid":428695,"msg":"添加成功！"}
2021-07-29 01:07:24 下次操作: 2021-07-29 01:07:43

2021-07-29 01:07:43 开始第 5 次操作

2021-07-29 01:07:43 开始操作号码 【1814404】
2021-07-29 01:07:46 GSD getOne 第 1 次 等待 3 秒
2021-07-29 01:07:49 查询号码 【1814404】，返回信息 {"status":"bad","msg":""}
2021-07-29 01:07:49 查询号码 【1814404】，GSD为【""】
2021-07-29 01:07:49 bad
2021-07-29 01:07:51 CHB 1814404?1627492069 第 1 次 等待 3 秒
2021-07-29 01:07:54 CHB 1814404?1627492069 第 1 次 获取到号码【1814404】GSD
2021-07-29 01:07:54 获取到号码【1814404】的GSD为【福建-福州】
2021-07-29 01:08:12 GSD insert 第 1 次 等待 3 秒
2021-07-29 01:08:15 {"status":"ok","gid":428703,"msg":"添加成功！"}
2021-07-29 01:08:15 下次操作: 2021-07-29 01:08:28

2021-07-29 01:08:28 开始第 6 次操作

2021-07-29 01:08:28 开始操作号码 【1814403】
2021-07-29 01:08:37 GSD getOne 第 1 次 等待 3 秒
2021-07-29 01:08:40 查询号码 【1814403】，返回信息 {"status":"bad","msg":""}
2021-07-29 01:08:40 查询号码 【1814403】，GSD为【""】
2021-07-29 01:08:40 bad
2021-07-29 01:08:42 CHB 1814403?1627492120 第 1 次 等待 3 秒
2021-07-29 01:08:45 CHB 1814403?1627492120 第 1 次 获取到号码【1814403】GSD
2021-07-29 01:08:45 获取到号码【1814403】的GSD为【福建-福州】
2021-07-29 01:09:03 GSD insert 第 1 次 等待 3 秒
2021-07-29 01:09:06 {"status":"ok","gid":428714,"msg":"添加成功！"}
2021-07-29 01:09:06 下次操作: 2021-07-29 01:09:18

2021-07-29 01:09:18 开始第 7 次操作

2021-07-29 01:09:18 开始操作号码 【1814402】
2021-07-29 01:09:29 GSD getOne 第 1 次 等待 3 秒
2021-07-29 01:09:32 查询号码 【1814402】，返回信息 {"status":"bad","msg":""}
2021-07-29 01:09:32 查询号码 【1814402】，GSD为【""】
2021-07-29 01:09:32 bad
2021-07-29 01:09:34 CHB 1814402?1627492172 第 1 次 等待 3 秒
2021-07-29 01:09:37 CHB 1814402?1627492172 第 1 次 获取到号码【1814402】GSD
2021-07-29 01:09:37 获取到号码【1814402】的GSD为【福建-福州】
2021-07-29 01:09:55 GSD insert 第 1 次 等待 3 秒
2021-07-29 01:09:58 {"status":"ok","gid":428727,"msg":"添加成功！"}
2021-07-29 01:09:58 下次操作: 2021-07-29 01:10:15

2021-07-29 01:10:15 开始第 8 次操作

2021-07-29 01:10:15 开始操作号码 【1814401】
2021-07-29 01:10:18 GSD getOne 第 1 次 等待 3 秒
2021-07-29 01:10:21 查询号码 【1814401】，返回信息 {"status":"bad","msg":""}
2021-07-29 01:10:21 查询号码 【1814401】，GSD为【""】
2021-07-29 01:10:21 bad
2021-07-29 01:10:23 CHB 1814401?1627492221 第 1 次 等待 3 秒
2021-07-29 01:10:26 CHB 1814401?1627492221 第 1 次 获取到号码【1814401】GSD
2021-07-29 01:10:26 获取到号码【1814401】的GSD为【福建-福州】
2021-07-29 01:10:45 GSD insert 第 1 次 等待 3 秒
2021-07-29 01:10:48 {"status":"ok","gid":428736,"msg":"添加成功！"}
2021-07-29 01:10:48 下次操作: 2021-07-29 01:11:08

2021-07-29 01:11:08 开始第 9 次操作

2021-07-29 01:11:08 开始操作号码 【1814400】
2021-07-29 01:11:11 GSD getOne 第 1 次 等待 3 秒
2021-07-29 01:11:14 查询号码 【1814400】，返回信息 {"status":"bad","msg":""}
2021-07-29 01:11:14 查询号码 【1814400】，GSD为【""】
2021-07-29 01:11:14 bad
2021-07-29 01:11:16 CHB 1814400?1627492274 第 1 次 等待 3 秒
2021-07-29 01:11:19 CHB 1814400?1627492274 第 1 次 获取到号码【1814400】GSD
2021-07-29 01:11:19 获取到号码【1814400】的GSD为【福建-福州】
2021-07-29 01:11:38 GSD insert 第 1 次 等待 3 秒
2021-07-29 01:11:41 {"status":"ok","gid":428745,"msg":"添加成功！"}
2021-07-29 01:11:41 下次操作: 2021-07-29 01:12:01

2021-07-29 01:12:01 开始第 10 次操作

2021-07-29 01:12:01 开始操作号码 【1814399】
2021-07-29 01:12:04 GSD getOne 第 1 次 等待 3 秒
2021-07-29 01:12:07 查询号码 【1814399】，返回信息 {"status":"bad","msg":""}
2021-07-29 01:12:08 查询号码 【1814399】，GSD为【""】
2021-07-29 01:12:08 bad
2021-07-29 01:12:09 CHB 1814399?1627492328 第 1 次 等待 3 秒
2021-07-29 01:12:12 CHB 1814399?1627492328 第 1 次 获取到号码【1814399】GSD
2021-07-29 01:12:12 获取到号码【1814399】的GSD为【河南-许昌】
2021-07-29 01:12:33 GSD insert 第 1 次 等待 3 秒
2021-07-29 01:12:36 {"status":"ok","gid":428754,"msg":"添加成功！"}
2021-07-29 01:12:36 下次操作: 2021-07-29 01:12:51

2021-07-29 01:12:51 开始第 11 次操作

2021-07-29 01:12:51 开始操作号码 【1814398】
2021-07-29 01:12:56 GSD getOne 第 1 次 等待 3 秒
2021-07-29 01:12:59 查询号码 【1814398】，返回信息 {"status":"bad","msg":""}
2021-07-29 01:13:00 查询号码 【1814398】，GSD为【""】
2021-07-29 01:13:00 bad
2021-07-29 01:13:01 CHB 1814398?1627492380 第 1 次 等待 3 秒
2021-07-29 01:13:04 CHB 1814398?1627492380 第 1 次 获取到号码【1814398】GSD
2021-07-29 01:13:04 获取到号码【1814398】的GSD为【河南-三门峡】
2021-07-29 01:13:23 GSD insert 第 1 次 等待 3 秒
2021-07-29 01:13:26 {"status":"ok","gid":428760,"msg":"添加成功！"}
2021-07-29 01:13:26 下次操作: 2021-07-29 01:13:47

2021-07-29 01:13:47 开始第 12 次操作

2021-07-29 01:13:47 开始操作号码 【1814397】
2021-07-29 01:13:52 GSD getOne 第 1 次 等待 3 秒
2021-07-29 01:13:55 查询号码 【1814397】，返回信息 {"status":"bad","msg":""}
2021-07-29 01:13:55 查询号码 【1814397】，GSD为【""】
2021-07-29 01:13:55 bad
2021-07-29 01:13:57 CHB 1814397?1627492435 第 1 次 等待 3 秒
2021-07-29 01:14:00 CHB 1814397?1627492435 第 1 次 获取到号码【1814397】GSD
2021-07-29 01:14:00 获取到号码【1814397】的GSD为【河南-郑州】
2021-07-29 01:14:21 GSD insert 第 1 次 等待 3 秒
2021-07-29 01:14:24 {"status":"ok","gid":428771,"msg":"添加成功！"}
2021-07-29 01:14:24 下次操作: 2021-07-29 01:14:43

2021-07-29 01:14:43 开始第 13 次操作

2021-07-29 01:14:43 开始操作号码 【1814396】
2021-07-29 01:14:50 GSD getOne 第 1 次 等待 3 秒
2021-07-29 01:14:53 查询号码 【1814396】，返回信息 {"status":"bad","msg":""}
2021-07-29 01:14:53 查询号码 【1814396】，GSD为【""】
2021-07-29 01:14:53 bad
2021-07-29 01:14:55 CHB 1814396?1627492493 第 1 次 等待 3 秒
2021-07-29 01:14:58 CHB 1814396?1627492493 第 1 次 获取到号码【1814396】GSD
2021-07-29 01:14:58 获取到号码【1814396】的GSD为【河南-驻马店】
2021-07-29 01:15:20 GSD insert 第 1 次 等待 3 秒
2021-07-29 01:15:23 {"status":"ok","gid":428784,"msg":"添加成功！"}
2021-07-29 01:15:23 下次操作: 2021-07-29 01:15:46

2021-07-29 01:15:46 开始第 14 次操作

2021-07-29 01:15:46 开始操作号码 【1814395】
2021-07-29 01:15:49 GSD getOne 第 1 次 等待 3 秒
2021-07-29 01:15:52 查询号码 【1814395】，返回信息 {"status":"bad","msg":""}
2021-07-29 01:15:52 查询号码 【1814395】，GSD为【""】
2021-07-29 01:15:52 bad
2021-07-29 01:15:53 CHB 1814395?1627492552 第 1 次 等待 3 秒
2021-07-29 01:15:56 CHB 1814395?1627492552 第 1 次 获取到号码【1814395】GSD
2021-07-29 01:15:57 获取到号码【1814395】的GSD为【河南-漯河】
2021-07-29 01:16:15 GSD insert 第 1 次 等待 3 秒
2021-07-29 01:16:18 {"status":"ok","gid":428797,"msg":"添加成功！"}
2021-07-29 01:16:18 下次操作: 2021-07-29 01:16:31

2021-07-29 01:16:31 开始第 15 次操作

2021-07-29 01:16:31 开始操作号码 【1814394】
2021-07-29 01:16:57 GSD getOne 第 1 次 等待 3 秒
2021-07-29 01:17:00 查询号码 【1814394】，返回信息 {"status":"bad","msg":""}
2021-07-29 01:17:00 查询号码 【1814394】，GSD为【""】
2021-07-29 01:17:00 bad
2021-07-29 01:17:02 CHB 1814394?1627492620 第 1 次 等待 3 秒
2021-07-29 01:17:05 CHB 1814394?1627492620 第 1 次 获取到号码【1814394】GSD
2021-07-29 01:17:05 获取到号码【1814394】的GSD为【河南-周口】
2021-07-29 01:17:24 GSD insert 第 1 次 等待 3 秒
2021-07-29 01:17:27 {"status":"ok","gid":428805,"msg":"添加成功！"}
2021-07-29 01:17:27 下次操作: 2021-07-29 01:17:41

2021-07-29 01:17:41 开始第 16 次操作

2021-07-29 01:17:41 开始操作号码 【1814393】
2021-07-29 01:17:48 GSD getOne 第 1 次 等待 3 秒
2021-07-29 01:17:51 查询号码 【1814393】，返回信息 {"status":"bad","msg":""}
2021-07-29 01:17:51 查询号码 【1814393】，GSD为【""】
2021-07-29 01:17:51 bad
2021-07-29 01:17:52 CHB 1814393?1627492671 第 1 次 等待 3 秒
2021-07-29 01:17:55 CHB 1814393?1627492671 第 1 次 获取到号码【1814393】GSD
2021-07-29 01:17:56 获取到号码【1814393】的GSD为【河南-濮阳】
2021-07-29 01:18:14 GSD insert 第 1 次 等待 3 秒
2021-07-29 01:18:17 {"status":"ok","gid":428816,"msg":"添加成功！"}
2021-07-29 01:18:17 下次操作: 2021-07-29 01:18:34

2021-07-29 01:18:34 开始第 17 次操作

2021-07-29 01:18:34 开始操作号码 【1814392】
2021-07-29 01:18:36 GSD getOne 第 1 次 等待 3 秒
2021-07-29 01:18:39 查询号码 【1814392】，返回信息 {"status":"bad","msg":""}
2021-07-29 01:18:40 查询号码 【1814392】，GSD为【""】
2021-07-29 01:18:40 bad
2021-07-29 01:18:41 CHB 1814392?1627492720 第 1 次 等待 3 秒
2021-07-29 01:18:44 CHB 1814392?1627492720 第 1 次 获取到号码【1814392】GSD
2021-07-29 01:18:44 获取到号码【1814392】的GSD为【河南-鹤壁】
2021-07-29 01:19:02 GSD insert 第 1 次 等待 3 秒
2021-07-29 01:19:05 {"status":"ok","gid":428823,"msg":"添加成功！"}
2021-07-29 01:19:05 下次操作: 2021-07-29 01:19:24

2021-07-29 01:19:24 开始第 18 次操作

2021-07-29 01:19:24 开始操作号码 【1814391】
2021-07-29 01:19:30 GSD getOne 第 1 次 等待 3 秒
2021-07-29 01:19:33 查询号码 【1814391】，返回信息 {"status":"bad","msg":""}
2021-07-29 01:19:33 查询号码 【1814391】，GSD为【""】
2021-07-29 01:19:33 bad
2021-07-29 01:19:34 CHB 1814391?1627492773 第 1 次 等待 3 秒
2021-07-29 01:19:37 CHB 1814391?1627492773 第 1 次 获取到号码【1814391】GSD
2021-07-29 01:19:37 获取到号码【1814391】的GSD为【河南-焦作】
2021-07-29 01:19:56 GSD insert 第 1 次 等待 3 秒
2021-07-29 01:19:59 {"status":"ok","gid":428833,"msg":"添加成功！"}
2021-07-29 01:19:59 下次操作: 2021-07-29 01:20:11

2021-07-29 01:20:11 开始第 19 次操作

2021-07-29 01:20:11 开始操作号码 【1814390】
2021-07-29 01:20:16 GSD getOne 第 1 次 等待 3 秒
2021-07-29 01:20:19 查询号码 【1814390】，返回信息 {"status":"bad","msg":""}
2021-07-29 01:20:19 查询号码 【1814390】，GSD为【""】
2021-07-29 01:20:19 bad
2021-07-29 01:20:21 CHB 1814390?1627492819 第 1 次 等待 3 秒
2021-07-29 01:20:24 CHB 1814390?1627492819 第 1 次 获取到号码【1814390】GSD
2021-07-29 01:20:24 获取到号码【1814390】的GSD为【河南-郑州】
2021-07-29 01:20:42 GSD insert 第 1 次 等待 3 秒
2021-07-29 01:20:45 {"status":"ok","gid":428843,"msg":"添加成功！"}
2021-07-29 01:20:45 下次操作: 2021-07-29 01:21:09

2021-07-29 01:21:09 开始第 20 次操作

2021-07-29 01:21:09 开始操作号码 【1814389】
2021-07-29 01:21:12 GSD getOne 第 1 次 等待 3 秒
2021-07-29 01:21:15 查询号码 【1814389】，返回信息 {"status":"ok","msg":"西藏-拉萨","gid":"33643","time_insert":"2018-03-26 21:46","time_update":"2020-12-19 15:35"}
2021-07-29 01:21:16 查询号码 【1814389】，GSD为【"西藏-拉萨"】

2021-07-29 01:21:16 开始第 20 次操作

2021-07-29 01:21:16 开始操作号码 【1814388】
2021-07-29 01:21:34 GSD getOne 第 1 次 等待 3 秒
2021-07-29 01:21:37 查询号码 【1814388】，返回信息 {"status":"bad","msg":""}
2021-07-29 01:21:37 查询号码 【1814388】，GSD为【""】
2021-07-29 01:21:37 bad
2021-07-29 01:21:39 CHB 1814388?1627492897 第 1 次 等待 3 秒
2021-07-29 01:21:42 CHB 1814388?1627492897 第 1 次 获取到号码【1814388】GSD
2021-07-29 01:21:42 获取到号码【1814388】的GSD为【西藏-日喀则】
2021-07-29 01:22:02 GSD insert 第 1 次 等待 3 秒
2021-07-29 01:22:05 {"status":"ok","gid":428860,"msg":"添加成功！"}
2021-07-29 01:22:05 下次操作: 2021-07-29 01:22:17

2021-07-29 01:22:17 开始第 21 次操作

2021-07-29 01:22:17 开始操作号码 【1814387】
2021-07-29 01:22:39 GSD getOne 第 1 次 等待 3 秒
2021-07-29 01:22:42 查询号码 【1814387】，返回信息 {"status":"bad","msg":""}
2021-07-29 01:22:42 查询号码 【1814387】，GSD为【""】
2021-07-29 01:22:42 bad
2021-07-29 01:22:44 CHB 1814387?1627492962 第 1 次 等待 3 秒
2021-07-29 01:22:47 CHB 1814387?1627492962 第 1 次 获取到号码【1814387】GSD
2021-07-29 01:22:47 获取到号码【1814387】的GSD为【西藏-日喀则】
2021-07-29 01:23:05 GSD insert 第 1 次 等待 3 秒
2021-07-29 01:23:08 {"status":"ok","gid":428866,"msg":"添加成功！"}
2021-07-29 01:23:08 下次操作: 2021-07-29 01:23:24

2021-07-29 01:23:24 开始第 22 次操作

2021-07-29 01:23:24 开始操作号码 【1814386】
2021-07-29 01:23:27 GSD getOne 第 1 次 等待 3 秒
2021-07-29 01:23:30 查询号码 【1814386】，返回信息 {"status":"bad","msg":""}
2021-07-29 01:23:30 查询号码 【1814386】，GSD为【""】
2021-07-29 01:23:30 bad
2021-07-29 01:23:31 CHB 1814386?1627493010 第 1 次 等待 3 秒
2021-07-29 01:23:34 CHB 1814386?1627493010 第 1 次 获取到号码【1814386】GSD
2021-07-29 01:23:35 获取到号码【1814386】的GSD为【西藏-那曲】
2021-07-29 01:23:53 GSD insert 第 1 次 等待 3 秒
2021-07-29 01:23:56 {"status":"ok","gid":428876,"msg":"添加成功！"}
2021-07-29 01:23:56 下次操作: 2021-07-29 01:24:11

2021-07-29 01:24:11 开始第 23 次操作

2021-07-29 01:24:11 开始操作号码 【1814385】
2021-07-29 01:24:14 GSD getOne 第 1 次 等待 3 秒
2021-07-29 01:24:17 查询号码 【1814385】，返回信息 {"status":"ok","msg":"西藏-那曲","gid":"33642","time_insert":"2019-03-29 15:33","time_update":"2020-12-19 15:23"}
2021-07-29 01:24:17 查询号码 【1814385】，GSD为【"西藏-那曲"】

2021-07-29 01:24:17 开始第 23 次操作

2021-07-29 01:24:17 开始操作号码 【1814384】
2021-07-29 01:24:35 GSD getOne 第 1 次 等待 3 秒
2021-07-29 01:24:38 查询号码 【1814384】，返回信息 {"status":"ok","msg":"西藏-山南","gid":"33641","time_insert":"2018-01-24 10:07","time_update":"2020-12-19 15:06"}
2021-07-29 01:24:38 查询号码 【1814384】，GSD为【"西藏-山南"】

2021-07-29 01:24:38 开始第 23 次操作

2021-07-29 01:24:38 开始操作号码 【1814383】
2021-07-29 01:24:57 GSD getOne 第 1 次 等待 3 秒
2021-07-29 01:25:00 查询号码 【1814383】，返回信息 {"status":"ok","msg":"西藏-山南","gid":"33640","time_insert":"2020-06-29 19:49","time_update":"2020-12-19 15:00"}
2021-07-29 01:25:00 查询号码 【1814383】，GSD为【"西藏-山南"】

2021-07-29 01:25:00 开始第 23 次操作

2021-07-29 01:25:00 开始操作号码 【1814382】
2021-07-29 01:25:18 GSD getOne 第 1 次 等待 3 秒
2021-07-29 01:25:21 查询号码 【1814382】，返回信息 {"status":"bad","msg":""}
2021-07-29 01:25:21 查询号码 【1814382】，GSD为【""】
2021-07-29 01:25:21 bad
2021-07-29 01:25:22 CHB 1814382?1627493121 第 1 次 等待 3 秒
2021-07-29 01:25:25 CHB 1814382?1627493121 第 1 次 获取到号码【1814382】GSD
2021-07-29 01:25:26 获取到号码【1814382】的GSD为【西藏-日喀则】
2021-07-29 01:25:49 GSD insert 第 1 次 等待 3 秒
2021-07-29 01:25:52 {"status":"ok","gid":428898,"msg":"添加成功！"}
2021-07-29 01:25:52 下次操作: 2021-07-29 01:26:12

2021-07-29 01:26:12 开始第 24 次操作

2021-07-29 01:26:12 开始操作号码 【1814381】
2021-07-29 01:26:15 GSD getOne 第 1 次 等待 3 秒
2021-07-29 01:26:18 查询号码 【1814381】，返回信息 {"status":"bad","msg":""}
2021-07-29 01:26:18 查询号码 【1814381】，GSD为【""】
2021-07-29 01:26:18 bad
2021-07-29 01:26:19 CHB 1814381?1627493178 第 1 次 等待 3 秒
2021-07-29 01:26:22 CHB 1814381?1627493178 第 1 次 获取到号码【1814381】GSD
2021-07-29 01:26:22 获取到号码【1814381】的GSD为【西藏-拉萨】
2021-07-29 01:26:43 GSD insert 第 1 次 等待 3 秒
2021-07-29 01:26:46 {"status":"ok","gid":428908,"msg":"添加成功！"}
2021-07-29 01:26:46 下次操作: 2021-07-29 01:27:04

2021-07-29 01:27:04 开始第 25 次操作

2021-07-29 01:27:04 开始操作号码 【1814380】
2021-07-29 01:27:28 GSD getOne 第 1 次 等待 3 秒
2021-07-29 01:27:31 查询号码 【1814380】，返回信息 {"status":"bad","msg":""}
2021-07-29 01:27:31 查询号码 【1814380】，GSD为【""】
2021-07-29 01:27:31 bad
2021-07-29 01:27:33 CHB 1814380?1627493251 第 1 次 等待 3 秒
2021-07-29 01:27:36 CHB 1814380?1627493251 第 1 次 获取到号码【1814380】GSD
2021-07-29 01:27:36 获取到号码【1814380】的GSD为【西藏-拉萨】
2021-07-29 01:27:54 GSD insert 第 1 次 等待 3 秒
2021-07-29 01:27:57 {"status":"ok","gid":428916,"msg":"添加成功！"}
2021-07-29 01:27:57 下次操作: 2021-07-29 01:28:09

2021-07-29 01:28:09 开始第 26 次操作

2021-07-29 01:28:09 开始操作号码 【1814379】
2021-07-29 01:29:22 GSD getOne 第 1 次 等待 3 秒
2021-07-29 01:29:25 查询号码 【1814379】，返回信息 {"status":"bad","msg":""}
2021-07-29 01:29:25 查询号码 【1814379】，GSD为【""】
2021-07-29 01:29:25 bad
2021-07-29 01:29:27 CHB 1814379?1627493365 第 1 次 等待 3 秒
2021-07-29 01:29:30 CHB 1814379?1627493365 第 1 次 获取到号码【1814379】GSD
2021-07-29 01:29:30 获取到号码【1814379】的GSD为【甘肃-兰州】
2021-07-29 01:29:55 GSD insert 第 1 次 等待 3 秒
2021-07-29 01:29:58 {"status":"ok","gid":428931,"msg":"添加成功！"}
2021-07-29 01:29:58 下次操作: 2021-07-29 01:30:22

2021-07-29 01:30:22 开始第 27 次操作

2021-07-29 01:30:22 开始操作号码 【1814378】
2021-07-29 01:30:25 GSD getOne 第 1 次 等待 3 秒
2021-07-29 01:30:28 查询号码 【1814378】，返回信息 {"status":"bad","msg":""}
2021-07-29 01:30:28 查询号码 【1814378】，GSD为【""】
2021-07-29 01:30:28 bad
2021-07-29 01:30:30 CHB 1814378?1627493428 第 1 次 等待 3 秒
2021-07-29 01:30:33 CHB 1814378?1627493428 第 1 次 获取到号码【1814378】GSD
2021-07-29 01:30:33 获取到号码【1814378】的GSD为【甘肃-兰州】
2021-07-29 01:30:52 GSD insert 第 1 次 等待 3 秒
2021-07-29 01:30:55 {"status":"ok","gid":428939,"msg":"添加成功！"}
2021-07-29 01:30:55 下次操作: 2021-07-29 01:31:11

2021-07-29 01:31:11 开始第 28 次操作

2021-07-29 01:31:11 开始操作号码 【1814377】
2021-07-29 01:31:14 GSD getOne 第 1 次 等待 3 秒
2021-07-29 01:31:17 查询号码 【1814377】，返回信息 {"status":"bad","msg":""}
2021-07-29 01:31:17 查询号码 【1814377】，GSD为【""】
2021-07-29 01:31:17 bad
2021-07-29 01:31:18 CHB 1814377?1627493477 第 1 次 等待 3 秒
2021-07-29 01:31:21 CHB 1814377?1627493477 第 1 次 获取到号码【1814377】GSD
2021-07-29 01:31:21 获取到号码【1814377】的GSD为【甘肃-兰州】
2021-07-29 01:31:39 GSD insert 第 1 次 等待 3 秒
2021-07-29 01:31:42 {"status":"ok","gid":428942,"msg":"添加成功！"}
2021-07-29 01:31:42 下次操作: 2021-07-29 01:31:55

2021-07-29 01:31:55 开始第 29 次操作

2021-07-29 01:31:55 开始操作号码 【1814376】
2021-07-29 01:32:02 GSD getOne 第 1 次 等待 3 秒
2021-07-29 01:32:05 查询号码 【1814376】，返回信息 {"status":"bad","msg":""}
2021-07-29 01:32:05 查询号码 【1814376】，GSD为【""】
2021-07-29 01:32:05 bad
2021-07-29 01:32:06 CHB 1814376?1627493525 第 1 次 等待 3 秒
2021-07-29 01:32:09 CHB 1814376?1627493525 第 1 次 获取到号码【1814376】GSD
2021-07-29 01:32:10 获取到号码【1814376】的GSD为【甘肃-兰州】
2021-07-29 01:32:28 GSD insert 第 1 次 等待 3 秒
2021-07-29 01:32:31 {"status":"ok","gid":428944,"msg":"添加成功！"}
2021-07-29 01:32:31 下次操作: 2021-07-29 01:32:53

2021-07-29 01:32:53 开始第 30 次操作

2021-07-29 01:32:53 开始操作号码 【1814375】
2021-07-29 01:32:59 GSD getOne 第 1 次 等待 3 秒
2021-07-29 01:33:02 查询号码 【1814375】，返回信息 {"status":"bad","msg":""}
2021-07-29 01:33:02 查询号码 【1814375】，GSD为【""】
2021-07-29 01:33:02 bad
2021-07-29 01:33:04 CHB 1814375?1627493582 第 1 次 等待 3 秒
2021-07-29 01:33:07 CHB 1814375?1627493582 第 1 次 获取到号码【1814375】GSD
2021-07-29 01:33:07 获取到号码【1814375】的GSD为【甘肃-兰州】
2021-07-29 01:33:25 GSD insert 第 1 次 等待 3 秒
2021-07-29 01:33:28 {"status":"ok","gid":428947,"msg":"添加成功！"}
2021-07-29 01:33:28 下次操作: 2021-07-29 01:33:47

2021-07-29 01:33:47 开始第 31 次操作

2021-07-29 01:33:47 开始操作号码 【1814374】
2021-07-29 01:33:50 GSD getOne 第 1 次 等待 3 秒
2021-07-29 01:33:53 查询号码 【1814374】，返回信息 {"status":"ok","msg":"甘肃-庆阳","gid":"51181","time_insert":"2021-04-22 09:17"}
2021-07-29 01:33:53 查询号码 【1814374】，GSD为【"甘肃-庆阳"】

2021-07-29 01:33:53 开始第 31 次操作

2021-07-29 01:33:53 开始操作号码 【1814373】
2021-07-29 01:34:11 GSD getOne 第 1 次 等待 3 秒
2021-07-29 01:34:14 查询号码 【1814373】，返回信息 {"status":"ok","msg":"甘肃-白银","gid":"33639","time_insert":"2015-03-17 14:32","time_update":"2020-12-13 10:42"}
2021-07-29 01:34:14 查询号码 【1814373】，GSD为【"甘肃-白银"】

2021-07-29 01:34:14 开始第 31 次操作

2021-07-29 01:34:14 开始操作号码 【1814372】
2021-07-29 01:34:32 GSD getOne 第 1 次 等待 3 秒
2021-07-29 01:34:35 查询号码 【1814372】，返回信息 {"status":"bad","msg":""}
2021-07-29 01:34:35 查询号码 【1814372】，GSD为【""】
2021-07-29 01:34:35 bad
2021-07-29 01:34:37 CHB 1814372?1627493675 第 1 次 等待 3 秒
2021-07-29 01:34:40 CHB 1814372?1627493675 第 1 次 获取到号码【1814372】GSD
2021-07-29 01:34:40 获取到号码【1814372】的GSD为【甘肃-定西】
2021-07-29 01:34:59 GSD insert 第 1 次 等待 3 秒
2021-07-29 01:35:02 {"status":"ok","gid":428953,"msg":"添加成功！"}
2021-07-29 01:35:02 下次操作: 2021-07-29 01:35:20

2021-07-29 01:35:20 开始第 32 次操作

2021-07-29 01:35:20 开始操作号码 【1814371】
2021-07-29 01:35:24 GSD getOne 第 1 次 等待 3 秒
2021-07-29 01:35:27 查询号码 【1814371】，返回信息 {"status":"bad","msg":""}
2021-07-29 01:35:27 查询号码 【1814371】，GSD为【""】
2021-07-29 01:35:27 bad
2021-07-29 01:35:29 CHB 1814371?1627493727 第 1 次 等待 3 秒
2021-07-29 01:35:32 CHB 1814371?1627493727 第 1 次 获取到号码【1814371】GSD
2021-07-29 01:35:32 获取到号码【1814371】的GSD为【甘肃-天水】
2021-07-29 01:35:50 GSD insert 第 1 次 等待 3 秒
2021-07-29 01:35:53 {"status":"ok","gid":428956,"msg":"添加成功！"}
2021-07-29 01:35:53 下次操作: 2021-07-29 01:36:11

2021-07-29 01:36:12 开始第 33 次操作

2021-07-29 01:36:12 开始操作号码 【1814370】
2021-07-29 01:36:14 GSD getOne 第 1 次 等待 3 秒
2021-07-29 01:36:17 查询号码 【1814370】，返回信息 {"status":"bad","msg":""}
2021-07-29 01:36:17 查询号码 【1814370】，GSD为【""】
2021-07-29 01:36:17 bad
2021-07-29 01:36:19 CHB 1814370?1627493777 第 1 次 等待 3 秒
2021-07-29 01:36:22 CHB 1814370?1627493777 第 1 次 获取到号码【1814370】GSD
2021-07-29 01:36:22 获取到号码【1814370】的GSD为【甘肃-天水】
2021-07-29 01:36:40 GSD insert 第 1 次 等待 3 秒
2021-07-29 01:36:43 {"status":"ok","gid":428959,"msg":"添加成功！"}
2021-07-29 01:36:43 下次操作: 2021-07-29 01:36:59

2021-07-29 01:36:59 开始第 34 次操作

2021-07-29 01:36:59 开始操作号码 【1814369】
2021-07-29 01:37:02 GSD getOne 第 1 次 等待 3 秒
2021-07-29 01:37:05 查询号码 【1814369】，返回信息 {"status":"bad","msg":""}
2021-07-29 01:37:05 查询号码 【1814369】，GSD为【""】
2021-07-29 01:37:05 bad
2021-07-29 01:37:07 CHB 1814369?1627493825 第 1 次 等待 3 秒
2021-07-29 01:37:10 CHB 1814369?1627493825 第 1 次 获取到号码【1814369】GSD
2021-07-29 01:37:10 获取到号码【1814369】的GSD为【吉林-白山】
2021-07-29 01:37:32 GSD insert 第 1 次 等待 3 秒
2021-07-29 01:37:35 {"status":"ok","gid":428961,"msg":"添加成功！"}
2021-07-29 01:37:35 下次操作: 2021-07-29 01:37:57

2021-07-29 01:37:57 开始第 35 次操作

2021-07-29 01:37:57 开始操作号码 【1814368】
2021-07-29 01:38:00 GSD getOne 第 1 次 等待 3 秒
2021-07-29 01:38:03 查询号码 【1814368】，返回信息 {"status":"bad","msg":""}
2021-07-29 01:38:04 查询号码 【1814368】，GSD为【""】
2021-07-29 01:38:04 bad
2021-07-29 01:38:05 CHB 1814368?1627493884 第 1 次 等待 3 秒
2021-07-29 01:38:08 CHB 1814368?1627493884 第 1 次 获取到号码【1814368】GSD
2021-07-29 01:38:08 获取到号码【1814368】的GSD为【吉林-松原】
2021-07-29 01:38:38 GSD insert 第 1 次 等待 3 秒
2021-07-29 01:38:41 {"status":"ok","gid":428962,"msg":"添加成功！"}
2021-07-29 01:38:41 下次操作: 2021-07-29 01:39:00

2021-07-29 01:39:00 开始第 36 次操作

2021-07-29 01:39:00 开始操作号码 【1814367】
2021-07-29 01:39:15 GSD getOne 第 1 次 等待 3 秒
2021-07-29 01:39:18 查询号码 【1814367】，返回信息 {"status":"bad","msg":""}
2021-07-29 01:39:18 查询号码 【1814367】，GSD为【""】
2021-07-29 01:39:18 bad
2021-07-29 01:39:20 CHB 1814367?1627493958 第 1 次 等待 3 秒
2021-07-29 01:39:23 CHB 1814367?1627493958 第 1 次 获取到号码【1814367】GSD
2021-07-29 01:39:23 获取到号码【1814367】的GSD为【吉林-辽源】
2021-07-29 01:39:41 GSD insert 第 1 次 等待 3 秒
2021-07-29 01:39:44 {"status":"ok","gid":428965,"msg":"添加成功！"}
2021-07-29 01:39:44 下次操作: 2021-07-29 01:40:07

2021-07-29 01:40:07 开始第 37 次操作

2021-07-29 01:40:07 开始操作号码 【1814366】
2021-07-29 01:40:10 GSD getOne 第 1 次 等待 3 秒
2021-07-29 01:40:13 查询号码 【1814366】，返回信息 {"status":"bad","msg":""}
2021-07-29 01:40:13 查询号码 【1814366】，GSD为【""】
2021-07-29 01:40:13 bad
2021-07-29 01:40:14 CHB 1814366?1627494013 第 1 次 等待 3 秒
2021-07-29 01:40:17 CHB 1814366?1627494013 第 1 次 获取到号码【1814366】GSD
2021-07-29 01:40:17 获取到号码【1814366】的GSD为【吉林-白城】
2021-07-29 01:40:55 GSD insert 第 1 次 等待 3 秒
2021-07-29 01:40:58 {"status":"ok","gid":428969,"msg":"添加成功！"}
2021-07-29 01:40:58 下次操作: 2021-07-29 01:41:12

2021-07-29 01:41:12 开始第 38 次操作

2021-07-29 01:41:12 开始操作号码 【1814365】
2021-07-29 01:41:26 GSD getOne 第 1 次 等待 3 秒
2021-07-29 01:41:29 查询号码 【1814365】，返回信息 {"status":"bad","msg":""}
2021-07-29 01:41:29 查询号码 【1814365】，GSD为【""】
2021-07-29 01:41:29 bad
2021-07-29 01:41:31 CHB 1814365?1627494089 第 1 次 等待 3 秒
2021-07-29 01:41:34 CHB 1814365?1627494089 第 1 次 获取到号码【1814365】GSD
2021-07-29 01:41:34 获取到号码【1814365】的GSD为【吉林-吉林】
2021-07-29 01:42:03 GSD insert 第 1 次 等待 3 秒
2021-07-29 01:42:06 {"status":"ok","gid":428974,"msg":"添加成功！"}
2021-07-29 01:42:06 下次操作: 2021-07-29 01:42:29

2021-07-29 01:42:29 开始第 39 次操作

2021-07-29 01:42:29 开始操作号码 【1814364】
2021-07-29 01:42:37 GSD getOne 第 1 次 等待 3 秒
2021-07-29 01:42:40 查询号码 【1814364】，返回信息 {"status":"bad","msg":""}
2021-07-29 01:42:40 查询号码 【1814364】，GSD为【""】
2021-07-29 01:42:40 bad
2021-07-29 01:42:42 CHB 1814364?1627494160 第 1 次 等待 3 秒
2021-07-29 01:42:45 CHB 1814364?1627494160 第 1 次 获取到号码【1814364】GSD
2021-07-29 01:42:45 获取到号码【1814364】的GSD为【吉林-四平】
2021-07-29 01:43:07 GSD insert 第 1 次 等待 3 秒
2021-07-29 01:43:10 {"status":"ok","gid":428980,"msg":"添加成功！"}
2021-07-29 01:43:10 下次操作: 2021-07-29 01:43:31

2021-07-29 01:43:31 开始第 40 次操作

2021-07-29 01:43:31 开始操作号码 【1814363】
2021-07-29 01:43:34 GSD getOne 第 1 次 等待 3 秒
2021-07-29 01:43:37 查询号码 【1814363】，返回信息 {"status":"bad","msg":""}
2021-07-29 01:43:37 查询号码 【1814363】，GSD为【""】
2021-07-29 01:43:37 bad
2021-07-29 01:43:39 CHB 1814363?1627494217 第 1 次 等待 3 秒
2021-07-29 01:43:42 CHB 1814363?1627494217 第 1 次 获取到号码【1814363】GSD
2021-07-29 01:43:42 获取到号码【1814363】的GSD为【吉林-吉林】
2021-07-29 01:44:00 GSD insert 第 1 次 等待 3 秒
2021-07-29 01:44:03 {"status":"ok","gid":428985,"msg":"添加成功！"}

