2023-11-02 00:21:55 开始第 6273 次操作

2023-11-02 00:21:55 开始操作号码 【1956191】
2023-11-02 00:21:57 GSD getOne 第 1 次 等待 3 秒
2023-11-02 00:22:00 查询号码 【1956191】，返回信息 {"status":"ok","msg":"-","gid":"491142","time_insert":"2021-08-03 17:09"}
2023-11-02 00:22:00 查询号码 【1956191】，GSD为【"-"】
2023-11-02 00:22:00 ok && -
2023-11-02 00:22:03 CHB 1956191?1698855720 第 1 次 等待 3 秒
2023-11-02 00:22:06 CHB 1956191?1698855720 第 1 次 获取到号码【1956191】GSD
2023-11-02 00:22:06 未获取到号码【1956191】GSD，可能号码格式错误
2023-11-02 00:22:06 获取到号码【1956191】的GSD为【-】
2023-11-02 00:22:09 GSD insert 第 1 次 等待 3 秒
2023-11-02 00:22:12 {"status":"bad","gid":"491142","msg":"添加失败！号码【1956191(-|-)】已存在！"}
2023-11-02 00:22:12 随机等待 89 秒，约 1 分钟
2023-11-02 00:22:12 下次操作: 2023-11-02 00:23:41

2023-11-02 00:23:41 开始第 6274 次操作

2023-11-02 00:23:41 开始操作号码 【1956192】
2023-11-02 00:23:44 GSD getOne 第 1 次 等待 3 秒
2023-11-02 00:23:47 查询号码 【1956192】，返回信息 {"status":"ok","msg":"-","gid":"491130","time_insert":"2021-08-03 17:09"}
2023-11-02 00:23:47 查询号码 【1956192】，GSD为【"-"】
2023-11-02 00:23:47 ok && -
2023-11-02 00:23:49 CHB 1956192?1698855827 第 1 次 等待 3 秒
2023-11-02 00:23:52 CHB 1956192?1698855827 第 1 次 获取到号码【1956192】GSD
2023-11-02 00:23:52 未获取到号码【1956192】GSD，可能号码格式错误
2023-11-02 00:23:52 获取到号码【1956192】的GSD为【-】
2023-11-02 00:24:01 GSD insert 第 1 次 等待 3 秒
2023-11-02 00:24:04 {"status":"bad","gid":"491130","msg":"添加失败！号码【1956192(-|-)】已存在！"}
2023-11-02 00:24:04 随机等待 191 秒，约 3 分钟
2023-11-02 00:24:04 下次操作: 2023-11-02 00:27:15

2023-11-02 00:27:15 开始第 6275 次操作

2023-11-02 00:27:15 开始操作号码 【1956193】
2023-11-02 00:27:18 GSD getOne 第 1 次 等待 3 秒
2023-11-02 00:27:21 查询号码 【1956193】，返回信息 {"status":"ok","msg":"-","gid":"491116","time_insert":"2021-08-03 17:08"}
2023-11-02 00:27:21 查询号码 【1956193】，GSD为【"-"】
2023-11-02 00:27:21 ok && -
2023-11-02 00:27:22 CHB 1956193?1698856041 第 1 次 等待 3 秒
2023-11-02 00:27:26 CHB 1956193?1698856041 第 1 次 获取到号码【1956193】GSD
2023-11-02 00:27:26 未获取到号码【1956193】GSD，可能号码格式错误
2023-11-02 00:27:26 获取到号码【1956193】的GSD为【-】
2023-11-02 00:27:28 GSD insert 第 1 次 等待 3 秒
2023-11-02 00:27:31 {"status":"bad","gid":"491116","msg":"添加失败！号码【1956193(-|-)】已存在！"}
2023-11-02 00:27:31 随机等待 133 秒，约 2 分钟
2023-11-02 00:27:31 下次操作: 2023-11-02 00:29:44

2023-11-02 00:29:44 开始第 6276 次操作

2023-11-02 00:29:44 开始操作号码 【1956194】
2023-11-02 00:29:49 GSD getOne 第 1 次 等待 3 秒
2023-11-02 00:29:52 查询号码 【1956194】，返回信息 {"status":"ok","msg":"-","gid":"491100","time_insert":"2021-08-03 17:07"}
2023-11-02 00:29:52 查询号码 【1956194】，GSD为【"-"】
2023-11-02 00:29:52 ok && -
2023-11-02 00:29:53 CHB 1956194?1698856192 第 1 次 等待 3 秒
2023-11-02 00:29:56 CHB 1956194?1698856192 第 1 次 获取到号码【1956194】GSD
2023-11-02 00:29:56 未获取到号码【1956194】GSD，可能号码格式错误
2023-11-02 00:29:56 获取到号码【1956194】的GSD为【-】
2023-11-02 00:29:59 GSD insert 第 1 次 等待 3 秒
2023-11-02 00:30:02 {"status":"bad","gid":"491100","msg":"添加失败！号码【1956194(-|-)】已存在！"}

