2023-10-02 00:19:35 开始第 1001 次操作

2023-10-02 00:19:35 开始操作号码 【1951000】
2023-10-02 00:19:39 GSD getOne 第 1 次 等待 3 秒
2023-10-02 00:19:42 查询号码 【1951000】，返回信息 {"status":"ok","msg":"-","gid":"499557","time_insert":"2021-08-08 07:10"}
2023-10-02 00:19:42 查询号码 【1951000】，GSD为【"-"】
2023-10-02 00:19:42 ok && -
2023-10-02 00:19:44 CHB 1951000?1696177182 第 1 次 等待 3 秒
2023-10-02 00:19:47 CHB 1951000?1696177182 第 1 次 获取到号码【1951000】GSD
2023-10-02 00:19:47 未获取到号码【1951000】GSD，可能号码格式错误
2023-10-02 00:19:47 获取到号码【1951000】的GSD为【-】
2023-10-02 00:19:49 GSD insert 第 1 次 等待 3 秒
2023-10-02 00:19:52 {"status":"bad","gid":"499557","msg":"添加失败！号码【1951000(-|-)】已存在！"}
2023-10-02 00:19:52 随机等待 196 秒，约 3 分钟
2023-10-02 00:19:52 下次操作: 2023-10-02 00:23:08

2023-10-02 00:23:08 开始第 1002 次操作

2023-10-02 00:23:08 开始操作号码 【1951001】
2023-10-02 00:23:15 GSD getOne 第 1 次 等待 3 秒
2023-10-02 00:23:18 查询号码 【1951001】，返回信息 {"status":"ok","msg":"-","gid":"499572","time_insert":"2021-08-08 07:28"}
2023-10-02 00:23:18 查询号码 【1951001】，GSD为【"-"】
2023-10-02 00:23:18 ok && -
2023-10-02 00:23:23 CHB 1951001?1696177398 第 1 次 等待 3 秒
2023-10-02 00:23:26 CHB 1951001?1696177398 第 1 次 获取到号码【1951001】GSD
2023-10-02 00:23:26 未获取到号码【1951001】GSD，可能号码格式错误
2023-10-02 00:23:26 获取到号码【1951001】的GSD为【-】
2023-10-02 00:23:31 GSD insert 第 1 次 等待 3 秒
2023-10-02 00:23:34 {"status":"bad","gid":"499572","msg":"添加失败！号码【1951001(-|-)】已存在！"}
2023-10-02 00:23:34 随机等待 225 秒，约 3 分钟
2023-10-02 00:23:34 下次操作: 2023-10-02 00:27:19

2023-10-02 00:27:19 开始第 1003 次操作

2023-10-02 00:27:19 开始操作号码 【1951002】
2023-10-02 00:27:26 GSD getOne 第 1 次 等待 3 秒
2023-10-02 00:27:29 查询号码 【1951002】，返回信息 {"status":"ok","msg":"-","gid":"499584","time_insert":"2021-08-08 07:45"}
2023-10-02 00:27:29 查询号码 【1951002】，GSD为【"-"】
2023-10-02 00:27:29 ok && -
2023-10-02 00:27:31 CHB 1951002?1696177649 第 1 次 等待 3 秒
2023-10-02 00:27:34 CHB 1951002?1696177649 第 1 次 获取到号码【1951002】GSD
2023-10-02 00:27:34 未获取到号码【1951002】GSD，可能号码格式错误
2023-10-02 00:27:34 获取到号码【1951002】的GSD为【-】
2023-10-02 00:27:39 GSD insert 第 1 次 等待 3 秒
2023-10-02 00:27:42 {"status":"bad","gid":"499584","msg":"添加失败！号码【1951002(-|-)】已存在！"}
2023-10-02 00:27:42 随机等待 131 秒，约 2 分钟
2023-10-02 00:27:42 下次操作: 2023-10-02 00:29:53

2023-10-02 00:29:53 开始第 1004 次操作

2023-10-02 00:29:53 开始操作号码 【1951003】
2023-10-02 00:30:03 GSD getOne 第 1 次 等待 3 秒
2023-10-02 00:30:06 查询号码 【1951003】，返回信息 {"status":"ok","msg":"-","gid":"499597","time_insert":"2021-08-08 08:03"}
2023-10-02 00:30:06 查询号码 【1951003】，GSD为【"-"】
2023-10-02 00:30:06 ok && -
2023-10-02 00:30:12 CHB 1951003?1696177806 第 1 次 等待 3 秒
2023-10-02 00:30:15 CHB 1951003?1696177806 第 1 次 获取到号码【1951003】GSD
2023-10-02 00:30:15 未获取到号码【1951003】GSD，可能号码格式错误
2023-10-02 00:30:15 获取到号码【1951003】的GSD为【-】
2023-10-02 00:30:20 GSD insert 第 1 次 等待 3 秒
2023-10-02 00:30:23 {"status":"bad","gid":"499597","msg":"添加失败！号码【1951003(-|-)】已存在！"}

