2024-07-08 00:20:54 开始第 4761 次操作

2024-07-08 00:20:54 开始操作号码 【1524663】
2024-07-08 00:21:04 GSD getOne 第 1 次 等待 3 秒
2024-07-08 00:21:07 查询号码 【1524663】，返回信息 {"status":"ok","msg":"黑龙江-哈尔滨","gid":"335440","time_insert":"2021-07-20 10:04"}
2024-07-08 00:21:07 查询号码 【1524663】，GSD为【"黑龙江-哈尔滨"】

2024-07-08 00:21:08 开始第 4762 次操作

2024-07-08 00:21:08 开始操作号码 【1524664】
2024-07-08 00:21:16 GSD getOne 第 1 次 等待 3 秒
2024-07-08 00:21:19 查询号码 【1524664】，返回信息 {"status":"ok","msg":"黑龙江-哈尔滨","gid":"335541","time_insert":"2021-07-20 10:24"}
2024-07-08 00:21:19 查询号码 【1524664】，GSD为【"黑龙江-哈尔滨"】

2024-07-08 00:21:20 开始第 4763 次操作

2024-07-08 00:21:20 开始操作号码 【1524665】
2024-07-08 00:21:28 GSD getOne 第 1 次 等待 3 秒
2024-07-08 00:21:31 查询号码 【1524665】，返回信息 {"status":"ok","msg":"黑龙江-哈尔滨","gid":"335575","time_insert":"2021-07-20 10:42"}
2024-07-08 00:21:31 查询号码 【1524665】，GSD为【"黑龙江-哈尔滨"】

2024-07-08 00:21:32 开始第 4764 次操作

2024-07-08 00:21:32 开始操作号码 【1524666】
2024-07-08 00:21:42 GSD getOne 第 1 次 等待 3 秒
2024-07-08 00:21:45 查询号码 【1524666】，返回信息 {"status":"ok","msg":"黑龙江-哈尔滨","gid":"335765","time_insert":"2021-07-20 11:00"}
2024-07-08 00:21:45 查询号码 【1524666】，GSD为【"黑龙江-哈尔滨"】

2024-07-08 00:39:08 开始第 4765 次操作

2024-07-08 00:39:08 开始操作号码 【1524667】
2024-07-08 00:39:23 GSD getOne 第 1 次 等待 3 秒
2024-07-08 00:39:26 查询号码 【1524667】，返回信息 {"status":"ok","msg":"黑龙江-哈尔滨","gid":"335988","time_insert":"2021-07-20 11:20"}
2024-07-08 00:39:26 查询号码 【1524667】，GSD为【"黑龙江-哈尔滨"】

2024-07-08 00:39:27 开始第 4766 次操作

2024-07-08 00:39:27 开始操作号码 【1524668】
2024-07-08 00:39:43 GSD getOne 第 1 次 等待 3 秒
2024-07-08 00:39:46 查询号码 【1524668】，返回信息 {"status":"ok","msg":"黑龙江-哈尔滨","gid":"336030","time_insert":"2021-07-20 11:35"}
2024-07-08 00:39:46 查询号码 【1524668】，GSD为【"黑龙江-哈尔滨"】

2024-07-08 00:39:47 开始第 4767 次操作

2024-07-08 00:39:47 开始操作号码 【1524669】
2024-07-08 00:39:54 GSD getOne 第 1 次 等待 3 秒
2024-07-08 00:39:57 查询号码 【1524669】，返回信息 {"status":"ok","msg":"黑龙江-哈尔滨","gid":"336222","time_insert":"2021-07-20 11:55"}
2024-07-08 00:39:57 查询号码 【1524669】，GSD为【"黑龙江-哈尔滨"】

2024-07-08 00:39:58 开始第 4768 次操作

2024-07-08 00:39:58 开始操作号码 【1524670】
2024-07-08 00:40:06 GSD getOne 第 1 次 等待 3 秒
2024-07-08 00:40:09 查询号码 【1524670】，返回信息 {"status":"ok","msg":"黑龙江-哈尔滨","gid":"336431","time_insert":"2021-07-20 12:13"}
2024-07-08 00:40:09 查询号码 【1524670】，GSD为【"黑龙江-哈尔滨"】

2024-07-08 01:17:21 开始第 4769 次操作

2024-07-08 01:17:21 开始操作号码 【1524671】
2024-07-08 01:17:29 GSD getOne 第 1 次 等待 3 秒
2024-07-08 01:17:32 查询号码 【1524671】，返回信息 {"status":"ok","msg":"黑龙江-哈尔滨","gid":"336496","time_insert":"2021-07-20 12:32"}
2024-07-08 01:17:32 查询号码 【1524671】，GSD为【"黑龙江-哈尔滨"】

2024-07-08 01:17:33 开始第 4770 次操作

2024-07-08 01:17:33 开始操作号码 【1524672】
2024-07-08 01:17:41 GSD getOne 第 1 次 等待 3 秒
2024-07-08 01:17:44 查询号码 【1524672】，返回信息 {"status":"ok","msg":"黑龙江-哈尔滨","gid":"336534","time_insert":"2021-07-20 12:49"}
2024-07-08 01:17:44 查询号码 【1524672】，GSD为【"黑龙江-哈尔滨"】

2024-07-08 01:17:45 开始第 4771 次操作

2024-07-08 01:17:45 开始操作号码 【1524673】
2024-07-08 01:17:53 GSD getOne 第 1 次 等待 3 秒
2024-07-08 01:17:56 查询号码 【1524673】，返回信息 {"status":"ok","msg":"黑龙江-哈尔滨","gid":"336731","time_insert":"2021-07-20 13:05"}
2024-07-08 01:17:56 查询号码 【1524673】，GSD为【"黑龙江-哈尔滨"】

2024-07-08 01:17:57 开始第 4772 次操作

2024-07-08 01:17:57 开始操作号码 【1524674】
2024-07-08 01:18:05 GSD getOne 第 1 次 等待 3 秒
2024-07-08 01:18:08 查询号码 【1524674】，返回信息 {"status":"ok","msg":"黑龙江-哈尔滨","gid":"336897","time_insert":"2021-07-20 13:23"}
2024-07-08 01:18:08 查询号码 【1524674】，GSD为【"黑龙江-哈尔滨"】

2024-07-08 01:37:22 开始第 4773 次操作

2024-07-08 01:37:22 开始操作号码 【1524675】
2024-07-08 01:37:30 GSD getOne 第 1 次 等待 3 秒
2024-07-08 01:37:33 查询号码 【1524675】，返回信息 {"status":"ok","msg":"黑龙江-哈尔滨","gid":"337025","time_insert":"2021-07-20 13:42"}
2024-07-08 01:37:33 查询号码 【1524675】，GSD为【"黑龙江-哈尔滨"】

2024-07-08 01:37:34 开始第 4774 次操作

2024-07-08 01:37:34 开始操作号码 【1524676】
2024-07-08 01:37:42 GSD getOne 第 1 次 等待 3 秒
2024-07-08 01:37:45 查询号码 【1524676】，返回信息 {"status":"ok","msg":"黑龙江-哈尔滨","gid":"337278","time_insert":"2021-07-20 14:02"}
2024-07-08 01:37:45 查询号码 【1524676】，GSD为【"黑龙江-哈尔滨"】

2024-07-08 01:37:46 开始第 4775 次操作

2024-07-08 01:37:46 开始操作号码 【1524677】
2024-07-08 01:37:54 GSD getOne 第 1 次 等待 3 秒
2024-07-08 01:37:57 查询号码 【1524677】，返回信息 {"status":"ok","msg":"黑龙江-哈尔滨","gid":"337342","time_insert":"2021-07-20 14:19"}
2024-07-08 01:37:57 查询号码 【1524677】，GSD为【"黑龙江-哈尔滨"】

2024-07-08 01:37:58 开始第 4776 次操作

2024-07-08 01:37:58 开始操作号码 【1524678】
2024-07-08 01:38:06 GSD getOne 第 1 次 等待 3 秒
2024-07-08 01:38:09 查询号码 【1524678】，返回信息 {"status":"ok","msg":"黑龙江-哈尔滨","gid":"337409","time_insert":"2021-07-20 14:37"}
2024-07-08 01:38:09 查询号码 【1524678】，GSD为【"黑龙江-哈尔滨"】

2024-07-08 02:23:02 开始第 4777 次操作

2024-07-08 02:23:02 开始操作号码 【1524679】
2024-07-08 02:23:10 GSD getOne 第 1 次 等待 3 秒
2024-07-08 02:23:13 查询号码 【1524679】，返回信息 {"status":"ok","msg":"黑龙江-哈尔滨","gid":"337551","time_insert":"2021-07-20 14:56"}
2024-07-08 02:23:13 查询号码 【1524679】，GSD为【"黑龙江-哈尔滨"】

2024-07-08 02:23:14 开始第 4778 次操作

2024-07-08 02:23:14 开始操作号码 【1524680】
2024-07-08 02:23:22 GSD getOne 第 1 次 等待 3 秒
2024-07-08 02:23:25 查询号码 【1524680】，返回信息 {"status":"ok","msg":"黑龙江-哈尔滨","gid":"337768","time_insert":"2021-07-20 15:12"}
2024-07-08 02:23:25 查询号码 【1524680】，GSD为【"黑龙江-哈尔滨"】

2024-07-08 02:23:26 开始第 4779 次操作

2024-07-08 02:23:26 开始操作号码 【1524681】
2024-07-08 02:23:34 GSD getOne 第 1 次 等待 3 秒
2024-07-08 02:23:37 查询号码 【1524681】，返回信息 {"status":"ok","msg":"黑龙江-鹤岗","gid":"337887","time_insert":"2021-07-20 15:28"}
2024-07-08 02:23:37 查询号码 【1524681】，GSD为【"黑龙江-鹤岗"】

2024-07-08 02:23:38 开始第 4780 次操作

2024-07-08 02:23:38 开始操作号码 【1524682】
2024-07-08 02:23:46 GSD getOne 第 1 次 等待 3 秒
2024-07-08 02:23:49 查询号码 【1524682】，返回信息 {"status":"ok","msg":"黑龙江-鹤岗","gid":"338083","time_insert":"2021-07-20 15:47"}
2024-07-08 02:23:49 查询号码 【1524682】，GSD为【"黑龙江-鹤岗"】

2024-07-08 02:38:50 开始第 4781 次操作

2024-07-08 02:38:50 开始操作号码 【1524683】
2024-07-08 02:38:59 GSD getOne 第 1 次 等待 3 秒
2024-07-08 02:39:02 查询号码 【1524683】，返回信息 {"status":"ok","msg":"黑龙江-鹤岗","gid":"338302","time_insert":"2021-07-20 16:05"}
2024-07-08 02:39:02 查询号码 【1524683】，GSD为【"黑龙江-鹤岗"】

2024-07-08 02:39:03 开始第 4782 次操作

2024-07-08 02:39:03 开始操作号码 【1524684】
2024-07-08 02:39:10 GSD getOne 第 1 次 等待 3 秒
2024-07-08 02:39:13 查询号码 【1524684】，返回信息 {"status":"ok","msg":"黑龙江-鹤岗","gid":"338340","time_insert":"2021-07-20 16:20"}
2024-07-08 02:39:14 查询号码 【1524684】，GSD为【"黑龙江-鹤岗"】

2024-07-08 02:39:15 开始第 4783 次操作

2024-07-08 02:39:15 开始操作号码 【1524685】
2024-07-08 02:39:22 GSD getOne 第 1 次 等待 3 秒
2024-07-08 02:39:25 查询号码 【1524685】，返回信息 {"status":"ok","msg":"黑龙江-双鸭山","gid":"338404","time_insert":"2021-07-20 16:40"}
2024-07-08 02:39:26 查询号码 【1524685】，GSD为【"黑龙江-双鸭山"】

2024-07-08 02:39:27 开始第 4784 次操作

2024-07-08 02:39:27 开始操作号码 【1524686】
2024-07-08 02:39:35 GSD getOne 第 1 次 等待 3 秒
2024-07-08 02:39:38 查询号码 【1524686】，返回信息 {"status":"ok","msg":"黑龙江-双鸭山","gid":"338631","time_insert":"2021-07-20 16:59"}
2024-07-08 02:39:38 查询号码 【1524686】，GSD为【"黑龙江-双鸭山"】

