2024-10-13 00:12:34 开始第 9593 次操作

2024-10-13 00:12:34 开始操作号码 【1419589】
2024-10-13 00:12:41 GSD getOne 第 1 次 等待 3 秒
2024-10-13 00:12:44 查询号码 【1419589】，返回信息 {"status":"ok","msg":"-","gid":"695460","time_insert":"2023-05-07 01:01"}
2024-10-13 00:12:44 查询号码 【1419589】，GSD为【"-"】
2024-10-13 00:12:44 ok && -
2024-10-13 00:12:46 CHB 1419589?1728749564 第 1 次 等待 3 秒
2024-10-13 00:12:49 CHB 1419589?1728749564 第 1 次 获取到号码【1419589】GSD
2024-10-13 00:12:49 未获取到号码【1419589】GSD，可能号码格式错误
2024-10-13 00:12:49 获取到号码【1419589】的GSD为【-】
2024-10-13 00:12:51 GSD insert 第 1 次 等待 3 秒
2024-10-13 00:12:54 {"status":"bad","gid":"695460","msg":"添加失败！号码【1419589(-|-)】已存在！"}
2024-10-13 00:12:54 随机等待 68 秒，约 1 分钟
2024-10-13 00:12:54 下次操作: 2024-10-13 00:14:02

2024-10-13 00:14:02 开始第 9594 次操作

2024-10-13 00:14:02 开始操作号码 【1419590】
2024-10-13 00:14:08 GSD getOne 第 1 次 等待 3 秒
2024-10-13 00:14:11 查询号码 【1419590】，返回信息 {"status":"ok","msg":"-","gid":"695445","time_insert":"2023-05-07 00:48"}
2024-10-13 00:14:11 查询号码 【1419590】，GSD为【"-"】
2024-10-13 00:14:11 ok && -
2024-10-13 00:14:13 CHB 1419590?1728749651 第 1 次 等待 3 秒
2024-10-13 00:14:16 CHB 1419590?1728749651 第 1 次 获取到号码【1419590】GSD
2024-10-13 00:14:16 未获取到号码【1419590】GSD，可能号码格式错误
2024-10-13 00:14:16 获取到号码【1419590】的GSD为【-】
2024-10-13 00:14:18 GSD insert 第 1 次 等待 3 秒
2024-10-13 00:14:21 {"status":"bad","gid":"695445","msg":"添加失败！号码【1419590(-|-)】已存在！"}
2024-10-13 00:14:21 随机等待 214 秒，约 3 分钟
2024-10-13 00:14:21 下次操作: 2024-10-13 00:17:55

2024-10-13 00:17:55 开始第 9595 次操作

2024-10-13 00:17:55 开始操作号码 【1419591】
2024-10-13 00:17:58 GSD getOne 第 1 次 等待 3 秒
2024-10-13 00:18:01 查询号码 【1419591】，返回信息 {"status":"ok","msg":"-","gid":"695435","time_insert":"2023-05-07 00:37"}
2024-10-13 00:18:01 查询号码 【1419591】，GSD为【"-"】
2024-10-13 00:18:01 ok && -
2024-10-13 00:18:03 CHB 1419591?1728749881 第 1 次 等待 3 秒
2024-10-13 00:18:06 CHB 1419591?1728749881 第 1 次 获取到号码【1419591】GSD
2024-10-13 00:18:06 未获取到号码【1419591】GSD，可能号码格式错误
2024-10-13 00:18:06 获取到号码【1419591】的GSD为【-】
2024-10-13 00:18:09 GSD insert 第 1 次 等待 3 秒
2024-10-13 00:18:12 {"status":"bad","gid":"695435","msg":"添加失败！号码【1419591(-|-)】已存在！"}
2024-10-13 00:18:12 随机等待 175 秒，约 2 分钟
2024-10-13 00:18:12 下次操作: 2024-10-13 00:21:07

2024-10-13 00:21:07 开始第 9596 次操作

2024-10-13 00:21:07 开始操作号码 【1419592】
2024-10-13 00:21:09 GSD getOne 第 1 次 等待 3 秒
2024-10-13 00:21:12 查询号码 【1419592】，返回信息 {"status":"ok","msg":"-","gid":"695413","time_insert":"2023-05-07 00:16"}
2024-10-13 00:21:12 查询号码 【1419592】，GSD为【"-"】
2024-10-13 00:21:12 ok && -
2024-10-13 00:21:14 CHB 1419592?1728750072 第 1 次 等待 3 秒
2024-10-13 00:21:17 CHB 1419592?1728750072 第 1 次 获取到号码【1419592】GSD
2024-10-13 00:21:17 未获取到号码【1419592】GSD，可能号码格式错误
2024-10-13 00:21:17 获取到号码【1419592】的GSD为【-】
2024-10-13 00:21:19 GSD insert 第 1 次 等待 3 秒
2024-10-13 00:21:22 {"status":"bad","gid":"695413","msg":"添加失败！号码【1419592(-|-)】已存在！"}

