2024-07-13 00:23:24 开始第 5641 次操作

2024-07-13 00:23:24 开始操作号码 【1525543】
2024-07-13 00:23:33 GSD getOne 第 1 次 等待 3 秒
2024-07-13 00:23:36 查询号码 【1525543】，返回信息 {"status":"ok","msg":"安徽-淮南","gid":"398210","time_insert":"2021-07-26 06:00"}
2024-07-13 00:23:36 查询号码 【1525543】，GSD为【"安徽-淮南"】

2024-07-13 00:23:37 开始第 5642 次操作

2024-07-13 00:23:37 开始操作号码 【1525544】
2024-07-13 00:23:45 GSD getOne 第 1 次 等待 3 秒
2024-07-13 00:23:48 查询号码 【1525544】，返回信息 {"status":"ok","msg":"安徽-淮南","gid":"398200","time_insert":"2021-07-26 06:00"}
2024-07-13 00:23:48 查询号码 【1525544】，GSD为【"安徽-淮南"】

2024-07-13 00:23:49 开始第 5643 次操作

2024-07-13 00:23:49 开始操作号码 【1525545】
2024-07-13 00:23:57 GSD getOne 第 1 次 等待 3 秒
2024-07-13 00:24:00 查询号码 【1525545】，返回信息 {"status":"ok","msg":"安徽-合肥","gid":"51067","time_insert":"2021-04-22 09:07"}
2024-07-13 00:24:00 查询号码 【1525545】，GSD为【"安徽-合肥"】

2024-07-13 00:24:01 开始第 5644 次操作

2024-07-13 00:24:01 开始操作号码 【1525546】
2024-07-13 00:24:10 GSD getOne 第 1 次 等待 3 秒
2024-07-13 00:24:13 查询号码 【1525546】，返回信息 {"status":"ok","msg":"安徽-合肥","gid":"398190","time_insert":"2021-07-26 05:59"}
2024-07-13 00:24:13 查询号码 【1525546】，GSD为【"安徽-合肥"】

2024-07-13 00:41:01 开始第 5645 次操作

2024-07-13 00:41:01 开始操作号码 【1525547】
2024-07-13 00:41:09 GSD getOne 第 1 次 等待 3 秒
2024-07-13 00:41:12 查询号码 【1525547】，返回信息 {"status":"ok","msg":"安徽-合肥","gid":"398184","time_insert":"2021-07-26 05:59"}
2024-07-13 00:41:12 查询号码 【1525547】，GSD为【"安徽-合肥"】

2024-07-13 00:41:13 开始第 5646 次操作

2024-07-13 00:41:13 开始操作号码 【1525548】
2024-07-13 00:41:21 GSD getOne 第 1 次 等待 3 秒
2024-07-13 00:41:24 查询号码 【1525548】，返回信息 {"status":"ok","msg":"安徽-亳州","gid":"398174","time_insert":"2021-07-26 05:58"}
2024-07-13 00:41:24 查询号码 【1525548】，GSD为【"安徽-亳州"】

2024-07-13 00:41:25 开始第 5647 次操作

2024-07-13 00:41:25 开始操作号码 【1525549】
2024-07-13 00:41:34 GSD getOne 第 1 次 等待 3 秒
2024-07-13 00:41:37 查询号码 【1525549】，返回信息 {"status":"ok","msg":"安徽-亳州","gid":"398166","time_insert":"2021-07-26 05:58"}
2024-07-13 00:41:37 查询号码 【1525549】，GSD为【"安徽-亳州"】

2024-07-13 00:41:38 开始第 5648 次操作

2024-07-13 00:41:38 开始操作号码 【1525550】
2024-07-13 00:41:46 GSD getOne 第 1 次 等待 3 秒
2024-07-13 00:41:49 查询号码 【1525550】，返回信息 {"status":"ok","msg":"安徽-马鞍山","gid":"398156","time_insert":"2021-07-26 05:57"}
2024-07-13 00:41:49 查询号码 【1525550】，GSD为【"安徽-马鞍山"】

