2023-11-01 00:21:56 开始第 6097 次操作

2023-11-01 00:21:56 开始操作号码 【1956015】
2023-11-01 00:21:59 GSD getOne 第 1 次 等待 3 秒
2023-11-01 00:22:02 查询号码 【1956015】，返回信息 {"status":"ok","msg":"浙江-杭州","gid":"492729","time_insert":"2021-08-03 21:23"}
2023-11-01 00:22:02 查询号码 【1956015】，GSD为【"浙江-杭州"】

2023-11-01 00:22:03 开始第 6098 次操作

2023-11-01 00:22:03 开始操作号码 【1956016】
2023-11-01 00:22:10 GSD getOne 第 1 次 等待 3 秒
2023-11-01 00:22:13 查询号码 【1956016】，返回信息 {"status":"ok","msg":"浙江-杭州","gid":"492721","time_insert":"2021-08-03 21:22"}
2023-11-01 00:22:13 查询号码 【1956016】，GSD为【"浙江-杭州"】

2023-11-01 00:22:14 开始第 6099 次操作

2023-11-01 00:22:14 开始操作号码 【1956017】
2023-11-01 00:22:17 GSD getOne 第 1 次 等待 3 秒
2023-11-01 00:22:20 查询号码 【1956017】，返回信息 {"status":"ok","msg":"浙江-杭州","gid":"492712","time_insert":"2021-08-03 21:21"}
2023-11-01 00:22:20 查询号码 【1956017】，GSD为【"浙江-杭州"】

2023-11-01 00:22:21 开始第 6100 次操作

2023-11-01 00:22:21 开始操作号码 【1956018】
2023-11-01 00:22:37 GSD getOne 第 1 次 等待 3 秒
2023-11-01 00:22:40 查询号码 【1956018】，返回信息 {"status":"ok","msg":"浙江-杭州","gid":"492705","time_insert":"2021-08-03 21:20"}
2023-11-01 00:22:40 查询号码 【1956018】，GSD为【"浙江-杭州"】

2023-11-01 00:41:09 开始第 6101 次操作

2023-11-01 00:41:09 开始操作号码 【1956019】
2023-11-01 00:41:13 GSD getOne 第 1 次 等待 3 秒
2023-11-01 00:41:16 查询号码 【1956019】，返回信息 {"status":"ok","msg":"浙江-杭州","gid":"492699","time_insert":"2021-08-03 21:19"}
2023-11-01 00:41:16 查询号码 【1956019】，GSD为【"浙江-杭州"】

2023-11-01 00:41:17 开始第 6102 次操作

2023-11-01 00:41:17 开始操作号码 【1956020】
2023-11-01 00:41:29 GSD getOne 第 1 次 等待 3 秒
2023-11-01 00:41:32 查询号码 【1956020】，返回信息 {"status":"ok","msg":"浙江-宁波","gid":"492692","time_insert":"2021-08-03 21:18"}
2023-11-01 00:41:32 查询号码 【1956020】，GSD为【"浙江-宁波"】

2023-11-01 00:41:33 开始第 6103 次操作

2023-11-01 00:41:33 开始操作号码 【1956021】
2023-11-01 00:41:38 GSD getOne 第 1 次 等待 3 秒
2023-11-01 00:41:41 查询号码 【1956021】，返回信息 {"status":"ok","msg":"浙江-宁波","gid":"492683","time_insert":"2021-08-03 21:17"}
2023-11-01 00:41:42 查询号码 【1956021】，GSD为【"浙江-宁波"】

2023-11-01 00:41:43 开始第 6104 次操作

2023-11-01 00:41:43 开始操作号码 【1956022】
2023-11-01 00:41:46 GSD getOne 第 1 次 等待 3 秒
2023-11-01 00:41:49 查询号码 【1956022】，返回信息 {"status":"ok","msg":"浙江-宁波","gid":"492674","time_insert":"2021-08-03 21:15"}
2023-11-01 00:41:49 查询号码 【1956022】，GSD为【"浙江-宁波"】

