2024-02-24 00:19:55 开始第 5329 次操作

2024-02-24 00:19:55 开始操作号码 【1745247】
2024-02-24 00:20:01 GSD getOne 第 1 次 等待 3 秒
2024-02-24 00:20:04 查询号码 【1745247】，返回信息 {"status":"ok","msg":"-","gid":"213221","time_insert":"2021-07-07 10:16"}
2024-02-24 00:20:05 查询号码 【1745247】，GSD为【"-"】
2024-02-24 00:20:05 ok && -
2024-02-24 00:20:07 CHB 1745247?1708705205 第 1 次 等待 3 秒
2024-02-24 00:20:10 CHB 1745247?1708705205 第 1 次 获取到号码【1745247】GSD
2024-02-24 00:20:11 未获取到号码【1745247】GSD，可能号码格式错误
2024-02-24 00:20:11 获取到号码【1745247】的GSD为【-】
2024-02-24 00:20:15 GSD insert 第 1 次 等待 3 秒
2024-02-24 00:20:18 {"status":"bad","gid":"213221","msg":"添加失败！号码【1745247(-|-)】已存在！"}
2024-02-24 00:20:18 随机等待 227 秒，约 3 分钟
2024-02-24 00:20:18 下次操作: 2024-02-24 00:24:05

2024-02-24 00:24:05 开始第 5330 次操作

2024-02-24 00:24:05 开始操作号码 【1745248】
2024-02-24 00:24:10 GSD getOne 第 1 次 等待 3 秒
2024-02-24 00:24:13 查询号码 【1745248】，返回信息 {"status":"ok","msg":"-","gid":"213227","time_insert":"2021-07-07 10:17"}
2024-02-24 00:24:13 查询号码 【1745248】，GSD为【"-"】
2024-02-24 00:24:13 ok && -
2024-02-24 00:24:16 CHB 1745248?1708705453 第 1 次 等待 3 秒
2024-02-24 00:24:19 CHB 1745248?1708705453 第 1 次 获取到号码【1745248】GSD
2024-02-24 00:24:19 未获取到号码【1745248】GSD，可能号码格式错误
2024-02-24 00:24:19 获取到号码【1745248】的GSD为【-】
2024-02-24 00:24:28 GSD insert 第 1 次 等待 3 秒
2024-02-24 00:24:31 {"status":"bad","gid":"213227","msg":"添加失败！号码【1745248(-|-)】已存在！"}
2024-02-24 00:24:31 随机等待 113 秒，约 1 分钟
2024-02-24 00:24:31 下次操作: 2024-02-24 00:26:24

2024-02-24 00:26:24 开始第 5331 次操作

2024-02-24 00:26:24 开始操作号码 【1745249】
2024-02-24 00:26:34 GSD getOne 第 1 次 等待 3 秒
2024-02-24 00:26:37 查询号码 【1745249】，返回信息 {"status":"ok","msg":"-","gid":"213232","time_insert":"2021-07-07 10:18"}
2024-02-24 00:26:37 查询号码 【1745249】，GSD为【"-"】
2024-02-24 00:26:37 ok && -
2024-02-24 00:26:39 CHB 1745249?1708705597 第 1 次 等待 3 秒
2024-02-24 00:26:42 CHB 1745249?1708705597 第 1 次 获取到号码【1745249】GSD
2024-02-24 00:26:42 未获取到号码【1745249】GSD，可能号码格式错误
2024-02-24 00:26:42 获取到号码【1745249】的GSD为【-】
2024-02-24 00:26:47 GSD insert 第 1 次 等待 3 秒
2024-02-24 00:26:50 {"status":"bad","gid":"213232","msg":"添加失败！号码【1745249(-|-)】已存在！"}
2024-02-24 00:26:50 随机等待 72 秒，约 1 分钟
2024-02-24 00:26:50 下次操作: 2024-02-24 00:28:02

2024-02-24 00:28:02 开始第 5332 次操作

2024-02-24 00:28:02 开始操作号码 【1745250】
2024-02-24 00:28:09 GSD getOne 第 1 次 等待 3 秒
2024-02-24 00:28:12 查询号码 【1745250】，返回信息 {"status":"ok","msg":"-","gid":"213237","time_insert":"2021-07-07 10:19"}
2024-02-24 00:28:12 查询号码 【1745250】，GSD为【"-"】
2024-02-24 00:28:12 ok && -
2024-02-24 00:28:18 CHB 1745250?1708705692 第 1 次 等待 3 秒
2024-02-24 00:28:21 CHB 1745250?1708705692 第 1 次 获取到号码【1745250】GSD
2024-02-24 00:28:21 未获取到号码【1745250】GSD，可能号码格式错误
2024-02-24 00:28:21 获取到号码【1745250】的GSD为【-】
2024-02-24 00:28:26 GSD insert 第 1 次 等待 3 秒
2024-02-24 00:28:29 {"status":"bad","gid":"213237","msg":"添加失败！号码【1745250(-|-)】已存在！"}

