2024-02-21 00:20:55 开始第 4793 次操作

2024-02-21 00:20:55 开始操作号码 【1744711】
2024-02-21 00:21:01 GSD getOne 第 1 次 等待 3 秒
2024-02-21 00:21:04 查询号码 【1744711】，返回信息 {"status":"ok","msg":"-","gid":"205568","time_insert":"2021-07-06 11:53"}
2024-02-21 00:21:04 查询号码 【1744711】，GSD为【"-"】
2024-02-21 00:21:04 ok && -
2024-02-21 00:21:10 CHB 1744711?1708446064 第 1 次 等待 3 秒
2024-02-21 00:21:13 CHB 1744711?1708446064 第 1 次 获取到号码【1744711】GSD
2024-02-21 00:21:13 未获取到号码【1744711】GSD，可能号码格式错误
2024-02-21 00:21:13 获取到号码【1744711】的GSD为【-】
2024-02-21 00:21:17 GSD insert 第 1 次 等待 3 秒
2024-02-21 00:21:20 {"status":"bad","gid":"205568","msg":"添加失败！号码【1744711(-|-)】已存在！"}
2024-02-21 00:21:20 随机等待 91 秒，约 1 分钟
2024-02-21 00:21:20 下次操作: 2024-02-21 00:22:51

2024-02-21 00:22:51 开始第 4794 次操作

2024-02-21 00:22:51 开始操作号码 【1744712】
2024-02-21 00:22:59 GSD getOne 第 1 次 等待 3 秒
2024-02-21 00:23:02 查询号码 【1744712】，返回信息 {"status":"ok","msg":"-","gid":"205610","time_insert":"2021-07-06 11:56"}
2024-02-21 00:23:02 查询号码 【1744712】，GSD为【"-"】
2024-02-21 00:23:02 ok && -
2024-02-21 00:23:04 CHB 1744712?1708446182 第 1 次 等待 3 秒
2024-02-21 00:23:07 CHB 1744712?1708446182 第 1 次 获取到号码【1744712】GSD
2024-02-21 00:23:07 未获取到号码【1744712】GSD，可能号码格式错误
2024-02-21 00:23:07 获取到号码【1744712】的GSD为【-】
2024-02-21 00:23:11 GSD insert 第 1 次 等待 3 秒
2024-02-21 00:23:14 {"status":"bad","gid":"205610","msg":"添加失败！号码【1744712(-|-)】已存在！"}
2024-02-21 00:23:14 随机等待 181 秒，约 3 分钟
2024-02-21 00:23:14 下次操作: 2024-02-21 00:26:15

2024-02-21 00:26:15 开始第 4795 次操作

2024-02-21 00:26:15 开始操作号码 【1744713】
2024-02-21 00:26:20 GSD getOne 第 1 次 等待 3 秒
2024-02-21 00:26:23 查询号码 【1744713】，返回信息 {"status":"ok","msg":"-","gid":"205619","time_insert":"2021-07-06 11:57"}
2024-02-21 00:26:23 查询号码 【1744713】，GSD为【"-"】
2024-02-21 00:26:23 ok && -
2024-02-21 00:26:25 CHB 1744713?1708446383 第 1 次 等待 3 秒
2024-02-21 00:26:28 CHB 1744713?1708446383 第 1 次 获取到号码【1744713】GSD
2024-02-21 00:26:28 未获取到号码【1744713】GSD，可能号码格式错误
2024-02-21 00:26:28 获取到号码【1744713】的GSD为【-】
2024-02-21 00:26:32 GSD insert 第 1 次 等待 3 秒
2024-02-21 00:26:35 {"status":"bad","gid":"205619","msg":"添加失败！号码【1744713(-|-)】已存在！"}
2024-02-21 00:26:35 随机等待 198 秒，约 3 分钟
2024-02-21 00:26:35 下次操作: 2024-02-21 00:29:53

2024-02-21 00:29:53 开始第 4796 次操作

2024-02-21 00:29:53 开始操作号码 【1744714】
2024-02-21 00:29:57 GSD getOne 第 1 次 等待 3 秒
2024-02-21 00:30:00 查询号码 【1744714】，返回信息 {"status":"ok","msg":"-","gid":"205628","time_insert":"2021-07-06 11:58"}
2024-02-21 00:30:00 查询号码 【1744714】，GSD为【"-"】
2024-02-21 00:30:00 ok && -
2024-02-21 00:30:03 CHB 1744714?1708446600 第 1 次 等待 3 秒
2024-02-21 00:30:06 CHB 1744714?1708446600 第 1 次 获取到号码【1744714】GSD
2024-02-21 00:30:06 未获取到号码【1744714】GSD，可能号码格式错误
2024-02-21 00:30:06 获取到号码【1744714】的GSD为【-】
2024-02-21 00:30:11 GSD insert 第 1 次 等待 3 秒
2024-02-21 00:30:14 {"status":"bad","gid":"205628","msg":"添加失败！号码【1744714(-|-)】已存在！"}

