2024-10-09 00:13:21 开始第 8889 次操作

2024-10-09 00:13:21 开始操作号码 【1418885】
2024-10-09 00:13:27 GSD getOne 第 1 次 等待 3 秒
2024-10-09 00:13:30 查询号码 【1418885】，返回信息 {"status":"ok","msg":"-","gid":"687055","time_insert":"2023-04-30 16:13"}
2024-10-09 00:13:30 查询号码 【1418885】，GSD为【"-"】
2024-10-09 00:13:30 ok && -
2024-10-09 00:13:35 CHB 1418885?1728404010 第 1 次 等待 3 秒
2024-10-09 00:13:38 CHB 1418885?1728404010 第 1 次 获取到号码【1418885】GSD
2024-10-09 00:13:38 未获取到号码【1418885】GSD，可能号码格式错误
2024-10-09 00:13:38 获取到号码【1418885】的GSD为【-】
2024-10-09 00:13:50 GSD insert 第 1 次 等待 3 秒
2024-10-09 00:13:53 {"status":"bad","gid":"687055","msg":"添加失败！号码【1418885(-|-)】已存在！"}
2024-10-09 00:13:53 随机等待 134 秒，约 2 分钟
2024-10-09 00:13:53 下次操作: 2024-10-09 00:16:07

2024-10-09 00:16:07 开始第 8890 次操作

2024-10-09 00:16:07 开始操作号码 【1418886】
2024-10-09 00:16:09 GSD getOne 第 1 次 等待 3 秒
2024-10-09 00:16:12 查询号码 【1418886】，返回信息 {"status":"ok","msg":"-","gid":"687075","time_insert":"2023-04-30 16:30"}
2024-10-09 00:16:12 查询号码 【1418886】，GSD为【"-"】
2024-10-09 00:16:12 ok && -
2024-10-09 00:16:14 CHB 1418886?1728404172 第 1 次 等待 3 秒
2024-10-09 00:16:17 CHB 1418886?1728404172 第 1 次 获取到号码【1418886】GSD
2024-10-09 00:16:17 未获取到号码【1418886】GSD，可能号码格式错误
2024-10-09 00:16:17 获取到号码【1418886】的GSD为【-】
2024-10-09 00:16:19 GSD insert 第 1 次 等待 3 秒
2024-10-09 00:16:22 {"status":"bad","gid":"687075","msg":"添加失败！号码【1418886(-|-)】已存在！"}
2024-10-09 00:16:22 随机等待 113 秒，约 1 分钟
2024-10-09 00:16:22 下次操作: 2024-10-09 00:18:15

2024-10-09 00:18:15 开始第 8891 次操作

2024-10-09 00:18:15 开始操作号码 【1418887】
2024-10-09 00:18:17 GSD getOne 第 1 次 等待 3 秒
2024-10-09 00:18:20 查询号码 【1418887】，返回信息 {"status":"ok","msg":"-","gid":"687092","time_insert":"2023-04-30 16:46"}
2024-10-09 00:18:20 查询号码 【1418887】，GSD为【"-"】
2024-10-09 00:18:20 ok && -
2024-10-09 00:18:22 CHB 1418887?1728404300 第 1 次 等待 3 秒
2024-10-09 00:18:25 CHB 1418887?1728404300 第 1 次 获取到号码【1418887】GSD
2024-10-09 00:18:25 未获取到号码【1418887】GSD，可能号码格式错误
2024-10-09 00:18:25 获取到号码【1418887】的GSD为【-】
2024-10-09 00:18:28 GSD insert 第 1 次 等待 3 秒
2024-10-09 00:18:31 {"status":"bad","gid":"687092","msg":"添加失败！号码【1418887(-|-)】已存在！"}
2024-10-09 00:18:31 随机等待 133 秒，约 2 分钟
2024-10-09 00:18:31 下次操作: 2024-10-09 00:20:44

2024-10-09 00:20:44 开始第 8892 次操作

2024-10-09 00:20:44 开始操作号码 【1418888】
2024-10-09 00:20:47 GSD getOne 第 1 次 等待 3 秒
2024-10-09 00:20:50 查询号码 【1418888】，返回信息 {"status":"ok","msg":"-","gid":"687118","time_insert":"2023-04-30 17:06"}
2024-10-09 00:20:50 查询号码 【1418888】，GSD为【"-"】
2024-10-09 00:20:50 ok && -
2024-10-09 00:20:52 CHB 1418888?1728404450 第 1 次 等待 3 秒
2024-10-09 00:20:55 CHB 1418888?1728404450 第 1 次 获取到号码【1418888】GSD
2024-10-09 00:20:55 未获取到号码【1418888】GSD，可能号码格式错误
2024-10-09 00:20:55 获取到号码【1418888】的GSD为【-】
2024-10-09 00:20:57 GSD insert 第 1 次 等待 3 秒
2024-10-09 00:21:00 {"status":"bad","gid":"687118","msg":"添加失败！号码【1418888(-|-)】已存在！"}

