2024-09-16 00:12:27 开始第 4865 次操作

2024-09-16 00:12:27 开始操作号码 【1414862】
2024-09-16 00:12:43 GSD getOne 第 1 次 等待 3 秒
2024-09-16 00:12:46 查询号码 【1414862】，返回信息 {"status":"ok","msg":"-","gid":"617227","time_insert":"2023-03-27 04:42"}
2024-09-16 00:12:46 查询号码 【1414862】，GSD为【"-"】
2024-09-16 00:12:46 ok && -
2024-09-16 00:12:48 CHB 1414862?1726416766 第 1 次 等待 3 秒
2024-09-16 00:12:51 CHB 1414862?1726416766 第 1 次 获取到号码【1414862】GSD
2024-09-16 00:12:51 未获取到号码【1414862】GSD，可能号码格式错误
2024-09-16 00:12:51 获取到号码【1414862】的GSD为【-】
2024-09-16 00:12:59 GSD insert 第 1 次 等待 3 秒
2024-09-16 00:13:02 {"status":"bad","gid":"617227","msg":"添加失败！号码【1414862(-|-)】已存在！"}
2024-09-16 00:13:02 随机等待 232 秒，约 3 分钟
2024-09-16 00:13:02 下次操作: 2024-09-16 00:16:54

2024-09-16 00:16:54 开始第 4866 次操作

2024-09-16 00:16:54 开始操作号码 【1414863】
2024-09-16 00:17:03 GSD getOne 第 1 次 等待 3 秒
2024-09-16 00:17:06 查询号码 【1414863】，返回信息 {"status":"ok","msg":"-","gid":"617261","time_insert":"2023-03-27 05:02"}
2024-09-16 00:17:06 查询号码 【1414863】，GSD为【"-"】
2024-09-16 00:17:06 ok && -
2024-09-16 00:17:08 CHB 1414863?1726417026 第 1 次 等待 3 秒
2024-09-16 00:17:11 CHB 1414863?1726417026 第 1 次 获取到号码【1414863】GSD
2024-09-16 00:17:11 未获取到号码【1414863】GSD，可能号码格式错误
2024-09-16 00:17:11 获取到号码【1414863】的GSD为【-】
2024-09-16 00:17:20 GSD insert 第 1 次 等待 3 秒
2024-09-16 00:17:23 {"status":"bad","gid":"617261","msg":"添加失败！号码【1414863(-|-)】已存在！"}
2024-09-16 00:17:23 随机等待 86 秒，约 1 分钟
2024-09-16 00:17:23 下次操作: 2024-09-16 00:18:49

2024-09-16 00:18:49 开始第 4867 次操作

2024-09-16 00:18:49 开始操作号码 【1414864】
2024-09-16 00:18:58 GSD getOne 第 1 次 等待 3 秒
2024-09-16 00:19:01 查询号码 【1414864】，返回信息 {"status":"ok","msg":"-","gid":"617285","time_insert":"2023-03-27 05:19"}
2024-09-16 00:19:01 查询号码 【1414864】，GSD为【"-"】
2024-09-16 00:19:01 ok && -
2024-09-16 00:19:02 CHB 1414864?1726417141 第 1 次 等待 3 秒
2024-09-16 00:19:05 CHB 1414864?1726417141 第 1 次 获取到号码【1414864】GSD
2024-09-16 00:19:05 未获取到号码【1414864】GSD，可能号码格式错误
2024-09-16 00:19:05 获取到号码【1414864】的GSD为【-】
2024-09-16 00:19:13 GSD insert 第 1 次 等待 3 秒
2024-09-16 00:19:16 {"status":"bad","gid":"617285","msg":"添加失败！号码【1414864(-|-)】已存在！"}
2024-09-16 00:19:16 随机等待 129 秒，约 2 分钟
2024-09-16 00:19:16 下次操作: 2024-09-16 00:21:25

2024-09-16 00:21:25 开始第 4868 次操作

2024-09-16 00:21:25 开始操作号码 【1414865】
2024-09-16 00:21:34 GSD getOne 第 1 次 等待 3 秒
2024-09-16 00:21:37 查询号码 【1414865】，返回信息 {"status":"ok","msg":"-","gid":"617303","time_insert":"2023-03-27 05:31"}
2024-09-16 00:21:37 查询号码 【1414865】，GSD为【"-"】
2024-09-16 00:21:37 ok && -
2024-09-16 00:21:39 CHB 1414865?1726417297 第 1 次 等待 3 秒
2024-09-16 00:21:42 CHB 1414865?1726417297 第 1 次 获取到号码【1414865】GSD
2024-09-16 00:21:42 未获取到号码【1414865】GSD，可能号码格式错误
2024-09-16 00:21:42 获取到号码【1414865】的GSD为【-】
2024-09-16 00:21:49 GSD insert 第 1 次 等待 3 秒
2024-09-16 00:21:52 {"status":"bad","gid":"617303","msg":"添加失败！号码【1414865(-|-)】已存在！"}

2024-09-16 00:40:32 开始第 4869 次操作

2024-09-16 00:40:32 开始操作号码 【1414866】
2024-09-16 00:40:42 GSD getOne 第 1 次 等待 3 秒
2024-09-16 00:40:45 查询号码 【1414866】，返回信息 {"status":"ok","msg":"-","gid":"617326","time_insert":"2023-03-27 05:45"}
2024-09-16 00:40:45 查询号码 【1414866】，GSD为【"-"】
2024-09-16 00:40:45 ok && -
2024-09-16 00:40:47 CHB 1414866?1726418445 第 1 次 等待 3 秒
2024-09-16 00:40:50 CHB 1414866?1726418445 第 1 次 获取到号码【1414866】GSD
2024-09-16 00:40:50 未获取到号码【1414866】GSD，可能号码格式错误
2024-09-16 00:40:50 获取到号码【1414866】的GSD为【-】
2024-09-16 00:40:59 GSD insert 第 1 次 等待 3 秒
2024-09-16 00:41:02 {"status":"bad","gid":"617326","msg":"添加失败！号码【1414866(-|-)】已存在！"}
2024-09-16 00:41:02 随机等待 81 秒，约 1 分钟
2024-09-16 00:41:02 下次操作: 2024-09-16 00:42:23

2024-09-16 00:42:23 开始第 4870 次操作

2024-09-16 00:42:23 开始操作号码 【1414867】
2024-09-16 00:42:33 GSD getOne 第 1 次 等待 3 秒
2024-09-16 00:42:36 查询号码 【1414867】，返回信息 {"status":"ok","msg":"-","gid":"617360","time_insert":"2023-03-27 06:06"}
2024-09-16 00:42:36 查询号码 【1414867】，GSD为【"-"】
2024-09-16 00:42:36 ok && -
2024-09-16 00:42:39 CHB 1414867?1726418556 第 1 次 等待 3 秒
2024-09-16 00:42:42 CHB 1414867?1726418556 第 1 次 获取到号码【1414867】GSD
2024-09-16 00:42:42 未获取到号码【1414867】GSD，可能号码格式错误
2024-09-16 00:42:42 获取到号码【1414867】的GSD为【-】
2024-09-16 00:43:03 GSD insert 第 1 次 等待 3 秒
2024-09-16 00:43:06 {"status":"bad","gid":"617360","msg":"添加失败！号码【1414867(-|-)】已存在！"}
2024-09-16 00:43:06 随机等待 68 秒，约 1 分钟
2024-09-16 00:43:06 下次操作: 2024-09-16 00:44:14

2024-09-16 00:44:14 开始第 4871 次操作

2024-09-16 00:44:14 开始操作号码 【1414868】
2024-09-16 00:44:23 GSD getOne 第 1 次 等待 3 秒
2024-09-16 00:44:26 查询号码 【1414868】，返回信息 {"status":"ok","msg":"-","gid":"617381","time_insert":"2023-03-27 06:19"}
2024-09-16 00:44:26 查询号码 【1414868】，GSD为【"-"】
2024-09-16 00:44:26 ok && -
2024-09-16 00:44:29 CHB 1414868?1726418666 第 1 次 等待 3 秒
2024-09-16 00:44:32 CHB 1414868?1726418666 第 1 次 获取到号码【1414868】GSD
2024-09-16 00:44:32 未获取到号码【1414868】GSD，可能号码格式错误
2024-09-16 00:44:32 获取到号码【1414868】的GSD为【-】
2024-09-16 00:44:40 GSD insert 第 1 次 等待 3 秒
2024-09-16 00:44:43 {"status":"bad","gid":"617381","msg":"添加失败！号码【1414868(-|-)】已存在！"}
2024-09-16 00:44:43 随机等待 130 秒，约 2 分钟
2024-09-16 00:44:43 下次操作: 2024-09-16 00:46:53

2024-09-16 00:46:53 开始第 4872 次操作

2024-09-16 00:46:53 开始操作号码 【1414869】
2024-09-16 00:47:01 GSD getOne 第 1 次 等待 3 秒
2024-09-16 00:47:04 查询号码 【1414869】，返回信息 {"status":"ok","msg":"-","gid":"617415","time_insert":"2023-03-27 06:42"}
2024-09-16 00:47:04 查询号码 【1414869】，GSD为【"-"】
2024-09-16 00:47:04 ok && -
2024-09-16 00:47:06 CHB 1414869?1726418824 第 1 次 等待 3 秒
2024-09-16 00:47:09 CHB 1414869?1726418824 第 1 次 获取到号码【1414869】GSD
2024-09-16 00:47:09 未获取到号码【1414869】GSD，可能号码格式错误
2024-09-16 00:47:09 获取到号码【1414869】的GSD为【-】
2024-09-16 00:47:17 GSD insert 第 1 次 等待 3 秒
2024-09-16 00:47:20 {"status":"bad","gid":"617415","msg":"添加失败！号码【1414869(-|-)】已存在！"}

2024-09-16 01:08:28 开始第 4873 次操作

2024-09-16 01:08:28 开始操作号码 【1414870】
2024-09-16 01:08:38 GSD getOne 第 1 次 等待 3 秒
2024-09-16 01:08:41 查询号码 【1414870】，返回信息 {"status":"ok","msg":"-","gid":"617441","time_insert":"2023-03-27 06:57"}
2024-09-16 01:08:41 查询号码 【1414870】，GSD为【"-"】
2024-09-16 01:08:41 ok && -
2024-09-16 01:08:43 CHB 1414870?1726420121 第 1 次 等待 3 秒
2024-09-16 01:08:46 CHB 1414870?1726420121 第 1 次 获取到号码【1414870】GSD
2024-09-16 01:08:46 未获取到号码【1414870】GSD，可能号码格式错误
2024-09-16 01:08:46 获取到号码【1414870】的GSD为【-】
2024-09-16 01:08:54 GSD insert 第 1 次 等待 3 秒
2024-09-16 01:08:57 {"status":"bad","gid":"617441","msg":"添加失败！号码【1414870(-|-)】已存在！"}
2024-09-16 01:08:57 随机等待 216 秒，约 3 分钟
2024-09-16 01:08:57 下次操作: 2024-09-16 01:12:33

2024-09-16 01:12:33 开始第 4874 次操作

2024-09-16 01:12:33 开始操作号码 【1414871】
2024-09-16 01:12:42 GSD getOne 第 1 次 等待 3 秒
2024-09-16 01:12:45 查询号码 【1414871】，返回信息 {"status":"ok","msg":"-","gid":"617455","time_insert":"2023-03-27 07:06"}
2024-09-16 01:12:45 查询号码 【1414871】，GSD为【"-"】
2024-09-16 01:12:45 ok && -
2024-09-16 01:12:47 CHB 1414871?1726420365 第 1 次 等待 3 秒
2024-09-16 01:12:50 CHB 1414871?1726420365 第 1 次 获取到号码【1414871】GSD
2024-09-16 01:12:50 未获取到号码【1414871】GSD，可能号码格式错误
2024-09-16 01:12:50 获取到号码【1414871】的GSD为【-】
2024-09-16 01:12:58 GSD insert 第 1 次 等待 3 秒
2024-09-16 01:13:01 {"status":"bad","gid":"617455","msg":"添加失败！号码【1414871(-|-)】已存在！"}
2024-09-16 01:13:01 随机等待 156 秒，约 2 分钟
2024-09-16 01:13:01 下次操作: 2024-09-16 01:15:37

2024-09-16 01:15:37 开始第 4875 次操作

2024-09-16 01:15:37 开始操作号码 【1414872】
2024-09-16 01:15:45 GSD getOne 第 1 次 等待 3 秒
2024-09-16 01:15:48 查询号码 【1414872】，返回信息 {"status":"ok","msg":"-","gid":"617481","time_insert":"2023-03-27 07:24"}
2024-09-16 01:15:48 查询号码 【1414872】，GSD为【"-"】
2024-09-16 01:15:48 ok && -
2024-09-16 01:15:49 CHB 1414872?1726420548 第 1 次 等待 3 秒
2024-09-16 01:15:52 CHB 1414872?1726420548 第 1 次 获取到号码【1414872】GSD
2024-09-16 01:15:52 未获取到号码【1414872】GSD，可能号码格式错误
2024-09-16 01:15:52 获取到号码【1414872】的GSD为【-】
2024-09-16 01:16:00 GSD insert 第 1 次 等待 3 秒
2024-09-16 01:16:03 {"status":"bad","gid":"617481","msg":"添加失败！号码【1414872(-|-)】已存在！"}
2024-09-16 01:16:03 随机等待 192 秒，约 3 分钟
2024-09-16 01:16:03 下次操作: 2024-09-16 01:19:15

2024-09-16 01:19:15 开始第 4876 次操作

2024-09-16 01:19:15 开始操作号码 【1414873】
2024-09-16 01:19:23 GSD getOne 第 1 次 等待 3 秒
2024-09-16 01:19:26 查询号码 【1414873】，返回信息 {"status":"ok","msg":"-","gid":"617517","time_insert":"2023-03-27 07:46"}
2024-09-16 01:19:26 查询号码 【1414873】，GSD为【"-"】
2024-09-16 01:19:26 ok && -
2024-09-16 01:19:28 CHB 1414873?1726420766 第 1 次 等待 3 秒
2024-09-16 01:19:31 CHB 1414873?1726420766 第 1 次 获取到号码【1414873】GSD
2024-09-16 01:19:31 未获取到号码【1414873】GSD，可能号码格式错误
2024-09-16 01:19:31 获取到号码【1414873】的GSD为【-】
2024-09-16 01:19:40 GSD insert 第 1 次 等待 3 秒
2024-09-16 01:19:43 {"status":"bad","gid":"617517","msg":"添加失败！号码【1414873(-|-)】已存在！"}

