2024-09-15 00:11:45 开始第 4693 次操作

2024-09-15 00:11:45 开始操作号码 【1414690】
2024-09-15 00:11:52 GSD getOne 第 1 次 等待 3 秒
2024-09-15 00:11:55 查询号码 【1414690】，返回信息 {"status":"ok","msg":"-","gid":"613261","time_insert":"2023-03-25 07:40"}
2024-09-15 00:11:55 查询号码 【1414690】，GSD为【"-"】
2024-09-15 00:11:55 ok && -
2024-09-15 00:11:57 CHB 1414690?1726330315 第 1 次 等待 3 秒
2024-09-15 00:12:00 CHB 1414690?1726330315 第 1 次 获取到号码【1414690】GSD
2024-09-15 00:12:00 未获取到号码【1414690】GSD，可能号码格式错误
2024-09-15 00:12:00 获取到号码【1414690】的GSD为【-】
2024-09-15 00:12:12 GSD insert 第 1 次 等待 3 秒
2024-09-15 00:12:15 {"status":"bad","gid":"613261","msg":"添加失败！号码【1414690(-|-)】已存在！"}
2024-09-15 00:12:15 随机等待 130 秒，约 2 分钟
2024-09-15 00:12:15 下次操作: 2024-09-15 00:14:25

2024-09-15 00:14:25 开始第 4694 次操作

2024-09-15 00:14:25 开始操作号码 【1414691】
2024-09-15 00:14:33 GSD getOne 第 1 次 等待 3 秒
2024-09-15 00:14:36 查询号码 【1414691】，返回信息 {"status":"ok","msg":"-","gid":"613286","time_insert":"2023-03-25 07:55"}
2024-09-15 00:14:36 查询号码 【1414691】，GSD为【"-"】
2024-09-15 00:14:36 ok && -
2024-09-15 00:15:54 CHB 1414691?1726330476 第 1 次 等待 3 秒
2024-09-15 00:15:57 CHB 1414691?1726330476 第 1 次 获取到号码【1414691】GSD
2024-09-15 00:15:57 未获取到号码【1414691】GSD，可能号码格式错误
2024-09-15 00:15:57 获取到号码【1414691】的GSD为【-】
2024-09-15 00:16:06 GSD insert 第 1 次 等待 3 秒
2024-09-15 00:16:09 {"status":"bad","gid":"613286","msg":"添加失败！号码【1414691(-|-)】已存在！"}
2024-09-15 00:16:09 随机等待 68 秒，约 1 分钟
2024-09-15 00:16:09 下次操作: 2024-09-15 00:17:17

2024-09-15 00:17:17 开始第 4695 次操作

2024-09-15 00:17:17 开始操作号码 【1414692】
2024-09-15 00:17:25 GSD getOne 第 1 次 等待 3 秒
2024-09-15 00:17:28 查询号码 【1414692】，返回信息 {"status":"ok","msg":"-","gid":"613301","time_insert":"2023-03-25 08:06"}
2024-09-15 00:17:28 查询号码 【1414692】，GSD为【"-"】
2024-09-15 00:17:28 ok && -
2024-09-15 00:17:29 CHB 1414692?1726330648 第 1 次 等待 3 秒
2024-09-15 00:17:32 CHB 1414692?1726330648 第 1 次 获取到号码【1414692】GSD
2024-09-15 00:17:32 未获取到号码【1414692】GSD，可能号码格式错误
2024-09-15 00:17:32 获取到号码【1414692】的GSD为【-】
2024-09-15 00:17:40 GSD insert 第 1 次 等待 3 秒
2024-09-15 00:17:43 {"status":"bad","gid":"613301","msg":"添加失败！号码【1414692(-|-)】已存在！"}
2024-09-15 00:17:43 随机等待 131 秒，约 2 分钟
2024-09-15 00:17:43 下次操作: 2024-09-15 00:19:54

2024-09-15 00:19:54 开始第 4696 次操作

2024-09-15 00:19:54 开始操作号码 【1414693】
2024-09-15 00:20:03 GSD getOne 第 1 次 等待 3 秒
2024-09-15 00:20:06 查询号码 【1414693】，返回信息 {"status":"ok","msg":"-","gid":"613317","time_insert":"2023-03-25 08:25"}
2024-09-15 00:20:06 查询号码 【1414693】，GSD为【"-"】
2024-09-15 00:20:06 ok && -
2024-09-15 00:20:07 CHB 1414693?1726330806 第 1 次 等待 3 秒
2024-09-15 00:20:10 CHB 1414693?1726330806 第 1 次 获取到号码【1414693】GSD
2024-09-15 00:20:10 未获取到号码【1414693】GSD，可能号码格式错误
2024-09-15 00:20:10 获取到号码【1414693】的GSD为【-】
2024-09-15 00:30:25 GSD insert 第 1 次 等待 3 秒
2024-09-15 00:30:36 GSD insert 第 2 次 等待 3 秒
2024-09-15 00:30:39 {"status":"bad","gid":"613317","msg":"添加失败！号码【1414693(-|-)】已存在！"}

2024-09-15 00:39:03 开始第 4697 次操作

2024-09-15 00:39:03 开始操作号码 【1414694】
2024-09-15 00:39:13 GSD getOne 第 1 次 等待 3 秒
2024-09-15 00:39:16 查询号码 【1414694】，返回信息 {"status":"ok","msg":"-","gid":"613335","time_insert":"2023-03-25 08:41"}
2024-09-15 00:39:16 查询号码 【1414694】，GSD为【"-"】
2024-09-15 00:39:16 ok && -
2024-09-15 00:39:18 CHB 1414694?1726331956 第 1 次 等待 3 秒
2024-09-15 00:39:21 CHB 1414694?1726331956 第 1 次 获取到号码【1414694】GSD
2024-09-15 00:39:21 未获取到号码【1414694】GSD，可能号码格式错误
2024-09-15 00:39:21 获取到号码【1414694】的GSD为【-】
2024-09-15 00:39:29 GSD insert 第 1 次 等待 3 秒
2024-09-15 00:39:32 {"status":"bad","gid":"613335","msg":"添加失败！号码【1414694(-|-)】已存在！"}
2024-09-15 00:39:32 随机等待 234 秒，约 3 分钟
2024-09-15 00:39:32 下次操作: 2024-09-15 00:43:26

2024-09-15 00:43:26 开始第 4698 次操作

2024-09-15 00:43:26 开始操作号码 【1414695】
2024-09-15 00:43:35 GSD getOne 第 1 次 等待 3 秒
2024-09-15 00:43:38 查询号码 【1414695】，返回信息 {"status":"ok","msg":"-","gid":"613348","time_insert":"2023-03-25 08:51"}
2024-09-15 00:43:38 查询号码 【1414695】，GSD为【"-"】
2024-09-15 00:43:38 ok && -
2024-09-15 00:43:39 CHB 1414695?1726332218 第 1 次 等待 3 秒
2024-09-15 00:43:42 CHB 1414695?1726332218 第 1 次 获取到号码【1414695】GSD
2024-09-15 00:43:42 未获取到号码【1414695】GSD，可能号码格式错误
2024-09-15 00:43:42 获取到号码【1414695】的GSD为【-】
2024-09-15 00:43:54 GSD insert 第 1 次 等待 3 秒
2024-09-15 00:43:57 {"status":"bad","gid":"613348","msg":"添加失败！号码【1414695(-|-)】已存在！"}
2024-09-15 00:43:57 随机等待 216 秒，约 3 分钟
2024-09-15 00:43:57 下次操作: 2024-09-15 00:47:33

2024-09-15 00:47:33 开始第 4699 次操作

2024-09-15 00:47:33 开始操作号码 【1414696】
2024-09-15 00:47:40 GSD getOne 第 1 次 等待 3 秒
2024-09-15 00:47:43 查询号码 【1414696】，返回信息 {"status":"ok","msg":"-","gid":"613366","time_insert":"2023-03-25 09:05"}
2024-09-15 00:47:44 查询号码 【1414696】，GSD为【"-"】
2024-09-15 00:47:44 ok && -
2024-09-15 00:47:45 CHB 1414696?1726332464 第 1 次 等待 3 秒
2024-09-15 00:47:48 CHB 1414696?1726332464 第 1 次 获取到号码【1414696】GSD
2024-09-15 00:47:48 未获取到号码【1414696】GSD，可能号码格式错误
2024-09-15 00:47:48 获取到号码【1414696】的GSD为【-】
2024-09-15 00:47:57 GSD insert 第 1 次 等待 3 秒
2024-09-15 00:48:00 {"status":"bad","gid":"613366","msg":"添加失败！号码【1414696(-|-)】已存在！"}
2024-09-15 00:48:00 随机等待 122 秒，约 2 分钟
2024-09-15 00:48:00 下次操作: 2024-09-15 00:50:02

2024-09-15 00:50:02 开始第 4700 次操作

2024-09-15 00:50:02 开始操作号码 【1414697】
2024-09-15 00:50:10 GSD getOne 第 1 次 等待 3 秒
2024-09-15 00:50:13 查询号码 【1414697】，返回信息 {"status":"ok","msg":"-","gid":"613377","time_insert":"2023-03-25 09:16"}
2024-09-15 00:50:14 查询号码 【1414697】，GSD为【"-"】
2024-09-15 00:50:14 ok && -
2024-09-15 00:50:15 CHB 1414697?1726332614 第 1 次 等待 3 秒
2024-09-15 00:50:18 CHB 1414697?1726332614 第 1 次 获取到号码【1414697】GSD
2024-09-15 00:50:18 未获取到号码【1414697】GSD，可能号码格式错误
2024-09-15 00:50:18 获取到号码【1414697】的GSD为【-】
2024-09-15 00:50:30 GSD insert 第 1 次 等待 3 秒
2024-09-15 00:50:33 {"status":"bad","gid":"613377","msg":"添加失败！号码【1414697(-|-)】已存在！"}

2024-09-15 01:09:17 开始第 4701 次操作

2024-09-15 01:09:17 开始操作号码 【1414698】
2024-09-15 01:09:25 GSD getOne 第 1 次 等待 3 秒
2024-09-15 01:09:28 查询号码 【1414698】，返回信息 {"status":"ok","msg":"-","gid":"613385","time_insert":"2023-03-25 09:25"}
2024-09-15 01:09:28 查询号码 【1414698】，GSD为【"-"】
2024-09-15 01:09:28 ok && -
2024-09-15 01:09:30 CHB 1414698?1726333768 第 1 次 等待 3 秒
2024-09-15 01:09:33 CHB 1414698?1726333768 第 1 次 获取到号码【1414698】GSD
2024-09-15 01:09:33 未获取到号码【1414698】GSD，可能号码格式错误
2024-09-15 01:09:33 获取到号码【1414698】的GSD为【-】
2024-09-15 01:09:42 GSD insert 第 1 次 等待 3 秒
2024-09-15 01:09:45 {"status":"bad","gid":"613385","msg":"添加失败！号码【1414698(-|-)】已存在！"}
2024-09-15 01:09:45 随机等待 74 秒，约 1 分钟
2024-09-15 01:09:45 下次操作: 2024-09-15 01:10:59

2024-09-15 01:10:59 开始第 4702 次操作

2024-09-15 01:10:59 开始操作号码 【1414699】
2024-09-15 01:11:07 GSD getOne 第 1 次 等待 3 秒
2024-09-15 01:11:10 查询号码 【1414699】，返回信息 {"status":"ok","msg":"-","gid":"613405","time_insert":"2023-03-25 09:45"}
2024-09-15 01:11:10 查询号码 【1414699】，GSD为【"-"】
2024-09-15 01:11:10 ok && -
2024-09-15 01:11:11 CHB 1414699?1726333870 第 1 次 等待 3 秒
2024-09-15 01:11:14 CHB 1414699?1726333870 第 1 次 获取到号码【1414699】GSD
2024-09-15 01:11:14 未获取到号码【1414699】GSD，可能号码格式错误
2024-09-15 01:11:14 获取到号码【1414699】的GSD为【-】
2024-09-15 01:11:25 GSD insert 第 1 次 等待 3 秒
2024-09-15 01:11:28 {"status":"bad","gid":"613405","msg":"添加失败！号码【1414699(-|-)】已存在！"}
2024-09-15 01:11:28 随机等待 139 秒，约 2 分钟
2024-09-15 01:11:28 下次操作: 2024-09-15 01:13:47

2024-09-15 01:13:47 开始第 4703 次操作

2024-09-15 01:13:47 开始操作号码 【1414700】
2024-09-15 01:13:55 GSD getOne 第 1 次 等待 3 秒
2024-09-15 01:13:58 查询号码 【1414700】，返回信息 {"status":"ok","msg":"-","gid":"613420","time_insert":"2023-03-25 10:00"}
2024-09-15 01:13:58 查询号码 【1414700】，GSD为【"-"】
2024-09-15 01:13:58 ok && -
2024-09-15 01:14:00 CHB 1414700?1726334038 第 1 次 等待 3 秒
2024-09-15 01:14:03 CHB 1414700?1726334038 第 1 次 获取到号码【1414700】GSD
2024-09-15 01:14:03 未获取到号码【1414700】GSD，可能号码格式错误
2024-09-15 01:14:03 获取到号码【1414700】的GSD为【-】
2024-09-15 01:14:11 GSD insert 第 1 次 等待 3 秒
2024-09-15 01:14:14 {"status":"bad","gid":"613420","msg":"添加失败！号码【1414700(-|-)】已存在！"}
2024-09-15 01:14:14 随机等待 145 秒，约 2 分钟
2024-09-15 01:14:14 下次操作: 2024-09-15 01:16:39

2024-09-15 01:16:39 开始第 4704 次操作

2024-09-15 01:16:39 开始操作号码 【1414701】
2024-09-15 01:16:47 GSD getOne 第 1 次 等待 3 秒
2024-09-15 01:16:50 查询号码 【1414701】，返回信息 {"status":"ok","msg":"-","gid":"613442","time_insert":"2023-03-25 10:17"}
2024-09-15 01:16:50 查询号码 【1414701】，GSD为【"-"】
2024-09-15 01:16:50 ok && -
2024-09-15 01:16:52 CHB 1414701?1726334210 第 1 次 等待 3 秒
2024-09-15 01:16:55 CHB 1414701?1726334210 第 1 次 获取到号码【1414701】GSD
2024-09-15 01:16:55 未获取到号码【1414701】GSD，可能号码格式错误
2024-09-15 01:16:55 获取到号码【1414701】的GSD为【-】
2024-09-15 01:17:05 GSD insert 第 1 次 等待 3 秒
2024-09-15 01:17:08 {"status":"bad","gid":"613442","msg":"添加失败！号码【1414701(-|-)】已存在！"}

2024-09-15 01:34:35 开始第 4705 次操作

2024-09-15 01:34:35 开始操作号码 【1414702】
2024-09-15 01:34:43 GSD getOne 第 1 次 等待 3 秒
2024-09-15 01:34:46 查询号码 【1414702】，返回信息 {"status":"ok","msg":"-","gid":"613454","time_insert":"2023-03-25 10:30"}
2024-09-15 01:34:46 查询号码 【1414702】，GSD为【"-"】
2024-09-15 01:34:46 ok && -
2024-09-15 01:34:49 CHB 1414702?1726335286 第 1 次 等待 3 秒
2024-09-15 01:34:52 CHB 1414702?1726335286 第 1 次 获取到号码【1414702】GSD
2024-09-15 01:34:52 未获取到号码【1414702】GSD，可能号码格式错误
2024-09-15 01:34:52 获取到号码【1414702】的GSD为【-】
2024-09-15 01:34:59 GSD insert 第 1 次 等待 3 秒
2024-09-15 01:35:02 {"status":"bad","gid":"613454","msg":"添加失败！号码【1414702(-|-)】已存在！"}
2024-09-15 01:35:02 随机等待 70 秒，约 1 分钟
2024-09-15 01:35:02 下次操作: 2024-09-15 01:36:12

2024-09-15 01:36:12 开始第 4706 次操作

2024-09-15 01:36:12 开始操作号码 【1414703】
2024-09-15 01:36:20 GSD getOne 第 1 次 等待 3 秒
2024-09-15 01:36:23 查询号码 【1414703】，返回信息 {"status":"ok","msg":"-","gid":"613471","time_insert":"2023-03-25 10:43"}
2024-09-15 01:36:23 查询号码 【1414703】，GSD为【"-"】
2024-09-15 01:36:23 ok && -
2024-09-15 01:36:25 CHB 1414703?1726335383 第 1 次 等待 3 秒
2024-09-15 01:36:28 CHB 1414703?1726335383 第 1 次 获取到号码【1414703】GSD
2024-09-15 01:36:28 未获取到号码【1414703】GSD，可能号码格式错误
2024-09-15 01:36:28 获取到号码【1414703】的GSD为【-】
2024-09-15 01:36:36 GSD insert 第 1 次 等待 3 秒
2024-09-15 01:36:39 {"status":"bad","gid":"613471","msg":"添加失败！号码【1414703(-|-)】已存在！"}
2024-09-15 01:36:39 随机等待 121 秒，约 2 分钟
2024-09-15 01:36:39 下次操作: 2024-09-15 01:38:40

2024-09-15 01:38:40 开始第 4707 次操作

2024-09-15 01:38:40 开始操作号码 【1414704】
2024-09-15 01:38:47 GSD getOne 第 1 次 等待 3 秒
2024-09-15 01:38:50 查询号码 【1414704】，返回信息 {"status":"ok","msg":"-","gid":"613501","time_insert":"2023-03-25 10:59"}
2024-09-15 01:38:50 查询号码 【1414704】，GSD为【"-"】
2024-09-15 01:38:50 ok && -
2024-09-15 01:38:52 CHB 1414704?1726335530 第 1 次 等待 3 秒
2024-09-15 01:38:55 CHB 1414704?1726335530 第 1 次 获取到号码【1414704】GSD
2024-09-15 01:38:55 未获取到号码【1414704】GSD，可能号码格式错误
2024-09-15 01:38:55 获取到号码【1414704】的GSD为【-】
2024-09-15 01:39:03 GSD insert 第 1 次 等待 3 秒
2024-09-15 01:39:06 {"status":"bad","gid":"613501","msg":"添加失败！号码【1414704(-|-)】已存在！"}
2024-09-15 01:39:06 随机等待 210 秒，约 3 分钟
2024-09-15 01:39:06 下次操作: 2024-09-15 01:42:36

2024-09-15 01:42:36 开始第 4708 次操作

2024-09-15 01:42:36 开始操作号码 【1414705】
2024-09-15 01:42:44 GSD getOne 第 1 次 等待 3 秒
2024-09-15 01:42:47 查询号码 【1414705】，返回信息 {"status":"ok","msg":"-","gid":"613528","time_insert":"2023-03-25 11:19"}
2024-09-15 01:42:47 查询号码 【1414705】，GSD为【"-"】
2024-09-15 01:42:47 ok && -
2024-09-15 01:42:48 CHB 1414705?1726335767 第 1 次 等待 3 秒
2024-09-15 01:42:51 CHB 1414705?1726335767 第 1 次 获取到号码【1414705】GSD
2024-09-15 01:42:52 未获取到号码【1414705】GSD，可能号码格式错误
2024-09-15 01:42:52 获取到号码【1414705】的GSD为【-】
2024-09-15 01:42:59 GSD insert 第 1 次 等待 3 秒
2024-09-15 01:43:02 {"status":"bad","gid":"613528","msg":"添加失败！号码【1414705(-|-)】已存在！"}

2024-09-15 02:12:48 开始第 4709 次操作

2024-09-15 02:12:48 开始操作号码 【1414706】
2024-09-15 02:12:56 GSD getOne 第 1 次 等待 3 秒
2024-09-15 02:12:59 查询号码 【1414706】，返回信息 {"status":"ok","msg":"-","gid":"613563","time_insert":"2023-03-25 11:40"}
2024-09-15 02:12:59 查询号码 【1414706】，GSD为【"-"】
2024-09-15 02:12:59 ok && -
2024-09-15 02:13:00 CHB 1414706?1726337579 第 1 次 等待 3 秒
2024-09-15 02:13:03 CHB 1414706?1726337579 第 1 次 获取到号码【1414706】GSD
2024-09-15 02:13:03 未获取到号码【1414706】GSD，可能号码格式错误
2024-09-15 02:13:03 获取到号码【1414706】的GSD为【-】
2024-09-15 02:13:12 GSD insert 第 1 次 等待 3 秒
2024-09-15 02:13:15 {"status":"bad","gid":"613563","msg":"添加失败！号码【1414706(-|-)】已存在！"}
2024-09-15 02:13:15 随机等待 194 秒，约 3 分钟
2024-09-15 02:13:15 下次操作: 2024-09-15 02:16:29

2024-09-15 02:16:29 开始第 4710 次操作

2024-09-15 02:16:29 开始操作号码 【1414707】
2024-09-15 02:16:36 GSD getOne 第 1 次 等待 3 秒
2024-09-15 02:16:39 查询号码 【1414707】，返回信息 {"status":"ok","msg":"-","gid":"613596","time_insert":"2023-03-25 12:00"}
2024-09-15 02:16:39 查询号码 【1414707】，GSD为【"-"】
2024-09-15 02:16:39 ok && -
2024-09-15 02:16:41 CHB 1414707?1726337799 第 1 次 等待 3 秒
2024-09-15 02:16:44 CHB 1414707?1726337799 第 1 次 获取到号码【1414707】GSD
2024-09-15 02:16:44 未获取到号码【1414707】GSD，可能号码格式错误
2024-09-15 02:16:44 获取到号码【1414707】的GSD为【-】
2024-09-15 02:16:52 GSD insert 第 1 次 等待 3 秒
2024-09-15 02:16:55 {"status":"bad","gid":"613596","msg":"添加失败！号码【1414707(-|-)】已存在！"}
2024-09-15 02:16:55 随机等待 232 秒，约 3 分钟
2024-09-15 02:16:55 下次操作: 2024-09-15 02:20:47

2024-09-15 02:20:47 开始第 4711 次操作

2024-09-15 02:20:47 开始操作号码 【1414708】
2024-09-15 02:20:55 GSD getOne 第 1 次 等待 3 秒
2024-09-15 02:20:58 查询号码 【1414708】，返回信息 {"status":"ok","msg":"-","gid":"613621","time_insert":"2023-03-25 12:17"}
2024-09-15 02:20:58 查询号码 【1414708】，GSD为【"-"】
2024-09-15 02:20:58 ok && -
2024-09-15 02:20:59 CHB 1414708?1726338058 第 1 次 等待 3 秒
2024-09-15 02:21:02 CHB 1414708?1726338058 第 1 次 获取到号码【1414708】GSD
2024-09-15 02:21:03 未获取到号码【1414708】GSD，可能号码格式错误
2024-09-15 02:21:03 获取到号码【1414708】的GSD为【-】
2024-09-15 02:21:10 GSD insert 第 1 次 等待 3 秒
2024-09-15 02:21:13 {"status":"bad","gid":"613621","msg":"添加失败！号码【1414708(-|-)】已存在！"}
2024-09-15 02:21:13 随机等待 99 秒，约 1 分钟
2024-09-15 02:21:13 下次操作: 2024-09-15 02:22:52

2024-09-15 02:22:52 开始第 4712 次操作

2024-09-15 02:22:52 开始操作号码 【1414709】
2024-09-15 02:23:00 GSD getOne 第 1 次 等待 3 秒
2024-09-15 02:23:03 查询号码 【1414709】，返回信息 {"status":"ok","msg":"-","gid":"613634","time_insert":"2023-03-25 12:30"}
2024-09-15 02:23:03 查询号码 【1414709】，GSD为【"-"】
2024-09-15 02:23:03 ok && -
2024-09-15 02:23:05 CHB 1414709?1726338183 第 1 次 等待 3 秒
2024-09-15 02:23:08 CHB 1414709?1726338183 第 1 次 获取到号码【1414709】GSD
2024-09-15 02:23:08 未获取到号码【1414709】GSD，可能号码格式错误
2024-09-15 02:23:08 获取到号码【1414709】的GSD为【-】
2024-09-15 02:23:16 GSD insert 第 1 次 等待 3 秒
2024-09-15 02:23:19 {"status":"bad","gid":"613634","msg":"添加失败！号码【1414709(-|-)】已存在！"}

2024-09-15 02:38:35 开始第 4713 次操作

2024-09-15 02:38:35 开始操作号码 【1414710】
2024-09-15 02:38:44 GSD getOne 第 1 次 等待 3 秒
2024-09-15 02:38:47 查询号码 【1414710】，返回信息 {"status":"ok","msg":"-","gid":"613670","time_insert":"2023-03-25 12:53"}
2024-09-15 02:38:48 查询号码 【1414710】，GSD为【"-"】
2024-09-15 02:38:48 ok && -
2024-09-15 02:38:49 CHB 1414710?1726339128 第 1 次 等待 3 秒
2024-09-15 02:38:52 CHB 1414710?1726339128 第 1 次 获取到号码【1414710】GSD
2024-09-15 02:38:52 未获取到号码【1414710】GSD，可能号码格式错误
2024-09-15 02:38:52 获取到号码【1414710】的GSD为【-】
2024-09-15 02:39:00 GSD insert 第 1 次 等待 3 秒
2024-09-15 02:39:03 {"status":"bad","gid":"613670","msg":"添加失败！号码【1414710(-|-)】已存在！"}
2024-09-15 02:39:03 随机等待 177 秒，约 2 分钟
2024-09-15 02:39:03 下次操作: 2024-09-15 02:42:00

2024-09-15 02:42:00 开始第 4714 次操作

2024-09-15 02:42:00 开始操作号码 【1414711】
2024-09-15 02:42:07 GSD getOne 第 1 次 等待 3 秒
2024-09-15 02:42:10 查询号码 【1414711】，返回信息 {"status":"ok","msg":"-","gid":"613694","time_insert":"2023-03-25 13:10"}
2024-09-15 02:42:10 查询号码 【1414711】，GSD为【"-"】
2024-09-15 02:42:10 ok && -
2024-09-15 02:42:12 CHB 1414711?1726339330 第 1 次 等待 3 秒
2024-09-15 02:42:15 CHB 1414711?1726339330 第 1 次 获取到号码【1414711】GSD
2024-09-15 02:42:15 未获取到号码【1414711】GSD，可能号码格式错误
2024-09-15 02:42:15 获取到号码【1414711】的GSD为【-】
2024-09-15 02:42:23 GSD insert 第 1 次 等待 3 秒
2024-09-15 02:42:26 {"status":"bad","gid":"613694","msg":"添加失败！号码【1414711(-|-)】已存在！"}
2024-09-15 02:42:26 随机等待 213 秒，约 3 分钟
2024-09-15 02:42:26 下次操作: 2024-09-15 02:45:59

2024-09-15 02:45:59 开始第 4715 次操作

2024-09-15 02:45:59 开始操作号码 【1414712】
2024-09-15 02:46:07 GSD getOne 第 1 次 等待 3 秒
2024-09-15 02:46:10 查询号码 【1414712】，返回信息 {"status":"ok","msg":"-","gid":"613719","time_insert":"2023-03-25 13:26"}
2024-09-15 02:46:10 查询号码 【1414712】，GSD为【"-"】
2024-09-15 02:46:10 ok && -
2024-09-15 02:46:11 CHB 1414712?1726339570 第 1 次 等待 3 秒
2024-09-15 02:46:14 CHB 1414712?1726339570 第 1 次 获取到号码【1414712】GSD
2024-09-15 02:46:14 未获取到号码【1414712】GSD，可能号码格式错误
2024-09-15 02:46:14 获取到号码【1414712】的GSD为【-】
2024-09-15 02:46:22 GSD insert 第 1 次 等待 3 秒
2024-09-15 02:46:25 {"status":"bad","gid":"613719","msg":"添加失败！号码【1414712(-|-)】已存在！"}
2024-09-15 02:46:25 随机等待 200 秒，约 3 分钟
2024-09-15 02:46:25 下次操作: 2024-09-15 02:49:45

2024-09-15 02:49:45 开始第 4716 次操作

2024-09-15 02:49:45 开始操作号码 【1414713】
2024-09-15 02:49:53 GSD getOne 第 1 次 等待 3 秒
2024-09-15 02:49:56 查询号码 【1414713】，返回信息 {"status":"ok","msg":"-","gid":"613750","time_insert":"2023-03-25 13:45"}
2024-09-15 02:49:56 查询号码 【1414713】，GSD为【"-"】
2024-09-15 02:49:56 ok && -
2024-09-15 02:49:57 CHB 1414713?1726339796 第 1 次 等待 3 秒
2024-09-15 02:50:00 CHB 1414713?1726339796 第 1 次 获取到号码【1414713】GSD
2024-09-15 02:50:00 未获取到号码【1414713】GSD，可能号码格式错误
2024-09-15 02:50:00 获取到号码【1414713】的GSD为【-】
2024-09-15 02:50:08 GSD insert 第 1 次 等待 3 秒
2024-09-15 02:50:11 {"status":"bad","gid":"613750","msg":"添加失败！号码【1414713(-|-)】已存在！"}

2024-09-15 03:07:29 开始第 4717 次操作

2024-09-15 03:07:29 开始操作号码 【1414714】
2024-09-15 03:07:38 GSD getOne 第 1 次 等待 3 秒
2024-09-15 03:07:41 查询号码 【1414714】，返回信息 {"status":"ok","msg":"-","gid":"613771","time_insert":"2023-03-25 13:57"}
2024-09-15 03:07:41 查询号码 【1414714】，GSD为【"-"】
2024-09-15 03:07:41 ok && -
2024-09-15 03:07:43 CHB 1414714?1726340861 第 1 次 等待 3 秒
2024-09-15 03:07:46 CHB 1414714?1726340861 第 1 次 获取到号码【1414714】GSD
2024-09-15 03:07:46 未获取到号码【1414714】GSD，可能号码格式错误
2024-09-15 03:07:46 获取到号码【1414714】的GSD为【-】
2024-09-15 03:07:53 GSD insert 第 1 次 等待 3 秒
2024-09-15 03:07:56 {"status":"bad","gid":"613771","msg":"添加失败！号码【1414714(-|-)】已存在！"}
2024-09-15 03:07:56 随机等待 136 秒，约 2 分钟
2024-09-15 03:07:56 下次操作: 2024-09-15 03:10:12

2024-09-15 03:10:12 开始第 4718 次操作

2024-09-15 03:10:12 开始操作号码 【1414715】
2024-09-15 03:10:20 GSD getOne 第 1 次 等待 3 秒
2024-09-15 03:10:23 查询号码 【1414715】，返回信息 {"status":"ok","msg":"-","gid":"613789","time_insert":"2023-03-25 14:12"}
2024-09-15 03:10:23 查询号码 【1414715】，GSD为【"-"】
2024-09-15 03:10:23 ok && -
2024-09-15 03:10:24 CHB 1414715?1726341023 第 1 次 等待 3 秒
2024-09-15 03:10:27 CHB 1414715?1726341023 第 1 次 获取到号码【1414715】GSD
2024-09-15 03:10:27 未获取到号码【1414715】GSD，可能号码格式错误
2024-09-15 03:10:27 获取到号码【1414715】的GSD为【-】
2024-09-15 03:10:35 GSD insert 第 1 次 等待 3 秒
2024-09-15 03:10:38 {"status":"bad","gid":"613789","msg":"添加失败！号码【1414715(-|-)】已存在！"}
2024-09-15 03:10:39 随机等待 68 秒，约 1 分钟
2024-09-15 03:10:39 下次操作: 2024-09-15 03:11:47

2024-09-15 03:11:47 开始第 4719 次操作

2024-09-15 03:11:47 开始操作号码 【1414716】
2024-09-15 03:11:54 GSD getOne 第 1 次 等待 3 秒
2024-09-15 03:11:57 查询号码 【1414716】，返回信息 {"status":"ok","msg":"-","gid":"613806","time_insert":"2023-03-25 14:22"}
2024-09-15 03:11:57 查询号码 【1414716】，GSD为【"-"】
2024-09-15 03:11:57 ok && -
2024-09-15 03:11:59 CHB 1414716?1726341117 第 1 次 等待 3 秒
2024-09-15 03:12:02 CHB 1414716?1726341117 第 1 次 获取到号码【1414716】GSD
2024-09-15 03:12:02 未获取到号码【1414716】GSD，可能号码格式错误
2024-09-15 03:12:02 获取到号码【1414716】的GSD为【-】
2024-09-15 03:12:09 GSD insert 第 1 次 等待 3 秒
2024-09-15 03:12:12 {"status":"bad","gid":"613806","msg":"添加失败！号码【1414716(-|-)】已存在！"}
2024-09-15 03:12:12 随机等待 75 秒，约 1 分钟
2024-09-15 03:12:12 下次操作: 2024-09-15 03:13:27

2024-09-15 03:13:27 开始第 4720 次操作

2024-09-15 03:13:27 开始操作号码 【1414717】
2024-09-15 03:13:35 GSD getOne 第 1 次 等待 3 秒
2024-09-15 03:13:38 查询号码 【1414717】，返回信息 {"status":"ok","msg":"-","gid":"613831","time_insert":"2023-03-25 14:39"}
2024-09-15 03:13:38 查询号码 【1414717】，GSD为【"-"】
2024-09-15 03:13:38 ok && -
2024-09-15 03:13:40 CHB 1414717?1726341218 第 1 次 等待 3 秒
2024-09-15 03:13:43 CHB 1414717?1726341218 第 1 次 获取到号码【1414717】GSD
2024-09-15 03:13:43 未获取到号码【1414717】GSD，可能号码格式错误
2024-09-15 03:13:43 获取到号码【1414717】的GSD为【-】
2024-09-15 03:13:50 GSD insert 第 1 次 等待 3 秒
2024-09-15 03:13:53 {"status":"bad","gid":"613831","msg":"添加失败！号码【1414717(-|-)】已存在！"}

2024-09-15 03:33:19 开始第 4721 次操作

2024-09-15 03:33:19 开始操作号码 【1414718】
2024-09-15 03:33:41 GSD getOne 第 1 次 等待 3 秒
2024-09-15 03:33:44 查询号码 【1414718】，返回信息 {"status":"ok","msg":"-","gid":"613849","time_insert":"2023-03-25 14:52"}
2024-09-15 03:33:44 查询号码 【1414718】，GSD为【"-"】
2024-09-15 03:33:44 ok && -
2024-09-15 03:33:46 CHB 1414718?1726342424 第 1 次 等待 3 秒
2024-09-15 03:33:49 CHB 1414718?1726342424 第 1 次 获取到号码【1414718】GSD
2024-09-15 03:33:49 未获取到号码【1414718】GSD，可能号码格式错误
2024-09-15 03:33:49 获取到号码【1414718】的GSD为【-】
2024-09-15 03:33:57 GSD insert 第 1 次 等待 3 秒
2024-09-15 03:34:00 {"status":"bad","gid":"613849","msg":"添加失败！号码【1414718(-|-)】已存在！"}
2024-09-15 03:34:00 随机等待 82 秒，约 1 分钟
2024-09-15 03:34:00 下次操作: 2024-09-15 03:35:22

2024-09-15 03:35:22 开始第 4722 次操作

2024-09-15 03:35:22 开始操作号码 【1414719】
2024-09-15 03:35:40 GSD getOne 第 1 次 等待 3 秒
2024-09-15 03:35:43 查询号码 【1414719】，返回信息 {"status":"ok","msg":"-","gid":"613889","time_insert":"2023-03-25 15:15"}
2024-09-15 03:35:43 查询号码 【1414719】，GSD为【"-"】
2024-09-15 03:35:43 ok && -
2024-09-15 03:35:44 CHB 1414719?1726342543 第 1 次 等待 3 秒
2024-09-15 03:35:47 CHB 1414719?1726342543 第 1 次 获取到号码【1414719】GSD
2024-09-15 03:35:47 未获取到号码【1414719】GSD，可能号码格式错误
2024-09-15 03:35:47 获取到号码【1414719】的GSD为【-】
2024-09-15 03:35:56 GSD insert 第 1 次 等待 3 秒
2024-09-15 03:35:59 {"status":"bad","gid":"613889","msg":"添加失败！号码【1414719(-|-)】已存在！"}
2024-09-15 03:35:59 随机等待 74 秒，约 1 分钟
2024-09-15 03:35:59 下次操作: 2024-09-15 03:37:13

2024-09-15 03:37:13 开始第 4723 次操作

2024-09-15 03:37:13 开始操作号码 【1414720】
2024-09-15 03:37:21 GSD getOne 第 1 次 等待 3 秒
2024-09-15 03:37:24 查询号码 【1414720】，返回信息 {"status":"ok","msg":"-","gid":"613912","time_insert":"2023-03-25 15:30"}
2024-09-15 03:37:24 查询号码 【1414720】，GSD为【"-"】
2024-09-15 03:37:24 ok && -
2024-09-15 03:37:26 CHB 1414720?1726342644 第 1 次 等待 3 秒
2024-09-15 03:37:29 CHB 1414720?1726342644 第 1 次 获取到号码【1414720】GSD
2024-09-15 03:37:30 未获取到号码【1414720】GSD，可能号码格式错误
2024-09-15 03:37:30 获取到号码【1414720】的GSD为【-】
2024-09-15 03:37:37 GSD insert 第 1 次 等待 3 秒
2024-09-15 03:37:40 {"status":"bad","gid":"613912","msg":"添加失败！号码【1414720(-|-)】已存在！"}
2024-09-15 03:37:40 随机等待 96 秒，约 1 分钟
2024-09-15 03:37:40 下次操作: 2024-09-15 03:39:16

2024-09-15 03:39:16 开始第 4724 次操作

2024-09-15 03:39:16 开始操作号码 【1414721】
2024-09-15 03:39:24 GSD getOne 第 1 次 等待 3 秒
2024-09-15 03:39:27 查询号码 【1414721】，返回信息 {"status":"ok","msg":"-","gid":"613948","time_insert":"2023-03-25 15:50"}
2024-09-15 03:39:27 查询号码 【1414721】，GSD为【"-"】
2024-09-15 03:39:27 ok && -
2024-09-15 03:39:29 CHB 1414721?1726342767 第 1 次 等待 3 秒
2024-09-15 03:39:32 CHB 1414721?1726342767 第 1 次 获取到号码【1414721】GSD
2024-09-15 03:39:32 未获取到号码【1414721】GSD，可能号码格式错误
2024-09-15 03:39:32 获取到号码【1414721】的GSD为【-】
2024-09-15 03:39:40 GSD insert 第 1 次 等待 3 秒
2024-09-15 03:39:43 {"status":"bad","gid":"613948","msg":"添加失败！号码【1414721(-|-)】已存在！"}

