2023-12-07 00:23:32 开始第 1777 次操作

2023-12-07 00:23:32 开始操作号码 【1851696】
2023-12-07 00:23:38 GSD getOne 第 1 次 等待 3 秒
2023-12-07 00:23:41 查询号码 【1851696】，返回信息 {"status":"ok","msg":"北京-北京","gid":"452345","time_insert":"2021-07-31 04:46"}
2023-12-07 00:23:41 查询号码 【1851696】，GSD为【"北京-北京"】

2023-12-07 00:23:42 开始第 1778 次操作

2023-12-07 00:23:42 开始操作号码 【1851697】
2023-12-07 00:23:46 GSD getOne 第 1 次 等待 3 秒
2023-12-07 00:23:49 查询号码 【1851697】，返回信息 {"status":"ok","msg":"北京-北京","gid":"452582","time_insert":"2021-07-31 04:58"}
2023-12-07 00:23:49 查询号码 【1851697】，GSD为【"北京-北京"】

2023-12-07 00:23:50 开始第 1779 次操作

2023-12-07 00:23:50 开始操作号码 【1851698】
2023-12-07 00:23:53 GSD getOne 第 1 次 等待 3 秒
2023-12-07 00:23:56 查询号码 【1851698】，返回信息 {"status":"ok","msg":"北京-北京","gid":"452668","time_insert":"2021-07-31 05:09"}
2023-12-07 00:23:56 查询号码 【1851698】，GSD为【"北京-北京"】

2023-12-07 00:23:58 开始第 1780 次操作

2023-12-07 00:23:58 开始操作号码 【1851699】
2023-12-07 00:24:01 GSD getOne 第 1 次 等待 3 秒
2023-12-07 00:24:04 查询号码 【1851699】，返回信息 {"status":"ok","msg":"北京-北京","gid":"452682","time_insert":"2021-07-31 05:20"}
2023-12-07 00:24:04 查询号码 【1851699】，GSD为【"北京-北京"】

