2023-11-10 00:21:48 开始第 7689 次操作

2023-11-10 00:21:48 开始操作号码 【1957607】
2023-11-10 00:21:54 GSD getOne 第 1 次 等待 3 秒
2023-11-10 00:21:57 查询号码 【1957607】，返回信息 {"status":"ok","msg":"广东-中山","gid":"474239","time_insert":"2021-08-02 02:17"}
2023-11-10 00:21:57 查询号码 【1957607】，GSD为【"广东-中山"】

2023-11-10 00:21:58 开始第 7690 次操作

2023-11-10 00:21:58 开始操作号码 【1957608】
2023-11-10 00:22:01 GSD getOne 第 1 次 等待 3 秒
2023-11-10 00:22:04 查询号码 【1957608】，返回信息 {"status":"ok","msg":"广东-中山","gid":"474235","time_insert":"2021-08-02 02:16"}
2023-11-10 00:22:04 查询号码 【1957608】，GSD为【"广东-中山"】

2023-11-10 00:22:05 开始第 7691 次操作

2023-11-10 00:22:05 开始操作号码 【1957609】
2023-11-10 00:22:08 GSD getOne 第 1 次 等待 3 秒
2023-11-10 00:22:11 查询号码 【1957609】，返回信息 {"status":"ok","msg":"广东-佛山","gid":"474231","time_insert":"2021-08-02 02:15"}
2023-11-10 00:22:11 查询号码 【1957609】，GSD为【"广东-佛山"】

2023-11-10 00:22:12 开始第 7692 次操作

2023-11-10 00:22:12 开始操作号码 【1957610】
2023-11-10 00:22:16 GSD getOne 第 1 次 等待 3 秒
2023-11-10 00:22:19 查询号码 【1957610】，返回信息 {"status":"ok","msg":"广东-东莞","gid":"474227","time_insert":"2021-08-02 02:14"}
2023-11-10 00:22:19 查询号码 【1957610】，GSD为【"广东-东莞"】

