2021-07-19 00:00:16 开始第 21 次操作

2021-07-19 00:00:16 开始操作号码 【1348379】
2021-07-19 00:00:20 GSD getOne 第 1 次 等待 3 秒
2021-07-19 00:00:23 查询号码 【1348379】，返回信息 {"status":"bad","msg":""}
2021-07-19 00:00:24 查询号码 【1348379】，GSD为【""】
2021-07-19 00:00:24 bad
2021-07-19 00:00:25 CHB 1348379?1626624024 第 1 次 等待 3 秒
2021-07-19 00:00:28 CHB 1348379?1626624024 第 1 次 获取到号码【1348379】GSD
2021-07-19 00:00:28 获取到号码【1348379】的GSD为【河北-保定】
2021-07-19 00:00:31 GSD insert 第 1 次 等待 3 秒
2021-07-19 00:00:34 {"status":"ok","gid":320468,"msg":"添加成功！"}
2021-07-19 00:00:34 下次操作: 2021-07-19 00:00:57

2021-07-19 00:00:57 开始第 22 次操作

2021-07-19 00:00:57 开始操作号码 【1348378】
2021-07-19 00:01:32 GSD getOne 第 1 次 等待 3 秒
2021-07-19 00:01:35 查询号码 【1348378】，返回信息 {"status":"bad","msg":""}
2021-07-19 00:01:35 查询号码 【1348378】，GSD为【""】
2021-07-19 00:01:35 bad
2021-07-19 00:01:36 CHB 1348378?1626624095 第 1 次 等待 3 秒
2021-07-19 00:01:39 CHB 1348378?1626624095 第 1 次 获取到号码【1348378】GSD
2021-07-19 00:01:39 获取到号码【1348378】的GSD为【河北-保定】
2021-07-19 00:01:56 GSD insert 第 1 次 等待 3 秒
2021-07-19 00:01:59 {"status":"ok","gid":320483,"msg":"添加成功！"}
2021-07-19 00:01:59 下次操作: 2021-07-19 00:02:18

2021-07-19 00:02:18 开始第 23 次操作

2021-07-19 00:02:18 开始操作号码 【1348377】
2021-07-19 00:03:02 GSD getOne 第 1 次 等待 3 秒
2021-07-19 00:03:05 查询号码 【1348377】，返回信息 {"status":"bad","msg":""}
2021-07-19 00:03:05 查询号码 【1348377】，GSD为【""】
2021-07-19 00:03:05 bad
2021-07-19 00:03:06 CHB 1348377?1626624185 第 1 次 等待 3 秒
2021-07-19 00:03:09 CHB 1348377?1626624185 第 1 次 获取到号码【1348377】GSD
2021-07-19 00:03:09 获取到号码【1348377】的GSD为【河北-保定】
2021-07-19 00:03:12 GSD insert 第 1 次 等待 3 秒
2021-07-19 00:03:15 {"status":"ok","gid":320495,"msg":"添加成功！"}
2021-07-19 00:03:15 下次操作: 2021-07-19 00:03:38

2021-07-19 00:03:38 开始第 24 次操作

2021-07-19 00:03:38 开始操作号码 【1348376】
2021-07-19 00:03:41 GSD getOne 第 1 次 等待 3 秒
2021-07-19 00:03:44 查询号码 【1348376】，返回信息 {"status":"bad","msg":""}
2021-07-19 00:03:44 查询号码 【1348376】，GSD为【""】
2021-07-19 00:03:44 bad
2021-07-19 00:03:46 CHB 1348376?1626624224 第 1 次 等待 3 秒
2021-07-19 00:03:49 CHB 1348376?1626624224 第 1 次 获取到号码【1348376】GSD
2021-07-19 00:03:49 获取到号码【1348376】的GSD为【河北-保定】
2021-07-19 00:04:51 GSD insert 第 1 次 等待 3 秒
2021-07-19 00:04:54 {"status":"ok","gid":320513,"msg":"添加成功！"}
2021-07-19 00:04:54 下次操作: 2021-07-19 00:05:11

2021-07-19 00:05:11 开始第 25 次操作

2021-07-19 00:05:11 开始操作号码 【1348375】
2021-07-19 00:05:16 GSD getOne 第 1 次 等待 3 秒
2021-07-19 00:05:19 查询号码 【1348375】，返回信息 {"status":"bad","msg":""}
2021-07-19 00:05:19 查询号码 【1348375】，GSD为【""】
2021-07-19 00:05:19 bad
2021-07-19 00:05:21 CHB 1348375?1626624319 第 1 次 等待 3 秒
2021-07-19 00:05:24 CHB 1348375?1626624319 第 1 次 获取到号码【1348375】GSD
2021-07-19 00:05:24 获取到号码【1348375】的GSD为【河北-唐山】
2021-07-19 00:05:26 GSD insert 第 1 次 等待 3 秒
2021-07-19 00:05:30 {"status":"ok","gid":320517,"msg":"添加成功！"}
2021-07-19 00:05:30 下次操作: 2021-07-19 00:05:54

2021-07-19 00:05:54 开始第 26 次操作

2021-07-19 00:05:54 开始操作号码 【1348374】
2021-07-19 00:06:01 GSD getOne 第 1 次 等待 3 秒
2021-07-19 00:06:04 查询号码 【1348374】，返回信息 {"status":"bad","msg":""}
2021-07-19 00:06:04 查询号码 【1348374】，GSD为【""】
2021-07-19 00:06:04 bad
2021-07-19 00:06:05 CHB 1348374?1626624364 第 1 次 等待 3 秒
2021-07-19 00:06:08 CHB 1348374?1626624364 第 1 次 获取到号码【1348374】GSD
2021-07-19 00:06:08 获取到号码【1348374】的GSD为【河北-唐山】
2021-07-19 00:06:11 GSD insert 第 1 次 等待 3 秒
2021-07-19 00:06:14 {"status":"ok","gid":320525,"msg":"添加成功！"}
2021-07-19 00:06:14 下次操作: 2021-07-19 00:06:35

2021-07-19 00:06:35 开始第 27 次操作

2021-07-19 00:06:35 开始操作号码 【1348373】
2021-07-19 00:07:01 GSD getOne 第 1 次 等待 3 秒
2021-07-19 00:07:04 查询号码 【1348373】，返回信息 {"status":"bad","msg":""}
2021-07-19 00:07:04 查询号码 【1348373】，GSD为【""】
2021-07-19 00:07:04 bad
2021-07-19 00:07:06 CHB 1348373?1626624425 第 1 次 等待 3 秒
2021-07-19 00:07:09 CHB 1348373?1626624425 第 1 次 获取到号码【1348373】GSD
2021-07-19 00:07:09 获取到号码【1348373】的GSD为【河北-沧州】
2021-07-19 00:07:12 GSD insert 第 1 次 等待 3 秒
2021-07-19 00:07:15 {"status":"ok","gid":320536,"msg":"添加成功！"}
2021-07-19 00:07:15 下次操作: 2021-07-19 00:07:33

2021-07-19 00:07:33 开始第 28 次操作

2021-07-19 00:07:33 开始操作号码 【1348372】
2021-07-19 00:08:10 GSD getOne 第 1 次 等待 3 秒
2021-07-19 00:08:13 查询号码 【1348372】，返回信息 {"status":"bad","msg":""}
2021-07-19 00:08:13 查询号码 【1348372】，GSD为【""】
2021-07-19 00:08:13 bad
2021-07-19 00:08:15 CHB 1348372?1626624493 第 1 次 等待 3 秒
2021-07-19 00:08:18 CHB 1348372?1626624493 第 1 次 获取到号码【1348372】GSD
2021-07-19 00:08:18 获取到号码【1348372】的GSD为【河北-衡水】
2021-07-19 00:08:21 GSD insert 第 1 次 等待 3 秒
2021-07-19 00:08:24 {"status":"ok","gid":320548,"msg":"添加成功！"}
2021-07-19 00:08:24 下次操作: 2021-07-19 00:08:47

2021-07-19 00:08:47 开始第 29 次操作

2021-07-19 00:08:47 开始操作号码 【1348371】
2021-07-19 00:08:56 GSD getOne 第 1 次 等待 3 秒
2021-07-19 00:08:59 查询号码 【1348371】，返回信息 {"status":"bad","msg":""}
2021-07-19 00:08:59 查询号码 【1348371】，GSD为【""】
2021-07-19 00:08:59 bad
2021-07-19 00:09:00 CHB 1348371?1626624539 第 1 次 等待 3 秒
2021-07-19 00:09:03 CHB 1348371?1626624539 第 1 次 获取到号码【1348371】GSD
2021-07-19 00:09:04 获取到号码【1348371】的GSD为【河北-衡水】
2021-07-19 00:09:13 GSD insert 第 1 次 等待 3 秒
2021-07-19 00:09:17 {"status":"ok","gid":320557,"msg":"添加成功！"}
2021-07-19 00:09:17 下次操作: 2021-07-19 00:09:29

2021-07-19 00:09:29 开始第 30 次操作

2021-07-19 00:09:29 开始操作号码 【1348370】
2021-07-19 00:09:32 GSD getOne 第 1 次 等待 3 秒
2021-07-19 00:09:35 查询号码 【1348370】，返回信息 {"status":"bad","msg":""}
2021-07-19 00:09:35 查询号码 【1348370】，GSD为【""】
2021-07-19 00:09:35 bad
2021-07-19 00:09:37 CHB 1348370?1626624575 第 1 次 等待 3 秒
2021-07-19 00:09:40 CHB 1348370?1626624575 第 1 次 获取到号码【1348370】GSD
2021-07-19 00:09:40 获取到号码【1348370】的GSD为【河北-衡水】
2021-07-19 00:10:04 GSD insert 第 1 次 等待 3 秒
2021-07-19 00:10:07 {"status":"ok","gid":320568,"msg":"添加成功！"}
2021-07-19 00:10:07 下次操作: 2021-07-19 00:10:27

2021-07-19 00:10:27 开始第 31 次操作

2021-07-19 00:10:27 开始操作号码 【1348369】
2021-07-19 00:10:30 GSD getOne 第 1 次 等待 3 秒
2021-07-19 00:10:33 查询号码 【1348369】，返回信息 {"status":"bad","msg":""}
2021-07-19 00:10:33 查询号码 【1348369】，GSD为【""】
2021-07-19 00:10:33 bad
2021-07-19 00:10:38 CHB 1348369?1626624633 第 1 次 等待 3 秒
2021-07-19 00:10:41 CHB 1348369?1626624633 第 1 次 获取到号码【1348369】GSD
2021-07-19 00:10:41 获取到号码【1348369】的GSD为【河北-石家庄】
2021-07-19 00:11:05 GSD insert 第 1 次 等待 3 秒
2021-07-19 00:11:08 {"status":"ok","gid":320583,"msg":"添加成功！"}
2021-07-19 00:11:08 下次操作: 2021-07-19 00:11:32

2021-07-19 00:11:32 开始第 32 次操作

2021-07-19 00:11:32 开始操作号码 【1348368】
2021-07-19 00:11:35 GSD getOne 第 1 次 等待 3 秒
2021-07-19 00:11:38 查询号码 【1348368】，返回信息 {"status":"bad","msg":""}
2021-07-19 00:11:38 查询号码 【1348368】，GSD为【""】
2021-07-19 00:11:38 bad
2021-07-19 00:11:39 CHB 1348368?1626624698 第 1 次 等待 3 秒
2021-07-19 00:11:42 CHB 1348368?1626624698 第 1 次 获取到号码【1348368】GSD
2021-07-19 00:11:42 未获取到号码【1348368】GSD，查号吧 400 错误
2021-07-19 00:11:42 获取到号码【1348368】的GSD为【-】
2021-07-19 00:12:29 GSD insert 第 1 次 等待 3 秒
2021-07-19 00:12:32 {"status":"ok","gid":320595,"msg":"添加成功！"}
2021-07-19 00:12:32 下次操作: 2021-07-19 00:12:51

2021-07-19 00:12:51 开始第 33 次操作

2021-07-19 00:12:51 开始操作号码 【1348367】
2021-07-19 00:12:58 GSD getOne 第 1 次 等待 3 秒
2021-07-19 00:13:01 查询号码 【1348367】，返回信息 {"status":"bad","msg":""}
2021-07-19 00:13:01 查询号码 【1348367】，GSD为【""】
2021-07-19 00:13:01 bad
2021-07-19 00:13:02 CHB 1348367?1626624781 第 1 次 等待 3 秒
2021-07-19 00:13:05 CHB 1348367?1626624781 第 1 次 获取到号码【1348367】GSD
2021-07-19 00:13:06 获取到号码【1348367】的GSD为【河北-石家庄】
2021-07-19 00:13:10 GSD insert 第 1 次 等待 3 秒
2021-07-19 00:13:13 {"status":"ok","gid":320602,"msg":"添加成功！"}
2021-07-19 00:13:13 下次操作: 2021-07-19 00:13:25

2021-07-19 00:13:25 开始第 34 次操作

2021-07-19 00:13:25 开始操作号码 【1348366】
2021-07-19 00:14:13 GSD getOne 第 1 次 等待 3 秒
2021-07-19 00:14:16 查询号码 【1348366】，返回信息 {"status":"bad","msg":""}
2021-07-19 00:14:16 查询号码 【1348366】，GSD为【""】
2021-07-19 00:14:16 bad
2021-07-19 00:14:18 CHB 1348366?1626624856 第 1 次 等待 3 秒
2021-07-19 00:14:21 CHB 1348366?1626624856 第 1 次 获取到号码【1348366】GSD
2021-07-19 00:14:21 获取到号码【1348366】的GSD为【河北-石家庄】
2021-07-19 00:14:26 GSD insert 第 1 次 等待 3 秒
2021-07-19 00:14:29 {"status":"ok","gid":320615,"msg":"添加成功！"}
2021-07-19 00:14:29 下次操作: 2021-07-19 00:14:51

2021-07-19 00:14:51 开始第 35 次操作

2021-07-19 00:14:51 开始操作号码 【1348365】
2021-07-19 00:14:53 GSD getOne 第 1 次 等待 3 秒
2021-07-19 00:14:56 查询号码 【1348365】，返回信息 {"status":"bad","msg":""}
2021-07-19 00:14:57 查询号码 【1348365】，GSD为【""】
2021-07-19 00:14:57 bad
2021-07-19 00:14:58 CHB 1348365?1626624897 第 1 次 等待 3 秒
2021-07-19 00:15:01 CHB 1348365?1626624897 第 1 次 获取到号码【1348365】GSD
2021-07-19 00:15:01 获取到号码【1348365】的GSD为【河北-廊坊】
2021-07-19 00:15:11 GSD insert 第 1 次 等待 3 秒
2021-07-19 00:15:14 {"status":"ok","gid":320620,"msg":"添加成功！"}
2021-07-19 00:15:15 下次操作: 2021-07-19 00:15:27

2021-07-19 00:15:27 开始第 36 次操作

2021-07-19 00:15:27 开始操作号码 【1348364】
2021-07-19 00:15:29 GSD getOne 第 1 次 等待 3 秒
2021-07-19 00:15:32 查询号码 【1348364】，返回信息 {"status":"bad","msg":""}
2021-07-19 00:15:32 查询号码 【1348364】，GSD为【""】
2021-07-19 00:15:32 bad
2021-07-19 00:15:34 CHB 1348364?1626624932 第 1 次 等待 3 秒
2021-07-19 00:15:37 CHB 1348364?1626624932 第 1 次 获取到号码【1348364】GSD
2021-07-19 00:15:37 获取到号码【1348364】的GSD为【河北-廊坊】
2021-07-19 00:15:44 GSD insert 第 1 次 等待 3 秒
2021-07-19 00:15:47 {"status":"ok","gid":320626,"msg":"添加成功！"}
2021-07-19 00:15:47 下次操作: 2021-07-19 00:16:05

2021-07-19 00:16:05 开始第 37 次操作

2021-07-19 00:16:05 开始操作号码 【1348363】
2021-07-19 00:16:10 GSD getOne 第 1 次 等待 3 秒
2021-07-19 00:16:13 查询号码 【1348363】，返回信息 {"status":"bad","msg":""}
2021-07-19 00:16:13 查询号码 【1348363】，GSD为【""】
2021-07-19 00:16:13 bad
2021-07-19 00:16:15 CHB 1348363?1626624973 第 1 次 等待 3 秒
2021-07-19 00:16:18 CHB 1348363?1626624973 第 1 次 获取到号码【1348363】GSD
2021-07-19 00:16:18 获取到号码【1348363】的GSD为【河北-廊坊】
2021-07-19 00:16:25 GSD insert 第 1 次 等待 3 秒
2021-07-19 00:16:28 {"status":"ok","gid":320631,"msg":"添加成功！"}
2021-07-19 00:16:28 下次操作: 2021-07-19 00:16:42

2021-07-19 00:16:42 开始第 38 次操作

2021-07-19 00:16:42 开始操作号码 【1348362】
2021-07-19 00:16:49 GSD getOne 第 1 次 等待 3 秒
2021-07-19 00:16:52 查询号码 【1348362】，返回信息 {"status":"bad","msg":""}
2021-07-19 00:16:52 查询号码 【1348362】，GSD为【""】
2021-07-19 00:16:52 bad
2021-07-19 00:16:54 CHB 1348362?1626625012 第 1 次 等待 3 秒
2021-07-19 00:16:57 CHB 1348362?1626625012 第 1 次 获取到号码【1348362】GSD
2021-07-19 00:16:57 获取到号码【1348362】的GSD为【河北-廊坊】
2021-07-19 00:17:06 GSD insert 第 1 次 等待 3 秒
2021-07-19 00:17:09 {"status":"ok","gid":320638,"msg":"添加成功！"}
2021-07-19 00:17:09 下次操作: 2021-07-19 00:17:33

2021-07-19 00:17:33 开始第 39 次操作

2021-07-19 00:17:33 开始操作号码 【1348361】
2021-07-19 00:17:35 GSD getOne 第 1 次 等待 3 秒
2021-07-19 00:17:38 查询号码 【1348361】，返回信息 {"status":"bad","msg":""}
2021-07-19 00:17:38 查询号码 【1348361】，GSD为【""】
2021-07-19 00:17:38 bad
2021-07-19 00:17:40 CHB 1348361?1626625058 第 1 次 等待 3 秒
2021-07-19 00:17:43 CHB 1348361?1626625058 第 1 次 获取到号码【1348361】GSD
2021-07-19 00:17:43 获取到号码【1348361】的GSD为【河北-廊坊】
2021-07-19 00:17:58 GSD insert 第 1 次 等待 3 秒
2021-07-19 00:18:01 {"status":"ok","gid":320645,"msg":"添加成功！"}
2021-07-19 00:18:01 下次操作: 2021-07-19 00:18:22

2021-07-19 00:18:22 开始第 40 次操作

2021-07-19 00:18:22 开始操作号码 【1348360】
2021-07-19 00:18:25 GSD getOne 第 1 次 等待 3 秒
2021-07-19 00:18:28 查询号码 【1348360】，返回信息 {"status":"bad","msg":""}
2021-07-19 00:18:28 查询号码 【1348360】，GSD为【""】
2021-07-19 00:18:28 bad
2021-07-19 00:18:30 CHB 1348360?1626625108 第 1 次 等待 3 秒
2021-07-19 00:18:33 CHB 1348360?1626625108 第 1 次 获取到号码【1348360】GSD
2021-07-19 00:18:33 获取到号码【1348360】的GSD为【河北-廊坊】
2021-07-19 00:18:43 GSD insert 第 1 次 等待 3 秒
2021-07-19 00:18:46 {"status":"ok","gid":320650,"msg":"添加成功！"}

2021-07-19 01:00:20 开始第 1 次操作

2021-07-19 01:00:20 开始操作号码 【1348359】
2021-07-19 01:00:23 GSD getOne 第 1 次 等待 3 秒
2021-07-19 01:00:26 查询号码 【1348359】，返回信息 {"status":"bad","msg":""}
2021-07-19 01:00:26 查询号码 【1348359】，GSD为【""】
2021-07-19 01:00:26 bad
2021-07-19 01:00:28 CHB 1348359?1626627626 第 1 次 等待 3 秒
2021-07-19 01:00:31 CHB 1348359?1626627626 第 1 次 获取到号码【1348359】GSD
2021-07-19 01:00:31 获取到号码【1348359】的GSD为【河北-邯郸】
2021-07-19 01:00:49 GSD insert 第 1 次 等待 3 秒
2021-07-19 01:00:52 {"status":"ok","gid":320839,"msg":"添加成功！"}
2021-07-19 01:00:52 下次操作: 2021-07-19 01:01:10

2021-07-19 01:01:10 开始第 2 次操作

2021-07-19 01:01:10 开始操作号码 【1348358】
2021-07-19 01:01:16 GSD getOne 第 1 次 等待 3 秒
2021-07-19 01:01:19 查询号码 【1348358】，返回信息 {"status":"ok","msg":"河北-秦皇岛","gid":"4919","time_insert":"2014-01-14 12:06","time_update":"2020-08-17 12:36"}
2021-07-19 01:01:19 查询号码 【1348358】，GSD为【"河北-秦皇岛"】

2021-07-19 01:01:19 开始第 2 次操作

2021-07-19 01:01:19 开始操作号码 【1348357】
2021-07-19 01:01:40 GSD getOne 第 1 次 等待 3 秒
2021-07-19 01:01:43 查询号码 【1348357】，返回信息 {"status":"bad","msg":""}
2021-07-19 01:01:43 查询号码 【1348357】，GSD为【""】
2021-07-19 01:01:43 bad
2021-07-19 01:01:44 CHB 1348357?1626627703 第 1 次 等待 3 秒
2021-07-19 01:01:47 CHB 1348357?1626627703 第 1 次 获取到号码【1348357】GSD
2021-07-19 01:01:47 获取到号码【1348357】的GSD为【河北-唐山】
2021-07-19 01:02:05 GSD insert 第 1 次 等待 3 秒
2021-07-19 01:02:08 {"status":"ok","gid":320852,"msg":"添加成功！"}
2021-07-19 01:02:08 下次操作: 2021-07-19 01:02:24

2021-07-19 01:02:24 开始第 3 次操作

2021-07-19 01:02:24 开始操作号码 【1348356】
2021-07-19 01:02:27 GSD getOne 第 1 次 等待 3 秒
2021-07-19 01:02:30 查询号码 【1348356】，返回信息 {"status":"bad","msg":""}
2021-07-19 01:02:30 查询号码 【1348356】，GSD为【""】
2021-07-19 01:02:30 bad
2021-07-19 01:02:31 CHB 1348356?1626627750 第 1 次 等待 3 秒
2021-07-19 01:02:34 CHB 1348356?1626627750 第 1 次 获取到号码【1348356】GSD
2021-07-19 01:02:34 获取到号码【1348356】的GSD为【河北-唐山】
2021-07-19 01:02:56 GSD insert 第 1 次 等待 3 秒
2021-07-19 01:02:59 {"status":"ok","gid":320862,"msg":"添加成功！"}
2021-07-19 01:02:59 下次操作: 2021-07-19 01:03:20

2021-07-19 01:03:20 开始第 4 次操作

2021-07-19 01:03:20 开始操作号码 【1348355】
2021-07-19 01:03:26 GSD getOne 第 1 次 等待 3 秒
2021-07-19 01:03:29 查询号码 【1348355】，返回信息 {"status":"bad","msg":""}
2021-07-19 01:03:29 查询号码 【1348355】，GSD为【""】
2021-07-19 01:03:29 bad
2021-07-19 01:03:30 CHB 1348355?1626627809 第 1 次 等待 3 秒
2021-07-19 01:03:33 CHB 1348355?1626627809 第 1 次 获取到号码【1348355】GSD
2021-07-19 01:03:33 获取到号码【1348355】的GSD为【河北-唐山】
2021-07-19 01:03:54 GSD insert 第 1 次 等待 3 秒
2021-07-19 01:03:57 {"status":"ok","gid":320875,"msg":"添加成功！"}
2021-07-19 01:03:57 下次操作: 2021-07-19 01:04:20

2021-07-19 01:04:20 开始第 5 次操作

2021-07-19 01:04:20 开始操作号码 【1348354】
2021-07-19 01:04:26 GSD getOne 第 1 次 等待 3 秒
2021-07-19 01:04:29 查询号码 【1348354】，返回信息 {"status":"bad","msg":""}
2021-07-19 01:04:29 查询号码 【1348354】，GSD为【""】
2021-07-19 01:04:29 bad
2021-07-19 01:04:30 CHB 1348354?1626627869 第 1 次 等待 3 秒
2021-07-19 01:04:33 CHB 1348354?1626627869 第 1 次 获取到号码【1348354】GSD
2021-07-19 01:04:33 获取到号码【1348354】的GSD为【河北-唐山】
2021-07-19 01:04:53 GSD insert 第 1 次 等待 3 秒
2021-07-19 01:04:56 {"status":"ok","gid":320888,"msg":"添加成功！"}
2021-07-19 01:04:56 下次操作: 2021-07-19 01:05:19

2021-07-19 01:05:19 开始第 6 次操作

2021-07-19 01:05:19 开始操作号码 【1348353】
2021-07-19 01:06:29 GSD getOne 第 1 次 等待 3 秒
2021-07-19 01:06:32 查询号码 【1348353】，返回信息 {"status":"bad","msg":""}
2021-07-19 01:06:32 查询号码 【1348353】，GSD为【""】
2021-07-19 01:06:32 bad
2021-07-19 01:06:33 CHB 1348353?1626627992 第 1 次 等待 3 秒
2021-07-19 01:06:36 CHB 1348353?1626627992 第 1 次 获取到号码【1348353】GSD
2021-07-19 01:06:37 获取到号码【1348353】的GSD为【河北-唐山】
2021-07-19 01:07:28 GSD insert 第 1 次 等待 3 秒
2021-07-19 01:07:31 {"status":"ok","gid":320908,"msg":"添加成功！"}
2021-07-19 01:07:31 下次操作: 2021-07-19 01:07:44

2021-07-19 01:07:44 开始第 7 次操作

2021-07-19 01:07:44 开始操作号码 【1348352】
2021-07-19 01:08:17 GSD getOne 第 1 次 等待 3 秒
2021-07-19 01:08:20 查询号码 【1348352】，返回信息 {"status":"bad","msg":""}
2021-07-19 01:08:20 查询号码 【1348352】，GSD为【""】
2021-07-19 01:08:20 bad
2021-07-19 01:08:21 CHB 1348352?1626628100 第 1 次 等待 3 秒
2021-07-19 01:08:24 CHB 1348352?1626628100 第 1 次 获取到号码【1348352】GSD
2021-07-19 01:08:24 获取到号码【1348352】的GSD为【河北-唐山】
2021-07-19 01:08:46 GSD insert 第 1 次 等待 3 秒
2021-07-19 01:08:49 {"status":"ok","gid":320920,"msg":"添加成功！"}
2021-07-19 01:08:49 下次操作: 2021-07-19 01:09:13

2021-07-19 01:09:13 开始第 8 次操作

2021-07-19 01:09:13 开始操作号码 【1348351】
2021-07-19 01:09:21 GSD getOne 第 1 次 等待 3 秒
2021-07-19 01:09:24 查询号码 【1348351】，返回信息 {"status":"bad","msg":""}
2021-07-19 01:09:24 查询号码 【1348351】，GSD为【""】
2021-07-19 01:09:24 bad
2021-07-19 01:09:26 CHB 1348351?1626628164 第 1 次 等待 3 秒
2021-07-19 01:09:29 CHB 1348351?1626628164 第 1 次 获取到号码【1348351】GSD
2021-07-19 01:09:29 获取到号码【1348351】的GSD为【河北-唐山】
2021-07-19 01:09:48 GSD insert 第 1 次 等待 3 秒
2021-07-19 01:09:51 {"status":"ok","gid":320929,"msg":"添加成功！"}
2021-07-19 01:09:51 下次操作: 2021-07-19 01:10:08

2021-07-19 01:10:08 开始第 9 次操作

2021-07-19 01:10:08 开始操作号码 【1348350】
2021-07-19 01:10:11 GSD getOne 第 1 次 等待 3 秒
2021-07-19 01:10:14 查询号码 【1348350】，返回信息 {"status":"bad","msg":""}
2021-07-19 01:10:14 查询号码 【1348350】，GSD为【""】
2021-07-19 01:10:14 bad
2021-07-19 01:10:15 CHB 1348350?1626628214 第 1 次 等待 3 秒
2021-07-19 01:10:18 CHB 1348350?1626628214 第 1 次 获取到号码【1348350】GSD
2021-07-19 01:10:18 获取到号码【1348350】的GSD为【河北-唐山】
2021-07-19 01:10:57 GSD insert 第 1 次 等待 3 秒
2021-07-19 01:11:00 {"status":"ok","gid":320940,"msg":"添加成功！"}
2021-07-19 01:11:00 下次操作: 2021-07-19 01:11:16

2021-07-19 01:11:16 开始第 10 次操作

2021-07-19 01:11:16 开始操作号码 【1348349】
2021-07-19 01:11:30 GSD getOne 第 1 次 等待 3 秒
2021-07-19 01:11:33 查询号码 【1348349】，返回信息 {"status":"bad","msg":""}
2021-07-19 01:11:33 查询号码 【1348349】，GSD为【""】
2021-07-19 01:11:33 bad
2021-07-19 01:11:35 CHB 1348349?1626628293 第 1 次 等待 3 秒
2021-07-19 01:11:38 CHB 1348349?1626628293 第 1 次 获取到号码【1348349】GSD
2021-07-19 01:11:38 获取到号码【1348349】的GSD为【河北-邢台】
2021-07-19 01:12:02 GSD insert 第 1 次 等待 3 秒
2021-07-19 01:12:05 {"status":"ok","gid":320951,"msg":"添加成功！"}
2021-07-19 01:12:05 下次操作: 2021-07-19 01:12:28

2021-07-19 01:12:28 开始第 11 次操作

2021-07-19 01:12:28 开始操作号码 【1348348】
2021-07-19 01:12:31 GSD getOne 第 1 次 等待 3 秒
2021-07-19 01:12:34 查询号码 【1348348】，返回信息 {"status":"bad","msg":""}
2021-07-19 01:12:34 查询号码 【1348348】，GSD为【""】
2021-07-19 01:12:34 bad
2021-07-19 01:12:35 CHB 1348348?1626628354 第 1 次 等待 3 秒
2021-07-19 01:12:38 CHB 1348348?1626628354 第 1 次 获取到号码【1348348】GSD
2021-07-19 01:12:38 获取到号码【1348348】的GSD为【河北-唐山】
2021-07-19 01:12:56 GSD insert 第 1 次 等待 3 秒
2021-07-19 01:12:59 {"status":"ok","gid":320964,"msg":"添加成功！"}
2021-07-19 01:12:59 下次操作: 2021-07-19 01:13:20

2021-07-19 01:13:20 开始第 12 次操作

2021-07-19 01:13:20 开始操作号码 【1348347】
2021-07-19 01:13:23 GSD getOne 第 1 次 等待 3 秒
2021-07-19 01:13:26 查询号码 【1348347】，返回信息 {"status":"bad","msg":""}
2021-07-19 01:13:26 查询号码 【1348347】，GSD为【""】
2021-07-19 01:13:26 bad
2021-07-19 01:13:28 CHB 1348347?1626628406 第 1 次 等待 3 秒
2021-07-19 01:13:31 CHB 1348347?1626628406 第 1 次 获取到号码【1348347】GSD
2021-07-19 01:13:31 获取到号码【1348347】的GSD为【河北-秦皇岛】
2021-07-19 01:14:38 GSD insert 第 1 次 等待 3 秒
2021-07-19 01:14:41 {"status":"ok","gid":320984,"msg":"添加成功！"}
2021-07-19 01:14:41 下次操作: 2021-07-19 01:15:00

2021-07-19 01:15:00 开始第 13 次操作

2021-07-19 01:15:00 开始操作号码 【1348346】
2021-07-19 01:16:08 GSD getOne 第 1 次 等待 3 秒
2021-07-19 01:16:11 查询号码 【1348346】，返回信息 {"status":"bad","msg":""}
2021-07-19 01:16:11 查询号码 【1348346】，GSD为【""】
2021-07-19 01:16:11 bad
2021-07-19 01:16:12 CHB 1348346?1626628571 第 1 次 等待 3 秒
2021-07-19 01:16:15 CHB 1348346?1626628571 第 1 次 获取到号码【1348346】GSD
2021-07-19 01:16:15 获取到号码【1348346】的GSD为【河北-沧州】
2021-07-19 01:16:33 GSD insert 第 1 次 等待 3 秒
2021-07-19 01:16:36 {"status":"ok","gid":321001,"msg":"添加成功！"}
2021-07-19 01:16:36 下次操作: 2021-07-19 01:17:00

2021-07-19 01:17:00 开始第 14 次操作

2021-07-19 01:17:00 开始操作号码 【1348345】
2021-07-19 01:17:21 GSD getOne 第 1 次 等待 3 秒
2021-07-19 01:17:24 查询号码 【1348345】，返回信息 {"status":"bad","msg":""}
2021-07-19 01:17:24 查询号码 【1348345】，GSD为【""】
2021-07-19 01:17:24 bad
2021-07-19 01:17:25 CHB 1348345?1626628644 第 1 次 等待 3 秒
2021-07-19 01:17:28 CHB 1348345?1626628644 第 1 次 获取到号码【1348345】GSD
2021-07-19 01:17:29 获取到号码【1348345】的GSD为【河北-保定】
2021-07-19 01:17:47 GSD insert 第 1 次 等待 3 秒
2021-07-19 01:17:50 {"status":"ok","gid":321012,"msg":"添加成功！"}
2021-07-19 01:17:50 下次操作: 2021-07-19 01:18:05

2021-07-19 01:18:05 开始第 15 次操作

2021-07-19 01:18:05 开始操作号码 【1348344】
2021-07-19 01:18:16 GSD getOne 第 1 次 等待 3 秒
2021-07-19 01:18:19 查询号码 【1348344】，返回信息 {"status":"bad","msg":""}
2021-07-19 01:18:20 查询号码 【1348344】，GSD为【""】
2021-07-19 01:18:20 bad
2021-07-19 01:23:20 CHB 1348344?1626628700 第 1 次 等待 3 秒
2021-07-19 01:23:23 CHB 1348344?1626628700 第 1 次 未获取到 等待 18 秒 下次操作: 2021-07-19 01:23:41
2021-07-19 01:23:45 CHB 1348344?1626629021 第 2 次 等待 3 秒
2021-07-19 01:23:48 CHB 1348344?1626629021 第 2 次 获取到号码【1348344】GSD
2021-07-19 01:23:48 获取到号码【1348344】的GSD为【河北-保定】
2021-07-19 01:24:11 GSD insert 第 1 次 等待 3 秒
2021-07-19 01:24:14 {"status":"ok","gid":321038,"msg":"添加成功！"}
2021-07-19 01:24:14 下次操作: 2021-07-19 01:24:33

2021-07-19 01:24:33 开始第 16 次操作

2021-07-19 01:24:33 开始操作号码 【1348343】
2021-07-19 01:25:06 GSD getOne 第 1 次 等待 3 秒
2021-07-19 01:25:09 查询号码 【1348343】，返回信息 {"status":"bad","msg":""}
2021-07-19 01:25:09 查询号码 【1348343】，GSD为【""】
2021-07-19 01:25:09 bad
2021-07-19 01:25:11 CHB 1348343?1626629109 第 1 次 等待 3 秒
2021-07-19 01:25:14 CHB 1348343?1626629109 第 1 次 获取到号码【1348343】GSD
2021-07-19 01:25:14 获取到号码【1348343】的GSD为【河北-石家庄】
2021-07-19 01:25:24 GSD insert 第 1 次 等待 3 秒
2021-07-19 01:25:27 {"status":"ok","gid":321052,"msg":"添加成功！"}
2021-07-19 01:25:27 下次操作: 2021-07-19 01:25:43

2021-07-19 01:25:43 开始第 17 次操作

2021-07-19 01:25:43 开始操作号码 【1348342】
2021-07-19 01:25:46 GSD getOne 第 1 次 等待 3 秒
2021-07-19 01:25:49 查询号码 【1348342】，返回信息 {"status":"bad","msg":""}
2021-07-19 01:25:49 查询号码 【1348342】，GSD为【""】
2021-07-19 01:25:49 bad
2021-07-19 01:25:53 CHB 1348342?1626629149 第 1 次 等待 3 秒
2021-07-19 01:25:56 CHB 1348342?1626629149 第 1 次 获取到号码【1348342】GSD
2021-07-19 01:25:56 获取到号码【1348342】的GSD为【河北-石家庄】
2021-07-19 01:26:06 GSD insert 第 1 次 等待 3 秒
2021-07-19 01:26:09 {"status":"ok","gid":321055,"msg":"添加成功！"}
2021-07-19 01:26:09 下次操作: 2021-07-19 01:26:33

2021-07-19 01:26:33 开始第 18 次操作

2021-07-19 01:26:33 开始操作号码 【1348341】
2021-07-19 01:27:07 GSD getOne 第 1 次 等待 3 秒
2021-07-19 01:27:10 查询号码 【1348341】，返回信息 {"status":"bad","msg":""}
2021-07-19 01:27:10 查询号码 【1348341】，GSD为【""】
2021-07-19 01:27:10 bad
2021-07-19 01:27:13 CHB 1348341?1626629230 第 1 次 等待 3 秒
2021-07-19 01:27:16 CHB 1348341?1626629230 第 1 次 获取到号码【1348341】GSD
2021-07-19 01:27:16 获取到号码【1348341】的GSD为【河北-邯郸】
2021-07-19 01:27:25 GSD insert 第 1 次 等待 3 秒
2021-07-19 01:27:29 {"status":"ok","gid":321066,"msg":"添加成功！"}
2021-07-19 01:27:29 下次操作: 2021-07-19 01:27:41

2021-07-19 01:27:41 开始第 19 次操作

2021-07-19 01:27:41 开始操作号码 【1348340】
2021-07-19 01:27:55 GSD getOne 第 1 次 等待 3 秒
2021-07-19 01:27:58 查询号码 【1348340】，返回信息 {"status":"bad","msg":""}
2021-07-19 01:27:58 查询号码 【1348340】，GSD为【""】
2021-07-19 01:27:58 bad
2021-07-19 01:28:00 CHB 1348340?1626629278 第 1 次 等待 3 秒
2021-07-19 01:28:03 CHB 1348340?1626629278 第 1 次 获取到号码【1348340】GSD
2021-07-19 01:28:03 未获取到号码【1348340】GSD，查号吧 400 错误
2021-07-19 01:28:03 获取到号码【1348340】的GSD为【-】
2021-07-19 01:28:26 GSD insert 第 1 次 等待 3 秒
2021-07-19 01:28:29 {"status":"ok","gid":321072,"msg":"添加成功！"}
2021-07-19 01:28:29 下次操作: 2021-07-19 01:28:42

2021-07-19 01:28:42 开始第 20 次操作

2021-07-19 01:28:42 开始操作号码 【1348339】
2021-07-19 01:28:53 GSD getOne 第 1 次 等待 3 秒
2021-07-19 01:28:56 查询号码 【1348339】，返回信息 {"status":"bad","msg":""}
2021-07-19 01:28:56 查询号码 【1348339】，GSD为【""】
2021-07-19 01:28:56 bad
2021-07-19 01:28:58 CHB 1348339?1626629336 第 1 次 等待 3 秒
2021-07-19 01:29:01 CHB 1348339?1626629336 第 1 次 获取到号码【1348339】GSD
2021-07-19 01:29:01 获取到号码【1348339】的GSD为【河北-秦皇岛】
2021-07-19 01:29:23 GSD insert 第 1 次 等待 3 秒
2021-07-19 01:29:26 {"status":"ok","gid":321086,"msg":"添加成功！"}
2021-07-19 01:29:26 下次操作: 2021-07-19 01:29:41

2021-07-19 01:29:41 开始第 21 次操作

2021-07-19 01:29:41 开始操作号码 【1348338】
2021-07-19 01:29:44 GSD getOne 第 1 次 等待 3 秒
2021-07-19 01:29:47 查询号码 【1348338】，返回信息 {"status":"bad","msg":""}
2021-07-19 01:29:47 查询号码 【1348338】，GSD为【""】
2021-07-19 01:29:47 bad
2021-07-19 01:29:49 CHB 1348338?1626629387 第 1 次 等待 3 秒
2021-07-19 01:29:52 CHB 1348338?1626629387 第 1 次 获取到号码【1348338】GSD
2021-07-19 01:29:52 获取到号码【1348338】的GSD为【河北-秦皇岛】
2021-07-19 01:30:10 GSD insert 第 1 次 等待 3 秒
2021-07-19 01:30:13 {"status":"ok","gid":321095,"msg":"添加成功！"}
2021-07-19 01:30:13 下次操作: 2021-07-19 01:30:33

2021-07-19 01:30:33 开始第 22 次操作

2021-07-19 01:30:33 开始操作号码 【1348337】
2021-07-19 01:30:37 GSD getOne 第 1 次 等待 3 秒
2021-07-19 01:30:40 查询号码 【1348337】，返回信息 {"status":"bad","msg":""}
2021-07-19 01:30:40 查询号码 【1348337】，GSD为【""】
2021-07-19 01:30:40 bad
2021-07-19 01:30:42 CHB 1348337?1626629441 第 1 次 等待 3 秒
2021-07-19 01:30:45 CHB 1348337?1626629441 第 1 次 获取到号码【1348337】GSD
2021-07-19 01:30:45 获取到号码【1348337】的GSD为【河北-秦皇岛】
2021-07-19 01:31:04 GSD insert 第 1 次 等待 3 秒
2021-07-19 01:31:07 {"status":"ok","gid":321106,"msg":"添加成功！"}
2021-07-19 01:31:07 下次操作: 2021-07-19 01:31:27

2021-07-19 01:31:27 开始第 23 次操作

2021-07-19 01:31:27 开始操作号码 【1348336】
2021-07-19 01:31:30 GSD getOne 第 1 次 等待 3 秒
2021-07-19 01:31:33 查询号码 【1348336】，返回信息 {"status":"bad","msg":""}
2021-07-19 01:31:33 查询号码 【1348336】，GSD为【""】
2021-07-19 01:31:33 bad
2021-07-19 01:31:34 CHB 1348336?1626629493 第 1 次 等待 3 秒
2021-07-19 01:31:37 CHB 1348336?1626629493 第 1 次 获取到号码【1348336】GSD
2021-07-19 01:31:37 获取到号码【1348336】的GSD为【河北-秦皇岛】
2021-07-19 01:32:00 GSD insert 第 1 次 等待 3 秒
2021-07-19 01:32:03 {"status":"ok","gid":321111,"msg":"添加成功！"}
2021-07-19 01:32:03 下次操作: 2021-07-19 01:32:26

2021-07-19 01:32:26 开始第 24 次操作

2021-07-19 01:32:26 开始操作号码 【1348335】
2021-07-19 01:32:52 GSD getOne 第 1 次 等待 3 秒
2021-07-19 01:32:55 查询号码 【1348335】，返回信息 {"status":"bad","msg":""}
2021-07-19 01:32:56 查询号码 【1348335】，GSD为【""】
2021-07-19 01:32:56 bad
2021-07-19 01:32:57 CHB 1348335?1626629576 第 1 次 等待 3 秒
2021-07-19 01:33:00 CHB 1348335?1626629576 第 1 次 获取到号码【1348335】GSD
2021-07-19 01:33:01 获取到号码【1348335】的GSD为【河北-秦皇岛】
2021-07-19 01:33:33 GSD insert 第 1 次 等待 3 秒
2021-07-19 01:33:36 {"status":"ok","gid":321124,"msg":"添加成功！"}
2021-07-19 01:33:36 下次操作: 2021-07-19 01:33:52

2021-07-19 01:33:52 开始第 25 次操作

2021-07-19 01:33:52 开始操作号码 【1348334】
2021-07-19 01:33:58 GSD getOne 第 1 次 等待 3 秒
2021-07-19 01:34:01 查询号码 【1348334】，返回信息 {"status":"bad","msg":""}
2021-07-19 01:34:01 查询号码 【1348334】，GSD为【""】
2021-07-19 01:34:01 bad
2021-07-19 01:34:02 CHB 1348334?1626629641 第 1 次 等待 3 秒
2021-07-19 01:34:05 CHB 1348334?1626629641 第 1 次 获取到号码【1348334】GSD
2021-07-19 01:34:05 获取到号码【1348334】的GSD为【河北-张家口】
2021-07-19 01:34:23 GSD insert 第 1 次 等待 3 秒
2021-07-19 01:34:26 {"status":"ok","gid":321131,"msg":"添加成功！"}
2021-07-19 01:34:26 下次操作: 2021-07-19 01:34:44

2021-07-19 01:34:44 开始第 26 次操作

2021-07-19 01:34:44 开始操作号码 【1348333】
2021-07-19 01:35:04 GSD getOne 第 1 次 等待 3 秒
2021-07-19 01:35:07 查询号码 【1348333】，返回信息 {"status":"bad","msg":""}
2021-07-19 01:35:07 查询号码 【1348333】，GSD为【""】
2021-07-19 01:35:07 bad
2021-07-19 01:35:08 CHB 1348333?1626629707 第 1 次 等待 3 秒
2021-07-19 01:35:11 CHB 1348333?1626629707 第 1 次 获取到号码【1348333】GSD
2021-07-19 01:35:11 获取到号码【1348333】的GSD为【河北-张家口】
2021-07-19 01:35:48 GSD insert 第 1 次 等待 3 秒
2021-07-19 01:35:51 {"status":"ok","gid":321146,"msg":"添加成功！"}
2021-07-19 01:35:51 下次操作: 2021-07-19 01:36:05

2021-07-19 01:36:05 开始第 27 次操作

2021-07-19 01:36:05 开始操作号码 【1348332】
2021-07-19 01:36:34 GSD getOne 第 1 次 等待 3 秒
2021-07-19 01:36:37 查询号码 【1348332】，返回信息 {"status":"bad","msg":""}
2021-07-19 01:36:37 查询号码 【1348332】，GSD为【""】
2021-07-19 01:36:37 bad
2021-07-19 01:36:38 CHB 1348332?1626629797 第 1 次 等待 3 秒
2021-07-19 01:36:41 CHB 1348332?1626629797 第 1 次 获取到号码【1348332】GSD
2021-07-19 01:36:41 获取到号码【1348332】的GSD为【河北-张家口】
2021-07-19 01:37:15 GSD insert 第 1 次 等待 3 秒
2021-07-19 01:37:18 {"status":"ok","gid":321159,"msg":"添加成功！"}
2021-07-19 01:37:18 下次操作: 2021-07-19 01:37:38

2021-07-19 01:37:38 开始第 28 次操作

2021-07-19 01:37:38 开始操作号码 【1348331】
2021-07-19 01:37:41 GSD getOne 第 1 次 等待 3 秒
2021-07-19 01:37:44 查询号码 【1348331】，返回信息 {"status":"bad","msg":""}
2021-07-19 01:37:44 查询号码 【1348331】，GSD为【""】
2021-07-19 01:37:44 bad
2021-07-19 01:37:45 CHB 1348331?1626629864 第 1 次 等待 3 秒
2021-07-19 01:37:48 CHB 1348331?1626629864 第 1 次 获取到号码【1348331】GSD
2021-07-19 01:37:48 获取到号码【1348331】的GSD为【河北-张家口】
2021-07-19 01:38:13 GSD insert 第 1 次 等待 3 秒
2021-07-19 01:38:16 {"status":"ok","gid":321170,"msg":"添加成功！"}
2021-07-19 01:38:16 下次操作: 2021-07-19 01:38:28

2021-07-19 01:38:28 开始第 29 次操作

2021-07-19 01:38:28 开始操作号码 【1348330】
2021-07-19 01:38:42 GSD getOne 第 1 次 等待 3 秒
2021-07-19 01:38:45 查询号码 【1348330】，返回信息 {"status":"bad","msg":""}
2021-07-19 01:38:45 查询号码 【1348330】，GSD为【""】
2021-07-19 01:38:45 bad
2021-07-19 01:38:47 CHB 1348330?1626629925 第 1 次 等待 3 秒
2021-07-19 01:38:50 CHB 1348330?1626629925 第 1 次 获取到号码【1348330】GSD
2021-07-19 01:38:50 获取到号码【1348330】的GSD为【河北-张家口】
2021-07-19 01:39:15 GSD insert 第 1 次 等待 3 秒
2021-07-19 01:39:18 {"status":"ok","gid":321180,"msg":"添加成功！"}
2021-07-19 01:39:18 下次操作: 2021-07-19 01:39:41

2021-07-19 01:39:41 开始第 30 次操作

2021-07-19 01:39:41 开始操作号码 【1348329】
2021-07-19 01:39:44 GSD getOne 第 1 次 等待 3 秒
2021-07-19 01:39:47 查询号码 【1348329】，返回信息 {"status":"bad","msg":""}
2021-07-19 01:39:47 查询号码 【1348329】，GSD为【""】
2021-07-19 01:39:47 bad
2021-07-19 01:39:49 CHB 1348329?1626629987 第 1 次 等待 3 秒
2021-07-19 01:39:52 CHB 1348329?1626629987 第 1 次 获取到号码【1348329】GSD
2021-07-19 01:39:52 获取到号码【1348329】的GSD为【河北-保定】
2021-07-19 01:40:10 GSD insert 第 1 次 等待 3 秒
2021-07-19 01:40:13 {"status":"ok","gid":321190,"msg":"添加成功！"}
2021-07-19 01:40:13 下次操作: 2021-07-19 01:40:30

2021-07-19 01:40:30 开始第 31 次操作

2021-07-19 01:40:30 开始操作号码 【1348328】
2021-07-19 01:42:11 GSD getOne 第 1 次 等待 3 秒
2021-07-19 01:42:14 查询号码 【1348328】，返回信息 {"status":"bad","msg":""}
2021-07-19 01:42:14 查询号码 【1348328】，GSD为【""】
2021-07-19 01:42:14 bad
2021-07-19 01:42:16 CHB 1348328?1626630134 第 1 次 等待 3 秒
2021-07-19 01:42:19 CHB 1348328?1626630134 第 1 次 获取到号码【1348328】GSD
2021-07-19 01:42:19 获取到号码【1348328】的GSD为【河北-保定】
2021-07-19 01:42:37 GSD insert 第 1 次 等待 3 秒
2021-07-19 01:42:40 {"status":"ok","gid":321216,"msg":"添加成功！"}
2021-07-19 01:42:40 下次操作: 2021-07-19 01:43:02

2021-07-19 01:43:02 开始第 32 次操作

2021-07-19 01:43:02 开始操作号码 【1348327】
2021-07-19 01:43:05 GSD getOne 第 1 次 等待 3 秒
2021-07-19 01:43:08 查询号码 【1348327】，返回信息 {"status":"ok","msg":"河北-保定","gid":"4918","time_insert":"2015-04-22 22:54","time_update":"2020-08-17 12:33"}
2021-07-19 01:43:08 查询号码 【1348327】，GSD为【"河北-保定"】

2021-07-19 01:43:08 开始第 32 次操作

2021-07-19 01:43:08 开始操作号码 【1348326】
2021-07-19 01:43:31 GSD getOne 第 1 次 等待 3 秒
2021-07-19 01:43:34 查询号码 【1348326】，返回信息 {"status":"bad","msg":""}
2021-07-19 01:43:34 查询号码 【1348326】，GSD为【""】
2021-07-19 01:43:34 bad
2021-07-19 01:43:36 CHB 1348326?1626630214 第 1 次 等待 3 秒
2021-07-19 01:43:39 CHB 1348326?1626630214 第 1 次 获取到号码【1348326】GSD
2021-07-19 01:43:39 获取到号码【1348326】的GSD为【河北-保定】
2021-07-19 01:44:02 GSD insert 第 1 次 等待 3 秒
2021-07-19 01:44:05 {"status":"ok","gid":321228,"msg":"添加成功！"}
2021-07-19 01:44:05 下次操作: 2021-07-19 01:44:17

2021-07-19 01:44:17 开始第 33 次操作

2021-07-19 01:44:17 开始操作号码 【1348325】
2021-07-19 01:44:21 GSD getOne 第 1 次 等待 3 秒
2021-07-19 01:44:24 查询号码 【1348325】，返回信息 {"status":"bad","msg":""}
2021-07-19 01:44:24 查询号码 【1348325】，GSD为【""】
2021-07-19 01:44:24 bad
2021-07-19 01:44:26 CHB 1348325?1626630264 第 1 次 等待 3 秒
2021-07-19 01:44:29 CHB 1348325?1626630264 第 1 次 获取到号码【1348325】GSD
2021-07-19 01:44:29 获取到号码【1348325】的GSD为【河北-保定】
2021-07-19 01:44:51 GSD insert 第 1 次 等待 3 秒
2021-07-19 01:44:54 {"status":"ok","gid":321239,"msg":"添加成功！"}
2021-07-19 01:44:54 下次操作: 2021-07-19 01:45:18

2021-07-19 01:45:18 开始第 34 次操作

2021-07-19 01:45:18 开始操作号码 【1348324】
2021-07-19 01:45:24 GSD getOne 第 1 次 等待 3 秒
2021-07-19 01:45:27 查询号码 【1348324】，返回信息 {"status":"bad","msg":""}
2021-07-19 01:45:27 查询号码 【1348324】，GSD为【""】
2021-07-19 01:45:27 bad
2021-07-19 01:45:28 CHB 1348324?1626630327 第 1 次 等待 3 秒
2021-07-19 01:45:31 CHB 1348324?1626630327 第 1 次 获取到号码【1348324】GSD
2021-07-19 01:45:31 获取到号码【1348324】的GSD为【河北-保定】
2021-07-19 01:46:07 GSD insert 第 1 次 等待 3 秒
2021-07-19 01:46:10 {"status":"ok","gid":321247,"msg":"添加成功！"}
2021-07-19 01:46:10 下次操作: 2021-07-19 01:46:29

2021-07-19 01:46:29 开始第 35 次操作

2021-07-19 01:46:29 开始操作号码 【1348323】
2021-07-19 01:46:35 GSD getOne 第 1 次 等待 3 秒
2021-07-19 01:46:38 查询号码 【1348323】，返回信息 {"status":"bad","msg":""}
2021-07-19 01:46:38 查询号码 【1348323】，GSD为【""】
2021-07-19 01:46:38 bad
2021-07-19 01:46:40 CHB 1348323?1626630398 第 1 次 等待 3 秒
2021-07-19 01:46:43 CHB 1348323?1626630398 第 1 次 获取到号码【1348323】GSD
2021-07-19 01:46:43 获取到号码【1348323】的GSD为【河北-保定】
2021-07-19 01:47:17 GSD insert 第 1 次 等待 3 秒
2021-07-19 01:47:20 {"status":"ok","gid":321255,"msg":"添加成功！"}
2021-07-19 01:47:20 下次操作: 2021-07-19 01:47:34

2021-07-19 01:47:34 开始第 36 次操作

2021-07-19 01:47:34 开始操作号码 【1348322】
2021-07-19 01:47:38 GSD getOne 第 1 次 等待 3 秒
2021-07-19 01:47:41 查询号码 【1348322】，返回信息 {"status":"bad","msg":""}
2021-07-19 01:47:41 查询号码 【1348322】，GSD为【""】
2021-07-19 01:47:41 bad
2021-07-19 01:47:42 CHB 1348322?1626630461 第 1 次 等待 3 秒
2021-07-19 01:47:45 CHB 1348322?1626630461 第 1 次 获取到号码【1348322】GSD
2021-07-19 01:47:45 获取到号码【1348322】的GSD为【河北-保定】
2021-07-19 01:48:47 GSD insert 第 1 次 等待 3 秒
2021-07-19 01:48:50 {"status":"ok","gid":321262,"msg":"添加成功！"}
2021-07-19 01:48:50 下次操作: 2021-07-19 01:49:02

2021-07-19 01:49:02 开始第 37 次操作

2021-07-19 01:49:02 开始操作号码 【1348321】
2021-07-19 01:49:04 GSD getOne 第 1 次 等待 3 秒
2021-07-19 01:49:07 查询号码 【1348321】，返回信息 {"status":"bad","msg":""}
2021-07-19 01:49:08 查询号码 【1348321】，GSD为【""】
2021-07-19 01:49:08 bad
2021-07-19 01:49:09 CHB 1348321?1626630548 第 1 次 等待 3 秒
2021-07-19 01:49:12 CHB 1348321?1626630548 第 1 次 获取到号码【1348321】GSD
2021-07-19 01:49:12 获取到号码【1348321】的GSD为【河北-保定】
2021-07-19 01:49:22 GSD insert 第 1 次 等待 3 秒
2021-07-19 01:49:25 {"status":"ok","gid":321265,"msg":"添加成功！"}
2021-07-19 01:49:25 下次操作: 2021-07-19 01:49:37

2021-07-19 01:49:37 开始第 38 次操作

2021-07-19 01:49:37 开始操作号码 【1348320】
2021-07-19 01:49:44 GSD getOne 第 1 次 等待 3 秒
2021-07-19 01:49:47 查询号码 【1348320】，返回信息 {"status":"bad","msg":""}
2021-07-19 01:49:47 查询号码 【1348320】，GSD为【""】
2021-07-19 01:49:47 bad
2021-07-19 01:49:50 CHB 1348320?1626630587 第 1 次 等待 3 秒
2021-07-19 01:49:53 CHB 1348320?1626630587 第 1 次 获取到号码【1348320】GSD
2021-07-19 01:49:53 获取到号码【1348320】的GSD为【河北-保定】
2021-07-19 01:50:53 GSD insert 第 1 次 等待 3 秒
2021-07-19 01:50:56 {"status":"ok","gid":321275,"msg":"添加成功！"}
2021-07-19 01:50:56 下次操作: 2021-07-19 01:51:08

2021-07-19 01:51:08 开始第 39 次操作

2021-07-19 01:51:08 开始操作号码 【1348319】
2021-07-19 01:51:29 GSD getOne 第 1 次 等待 3 秒
2021-07-19 01:51:32 查询号码 【1348319】，返回信息 {"status":"bad","msg":""}
2021-07-19 01:51:32 查询号码 【1348319】，GSD为【""】
2021-07-19 01:51:32 bad
2021-07-19 01:51:33 CHB 1348319?1626630692 第 1 次 等待 3 秒
2021-07-19 01:51:36 CHB 1348319?1626630692 第 1 次 获取到号码【1348319】GSD
2021-07-19 01:51:36 获取到号码【1348319】的GSD为【河北-石家庄】
2021-07-19 01:51:42 GSD insert 第 1 次 等待 3 秒
2021-07-19 01:51:45 {"status":"ok","gid":321281,"msg":"添加成功！"}
2021-07-19 01:51:45 下次操作: 2021-07-19 01:52:04

2021-07-19 01:52:04 开始第 40 次操作

2021-07-19 01:52:04 开始操作号码 【1348318】
2021-07-19 01:52:33 GSD getOne 第 1 次 等待 3 秒
2021-07-19 01:52:36 查询号码 【1348318】，返回信息 {"status":"bad","msg":""}
2021-07-19 01:52:36 查询号码 【1348318】，GSD为【""】
2021-07-19 01:52:36 bad
2021-07-19 01:52:37 CHB 1348318?1626630756 第 1 次 等待 3 秒
2021-07-19 01:52:40 CHB 1348318?1626630756 第 1 次 获取到号码【1348318】GSD
2021-07-19 01:52:40 获取到号码【1348318】的GSD为【河北-石家庄】
2021-07-19 01:52:48 GSD insert 第 1 次 等待 3 秒
2021-07-19 01:52:51 {"status":"ok","gid":321286,"msg":"添加成功！"}

