2024-01-08 00:20:30 开始第 7449 次操作

2024-01-08 00:20:30 开始操作号码 【1857368】
2024-01-08 00:20:54 GSD getOne 第 1 次 等待 3 秒
2024-01-08 00:20:57 查询号码 【1857368】，返回信息 {"status":"ok","msg":"湖南-常德","gid":"428301","time_insert":"2021-07-28 23:52"}
2024-01-08 00:20:57 查询号码 【1857368】，GSD为【"湖南-常德"】

2024-01-08 00:20:58 开始第 7450 次操作

2024-01-08 00:20:58 开始操作号码 【1857369】
2024-01-08 00:21:01 GSD getOne 第 1 次 等待 3 秒
2024-01-08 00:21:04 查询号码 【1857369】，返回信息 {"status":"ok","msg":"湖南-常德","gid":"428290","time_insert":"2021-07-28 23:51"}
2024-01-08 00:21:04 查询号码 【1857369】，GSD为【"湖南-常德"】

2024-01-08 00:21:05 开始第 7451 次操作

2024-01-08 00:21:05 开始操作号码 【1857370】
2024-01-08 00:21:09 GSD getOne 第 1 次 等待 3 秒
2024-01-08 00:21:12 查询号码 【1857370】，返回信息 {"status":"ok","msg":"湖南-益阳","gid":"428284","time_insert":"2021-07-28 23:50","time_update":"2021-08-05 17:32"}
2024-01-08 00:21:12 查询号码 【1857370】，GSD为【"湖南-益阳"】

2024-01-08 00:21:13 开始第 7452 次操作

2024-01-08 00:21:13 开始操作号码 【1857371】
2024-01-08 00:21:17 GSD getOne 第 1 次 等待 3 秒
2024-01-08 00:21:20 查询号码 【1857371】，返回信息 {"status":"ok","msg":"湖南-益阳","gid":"428276","time_insert":"2021-07-28 23:49"}
2024-01-08 00:21:20 查询号码 【1857371】，GSD为【"湖南-益阳"】

2024-01-08 00:39:25 开始第 7453 次操作

2024-01-08 00:39:25 开始操作号码 【1857372】
2024-01-08 00:39:31 GSD getOne 第 1 次 等待 3 秒
2024-01-08 00:39:34 查询号码 【1857372】，返回信息 {"status":"ok","msg":"湖南-益阳","gid":"428267","time_insert":"2021-07-28 23:47"}
2024-01-08 00:39:34 查询号码 【1857372】，GSD为【"湖南-益阳"】

2024-01-08 00:39:35 开始第 7454 次操作

2024-01-08 00:39:35 开始操作号码 【1857373】
2024-01-08 00:39:38 GSD getOne 第 1 次 等待 3 秒
2024-01-08 00:39:41 查询号码 【1857373】，返回信息 {"status":"ok","msg":"湖南-益阳","gid":"428260","time_insert":"2021-07-28 23:45"}
2024-01-08 00:39:41 查询号码 【1857373】，GSD为【"湖南-益阳"】

2024-01-08 00:39:42 开始第 7455 次操作

2024-01-08 00:39:42 开始操作号码 【1857374】
2024-01-08 00:39:47 GSD getOne 第 1 次 等待 3 秒
2024-01-08 00:39:50 查询号码 【1857374】，返回信息 {"status":"ok","msg":"湖南-郴州","gid":"428138","time_insert":"2021-07-28 23:00"}
2024-01-08 00:39:50 查询号码 【1857374】，GSD为【"湖南-郴州"】

2024-01-08 00:39:51 开始第 7456 次操作

2024-01-08 00:39:51 开始操作号码 【1857375】
2024-01-08 00:39:54 GSD getOne 第 1 次 等待 3 秒
2024-01-08 00:39:57 查询号码 【1857375】，返回信息 {"status":"ok","msg":"湖南-郴州","gid":"428131","time_insert":"2021-07-28 23:00"}
2024-01-08 00:39:58 查询号码 【1857375】，GSD为【"湖南-郴州"】

2024-01-08 01:14:23 开始第 7457 次操作

2024-01-08 01:14:23 开始操作号码 【1857376】
2024-01-08 01:14:26 GSD getOne 第 1 次 等待 3 秒
2024-01-08 01:14:29 查询号码 【1857376】，返回信息 {"status":"ok","msg":"湖南-衡阳","gid":"428125","time_insert":"2021-07-28 22:59"}
2024-01-08 01:14:29 查询号码 【1857376】，GSD为【"湖南-衡阳"】

2024-01-08 01:14:30 开始第 7458 次操作

2024-01-08 01:14:30 开始操作号码 【1857377】
2024-01-08 01:14:33 GSD getOne 第 1 次 等待 3 秒
2024-01-08 01:14:36 查询号码 【1857377】，返回信息 {"status":"ok","msg":"湖南-衡阳","gid":"428118","time_insert":"2021-07-28 22:59"}
2024-01-08 01:14:36 查询号码 【1857377】，GSD为【"湖南-衡阳"】

2024-01-08 01:14:37 开始第 7459 次操作

2024-01-08 01:14:37 开始操作号码 【1857378】
2024-01-08 01:14:43 GSD getOne 第 1 次 等待 3 秒
2024-01-08 01:14:46 查询号码 【1857378】，返回信息 {"status":"ok","msg":"湖南-株洲","gid":"428110","time_insert":"2021-07-28 22:58"}
2024-01-08 01:14:46 查询号码 【1857378】，GSD为【"湖南-株洲"】

2024-01-08 01:14:47 开始第 7460 次操作

2024-01-08 01:14:47 开始操作号码 【1857379】
2024-01-08 01:14:50 GSD getOne 第 1 次 等待 3 秒
2024-01-08 01:14:53 查询号码 【1857379】，返回信息 {"status":"ok","msg":"湖南-株洲","gid":"428103","time_insert":"2021-07-28 22:57"}
2024-01-08 01:14:53 查询号码 【1857379】，GSD为【"湖南-株洲"】

