2024-04-03 00:21:16 开始第 1581 次操作

2024-04-03 00:21:16 开始操作号码 【1631500】
2024-04-03 00:21:21 GSD getOne 第 1 次 等待 3 秒
2024-04-03 00:21:24 查询号码 【1631500】，返回信息 {"status":"ok","msg":"-","gid":"543193","time_insert":"2023-02-20 18:44"}
2024-04-03 00:21:24 查询号码 【1631500】，GSD为【"-"】
2024-04-03 00:21:24 ok && -
2024-04-03 00:21:26 CHB 1631500?1712074884 第 1 次 等待 3 秒
2024-04-03 00:21:29 CHB 1631500?1712074884 第 1 次 获取到号码【1631500】GSD
2024-04-03 00:21:29 未获取到号码【1631500】GSD，可能号码格式错误
2024-04-03 00:21:29 获取到号码【1631500】的GSD为【-】
2024-04-03 00:21:34 GSD insert 第 1 次 等待 3 秒
2024-04-03 00:21:37 {"status":"bad","gid":"543193","msg":"添加失败！号码【1631500(-|-)】已存在！"}
2024-04-03 00:21:37 随机等待 99 秒，约 1 分钟
2024-04-03 00:21:37 下次操作: 2024-04-03 00:23:16

2024-04-03 00:23:16 开始第 1582 次操作

2024-04-03 00:23:16 开始操作号码 【1631501】
2024-04-03 00:23:20 GSD getOne 第 1 次 等待 3 秒
2024-04-03 00:23:23 查询号码 【1631501】，返回信息 {"status":"ok","msg":"-","gid":"543220","time_insert":"2023-02-20 18:57"}
2024-04-03 00:23:23 查询号码 【1631501】，GSD为【"-"】
2024-04-03 00:23:23 ok && -
2024-04-03 00:23:25 CHB 1631501?1712075003 第 1 次 等待 3 秒
2024-04-03 00:23:28 CHB 1631501?1712075003 第 1 次 获取到号码【1631501】GSD
2024-04-03 00:23:29 未获取到号码【1631501】GSD，可能号码格式错误
2024-04-03 00:23:29 获取到号码【1631501】的GSD为【-】
2024-04-03 00:23:33 GSD insert 第 1 次 等待 3 秒
2024-04-03 00:23:36 {"status":"bad","gid":"543220","msg":"添加失败！号码【1631501(-|-)】已存在！"}
2024-04-03 00:23:36 随机等待 142 秒，约 2 分钟
2024-04-03 00:23:36 下次操作: 2024-04-03 00:25:58

2024-04-03 00:25:58 开始第 1583 次操作

2024-04-03 00:25:58 开始操作号码 【1631502】
2024-04-03 00:26:03 GSD getOne 第 1 次 等待 3 秒
2024-04-03 00:26:06 查询号码 【1631502】，返回信息 {"status":"ok","msg":"-","gid":"543239","time_insert":"2023-02-20 19:09"}
2024-04-03 00:26:07 查询号码 【1631502】，GSD为【"-"】
2024-04-03 00:26:07 ok && -
2024-04-03 00:26:09 CHB 1631502?1712075167 第 1 次 等待 3 秒
2024-04-03 00:26:12 CHB 1631502?1712075167 第 1 次 获取到号码【1631502】GSD
2024-04-03 00:26:12 未获取到号码【1631502】GSD，可能号码格式错误
2024-04-03 00:26:12 获取到号码【1631502】的GSD为【-】
2024-04-03 00:26:16 GSD insert 第 1 次 等待 3 秒
2024-04-03 00:26:19 {"status":"bad","gid":"543239","msg":"添加失败！号码【1631502(-|-)】已存在！"}
2024-04-03 00:26:19 随机等待 150 秒，约 2 分钟
2024-04-03 00:26:19 下次操作: 2024-04-03 00:28:49

2024-04-03 00:28:49 开始第 1584 次操作

2024-04-03 00:28:49 开始操作号码 【1631503】
2024-04-03 00:28:54 GSD getOne 第 1 次 等待 3 秒
2024-04-03 00:28:57 查询号码 【1631503】，返回信息 {"status":"ok","msg":"-","gid":"543267","time_insert":"2023-02-20 19:26"}
2024-04-03 00:28:57 查询号码 【1631503】，GSD为【"-"】
2024-04-03 00:28:57 ok && -
2024-04-03 00:28:59 CHB 1631503?1712075337 第 1 次 等待 3 秒
2024-04-03 00:29:02 CHB 1631503?1712075337 第 1 次 获取到号码【1631503】GSD
2024-04-03 00:29:02 未获取到号码【1631503】GSD，可能号码格式错误
2024-04-03 00:29:02 获取到号码【1631503】的GSD为【-】
2024-04-03 00:29:09 GSD insert 第 1 次 等待 3 秒
2024-04-03 00:29:12 {"status":"bad","gid":"543267","msg":"添加失败！号码【1631503(-|-)】已存在！"}

2024-04-03 00:39:28 开始第 1585 次操作

2024-04-03 00:39:28 开始操作号码 【1631504】
2024-04-03 00:39:33 GSD getOne 第 1 次 等待 3 秒
2024-04-03 00:39:36 查询号码 【1631504】，返回信息 {"status":"ok","msg":"-","gid":"543286","time_insert":"2023-02-20 19:36"}
2024-04-03 00:39:37 查询号码 【1631504】，GSD为【"-"】
2024-04-03 00:39:37 ok && -
2024-04-03 00:39:40 CHB 1631504?1712075977 第 1 次 等待 3 秒
2024-04-03 00:39:43 CHB 1631504?1712075977 第 1 次 获取到号码【1631504】GSD
2024-04-03 00:39:43 未获取到号码【1631504】GSD，可能号码格式错误
2024-04-03 00:39:43 获取到号码【1631504】的GSD为【-】
2024-04-03 00:39:50 GSD insert 第 1 次 等待 3 秒
2024-04-03 00:39:53 {"status":"bad","gid":"543286","msg":"添加失败！号码【1631504(-|-)】已存在！"}
2024-04-03 00:39:53 随机等待 227 秒，约 3 分钟
2024-04-03 00:39:53 下次操作: 2024-04-03 00:43:40

2024-04-03 00:43:40 开始第 1586 次操作

2024-04-03 00:43:40 开始操作号码 【1631505】
2024-04-03 00:43:46 GSD getOne 第 1 次 等待 3 秒
2024-04-03 00:43:49 查询号码 【1631505】，返回信息 {"status":"ok","msg":"-","gid":"543312","time_insert":"2023-02-20 19:51"}
2024-04-03 00:43:49 查询号码 【1631505】，GSD为【"-"】
2024-04-03 00:43:49 ok && -
2024-04-03 00:43:51 CHB 1631505?1712076229 第 1 次 等待 3 秒
2024-04-03 00:43:54 CHB 1631505?1712076229 第 1 次 获取到号码【1631505】GSD
2024-04-03 00:43:54 未获取到号码【1631505】GSD，可能号码格式错误
2024-04-03 00:43:54 获取到号码【1631505】的GSD为【-】
2024-04-03 00:43:59 GSD insert 第 1 次 等待 3 秒
2024-04-03 00:44:02 {"status":"bad","gid":"543312","msg":"添加失败！号码【1631505(-|-)】已存在！"}
2024-04-03 00:44:02 随机等待 109 秒，约 1 分钟
2024-04-03 00:44:02 下次操作: 2024-04-03 00:45:51

2024-04-03 00:45:51 开始第 1587 次操作

2024-04-03 00:45:51 开始操作号码 【1631506】
2024-04-03 00:45:55 GSD getOne 第 1 次 等待 3 秒
2024-04-03 00:45:58 查询号码 【1631506】，返回信息 {"status":"ok","msg":"-","gid":"543339","time_insert":"2023-02-20 20:09"}
2024-04-03 00:45:58 查询号码 【1631506】，GSD为【"-"】
2024-04-03 00:45:58 ok && -
2024-04-03 00:46:01 CHB 1631506?1712076358 第 1 次 等待 3 秒
2024-04-03 00:46:04 CHB 1631506?1712076358 第 1 次 获取到号码【1631506】GSD
2024-04-03 00:46:04 未获取到号码【1631506】GSD，可能号码格式错误
2024-04-03 00:46:04 获取到号码【1631506】的GSD为【-】
2024-04-03 00:46:09 GSD insert 第 1 次 等待 3 秒
2024-04-03 00:46:12 {"status":"bad","gid":"543339","msg":"添加失败！号码【1631506(-|-)】已存在！"}
2024-04-03 00:46:12 随机等待 108 秒，约 1 分钟
2024-04-03 00:46:12 下次操作: 2024-04-03 00:48:00

2024-04-03 00:48:00 开始第 1588 次操作

2024-04-03 00:48:00 开始操作号码 【1631507】
2024-04-03 00:48:05 GSD getOne 第 1 次 等待 3 秒
2024-04-03 00:48:08 查询号码 【1631507】，返回信息 {"status":"ok","msg":"-","gid":"543364","time_insert":"2023-02-20 20:28"}
2024-04-03 00:48:08 查询号码 【1631507】，GSD为【"-"】
2024-04-03 00:48:08 ok && -
2024-04-03 00:48:11 CHB 1631507?1712076488 第 1 次 等待 3 秒
2024-04-03 00:48:14 CHB 1631507?1712076488 第 1 次 获取到号码【1631507】GSD
2024-04-03 00:48:14 未获取到号码【1631507】GSD，可能号码格式错误
2024-04-03 00:48:14 获取到号码【1631507】的GSD为【-】
2024-04-03 00:48:19 GSD insert 第 1 次 等待 3 秒
2024-04-03 00:48:22 {"status":"bad","gid":"543364","msg":"添加失败！号码【1631507(-|-)】已存在！"}

2024-04-03 01:16:53 开始第 1589 次操作

2024-04-03 01:16:53 开始操作号码 【1631508】
2024-04-03 01:16:59 GSD getOne 第 1 次 等待 3 秒
2024-04-03 01:17:02 查询号码 【1631508】，返回信息 {"status":"ok","msg":"-","gid":"543386","time_insert":"2023-02-20 20:47"}
2024-04-03 01:17:02 查询号码 【1631508】，GSD为【"-"】
2024-04-03 01:17:02 ok && -
2024-04-03 01:17:04 CHB 1631508?1712078222 第 1 次 等待 3 秒
2024-04-03 01:17:07 CHB 1631508?1712078222 第 1 次 获取到号码【1631508】GSD
2024-04-03 01:17:07 未获取到号码【1631508】GSD，可能号码格式错误
2024-04-03 01:17:07 获取到号码【1631508】的GSD为【-】
2024-04-03 01:17:13 GSD insert 第 1 次 等待 3 秒
2024-04-03 01:17:16 {"status":"bad","gid":"543386","msg":"添加失败！号码【1631508(-|-)】已存在！"}
2024-04-03 01:17:16 随机等待 224 秒，约 3 分钟
2024-04-03 01:17:16 下次操作: 2024-04-03 01:21:00

2024-04-03 01:21:00 开始第 1590 次操作

2024-04-03 01:21:00 开始操作号码 【1631509】
2024-04-03 01:21:05 GSD getOne 第 1 次 等待 3 秒
2024-04-03 01:21:08 查询号码 【1631509】，返回信息 {"status":"ok","msg":"-","gid":"543409","time_insert":"2023-02-20 21:01"}
2024-04-03 01:21:08 查询号码 【1631509】，GSD为【"-"】
2024-04-03 01:21:08 ok && -
2024-04-03 01:21:10 CHB 1631509?1712078468 第 1 次 等待 3 秒
2024-04-03 01:21:13 CHB 1631509?1712078468 第 1 次 获取到号码【1631509】GSD
2024-04-03 01:21:13 未获取到号码【1631509】GSD，可能号码格式错误
2024-04-03 01:21:13 获取到号码【1631509】的GSD为【-】
2024-04-03 01:21:18 GSD insert 第 1 次 等待 3 秒
2024-04-03 01:21:21 {"status":"bad","gid":"543409","msg":"添加失败！号码【1631509(-|-)】已存在！"}
2024-04-03 01:21:21 随机等待 220 秒，约 3 分钟
2024-04-03 01:21:21 下次操作: 2024-04-03 01:25:01

2024-04-03 01:25:01 开始第 1591 次操作

2024-04-03 01:25:01 开始操作号码 【1631510】
2024-04-03 01:25:06 GSD getOne 第 1 次 等待 3 秒
2024-04-03 01:25:09 查询号码 【1631510】，返回信息 {"status":"ok","msg":"-","gid":"543423","time_insert":"2023-02-20 21:11"}
2024-04-03 01:25:09 查询号码 【1631510】，GSD为【"-"】
2024-04-03 01:25:09 ok && -
2024-04-03 01:25:12 CHB 1631510?1712078709 第 1 次 等待 3 秒
2024-04-03 01:25:15 CHB 1631510?1712078709 第 1 次 获取到号码【1631510】GSD
2024-04-03 01:25:15 未获取到号码【1631510】GSD，可能号码格式错误
2024-04-03 01:25:15 获取到号码【1631510】的GSD为【-】
2024-04-03 01:25:20 GSD insert 第 1 次 等待 3 秒
2024-04-03 01:25:23 {"status":"bad","gid":"543423","msg":"添加失败！号码【1631510(-|-)】已存在！"}
2024-04-03 01:25:23 随机等待 131 秒，约 2 分钟
2024-04-03 01:25:23 下次操作: 2024-04-03 01:27:34

2024-04-03 01:27:34 开始第 1592 次操作

2024-04-03 01:27:34 开始操作号码 【1631511】
2024-04-03 01:27:39 GSD getOne 第 1 次 等待 3 秒
2024-04-03 01:27:42 查询号码 【1631511】，返回信息 {"status":"ok","msg":"-","gid":"543446","time_insert":"2023-02-20 21:29"}
2024-04-03 01:27:42 查询号码 【1631511】，GSD为【"-"】
2024-04-03 01:27:42 ok && -
2024-04-03 01:27:44 CHB 1631511?1712078862 第 1 次 等待 3 秒
2024-04-03 01:27:47 CHB 1631511?1712078862 第 1 次 获取到号码【1631511】GSD
2024-04-03 01:27:47 未获取到号码【1631511】GSD，可能号码格式错误
2024-04-03 01:27:47 获取到号码【1631511】的GSD为【-】
2024-04-03 01:27:53 GSD insert 第 1 次 等待 3 秒
2024-04-03 01:27:56 {"status":"bad","gid":"543446","msg":"添加失败！号码【1631511(-|-)】已存在！"}

