2024-03-21 00:21:45 开始第 9909 次操作

2024-03-21 00:21:45 开始操作号码 【1749827】
2024-03-21 00:21:51 GSD getOne 第 1 次 等待 3 秒
2024-03-21 00:21:54 查询号码 【1749827】，返回信息 {"status":"ok","msg":"-","gid":"271437","time_insert":"2021-07-14 04:46"}
2024-03-21 00:21:54 查询号码 【1749827】，GSD为【"-"】
2024-03-21 00:21:54 ok && -
2024-03-21 00:21:56 CHB 1749827?1710951714 第 1 次 等待 3 秒
2024-03-21 00:21:59 CHB 1749827?1710951714 第 1 次 获取到号码【1749827】GSD
2024-03-21 00:21:59 未获取到号码【1749827】GSD，可能号码格式错误
2024-03-21 00:21:59 获取到号码【1749827】的GSD为【-】
2024-03-21 00:22:05 GSD insert 第 1 次 等待 3 秒
2024-03-21 00:22:08 {"status":"bad","gid":"271437","msg":"添加失败！号码【1749827(-|-)】已存在！"}
2024-03-21 00:22:08 随机等待 228 秒，约 3 分钟
2024-03-21 00:22:08 下次操作: 2024-03-21 00:25:56

2024-03-21 00:25:56 开始第 9910 次操作

2024-03-21 00:25:56 开始操作号码 【1749828】
2024-03-21 00:26:02 GSD getOne 第 1 次 等待 3 秒
2024-03-21 00:26:05 查询号码 【1749828】，返回信息 {"status":"ok","msg":"-","gid":"271444","time_insert":"2021-07-14 04:47"}
2024-03-21 00:26:05 查询号码 【1749828】，GSD为【"-"】
2024-03-21 00:26:05 ok && -
2024-03-21 00:26:08 CHB 1749828?1710951965 第 1 次 等待 3 秒
2024-03-21 00:26:11 CHB 1749828?1710951965 第 1 次 获取到号码【1749828】GSD
2024-03-21 00:26:11 未获取到号码【1749828】GSD，可能号码格式错误
2024-03-21 00:26:11 获取到号码【1749828】的GSD为【-】
2024-03-21 00:26:16 GSD insert 第 1 次 等待 3 秒
2024-03-21 00:26:19 {"status":"bad","gid":"271444","msg":"添加失败！号码【1749828(-|-)】已存在！"}
2024-03-21 00:26:19 随机等待 177 秒，约 2 分钟
2024-03-21 00:26:19 下次操作: 2024-03-21 00:29:16

2024-03-21 00:29:16 开始第 9911 次操作

2024-03-21 00:29:16 开始操作号码 【1749829】
2024-03-21 00:29:22 GSD getOne 第 1 次 等待 3 秒
2024-03-21 00:29:25 查询号码 【1749829】，返回信息 {"status":"ok","msg":"-","gid":"271451","time_insert":"2021-07-14 04:47"}
2024-03-21 00:29:25 查询号码 【1749829】，GSD为【"-"】
2024-03-21 00:29:25 ok && -
2024-03-21 00:29:29 CHB 1749829?1710952165 第 1 次 等待 3 秒
2024-03-21 00:29:32 CHB 1749829?1710952165 第 1 次 获取到号码【1749829】GSD
2024-03-21 00:29:32 未获取到号码【1749829】GSD，可能号码格式错误
2024-03-21 00:29:32 获取到号码【1749829】的GSD为【-】
2024-03-21 00:29:37 GSD insert 第 1 次 等待 3 秒
2024-03-21 00:29:40 {"status":"bad","gid":"271451","msg":"添加失败！号码【1749829(-|-)】已存在！"}
2024-03-21 00:29:40 随机等待 87 秒，约 1 分钟
2024-03-21 00:29:40 下次操作: 2024-03-21 00:31:07

2024-03-21 00:31:07 开始第 9912 次操作

2024-03-21 00:31:07 开始操作号码 【1749830】
2024-03-21 00:31:12 GSD getOne 第 1 次 等待 3 秒
2024-03-21 00:31:15 查询号码 【1749830】，返回信息 {"status":"ok","msg":"-","gid":"271458","time_insert":"2021-07-14 04:47"}
2024-03-21 00:31:15 查询号码 【1749830】，GSD为【"-"】
2024-03-21 00:31:15 ok && -
2024-03-21 00:31:19 CHB 1749830?1710952275 第 1 次 等待 3 秒
2024-03-21 00:31:22 CHB 1749830?1710952275 第 1 次 获取到号码【1749830】GSD
2024-03-21 00:31:22 未获取到号码【1749830】GSD，可能号码格式错误
2024-03-21 00:31:22 获取到号码【1749830】的GSD为【-】
2024-03-21 00:31:26 GSD insert 第 1 次 等待 3 秒
2024-03-21 00:31:29 {"status":"bad","gid":"271458","msg":"添加失败！号码【1749830(-|-)】已存在！"}

