2023-12-08 00:23:34 开始第 1953 次操作

2023-12-08 00:23:34 开始操作号码 【1851872】
2023-12-08 00:23:41 GSD getOne 第 1 次 等待 3 秒
2023-12-08 00:23:44 查询号码 【1851872】，返回信息 {"status":"ok","msg":"北京-北京","gid":"469619","time_insert":"2021-08-01 17:02"}
2023-12-08 00:23:44 查询号码 【1851872】，GSD为【"北京-北京"】

2023-12-08 00:23:45 开始第 1954 次操作

2023-12-08 00:23:45 开始操作号码 【1851873】
2023-12-08 00:23:50 GSD getOne 第 1 次 等待 3 秒
2023-12-08 00:23:53 查询号码 【1851873】，返回信息 {"status":"ok","msg":"北京-北京","gid":"469733","time_insert":"2021-08-01 17:13"}
2023-12-08 00:23:53 查询号码 【1851873】，GSD为【"北京-北京"】

2023-12-08 00:23:54 开始第 1955 次操作

2023-12-08 00:23:54 开始操作号码 【1851874】
2023-12-08 00:23:58 GSD getOne 第 1 次 等待 3 秒
2023-12-08 00:24:01 查询号码 【1851874】，返回信息 {"status":"ok","msg":"北京-北京","gid":"469786","time_insert":"2021-08-01 17:26"}
2023-12-08 00:24:01 查询号码 【1851874】，GSD为【"北京-北京"】

2023-12-08 00:24:02 开始第 1956 次操作

2023-12-08 00:24:02 开始操作号码 【1851875】
2023-12-08 00:24:05 GSD getOne 第 1 次 等待 3 秒
2023-12-08 00:24:08 查询号码 【1851875】，返回信息 {"status":"ok","msg":"北京-北京","gid":"469808","time_insert":"2021-08-01 17:38"}
2023-12-08 00:24:08 查询号码 【1851875】，GSD为【"北京-北京"】

2023-12-08 00:42:13 开始第 1957 次操作

2023-12-08 00:42:13 开始操作号码 【1851876】
2023-12-08 00:42:20 GSD getOne 第 1 次 等待 3 秒
2023-12-08 00:42:23 查询号码 【1851876】，返回信息 {"status":"ok","msg":"北京-北京","gid":"469998","time_insert":"2021-08-01 17:53"}
2023-12-08 00:42:23 查询号码 【1851876】，GSD为【"北京-北京"】

2023-12-08 00:42:24 开始第 1958 次操作

2023-12-08 00:42:24 开始操作号码 【1851877】
2023-12-08 00:42:28 GSD getOne 第 1 次 等待 3 秒
2023-12-08 00:42:31 查询号码 【1851877】，返回信息 {"status":"ok","msg":"北京-北京","gid":"470172","time_insert":"2021-08-01 18:04"}
2023-12-08 00:42:31 查询号码 【1851877】，GSD为【"北京-北京"】

2023-12-08 00:42:32 开始第 1959 次操作

2023-12-08 00:42:32 开始操作号码 【1851878】
2023-12-08 00:42:37 GSD getOne 第 1 次 等待 3 秒
2023-12-08 00:42:40 查询号码 【1851878】，返回信息 {"status":"ok","msg":"北京-北京","gid":"470275","time_insert":"2021-08-01 18:17"}
2023-12-08 00:42:40 查询号码 【1851878】，GSD为【"北京-北京"】

2023-12-08 00:42:41 开始第 1960 次操作

2023-12-08 00:42:41 开始操作号码 【1851879】
2023-12-08 00:42:44 GSD getOne 第 1 次 等待 3 秒
2023-12-08 00:42:47 查询号码 【1851879】，返回信息 {"status":"ok","msg":"北京-北京","gid":"470304","time_insert":"2021-08-01 18:31"}
2023-12-08 00:42:47 查询号码 【1851879】，GSD为【"北京-北京"】

