2024-05-08 00:20:11 开始第 7589 次操作

2024-05-08 00:20:11 开始操作号码 【1637505】
2024-05-08 00:20:22 GSD getOne 第 1 次 等待 3 秒
2024-05-08 00:20:25 查询号码 【1637505】，返回信息 {"status":"ok","msg":"-","gid":"683265","time_insert":"2023-04-28 21:40"}
2024-05-08 00:20:25 查询号码 【1637505】，GSD为【"-"】
2024-05-08 00:20:25 ok && -
2024-05-08 00:20:28 CHB 1637505?1715098825 第 1 次 等待 3 秒
2024-05-08 00:20:31 CHB 1637505?1715098825 第 1 次 获取到号码【1637505】GSD
2024-05-08 00:20:31 未获取到号码【1637505】GSD，可能号码格式错误
2024-05-08 00:20:31 获取到号码【1637505】的GSD为【-】
2024-05-08 00:20:39 GSD insert 第 1 次 等待 3 秒
2024-05-08 00:20:42 {"status":"bad","gid":"683265","msg":"添加失败！号码【1637505(-|-)】已存在！"}
2024-05-08 00:20:42 随机等待 213 秒，约 3 分钟
2024-05-08 00:20:42 下次操作: 2024-05-08 00:24:15

2024-05-08 00:24:15 开始第 7590 次操作

2024-05-08 00:24:15 开始操作号码 【1637506】
2024-05-08 00:24:22 GSD getOne 第 1 次 等待 3 秒
2024-05-08 00:24:25 查询号码 【1637506】，返回信息 {"status":"ok","msg":"-","gid":"683293","time_insert":"2023-04-28 22:04"}
2024-05-08 00:24:25 查询号码 【1637506】，GSD为【"-"】
2024-05-08 00:24:25 ok && -
2024-05-08 00:24:27 CHB 1637506?1715099065 第 1 次 等待 3 秒
2024-05-08 00:24:30 CHB 1637506?1715099065 第 1 次 获取到号码【1637506】GSD
2024-05-08 00:24:30 未获取到号码【1637506】GSD，可能号码格式错误
2024-05-08 00:24:30 获取到号码【1637506】的GSD为【-】
2024-05-08 00:24:35 GSD insert 第 1 次 等待 3 秒
2024-05-08 00:24:38 {"status":"bad","gid":"683293","msg":"添加失败！号码【1637506(-|-)】已存在！"}
2024-05-08 00:24:38 随机等待 116 秒，约 1 分钟
2024-05-08 00:24:38 下次操作: 2024-05-08 00:26:34

2024-05-08 00:26:34 开始第 7591 次操作

2024-05-08 00:26:34 开始操作号码 【1637507】
2024-05-08 00:26:42 GSD getOne 第 1 次 等待 3 秒
2024-05-08 00:26:45 查询号码 【1637507】，返回信息 {"status":"ok","msg":"-","gid":"683308","time_insert":"2023-04-28 22:13"}
2024-05-08 00:26:45 查询号码 【1637507】，GSD为【"-"】
2024-05-08 00:26:45 ok && -
2024-05-08 00:26:49 CHB 1637507?1715099205 第 1 次 等待 3 秒
2024-05-08 00:26:52 CHB 1637507?1715099205 第 1 次 获取到号码【1637507】GSD
2024-05-08 00:26:52 未获取到号码【1637507】GSD，可能号码格式错误
2024-05-08 00:26:52 获取到号码【1637507】的GSD为【-】
2024-05-08 00:26:57 GSD insert 第 1 次 等待 3 秒
2024-05-08 00:27:00 {"status":"bad","gid":"683308","msg":"添加失败！号码【1637507(-|-)】已存在！"}
2024-05-08 00:27:00 随机等待 164 秒，约 2 分钟
2024-05-08 00:27:00 下次操作: 2024-05-08 00:29:44

2024-05-08 00:29:44 开始第 7592 次操作

2024-05-08 00:29:44 开始操作号码 【1637508】
2024-05-08 00:29:49 GSD getOne 第 1 次 等待 3 秒
2024-05-08 00:29:52 查询号码 【1637508】，返回信息 {"status":"ok","msg":"-","gid":"683333","time_insert":"2023-04-28 22:33"}
2024-05-08 00:29:52 查询号码 【1637508】，GSD为【"-"】
2024-05-08 00:29:52 ok && -
2024-05-08 00:29:56 CHB 1637508?1715099392 第 1 次 等待 3 秒
2024-05-08 00:29:59 CHB 1637508?1715099392 第 1 次 获取到号码【1637508】GSD
2024-05-08 00:29:59 未获取到号码【1637508】GSD，可能号码格式错误
2024-05-08 00:29:59 获取到号码【1637508】的GSD为【-】
2024-05-08 00:30:04 GSD insert 第 1 次 等待 3 秒
2024-05-08 00:30:07 {"status":"bad","gid":"683333","msg":"添加失败！号码【1637508(-|-)】已存在！"}

