2021-07-04 00:00:26 开始第 19 次操作

2021-07-04 00:00:26 开始操作号码 【1307871】
2021-07-04 00:00:39 GSD getOne 第 1 次 等待 1 秒
2021-07-04 00:00:40 查询号码 【1307871】，返回信息 {"status":"ok","msg":"云南-昆明","time_insert":"2021-04-21 15:15"}
2021-07-04 00:00:40 查询号码 【1307871】，GSD为【"云南-昆明"】

2021-07-04 00:00:40 开始第 19 次操作

2021-07-04 00:00:40 开始操作号码 【1307870】
2021-07-04 00:00:59 GSD getOne 第 1 次 等待 1 秒
2021-07-04 00:01:00 查询号码 【1307870】，返回信息 {"status":"bad","msg":""}
2021-07-04 00:01:00 查询号码 【1307870】，GSD为【""】
2021-07-04 00:01:00 bad
2021-07-04 00:01:02 CHB 1307870?1625328060 第 1 次 等待 1 秒
2021-07-04 00:01:03 CHB 1307870?1625328060 第 1 次 获取到号码【1307870】GSD
2021-07-04 00:01:04 获取到号码【1307870】的GSD为【云南-昆明】
2021-07-04 00:01:26 GSD insert 第 1 次 等待 1 秒
2021-07-04 00:01:27 {"status":"ok","msg":"添加成功！185560"}
2021-07-04 00:01:27 下次操作: 2021-07-04 00:01:36

2021-07-04 00:01:36 开始第 20 次操作

2021-07-04 00:01:36 开始操作号码 【1307869】
2021-07-04 00:01:55 GSD getOne 第 1 次 等待 1 秒
2021-07-04 00:01:56 查询号码 【1307869】，返回信息 {"status":"ok","msg":"广东-中山","time_insert":"2016-12-05 10:19","time_update":"2020-09-24 18:30"}
2021-07-04 00:01:56 查询号码 【1307869】，GSD为【"广东-中山"】

2021-07-04 00:01:56 开始第 20 次操作

2021-07-04 00:01:56 开始操作号码 【1307868】
2021-07-04 00:02:19 GSD getOne 第 1 次 等待 1 秒
2021-07-04 00:02:20 查询号码 【1307868】，返回信息 {"status":"bad","msg":""}
2021-07-04 00:02:20 查询号码 【1307868】，GSD为【""】
2021-07-04 00:02:20 bad
2021-07-04 00:02:22 CHB 1307868?1625328140 第 1 次 等待 1 秒
2021-07-04 00:02:23 CHB 1307868?1625328140 第 1 次 获取到号码【1307868】GSD
2021-07-04 00:02:23 获取到号码【1307868】的GSD为【广东-中山】
2021-07-04 00:02:51 GSD insert 第 1 次 等待 1 秒
2021-07-04 00:02:52 {"status":"ok","msg":"添加成功！185579"}
2021-07-04 00:02:52 下次操作: 2021-07-04 00:03:07

2021-07-04 00:03:07 开始第 21 次操作

2021-07-04 00:03:07 开始操作号码 【1307867】
2021-07-04 00:03:10 GSD getOne 第 1 次 等待 1 秒
2021-07-04 00:03:11 查询号码 【1307867】，返回信息 {"status":"bad","msg":""}
2021-07-04 00:03:12 查询号码 【1307867】，GSD为【""】
2021-07-04 00:03:12 bad
2021-07-04 00:03:14 CHB 1307867?1625328192 第 1 次 等待 1 秒
2021-07-04 00:03:15 CHB 1307867?1625328192 第 1 次 获取到号码【1307867】GSD
2021-07-04 00:03:15 获取到号码【1307867】的GSD为【广东-中山】
2021-07-04 00:03:35 GSD insert 第 1 次 等待 1 秒
2021-07-04 00:03:36 {"status":"ok","msg":"添加成功！185588"}
2021-07-04 00:03:36 下次操作: 2021-07-04 00:03:52

2021-07-04 00:03:52 开始第 22 次操作

2021-07-04 00:03:52 开始操作号码 【1307866】
2021-07-04 00:03:57 GSD getOne 第 1 次 等待 1 秒
2021-07-04 00:03:58 查询号码 【1307866】，返回信息 {"status":"bad","msg":""}
2021-07-04 00:03:58 查询号码 【1307866】，GSD为【""】
2021-07-04 00:03:58 bad
2021-07-04 00:04:00 CHB 1307866?1625328238 第 1 次 等待 1 秒
2021-07-04 00:04:01 CHB 1307866?1625328238 第 1 次 获取到号码【1307866】GSD
2021-07-04 00:04:01 获取到号码【1307866】的GSD为【广东-中山】
2021-07-04 00:04:21 GSD insert 第 1 次 等待 1 秒
2021-07-04 00:04:22 {"status":"ok","msg":"添加成功！185598"}
2021-07-04 00:04:22 下次操作: 2021-07-04 00:04:29

2021-07-04 00:04:29 开始第 23 次操作

2021-07-04 00:04:29 开始操作号码 【1307865】
2021-07-04 00:04:56 GSD getOne 第 1 次 等待 1 秒
2021-07-04 00:04:57 查询号码 【1307865】，返回信息 {"status":"bad","msg":""}
2021-07-04 00:04:57 查询号码 【1307865】，GSD为【""】
2021-07-04 00:04:57 bad
2021-07-04 00:04:58 CHB 1307865?1625328297 第 1 次 等待 1 秒
2021-07-04 00:05:00 CHB 1307865?1625328297 第 1 次 获取到号码【1307865】GSD
2021-07-04 00:05:00 获取到号码【1307865】的GSD为【广东-中山】
2021-07-04 00:05:20 GSD insert 第 1 次 等待 1 秒
2021-07-04 00:05:21 {"status":"ok","msg":"添加成功！185607"}
2021-07-04 00:05:21 下次操作: 2021-07-04 00:05:28

2021-07-04 00:05:28 开始第 24 次操作

2021-07-04 00:05:28 开始操作号码 【1307864】
2021-07-04 00:05:40 GSD getOne 第 1 次 等待 1 秒
2021-07-04 00:05:41 查询号码 【1307864】，返回信息 {"status":"bad","msg":""}
2021-07-04 00:05:41 查询号码 【1307864】，GSD为【""】
2021-07-04 00:05:41 bad
2021-07-04 00:05:43 CHB 1307864?1625328341 第 1 次 等待 1 秒
2021-07-04 00:05:44 CHB 1307864?1625328341 第 1 次 获取到号码【1307864】GSD
2021-07-04 00:05:44 获取到号码【1307864】的GSD为【广东-中山】
2021-07-04 00:06:03 GSD insert 第 1 次 等待 1 秒
2021-07-04 00:06:04 {"status":"ok","msg":"添加成功！185615"}
2021-07-04 00:06:04 下次操作: 2021-07-04 00:06:21

2021-07-04 00:06:21 开始第 25 次操作

2021-07-04 00:06:21 开始操作号码 【1307863】
2021-07-04 00:06:29 GSD getOne 第 1 次 等待 1 秒
2021-07-04 00:06:30 查询号码 【1307863】，返回信息 {"status":"bad","msg":""}
2021-07-04 00:06:31 查询号码 【1307863】，GSD为【""】
2021-07-04 00:06:31 bad
2021-07-04 00:06:34 CHB 1307863?1625328391 第 1 次 等待 1 秒
2021-07-04 00:06:35 CHB 1307863?1625328391 第 1 次 获取到号码【1307863】GSD
2021-07-04 00:06:35 获取到号码【1307863】的GSD为【广东-中山】
2021-07-04 00:06:54 GSD insert 第 1 次 等待 1 秒
2021-07-04 00:06:55 {"status":"ok","msg":"添加成功！185628"}
2021-07-04 00:06:55 下次操作: 2021-07-04 00:07:08

2021-07-04 00:07:08 开始第 26 次操作

2021-07-04 00:07:08 开始操作号码 【1307862】
2021-07-04 00:07:20 GSD getOne 第 1 次 等待 1 秒
2021-07-04 00:07:21 查询号码 【1307862】，返回信息 {"status":"bad","msg":""}
2021-07-04 00:07:21 查询号码 【1307862】，GSD为【""】
2021-07-04 00:07:21 bad
2021-07-04 00:07:24 CHB 1307862?1625328441 第 1 次 等待 1 秒
2021-07-04 00:07:25 CHB 1307862?1625328441 第 1 次 获取到号码【1307862】GSD
2021-07-04 00:07:25 获取到号码【1307862】的GSD为【广东-中山】
2021-07-04 00:07:45 GSD insert 第 1 次 等待 1 秒
2021-07-04 00:07:46 {"status":"ok","msg":"添加成功！185637"}
2021-07-04 00:07:46 下次操作: 2021-07-04 00:08:04

2021-07-04 00:08:04 开始第 27 次操作

2021-07-04 00:08:04 开始操作号码 【1307861】
2021-07-04 00:08:08 GSD getOne 第 1 次 等待 1 秒
2021-07-04 00:08:09 查询号码 【1307861】，返回信息 {"status":"bad","msg":""}
2021-07-04 00:08:09 查询号码 【1307861】，GSD为【""】
2021-07-04 00:08:09 bad
2021-07-04 00:08:11 CHB 1307861?1625328489 第 1 次 等待 1 秒
2021-07-04 00:08:12 CHB 1307861?1625328489 第 1 次 获取到号码【1307861】GSD
2021-07-04 00:08:12 获取到号码【1307861】的GSD为【广东-中山】
2021-07-04 00:08:33 GSD insert 第 1 次 等待 1 秒
2021-07-04 00:08:34 {"status":"ok","msg":"添加成功！185646"}
2021-07-04 00:08:34 下次操作: 2021-07-04 00:08:49

2021-07-04 00:08:49 开始第 28 次操作

2021-07-04 00:08:49 开始操作号码 【1307860】
2021-07-04 00:08:54 GSD getOne 第 1 次 等待 1 秒
2021-07-04 00:08:55 查询号码 【1307860】，返回信息 {"status":"bad","msg":""}
2021-07-04 00:08:55 查询号码 【1307860】，GSD为【""】
2021-07-04 00:08:55 bad
2021-07-04 00:08:59 CHB 1307860?1625328535 第 1 次 等待 1 秒
2021-07-04 00:09:00 CHB 1307860?1625328535 第 1 次 获取到号码【1307860】GSD
2021-07-04 00:09:00 获取到号码【1307860】的GSD为【广东-中山】
2021-07-04 00:09:22 GSD insert 第 1 次 等待 1 秒
2021-07-04 00:09:23 {"status":"ok","msg":"添加成功！185655"}
2021-07-04 00:09:23 下次操作: 2021-07-04 00:09:34

2021-07-04 00:09:34 开始第 29 次操作

2021-07-04 00:09:34 开始操作号码 【1307859】
2021-07-04 00:09:49 GSD getOne 第 1 次 等待 1 秒
2021-07-04 00:09:50 查询号码 【1307859】，返回信息 {"status":"bad","msg":""}
2021-07-04 00:09:50 查询号码 【1307859】，GSD为【""】
2021-07-04 00:09:50 bad
2021-07-04 00:09:53 CHB 1307859?1625328590 第 1 次 等待 1 秒
2021-07-04 00:09:54 CHB 1307859?1625328590 第 1 次 获取到号码【1307859】GSD
2021-07-04 00:09:54 获取到号码【1307859】的GSD为【贵州-贵阳】
2021-07-04 00:10:38 GSD insert 第 1 次 等待 1 秒
2021-07-04 00:10:39 {"status":"ok","msg":"添加成功！185670"}
2021-07-04 00:10:39 下次操作: 2021-07-04 00:10:56

2021-07-04 00:10:56 开始第 30 次操作

2021-07-04 00:10:56 开始操作号码 【1307858】
2021-07-04 00:11:00 GSD getOne 第 1 次 等待 1 秒
2021-07-04 00:11:01 查询号码 【1307858】，返回信息 {"status":"bad","msg":""}
2021-07-04 00:11:01 查询号码 【1307858】，GSD为【""】
2021-07-04 00:11:01 bad
2021-07-04 00:11:04 CHB 1307858?1625328661 第 1 次 等待 1 秒
2021-07-04 00:11:05 CHB 1307858?1625328661 第 1 次 获取到号码【1307858】GSD
2021-07-04 00:11:05 获取到号码【1307858】的GSD为【贵州-贵阳】
2021-07-04 00:11:25 GSD insert 第 1 次 等待 1 秒
2021-07-04 00:11:26 {"status":"ok","msg":"添加成功！185678"}

