2023-10-09 00:19:33 开始第 2241 次操作

2023-10-09 00:19:33 开始操作号码 【1952240】
2023-10-09 00:19:36 GSD getOne 第 1 次 等待 3 秒
2023-10-09 00:19:39 查询号码 【1952240】，返回信息 {"status":"ok","msg":"河南-郑州","gid":"516214","time_insert":"2021-08-18 02:34"}
2023-10-09 00:19:39 查询号码 【1952240】，GSD为【"河南-郑州"】

2023-10-09 00:19:40 开始第 2242 次操作

2023-10-09 00:19:40 开始操作号码 【1952241】
2023-10-09 00:19:47 GSD getOne 第 1 次 等待 3 秒
2023-10-09 00:19:50 查询号码 【1952241】，返回信息 {"status":"ok","msg":"河南-郑州","gid":"516220","time_insert":"2021-08-18 02:38"}
2023-10-09 00:19:50 查询号码 【1952241】，GSD为【"河南-郑州"】

2023-10-09 00:19:51 开始第 2243 次操作

2023-10-09 00:19:51 开始操作号码 【1952242】
2023-10-09 00:19:53 GSD getOne 第 1 次 等待 3 秒
2023-10-09 00:19:56 查询号码 【1952242】，返回信息 {"status":"ok","msg":"河南-郑州","gid":"516226","time_insert":"2021-08-18 02:43"}
2023-10-09 00:19:56 查询号码 【1952242】，GSD为【"河南-郑州"】

2023-10-09 00:19:57 开始第 2244 次操作

2023-10-09 00:19:57 开始操作号码 【1952243】
2023-10-09 00:20:01 GSD getOne 第 1 次 等待 3 秒
2023-10-09 00:20:04 查询号码 【1952243】，返回信息 {"status":"ok","msg":"陕西-西安","gid":"516233","time_insert":"2021-08-18 02:48"}
2023-10-09 00:20:04 查询号码 【1952243】，GSD为【"陕西-西安"】

