2024-09-08 00:10:59 开始第 3457 次操作

2024-09-08 00:10:59 开始操作号码 【1413455】
2024-09-08 00:11:10 GSD getOne 第 1 次 等待 3 秒
2024-09-08 00:11:13 查询号码 【1413455】，返回信息 {"status":"ok","msg":"-","gid":"583443","time_insert":"2023-03-11 10:40"}
2024-09-08 00:11:13 查询号码 【1413455】，GSD为【"-"】
2024-09-08 00:11:13 ok && -
2024-09-08 00:11:15 CHB 1413455?1725725473 第 1 次 等待 3 秒
2024-09-08 00:11:18 CHB 1413455?1725725473 第 1 次 获取到号码【1413455】GSD
2024-09-08 00:11:18 未获取到号码【1413455】GSD，可能号码格式错误
2024-09-08 00:11:18 获取到号码【1413455】的GSD为【-】
2024-09-08 00:11:26 GSD insert 第 1 次 等待 3 秒
2024-09-08 00:11:29 {"status":"bad","gid":"583443","msg":"添加失败！号码【1413455(-|-)】已存在！"}
2024-09-08 00:11:29 随机等待 113 秒，约 1 分钟
2024-09-08 00:11:29 下次操作: 2024-09-08 00:13:22

2024-09-08 00:13:22 开始第 3458 次操作

2024-09-08 00:13:22 开始操作号码 【1413456】
2024-09-08 00:13:31 GSD getOne 第 1 次 等待 3 秒
2024-09-08 00:13:34 查询号码 【1413456】，返回信息 {"status":"ok","msg":"-","gid":"583460","time_insert":"2023-03-11 10:54"}
2024-09-08 00:13:34 查询号码 【1413456】，GSD为【"-"】
2024-09-08 00:13:34 ok && -
2024-09-08 00:13:36 CHB 1413456?1725725614 第 1 次 等待 3 秒
2024-09-08 00:13:39 CHB 1413456?1725725614 第 1 次 获取到号码【1413456】GSD
2024-09-08 00:13:39 未获取到号码【1413456】GSD，可能号码格式错误
2024-09-08 00:13:39 获取到号码【1413456】的GSD为【-】
2024-09-08 00:13:47 GSD insert 第 1 次 等待 3 秒
2024-09-08 00:13:50 {"status":"bad","gid":"583460","msg":"添加失败！号码【1413456(-|-)】已存在！"}
2024-09-08 00:13:50 随机等待 183 秒，约 3 分钟
2024-09-08 00:13:50 下次操作: 2024-09-08 00:16:53

2024-09-08 00:16:53 开始第 3459 次操作

2024-09-08 00:16:53 开始操作号码 【1413457】
2024-09-08 00:17:00 GSD getOne 第 1 次 等待 3 秒
2024-09-08 00:17:03 查询号码 【1413457】，返回信息 {"status":"ok","msg":"-","gid":"583486","time_insert":"2023-03-11 11:15"}
2024-09-08 00:17:04 查询号码 【1413457】，GSD为【"-"】
2024-09-08 00:17:04 ok && -
2024-09-08 00:17:06 CHB 1413457?1725725824 第 1 次 等待 3 秒
2024-09-08 00:17:09 CHB 1413457?1725725824 第 1 次 获取到号码【1413457】GSD
2024-09-08 00:17:09 未获取到号码【1413457】GSD，可能号码格式错误
2024-09-08 00:17:09 获取到号码【1413457】的GSD为【-】
2024-09-08 00:17:17 GSD insert 第 1 次 等待 3 秒
2024-09-08 00:17:20 {"status":"bad","gid":"583486","msg":"添加失败！号码【1413457(-|-)】已存在！"}
2024-09-08 00:17:20 随机等待 170 秒，约 2 分钟
2024-09-08 00:17:20 下次操作: 2024-09-08 00:20:10

2024-09-08 00:20:10 开始第 3460 次操作

2024-09-08 00:20:10 开始操作号码 【1413458】
2024-09-08 00:20:19 GSD getOne 第 1 次 等待 3 秒
2024-09-08 00:20:22 查询号码 【1413458】，返回信息 {"status":"ok","msg":"-","gid":"583514","time_insert":"2023-03-11 11:33"}
2024-09-08 00:20:22 查询号码 【1413458】，GSD为【"-"】
2024-09-08 00:20:22 ok && -
2024-09-08 00:20:25 CHB 1413458?1725726022 第 1 次 等待 3 秒
2024-09-08 00:20:28 CHB 1413458?1725726022 第 1 次 获取到号码【1413458】GSD
2024-09-08 00:20:28 未获取到号码【1413458】GSD，可能号码格式错误
2024-09-08 00:20:28 获取到号码【1413458】的GSD为【-】
2024-09-08 00:20:36 GSD insert 第 1 次 等待 3 秒
2024-09-08 00:20:39 {"status":"bad","gid":"583514","msg":"添加失败！号码【1413458(-|-)】已存在！"}

