2023-10-25 00:20:54 开始第 4865 次操作

2023-10-25 00:20:54 开始操作号码 【1954783】
2023-10-25 00:20:57 GSD getOne 第 1 次 等待 3 秒
2023-10-25 00:21:00 查询号码 【1954783】，返回信息 {"status":"ok","msg":"四川-成都","gid":"514754","time_insert":"2021-08-17 10:40","time_update":"2023-06-25 16:47"}
2023-10-25 00:21:00 查询号码 【1954783】，GSD为【"四川-成都"】

2023-10-25 00:21:01 开始第 4866 次操作

2023-10-25 00:21:01 开始操作号码 【1954784】
2023-10-25 00:21:11 GSD getOne 第 1 次 等待 3 秒
2023-10-25 00:21:14 查询号码 【1954784】，返回信息 {"status":"ok","msg":"四川-成都","gid":"514773","time_insert":"2021-08-17 10:52","time_update":"2023-06-25 17:13"}
2023-10-25 00:21:14 查询号码 【1954784】，GSD为【"四川-成都"】

2023-10-25 00:21:15 开始第 4867 次操作

2023-10-25 00:21:15 开始操作号码 【1954785】
2023-10-25 00:21:18 GSD getOne 第 1 次 等待 3 秒
2023-10-25 00:21:21 查询号码 【1954785】，返回信息 {"status":"ok","msg":"四川-成都","gid":"514793","time_insert":"2021-08-17 11:06","time_update":"2023-06-25 17:15"}
2023-10-25 00:21:21 查询号码 【1954785】，GSD为【"四川-成都"】

2023-10-25 00:21:22 开始第 4868 次操作

2023-10-25 00:21:22 开始操作号码 【1954786】
2023-10-25 00:21:28 GSD getOne 第 1 次 等待 3 秒
2023-10-25 00:21:31 查询号码 【1954786】，返回信息 {"status":"ok","msg":"四川-成都","gid":"514816","time_insert":"2021-08-17 11:21","time_update":"2023-06-25 17:18"}
2023-10-25 00:21:31 查询号码 【1954786】，GSD为【"四川-成都"】

