2024-03-06 00:19:29 开始第 7245 次操作

2024-03-06 00:19:29 开始操作号码 【1747163】
2024-03-06 00:19:37 GSD getOne 第 1 次 等待 3 秒
2024-03-06 00:19:40 查询号码 【1747163】，返回信息 {"status":"ok","msg":"-","gid":"238172","time_insert":"2021-07-10 09:35"}
2024-03-06 00:19:40 查询号码 【1747163】，GSD为【"-"】
2024-03-06 00:19:40 ok && -
2024-03-06 00:19:43 CHB 1747163?1709655580 第 1 次 等待 3 秒
2024-03-06 00:19:46 CHB 1747163?1709655580 第 1 次 获取到号码【1747163】GSD
2024-03-06 00:19:46 未获取到号码【1747163】GSD，可能号码格式错误
2024-03-06 00:19:46 获取到号码【1747163】的GSD为【-】
2024-03-06 00:19:50 GSD insert 第 1 次 等待 3 秒
2024-03-06 00:19:53 {"status":"bad","gid":"238172","msg":"添加失败！号码【1747163(-|-)】已存在！"}
2024-03-06 00:19:53 随机等待 145 秒，约 2 分钟
2024-03-06 00:19:53 下次操作: 2024-03-06 00:22:18

2024-03-06 00:22:18 开始第 7246 次操作

2024-03-06 00:22:18 开始操作号码 【1747164】
2024-03-06 00:22:23 GSD getOne 第 1 次 等待 3 秒
2024-03-06 00:22:26 查询号码 【1747164】，返回信息 {"status":"ok","msg":"-","gid":"238177","time_insert":"2021-07-10 09:35"}
2024-03-06 00:22:26 查询号码 【1747164】，GSD为【"-"】
2024-03-06 00:22:26 ok && -
2024-03-06 00:22:28 CHB 1747164?1709655746 第 1 次 等待 3 秒
2024-03-06 00:22:31 CHB 1747164?1709655746 第 1 次 获取到号码【1747164】GSD
2024-03-06 00:22:31 未获取到号码【1747164】GSD，可能号码格式错误
2024-03-06 00:22:31 获取到号码【1747164】的GSD为【-】
2024-03-06 00:22:35 GSD insert 第 1 次 等待 3 秒
2024-03-06 00:22:38 {"status":"bad","gid":"238177","msg":"添加失败！号码【1747164(-|-)】已存在！"}
2024-03-06 00:22:38 随机等待 138 秒，约 2 分钟
2024-03-06 00:22:38 下次操作: 2024-03-06 00:24:56

2024-03-06 00:24:56 开始第 7247 次操作

2024-03-06 00:24:56 开始操作号码 【1747165】
2024-03-06 00:25:01 GSD getOne 第 1 次 等待 3 秒
2024-03-06 00:25:04 查询号码 【1747165】，返回信息 {"status":"ok","msg":"-","gid":"238459","time_insert":"2021-07-10 10:15"}
2024-03-06 00:25:04 查询号码 【1747165】，GSD为【"-"】
2024-03-06 00:25:04 ok && -
2024-03-06 00:25:06 CHB 1747165?1709655904 第 1 次 等待 3 秒
2024-03-06 00:25:09 CHB 1747165?1709655904 第 1 次 获取到号码【1747165】GSD
2024-03-06 00:25:09 未获取到号码【1747165】GSD，可能号码格式错误
2024-03-06 00:25:09 获取到号码【1747165】的GSD为【-】
2024-03-06 00:25:14 GSD insert 第 1 次 等待 3 秒
2024-03-06 00:25:17 {"status":"bad","gid":"238459","msg":"添加失败！号码【1747165(-|-)】已存在！"}
2024-03-06 00:25:17 随机等待 69 秒，约 1 分钟
2024-03-06 00:25:17 下次操作: 2024-03-06 00:26:26

2024-03-06 00:26:26 开始第 7248 次操作

2024-03-06 00:26:26 开始操作号码 【1747166】
2024-03-06 00:26:30 GSD getOne 第 1 次 等待 3 秒
2024-03-06 00:26:33 查询号码 【1747166】，返回信息 {"status":"ok","msg":"-","gid":"238466","time_insert":"2021-07-10 10:16"}
2024-03-06 00:26:33 查询号码 【1747166】，GSD为【"-"】
2024-03-06 00:26:33 ok && -
2024-03-06 00:26:35 CHB 1747166?1709655993 第 1 次 等待 3 秒
2024-03-06 00:26:38 CHB 1747166?1709655993 第 1 次 获取到号码【1747166】GSD
2024-03-06 00:26:38 未获取到号码【1747166】GSD，可能号码格式错误
2024-03-06 00:26:38 获取到号码【1747166】的GSD为【-】
2024-03-06 00:26:43 GSD insert 第 1 次 等待 3 秒
2024-03-06 00:26:46 {"status":"bad","gid":"238466","msg":"添加失败！号码【1747166(-|-)】已存在！"}

