2024-02-07 00:20:31 开始第 2289 次操作

2024-02-07 00:20:31 开始操作号码 【1742207】
2024-02-07 00:20:36 GSD getOne 第 1 次 等待 3 秒
2024-02-07 00:20:39 查询号码 【1742207】，返回信息 {"status":"ok","msg":"-","gid":"156680","time_insert":"2021-06-29 22:51"}
2024-02-07 00:20:39 查询号码 【1742207】，GSD为【"-"】
2024-02-07 00:20:39 ok && -
2024-02-07 00:20:41 CHB 1742207?1707236439 第 1 次 等待 3 秒
2024-02-07 00:20:44 CHB 1742207?1707236439 第 1 次 获取到号码【1742207】GSD
2024-02-07 00:20:45 未获取到号码【1742207】GSD，可能号码格式错误
2024-02-07 00:20:45 获取到号码【1742207】的GSD为【-】
2024-02-07 00:20:49 GSD insert 第 1 次 等待 3 秒
2024-02-07 00:20:52 {"status":"bad","gid":"156680","msg":"添加失败！号码【1742207(-|-)】已存在！"}
2024-02-07 00:20:52 随机等待 80 秒，约 1 分钟
2024-02-07 00:20:52 下次操作: 2024-02-07 00:22:12

2024-02-07 00:22:12 开始第 2290 次操作

2024-02-07 00:22:12 开始操作号码 【1742208】
2024-02-07 00:22:17 GSD getOne 第 1 次 等待 3 秒
2024-02-07 00:22:20 查询号码 【1742208】，返回信息 {"status":"ok","msg":"-","gid":"156690","time_insert":"2021-06-29 22:52"}
2024-02-07 00:22:20 查询号码 【1742208】，GSD为【"-"】
2024-02-07 00:22:20 ok && -
2024-02-07 00:22:23 CHB 1742208?1707236540 第 1 次 等待 3 秒
2024-02-07 00:22:26 CHB 1742208?1707236540 第 1 次 获取到号码【1742208】GSD
2024-02-07 00:22:26 未获取到号码【1742208】GSD，可能号码格式错误
2024-02-07 00:22:26 获取到号码【1742208】的GSD为【-】
2024-02-07 00:22:30 GSD insert 第 1 次 等待 3 秒
2024-02-07 00:22:33 {"status":"bad","gid":"156690","msg":"添加失败！号码【1742208(-|-)】已存在！"}
2024-02-07 00:22:33 随机等待 172 秒，约 2 分钟
2024-02-07 00:22:33 下次操作: 2024-02-07 00:25:25

2024-02-07 00:25:25 开始第 2291 次操作

2024-02-07 00:25:25 开始操作号码 【1742209】
2024-02-07 00:25:29 GSD getOne 第 1 次 等待 3 秒
2024-02-07 00:25:32 查询号码 【1742209】，返回信息 {"status":"ok","msg":"-","gid":"156696","time_insert":"2021-06-29 22:53"}
2024-02-07 00:25:32 查询号码 【1742209】，GSD为【"-"】
2024-02-07 00:25:32 ok && -
2024-02-07 00:25:35 CHB 1742209?1707236732 第 1 次 等待 3 秒
2024-02-07 00:25:38 CHB 1742209?1707236732 第 1 次 获取到号码【1742209】GSD
2024-02-07 00:25:38 未获取到号码【1742209】GSD，可能号码格式错误
2024-02-07 00:25:38 获取到号码【1742209】的GSD为【-】
2024-02-07 00:25:46 GSD insert 第 1 次 等待 3 秒
2024-02-07 00:25:49 {"status":"bad","gid":"156696","msg":"添加失败！号码【1742209(-|-)】已存在！"}
2024-02-07 00:25:49 随机等待 143 秒，约 2 分钟
2024-02-07 00:25:49 下次操作: 2024-02-07 00:28:12

2024-02-07 00:28:12 开始第 2292 次操作

2024-02-07 00:28:12 开始操作号码 【1742210】
2024-02-07 00:28:16 GSD getOne 第 1 次 等待 3 秒
2024-02-07 00:28:19 查询号码 【1742210】，返回信息 {"status":"ok","msg":"-","gid":"156702","time_insert":"2021-06-29 22:54"}
2024-02-07 00:28:19 查询号码 【1742210】，GSD为【"-"】
2024-02-07 00:28:19 ok && -
2024-02-07 00:28:21 CHB 1742210?1707236899 第 1 次 等待 3 秒
2024-02-07 00:28:24 CHB 1742210?1707236899 第 1 次 获取到号码【1742210】GSD
2024-02-07 00:28:24 未获取到号码【1742210】GSD，可能号码格式错误
2024-02-07 00:28:24 获取到号码【1742210】的GSD为【-】
2024-02-07 00:28:28 GSD insert 第 1 次 等待 3 秒
2024-02-07 00:28:31 {"status":"bad","gid":"156702","msg":"添加失败！号码【1742210(-|-)】已存在！"}

