2024-04-19 00:21:33 开始第 4253 次操作

2024-04-19 00:21:33 开始操作号码 【1634171】
2024-04-19 00:21:38 GSD getOne 第 1 次 等待 3 秒
2024-04-19 00:21:41 查询号码 【1634171】，返回信息 {"status":"ok","msg":"-","gid":"604567","time_insert":"2023-03-21 08:23"}
2024-04-19 00:21:41 查询号码 【1634171】，GSD为【"-"】
2024-04-19 00:21:41 ok && -
2024-04-19 00:21:45 CHB 1634171?1713457301 第 1 次 等待 3 秒
2024-04-19 00:21:48 CHB 1634171?1713457301 第 1 次 获取到号码【1634171】GSD
2024-04-19 00:21:48 未获取到号码【1634171】GSD，可能号码格式错误
2024-04-19 00:21:48 获取到号码【1634171】的GSD为【-】
2024-04-19 00:21:53 GSD insert 第 1 次 等待 3 秒
2024-04-19 00:21:56 {"status":"bad","gid":"604567","msg":"添加失败！号码【1634171(-|-)】已存在！"}
2024-04-19 00:21:56 随机等待 109 秒，约 1 分钟
2024-04-19 00:21:56 下次操作: 2024-04-19 00:23:45

2024-04-19 00:23:45 开始第 4254 次操作

2024-04-19 00:23:45 开始操作号码 【1634172】
2024-04-19 00:23:49 GSD getOne 第 1 次 等待 3 秒
2024-04-19 00:23:52 查询号码 【1634172】，返回信息 {"status":"ok","msg":"-","gid":"604577","time_insert":"2023-03-21 08:34"}
2024-04-19 00:23:52 查询号码 【1634172】，GSD为【"-"】
2024-04-19 00:23:52 ok && -
2024-04-19 00:23:55 CHB 1634172?1713457432 第 1 次 等待 3 秒
2024-04-19 00:23:58 CHB 1634172?1713457432 第 1 次 获取到号码【1634172】GSD
2024-04-19 00:23:58 未获取到号码【1634172】GSD，可能号码格式错误
2024-04-19 00:23:58 获取到号码【1634172】的GSD为【-】
2024-04-19 00:24:02 GSD insert 第 1 次 等待 3 秒
2024-04-19 00:24:05 {"status":"bad","gid":"604577","msg":"添加失败！号码【1634172(-|-)】已存在！"}
2024-04-19 00:24:05 随机等待 162 秒，约 2 分钟
2024-04-19 00:24:05 下次操作: 2024-04-19 00:26:47

2024-04-19 00:26:47 开始第 4255 次操作

2024-04-19 00:26:47 开始操作号码 【1634173】
2024-04-19 00:26:52 GSD getOne 第 1 次 等待 3 秒
2024-04-19 00:26:55 查询号码 【1634173】，返回信息 {"status":"ok","msg":"-","gid":"604596","time_insert":"2023-03-21 08:51"}
2024-04-19 00:26:55 查询号码 【1634173】，GSD为【"-"】
2024-04-19 00:26:55 ok && -
2024-04-19 00:27:01 CHB 1634173?1713457615 第 1 次 等待 3 秒
2024-04-19 00:27:04 CHB 1634173?1713457615 第 1 次 获取到号码【1634173】GSD
2024-04-19 00:27:04 未获取到号码【1634173】GSD，可能号码格式错误
2024-04-19 00:27:04 获取到号码【1634173】的GSD为【-】
2024-04-19 00:27:10 GSD insert 第 1 次 等待 3 秒
2024-04-19 00:27:13 {"status":"bad","gid":"604596","msg":"添加失败！号码【1634173(-|-)】已存在！"}
2024-04-19 00:27:13 随机等待 175 秒，约 2 分钟
2024-04-19 00:27:13 下次操作: 2024-04-19 00:30:08

2024-04-19 00:30:08 开始第 4256 次操作

2024-04-19 00:30:08 开始操作号码 【1634174】
2024-04-19 00:30:14 GSD getOne 第 1 次 等待 3 秒
2024-04-19 00:30:17 查询号码 【1634174】，返回信息 {"status":"ok","msg":"-","gid":"604622","time_insert":"2023-03-21 09:12"}
2024-04-19 00:30:17 查询号码 【1634174】，GSD为【"-"】
2024-04-19 00:30:17 ok && -
2024-04-19 00:30:21 CHB 1634174?1713457817 第 1 次 等待 3 秒
2024-04-19 00:30:24 CHB 1634174?1713457817 第 1 次 获取到号码【1634174】GSD
2024-04-19 00:30:24 未获取到号码【1634174】GSD，可能号码格式错误
2024-04-19 00:30:24 获取到号码【1634174】的GSD为【-】
2024-04-19 00:30:29 GSD insert 第 1 次 等待 3 秒
2024-04-19 00:30:32 {"status":"bad","gid":"604622","msg":"添加失败！号码【1634174(-|-)】已存在！"}

