2024-09-05 00:12:39 开始第 2933 次操作

2024-09-05 00:12:39 开始操作号码 【1412932】
2024-09-05 00:12:49 GSD getOne 第 1 次 等待 3 秒
2024-09-05 00:12:52 查询号码 【1412932】，返回信息 {"status":"ok","msg":"-","gid":"571793","time_insert":"2023-03-05 17:35"}
2024-09-05 00:12:52 查询号码 【1412932】，GSD为【"-"】
2024-09-05 00:12:52 ok && -
2024-09-05 00:12:54 CHB 1412932?1725466372 第 1 次 等待 3 秒
2024-09-05 00:12:57 CHB 1412932?1725466372 第 1 次 获取到号码【1412932】GSD
2024-09-05 00:12:57 未获取到号码【1412932】GSD，可能号码格式错误
2024-09-05 00:12:57 获取到号码【1412932】的GSD为【-】
2024-09-05 00:13:07 GSD insert 第 1 次 等待 3 秒
2024-09-05 00:13:10 {"status":"bad","gid":"571793","msg":"添加失败！号码【1412932(-|-)】已存在！"}
2024-09-05 00:13:10 随机等待 91 秒，约 1 分钟
2024-09-05 00:13:10 下次操作: 2024-09-05 00:14:41

2024-09-05 00:14:41 开始第 2934 次操作

2024-09-05 00:14:41 开始操作号码 【1412933】
2024-09-05 00:14:50 GSD getOne 第 1 次 等待 3 秒
2024-09-05 00:14:53 查询号码 【1412933】，返回信息 {"status":"ok","msg":"-","gid":"571823","time_insert":"2023-03-05 17:50"}
2024-09-05 00:14:53 查询号码 【1412933】，GSD为【"-"】
2024-09-05 00:14:53 ok && -
2024-09-05 00:14:55 CHB 1412933?1725466493 第 1 次 等待 3 秒
2024-09-05 00:14:58 CHB 1412933?1725466493 第 1 次 获取到号码【1412933】GSD
2024-09-05 00:14:58 未获取到号码【1412933】GSD，可能号码格式错误
2024-09-05 00:14:58 获取到号码【1412933】的GSD为【-】
2024-09-05 00:15:06 GSD insert 第 1 次 等待 3 秒
2024-09-05 00:15:09 {"status":"bad","gid":"571823","msg":"添加失败！号码【1412933(-|-)】已存在！"}
2024-09-05 00:15:09 随机等待 179 秒，约 2 分钟
2024-09-05 00:15:09 下次操作: 2024-09-05 00:18:08

2024-09-05 00:18:08 开始第 2935 次操作

2024-09-05 00:18:08 开始操作号码 【1412934】
2024-09-05 00:18:18 GSD getOne 第 1 次 等待 3 秒
2024-09-05 00:18:21 查询号码 【1412934】，返回信息 {"status":"ok","msg":"-","gid":"571853","time_insert":"2023-03-05 18:10"}
2024-09-05 00:18:21 查询号码 【1412934】，GSD为【"-"】
2024-09-05 00:18:21 ok && -
2024-09-05 00:18:23 CHB 1412934?1725466701 第 1 次 等待 3 秒
2024-09-05 00:18:26 CHB 1412934?1725466701 第 1 次 获取到号码【1412934】GSD
2024-09-05 00:18:26 未获取到号码【1412934】GSD，可能号码格式错误
2024-09-05 00:18:26 获取到号码【1412934】的GSD为【-】
2024-09-05 00:18:33 GSD insert 第 1 次 等待 3 秒
2024-09-05 00:18:36 {"status":"bad","gid":"571853","msg":"添加失败！号码【1412934(-|-)】已存在！"}
2024-09-05 00:18:36 随机等待 222 秒，约 3 分钟
2024-09-05 00:18:36 下次操作: 2024-09-05 00:22:18

2024-09-05 00:22:18 开始第 2936 次操作

2024-09-05 00:22:18 开始操作号码 【1412935】
2024-09-05 00:22:28 GSD getOne 第 1 次 等待 3 秒
2024-09-05 00:22:31 查询号码 【1412935】，返回信息 {"status":"ok","msg":"-","gid":"571867","time_insert":"2023-03-05 18:20"}
2024-09-05 00:22:31 查询号码 【1412935】，GSD为【"-"】
2024-09-05 00:22:31 ok && -
2024-09-05 00:22:33 CHB 1412935?1725466951 第 1 次 等待 3 秒
2024-09-05 00:22:36 CHB 1412935?1725466951 第 1 次 获取到号码【1412935】GSD
2024-09-05 00:22:36 未获取到号码【1412935】GSD，可能号码格式错误
2024-09-05 00:22:36 获取到号码【1412935】的GSD为【-】
2024-09-05 00:22:49 GSD insert 第 1 次 等待 3 秒
2024-09-05 00:22:52 {"status":"bad","gid":"571867","msg":"添加失败！号码【1412935(-|-)】已存在！"}

