2024-08-24 00:12:54 开始第 829 次操作

2024-08-24 00:12:54 开始操作号码 【1410828】
2024-08-24 00:13:05 GSD getOne 第 1 次 等待 3 秒
2024-08-24 00:13:08 查询号码 【1410828】，返回信息 {"status":"ok","msg":"-","gid":"529704","time_insert":"2023-02-13 23:49"}
2024-08-24 00:13:08 查询号码 【1410828】，GSD为【"-"】
2024-08-24 00:13:08 ok && -
2024-08-24 00:13:10 CHB 1410828?1724429588 第 1 次 等待 3 秒
2024-08-24 00:13:13 CHB 1410828?1724429588 第 1 次 获取到号码【1410828】GSD
2024-08-24 00:13:13 未获取到号码【1410828】GSD，可能号码格式错误
2024-08-24 00:13:13 获取到号码【1410828】的GSD为【-】
2024-08-24 00:13:20 GSD insert 第 1 次 等待 3 秒
2024-08-24 00:13:23 {"status":"bad","gid":"529704","msg":"添加失败！号码【1410828(-|-)】已存在！"}
2024-08-24 00:13:23 随机等待 137 秒，约 2 分钟
2024-08-24 00:13:23 下次操作: 2024-08-24 00:15:40

2024-08-24 00:15:40 开始第 830 次操作

2024-08-24 00:15:40 开始操作号码 【1410829】
2024-08-24 00:15:51 GSD getOne 第 1 次 等待 3 秒
2024-08-24 00:15:54 查询号码 【1410829】，返回信息 {"status":"ok","msg":"-","gid":"529721","time_insert":"2023-02-14 00:04"}
2024-08-24 00:15:54 查询号码 【1410829】，GSD为【"-"】
2024-08-24 00:15:54 ok && -
2024-08-24 00:15:55 CHB 1410829?1724429754 第 1 次 等待 3 秒
2024-08-24 00:15:58 CHB 1410829?1724429754 第 1 次 获取到号码【1410829】GSD
2024-08-24 00:15:58 未获取到号码【1410829】GSD，可能号码格式错误
2024-08-24 00:15:58 获取到号码【1410829】的GSD为【-】
2024-08-24 00:16:07 GSD insert 第 1 次 等待 3 秒
2024-08-24 00:16:10 {"status":"bad","gid":"529721","msg":"添加失败！号码【1410829(-|-)】已存在！"}
2024-08-24 00:16:10 随机等待 83 秒，约 1 分钟
2024-08-24 00:16:10 下次操作: 2024-08-24 00:17:33

2024-08-24 00:17:33 开始第 831 次操作

2024-08-24 00:17:33 开始操作号码 【1410830】
2024-08-24 00:17:42 GSD getOne 第 1 次 等待 3 秒
2024-08-24 00:17:45 查询号码 【1410830】，返回信息 {"status":"ok","msg":"-","gid":"529735","time_insert":"2023-02-14 00:15"}
2024-08-24 00:17:45 查询号码 【1410830】，GSD为【"-"】
2024-08-24 00:17:45 ok && -
2024-08-24 00:17:46 CHB 1410830?1724429865 第 1 次 等待 3 秒
2024-08-24 00:17:49 CHB 1410830?1724429865 第 1 次 获取到号码【1410830】GSD
2024-08-24 00:17:49 未获取到号码【1410830】GSD，可能号码格式错误
2024-08-24 00:17:49 获取到号码【1410830】的GSD为【-】
2024-08-24 00:17:58 GSD insert 第 1 次 等待 3 秒
2024-08-24 00:18:01 {"status":"bad","gid":"529735","msg":"添加失败！号码【1410830(-|-)】已存在！"}
2024-08-24 00:18:01 随机等待 89 秒，约 1 分钟
2024-08-24 00:18:01 下次操作: 2024-08-24 00:19:30

2024-08-24 00:19:30 开始第 832 次操作

2024-08-24 00:19:30 开始操作号码 【1410831】
2024-08-24 00:19:40 GSD getOne 第 1 次 等待 3 秒
2024-08-24 00:19:43 查询号码 【1410831】，返回信息 {"status":"ok","msg":"-","gid":"529749","time_insert":"2023-02-14 00:26"}
2024-08-24 00:19:43 查询号码 【1410831】，GSD为【"-"】
2024-08-24 00:19:43 ok && -
2024-08-24 00:19:45 CHB 1410831?1724429983 第 1 次 等待 3 秒
2024-08-24 00:19:48 CHB 1410831?1724429983 第 1 次 获取到号码【1410831】GSD
2024-08-24 00:19:48 未获取到号码【1410831】GSD，可能号码格式错误
2024-08-24 00:19:48 获取到号码【1410831】的GSD为【-】
2024-08-24 00:19:58 GSD insert 第 1 次 等待 3 秒
2024-08-24 00:20:01 {"status":"bad","gid":"529749","msg":"添加失败！号码【1410831(-|-)】已存在！"}

