2024-07-26 00:24:16 开始第 7897 次操作

2024-07-26 00:24:16 开始操作号码 【1527799】
2024-07-26 00:24:25 GSD getOne 第 1 次 等待 3 秒
2024-07-26 00:24:28 查询号码 【1527799】，返回信息 {"status":"ok","msg":"广西-玉林","gid":"372746","time_insert":"2021-07-24 03:04"}
2024-07-26 00:24:28 查询号码 【1527799】，GSD为【"广西-玉林"】

2024-07-26 00:24:29 开始第 7898 次操作

2024-07-26 00:24:29 开始操作号码 【1527800】
2024-07-26 00:24:37 GSD getOne 第 1 次 等待 3 秒
2024-07-26 00:24:40 查询号码 【1527800】，返回信息 {"status":"ok","msg":"广西-南宁","gid":"372736","time_insert":"2021-07-24 03:03"}
2024-07-26 00:24:40 查询号码 【1527800】，GSD为【"广西-南宁"】

2024-07-26 00:24:41 开始第 7899 次操作

2024-07-26 00:24:41 开始操作号码 【1527801】
2024-07-26 00:24:49 GSD getOne 第 1 次 等待 3 秒
2024-07-26 00:24:52 查询号码 【1527801】，返回信息 {"status":"ok","msg":"广西-南宁","gid":"372724","time_insert":"2021-07-24 03:02"}
2024-07-26 00:24:52 查询号码 【1527801】，GSD为【"广西-南宁"】

2024-07-26 00:24:53 开始第 7900 次操作

2024-07-26 00:24:53 开始操作号码 【1527802】
2024-07-26 00:25:01 GSD getOne 第 1 次 等待 3 秒
2024-07-26 00:25:04 查询号码 【1527802】，返回信息 {"status":"ok","msg":"广西-南宁","gid":"372716","time_insert":"2021-07-24 03:02"}
2024-07-26 00:25:04 查询号码 【1527802】，GSD为【"广西-南宁"】

2024-07-26 00:42:15 开始第 7901 次操作

2024-07-26 00:42:15 开始操作号码 【1527803】
2024-07-26 00:42:25 GSD getOne 第 1 次 等待 3 秒
2024-07-26 00:42:28 查询号码 【1527803】，返回信息 {"status":"ok","msg":"广西-南宁","gid":"372705","time_insert":"2021-07-24 03:01"}
2024-07-26 00:42:28 查询号码 【1527803】，GSD为【"广西-南宁"】

2024-07-26 00:42:29 开始第 7902 次操作

2024-07-26 00:42:29 开始操作号码 【1527804】
2024-07-26 00:42:37 GSD getOne 第 1 次 等待 3 秒
2024-07-26 00:42:40 查询号码 【1527804】，返回信息 {"status":"ok","msg":"广西-崇左","gid":"372697","time_insert":"2021-07-24 03:01"}
2024-07-26 00:42:40 查询号码 【1527804】，GSD为【"广西-崇左"】

2024-07-26 00:42:41 开始第 7903 次操作

2024-07-26 00:42:41 开始操作号码 【1527805】
2024-07-26 00:42:49 GSD getOne 第 1 次 等待 3 秒
2024-07-26 00:42:52 查询号码 【1527805】，返回信息 {"status":"ok","msg":"广西-南宁","gid":"19662","time_insert":"2018-11-02 09:50","time_update":"2020-12-17 22:04"}
2024-07-26 00:42:52 查询号码 【1527805】，GSD为【"广西-南宁"】

2024-07-26 00:42:53 开始第 7904 次操作

2024-07-26 00:42:53 开始操作号码 【1527806】
2024-07-26 00:43:02 GSD getOne 第 1 次 等待 3 秒
2024-07-26 00:43:05 查询号码 【1527806】，返回信息 {"status":"ok","msg":"广西-南宁","gid":"372684","time_insert":"2021-07-24 03:00"}
2024-07-26 00:43:05 查询号码 【1527806】，GSD为【"广西-南宁"】

2024-07-26 01:17:30 开始第 7905 次操作

2024-07-26 01:17:30 开始操作号码 【1527807】
2024-07-26 01:17:38 GSD getOne 第 1 次 等待 3 秒
2024-07-26 01:17:41 查询号码 【1527807】，返回信息 {"status":"ok","msg":"广西-南宁","gid":"372677","time_insert":"2021-07-24 02:59"}
2024-07-26 01:17:41 查询号码 【1527807】，GSD为【"广西-南宁"】

2024-07-26 01:17:42 开始第 7906 次操作

2024-07-26 01:17:42 开始操作号码 【1527808】
2024-07-26 01:17:51 GSD getOne 第 1 次 等待 3 秒
2024-07-26 01:17:54 查询号码 【1527808】，返回信息 {"status":"ok","msg":"广西-南宁","gid":"372665","time_insert":"2021-07-24 02:59"}
2024-07-26 01:17:54 查询号码 【1527808】，GSD为【"广西-南宁"】

2024-07-26 01:17:55 开始第 7907 次操作

2024-07-26 01:17:55 开始操作号码 【1527809】
2024-07-26 01:18:06 GSD getOne 第 1 次 等待 3 秒
2024-07-26 01:18:09 查询号码 【1527809】，返回信息 {"status":"ok","msg":"广西-崇左","gid":"372653","time_insert":"2021-07-24 02:58"}
2024-07-26 01:18:09 查询号码 【1527809】，GSD为【"广西-崇左"】

2024-07-26 01:18:10 开始第 7908 次操作

2024-07-26 01:18:10 开始操作号码 【1527810】
2024-07-26 01:18:19 GSD getOne 第 1 次 等待 3 秒
2024-07-26 01:18:22 查询号码 【1527810】，返回信息 {"status":"ok","msg":"广西-南宁","gid":"372643","time_insert":"2021-07-24 02:58"}
2024-07-26 01:18:23 查询号码 【1527810】，GSD为【"广西-南宁"】

2024-07-26 01:37:24 开始第 7909 次操作

2024-07-26 01:37:24 开始操作号码 【1527811】
2024-07-26 01:37:32 GSD getOne 第 1 次 等待 3 秒
2024-07-26 01:37:35 查询号码 【1527811】，返回信息 {"status":"ok","msg":"广西-南宁","gid":"372635","time_insert":"2021-07-24 02:57"}
2024-07-26 01:37:35 查询号码 【1527811】，GSD为【"广西-南宁"】

2024-07-26 01:37:36 开始第 7910 次操作

2024-07-26 01:37:36 开始操作号码 【1527812】
2024-07-26 01:37:46 GSD getOne 第 1 次 等待 3 秒
2024-07-26 01:37:49 查询号码 【1527812】，返回信息 {"status":"ok","msg":"广西-南宁","gid":"372624","time_insert":"2021-07-24 02:57"}
2024-07-26 01:37:49 查询号码 【1527812】，GSD为【"广西-南宁"】

2024-07-26 01:37:50 开始第 7911 次操作

2024-07-26 01:37:50 开始操作号码 【1527813】
2024-07-26 01:37:58 GSD getOne 第 1 次 等待 3 秒
2024-07-26 01:38:01 查询号码 【1527813】，返回信息 {"status":"ok","msg":"广西-南宁","gid":"372617","time_insert":"2021-07-24 02:56"}
2024-07-26 01:38:01 查询号码 【1527813】，GSD为【"广西-南宁"】

2024-07-26 01:38:02 开始第 7912 次操作

2024-07-26 01:38:02 开始操作号码 【1527814】
2024-07-26 01:38:10 GSD getOne 第 1 次 等待 3 秒
2024-07-26 01:38:13 查询号码 【1527814】，返回信息 {"status":"ok","msg":"广西-南宁","gid":"372611","time_insert":"2021-07-24 02:56"}
2024-07-26 01:38:13 查询号码 【1527814】，GSD为【"广西-南宁"】

2024-07-26 02:24:54 开始第 7913 次操作

2024-07-26 02:24:54 开始操作号码 【1527815】
2024-07-26 02:25:01 GSD getOne 第 1 次 等待 3 秒
2024-07-26 02:25:04 查询号码 【1527815】，返回信息 {"status":"ok","msg":"广西-南宁","gid":"372604","time_insert":"2021-07-24 02:55"}
2024-07-26 02:25:04 查询号码 【1527815】，GSD为【"广西-南宁"】

2024-07-26 02:25:05 开始第 7914 次操作

2024-07-26 02:25:05 开始操作号码 【1527816】
2024-07-26 02:25:14 GSD getOne 第 1 次 等待 3 秒
2024-07-26 02:25:17 查询号码 【1527816】，返回信息 {"status":"ok","msg":"广西-南宁","gid":"372596","time_insert":"2021-07-24 02:55"}
2024-07-26 02:25:17 查询号码 【1527816】，GSD为【"广西-南宁"】

2024-07-26 02:25:18 开始第 7915 次操作

2024-07-26 02:25:18 开始操作号码 【1527817】
2024-07-26 02:25:26 GSD getOne 第 1 次 等待 3 秒
2024-07-26 02:25:29 查询号码 【1527817】，返回信息 {"status":"ok","msg":"广西-南宁","gid":"372588","time_insert":"2021-07-24 02:54"}
2024-07-26 02:25:29 查询号码 【1527817】，GSD为【"广西-南宁"】

2024-07-26 02:25:30 开始第 7916 次操作

2024-07-26 02:25:30 开始操作号码 【1527818】
2024-07-26 02:25:39 GSD getOne 第 1 次 等待 3 秒
2024-07-26 02:25:42 查询号码 【1527818】，返回信息 {"status":"ok","msg":"广西-崇左","gid":"372579","time_insert":"2021-07-24 02:54"}
2024-07-26 02:25:42 查询号码 【1527818】，GSD为【"广西-崇左"】

2024-07-26 02:39:27 开始第 7917 次操作

2024-07-26 02:39:27 开始操作号码 【1527819】
2024-07-26 02:39:36 GSD getOne 第 1 次 等待 3 秒
2024-07-26 02:39:39 查询号码 【1527819】，返回信息 {"status":"ok","msg":"广西-南宁","gid":"372568","time_insert":"2021-07-24 02:53"}
2024-07-26 02:39:39 查询号码 【1527819】，GSD为【"广西-南宁"】

2024-07-26 02:39:40 开始第 7918 次操作

2024-07-26 02:39:40 开始操作号码 【1527820】
2024-07-26 02:39:49 GSD getOne 第 1 次 等待 3 秒
2024-07-26 02:39:52 查询号码 【1527820】，返回信息 {"status":"ok","msg":"广西-玉林","gid":"372560","time_insert":"2021-07-24 02:53"}
2024-07-26 02:39:52 查询号码 【1527820】，GSD为【"广西-玉林"】

2024-07-26 02:39:53 开始第 7919 次操作

2024-07-26 02:39:53 开始操作号码 【1527821】
2024-07-26 02:40:01 GSD getOne 第 1 次 等待 3 秒
2024-07-26 02:40:04 查询号码 【1527821】，返回信息 {"status":"ok","msg":"广西-玉林","gid":"372550","time_insert":"2021-07-24 02:52"}
2024-07-26 02:40:04 查询号码 【1527821】，GSD为【"广西-玉林"】

2024-07-26 02:40:05 开始第 7920 次操作

2024-07-26 02:40:05 开始操作号码 【1527822】
2024-07-26 02:40:15 GSD getOne 第 1 次 等待 3 秒
2024-07-26 02:40:18 查询号码 【1527822】，返回信息 {"status":"ok","msg":"广西-贵港","gid":"372542","time_insert":"2021-07-24 02:51"}
2024-07-26 02:40:18 查询号码 【1527822】，GSD为【"广西-贵港"】

2024-07-26 03:15:29 开始第 7921 次操作

2024-07-26 03:15:29 开始操作号码 【1527823】
2024-07-26 03:15:37 GSD getOne 第 1 次 等待 3 秒
2024-07-26 03:15:40 查询号码 【1527823】，返回信息 {"status":"ok","msg":"广西-玉林","gid":"372535","time_insert":"2021-07-24 02:51"}
2024-07-26 03:15:40 查询号码 【1527823】，GSD为【"广西-玉林"】

2024-07-26 03:15:41 开始第 7922 次操作

2024-07-26 03:15:41 开始操作号码 【1527824】
2024-07-26 03:15:49 GSD getOne 第 1 次 等待 3 秒
2024-07-26 03:15:52 查询号码 【1527824】，返回信息 {"status":"ok","msg":"广西-贵港","gid":"19663","time_insert":"2019-04-12 11:23","time_update":"2020-12-17 22:09"}
2024-07-26 03:15:52 查询号码 【1527824】，GSD为【"广西-贵港"】

2024-07-26 03:15:53 开始第 7923 次操作

2024-07-26 03:15:53 开始操作号码 【1527825】
2024-07-26 03:16:01 GSD getOne 第 1 次 等待 3 秒
2024-07-26 03:16:04 查询号码 【1527825】，返回信息 {"status":"ok","msg":"广西-玉林","gid":"372526","time_insert":"2021-07-24 02:50"}
2024-07-26 03:16:05 查询号码 【1527825】，GSD为【"广西-玉林"】

2024-07-26 03:16:06 开始第 7924 次操作

2024-07-26 03:16:06 开始操作号码 【1527826】
2024-07-26 03:16:14 GSD getOne 第 1 次 等待 3 秒
2024-07-26 03:16:17 查询号码 【1527826】，返回信息 {"status":"ok","msg":"广西-玉林","gid":"372517","time_insert":"2021-07-24 02:50"}
2024-07-26 03:16:17 查询号码 【1527826】，GSD为【"广西-玉林"】

2024-07-26 03:37:35 开始第 7925 次操作

2024-07-26 03:37:35 开始操作号码 【1527827】
2024-07-26 03:37:44 GSD getOne 第 1 次 等待 3 秒
2024-07-26 03:37:47 查询号码 【1527827】，返回信息 {"status":"ok","msg":"广西-贵港","gid":"372510","time_insert":"2021-07-24 02:49"}
2024-07-26 03:37:47 查询号码 【1527827】，GSD为【"广西-贵港"】

2024-07-26 03:37:48 开始第 7926 次操作

2024-07-26 03:37:48 开始操作号码 【1527828】
2024-07-26 03:37:56 GSD getOne 第 1 次 等待 3 秒
2024-07-26 03:37:59 查询号码 【1527828】，返回信息 {"status":"ok","msg":"广西-贵港","gid":"372504","time_insert":"2021-07-24 02:49"}
2024-07-26 03:37:59 查询号码 【1527828】，GSD为【"广西-贵港"】

2024-07-26 03:38:00 开始第 7927 次操作

2024-07-26 03:38:00 开始操作号码 【1527829】
2024-07-26 03:38:07 GSD getOne 第 1 次 等待 3 秒
2024-07-26 03:38:10 查询号码 【1527829】，返回信息 {"status":"ok","msg":"广西-玉林","gid":"372495","time_insert":"2021-07-24 02:48"}
2024-07-26 03:38:11 查询号码 【1527829】，GSD为【"广西-玉林"】

2024-07-26 03:38:12 开始第 7928 次操作

2024-07-26 03:38:12 开始操作号码 【1527830】
2024-07-26 03:38:19 GSD getOne 第 1 次 等待 3 秒
2024-07-26 03:38:22 查询号码 【1527830】，返回信息 {"status":"ok","msg":"广西-玉林","gid":"372489","time_insert":"2021-07-24 02:47"}
2024-07-26 03:38:22 查询号码 【1527830】，GSD为【"广西-玉林"】

