2024-08-29 00:12:42 开始第 1725 次操作

2024-08-29 00:12:42 开始操作号码 【1411724】
2024-08-29 00:12:53 GSD getOne 第 1 次 等待 3 秒
2024-08-29 00:12:56 查询号码 【1411724】，返回信息 {"status":"ok","msg":"-","gid":"546211","time_insert":"2023-02-22 02:35"}
2024-08-29 00:12:57 查询号码 【1411724】，GSD为【"-"】
2024-08-29 00:12:57 ok && -
2024-08-29 00:12:58 CHB 1411724?1724861577 第 1 次 等待 3 秒
2024-08-29 00:13:01 CHB 1411724?1724861577 第 1 次 获取到号码【1411724】GSD
2024-08-29 00:13:01 未获取到号码【1411724】GSD，可能号码格式错误
2024-08-29 00:13:01 获取到号码【1411724】的GSD为【-】
2024-08-29 00:13:10 GSD insert 第 1 次 等待 3 秒
2024-08-29 00:13:13 {"status":"bad","gid":"546211","msg":"添加失败！号码【1411724(-|-)】已存在！"}
2024-08-29 00:13:13 随机等待 232 秒，约 3 分钟
2024-08-29 00:13:13 下次操作: 2024-08-29 00:17:05

2024-08-29 00:17:05 开始第 1726 次操作

2024-08-29 00:17:05 开始操作号码 【1411725】
2024-08-29 00:17:14 GSD getOne 第 1 次 等待 3 秒
2024-08-29 00:17:17 查询号码 【1411725】，返回信息 {"status":"ok","msg":"-","gid":"546228","time_insert":"2023-02-22 02:44"}
2024-08-29 00:17:17 查询号码 【1411725】，GSD为【"-"】
2024-08-29 00:17:17 ok && -
2024-08-29 00:17:19 CHB 1411725?1724861837 第 1 次 等待 3 秒
2024-08-29 00:17:22 CHB 1411725?1724861837 第 1 次 获取到号码【1411725】GSD
2024-08-29 00:17:22 未获取到号码【1411725】GSD，可能号码格式错误
2024-08-29 00:17:22 获取到号码【1411725】的GSD为【-】
2024-08-29 00:17:30 GSD insert 第 1 次 等待 3 秒
2024-08-29 00:17:33 {"status":"bad","gid":"546228","msg":"添加失败！号码【1411725(-|-)】已存在！"}
2024-08-29 00:17:33 随机等待 74 秒，约 1 分钟
2024-08-29 00:17:33 下次操作: 2024-08-29 00:18:47

2024-08-29 00:18:47 开始第 1727 次操作

2024-08-29 00:18:47 开始操作号码 【1411726】
2024-08-29 00:18:55 GSD getOne 第 1 次 等待 3 秒
2024-08-29 00:18:58 查询号码 【1411726】，返回信息 {"status":"ok","msg":"-","gid":"546252","time_insert":"2023-02-22 02:58"}
2024-08-29 00:18:58 查询号码 【1411726】，GSD为【"-"】
2024-08-29 00:18:58 ok && -
2024-08-29 00:19:00 CHB 1411726?1724861938 第 1 次 等待 3 秒
2024-08-29 00:19:03 CHB 1411726?1724861938 第 1 次 获取到号码【1411726】GSD
2024-08-29 00:19:03 未获取到号码【1411726】GSD，可能号码格式错误
2024-08-29 00:19:03 获取到号码【1411726】的GSD为【-】
2024-08-29 00:19:11 GSD insert 第 1 次 等待 3 秒
2024-08-29 00:19:14 {"status":"bad","gid":"546252","msg":"添加失败！号码【1411726(-|-)】已存在！"}
2024-08-29 00:19:14 随机等待 224 秒，约 3 分钟
2024-08-29 00:19:14 下次操作: 2024-08-29 00:22:58

2024-08-29 00:22:58 开始第 1728 次操作

2024-08-29 00:22:58 开始操作号码 【1411727】
2024-08-29 00:23:06 GSD getOne 第 1 次 等待 3 秒
2024-08-29 00:23:09 查询号码 【1411727】，返回信息 {"status":"ok","msg":"-","gid":"546284","time_insert":"2023-02-22 03:16"}
2024-08-29 00:23:09 查询号码 【1411727】，GSD为【"-"】
2024-08-29 00:23:09 ok && -
2024-08-29 00:23:11 CHB 1411727?1724862189 第 1 次 等待 3 秒
2024-08-29 00:23:14 CHB 1411727?1724862189 第 1 次 获取到号码【1411727】GSD
2024-08-29 00:23:14 未获取到号码【1411727】GSD，可能号码格式错误
2024-08-29 00:23:14 获取到号码【1411727】的GSD为【-】
2024-08-29 00:23:24 GSD insert 第 1 次 等待 3 秒
2024-08-29 00:23:27 {"status":"bad","gid":"546284","msg":"添加失败！号码【1411727(-|-)】已存在！"}

