2023-09-27 00:21:47 开始第 113 次操作

2023-09-27 00:21:47 开始操作号码 【1950112】
2023-09-27 00:21:52 GSD getOne 第 1 次 等待 3 秒
2023-09-27 00:21:55 查询号码 【1950112】，返回信息 {"status":"ok","msg":"江苏-常州","gid":"418836","time_insert":"2021-07-28 00:17"}
2023-09-27 00:21:55 查询号码 【1950112】，GSD为【"江苏-常州"】

2023-09-27 00:21:56 开始第 114 次操作

2023-09-27 00:21:56 开始操作号码 【1950113】
2023-09-27 00:21:58 GSD getOne 第 1 次 等待 3 秒
2023-09-27 00:22:01 查询号码 【1950113】，返回信息 {"status":"ok","msg":"江苏-常州","gid":"418916","time_insert":"2021-07-28 00:37"}
2023-09-27 00:22:01 查询号码 【1950113】，GSD为【"江苏-常州"】

2023-09-27 00:22:02 开始第 115 次操作

2023-09-27 00:22:02 开始操作号码 【1950114】
2023-09-27 00:22:06 GSD getOne 第 1 次 等待 3 秒
2023-09-27 00:22:09 查询号码 【1950114】，返回信息 {"status":"ok","msg":"江苏-常州","gid":"418939","time_insert":"2021-07-28 00:55","time_update":"2021-08-14 05:48"}
2023-09-27 00:22:09 查询号码 【1950114】，GSD为【"江苏-常州"】

2023-09-27 00:22:10 开始第 116 次操作

2023-09-27 00:22:10 开始操作号码 【1950115】
2023-09-27 00:22:12 GSD getOne 第 1 次 等待 3 秒
2023-09-27 00:22:15 查询号码 【1950115】，返回信息 {"status":"ok","msg":"江苏-常州","gid":"419104","time_insert":"2021-07-28 01:13"}
2023-09-27 00:22:15 查询号码 【1950115】，GSD为【"江苏-常州"】

