2021-07-03 00:00:00 开始第 15 次操作

2021-07-03 00:00:00 开始操作号码 【1308697】
2021-07-03 00:00:19 GSD getOne 第 1 次 等待 1 秒
2021-07-03 00:00:20 查询号码 【1308697】，返回信息 {"status":"bad","msg":""}
2021-07-03 00:00:20 查询号码 【1308697】，GSD为【""】
2021-07-03 00:00:20 bad
2021-07-03 00:00:21 CHB 1308697?1625241620 第 1 次 等待 1 秒
2021-07-03 00:00:22 CHB 1308697?1625241620 第 1 次 获取到号码【1308697】GSD
2021-07-03 00:00:22 获取到号码【1308697】的GSD为【贵州-六盘水】
2021-07-03 00:00:45 GSD insert 第 1 次 等待 1 秒
2021-07-03 00:00:46 {"status":"ok","msg":"添加成功！177492"}
2021-07-03 00:00:46 下次操作: 2021-07-03 00:00:57

2021-07-03 00:00:57 开始第 16 次操作

2021-07-03 00:00:57 开始操作号码 【1308696】
2021-07-03 00:01:09 GSD getOne 第 1 次 等待 1 秒
2021-07-03 00:01:10 查询号码 【1308696】，返回信息 {"status":"bad","msg":""}
2021-07-03 00:01:11 查询号码 【1308696】，GSD为【""】
2021-07-03 00:01:11 bad
2021-07-03 00:01:14 CHB 1308696?1625241671 第 1 次 等待 1 秒
2021-07-03 00:01:15 CHB 1308696?1625241671 第 1 次 获取到号码【1308696】GSD
2021-07-03 00:01:15 获取到号码【1308696】的GSD为【贵州-六盘水】
2021-07-03 00:01:34 GSD insert 第 1 次 等待 1 秒
2021-07-03 00:01:35 {"status":"ok","msg":"添加成功！177502"}
2021-07-03 00:01:35 下次操作: 2021-07-03 00:01:42

2021-07-03 00:01:42 开始第 17 次操作

2021-07-03 00:01:42 开始操作号码 【1308695】
2021-07-03 00:02:04 GSD getOne 第 1 次 等待 1 秒
2021-07-03 00:02:06 查询号码 【1308695】，返回信息 {"status":"bad","msg":""}
2021-07-03 00:02:06 查询号码 【1308695】，GSD为【""】
2021-07-03 00:02:06 bad
2021-07-03 00:02:10 CHB 1308695?1625241726 第 1 次 等待 1 秒
2021-07-03 00:02:11 CHB 1308695?1625241726 第 1 次 获取到号码【1308695】GSD
2021-07-03 00:02:11 获取到号码【1308695】的GSD为【贵州-黔东南】
2021-07-03 00:02:30 GSD insert 第 1 次 等待 1 秒
2021-07-03 00:02:31 {"status":"ok","msg":"添加成功！177515"}
2021-07-03 00:02:31 下次操作: 2021-07-03 00:02:49

2021-07-03 00:02:49 开始第 18 次操作

2021-07-03 00:02:49 开始操作号码 【1308694】
2021-07-03 00:02:56 GSD getOne 第 1 次 等待 1 秒
2021-07-03 00:02:57 查询号码 【1308694】，返回信息 {"status":"bad","msg":""}
2021-07-03 00:02:57 查询号码 【1308694】，GSD为【""】
2021-07-03 00:02:57 bad
2021-07-03 00:02:59 CHB 1308694?1625241777 第 1 次 等待 1 秒
2021-07-03 00:03:00 CHB 1308694?1625241777 第 1 次 获取到号码【1308694】GSD
2021-07-03 00:03:00 获取到号码【1308694】的GSD为【贵州-黔东南】
2021-07-03 00:03:19 GSD insert 第 1 次 等待 1 秒
2021-07-03 00:03:20 {"status":"ok","msg":"添加成功！177526"}
2021-07-03 00:03:20 下次操作: 2021-07-03 00:03:30

2021-07-03 00:03:30 开始第 19 次操作

2021-07-03 00:03:30 开始操作号码 【1308693】
2021-07-03 00:03:41 GSD getOne 第 1 次 等待 1 秒
2021-07-03 00:03:42 查询号码 【1308693】，返回信息 {"status":"ok","msg":"贵州-黔南","time_insert":"2021-06-04 13:49","time_update":"2021-06-04 14:17"}
2021-07-03 00:03:42 查询号码 【1308693】，GSD为【"贵州-黔南"】

2021-07-03 00:03:42 开始第 19 次操作

2021-07-03 00:03:42 开始操作号码 【1308692】
2021-07-03 00:04:01 GSD getOne 第 1 次 等待 1 秒
2021-07-03 00:04:02 查询号码 【1308692】，返回信息 {"status":"bad","msg":""}
2021-07-03 00:04:02 查询号码 【1308692】，GSD为【""】
2021-07-03 00:04:02 bad
2021-07-03 00:04:04 CHB 1308692?1625241842 第 1 次 等待 1 秒
2021-07-03 00:04:05 CHB 1308692?1625241842 第 1 次 获取到号码【1308692】GSD
2021-07-03 00:04:05 获取到号码【1308692】的GSD为【贵州-黔南】
2021-07-03 00:04:28 GSD insert 第 1 次 等待 1 秒
2021-07-03 00:04:29 {"status":"ok","msg":"添加成功！177543"}
2021-07-03 00:04:29 下次操作: 2021-07-03 00:04:36

2021-07-03 00:04:36 开始第 20 次操作

2021-07-03 00:04:36 开始操作号码 【1308691】
2021-07-03 00:04:55 GSD getOne 第 1 次 等待 1 秒
2021-07-03 00:04:56 查询号码 【1308691】，返回信息 {"status":"bad","msg":""}
2021-07-03 00:04:56 查询号码 【1308691】，GSD为【""】
2021-07-03 00:04:56 bad
2021-07-03 00:04:59 CHB 1308691?1625241896 第 1 次 等待 1 秒
2021-07-03 00:05:00 CHB 1308691?1625241896 第 1 次 获取到号码【1308691】GSD
2021-07-03 00:05:00 获取到号码【1308691】的GSD为【贵州-黔南】
2021-07-03 00:05:19 GSD insert 第 1 次 等待 1 秒
2021-07-03 00:05:20 {"status":"ok","msg":"添加成功！177554"}
2021-07-03 00:05:20 下次操作: 2021-07-03 00:05:32

2021-07-03 00:05:32 开始第 21 次操作

2021-07-03 00:05:32 开始操作号码 【1308690】
2021-07-03 00:05:39 GSD getOne 第 1 次 等待 1 秒
2021-07-03 00:05:40 查询号码 【1308690】，返回信息 {"status":"ok","msg":"贵州-安顺","time_insert":"2018-10-01 11:40","time_update":"2020-11-17 10:18"}
2021-07-03 00:05:40 查询号码 【1308690】，GSD为【"贵州-安顺"】

2021-07-03 00:05:40 开始第 21 次操作

2021-07-03 00:05:40 开始操作号码 【1308689】
2021-07-03 00:06:05 GSD getOne 第 1 次 等待 1 秒
2021-07-03 00:06:06 查询号码 【1308689】，返回信息 {"status":"bad","msg":""}
2021-07-03 00:06:06 查询号码 【1308689】，GSD为【""】
2021-07-03 00:06:06 bad
2021-07-03 00:06:08 CHB 1308689?1625241966 第 1 次 等待 1 秒
2021-07-03 00:06:09 CHB 1308689?1625241966 第 1 次 获取到号码【1308689】GSD
2021-07-03 00:06:09 获取到号码【1308689】的GSD为【吉林-长春】
2021-07-03 00:06:27 GSD insert 第 1 次 等待 1 秒
2021-07-03 00:06:28 {"status":"ok","msg":"添加成功！177570"}
2021-07-03 00:06:28 下次操作: 2021-07-03 00:06:34

2021-07-03 00:06:34 开始第 22 次操作

2021-07-03 00:06:34 开始操作号码 【1308688】
2021-07-03 00:06:54 GSD getOne 第 1 次 等待 1 秒
2021-07-03 00:06:55 查询号码 【1308688】，返回信息 {"status":"bad","msg":""}
2021-07-03 00:06:55 查询号码 【1308688】，GSD为【""】
2021-07-03 00:06:55 bad
2021-07-03 00:06:59 CHB 1308688?1625242015 第 1 次 等待 1 秒
2021-07-03 00:07:00 CHB 1308688?1625242015 第 1 次 获取到号码【1308688】GSD
2021-07-03 00:07:00 获取到号码【1308688】的GSD为【吉林-长春】
2021-07-03 00:07:19 GSD insert 第 1 次 等待 1 秒
2021-07-03 00:07:20 {"status":"ok","msg":"添加成功！177578"}
2021-07-03 00:07:20 下次操作: 2021-07-03 00:07:35

2021-07-03 00:07:35 开始第 23 次操作

2021-07-03 00:07:35 开始操作号码 【1308687】
2021-07-03 00:07:41 GSD getOne 第 1 次 等待 1 秒
2021-07-03 00:07:42 查询号码 【1308687】，返回信息 {"status":"bad","msg":""}
2021-07-03 00:07:42 查询号码 【1308687】，GSD为【""】
2021-07-03 00:07:42 bad
2021-07-03 00:07:44 CHB 1308687?1625242062 第 1 次 等待 1 秒
2021-07-03 00:07:45 CHB 1308687?1625242062 第 1 次 获取到号码【1308687】GSD
2021-07-03 00:07:45 获取到号码【1308687】的GSD为【吉林-长春】
2021-07-03 00:08:04 GSD insert 第 1 次 等待 1 秒
2021-07-03 00:08:05 {"status":"ok","msg":"添加成功！177587"}
2021-07-03 00:08:05 下次操作: 2021-07-03 00:08:19

2021-07-03 00:08:19 开始第 24 次操作

2021-07-03 00:08:19 开始操作号码 【1308686】
2021-07-03 00:08:25 GSD getOne 第 1 次 等待 1 秒
2021-07-03 00:08:26 查询号码 【1308686】，返回信息 {"status":"ok","msg":"吉林-长春","time_insert":"2017-03-28 11:11","time_update":"2020-08-22 11:26"}
2021-07-03 00:08:26 查询号码 【1308686】，GSD为【"吉林-长春"】

2021-07-03 00:08:26 开始第 24 次操作

2021-07-03 00:08:26 开始操作号码 【1308685】
2021-07-03 00:08:47 GSD getOne 第 1 次 等待 1 秒
2021-07-03 00:08:48 查询号码 【1308685】，返回信息 {"status":"bad","msg":""}
2021-07-03 00:08:48 查询号码 【1308685】，GSD为【""】
2021-07-03 00:08:48 bad
2021-07-03 00:08:51 CHB 1308685?1625242128 第 1 次 等待 1 秒
2021-07-03 00:08:52 CHB 1308685?1625242128 第 1 次 获取到号码【1308685】GSD
2021-07-03 00:08:52 获取到号码【1308685】的GSD为【吉林-长春】
2021-07-03 00:09:12 GSD insert 第 1 次 等待 1 秒
2021-07-03 00:09:13 {"status":"ok","msg":"添加成功！177601"}
2021-07-03 00:09:13 下次操作: 2021-07-03 00:09:27

2021-07-03 00:09:27 开始第 25 次操作

2021-07-03 00:09:27 开始操作号码 【1308684】
2021-07-03 00:09:32 GSD getOne 第 1 次 等待 1 秒
2021-07-03 00:09:33 查询号码 【1308684】，返回信息 {"status":"bad","msg":""}
2021-07-03 00:09:33 查询号码 【1308684】，GSD为【""】
2021-07-03 00:09:33 bad
2021-07-03 00:09:34 CHB 1308684?1625242173 第 1 次 等待 1 秒
2021-07-03 00:09:35 CHB 1308684?1625242173 第 1 次 获取到号码【1308684】GSD
2021-07-03 00:09:35 获取到号码【1308684】的GSD为【吉林-长春】
2021-07-03 00:09:54 GSD insert 第 1 次 等待 1 秒
2021-07-03 00:09:55 {"status":"ok","msg":"添加成功！177608"}
2021-07-03 00:09:55 下次操作: 2021-07-03 00:10:12

2021-07-03 00:10:12 开始第 26 次操作

2021-07-03 00:10:12 开始操作号码 【1308683】
2021-07-03 00:10:16 GSD getOne 第 1 次 等待 1 秒
2021-07-03 00:10:17 查询号码 【1308683】，返回信息 {"status":"bad","msg":""}
2021-07-03 00:10:17 查询号码 【1308683】，GSD为【""】
2021-07-03 00:10:17 bad
2021-07-03 00:10:19 CHB 1308683?1625242217 第 1 次 等待 1 秒
2021-07-03 00:10:20 CHB 1308683?1625242217 第 1 次 获取到号码【1308683】GSD
2021-07-03 00:10:20 获取到号码【1308683】的GSD为【吉林-长春】
2021-07-03 00:10:48 GSD insert 第 1 次 等待 1 秒
2021-07-03 00:10:49 {"status":"ok","msg":"添加成功！177615"}
2021-07-03 00:10:49 下次操作: 2021-07-03 00:11:07

2021-07-03 00:11:07 开始第 27 次操作

2021-07-03 00:11:07 开始操作号码 【1308682】
2021-07-03 00:11:12 GSD getOne 第 1 次 等待 1 秒
2021-07-03 00:11:13 查询号码 【1308682】，返回信息 {"status":"bad","msg":""}
2021-07-03 00:11:13 查询号码 【1308682】，GSD为【""】
2021-07-03 00:11:13 bad
2021-07-03 00:11:15 CHB 1308682?1625242273 第 1 次 等待 1 秒
2021-07-03 00:11:16 CHB 1308682?1625242273 第 1 次 获取到号码【1308682】GSD
2021-07-03 00:11:16 获取到号码【1308682】的GSD为【吉林-长春】
2021-07-03 00:11:36 GSD insert 第 1 次 等待 1 秒
2021-07-03 00:11:37 {"status":"ok","msg":"添加成功！177621"}
2021-07-03 00:11:37 下次操作: 2021-07-03 00:11:50

2021-07-03 00:11:50 开始第 28 次操作

2021-07-03 00:11:50 开始操作号码 【1308681】
2021-07-03 00:12:02 GSD getOne 第 1 次 等待 1 秒
2021-07-03 00:12:03 查询号码 【1308681】，返回信息 {"status":"bad","msg":""}
2021-07-03 00:12:03 查询号码 【1308681】，GSD为【""】
2021-07-03 00:12:03 bad
2021-07-03 00:12:06 CHB 1308681?1625242323 第 1 次 等待 1 秒
2021-07-03 00:12:07 CHB 1308681?1625242323 第 1 次 获取到号码【1308681】GSD
2021-07-03 00:12:07 获取到号码【1308681】的GSD为【吉林-长春】
2021-07-03 00:12:26 GSD insert 第 1 次 等待 1 秒
2021-07-03 00:12:27 {"status":"ok","msg":"添加成功！177627"}
2021-07-03 00:12:27 下次操作: 2021-07-03 00:12:37

2021-07-03 00:12:37 开始第 29 次操作

2021-07-03 00:12:37 开始操作号码 【1308680】
2021-07-03 00:12:48 GSD getOne 第 1 次 等待 1 秒
2021-07-03 00:12:49 查询号码 【1308680】，返回信息 {"status":"bad","msg":""}
2021-07-03 00:12:49 查询号码 【1308680】，GSD为【""】
2021-07-03 00:12:49 bad
2021-07-03 00:12:53 CHB 1308680?1625242369 第 1 次 等待 1 秒
2021-07-03 00:12:54 CHB 1308680?1625242369 第 1 次 获取到号码【1308680】GSD
2021-07-03 00:12:54 获取到号码【1308680】的GSD为【吉林-长春】
2021-07-03 00:13:13 GSD insert 第 1 次 等待 1 秒
2021-07-03 00:13:14 {"status":"ok","msg":"添加成功！177632"}
2021-07-03 00:13:14 下次操作: 2021-07-03 00:13:32

2021-07-03 00:13:32 开始第 30 次操作

2021-07-03 00:13:32 开始操作号码 【1308679】
2021-07-03 00:13:37 GSD getOne 第 1 次 等待 1 秒
2021-07-03 00:13:38 查询号码 【1308679】，返回信息 {"status":"bad","msg":""}
2021-07-03 00:13:38 查询号码 【1308679】，GSD为【""】
2021-07-03 00:13:38 bad
2021-07-03 00:13:40 CHB 1308679?1625242418 第 1 次 等待 1 秒
2021-07-03 00:13:41 CHB 1308679?1625242418 第 1 次 获取到号码【1308679】GSD
2021-07-03 00:13:41 获取到号码【1308679】的GSD为【广西-北海】
2021-07-03 00:14:04 GSD insert 第 1 次 等待 1 秒
2021-07-03 00:14:05 {"status":"ok","msg":"添加成功！177637"}

