2024-02-04 00:19:59 开始第 1757 次操作

2024-02-04 00:19:59 开始操作号码 【1741675】
2024-02-04 00:20:05 GSD getOne 第 1 次 等待 3 秒
2024-02-04 00:20:08 查询号码 【1741675】，返回信息 {"status":"ok","msg":"-","gid":"150944","time_insert":"2021-06-29 03:51"}
2024-02-04 00:20:08 查询号码 【1741675】，GSD为【"-"】
2024-02-04 00:20:08 ok && -
2024-02-04 00:20:11 CHB 1741675?1706977208 第 1 次 等待 3 秒
2024-02-04 00:20:14 CHB 1741675?1706977208 第 1 次 获取到号码【1741675】GSD
2024-02-04 00:20:14 未获取到号码【1741675】GSD，可能号码格式错误
2024-02-04 00:20:14 获取到号码【1741675】的GSD为【-】
2024-02-04 00:20:21 GSD insert 第 1 次 等待 3 秒
2024-02-04 00:20:24 {"status":"bad","gid":"150944","msg":"添加失败！号码【1741675(-|-)】已存在！"}
2024-02-04 00:20:24 随机等待 103 秒，约 1 分钟
2024-02-04 00:20:24 下次操作: 2024-02-04 00:22:07

2024-02-04 00:22:07 开始第 1758 次操作

2024-02-04 00:22:07 开始操作号码 【1741676】
2024-02-04 00:22:12 GSD getOne 第 1 次 等待 3 秒
2024-02-04 00:22:15 查询号码 【1741676】，返回信息 {"status":"ok","msg":"-","gid":"150950","time_insert":"2021-06-29 03:52"}
2024-02-04 00:22:15 查询号码 【1741676】，GSD为【"-"】
2024-02-04 00:22:15 ok && -
2024-02-04 00:22:18 CHB 1741676?1706977335 第 1 次 等待 3 秒
2024-02-04 00:22:21 CHB 1741676?1706977335 第 1 次 获取到号码【1741676】GSD
2024-02-04 00:22:21 未获取到号码【1741676】GSD，可能号码格式错误
2024-02-04 00:22:21 获取到号码【1741676】的GSD为【-】
2024-02-04 00:22:25 GSD insert 第 1 次 等待 3 秒
2024-02-04 00:22:28 {"status":"bad","gid":"150950","msg":"添加失败！号码【1741676(-|-)】已存在！"}
2024-02-04 00:22:28 随机等待 195 秒，约 3 分钟
2024-02-04 00:22:28 下次操作: 2024-02-04 00:25:43

2024-02-04 00:25:43 开始第 1759 次操作

2024-02-04 00:25:43 开始操作号码 【1741677】
2024-02-04 00:25:48 GSD getOne 第 1 次 等待 3 秒
2024-02-04 00:25:51 查询号码 【1741677】，返回信息 {"status":"ok","msg":"-","gid":"150954","time_insert":"2021-06-29 03:53"}
2024-02-04 00:25:51 查询号码 【1741677】，GSD为【"-"】
2024-02-04 00:25:51 ok && -
2024-02-04 00:26:58 CHB 1741677?1706977551 第 1 次 等待 3 秒
2024-02-04 00:27:01 CHB 1741677?1706977551 第 1 次 获取到号码【1741677】GSD
2024-02-04 00:27:01 未获取到号码【1741677】GSD，可能号码格式错误
2024-02-04 00:27:01 获取到号码【1741677】的GSD为【-】
2024-02-04 00:27:05 GSD insert 第 1 次 等待 3 秒
2024-02-04 00:27:08 {"status":"bad","gid":"150954","msg":"添加失败！号码【1741677(-|-)】已存在！"}
2024-02-04 00:27:08 随机等待 215 秒，约 3 分钟
2024-02-04 00:27:08 下次操作: 2024-02-04 00:30:43

2024-02-04 00:30:43 开始第 1760 次操作

2024-02-04 00:30:43 开始操作号码 【1741678】
2024-02-04 00:30:52 GSD getOne 第 1 次 等待 3 秒
2024-02-04 00:30:55 查询号码 【1741678】，返回信息 {"status":"ok","msg":"-","gid":"150959","time_insert":"2021-06-29 03:53"}
2024-02-04 00:30:55 查询号码 【1741678】，GSD为【"-"】
2024-02-04 00:30:55 ok && -
2024-02-04 00:30:57 CHB 1741678?1706977855 第 1 次 等待 3 秒
2024-02-04 00:31:00 CHB 1741678?1706977855 第 1 次 获取到号码【1741678】GSD
2024-02-04 00:31:00 未获取到号码【1741678】GSD，可能号码格式错误
2024-02-04 00:31:00 获取到号码【1741678】的GSD为【-】
2024-02-04 00:31:05 GSD insert 第 1 次 等待 3 秒
2024-02-04 00:31:08 {"status":"bad","gid":"150959","msg":"添加失败！号码【1741678(-|-)】已存在！"}

2024-02-04 00:37:22 开始第 1761 次操作

2024-02-04 00:37:22 开始操作号码 【1741679】
2024-02-04 00:37:28 GSD getOne 第 1 次 等待 3 秒
2024-02-04 00:37:31 查询号码 【1741679】，返回信息 {"status":"ok","msg":"-","gid":"150963","time_insert":"2021-06-29 03:54"}
2024-02-04 00:37:31 查询号码 【1741679】，GSD为【"-"】
2024-02-04 00:37:31 ok && -
2024-02-04 00:37:35 CHB 1741679?1706978251 第 1 次 等待 3 秒
2024-02-04 00:37:38 CHB 1741679?1706978251 第 1 次 获取到号码【1741679】GSD
2024-02-04 00:37:38 未获取到号码【1741679】GSD，可能号码格式错误
2024-02-04 00:37:38 获取到号码【1741679】的GSD为【-】
2024-02-04 00:37:42 GSD insert 第 1 次 等待 3 秒
2024-02-04 00:37:45 {"status":"bad","gid":"150963","msg":"添加失败！号码【1741679(-|-)】已存在！"}
2024-02-04 00:37:45 随机等待 109 秒，约 1 分钟
2024-02-04 00:37:45 下次操作: 2024-02-04 00:39:34

2024-02-04 00:39:34 开始第 1762 次操作

2024-02-04 00:39:34 开始操作号码 【1741680】
2024-02-04 00:39:38 GSD getOne 第 1 次 等待 3 秒
2024-02-04 00:39:41 查询号码 【1741680】，返回信息 {"status":"ok","msg":"-","gid":"151042","time_insert":"2021-06-29 04:41"}
2024-02-04 00:39:41 查询号码 【1741680】，GSD为【"-"】
2024-02-04 00:39:41 ok && -
2024-02-04 00:39:44 CHB 1741680?1706978381 第 1 次 等待 3 秒
2024-02-04 00:39:47 CHB 1741680?1706978381 第 1 次 获取到号码【1741680】GSD
2024-02-04 00:39:47 未获取到号码【1741680】GSD，可能号码格式错误
2024-02-04 00:39:47 获取到号码【1741680】的GSD为【-】
2024-02-04 00:39:51 GSD insert 第 1 次 等待 3 秒
2024-02-04 00:39:54 {"status":"bad","gid":"151042","msg":"添加失败！号码【1741680(-|-)】已存在！"}
2024-02-04 00:39:54 随机等待 105 秒，约 1 分钟
2024-02-04 00:39:54 下次操作: 2024-02-04 00:41:39

2024-02-04 00:41:39 开始第 1763 次操作

2024-02-04 00:41:39 开始操作号码 【1741681】
2024-02-04 00:41:44 GSD getOne 第 1 次 等待 3 秒
2024-02-04 00:41:47 查询号码 【1741681】，返回信息 {"status":"ok","msg":"-","gid":"151053","time_insert":"2021-06-29 04:41"}
2024-02-04 00:41:47 查询号码 【1741681】，GSD为【"-"】
2024-02-04 00:41:47 ok && -
2024-02-04 00:41:49 CHB 1741681?1706978507 第 1 次 等待 3 秒
2024-02-04 00:41:52 CHB 1741681?1706978507 第 1 次 获取到号码【1741681】GSD
2024-02-04 00:41:52 未获取到号码【1741681】GSD，可能号码格式错误
2024-02-04 00:41:52 获取到号码【1741681】的GSD为【-】
2024-02-04 00:41:56 GSD insert 第 1 次 等待 3 秒
2024-02-04 00:41:59 {"status":"bad","gid":"151053","msg":"添加失败！号码【1741681(-|-)】已存在！"}
2024-02-04 00:41:59 随机等待 228 秒，约 3 分钟
2024-02-04 00:41:59 下次操作: 2024-02-04 00:45:47

2024-02-04 00:45:47 开始第 1764 次操作

2024-02-04 00:45:47 开始操作号码 【1741682】
2024-02-04 00:45:52 GSD getOne 第 1 次 等待 3 秒
2024-02-04 00:45:55 查询号码 【1741682】，返回信息 {"status":"ok","msg":"-","gid":"151064","time_insert":"2021-06-29 04:42"}
2024-02-04 00:45:55 查询号码 【1741682】，GSD为【"-"】
2024-02-04 00:45:55 ok && -
2024-02-04 00:45:58 CHB 1741682?1706978755 第 1 次 等待 3 秒
2024-02-04 00:46:01 CHB 1741682?1706978755 第 1 次 获取到号码【1741682】GSD
2024-02-04 00:46:01 未获取到号码【1741682】GSD，可能号码格式错误
2024-02-04 00:46:01 获取到号码【1741682】的GSD为【-】
2024-02-04 00:46:05 GSD insert 第 1 次 等待 3 秒
2024-02-04 00:46:08 {"status":"bad","gid":"151064","msg":"添加失败！号码【1741682(-|-)】已存在！"}

