2024-09-12 00:12:32 开始第 4157 次操作

2024-09-12 00:12:32 开始操作号码 【1414155】
2024-09-12 00:12:40 GSD getOne 第 1 次 等待 3 秒
2024-09-12 00:12:43 查询号码 【1414155】，返回信息 {"status":"ok","msg":"-","gid":"600612","time_insert":"2023-03-19 12:49"}
2024-09-12 00:12:43 查询号码 【1414155】，GSD为【"-"】
2024-09-12 00:12:43 ok && -
2024-09-12 00:12:45 CHB 1414155?1726071163 第 1 次 等待 3 秒
2024-09-12 00:12:48 CHB 1414155?1726071163 第 1 次 获取到号码【1414155】GSD
2024-09-12 00:12:48 未获取到号码【1414155】GSD，可能号码格式错误
2024-09-12 00:12:48 获取到号码【1414155】的GSD为【-】
2024-09-12 00:13:02 GSD insert 第 1 次 等待 3 秒
2024-09-12 00:13:05 {"status":"bad","gid":"600612","msg":"添加失败！号码【1414155(-|-)】已存在！"}
2024-09-12 00:13:05 随机等待 199 秒，约 3 分钟
2024-09-12 00:13:05 下次操作: 2024-09-12 00:16:24

2024-09-12 00:16:24 开始第 4158 次操作

2024-09-12 00:16:24 开始操作号码 【1414156】
2024-09-12 00:16:32 GSD getOne 第 1 次 等待 3 秒
2024-09-12 00:16:35 查询号码 【1414156】，返回信息 {"status":"ok","msg":"-","gid":"600634","time_insert":"2023-03-19 13:00"}
2024-09-12 00:16:35 查询号码 【1414156】，GSD为【"-"】
2024-09-12 00:16:35 ok && -
2024-09-12 00:16:37 CHB 1414156?1726071395 第 1 次 等待 3 秒
2024-09-12 00:16:40 CHB 1414156?1726071395 第 1 次 获取到号码【1414156】GSD
2024-09-12 00:16:40 未获取到号码【1414156】GSD，可能号码格式错误
2024-09-12 00:16:40 获取到号码【1414156】的GSD为【-】
2024-09-12 00:16:48 GSD insert 第 1 次 等待 3 秒
2024-09-12 00:16:51 {"status":"bad","gid":"600634","msg":"添加失败！号码【1414156(-|-)】已存在！"}
2024-09-12 00:16:51 随机等待 134 秒，约 2 分钟
2024-09-12 00:16:51 下次操作: 2024-09-12 00:19:05

2024-09-12 00:19:05 开始第 4159 次操作

2024-09-12 00:19:05 开始操作号码 【1414157】
2024-09-12 00:19:13 GSD getOne 第 1 次 等待 3 秒
2024-09-12 00:19:16 查询号码 【1414157】，返回信息 {"status":"ok","msg":"-","gid":"600660","time_insert":"2023-03-19 13:16"}
2024-09-12 00:19:16 查询号码 【1414157】，GSD为【"-"】
2024-09-12 00:19:16 ok && -
2024-09-12 00:19:18 CHB 1414157?1726071556 第 1 次 等待 3 秒
2024-09-12 00:19:21 CHB 1414157?1726071556 第 1 次 获取到号码【1414157】GSD
2024-09-12 00:19:21 未获取到号码【1414157】GSD，可能号码格式错误
2024-09-12 00:19:21 获取到号码【1414157】的GSD为【-】
2024-09-12 00:19:35 GSD insert 第 1 次 等待 3 秒
2024-09-12 00:19:39 {"status":"bad","gid":"600660","msg":"添加失败！号码【1414157(-|-)】已存在！"}
2024-09-12 00:19:39 随机等待 89 秒，约 1 分钟
2024-09-12 00:19:39 下次操作: 2024-09-12 00:21:08

2024-09-12 00:21:08 开始第 4160 次操作

2024-09-12 00:21:08 开始操作号码 【1414158】
2024-09-12 00:21:19 GSD getOne 第 1 次 等待 3 秒
2024-09-12 00:21:22 查询号码 【1414158】，返回信息 {"status":"ok","msg":"-","gid":"600687","time_insert":"2023-03-19 13:34"}
2024-09-12 00:21:22 查询号码 【1414158】，GSD为【"-"】
2024-09-12 00:21:22 ok && -
2024-09-12 00:21:24 CHB 1414158?1726071682 第 1 次 等待 3 秒
2024-09-12 00:21:27 CHB 1414158?1726071682 第 1 次 获取到号码【1414158】GSD
2024-09-12 00:21:27 未获取到号码【1414158】GSD，可能号码格式错误
2024-09-12 00:21:27 获取到号码【1414158】的GSD为【-】
2024-09-12 00:21:37 GSD insert 第 1 次 等待 3 秒
2024-09-12 00:21:40 {"status":"bad","gid":"600687","msg":"添加失败！号码【1414158(-|-)】已存在！"}

