2024-01-03 00:20:45 开始第 6565 次操作

2024-01-03 00:20:45 开始操作号码 【1856484】
2024-01-03 00:20:49 GSD getOne 第 1 次 等待 3 秒
2024-01-03 00:20:52 查询号码 【1856484】，返回信息 {"status":"ok","msg":"山东-滨州","gid":"437131","time_insert":"2021-07-29 21:09"}
2024-01-03 00:20:52 查询号码 【1856484】，GSD为【"山东-滨州"】

2024-01-03 00:20:53 开始第 6566 次操作

2024-01-03 00:20:53 开始操作号码 【1856485】
2024-01-03 00:20:55 GSD getOne 第 1 次 等待 3 秒
2024-01-03 00:20:58 查询号码 【1856485】，返回信息 {"status":"ok","msg":"山东-青岛","gid":"437123","time_insert":"2021-07-29 21:09"}
2024-01-03 00:20:58 查询号码 【1856485】，GSD为【"山东-青岛"】

2024-01-03 00:20:59 开始第 6567 次操作

2024-01-03 00:20:59 开始操作号码 【1856486】
2024-01-03 00:21:02 GSD getOne 第 1 次 等待 3 秒
2024-01-03 00:21:05 查询号码 【1856486】，返回信息 {"status":"ok","msg":"山东-青岛","gid":"437116","time_insert":"2021-07-29 21:08"}
2024-01-03 00:21:05 查询号码 【1856486】，GSD为【"山东-青岛"】

2024-01-03 00:21:06 开始第 6568 次操作

2024-01-03 00:21:06 开始操作号码 【1856487】
2024-01-03 00:21:09 GSD getOne 第 1 次 等待 3 秒
2024-01-03 00:21:12 查询号码 【1856487】，返回信息 {"status":"ok","msg":"山东-青岛","gid":"437108","time_insert":"2021-07-29 21:07"}
2024-01-03 00:21:12 查询号码 【1856487】，GSD为【"山东-青岛"】

2024-01-03 00:39:52 开始第 6569 次操作

2024-01-03 00:39:52 开始操作号码 【1856488】
2024-01-03 00:39:55 GSD getOne 第 1 次 等待 3 秒
2024-01-03 00:39:58 查询号码 【1856488】，返回信息 {"status":"ok","msg":"山东-青岛","gid":"437100","time_insert":"2021-07-29 21:07"}
2024-01-03 00:39:58 查询号码 【1856488】，GSD为【"山东-青岛"】

2024-01-03 00:39:59 开始第 6570 次操作

2024-01-03 00:39:59 开始操作号码 【1856489】
2024-01-03 00:40:02 GSD getOne 第 1 次 等待 3 秒
2024-01-03 00:40:05 查询号码 【1856489】，返回信息 {"status":"ok","msg":"山东-青岛","gid":"437093","time_insert":"2021-07-29 21:06"}
2024-01-03 00:40:05 查询号码 【1856489】，GSD为【"山东-青岛"】

2024-01-03 00:40:06 开始第 6571 次操作

2024-01-03 00:40:06 开始操作号码 【1856490】
2024-01-03 00:40:10 GSD getOne 第 1 次 等待 3 秒
2024-01-03 00:40:13 查询号码 【1856490】，返回信息 {"status":"ok","msg":"山东-青岛","gid":"437086","time_insert":"2021-07-29 21:06"}
2024-01-03 00:40:13 查询号码 【1856490】，GSD为【"山东-青岛"】

2024-01-03 00:40:14 开始第 6572 次操作

2024-01-03 00:40:14 开始操作号码 【1856491】
2024-01-03 00:40:19 GSD getOne 第 1 次 等待 3 秒
2024-01-03 00:40:22 查询号码 【1856491】，返回信息 {"status":"ok","msg":"山东-青岛","gid":"437076","time_insert":"2021-07-29 21:05"}
2024-01-03 00:40:22 查询号码 【1856491】，GSD为【"山东-青岛"】

