2024-07-23 00:24:01 开始第 7369 次操作

2024-07-23 00:24:01 开始操作号码 【1527271】
2024-07-23 00:24:10 GSD getOne 第 1 次 等待 3 秒
2024-07-23 00:24:13 查询号码 【1527271】，返回信息 {"status":"ok","msg":"湖北-咸宁","gid":"19597","time_insert":"2016-01-26 20:24","time_update":"2020-09-16 17:20"}
2024-07-23 00:24:13 查询号码 【1527271】，GSD为【"湖北-咸宁"】

2024-07-23 00:24:14 开始第 7370 次操作

2024-07-23 00:24:14 开始操作号码 【1527272】
2024-07-23 00:24:16 GSD getOne 第 1 次 等待 3 秒
2024-07-23 00:24:19 查询号码 【1527272】，返回信息 {"status":"ok","msg":"湖北-咸宁","gid":"378835","time_insert":"2021-07-24 15:51"}
2024-07-23 00:24:19 查询号码 【1527272】，GSD为【"湖北-咸宁"】

2024-07-23 00:24:20 开始第 7371 次操作

2024-07-23 00:24:20 开始操作号码 【1527273】
2024-07-23 00:24:21 GSD getOne 第 1 次 等待 3 秒
2024-07-23 00:24:24 查询号码 【1527273】，返回信息 {"status":"ok","msg":"湖北-咸宁","gid":"378823","time_insert":"2021-07-24 15:50"}
2024-07-23 00:24:24 查询号码 【1527273】，GSD为【"湖北-咸宁"】

2024-07-23 00:24:25 开始第 7372 次操作

2024-07-23 00:24:26 开始操作号码 【1527274】
2024-07-23 00:24:28 GSD getOne 第 1 次 等待 3 秒
2024-07-23 00:24:31 查询号码 【1527274】，返回信息 {"status":"ok","msg":"湖北-咸宁","gid":"19598","time_insert":"2018-01-14 17:42","time_update":"2020-09-16 17:24"}
2024-07-23 00:24:31 查询号码 【1527274】，GSD为【"湖北-咸宁"】

