2024-07-07 00:21:21 开始第 4589 次操作

2024-07-07 00:21:21 开始操作号码 【1524491】
2024-07-07 00:21:29 GSD getOne 第 1 次 等待 3 秒
2024-07-07 00:21:32 查询号码 【1524491】，返回信息 {"status":"ok","msg":"四川-遂宁","gid":"19337","time_insert":"2018-07-26 23:20","time_update":"2020-10-20 14:23"}
2024-07-07 00:21:32 查询号码 【1524491】，GSD为【"四川-遂宁"】

2024-07-07 00:21:34 开始第 4590 次操作

2024-07-07 00:21:34 开始操作号码 【1524492】
2024-07-07 00:21:42 GSD getOne 第 1 次 等待 3 秒
2024-07-07 00:21:45 查询号码 【1524492】，返回信息 {"status":"ok","msg":"四川-遂宁","gid":"19338","time_insert":"2017-09-01 21:25","time_update":"2020-10-20 14:26"}
2024-07-07 00:21:45 查询号码 【1524492】，GSD为【"四川-遂宁"】

2024-07-07 00:21:46 开始第 4591 次操作

2024-07-07 00:21:46 开始操作号码 【1524493】
2024-07-07 00:21:55 GSD getOne 第 1 次 等待 3 秒
2024-07-07 00:21:58 查询号码 【1524493】，返回信息 {"status":"ok","msg":"四川-遂宁","gid":"19339","time_insert":"2016-04-22 16:02","time_update":"2020-10-20 14:31"}
2024-07-07 00:21:58 查询号码 【1524493】，GSD为【"四川-遂宁"】

2024-07-07 00:21:59 开始第 4592 次操作

2024-07-07 00:21:59 开始操作号码 【1524494】
2024-07-07 00:22:12 GSD getOne 第 1 次 等待 3 秒
2024-07-07 00:22:15 查询号码 【1524494】，返回信息 {"status":"ok","msg":"四川-遂宁","gid":"19340","time_insert":"2014-02-17 16:32","time_update":"2020-10-20 14:35"}
2024-07-07 00:22:15 查询号码 【1524494】，GSD为【"四川-遂宁"】

2024-07-07 00:40:22 开始第 4593 次操作

2024-07-07 00:40:22 开始操作号码 【1524495】
2024-07-07 00:40:31 GSD getOne 第 1 次 等待 3 秒
2024-07-07 00:40:34 查询号码 【1524495】，返回信息 {"status":"ok","msg":"四川-凉山","gid":"19341","time_insert":"2017-05-11 13:11","time_update":"2020-10-20 14:39"}
2024-07-07 00:40:34 查询号码 【1524495】，GSD为【"四川-凉山"】

2024-07-07 00:40:35 开始第 4594 次操作

2024-07-07 00:40:35 开始操作号码 【1524496】
2024-07-07 00:40:43 GSD getOne 第 1 次 等待 3 秒
2024-07-07 00:40:46 查询号码 【1524496】，返回信息 {"status":"ok","msg":"四川-凉山","gid":"19342","time_insert":"2015-02-10 15:46","time_update":"2020-10-20 14:43"}
2024-07-07 00:40:46 查询号码 【1524496】，GSD为【"四川-凉山"】

2024-07-07 00:40:47 开始第 4595 次操作

2024-07-07 00:40:47 开始操作号码 【1524497】
2024-07-07 00:40:55 GSD getOne 第 1 次 等待 3 秒
2024-07-07 00:40:58 查询号码 【1524497】，返回信息 {"status":"ok","msg":"四川-凉山","gid":"19343","time_insert":"2018-04-01 15:40","time_update":"2020-10-20 14:47"}
2024-07-07 00:40:58 查询号码 【1524497】，GSD为【"四川-凉山"】

2024-07-07 00:40:59 开始第 4596 次操作

2024-07-07 00:40:59 开始操作号码 【1524498】
2024-07-07 00:41:08 GSD getOne 第 1 次 等待 3 秒
2024-07-07 00:41:11 查询号码 【1524498】，返回信息 {"status":"ok","msg":"四川-凉山","gid":"19344","time_insert":"2017-08-30 19:10","time_update":"2020-10-20 14:50"}
2024-07-07 00:41:11 查询号码 【1524498】，GSD为【"四川-凉山"】

2024-07-07 01:14:47 开始第 4597 次操作

2024-07-07 01:14:47 开始操作号码 【1524499】
2024-07-07 01:14:55 GSD getOne 第 1 次 等待 3 秒
2024-07-07 01:14:58 查询号码 【1524499】，返回信息 {"status":"ok","msg":"四川-凉山","gid":"19345","time_insert":"2017-12-05 13:48","time_update":"2020-10-20 14:54"}
2024-07-07 01:14:58 查询号码 【1524499】，GSD为【"四川-凉山"】

2024-07-07 01:14:59 开始第 4598 次操作

2024-07-07 01:14:59 开始操作号码 【1524500】
2024-07-07 01:15:07 GSD getOne 第 1 次 等待 3 秒
2024-07-07 01:15:10 查询号码 【1524500】，返回信息 {"status":"ok","msg":"黑龙江-哈尔滨","gid":"313781","time_insert":"2021-07-18 11:12"}
2024-07-07 01:15:10 查询号码 【1524500】，GSD为【"黑龙江-哈尔滨"】

2024-07-07 01:15:11 开始第 4599 次操作

2024-07-07 01:15:11 开始操作号码 【1524501】
2024-07-07 01:15:21 GSD getOne 第 1 次 等待 3 秒
2024-07-07 01:15:24 查询号码 【1524501】，返回信息 {"status":"ok","msg":"黑龙江-哈尔滨","gid":"313850","time_insert":"2021-07-18 11:30"}
2024-07-07 01:15:24 查询号码 【1524501】，GSD为【"黑龙江-哈尔滨"】

2024-07-07 01:15:25 开始第 4600 次操作

2024-07-07 01:15:25 开始操作号码 【1524502】
2024-07-07 01:15:33 GSD getOne 第 1 次 等待 3 秒
2024-07-07 01:15:36 查询号码 【1524502】，返回信息 {"status":"ok","msg":"黑龙江-哈尔滨","gid":"313992","time_insert":"2021-07-18 11:49"}
2024-07-07 01:15:36 查询号码 【1524502】，GSD为【"黑龙江-哈尔滨"】

2024-07-07 01:37:48 开始第 4601 次操作

2024-07-07 01:37:48 开始操作号码 【1524503】
2024-07-07 01:37:56 GSD getOne 第 1 次 等待 3 秒
2024-07-07 01:37:59 查询号码 【1524503】，返回信息 {"status":"ok","msg":"黑龙江-哈尔滨","gid":"314257","time_insert":"2021-07-18 12:07"}
2024-07-07 01:37:59 查询号码 【1524503】，GSD为【"黑龙江-哈尔滨"】

2024-07-07 01:38:00 开始第 4602 次操作

2024-07-07 01:38:00 开始操作号码 【1524504】
2024-07-07 01:38:08 GSD getOne 第 1 次 等待 3 秒
2024-07-07 01:38:11 查询号码 【1524504】，返回信息 {"status":"ok","msg":"黑龙江-哈尔滨","gid":"314371","time_insert":"2021-07-18 12:28"}
2024-07-07 01:38:11 查询号码 【1524504】，GSD为【"黑龙江-哈尔滨"】

2024-07-07 01:38:12 开始第 4603 次操作

2024-07-07 01:38:12 开始操作号码 【1524505】
2024-07-07 01:38:20 GSD getOne 第 1 次 等待 3 秒
2024-07-07 01:38:23 查询号码 【1524505】，返回信息 {"status":"ok","msg":"黑龙江-哈尔滨","gid":"314414","time_insert":"2021-07-18 12:43"}
2024-07-07 01:38:23 查询号码 【1524505】，GSD为【"黑龙江-哈尔滨"】

2024-07-07 01:38:24 开始第 4604 次操作

2024-07-07 01:38:24 开始操作号码 【1524506】
2024-07-07 01:38:33 GSD getOne 第 1 次 等待 3 秒
2024-07-07 01:38:36 查询号码 【1524506】，返回信息 {"status":"ok","msg":"黑龙江-哈尔滨","gid":"19346","time_insert":"2017-04-19 11:23","time_update":"2020-08-22 16:19"}
2024-07-07 01:38:36 查询号码 【1524506】，GSD为【"黑龙江-哈尔滨"】

2024-07-07 02:23:01 开始第 4605 次操作

2024-07-07 02:23:01 开始操作号码 【1524507】
2024-07-07 02:23:09 GSD getOne 第 1 次 等待 3 秒
2024-07-07 02:23:12 查询号码 【1524507】，返回信息 {"status":"ok","msg":"黑龙江-哈尔滨","gid":"314659","time_insert":"2021-07-18 13:03"}
2024-07-07 02:23:13 查询号码 【1524507】，GSD为【"黑龙江-哈尔滨"】

2024-07-07 02:23:14 开始第 4606 次操作

2024-07-07 02:23:14 开始操作号码 【1524508】
2024-07-07 02:23:22 GSD getOne 第 1 次 等待 3 秒
2024-07-07 02:23:25 查询号码 【1524508】，返回信息 {"status":"ok","msg":"黑龙江-哈尔滨","gid":"314876","time_insert":"2021-07-18 13:23"}
2024-07-07 02:23:25 查询号码 【1524508】，GSD为【"黑龙江-哈尔滨"】

2024-07-07 02:23:26 开始第 4607 次操作

2024-07-07 02:23:26 开始操作号码 【1524509】
2024-07-07 02:23:34 GSD getOne 第 1 次 等待 3 秒
2024-07-07 02:23:37 查询号码 【1524509】，返回信息 {"status":"ok","msg":"黑龙江-哈尔滨","gid":"315006","time_insert":"2021-07-18 13:41"}
2024-07-07 02:23:37 查询号码 【1524509】，GSD为【"黑龙江-哈尔滨"】

2024-07-07 02:23:38 开始第 4608 次操作

2024-07-07 02:23:38 开始操作号码 【1524510】
2024-07-07 02:23:46 GSD getOne 第 1 次 等待 3 秒
2024-07-07 02:23:49 查询号码 【1524510】，返回信息 {"status":"ok","msg":"黑龙江-哈尔滨","gid":"315286","time_insert":"2021-07-18 13:59"}
2024-07-07 02:23:49 查询号码 【1524510】，GSD为【"黑龙江-哈尔滨"】

2024-07-07 02:38:46 开始第 4609 次操作

2024-07-07 02:38:46 开始操作号码 【1524511】
2024-07-07 02:38:55 GSD getOne 第 1 次 等待 3 秒
2024-07-07 02:38:58 查询号码 【1524511】，返回信息 {"status":"ok","msg":"黑龙江-哈尔滨","gid":"315395","time_insert":"2021-07-18 14:18"}
2024-07-07 02:38:58 查询号码 【1524511】，GSD为【"黑龙江-哈尔滨"】

2024-07-07 02:38:59 开始第 4610 次操作

2024-07-07 02:38:59 开始操作号码 【1524512】
2024-07-07 02:39:09 GSD getOne 第 1 次 等待 3 秒
2024-07-07 02:39:12 查询号码 【1524512】，返回信息 {"status":"ok","msg":"黑龙江-哈尔滨","gid":"315446","time_insert":"2021-07-18 14:36"}
2024-07-07 02:39:12 查询号码 【1524512】，GSD为【"黑龙江-哈尔滨"】

2024-07-07 02:39:13 开始第 4611 次操作

2024-07-07 02:39:13 开始操作号码 【1524513】
2024-07-07 02:39:20 GSD getOne 第 1 次 等待 3 秒
2024-07-07 02:39:23 查询号码 【1524513】，返回信息 {"status":"ok","msg":"黑龙江-哈尔滨","gid":"315552","time_insert":"2021-07-18 14:53"}
2024-07-07 02:39:23 查询号码 【1524513】，GSD为【"黑龙江-哈尔滨"】

2024-07-07 02:39:24 开始第 4612 次操作

2024-07-07 02:39:24 开始操作号码 【1524514】
2024-07-07 02:39:32 GSD getOne 第 1 次 等待 3 秒
2024-07-07 02:39:35 查询号码 【1524514】，返回信息 {"status":"ok","msg":"黑龙江-哈尔滨","gid":"315817","time_insert":"2021-07-18 15:12"}
2024-07-07 02:39:35 查询号码 【1524514】，GSD为【"黑龙江-哈尔滨"】

2024-07-07 03:14:04 开始第 4613 次操作

2024-07-07 03:14:04 开始操作号码 【1524515】
2024-07-07 03:14:12 GSD getOne 第 1 次 等待 3 秒
2024-07-07 03:14:15 查询号码 【1524515】，返回信息 {"status":"ok","msg":"黑龙江-哈尔滨","gid":"315976","time_insert":"2021-07-18 15:30"}
2024-07-07 03:14:15 查询号码 【1524515】，GSD为【"黑龙江-哈尔滨"】

2024-07-07 03:14:16 开始第 4614 次操作

2024-07-07 03:14:16 开始操作号码 【1524516】
2024-07-07 03:14:24 GSD getOne 第 1 次 等待 3 秒
2024-07-07 03:14:27 查询号码 【1524516】，返回信息 {"status":"ok","msg":"黑龙江-哈尔滨","gid":"316173","time_insert":"2021-07-18 15:46"}
2024-07-07 03:14:27 查询号码 【1524516】，GSD为【"黑龙江-哈尔滨"】

2024-07-07 03:14:28 开始第 4615 次操作

2024-07-07 03:14:28 开始操作号码 【1524517】
2024-07-07 03:14:38 GSD getOne 第 1 次 等待 3 秒
2024-07-07 03:14:41 查询号码 【1524517】，返回信息 {"status":"ok","msg":"黑龙江-哈尔滨","gid":"316417","time_insert":"2021-07-18 16:04"}
2024-07-07 03:14:41 查询号码 【1524517】，GSD为【"黑龙江-哈尔滨"】

2024-07-07 03:14:42 开始第 4616 次操作

2024-07-07 03:14:42 开始操作号码 【1524518】
2024-07-07 03:14:50 GSD getOne 第 1 次 等待 3 秒
2024-07-07 03:14:53 查询号码 【1524518】，返回信息 {"status":"ok","msg":"黑龙江-哈尔滨","gid":"316484","time_insert":"2021-07-18 16:20"}
2024-07-07 03:14:53 查询号码 【1524518】，GSD为【"黑龙江-哈尔滨"】

