2024-03-30 00:21:14 开始第 869 次操作

2024-03-30 00:21:14 开始操作号码 【1630788】
2024-03-30 00:21:20 GSD getOne 第 1 次 等待 3 秒
2024-03-30 00:21:23 查询号码 【1630788】，返回信息 {"status":"ok","msg":"-","gid":"530124","time_insert":"2023-02-14 05:57"}
2024-03-30 00:21:23 查询号码 【1630788】，GSD为【"-"】
2024-03-30 00:21:23 ok && -
2024-03-30 00:21:25 CHB 1630788?1711729283 第 1 次 等待 3 秒
2024-03-30 00:21:28 CHB 1630788?1711729283 第 1 次 获取到号码【1630788】GSD
2024-03-30 00:21:28 未获取到号码【1630788】GSD，可能号码格式错误
2024-03-30 00:21:28 获取到号码【1630788】的GSD为【-】
2024-03-30 00:21:33 GSD insert 第 1 次 等待 3 秒
2024-03-30 00:21:36 {"status":"bad","gid":"530124","msg":"添加失败！号码【1630788(-|-)】已存在！"}
2024-03-30 00:21:36 随机等待 174 秒，约 2 分钟
2024-03-30 00:21:36 下次操作: 2024-03-30 00:24:30

2024-03-30 00:24:30 开始第 870 次操作

2024-03-30 00:24:30 开始操作号码 【1630789】
2024-03-30 00:24:35 GSD getOne 第 1 次 等待 3 秒
2024-03-30 00:24:38 查询号码 【1630789】，返回信息 {"status":"ok","msg":"-","gid":"530137","time_insert":"2023-02-14 06:05"}
2024-03-30 00:24:38 查询号码 【1630789】，GSD为【"-"】
2024-03-30 00:24:38 ok && -
2024-03-30 00:24:41 CHB 1630789?1711729478 第 1 次 等待 3 秒
2024-03-30 00:24:44 CHB 1630789?1711729478 第 1 次 获取到号码【1630789】GSD
2024-03-30 00:24:44 未获取到号码【1630789】GSD，可能号码格式错误
2024-03-30 00:24:44 获取到号码【1630789】的GSD为【-】
2024-03-30 00:24:49 GSD insert 第 1 次 等待 3 秒
2024-03-30 00:24:52 {"status":"bad","gid":"530137","msg":"添加失败！号码【1630789(-|-)】已存在！"}
2024-03-30 00:24:52 随机等待 80 秒，约 1 分钟
2024-03-30 00:24:52 下次操作: 2024-03-30 00:26:12

2024-03-30 00:26:12 开始第 871 次操作

2024-03-30 00:26:12 开始操作号码 【1630790】
2024-03-30 00:26:17 GSD getOne 第 1 次 等待 3 秒
2024-03-30 00:26:20 查询号码 【1630790】，返回信息 {"status":"ok","msg":"-","gid":"530150","time_insert":"2023-02-14 06:19"}
2024-03-30 00:26:20 查询号码 【1630790】，GSD为【"-"】
2024-03-30 00:26:20 ok && -
2024-03-30 00:26:22 CHB 1630790?1711729580 第 1 次 等待 3 秒
2024-03-30 00:26:25 CHB 1630790?1711729580 第 1 次 获取到号码【1630790】GSD
2024-03-30 00:26:25 未获取到号码【1630790】GSD，可能号码格式错误
2024-03-30 00:26:25 获取到号码【1630790】的GSD为【-】
2024-03-30 00:26:33 GSD insert 第 1 次 等待 3 秒
2024-03-30 00:26:36 {"status":"bad","gid":"530150","msg":"添加失败！号码【1630790(-|-)】已存在！"}
2024-03-30 00:26:36 随机等待 199 秒，约 3 分钟
2024-03-30 00:26:36 下次操作: 2024-03-30 00:29:55

2024-03-30 00:29:55 开始第 872 次操作

2024-03-30 00:29:55 开始操作号码 【1630791】
2024-03-30 00:30:00 GSD getOne 第 1 次 等待 3 秒
2024-03-30 00:30:03 查询号码 【1630791】，返回信息 {"status":"ok","msg":"-","gid":"530160","time_insert":"2023-02-14 06:29"}
2024-03-30 00:30:03 查询号码 【1630791】，GSD为【"-"】
2024-03-30 00:30:03 ok && -
2024-03-30 00:30:05 CHB 1630791?1711729803 第 1 次 等待 3 秒
2024-03-30 00:30:08 CHB 1630791?1711729803 第 1 次 获取到号码【1630791】GSD
2024-03-30 00:30:08 未获取到号码【1630791】GSD，可能号码格式错误
2024-03-30 00:30:08 获取到号码【1630791】的GSD为【-】
2024-03-30 00:30:14 GSD insert 第 1 次 等待 3 秒
2024-03-30 00:30:17 {"status":"bad","gid":"530160","msg":"添加失败！号码【1630791(-|-)】已存在！"}

2024-03-30 00:38:43 开始第 873 次操作

2024-03-30 00:38:43 开始操作号码 【1630792】
2024-03-30 00:38:48 GSD getOne 第 1 次 等待 3 秒
2024-03-30 00:38:51 查询号码 【1630792】，返回信息 {"status":"ok","msg":"-","gid":"530177","time_insert":"2023-02-14 06:41"}
2024-03-30 00:38:52 查询号码 【1630792】，GSD为【"-"】
2024-03-30 00:38:52 ok && -
2024-03-30 00:38:55 CHB 1630792?1711730332 第 1 次 等待 3 秒
2024-03-30 00:38:58 CHB 1630792?1711730332 第 1 次 获取到号码【1630792】GSD
2024-03-30 00:38:58 未获取到号码【1630792】GSD，可能号码格式错误
2024-03-30 00:38:58 获取到号码【1630792】的GSD为【-】
2024-03-30 00:39:04 GSD insert 第 1 次 等待 3 秒
2024-03-30 00:39:07 {"status":"bad","gid":"530177","msg":"添加失败！号码【1630792(-|-)】已存在！"}
2024-03-30 00:39:07 随机等待 231 秒，约 3 分钟
2024-03-30 00:39:07 下次操作: 2024-03-30 00:42:58

2024-03-30 00:42:58 开始第 874 次操作

2024-03-30 00:42:58 开始操作号码 【1630793】
2024-03-30 00:43:04 GSD getOne 第 1 次 等待 3 秒
2024-03-30 00:43:07 查询号码 【1630793】，返回信息 {"status":"ok","msg":"-","gid":"530188","time_insert":"2023-02-14 06:52"}
2024-03-30 00:43:07 查询号码 【1630793】，GSD为【"-"】
2024-03-30 00:43:07 ok && -
2024-03-30 00:43:09 CHB 1630793?1711730587 第 1 次 等待 3 秒
2024-03-30 00:43:12 CHB 1630793?1711730587 第 1 次 获取到号码【1630793】GSD
2024-03-30 00:43:12 未获取到号码【1630793】GSD，可能号码格式错误
2024-03-30 00:43:12 获取到号码【1630793】的GSD为【-】
2024-03-30 00:43:17 GSD insert 第 1 次 等待 3 秒
2024-03-30 00:43:20 {"status":"bad","gid":"530188","msg":"添加失败！号码【1630793(-|-)】已存在！"}
2024-03-30 00:43:20 随机等待 145 秒，约 2 分钟
2024-03-30 00:43:20 下次操作: 2024-03-30 00:45:45

2024-03-30 00:45:45 开始第 875 次操作

2024-03-30 00:45:45 开始操作号码 【1630794】
2024-03-30 00:45:51 GSD getOne 第 1 次 等待 3 秒
2024-03-30 00:45:54 查询号码 【1630794】，返回信息 {"status":"ok","msg":"-","gid":"530198","time_insert":"2023-02-14 07:03"}
2024-03-30 00:45:54 查询号码 【1630794】，GSD为【"-"】
2024-03-30 00:45:54 ok && -
2024-03-30 00:45:56 CHB 1630794?1711730754 第 1 次 等待 3 秒
2024-03-30 00:45:59 CHB 1630794?1711730754 第 1 次 获取到号码【1630794】GSD
2024-03-30 00:45:59 未获取到号码【1630794】GSD，可能号码格式错误
2024-03-30 00:45:59 获取到号码【1630794】的GSD为【-】
2024-03-30 00:46:04 GSD insert 第 1 次 等待 3 秒
2024-03-30 00:46:07 {"status":"bad","gid":"530198","msg":"添加失败！号码【1630794(-|-)】已存在！"}
2024-03-30 00:46:07 随机等待 115 秒，约 1 分钟
2024-03-30 00:46:07 下次操作: 2024-03-30 00:48:02

2024-03-30 00:48:02 开始第 876 次操作

2024-03-30 00:48:02 开始操作号码 【1630795】
2024-03-30 00:48:08 GSD getOne 第 1 次 等待 3 秒
2024-03-30 00:48:11 查询号码 【1630795】，返回信息 {"status":"ok","msg":"-","gid":"530211","time_insert":"2023-02-14 07:15"}
2024-03-30 00:48:11 查询号码 【1630795】，GSD为【"-"】
2024-03-30 00:48:11 ok && -
2024-03-30 00:48:13 CHB 1630795?1711730891 第 1 次 等待 3 秒
2024-03-30 00:48:16 CHB 1630795?1711730891 第 1 次 获取到号码【1630795】GSD
2024-03-30 00:48:16 未获取到号码【1630795】GSD，可能号码格式错误
2024-03-30 00:48:16 获取到号码【1630795】的GSD为【-】
2024-03-30 00:48:22 GSD insert 第 1 次 等待 3 秒
2024-03-30 00:48:25 {"status":"bad","gid":"530211","msg":"添加失败！号码【1630795(-|-)】已存在！"}

