2023-12-18 00:20:15 开始第 3725 次操作

2023-12-18 00:20:15 开始操作号码 【1853644】
2023-12-18 00:20:19 GSD getOne 第 1 次 等待 3 秒
2023-12-18 00:20:22 查询号码 【1853644】，返回信息 {"status":"ok","msg":"山西-吕梁","gid":"471377","time_insert":"2021-08-01 20:57"}
2023-12-18 00:20:22 查询号码 【1853644】，GSD为【"山西-吕梁"】

2023-12-18 00:20:23 开始第 3726 次操作

2023-12-18 00:20:23 开始操作号码 【1853645】
2023-12-18 00:20:27 GSD getOne 第 1 次 等待 3 秒
2023-12-18 00:20:30 查询号码 【1853645】，返回信息 {"status":"ok","msg":"山西-长治","gid":"471373","time_insert":"2021-08-01 20:56"}
2023-12-18 00:20:30 查询号码 【1853645】，GSD为【"山西-长治"】

2023-12-18 00:20:31 开始第 3727 次操作

2023-12-18 00:20:31 开始操作号码 【1853646】
2023-12-18 00:20:34 GSD getOne 第 1 次 等待 3 秒
2023-12-18 00:20:37 查询号码 【1853646】，返回信息 {"status":"ok","msg":"山西-忻州","gid":"471369","time_insert":"2021-08-01 20:56"}
2023-12-18 00:20:37 查询号码 【1853646】，GSD为【"山西-忻州"】

2023-12-18 00:20:38 开始第 3728 次操作

2023-12-18 00:20:39 开始操作号码 【1853647】
2023-12-18 00:20:44 GSD getOne 第 1 次 等待 3 秒
2023-12-18 00:20:47 查询号码 【1853647】，返回信息 {"status":"ok","msg":"山西-晋中","gid":"471298","time_insert":"2021-08-01 20:09"}
2023-12-18 00:20:48 查询号码 【1853647】，GSD为【"山西-晋中"】

2023-12-18 00:39:49 开始第 3729 次操作

2023-12-18 00:39:49 开始操作号码 【1853648】
2023-12-18 00:39:55 GSD getOne 第 1 次 等待 3 秒
2023-12-18 00:39:58 查询号码 【1853648】，返回信息 {"status":"ok","msg":"山西-晋中","gid":"471296","time_insert":"2021-08-01 20:08"}
2023-12-18 00:39:58 查询号码 【1853648】，GSD为【"山西-晋中"】

2023-12-18 00:39:59 开始第 3730 次操作

2023-12-18 00:39:59 开始操作号码 【1853649】
2023-12-18 00:40:12 GSD getOne 第 1 次 等待 3 秒
2023-12-18 00:40:15 查询号码 【1853649】，返回信息 {"status":"ok","msg":"山西-晋中","gid":"471293","time_insert":"2021-08-01 20:07"}
2023-12-18 00:40:15 查询号码 【1853649】，GSD为【"山西-晋中"】

2023-12-18 00:40:16 开始第 3731 次操作

2023-12-18 00:40:16 开始操作号码 【1853650】
2023-12-18 00:40:21 GSD getOne 第 1 次 等待 3 秒
2023-12-18 00:40:24 查询号码 【1853650】，返回信息 {"status":"ok","msg":"山西-朔州","gid":"471288","time_insert":"2021-08-01 20:07"}
2023-12-18 00:40:24 查询号码 【1853650】，GSD为【"山西-朔州"】

2023-12-18 00:40:25 开始第 3732 次操作

2023-12-18 00:40:25 开始操作号码 【1853651】
2023-12-18 00:40:29 GSD getOne 第 1 次 等待 3 秒
2023-12-18 00:40:32 查询号码 【1853651】，返回信息 {"status":"ok","msg":"山西-晋中","gid":"471284","time_insert":"2021-08-01 20:06"}
2023-12-18 00:40:32 查询号码 【1853651】，GSD为【"山西-晋中"】

