2024-10-01 00:13:34 开始第 7501 次操作

2024-10-01 00:13:34 开始操作号码 【1417498】
2024-10-01 00:13:39 GSD getOne 第 1 次 等待 3 秒
2024-10-01 00:13:42 查询号码 【1417498】，返回信息 {"status":"ok","msg":"-","gid":"680855","time_insert":"2023-04-27 16:44"}
2024-10-01 00:13:42 查询号码 【1417498】，GSD为【"-"】
2024-10-01 00:13:42 ok && -
2024-10-01 00:15:01 CHB 1417498?1727712822 第 1 次 等待 3 秒
2024-10-01 00:15:04 CHB 1417498?1727712822 第 1 次 获取到号码【1417498】GSD
2024-10-01 00:15:04 未获取到号码【1417498】GSD，可能号码格式错误
2024-10-01 00:15:04 获取到号码【1417498】的GSD为【-】
2024-10-01 00:15:07 GSD insert 第 1 次 等待 3 秒
2024-10-01 00:15:10 {"status":"bad","gid":"680855","msg":"添加失败！号码【1417498(-|-)】已存在！"}
2024-10-01 00:15:10 随机等待 85 秒，约 1 分钟
2024-10-01 00:15:10 下次操作: 2024-10-01 00:16:35

2024-10-01 00:16:35 开始第 7502 次操作

2024-10-01 00:16:35 开始操作号码 【1417499】
2024-10-01 00:16:37 GSD getOne 第 1 次 等待 3 秒
2024-10-01 00:16:40 查询号码 【1417499】，返回信息 {"status":"ok","msg":"-","gid":"680871","time_insert":"2023-04-27 16:54"}
2024-10-01 00:16:40 查询号码 【1417499】，GSD为【"-"】
2024-10-01 00:16:40 ok && -
2024-10-01 00:16:42 CHB 1417499?1727713000 第 1 次 等待 3 秒
2024-10-01 00:16:45 CHB 1417499?1727713000 第 1 次 获取到号码【1417499】GSD
2024-10-01 00:16:45 未获取到号码【1417499】GSD，可能号码格式错误
2024-10-01 00:16:45 获取到号码【1417499】的GSD为【-】
2024-10-01 00:16:47 GSD insert 第 1 次 等待 3 秒
2024-10-01 00:16:50 {"status":"bad","gid":"680871","msg":"添加失败！号码【1417499(-|-)】已存在！"}
2024-10-01 00:16:50 随机等待 130 秒，约 2 分钟
2024-10-01 00:16:50 下次操作: 2024-10-01 00:19:00

2024-10-01 00:19:00 开始第 7503 次操作

2024-10-01 00:19:00 开始操作号码 【1417500】
2024-10-01 00:19:02 GSD getOne 第 1 次 等待 3 秒
2024-10-01 00:19:05 查询号码 【1417500】，返回信息 {"status":"ok","msg":"-","gid":"680893","time_insert":"2023-04-27 17:13"}
2024-10-01 00:19:05 查询号码 【1417500】，GSD为【"-"】
2024-10-01 00:19:05 ok && -
2024-10-01 00:19:07 CHB 1417500?1727713145 第 1 次 等待 3 秒
2024-10-01 00:19:10 CHB 1417500?1727713145 第 1 次 获取到号码【1417500】GSD
2024-10-01 00:19:10 未获取到号码【1417500】GSD，可能号码格式错误
2024-10-01 00:19:10 获取到号码【1417500】的GSD为【-】
2024-10-01 00:19:12 GSD insert 第 1 次 等待 3 秒
2024-10-01 00:19:15 {"status":"bad","gid":"680893","msg":"添加失败！号码【1417500(-|-)】已存在！"}
2024-10-01 00:19:15 随机等待 118 秒，约 1 分钟
2024-10-01 00:19:15 下次操作: 2024-10-01 00:21:13

2024-10-01 00:21:13 开始第 7504 次操作

2024-10-01 00:21:13 开始操作号码 【1417501】
2024-10-01 00:21:15 GSD getOne 第 1 次 等待 3 秒
2024-10-01 00:21:18 查询号码 【1417501】，返回信息 {"status":"ok","msg":"-","gid":"680921","time_insert":"2023-04-27 17:31"}
2024-10-01 00:21:18 查询号码 【1417501】，GSD为【"-"】
2024-10-01 00:21:18 ok && -
2024-10-01 00:21:20 CHB 1417501?1727713278 第 1 次 等待 3 秒
2024-10-01 00:21:23 CHB 1417501?1727713278 第 1 次 获取到号码【1417501】GSD
2024-10-01 00:21:23 未获取到号码【1417501】GSD，可能号码格式错误
2024-10-01 00:21:23 获取到号码【1417501】的GSD为【-】
2024-10-01 00:21:25 GSD insert 第 1 次 等待 3 秒
2024-10-01 00:21:28 {"status":"bad","gid":"680921","msg":"添加失败！号码【1417501(-|-)】已存在！"}

