2024-03-14 00:19:55 开始第 8669 次操作

2024-03-14 00:19:55 开始操作号码 【1748587】
2024-03-14 00:20:01 GSD getOne 第 1 次 等待 3 秒
2024-03-14 00:20:04 查询号码 【1748587】，返回信息 {"status":"ok","msg":"-","gid":"255708","time_insert":"2021-07-12 10:54"}
2024-03-14 00:20:04 查询号码 【1748587】，GSD为【"-"】
2024-03-14 00:20:04 ok && -
2024-03-14 00:20:06 CHB 1748587?1710346804 第 1 次 等待 3 秒
2024-03-14 00:20:09 CHB 1748587?1710346804 第 1 次 获取到号码【1748587】GSD
2024-03-14 00:20:09 未获取到号码【1748587】GSD，可能号码格式错误
2024-03-14 00:20:09 获取到号码【1748587】的GSD为【-】
2024-03-14 00:20:14 GSD insert 第 1 次 等待 3 秒
2024-03-14 00:20:17 {"status":"bad","gid":"255708","msg":"添加失败！号码【1748587(-|-)】已存在！"}
2024-03-14 00:20:17 随机等待 221 秒，约 3 分钟
2024-03-14 00:20:17 下次操作: 2024-03-14 00:23:58

2024-03-14 00:23:58 开始第 8670 次操作

2024-03-14 00:23:58 开始操作号码 【1748588】
2024-03-14 00:24:03 GSD getOne 第 1 次 等待 3 秒
2024-03-14 00:24:06 查询号码 【1748588】，返回信息 {"status":"ok","msg":"-","gid":"255720","time_insert":"2021-07-12 10:55"}
2024-03-14 00:24:06 查询号码 【1748588】，GSD为【"-"】
2024-03-14 00:24:06 ok && -
2024-03-14 00:24:08 CHB 1748588?1710347046 第 1 次 等待 3 秒
2024-03-14 00:24:11 CHB 1748588?1710347046 第 1 次 获取到号码【1748588】GSD
2024-03-14 00:24:11 未获取到号码【1748588】GSD，可能号码格式错误
2024-03-14 00:24:11 获取到号码【1748588】的GSD为【-】
2024-03-14 00:24:17 GSD insert 第 1 次 等待 3 秒
2024-03-14 00:24:20 {"status":"bad","gid":"255720","msg":"添加失败！号码【1748588(-|-)】已存在！"}
2024-03-14 00:24:20 随机等待 187 秒，约 3 分钟
2024-03-14 00:24:20 下次操作: 2024-03-14 00:27:27

2024-03-14 00:27:27 开始第 8671 次操作

2024-03-14 00:27:27 开始操作号码 【1748589】
2024-03-14 00:27:32 GSD getOne 第 1 次 等待 3 秒
2024-03-14 00:27:35 查询号码 【1748589】，返回信息 {"status":"ok","msg":"-","gid":"255731","time_insert":"2021-07-12 10:56"}
2024-03-14 00:27:35 查询号码 【1748589】，GSD为【"-"】
2024-03-14 00:27:35 ok && -
2024-03-14 00:27:37 CHB 1748589?1710347255 第 1 次 等待 3 秒
2024-03-14 00:27:40 CHB 1748589?1710347255 第 1 次 获取到号码【1748589】GSD
2024-03-14 00:27:40 未获取到号码【1748589】GSD，可能号码格式错误
2024-03-14 00:27:40 获取到号码【1748589】的GSD为【-】
2024-03-14 00:27:47 GSD insert 第 1 次 等待 3 秒
2024-03-14 00:27:50 {"status":"bad","gid":"255731","msg":"添加失败！号码【1748589(-|-)】已存在！"}
2024-03-14 00:27:50 随机等待 208 秒，约 3 分钟
2024-03-14 00:27:50 下次操作: 2024-03-14 00:31:18

2024-03-14 00:31:18 开始第 8672 次操作

2024-03-14 00:31:18 开始操作号码 【1748590】
2024-03-14 00:31:23 GSD getOne 第 1 次 等待 3 秒
2024-03-14 00:31:26 查询号码 【1748590】，返回信息 {"status":"ok","msg":"-","gid":"255741","time_insert":"2021-07-12 10:56"}
2024-03-14 00:31:26 查询号码 【1748590】，GSD为【"-"】
2024-03-14 00:31:26 ok && -
2024-03-14 00:31:28 CHB 1748590?1710347486 第 1 次 等待 3 秒
2024-03-14 00:31:31 CHB 1748590?1710347486 第 1 次 获取到号码【1748590】GSD
2024-03-14 00:31:31 未获取到号码【1748590】GSD，可能号码格式错误
2024-03-14 00:31:31 获取到号码【1748590】的GSD为【-】
2024-03-14 00:31:36 GSD insert 第 1 次 等待 3 秒
2024-03-14 00:31:39 {"status":"bad","gid":"255741","msg":"添加失败！号码【1748590(-|-)】已存在！"}

2024-03-14 00:38:05 开始第 8673 次操作

2024-03-14 00:38:05 开始操作号码 【1748591】
2024-03-14 00:38:11 GSD getOne 第 1 次 等待 3 秒
2024-03-14 00:38:14 查询号码 【1748591】，返回信息 {"status":"ok","msg":"-","gid":"255749","time_insert":"2021-07-12 10:57"}
2024-03-14 00:38:14 查询号码 【1748591】，GSD为【"-"】
2024-03-14 00:38:14 ok && -
2024-03-14 00:38:17 CHB 1748591?1710347894 第 1 次 等待 3 秒
2024-03-14 00:38:20 CHB 1748591?1710347894 第 1 次 获取到号码【1748591】GSD
2024-03-14 00:38:20 未获取到号码【1748591】GSD，可能号码格式错误
2024-03-14 00:38:20 获取到号码【1748591】的GSD为【-】
2024-03-14 00:38:26 GSD insert 第 1 次 等待 3 秒
2024-03-14 00:38:29 {"status":"bad","gid":"255749","msg":"添加失败！号码【1748591(-|-)】已存在！"}
2024-03-14 00:38:29 随机等待 194 秒，约 3 分钟
2024-03-14 00:38:29 下次操作: 2024-03-14 00:41:43

2024-03-14 00:41:43 开始第 8674 次操作

2024-03-14 00:41:43 开始操作号码 【1748592】
2024-03-14 00:41:49 GSD getOne 第 1 次 等待 3 秒
2024-03-14 00:41:52 查询号码 【1748592】，返回信息 {"status":"ok","msg":"-","gid":"255755","time_insert":"2021-07-12 10:58"}
2024-03-14 00:41:52 查询号码 【1748592】，GSD为【"-"】
2024-03-14 00:41:52 ok && -
2024-03-14 00:41:55 CHB 1748592?1710348112 第 1 次 等待 3 秒
2024-03-14 00:41:58 CHB 1748592?1710348112 第 1 次 获取到号码【1748592】GSD
2024-03-14 00:41:58 未获取到号码【1748592】GSD，可能号码格式错误
2024-03-14 00:41:58 获取到号码【1748592】的GSD为【-】
2024-03-14 00:42:07 GSD insert 第 1 次 等待 3 秒
2024-03-14 00:42:10 {"status":"bad","gid":"255755","msg":"添加失败！号码【1748592(-|-)】已存在！"}
2024-03-14 00:42:10 随机等待 192 秒，约 3 分钟
2024-03-14 00:42:10 下次操作: 2024-03-14 00:45:22

2024-03-14 00:45:22 开始第 8675 次操作

2024-03-14 00:45:22 开始操作号码 【1748593】
2024-03-14 00:45:27 GSD getOne 第 1 次 等待 3 秒
2024-03-14 00:45:30 查询号码 【1748593】，返回信息 {"status":"ok","msg":"-","gid":"255763","time_insert":"2021-07-12 10:59"}
2024-03-14 00:45:30 查询号码 【1748593】，GSD为【"-"】
2024-03-14 00:45:30 ok && -
2024-03-14 00:45:32 CHB 1748593?1710348330 第 1 次 等待 3 秒
2024-03-14 00:45:35 CHB 1748593?1710348330 第 1 次 获取到号码【1748593】GSD
2024-03-14 00:45:35 未获取到号码【1748593】GSD，可能号码格式错误
2024-03-14 00:45:35 获取到号码【1748593】的GSD为【-】
2024-03-14 00:45:42 GSD insert 第 1 次 等待 3 秒
2024-03-14 00:45:45 {"status":"bad","gid":"255763","msg":"添加失败！号码【1748593(-|-)】已存在！"}
2024-03-14 00:45:45 随机等待 163 秒，约 2 分钟
2024-03-14 00:45:45 下次操作: 2024-03-14 00:48:28

2024-03-14 00:48:28 开始第 8676 次操作

2024-03-14 00:48:28 开始操作号码 【1748594】
2024-03-14 00:48:32 GSD getOne 第 1 次 等待 3 秒
2024-03-14 00:48:35 查询号码 【1748594】，返回信息 {"status":"ok","msg":"-","gid":"255771","time_insert":"2021-07-12 10:59"}
2024-03-14 00:48:35 查询号码 【1748594】，GSD为【"-"】
2024-03-14 00:48:35 ok && -
2024-03-14 00:48:38 CHB 1748594?1710348515 第 1 次 等待 3 秒
2024-03-14 00:48:41 CHB 1748594?1710348515 第 1 次 获取到号码【1748594】GSD
2024-03-14 00:48:41 未获取到号码【1748594】GSD，可能号码格式错误
2024-03-14 00:48:41 获取到号码【1748594】的GSD为【-】
2024-03-14 00:48:45 GSD insert 第 1 次 等待 3 秒
2024-03-14 00:48:48 {"status":"bad","gid":"255771","msg":"添加失败！号码【1748594(-|-)】已存在！"}

2024-03-14 01:15:44 开始第 8677 次操作

2024-03-14 01:15:44 开始操作号码 【1748595】
2024-03-14 01:15:50 GSD getOne 第 1 次 等待 3 秒
2024-03-14 01:15:53 查询号码 【1748595】，返回信息 {"status":"ok","msg":"-","gid":"255779","time_insert":"2021-07-12 11:00"}
2024-03-14 01:15:53 查询号码 【1748595】，GSD为【"-"】
2024-03-14 01:15:53 ok && -
2024-03-14 01:15:55 CHB 1748595?1710350153 第 1 次 等待 3 秒
2024-03-14 01:15:58 CHB 1748595?1710350153 第 1 次 获取到号码【1748595】GSD
2024-03-14 01:15:58 未获取到号码【1748595】GSD，可能号码格式错误
2024-03-14 01:15:58 获取到号码【1748595】的GSD为【-】
2024-03-14 01:16:04 GSD insert 第 1 次 等待 3 秒
2024-03-14 01:16:07 {"status":"bad","gid":"255779","msg":"添加失败！号码【1748595(-|-)】已存在！"}
2024-03-14 01:16:07 随机等待 157 秒，约 2 分钟
2024-03-14 01:16:07 下次操作: 2024-03-14 01:18:44

2024-03-14 01:18:44 开始第 8678 次操作

2024-03-14 01:18:44 开始操作号码 【1748596】
2024-03-14 01:18:48 GSD getOne 第 1 次 等待 3 秒
2024-03-14 01:18:51 查询号码 【1748596】，返回信息 {"status":"ok","msg":"-","gid":"255785","time_insert":"2021-07-12 11:01"}
2024-03-14 01:18:51 查询号码 【1748596】，GSD为【"-"】
2024-03-14 01:18:51 ok && -
2024-03-14 01:18:52 CHB 1748596?1710350331 第 1 次 等待 3 秒
2024-03-14 01:18:55 CHB 1748596?1710350331 第 1 次 获取到号码【1748596】GSD
2024-03-14 01:18:55 未获取到号码【1748596】GSD，可能号码格式错误
2024-03-14 01:18:55 获取到号码【1748596】的GSD为【-】
2024-03-14 01:19:01 GSD insert 第 1 次 等待 3 秒
2024-03-14 01:19:04 {"status":"bad","gid":"255785","msg":"添加失败！号码【1748596(-|-)】已存在！"}
2024-03-14 01:19:04 随机等待 202 秒，约 3 分钟
2024-03-14 01:19:04 下次操作: 2024-03-14 01:22:26

2024-03-14 01:22:26 开始第 8679 次操作

2024-03-14 01:22:26 开始操作号码 【1748597】
2024-03-14 01:22:30 GSD getOne 第 1 次 等待 3 秒
2024-03-14 01:22:33 查询号码 【1748597】，返回信息 {"status":"ok","msg":"-","gid":"255791","time_insert":"2021-07-12 11:02"}
2024-03-14 01:22:33 查询号码 【1748597】，GSD为【"-"】
2024-03-14 01:22:33 ok && -
2024-03-14 01:22:35 CHB 1748597?1710350553 第 1 次 等待 3 秒
2024-03-14 01:22:38 CHB 1748597?1710350553 第 1 次 获取到号码【1748597】GSD
2024-03-14 01:22:38 未获取到号码【1748597】GSD，可能号码格式错误
2024-03-14 01:22:38 获取到号码【1748597】的GSD为【-】
2024-03-14 01:22:42 GSD insert 第 1 次 等待 3 秒
2024-03-14 01:22:45 {"status":"bad","gid":"255791","msg":"添加失败！号码【1748597(-|-)】已存在！"}
2024-03-14 01:22:45 随机等待 78 秒，约 1 分钟
2024-03-14 01:22:45 下次操作: 2024-03-14 01:24:03

2024-03-14 01:24:03 开始第 8680 次操作

2024-03-14 01:24:03 开始操作号码 【1748598】
2024-03-14 01:24:08 GSD getOne 第 1 次 等待 3 秒
2024-03-14 01:24:11 查询号码 【1748598】，返回信息 {"status":"ok","msg":"-","gid":"255797","time_insert":"2021-07-12 11:02"}
2024-03-14 01:24:11 查询号码 【1748598】，GSD为【"-"】
2024-03-14 01:24:11 ok && -
2024-03-14 01:24:18 CHB 1748598?1710350651 第 1 次 等待 3 秒
2024-03-14 01:24:21 CHB 1748598?1710350651 第 1 次 获取到号码【1748598】GSD
2024-03-14 01:24:21 未获取到号码【1748598】GSD，可能号码格式错误
2024-03-14 01:24:21 获取到号码【1748598】的GSD为【-】
2024-03-14 01:24:25 GSD insert 第 1 次 等待 3 秒
2024-03-14 01:24:28 {"status":"bad","gid":"255797","msg":"添加失败！号码【1748598(-|-)】已存在！"}

