2023-11-19 00:20:07 开始第 9269 次操作

2023-11-19 00:20:07 开始操作号码 【1959187】
2023-11-19 00:20:14 GSD getOne 第 1 次 等待 3 秒
2023-11-19 00:20:17 查询号码 【1959187】，返回信息 {"status":"ok","msg":"-","gid":"454560","time_insert":"2021-07-31 09:52"}
2023-11-19 00:20:17 查询号码 【1959187】，GSD为【"-"】
2023-11-19 00:20:17 ok && -
2023-11-19 00:20:19 CHB 1959187?1700324417 第 1 次 等待 3 秒
2023-11-19 00:20:22 CHB 1959187?1700324417 第 1 次 获取到号码【1959187】GSD
2023-11-19 00:20:22 未获取到号码【1959187】GSD，可能号码格式错误
2023-11-19 00:20:22 获取到号码【1959187】的GSD为【-】
2023-11-19 00:20:26 GSD insert 第 1 次 等待 3 秒
2023-11-19 00:20:29 {"status":"bad","gid":"454560","msg":"添加失败！号码【1959187(-|-)】已存在！"}
2023-11-19 00:20:29 随机等待 77 秒，约 1 分钟
2023-11-19 00:20:29 下次操作: 2023-11-19 00:21:46

2023-11-19 00:21:46 开始第 9270 次操作

2023-11-19 00:21:46 开始操作号码 【1959188】
2023-11-19 00:21:53 GSD getOne 第 1 次 等待 3 秒
2023-11-19 00:21:56 查询号码 【1959188】，返回信息 {"status":"ok","msg":"-","gid":"454551","time_insert":"2021-07-31 09:52"}
2023-11-19 00:21:56 查询号码 【1959188】，GSD为【"-"】
2023-11-19 00:21:56 ok && -
2023-11-19 00:21:59 CHB 1959188?1700324516 第 1 次 等待 3 秒
2023-11-19 00:22:02 CHB 1959188?1700324516 第 1 次 获取到号码【1959188】GSD
2023-11-19 00:22:02 未获取到号码【1959188】GSD，可能号码格式错误
2023-11-19 00:22:02 获取到号码【1959188】的GSD为【-】
2023-11-19 00:22:08 GSD insert 第 1 次 等待 3 秒
2023-11-19 00:22:11 {"status":"bad","gid":"454551","msg":"添加失败！号码【1959188(-|-)】已存在！"}
2023-11-19 00:22:11 随机等待 124 秒，约 2 分钟
2023-11-19 00:22:11 下次操作: 2023-11-19 00:24:15

2023-11-19 00:24:15 开始第 9271 次操作

2023-11-19 00:24:15 开始操作号码 【1959189】
2023-11-19 00:24:19 GSD getOne 第 1 次 等待 3 秒
2023-11-19 00:24:22 查询号码 【1959189】，返回信息 {"status":"ok","msg":"-","gid":"454541","time_insert":"2021-07-31 09:51"}
2023-11-19 00:24:22 查询号码 【1959189】，GSD为【"-"】
2023-11-19 00:24:22 ok && -
2023-11-19 00:24:25 CHB 1959189?1700324662 第 1 次 等待 3 秒
2023-11-19 00:24:28 CHB 1959189?1700324662 第 1 次 获取到号码【1959189】GSD
2023-11-19 00:24:28 未获取到号码【1959189】GSD，可能号码格式错误
2023-11-19 00:24:28 获取到号码【1959189】的GSD为【-】
2023-11-19 00:24:32 GSD insert 第 1 次 等待 3 秒
2023-11-19 00:24:35 {"status":"bad","gid":"454541","msg":"添加失败！号码【1959189(-|-)】已存在！"}
2023-11-19 00:24:35 随机等待 140 秒，约 2 分钟
2023-11-19 00:24:35 下次操作: 2023-11-19 00:26:55

2023-11-19 00:26:55 开始第 9272 次操作

2023-11-19 00:26:55 开始操作号码 【1959190】
2023-11-19 00:26:59 GSD getOne 第 1 次 等待 3 秒
2023-11-19 00:27:02 查询号码 【1959190】，返回信息 {"status":"ok","msg":"-","gid":"454533","time_insert":"2021-07-31 09:50"}
2023-11-19 00:27:02 查询号码 【1959190】，GSD为【"-"】
2023-11-19 00:27:02 ok && -
2023-11-19 00:27:05 CHB 1959190?1700324822 第 1 次 等待 3 秒
2023-11-19 00:27:08 CHB 1959190?1700324822 第 1 次 获取到号码【1959190】GSD
2023-11-19 00:27:08 未获取到号码【1959190】GSD，可能号码格式错误
2023-11-19 00:27:08 获取到号码【1959190】的GSD为【-】
2023-11-19 00:27:15 GSD insert 第 1 次 等待 3 秒
2023-11-19 00:27:18 {"status":"bad","gid":"454533","msg":"添加失败！号码【1959190(-|-)】已存在！"}

