2023-10-31 00:21:38 开始第 5921 次操作

2023-10-31 00:21:38 开始操作号码 【1955839】
2023-10-31 00:21:42 GSD getOne 第 1 次 等待 3 秒
2023-10-31 00:21:45 查询号码 【1955839】，返回信息 {"status":"ok","msg":"浙江-嘉兴","gid":"494008","time_insert":"2021-08-04 02:37"}
2023-10-31 00:21:46 查询号码 【1955839】，GSD为【"浙江-嘉兴"】

2023-10-31 00:21:47 开始第 5922 次操作

2023-10-31 00:21:47 开始操作号码 【1955840】
2023-10-31 00:21:50 GSD getOne 第 1 次 等待 3 秒
2023-10-31 00:21:53 查询号码 【1955840】，返回信息 {"status":"ok","msg":"浙江-嘉兴","gid":"494000","time_insert":"2021-08-04 02:35"}
2023-10-31 00:21:53 查询号码 【1955840】，GSD为【"浙江-嘉兴"】

2023-10-31 00:21:54 开始第 5923 次操作

2023-10-31 00:21:54 开始操作号码 【1955841】
2023-10-31 00:21:57 GSD getOne 第 1 次 等待 3 秒
2023-10-31 00:22:00 查询号码 【1955841】，返回信息 {"status":"ok","msg":"浙江-嘉兴","gid":"493991","time_insert":"2021-08-04 02:33"}
2023-10-31 00:22:00 查询号码 【1955841】，GSD为【"浙江-嘉兴"】

2023-10-31 00:22:01 开始第 5924 次操作

2023-10-31 00:22:01 开始操作号码 【1955842】
2023-10-31 00:22:04 GSD getOne 第 1 次 等待 3 秒
2023-10-31 00:22:07 查询号码 【1955842】，返回信息 {"status":"ok","msg":"浙江-嘉兴","gid":"493982","time_insert":"2021-08-04 02:30"}
2023-10-31 00:22:07 查询号码 【1955842】，GSD为【"浙江-嘉兴"】

