2024-06-25 00:22:24 开始第 2481 次操作

2024-06-25 00:22:24 开始操作号码 【1522385】
2024-06-25 00:22:45 GSD getOne 第 1 次 等待 3 秒
2024-06-25 00:22:48 查询号码 【1522385】，返回信息 {"status":"ok","msg":"重庆-涪陵","gid":"19063","time_insert":"2018-12-08 16:33","time_update":"2021-01-10 12:59"}
2024-06-25 00:22:48 查询号码 【1522385】，GSD为【"重庆-涪陵"】

2024-06-25 00:22:49 开始第 2482 次操作

2024-06-25 00:22:49 开始操作号码 【1522386】
2024-06-25 00:23:05 GSD getOne 第 1 次 等待 3 秒
2024-06-25 00:23:08 查询号码 【1522386】，返回信息 {"status":"ok","msg":"重庆-涪陵","gid":"19064","time_insert":"2017-05-11 09:33","time_update":"2021-06-01 18:51"}
2024-06-25 00:23:08 查询号码 【1522386】，GSD为【"重庆-涪陵"】

2024-06-25 00:23:09 开始第 2483 次操作

2024-06-25 00:23:09 开始操作号码 【1522387】
2024-06-25 00:23:25 GSD getOne 第 1 次 等待 3 秒
2024-06-25 00:23:28 查询号码 【1522387】，返回信息 {"status":"ok","msg":"重庆-涪陵","gid":"19065","time_insert":"2016-07-07 17:35","time_update":"2021-01-10 13:09"}
2024-06-25 00:23:28 查询号码 【1522387】，GSD为【"重庆-涪陵"】

2024-06-25 00:23:29 开始第 2484 次操作

2024-06-25 00:23:29 开始操作号码 【1522388】
2024-06-25 00:23:47 GSD getOne 第 1 次 等待 3 秒
2024-06-25 00:23:50 查询号码 【1522388】，返回信息 {"status":"ok","msg":"重庆-涪陵","gid":"19066","time_insert":"2014-08-24 11:32","time_update":"2021-01-10 13:15"}
2024-06-25 00:23:50 查询号码 【1522388】，GSD为【"重庆-涪陵"】

