2024-02-09 00:20:31 开始第 2649 次操作

2024-02-09 00:20:31 开始操作号码 【1742567】
2024-02-09 00:20:35 GSD getOne 第 1 次 等待 3 秒
2024-02-09 00:20:38 查询号码 【1742567】，返回信息 {"status":"ok","msg":"-","gid":"160797","time_insert":"2021-06-30 13:10"}
2024-02-09 00:20:38 查询号码 【1742567】，GSD为【"-"】
2024-02-09 00:20:38 ok && -
2024-02-09 00:20:40 CHB 1742567?1707409238 第 1 次 等待 3 秒
2024-02-09 00:20:43 CHB 1742567?1707409238 第 1 次 获取到号码【1742567】GSD
2024-02-09 00:20:43 未获取到号码【1742567】GSD，可能号码格式错误
2024-02-09 00:20:43 获取到号码【1742567】的GSD为【-】
2024-02-09 00:20:47 GSD insert 第 1 次 等待 3 秒
2024-02-09 00:20:50 {"status":"bad","gid":"160797","msg":"添加失败！号码【1742567(-|-)】已存在！"}
2024-02-09 00:20:50 随机等待 115 秒，约 1 分钟
2024-02-09 00:20:50 下次操作: 2024-02-09 00:22:45

2024-02-09 00:22:45 开始第 2650 次操作

2024-02-09 00:22:45 开始操作号码 【1742568】
2024-02-09 00:22:50 GSD getOne 第 1 次 等待 3 秒
2024-02-09 00:22:53 查询号码 【1742568】，返回信息 {"status":"ok","msg":"-","gid":"160803","time_insert":"2021-06-30 13:11"}
2024-02-09 00:22:54 查询号码 【1742568】，GSD为【"-"】
2024-02-09 00:22:54 ok && -
2024-02-09 00:22:56 CHB 1742568?1707409374 第 1 次 等待 3 秒
2024-02-09 00:22:59 CHB 1742568?1707409374 第 1 次 获取到号码【1742568】GSD
2024-02-09 00:22:59 未获取到号码【1742568】GSD，可能号码格式错误
2024-02-09 00:22:59 获取到号码【1742568】的GSD为【-】
2024-02-09 00:23:03 GSD insert 第 1 次 等待 3 秒
2024-02-09 00:23:06 {"status":"bad","gid":"160803","msg":"添加失败！号码【1742568(-|-)】已存在！"}
2024-02-09 00:23:06 随机等待 160 秒，约 2 分钟
2024-02-09 00:23:06 下次操作: 2024-02-09 00:25:46

2024-02-09 00:25:46 开始第 2651 次操作

2024-02-09 00:25:46 开始操作号码 【1742569】
2024-02-09 00:25:51 GSD getOne 第 1 次 等待 3 秒
2024-02-09 00:25:54 查询号码 【1742569】，返回信息 {"status":"ok","msg":"-","gid":"160809","time_insert":"2021-06-30 13:12"}
2024-02-09 00:25:54 查询号码 【1742569】，GSD为【"-"】
2024-02-09 00:25:54 ok && -
2024-02-09 00:25:56 CHB 1742569?1707409554 第 1 次 等待 3 秒
2024-02-09 00:25:59 CHB 1742569?1707409554 第 1 次 获取到号码【1742569】GSD
2024-02-09 00:25:59 未获取到号码【1742569】GSD，可能号码格式错误
2024-02-09 00:25:59 获取到号码【1742569】的GSD为【-】
2024-02-09 00:26:03 GSD insert 第 1 次 等待 3 秒
2024-02-09 00:26:06 {"status":"bad","gid":"160809","msg":"添加失败！号码【1742569(-|-)】已存在！"}
2024-02-09 00:26:06 随机等待 208 秒，约 3 分钟
2024-02-09 00:26:06 下次操作: 2024-02-09 00:29:34

2024-02-09 00:29:34 开始第 2652 次操作

2024-02-09 00:29:34 开始操作号码 【1742570】
2024-02-09 00:29:39 GSD getOne 第 1 次 等待 3 秒
2024-02-09 00:29:42 查询号码 【1742570】，返回信息 {"status":"ok","msg":"-","gid":"160816","time_insert":"2021-06-30 13:13"}
2024-02-09 00:29:42 查询号码 【1742570】，GSD为【"-"】
2024-02-09 00:29:42 ok && -
2024-02-09 00:29:44 CHB 1742570?1707409782 第 1 次 等待 3 秒
2024-02-09 00:29:47 CHB 1742570?1707409782 第 1 次 获取到号码【1742570】GSD
2024-02-09 00:29:47 未获取到号码【1742570】GSD，可能号码格式错误
2024-02-09 00:29:47 获取到号码【1742570】的GSD为【-】
2024-02-09 00:29:51 GSD insert 第 1 次 等待 3 秒
2024-02-09 00:29:54 {"status":"bad","gid":"160816","msg":"添加失败！号码【1742570(-|-)】已存在！"}

