2023-11-14 00:22:30 开始第 8397 次操作

2023-11-14 00:22:30 开始操作号码 【1958315】
2023-11-14 00:22:34 GSD getOne 第 1 次 等待 3 秒
2023-11-14 00:22:37 查询号码 【1958315】，返回信息 {"status":"ok","msg":"四川-宜宾","gid":"465330","time_insert":"2021-08-01 07:49"}
2023-11-14 00:22:37 查询号码 【1958315】，GSD为【"四川-宜宾"】

2023-11-14 00:22:38 开始第 8398 次操作

2023-11-14 00:22:38 开始操作号码 【1958316】
2023-11-14 00:22:42 GSD getOne 第 1 次 等待 3 秒
2023-11-14 00:22:45 查询号码 【1958316】，返回信息 {"status":"ok","msg":"四川-宜宾","gid":"465314","time_insert":"2021-08-01 07:48"}
2023-11-14 00:22:46 查询号码 【1958316】，GSD为【"四川-宜宾"】

2023-11-14 00:22:47 开始第 8399 次操作

2023-11-14 00:22:47 开始操作号码 【1958317】
2023-11-14 00:22:52 GSD getOne 第 1 次 等待 3 秒
2023-11-14 00:22:55 查询号码 【1958317】，返回信息 {"status":"ok","msg":"四川-宜宾","gid":"465299","time_insert":"2021-08-01 07:47"}
2023-11-14 00:22:55 查询号码 【1958317】，GSD为【"四川-宜宾"】

2023-11-14 00:22:56 开始第 8400 次操作

2023-11-14 00:22:56 开始操作号码 【1958318】
2023-11-14 00:23:01 GSD getOne 第 1 次 等待 3 秒
2023-11-14 00:23:04 查询号码 【1958318】，返回信息 {"status":"ok","msg":"四川-宜宾","gid":"465286","time_insert":"2021-08-01 07:46"}
2023-11-14 00:23:04 查询号码 【1958318】，GSD为【"四川-宜宾"】

2023-11-14 00:41:18 开始第 8401 次操作

2023-11-14 00:41:18 开始操作号码 【1958319】
2023-11-14 00:41:27 GSD getOne 第 1 次 等待 3 秒
2023-11-14 00:41:30 查询号码 【1958319】，返回信息 {"status":"ok","msg":"四川-宜宾","gid":"465270","time_insert":"2021-08-01 07:46"}
2023-11-14 00:41:31 查询号码 【1958319】，GSD为【"四川-宜宾"】

2023-11-14 00:41:32 开始第 8402 次操作

2023-11-14 00:41:32 开始操作号码 【1958320】
2023-11-14 00:41:37 GSD getOne 第 1 次 等待 3 秒
2023-11-14 00:41:40 查询号码 【1958320】，返回信息 {"status":"ok","msg":"四川-资阳","gid":"465255","time_insert":"2021-08-01 07:45"}
2023-11-14 00:41:40 查询号码 【1958320】，GSD为【"四川-资阳"】

2023-11-14 00:41:41 开始第 8403 次操作

2023-11-14 00:41:41 开始操作号码 【1958321】
2023-11-14 00:41:44 GSD getOne 第 1 次 等待 3 秒
2023-11-14 00:41:47 查询号码 【1958321】，返回信息 {"status":"ok","msg":"四川-资阳","gid":"465238","time_insert":"2021-08-01 07:44"}
2023-11-14 00:41:47 查询号码 【1958321】，GSD为【"四川-资阳"】

2023-11-14 00:41:48 开始第 8404 次操作

2023-11-14 00:41:48 开始操作号码 【1958322】
2023-11-14 00:41:51 GSD getOne 第 1 次 等待 3 秒
2023-11-14 00:41:54 查询号码 【1958322】，返回信息 {"status":"ok","msg":"四川-资阳","gid":"465223","time_insert":"2021-08-01 07:43"}
2023-11-14 00:41:54 查询号码 【1958322】，GSD为【"四川-资阳"】

2023-11-14 01:14:52 开始第 8405 次操作

2023-11-14 01:14:52 开始操作号码 【1958323】
2023-11-14 01:14:56 GSD getOne 第 1 次 等待 3 秒
2023-11-14 01:14:59 查询号码 【1958323】，返回信息 {"status":"ok","msg":"四川-资阳","gid":"465209","time_insert":"2021-08-01 07:42"}
2023-11-14 01:15:00 查询号码 【1958323】，GSD为【"四川-资阳"】

2023-11-14 01:15:01 开始第 8406 次操作

2023-11-14 01:15:01 开始操作号码 【1958324】
2023-11-14 01:15:04 GSD getOne 第 1 次 等待 3 秒
2023-11-14 01:15:07 查询号码 【1958324】，返回信息 {"status":"ok","msg":"四川-资阳","gid":"465194","time_insert":"2021-08-01 07:41"}
2023-11-14 01:15:07 查询号码 【1958324】，GSD为【"四川-资阳"】

2023-11-14 01:15:08 开始第 8407 次操作

2023-11-14 01:15:08 开始操作号码 【1958325】
2023-11-14 01:15:11 GSD getOne 第 1 次 等待 3 秒
2023-11-14 01:15:14 查询号码 【1958325】，返回信息 {"status":"ok","msg":"四川-资阳","gid":"465182","time_insert":"2021-08-01 07:40"}
2023-11-14 01:15:14 查询号码 【1958325】，GSD为【"四川-资阳"】

2023-11-14 01:15:15 开始第 8408 次操作

2023-11-14 01:15:15 开始操作号码 【1958326】
2023-11-14 01:15:18 GSD getOne 第 1 次 等待 3 秒
2023-11-14 01:15:21 查询号码 【1958326】，返回信息 {"status":"ok","msg":"四川-资阳","gid":"465169","time_insert":"2021-08-01 07:39"}
2023-11-14 01:15:21 查询号码 【1958326】，GSD为【"四川-资阳"】

2023-11-14 01:37:26 开始第 8409 次操作

2023-11-14 01:37:26 开始操作号码 【1958327】
2023-11-14 01:37:32 GSD getOne 第 1 次 等待 3 秒
2023-11-14 01:37:35 查询号码 【1958327】，返回信息 {"status":"ok","msg":"四川-宜宾","gid":"465159","time_insert":"2021-08-01 07:38","time_update":"2023-07-16 01:35"}
2023-11-14 01:37:35 查询号码 【1958327】，GSD为【"四川-宜宾"】

2023-11-14 01:37:36 开始第 8410 次操作

2023-11-14 01:37:36 开始操作号码 【1958328】
2023-11-14 01:37:40 GSD getOne 第 1 次 等待 3 秒
2023-11-14 01:37:43 查询号码 【1958328】，返回信息 {"status":"ok","msg":"四川-宜宾","gid":"465101","time_insert":"2021-08-01 07:14","time_update":"2023-07-16 02:16"}
2023-11-14 01:37:43 查询号码 【1958328】，GSD为【"四川-宜宾"】

2023-11-14 01:37:44 开始第 8411 次操作

2023-11-14 01:37:44 开始操作号码 【1958329】
2023-11-14 01:37:48 GSD getOne 第 1 次 等待 3 秒
2023-11-14 01:37:51 查询号码 【1958329】，返回信息 {"status":"ok","msg":"四川-达州","gid":"465098","time_insert":"2021-08-01 07:13","time_update":"2023-07-16 02:18"}
2023-11-14 01:37:51 查询号码 【1958329】，GSD为【"四川-达州"】

2023-11-14 01:37:52 开始第 8412 次操作

2023-11-14 01:37:52 开始操作号码 【1958330】
2023-11-14 01:37:55 GSD getOne 第 1 次 等待 3 秒
2023-11-14 01:37:58 查询号码 【1958330】，返回信息 {"status":"ok","msg":"四川-达州","gid":"465095","time_insert":"2021-08-01 07:12","time_update":"2023-07-16 02:22"}
2023-11-14 01:37:58 查询号码 【1958330】，GSD为【"四川-达州"】

2023-11-14 02:21:15 开始第 8413 次操作

2023-11-14 02:21:15 开始操作号码 【1958331】
2023-11-14 02:21:18 GSD getOne 第 1 次 等待 3 秒
2023-11-14 02:21:21 查询号码 【1958331】，返回信息 {"status":"ok","msg":"四川-达州","gid":"465090","time_insert":"2021-08-01 07:11","time_update":"2023-07-16 02:26"}
2023-11-14 02:21:21 查询号码 【1958331】，GSD为【"四川-达州"】

2023-11-14 02:21:22 开始第 8414 次操作

2023-11-14 02:21:22 开始操作号码 【1958332】
2023-11-14 02:21:25 GSD getOne 第 1 次 等待 3 秒
2023-11-14 02:21:28 查询号码 【1958332】，返回信息 {"status":"ok","msg":"四川-达州","gid":"465085","time_insert":"2021-08-01 07:10","time_update":"2023-07-16 02:37"}
2023-11-14 02:21:28 查询号码 【1958332】，GSD为【"四川-达州"】

2023-11-14 02:21:29 开始第 8415 次操作

2023-11-14 02:21:29 开始操作号码 【1958333】
2023-11-14 02:21:32 GSD getOne 第 1 次 等待 3 秒
2023-11-14 02:21:35 查询号码 【1958333】，返回信息 {"status":"ok","msg":"四川-资阳","gid":"465080","time_insert":"2021-08-01 07:09","time_update":"2023-07-16 02:38"}
2023-11-14 02:21:35 查询号码 【1958333】，GSD为【"四川-资阳"】

2023-11-14 02:21:36 开始第 8416 次操作

2023-11-14 02:21:36 开始操作号码 【1958334】
2023-11-14 02:21:39 GSD getOne 第 1 次 等待 3 秒
2023-11-14 02:21:42 查询号码 【1958334】，返回信息 {"status":"ok","msg":"四川-资阳","gid":"465075","time_insert":"2021-08-01 07:08","time_update":"2023-07-16 02:41"}
2023-11-14 02:21:43 查询号码 【1958334】，GSD为【"四川-资阳"】

