2023-10-12 00:14:08 开始第 2707 次操作

2023-10-12 00:14:08 开始操作号码 【1952695】
2023-10-12 00:16:19 GSD getOne 第 1 次 等待 3 秒
2023-10-12 00:18:32 GSD getOne 第 2 次 等待 3 秒
2023-10-12 00:20:45 GSD getOne 第 3 次 等待 3 秒
2023-10-12 00:22:58 GSD getOne 第 4 次 等待 3 秒
2023-10-12 00:25:11 GSD getOne 第 5 次 等待 3 秒
2023-10-12 00:27:25 GSD getOne 第 6 次 等待 3 秒
2023-10-12 00:29:38 GSD getOne 第 7 次 等待 3 秒
2023-10-12 00:31:51 GSD getOne 第 8 次 等待 3 秒
2023-10-12 00:34:04 GSD getOne 第 9 次 等待 3 秒
2023-10-12 00:36:17 GSD getOne 第 10 次 等待 3 秒
2023-10-12 00:36:20 查询号码 【1952695】，返回信息 
2023-10-12 00:36:20 查询失败，3 秒后重新查询
2023-10-12 00:38:34 GSD getOne 第 1 次 等待 3 秒
2023-10-12 00:40:47 GSD getOne 第 2 次 等待 3 秒
2023-10-12 00:43:01 GSD getOne 第 3 次 等待 3 秒
2023-10-12 00:45:14 GSD getOne 第 4 次 等待 3 秒
2023-10-12 00:47:27 GSD getOne 第 5 次 等待 3 秒
2023-10-12 00:49:40 GSD getOne 第 6 次 等待 3 秒
2023-10-12 00:51:53 GSD getOne 第 7 次 等待 3 秒
2023-10-12 00:54:06 GSD getOne 第 8 次 等待 3 秒
2023-10-12 00:56:19 GSD getOne 第 9 次 等待 3 秒
2023-10-12 00:58:32 GSD getOne 第 10 次 等待 3 秒
2023-10-12 00:58:35 查询号码 【1952695】，返回信息 
2023-10-12 00:58:35 查询失败，结束本次操作，期待下次成功~
2023-10-12 00:58:35 随机等待 207 秒，约 3 分钟
2023-10-12 00:58:35 下次操作: 2023-10-12 01:02:02

2023-10-12 01:02:02 开始第 2708 次操作

2023-10-12 01:02:02 开始操作号码 【1952695】
2023-10-12 01:04:12 GSD getOne 第 1 次 等待 3 秒
2023-10-12 01:06:25 GSD getOne 第 2 次 等待 3 秒
2023-10-12 01:08:39 GSD getOne 第 3 次 等待 3 秒
2023-10-12 01:10:52 GSD getOne 第 4 次 等待 3 秒
2023-10-12 01:13:05 GSD getOne 第 5 次 等待 3 秒
2023-10-12 01:15:18 GSD getOne 第 6 次 等待 3 秒
2023-10-12 01:17:31 GSD getOne 第 7 次 等待 3 秒
2023-10-12 01:19:44 GSD getOne 第 8 次 等待 3 秒
2023-10-12 01:21:57 GSD getOne 第 9 次 等待 3 秒
2023-10-12 01:24:10 GSD getOne 第 10 次 等待 3 秒
2023-10-12 01:24:13 查询号码 【1952695】，返回信息 
2023-10-12 01:24:13 查询失败，3 秒后重新查询
2023-10-12 01:26:28 GSD getOne 第 1 次 等待 3 秒
2023-10-12 01:28:41 GSD getOne 第 2 次 等待 3 秒
2023-10-12 01:30:54 GSD getOne 第 3 次 等待 3 秒
2023-10-12 01:33:07 GSD getOne 第 4 次 等待 3 秒
2023-10-12 01:35:20 GSD getOne 第 5 次 等待 3 秒
2023-10-12 01:37:33 GSD getOne 第 6 次 等待 3 秒
2023-10-12 01:39:46 GSD getOne 第 7 次 等待 3 秒
2023-10-12 01:41:59 GSD getOne 第 8 次 等待 3 秒
2023-10-12 01:44:13 GSD getOne 第 9 次 等待 3 秒
2023-10-12 01:46:26 GSD getOne 第 10 次 等待 3 秒
2023-10-12 01:46:29 查询号码 【1952695】，返回信息 
2023-10-12 01:46:29 查询失败，结束本次操作，期待下次成功~

2023-10-12 02:22:07 开始第 2709 次操作

2023-10-12 02:22:07 开始操作号码 【1952695】
2023-10-12 02:24:17 GSD getOne 第 1 次 等待 3 秒
2023-10-12 02:26:30 GSD getOne 第 2 次 等待 3 秒
2023-10-12 02:28:43 GSD getOne 第 3 次 等待 3 秒
2023-10-12 02:30:56 GSD getOne 第 4 次 等待 3 秒
2023-10-12 02:33:10 GSD getOne 第 5 次 等待 3 秒
2023-10-12 02:35:23 GSD getOne 第 6 次 等待 3 秒
2023-10-12 02:37:36 GSD getOne 第 7 次 等待 3 秒
2023-10-12 02:39:49 GSD getOne 第 8 次 等待 3 秒
2023-10-12 02:42:02 GSD getOne 第 9 次 等待 3 秒
2023-10-12 02:44:15 GSD getOne 第 10 次 等待 3 秒
2023-10-12 02:44:18 查询号码 【1952695】，返回信息 
2023-10-12 02:44:18 查询失败，3 秒后重新查询
2023-10-12 02:46:32 GSD getOne 第 1 次 等待 3 秒
2023-10-12 02:48:46 GSD getOne 第 2 次 等待 3 秒
2023-10-12 02:50:59 GSD getOne 第 3 次 等待 3 秒
2023-10-12 02:53:12 GSD getOne 第 4 次 等待 3 秒
2023-10-12 02:55:25 GSD getOne 第 5 次 等待 3 秒
2023-10-12 02:57:38 GSD getOne 第 6 次 等待 3 秒
2023-10-12 02:59:51 GSD getOne 第 7 次 等待 3 秒
2023-10-12 03:02:04 GSD getOne 第 8 次 等待 3 秒
2023-10-12 03:04:17 GSD getOne 第 9 次 等待 3 秒
2023-10-12 03:06:30 GSD getOne 第 10 次 等待 3 秒
2023-10-12 03:06:33 查询号码 【1952695】，返回信息 
2023-10-12 03:06:33 查询失败，结束本次操作，期待下次成功~
2023-10-12 03:06:34 随机等待 101 秒，约 1 分钟
2023-10-12 03:06:34 下次操作: 2023-10-12 03:08:15

2023-10-12 03:08:15 开始第 2710 次操作

2023-10-12 03:08:15 开始操作号码 【1952695】
2023-10-12 03:10:26 GSD getOne 第 1 次 等待 3 秒
2023-10-12 03:12:39 GSD getOne 第 2 次 等待 3 秒
2023-10-12 03:14:52 GSD getOne 第 3 次 等待 3 秒
2023-10-12 03:17:05 GSD getOne 第 4 次 等待 3 秒
2023-10-12 03:19:18 GSD getOne 第 5 次 等待 3 秒
2023-10-12 03:21:32 GSD getOne 第 6 次 等待 3 秒
2023-10-12 03:23:45 GSD getOne 第 7 次 等待 3 秒
2023-10-12 03:25:58 GSD getOne 第 8 次 等待 3 秒
2023-10-12 03:28:11 GSD getOne 第 9 次 等待 3 秒
2023-10-12 03:30:24 GSD getOne 第 10 次 等待 3 秒
2023-10-12 03:30:27 查询号码 【1952695】，返回信息 
2023-10-12 03:30:27 查询失败，3 秒后重新查询
2023-10-12 03:32:41 GSD getOne 第 1 次 等待 3 秒
2023-10-12 03:34:54 GSD getOne 第 2 次 等待 3 秒
2023-10-12 03:37:08 GSD getOne 第 3 次 等待 3 秒
2023-10-12 03:39:21 GSD getOne 第 4 次 等待 3 秒
2023-10-12 03:41:34 GSD getOne 第 5 次 等待 3 秒
2023-10-12 03:43:47 GSD getOne 第 6 次 等待 3 秒
2023-10-12 03:46:00 GSD getOne 第 7 次 等待 3 秒
2023-10-12 03:48:13 GSD getOne 第 8 次 等待 3 秒
2023-10-12 03:50:26 GSD getOne 第 9 次 等待 3 秒
2023-10-12 03:52:39 GSD getOne 第 10 次 等待 3 秒
2023-10-12 03:52:42 查询号码 【1952695】，返回信息 
2023-10-12 03:52:42 查询失败，结束本次操作，期待下次成功~
2023-10-12 03:52:42 随机等待 78 秒，约 1 分钟
2023-10-12 03:52:42 下次操作: 2023-10-12 03:54:00

2023-10-12 03:54:00 开始第 2711 次操作

2023-10-12 03:54:00 开始操作号码 【1952695】
2023-10-12 03:56:10 GSD getOne 第 1 次 等待 3 秒
2023-10-12 03:58:23 GSD getOne 第 2 次 等待 3 秒
2023-10-12 04:00:37 GSD getOne 第 3 次 等待 3 秒
2023-10-12 04:02:50 GSD getOne 第 4 次 等待 3 秒
2023-10-12 04:05:03 GSD getOne 第 5 次 等待 3 秒
2023-10-12 04:07:16 GSD getOne 第 6 次 等待 3 秒
2023-10-12 04:09:29 GSD getOne 第 7 次 等待 3 秒
2023-10-12 04:11:42 GSD getOne 第 8 次 等待 3 秒
2023-10-12 04:13:55 GSD getOne 第 9 次 等待 3 秒
2023-10-12 04:16:08 GSD getOne 第 10 次 等待 3 秒
2023-10-12 04:16:11 查询号码 【1952695】，返回信息 
2023-10-12 04:16:11 查询失败，3 秒后重新查询
2023-10-12 04:18:26 GSD getOne 第 1 次 等待 3 秒
2023-10-12 04:20:39 GSD getOne 第 2 次 等待 3 秒
2023-10-12 04:22:52 GSD getOne 第 3 次 等待 3 秒
2023-10-12 04:25:05 GSD getOne 第 4 次 等待 3 秒
2023-10-12 04:27:18 GSD getOne 第 5 次 等待 3 秒
2023-10-12 04:29:31 GSD getOne 第 6 次 等待 3 秒
2023-10-12 04:31:44 GSD getOne 第 7 次 等待 3 秒
2023-10-12 04:33:57 GSD getOne 第 8 次 等待 3 秒
2023-10-12 04:36:11 GSD getOne 第 9 次 等待 3 秒
2023-10-12 04:38:24 GSD getOne 第 10 次 等待 3 秒
2023-10-12 04:38:27 查询号码 【1952695】，返回信息 
2023-10-12 04:38:27 查询失败，结束本次操作，期待下次成功~
2023-10-12 04:38:27 随机等待 92 秒，约 1 分钟
2023-10-12 04:38:27 下次操作: 2023-10-12 04:39:59

2023-10-12 04:39:59 开始第 2712 次操作

2023-10-12 04:39:59 开始操作号码 【1952695】
2023-10-12 04:42:09 GSD getOne 第 1 次 等待 3 秒
2023-10-12 04:44:22 GSD getOne 第 2 次 等待 3 秒
2023-10-12 04:46:35 GSD getOne 第 3 次 等待 3 秒
2023-10-12 04:48:48 GSD getOne 第 4 次 等待 3 秒
2023-10-12 04:51:01 GSD getOne 第 5 次 等待 3 秒
2023-10-12 04:53:15 GSD getOne 第 6 次 等待 3 秒
2023-10-12 04:55:28 GSD getOne 第 7 次 等待 3 秒
2023-10-12 04:57:41 GSD getOne 第 8 次 等待 3 秒
2023-10-12 04:59:54 GSD getOne 第 9 次 等待 3 秒
2023-10-12 05:02:07 GSD getOne 第 10 次 等待 3 秒
2023-10-12 05:02:10 查询号码 【1952695】，返回信息 
2023-10-12 05:02:10 查询失败，3 秒后重新查询
2023-10-12 05:04:24 GSD getOne 第 1 次 等待 3 秒
2023-10-12 05:06:37 GSD getOne 第 2 次 等待 3 秒
2023-10-12 05:08:51 GSD getOne 第 3 次 等待 3 秒
2023-10-12 05:11:04 GSD getOne 第 4 次 等待 3 秒
2023-10-12 05:13:17 GSD getOne 第 5 次 等待 3 秒
2023-10-12 05:15:30 GSD getOne 第 6 次 等待 3 秒
2023-10-12 05:17:43 GSD getOne 第 7 次 等待 3 秒
2023-10-12 05:19:56 GSD getOne 第 8 次 等待 3 秒
2023-10-12 05:22:09 GSD getOne 第 9 次 等待 3 秒
2023-10-12 05:24:22 GSD getOne 第 10 次 等待 3 秒
2023-10-12 05:24:25 查询号码 【1952695】，返回信息 
2023-10-12 05:24:25 查询失败，结束本次操作，期待下次成功~

