2024-04-17 00:21:30 开始第 3901 次操作

2024-04-17 00:21:30 开始操作号码 【1633819】
2024-04-17 00:21:37 GSD getOne 第 1 次 等待 3 秒
2024-04-17 00:21:40 查询号码 【1633819】，返回信息 {"status":"ok","msg":"-","gid":"596138","time_insert":"2023-03-17 09:49"}
2024-04-17 00:21:40 查询号码 【1633819】，GSD为【"-"】
2024-04-17 00:21:40 ok && -
2024-04-17 00:21:43 CHB 1633819?1713284500 第 1 次 等待 3 秒
2024-04-17 00:21:46 CHB 1633819?1713284500 第 1 次 获取到号码【1633819】GSD
2024-04-17 00:21:46 未获取到号码【1633819】GSD，可能号码格式错误
2024-04-17 00:21:46 获取到号码【1633819】的GSD为【-】
2024-04-17 00:21:51 GSD insert 第 1 次 等待 3 秒
2024-04-17 00:21:54 {"status":"bad","gid":"596138","msg":"添加失败！号码【1633819(-|-)】已存在！"}
2024-04-17 00:21:54 随机等待 181 秒，约 3 分钟
2024-04-17 00:21:54 下次操作: 2024-04-17 00:24:55

2024-04-17 00:24:55 开始第 3902 次操作

2024-04-17 00:24:55 开始操作号码 【1633820】
2024-04-17 00:25:01 GSD getOne 第 1 次 等待 3 秒
2024-04-17 00:25:04 查询号码 【1633820】，返回信息 {"status":"ok","msg":"-","gid":"596156","time_insert":"2023-03-17 10:11"}
2024-04-17 00:25:05 查询号码 【1633820】，GSD为【"-"】
2024-04-17 00:25:05 ok && -
2024-04-17 00:25:06 CHB 1633820?1713284705 第 1 次 等待 3 秒
2024-04-17 00:25:09 CHB 1633820?1713284705 第 1 次 获取到号码【1633820】GSD
2024-04-17 00:25:09 未获取到号码【1633820】GSD，可能号码格式错误
2024-04-17 00:25:09 获取到号码【1633820】的GSD为【-】
2024-04-17 00:25:16 GSD insert 第 1 次 等待 3 秒
2024-04-17 00:25:19 {"status":"bad","gid":"596156","msg":"添加失败！号码【1633820(-|-)】已存在！"}
2024-04-17 00:25:19 随机等待 203 秒，约 3 分钟
2024-04-17 00:25:19 下次操作: 2024-04-17 00:28:42

2024-04-17 00:28:42 开始第 3903 次操作

2024-04-17 00:28:42 开始操作号码 【1633821】
2024-04-17 00:28:46 GSD getOne 第 1 次 等待 3 秒
2024-04-17 00:28:49 查询号码 【1633821】，返回信息 {"status":"ok","msg":"-","gid":"596177","time_insert":"2023-03-17 10:27"}
2024-04-17 00:28:49 查询号码 【1633821】，GSD为【"-"】
2024-04-17 00:28:49 ok && -
2024-04-17 00:28:51 CHB 1633821?1713284929 第 1 次 等待 3 秒
2024-04-17 00:28:54 CHB 1633821?1713284929 第 1 次 获取到号码【1633821】GSD
2024-04-17 00:28:54 未获取到号码【1633821】GSD，可能号码格式错误
2024-04-17 00:28:54 获取到号码【1633821】的GSD为【-】
2024-04-17 00:29:01 GSD insert 第 1 次 等待 3 秒
2024-04-17 00:29:04 {"status":"bad","gid":"596177","msg":"添加失败！号码【1633821(-|-)】已存在！"}
2024-04-17 00:29:04 随机等待 219 秒，约 3 分钟
2024-04-17 00:29:04 下次操作: 2024-04-17 00:32:43

2024-04-17 00:32:43 开始第 3904 次操作

2024-04-17 00:32:43 开始操作号码 【1633822】
2024-04-17 00:32:48 GSD getOne 第 1 次 等待 3 秒
2024-04-17 00:32:51 查询号码 【1633822】，返回信息 {"status":"ok","msg":"-","gid":"596191","time_insert":"2023-03-17 10:39"}
2024-04-17 00:32:51 查询号码 【1633822】，GSD为【"-"】
2024-04-17 00:32:51 ok && -
2024-04-17 00:32:53 CHB 1633822?1713285171 第 1 次 等待 3 秒
2024-04-17 00:32:56 CHB 1633822?1713285171 第 1 次 获取到号码【1633822】GSD
2024-04-17 00:32:56 未获取到号码【1633822】GSD，可能号码格式错误
2024-04-17 00:32:56 获取到号码【1633822】的GSD为【-】
2024-04-17 00:33:01 GSD insert 第 1 次 等待 3 秒
2024-04-17 00:33:04 {"status":"bad","gid":"596191","msg":"添加失败！号码【1633822(-|-)】已存在！"}

