2021-07-20 00:00:19 开始第 19 次操作

2021-07-20 00:00:19 开始操作号码 【1347364】
2021-07-20 00:00:23 GSD getOne 第 1 次 等待 3 秒
2021-07-20 00:00:26 查询号码 【1347364】，返回信息 {"status":"bad","msg":""}
2021-07-20 00:00:26 查询号码 【1347364】，GSD为【""】
2021-07-20 00:00:26 bad
2021-07-20 00:00:32 CHB 1347364?1626710426 第 1 次 等待 3 秒
2021-07-20 00:00:35 CHB 1347364?1626710426 第 1 次 获取到号码【1347364】GSD
2021-07-20 00:00:35 获取到号码【1347364】的GSD为【河北-廊坊】
2021-07-20 00:00:37 GSD insert 第 1 次 等待 3 秒
2021-07-20 00:00:40 {"status":"ok","gid":331091,"msg":"添加成功！"}
2021-07-20 00:00:40 下次操作: 2021-07-20 00:01:00

2021-07-20 00:01:01 开始第 20 次操作

2021-07-20 00:01:01 开始操作号码 【1347363】
2021-07-20 00:01:03 GSD getOne 第 1 次 等待 3 秒
2021-07-20 00:01:06 查询号码 【1347363】，返回信息 {"status":"bad","msg":""}
2021-07-20 00:01:06 查询号码 【1347363】，GSD为【""】
2021-07-20 00:01:06 bad
2021-07-20 00:01:09 CHB 1347363?1626710466 第 1 次 等待 3 秒
2021-07-20 00:01:12 CHB 1347363?1626710466 第 1 次 获取到号码【1347363】GSD
2021-07-20 00:01:12 获取到号码【1347363】的GSD为【河北-廊坊】
2021-07-20 00:01:15 GSD insert 第 1 次 等待 3 秒
2021-07-20 00:01:18 {"status":"ok","gid":331100,"msg":"添加成功！"}
2021-07-20 00:01:18 下次操作: 2021-07-20 00:01:42

2021-07-20 00:01:42 开始第 21 次操作

2021-07-20 00:01:42 开始操作号码 【1347362】
2021-07-20 00:01:53 GSD getOne 第 1 次 等待 3 秒
2021-07-20 00:01:56 查询号码 【1347362】，返回信息 {"status":"bad","msg":""}
2021-07-20 00:01:57 查询号码 【1347362】，GSD为【""】
2021-07-20 00:01:57 bad
2021-07-20 00:02:03 CHB 1347362?1626710517 第 1 次 等待 3 秒
2021-07-20 00:02:06 CHB 1347362?1626710517 第 1 次 获取到号码【1347362】GSD
2021-07-20 00:02:06 获取到号码【1347362】的GSD为【河北-廊坊】
2021-07-20 00:02:09 GSD insert 第 1 次 等待 3 秒
2021-07-20 00:02:12 {"status":"ok","gid":331109,"msg":"添加成功！"}
2021-07-20 00:02:12 下次操作: 2021-07-20 00:02:35

2021-07-20 00:02:35 开始第 22 次操作

2021-07-20 00:02:35 开始操作号码 【1347361】
2021-07-20 00:02:41 GSD getOne 第 1 次 等待 3 秒
2021-07-20 00:02:44 查询号码 【1347361】，返回信息 {"status":"bad","msg":""}
2021-07-20 00:02:44 查询号码 【1347361】，GSD为【""】
2021-07-20 00:02:44 bad
2021-07-20 00:02:46 CHB 1347361?1626710564 第 1 次 等待 3 秒
2021-07-20 00:02:49 CHB 1347361?1626710564 第 1 次 获取到号码【1347361】GSD
2021-07-20 00:02:49 获取到号码【1347361】的GSD为【河北-廊坊】
2021-07-20 00:02:52 GSD insert 第 1 次 等待 3 秒
2021-07-20 00:02:55 {"status":"ok","gid":331118,"msg":"添加成功！"}
2021-07-20 00:02:55 下次操作: 2021-07-20 00:03:12

2021-07-20 00:03:12 开始第 23 次操作

2021-07-20 00:03:12 开始操作号码 【1347360】
2021-07-20 00:03:18 GSD getOne 第 1 次 等待 3 秒
2021-07-20 00:03:21 查询号码 【1347360】，返回信息 {"status":"bad","msg":""}
2021-07-20 00:03:21 查询号码 【1347360】，GSD为【""】
2021-07-20 00:03:21 bad
2021-07-20 00:03:24 CHB 1347360?1626710601 第 1 次 等待 3 秒
2021-07-20 00:03:27 CHB 1347360?1626710601 第 1 次 获取到号码【1347360】GSD
2021-07-20 00:03:27 获取到号码【1347360】的GSD为【河北-廊坊】
2021-07-20 00:03:30 GSD insert 第 1 次 等待 3 秒
2021-07-20 00:03:33 {"status":"ok","gid":331127,"msg":"添加成功！"}
2021-07-20 00:03:33 下次操作: 2021-07-20 00:03:47

2021-07-20 00:03:47 开始第 24 次操作

2021-07-20 00:03:47 开始操作号码 【1347359】
2021-07-20 00:03:50 GSD getOne 第 1 次 等待 3 秒
2021-07-20 00:03:53 查询号码 【1347359】，返回信息 {"status":"bad","msg":""}
2021-07-20 00:03:53 查询号码 【1347359】，GSD为【""】
2021-07-20 00:03:53 bad
2021-07-20 00:03:55 CHB 1347359?1626710633 第 1 次 等待 3 秒
2021-07-20 00:03:58 CHB 1347359?1626710633 第 1 次 获取到号码【1347359】GSD
2021-07-20 00:03:58 获取到号码【1347359】的GSD为【河北-唐山】
2021-07-20 00:04:04 GSD insert 第 1 次 等待 3 秒
2021-07-20 00:04:07 {"status":"ok","gid":331133,"msg":"添加成功！"}
2021-07-20 00:04:07 下次操作: 2021-07-20 00:04:27

2021-07-20 00:04:27 开始第 25 次操作

2021-07-20 00:04:27 开始操作号码 【1347358】
2021-07-20 00:04:32 GSD getOne 第 1 次 等待 3 秒
2021-07-20 00:04:35 查询号码 【1347358】，返回信息 {"status":"bad","msg":""}
2021-07-20 00:04:35 查询号码 【1347358】，GSD为【""】
2021-07-20 00:04:35 bad
2021-07-20 00:04:38 CHB 1347358?1626710675 第 1 次 等待 3 秒
2021-07-20 00:04:41 CHB 1347358?1626710675 第 1 次 获取到号码【1347358】GSD
2021-07-20 00:04:41 获取到号码【1347358】的GSD为【河北-唐山】
2021-07-20 00:04:43 GSD insert 第 1 次 等待 3 秒
2021-07-20 00:04:46 {"status":"ok","gid":331143,"msg":"添加成功！"}
2021-07-20 00:04:46 下次操作: 2021-07-20 00:05:09

2021-07-20 00:05:09 开始第 26 次操作

2021-07-20 00:05:10 开始操作号码 【1347357】
2021-07-20 00:05:15 GSD getOne 第 1 次 等待 3 秒
2021-07-20 00:05:18 查询号码 【1347357】，返回信息 {"status":"bad","msg":""}
2021-07-20 00:05:18 查询号码 【1347357】，GSD为【""】
2021-07-20 00:05:18 bad
2021-07-20 00:05:22 CHB 1347357?1626710718 第 1 次 等待 3 秒
2021-07-20 00:05:25 CHB 1347357?1626710718 第 1 次 获取到号码【1347357】GSD
2021-07-20 00:05:25 获取到号码【1347357】的GSD为【河北-唐山】
2021-07-20 00:05:27 GSD insert 第 1 次 等待 3 秒
2021-07-20 00:05:30 {"status":"ok","gid":331151,"msg":"添加成功！"}
2021-07-20 00:05:30 下次操作: 2021-07-20 00:05:51

2021-07-20 00:05:51 开始第 27 次操作

2021-07-20 00:05:51 开始操作号码 【1347356】
2021-07-20 00:05:57 GSD getOne 第 1 次 等待 3 秒
2021-07-20 00:06:00 查询号码 【1347356】，返回信息 {"status":"bad","msg":""}
2021-07-20 00:06:00 查询号码 【1347356】，GSD为【""】
2021-07-20 00:06:00 bad
2021-07-20 00:06:03 CHB 1347356?1626710760 第 1 次 等待 3 秒
2021-07-20 00:06:06 CHB 1347356?1626710760 第 1 次 获取到号码【1347356】GSD
2021-07-20 00:06:06 获取到号码【1347356】的GSD为【河北-唐山】
2021-07-20 00:06:09 GSD insert 第 1 次 等待 3 秒
2021-07-20 00:06:12 {"status":"ok","gid":331161,"msg":"添加成功！"}
2021-07-20 00:06:12 下次操作: 2021-07-20 00:06:24

2021-07-20 00:06:24 开始第 28 次操作

2021-07-20 00:06:24 开始操作号码 【1347355】
2021-07-20 00:06:27 GSD getOne 第 1 次 等待 3 秒
2021-07-20 00:06:30 查询号码 【1347355】，返回信息 {"status":"bad","msg":""}
2021-07-20 00:06:30 查询号码 【1347355】，GSD为【""】
2021-07-20 00:06:30 bad
2021-07-20 00:06:33 CHB 1347355?1626710790 第 1 次 等待 3 秒
2021-07-20 00:06:36 CHB 1347355?1626710790 第 1 次 获取到号码【1347355】GSD
2021-07-20 00:06:36 获取到号码【1347355】的GSD为【河北-唐山】
2021-07-20 00:06:39 GSD insert 第 1 次 等待 3 秒
2021-07-20 00:06:42 {"status":"ok","gid":331167,"msg":"添加成功！"}
2021-07-20 00:06:42 下次操作: 2021-07-20 00:07:05

2021-07-20 00:07:05 开始第 29 次操作

2021-07-20 00:07:05 开始操作号码 【1347354】
2021-07-20 00:07:09 GSD getOne 第 1 次 等待 3 秒
2021-07-20 00:07:12 查询号码 【1347354】，返回信息 {"status":"bad","msg":""}
2021-07-20 00:07:12 查询号码 【1347354】，GSD为【""】
2021-07-20 00:07:12 bad
2021-07-20 00:07:16 CHB 1347354?1626710832 第 1 次 等待 3 秒
2021-07-20 00:07:19 CHB 1347354?1626710832 第 1 次 获取到号码【1347354】GSD
2021-07-20 00:07:19 获取到号码【1347354】的GSD为【河北-唐山】
2021-07-20 00:07:30 GSD insert 第 1 次 等待 3 秒
2021-07-20 00:07:33 {"status":"ok","gid":331180,"msg":"添加成功！"}
2021-07-20 00:07:33 下次操作: 2021-07-20 00:07:49

2021-07-20 00:07:49 开始第 30 次操作

2021-07-20 00:07:49 开始操作号码 【1347353】
2021-07-20 00:07:52 GSD getOne 第 1 次 等待 3 秒
2021-07-20 00:07:55 查询号码 【1347353】，返回信息 {"status":"bad","msg":""}
2021-07-20 00:07:55 查询号码 【1347353】，GSD为【""】
2021-07-20 00:07:55 bad
2021-07-20 00:07:57 CHB 1347353?1626710875 第 1 次 等待 3 秒
2021-07-20 00:08:00 CHB 1347353?1626710875 第 1 次 获取到号码【1347353】GSD
2021-07-20 00:08:00 获取到号码【1347353】的GSD为【河北-唐山】
2021-07-20 00:08:02 GSD insert 第 1 次 等待 3 秒
2021-07-20 00:08:05 {"status":"ok","gid":331186,"msg":"添加成功！"}
2021-07-20 00:08:05 下次操作: 2021-07-20 00:08:22

2021-07-20 00:08:22 开始第 31 次操作

2021-07-20 00:08:22 开始操作号码 【1347352】
2021-07-20 00:08:25 GSD getOne 第 1 次 等待 3 秒
2021-07-20 00:08:28 查询号码 【1347352】，返回信息 {"status":"bad","msg":""}
2021-07-20 00:08:28 查询号码 【1347352】，GSD为【""】
2021-07-20 00:08:28 bad
2021-07-20 00:08:31 CHB 1347352?1626710908 第 1 次 等待 3 秒
2021-07-20 00:08:34 CHB 1347352?1626710908 第 1 次 获取到号码【1347352】GSD
2021-07-20 00:08:34 获取到号码【1347352】的GSD为【河北-唐山】
2021-07-20 00:08:43 GSD insert 第 1 次 等待 3 秒
2021-07-20 00:08:46 {"status":"ok","gid":331197,"msg":"添加成功！"}
2021-07-20 00:08:46 下次操作: 2021-07-20 00:09:02

2021-07-20 00:09:02 开始第 32 次操作

2021-07-20 00:09:02 开始操作号码 【1347351】
2021-07-20 00:09:05 GSD getOne 第 1 次 等待 3 秒
2021-07-20 00:09:08 查询号码 【1347351】，返回信息 {"status":"bad","msg":""}
2021-07-20 00:09:08 查询号码 【1347351】，GSD为【""】
2021-07-20 00:09:08 bad
2021-07-20 00:09:09 CHB 1347351?1626710948 第 1 次 等待 3 秒
2021-07-20 00:09:12 CHB 1347351?1626710948 第 1 次 获取到号码【1347351】GSD
2021-07-20 00:09:12 获取到号码【1347351】的GSD为【河北-唐山】
2021-07-20 00:09:19 GSD insert 第 1 次 等待 3 秒
2021-07-20 00:09:22 {"status":"ok","gid":331205,"msg":"添加成功！"}
2021-07-20 00:09:22 下次操作: 2021-07-20 00:09:45

2021-07-20 00:09:46 开始第 33 次操作

2021-07-20 00:09:46 开始操作号码 【1347350】
2021-07-20 00:10:47 GSD getOne 第 1 次 等待 3 秒
2021-07-20 00:10:50 查询号码 【1347350】，返回信息 {"status":"bad","msg":""}
2021-07-20 00:10:50 查询号码 【1347350】，GSD为【""】
2021-07-20 00:10:50 bad
2021-07-20 00:10:51 CHB 1347350?1626711050 第 1 次 等待 3 秒
2021-07-20 00:10:54 CHB 1347350?1626711050 第 1 次 获取到号码【1347350】GSD
2021-07-20 00:10:54 获取到号码【1347350】的GSD为【河北-唐山】
2021-07-20 00:10:58 GSD insert 第 1 次 等待 3 秒
2021-07-20 00:11:01 {"status":"ok","gid":331224,"msg":"添加成功！"}
2021-07-20 00:11:01 下次操作: 2021-07-20 00:11:21

2021-07-20 00:11:21 开始第 34 次操作

2021-07-20 00:11:21 开始操作号码 【1347349】
2021-07-20 00:11:24 GSD getOne 第 1 次 等待 3 秒
2021-07-20 00:11:27 查询号码 【1347349】，返回信息 {"status":"bad","msg":""}
2021-07-20 00:11:27 查询号码 【1347349】，GSD为【""】
2021-07-20 00:11:27 bad
2021-07-20 00:11:32 CHB 1347349?1626711087 第 1 次 等待 3 秒
2021-07-20 00:11:35 CHB 1347349?1626711087 第 1 次 获取到号码【1347349】GSD
2021-07-20 00:11:35 获取到号码【1347349】的GSD为【河北-邢台】
2021-07-20 00:11:47 GSD insert 第 1 次 等待 3 秒
2021-07-20 00:11:50 {"status":"ok","gid":331232,"msg":"添加成功！"}
2021-07-20 00:11:50 下次操作: 2021-07-20 00:12:09

2021-07-20 00:12:09 开始第 35 次操作

2021-07-20 00:12:09 开始操作号码 【1347348】
2021-07-20 00:12:15 GSD getOne 第 1 次 等待 3 秒
2021-07-20 00:12:18 查询号码 【1347348】，返回信息 {"status":"ok","msg":"河北-石家庄","gid":"4824","time_insert":"2017-07-26 07:56","time_update":"2020-08-17 12:24"}
2021-07-20 00:12:18 查询号码 【1347348】，GSD为【"河北-石家庄"】

2021-07-20 00:12:18 开始第 35 次操作

2021-07-20 00:12:18 开始操作号码 【1347347】
2021-07-20 00:12:27 GSD getOne 第 1 次 等待 3 秒
2021-07-20 00:12:30 查询号码 【1347347】，返回信息 {"status":"bad","msg":""}
2021-07-20 00:12:30 查询号码 【1347347】，GSD为【""】
2021-07-20 00:12:30 bad
2021-07-20 00:12:32 CHB 1347347?1626711150 第 1 次 等待 3 秒
2021-07-20 00:12:35 CHB 1347347?1626711150 第 1 次 获取到号码【1347347】GSD
2021-07-20 00:12:35 获取到号码【1347347】的GSD为【河北-唐山】
2021-07-20 00:12:38 GSD insert 第 1 次 等待 3 秒
2021-07-20 00:12:41 {"status":"ok","gid":331241,"msg":"添加成功！"}
2021-07-20 00:12:41 下次操作: 2021-07-20 00:13:01

2021-07-20 00:13:01 开始第 36 次操作

2021-07-20 00:13:01 开始操作号码 【1347346】
2021-07-20 00:13:05 GSD getOne 第 1 次 等待 3 秒
2021-07-20 00:13:08 查询号码 【1347346】，返回信息 {"status":"bad","msg":""}
2021-07-20 00:13:08 查询号码 【1347346】，GSD为【""】
2021-07-20 00:13:08 bad
2021-07-20 00:13:14 CHB 1347346?1626711188 第 1 次 等待 3 秒
2021-07-20 00:13:17 CHB 1347346?1626711188 第 1 次 获取到号码【1347346】GSD
2021-07-20 00:13:17 获取到号码【1347346】的GSD为【河北-唐山】
2021-07-20 00:13:22 GSD insert 第 1 次 等待 3 秒
2021-07-20 00:13:25 {"status":"ok","gid":331245,"msg":"添加成功！"}
2021-07-20 00:13:25 下次操作: 2021-07-20 00:13:49

2021-07-20 00:13:49 开始第 37 次操作

2021-07-20 00:13:49 开始操作号码 【1347345】
2021-07-20 00:13:52 GSD getOne 第 1 次 等待 3 秒
2021-07-20 00:13:55 查询号码 【1347345】，返回信息 {"status":"bad","msg":""}
2021-07-20 00:13:55 查询号码 【1347345】，GSD为【""】
2021-07-20 00:13:55 bad
2021-07-20 00:13:57 CHB 1347345?1626711235 第 1 次 等待 3 秒
2021-07-20 00:14:00 CHB 1347345?1626711235 第 1 次 获取到号码【1347345】GSD
2021-07-20 00:14:00 获取到号码【1347345】的GSD为【河北-石家庄】
2021-07-20 00:14:03 GSD insert 第 1 次 等待 3 秒
2021-07-20 00:14:06 {"status":"ok","gid":331251,"msg":"添加成功！"}
2021-07-20 00:14:06 下次操作: 2021-07-20 00:14:19

2021-07-20 00:14:19 开始第 38 次操作

2021-07-20 00:14:19 开始操作号码 【1347344】
2021-07-20 00:14:27 GSD getOne 第 1 次 等待 3 秒
2021-07-20 00:14:30 查询号码 【1347344】，返回信息 {"status":"bad","msg":""}
2021-07-20 00:14:30 查询号码 【1347344】，GSD为【""】
2021-07-20 00:14:30 bad
2021-07-20 00:14:32 CHB 1347344?1626711270 第 1 次 等待 3 秒
2021-07-20 00:14:35 CHB 1347344?1626711270 第 1 次 获取到号码【1347344】GSD
2021-07-20 00:14:35 获取到号码【1347344】的GSD为【河北-唐山】
2021-07-20 00:14:48 GSD insert 第 1 次 等待 3 秒
2021-07-20 00:14:51 {"status":"ok","gid":331260,"msg":"添加成功！"}
2021-07-20 00:14:51 下次操作: 2021-07-20 00:15:10

2021-07-20 00:15:10 开始第 39 次操作

2021-07-20 00:15:10 开始操作号码 【1347343】
2021-07-20 00:15:13 GSD getOne 第 1 次 等待 3 秒
2021-07-20 00:15:16 查询号码 【1347343】，返回信息 {"status":"bad","msg":""}
2021-07-20 00:15:16 查询号码 【1347343】，GSD为【""】
2021-07-20 00:15:16 bad
2021-07-20 00:15:18 CHB 1347343?1626711316 第 1 次 等待 3 秒
2021-07-20 00:15:21 CHB 1347343?1626711316 第 1 次 获取到号码【1347343】GSD
2021-07-20 00:15:21 获取到号码【1347343】的GSD为【河北-石家庄】
2021-07-20 00:15:26 GSD insert 第 1 次 等待 3 秒
2021-07-20 00:15:29 {"status":"ok","gid":331265,"msg":"添加成功！"}
2021-07-20 00:15:29 下次操作: 2021-07-20 00:15:51

2021-07-20 00:15:51 开始第 40 次操作

2021-07-20 00:15:51 开始操作号码 【1347342】
2021-07-20 00:15:59 GSD getOne 第 1 次 等待 3 秒
2021-07-20 00:16:02 查询号码 【1347342】，返回信息 {"status":"bad","msg":""}
2021-07-20 00:16:02 查询号码 【1347342】，GSD为【""】
2021-07-20 00:16:02 bad
2021-07-20 00:16:04 CHB 1347342?1626711362 第 1 次 等待 3 秒
2021-07-20 00:16:07 CHB 1347342?1626711362 第 1 次 获取到号码【1347342】GSD
2021-07-20 00:16:07 获取到号码【1347342】的GSD为【河北-保定】
2021-07-20 00:16:21 GSD insert 第 1 次 等待 3 秒
2021-07-20 00:16:24 {"status":"ok","gid":331273,"msg":"添加成功！"}

