2024-08-20 00:11:57 开始第 109 次操作

2024-08-20 00:11:57 开始操作号码 【1410108】
2024-08-20 00:12:06 GSD getOne 第 1 次 等待 3 秒
2024-08-20 00:12:09 查询号码 【1410108】，返回信息 {"status":"ok","msg":"广东-广州","gid":"520677","time_insert":"2023-02-07 16:10"}
2024-08-20 00:12:09 查询号码 【1410108】，GSD为【"广东-广州"】

2024-08-20 00:12:10 开始第 110 次操作

2024-08-20 00:12:10 开始操作号码 【1410109】
2024-08-20 00:12:18 GSD getOne 第 1 次 等待 3 秒
2024-08-20 00:12:21 查询号码 【1410109】，返回信息 {"status":"ok","msg":"广东-广州","gid":"520683","time_insert":"2023-02-07 16:24"}
2024-08-20 00:12:21 查询号码 【1410109】，GSD为【"广东-广州"】

2024-08-20 00:12:22 开始第 111 次操作

2024-08-20 00:12:22 开始操作号码 【1410110】
2024-08-20 00:12:30 GSD getOne 第 1 次 等待 3 秒
2024-08-20 00:12:33 查询号码 【1410110】，返回信息 {"status":"ok","msg":"-","gid":"520688","time_insert":"2023-02-07 16:37"}
2024-08-20 00:12:33 查询号码 【1410110】，GSD为【"-"】
2024-08-20 00:12:33 ok && -
2024-08-20 00:12:35 CHB 1410110?1724083953 第 1 次 等待 3 秒
2024-08-20 00:12:38 CHB 1410110?1724083953 第 1 次 获取到号码【1410110】GSD
2024-08-20 00:12:38 未获取到号码【1410110】GSD，可能号码格式错误
2024-08-20 00:12:38 获取到号码【1410110】的GSD为【-】
2024-08-20 00:12:46 GSD insert 第 1 次 等待 3 秒
2024-08-20 00:12:49 {"status":"bad","gid":"520688","msg":"添加失败！号码【1410110(-|-)】已存在！"}
2024-08-20 00:12:49 随机等待 129 秒，约 2 分钟
2024-08-20 00:12:49 下次操作: 2024-08-20 00:14:58

2024-08-20 00:14:58 开始第 112 次操作

2024-08-20 00:14:58 开始操作号码 【1410111】
2024-08-20 00:15:08 GSD getOne 第 1 次 等待 3 秒
2024-08-20 00:15:11 查询号码 【1410111】，返回信息 {"status":"ok","msg":"-","gid":"520694","time_insert":"2023-02-07 16:49"}
2024-08-20 00:15:11 查询号码 【1410111】，GSD为【"-"】
2024-08-20 00:15:11 ok && -
2024-08-20 00:15:13 CHB 1410111?1724084111 第 1 次 等待 3 秒
2024-08-20 00:15:16 CHB 1410111?1724084111 第 1 次 获取到号码【1410111】GSD
2024-08-20 00:15:16 未获取到号码【1410111】GSD，可能号码格式错误
2024-08-20 00:15:16 获取到号码【1410111】的GSD为【-】
2024-08-20 00:15:33 GSD insert 第 1 次 等待 3 秒
2024-08-20 00:15:36 {"status":"bad","gid":"520694","msg":"添加失败！号码【1410111(-|-)】已存在！"}

