2023-12-14 00:22:01 开始第 3013 次操作

2023-12-14 00:22:01 开始操作号码 【1852932】
2023-12-14 00:22:06 GSD getOne 第 1 次 等待 3 秒
2023-12-14 00:22:09 查询号码 【1852932】，返回信息 {"status":"ok","msg":"广东-广州","gid":"479964","time_insert":"2021-08-02 14:52"}
2023-12-14 00:22:09 查询号码 【1852932】，GSD为【"广东-广州"】

2023-12-14 00:22:10 开始第 3014 次操作

2023-12-14 00:22:10 开始操作号码 【1852933】
2023-12-14 00:22:14 GSD getOne 第 1 次 等待 3 秒
2023-12-14 00:22:17 查询号码 【1852933】，返回信息 {"status":"ok","msg":"广东-广州","gid":"479951","time_insert":"2021-08-02 14:51"}
2023-12-14 00:22:18 查询号码 【1852933】，GSD为【"广东-广州"】

2023-12-14 00:22:19 开始第 3015 次操作

2023-12-14 00:22:19 开始操作号码 【1852934】
2023-12-14 00:22:23 GSD getOne 第 1 次 等待 3 秒
2023-12-14 00:22:26 查询号码 【1852934】，返回信息 {"status":"ok","msg":"广东-广州","gid":"479943","time_insert":"2021-08-02 14:50"}
2023-12-14 00:22:26 查询号码 【1852934】，GSD为【"广东-广州"】

2023-12-14 00:22:27 开始第 3016 次操作

2023-12-14 00:22:27 开始操作号码 【1852935】
2023-12-14 00:22:31 GSD getOne 第 1 次 等待 3 秒
2023-12-14 00:22:34 查询号码 【1852935】，返回信息 {"status":"ok","msg":"广东-广州","gid":"479935","time_insert":"2021-08-02 14:50"}
2023-12-14 00:22:34 查询号码 【1852935】，GSD为【"广东-广州"】

