2024-06-26 00:23:29 开始第 2657 次操作

2024-06-26 00:23:29 开始操作号码 【1522560】
2024-06-26 00:23:55 GSD getOne 第 1 次 等待 3 秒
2024-06-26 00:23:58 查询号码 【1522560】，返回信息 {"status":"ok","msg":"河南-南阳","gid":"54225","time_insert":"2020-07-02 19:16"}
2024-06-26 00:23:58 查询号码 【1522560】，GSD为【"河南-南阳"】

2024-06-26 00:23:59 开始第 2658 次操作

2024-06-26 00:23:59 开始操作号码 【1522561】
2024-06-26 00:24:13 GSD getOne 第 1 次 等待 3 秒
2024-06-26 00:24:16 查询号码 【1522561】，返回信息 {"status":"ok","msg":"河南-南阳","gid":"145417","time_insert":"2021-06-28 09:08"}
2024-06-26 00:24:16 查询号码 【1522561】，GSD为【"河南-南阳"】

2024-06-26 00:24:17 开始第 2659 次操作

2024-06-26 00:24:17 开始操作号码 【1522562】
2024-06-26 00:24:36 GSD getOne 第 1 次 等待 3 秒
2024-06-26 00:24:39 查询号码 【1522562】，返回信息 {"status":"ok","msg":"河南-南阳","gid":"54226","time_insert":"2020-02-06 09:36"}
2024-06-26 00:24:39 查询号码 【1522562】，GSD为【"河南-南阳"】

2024-06-26 00:24:40 开始第 2660 次操作

2024-06-26 00:24:40 开始操作号码 【1522563】
2024-06-26 00:24:56 GSD getOne 第 1 次 等待 3 秒
2024-06-26 00:24:59 查询号码 【1522563】，返回信息 {"status":"ok","msg":"河南-南阳","gid":"145434","time_insert":"2021-06-28 09:28"}
2024-06-26 00:24:59 查询号码 【1522563】，GSD为【"河南-南阳"】

