2024-10-04 00:13:25 开始第 8025 次操作

2024-10-04 00:13:25 开始操作号码 【1418021】
2024-10-04 00:13:27 GSD getOne 第 1 次 等待 3 秒
2024-10-04 00:13:30 查询号码 【1418021】，返回信息 {"status":"ok","msg":"-","gid":"690706","time_insert":"2023-05-03 11:55"}
2024-10-04 00:13:30 查询号码 【1418021】，GSD为【"-"】
2024-10-04 00:13:30 ok && -
2024-10-04 00:13:34 CHB 1418021?1727972010 第 1 次 等待 3 秒
2024-10-04 00:13:37 CHB 1418021?1727972010 第 1 次 获取到号码【1418021】GSD
2024-10-04 00:13:37 未获取到号码【1418021】GSD，可能号码格式错误
2024-10-04 00:13:37 获取到号码【1418021】的GSD为【-】
2024-10-04 00:13:40 GSD insert 第 1 次 等待 3 秒
2024-10-04 00:13:43 {"status":"bad","gid":"690706","msg":"添加失败！号码【1418021(-|-)】已存在！"}
2024-10-04 00:13:43 随机等待 119 秒，约 1 分钟
2024-10-04 00:13:43 下次操作: 2024-10-04 00:15:42

2024-10-04 00:15:42 开始第 8026 次操作

2024-10-04 00:15:42 开始操作号码 【1418022】
2024-10-04 00:15:44 GSD getOne 第 1 次 等待 3 秒
2024-10-04 00:15:47 查询号码 【1418022】，返回信息 {"status":"ok","msg":"-","gid":"690716","time_insert":"2023-05-03 12:07"}
2024-10-04 00:15:47 查询号码 【1418022】，GSD为【"-"】
2024-10-04 00:15:47 ok && -
2024-10-04 00:15:49 CHB 1418022?1727972147 第 1 次 等待 3 秒
2024-10-04 00:15:52 CHB 1418022?1727972147 第 1 次 获取到号码【1418022】GSD
2024-10-04 00:15:52 未获取到号码【1418022】GSD，可能号码格式错误
2024-10-04 00:15:52 获取到号码【1418022】的GSD为【-】
2024-10-04 00:15:54 GSD insert 第 1 次 等待 3 秒
2024-10-04 00:15:57 {"status":"bad","gid":"690716","msg":"添加失败！号码【1418022(-|-)】已存在！"}
2024-10-04 00:15:57 随机等待 199 秒，约 3 分钟
2024-10-04 00:15:57 下次操作: 2024-10-04 00:19:16

2024-10-04 00:19:16 开始第 8027 次操作

2024-10-04 00:19:16 开始操作号码 【1418023】
2024-10-04 00:19:18 GSD getOne 第 1 次 等待 3 秒
2024-10-04 00:19:21 查询号码 【1418023】，返回信息 {"status":"ok","msg":"-","gid":"690737","time_insert":"2023-05-03 12:26"}
2024-10-04 00:19:21 查询号码 【1418023】，GSD为【"-"】
2024-10-04 00:19:21 ok && -
2024-10-04 00:19:22 CHB 1418023?1727972361 第 1 次 等待 3 秒
2024-10-04 00:19:25 CHB 1418023?1727972361 第 1 次 获取到号码【1418023】GSD
2024-10-04 00:19:25 未获取到号码【1418023】GSD，可能号码格式错误
2024-10-04 00:19:25 获取到号码【1418023】的GSD为【-】
2024-10-04 00:19:27 GSD insert 第 1 次 等待 3 秒
2024-10-04 00:19:30 {"status":"bad","gid":"690737","msg":"添加失败！号码【1418023(-|-)】已存在！"}
2024-10-04 00:19:30 随机等待 184 秒，约 3 分钟
2024-10-04 00:19:30 下次操作: 2024-10-04 00:22:34

2024-10-04 00:22:34 开始第 8028 次操作

2024-10-04 00:22:34 开始操作号码 【1418024】
2024-10-04 00:22:37 GSD getOne 第 1 次 等待 3 秒
2024-10-04 00:22:40 查询号码 【1418024】，返回信息 {"status":"ok","msg":"-","gid":"690753","time_insert":"2023-05-03 12:44"}
2024-10-04 00:22:40 查询号码 【1418024】，GSD为【"-"】
2024-10-04 00:22:40 ok && -
2024-10-04 00:22:42 CHB 1418024?1727972560 第 1 次 等待 3 秒
2024-10-04 00:22:45 CHB 1418024?1727972560 第 1 次 获取到号码【1418024】GSD
2024-10-04 00:22:45 未获取到号码【1418024】GSD，可能号码格式错误
2024-10-04 00:22:45 获取到号码【1418024】的GSD为【-】
2024-10-04 00:22:48 GSD insert 第 1 次 等待 3 秒
2024-10-04 00:22:51 {"status":"bad","gid":"690753","msg":"添加失败！号码【1418024(-|-)】已存在！"}

