2024-06-29 00:22:17 开始第 3185 次操作

2024-06-29 00:22:17 开始操作号码 【1523087】
2024-06-29 00:22:35 GSD getOne 第 1 次 等待 3 秒
2024-06-29 00:22:38 查询号码 【1523087】，返回信息 {"status":"ok","msg":"河北-承德","gid":"180878","time_insert":"2021-07-03 11:15"}
2024-06-29 00:22:38 查询号码 【1523087】，GSD为【"河北-承德"】

2024-06-29 00:22:39 开始第 3186 次操作

2024-06-29 00:22:39 开始操作号码 【1523088】
2024-06-29 00:22:53 GSD getOne 第 1 次 等待 3 秒
2024-06-29 00:22:56 查询号码 【1523088】，返回信息 {"status":"ok","msg":"河北-承德","gid":"180908","time_insert":"2021-07-03 11:31"}
2024-06-29 00:22:56 查询号码 【1523088】，GSD为【"河北-承德"】

2024-06-29 00:22:57 开始第 3187 次操作

2024-06-29 00:22:57 开始操作号码 【1523089】
2024-06-29 00:23:13 GSD getOne 第 1 次 等待 3 秒
2024-06-29 00:23:16 查询号码 【1523089】，返回信息 {"status":"ok","msg":"河北-承德","gid":"180961","time_insert":"2021-07-03 11:49"}
2024-06-29 00:23:16 查询号码 【1523089】，GSD为【"河北-承德"】

2024-06-29 00:23:17 开始第 3188 次操作

2024-06-29 00:23:17 开始操作号码 【1523090】
2024-06-29 00:23:33 GSD getOne 第 1 次 等待 3 秒
2024-06-29 00:23:36 查询号码 【1523090】，返回信息 {"status":"ok","msg":"河北-唐山","gid":"181188","time_insert":"2021-07-03 12:06"}
2024-06-29 00:23:36 查询号码 【1523090】，GSD为【"河北-唐山"】

