2024-09-26 00:14:25 开始第 6629 次操作

2024-09-26 00:14:25 开始操作号码 【1416626】
2024-09-26 00:14:32 GSD getOne 第 1 次 等待 3 秒
2024-09-26 00:14:35 查询号码 【1416626】，返回信息 {"status":"ok","msg":"-","gid":"661707","time_insert":"2023-04-18 06:58"}
2024-09-26 00:14:35 查询号码 【1416626】，GSD为【"-"】
2024-09-26 00:14:35 ok && -
2024-09-26 00:14:37 CHB 1416626?1727280875 第 1 次 等待 3 秒
2024-09-26 00:14:40 CHB 1416626?1727280875 第 1 次 获取到号码【1416626】GSD
2024-09-26 00:14:40 未获取到号码【1416626】GSD，可能号码格式错误
2024-09-26 00:14:40 获取到号码【1416626】的GSD为【-】
2024-09-26 00:14:43 GSD insert 第 1 次 等待 3 秒
2024-09-26 00:14:46 {"status":"bad","gid":"661707","msg":"添加失败！号码【1416626(-|-)】已存在！"}
2024-09-26 00:14:46 随机等待 154 秒，约 2 分钟
2024-09-26 00:14:46 下次操作: 2024-09-26 00:17:20

2024-09-26 00:17:20 开始第 6630 次操作

2024-09-26 00:17:20 开始操作号码 【1416627】
2024-09-26 00:17:25 GSD getOne 第 1 次 等待 3 秒
2024-09-26 00:17:28 查询号码 【1416627】，返回信息 {"status":"ok","msg":"-","gid":"661739","time_insert":"2023-04-18 07:19"}
2024-09-26 00:17:28 查询号码 【1416627】，GSD为【"-"】
2024-09-26 00:17:28 ok && -
2024-09-26 00:17:31 CHB 1416627?1727281048 第 1 次 等待 3 秒
2024-09-26 00:17:34 CHB 1416627?1727281048 第 1 次 获取到号码【1416627】GSD
2024-09-26 00:17:34 未获取到号码【1416627】GSD，可能号码格式错误
2024-09-26 00:17:34 获取到号码【1416627】的GSD为【-】
2024-09-26 00:18:34 GSD insert 第 1 次 等待 3 秒
2024-09-26 00:18:37 {"status":"bad","gid":"661739","msg":"添加失败！号码【1416627(-|-)】已存在！"}
2024-09-26 00:18:37 随机等待 202 秒，约 3 分钟
2024-09-26 00:18:37 下次操作: 2024-09-26 00:21:59

2024-09-26 00:21:59 开始第 6631 次操作

2024-09-26 00:21:59 开始操作号码 【1416628】
2024-09-26 00:22:01 GSD getOne 第 1 次 等待 3 秒
2024-09-26 00:22:04 查询号码 【1416628】，返回信息 {"status":"ok","msg":"-","gid":"661764","time_insert":"2023-04-18 07:34"}
2024-09-26 00:22:04 查询号码 【1416628】，GSD为【"-"】
2024-09-26 00:22:04 ok && -
2024-09-26 00:22:08 CHB 1416628?1727281324 第 1 次 等待 3 秒
2024-09-26 00:22:11 CHB 1416628?1727281324 第 1 次 获取到号码【1416628】GSD
2024-09-26 00:22:11 未获取到号码【1416628】GSD，可能号码格式错误
2024-09-26 00:22:11 获取到号码【1416628】的GSD为【-】
2024-09-26 00:22:13 GSD insert 第 1 次 等待 3 秒
2024-09-26 00:22:16 {"status":"bad","gid":"661764","msg":"添加失败！号码【1416628(-|-)】已存在！"}
2024-09-26 00:22:16 随机等待 156 秒，约 2 分钟
2024-09-26 00:22:16 下次操作: 2024-09-26 00:24:52

2024-09-26 00:24:52 开始第 6632 次操作

2024-09-26 00:24:52 开始操作号码 【1416629】
2024-09-26 00:24:57 GSD getOne 第 1 次 等待 3 秒
2024-09-26 00:25:00 查询号码 【1416629】，返回信息 {"status":"ok","msg":"-","gid":"661781","time_insert":"2023-04-18 07:44"}
2024-09-26 00:25:00 查询号码 【1416629】，GSD为【"-"】
2024-09-26 00:25:00 ok && -
2024-09-26 00:25:02 CHB 1416629?1727281500 第 1 次 等待 3 秒
2024-09-26 00:25:05 CHB 1416629?1727281500 第 1 次 获取到号码【1416629】GSD
2024-09-26 00:25:05 未获取到号码【1416629】GSD，可能号码格式错误
2024-09-26 00:25:05 获取到号码【1416629】的GSD为【-】
2024-09-26 00:25:08 GSD insert 第 1 次 等待 3 秒
2024-09-26 00:25:11 {"status":"bad","gid":"661781","msg":"添加失败！号码【1416629(-|-)】已存在！"}

