2024-06-21 00:24:22 开始第 1781 次操作

2024-06-21 00:24:22 开始操作号码 【1521689】
2024-06-21 00:24:50 GSD getOne 第 1 次 等待 3 秒
2024-06-21 00:24:53 查询号码 【1521689】，返回信息 {"status":"ok","msg":"上海-上海","gid":"105693","time_insert":"2021-06-19 07:24"}
2024-06-21 00:24:53 查询号码 【1521689】，GSD为【"上海-上海"】

2024-06-21 00:24:54 开始第 1782 次操作

2024-06-21 00:24:54 开始操作号码 【1521690】
2024-06-21 00:25:10 GSD getOne 第 1 次 等待 3 秒
2024-06-21 00:25:13 查询号码 【1521690】，返回信息 {"status":"ok","msg":"广东-河源","gid":"105713","time_insert":"2021-06-19 07:44"}
2024-06-21 00:25:13 查询号码 【1521690】，GSD为【"广东-河源"】

2024-06-21 00:25:14 开始第 1783 次操作

2024-06-21 00:25:14 开始操作号码 【1521691】
2024-06-21 00:25:34 GSD getOne 第 1 次 等待 3 秒
2024-06-21 00:25:37 查询号码 【1521691】，返回信息 {"status":"ok","msg":"广东-河源","gid":"105736","time_insert":"2021-06-19 08:04"}
2024-06-21 00:25:37 查询号码 【1521691】，GSD为【"广东-河源"】

2024-06-21 00:25:38 开始第 1784 次操作

2024-06-21 00:25:38 开始操作号码 【1521692】
2024-06-21 00:25:46 GSD getOne 第 1 次 等待 3 秒
2024-06-21 00:25:49 查询号码 【1521692】，返回信息 {"status":"ok","msg":"广东-河源","gid":"105752","time_insert":"2021-06-19 08:21"}
2024-06-21 00:25:49 查询号码 【1521692】，GSD为【"广东-河源"】

2024-06-21 00:42:21 开始第 1785 次操作

2024-06-21 00:42:21 开始操作号码 【1521693】
2024-06-21 00:42:31 GSD getOne 第 1 次 等待 3 秒
2024-06-21 00:42:34 查询号码 【1521693】，返回信息 {"status":"ok","msg":"广东-河源","gid":"105770","time_insert":"2021-06-19 08:40"}
2024-06-21 00:42:34 查询号码 【1521693】，GSD为【"广东-河源"】

2024-06-21 00:42:35 开始第 1786 次操作

2024-06-21 00:42:35 开始操作号码 【1521694】
2024-06-21 00:42:57 GSD getOne 第 1 次 等待 3 秒
2024-06-21 00:43:00 查询号码 【1521694】，返回信息 {"status":"ok","msg":"广东-潮州","gid":"105792","time_insert":"2021-06-19 08:57"}
2024-06-21 00:43:00 查询号码 【1521694】，GSD为【"广东-潮州"】

2024-06-21 00:43:01 开始第 1787 次操作

2024-06-21 00:43:01 开始操作号码 【1521695】
2024-06-21 00:43:20 GSD getOne 第 1 次 等待 3 秒
2024-06-21 00:43:23 查询号码 【1521695】，返回信息 {"status":"ok","msg":"广东-潮州","gid":"105807","time_insert":"2021-06-19 09:13"}
2024-06-21 00:43:23 查询号码 【1521695】，GSD为【"广东-潮州"】

2024-06-21 00:43:24 开始第 1788 次操作

2024-06-21 00:43:24 开始操作号码 【1521696】
2024-06-21 00:44:09 GSD getOne 第 1 次 等待 3 秒
2024-06-21 00:44:12 查询号码 【1521696】，返回信息 {"status":"ok","msg":"广东-潮州","gid":"18940","time_insert":"2017-09-05 11:28","time_update":"2020-09-29 14:38"}
2024-06-21 00:44:12 查询号码 【1521696】，GSD为【"广东-潮州"】

2024-06-21 01:15:34 开始第 1789 次操作

2024-06-21 01:15:34 开始操作号码 【1521697】
2024-06-21 01:15:46 GSD getOne 第 1 次 等待 3 秒
2024-06-21 01:15:49 查询号码 【1521697】，返回信息 {"status":"ok","msg":"广东-潮州","gid":"105827","time_insert":"2021-06-19 09:29"}
2024-06-21 01:15:49 查询号码 【1521697】，GSD为【"广东-潮州"】

2024-06-21 01:15:50 开始第 1790 次操作

2024-06-21 01:15:50 开始操作号码 【1521698】
2024-06-21 01:16:01 GSD getOne 第 1 次 等待 3 秒
2024-06-21 01:16:04 查询号码 【1521698】，返回信息 {"status":"ok","msg":"广东-江门","gid":"105849","time_insert":"2021-06-19 09:44"}
2024-06-21 01:16:04 查询号码 【1521698】，GSD为【"广东-江门"】

2024-06-21 01:16:05 开始第 1791 次操作

2024-06-21 01:16:05 开始操作号码 【1521699】
2024-06-21 01:16:29 GSD getOne 第 1 次 等待 3 秒
2024-06-21 01:16:32 查询号码 【1521699】，返回信息 {"status":"ok","msg":"广东-江门","gid":"105865","time_insert":"2021-06-19 10:00"}
2024-06-21 01:16:32 查询号码 【1521699】，GSD为【"广东-江门"】

2024-06-21 01:16:33 开始第 1792 次操作

2024-06-21 01:16:33 开始操作号码 【1521700】
2024-06-21 01:17:37 GSD getOne 第 1 次 等待 3 秒
2024-06-21 01:17:40 查询号码 【1521700】，返回信息 {"status":"ok","msg":"广东-深圳","gid":"105885","time_insert":"2021-06-19 10:17"}
2024-06-21 01:17:40 查询号码 【1521700】，GSD为【"广东-深圳"】

2024-06-21 01:37:27 开始第 1793 次操作

2024-06-21 01:37:27 开始操作号码 【1521701】
2024-06-21 01:37:42 GSD getOne 第 1 次 等待 3 秒
2024-06-21 01:37:45 查询号码 【1521701】，返回信息 {"status":"ok","msg":"广东-深圳","gid":"105907","time_insert":"2021-06-19 10:34"}
2024-06-21 01:37:46 查询号码 【1521701】，GSD为【"广东-深圳"】

2024-06-21 01:37:47 开始第 1794 次操作

2024-06-21 01:37:47 开始操作号码 【1521702】
2024-06-21 01:38:05 GSD getOne 第 1 次 等待 3 秒
2024-06-21 01:38:08 查询号码 【1521702】，返回信息 {"status":"ok","msg":"广东-深圳","gid":"105927","time_insert":"2021-06-19 10:52"}
2024-06-21 01:38:08 查询号码 【1521702】，GSD为【"广东-深圳"】

2024-06-21 01:38:09 开始第 1795 次操作

2024-06-21 01:38:09 开始操作号码 【1521703】
2024-06-21 01:38:36 GSD getOne 第 1 次 等待 3 秒
2024-06-21 01:38:39 查询号码 【1521703】，返回信息 {"status":"ok","msg":"广东-深圳","gid":"105948","time_insert":"2021-06-19 11:11"}
2024-06-21 01:38:39 查询号码 【1521703】，GSD为【"广东-深圳"】

2024-06-21 01:38:40 开始第 1796 次操作

2024-06-21 01:38:40 开始操作号码 【1521704】
2024-06-21 01:38:54 GSD getOne 第 1 次 等待 3 秒
2024-06-21 01:38:57 查询号码 【1521704】，返回信息 {"status":"ok","msg":"广东-深圳","gid":"105964","time_insert":"2021-06-19 11:27"}
2024-06-21 01:38:57 查询号码 【1521704】，GSD为【"广东-深圳"】

