2023-12-11 00:20:18 开始第 2485 次操作

2023-12-11 00:20:18 开始操作号码 【1852404】
2023-12-11 00:20:23 GSD getOne 第 1 次 等待 3 秒
2023-12-11 00:20:26 查询号码 【1852404】，返回信息 {"status":"ok","msg":"辽宁-沈阳","gid":"486217","time_insert":"2021-08-03 03:35"}
2023-12-11 00:20:26 查询号码 【1852404】，GSD为【"辽宁-沈阳"】

2023-12-11 00:20:27 开始第 2486 次操作

2023-12-11 00:20:27 开始操作号码 【1852405】
2023-12-11 00:20:31 GSD getOne 第 1 次 等待 3 秒
2023-12-11 00:20:34 查询号码 【1852405】，返回信息 {"status":"ok","msg":"辽宁-沈阳","gid":"486192","time_insert":"2021-08-03 03:26"}
2023-12-11 00:20:34 查询号码 【1852405】，GSD为【"辽宁-沈阳"】

2023-12-11 00:20:35 开始第 2487 次操作

2023-12-11 00:20:35 开始操作号码 【1852406】
2023-12-11 00:20:43 GSD getOne 第 1 次 等待 3 秒
2023-12-11 00:20:46 查询号码 【1852406】，返回信息 {"status":"ok","msg":"辽宁-锦州","gid":"486187","time_insert":"2021-08-03 03:25"}
2023-12-11 00:20:46 查询号码 【1852406】，GSD为【"辽宁-锦州"】

2023-12-11 00:20:47 开始第 2488 次操作

2023-12-11 00:20:47 开始操作号码 【1852407】
2023-12-11 00:20:51 GSD getOne 第 1 次 等待 3 秒
2023-12-11 00:20:54 查询号码 【1852407】，返回信息 {"status":"ok","msg":"辽宁-营口","gid":"486184","time_insert":"2021-08-03 03:24"}
2023-12-11 00:20:54 查询号码 【1852407】，GSD为【"辽宁-营口"】

