2024-09-27 00:13:08 开始第 6797 次操作

2024-09-27 00:13:08 开始操作号码 【1416794】
2024-09-27 00:13:10 GSD getOne 第 1 次 等待 3 秒
2024-09-27 00:13:13 查询号码 【1416794】，返回信息 {"status":"ok","msg":"-","gid":"665491","time_insert":"2023-04-20 01:52"}
2024-09-27 00:13:13 查询号码 【1416794】，GSD为【"-"】
2024-09-27 00:13:13 ok && -
2024-09-27 00:13:15 CHB 1416794?1727367193 第 1 次 等待 3 秒
2024-09-27 00:13:18 CHB 1416794?1727367193 第 1 次 获取到号码【1416794】GSD
2024-09-27 00:13:18 未获取到号码【1416794】GSD，可能号码格式错误
2024-09-27 00:13:18 获取到号码【1416794】的GSD为【-】
2024-09-27 00:13:20 GSD insert 第 1 次 等待 3 秒
2024-09-27 00:13:23 {"status":"bad","gid":"665491","msg":"添加失败！号码【1416794(-|-)】已存在！"}
2024-09-27 00:13:23 随机等待 192 秒，约 3 分钟
2024-09-27 00:13:23 下次操作: 2024-09-27 00:16:35

2024-09-27 00:16:35 开始第 6798 次操作

2024-09-27 00:16:35 开始操作号码 【1416795】
2024-09-27 00:16:37 GSD getOne 第 1 次 等待 3 秒
2024-09-27 00:16:40 查询号码 【1416795】，返回信息 {"status":"ok","msg":"-","gid":"665512","time_insert":"2023-04-20 02:06"}
2024-09-27 00:16:40 查询号码 【1416795】，GSD为【"-"】
2024-09-27 00:16:40 ok && -
2024-09-27 00:16:42 CHB 1416795?1727367400 第 1 次 等待 3 秒
2024-09-27 00:16:45 CHB 1416795?1727367400 第 1 次 获取到号码【1416795】GSD
2024-09-27 00:16:45 未获取到号码【1416795】GSD，可能号码格式错误
2024-09-27 00:16:45 获取到号码【1416795】的GSD为【-】
2024-09-27 00:16:47 GSD insert 第 1 次 等待 3 秒
2024-09-27 00:16:50 {"status":"bad","gid":"665512","msg":"添加失败！号码【1416795(-|-)】已存在！"}
2024-09-27 00:16:50 随机等待 102 秒，约 1 分钟
2024-09-27 00:16:50 下次操作: 2024-09-27 00:18:32

2024-09-27 00:18:32 开始第 6799 次操作

2024-09-27 00:18:32 开始操作号码 【1416796】
2024-09-27 00:18:34 GSD getOne 第 1 次 等待 3 秒
2024-09-27 00:18:37 查询号码 【1416796】，返回信息 {"status":"ok","msg":"-","gid":"665530","time_insert":"2023-04-20 02:20"}
2024-09-27 00:18:37 查询号码 【1416796】，GSD为【"-"】
2024-09-27 00:18:37 ok && -
2024-09-27 00:18:39 CHB 1416796?1727367517 第 1 次 等待 3 秒
2024-09-27 00:18:42 CHB 1416796?1727367517 第 1 次 获取到号码【1416796】GSD
2024-09-27 00:18:42 未获取到号码【1416796】GSD，可能号码格式错误
2024-09-27 00:18:42 获取到号码【1416796】的GSD为【-】
2024-09-27 00:18:43 GSD insert 第 1 次 等待 3 秒
2024-09-27 00:18:46 {"status":"bad","gid":"665530","msg":"添加失败！号码【1416796(-|-)】已存在！"}
2024-09-27 00:18:46 随机等待 84 秒，约 1 分钟
2024-09-27 00:18:46 下次操作: 2024-09-27 00:20:10

2024-09-27 00:20:10 开始第 6800 次操作

2024-09-27 00:20:10 开始操作号码 【1416797】
2024-09-27 00:20:12 GSD getOne 第 1 次 等待 3 秒
2024-09-27 00:20:15 查询号码 【1416797】，返回信息 {"status":"ok","msg":"-","gid":"665544","time_insert":"2023-04-20 02:31"}
2024-09-27 00:20:15 查询号码 【1416797】，GSD为【"-"】
2024-09-27 00:20:15 ok && -
2024-09-27 00:20:17 CHB 1416797?1727367615 第 1 次 等待 3 秒
2024-09-27 00:20:20 CHB 1416797?1727367615 第 1 次 获取到号码【1416797】GSD
2024-09-27 00:20:20 未获取到号码【1416797】GSD，可能号码格式错误
2024-09-27 00:20:20 获取到号码【1416797】的GSD为【-】
2024-09-27 00:20:22 GSD insert 第 1 次 等待 3 秒
2024-09-27 00:20:25 {"status":"bad","gid":"665544","msg":"添加失败！号码【1416797(-|-)】已存在！"}

2024-09-27 00:42:02 开始第 6801 次操作

2024-09-27 00:42:02 开始操作号码 【1416798】
2024-09-27 00:42:05 GSD getOne 第 1 次 等待 3 秒
2024-09-27 00:42:08 查询号码 【1416798】，返回信息 {"status":"ok","msg":"-","gid":"665574","time_insert":"2023-04-20 02:46"}
2024-09-27 00:42:08 查询号码 【1416798】，GSD为【"-"】
2024-09-27 00:42:08 ok && -
2024-09-27 00:42:10 CHB 1416798?1727368928 第 1 次 等待 3 秒
2024-09-27 00:42:13 CHB 1416798?1727368928 第 1 次 获取到号码【1416798】GSD
2024-09-27 00:42:13 未获取到号码【1416798】GSD，可能号码格式错误
2024-09-27 00:42:13 获取到号码【1416798】的GSD为【-】
2024-09-27 00:42:15 GSD insert 第 1 次 等待 3 秒
2024-09-27 00:42:18 {"status":"bad","gid":"665574","msg":"添加失败！号码【1416798(-|-)】已存在！"}
2024-09-27 00:42:18 随机等待 116 秒，约 1 分钟
2024-09-27 00:42:18 下次操作: 2024-09-27 00:44:14

2024-09-27 00:44:14 开始第 6802 次操作

2024-09-27 00:44:14 开始操作号码 【1416799】
2024-09-27 00:44:18 GSD getOne 第 1 次 等待 3 秒
2024-09-27 00:44:21 查询号码 【1416799】，返回信息 {"status":"ok","msg":"-","gid":"665598","time_insert":"2023-04-20 03:02"}
2024-09-27 00:44:21 查询号码 【1416799】，GSD为【"-"】
2024-09-27 00:44:21 ok && -
2024-09-27 00:44:23 CHB 1416799?1727369061 第 1 次 等待 3 秒
2024-09-27 00:44:26 CHB 1416799?1727369061 第 1 次 获取到号码【1416799】GSD
2024-09-27 00:44:26 未获取到号码【1416799】GSD，可能号码格式错误
2024-09-27 00:44:26 获取到号码【1416799】的GSD为【-】
2024-09-27 00:44:43 GSD insert 第 1 次 等待 3 秒
2024-09-27 00:44:46 {"status":"bad","gid":"665598","msg":"添加失败！号码【1416799(-|-)】已存在！"}
2024-09-27 00:44:46 随机等待 111 秒，约 1 分钟
2024-09-27 00:44:46 下次操作: 2024-09-27 00:46:37

2024-09-27 00:46:37 开始第 6803 次操作

2024-09-27 00:46:37 开始操作号码 【1416800】
2024-09-27 00:46:39 GSD getOne 第 1 次 等待 3 秒
2024-09-27 00:46:42 查询号码 【1416800】，返回信息 {"status":"ok","msg":"-","gid":"665619","time_insert":"2023-04-20 03:16"}
2024-09-27 00:46:42 查询号码 【1416800】，GSD为【"-"】
2024-09-27 00:46:42 ok && -
2024-09-27 00:46:44 CHB 1416800?1727369202 第 1 次 等待 3 秒
2024-09-27 00:46:47 CHB 1416800?1727369202 第 1 次 获取到号码【1416800】GSD
2024-09-27 00:46:47 未获取到号码【1416800】GSD，可能号码格式错误
2024-09-27 00:46:47 获取到号码【1416800】的GSD为【-】
2024-09-27 00:46:50 GSD insert 第 1 次 等待 3 秒
2024-09-27 00:46:53 {"status":"bad","gid":"665619","msg":"添加失败！号码【1416800(-|-)】已存在！"}
2024-09-27 00:46:53 随机等待 75 秒，约 1 分钟
2024-09-27 00:46:53 下次操作: 2024-09-27 00:48:08

2024-09-27 00:48:08 开始第 6804 次操作

2024-09-27 00:48:08 开始操作号码 【1416801】
2024-09-27 00:48:10 GSD getOne 第 1 次 等待 3 秒
2024-09-27 00:48:13 查询号码 【1416801】，返回信息 {"status":"ok","msg":"-","gid":"665645","time_insert":"2023-04-20 03:33"}
2024-09-27 00:48:13 查询号码 【1416801】，GSD为【"-"】
2024-09-27 00:48:13 ok && -
2024-09-27 00:48:14 CHB 1416801?1727369293 第 1 次 等待 3 秒
2024-09-27 00:48:17 CHB 1416801?1727369293 第 1 次 获取到号码【1416801】GSD
2024-09-27 00:48:17 未获取到号码【1416801】GSD，可能号码格式错误
2024-09-27 00:48:17 获取到号码【1416801】的GSD为【-】
2024-09-27 00:48:19 GSD insert 第 1 次 等待 3 秒
2024-09-27 00:48:22 {"status":"bad","gid":"665645","msg":"添加失败！号码【1416801(-|-)】已存在！"}

