2024-10-02 00:13:28 开始第 7677 次操作

2024-10-02 00:13:28 开始操作号码 【1417673】
2024-10-02 00:13:33 GSD getOne 第 1 次 等待 3 秒
2024-10-02 00:13:36 查询号码 【1417673】，返回信息 {"status":"ok","msg":"-","gid":"684715","time_insert":"2023-04-29 14:20"}
2024-10-02 00:13:36 查询号码 【1417673】，GSD为【"-"】
2024-10-02 00:13:36 ok && -
2024-10-02 00:13:38 CHB 1417673?1727799216 第 1 次 等待 3 秒
2024-10-02 00:13:41 CHB 1417673?1727799216 第 1 次 获取到号码【1417673】GSD
2024-10-02 00:13:41 未获取到号码【1417673】GSD，可能号码格式错误
2024-10-02 00:13:41 获取到号码【1417673】的GSD为【-】
2024-10-02 00:13:44 GSD insert 第 1 次 等待 3 秒
2024-10-02 00:13:47 {"status":"bad","gid":"684715","msg":"添加失败！号码【1417673(-|-)】已存在！"}
2024-10-02 00:13:47 随机等待 94 秒，约 1 分钟
2024-10-02 00:13:47 下次操作: 2024-10-02 00:15:21

2024-10-02 00:15:21 开始第 7678 次操作

2024-10-02 00:15:21 开始操作号码 【1417674】
2024-10-02 00:15:23 GSD getOne 第 1 次 等待 3 秒
2024-10-02 00:15:26 查询号码 【1417674】，返回信息 {"status":"ok","msg":"-","gid":"684743","time_insert":"2023-04-29 14:37"}
2024-10-02 00:15:26 查询号码 【1417674】，GSD为【"-"】
2024-10-02 00:15:26 ok && -
2024-10-02 00:15:29 CHB 1417674?1727799326 第 1 次 等待 3 秒
2024-10-02 00:15:32 CHB 1417674?1727799326 第 1 次 获取到号码【1417674】GSD
2024-10-02 00:15:32 未获取到号码【1417674】GSD，可能号码格式错误
2024-10-02 00:15:32 获取到号码【1417674】的GSD为【-】
2024-10-02 00:15:34 GSD insert 第 1 次 等待 3 秒
2024-10-02 00:15:37 {"status":"bad","gid":"684743","msg":"添加失败！号码【1417674(-|-)】已存在！"}
2024-10-02 00:15:37 随机等待 122 秒，约 2 分钟
2024-10-02 00:15:37 下次操作: 2024-10-02 00:17:39

2024-10-02 00:17:39 开始第 7679 次操作

2024-10-02 00:17:39 开始操作号码 【1417675】
2024-10-02 00:17:42 GSD getOne 第 1 次 等待 3 秒
2024-10-02 00:17:45 查询号码 【1417675】，返回信息 {"status":"ok","msg":"-","gid":"684775","time_insert":"2023-04-29 14:58"}
2024-10-02 00:17:45 查询号码 【1417675】，GSD为【"-"】
2024-10-02 00:17:45 ok && -
2024-10-02 00:17:47 CHB 1417675?1727799465 第 1 次 等待 3 秒
2024-10-02 00:17:50 CHB 1417675?1727799465 第 1 次 获取到号码【1417675】GSD
2024-10-02 00:17:50 未获取到号码【1417675】GSD，可能号码格式错误
2024-10-02 00:17:51 获取到号码【1417675】的GSD为【-】
2024-10-02 00:17:55 GSD insert 第 1 次 等待 3 秒
2024-10-02 00:17:58 {"status":"bad","gid":"684775","msg":"添加失败！号码【1417675(-|-)】已存在！"}
2024-10-02 00:17:58 随机等待 133 秒，约 2 分钟
2024-10-02 00:17:58 下次操作: 2024-10-02 00:20:11

2024-10-02 00:20:11 开始第 7680 次操作

2024-10-02 00:20:11 开始操作号码 【1417676】
2024-10-02 00:20:13 GSD getOne 第 1 次 等待 3 秒
2024-10-02 00:20:16 查询号码 【1417676】，返回信息 {"status":"ok","msg":"-","gid":"684806","time_insert":"2023-04-29 15:16"}
2024-10-02 00:20:16 查询号码 【1417676】，GSD为【"-"】
2024-10-02 00:20:16 ok && -
2024-10-02 00:20:18 CHB 1417676?1727799616 第 1 次 等待 3 秒
2024-10-02 00:20:21 CHB 1417676?1727799616 第 1 次 获取到号码【1417676】GSD
2024-10-02 00:20:21 未获取到号码【1417676】GSD，可能号码格式错误
2024-10-02 00:20:21 获取到号码【1417676】的GSD为【-】
2024-10-02 00:20:23 GSD insert 第 1 次 等待 3 秒
2024-10-02 00:20:26 {"status":"bad","gid":"684806","msg":"添加失败！号码【1417676(-|-)】已存在！"}

2024-10-02 00:43:11 开始第 7681 次操作

2024-10-02 00:43:11 开始操作号码 【1417677】
2024-10-02 00:43:13 GSD getOne 第 1 次 等待 3 秒
2024-10-02 00:43:16 查询号码 【1417677】，返回信息 {"status":"ok","msg":"-","gid":"684839","time_insert":"2023-04-29 15:37"}
2024-10-02 00:43:16 查询号码 【1417677】，GSD为【"-"】
2024-10-02 00:43:16 ok && -
2024-10-02 00:43:18 CHB 1417677?1727800996 第 1 次 等待 3 秒
2024-10-02 00:43:21 CHB 1417677?1727800996 第 1 次 获取到号码【1417677】GSD
2024-10-02 00:43:21 未获取到号码【1417677】GSD，可能号码格式错误
2024-10-02 00:43:21 获取到号码【1417677】的GSD为【-】
2024-10-02 00:43:23 GSD insert 第 1 次 等待 3 秒
2024-10-02 00:43:26 {"status":"bad","gid":"684839","msg":"添加失败！号码【1417677(-|-)】已存在！"}
2024-10-02 00:43:26 随机等待 97 秒，约 1 分钟
2024-10-02 00:43:26 下次操作: 2024-10-02 00:45:03

2024-10-02 00:45:03 开始第 7682 次操作

2024-10-02 00:45:03 开始操作号码 【1417678】
2024-10-02 00:45:05 GSD getOne 第 1 次 等待 3 秒
2024-10-02 00:45:08 查询号码 【1417678】，返回信息 {"status":"ok","msg":"-","gid":"684873","time_insert":"2023-04-29 15:57"}
2024-10-02 00:45:08 查询号码 【1417678】，GSD为【"-"】
2024-10-02 00:45:08 ok && -
2024-10-02 00:47:24 CHB 1417678?1727801108 第 1 次 等待 3 秒
2024-10-02 00:47:27 CHB 1417678?1727801108 第 1 次 未获取到 等待 181 秒 下次操作: 2024-10-02 00:50:28
2024-10-02 00:50:30 CHB 1417678?1727801428 第 2 次 等待 3 秒
2024-10-02 00:50:33 CHB 1417678?1727801428 第 2 次 获取到号码【1417678】GSD
2024-10-02 00:50:33 未获取到号码【1417678】GSD，可能号码格式错误
2024-10-02 00:50:33 获取到号码【1417678】的GSD为【-】
2024-10-02 00:50:35 GSD insert 第 1 次 等待 3 秒
2024-10-02 00:50:38 {"status":"bad","gid":"684873","msg":"添加失败！号码【1417678(-|-)】已存在！"}
2024-10-02 00:50:38 随机等待 121 秒，约 2 分钟
2024-10-02 00:50:38 下次操作: 2024-10-02 00:52:39

2024-10-02 00:52:39 开始第 7683 次操作

2024-10-02 00:52:39 开始操作号码 【1417679】
2024-10-02 00:52:41 GSD getOne 第 1 次 等待 3 秒
2024-10-02 00:52:44 查询号码 【1417679】，返回信息 {"status":"ok","msg":"-","gid":"684887","time_insert":"2023-04-29 16:07"}
2024-10-02 00:52:44 查询号码 【1417679】，GSD为【"-"】
2024-10-02 00:52:44 ok && -
2024-10-02 00:52:46 CHB 1417679?1727801564 第 1 次 等待 3 秒
2024-10-02 00:52:49 CHB 1417679?1727801564 第 1 次 获取到号码【1417679】GSD
2024-10-02 00:52:49 未获取到号码【1417679】GSD，可能号码格式错误
2024-10-02 00:52:49 获取到号码【1417679】的GSD为【-】
2024-10-02 00:52:51 GSD insert 第 1 次 等待 3 秒
2024-10-02 00:52:54 {"status":"bad","gid":"684887","msg":"添加失败！号码【1417679(-|-)】已存在！"}
2024-10-02 00:52:54 随机等待 169 秒，约 2 分钟
2024-10-02 00:52:54 下次操作: 2024-10-02 00:55:43

2024-10-02 00:55:43 开始第 7684 次操作

2024-10-02 00:55:43 开始操作号码 【1417680】
2024-10-02 00:55:45 GSD getOne 第 1 次 等待 3 秒
2024-10-02 00:55:48 查询号码 【1417680】，返回信息 {"status":"ok","msg":"-","gid":"684904","time_insert":"2023-04-29 16:15"}
2024-10-02 00:55:48 查询号码 【1417680】，GSD为【"-"】
2024-10-02 00:55:48 ok && -
2024-10-02 00:55:51 CHB 1417680?1727801748 第 1 次 等待 3 秒
2024-10-02 00:55:54 CHB 1417680?1727801748 第 1 次 获取到号码【1417680】GSD
2024-10-02 00:55:54 未获取到号码【1417680】GSD，可能号码格式错误
2024-10-02 00:55:54 获取到号码【1417680】的GSD为【-】
2024-10-02 00:55:55 GSD insert 第 1 次 等待 3 秒
2024-10-02 00:55:58 {"status":"bad","gid":"684904","msg":"添加失败！号码【1417680(-|-)】已存在！"}

