2023-12-13 00:21:48 开始第 2837 次操作

2023-12-13 00:21:48 开始操作号码 【1852756】
2023-12-13 00:21:53 GSD getOne 第 1 次 等待 3 秒
2023-12-13 00:21:56 查询号码 【1852756】，返回信息 {"status":"ok","msg":"湖北-恩施","gid":"482103","time_insert":"2021-08-02 18:50"}
2023-12-13 00:21:56 查询号码 【1852756】，GSD为【"湖北-恩施"】

2023-12-13 00:21:57 开始第 2838 次操作

2023-12-13 00:21:57 开始操作号码 【1852757】
2023-12-13 00:22:01 GSD getOne 第 1 次 等待 3 秒
2023-12-13 00:22:04 查询号码 【1852757】，返回信息 {"status":"ok","msg":"湖北-恩施","gid":"482095","time_insert":"2021-08-02 18:49"}
2023-12-13 00:22:04 查询号码 【1852757】，GSD为【"湖北-恩施"】

2023-12-13 00:22:05 开始第 2839 次操作

2023-12-13 00:22:05 开始操作号码 【1852758】
2023-12-13 00:22:14 GSD getOne 第 1 次 等待 3 秒
2023-12-13 00:22:17 查询号码 【1852758】，返回信息 {"status":"ok","msg":"湖北-恩施","gid":"482083","time_insert":"2021-08-02 18:49"}
2023-12-13 00:22:17 查询号码 【1852758】，GSD为【"湖北-恩施"】

2023-12-13 00:22:18 开始第 2840 次操作

2023-12-13 00:22:18 开始操作号码 【1852759】
2023-12-13 00:22:22 GSD getOne 第 1 次 等待 3 秒
2023-12-13 00:22:25 查询号码 【1852759】，返回信息 {"status":"ok","msg":"湖北-恩施","gid":"482066","time_insert":"2021-08-02 18:48"}
2023-12-13 00:22:25 查询号码 【1852759】，GSD为【"湖北-恩施"】

