2024-06-16 00:22:55 开始第 901 次操作

2024-06-16 00:22:55 开始操作号码 【1520809】
2024-06-16 00:23:02 GSD getOne 第 1 次 等待 3 秒
2024-06-16 00:23:05 查询号码 【1520809】，返回信息 {"status":"ok","msg":"西藏-日喀则","gid":"18721","time_insert":"2017-05-15 09:04","time_update":"2020-12-20 05:26"}
2024-06-16 00:23:05 查询号码 【1520809】，GSD为【"西藏-日喀则"】

2024-06-16 00:23:06 开始第 902 次操作

2024-06-16 00:23:06 开始操作号码 【1520810】
2024-06-16 00:23:14 GSD getOne 第 1 次 等待 3 秒
2024-06-16 00:23:17 查询号码 【1520810】，返回信息 {"status":"ok","msg":"四川-成都","gid":"18722","time_insert":"2016-03-31 13:34","time_update":"2020-10-19 15:07"}
2024-06-16 00:23:17 查询号码 【1520810】，GSD为【"四川-成都"】

2024-06-16 00:23:18 开始第 903 次操作

2024-06-16 00:23:18 开始操作号码 【1520811】
2024-06-16 00:23:31 GSD getOne 第 1 次 等待 3 秒
2024-06-16 00:23:34 查询号码 【1520811】，返回信息 {"status":"ok","msg":"四川-成都","gid":"18723","time_insert":"2017-03-27 23:11","time_update":"2020-10-19 15:11"}
2024-06-16 00:23:34 查询号码 【1520811】，GSD为【"四川-成都"】

2024-06-16 00:23:35 开始第 904 次操作

2024-06-16 00:23:35 开始操作号码 【1520812】
2024-06-16 00:23:42 GSD getOne 第 1 次 等待 3 秒
2024-06-16 00:23:45 查询号码 【1520812】，返回信息 {"status":"ok","msg":"四川-成都","gid":"18724","time_insert":"2017-06-26 17:48","time_update":"2020-10-19 15:14"}
2024-06-16 00:23:45 查询号码 【1520812】，GSD为【"四川-成都"】

2024-06-16 00:40:09 开始第 905 次操作

2024-06-16 00:40:09 开始操作号码 【1520813】
2024-06-16 00:40:18 GSD getOne 第 1 次 等待 3 秒
2024-06-16 00:40:21 查询号码 【1520813】，返回信息 {"status":"ok","msg":"四川-成都","gid":"18725","time_insert":"2016-02-09 00:11","time_update":"2020-10-19 15:17"}
2024-06-16 00:40:21 查询号码 【1520813】，GSD为【"四川-成都"】

2024-06-16 00:40:22 开始第 906 次操作

2024-06-16 00:40:22 开始操作号码 【1520814】
2024-06-16 00:40:29 GSD getOne 第 1 次 等待 3 秒
2024-06-16 00:40:32 查询号码 【1520814】，返回信息 {"status":"ok","msg":"四川-成都","gid":"18726","time_insert":"2014-04-22 14:00","time_update":"2020-10-19 15:20"}
2024-06-16 00:40:32 查询号码 【1520814】，GSD为【"四川-成都"】

2024-06-16 00:40:33 开始第 907 次操作

2024-06-16 00:40:33 开始操作号码 【1520815】
2024-06-16 00:40:42 GSD getOne 第 1 次 等待 3 秒
2024-06-16 00:40:45 查询号码 【1520815】，返回信息 {"status":"ok","msg":"四川-成都","gid":"18727","time_insert":"2018-09-12 22:41","time_update":"2020-10-19 15:24"}
2024-06-16 00:40:45 查询号码 【1520815】，GSD为【"四川-成都"】

2024-06-16 00:40:46 开始第 908 次操作

2024-06-16 00:40:46 开始操作号码 【1520816】
2024-06-16 00:40:54 GSD getOne 第 1 次 等待 3 秒
2024-06-16 00:40:57 查询号码 【1520816】，返回信息 {"status":"ok","msg":"四川-成都","gid":"18728","time_insert":"2015-06-10 20:45","time_update":"2020-10-19 15:29"}
2024-06-16 00:40:57 查询号码 【1520816】，GSD为【"四川-成都"】

2024-06-16 01:15:57 开始第 909 次操作

2024-06-16 01:15:57 开始操作号码 【1520817】
2024-06-16 01:16:05 GSD getOne 第 1 次 等待 3 秒
2024-06-16 01:16:08 查询号码 【1520817】，返回信息 {"status":"ok","msg":"四川-成都","gid":"18729","time_insert":"2016-07-24 09:57","time_update":"2020-10-19 15:32"}
2024-06-16 01:16:08 查询号码 【1520817】，GSD为【"四川-成都"】

2024-06-16 01:16:09 开始第 910 次操作

2024-06-16 01:16:09 开始操作号码 【1520818】
2024-06-16 01:16:15 GSD getOne 第 1 次 等待 3 秒
2024-06-16 01:16:18 查询号码 【1520818】，返回信息 {"status":"ok","msg":"四川-成都","gid":"18730","time_insert":"2014-03-25 14:49","time_update":"2020-10-19 15:37"}
2024-06-16 01:16:18 查询号码 【1520818】，GSD为【"四川-成都"】

2024-06-16 01:16:19 开始第 911 次操作

2024-06-16 01:16:19 开始操作号码 【1520819】
2024-06-16 01:16:24 GSD getOne 第 1 次 等待 3 秒
2024-06-16 01:16:27 查询号码 【1520819】，返回信息 {"status":"ok","msg":"四川-成都","gid":"18731","time_insert":"2019-10-10 14:58","time_update":"2020-10-19 15:41"}
2024-06-16 01:16:27 查询号码 【1520819】，GSD为【"四川-成都"】

2024-06-16 01:16:28 开始第 912 次操作

2024-06-16 01:16:28 开始操作号码 【1520820】
2024-06-16 01:16:40 GSD getOne 第 1 次 等待 3 秒
2024-06-16 01:16:43 查询号码 【1520820】，返回信息 {"status":"ok","msg":"四川-成都","gid":"18732","time_insert":"2017-03-07 10:36","time_update":"2020-10-19 15:46"}
2024-06-16 01:16:43 查询号码 【1520820】，GSD为【"四川-成都"】

2024-06-16 01:37:43 开始第 913 次操作

2024-06-16 01:37:43 开始操作号码 【1520821】
2024-06-16 01:37:51 GSD getOne 第 1 次 等待 3 秒
2024-06-16 01:37:54 查询号码 【1520821】，返回信息 {"status":"ok","msg":"四川-成都","gid":"18733","time_insert":"2018-06-27 16:42","time_update":"2020-10-19 15:47"}
2024-06-16 01:37:54 查询号码 【1520821】，GSD为【"四川-成都"】

2024-06-16 01:37:55 开始第 914 次操作

2024-06-16 01:37:55 开始操作号码 【1520822】
2024-06-16 01:38:04 GSD getOne 第 1 次 等待 3 秒
2024-06-16 01:38:07 查询号码 【1520822】，返回信息 {"status":"ok","msg":"四川-成都","gid":"18734","time_insert":"2014-10-27 08:12","time_update":"2020-10-19 15:50"}
2024-06-16 01:38:07 查询号码 【1520822】，GSD为【"四川-成都"】

2024-06-16 01:38:08 开始第 915 次操作

2024-06-16 01:38:08 开始操作号码 【1520823】
2024-06-16 01:38:14 GSD getOne 第 1 次 等待 3 秒
2024-06-16 01:38:17 查询号码 【1520823】，返回信息 {"status":"ok","msg":"四川-成都","gid":"18735","time_insert":"2018-04-04 19:16","time_update":"2020-10-19 15:54"}
2024-06-16 01:38:17 查询号码 【1520823】，GSD为【"四川-成都"】

2024-06-16 01:38:18 开始第 916 次操作

2024-06-16 01:38:18 开始操作号码 【1520824】
2024-06-16 01:38:27 GSD getOne 第 1 次 等待 3 秒
2024-06-16 01:38:30 查询号码 【1520824】，返回信息 {"status":"ok","msg":"四川-成都","gid":"18736","time_insert":"2014-01-19 10:29","time_update":"2020-10-19 15:58"}
2024-06-16 01:38:30 查询号码 【1520824】，GSD为【"四川-成都"】

2024-06-16 02:23:57 开始第 917 次操作

2024-06-16 02:23:57 开始操作号码 【1520825】
2024-06-16 02:24:02 GSD getOne 第 1 次 等待 3 秒
2024-06-16 02:24:05 查询号码 【1520825】，返回信息 {"status":"ok","msg":"四川-成都","gid":"18737","time_insert":"2017-07-07 19:12","time_update":"2020-10-19 16:01"}
2024-06-16 02:24:06 查询号码 【1520825】，GSD为【"四川-成都"】

2024-06-16 02:24:07 开始第 918 次操作

2024-06-16 02:24:07 开始操作号码 【1520826】
2024-06-16 02:24:13 GSD getOne 第 1 次 等待 3 秒
2024-06-16 02:24:16 查询号码 【1520826】，返回信息 {"status":"ok","msg":"四川-成都","gid":"18738","time_insert":"2019-04-20 21:07","time_update":"2020-10-19 16:06"}
2024-06-16 02:24:16 查询号码 【1520826】，GSD为【"四川-成都"】

2024-06-16 02:24:17 开始第 919 次操作

2024-06-16 02:24:17 开始操作号码 【1520827】
2024-06-16 02:24:25 GSD getOne 第 1 次 等待 3 秒
2024-06-16 02:24:28 查询号码 【1520827】，返回信息 {"status":"ok","msg":"四川-成都","gid":"18739","time_insert":"2015-03-27 22:49","time_update":"2020-10-19 16:10"}
2024-06-16 02:24:28 查询号码 【1520827】，GSD为【"四川-成都"】

2024-06-16 02:24:29 开始第 920 次操作

2024-06-16 02:24:29 开始操作号码 【1520828】
2024-06-16 02:24:37 GSD getOne 第 1 次 等待 3 秒
2024-06-16 02:24:40 查询号码 【1520828】，返回信息 {"status":"ok","msg":"四川-成都","gid":"18740","time_insert":"2018-11-09 21:43","time_update":"2020-10-19 16:15"}
2024-06-16 02:24:40 查询号码 【1520828】，GSD为【"四川-成都"】

