2024-03-04 00:19:01 开始第 6945 次操作

2024-03-04 00:19:01 开始操作号码 【1746863】
2024-03-04 00:19:07 GSD getOne 第 1 次 等待 3 秒
2024-03-04 00:19:10 查询号码 【1746863】，返回信息 {"status":"ok","msg":"-","gid":"234268","time_insert":"2021-07-09 21:54"}
2024-03-04 00:19:10 查询号码 【1746863】，GSD为【"-"】
2024-03-04 00:19:10 ok && -
2024-03-04 00:19:12 CHB 1746863?1709482750 第 1 次 等待 3 秒
2024-03-04 00:19:15 CHB 1746863?1709482750 第 1 次 获取到号码【1746863】GSD
2024-03-04 00:19:15 未获取到号码【1746863】GSD，可能号码格式错误
2024-03-04 00:19:15 获取到号码【1746863】的GSD为【-】
2024-03-04 00:19:19 GSD insert 第 1 次 等待 3 秒
2024-03-04 00:19:22 {"status":"bad","gid":"234268","msg":"添加失败！号码【1746863(-|-)】已存在！"}
2024-03-04 00:19:22 随机等待 117 秒，约 1 分钟
2024-03-04 00:19:22 下次操作: 2024-03-04 00:21:19

2024-03-04 00:21:19 开始第 6946 次操作

2024-03-04 00:21:19 开始操作号码 【1746864】
2024-03-04 00:21:23 GSD getOne 第 1 次 等待 3 秒
2024-03-04 00:21:26 查询号码 【1746864】，返回信息 {"status":"ok","msg":"-","gid":"234278","time_insert":"2021-07-09 21:55"}
2024-03-04 00:21:26 查询号码 【1746864】，GSD为【"-"】
2024-03-04 00:21:26 ok && -
2024-03-04 00:21:29 CHB 1746864?1709482886 第 1 次 等待 3 秒
2024-03-04 00:21:32 CHB 1746864?1709482886 第 1 次 获取到号码【1746864】GSD
2024-03-04 00:21:32 未获取到号码【1746864】GSD，可能号码格式错误
2024-03-04 00:21:32 获取到号码【1746864】的GSD为【-】
2024-03-04 00:21:36 GSD insert 第 1 次 等待 3 秒
2024-03-04 00:21:39 {"status":"bad","gid":"234278","msg":"添加失败！号码【1746864(-|-)】已存在！"}
2024-03-04 00:21:39 随机等待 227 秒，约 3 分钟
2024-03-04 00:21:39 下次操作: 2024-03-04 00:25:26

2024-03-04 00:25:26 开始第 6947 次操作

2024-03-04 00:25:26 开始操作号码 【1746865】
2024-03-04 00:25:31 GSD getOne 第 1 次 等待 3 秒
2024-03-04 00:25:34 查询号码 【1746865】，返回信息 {"status":"ok","msg":"-","gid":"234482","time_insert":"2021-07-09 22:41"}
2024-03-04 00:25:34 查询号码 【1746865】，GSD为【"-"】
2024-03-04 00:25:34 ok && -
2024-03-04 00:25:36 CHB 1746865?1709483134 第 1 次 等待 3 秒
2024-03-04 00:25:39 CHB 1746865?1709483134 第 1 次 获取到号码【1746865】GSD
2024-03-04 00:25:39 未获取到号码【1746865】GSD，可能号码格式错误
2024-03-04 00:25:39 获取到号码【1746865】的GSD为【-】
2024-03-04 00:25:44 GSD insert 第 1 次 等待 3 秒
2024-03-04 00:25:47 {"status":"bad","gid":"234482","msg":"添加失败！号码【1746865(-|-)】已存在！"}
2024-03-04 00:25:47 随机等待 232 秒，约 3 分钟
2024-03-04 00:25:47 下次操作: 2024-03-04 00:29:39

2024-03-04 00:29:39 开始第 6948 次操作

2024-03-04 00:29:39 开始操作号码 【1746866】
2024-03-04 00:29:44 GSD getOne 第 1 次 等待 3 秒
2024-03-04 00:29:47 查询号码 【1746866】，返回信息 {"status":"ok","msg":"-","gid":"234492","time_insert":"2021-07-09 22:42"}
2024-03-04 00:29:47 查询号码 【1746866】，GSD为【"-"】
2024-03-04 00:29:47 ok && -
2024-03-04 00:31:42 CHB 1746866?1709483387 第 1 次 等待 3 秒
2024-03-04 00:31:45 CHB 1746866?1709483387 第 1 次 获取到号码【1746866】GSD
2024-03-04 00:31:45 未获取到号码【1746866】GSD，可能号码格式错误
2024-03-04 00:31:45 获取到号码【1746866】的GSD为【-】
2024-03-04 00:31:49 GSD insert 第 1 次 等待 3 秒
2024-03-04 00:31:52 {"status":"bad","gid":"234492","msg":"添加失败！号码【1746866(-|-)】已存在！"}

