2024-04-21 00:20:21 开始第 4609 次操作

2024-04-21 00:20:21 开始操作号码 【1634527】
2024-04-21 00:20:32 GSD getOne 第 1 次 等待 3 秒
2024-04-21 00:20:35 查询号码 【1634527】，返回信息 {"status":"ok","msg":"-","gid":"613492","time_insert":"2023-03-25 10:54"}
2024-04-21 00:20:35 查询号码 【1634527】，GSD为【"-"】
2024-04-21 00:20:35 ok && -
2024-04-21 00:20:38 CHB 1634527?1713630035 第 1 次 等待 3 秒
2024-04-21 00:20:41 CHB 1634527?1713630035 第 1 次 获取到号码【1634527】GSD
2024-04-21 00:20:41 未获取到号码【1634527】GSD，可能号码格式错误
2024-04-21 00:20:41 获取到号码【1634527】的GSD为【-】
2024-04-21 00:21:14 GSD insert 第 1 次 等待 3 秒
2024-04-21 00:21:17 {"status":"bad","gid":"613492","msg":"添加失败！号码【1634527(-|-)】已存在！"}
2024-04-21 00:21:17 随机等待 105 秒，约 1 分钟
2024-04-21 00:21:17 下次操作: 2024-04-21 00:23:02

2024-04-21 00:23:02 开始第 4610 次操作

2024-04-21 00:23:02 开始操作号码 【1634528】
2024-04-21 00:23:13 GSD getOne 第 1 次 等待 3 秒
2024-04-21 00:23:16 查询号码 【1634528】，返回信息 {"status":"ok","msg":"-","gid":"613523","time_insert":"2023-03-25 11:16"}
2024-04-21 00:23:16 查询号码 【1634528】，GSD为【"-"】
2024-04-21 00:23:16 ok && -
2024-04-21 00:23:19 CHB 1634528?1713630196 第 1 次 等待 3 秒
2024-04-21 00:23:22 CHB 1634528?1713630196 第 1 次 获取到号码【1634528】GSD
2024-04-21 00:23:22 未获取到号码【1634528】GSD，可能号码格式错误
2024-04-21 00:23:22 获取到号码【1634528】的GSD为【-】
2024-04-21 00:25:38 GSD insert 第 1 次 等待 3 秒
2024-04-21 00:25:41 {"status":"bad","gid":"613523","msg":"添加失败！号码【1634528(-|-)】已存在！"}
2024-04-21 00:25:41 随机等待 106 秒，约 1 分钟
2024-04-21 00:25:41 下次操作: 2024-04-21 00:27:27

2024-04-21 00:27:27 开始第 4611 次操作

2024-04-21 00:27:27 开始操作号码 【1634529】
2024-04-21 00:27:56 GSD getOne 第 1 次 等待 3 秒
2024-04-21 00:27:59 查询号码 【1634529】，返回信息 {"status":"ok","msg":"-","gid":"613549","time_insert":"2023-03-25 11:34"}
2024-04-21 00:27:59 查询号码 【1634529】，GSD为【"-"】
2024-04-21 00:27:59 ok && -
2024-04-21 00:28:02 CHB 1634529?1713630479 第 1 次 等待 3 秒
2024-04-21 00:28:05 CHB 1634529?1713630479 第 1 次 获取到号码【1634529】GSD
2024-04-21 00:28:05 未获取到号码【1634529】GSD，可能号码格式错误
2024-04-21 00:28:05 获取到号码【1634529】的GSD为【-】
2024-04-21 00:28:18 GSD insert 第 1 次 等待 3 秒
2024-04-21 00:28:21 {"status":"bad","gid":"613549","msg":"添加失败！号码【1634529(-|-)】已存在！"}
2024-04-21 00:28:21 随机等待 173 秒，约 2 分钟
2024-04-21 00:28:21 下次操作: 2024-04-21 00:31:14

2024-04-21 00:31:14 开始第 4612 次操作

2024-04-21 00:31:14 开始操作号码 【1634530】
2024-04-21 00:31:22 GSD getOne 第 1 次 等待 3 秒
2024-04-21 00:31:25 查询号码 【1634530】，返回信息 {"status":"ok","msg":"-","gid":"613585","time_insert":"2023-03-25 11:54"}
2024-04-21 00:31:25 查询号码 【1634530】，GSD为【"-"】
2024-04-21 00:31:25 ok && -
2024-04-21 00:31:28 CHB 1634530?1713630685 第 1 次 等待 3 秒
2024-04-21 00:31:31 CHB 1634530?1713630685 第 1 次 获取到号码【1634530】GSD
2024-04-21 00:31:31 未获取到号码【1634530】GSD，可能号码格式错误
2024-04-21 00:31:31 获取到号码【1634530】的GSD为【-】
2024-04-21 00:31:43 GSD insert 第 1 次 等待 3 秒
2024-04-21 00:31:46 {"status":"bad","gid":"613585","msg":"添加失败！号码【1634530(-|-)】已存在！"}

