2023-11-18 00:24:54 开始第 9097 次操作

2023-11-18 00:24:54 开始操作号码 【1959015】
2023-11-18 00:24:58 GSD getOne 第 1 次 等待 3 秒
2023-11-18 00:25:01 查询号码 【1959015】，返回信息 {"status":"ok","msg":"新疆-阿克苏","gid":"456681","time_insert":"2021-07-31 14:02"}
2023-11-18 00:25:01 查询号码 【1959015】，GSD为【"新疆-阿克苏"】

2023-11-18 00:25:02 开始第 9098 次操作

2023-11-18 00:25:02 开始操作号码 【1959016】
2023-11-18 00:25:09 GSD getOne 第 1 次 等待 3 秒
2023-11-18 00:25:12 查询号码 【1959016】，返回信息 {"status":"ok","msg":"新疆-阿克苏","gid":"456672","time_insert":"2021-07-31 14:01"}
2023-11-18 00:25:12 查询号码 【1959016】，GSD为【"新疆-阿克苏"】

2023-11-18 00:25:13 开始第 9099 次操作

2023-11-18 00:25:13 开始操作号码 【1959017】
2023-11-18 00:25:22 GSD getOne 第 1 次 等待 3 秒
2023-11-18 00:25:25 查询号码 【1959017】，返回信息 {"status":"ok","msg":"新疆-阿克苏","gid":"456665","time_insert":"2021-07-31 14:01"}
2023-11-18 00:25:25 查询号码 【1959017】，GSD为【"新疆-阿克苏"】

2023-11-18 00:25:26 开始第 9100 次操作

2023-11-18 00:25:26 开始操作号码 【1959018】
2023-11-18 00:25:34 GSD getOne 第 1 次 等待 3 秒
2023-11-18 00:25:37 查询号码 【1959018】，返回信息 {"status":"ok","msg":"新疆-阿克苏","gid":"456648","time_insert":"2021-07-31 13:59"}
2023-11-18 00:25:37 查询号码 【1959018】，GSD为【"新疆-阿克苏"】

