2023-12-09 00:22:29 开始第 2129 次操作

2023-12-09 00:22:29 开始操作号码 【1852048】
2023-12-09 00:22:34 GSD getOne 第 1 次 等待 3 秒
2023-12-09 00:22:37 查询号码 【1852048】，返回信息 {"status":"ok","msg":"广东-广州","gid":"486495","time_insert":"2021-08-03 03:58"}
2023-12-09 00:22:37 查询号码 【1852048】，GSD为【"广东-广州"】

2023-12-09 00:22:38 开始第 2130 次操作

2023-12-09 00:22:38 开始操作号码 【1852049】
2023-12-09 00:22:44 GSD getOne 第 1 次 等待 3 秒
2023-12-09 00:22:47 查询号码 【1852049】，返回信息 {"status":"ok","msg":"广东-广州","gid":"486633","time_insert":"2021-08-03 04:11"}
2023-12-09 00:22:47 查询号码 【1852049】，GSD为【"广东-广州"】

2023-12-09 00:22:48 开始第 2131 次操作

2023-12-09 00:22:48 开始操作号码 【1852050】
2023-12-09 00:22:55 GSD getOne 第 1 次 等待 3 秒
2023-12-09 00:22:58 查询号码 【1852050】，返回信息 {"status":"ok","msg":"广东-广州","gid":"486666","time_insert":"2021-08-03 04:23"}
2023-12-09 00:22:58 查询号码 【1852050】，GSD为【"广东-广州"】

2023-12-09 00:22:59 开始第 2132 次操作

2023-12-09 00:22:59 开始操作号码 【1852051】
2023-12-09 00:23:10 GSD getOne 第 1 次 等待 3 秒
2023-12-09 00:23:13 查询号码 【1852051】，返回信息 {"status":"ok","msg":"广东-广州","gid":"486681","time_insert":"2021-08-03 04:35"}
2023-12-09 00:23:13 查询号码 【1852051】，GSD为【"广东-广州"】

