2024-06-11 00:23:31 开始第 93 次操作
2024-06-11 00:23:31 号码【163（0000 ---> 9999）】处理完毕
2024-06-11 00:41:24 开始第 93 次操作
2024-06-11 00:41:24 号码【163（0000 ---> 9999）】处理完毕
2024-06-11 01:16:27 开始第 93 次操作
2024-06-11 01:16:27 号码【163（0000 ---> 9999）】处理完毕
2024-06-11 01:37:29 开始第 93 次操作
2024-06-11 01:37:29 号码【163（0000 ---> 9999）】处理完毕
2024-06-11 02:24:31 开始第 93 次操作
2024-06-11 02:24:31 号码【163（0000 ---> 9999）】处理完毕
2024-06-11 02:39:59 开始第 93 次操作
2024-06-11 02:39:59 号码【163（0000 ---> 9999）】处理完毕
2024-06-11 03:15:01 开始第 93 次操作
2024-06-11 03:15:01 号码【163（0000 ---> 9999）】处理完毕
2024-06-11 03:37:45 开始第 93 次操作
2024-06-11 03:37:45 号码【163（0000 ---> 9999）】处理完毕
2024-06-11 04:18:59 开始第 93 次操作
2024-06-11 04:18:59 号码【163（0000 ---> 9999）】处理完毕
2024-06-11 04:37:34 开始第 93 次操作
2024-06-11 04:37:34 号码【163（0000 ---> 9999）】处理完毕
2024-06-11 05:18:00 开始第 93 次操作
2024-06-11 05:18:00 号码【163（0000 ---> 9999）】处理完毕
2024-06-11 05:38:24 开始第 93 次操作
2024-06-11 05:38:24 号码【163（0000 ---> 9999）】处理完毕
2024-06-11 06:18:35 开始第 93 次操作
2024-06-11 06:18:35 号码【163（0000 ---> 9999）】处理完毕
2024-06-11 06:38:28 开始第 93 次操作
2024-06-11 06:38:28 号码【163（0000 ---> 9999）】处理完毕
2024-06-11 07:18:17 开始第 93 次操作
2024-06-11 07:18:17 号码【163（0000 ---> 9999）】处理完毕
2024-06-11 07:37:56 开始第 93 次操作
2024-06-11 07:37:56 号码【163（0000 ---> 9999）】处理完毕
2024-06-11 08:37:54 开始第 93 次操作

2024-06-11 08:37:54 开始操作号码 【1520001】
2024-06-11 08:38:00 GSD getOne 第 1 次 等待 3 秒
2024-06-11 08:38:03 查询号码 【1520001】，返回信息 {"status":"ok","msg":"河北-石家庄","gid":"74595","time_insert":"2021-05-31 14:03","time_update":"2021-05-31 14:19"}
2024-06-11 08:38:03 查询号码 【1520001】，GSD为【"河北-石家庄"】

2024-06-11 08:38:04 开始第 94 次操作

2024-06-11 08:38:04 开始操作号码 【1520002】
2024-06-11 08:38:09 GSD getOne 第 1 次 等待 3 秒
2024-06-11 08:38:12 查询号码 【1520002】，返回信息 {"status":"ok","msg":"河北-石家庄","gid":"74616","time_insert":"2021-05-31 14:28","time_update":"2021-05-31 16:04"}
2024-06-11 08:38:13 查询号码 【1520002】，GSD为【"河北-石家庄"】

2024-06-11 08:38:14 开始第 95 次操作

2024-06-11 08:38:14 开始操作号码 【1520003】
2024-06-11 08:38:21 GSD getOne 第 1 次 等待 3 秒
2024-06-11 08:38:24 查询号码 【1520003】，返回信息 {"status":"ok","msg":"河北-石家庄","gid":"74633","time_insert":"2021-05-31 14:50","time_update":"2021-05-31 16:22"}
2024-06-11 08:38:24 查询号码 【1520003】，GSD为【"河北-石家庄"】

2024-06-11 08:38:25 开始第 96 次操作

2024-06-11 08:38:25 开始操作号码 【1520004】
2024-06-11 08:38:30 GSD getOne 第 1 次 等待 3 秒
2024-06-11 08:38:33 查询号码 【1520004】，返回信息 {"status":"ok","msg":"河北-石家庄","gid":"74676","time_insert":"2021-05-31 15:41","time_update":"2021-05-31 16:35"}
2024-06-11 08:38:33 查询号码 【1520004】，GSD为【"河北-石家庄"】

