2024-05-16 00:21:55 开始第 9001 次操作

2024-05-16 00:21:55 开始操作号码 【1638908】
2024-05-16 00:22:02 GSD getOne 第 1 次 等待 3 秒
2024-05-16 00:22:05 查询号码 【1638908】，返回信息 {"status":"ok","msg":"-","gid":"679533","time_insert":"2023-04-27 01:05"}
2024-05-16 00:22:05 查询号码 【1638908】，GSD为【"-"】
2024-05-16 00:22:05 ok && -
2024-05-16 00:22:08 CHB 1638908?1715790125 第 1 次 等待 3 秒
2024-05-16 00:22:11 CHB 1638908?1715790125 第 1 次 获取到号码【1638908】GSD
2024-05-16 00:22:11 未获取到号码【1638908】GSD，可能号码格式错误
2024-05-16 00:22:11 获取到号码【1638908】的GSD为【-】
2024-05-16 00:22:16 GSD insert 第 1 次 等待 3 秒
2024-05-16 00:22:19 {"status":"bad","gid":"679533","msg":"添加失败！号码【1638908(-|-)】已存在！"}
2024-05-16 00:22:19 随机等待 121 秒，约 2 分钟
2024-05-16 00:22:19 下次操作: 2024-05-16 00:24:20

2024-05-16 00:24:20 开始第 9002 次操作

2024-05-16 00:24:20 开始操作号码 【1638909】
2024-05-16 00:24:32 GSD getOne 第 1 次 等待 3 秒
2024-05-16 00:24:35 查询号码 【1638909】，返回信息 {"status":"ok","msg":"-","gid":"679556","time_insert":"2023-04-27 01:21"}
2024-05-16 00:24:35 查询号码 【1638909】，GSD为【"-"】
2024-05-16 00:24:35 ok && -
2024-05-16 00:24:37 CHB 1638909?1715790275 第 1 次 等待 3 秒
2024-05-16 00:24:40 CHB 1638909?1715790275 第 1 次 获取到号码【1638909】GSD
2024-05-16 00:24:40 未获取到号码【1638909】GSD，可能号码格式错误
2024-05-16 00:24:40 获取到号码【1638909】的GSD为【-】
2024-05-16 00:24:45 GSD insert 第 1 次 等待 3 秒
2024-05-16 00:24:48 {"status":"bad","gid":"679556","msg":"添加失败！号码【1638909(-|-)】已存在！"}
2024-05-16 00:24:48 随机等待 218 秒，约 3 分钟
2024-05-16 00:24:48 下次操作: 2024-05-16 00:28:26

2024-05-16 00:28:27 开始第 9003 次操作

2024-05-16 00:28:27 开始操作号码 【1638910】
2024-05-16 00:28:36 GSD getOne 第 1 次 等待 3 秒
2024-05-16 00:28:39 查询号码 【1638910】，返回信息 {"status":"ok","msg":"-","gid":"679585","time_insert":"2023-04-27 01:39"}
2024-05-16 00:28:39 查询号码 【1638910】，GSD为【"-"】
2024-05-16 00:28:39 ok && -
2024-05-16 00:28:42 CHB 1638910?1715790519 第 1 次 等待 3 秒
2024-05-16 00:28:45 CHB 1638910?1715790519 第 1 次 获取到号码【1638910】GSD
2024-05-16 00:28:45 未获取到号码【1638910】GSD，可能号码格式错误
2024-05-16 00:28:45 获取到号码【1638910】的GSD为【-】
2024-05-16 00:28:55 GSD insert 第 1 次 等待 3 秒
2024-05-16 00:28:58 {"status":"bad","gid":"679585","msg":"添加失败！号码【1638910(-|-)】已存在！"}
2024-05-16 00:28:58 随机等待 151 秒，约 2 分钟
2024-05-16 00:28:58 下次操作: 2024-05-16 00:31:29

2024-05-16 00:31:29 开始第 9004 次操作

2024-05-16 00:31:29 开始操作号码 【1638911】
2024-05-16 00:31:36 GSD getOne 第 1 次 等待 3 秒
2024-05-16 00:31:39 查询号码 【1638911】，返回信息 {"status":"ok","msg":"-","gid":"679614","time_insert":"2023-04-27 01:56"}
2024-05-16 00:31:39 查询号码 【1638911】，GSD为【"-"】
2024-05-16 00:31:39 ok && -
2024-05-16 00:31:41 CHB 1638911?1715790699 第 1 次 等待 3 秒
2024-05-16 00:31:44 CHB 1638911?1715790699 第 1 次 获取到号码【1638911】GSD
2024-05-16 00:31:44 未获取到号码【1638911】GSD，可能号码格式错误
2024-05-16 00:31:44 获取到号码【1638911】的GSD为【-】
2024-05-16 00:31:55 GSD insert 第 1 次 等待 3 秒
2024-05-16 00:31:58 {"status":"bad","gid":"679614","msg":"添加失败！号码【1638911(-|-)】已存在！"}

