2023-10-26 00:20:36 开始第 5041 次操作

2023-10-26 00:20:36 开始操作号码 【1954959】
2023-10-26 00:20:39 GSD getOne 第 1 次 等待 3 秒
2023-10-26 00:20:42 查询号码 【1954959】，返回信息 {"status":"ok","msg":"江苏-连云港","gid":"514286","time_insert":"2021-08-17 05:13"}
2023-10-26 00:20:42 查询号码 【1954959】，GSD为【"江苏-连云港"】

2023-10-26 00:20:43 开始第 5042 次操作

2023-10-26 00:20:43 开始操作号码 【1954960】
2023-10-26 00:20:54 GSD getOne 第 1 次 等待 3 秒
2023-10-26 00:20:57 查询号码 【1954960】，返回信息 {"status":"ok","msg":"江苏-宿迁","gid":"514302","time_insert":"2021-08-17 05:26"}
2023-10-26 00:20:57 查询号码 【1954960】，GSD为【"江苏-宿迁"】

2023-10-26 00:20:58 开始第 5043 次操作

2023-10-26 00:20:58 开始操作号码 【1954961】
2023-10-26 00:21:01 GSD getOne 第 1 次 等待 3 秒
2023-10-26 00:21:04 查询号码 【1954961】，返回信息 {"status":"ok","msg":"江苏-宿迁","gid":"514319","time_insert":"2021-08-17 05:40"}
2023-10-26 00:21:04 查询号码 【1954961】，GSD为【"江苏-宿迁"】

2023-10-26 00:21:05 开始第 5044 次操作

2023-10-26 00:21:05 开始操作号码 【1954962】
2023-10-26 00:21:08 GSD getOne 第 1 次 等待 3 秒
2023-10-26 00:21:11 查询号码 【1954962】，返回信息 {"status":"ok","msg":"江苏-宿迁","gid":"514333","time_insert":"2021-08-17 05:50"}
2023-10-26 00:21:11 查询号码 【1954962】，GSD为【"江苏-宿迁"】

2023-10-26 00:39:06 开始第 5045 次操作

2023-10-26 00:39:06 开始操作号码 【1954963】
2023-10-26 00:39:10 GSD getOne 第 1 次 等待 3 秒
2023-10-26 00:39:13 查询号码 【1954963】，返回信息 {"status":"ok","msg":"江苏-宿迁","gid":"514348","time_insert":"2021-08-17 06:01","time_update":"2021-08-17 08:38"}
2023-10-26 00:39:13 查询号码 【1954963】，GSD为【"江苏-宿迁"】

2023-10-26 00:39:14 开始第 5046 次操作

2023-10-26 00:39:14 开始操作号码 【1954964】
2023-10-26 00:39:21 GSD getOne 第 1 次 等待 3 秒
2023-10-26 00:39:24 查询号码 【1954964】，返回信息 {"status":"ok","msg":"江苏-宿迁","gid":"514363","time_insert":"2021-08-17 06:14"}
2023-10-26 00:39:24 查询号码 【1954964】，GSD为【"江苏-宿迁"】

2023-10-26 00:39:25 开始第 5047 次操作

2023-10-26 00:39:25 开始操作号码 【1954965】
2023-10-26 00:39:32 GSD getOne 第 1 次 等待 3 秒
2023-10-26 00:39:35 查询号码 【1954965】，返回信息 {"status":"ok","msg":"江苏-宿迁","gid":"514380","time_insert":"2021-08-17 06:26"}
2023-10-26 00:39:35 查询号码 【1954965】，GSD为【"江苏-宿迁"】

2023-10-26 00:39:36 开始第 5048 次操作

2023-10-26 00:39:36 开始操作号码 【1954966】
2023-10-26 00:39:39 GSD getOne 第 1 次 等待 3 秒
2023-10-26 00:39:42 查询号码 【1954966】，返回信息 {"status":"ok","msg":"江苏-宿迁","gid":"514395","time_insert":"2021-08-17 06:39"}
2023-10-26 00:39:42 查询号码 【1954966】，GSD为【"江苏-宿迁"】

2023-10-26 01:14:02 开始第 5049 次操作

2023-10-26 01:14:02 开始操作号码 【1954967】
2023-10-26 01:14:06 GSD getOne 第 1 次 等待 3 秒
2023-10-26 01:14:09 查询号码 【1954967】，返回信息 {"status":"ok","msg":"江苏-宿迁","gid":"514407","time_insert":"2021-08-17 06:49"}
2023-10-26 01:14:09 查询号码 【1954967】，GSD为【"江苏-宿迁"】

2023-10-26 01:14:10 开始第 5050 次操作

2023-10-26 01:14:10 开始操作号码 【1954968】
2023-10-26 01:14:15 GSD getOne 第 1 次 等待 3 秒
2023-10-26 01:14:18 查询号码 【1954968】，返回信息 {"status":"ok","msg":"江苏-宿迁","gid":"514429","time_insert":"2021-08-17 07:04"}
2023-10-26 01:14:19 查询号码 【1954968】，GSD为【"江苏-宿迁"】

2023-10-26 01:14:20 开始第 5051 次操作

2023-10-26 01:14:20 开始操作号码 【1954969】
2023-10-26 01:14:24 GSD getOne 第 1 次 等待 3 秒
2023-10-26 01:14:27 查询号码 【1954969】，返回信息 {"status":"ok","msg":"江苏-宿迁","gid":"514446","time_insert":"2021-08-17 07:19"}
2023-10-26 01:14:27 查询号码 【1954969】，GSD为【"江苏-宿迁"】

2023-10-26 01:14:28 开始第 5052 次操作

2023-10-26 01:14:28 开始操作号码 【1954970】
2023-10-26 01:14:31 GSD getOne 第 1 次 等待 3 秒
2023-10-26 01:14:34 查询号码 【1954970】，返回信息 {"status":"ok","msg":"新疆-喀什","gid":"514455","time_insert":"2021-08-17 07:29"}
2023-10-26 01:14:34 查询号码 【1954970】，GSD为【"新疆-喀什"】

