2023-12-12 00:23:48 开始第 2661 次操作

2023-12-12 00:23:48 开始操作号码 【1852580】
2023-12-12 00:23:52 GSD getOne 第 1 次 等待 3 秒
2023-12-12 00:23:55 查询号码 【1852580】，返回信息 {"status":"ok","msg":"湖南-湘西","gid":"484290","time_insert":"2021-08-02 23:04"}
2023-12-12 00:23:56 查询号码 【1852580】，GSD为【"湖南-湘西"】

2023-12-12 00:23:57 开始第 2662 次操作

2023-12-12 00:23:57 开始操作号码 【1852581】
2023-12-12 00:24:00 GSD getOne 第 1 次 等待 3 秒
2023-12-12 00:24:03 查询号码 【1852581】，返回信息 {"status":"ok","msg":"湖南-湘西","gid":"484278","time_insert":"2021-08-02 23:03"}
2023-12-12 00:24:03 查询号码 【1852581】，GSD为【"湖南-湘西"】

2023-12-12 00:24:04 开始第 2663 次操作

2023-12-12 00:24:04 开始操作号码 【1852582】
2023-12-12 00:24:11 GSD getOne 第 1 次 等待 3 秒
2023-12-12 00:24:14 查询号码 【1852582】，返回信息 {"status":"ok","msg":"湖南-湘西","gid":"484265","time_insert":"2021-08-02 23:02"}
2023-12-12 00:24:14 查询号码 【1852582】，GSD为【"湖南-湘西"】

2023-12-12 00:24:15 开始第 2664 次操作

2023-12-12 00:24:15 开始操作号码 【1852583】
2023-12-12 00:24:18 GSD getOne 第 1 次 等待 3 秒
2023-12-12 00:24:21 查询号码 【1852583】，返回信息 {"status":"ok","msg":"湖南-湘西","gid":"484254","time_insert":"2021-08-02 23:01"}
2023-12-12 00:24:21 查询号码 【1852583】，GSD为【"湖南-湘西"】

2023-12-12 00:42:47 开始第 2665 次操作

2023-12-12 00:42:47 开始操作号码 【1852584】
2023-12-12 00:42:53 GSD getOne 第 1 次 等待 3 秒
2023-12-12 00:42:56 查询号码 【1852584】，返回信息 {"status":"ok","msg":"湖南-湘西","gid":"484240","time_insert":"2021-08-02 23:00"}
2023-12-12 00:42:56 查询号码 【1852584】，GSD为【"湖南-湘西"】

2023-12-12 00:42:57 开始第 2666 次操作

2023-12-12 00:42:57 开始操作号码 【1852585】
2023-12-12 00:43:02 GSD getOne 第 1 次 等待 3 秒
2023-12-12 00:43:05 查询号码 【1852585】，返回信息 {"status":"ok","msg":"湖南-长沙","gid":"484230","time_insert":"2021-08-02 22:59"}
2023-12-12 00:43:05 查询号码 【1852585】，GSD为【"湖南-长沙"】

2023-12-12 00:43:06 开始第 2667 次操作

2023-12-12 00:43:06 开始操作号码 【1852586】
2023-12-12 00:43:13 GSD getOne 第 1 次 等待 3 秒
2023-12-12 00:43:16 查询号码 【1852586】，返回信息 {"status":"ok","msg":"湖南-长沙","gid":"484218","time_insert":"2021-08-02 22:58"}
2023-12-12 00:43:16 查询号码 【1852586】，GSD为【"湖南-长沙"】

2023-12-12 00:43:17 开始第 2668 次操作

2023-12-12 00:43:17 开始操作号码 【1852587】
2023-12-12 00:43:21 GSD getOne 第 1 次 等待 3 秒
2023-12-12 00:43:24 查询号码 【1852587】，返回信息 {"status":"ok","msg":"湖南-长沙","gid":"484204","time_insert":"2021-08-02 22:58"}
2023-12-12 00:43:24 查询号码 【1852587】，GSD为【"湖南-长沙"】

2023-12-12 01:16:06 开始第 2669 次操作

2023-12-12 01:16:06 开始操作号码 【1852588】
2023-12-12 01:16:11 GSD getOne 第 1 次 等待 3 秒
2023-12-12 01:16:14 查询号码 【1852588】，返回信息 {"status":"ok","msg":"湖南-长沙","gid":"484193","time_insert":"2021-08-02 22:57"}
2023-12-12 01:16:14 查询号码 【1852588】，GSD为【"湖南-长沙"】

2023-12-12 01:16:15 开始第 2670 次操作

2023-12-12 01:16:15 开始操作号码 【1852589】
2023-12-12 01:16:19 GSD getOne 第 1 次 等待 3 秒
2023-12-12 01:16:22 查询号码 【1852589】，返回信息 {"status":"ok","msg":"湖南-长沙","gid":"484180","time_insert":"2021-08-02 22:56"}
2023-12-12 01:16:22 查询号码 【1852589】，GSD为【"湖南-长沙"】

2023-12-12 01:16:23 开始第 2671 次操作

2023-12-12 01:16:23 开始操作号码 【1852590】
2023-12-12 01:16:27 GSD getOne 第 1 次 等待 3 秒
2023-12-12 01:16:30 查询号码 【1852590】，返回信息 {"status":"ok","msg":"湖南-湘潭","gid":"484164","time_insert":"2021-08-02 22:54"}
2023-12-12 01:16:30 查询号码 【1852590】，GSD为【"湖南-湘潭"】

2023-12-12 01:16:31 开始第 2672 次操作

2023-12-12 01:16:31 开始操作号码 【1852591】
2023-12-12 01:16:35 GSD getOne 第 1 次 等待 3 秒
2023-12-12 01:16:38 查询号码 【1852591】，返回信息 {"status":"ok","msg":"湖南-衡阳","gid":"484151","time_insert":"2021-08-02 22:53"}
2023-12-12 01:16:38 查询号码 【1852591】，GSD为【"湖南-衡阳"】

2023-12-12 01:37:23 开始第 2673 次操作

2023-12-12 01:37:23 开始操作号码 【1852592】
2023-12-12 01:37:27 GSD getOne 第 1 次 等待 3 秒
2023-12-12 01:37:30 查询号码 【1852592】，返回信息 {"status":"ok","msg":"湖南-衡阳","gid":"484133","time_insert":"2021-08-02 22:52"}
2023-12-12 01:37:30 查询号码 【1852592】，GSD为【"湖南-衡阳"】

2023-12-12 01:37:31 开始第 2674 次操作

2023-12-12 01:37:31 开始操作号码 【1852593】
2023-12-12 01:37:38 GSD getOne 第 1 次 等待 3 秒
2023-12-12 01:37:41 查询号码 【1852593】，返回信息 {"status":"ok","msg":"湖南-衡阳","gid":"484125","time_insert":"2021-08-02 22:51"}
2023-12-12 01:37:41 查询号码 【1852593】，GSD为【"湖南-衡阳"】

2023-12-12 01:37:42 开始第 2675 次操作

2023-12-12 01:37:42 开始操作号码 【1852594】
2023-12-12 01:37:46 GSD getOne 第 1 次 等待 3 秒
2023-12-12 01:37:49 查询号码 【1852594】，返回信息 {"status":"ok","msg":"湖南-衡阳","gid":"484117","time_insert":"2021-08-02 22:50"}
2023-12-12 01:37:49 查询号码 【1852594】，GSD为【"湖南-衡阳"】

2023-12-12 01:37:50 开始第 2676 次操作

2023-12-12 01:37:50 开始操作号码 【1852595】
2023-12-12 01:37:53 GSD getOne 第 1 次 等待 3 秒
2023-12-12 01:37:56 查询号码 【1852595】，返回信息 {"status":"ok","msg":"湖南-衡阳","gid":"484102","time_insert":"2021-08-02 22:49"}
2023-12-12 01:37:56 查询号码 【1852595】，GSD为【"湖南-衡阳"】

2023-12-12 02:22:18 开始第 2677 次操作

2023-12-12 02:22:18 开始操作号码 【1852596】
2023-12-12 02:22:22 GSD getOne 第 1 次 等待 3 秒
2023-12-12 02:22:25 查询号码 【1852596】，返回信息 {"status":"ok","msg":"湖南-衡阳","gid":"484089","time_insert":"2021-08-02 22:48"}
2023-12-12 02:22:25 查询号码 【1852596】，GSD为【"湖南-衡阳"】

2023-12-12 02:22:26 开始第 2678 次操作

2023-12-12 02:22:26 开始操作号码 【1852597】
2023-12-12 02:22:29 GSD getOne 第 1 次 等待 3 秒
2023-12-12 02:22:32 查询号码 【1852597】，返回信息 {"status":"ok","msg":"湖南-衡阳","gid":"484076","time_insert":"2021-08-02 22:47"}
2023-12-12 02:22:32 查询号码 【1852597】，GSD为【"湖南-衡阳"】

2023-12-12 02:22:33 开始第 2679 次操作

2023-12-12 02:22:33 开始操作号码 【1852598】
2023-12-12 02:22:38 GSD getOne 第 1 次 等待 3 秒
2023-12-12 02:22:41 查询号码 【1852598】，返回信息 {"status":"ok","msg":"湖南-衡阳","gid":"484065","time_insert":"2021-08-02 22:46"}
2023-12-12 02:22:41 查询号码 【1852598】，GSD为【"湖南-衡阳"】

2023-12-12 02:22:42 开始第 2680 次操作

2023-12-12 02:22:42 开始操作号码 【1852599】
2023-12-12 02:22:45 GSD getOne 第 1 次 等待 3 秒
2023-12-12 02:22:48 查询号码 【1852599】，返回信息 {"status":"ok","msg":"湖南-衡阳","gid":"484054","time_insert":"2021-08-02 22:45"}
2023-12-12 02:22:48 查询号码 【1852599】，GSD为【"湖南-衡阳"】

2023-12-12 02:39:25 开始第 2681 次操作

2023-12-12 02:39:25 开始操作号码 【1852600】
2023-12-12 02:39:28 GSD getOne 第 1 次 等待 3 秒
2023-12-12 02:39:31 查询号码 【1852600】，返回信息 {"status":"ok","msg":"天津-天津","gid":"484038","time_insert":"2021-08-02 22:44"}
2023-12-12 02:39:31 查询号码 【1852600】，GSD为【"天津-天津"】

2023-12-12 02:39:32 开始第 2682 次操作

2023-12-12 02:39:32 开始操作号码 【1852601】
2023-12-12 02:39:36 GSD getOne 第 1 次 等待 3 秒
2023-12-12 02:39:39 查询号码 【1852601】，返回信息 {"status":"ok","msg":"天津-天津","gid":"484023","time_insert":"2021-08-02 22:42"}
2023-12-12 02:39:39 查询号码 【1852601】，GSD为【"天津-天津"】

2023-12-12 02:39:40 开始第 2683 次操作

2023-12-12 02:39:40 开始操作号码 【1852602】
2023-12-12 02:39:44 GSD getOne 第 1 次 等待 3 秒
2023-12-12 02:39:47 查询号码 【1852602】，返回信息 {"status":"ok","msg":"天津-天津","gid":"484013","time_insert":"2021-08-02 22:41"}
2023-12-12 02:39:47 查询号码 【1852602】，GSD为【"天津-天津"】

2023-12-12 02:39:48 开始第 2684 次操作

2023-12-12 02:39:48 开始操作号码 【1852603】
2023-12-12 02:39:52 GSD getOne 第 1 次 等待 3 秒
2023-12-12 02:39:55 查询号码 【1852603】，返回信息 {"status":"ok","msg":"天津-天津","gid":"484004","time_insert":"2021-08-02 22:41"}
2023-12-12 02:39:55 查询号码 【1852603】，GSD为【"天津-天津"】

2023-12-12 03:13:52 开始第 2685 次操作

2023-12-12 03:13:52 开始操作号码 【1852604】
2023-12-12 03:13:56 GSD getOne 第 1 次 等待 3 秒
2023-12-12 03:13:59 查询号码 【1852604】，返回信息 {"status":"ok","msg":"天津-天津","gid":"483987","time_insert":"2021-08-02 22:39"}
2023-12-12 03:13:59 查询号码 【1852604】，GSD为【"天津-天津"】

2023-12-12 03:14:00 开始第 2686 次操作

2023-12-12 03:14:00 开始操作号码 【1852605】
2023-12-12 03:14:03 GSD getOne 第 1 次 等待 3 秒
2023-12-12 03:14:06 查询号码 【1852605】，返回信息 {"status":"ok","msg":"天津-天津","gid":"483977","time_insert":"2021-08-02 22:39"}
2023-12-12 03:14:07 查询号码 【1852605】，GSD为【"天津-天津"】

2023-12-12 03:14:08 开始第 2687 次操作

2023-12-12 03:14:08 开始操作号码 【1852606】
2023-12-12 03:14:11 GSD getOne 第 1 次 等待 3 秒
2023-12-12 03:14:14 查询号码 【1852606】，返回信息 {"status":"ok","msg":"天津-天津","gid":"483968","time_insert":"2021-08-02 22:38"}
2023-12-12 03:14:14 查询号码 【1852606】，GSD为【"天津-天津"】

2023-12-12 03:14:15 开始第 2688 次操作

2023-12-12 03:14:15 开始操作号码 【1852607】
2023-12-12 03:14:19 GSD getOne 第 1 次 等待 3 秒
2023-12-12 03:14:22 查询号码 【1852607】，返回信息 {"status":"ok","msg":"天津-天津","gid":"483956","time_insert":"2021-08-02 22:37"}
2023-12-12 03:14:22 查询号码 【1852607】，GSD为【"天津-天津"】

2023-12-12 03:37:39 开始第 2689 次操作

2023-12-12 03:37:39 开始操作号码 【1852608】
2023-12-12 03:37:43 GSD getOne 第 1 次 等待 3 秒
2023-12-12 03:37:46 查询号码 【1852608】，返回信息 {"status":"ok","msg":"天津-天津","gid":"483950","time_insert":"2021-08-02 22:36"}
2023-12-12 03:37:46 查询号码 【1852608】，GSD为【"天津-天津"】

2023-12-12 03:37:47 开始第 2690 次操作

2023-12-12 03:37:47 开始操作号码 【1852609】
2023-12-12 03:37:51 GSD getOne 第 1 次 等待 3 秒
2023-12-12 03:37:54 查询号码 【1852609】，返回信息 {"status":"ok","msg":"天津-天津","gid":"483836","time_insert":"2021-08-02 22:11"}
2023-12-12 03:37:54 查询号码 【1852609】，GSD为【"天津-天津"】

2023-12-12 03:37:55 开始第 2691 次操作

2023-12-12 03:37:55 开始操作号码 【1852610】
2023-12-12 03:37:59 GSD getOne 第 1 次 等待 3 秒
2023-12-12 03:38:02 查询号码 【1852610】，返回信息 {"status":"ok","msg":"天津-天津","gid":"483829","time_insert":"2021-08-02 22:10"}
2023-12-12 03:38:02 查询号码 【1852610】，GSD为【"天津-天津"】

2023-12-12 03:38:03 开始第 2692 次操作

2023-12-12 03:38:03 开始操作号码 【1852611】
2023-12-12 03:38:07 GSD getOne 第 1 次 等待 3 秒
2023-12-12 03:38:10 查询号码 【1852611】，返回信息 {"status":"ok","msg":"天津-天津","gid":"483821","time_insert":"2021-08-02 22:09"}
2023-12-12 03:38:10 查询号码 【1852611】，GSD为【"天津-天津"】

2023-12-12 04:18:43 开始第 2693 次操作

2023-12-12 04:18:43 开始操作号码 【1852612】
2023-12-12 04:18:48 GSD getOne 第 1 次 等待 3 秒
2023-12-12 04:18:51 查询号码 【1852612】，返回信息 {"status":"ok","msg":"天津-天津","gid":"483813","time_insert":"2021-08-02 22:09"}
2023-12-12 04:18:51 查询号码 【1852612】，GSD为【"天津-天津"】

2023-12-12 04:18:52 开始第 2694 次操作

2023-12-12 04:18:52 开始操作号码 【1852613】
2023-12-12 04:18:55 GSD getOne 第 1 次 等待 3 秒
2023-12-12 04:18:58 查询号码 【1852613】，返回信息 {"status":"ok","msg":"天津-天津","gid":"483803","time_insert":"2021-08-02 22:08"}
2023-12-12 04:18:58 查询号码 【1852613】，GSD为【"天津-天津"】

2023-12-12 04:18:59 开始第 2695 次操作

2023-12-12 04:18:59 开始操作号码 【1852614】
2023-12-12 04:19:03 GSD getOne 第 1 次 等待 3 秒
2023-12-12 04:19:06 查询号码 【1852614】，返回信息 {"status":"ok","msg":"天津-天津","gid":"483793","time_insert":"2021-08-02 22:07"}
2023-12-12 04:19:06 查询号码 【1852614】，GSD为【"天津-天津"】

2023-12-12 04:19:07 开始第 2696 次操作

2023-12-12 04:19:07 开始操作号码 【1852615】
2023-12-12 04:19:10 GSD getOne 第 1 次 等待 3 秒
2023-12-12 04:19:13 查询号码 【1852615】，返回信息 {"status":"ok","msg":"天津-天津","gid":"483782","time_insert":"2021-08-02 22:06"}
2023-12-12 04:19:13 查询号码 【1852615】，GSD为【"天津-天津"】

2023-12-12 04:37:31 开始第 2697 次操作

2023-12-12 04:37:31 开始操作号码 【1852616】
2023-12-12 04:37:36 GSD getOne 第 1 次 等待 3 秒
2023-12-12 04:37:39 查询号码 【1852616】，返回信息 {"status":"ok","msg":"天津-天津","gid":"483775","time_insert":"2021-08-02 22:06"}
2023-12-12 04:37:39 查询号码 【1852616】，GSD为【"天津-天津"】

2023-12-12 04:37:40 开始第 2698 次操作

2023-12-12 04:37:40 开始操作号码 【1852617】
2023-12-12 04:37:44 GSD getOne 第 1 次 等待 3 秒
2023-12-12 04:37:47 查询号码 【1852617】，返回信息 {"status":"ok","msg":"天津-天津","gid":"483767","time_insert":"2021-08-02 22:04"}
2023-12-12 04:37:47 查询号码 【1852617】，GSD为【"天津-天津"】

2023-12-12 04:37:48 开始第 2699 次操作

2023-12-12 04:37:48 开始操作号码 【1852618】
2023-12-12 04:37:52 GSD getOne 第 1 次 等待 3 秒
2023-12-12 04:37:55 查询号码 【1852618】，返回信息 {"status":"ok","msg":"天津-天津","gid":"483749","time_insert":"2021-08-02 22:01"}
2023-12-12 04:37:55 查询号码 【1852618】，GSD为【"天津-天津"】

2023-12-12 04:37:56 开始第 2700 次操作

2023-12-12 04:37:56 开始操作号码 【1852619】
2023-12-12 04:38:01 GSD getOne 第 1 次 等待 3 秒
2023-12-12 04:38:04 查询号码 【1852619】，返回信息 {"status":"ok","msg":"天津-天津","gid":"483739","time_insert":"2021-08-02 22:00"}
2023-12-12 04:38:04 查询号码 【1852619】，GSD为【"天津-天津"】

