2023-12-19 00:22:22 开始第 3901 次操作

2023-12-19 00:22:22 开始操作号码 【1853820】
2023-12-19 00:22:51 GSD getOne 第 1 次 等待 3 秒
2023-12-19 00:22:54 查询号码 【1853820】，返回信息 {"status":"ok","msg":"河南-郑州","gid":"55832","time_insert":"2020-08-08 08:09"}
2023-12-19 00:22:54 查询号码 【1853820】，GSD为【"河南-郑州"】

2023-12-19 00:22:55 开始第 3902 次操作

2023-12-19 00:22:55 开始操作号码 【1853821】
2023-12-19 00:22:59 GSD getOne 第 1 次 等待 3 秒
2023-12-19 00:23:02 查询号码 【1853821】，返回信息 {"status":"ok","msg":"河南-郑州","gid":"469379","time_insert":"2021-08-01 16:45"}
2023-12-19 00:23:02 查询号码 【1853821】，GSD为【"河南-郑州"】

2023-12-19 00:23:03 开始第 3903 次操作

2023-12-19 00:23:03 开始操作号码 【1853822】
2023-12-19 00:23:07 GSD getOne 第 1 次 等待 3 秒
2023-12-19 00:23:10 查询号码 【1853822】，返回信息 {"status":"ok","msg":"河南-郑州","gid":"469369","time_insert":"2021-08-01 16:45"}
2023-12-19 00:23:10 查询号码 【1853822】，GSD为【"河南-郑州"】

2023-12-19 00:23:11 开始第 3904 次操作

2023-12-19 00:23:11 开始操作号码 【1853823】
2023-12-19 00:23:14 GSD getOne 第 1 次 等待 3 秒
2023-12-19 00:23:17 查询号码 【1853823】，返回信息 {"status":"ok","msg":"河南-郑州","gid":"469361","time_insert":"2021-08-01 16:44"}
2023-12-19 00:23:17 查询号码 【1853823】，GSD为【"河南-郑州"】

2023-12-19 00:41:23 开始第 3905 次操作

2023-12-19 00:41:23 开始操作号码 【1853824】
2023-12-19 00:41:28 GSD getOne 第 1 次 等待 3 秒
2023-12-19 00:41:31 查询号码 【1853824】，返回信息 {"status":"ok","msg":"河南-郑州","gid":"469354","time_insert":"2021-08-01 16:43"}
2023-12-19 00:41:31 查询号码 【1853824】，GSD为【"河南-郑州"】

2023-12-19 00:41:33 开始第 3906 次操作

2023-12-19 00:41:33 开始操作号码 【1853825】
2023-12-19 00:41:36 GSD getOne 第 1 次 等待 3 秒
2023-12-19 00:41:39 查询号码 【1853825】，返回信息 {"status":"ok","msg":"河南-郑州","gid":"469346","time_insert":"2021-08-01 16:43"}
2023-12-19 00:41:39 查询号码 【1853825】，GSD为【"河南-郑州"】

2023-12-19 00:41:40 开始第 3907 次操作

2023-12-19 00:41:40 开始操作号码 【1853826】
2023-12-19 00:41:46 GSD getOne 第 1 次 等待 3 秒
2023-12-19 00:41:49 查询号码 【1853826】，返回信息 {"status":"ok","msg":"河南-郑州","gid":"469340","time_insert":"2021-08-01 16:42"}
2023-12-19 00:41:49 查询号码 【1853826】，GSD为【"河南-郑州"】

2023-12-19 00:41:50 开始第 3908 次操作

2023-12-19 00:41:50 开始操作号码 【1853827】
2023-12-19 00:41:54 GSD getOne 第 1 次 等待 3 秒
2023-12-19 00:41:57 查询号码 【1853827】，返回信息 {"status":"ok","msg":"河南-郑州","gid":"469332","time_insert":"2021-08-01 16:42"}
2023-12-19 00:41:57 查询号码 【1853827】，GSD为【"河南-郑州"】

