2024-04-25 00:20:45 开始第 5309 次操作

2024-04-25 00:20:45 开始操作号码 【1635227】
2024-04-25 00:20:53 GSD getOne 第 1 次 等待 3 秒
2024-04-25 00:20:56 查询号码 【1635227】，返回信息 {"status":"ok","msg":"-","gid":"630100","time_insert":"2023-04-02 15:27"}
2024-04-25 00:20:56 查询号码 【1635227】，GSD为【"-"】
2024-04-25 00:20:56 ok && -
2024-04-25 00:21:01 CHB 1635227?1713975656 第 1 次 等待 3 秒
2024-04-25 00:21:04 CHB 1635227?1713975656 第 1 次 获取到号码【1635227】GSD
2024-04-25 00:21:04 未获取到号码【1635227】GSD，可能号码格式错误
2024-04-25 00:21:04 获取到号码【1635227】的GSD为【-】
2024-04-25 00:21:12 GSD insert 第 1 次 等待 3 秒
2024-04-25 00:21:15 {"status":"bad","gid":"630100","msg":"添加失败！号码【1635227(-|-)】已存在！"}
2024-04-25 00:21:15 随机等待 112 秒，约 1 分钟
2024-04-25 00:21:15 下次操作: 2024-04-25 00:23:07

2024-04-25 00:23:07 开始第 5310 次操作

2024-04-25 00:23:07 开始操作号码 【1635228】
2024-04-25 00:23:13 GSD getOne 第 1 次 等待 3 秒
2024-04-25 00:23:16 查询号码 【1635228】，返回信息 {"status":"ok","msg":"-","gid":"630125","time_insert":"2023-04-02 15:44"}
2024-04-25 00:23:16 查询号码 【1635228】，GSD为【"-"】
2024-04-25 00:23:16 ok && -
2024-04-25 00:23:19 CHB 1635228?1713975796 第 1 次 等待 3 秒
2024-04-25 00:23:22 CHB 1635228?1713975796 第 1 次 获取到号码【1635228】GSD
2024-04-25 00:23:22 未获取到号码【1635228】GSD，可能号码格式错误
2024-04-25 00:23:22 获取到号码【1635228】的GSD为【-】
2024-04-25 00:23:28 GSD insert 第 1 次 等待 3 秒
2024-04-25 00:23:31 {"status":"bad","gid":"630125","msg":"添加失败！号码【1635228(-|-)】已存在！"}
2024-04-25 00:23:31 随机等待 227 秒，约 3 分钟
2024-04-25 00:23:31 下次操作: 2024-04-25 00:27:18

2024-04-25 00:27:18 开始第 5311 次操作

2024-04-25 00:27:18 开始操作号码 【1635229】
2024-04-25 00:27:24 GSD getOne 第 1 次 等待 3 秒
2024-04-25 00:27:27 查询号码 【1635229】，返回信息 {"status":"ok","msg":"-","gid":"630153","time_insert":"2023-04-02 15:57"}
2024-04-25 00:27:27 查询号码 【1635229】，GSD为【"-"】
2024-04-25 00:27:27 ok && -
2024-04-25 00:27:30 CHB 1635229?1713976047 第 1 次 等待 3 秒
2024-04-25 00:27:33 CHB 1635229?1713976047 第 1 次 获取到号码【1635229】GSD
2024-04-25 00:27:33 未获取到号码【1635229】GSD，可能号码格式错误
2024-04-25 00:27:33 获取到号码【1635229】的GSD为【-】
2024-04-25 00:27:46 GSD insert 第 1 次 等待 3 秒
2024-04-25 00:27:49 {"status":"bad","gid":"630153","msg":"添加失败！号码【1635229(-|-)】已存在！"}
2024-04-25 00:27:49 随机等待 81 秒，约 1 分钟
2024-04-25 00:27:49 下次操作: 2024-04-25 00:29:10

2024-04-25 00:29:10 开始第 5312 次操作

2024-04-25 00:29:10 开始操作号码 【1635230】
2024-04-25 00:29:16 GSD getOne 第 1 次 等待 3 秒
2024-04-25 00:29:19 查询号码 【1635230】，返回信息 {"status":"ok","msg":"-","gid":"630178","time_insert":"2023-04-02 16:18"}
2024-04-25 00:29:20 查询号码 【1635230】，GSD为【"-"】
2024-04-25 00:29:20 ok && -
2024-04-25 00:29:22 CHB 1635230?1713976160 第 1 次 等待 3 秒
2024-04-25 00:29:25 CHB 1635230?1713976160 第 1 次 获取到号码【1635230】GSD
2024-04-25 00:29:25 未获取到号码【1635230】GSD，可能号码格式错误
2024-04-25 00:29:25 获取到号码【1635230】的GSD为【-】
2024-04-25 00:29:36 GSD insert 第 1 次 等待 3 秒
2024-04-25 00:29:39 {"status":"bad","gid":"630178","msg":"添加失败！号码【1635230(-|-)】已存在！"}

2024-04-25 00:39:03 开始第 5313 次操作

2024-04-25 00:39:03 开始操作号码 【1635231】
2024-04-25 00:39:12 GSD getOne 第 1 次 等待 3 秒
2024-04-25 00:39:15 查询号码 【1635231】，返回信息 {"status":"ok","msg":"-","gid":"630190","time_insert":"2023-04-02 16:26"}
2024-04-25 00:39:15 查询号码 【1635231】，GSD为【"-"】
2024-04-25 00:39:15 ok && -
2024-04-25 00:39:17 CHB 1635231?1713976755 第 1 次 等待 3 秒
2024-04-25 00:39:20 CHB 1635231?1713976755 第 1 次 获取到号码【1635231】GSD
2024-04-25 00:39:20 未获取到号码【1635231】GSD，可能号码格式错误
2024-04-25 00:39:20 获取到号码【1635231】的GSD为【-】
2024-04-25 00:39:26 GSD insert 第 1 次 等待 3 秒
2024-04-25 00:39:29 {"status":"bad","gid":"630190","msg":"添加失败！号码【1635231(-|-)】已存在！"}
2024-04-25 00:39:29 随机等待 118 秒，约 1 分钟
2024-04-25 00:39:29 下次操作: 2024-04-25 00:41:27

2024-04-25 00:41:28 开始第 5314 次操作

2024-04-25 00:41:28 开始操作号码 【1635232】
2024-04-25 00:41:32 GSD getOne 第 1 次 等待 3 秒
2024-04-25 00:41:35 查询号码 【1635232】，返回信息 {"status":"ok","msg":"-","gid":"630213","time_insert":"2023-04-02 16:39"}
2024-04-25 00:41:35 查询号码 【1635232】，GSD为【"-"】
2024-04-25 00:41:35 ok && -
2024-04-25 00:41:37 CHB 1635232?1713976895 第 1 次 等待 3 秒
2024-04-25 00:41:40 CHB 1635232?1713976895 第 1 次 获取到号码【1635232】GSD
2024-04-25 00:41:40 未获取到号码【1635232】GSD，可能号码格式错误
2024-04-25 00:41:40 获取到号码【1635232】的GSD为【-】
2024-04-25 00:41:45 GSD insert 第 1 次 等待 3 秒
2024-04-25 00:41:48 {"status":"bad","gid":"630213","msg":"添加失败！号码【1635232(-|-)】已存在！"}
2024-04-25 00:41:48 随机等待 224 秒，约 3 分钟
2024-04-25 00:41:48 下次操作: 2024-04-25 00:45:32

2024-04-25 00:45:32 开始第 5315 次操作

2024-04-25 00:45:32 开始操作号码 【1635233】
2024-04-25 00:45:36 GSD getOne 第 1 次 等待 3 秒
2024-04-25 00:45:39 查询号码 【1635233】，返回信息 {"status":"ok","msg":"-","gid":"630248","time_insert":"2023-04-02 17:01"}
2024-04-25 00:45:39 查询号码 【1635233】，GSD为【"-"】
2024-04-25 00:45:39 ok && -
2024-04-25 00:45:41 CHB 1635233?1713977139 第 1 次 等待 3 秒
2024-04-25 00:45:44 CHB 1635233?1713977139 第 1 次 获取到号码【1635233】GSD
2024-04-25 00:45:44 未获取到号码【1635233】GSD，可能号码格式错误
2024-04-25 00:45:44 获取到号码【1635233】的GSD为【-】
2024-04-25 00:45:49 GSD insert 第 1 次 等待 3 秒
2024-04-25 00:45:52 {"status":"bad","gid":"630248","msg":"添加失败！号码【1635233(-|-)】已存在！"}
2024-04-25 00:45:52 随机等待 118 秒，约 1 分钟
2024-04-25 00:45:52 下次操作: 2024-04-25 00:47:50

2024-04-25 00:47:50 开始第 5316 次操作

2024-04-25 00:47:50 开始操作号码 【1635234】
2024-04-25 00:47:54 GSD getOne 第 1 次 等待 3 秒
2024-04-25 00:47:57 查询号码 【1635234】，返回信息 {"status":"ok","msg":"-","gid":"630262","time_insert":"2023-04-02 17:12"}
2024-04-25 00:47:57 查询号码 【1635234】，GSD为【"-"】
2024-04-25 00:47:57 ok && -
2024-04-25 00:48:00 CHB 1635234?1713977277 第 1 次 等待 3 秒
2024-04-25 00:48:03 CHB 1635234?1713977277 第 1 次 获取到号码【1635234】GSD
2024-04-25 00:48:03 未获取到号码【1635234】GSD，可能号码格式错误
2024-04-25 00:48:03 获取到号码【1635234】的GSD为【-】
2024-04-25 00:48:07 GSD insert 第 1 次 等待 3 秒
2024-04-25 00:48:10 {"status":"bad","gid":"630262","msg":"添加失败！号码【1635234(-|-)】已存在！"}

2024-04-25 01:16:48 开始第 5317 次操作

2024-04-25 01:16:48 开始操作号码 【1635235】
2024-04-25 01:16:53 GSD getOne 第 1 次 等待 3 秒
2024-04-25 01:16:56 查询号码 【1635235】，返回信息 {"status":"ok","msg":"-","gid":"630297","time_insert":"2023-04-02 17:33"}
2024-04-25 01:16:56 查询号码 【1635235】，GSD为【"-"】
2024-04-25 01:16:56 ok && -
2024-04-25 01:16:58 CHB 1635235?1713979016 第 1 次 等待 3 秒
2024-04-25 01:17:01 CHB 1635235?1713979016 第 1 次 获取到号码【1635235】GSD
2024-04-25 01:17:02 未获取到号码【1635235】GSD，可能号码格式错误
2024-04-25 01:17:02 获取到号码【1635235】的GSD为【-】
2024-04-25 01:17:09 GSD insert 第 1 次 等待 3 秒
2024-04-25 01:17:12 {"status":"bad","gid":"630297","msg":"添加失败！号码【1635235(-|-)】已存在！"}
2024-04-25 01:17:12 随机等待 105 秒，约 1 分钟
2024-04-25 01:17:12 下次操作: 2024-04-25 01:18:57

2024-04-25 01:18:57 开始第 5318 次操作

2024-04-25 01:18:57 开始操作号码 【1635236】
2024-04-25 01:19:02 GSD getOne 第 1 次 等待 3 秒
2024-04-25 01:19:05 查询号码 【1635236】，返回信息 {"status":"ok","msg":"-","gid":"630309","time_insert":"2023-04-02 17:43"}
2024-04-25 01:19:05 查询号码 【1635236】，GSD为【"-"】
2024-04-25 01:19:05 ok && -
2024-04-25 01:19:08 CHB 1635236?1713979145 第 1 次 等待 3 秒
2024-04-25 01:19:11 CHB 1635236?1713979145 第 1 次 获取到号码【1635236】GSD
2024-04-25 01:19:11 未获取到号码【1635236】GSD，可能号码格式错误
2024-04-25 01:19:11 获取到号码【1635236】的GSD为【-】
2024-04-25 01:19:17 GSD insert 第 1 次 等待 3 秒
2024-04-25 01:19:20 {"status":"bad","gid":"630309","msg":"添加失败！号码【1635236(-|-)】已存在！"}
2024-04-25 01:19:20 随机等待 66 秒，约 1 分钟
2024-04-25 01:19:20 下次操作: 2024-04-25 01:20:26

2024-04-25 01:20:26 开始第 5319 次操作

2024-04-25 01:20:26 开始操作号码 【1635237】
2024-04-25 01:20:31 GSD getOne 第 1 次 等待 3 秒
2024-04-25 01:20:34 查询号码 【1635237】，返回信息 {"status":"ok","msg":"-","gid":"630323","time_insert":"2023-04-02 17:53"}
2024-04-25 01:20:34 查询号码 【1635237】，GSD为【"-"】
2024-04-25 01:20:34 ok && -
2024-04-25 01:20:36 CHB 1635237?1713979234 第 1 次 等待 3 秒
2024-04-25 01:20:39 CHB 1635237?1713979234 第 1 次 获取到号码【1635237】GSD
2024-04-25 01:20:39 未获取到号码【1635237】GSD，可能号码格式错误
2024-04-25 01:20:39 获取到号码【1635237】的GSD为【-】
2024-04-25 01:20:44 GSD insert 第 1 次 等待 3 秒
2024-04-25 01:20:47 {"status":"bad","gid":"630323","msg":"添加失败！号码【1635237(-|-)】已存在！"}
2024-04-25 01:20:47 随机等待 225 秒，约 3 分钟
2024-04-25 01:20:47 下次操作: 2024-04-25 01:24:32

2024-04-25 01:24:32 开始第 5320 次操作

2024-04-25 01:24:32 开始操作号码 【1635238】
2024-04-25 01:24:37 GSD getOne 第 1 次 等待 3 秒
2024-04-25 01:24:40 查询号码 【1635238】，返回信息 {"status":"ok","msg":"-","gid":"630353","time_insert":"2023-04-02 18:12"}
2024-04-25 01:24:40 查询号码 【1635238】，GSD为【"-"】
2024-04-25 01:24:40 ok && -
2024-04-25 01:24:42 CHB 1635238?1713979480 第 1 次 等待 3 秒
2024-04-25 01:24:45 CHB 1635238?1713979480 第 1 次 获取到号码【1635238】GSD
2024-04-25 01:24:45 未获取到号码【1635238】GSD，可能号码格式错误
2024-04-25 01:24:45 获取到号码【1635238】的GSD为【-】
2024-04-25 01:24:50 GSD insert 第 1 次 等待 3 秒
2024-04-25 01:24:53 {"status":"bad","gid":"630353","msg":"添加失败！号码【1635238(-|-)】已存在！"}

