2024-08-07 00:23:47 开始第 9997 次操作

2024-08-07 00:23:47 开始操作号码 【1529899】
2024-08-07 00:23:55 GSD getOne 第 1 次 等待 3 秒
2024-08-07 00:23:58 查询号码 【1529899】，返回信息 {"status":"ok","msg":"海南-海口","gid":"357852","time_insert":"2021-07-22 19:01","time_update":"2021-07-30 05:36"}
2024-08-07 00:23:58 查询号码 【1529899】，GSD为【"海南-海口"】

2024-08-07 00:23:59 开始第 9998 次操作

2024-08-07 00:23:59 开始操作号码 【1529900】
2024-08-07 00:24:08 GSD getOne 第 1 次 等待 3 秒
2024-08-07 00:24:11 查询号码 【1529900】，返回信息 {"status":"ok","msg":"新疆-伊犁","gid":"357845","time_insert":"2021-07-22 19:00","time_update":"2021-07-30 06:15"}
2024-08-07 00:24:11 查询号码 【1529900】，GSD为【"新疆-伊犁"】

2024-08-07 00:24:12 开始第 9999 次操作

2024-08-07 00:24:12 开始操作号码 【1529901】
2024-08-07 00:24:20 GSD getOne 第 1 次 等待 3 秒
2024-08-07 00:24:23 查询号码 【1529901】，返回信息 {"status":"ok","msg":"新疆-伊犁","gid":"20520","time_insert":"2019-09-23 10:18","time_update":"2020-12-22 22:21"}
2024-08-07 00:24:23 查询号码 【1529901】，GSD为【"新疆-伊犁"】

2024-08-07 00:24:24 开始第 10000 次操作

2024-08-07 00:24:24 开始操作号码 【1529902】
2024-08-07 00:24:33 GSD getOne 第 1 次 等待 3 秒
2024-08-07 00:24:36 查询号码 【1529902】，返回信息 {"status":"ok","msg":"新疆-伊犁","gid":"357831","time_insert":"2021-07-22 18:58"}
2024-08-07 00:24:36 查询号码 【1529902】，GSD为【"新疆-伊犁"】

2024-08-07 01:18:19 开始第 1 次操作

2024-08-07 01:18:19 开始操作号码 【1529903】
2024-08-07 01:18:28 GSD getOne 第 1 次 等待 3 秒
2024-08-07 01:18:31 查询号码 【1529903】，返回信息 {"status":"ok","msg":"新疆-伊犁","gid":"357825","time_insert":"2021-07-22 18:58"}
2024-08-07 01:18:31 查询号码 【1529903】，GSD为【"新疆-伊犁"】

2024-08-07 01:18:32 开始第 2 次操作

2024-08-07 01:18:32 开始操作号码 【1529904】
2024-08-07 01:18:40 GSD getOne 第 1 次 等待 3 秒
2024-08-07 01:18:43 查询号码 【1529904】，返回信息 {"status":"ok","msg":"新疆-伊犁","gid":"357812","time_insert":"2021-07-22 18:56"}
2024-08-07 01:18:43 查询号码 【1529904】，GSD为【"新疆-伊犁"】

2024-08-07 01:18:44 开始第 3 次操作

2024-08-07 01:18:44 开始操作号码 【1529905】
2024-08-07 01:18:52 GSD getOne 第 1 次 等待 3 秒
2024-08-07 01:18:55 查询号码 【1529905】，返回信息 {"status":"ok","msg":"新疆-乌鲁木齐","gid":"357805","time_insert":"2021-07-22 18:56"}
2024-08-07 01:18:55 查询号码 【1529905】，GSD为【"新疆-乌鲁木齐"】

2024-08-07 01:18:56 开始第 4 次操作

2024-08-07 01:18:56 开始操作号码 【1529906】
2024-08-07 01:19:04 GSD getOne 第 1 次 等待 3 秒
2024-08-07 01:19:07 查询号码 【1529906】，返回信息 {"status":"ok","msg":"新疆-乌鲁木齐","gid":"357795","time_insert":"2021-07-22 18:55"}
2024-08-07 01:19:07 查询号码 【1529906】，GSD为【"新疆-乌鲁木齐"】

