2023-10-10 00:21:29 开始第 2417 次操作

2023-10-10 00:21:29 开始操作号码 【1952416】
2023-10-10 00:21:34 GSD getOne 第 1 次 等待 3 秒
2023-10-10 00:21:37 查询号码 【1952416】，返回信息 {"status":"ok","msg":"广西-南宁","gid":"517060","time_insert":"2021-08-18 14:31"}
2023-10-10 00:21:37 查询号码 【1952416】，GSD为【"广西-南宁"】

2023-10-10 00:21:38 开始第 2418 次操作

2023-10-10 00:21:38 开始操作号码 【1952417】
2023-10-10 00:21:46 GSD getOne 第 1 次 等待 3 秒
2023-10-10 00:21:49 查询号码 【1952417】，返回信息 {"status":"ok","msg":"广西-南宁","gid":"517072","time_insert":"2021-08-18 14:41"}
2023-10-10 00:21:49 查询号码 【1952417】，GSD为【"广西-南宁"】

2023-10-10 00:21:50 开始第 2419 次操作

2023-10-10 00:21:50 开始操作号码 【1952418】
2023-10-10 00:21:58 GSD getOne 第 1 次 等待 3 秒
2023-10-10 00:22:01 查询号码 【1952418】，返回信息 {"status":"ok","msg":"广西-南宁","gid":"517082","time_insert":"2021-08-18 14:52"}
2023-10-10 00:22:01 查询号码 【1952418】，GSD为【"广西-南宁"】

2023-10-10 00:22:02 开始第 2420 次操作

2023-10-10 00:22:02 开始操作号码 【1952419】
2023-10-10 00:22:12 GSD getOne 第 1 次 等待 3 秒
2023-10-10 00:22:15 查询号码 【1952419】，返回信息 {"status":"ok","msg":"福建-厦门","gid":"517094","time_insert":"2021-08-18 15:01"}
2023-10-10 00:22:15 查询号码 【1952419】，GSD为【"福建-厦门"】

