2023-12-02 00:22:11 开始第 893 次操作

2023-12-02 00:22:11 开始操作号码 【1850812】
2023-12-02 00:22:14 GSD getOne 第 1 次 等待 3 秒
2023-12-02 00:22:17 查询号码 【1850812】，返回信息 {"status":"ok","msg":"四川-攀枝花","gid":"370932","time_insert":"2021-07-23 23:17"}
2023-12-02 00:22:17 查询号码 【1850812】，GSD为【"四川-攀枝花"】

2023-12-02 00:22:18 开始第 894 次操作

2023-12-02 00:22:18 开始操作号码 【1850813】
2023-12-02 00:22:21 GSD getOne 第 1 次 等待 3 秒
2023-12-02 00:22:24 查询号码 【1850813】，返回信息 {"status":"ok","msg":"四川-自贡","gid":"39671","time_insert":"2017-07-05 11:20","time_update":"2020-11-10 13:30"}
2023-12-02 00:22:24 查询号码 【1850813】，GSD为【"四川-自贡"】

2023-12-02 00:22:25 开始第 895 次操作

2023-12-02 00:22:25 开始操作号码 【1850814】
2023-12-02 00:22:28 GSD getOne 第 1 次 等待 3 秒
2023-12-02 00:22:31 查询号码 【1850814】，返回信息 {"status":"ok","msg":"四川-广安","gid":"39672","time_insert":"2015-08-27 13:20","time_update":"2020-11-10 13:34"}
2023-12-02 00:22:32 查询号码 【1850814】，GSD为【"四川-广安"】

2023-12-02 00:22:33 开始第 896 次操作

2023-12-02 00:22:33 开始操作号码 【1850815】
2023-12-02 00:22:36 GSD getOne 第 1 次 等待 3 秒
2023-12-02 00:22:39 查询号码 【1850815】，返回信息 {"status":"ok","msg":"四川-广安","gid":"39673","time_insert":"2020-01-11 19:55","time_update":"2020-11-10 13:38"}
2023-12-02 00:22:39 查询号码 【1850815】，GSD为【"四川-广安"】

2023-12-02 00:40:47 开始第 897 次操作

2023-12-02 00:40:47 开始操作号码 【1850816】
2023-12-02 00:40:54 GSD getOne 第 1 次 等待 3 秒
2023-12-02 00:40:57 查询号码 【1850816】，返回信息 {"status":"ok","msg":"四川-绵阳","gid":"39674","time_insert":"2014-10-04 16:00","time_update":"2020-11-10 13:42"}
2023-12-02 00:40:57 查询号码 【1850816】，GSD为【"四川-绵阳"】

2023-12-02 00:40:58 开始第 898 次操作

2023-12-02 00:40:58 开始操作号码 【1850817】
2023-12-02 00:41:02 GSD getOne 第 1 次 等待 3 秒
2023-12-02 00:41:05 查询号码 【1850817】，返回信息 {"status":"ok","msg":"四川-南充","gid":"39675","time_insert":"2014-01-10 10:15","time_update":"2020-11-10 13:46"}
2023-12-02 00:41:05 查询号码 【1850817】，GSD为【"四川-南充"】

2023-12-02 00:41:06 开始第 899 次操作

2023-12-02 00:41:06 开始操作号码 【1850818】
2023-12-02 00:41:09 GSD getOne 第 1 次 等待 3 秒
2023-12-02 00:41:12 查询号码 【1850818】，返回信息 {"status":"ok","msg":"四川-达州","gid":"39676","time_insert":"2019-10-16 19:24","time_update":"2020-11-10 13:50"}
2023-12-02 00:41:12 查询号码 【1850818】，GSD为【"四川-达州"】

2023-12-02 00:41:13 开始第 900 次操作

2023-12-02 00:41:13 开始操作号码 【1850819】
2023-12-02 00:41:18 GSD getOne 第 1 次 等待 3 秒
2023-12-02 00:41:21 查询号码 【1850819】，返回信息 {"status":"ok","msg":"四川-成都","gid":"39677","time_insert":"2016-07-28 17:41","time_update":"2020-11-10 13:53"}
2023-12-02 00:41:21 查询号码 【1850819】，GSD为【"四川-成都"】

2023-12-02 01:15:28 开始第 901 次操作

2023-12-02 01:15:28 开始操作号码 【1850820】
2023-12-02 01:15:32 GSD getOne 第 1 次 等待 3 秒
2023-12-02 01:15:35 查询号码 【1850820】，返回信息 {"status":"ok","msg":"四川-成都","gid":"39678","time_insert":"2013-11-01 18:54","time_update":"2020-11-10 14:02"}
2023-12-02 01:15:35 查询号码 【1850820】，GSD为【"四川-成都"】

2023-12-02 01:15:36 开始第 902 次操作

2023-12-02 01:15:36 开始操作号码 【1850821】
2023-12-02 01:15:40 GSD getOne 第 1 次 等待 3 秒
2023-12-02 01:15:43 查询号码 【1850821】，返回信息 {"status":"ok","msg":"四川-成都","gid":"39679","time_insert":"2015-01-31 08:42","time_update":"2020-11-10 14:07"}
2023-12-02 01:15:43 查询号码 【1850821】，GSD为【"四川-成都"】

2023-12-02 01:15:44 开始第 903 次操作

2023-12-02 01:15:44 开始操作号码 【1850822】
2023-12-02 01:15:53 GSD getOne 第 1 次 等待 3 秒
2023-12-02 01:15:56 查询号码 【1850822】，返回信息 {"status":"ok","msg":"四川-成都","gid":"39680","time_insert":"2017-06-30 21:55","time_update":"2020-11-10 14:12"}
2023-12-02 01:15:56 查询号码 【1850822】，GSD为【"四川-成都"】

2023-12-02 01:15:57 开始第 904 次操作

2023-12-02 01:15:57 开始操作号码 【1850823】
2023-12-02 01:16:00 GSD getOne 第 1 次 等待 3 秒
2023-12-02 01:16:03 查询号码 【1850823】，返回信息 {"status":"ok","msg":"四川-成都","gid":"39681","time_insert":"2017-04-16 17:27","time_update":"2020-11-10 14:15"}
2023-12-02 01:16:03 查询号码 【1850823】，GSD为【"四川-成都"】

