2024-04-18 00:22:45 开始第 4077 次操作

2024-04-18 00:22:45 开始操作号码 【1633995】
2024-04-18 00:22:50 GSD getOne 第 1 次 等待 3 秒
2024-04-18 00:22:53 查询号码 【1633995】，返回信息 {"status":"ok","msg":"-","gid":"600389","time_insert":"2023-03-19 10:10"}
2024-04-18 00:22:53 查询号码 【1633995】，GSD为【"-"】
2024-04-18 00:22:53 ok && -
2024-04-18 00:22:55 CHB 1633995?1713370973 第 1 次 等待 3 秒
2024-04-18 00:22:58 CHB 1633995?1713370973 第 1 次 获取到号码【1633995】GSD
2024-04-18 00:22:59 未获取到号码【1633995】GSD，可能号码格式错误
2024-04-18 00:22:59 获取到号码【1633995】的GSD为【-】
2024-04-18 00:23:04 GSD insert 第 1 次 等待 3 秒
2024-04-18 00:23:07 {"status":"bad","gid":"600389","msg":"添加失败！号码【1633995(-|-)】已存在！"}
2024-04-18 00:23:07 随机等待 66 秒，约 1 分钟
2024-04-18 00:23:07 下次操作: 2024-04-18 00:24:13

2024-04-18 00:24:13 开始第 4078 次操作

2024-04-18 00:24:13 开始操作号码 【1633996】
2024-04-18 00:24:20 GSD getOne 第 1 次 等待 3 秒
2024-04-18 00:24:23 查询号码 【1633996】，返回信息 {"status":"ok","msg":"-","gid":"600402","time_insert":"2023-03-19 10:23"}
2024-04-18 00:24:23 查询号码 【1633996】，GSD为【"-"】
2024-04-18 00:24:23 ok && -
2024-04-18 00:24:25 CHB 1633996?1713371063 第 1 次 等待 3 秒
2024-04-18 00:24:28 CHB 1633996?1713371063 第 1 次 获取到号码【1633996】GSD
2024-04-18 00:24:28 未获取到号码【1633996】GSD，可能号码格式错误
2024-04-18 00:24:28 获取到号码【1633996】的GSD为【-】
2024-04-18 00:24:33 GSD insert 第 1 次 等待 3 秒
2024-04-18 00:24:36 {"status":"bad","gid":"600402","msg":"添加失败！号码【1633996(-|-)】已存在！"}
2024-04-18 00:24:36 随机等待 69 秒，约 1 分钟
2024-04-18 00:24:36 下次操作: 2024-04-18 00:25:45

2024-04-18 00:25:45 开始第 4079 次操作

2024-04-18 00:25:45 开始操作号码 【1633997】
2024-04-18 00:25:50 GSD getOne 第 1 次 等待 3 秒
2024-04-18 00:25:53 查询号码 【1633997】，返回信息 {"status":"ok","msg":"-","gid":"600426","time_insert":"2023-03-19 10:38"}
2024-04-18 00:25:54 查询号码 【1633997】，GSD为【"-"】
2024-04-18 00:25:54 ok && -
2024-04-18 00:26:00 CHB 1633997?1713371154 第 1 次 等待 3 秒
2024-04-18 00:26:03 CHB 1633997?1713371154 第 1 次 获取到号码【1633997】GSD
2024-04-18 00:26:03 未获取到号码【1633997】GSD，可能号码格式错误
2024-04-18 00:26:03 获取到号码【1633997】的GSD为【-】
2024-04-18 00:26:08 GSD insert 第 1 次 等待 3 秒
2024-04-18 00:26:11 {"status":"bad","gid":"600426","msg":"添加失败！号码【1633997(-|-)】已存在！"}
2024-04-18 00:26:11 随机等待 121 秒，约 2 分钟
2024-04-18 00:26:11 下次操作: 2024-04-18 00:28:12

2024-04-18 00:28:12 开始第 4080 次操作

2024-04-18 00:28:12 开始操作号码 【1633998】
2024-04-18 00:28:17 GSD getOne 第 1 次 等待 3 秒
2024-04-18 00:28:20 查询号码 【1633998】，返回信息 {"status":"ok","msg":"-","gid":"600444","time_insert":"2023-03-19 10:57"}
2024-04-18 00:28:20 查询号码 【1633998】，GSD为【"-"】
2024-04-18 00:28:20 ok && -
2024-04-18 00:28:22 CHB 1633998?1713371300 第 1 次 等待 3 秒
2024-04-18 00:28:25 CHB 1633998?1713371300 第 1 次 获取到号码【1633998】GSD
2024-04-18 00:28:25 未获取到号码【1633998】GSD，可能号码格式错误
2024-04-18 00:28:25 获取到号码【1633998】的GSD为【-】
2024-04-18 00:28:33 GSD insert 第 1 次 等待 3 秒
2024-04-18 00:28:36 {"status":"bad","gid":"600444","msg":"添加失败！号码【1633998(-|-)】已存在！"}

2024-04-18 00:40:16 开始第 4081 次操作

2024-04-18 00:40:16 开始操作号码 【1633999】
2024-04-18 00:40:22 GSD getOne 第 1 次 等待 3 秒
2024-04-18 00:40:25 查询号码 【1633999】，返回信息 {"status":"ok","msg":"-","gid":"600469","time_insert":"2023-03-19 11:12"}
2024-04-18 00:40:25 查询号码 【1633999】，GSD为【"-"】
2024-04-18 00:40:25 ok && -
2024-04-18 00:40:28 CHB 1633999?1713372025 第 1 次 等待 3 秒
2024-04-18 00:40:31 CHB 1633999?1713372025 第 1 次 获取到号码【1633999】GSD
2024-04-18 00:40:31 未获取到号码【1633999】GSD，可能号码格式错误
2024-04-18 00:40:31 获取到号码【1633999】的GSD为【-】
2024-04-18 00:40:37 GSD insert 第 1 次 等待 3 秒
2024-04-18 00:40:40 {"status":"bad","gid":"600469","msg":"添加失败！号码【1633999(-|-)】已存在！"}
2024-04-18 00:40:40 随机等待 184 秒，约 3 分钟
2024-04-18 00:40:40 下次操作: 2024-04-18 00:43:44

2024-04-18 00:43:44 开始第 4082 次操作

2024-04-18 00:43:44 开始操作号码 【1634000】
2024-04-18 00:43:59 GSD getOne 第 1 次 等待 3 秒
2024-04-18 00:44:02 查询号码 【1634000】，返回信息 {"status":"ok","msg":"-","gid":"600488","time_insert":"2023-03-19 11:25"}
2024-04-18 00:44:02 查询号码 【1634000】，GSD为【"-"】
2024-04-18 00:44:02 ok && -
2024-04-18 00:44:05 CHB 1634000?1713372242 第 1 次 等待 3 秒
2024-04-18 00:44:08 CHB 1634000?1713372242 第 1 次 获取到号码【1634000】GSD
2024-04-18 00:44:08 未获取到号码【1634000】GSD，可能号码格式错误
2024-04-18 00:44:08 获取到号码【1634000】的GSD为【-】
2024-04-18 00:44:25 GSD insert 第 1 次 等待 3 秒
2024-04-18 00:44:28 {"status":"bad","gid":"600488","msg":"添加失败！号码【1634000(-|-)】已存在！"}
2024-04-18 00:44:28 随机等待 101 秒，约 1 分钟
2024-04-18 00:44:28 下次操作: 2024-04-18 00:46:09

2024-04-18 00:46:09 开始第 4083 次操作

2024-04-18 00:46:09 开始操作号码 【1634001】
2024-04-18 00:46:14 GSD getOne 第 1 次 等待 3 秒
2024-04-18 00:46:17 查询号码 【1634001】，返回信息 {"status":"ok","msg":"-","gid":"600522","time_insert":"2023-03-19 11:45"}
2024-04-18 00:46:17 查询号码 【1634001】，GSD为【"-"】
2024-04-18 00:46:17 ok && -
2024-04-18 00:46:20 CHB 1634001?1713372377 第 1 次 等待 3 秒
2024-04-18 00:46:23 CHB 1634001?1713372377 第 1 次 获取到号码【1634001】GSD
2024-04-18 00:46:23 未获取到号码【1634001】GSD，可能号码格式错误
2024-04-18 00:46:23 获取到号码【1634001】的GSD为【-】
2024-04-18 00:46:28 GSD insert 第 1 次 等待 3 秒
2024-04-18 00:46:31 {"status":"bad","gid":"600522","msg":"添加失败！号码【1634001(-|-)】已存在！"}
2024-04-18 00:46:31 随机等待 67 秒，约 1 分钟
2024-04-18 00:46:31 下次操作: 2024-04-18 00:47:38

2024-04-18 00:47:38 开始第 4084 次操作

2024-04-18 00:47:38 开始操作号码 【1634002】
2024-04-18 00:47:43 GSD getOne 第 1 次 等待 3 秒
2024-04-18 00:47:46 查询号码 【1634002】，返回信息 {"status":"ok","msg":"-","gid":"600546","time_insert":"2023-03-19 12:01"}
2024-04-18 00:47:46 查询号码 【1634002】，GSD为【"-"】
2024-04-18 00:47:46 ok && -
2024-04-18 00:47:49 CHB 1634002?1713372466 第 1 次 等待 3 秒
2024-04-18 00:47:52 CHB 1634002?1713372466 第 1 次 获取到号码【1634002】GSD
2024-04-18 00:47:52 未获取到号码【1634002】GSD，可能号码格式错误
2024-04-18 00:47:52 获取到号码【1634002】的GSD为【-】
2024-04-18 00:47:57 GSD insert 第 1 次 等待 3 秒
2024-04-18 00:48:00 {"status":"bad","gid":"600546","msg":"添加失败！号码【1634002(-|-)】已存在！"}

2024-04-18 01:14:17 开始第 4085 次操作

2024-04-18 01:14:17 开始操作号码 【1634003】
2024-04-18 01:14:23 GSD getOne 第 1 次 等待 3 秒
2024-04-18 01:14:26 查询号码 【1634003】，返回信息 {"status":"ok","msg":"-","gid":"600568","time_insert":"2023-03-19 12:16"}
2024-04-18 01:14:26 查询号码 【1634003】，GSD为【"-"】
2024-04-18 01:14:26 ok && -
2024-04-18 01:14:33 CHB 1634003?1713374066 第 1 次 等待 3 秒
2024-04-18 01:14:36 CHB 1634003?1713374066 第 1 次 获取到号码【1634003】GSD
2024-04-18 01:14:36 未获取到号码【1634003】GSD，可能号码格式错误
2024-04-18 01:14:36 获取到号码【1634003】的GSD为【-】
2024-04-18 01:14:41 GSD insert 第 1 次 等待 3 秒
2024-04-18 01:14:44 {"status":"bad","gid":"600568","msg":"添加失败！号码【1634003(-|-)】已存在！"}
2024-04-18 01:14:44 随机等待 80 秒，约 1 分钟
2024-04-18 01:14:44 下次操作: 2024-04-18 01:16:04

2024-04-18 01:16:04 开始第 4086 次操作

2024-04-18 01:16:04 开始操作号码 【1634004】
2024-04-18 01:16:09 GSD getOne 第 1 次 等待 3 秒
2024-04-18 01:16:12 查询号码 【1634004】，返回信息 {"status":"ok","msg":"-","gid":"600599","time_insert":"2023-03-19 12:39"}
2024-04-18 01:16:12 查询号码 【1634004】，GSD为【"-"】
2024-04-18 01:16:12 ok && -
2024-04-18 01:16:14 CHB 1634004?1713374172 第 1 次 等待 3 秒
2024-04-18 01:16:17 CHB 1634004?1713374172 第 1 次 获取到号码【1634004】GSD
2024-04-18 01:16:17 未获取到号码【1634004】GSD，可能号码格式错误
2024-04-18 01:16:17 获取到号码【1634004】的GSD为【-】
2024-04-18 01:16:24 GSD insert 第 1 次 等待 3 秒
2024-04-18 01:16:27 {"status":"bad","gid":"600599","msg":"添加失败！号码【1634004(-|-)】已存在！"}
2024-04-18 01:16:27 随机等待 137 秒，约 2 分钟
2024-04-18 01:16:27 下次操作: 2024-04-18 01:18:44

2024-04-18 01:18:44 开始第 4087 次操作

2024-04-18 01:18:44 开始操作号码 【1634005】
2024-04-18 01:18:49 GSD getOne 第 1 次 等待 3 秒
2024-04-18 01:18:52 查询号码 【1634005】，返回信息 {"status":"ok","msg":"-","gid":"600627","time_insert":"2023-03-19 12:55"}
2024-04-18 01:18:52 查询号码 【1634005】，GSD为【"-"】
2024-04-18 01:18:52 ok && -
2024-04-18 01:18:54 CHB 1634005?1713374332 第 1 次 等待 3 秒
2024-04-18 01:18:57 CHB 1634005?1713374332 第 1 次 获取到号码【1634005】GSD
2024-04-18 01:18:57 未获取到号码【1634005】GSD，可能号码格式错误
2024-04-18 01:18:57 获取到号码【1634005】的GSD为【-】
2024-04-18 01:19:01 GSD insert 第 1 次 等待 3 秒
2024-04-18 01:19:05 {"status":"bad","gid":"600627","msg":"添加失败！号码【1634005(-|-)】已存在！"}
2024-04-18 01:19:05 随机等待 180 秒，约 3 分钟
2024-04-18 01:19:05 下次操作: 2024-04-18 01:22:05

2024-04-18 01:22:05 开始第 4088 次操作

2024-04-18 01:22:05 开始操作号码 【1634006】
2024-04-18 01:22:11 GSD getOne 第 1 次 等待 3 秒
2024-04-18 01:22:14 查询号码 【1634006】，返回信息 {"status":"ok","msg":"-","gid":"600662","time_insert":"2023-03-19 13:17"}
2024-04-18 01:22:14 查询号码 【1634006】，GSD为【"-"】
2024-04-18 01:22:14 ok && -
2024-04-18 01:22:16 CHB 1634006?1713374534 第 1 次 等待 3 秒
2024-04-18 01:22:19 CHB 1634006?1713374534 第 1 次 获取到号码【1634006】GSD
2024-04-18 01:22:19 未获取到号码【1634006】GSD，可能号码格式错误
2024-04-18 01:22:19 获取到号码【1634006】的GSD为【-】
2024-04-18 01:22:25 GSD insert 第 1 次 等待 3 秒
2024-04-18 01:22:28 {"status":"bad","gid":"600662","msg":"添加失败！号码【1634006(-|-)】已存在！"}

2024-04-18 01:37:37 开始第 4089 次操作

2024-04-18 01:37:37 开始操作号码 【1634007】
2024-04-18 01:37:41 GSD getOne 第 1 次 等待 3 秒
2024-04-18 01:37:44 查询号码 【1634007】，返回信息 {"status":"ok","msg":"-","gid":"600686","time_insert":"2023-03-19 13:34"}
2024-04-18 01:37:44 查询号码 【1634007】，GSD为【"-"】
2024-04-18 01:37:44 ok && -
2024-04-18 01:37:47 CHB 1634007?1713375464 第 1 次 等待 3 秒
2024-04-18 01:37:50 CHB 1634007?1713375464 第 1 次 获取到号码【1634007】GSD
2024-04-18 01:37:50 未获取到号码【1634007】GSD，可能号码格式错误
2024-04-18 01:37:50 获取到号码【1634007】的GSD为【-】
2024-04-18 01:37:55 GSD insert 第 1 次 等待 3 秒
2024-04-18 01:37:58 {"status":"bad","gid":"600686","msg":"添加失败！号码【1634007(-|-)】已存在！"}
2024-04-18 01:37:58 随机等待 217 秒，约 3 分钟
2024-04-18 01:37:58 下次操作: 2024-04-18 01:41:35

2024-04-18 01:41:35 开始第 4090 次操作

2024-04-18 01:41:35 开始操作号码 【1634008】
2024-04-18 01:41:40 GSD getOne 第 1 次 等待 3 秒
2024-04-18 01:41:43 查询号码 【1634008】，返回信息 {"status":"ok","msg":"-","gid":"600725","time_insert":"2023-03-19 13:56"}
2024-04-18 01:41:43 查询号码 【1634008】，GSD为【"-"】
2024-04-18 01:41:43 ok && -
2024-04-18 01:41:45 CHB 1634008?1713375703 第 1 次 等待 3 秒
2024-04-18 01:41:48 CHB 1634008?1713375703 第 1 次 获取到号码【1634008】GSD
2024-04-18 01:41:48 未获取到号码【1634008】GSD，可能号码格式错误
2024-04-18 01:41:48 获取到号码【1634008】的GSD为【-】
2024-04-18 01:41:53 GSD insert 第 1 次 等待 3 秒
2024-04-18 01:41:56 {"status":"bad","gid":"600725","msg":"添加失败！号码【1634008(-|-)】已存在！"}
2024-04-18 01:41:56 随机等待 86 秒，约 1 分钟
2024-04-18 01:41:56 下次操作: 2024-04-18 01:43:22

2024-04-18 01:43:22 开始第 4091 次操作

2024-04-18 01:43:22 开始操作号码 【1634009】
2024-04-18 01:43:30 GSD getOne 第 1 次 等待 3 秒
2024-04-18 01:43:33 查询号码 【1634009】，返回信息 {"status":"ok","msg":"-","gid":"600743","time_insert":"2023-03-19 14:11"}
2024-04-18 01:43:33 查询号码 【1634009】，GSD为【"-"】
2024-04-18 01:43:33 ok && -
2024-04-18 01:43:36 CHB 1634009?1713375813 第 1 次 等待 3 秒
2024-04-18 01:43:39 CHB 1634009?1713375813 第 1 次 获取到号码【1634009】GSD
2024-04-18 01:43:39 未获取到号码【1634009】GSD，可能号码格式错误
2024-04-18 01:43:39 获取到号码【1634009】的GSD为【-】
2024-04-18 01:43:46 GSD insert 第 1 次 等待 3 秒
2024-04-18 01:43:49 {"status":"bad","gid":"600743","msg":"添加失败！号码【1634009(-|-)】已存在！"}
2024-04-18 01:43:49 随机等待 88 秒，约 1 分钟
2024-04-18 01:43:49 下次操作: 2024-04-18 01:45:17

2024-04-18 01:45:17 开始第 4092 次操作

2024-04-18 01:45:17 开始操作号码 【1634010】
2024-04-18 01:45:23 GSD getOne 第 1 次 等待 3 秒
2024-04-18 01:45:26 查询号码 【1634010】，返回信息 {"status":"ok","msg":"-","gid":"600769","time_insert":"2023-03-19 14:30"}
2024-04-18 01:45:26 查询号码 【1634010】，GSD为【"-"】
2024-04-18 01:45:26 ok && -
2024-04-18 01:45:28 CHB 1634010?1713375926 第 1 次 等待 3 秒
2024-04-18 01:45:31 CHB 1634010?1713375926 第 1 次 获取到号码【1634010】GSD
2024-04-18 01:45:31 未获取到号码【1634010】GSD，可能号码格式错误
2024-04-18 01:45:31 获取到号码【1634010】的GSD为【-】
2024-04-18 01:45:36 GSD insert 第 1 次 等待 3 秒
2024-04-18 01:45:39 {"status":"bad","gid":"600769","msg":"添加失败！号码【1634010(-|-)】已存在！"}

2024-04-18 02:22:28 开始第 4093 次操作

2024-04-18 02:22:28 开始操作号码 【1634011】
2024-04-18 02:22:33 GSD getOne 第 1 次 等待 3 秒
2024-04-18 02:22:36 查询号码 【1634011】，返回信息 {"status":"ok","msg":"-","gid":"600808","time_insert":"2023-03-19 14:54"}
2024-04-18 02:22:36 查询号码 【1634011】，GSD为【"-"】
2024-04-18 02:22:36 ok && -
2024-04-18 02:22:38 CHB 1634011?1713378156 第 1 次 等待 3 秒
2024-04-18 02:22:41 CHB 1634011?1713378156 第 1 次 获取到号码【1634011】GSD
2024-04-18 02:22:41 未获取到号码【1634011】GSD，可能号码格式错误
2024-04-18 02:22:41 获取到号码【1634011】的GSD为【-】
2024-04-18 02:22:46 GSD insert 第 1 次 等待 3 秒
2024-04-18 02:22:49 {"status":"bad","gid":"600808","msg":"添加失败！号码【1634011(-|-)】已存在！"}
2024-04-18 02:22:49 随机等待 74 秒，约 1 分钟
2024-04-18 02:22:49 下次操作: 2024-04-18 02:24:03

2024-04-18 02:24:03 开始第 4094 次操作

2024-04-18 02:24:03 开始操作号码 【1634012】
2024-04-18 02:24:08 GSD getOne 第 1 次 等待 3 秒
2024-04-18 02:24:11 查询号码 【1634012】，返回信息 {"status":"ok","msg":"-","gid":"600836","time_insert":"2023-03-19 15:12"}
2024-04-18 02:24:11 查询号码 【1634012】，GSD为【"-"】
2024-04-18 02:24:11 ok && -
2024-04-18 02:24:13 CHB 1634012?1713378251 第 1 次 等待 3 秒
2024-04-18 02:24:16 CHB 1634012?1713378251 第 1 次 获取到号码【1634012】GSD
2024-04-18 02:24:16 未获取到号码【1634012】GSD，可能号码格式错误
2024-04-18 02:24:16 获取到号码【1634012】的GSD为【-】
2024-04-18 02:24:21 GSD insert 第 1 次 等待 3 秒
2024-04-18 02:24:24 {"status":"bad","gid":"600836","msg":"添加失败！号码【1634012(-|-)】已存在！"}
2024-04-18 02:24:24 随机等待 118 秒，约 1 分钟
2024-04-18 02:24:24 下次操作: 2024-04-18 02:26:22

2024-04-18 02:26:22 开始第 4095 次操作

2024-04-18 02:26:22 开始操作号码 【1634013】
2024-04-18 02:26:27 GSD getOne 第 1 次 等待 3 秒
2024-04-18 02:26:30 查询号码 【1634013】，返回信息 {"status":"ok","msg":"-","gid":"600858","time_insert":"2023-03-19 15:25"}
2024-04-18 02:26:30 查询号码 【1634013】，GSD为【"-"】
2024-04-18 02:26:30 ok && -
2024-04-18 02:26:32 CHB 1634013?1713378390 第 1 次 等待 3 秒
2024-04-18 02:26:35 CHB 1634013?1713378390 第 1 次 获取到号码【1634013】GSD
2024-04-18 02:26:35 未获取到号码【1634013】GSD，可能号码格式错误
2024-04-18 02:26:35 获取到号码【1634013】的GSD为【-】
2024-04-18 02:26:39 GSD insert 第 1 次 等待 3 秒
2024-04-18 02:26:42 {"status":"bad","gid":"600858","msg":"添加失败！号码【1634013(-|-)】已存在！"}
2024-04-18 02:26:42 随机等待 158 秒，约 2 分钟
2024-04-18 02:26:42 下次操作: 2024-04-18 02:29:20

2024-04-18 02:29:20 开始第 4096 次操作

2024-04-18 02:29:20 开始操作号码 【1634014】
2024-04-18 02:29:25 GSD getOne 第 1 次 等待 3 秒
2024-04-18 02:29:28 查询号码 【1634014】，返回信息 {"status":"ok","msg":"-","gid":"600875","time_insert":"2023-03-19 15:36"}
2024-04-18 02:29:28 查询号码 【1634014】，GSD为【"-"】
2024-04-18 02:29:28 ok && -
2024-04-18 02:29:30 CHB 1634014?1713378568 第 1 次 等待 3 秒
2024-04-18 02:29:33 CHB 1634014?1713378568 第 1 次 获取到号码【1634014】GSD
2024-04-18 02:29:33 未获取到号码【1634014】GSD，可能号码格式错误
2024-04-18 02:29:33 获取到号码【1634014】的GSD为【-】
2024-04-18 02:29:38 GSD insert 第 1 次 等待 3 秒
2024-04-18 02:29:41 {"status":"bad","gid":"600875","msg":"添加失败！号码【1634014(-|-)】已存在！"}

