2024-10-03 00:13:12 开始第 7857 次操作

2024-10-03 00:13:12 开始操作号码 【1417853】
2024-10-03 00:13:18 GSD getOne 第 1 次 等待 3 秒
2024-10-03 00:13:21 查询号码 【1417853】，返回信息 {"status":"ok","msg":"-","gid":"688320","time_insert":"2023-05-01 11:09"}
2024-10-03 00:13:21 查询号码 【1417853】，GSD为【"-"】
2024-10-03 00:13:21 ok && -
2024-10-03 00:13:23 CHB 1417853?1727885601 第 1 次 等待 3 秒
2024-10-03 00:13:26 CHB 1417853?1727885601 第 1 次 获取到号码【1417853】GSD
2024-10-03 00:13:26 未获取到号码【1417853】GSD，可能号码格式错误
2024-10-03 00:13:26 获取到号码【1417853】的GSD为【-】
2024-10-03 00:13:28 GSD insert 第 1 次 等待 3 秒
2024-10-03 00:13:31 {"status":"bad","gid":"688320","msg":"添加失败！号码【1417853(-|-)】已存在！"}
2024-10-03 00:13:31 随机等待 205 秒，约 3 分钟
2024-10-03 00:13:31 下次操作: 2024-10-03 00:16:56

2024-10-03 00:16:56 开始第 7858 次操作

2024-10-03 00:16:56 开始操作号码 【1417854】
2024-10-03 00:16:58 GSD getOne 第 1 次 等待 3 秒
2024-10-03 00:17:01 查询号码 【1417854】，返回信息 {"status":"ok","msg":"-","gid":"688330","time_insert":"2023-05-01 11:22"}
2024-10-03 00:17:01 查询号码 【1417854】，GSD为【"-"】
2024-10-03 00:17:01 ok && -
2024-10-03 00:17:04 CHB 1417854?1727885821 第 1 次 等待 3 秒
2024-10-03 00:17:07 CHB 1417854?1727885821 第 1 次 获取到号码【1417854】GSD
2024-10-03 00:17:07 未获取到号码【1417854】GSD，可能号码格式错误
2024-10-03 00:17:07 获取到号码【1417854】的GSD为【-】
2024-10-03 00:17:12 GSD insert 第 1 次 等待 3 秒
2024-10-03 00:17:15 {"status":"bad","gid":"688330","msg":"添加失败！号码【1417854(-|-)】已存在！"}
2024-10-03 00:17:15 随机等待 176 秒，约 2 分钟
2024-10-03 00:17:15 下次操作: 2024-10-03 00:20:11

2024-10-03 00:20:11 开始第 7859 次操作

2024-10-03 00:20:11 开始操作号码 【1417855】
2024-10-03 00:20:13 GSD getOne 第 1 次 等待 3 秒
2024-10-03 00:20:16 查询号码 【1417855】，返回信息 {"status":"ok","msg":"-","gid":"688343","time_insert":"2023-05-01 11:43"}
2024-10-03 00:20:16 查询号码 【1417855】，GSD为【"-"】
2024-10-03 00:20:16 ok && -
2024-10-03 00:20:21 CHB 1417855?1727886016 第 1 次 等待 3 秒
2024-10-03 00:20:24 CHB 1417855?1727886016 第 1 次 获取到号码【1417855】GSD
2024-10-03 00:20:24 未获取到号码【1417855】GSD，可能号码格式错误
2024-10-03 00:20:24 获取到号码【1417855】的GSD为【-】
2024-10-03 00:20:26 GSD insert 第 1 次 等待 3 秒
2024-10-03 00:20:29 {"status":"bad","gid":"688343","msg":"添加失败！号码【1417855(-|-)】已存在！"}
2024-10-03 00:20:29 随机等待 183 秒，约 3 分钟
2024-10-03 00:20:29 下次操作: 2024-10-03 00:23:32

2024-10-03 00:23:32 开始第 7860 次操作

2024-10-03 00:23:32 开始操作号码 【1417856】
2024-10-03 00:23:34 GSD getOne 第 1 次 等待 3 秒
2024-10-03 00:23:37 查询号码 【1417856】，返回信息 {"status":"ok","msg":"-","gid":"688353","time_insert":"2023-05-01 11:55"}
2024-10-03 00:23:37 查询号码 【1417856】，GSD为【"-"】
2024-10-03 00:23:37 ok && -
2024-10-03 00:23:40 CHB 1417856?1727886217 第 1 次 等待 3 秒
2024-10-03 00:23:43 CHB 1417856?1727886217 第 1 次 获取到号码【1417856】GSD
2024-10-03 00:23:43 未获取到号码【1417856】GSD，可能号码格式错误
2024-10-03 00:23:43 获取到号码【1417856】的GSD为【-】
2024-10-03 00:23:45 GSD insert 第 1 次 等待 3 秒
2024-10-03 00:23:48 {"status":"bad","gid":"688353","msg":"添加失败！号码【1417856(-|-)】已存在！"}

