2024-05-14 00:23:53 开始第 8649 次操作

2024-05-14 00:23:53 开始操作号码 【1638561】
2024-05-14 00:23:58 GSD getOne 第 1 次 等待 3 秒
2024-05-14 00:24:01 查询号码 【1638561】，返回信息 {"status":"ok","msg":"-","gid":"671358","time_insert":"2023-04-22 19:32"}
2024-05-14 00:24:01 查询号码 【1638561】，GSD为【"-"】
2024-05-14 00:24:01 ok && -
2024-05-14 00:24:04 CHB 1638561?1715617441 第 1 次 等待 3 秒
2024-05-14 00:24:07 CHB 1638561?1715617441 第 1 次 获取到号码【1638561】GSD
2024-05-14 00:24:07 未获取到号码【1638561】GSD，可能号码格式错误
2024-05-14 00:24:07 获取到号码【1638561】的GSD为【-】
2024-05-14 00:24:12 GSD insert 第 1 次 等待 3 秒
2024-05-14 00:24:15 {"status":"bad","gid":"671358","msg":"添加失败！号码【1638561(-|-)】已存在！"}
2024-05-14 00:24:15 随机等待 197 秒，约 3 分钟
2024-05-14 00:24:15 下次操作: 2024-05-14 00:27:32

2024-05-14 00:27:32 开始第 8650 次操作

2024-05-14 00:27:32 开始操作号码 【1638562】
2024-05-14 00:27:38 GSD getOne 第 1 次 等待 3 秒
2024-05-14 00:27:41 查询号码 【1638562】，返回信息 {"status":"ok","msg":"-","gid":"671385","time_insert":"2023-04-22 19:49"}
2024-05-14 00:27:41 查询号码 【1638562】，GSD为【"-"】
2024-05-14 00:27:41 ok && -
2024-05-14 00:27:44 CHB 1638562?1715617661 第 1 次 等待 3 秒
2024-05-14 00:27:47 CHB 1638562?1715617661 第 1 次 获取到号码【1638562】GSD
2024-05-14 00:27:47 未获取到号码【1638562】GSD，可能号码格式错误
2024-05-14 00:27:47 获取到号码【1638562】的GSD为【-】
2024-05-14 00:27:54 GSD insert 第 1 次 等待 3 秒
2024-05-14 00:27:57 {"status":"bad","gid":"671385","msg":"添加失败！号码【1638562(-|-)】已存在！"}
2024-05-14 00:27:57 随机等待 227 秒，约 3 分钟
2024-05-14 00:27:57 下次操作: 2024-05-14 00:31:44

2024-05-14 00:31:44 开始第 8651 次操作

2024-05-14 00:31:44 开始操作号码 【1638563】
2024-05-14 00:31:50 GSD getOne 第 1 次 等待 3 秒
2024-05-14 00:31:53 查询号码 【1638563】，返回信息 {"status":"ok","msg":"-","gid":"671410","time_insert":"2023-04-22 20:07"}
2024-05-14 00:31:53 查询号码 【1638563】，GSD为【"-"】
2024-05-14 00:31:53 ok && -
2024-05-14 00:31:56 CHB 1638563?1715617913 第 1 次 等待 3 秒
2024-05-14 00:31:59 CHB 1638563?1715617913 第 1 次 获取到号码【1638563】GSD
2024-05-14 00:31:59 未获取到号码【1638563】GSD，可能号码格式错误
2024-05-14 00:31:59 获取到号码【1638563】的GSD为【-】
2024-05-14 00:32:06 GSD insert 第 1 次 等待 3 秒
2024-05-14 00:32:09 {"status":"bad","gid":"671410","msg":"添加失败！号码【1638563(-|-)】已存在！"}
2024-05-14 00:32:09 随机等待 171 秒，约 2 分钟
2024-05-14 00:32:09 下次操作: 2024-05-14 00:35:00

2024-05-14 00:35:00 开始第 8652 次操作

2024-05-14 00:35:00 开始操作号码 【1638564】
2024-05-14 00:35:05 GSD getOne 第 1 次 等待 3 秒
2024-05-14 00:35:08 查询号码 【1638564】，返回信息 {"status":"ok","msg":"-","gid":"671428","time_insert":"2023-04-22 20:23"}
2024-05-14 00:35:08 查询号码 【1638564】，GSD为【"-"】
2024-05-14 00:35:08 ok && -
2024-05-14 00:35:11 CHB 1638564?1715618108 第 1 次 等待 3 秒
2024-05-14 00:35:14 CHB 1638564?1715618108 第 1 次 获取到号码【1638564】GSD
2024-05-14 00:35:14 未获取到号码【1638564】GSD，可能号码格式错误
2024-05-14 00:35:14 获取到号码【1638564】的GSD为【-】
2024-05-14 00:35:21 GSD insert 第 1 次 等待 3 秒
2024-05-14 00:35:24 {"status":"bad","gid":"671428","msg":"添加失败！号码【1638564(-|-)】已存在！"}

2024-05-14 00:40:39 开始第 8653 次操作

2024-05-14 00:40:39 开始操作号码 【1638565】
2024-05-14 00:41:04 GSD getOne 第 1 次 等待 3 秒
2024-05-14 00:41:07 查询号码 【1638565】，返回信息 {"status":"ok","msg":"-","gid":"671448","time_insert":"2023-04-22 20:43"}
2024-05-14 00:41:07 查询号码 【1638565】，GSD为【"-"】
2024-05-14 00:41:07 ok && -
2024-05-14 00:41:09 CHB 1638565?1715618467 第 1 次 等待 3 秒
2024-05-14 00:41:12 CHB 1638565?1715618467 第 1 次 获取到号码【1638565】GSD
2024-05-14 00:41:12 未获取到号码【1638565】GSD，可能号码格式错误
2024-05-14 00:41:12 获取到号码【1638565】的GSD为【-】
2024-05-14 00:41:35 GSD insert 第 1 次 等待 3 秒
2024-05-14 00:41:38 {"status":"bad","gid":"671448","msg":"添加失败！号码【1638565(-|-)】已存在！"}
2024-05-14 00:41:38 随机等待 201 秒，约 3 分钟
2024-05-14 00:41:38 下次操作: 2024-05-14 00:44:59

2024-05-14 00:44:59 开始第 8654 次操作

2024-05-14 00:44:59 开始操作号码 【1638566】
2024-05-14 00:45:06 GSD getOne 第 1 次 等待 3 秒
2024-05-14 00:45:09 查询号码 【1638566】，返回信息 {"status":"ok","msg":"-","gid":"671468","time_insert":"2023-04-22 20:58"}
2024-05-14 00:45:09 查询号码 【1638566】，GSD为【"-"】
2024-05-14 00:45:09 ok && -
2024-05-14 00:45:11 CHB 1638566?1715618709 第 1 次 等待 3 秒
2024-05-14 00:45:14 CHB 1638566?1715618709 第 1 次 获取到号码【1638566】GSD
2024-05-14 00:45:14 未获取到号码【1638566】GSD，可能号码格式错误
2024-05-14 00:45:14 获取到号码【1638566】的GSD为【-】
2024-05-14 00:45:22 GSD insert 第 1 次 等待 3 秒
2024-05-14 00:45:25 {"status":"bad","gid":"671468","msg":"添加失败！号码【1638566(-|-)】已存在！"}
2024-05-14 00:45:25 随机等待 227 秒，约 3 分钟
2024-05-14 00:45:25 下次操作: 2024-05-14 00:49:12

2024-05-14 00:49:12 开始第 8655 次操作

2024-05-14 00:49:12 开始操作号码 【1638567】
2024-05-14 00:49:21 GSD getOne 第 1 次 等待 3 秒
2024-05-14 00:49:24 查询号码 【1638567】，返回信息 {"status":"ok","msg":"-","gid":"671488","time_insert":"2023-04-22 21:16"}
2024-05-14 00:49:24 查询号码 【1638567】，GSD为【"-"】
2024-05-14 00:49:24 ok && -
2024-05-14 00:49:26 CHB 1638567?1715618964 第 1 次 等待 3 秒
2024-05-14 00:49:29 CHB 1638567?1715618964 第 1 次 获取到号码【1638567】GSD
2024-05-14 00:49:29 未获取到号码【1638567】GSD，可能号码格式错误
2024-05-14 00:49:29 获取到号码【1638567】的GSD为【-】
2024-05-14 00:49:36 GSD insert 第 1 次 等待 3 秒
2024-05-14 00:49:39 {"status":"bad","gid":"671488","msg":"添加失败！号码【1638567(-|-)】已存在！"}
2024-05-14 00:49:39 随机等待 134 秒，约 2 分钟
2024-05-14 00:49:39 下次操作: 2024-05-14 00:51:53

2024-05-14 00:51:53 开始第 8656 次操作

2024-05-14 00:51:53 开始操作号码 【1638568】
2024-05-14 00:52:02 GSD getOne 第 1 次 等待 3 秒
2024-05-14 00:52:05 查询号码 【1638568】，返回信息 {"status":"ok","msg":"-","gid":"671512","time_insert":"2023-04-22 21:32"}
2024-05-14 00:52:05 查询号码 【1638568】，GSD为【"-"】
2024-05-14 00:52:05 ok && -
2024-05-14 00:52:07 CHB 1638568?1715619125 第 1 次 等待 3 秒
2024-05-14 00:52:10 CHB 1638568?1715619125 第 1 次 获取到号码【1638568】GSD
2024-05-14 00:52:10 未获取到号码【1638568】GSD，可能号码格式错误
2024-05-14 00:52:10 获取到号码【1638568】的GSD为【-】
2024-05-14 00:52:16 GSD insert 第 1 次 等待 3 秒
2024-05-14 00:52:19 {"status":"bad","gid":"671512","msg":"添加失败！号码【1638568(-|-)】已存在！"}

