2021-07-14 00:00:44 开始第 24 次操作

2021-07-14 00:00:44 开始操作号码 【1773723】
2021-07-14 00:00:51 GSD getOne 第 1 次 等待 1 秒
2021-07-14 00:00:52 查询号码 【1773723】，返回信息 {"status":"bad","msg":""}
2021-07-14 00:00:52 查询号码 【1773723】，GSD为【""】
2021-07-14 00:00:52 bad
2021-07-14 00:01:01 CHB 1773723?1626192052 第 1 次 等待 1 秒
2021-07-14 00:01:02 CHB 1773723?1626192052 第 1 次 获取到号码【1773723】GSD
2021-07-14 00:01:03 获取到号码【1773723】的GSD为【河南-濮阳】
2021-07-14 00:01:05 GSD insert 第 1 次 等待 1 秒
2021-07-14 00:01:06 {"status":"ok","gid":269575,"msg":"添加成功！"}
2021-07-14 00:01:06 下次操作: 2021-07-14 00:01:22

2021-07-14 00:01:22 开始第 25 次操作

2021-07-14 00:01:22 开始操作号码 【1773722】
2021-07-14 00:01:28 GSD getOne 第 1 次 等待 1 秒
2021-07-14 00:01:29 查询号码 【1773722】，返回信息 {"status":"bad","msg":""}
2021-07-14 00:01:29 查询号码 【1773722】，GSD为【""】
2021-07-14 00:01:29 bad
2021-07-14 00:01:33 CHB 1773722?1626192089 第 1 次 等待 1 秒
2021-07-14 00:01:34 CHB 1773722?1626192089 第 1 次 获取到号码【1773722】GSD
2021-07-14 00:01:34 获取到号码【1773722】的GSD为【河南-漯河】
2021-07-14 00:01:37 GSD insert 第 1 次 等待 1 秒
2021-07-14 00:01:38 {"status":"ok","gid":269584,"msg":"添加成功！"}
2021-07-14 00:01:38 下次操作: 2021-07-14 00:01:50

2021-07-14 00:01:50 开始第 26 次操作

2021-07-14 00:01:50 开始操作号码 【1773721】
2021-07-14 00:01:55 GSD getOne 第 1 次 等待 1 秒
2021-07-14 00:01:56 查询号码 【1773721】，返回信息 {"status":"bad","msg":""}
2021-07-14 00:01:56 查询号码 【1773721】，GSD为【""】
2021-07-14 00:01:56 bad
2021-07-14 00:01:57 CHB 1773721?1626192116 第 1 次 等待 1 秒
2021-07-14 00:01:58 CHB 1773721?1626192116 第 1 次 获取到号码【1773721】GSD
2021-07-14 00:01:59 获取到号码【1773721】的GSD为【河南-周口】
2021-07-14 00:02:04 GSD insert 第 1 次 等待 1 秒
2021-07-14 00:02:05 {"status":"ok","gid":269589,"msg":"添加成功！"}
2021-07-14 00:02:05 下次操作: 2021-07-14 00:02:22

2021-07-14 00:02:22 开始第 27 次操作

2021-07-14 00:02:22 开始操作号码 【1773720】
2021-07-14 00:02:31 GSD getOne 第 1 次 等待 1 秒
2021-07-14 00:02:32 查询号码 【1773720】，返回信息 {"status":"bad","msg":""}
2021-07-14 00:02:32 查询号码 【1773720】，GSD为【""】
2021-07-14 00:02:32 bad
2021-07-14 00:02:38 CHB 1773720?1626192152 第 1 次 等待 1 秒
2021-07-14 00:02:39 CHB 1773720?1626192152 第 1 次 获取到号码【1773720】GSD
2021-07-14 00:02:39 获取到号码【1773720】的GSD为【河南-洛阳】
2021-07-14 00:02:43 GSD insert 第 1 次 等待 1 秒
2021-07-14 00:02:44 {"status":"ok","gid":269603,"msg":"添加成功！"}
2021-07-14 00:02:44 下次操作: 2021-07-14 00:02:54

2021-07-14 00:02:54 开始第 28 次操作

2021-07-14 00:02:54 开始操作号码 【1773719】
2021-07-14 00:02:58 GSD getOne 第 1 次 等待 1 秒
2021-07-14 00:02:59 查询号码 【1773719】，返回信息 {"status":"bad","msg":""}
2021-07-14 00:02:59 查询号码 【1773719】，GSD为【""】
2021-07-14 00:02:59 bad
2021-07-14 00:03:03 CHB 1773719?1626192179 第 1 次 等待 1 秒
2021-07-14 00:03:04 CHB 1773719?1626192179 第 1 次 获取到号码【1773719】GSD
2021-07-14 00:03:04 获取到号码【1773719】的GSD为【河南-郑州】
2021-07-14 00:03:09 GSD insert 第 1 次 等待 1 秒
2021-07-14 00:03:10 {"status":"ok","gid":269607,"msg":"添加成功！"}
2021-07-14 00:03:10 下次操作: 2021-07-14 00:03:16

2021-07-14 00:03:16 开始第 29 次操作

2021-07-14 00:03:16 开始操作号码 【1773718】
2021-07-14 00:03:18 GSD getOne 第 1 次 等待 1 秒
2021-07-14 00:03:19 查询号码 【1773718】，返回信息 {"status":"ok","msg":"河南-郑州","gid":"30641","time_insert":"2020-07-17 18:23","time_update":"2020-09-12 05:07"}
2021-07-14 00:03:20 查询号码 【1773718】，GSD为【"河南-郑州"】

2021-07-14 00:03:20 开始第 29 次操作

2021-07-14 00:03:20 开始操作号码 【1773717】
2021-07-14 00:03:22 GSD getOne 第 1 次 等待 1 秒
2021-07-14 00:03:23 查询号码 【1773717】，返回信息 {"status":"ok","msg":"河南-郑州","gid":"55336","time_insert":"2020-05-08 17:38"}
2021-07-14 00:03:23 查询号码 【1773717】，GSD为【"河南-郑州"】

2021-07-14 00:03:23 开始第 29 次操作

2021-07-14 00:03:23 开始操作号码 【1773716】
2021-07-14 00:03:32 GSD getOne 第 1 次 等待 1 秒
2021-07-14 00:03:33 查询号码 【1773716】，返回信息 {"status":"ok","msg":"河南-郑州","gid":"55335","time_insert":"2021-03-31 09:31"}
2021-07-14 00:03:33 查询号码 【1773716】，GSD为【"河南-郑州"】

2021-07-14 00:03:33 开始第 29 次操作

2021-07-14 00:03:33 开始操作号码 【1773715】
2021-07-14 00:04:40 GSD getOne 第 1 次 等待 1 秒
2021-07-14 00:04:41 查询号码 【1773715】，返回信息 {"status":"bad","msg":""}
2021-07-14 00:04:41 查询号码 【1773715】，GSD为【""】
2021-07-14 00:04:41 bad
2021-07-14 00:05:00 CHB 1773715?1626192281 第 1 次 等待 1 秒
2021-07-14 00:05:01 CHB 1773715?1626192281 第 1 次 获取到号码【1773715】GSD
2021-07-14 00:05:01 获取到号码【1773715】的GSD为【河南-郑州】
2021-07-14 00:05:07 GSD insert 第 1 次 等待 1 秒
2021-07-14 00:05:08 {"status":"ok","gid":269631,"msg":"添加成功！"}
2021-07-14 00:05:08 下次操作: 2021-07-14 00:05:26

2021-07-14 00:05:26 开始第 30 次操作

2021-07-14 00:05:26 开始操作号码 【1773714】
2021-07-14 00:05:32 GSD getOne 第 1 次 等待 1 秒
2021-07-14 00:05:33 查询号码 【1773714】，返回信息 {"status":"bad","msg":""}
2021-07-14 00:05:33 查询号码 【1773714】，GSD为【""】
2021-07-14 00:05:33 bad
2021-07-14 00:05:39 CHB 1773714?1626192333 第 1 次 等待 1 秒
2021-07-14 00:05:40 CHB 1773714?1626192333 第 1 次 获取到号码【1773714】GSD
2021-07-14 00:05:40 获取到号码【1773714】的GSD为【河南-郑州】
2021-07-14 00:05:53 GSD insert 第 1 次 等待 1 秒
2021-07-14 00:05:54 {"status":"ok","gid":269634,"msg":"添加成功！"}

