2024-09-18 00:12:53 开始第 5221 次操作

2024-09-18 00:12:53 开始操作号码 【1415218】
2024-09-18 00:13:02 GSD getOne 第 1 次 等待 3 秒
2024-09-18 00:13:05 查询号码 【1415218】，返回信息 {"status":"ok","msg":"-","gid":"624849","time_insert":"2023-03-31 02:15"}
2024-09-18 00:13:05 查询号码 【1415218】，GSD为【"-"】
2024-09-18 00:13:05 ok && -
2024-09-18 00:13:07 CHB 1415218?1726589585 第 1 次 等待 3 秒
2024-09-18 00:13:10 CHB 1415218?1726589585 第 1 次 获取到号码【1415218】GSD
2024-09-18 00:13:10 未获取到号码【1415218】GSD，可能号码格式错误
2024-09-18 00:13:10 获取到号码【1415218】的GSD为【-】
2024-09-18 00:13:23 GSD insert 第 1 次 等待 3 秒
2024-09-18 00:13:26 {"status":"bad","gid":"624849","msg":"添加失败！号码【1415218(-|-)】已存在！"}
2024-09-18 00:13:26 随机等待 177 秒，约 2 分钟
2024-09-18 00:13:26 下次操作: 2024-09-18 00:16:23

2024-09-18 00:16:23 开始第 5222 次操作

2024-09-18 00:16:23 开始操作号码 【1415219】
2024-09-18 00:16:35 GSD getOne 第 1 次 等待 3 秒
2024-09-18 00:16:38 查询号码 【1415219】，返回信息 {"status":"ok","msg":"-","gid":"624869","time_insert":"2023-03-31 02:33"}
2024-09-18 00:16:38 查询号码 【1415219】，GSD为【"-"】
2024-09-18 00:16:38 ok && -
2024-09-18 00:16:40 CHB 1415219?1726589798 第 1 次 等待 3 秒
2024-09-18 00:16:43 CHB 1415219?1726589798 第 1 次 获取到号码【1415219】GSD
2024-09-18 00:16:43 未获取到号码【1415219】GSD，可能号码格式错误
2024-09-18 00:16:43 获取到号码【1415219】的GSD为【-】
2024-09-18 00:16:52 GSD insert 第 1 次 等待 3 秒
2024-09-18 00:16:55 {"status":"bad","gid":"624869","msg":"添加失败！号码【1415219(-|-)】已存在！"}
2024-09-18 00:16:55 随机等待 231 秒，约 3 分钟
2024-09-18 00:16:55 下次操作: 2024-09-18 00:20:46

2024-09-18 00:20:46 开始第 5223 次操作

2024-09-18 00:20:46 开始操作号码 【1415220】
2024-09-18 00:20:54 GSD getOne 第 1 次 等待 3 秒
2024-09-18 00:20:57 查询号码 【1415220】，返回信息 {"status":"ok","msg":"-","gid":"624892","time_insert":"2023-03-31 02:46"}
2024-09-18 00:20:57 查询号码 【1415220】，GSD为【"-"】
2024-09-18 00:20:57 ok && -
2024-09-18 00:20:58 CHB 1415220?1726590057 第 1 次 等待 3 秒
2024-09-18 00:21:01 CHB 1415220?1726590057 第 1 次 获取到号码【1415220】GSD
2024-09-18 00:21:01 未获取到号码【1415220】GSD，可能号码格式错误
2024-09-18 00:21:01 获取到号码【1415220】的GSD为【-】
2024-09-18 00:21:09 GSD insert 第 1 次 等待 3 秒
2024-09-18 00:21:12 {"status":"bad","gid":"624892","msg":"添加失败！号码【1415220(-|-)】已存在！"}
2024-09-18 00:21:12 随机等待 216 秒，约 3 分钟
2024-09-18 00:21:12 下次操作: 2024-09-18 00:24:48

2024-09-18 00:24:48 开始第 5224 次操作

2024-09-18 00:24:48 开始操作号码 【1415221】
2024-09-18 00:24:56 GSD getOne 第 1 次 等待 3 秒
2024-09-18 00:24:59 查询号码 【1415221】，返回信息 {"status":"ok","msg":"-","gid":"624919","time_insert":"2023-03-31 03:00"}
2024-09-18 00:24:59 查询号码 【1415221】，GSD为【"-"】
2024-09-18 00:24:59 ok && -
2024-09-18 00:25:01 CHB 1415221?1726590299 第 1 次 等待 3 秒
2024-09-18 00:25:04 CHB 1415221?1726590299 第 1 次 获取到号码【1415221】GSD
2024-09-18 00:25:04 未获取到号码【1415221】GSD，可能号码格式错误
2024-09-18 00:25:04 获取到号码【1415221】的GSD为【-】
2024-09-18 00:25:12 GSD insert 第 1 次 等待 3 秒
2024-09-18 00:25:15 {"status":"bad","gid":"624919","msg":"添加失败！号码【1415221(-|-)】已存在！"}

