2024-09-25 00:13:19 开始第 6457 次操作

2024-09-25 00:13:19 开始操作号码 【1416454】
2024-09-25 00:13:21 GSD getOne 第 1 次 等待 3 秒
2024-09-25 00:13:24 查询号码 【1416454】，返回信息 {"status":"ok","msg":"-","gid":"657766","time_insert":"2023-04-16 10:28"}
2024-09-25 00:13:24 查询号码 【1416454】，GSD为【"-"】
2024-09-25 00:13:24 ok && -
2024-09-25 00:13:26 CHB 1416454?1727194404 第 1 次 等待 3 秒
2024-09-25 00:13:29 CHB 1416454?1727194404 第 1 次 获取到号码【1416454】GSD
2024-09-25 00:13:29 未获取到号码【1416454】GSD，可能号码格式错误
2024-09-25 00:13:29 获取到号码【1416454】的GSD为【-】
2024-09-25 00:13:31 GSD insert 第 1 次 等待 3 秒
2024-09-25 00:13:34 {"status":"bad","gid":"657766","msg":"添加失败！号码【1416454(-|-)】已存在！"}
2024-09-25 00:13:34 随机等待 114 秒，约 1 分钟
2024-09-25 00:13:34 下次操作: 2024-09-25 00:15:28

2024-09-25 00:15:28 开始第 6458 次操作

2024-09-25 00:15:28 开始操作号码 【1416455】
2024-09-25 00:15:31 GSD getOne 第 1 次 等待 3 秒
2024-09-25 00:15:34 查询号码 【1416455】，返回信息 {"status":"ok","msg":"-","gid":"657778","time_insert":"2023-04-16 10:41"}
2024-09-25 00:15:34 查询号码 【1416455】，GSD为【"-"】
2024-09-25 00:15:34 ok && -
2024-09-25 00:15:35 CHB 1416455?1727194534 第 1 次 等待 3 秒
2024-09-25 00:15:38 CHB 1416455?1727194534 第 1 次 获取到号码【1416455】GSD
2024-09-25 00:15:38 未获取到号码【1416455】GSD，可能号码格式错误
2024-09-25 00:15:38 获取到号码【1416455】的GSD为【-】
2024-09-25 00:15:40 GSD insert 第 1 次 等待 3 秒
2024-09-25 00:15:43 {"status":"bad","gid":"657778","msg":"添加失败！号码【1416455(-|-)】已存在！"}
2024-09-25 00:15:43 随机等待 86 秒，约 1 分钟
2024-09-25 00:15:43 下次操作: 2024-09-25 00:17:09

2024-09-25 00:17:09 开始第 6459 次操作

2024-09-25 00:17:09 开始操作号码 【1416456】
2024-09-25 00:17:11 GSD getOne 第 1 次 等待 3 秒
2024-09-25 00:17:14 查询号码 【1416456】，返回信息 {"status":"ok","msg":"-","gid":"657790","time_insert":"2023-04-16 10:53"}
2024-09-25 00:17:14 查询号码 【1416456】，GSD为【"-"】
2024-09-25 00:17:14 ok && -
2024-09-25 00:17:16 CHB 1416456?1727194634 第 1 次 等待 3 秒
2024-09-25 00:17:19 CHB 1416456?1727194634 第 1 次 获取到号码【1416456】GSD
2024-09-25 00:17:19 未获取到号码【1416456】GSD，可能号码格式错误
2024-09-25 00:17:19 获取到号码【1416456】的GSD为【-】
2024-09-25 00:17:21 GSD insert 第 1 次 等待 3 秒
2024-09-25 00:17:24 {"status":"bad","gid":"657790","msg":"添加失败！号码【1416456(-|-)】已存在！"}
2024-09-25 00:17:24 随机等待 180 秒，约 3 分钟
2024-09-25 00:17:24 下次操作: 2024-09-25 00:20:24

2024-09-25 00:20:24 开始第 6460 次操作

2024-09-25 00:20:24 开始操作号码 【1416457】
2024-09-25 00:20:26 GSD getOne 第 1 次 等待 3 秒
2024-09-25 00:20:29 查询号码 【1416457】，返回信息 {"status":"ok","msg":"-","gid":"657799","time_insert":"2023-04-16 11:04"}
2024-09-25 00:20:29 查询号码 【1416457】，GSD为【"-"】
2024-09-25 00:20:29 ok && -
2024-09-25 00:20:31 CHB 1416457?1727194829 第 1 次 等待 3 秒
2024-09-25 00:20:34 CHB 1416457?1727194829 第 1 次 获取到号码【1416457】GSD
2024-09-25 00:20:34 未获取到号码【1416457】GSD，可能号码格式错误
2024-09-25 00:20:34 获取到号码【1416457】的GSD为【-】
2024-09-25 00:20:35 GSD insert 第 1 次 等待 3 秒
2024-09-25 00:20:38 {"status":"bad","gid":"657799","msg":"添加失败！号码【1416457(-|-)】已存在！"}

2024-09-25 00:42:37 开始第 6461 次操作

2024-09-25 00:42:37 开始操作号码 【1416458】
2024-09-25 00:42:40 GSD getOne 第 1 次 等待 3 秒
2024-09-25 00:42:43 查询号码 【1416458】，返回信息 {"status":"ok","msg":"-","gid":"657810","time_insert":"2023-04-16 11:15"}
2024-09-25 00:42:43 查询号码 【1416458】，GSD为【"-"】
2024-09-25 00:42:43 ok && -
2024-09-25 00:42:45 CHB 1416458?1727196163 第 1 次 等待 3 秒
2024-09-25 00:42:48 CHB 1416458?1727196163 第 1 次 获取到号码【1416458】GSD
2024-09-25 00:42:48 未获取到号码【1416458】GSD，可能号码格式错误
2024-09-25 00:42:48 获取到号码【1416458】的GSD为【-】
2024-09-25 00:42:50 GSD insert 第 1 次 等待 3 秒
2024-09-25 00:42:53 {"status":"bad","gid":"657810","msg":"添加失败！号码【1416458(-|-)】已存在！"}
2024-09-25 00:42:53 随机等待 105 秒，约 1 分钟
2024-09-25 00:42:53 下次操作: 2024-09-25 00:44:38

2024-09-25 00:44:38 开始第 6462 次操作

2024-09-25 00:44:38 开始操作号码 【1416459】
2024-09-25 00:44:40 GSD getOne 第 1 次 等待 3 秒
2024-09-25 00:44:43 查询号码 【1416459】，返回信息 {"status":"ok","msg":"-","gid":"657822","time_insert":"2023-04-16 11:29"}
2024-09-25 00:44:43 查询号码 【1416459】，GSD为【"-"】
2024-09-25 00:44:43 ok && -
2024-09-25 00:44:45 CHB 1416459?1727196283 第 1 次 等待 3 秒
2024-09-25 00:44:48 CHB 1416459?1727196283 第 1 次 获取到号码【1416459】GSD
2024-09-25 00:44:48 未获取到号码【1416459】GSD，可能号码格式错误
2024-09-25 00:44:48 获取到号码【1416459】的GSD为【-】
2024-09-25 00:44:50 GSD insert 第 1 次 等待 3 秒
2024-09-25 00:44:53 {"status":"bad","gid":"657822","msg":"添加失败！号码【1416459(-|-)】已存在！"}
2024-09-25 00:44:53 随机等待 160 秒，约 2 分钟
2024-09-25 00:44:53 下次操作: 2024-09-25 00:47:33

2024-09-25 00:47:33 开始第 6463 次操作

2024-09-25 00:47:33 开始操作号码 【1416460】
2024-09-25 00:47:35 GSD getOne 第 1 次 等待 3 秒
2024-09-25 00:47:38 查询号码 【1416460】，返回信息 {"status":"ok","msg":"-","gid":"657835","time_insert":"2023-04-16 11:45"}
2024-09-25 00:47:38 查询号码 【1416460】，GSD为【"-"】
2024-09-25 00:47:38 ok && -
2024-09-25 00:47:39 CHB 1416460?1727196458 第 1 次 等待 3 秒
2024-09-25 00:47:42 CHB 1416460?1727196458 第 1 次 获取到号码【1416460】GSD
2024-09-25 00:47:42 未获取到号码【1416460】GSD，可能号码格式错误
2024-09-25 00:47:42 获取到号码【1416460】的GSD为【-】
2024-09-25 00:47:44 GSD insert 第 1 次 等待 3 秒
2024-09-25 00:47:47 {"status":"bad","gid":"657835","msg":"添加失败！号码【1416460(-|-)】已存在！"}
2024-09-25 00:47:47 随机等待 106 秒，约 1 分钟
2024-09-25 00:47:47 下次操作: 2024-09-25 00:49:33

2024-09-25 00:49:33 开始第 6464 次操作

2024-09-25 00:49:33 开始操作号码 【1416461】
2024-09-25 00:49:36 GSD getOne 第 1 次 等待 3 秒
2024-09-25 00:49:39 查询号码 【1416461】，返回信息 {"status":"ok","msg":"-","gid":"657845","time_insert":"2023-04-16 11:56"}
2024-09-25 00:49:39 查询号码 【1416461】，GSD为【"-"】
2024-09-25 00:49:39 ok && -
2024-09-25 00:49:41 CHB 1416461?1727196579 第 1 次 等待 3 秒
2024-09-25 00:49:44 CHB 1416461?1727196579 第 1 次 获取到号码【1416461】GSD
2024-09-25 00:49:44 未获取到号码【1416461】GSD，可能号码格式错误
2024-09-25 00:49:44 获取到号码【1416461】的GSD为【-】
2024-09-25 00:49:47 GSD insert 第 1 次 等待 3 秒
2024-09-25 00:49:50 {"status":"bad","gid":"657845","msg":"添加失败！号码【1416461(-|-)】已存在！"}

2024-09-25 01:09:54 开始第 6465 次操作

2024-09-25 01:09:54 开始操作号码 【1416462】
2024-09-25 01:09:56 GSD getOne 第 1 次 等待 3 秒
2024-09-25 01:09:59 查询号码 【1416462】，返回信息 {"status":"ok","msg":"-","gid":"657858","time_insert":"2023-04-16 12:08"}
2024-09-25 01:09:59 查询号码 【1416462】，GSD为【"-"】
2024-09-25 01:09:59 ok && -
2024-09-25 01:10:01 CHB 1416462?1727197799 第 1 次 等待 3 秒
2024-09-25 01:10:04 CHB 1416462?1727197799 第 1 次 获取到号码【1416462】GSD
2024-09-25 01:10:04 未获取到号码【1416462】GSD，可能号码格式错误
2024-09-25 01:10:04 获取到号码【1416462】的GSD为【-】
2024-09-25 01:10:05 GSD insert 第 1 次 等待 3 秒
2024-09-25 01:10:08 {"status":"bad","gid":"657858","msg":"添加失败！号码【1416462(-|-)】已存在！"}
2024-09-25 01:10:08 随机等待 233 秒，约 3 分钟
2024-09-25 01:10:08 下次操作: 2024-09-25 01:14:01

2024-09-25 01:14:01 开始第 6466 次操作

2024-09-25 01:14:01 开始操作号码 【1416463】
2024-09-25 01:14:05 GSD getOne 第 1 次 等待 3 秒
2024-09-25 01:14:08 查询号码 【1416463】，返回信息 {"status":"ok","msg":"-","gid":"657869","time_insert":"2023-04-16 12:18"}
2024-09-25 01:14:08 查询号码 【1416463】，GSD为【"-"】
2024-09-25 01:14:08 ok && -
2024-09-25 01:14:09 CHB 1416463?1727198048 第 1 次 等待 3 秒
2024-09-25 01:14:12 CHB 1416463?1727198048 第 1 次 获取到号码【1416463】GSD
2024-09-25 01:14:12 未获取到号码【1416463】GSD，可能号码格式错误
2024-09-25 01:14:12 获取到号码【1416463】的GSD为【-】
2024-09-25 01:14:14 GSD insert 第 1 次 等待 3 秒
2024-09-25 01:14:17 {"status":"bad","gid":"657869","msg":"添加失败！号码【1416463(-|-)】已存在！"}
2024-09-25 01:14:17 随机等待 155 秒，约 2 分钟
2024-09-25 01:14:17 下次操作: 2024-09-25 01:16:52

2024-09-25 01:16:52 开始第 6467 次操作

2024-09-25 01:16:52 开始操作号码 【1416464】
2024-09-25 01:16:54 GSD getOne 第 1 次 等待 3 秒
2024-09-25 01:16:57 查询号码 【1416464】，返回信息 {"status":"ok","msg":"-","gid":"657886","time_insert":"2023-04-16 12:40"}
2024-09-25 01:16:57 查询号码 【1416464】，GSD为【"-"】
2024-09-25 01:16:57 ok && -
2024-09-25 01:16:58 CHB 1416464?1727198217 第 1 次 等待 3 秒
2024-09-25 01:17:01 CHB 1416464?1727198217 第 1 次 获取到号码【1416464】GSD
2024-09-25 01:17:01 未获取到号码【1416464】GSD，可能号码格式错误
2024-09-25 01:17:01 获取到号码【1416464】的GSD为【-】
2024-09-25 01:17:03 GSD insert 第 1 次 等待 3 秒
2024-09-25 01:17:06 {"status":"bad","gid":"657886","msg":"添加失败！号码【1416464(-|-)】已存在！"}
2024-09-25 01:17:06 随机等待 106 秒，约 1 分钟
2024-09-25 01:17:06 下次操作: 2024-09-25 01:18:52

2024-09-25 01:18:52 开始第 6468 次操作

2024-09-25 01:18:52 开始操作号码 【1416465】
2024-09-25 01:18:54 GSD getOne 第 1 次 等待 3 秒
2024-09-25 01:18:57 查询号码 【1416465】，返回信息 {"status":"ok","msg":"-","gid":"657907","time_insert":"2023-04-16 13:02"}
2024-09-25 01:18:57 查询号码 【1416465】，GSD为【"-"】
2024-09-25 01:18:57 ok && -
2024-09-25 01:18:59 CHB 1416465?1727198337 第 1 次 等待 3 秒
2024-09-25 01:19:02 CHB 1416465?1727198337 第 1 次 获取到号码【1416465】GSD
2024-09-25 01:19:02 未获取到号码【1416465】GSD，可能号码格式错误
2024-09-25 01:19:02 获取到号码【1416465】的GSD为【-】
2024-09-25 01:19:04 GSD insert 第 1 次 等待 3 秒
2024-09-25 01:19:07 {"status":"bad","gid":"657907","msg":"添加失败！号码【1416465(-|-)】已存在！"}

