2023-12-10 00:20:23 开始第 2309 次操作

2023-12-10 00:20:23 开始操作号码 【1852228】
2023-12-10 00:20:27 GSD getOne 第 1 次 等待 3 秒
2023-12-10 00:20:30 查询号码 【1852228】，返回信息 {"status":"ok","msg":"天津-天津","gid":"487215","time_insert":"2021-08-03 05:44","time_update":"2021-08-04 04:41"}
2023-12-10 00:20:30 查询号码 【1852228】，GSD为【"天津-天津"】

2023-12-10 00:20:31 开始第 2310 次操作

2023-12-10 00:20:31 开始操作号码 【1852229】
2023-12-10 00:20:35 GSD getOne 第 1 次 等待 3 秒
2023-12-10 00:20:38 查询号码 【1852229】，返回信息 {"status":"ok","msg":"天津-天津","gid":"487208","time_insert":"2021-08-03 05:44"}
2023-12-10 00:20:38 查询号码 【1852229】，GSD为【"天津-天津"】

2023-12-10 00:20:40 开始第 2311 次操作

2023-12-10 00:20:40 开始操作号码 【1852230】
2023-12-10 00:20:44 GSD getOne 第 1 次 等待 3 秒
2023-12-10 00:20:47 查询号码 【1852230】，返回信息 {"status":"ok","msg":"天津-天津","gid":"487200","time_insert":"2021-08-03 05:43"}
2023-12-10 00:20:47 查询号码 【1852230】，GSD为【"天津-天津"】

2023-12-10 00:20:48 开始第 2312 次操作

2023-12-10 00:20:48 开始操作号码 【1852231】
2023-12-10 00:20:55 GSD getOne 第 1 次 等待 3 秒
2023-12-10 00:20:58 查询号码 【1852231】，返回信息 {"status":"ok","msg":"天津-天津","gid":"487192","time_insert":"2021-08-03 05:42"}
2023-12-10 00:20:58 查询号码 【1852231】，GSD为【"天津-天津"】

