2024-03-27 00:21:51 开始第 341 次操作

2024-03-27 00:21:51 开始操作号码 【1630260】
2024-03-27 00:21:57 GSD getOne 第 1 次 等待 3 秒
2024-03-27 00:22:00 查询号码 【1630260】，返回信息 {"status":"ok","msg":"-","gid":"524210","time_insert":"2023-02-10 07:21"}
2024-03-27 00:22:00 查询号码 【1630260】，GSD为【"-"】
2024-03-27 00:22:00 ok && -
2024-03-27 00:22:02 CHB 1630260?1711470120 第 1 次 等待 3 秒
2024-03-27 00:22:05 CHB 1630260?1711470120 第 1 次 获取到号码【1630260】GSD
2024-03-27 00:22:05 未获取到号码【1630260】GSD，可能号码格式错误
2024-03-27 00:22:05 获取到号码【1630260】的GSD为【-】
2024-03-27 00:22:11 GSD insert 第 1 次 等待 3 秒
2024-03-27 00:22:14 {"status":"bad","gid":"524210","msg":"添加失败！号码【1630260(-|-)】已存在！"}
2024-03-27 00:22:14 随机等待 215 秒，约 3 分钟
2024-03-27 00:22:14 下次操作: 2024-03-27 00:25:49

2024-03-27 00:25:49 开始第 342 次操作

2024-03-27 00:25:49 开始操作号码 【1630261】
2024-03-27 00:25:53 GSD getOne 第 1 次 等待 3 秒
2024-03-27 00:25:56 查询号码 【1630261】，返回信息 {"status":"ok","msg":"-","gid":"524219","time_insert":"2023-02-10 07:32"}
2024-03-27 00:25:56 查询号码 【1630261】，GSD为【"-"】
2024-03-27 00:25:56 ok && -
2024-03-27 00:25:59 CHB 1630261?1711470356 第 1 次 等待 3 秒
2024-03-27 00:26:02 CHB 1630261?1711470356 第 1 次 获取到号码【1630261】GSD
2024-03-27 00:26:02 未获取到号码【1630261】GSD，可能号码格式错误
2024-03-27 00:26:02 获取到号码【1630261】的GSD为【-】
2024-03-27 00:26:06 GSD insert 第 1 次 等待 3 秒
2024-03-27 00:26:09 {"status":"bad","gid":"524219","msg":"添加失败！号码【1630261(-|-)】已存在！"}
2024-03-27 00:26:09 随机等待 182 秒，约 3 分钟
2024-03-27 00:26:09 下次操作: 2024-03-27 00:29:11

2024-03-27 00:29:11 开始第 343 次操作

2024-03-27 00:29:11 开始操作号码 【1630262】
2024-03-27 00:29:19 GSD getOne 第 1 次 等待 3 秒
2024-03-27 00:29:22 查询号码 【1630262】，返回信息 {"status":"ok","msg":"-","gid":"524234","time_insert":"2023-02-10 07:45"}
2024-03-27 00:29:22 查询号码 【1630262】，GSD为【"-"】
2024-03-27 00:29:22 ok && -
2024-03-27 00:29:24 CHB 1630262?1711470562 第 1 次 等待 3 秒
2024-03-27 00:29:27 CHB 1630262?1711470562 第 1 次 获取到号码【1630262】GSD
2024-03-27 00:29:27 未获取到号码【1630262】GSD，可能号码格式错误
2024-03-27 00:29:27 获取到号码【1630262】的GSD为【-】
2024-03-27 00:29:32 GSD insert 第 1 次 等待 3 秒
2024-03-27 00:29:35 {"status":"bad","gid":"524234","msg":"添加失败！号码【1630262(-|-)】已存在！"}
2024-03-27 00:29:35 随机等待 161 秒，约 2 分钟
2024-03-27 00:29:35 下次操作: 2024-03-27 00:32:16

2024-03-27 00:32:16 开始第 344 次操作

2024-03-27 00:32:16 开始操作号码 【1630263】
2024-03-27 00:32:21 GSD getOne 第 1 次 等待 3 秒
2024-03-27 00:32:24 查询号码 【1630263】，返回信息 {"status":"ok","msg":"-","gid":"524246","time_insert":"2023-02-10 07:58"}
2024-03-27 00:32:24 查询号码 【1630263】，GSD为【"-"】
2024-03-27 00:32:24 ok && -
2024-03-27 00:32:26 CHB 1630263?1711470744 第 1 次 等待 3 秒
2024-03-27 00:32:29 CHB 1630263?1711470744 第 1 次 获取到号码【1630263】GSD
2024-03-27 00:32:29 未获取到号码【1630263】GSD，可能号码格式错误
2024-03-27 00:32:29 获取到号码【1630263】的GSD为【-】
2024-03-27 00:32:34 GSD insert 第 1 次 等待 3 秒
2024-03-27 00:32:37 {"status":"bad","gid":"524246","msg":"添加失败！号码【1630263(-|-)】已存在！"}

2024-03-27 00:39:08 开始第 345 次操作

2024-03-27 00:39:08 开始操作号码 【1630264】
2024-03-27 00:39:15 GSD getOne 第 1 次 等待 3 秒
2024-03-27 00:39:18 查询号码 【1630264】，返回信息 {"status":"ok","msg":"-","gid":"524257","time_insert":"2023-02-10 08:11"}
2024-03-27 00:39:18 查询号码 【1630264】，GSD为【"-"】
2024-03-27 00:39:18 ok && -
2024-03-27 00:39:20 CHB 1630264?1711471158 第 1 次 等待 3 秒
2024-03-27 00:39:23 CHB 1630264?1711471158 第 1 次 获取到号码【1630264】GSD
2024-03-27 00:39:23 未获取到号码【1630264】GSD，可能号码格式错误
2024-03-27 00:39:23 获取到号码【1630264】的GSD为【-】
2024-03-27 00:39:28 GSD insert 第 1 次 等待 3 秒
2024-03-27 00:39:31 {"status":"bad","gid":"524257","msg":"添加失败！号码【1630264(-|-)】已存在！"}
2024-03-27 00:39:31 随机等待 75 秒，约 1 分钟
2024-03-27 00:39:31 下次操作: 2024-03-27 00:40:46

2024-03-27 00:40:46 开始第 346 次操作

2024-03-27 00:40:46 开始操作号码 【1630265】
2024-03-27 00:40:51 GSD getOne 第 1 次 等待 3 秒
2024-03-27 00:40:54 查询号码 【1630265】，返回信息 {"status":"ok","msg":"-","gid":"524269","time_insert":"2023-02-10 08:22"}
2024-03-27 00:40:54 查询号码 【1630265】，GSD为【"-"】
2024-03-27 00:40:54 ok && -
2024-03-27 00:40:56 CHB 1630265?1711471254 第 1 次 等待 3 秒
2024-03-27 00:40:59 CHB 1630265?1711471254 第 1 次 获取到号码【1630265】GSD
2024-03-27 00:40:59 未获取到号码【1630265】GSD，可能号码格式错误
2024-03-27 00:40:59 获取到号码【1630265】的GSD为【-】
2024-03-27 00:41:03 GSD insert 第 1 次 等待 3 秒
2024-03-27 00:41:06 {"status":"bad","gid":"524269","msg":"添加失败！号码【1630265(-|-)】已存在！"}
2024-03-27 00:41:06 随机等待 215 秒，约 3 分钟
2024-03-27 00:41:06 下次操作: 2024-03-27 00:44:41

2024-03-27 00:44:41 开始第 347 次操作

2024-03-27 00:44:41 开始操作号码 【1630266】
2024-03-27 00:44:46 GSD getOne 第 1 次 等待 3 秒
2024-03-27 00:44:49 查询号码 【1630266】，返回信息 {"status":"ok","msg":"-","gid":"524282","time_insert":"2023-02-10 08:33"}
2024-03-27 00:44:49 查询号码 【1630266】，GSD为【"-"】
2024-03-27 00:44:49 ok && -
2024-03-27 00:44:50 CHB 1630266?1711471489 第 1 次 等待 3 秒
2024-03-27 00:44:53 CHB 1630266?1711471489 第 1 次 获取到号码【1630266】GSD
2024-03-27 00:44:53 未获取到号码【1630266】GSD，可能号码格式错误
2024-03-27 00:44:53 获取到号码【1630266】的GSD为【-】
2024-03-27 00:44:57 GSD insert 第 1 次 等待 3 秒
2024-03-27 00:45:00 {"status":"bad","gid":"524282","msg":"添加失败！号码【1630266(-|-)】已存在！"}
2024-03-27 00:45:00 随机等待 120 秒，约 2 分钟
2024-03-27 00:45:00 下次操作: 2024-03-27 00:47:00

2024-03-27 00:47:00 开始第 348 次操作

2024-03-27 00:47:00 开始操作号码 【1630267】
2024-03-27 00:47:05 GSD getOne 第 1 次 等待 3 秒
2024-03-27 00:47:08 查询号码 【1630267】，返回信息 {"status":"ok","msg":"-","gid":"524292","time_insert":"2023-02-10 08:43"}
2024-03-27 00:47:08 查询号码 【1630267】，GSD为【"-"】
2024-03-27 00:47:08 ok && -
2024-03-27 00:47:10 CHB 1630267?1711471628 第 1 次 等待 3 秒
2024-03-27 00:47:13 CHB 1630267?1711471628 第 1 次 获取到号码【1630267】GSD
2024-03-27 00:47:13 未获取到号码【1630267】GSD，可能号码格式错误
2024-03-27 00:47:13 获取到号码【1630267】的GSD为【-】
2024-03-27 00:47:17 GSD insert 第 1 次 等待 3 秒
2024-03-27 00:47:20 {"status":"bad","gid":"524292","msg":"添加失败！号码【1630267(-|-)】已存在！"}

