2023-10-13 00:40:41 开始第 2809 次操作

2023-10-13 00:40:41 开始操作号码 【1952783】
2023-10-13 00:42:51 GSD getOne 第 1 次 等待 3 秒
2023-10-13 00:45:04 GSD getOne 第 2 次 等待 3 秒
2023-10-13 00:47:17 GSD getOne 第 3 次 等待 3 秒
2023-10-13 00:49:30 GSD getOne 第 4 次 等待 3 秒
2023-10-13 00:51:43 GSD getOne 第 5 次 等待 3 秒
2023-10-13 00:53:56 GSD getOne 第 6 次 等待 3 秒
2023-10-13 00:56:09 GSD getOne 第 7 次 等待 3 秒
2023-10-13 00:58:23 GSD getOne 第 8 次 等待 3 秒
2023-10-13 01:00:36 GSD getOne 第 9 次 等待 3 秒
2023-10-13 01:02:49 GSD getOne 第 10 次 等待 3 秒
2023-10-13 01:02:52 查询号码 【1952783】，返回信息 
2023-10-13 01:02:52 查询失败，3 秒后重新查询
2023-10-13 01:05:06 GSD getOne 第 1 次 等待 3 秒
2023-10-13 01:07:19 GSD getOne 第 2 次 等待 3 秒
2023-10-13 01:09:32 GSD getOne 第 3 次 等待 3 秒
2023-10-13 01:11:45 GSD getOne 第 4 次 等待 3 秒
2023-10-13 01:13:59 GSD getOne 第 5 次 等待 3 秒
2023-10-13 01:16:12 GSD getOne 第 6 次 等待 3 秒
2023-10-13 01:18:25 GSD getOne 第 7 次 等待 3 秒
2023-10-13 01:20:38 GSD getOne 第 8 次 等待 3 秒
2023-10-13 01:22:51 GSD getOne 第 9 次 等待 3 秒
2023-10-13 01:25:04 GSD getOne 第 10 次 等待 3 秒
2023-10-13 01:25:07 查询号码 【1952783】，返回信息 
2023-10-13 01:25:07 查询失败，结束本次操作，期待下次成功~
2023-10-13 01:25:07 随机等待 70 秒，约 1 分钟
2023-10-13 01:25:07 下次操作: 2023-10-13 01:26:17

2023-10-13 01:26:17 开始第 2810 次操作

2023-10-13 01:26:17 开始操作号码 【1952783】
2023-10-13 01:28:27 GSD getOne 第 1 次 等待 3 秒
2023-10-13 01:30:40 GSD getOne 第 2 次 等待 3 秒
2023-10-13 01:32:53 GSD getOne 第 3 次 等待 3 秒
2023-10-13 01:35:06 GSD getOne 第 4 次 等待 3 秒
2023-10-13 01:37:19 GSD getOne 第 5 次 等待 3 秒
2023-10-13 01:39:32 GSD getOne 第 6 次 等待 3 秒
2023-10-13 01:41:46 GSD getOne 第 7 次 等待 3 秒
2023-10-13 01:43:59 GSD getOne 第 8 次 等待 3 秒
2023-10-13 01:46:12 GSD getOne 第 9 次 等待 3 秒
2023-10-13 01:48:25 GSD getOne 第 10 次 等待 3 秒
2023-10-13 01:48:28 查询号码 【1952783】，返回信息 
2023-10-13 01:48:28 查询失败，3 秒后重新查询
2023-10-13 01:50:42 GSD getOne 第 1 次 等待 3 秒
2023-10-13 01:52:55 GSD getOne 第 2 次 等待 3 秒
2023-10-13 01:55:08 GSD getOne 第 3 次 等待 3 秒
2023-10-13 01:57:22 GSD getOne 第 4 次 等待 3 秒
2023-10-13 01:59:35 GSD getOne 第 5 次 等待 3 秒
2023-10-13 02:01:48 GSD getOne 第 6 次 等待 3 秒
2023-10-13 02:04:01 GSD getOne 第 7 次 等待 3 秒
2023-10-13 02:06:14 GSD getOne 第 8 次 等待 3 秒
2023-10-13 02:08:27 GSD getOne 第 9 次 等待 3 秒
2023-10-13 02:10:40 GSD getOne 第 10 次 等待 3 秒
2023-10-13 02:10:43 查询号码 【1952783】，返回信息 
2023-10-13 02:10:43 查询失败，结束本次操作，期待下次成功~
2023-10-13 02:10:43 随机等待 81 秒，约 1 分钟
2023-10-13 02:10:43 下次操作: 2023-10-13 02:12:04

2023-10-13 02:12:04 开始第 2811 次操作

2023-10-13 02:12:04 开始操作号码 【1952783】
2023-10-13 02:14:15 GSD getOne 第 1 次 等待 3 秒
2023-10-13 02:16:28 GSD getOne 第 2 次 等待 3 秒
2023-10-13 02:18:42 GSD getOne 第 3 次 等待 3 秒
2023-10-13 02:20:55 GSD getOne 第 4 次 等待 3 秒
2023-10-13 02:23:08 GSD getOne 第 5 次 等待 3 秒
2023-10-13 02:25:21 GSD getOne 第 6 次 等待 3 秒
2023-10-13 02:27:34 GSD getOne 第 7 次 等待 3 秒
2023-10-13 02:29:47 GSD getOne 第 8 次 等待 3 秒
2023-10-13 02:32:00 GSD getOne 第 9 次 等待 3 秒
2023-10-13 02:34:13 GSD getOne 第 10 次 等待 3 秒
2023-10-13 02:34:16 查询号码 【1952783】，返回信息 
2023-10-13 02:34:16 查询失败，3 秒后重新查询
2023-10-13 02:36:31 GSD getOne 第 1 次 等待 3 秒
2023-10-13 02:38:44 GSD getOne 第 2 次 等待 3 秒
2023-10-13 02:40:57 GSD getOne 第 3 次 等待 3 秒
2023-10-13 02:43:10 GSD getOne 第 4 次 等待 3 秒
2023-10-13 02:45:23 GSD getOne 第 5 次 等待 3 秒
2023-10-13 02:47:36 GSD getOne 第 6 次 等待 3 秒
2023-10-13 02:49:49 GSD getOne 第 7 次 等待 3 秒
2023-10-13 02:52:02 GSD getOne 第 8 次 等待 3 秒
2023-10-13 02:54:16 GSD getOne 第 9 次 等待 3 秒
2023-10-13 02:56:29 GSD getOne 第 10 次 等待 3 秒
2023-10-13 02:56:32 查询号码 【1952783】，返回信息 
2023-10-13 02:56:32 查询失败，结束本次操作，期待下次成功~
2023-10-13 02:56:32 随机等待 196 秒，约 3 分钟
2023-10-13 02:56:32 下次操作: 2023-10-13 02:59:48

2023-10-13 02:59:48 开始第 2812 次操作

2023-10-13 02:59:48 开始操作号码 【1952783】
2023-10-13 03:01:58 GSD getOne 第 1 次 等待 3 秒
2023-10-13 03:04:12 GSD getOne 第 2 次 等待 3 秒
2023-10-13 03:06:25 GSD getOne 第 3 次 等待 3 秒
2023-10-13 03:08:38 GSD getOne 第 4 次 等待 3 秒
2023-10-13 03:10:51 GSD getOne 第 5 次 等待 3 秒
2023-10-13 03:13:04 GSD getOne 第 6 次 等待 3 秒
2023-10-13 03:15:17 GSD getOne 第 7 次 等待 3 秒
2023-10-13 03:17:30 GSD getOne 第 8 次 等待 3 秒
2023-10-13 03:19:43 GSD getOne 第 9 次 等待 3 秒
2023-10-13 03:21:56 GSD getOne 第 10 次 等待 3 秒
2023-10-13 03:21:59 查询号码 【1952783】，返回信息 
2023-10-13 03:21:59 查询失败，3 秒后重新查询
2023-10-13 03:24:14 GSD getOne 第 1 次 等待 3 秒
2023-10-13 03:26:27 GSD getOne 第 2 次 等待 3 秒
2023-10-13 03:28:40 GSD getOne 第 3 次 等待 3 秒
2023-10-13 03:30:53 GSD getOne 第 4 次 等待 3 秒
2023-10-13 03:33:06 GSD getOne 第 5 次 等待 3 秒
2023-10-13 03:35:19 GSD getOne 第 6 次 等待 3 秒
2023-10-13 03:37:32 GSD getOne 第 7 次 等待 3 秒
2023-10-13 03:39:46 GSD getOne 第 8 次 等待 3 秒
2023-10-13 03:41:59 GSD getOne 第 9 次 等待 3 秒
2023-10-13 03:44:12 GSD getOne 第 10 次 等待 3 秒
2023-10-13 03:44:15 查询号码 【1952783】，返回信息 
2023-10-13 03:44:15 查询失败，结束本次操作，期待下次成功~

2023-10-13 04:15:51 开始第 2813 次操作

2023-10-13 04:15:51 开始操作号码 【1952783】
2023-10-13 04:18:02 GSD getOne 第 1 次 等待 3 秒
2023-10-13 04:20:15 GSD getOne 第 2 次 等待 3 秒
2023-10-13 04:22:28 GSD getOne 第 3 次 等待 3 秒
2023-10-13 04:24:42 GSD getOne 第 4 次 等待 3 秒
2023-10-13 04:26:55 GSD getOne 第 5 次 等待 3 秒
2023-10-13 04:29:08 GSD getOne 第 6 次 等待 3 秒
2023-10-13 04:31:21 GSD getOne 第 7 次 等待 3 秒
2023-10-13 04:33:34 GSD getOne 第 8 次 等待 3 秒
2023-10-13 04:35:47 GSD getOne 第 9 次 等待 3 秒
2023-10-13 04:38:00 GSD getOne 第 10 次 等待 3 秒
2023-10-13 04:38:03 查询号码 【1952783】，返回信息 
2023-10-13 04:38:03 查询失败，3 秒后重新查询
2023-10-13 04:40:18 GSD getOne 第 1 次 等待 3 秒
2023-10-13 04:42:31 GSD getOne 第 2 次 等待 3 秒
2023-10-13 04:44:44 GSD getOne 第 3 次 等待 3 秒
2023-10-13 04:46:57 GSD getOne 第 4 次 等待 3 秒
2023-10-13 04:49:10 GSD getOne 第 5 次 等待 3 秒
2023-10-13 04:51:23 GSD getOne 第 6 次 等待 3 秒
2023-10-13 04:53:36 GSD getOne 第 7 次 等待 3 秒
2023-10-13 04:55:49 GSD getOne 第 8 次 等待 3 秒
2023-10-13 04:58:02 GSD getOne 第 9 次 等待 3 秒
2023-10-13 05:00:16 GSD getOne 第 10 次 等待 3 秒
2023-10-13 05:00:19 查询号码 【1952783】，返回信息 
2023-10-13 05:00:19 查询失败，结束本次操作，期待下次成功~
2023-10-13 05:00:19 随机等待 89 秒，约 1 分钟
2023-10-13 05:00:19 下次操作: 2023-10-13 05:01:48

2023-10-13 05:01:48 开始第 2814 次操作

2023-10-13 05:01:48 开始操作号码 【1952783】
2023-10-13 05:03:59 GSD getOne 第 1 次 等待 3 秒
2023-10-13 05:06:12 GSD getOne 第 2 次 等待 3 秒
2023-10-13 05:08:25 GSD getOne 第 3 次 等待 3 秒
2023-10-13 05:10:38 GSD getOne 第 4 次 等待 3 秒
2023-10-13 05:12:51 GSD getOne 第 5 次 等待 3 秒
2023-10-13 05:15:04 GSD getOne 第 6 次 等待 3 秒
2023-10-13 05:17:18 GSD getOne 第 7 次 等待 3 秒
2023-10-13 05:19:31 GSD getOne 第 8 次 等待 3 秒
2023-10-13 05:21:44 GSD getOne 第 9 次 等待 3 秒
2023-10-13 05:23:57 GSD getOne 第 10 次 等待 3 秒
2023-10-13 05:24:00 查询号码 【1952783】，返回信息 
2023-10-13 05:24:00 查询失败，3 秒后重新查询
2023-10-13 05:26:14 GSD getOne 第 1 次 等待 3 秒
2023-10-13 05:28:27 GSD getOne 第 2 次 等待 3 秒
2023-10-13 05:30:40 GSD getOne 第 3 次 等待 3 秒
2023-10-13 05:32:53 GSD getOne 第 4 次 等待 3 秒
2023-10-13 05:35:07 GSD getOne 第 5 次 等待 3 秒
2023-10-13 05:37:20 GSD getOne 第 6 次 等待 3 秒
2023-10-13 05:39:33 GSD getOne 第 7 次 等待 3 秒
2023-10-13 05:41:46 GSD getOne 第 8 次 等待 3 秒
2023-10-13 05:43:59 GSD getOne 第 9 次 等待 3 秒
2023-10-13 05:46:12 GSD getOne 第 10 次 等待 3 秒
2023-10-13 05:46:15 查询号码 【1952783】，返回信息 
2023-10-13 05:46:15 查询失败，结束本次操作，期待下次成功~
2023-10-13 05:46:15 随机等待 180 秒，约 3 分钟
2023-10-13 05:46:15 下次操作: 2023-10-13 05:49:15

2023-10-13 05:49:15 开始第 2815 次操作

2023-10-13 05:49:15 开始操作号码 【1952783】
2023-10-13 05:51:26 GSD getOne 第 1 次 等待 3 秒
2023-10-13 05:53:39 GSD getOne 第 2 次 等待 3 秒
2023-10-13 05:55:52 GSD getOne 第 3 次 等待 3 秒
2023-10-13 05:58:05 GSD getOne 第 4 次 等待 3 秒
2023-10-13 06:00:18 GSD getOne 第 5 次 等待 3 秒
2023-10-13 06:02:31 GSD getOne 第 6 次 等待 3 秒
2023-10-13 06:04:44 GSD getOne 第 7 次 等待 3 秒
2023-10-13 06:06:57 GSD getOne 第 8 次 等待 3 秒
2023-10-13 06:09:11 GSD getOne 第 9 次 等待 3 秒
2023-10-13 06:11:24 GSD getOne 第 10 次 等待 3 秒
2023-10-13 06:11:27 查询号码 【1952783】，返回信息 
2023-10-13 06:11:27 查询失败，3 秒后重新查询
2023-10-13 06:13:41 GSD getOne 第 1 次 等待 3 秒
2023-10-13 06:15:54 GSD getOne 第 2 次 等待 3 秒
2023-10-13 06:18:07 GSD getOne 第 3 次 等待 3 秒
2023-10-13 06:20:20 GSD getOne 第 4 次 等待 3 秒
2023-10-13 06:22:33 GSD getOne 第 5 次 等待 3 秒
2023-10-13 06:24:46 GSD getOne 第 6 次 等待 3 秒
2023-10-13 06:27:00 GSD getOne 第 7 次 等待 3 秒
2023-10-13 06:29:13 GSD getOne 第 8 次 等待 3 秒
2023-10-13 06:31:26 GSD getOne 第 9 次 等待 3 秒
2023-10-13 06:33:39 GSD getOne 第 10 次 等待 3 秒
2023-10-13 06:33:42 查询号码 【1952783】，返回信息 
2023-10-13 06:33:42 查询失败，结束本次操作，期待下次成功~
2023-10-13 06:33:42 随机等待 214 秒，约 3 分钟
2023-10-13 06:33:42 下次操作: 2023-10-13 06:37:16

2023-10-13 06:37:16 开始第 2816 次操作

2023-10-13 06:37:16 开始操作号码 【1952783】
2023-10-13 06:39:27 GSD getOne 第 1 次 等待 3 秒
2023-10-13 06:41:40 GSD getOne 第 2 次 等待 3 秒
2023-10-13 06:43:53 GSD getOne 第 3 次 等待 3 秒
2023-10-13 06:46:06 GSD getOne 第 4 次 等待 3 秒
2023-10-13 06:48:20 GSD getOne 第 5 次 等待 3 秒
2023-10-13 06:50:33 GSD getOne 第 6 次 等待 3 秒
2023-10-13 06:52:46 GSD getOne 第 7 次 等待 3 秒
2023-10-13 06:54:59 GSD getOne 第 8 次 等待 3 秒
2023-10-13 06:57:12 GSD getOne 第 9 次 等待 3 秒
2023-10-13 06:59:25 GSD getOne 第 10 次 等待 3 秒
2023-10-13 06:59:28 查询号码 【1952783】，返回信息 
2023-10-13 06:59:28 查询失败，3 秒后重新查询
2023-10-13 07:01:42 GSD getOne 第 1 次 等待 3 秒
2023-10-13 07:03:56 GSD getOne 第 2 次 等待 3 秒
2023-10-13 07:06:09 GSD getOne 第 3 次 等待 3 秒
2023-10-13 07:08:22 GSD getOne 第 4 次 等待 3 秒
2023-10-13 07:10:35 GSD getOne 第 5 次 等待 3 秒
2023-10-13 07:12:48 GSD getOne 第 6 次 等待 3 秒
2023-10-13 07:15:01 GSD getOne 第 7 次 等待 3 秒
2023-10-13 07:17:14 GSD getOne 第 8 次 等待 3 秒
2023-10-13 07:19:27 GSD getOne 第 9 次 等待 3 秒
2023-10-13 07:21:40 GSD getOne 第 10 次 等待 3 秒
2023-10-13 07:21:43 查询号码 【1952783】，返回信息 
2023-10-13 07:21:43 查询失败，结束本次操作，期待下次成功~

