2024-05-10 00:22:17 开始第 7945 次操作

2024-05-10 00:22:17 开始操作号码 【1637861】
2024-05-10 00:22:28 GSD getOne 第 1 次 等待 3 秒
2024-05-10 00:22:31 查询号码 【1637861】，返回信息 {"status":"ok","msg":"-","gid":"690487","time_insert":"2023-05-03 08:02"}
2024-05-10 00:22:31 查询号码 【1637861】，GSD为【"-"】
2024-05-10 00:22:31 ok && -
2024-05-10 00:22:34 CHB 1637861?1715271751 第 1 次 等待 3 秒
2024-05-10 00:22:37 CHB 1637861?1715271751 第 1 次 获取到号码【1637861】GSD
2024-05-10 00:22:37 未获取到号码【1637861】GSD，可能号码格式错误
2024-05-10 00:22:37 获取到号码【1637861】的GSD为【-】
2024-05-10 00:22:43 GSD insert 第 1 次 等待 3 秒
2024-05-10 00:22:46 {"status":"bad","gid":"690487","msg":"添加失败！号码【1637861(-|-)】已存在！"}
2024-05-10 00:22:46 随机等待 202 秒，约 3 分钟
2024-05-10 00:22:46 下次操作: 2024-05-10 00:26:08

2024-05-10 00:26:08 开始第 7946 次操作

2024-05-10 00:26:08 开始操作号码 【1637862】
2024-05-10 00:26:13 GSD getOne 第 1 次 等待 3 秒
2024-05-10 00:26:16 查询号码 【1637862】，返回信息 {"status":"ok","msg":"-","gid":"690502","time_insert":"2023-05-03 08:15"}
2024-05-10 00:26:16 查询号码 【1637862】，GSD为【"-"】
2024-05-10 00:26:16 ok && -
2024-05-10 00:26:18 CHB 1637862?1715271976 第 1 次 等待 3 秒
2024-05-10 00:26:21 CHB 1637862?1715271976 第 1 次 获取到号码【1637862】GSD
2024-05-10 00:26:21 未获取到号码【1637862】GSD，可能号码格式错误
2024-05-10 00:26:21 获取到号码【1637862】的GSD为【-】
2024-05-10 00:26:28 GSD insert 第 1 次 等待 3 秒
2024-05-10 00:26:31 {"status":"bad","gid":"690502","msg":"添加失败！号码【1637862(-|-)】已存在！"}
2024-05-10 00:26:31 随机等待 223 秒，约 3 分钟
2024-05-10 00:26:31 下次操作: 2024-05-10 00:30:14

2024-05-10 00:30:14 开始第 7947 次操作

2024-05-10 00:30:14 开始操作号码 【1637863】
2024-05-10 00:30:23 GSD getOne 第 1 次 等待 3 秒
2024-05-10 00:30:26 查询号码 【1637863】，返回信息 {"status":"ok","msg":"-","gid":"690515","time_insert":"2023-05-03 08:28"}
2024-05-10 00:30:26 查询号码 【1637863】，GSD为【"-"】
2024-05-10 00:30:26 ok && -
2024-05-10 00:30:28 CHB 1637863?1715272226 第 1 次 等待 3 秒
2024-05-10 00:30:31 CHB 1637863?1715272226 第 1 次 获取到号码【1637863】GSD
2024-05-10 00:30:31 未获取到号码【1637863】GSD，可能号码格式错误
2024-05-10 00:30:31 获取到号码【1637863】的GSD为【-】
2024-05-10 00:30:40 GSD insert 第 1 次 等待 3 秒
2024-05-10 00:30:43 {"status":"bad","gid":"690515","msg":"添加失败！号码【1637863(-|-)】已存在！"}
2024-05-10 00:30:43 随机等待 210 秒，约 3 分钟
2024-05-10 00:30:43 下次操作: 2024-05-10 00:34:13

2024-05-10 00:34:13 开始第 7948 次操作

2024-05-10 00:34:14 开始操作号码 【1637864】
2024-05-10 00:34:19 GSD getOne 第 1 次 等待 3 秒
2024-05-10 00:34:22 查询号码 【1637864】，返回信息 {"status":"ok","msg":"-","gid":"690533","time_insert":"2023-05-03 08:49"}
2024-05-10 00:34:22 查询号码 【1637864】，GSD为【"-"】
2024-05-10 00:34:22 ok && -
2024-05-10 00:34:25 CHB 1637864?1715272462 第 1 次 等待 3 秒
2024-05-10 00:34:28 CHB 1637864?1715272462 第 1 次 获取到号码【1637864】GSD
2024-05-10 00:34:28 未获取到号码【1637864】GSD，可能号码格式错误
2024-05-10 00:34:28 获取到号码【1637864】的GSD为【-】
2024-05-10 00:34:35 GSD insert 第 1 次 等待 3 秒
2024-05-10 00:34:39 {"status":"bad","gid":"690533","msg":"添加失败！号码【1637864(-|-)】已存在！"}

2024-05-10 00:43:05 开始第 7949 次操作

2024-05-10 00:43:05 开始操作号码 【1637865】
2024-05-10 00:43:14 GSD getOne 第 1 次 等待 3 秒
2024-05-10 00:43:17 查询号码 【1637865】，返回信息 {"status":"ok","msg":"-","gid":"690553","time_insert":"2023-05-03 09:13"}
2024-05-10 00:43:17 查询号码 【1637865】，GSD为【"-"】
2024-05-10 00:43:18 ok && -
2024-05-10 00:43:20 CHB 1637865?1715272998 第 1 次 等待 3 秒
2024-05-10 00:43:23 CHB 1637865?1715272998 第 1 次 获取到号码【1637865】GSD
2024-05-10 00:43:24 未获取到号码【1637865】GSD，可能号码格式错误
2024-05-10 00:43:24 获取到号码【1637865】的GSD为【-】
2024-05-10 00:43:32 GSD insert 第 1 次 等待 3 秒
2024-05-10 00:43:35 {"status":"bad","gid":"690553","msg":"添加失败！号码【1637865(-|-)】已存在！"}
2024-05-10 00:43:35 随机等待 168 秒，约 2 分钟
2024-05-10 00:43:35 下次操作: 2024-05-10 00:46:23

2024-05-10 00:46:23 开始第 7950 次操作

2024-05-10 00:46:23 开始操作号码 【1637866】
2024-05-10 00:46:29 GSD getOne 第 1 次 等待 3 秒
2024-05-10 00:46:32 查询号码 【1637866】，返回信息 {"status":"ok","msg":"-","gid":"690566","time_insert":"2023-05-03 09:25"}
2024-05-10 00:46:32 查询号码 【1637866】，GSD为【"-"】
2024-05-10 00:46:32 ok && -
2024-05-10 00:46:34 CHB 1637866?1715273192 第 1 次 等待 3 秒
2024-05-10 00:46:37 CHB 1637866?1715273192 第 1 次 获取到号码【1637866】GSD
2024-05-10 00:46:37 未获取到号码【1637866】GSD，可能号码格式错误
2024-05-10 00:46:37 获取到号码【1637866】的GSD为【-】
2024-05-10 00:46:42 GSD insert 第 1 次 等待 3 秒
2024-05-10 00:46:45 {"status":"bad","gid":"690566","msg":"添加失败！号码【1637866(-|-)】已存在！"}
2024-05-10 00:46:45 随机等待 217 秒，约 3 分钟
2024-05-10 00:46:45 下次操作: 2024-05-10 00:50:22

2024-05-10 00:50:22 开始第 7951 次操作

2024-05-10 00:50:22 开始操作号码 【1637867】
2024-05-10 00:50:34 GSD getOne 第 1 次 等待 3 秒
2024-05-10 00:50:37 查询号码 【1637867】，返回信息 {"status":"ok","msg":"-","gid":"690573","time_insert":"2023-05-03 09:34"}
2024-05-10 00:50:37 查询号码 【1637867】，GSD为【"-"】
2024-05-10 00:50:37 ok && -
2024-05-10 00:50:40 CHB 1637867?1715273437 第 1 次 等待 3 秒
2024-05-10 00:50:43 CHB 1637867?1715273437 第 1 次 获取到号码【1637867】GSD
2024-05-10 00:50:43 未获取到号码【1637867】GSD，可能号码格式错误
2024-05-10 00:50:43 获取到号码【1637867】的GSD为【-】
2024-05-10 00:50:51 GSD insert 第 1 次 等待 3 秒
2024-05-10 00:50:54 {"status":"bad","gid":"690573","msg":"添加失败！号码【1637867(-|-)】已存在！"}
2024-05-10 00:50:54 随机等待 132 秒，约 2 分钟
2024-05-10 00:50:54 下次操作: 2024-05-10 00:53:06

2024-05-10 00:53:06 开始第 7952 次操作

2024-05-10 00:53:06 开始操作号码 【1637868】
2024-05-10 00:53:16 GSD getOne 第 1 次 等待 3 秒
2024-05-10 00:53:19 查询号码 【1637868】，返回信息 {"status":"ok","msg":"-","gid":"690582","time_insert":"2023-05-03 09:45"}
2024-05-10 00:53:19 查询号码 【1637868】，GSD为【"-"】
2024-05-10 00:53:19 ok && -
2024-05-10 00:53:21 CHB 1637868?1715273599 第 1 次 等待 3 秒
2024-05-10 00:53:24 CHB 1637868?1715273599 第 1 次 获取到号码【1637868】GSD
2024-05-10 00:53:24 未获取到号码【1637868】GSD，可能号码格式错误
2024-05-10 00:53:24 获取到号码【1637868】的GSD为【-】
2024-05-10 00:53:29 GSD insert 第 1 次 等待 3 秒
2024-05-10 00:53:32 {"status":"bad","gid":"690582","msg":"添加失败！号码【1637868(-|-)】已存在！"}

