2024-03-20 00:21:07 开始第 9737 次操作

2024-03-20 00:21:07 开始操作号码 【1749655】
2024-03-20 00:21:14 GSD getOne 第 1 次 等待 3 秒
2024-03-20 00:21:17 查询号码 【1749655】，返回信息 {"status":"ok","msg":"-","gid":"269377","time_insert":"2021-07-13 23:48"}
2024-03-20 00:21:17 查询号码 【1749655】，GSD为【"-"】
2024-03-20 00:21:17 ok && -
2024-03-20 00:21:20 CHB 1749655?1710865277 第 1 次 等待 3 秒
2024-03-20 00:21:23 CHB 1749655?1710865277 第 1 次 获取到号码【1749655】GSD
2024-03-20 00:21:23 未获取到号码【1749655】GSD，可能号码格式错误
2024-03-20 00:21:23 获取到号码【1749655】的GSD为【-】
2024-03-20 00:21:28 GSD insert 第 1 次 等待 3 秒
2024-03-20 00:21:31 {"status":"bad","gid":"269377","msg":"添加失败！号码【1749655(-|-)】已存在！"}
2024-03-20 00:21:31 随机等待 129 秒，约 2 分钟
2024-03-20 00:21:31 下次操作: 2024-03-20 00:23:40

2024-03-20 00:23:40 开始第 9738 次操作

2024-03-20 00:23:40 开始操作号码 【1749656】
2024-03-20 00:23:45 GSD getOne 第 1 次 等待 3 秒
2024-03-20 00:23:48 查询号码 【1749656】，返回信息 {"status":"ok","msg":"-","gid":"269384","time_insert":"2021-07-13 23:48"}
2024-03-20 00:23:48 查询号码 【1749656】，GSD为【"-"】
2024-03-20 00:23:48 ok && -
2024-03-20 00:23:50 CHB 1749656?1710865428 第 1 次 等待 3 秒
2024-03-20 00:23:53 CHB 1749656?1710865428 第 1 次 获取到号码【1749656】GSD
2024-03-20 00:23:53 未获取到号码【1749656】GSD，可能号码格式错误
2024-03-20 00:23:53 获取到号码【1749656】的GSD为【-】
2024-03-20 00:23:58 GSD insert 第 1 次 等待 3 秒
2024-03-20 00:24:01 {"status":"bad","gid":"269384","msg":"添加失败！号码【1749656(-|-)】已存在！"}
2024-03-20 00:24:01 随机等待 106 秒，约 1 分钟
2024-03-20 00:24:01 下次操作: 2024-03-20 00:25:47

2024-03-20 00:25:47 开始第 9739 次操作

2024-03-20 00:25:47 开始操作号码 【1749657】
2024-03-20 00:25:54 GSD getOne 第 1 次 等待 3 秒
2024-03-20 00:25:57 查询号码 【1749657】，返回信息 {"status":"ok","msg":"-","gid":"269391","time_insert":"2021-07-13 23:48"}
2024-03-20 00:25:57 查询号码 【1749657】，GSD为【"-"】
2024-03-20 00:25:57 ok && -
2024-03-20 00:26:00 CHB 1749657?1710865557 第 1 次 等待 3 秒
2024-03-20 00:26:03 CHB 1749657?1710865557 第 1 次 获取到号码【1749657】GSD
2024-03-20 00:26:03 未获取到号码【1749657】GSD，可能号码格式错误
2024-03-20 00:26:03 获取到号码【1749657】的GSD为【-】
2024-03-20 00:26:08 GSD insert 第 1 次 等待 3 秒
2024-03-20 00:26:11 {"status":"bad","gid":"269391","msg":"添加失败！号码【1749657(-|-)】已存在！"}
2024-03-20 00:26:11 随机等待 71 秒，约 1 分钟
2024-03-20 00:26:11 下次操作: 2024-03-20 00:27:22

2024-03-20 00:27:22 开始第 9740 次操作

2024-03-20 00:27:22 开始操作号码 【1749658】
2024-03-20 00:27:27 GSD getOne 第 1 次 等待 3 秒
2024-03-20 00:27:30 查询号码 【1749658】，返回信息 {"status":"ok","msg":"-","gid":"269401","time_insert":"2021-07-13 23:49"}
2024-03-20 00:27:30 查询号码 【1749658】，GSD为【"-"】
2024-03-20 00:27:30 ok && -
2024-03-20 00:27:34 CHB 1749658?1710865650 第 1 次 等待 3 秒
2024-03-20 00:27:37 CHB 1749658?1710865650 第 1 次 获取到号码【1749658】GSD
2024-03-20 00:27:37 未获取到号码【1749658】GSD，可能号码格式错误
2024-03-20 00:27:37 获取到号码【1749658】的GSD为【-】
2024-03-20 00:27:41 GSD insert 第 1 次 等待 3 秒
2024-03-20 00:27:44 {"status":"bad","gid":"269401","msg":"添加失败！号码【1749658(-|-)】已存在！"}

