2021-07-07 00:00:36 开始第 19 次操作

2021-07-07 00:00:36 开始操作号码 【1779490】
2021-07-07 00:00:56 GSD getOne 第 1 次 等待 1 秒
2021-07-07 00:00:57 查询号码 【1779490】，返回信息 {"status":"bad","msg":""}
2021-07-07 00:00:57 查询号码 【1779490】，GSD为【""】
2021-07-07 00:00:57 bad
2021-07-07 00:00:59 CHB 1779490?1625587257 第 1 次 等待 1 秒
2021-07-07 00:01:00 CHB 1779490?1625587257 第 1 次 获取到号码【1779490】GSD
2021-07-07 00:01:00 获取到号码【1779490】的GSD为【新疆-阿克苏】
2021-07-07 00:01:19 GSD insert 第 1 次 等待 1 秒
2021-07-07 00:01:20 {"status":"ok","msg":"添加成功！210006"}
2021-07-07 00:01:20 下次操作: 2021-07-07 00:01:29

2021-07-07 00:01:29 开始第 20 次操作

2021-07-07 00:01:29 开始操作号码 【1779489】
2021-07-07 00:01:40 GSD getOne 第 1 次 等待 1 秒
2021-07-07 00:01:41 查询号码 【1779489】，返回信息 {"status":"bad","msg":""}
2021-07-07 00:01:41 查询号码 【1779489】，GSD为【""】
2021-07-07 00:01:41 bad
2021-07-07 00:01:43 CHB 1779489?1625587301 第 1 次 等待 1 秒
2021-07-07 00:01:44 CHB 1779489?1625587301 第 1 次 获取到号码【1779489】GSD
2021-07-07 00:01:44 获取到号码【1779489】的GSD为【新疆-库尔勒】
2021-07-07 00:02:04 GSD insert 第 1 次 等待 1 秒
2021-07-07 00:02:05 {"status":"ok","msg":"添加成功！210012"}
2021-07-07 00:02:05 下次操作: 2021-07-07 00:02:15

2021-07-07 00:02:15 开始第 21 次操作

2021-07-07 00:02:15 开始操作号码 【1779488】
2021-07-07 00:02:26 GSD getOne 第 1 次 等待 1 秒
2021-07-07 00:02:27 查询号码 【1779488】，返回信息 {"status":"ok","msg":"新疆-吐鲁番","time_insert":"2021-04-21 16:35"}
2021-07-07 00:02:27 查询号码 【1779488】，GSD为【"新疆-吐鲁番"】

2021-07-07 00:02:27 开始第 21 次操作

2021-07-07 00:02:27 开始操作号码 【1779487】
2021-07-07 00:02:47 GSD getOne 第 1 次 等待 1 秒
2021-07-07 00:02:48 查询号码 【1779487】，返回信息 {"status":"bad","msg":""}
2021-07-07 00:02:48 查询号码 【1779487】，GSD为【""】
2021-07-07 00:02:48 bad
2021-07-07 00:02:49 CHB 1779487?1625587368 第 1 次 等待 1 秒
2021-07-07 00:02:51 CHB 1779487?1625587368 第 1 次 获取到号码【1779487】GSD
2021-07-07 00:02:51 获取到号码【1779487】的GSD为【新疆-昌吉】
2021-07-07 00:03:10 GSD insert 第 1 次 等待 1 秒
2021-07-07 00:03:11 {"status":"ok","msg":"添加成功！210021"}
2021-07-07 00:03:11 下次操作: 2021-07-07 00:03:29

2021-07-07 00:03:29 开始第 22 次操作

2021-07-07 00:03:29 开始操作号码 【1779486】
2021-07-07 00:03:33 GSD getOne 第 1 次 等待 1 秒
2021-07-07 00:03:34 查询号码 【1779486】，返回信息 {"status":"bad","msg":""}
2021-07-07 00:03:34 查询号码 【1779486】，GSD为【""】
2021-07-07 00:03:34 bad
2021-07-07 00:03:35 CHB 1779486?1625587414 第 1 次 等待 1 秒
2021-07-07 00:03:36 CHB 1779486?1625587414 第 1 次 获取到号码【1779486】GSD
2021-07-07 00:03:36 获取到号码【1779486】的GSD为【新疆-石河子】
2021-07-07 00:03:56 GSD insert 第 1 次 等待 1 秒
2021-07-07 00:03:57 {"status":"ok","msg":"添加成功！210027"}
2021-07-07 00:03:57 下次操作: 2021-07-07 00:04:10

2021-07-07 00:04:10 开始第 23 次操作

2021-07-07 00:04:10 开始操作号码 【1779485】
2021-07-07 00:04:22 GSD getOne 第 1 次 等待 1 秒
2021-07-07 00:04:23 查询号码 【1779485】，返回信息 {"status":"bad","msg":""}
2021-07-07 00:04:23 查询号码 【1779485】，GSD为【""】
2021-07-07 00:04:23 bad
2021-07-07 00:04:24 CHB 1779485?1625587463 第 1 次 等待 1 秒
2021-07-07 00:04:25 CHB 1779485?1625587463 第 1 次 获取到号码【1779485】GSD
2021-07-07 00:04:25 获取到号码【1779485】的GSD为【新疆-和田】
2021-07-07 00:04:48 GSD insert 第 1 次 等待 1 秒
2021-07-07 00:04:49 {"status":"ok","msg":"添加成功！210036"}
2021-07-07 00:04:49 下次操作: 2021-07-07 00:05:02

2021-07-07 00:05:02 开始第 24 次操作

2021-07-07 00:05:02 开始操作号码 【1779484】
2021-07-07 00:05:09 GSD getOne 第 1 次 等待 1 秒
2021-07-07 00:05:10 查询号码 【1779484】，返回信息 {"status":"bad","msg":""}
2021-07-07 00:05:11 查询号码 【1779484】，GSD为【""】
2021-07-07 00:05:11 bad
2021-07-07 00:05:12 CHB 1779484?1625587511 第 1 次 等待 1 秒
2021-07-07 00:05:13 CHB 1779484?1625587511 第 1 次 获取到号码【1779484】GSD
2021-07-07 00:05:13 获取到号码【1779484】的GSD为【新疆-塔城】
2021-07-07 00:05:34 GSD insert 第 1 次 等待 1 秒
2021-07-07 00:05:35 {"status":"ok","msg":"添加成功！210044"}
2021-07-07 00:05:35 下次操作: 2021-07-07 00:05:52

2021-07-07 00:05:52 开始第 25 次操作

2021-07-07 00:05:52 开始操作号码 【1779483】
2021-07-07 00:06:03 GSD getOne 第 1 次 等待 1 秒
2021-07-07 00:06:04 查询号码 【1779483】，返回信息 {"status":"bad","msg":""}
2021-07-07 00:06:04 查询号码 【1779483】，GSD为【""】
2021-07-07 00:06:04 bad
2021-07-07 00:06:06 CHB 1779483?1625587564 第 1 次 等待 1 秒
2021-07-07 00:06:07 CHB 1779483?1625587564 第 1 次 获取到号码【1779483】GSD
2021-07-07 00:06:07 获取到号码【1779483】的GSD为【新疆-阿勒泰】
2021-07-07 00:06:27 GSD insert 第 1 次 等待 1 秒
2021-07-07 00:06:28 {"status":"ok","msg":"添加成功！210056"}
2021-07-07 00:06:28 下次操作: 2021-07-07 00:06:46

2021-07-07 00:06:46 开始第 26 次操作

2021-07-07 00:06:46 开始操作号码 【1779482】
2021-07-07 00:06:50 GSD getOne 第 1 次 等待 1 秒
2021-07-07 00:06:51 查询号码 【1779482】，返回信息 {"status":"bad","msg":""}
2021-07-07 00:06:51 查询号码 【1779482】，GSD为【""】
2021-07-07 00:06:51 bad
2021-07-07 00:06:53 CHB 1779482?1625587611 第 1 次 等待 1 秒
2021-07-07 00:06:54 CHB 1779482?1625587611 第 1 次 获取到号码【1779482】GSD
2021-07-07 00:06:54 获取到号码【1779482】的GSD为【新疆-巴音郭楞】
2021-07-07 00:07:13 GSD insert 第 1 次 等待 1 秒
2021-07-07 00:07:14 {"status":"ok","msg":"添加成功！210063"}
2021-07-07 00:07:14 下次操作: 2021-07-07 00:07:20

2021-07-07 00:07:20 开始第 27 次操作

2021-07-07 00:07:20 开始操作号码 【1779481】
2021-07-07 00:07:40 GSD getOne 第 1 次 等待 1 秒
2021-07-07 00:07:41 查询号码 【1779481】，返回信息 {"status":"bad","msg":""}
2021-07-07 00:07:41 查询号码 【1779481】，GSD为【""】
2021-07-07 00:07:41 bad
2021-07-07 00:07:42 CHB 1779481?1625587661 第 1 次 等待 1 秒
2021-07-07 00:07:43 CHB 1779481?1625587661 第 1 次 获取到号码【1779481】GSD
2021-07-07 00:07:43 获取到号码【1779481】的GSD为【新疆-喀什】
2021-07-07 00:08:05 GSD insert 第 1 次 等待 1 秒
2021-07-07 00:08:06 {"status":"ok","msg":"添加成功！210069"}
2021-07-07 00:08:06 下次操作: 2021-07-07 00:08:15

2021-07-07 00:08:15 开始第 28 次操作

2021-07-07 00:08:15 开始操作号码 【1779480】
2021-07-07 00:08:29 GSD getOne 第 1 次 等待 1 秒
2021-07-07 00:08:30 查询号码 【1779480】，返回信息 {"status":"bad","msg":""}
2021-07-07 00:08:30 查询号码 【1779480】，GSD为【""】
2021-07-07 00:08:30 bad
2021-07-07 00:08:32 CHB 1779480?1625587710 第 1 次 等待 1 秒
2021-07-07 00:08:33 CHB 1779480?1625587710 第 1 次 获取到号码【1779480】GSD
2021-07-07 00:08:33 获取到号码【1779480】的GSD为【新疆-和田】
2021-07-07 00:08:53 GSD insert 第 1 次 等待 1 秒
2021-07-07 00:08:54 {"status":"ok","msg":"添加成功！210079"}
2021-07-07 00:08:54 下次操作: 2021-07-07 00:09:04

2021-07-07 00:09:04 开始第 29 次操作

2021-07-07 00:09:04 开始操作号码 【1779479】
2021-07-07 00:09:15 GSD getOne 第 1 次 等待 1 秒
2021-07-07 00:09:16 查询号码 【1779479】，返回信息 {"status":"bad","msg":""}
2021-07-07 00:09:16 查询号码 【1779479】，GSD为【""】
2021-07-07 00:09:16 bad
2021-07-07 00:09:18 CHB 1779479?1625587756 第 1 次 等待 1 秒
2021-07-07 00:09:19 CHB 1779479?1625587756 第 1 次 获取到号码【1779479】GSD
2021-07-07 00:09:19 获取到号码【1779479】的GSD为【青海-格尔木】
2021-07-07 00:09:48 GSD insert 第 1 次 等待 1 秒
2021-07-07 00:09:49 {"status":"ok","msg":"添加成功！210090"}
2021-07-07 00:09:49 下次操作: 2021-07-07 00:10:01

2021-07-07 00:10:01 开始第 30 次操作

2021-07-07 00:10:01 开始操作号码 【1779478】
2021-07-07 00:10:08 GSD getOne 第 1 次 等待 1 秒
2021-07-07 00:10:09 查询号码 【1779478】，返回信息 {"status":"bad","msg":""}
2021-07-07 00:10:09 查询号码 【1779478】，GSD为【""】
2021-07-07 00:10:09 bad
2021-07-07 00:10:11 CHB 1779478?1625587809 第 1 次 等待 1 秒
2021-07-07 00:10:12 CHB 1779478?1625587809 第 1 次 获取到号码【1779478】GSD
2021-07-07 00:10:12 获取到号码【1779478】的GSD为【青海-玉树】
2021-07-07 00:10:38 GSD insert 第 1 次 等待 1 秒
2021-07-07 00:10:39 {"status":"ok","msg":"添加成功！210099"}

2021-07-07 01:01:20 开始第 1 次操作

2021-07-07 01:01:20 开始操作号码 【1779477】
2021-07-07 01:01:30 GSD getOne 第 1 次 等待 1 秒
2021-07-07 01:01:31 查询号码 【1779477】，返回信息 {"status":"bad","msg":""}
2021-07-07 01:01:31 查询号码 【1779477】，GSD为【""】
2021-07-07 01:01:31 bad
2021-07-07 01:01:33 CHB 1779477?1625590891 第 1 次 等待 1 秒
2021-07-07 01:01:34 CHB 1779477?1625590891 第 1 次 获取到号码【1779477】GSD
2021-07-07 01:01:34 获取到号码【1779477】的GSD为【青海-果洛】
2021-07-07 01:01:53 GSD insert 第 1 次 等待 1 秒
2021-07-07 01:01:54 {"status":"ok","msg":"添加成功！210255"}
2021-07-07 01:01:54 下次操作: 2021-07-07 01:02:07

2021-07-07 01:02:07 开始第 2 次操作

2021-07-07 01:02:07 开始操作号码 【1779476】
2021-07-07 01:02:34 GSD getOne 第 1 次 等待 1 秒
2021-07-07 01:02:35 查询号码 【1779476】，返回信息 {"status":"bad","msg":""}
2021-07-07 01:02:35 查询号码 【1779476】，GSD为【""】
2021-07-07 01:02:35 bad
2021-07-07 01:02:40 CHB 1779476?1625590955 第 1 次 等待 1 秒
2021-07-07 01:02:41 CHB 1779476?1625590955 第 1 次 获取到号码【1779476】GSD
2021-07-07 01:02:41 获取到号码【1779476】的GSD为【青海-海北】
2021-07-07 01:03:00 GSD insert 第 1 次 等待 1 秒
2021-07-07 01:03:01 {"status":"ok","msg":"添加成功！210264"}
2021-07-07 01:03:01 下次操作: 2021-07-07 01:03:13

2021-07-07 01:03:13 开始第 3 次操作

2021-07-07 01:03:13 开始操作号码 【1779475】
2021-07-07 01:03:20 GSD getOne 第 1 次 等待 1 秒
2021-07-07 01:03:21 查询号码 【1779475】，返回信息 {"status":"bad","msg":""}
2021-07-07 01:03:21 查询号码 【1779475】，GSD为【""】
2021-07-07 01:03:21 bad
2021-07-07 01:03:22 CHB 1779475?1625591001 第 1 次 等待 1 秒
2021-07-07 01:03:23 CHB 1779475?1625591001 第 1 次 获取到号码【1779475】GSD
2021-07-07 01:03:24 获取到号码【1779475】的GSD为【青海-海南】
2021-07-07 01:03:42 GSD insert 第 1 次 等待 1 秒
2021-07-07 01:03:43 {"status":"ok","msg":"添加成功！210271"}
2021-07-07 01:03:43 下次操作: 2021-07-07 01:03:52

2021-07-07 01:03:52 开始第 4 次操作

2021-07-07 01:03:52 开始操作号码 【1779474】
2021-07-07 01:04:03 GSD getOne 第 1 次 等待 1 秒
2021-07-07 01:04:04 查询号码 【1779474】，返回信息 {"status":"bad","msg":""}
2021-07-07 01:04:04 查询号码 【1779474】，GSD为【""】
2021-07-07 01:04:04 bad
2021-07-07 01:04:06 CHB 1779474?1625591044 第 1 次 等待 1 秒
2021-07-07 01:04:07 CHB 1779474?1625591044 第 1 次 获取到号码【1779474】GSD
2021-07-07 01:04:07 获取到号码【1779474】的GSD为【青海-西宁】
2021-07-07 01:04:26 GSD insert 第 1 次 等待 1 秒
2021-07-07 01:04:27 {"status":"ok","msg":"添加成功！210276"}
2021-07-07 01:04:27 下次操作: 2021-07-07 01:04:38

2021-07-07 01:04:38 开始第 5 次操作

2021-07-07 01:04:38 开始操作号码 【1779473】
2021-07-07 01:04:49 GSD getOne 第 1 次 等待 1 秒
2021-07-07 01:04:50 查询号码 【1779473】，返回信息 {"status":"bad","msg":""}
2021-07-07 01:04:50 查询号码 【1779473】，GSD为【""】
2021-07-07 01:04:50 bad
2021-07-07 01:04:52 CHB 1779473?1625591090 第 1 次 等待 1 秒
2021-07-07 01:04:53 CHB 1779473?1625591090 第 1 次 获取到号码【1779473】GSD
2021-07-07 01:04:53 获取到号码【1779473】的GSD为【青海-西宁】
2021-07-07 01:05:13 GSD insert 第 1 次 等待 1 秒
2021-07-07 01:05:14 {"status":"ok","msg":"添加成功！210282"}
2021-07-07 01:05:14 下次操作: 2021-07-07 01:05:28

2021-07-07 01:05:28 开始第 6 次操作

2021-07-07 01:05:28 开始操作号码 【1779472】
2021-07-07 01:05:33 GSD getOne 第 1 次 等待 1 秒
2021-07-07 01:05:34 查询号码 【1779472】，返回信息 {"status":"bad","msg":""}
2021-07-07 01:05:34 查询号码 【1779472】，GSD为【""】
2021-07-07 01:05:34 bad
2021-07-07 01:05:35 CHB 1779472?1625591134 第 1 次 等待 1 秒
2021-07-07 01:05:36 CHB 1779472?1625591134 第 1 次 获取到号码【1779472】GSD
2021-07-07 01:05:36 获取到号码【1779472】的GSD为【青海-黄南】
2021-07-07 01:05:55 GSD insert 第 1 次 等待 1 秒
2021-07-07 01:05:56 {"status":"ok","msg":"添加成功！210287"}
2021-07-07 01:05:56 下次操作: 2021-07-07 01:06:03

2021-07-07 01:06:03 开始第 7 次操作

2021-07-07 01:06:03 开始操作号码 【1779471】
2021-07-07 01:06:20 GSD getOne 第 1 次 等待 1 秒
2021-07-07 01:06:21 查询号码 【1779471】，返回信息 {"status":"bad","msg":""}
2021-07-07 01:06:21 查询号码 【1779471】，GSD为【""】
2021-07-07 01:06:21 bad
2021-07-07 01:06:23 CHB 1779471?1625591181 第 1 次 等待 1 秒
2021-07-07 01:06:24 CHB 1779471?1625591181 第 1 次 获取到号码【1779471】GSD
2021-07-07 01:06:24 获取到号码【1779471】的GSD为【青海-海北】
2021-07-07 01:06:44 GSD insert 第 1 次 等待 1 秒
2021-07-07 01:06:45 {"status":"ok","msg":"添加成功！210293"}
2021-07-07 01:06:45 下次操作: 2021-07-07 01:07:00

2021-07-07 01:07:00 开始第 8 次操作

2021-07-07 01:07:00 开始操作号码 【1779470】
2021-07-07 01:07:04 GSD getOne 第 1 次 等待 1 秒
2021-07-07 01:07:05 查询号码 【1779470】，返回信息 {"status":"bad","msg":""}
2021-07-07 01:07:05 查询号码 【1779470】，GSD为【""】
2021-07-07 01:07:05 bad
2021-07-07 01:07:07 CHB 1779470?1625591225 第 1 次 等待 1 秒
2021-07-07 01:07:08 CHB 1779470?1625591225 第 1 次 获取到号码【1779470】GSD
2021-07-07 01:07:08 获取到号码【1779470】的GSD为【青海-西宁】
2021-07-07 01:07:27 GSD insert 第 1 次 等待 1 秒
2021-07-07 01:07:28 {"status":"ok","msg":"添加成功！210298"}
2021-07-07 01:07:28 下次操作: 2021-07-07 01:07:43

2021-07-07 01:07:43 开始第 9 次操作

2021-07-07 01:07:43 开始操作号码 【1779469】
2021-07-07 01:07:47 GSD getOne 第 1 次 等待 1 秒
2021-07-07 01:07:48 查询号码 【1779469】，返回信息 {"status":"bad","msg":""}
2021-07-07 01:07:48 查询号码 【1779469】，GSD为【""】
2021-07-07 01:07:48 bad
2021-07-07 01:07:53 CHB 1779469?1625591268 第 1 次 等待 1 秒
2021-07-07 01:07:54 CHB 1779469?1625591268 第 1 次 获取到号码【1779469】GSD
2021-07-07 01:07:54 获取到号码【1779469】的GSD为【浙江-舟山】
2021-07-07 01:08:13 GSD insert 第 1 次 等待 1 秒
2021-07-07 01:08:14 {"status":"ok","msg":"添加成功！210305"}
2021-07-07 01:08:14 下次操作: 2021-07-07 01:08:25

2021-07-07 01:08:26 开始第 10 次操作

2021-07-07 01:08:26 开始操作号码 【1779468】
2021-07-07 01:08:36 GSD getOne 第 1 次 等待 1 秒
2021-07-07 01:08:37 查询号码 【1779468】，返回信息 {"status":"bad","msg":""}
2021-07-07 01:08:38 查询号码 【1779468】，GSD为【""】
2021-07-07 01:08:38 bad
2021-07-07 01:08:39 CHB 1779468?1625591318 第 1 次 等待 1 秒
2021-07-07 01:08:40 CHB 1779468?1625591318 第 1 次 获取到号码【1779468】GSD
2021-07-07 01:08:40 获取到号码【1779468】的GSD为【浙江-舟山】
2021-07-07 01:08:59 GSD insert 第 1 次 等待 1 秒
2021-07-07 01:09:00 {"status":"ok","msg":"添加成功！210317"}
2021-07-07 01:09:00 下次操作: 2021-07-07 01:09:06

2021-07-07 01:09:06 开始第 11 次操作

2021-07-07 01:09:06 开始操作号码 【1779467】
2021-07-07 01:09:27 GSD getOne 第 1 次 等待 1 秒
2021-07-07 01:09:28 查询号码 【1779467】，返回信息 {"status":"bad","msg":""}
2021-07-07 01:09:28 查询号码 【1779467】，GSD为【""】
2021-07-07 01:09:28 bad
2021-07-07 01:09:29 CHB 1779467?1625591368 第 1 次 等待 1 秒
2021-07-07 01:09:30 CHB 1779467?1625591368 第 1 次 获取到号码【1779467】GSD
2021-07-07 01:09:30 获取到号码【1779467】的GSD为【浙江-舟山】
2021-07-07 01:09:49 GSD insert 第 1 次 等待 1 秒
2021-07-07 01:09:50 {"status":"ok","msg":"添加成功！210327"}
2021-07-07 01:09:50 下次操作: 2021-07-07 01:10:08

2021-07-07 01:10:08 开始第 12 次操作

2021-07-07 01:10:08 开始操作号码 【1779466】
2021-07-07 01:10:12 GSD getOne 第 1 次 等待 1 秒
2021-07-07 01:10:13 查询号码 【1779466】，返回信息 {"status":"bad","msg":""}
2021-07-07 01:10:13 查询号码 【1779466】，GSD为【""】
2021-07-07 01:10:13 bad
2021-07-07 01:10:14 CHB 1779466?1625591413 第 1 次 等待 1 秒
2021-07-07 01:10:15 CHB 1779466?1625591413 第 1 次 获取到号码【1779466】GSD
2021-07-07 01:10:16 获取到号码【1779466】的GSD为【浙江-舟山】
2021-07-07 01:10:35 GSD insert 第 1 次 等待 1 秒
2021-07-07 01:10:36 {"status":"ok","msg":"添加成功！210333"}
2021-07-07 01:10:36 下次操作: 2021-07-07 01:10:51

2021-07-07 01:10:51 开始第 13 次操作

2021-07-07 01:10:51 开始操作号码 【1779465】
2021-07-07 01:10:54 GSD getOne 第 1 次 等待 1 秒
2021-07-07 01:10:55 查询号码 【1779465】，返回信息 {"status":"bad","msg":""}
2021-07-07 01:10:55 查询号码 【1779465】，GSD为【""】
2021-07-07 01:10:55 bad
2021-07-07 01:10:57 CHB 1779465?1625591455 第 1 次 等待 1 秒
2021-07-07 01:10:58 CHB 1779465?1625591455 第 1 次 获取到号码【1779465】GSD
2021-07-07 01:10:58 获取到号码【1779465】的GSD为【浙江-舟山】
2021-07-07 01:11:17 GSD insert 第 1 次 等待 1 秒
2021-07-07 01:11:18 {"status":"ok","msg":"添加成功！210340"}
2021-07-07 01:11:18 下次操作: 2021-07-07 01:11:35

2021-07-07 01:11:35 开始第 14 次操作

2021-07-07 01:11:35 开始操作号码 【1779464】
2021-07-07 01:11:39 GSD getOne 第 1 次 等待 1 秒
2021-07-07 01:11:40 查询号码 【1779464】，返回信息 {"status":"bad","msg":""}
2021-07-07 01:11:40 查询号码 【1779464】，GSD为【""】
2021-07-07 01:11:40 bad
2021-07-07 01:11:46 CHB 1779464?1625591500 第 1 次 等待 1 秒
2021-07-07 01:11:47 CHB 1779464?1625591500 第 1 次 获取到号码【1779464】GSD
2021-07-07 01:11:47 获取到号码【1779464】的GSD为【浙江-温州】
2021-07-07 01:12:06 GSD insert 第 1 次 等待 1 秒
2021-07-07 01:12:07 {"status":"ok","msg":"添加成功！210347"}
2021-07-07 01:12:07 下次操作: 2021-07-07 01:12:22

2021-07-07 01:12:22 开始第 15 次操作

2021-07-07 01:12:22 开始操作号码 【1779463】
2021-07-07 01:12:26 GSD getOne 第 1 次 等待 1 秒
2021-07-07 01:12:27 查询号码 【1779463】，返回信息 {"status":"bad","msg":""}
2021-07-07 01:12:27 查询号码 【1779463】，GSD为【""】
2021-07-07 01:12:27 bad
2021-07-07 01:12:29 CHB 1779463?1625591547 第 1 次 等待 1 秒
2021-07-07 01:12:30 CHB 1779463?1625591547 第 1 次 获取到号码【1779463】GSD
2021-07-07 01:12:30 获取到号码【1779463】的GSD为【浙江-温州】
2021-07-07 01:12:49 GSD insert 第 1 次 等待 1 秒
2021-07-07 01:12:50 {"status":"ok","msg":"添加成功！210356"}
2021-07-07 01:12:50 下次操作: 2021-07-07 01:13:04

2021-07-07 01:13:04 开始第 16 次操作

2021-07-07 01:13:04 开始操作号码 【1779462】
2021-07-07 01:13:10 GSD getOne 第 1 次 等待 1 秒
2021-07-07 01:13:11 查询号码 【1779462】，返回信息 {"status":"bad","msg":""}
2021-07-07 01:13:11 查询号码 【1779462】，GSD为【""】
2021-07-07 01:13:11 bad
2021-07-07 01:13:12 CHB 1779462?1625591591 第 1 次 等待 1 秒
2021-07-07 01:13:13 CHB 1779462?1625591591 第 1 次 获取到号码【1779462】GSD
2021-07-07 01:13:13 获取到号码【1779462】的GSD为【浙江-温州】
2021-07-07 01:13:33 GSD insert 第 1 次 等待 1 秒
2021-07-07 01:13:34 {"status":"ok","msg":"添加成功！210363"}
2021-07-07 01:13:34 下次操作: 2021-07-07 01:13:51

2021-07-07 01:13:51 开始第 17 次操作

2021-07-07 01:13:51 开始操作号码 【1779461】
2021-07-07 01:13:55 GSD getOne 第 1 次 等待 1 秒
2021-07-07 01:13:56 查询号码 【1779461】，返回信息 {"status":"bad","msg":""}
2021-07-07 01:13:56 查询号码 【1779461】，GSD为【""】
2021-07-07 01:13:56 bad
2021-07-07 01:14:02 CHB 1779461?1625591636 第 1 次 等待 1 秒
2021-07-07 01:14:03 CHB 1779461?1625591636 第 1 次 获取到号码【1779461】GSD
2021-07-07 01:14:03 获取到号码【1779461】的GSD为【浙江-宁波】
2021-07-07 01:14:22 GSD insert 第 1 次 等待 1 秒
2021-07-07 01:14:23 {"status":"ok","msg":"添加成功！210368"}
2021-07-07 01:14:23 下次操作: 2021-07-07 01:14:29

2021-07-07 01:14:29 开始第 18 次操作

2021-07-07 01:14:29 开始操作号码 【1779460】
2021-07-07 01:14:51 GSD getOne 第 1 次 等待 1 秒
2021-07-07 01:14:52 查询号码 【1779460】，返回信息 {"status":"bad","msg":""}
2021-07-07 01:14:53 查询号码 【1779460】，GSD为【""】
2021-07-07 01:14:53 bad
2021-07-07 01:14:54 CHB 1779460?1625591693 第 1 次 等待 1 秒
2021-07-07 01:14:55 CHB 1779460?1625591693 第 1 次 获取到号码【1779460】GSD
2021-07-07 01:14:55 获取到号码【1779460】的GSD为【浙江-宁波】
2021-07-07 01:15:14 GSD insert 第 1 次 等待 1 秒
2021-07-07 01:15:15 {"status":"ok","msg":"添加成功！210374"}
2021-07-07 01:15:15 下次操作: 2021-07-07 01:15:22

2021-07-07 01:15:22 开始第 19 次操作

2021-07-07 01:15:22 开始操作号码 【1779459】
2021-07-07 01:15:37 GSD getOne 第 1 次 等待 1 秒
2021-07-07 01:15:38 查询号码 【1779459】，返回信息 {"status":"bad","msg":""}
2021-07-07 01:15:38 查询号码 【1779459】，GSD为【""】
2021-07-07 01:15:38 bad
2021-07-07 01:15:40 CHB 1779459?1625591738 第 1 次 等待 1 秒
2021-07-07 01:15:41 CHB 1779459?1625591738 第 1 次 获取到号码【1779459】GSD
2021-07-07 01:15:41 获取到号码【1779459】的GSD为【浙江-杭州】
2021-07-07 01:16:03 GSD insert 第 1 次 等待 1 秒
2021-07-07 01:16:04 {"status":"ok","msg":"添加成功！210382"}
2021-07-07 01:16:04 下次操作: 2021-07-07 01:16:16

2021-07-07 01:16:16 开始第 20 次操作

2021-07-07 01:16:16 开始操作号码 【1779458】
2021-07-07 01:16:23 GSD getOne 第 1 次 等待 1 秒
2021-07-07 01:16:24 查询号码 【1779458】，返回信息 {"status":"bad","msg":""}
2021-07-07 01:16:24 查询号码 【1779458】，GSD为【""】
2021-07-07 01:16:24 bad
2021-07-07 01:16:25 CHB 1779458?1625591784 第 1 次 等待 1 秒
2021-07-07 01:16:26 CHB 1779458?1625591784 第 1 次 获取到号码【1779458】GSD
2021-07-07 01:16:26 获取到号码【1779458】的GSD为【浙江-杭州】
2021-07-07 01:16:45 GSD insert 第 1 次 等待 1 秒
2021-07-07 01:16:47 {"status":"ok","msg":"添加成功！210387"}
2021-07-07 01:16:47 下次操作: 2021-07-07 01:17:03

2021-07-07 01:17:03 开始第 21 次操作

2021-07-07 01:17:03 开始操作号码 【1779457】
2021-07-07 01:17:06 GSD getOne 第 1 次 等待 1 秒
2021-07-07 01:17:07 查询号码 【1779457】，返回信息 {"status":"bad","msg":""}
2021-07-07 01:17:07 查询号码 【1779457】，GSD为【""】
2021-07-07 01:17:07 bad
2021-07-07 01:17:13 CHB 1779457?1625591827 第 1 次 等待 1 秒
2021-07-07 01:17:14 CHB 1779457?1625591827 第 1 次 获取到号码【1779457】GSD
2021-07-07 01:17:14 获取到号码【1779457】的GSD为【浙江-杭州】
2021-07-07 01:17:33 GSD insert 第 1 次 等待 1 秒
2021-07-07 01:17:34 {"status":"ok","msg":"添加成功！210394"}
2021-07-07 01:17:34 下次操作: 2021-07-07 01:17:47

2021-07-07 01:17:47 开始第 22 次操作

2021-07-07 01:17:47 开始操作号码 【1779456】
2021-07-07 01:17:57 GSD getOne 第 1 次 等待 1 秒
2021-07-07 01:17:58 查询号码 【1779456】，返回信息 {"status":"bad","msg":""}
2021-07-07 01:17:58 查询号码 【1779456】，GSD为【""】
2021-07-07 01:17:58 bad
2021-07-07 01:18:00 CHB 1779456?1625591878 第 1 次 等待 1 秒
2021-07-07 01:18:01 CHB 1779456?1625591878 第 1 次 获取到号码【1779456】GSD
2021-07-07 01:18:01 获取到号码【1779456】的GSD为【浙江-杭州】
2021-07-07 01:18:20 GSD insert 第 1 次 等待 1 秒
2021-07-07 01:18:21 {"status":"ok","msg":"添加成功！210398"}
2021-07-07 01:18:21 下次操作: 2021-07-07 01:18:31

2021-07-07 01:18:31 开始第 23 次操作

2021-07-07 01:18:31 开始操作号码 【1779455】
2021-07-07 01:18:42 GSD getOne 第 1 次 等待 1 秒
2021-07-07 01:18:43 查询号码 【1779455】，返回信息 {"status":"bad","msg":""}
2021-07-07 01:18:43 查询号码 【1779455】，GSD为【""】
2021-07-07 01:18:43 bad
2021-07-07 01:18:45 CHB 1779455?1625591923 第 1 次 等待 1 秒
2021-07-07 01:18:46 CHB 1779455?1625591923 第 1 次 获取到号码【1779455】GSD
2021-07-07 01:18:46 获取到号码【1779455】的GSD为【浙江-杭州】
2021-07-07 01:19:05 GSD insert 第 1 次 等待 1 秒
2021-07-07 01:19:06 {"status":"ok","msg":"添加成功！210404"}
2021-07-07 01:19:06 下次操作: 2021-07-07 01:19:17

2021-07-07 01:19:17 开始第 24 次操作

2021-07-07 01:19:17 开始操作号码 【1779454】
2021-07-07 01:19:30 GSD getOne 第 1 次 等待 1 秒
2021-07-07 01:19:31 查询号码 【1779454】，返回信息 {"status":"bad","msg":""}
2021-07-07 01:19:31 查询号码 【1779454】，GSD为【""】
2021-07-07 01:19:31 bad
2021-07-07 01:19:32 CHB 1779454?1625591971 第 1 次 等待 1 秒
2021-07-07 01:19:33 CHB 1779454?1625591971 第 1 次 获取到号码【1779454】GSD
2021-07-07 01:19:33 获取到号码【1779454】的GSD为【浙江-杭州】
2021-07-07 01:19:52 GSD insert 第 1 次 等待 1 秒
2021-07-07 01:19:53 {"status":"ok","msg":"添加成功！210410"}
2021-07-07 01:19:53 下次操作: 2021-07-07 01:20:10

2021-07-07 01:20:10 开始第 25 次操作

2021-07-07 01:20:10 开始操作号码 【1779453】
2021-07-07 01:20:14 GSD getOne 第 1 次 等待 1 秒
2021-07-07 01:20:15 查询号码 【1779453】，返回信息 {"status":"bad","msg":""}
2021-07-07 01:20:15 查询号码 【1779453】，GSD为【""】
2021-07-07 01:20:15 bad
2021-07-07 01:20:16 CHB 1779453?1625592015 第 1 次 等待 1 秒
2021-07-07 01:20:17 CHB 1779453?1625592015 第 1 次 获取到号码【1779453】GSD
2021-07-07 01:20:17 获取到号码【1779453】的GSD为【浙江-杭州】
2021-07-07 01:20:36 GSD insert 第 1 次 等待 1 秒
2021-07-07 01:20:37 {"status":"ok","msg":"添加成功！210415"}
2021-07-07 01:20:37 下次操作: 2021-07-07 01:20:54

2021-07-07 01:20:54 开始第 26 次操作

2021-07-07 01:20:54 开始操作号码 【1779452】
2021-07-07 01:20:58 GSD getOne 第 1 次 等待 1 秒
2021-07-07 01:20:59 查询号码 【1779452】，返回信息 {"status":"bad","msg":""}
2021-07-07 01:20:59 查询号码 【1779452】，GSD为【""】
2021-07-07 01:20:59 bad
2021-07-07 01:21:01 CHB 1779452?1625592059 第 1 次 等待 1 秒
2021-07-07 01:21:02 CHB 1779452?1625592059 第 1 次 获取到号码【1779452】GSD
2021-07-07 01:21:02 获取到号码【1779452】的GSD为【浙江-杭州】
2021-07-07 01:21:21 GSD insert 第 1 次 等待 1 秒
2021-07-07 01:21:22 {"status":"ok","msg":"添加成功！210419"}
2021-07-07 01:21:22 下次操作: 2021-07-07 01:21:29

2021-07-07 01:21:29 开始第 27 次操作

2021-07-07 01:21:29 开始操作号码 【1779451】
2021-07-07 01:21:48 GSD getOne 第 1 次 等待 1 秒
2021-07-07 01:21:49 查询号码 【1779451】，返回信息 {"status":"bad","msg":""}
2021-07-07 01:21:49 查询号码 【1779451】，GSD为【""】
2021-07-07 01:21:49 bad
2021-07-07 01:21:53 CHB 1779451?1625592109 第 1 次 等待 1 秒
2021-07-07 01:21:54 CHB 1779451?1625592109 第 1 次 获取到号码【1779451】GSD
2021-07-07 01:21:54 获取到号码【1779451】的GSD为【浙江-杭州】
2021-07-07 01:22:14 GSD insert 第 1 次 等待 1 秒
2021-07-07 01:22:15 {"status":"ok","msg":"添加成功！210424"}
2021-07-07 01:22:15 下次操作: 2021-07-07 01:22:22

2021-07-07 01:22:22 开始第 28 次操作

2021-07-07 01:22:22 开始操作号码 【1779450】
2021-07-07 01:22:41 GSD getOne 第 1 次 等待 1 秒
2021-07-07 01:22:42 查询号码 【1779450】，返回信息 {"status":"bad","msg":""}
2021-07-07 01:22:42 查询号码 【1779450】，GSD为【""】
2021-07-07 01:22:42 bad
2021-07-07 01:22:43 CHB 1779450?1625592162 第 1 次 等待 1 秒
2021-07-07 01:22:44 CHB 1779450?1625592162 第 1 次 获取到号码【1779450】GSD
2021-07-07 01:22:44 获取到号码【1779450】的GSD为【浙江-杭州】
2021-07-07 01:23:04 GSD insert 第 1 次 等待 1 秒
2021-07-07 01:23:05 {"status":"ok","msg":"添加成功！210430"}
2021-07-07 01:23:05 下次操作: 2021-07-07 01:23:20

2021-07-07 01:23:20 开始第 29 次操作

2021-07-07 01:23:20 开始操作号码 【1779449】
2021-07-07 01:23:24 GSD getOne 第 1 次 等待 1 秒
2021-07-07 01:23:25 查询号码 【1779449】，返回信息 {"status":"bad","msg":""}
2021-07-07 01:23:25 查询号码 【1779449】，GSD为【""】
2021-07-07 01:23:25 bad
2021-07-07 01:23:26 CHB 1779449?1625592205 第 1 次 等待 1 秒
2021-07-07 01:23:27 CHB 1779449?1625592205 第 1 次 获取到号码【1779449】GSD
2021-07-07 01:23:27 获取到号码【1779449】的GSD为【甘肃-平凉】
2021-07-07 01:23:46 GSD insert 第 1 次 等待 1 秒
2021-07-07 01:23:47 {"status":"ok","msg":"添加成功！210435"}
2021-07-07 01:23:47 下次操作: 2021-07-07 01:23:53

2021-07-07 01:23:53 开始第 30 次操作

2021-07-07 01:23:53 开始操作号码 【1779448】
2021-07-07 01:24:12 GSD getOne 第 1 次 等待 1 秒
2021-07-07 01:24:13 查询号码 【1779448】，返回信息 {"status":"bad","msg":""}
2021-07-07 01:24:13 查询号码 【1779448】，GSD为【""】
2021-07-07 01:24:13 bad
2021-07-07 01:24:15 CHB 1779448?1625592253 第 1 次 等待 1 秒
2021-07-07 01:24:16 CHB 1779448?1625592253 第 1 次 获取到号码【1779448】GSD
2021-07-07 01:24:16 获取到号码【1779448】的GSD为【甘肃-平凉】
2021-07-07 01:24:35 GSD insert 第 1 次 等待 1 秒
2021-07-07 01:24:36 {"status":"ok","msg":"添加成功！210439"}

2021-07-07 01:42:46 开始第 1 次操作

2021-07-07 01:42:46 开始操作号码 【1779447】
2021-07-07 01:42:50 GSD getOne 第 1 次 等待 1 秒
2021-07-07 01:42:51 查询号码 【1779447】，返回信息 {"status":"bad","msg":""}
2021-07-07 01:42:51 查询号码 【1779447】，GSD为【""】
2021-07-07 01:42:51 bad
2021-07-07 01:42:53 CHB 1779447?1625593371 第 1 次 等待 1 秒
2021-07-07 01:42:54 CHB 1779447?1625593371 第 1 次 获取到号码【1779447】GSD
2021-07-07 01:42:54 获取到号码【1779447】的GSD为【甘肃-平凉】
2021-07-07 01:42:57 GSD insert 第 1 次 等待 1 秒
2021-07-07 01:42:58 {"status":"ok","msg":"添加成功！210524"}
2021-07-07 01:42:58 下次操作: 2021-07-07 01:43:15

2021-07-07 01:43:15 开始第 2 次操作

2021-07-07 01:43:15 开始操作号码 【1779446】
2021-07-07 01:43:19 GSD getOne 第 1 次 等待 1 秒
2021-07-07 01:43:20 查询号码 【1779446】，返回信息 {"status":"bad","msg":""}
2021-07-07 01:43:20 查询号码 【1779446】，GSD为【""】
2021-07-07 01:43:20 bad
2021-07-07 01:43:21 CHB 1779446?1625593400 第 1 次 等待 1 秒
2021-07-07 01:43:22 CHB 1779446?1625593400 第 1 次 获取到号码【1779446】GSD
2021-07-07 01:43:22 获取到号码【1779446】的GSD为【甘肃-陇南】
2021-07-07 01:43:26 GSD insert 第 1 次 等待 1 秒
2021-07-07 01:43:27 {"status":"ok","msg":"添加成功！210532"}
2021-07-07 01:43:27 下次操作: 2021-07-07 01:43:42

2021-07-07 01:43:42 开始第 3 次操作

2021-07-07 01:43:42 开始操作号码 【1779445】
2021-07-07 01:43:46 GSD getOne 第 1 次 等待 1 秒
2021-07-07 01:43:47 查询号码 【1779445】，返回信息 {"status":"bad","msg":""}
2021-07-07 01:43:47 查询号码 【1779445】，GSD为【""】
2021-07-07 01:43:47 bad
2021-07-07 01:43:51 CHB 1779445?1625593427 第 1 次 等待 1 秒
2021-07-07 01:43:52 CHB 1779445?1625593427 第 1 次 获取到号码【1779445】GSD
2021-07-07 01:43:53 获取到号码【1779445】的GSD为【甘肃-陇南】
2021-07-07 01:43:56 GSD insert 第 1 次 等待 1 秒
2021-07-07 01:43:57 {"status":"ok","msg":"添加成功！210537"}
2021-07-07 01:43:57 下次操作: 2021-07-07 01:44:06

2021-07-07 01:44:06 开始第 4 次操作

2021-07-07 01:44:06 开始操作号码 【1779444】
2021-07-07 01:44:10 GSD getOne 第 1 次 等待 1 秒
2021-07-07 01:44:11 查询号码 【1779444】，返回信息 {"status":"bad","msg":""}
2021-07-07 01:44:11 查询号码 【1779444】，GSD为【""】
2021-07-07 01:44:11 bad
2021-07-07 01:44:12 CHB 1779444?1625593451 第 1 次 等待 1 秒
2021-07-07 01:44:13 CHB 1779444?1625593451 第 1 次 获取到号码【1779444】GSD
2021-07-07 01:44:13 获取到号码【1779444】的GSD为【甘肃-陇南】
2021-07-07 01:44:17 GSD insert 第 1 次 等待 1 秒
2021-07-07 01:44:18 {"status":"ok","msg":"添加成功！210543"}
2021-07-07 01:44:18 下次操作: 2021-07-07 01:44:29

2021-07-07 01:44:29 开始第 5 次操作

2021-07-07 01:44:29 开始操作号码 【1779443】
2021-07-07 01:44:36 GSD getOne 第 1 次 等待 1 秒
2021-07-07 01:44:37 查询号码 【1779443】，返回信息 {"status":"bad","msg":""}
2021-07-07 01:44:38 查询号码 【1779443】，GSD为【""】
2021-07-07 01:44:38 bad
2021-07-07 01:44:39 CHB 1779443?1625593478 第 1 次 等待 1 秒
2021-07-07 01:44:40 CHB 1779443?1625593478 第 1 次 获取到号码【1779443】GSD
2021-07-07 01:44:40 获取到号码【1779443】的GSD为【甘肃-白银】
2021-07-07 01:44:44 GSD insert 第 1 次 等待 1 秒
2021-07-07 01:44:45 {"status":"ok","msg":"添加成功！210553"}
2021-07-07 01:44:45 下次操作: 2021-07-07 01:45:03

2021-07-07 01:45:03 开始第 6 次操作

2021-07-07 01:45:03 开始操作号码 【1779442】
2021-07-07 01:45:07 GSD getOne 第 1 次 等待 1 秒
2021-07-07 01:45:08 查询号码 【1779442】，返回信息 {"status":"bad","msg":""}
2021-07-07 01:45:08 查询号码 【1779442】，GSD为【""】
2021-07-07 01:45:08 bad
2021-07-07 01:45:09 CHB 1779442?1625593508 第 1 次 等待 1 秒
2021-07-07 01:45:10 CHB 1779442?1625593508 第 1 次 获取到号码【1779442】GSD
2021-07-07 01:45:10 获取到号码【1779442】的GSD为【甘肃-白银】
2021-07-07 01:45:14 GSD insert 第 1 次 等待 1 秒
2021-07-07 01:45:15 {"status":"ok","msg":"添加成功！210560"}
2021-07-07 01:45:15 下次操作: 2021-07-07 01:45:31

2021-07-07 01:45:31 开始第 7 次操作

2021-07-07 01:45:31 开始操作号码 【1779441】
2021-07-07 01:45:35 GSD getOne 第 1 次 等待 1 秒
2021-07-07 01:45:36 查询号码 【1779441】，返回信息 {"status":"bad","msg":""}
2021-07-07 01:45:36 查询号码 【1779441】，GSD为【""】
2021-07-07 01:45:36 bad
2021-07-07 01:45:37 CHB 1779441?1625593536 第 1 次 等待 1 秒
2021-07-07 01:45:38 CHB 1779441?1625593536 第 1 次 获取到号码【1779441】GSD
2021-07-07 01:45:38 获取到号码【1779441】的GSD为【甘肃-白银】
2021-07-07 01:45:45 GSD insert 第 1 次 等待 1 秒
2021-07-07 01:45:46 {"status":"ok","msg":"添加成功！210572"}
2021-07-07 01:45:46 下次操作: 2021-07-07 01:45:54

2021-07-07 01:45:54 开始第 8 次操作

2021-07-07 01:45:54 开始操作号码 【1779440】
2021-07-07 01:46:01 GSD getOne 第 1 次 等待 1 秒
2021-07-07 01:46:02 查询号码 【1779440】，返回信息 {"status":"ok","msg":"甘肃-甘南","time_insert":"2019-11-13 20:51","time_update":"2020-12-13 07:11"}
2021-07-07 01:46:02 查询号码 【1779440】，GSD为【"甘肃-甘南"】

2021-07-07 01:46:02 开始第 8 次操作

2021-07-07 01:46:02 开始操作号码 【1779439】
2021-07-07 01:46:06 GSD getOne 第 1 次 等待 1 秒
2021-07-07 01:46:07 查询号码 【1779439】，返回信息 {"status":"bad","msg":""}
2021-07-07 01:46:07 查询号码 【1779439】，GSD为【""】
2021-07-07 01:46:07 bad
2021-07-07 01:46:08 CHB 1779439?1625593567 第 1 次 等待 1 秒
2021-07-07 01:46:09 CHB 1779439?1625593567 第 1 次 获取到号码【1779439】GSD
2021-07-07 01:46:09 获取到号码【1779439】的GSD为【甘肃-白银】
2021-07-07 01:46:13 GSD insert 第 1 次 等待 1 秒
2021-07-07 01:46:14 {"status":"ok","msg":"添加成功！210578"}
2021-07-07 01:46:14 下次操作: 2021-07-07 01:46:25

2021-07-07 01:46:25 开始第 9 次操作

2021-07-07 01:46:25 开始操作号码 【1779438】
2021-07-07 01:46:28 GSD getOne 第 1 次 等待 1 秒
2021-07-07 01:46:29 查询号码 【1779438】，返回信息 {"status":"bad","msg":""}
2021-07-07 01:46:29 查询号码 【1779438】，GSD为【""】
2021-07-07 01:46:29 bad
2021-07-07 01:46:31 CHB 1779438?1625593589 第 1 次 等待 1 秒
2021-07-07 01:46:32 CHB 1779438?1625593589 第 1 次 获取到号码【1779438】GSD
2021-07-07 01:46:32 获取到号码【1779438】的GSD为【甘肃-白银】
2021-07-07 01:46:35 GSD insert 第 1 次 等待 1 秒
2021-07-07 01:46:36 {"status":"ok","msg":"添加成功！210586"}
2021-07-07 01:46:36 下次操作: 2021-07-07 01:46:51

2021-07-07 01:46:51 开始第 10 次操作

2021-07-07 01:46:51 开始操作号码 【1779437】
2021-07-07 01:46:55 GSD getOne 第 1 次 等待 1 秒
2021-07-07 01:46:56 查询号码 【1779437】，返回信息 {"status":"ok","msg":"甘肃-白银","time_insert":"2018-08-21 16:09","time_update":"2020-12-13 07:06"}
2021-07-07 01:46:56 查询号码 【1779437】，GSD为【"甘肃-白银"】

2021-07-07 01:46:56 开始第 10 次操作

2021-07-07 01:46:56 开始操作号码 【1779436】
2021-07-07 01:47:00 GSD getOne 第 1 次 等待 1 秒
2021-07-07 01:47:01 查询号码 【1779436】，返回信息 {"status":"bad","msg":""}
2021-07-07 01:47:01 查询号码 【1779436】，GSD为【""】
2021-07-07 01:47:01 bad
2021-07-07 01:47:02 CHB 1779436?1625593621 第 1 次 等待 1 秒
2021-07-07 01:47:03 CHB 1779436?1625593621 第 1 次 获取到号码【1779436】GSD
2021-07-07 01:47:03 获取到号码【1779436】的GSD为【甘肃-白银】
2021-07-07 01:47:07 GSD insert 第 1 次 等待 1 秒
2021-07-07 01:47:08 {"status":"ok","msg":"添加成功！210594"}
2021-07-07 01:47:08 下次操作: 2021-07-07 01:47:17

2021-07-07 01:47:17 开始第 11 次操作

2021-07-07 01:47:17 开始操作号码 【1779435】
2021-07-07 01:47:21 GSD getOne 第 1 次 等待 1 秒
2021-07-07 01:47:22 查询号码 【1779435】，返回信息 {"status":"ok","msg":"甘肃-白银","time_insert":"2019-01-08 19:16","time_update":"2020-12-13 07:01"}
2021-07-07 01:47:22 查询号码 【1779435】，GSD为【"甘肃-白银"】

2021-07-07 01:47:22 开始第 11 次操作

2021-07-07 01:47:22 开始操作号码 【1779434】
2021-07-07 01:47:27 GSD getOne 第 1 次 等待 1 秒
2021-07-07 01:47:28 查询号码 【1779434】，返回信息 {"status":"bad","msg":""}
2021-07-07 01:47:28 查询号码 【1779434】，GSD为【""】
2021-07-07 01:47:28 bad
2021-07-07 01:47:29 CHB 1779434?1625593648 第 1 次 等待 1 秒
2021-07-07 01:47:30 CHB 1779434?1625593648 第 1 次 获取到号码【1779434】GSD
2021-07-07 01:47:30 获取到号码【1779434】的GSD为【甘肃-白银】
2021-07-07 01:47:34 GSD insert 第 1 次 等待 1 秒
2021-07-07 01:47:35 {"status":"ok","msg":"添加成功！210601"}
2021-07-07 01:47:35 下次操作: 2021-07-07 01:47:45

2021-07-07 01:47:45 开始第 12 次操作

2021-07-07 01:47:45 开始操作号码 【1779433】
2021-07-07 01:47:48 GSD getOne 第 1 次 等待 1 秒
2021-07-07 01:47:49 查询号码 【1779433】，返回信息 {"status":"ok","msg":"甘肃-白银","time_insert":"2021-04-22 10:13"}
2021-07-07 01:47:49 查询号码 【1779433】，GSD为【"甘肃-白银"】

2021-07-07 01:47:49 开始第 12 次操作

2021-07-07 01:47:49 开始操作号码 【1779432】
2021-07-07 01:47:53 GSD getOne 第 1 次 等待 1 秒
2021-07-07 01:47:54 查询号码 【1779432】，返回信息 {"status":"bad","msg":""}
2021-07-07 01:47:54 查询号码 【1779432】，GSD为【""】
2021-07-07 01:47:54 bad
2021-07-07 01:47:55 CHB 1779432?1625593674 第 1 次 等待 1 秒
2021-07-07 01:47:56 CHB 1779432?1625593674 第 1 次 获取到号码【1779432】GSD
2021-07-07 01:47:57 获取到号码【1779432】的GSD为【甘肃-白银】
2021-07-07 01:48:00 GSD insert 第 1 次 等待 1 秒
2021-07-07 01:48:01 {"status":"ok","msg":"添加成功！210611"}
2021-07-07 01:48:01 下次操作: 2021-07-07 01:48:18

2021-07-07 01:48:18 开始第 13 次操作

2021-07-07 01:48:18 开始操作号码 【1779431】
2021-07-07 01:48:22 GSD getOne 第 1 次 等待 1 秒
2021-07-07 01:48:23 查询号码 【1779431】，返回信息 {"status":"bad","msg":""}
2021-07-07 01:48:23 查询号码 【1779431】，GSD为【""】
2021-07-07 01:48:23 bad
2021-07-07 01:48:24 CHB 1779431?1625593703 第 1 次 等待 1 秒
2021-07-07 01:48:25 CHB 1779431?1625593703 第 1 次 获取到号码【1779431】GSD
2021-07-07 01:48:25 获取到号码【1779431】的GSD为【甘肃-白银】
2021-07-07 01:48:28 GSD insert 第 1 次 等待 1 秒
2021-07-07 01:48:29 {"status":"ok","msg":"添加成功！210621"}
2021-07-07 01:48:29 下次操作: 2021-07-07 01:48:46

2021-07-07 01:48:47 开始第 14 次操作

2021-07-07 01:48:47 开始操作号码 【1779430】
2021-07-07 01:48:50 GSD getOne 第 1 次 等待 1 秒
2021-07-07 01:48:51 查询号码 【1779430】，返回信息 {"status":"bad","msg":""}
2021-07-07 01:48:51 查询号码 【1779430】，GSD为【""】
2021-07-07 01:48:51 bad
2021-07-07 01:48:52 CHB 1779430?1625593731 第 1 次 等待 1 秒
2021-07-07 01:48:53 CHB 1779430?1625593731 第 1 次 获取到号码【1779430】GSD
2021-07-07 01:48:54 获取到号码【1779430】的GSD为【甘肃-白银】
2021-07-07 01:48:58 GSD insert 第 1 次 等待 1 秒
2021-07-07 01:48:59 {"status":"ok","msg":"添加成功！210628"}
2021-07-07 01:48:59 下次操作: 2021-07-07 01:49:14

2021-07-07 01:49:14 开始第 15 次操作

2021-07-07 01:49:14 开始操作号码 【1779429】
2021-07-07 01:49:20 GSD getOne 第 1 次 等待 1 秒
2021-07-07 01:49:21 查询号码 【1779429】，返回信息 {"status":"bad","msg":""}
2021-07-07 01:49:21 查询号码 【1779429】，GSD为【""】
2021-07-07 01:49:21 bad
2021-07-07 01:49:23 CHB 1779429?1625593761 第 1 次 等待 1 秒
2021-07-07 01:49:24 CHB 1779429?1625593761 第 1 次 获取到号码【1779429】GSD
2021-07-07 01:49:24 获取到号码【1779429】的GSD为【甘肃-兰州】
2021-07-07 01:49:28 GSD insert 第 1 次 等待 1 秒
2021-07-07 01:49:29 {"status":"ok","msg":"添加成功！210634"}
2021-07-07 01:49:29 下次操作: 2021-07-07 01:49:37

2021-07-07 01:49:37 开始第 16 次操作

2021-07-07 01:49:37 开始操作号码 【1779428】
2021-07-07 01:49:41 GSD getOne 第 1 次 等待 1 秒
2021-07-07 01:49:42 查询号码 【1779428】，返回信息 {"status":"bad","msg":""}
2021-07-07 01:49:42 查询号码 【1779428】，GSD为【""】
2021-07-07 01:49:42 bad
2021-07-07 01:49:43 CHB 1779428?1625593782 第 1 次 等待 1 秒
2021-07-07 01:49:44 CHB 1779428?1625593782 第 1 次 获取到号码【1779428】GSD
2021-07-07 01:49:44 获取到号码【1779428】的GSD为【甘肃-兰州】
2021-07-07 01:49:48 GSD insert 第 1 次 等待 1 秒
2021-07-07 01:49:49 {"status":"ok","msg":"添加成功！210640"}
2021-07-07 01:49:49 下次操作: 2021-07-07 01:49:55

2021-07-07 01:49:55 开始第 17 次操作

2021-07-07 01:49:55 开始操作号码 【1779427】
2021-07-07 01:49:59 GSD getOne 第 1 次 等待 1 秒
2021-07-07 01:50:00 查询号码 【1779427】，返回信息 {"status":"bad","msg":""}
2021-07-07 01:50:00 查询号码 【1779427】，GSD为【""】
2021-07-07 01:50:00 bad
2021-07-07 01:50:01 CHB 1779427?1625593800 第 1 次 等待 1 秒
2021-07-07 01:50:02 CHB 1779427?1625593800 第 1 次 获取到号码【1779427】GSD
2021-07-07 01:50:02 获取到号码【1779427】的GSD为【甘肃-兰州】
2021-07-07 01:50:06 GSD insert 第 1 次 等待 1 秒
2021-07-07 01:50:07 {"status":"ok","msg":"添加成功！210644"}
2021-07-07 01:50:07 下次操作: 2021-07-07 01:50:16

2021-07-07 01:50:16 开始第 18 次操作

2021-07-07 01:50:16 开始操作号码 【1779426】
2021-07-07 01:50:20 GSD getOne 第 1 次 等待 1 秒
2021-07-07 01:50:21 查询号码 【1779426】，返回信息 {"status":"bad","msg":""}
2021-07-07 01:50:22 查询号码 【1779426】，GSD为【""】
2021-07-07 01:50:22 bad
2021-07-07 01:50:23 CHB 1779426?1625593822 第 1 次 等待 1 秒
2021-07-07 01:50:24 CHB 1779426?1625593822 第 1 次 获取到号码【1779426】GSD
2021-07-07 01:50:24 获取到号码【1779426】的GSD为【甘肃-兰州】
2021-07-07 01:50:28 GSD insert 第 1 次 等待 1 秒
2021-07-07 01:50:29 {"status":"ok","msg":"添加成功！210650"}
2021-07-07 01:50:29 下次操作: 2021-07-07 01:50:39

2021-07-07 01:50:39 开始第 19 次操作

2021-07-07 01:50:39 开始操作号码 【1779425】
2021-07-07 01:50:42 GSD getOne 第 1 次 等待 1 秒
2021-07-07 01:50:43 查询号码 【1779425】，返回信息 {"status":"bad","msg":""}
2021-07-07 01:50:43 查询号码 【1779425】，GSD为【""】
2021-07-07 01:50:43 bad
2021-07-07 01:50:45 CHB 1779425?1625593843 第 1 次 等待 1 秒
2021-07-07 01:50:46 CHB 1779425?1625593843 第 1 次 获取到号码【1779425】GSD
2021-07-07 01:50:46 获取到号码【1779425】的GSD为【甘肃-兰州】
2021-07-07 01:50:49 GSD insert 第 1 次 等待 1 秒
2021-07-07 01:50:50 {"status":"ok","msg":"添加成功！210655"}
2021-07-07 01:50:50 下次操作: 2021-07-07 01:51:02

2021-07-07 01:51:02 开始第 20 次操作

2021-07-07 01:51:02 开始操作号码 【1779424】
2021-07-07 01:51:07 GSD getOne 第 1 次 等待 1 秒
2021-07-07 01:51:08 查询号码 【1779424】，返回信息 {"status":"bad","msg":""}
2021-07-07 01:51:08 查询号码 【1779424】，GSD为【""】
2021-07-07 01:51:08 bad
2021-07-07 01:51:09 CHB 1779424?1625593868 第 1 次 等待 1 秒
2021-07-07 01:51:11 CHB 1779424?1625593868 第 1 次 获取到号码【1779424】GSD
2021-07-07 01:51:11 获取到号码【1779424】的GSD为【甘肃-兰州】
2021-07-07 01:51:14 GSD insert 第 1 次 等待 1 秒
2021-07-07 01:51:15 {"status":"ok","msg":"添加成功！210661"}
2021-07-07 01:51:15 下次操作: 2021-07-07 01:51:28

2021-07-07 01:51:28 开始第 21 次操作

2021-07-07 01:51:28 开始操作号码 【1779423】
2021-07-07 01:51:32 GSD getOne 第 1 次 等待 1 秒
2021-07-07 01:51:33 查询号码 【1779423】，返回信息 {"status":"bad","msg":""}
2021-07-07 01:51:33 查询号码 【1779423】，GSD为【""】
2021-07-07 01:51:33 bad
2021-07-07 01:51:34 CHB 1779423?1625593893 第 1 次 等待 1 秒
2021-07-07 01:51:35 CHB 1779423?1625593893 第 1 次 获取到号码【1779423】GSD
2021-07-07 01:51:35 获取到号码【1779423】的GSD为【甘肃-兰州】
2021-07-07 01:51:39 GSD insert 第 1 次 等待 1 秒
2021-07-07 01:51:40 {"status":"ok","msg":"添加成功！210664"}
2021-07-07 01:51:40 下次操作: 2021-07-07 01:51:54

2021-07-07 01:51:54 开始第 22 次操作

2021-07-07 01:51:54 开始操作号码 【1779422】
2021-07-07 01:51:57 GSD getOne 第 1 次 等待 1 秒
2021-07-07 01:51:58 查询号码 【1779422】，返回信息 {"status":"bad","msg":""}
2021-07-07 01:51:58 查询号码 【1779422】，GSD为【""】
2021-07-07 01:51:58 bad
2021-07-07 01:52:00 CHB 1779422?1625593918 第 1 次 等待 1 秒
2021-07-07 01:52:01 CHB 1779422?1625593918 第 1 次 获取到号码【1779422】GSD
2021-07-07 01:52:01 获取到号码【1779422】的GSD为【甘肃-兰州】
2021-07-07 01:52:05 GSD insert 第 1 次 等待 1 秒
2021-07-07 01:52:06 {"status":"ok","msg":"添加成功！210670"}
2021-07-07 01:52:06 下次操作: 2021-07-07 01:52:15

2021-07-07 01:52:15 开始第 23 次操作

2021-07-07 01:52:15 开始操作号码 【1779421】
2021-07-07 01:52:18 GSD getOne 第 1 次 等待 1 秒
2021-07-07 01:52:19 查询号码 【1779421】，返回信息 {"status":"bad","msg":""}
2021-07-07 01:52:19 查询号码 【1779421】，GSD为【""】
2021-07-07 01:52:19 bad
2021-07-07 01:52:21 CHB 1779421?1625593939 第 1 次 等待 1 秒
2021-07-07 01:52:22 CHB 1779421?1625593939 第 1 次 获取到号码【1779421】GSD
2021-07-07 01:52:22 获取到号码【1779421】的GSD为【甘肃-兰州】
2021-07-07 01:52:25 GSD insert 第 1 次 等待 1 秒
2021-07-07 01:52:26 {"status":"ok","msg":"添加成功！210675"}
2021-07-07 01:52:26 下次操作: 2021-07-07 01:52:32

2021-07-07 01:52:32 开始第 24 次操作

2021-07-07 01:52:32 开始操作号码 【1779420】
2021-07-07 01:52:36 GSD getOne 第 1 次 等待 1 秒
2021-07-07 01:52:37 查询号码 【1779420】，返回信息 {"status":"ok","msg":"甘肃-兰州","time_insert":"2018-01-19 10:45","time_update":"2020-12-13 06:56"}
2021-07-07 01:52:37 查询号码 【1779420】，GSD为【"甘肃-兰州"】

2021-07-07 01:52:37 开始第 24 次操作

2021-07-07 01:52:37 开始操作号码 【1779419】
2021-07-07 01:52:41 GSD getOne 第 1 次 等待 1 秒
2021-07-07 01:52:42 查询号码 【1779419】，返回信息 {"status":"bad","msg":""}
2021-07-07 01:52:42 查询号码 【1779419】，GSD为【""】
2021-07-07 01:52:42 bad
2021-07-07 01:52:43 CHB 1779419?1625593962 第 1 次 等待 1 秒
2021-07-07 01:52:44 CHB 1779419?1625593962 第 1 次 获取到号码【1779419】GSD
2021-07-07 01:52:44 获取到号码【1779419】的GSD为【甘肃-酒泉】
2021-07-07 01:52:47 GSD insert 第 1 次 等待 1 秒
2021-07-07 01:52:48 {"status":"ok","msg":"添加成功！210678"}
2021-07-07 01:52:49 下次操作: 2021-07-07 01:53:03

2021-07-07 01:53:04 开始第 25 次操作

2021-07-07 01:53:04 开始操作号码 【1779418】
2021-07-07 01:53:07 GSD getOne 第 1 次 等待 1 秒
2021-07-07 01:53:08 查询号码 【1779418】，返回信息 {"status":"bad","msg":""}
2021-07-07 01:53:08 查询号码 【1779418】，GSD为【""】
2021-07-07 01:53:08 bad
2021-07-07 01:53:13 CHB 1779418?1625593988 第 1 次 等待 1 秒
2021-07-07 01:53:14 CHB 1779418?1625593988 第 1 次 获取到号码【1779418】GSD
2021-07-07 01:53:14 未获取到号码【1779418】GSD，查号吧 400 错误
2021-07-07 01:53:14 获取到号码【1779418】的GSD为【-】
2021-07-07 01:53:18 GSD insert 第 1 次 等待 1 秒
2021-07-07 01:53:19 {"status":"ok","msg":"添加成功！210684"}
2021-07-07 01:53:19 下次操作: 2021-07-07 01:53:30

2021-07-07 01:53:30 开始第 26 次操作

2021-07-07 01:53:30 开始操作号码 【1779417】
2021-07-07 01:53:33 GSD getOne 第 1 次 等待 1 秒
2021-07-07 01:53:34 查询号码 【1779417】，返回信息 {"status":"bad","msg":""}
2021-07-07 01:53:35 查询号码 【1779417】，GSD为【""】
2021-07-07 01:53:35 bad
2021-07-07 01:53:40 CHB 1779417?1625594015 第 1 次 等待 1 秒
2021-07-07 01:53:41 CHB 1779417?1625594015 第 1 次 获取到号码【1779417】GSD
2021-07-07 01:53:41 获取到号码【1779417】的GSD为【甘肃-酒泉】
2021-07-07 01:53:45 GSD insert 第 1 次 等待 1 秒
2021-07-07 01:53:46 {"status":"ok","msg":"添加成功！210688"}
2021-07-07 01:53:46 下次操作: 2021-07-07 01:53:55

2021-07-07 01:53:55 开始第 27 次操作

2021-07-07 01:53:55 开始操作号码 【1779416】
2021-07-07 01:53:58 GSD getOne 第 1 次 等待 1 秒
2021-07-07 01:53:59 查询号码 【1779416】，返回信息 {"status":"bad","msg":""}
2021-07-07 01:53:59 查询号码 【1779416】，GSD为【""】
2021-07-07 01:53:59 bad
2021-07-07 01:54:01 CHB 1779416?1625594039 第 1 次 等待 1 秒
2021-07-07 01:54:02 CHB 1779416?1625594039 第 1 次 获取到号码【1779416】GSD
2021-07-07 01:54:02 获取到号码【1779416】的GSD为【甘肃-酒泉】
2021-07-07 01:54:05 GSD insert 第 1 次 等待 1 秒
2021-07-07 01:54:06 {"status":"ok","msg":"添加成功！210695"}
2021-07-07 01:54:06 下次操作: 2021-07-07 01:54:22

2021-07-07 01:54:22 开始第 28 次操作

2021-07-07 01:54:22 开始操作号码 【1779415】
2021-07-07 01:54:26 GSD getOne 第 1 次 等待 1 秒
2021-07-07 01:54:27 查询号码 【1779415】，返回信息 {"status":"bad","msg":""}
2021-07-07 01:54:27 查询号码 【1779415】，GSD为【""】
2021-07-07 01:54:27 bad
2021-07-07 01:54:28 CHB 1779415?1625594067 第 1 次 等待 1 秒
2021-07-07 01:54:29 CHB 1779415?1625594067 第 1 次 获取到号码【1779415】GSD
2021-07-07 01:54:29 获取到号码【1779415】的GSD为【甘肃-甘南】
2021-07-07 01:54:36 GSD insert 第 1 次 等待 1 秒
2021-07-07 01:54:37 {"status":"ok","msg":"添加成功！210699"}
2021-07-07 01:54:37 下次操作: 2021-07-07 01:54:47

2021-07-07 01:54:47 开始第 29 次操作

2021-07-07 01:54:47 开始操作号码 【1779414】
2021-07-07 01:54:50 GSD getOne 第 1 次 等待 1 秒
2021-07-07 01:54:51 查询号码 【1779414】，返回信息 {"status":"bad","msg":""}
2021-07-07 01:54:51 查询号码 【1779414】，GSD为【""】
2021-07-07 01:54:51 bad
2021-07-07 01:54:53 CHB 1779414?1625594091 第 1 次 等待 1 秒
2021-07-07 01:54:54 CHB 1779414?1625594091 第 1 次 获取到号码【1779414】GSD
2021-07-07 01:54:54 获取到号码【1779414】的GSD为【甘肃-甘南】
2021-07-07 01:54:57 GSD insert 第 1 次 等待 1 秒
2021-07-07 01:54:58 {"status":"ok","msg":"添加成功！210704"}
2021-07-07 01:54:58 下次操作: 2021-07-07 01:55:07

2021-07-07 01:55:07 开始第 30 次操作

2021-07-07 01:55:07 开始操作号码 【1779413】
2021-07-07 01:55:11 GSD getOne 第 1 次 等待 1 秒
2021-07-07 01:55:12 查询号码 【1779413】，返回信息 {"status":"bad","msg":""}
2021-07-07 01:55:12 查询号码 【1779413】，GSD为【""】
2021-07-07 01:55:12 bad
2021-07-07 01:55:13 CHB 1779413?1625594112 第 1 次 等待 1 秒
2021-07-07 01:55:14 CHB 1779413?1625594112 第 1 次 获取到号码【1779413】GSD
2021-07-07 01:55:14 获取到号码【1779413】的GSD为【甘肃-甘南】
2021-07-07 01:55:18 GSD insert 第 1 次 等待 1 秒
2021-07-07 01:55:19 {"status":"ok","msg":"添加成功！210708"}

