2024-10-10 00:13:00 开始第 9065 次操作

2024-10-10 00:13:00 开始操作号码 【1419061】
2024-10-10 00:13:02 GSD getOne 第 1 次 等待 3 秒
2024-10-10 00:13:05 查询号码 【1419061】，返回信息 {"status":"ok","msg":"-","gid":"689818","time_insert":"2023-05-02 19:57"}
2024-10-10 00:13:06 查询号码 【1419061】，GSD为【"-"】
2024-10-10 00:13:06 ok && -
2024-10-10 00:13:08 CHB 1419061?1728490386 第 1 次 等待 3 秒
2024-10-10 00:13:11 CHB 1419061?1728490386 第 1 次 获取到号码【1419061】GSD
2024-10-10 00:13:11 未获取到号码【1419061】GSD，可能号码格式错误
2024-10-10 00:13:11 获取到号码【1419061】的GSD为【-】
2024-10-10 00:13:13 GSD insert 第 1 次 等待 3 秒
2024-10-10 00:13:16 {"status":"bad","gid":"689818","msg":"添加失败！号码【1419061(-|-)】已存在！"}
2024-10-10 00:13:16 随机等待 113 秒，约 1 分钟
2024-10-10 00:13:16 下次操作: 2024-10-10 00:15:09

2024-10-10 00:15:09 开始第 9066 次操作

2024-10-10 00:15:09 开始操作号码 【1419062】
2024-10-10 00:15:11 GSD getOne 第 1 次 等待 3 秒
2024-10-10 00:15:14 查询号码 【1419062】，返回信息 {"status":"ok","msg":"-","gid":"689833","time_insert":"2023-05-02 20:14"}
2024-10-10 00:15:14 查询号码 【1419062】，GSD为【"-"】
2024-10-10 00:15:14 ok && -
2024-10-10 00:15:16 CHB 1419062?1728490514 第 1 次 等待 3 秒
2024-10-10 00:15:19 CHB 1419062?1728490514 第 1 次 获取到号码【1419062】GSD
2024-10-10 00:15:19 未获取到号码【1419062】GSD，可能号码格式错误
2024-10-10 00:15:19 获取到号码【1419062】的GSD为【-】
2024-10-10 00:15:22 GSD insert 第 1 次 等待 3 秒
2024-10-10 00:15:25 {"status":"bad","gid":"689833","msg":"添加失败！号码【1419062(-|-)】已存在！"}
2024-10-10 00:15:25 随机等待 204 秒，约 3 分钟
2024-10-10 00:15:25 下次操作: 2024-10-10 00:18:49

2024-10-10 00:18:49 开始第 9067 次操作

2024-10-10 00:18:49 开始操作号码 【1419063】
2024-10-10 00:18:51 GSD getOne 第 1 次 等待 3 秒
2024-10-10 00:18:54 查询号码 【1419063】，返回信息 {"status":"ok","msg":"-","gid":"689851","time_insert":"2023-05-02 20:30"}
2024-10-10 00:18:54 查询号码 【1419063】，GSD为【"-"】
2024-10-10 00:18:54 ok && -
2024-10-10 00:18:56 CHB 1419063?1728490734 第 1 次 等待 3 秒
2024-10-10 00:18:59 CHB 1419063?1728490734 第 1 次 获取到号码【1419063】GSD
2024-10-10 00:18:59 未获取到号码【1419063】GSD，可能号码格式错误
2024-10-10 00:18:59 获取到号码【1419063】的GSD为【-】
2024-10-10 00:19:01 GSD insert 第 1 次 等待 3 秒
2024-10-10 00:19:04 {"status":"bad","gid":"689851","msg":"添加失败！号码【1419063(-|-)】已存在！"}
2024-10-10 00:19:04 随机等待 223 秒，约 3 分钟
2024-10-10 00:19:04 下次操作: 2024-10-10 00:22:47

2024-10-10 00:22:47 开始第 9068 次操作

2024-10-10 00:22:47 开始操作号码 【1419064】
2024-10-10 00:22:50 GSD getOne 第 1 次 等待 3 秒
2024-10-10 00:22:53 查询号码 【1419064】，返回信息 {"status":"ok","msg":"-","gid":"689868","time_insert":"2023-05-02 20:47"}
2024-10-10 00:22:53 查询号码 【1419064】，GSD为【"-"】
2024-10-10 00:22:53 ok && -
2024-10-10 00:22:54 CHB 1419064?1728490973 第 1 次 等待 3 秒
2024-10-10 00:22:57 CHB 1419064?1728490973 第 1 次 获取到号码【1419064】GSD
2024-10-10 00:22:57 未获取到号码【1419064】GSD，可能号码格式错误
2024-10-10 00:22:57 获取到号码【1419064】的GSD为【-】
2024-10-10 00:23:06 GSD insert 第 1 次 等待 3 秒
2024-10-10 00:23:09 {"status":"bad","gid":"689868","msg":"添加失败！号码【1419064(-|-)】已存在！"}

2024-10-10 00:41:26 开始第 9069 次操作

2024-10-10 00:41:26 开始操作号码 【1419065】
2024-10-10 00:41:28 GSD getOne 第 1 次 等待 3 秒
2024-10-10 00:41:31 查询号码 【1419065】，返回信息 {"status":"ok","msg":"-","gid":"689886","time_insert":"2023-05-02 21:08"}
2024-10-10 00:41:31 查询号码 【1419065】，GSD为【"-"】
2024-10-10 00:41:31 ok && -
2024-10-10 00:41:36 CHB 1419065?1728492091 第 1 次 等待 3 秒
2024-10-10 00:41:39 CHB 1419065?1728492091 第 1 次 获取到号码【1419065】GSD
2024-10-10 00:41:40 未获取到号码【1419065】GSD，可能号码格式错误
2024-10-10 00:41:40 获取到号码【1419065】的GSD为【-】
2024-10-10 00:41:41 GSD insert 第 1 次 等待 3 秒
2024-10-10 00:41:44 {"status":"bad","gid":"689886","msg":"添加失败！号码【1419065(-|-)】已存在！"}
2024-10-10 00:41:44 随机等待 160 秒，约 2 分钟
2024-10-10 00:41:44 下次操作: 2024-10-10 00:44:24

2024-10-10 00:44:24 开始第 9070 次操作

2024-10-10 00:44:24 开始操作号码 【1419066】
2024-10-10 00:44:26 GSD getOne 第 1 次 等待 3 秒
2024-10-10 00:44:29 查询号码 【1419066】，返回信息 {"status":"ok","msg":"-","gid":"689903","time_insert":"2023-05-02 21:25"}
2024-10-10 00:44:29 查询号码 【1419066】，GSD为【"-"】
2024-10-10 00:44:29 ok && -
2024-10-10 00:44:38 CHB 1419066?1728492269 第 1 次 等待 3 秒
2024-10-10 00:44:41 CHB 1419066?1728492269 第 1 次 获取到号码【1419066】GSD
2024-10-10 00:44:41 未获取到号码【1419066】GSD，可能号码格式错误
2024-10-10 00:44:41 获取到号码【1419066】的GSD为【-】
2024-10-10 00:44:43 GSD insert 第 1 次 等待 3 秒
2024-10-10 00:44:46 {"status":"bad","gid":"689903","msg":"添加失败！号码【1419066(-|-)】已存在！"}
2024-10-10 00:44:46 随机等待 192 秒，约 3 分钟
2024-10-10 00:44:46 下次操作: 2024-10-10 00:47:58

2024-10-10 00:47:58 开始第 9071 次操作

2024-10-10 00:47:58 开始操作号码 【1419067】
2024-10-10 00:48:00 GSD getOne 第 1 次 等待 3 秒
2024-10-10 00:48:03 查询号码 【1419067】，返回信息 {"status":"ok","msg":"-","gid":"689919","time_insert":"2023-05-02 21:42"}
2024-10-10 00:48:03 查询号码 【1419067】，GSD为【"-"】
2024-10-10 00:48:03 ok && -
2024-10-10 00:48:04 CHB 1419067?1728492483 第 1 次 等待 3 秒
2024-10-10 00:48:07 CHB 1419067?1728492483 第 1 次 获取到号码【1419067】GSD
2024-10-10 00:48:08 未获取到号码【1419067】GSD，可能号码格式错误
2024-10-10 00:48:08 获取到号码【1419067】的GSD为【-】
2024-10-10 00:48:09 GSD insert 第 1 次 等待 3 秒
2024-10-10 00:48:12 {"status":"bad","gid":"689919","msg":"添加失败！号码【1419067(-|-)】已存在！"}
2024-10-10 00:48:13 随机等待 137 秒，约 2 分钟
2024-10-10 00:48:13 下次操作: 2024-10-10 00:50:30

2024-10-10 00:50:30 开始第 9072 次操作

2024-10-10 00:50:30 开始操作号码 【1419068】
2024-10-10 00:50:31 GSD getOne 第 1 次 等待 3 秒
2024-10-10 00:50:34 查询号码 【1419068】，返回信息 {"status":"ok","msg":"-","gid":"689933","time_insert":"2023-05-02 21:59"}
2024-10-10 00:50:34 查询号码 【1419068】，GSD为【"-"】
2024-10-10 00:50:34 ok && -
2024-10-10 00:50:37 CHB 1419068?1728492634 第 1 次 等待 3 秒
2024-10-10 00:50:40 CHB 1419068?1728492634 第 1 次 获取到号码【1419068】GSD
2024-10-10 00:50:40 未获取到号码【1419068】GSD，可能号码格式错误
2024-10-10 00:50:40 获取到号码【1419068】的GSD为【-】
2024-10-10 00:50:43 GSD insert 第 1 次 等待 3 秒
2024-10-10 00:50:46 {"status":"bad","gid":"689933","msg":"添加失败！号码【1419068(-|-)】已存在！"}

