2024-04-27 00:22:40 开始第 5665 次操作

2024-04-27 00:22:40 开始操作号码 【1635583】
2024-04-27 00:22:50 GSD getOne 第 1 次 等待 3 秒
2024-04-27 00:22:53 查询号码 【1635583】，返回信息 {"status":"ok","msg":"-","gid":"638427","time_insert":"2023-04-06 15:54"}
2024-04-27 00:22:53 查询号码 【1635583】，GSD为【"-"】
2024-04-27 00:22:53 ok && -
2024-04-27 00:22:55 CHB 1635583?1714148573 第 1 次 等待 3 秒
2024-04-27 00:22:58 CHB 1635583?1714148573 第 1 次 获取到号码【1635583】GSD
2024-04-27 00:22:58 未获取到号码【1635583】GSD，可能号码格式错误
2024-04-27 00:22:58 获取到号码【1635583】的GSD为【-】
2024-04-27 00:23:07 GSD insert 第 1 次 等待 3 秒
2024-04-27 00:23:10 {"status":"bad","gid":"638427","msg":"添加失败！号码【1635583(-|-)】已存在！"}
2024-04-27 00:23:10 随机等待 150 秒，约 2 分钟
2024-04-27 00:23:10 下次操作: 2024-04-27 00:25:40

2024-04-27 00:25:40 开始第 5666 次操作

2024-04-27 00:25:40 开始操作号码 【1635584】
2024-04-27 00:25:47 GSD getOne 第 1 次 等待 3 秒
2024-04-27 00:25:50 查询号码 【1635584】，返回信息 {"status":"ok","msg":"-","gid":"638446","time_insert":"2023-04-06 16:08"}
2024-04-27 00:25:50 查询号码 【1635584】，GSD为【"-"】
2024-04-27 00:25:50 ok && -
2024-04-27 00:25:53 CHB 1635584?1714148750 第 1 次 等待 3 秒
2024-04-27 00:25:56 CHB 1635584?1714148750 第 1 次 获取到号码【1635584】GSD
2024-04-27 00:25:56 未获取到号码【1635584】GSD，可能号码格式错误
2024-04-27 00:25:56 获取到号码【1635584】的GSD为【-】
2024-04-27 00:26:10 GSD insert 第 1 次 等待 3 秒
2024-04-27 00:26:13 {"status":"bad","gid":"638446","msg":"添加失败！号码【1635584(-|-)】已存在！"}
2024-04-27 00:26:13 随机等待 107 秒，约 1 分钟
2024-04-27 00:26:13 下次操作: 2024-04-27 00:28:00

2024-04-27 00:28:00 开始第 5667 次操作

2024-04-27 00:28:00 开始操作号码 【1635585】
2024-04-27 00:28:09 GSD getOne 第 1 次 等待 3 秒
2024-04-27 00:28:12 查询号码 【1635585】，返回信息 {"status":"ok","msg":"-","gid":"638465","time_insert":"2023-04-06 16:22"}
2024-04-27 00:28:12 查询号码 【1635585】，GSD为【"-"】
2024-04-27 00:28:12 ok && -
2024-04-27 00:28:15 CHB 1635585?1714148892 第 1 次 等待 3 秒
2024-04-27 00:28:18 CHB 1635585?1714148892 第 1 次 获取到号码【1635585】GSD
2024-04-27 00:28:18 未获取到号码【1635585】GSD，可能号码格式错误
2024-04-27 00:28:18 获取到号码【1635585】的GSD为【-】
2024-04-27 00:28:24 GSD insert 第 1 次 等待 3 秒
2024-04-27 00:28:27 {"status":"bad","gid":"638465","msg":"添加失败！号码【1635585(-|-)】已存在！"}
2024-04-27 00:28:27 随机等待 222 秒，约 3 分钟
2024-04-27 00:28:27 下次操作: 2024-04-27 00:32:09

2024-04-27 00:32:09 开始第 5668 次操作

2024-04-27 00:32:09 开始操作号码 【1635586】
2024-04-27 00:32:15 GSD getOne 第 1 次 等待 3 秒
2024-04-27 00:32:18 查询号码 【1635586】，返回信息 {"status":"ok","msg":"-","gid":"638487","time_insert":"2023-04-06 16:34"}
2024-04-27 00:32:18 查询号码 【1635586】，GSD为【"-"】
2024-04-27 00:32:18 ok && -
2024-04-27 00:32:21 CHB 1635586?1714149138 第 1 次 等待 3 秒
2024-04-27 00:32:24 CHB 1635586?1714149138 第 1 次 获取到号码【1635586】GSD
2024-04-27 00:32:24 未获取到号码【1635586】GSD，可能号码格式错误
2024-04-27 00:32:24 获取到号码【1635586】的GSD为【-】
2024-04-27 00:32:30 GSD insert 第 1 次 等待 3 秒
2024-04-27 00:32:33 {"status":"bad","gid":"638487","msg":"添加失败！号码【1635586(-|-)】已存在！"}

