2024-09-14 00:11:58 开始第 4513 次操作

2024-09-14 00:11:58 开始操作号码 【1414511】
2024-09-14 00:12:08 GSD getOne 第 1 次 等待 3 秒
2024-09-14 00:12:11 查询号码 【1414511】，返回信息 {"status":"ok","msg":"-","gid":"609058","time_insert":"2023-03-23 09:36"}
2024-09-14 00:12:11 查询号码 【1414511】，GSD为【"-"】
2024-09-14 00:12:11 ok && -
2024-09-14 00:12:14 CHB 1414511?1726243931 第 1 次 等待 3 秒
2024-09-14 00:12:17 CHB 1414511?1726243931 第 1 次 获取到号码【1414511】GSD
2024-09-14 00:12:17 未获取到号码【1414511】GSD，可能号码格式错误
2024-09-14 00:12:17 获取到号码【1414511】的GSD为【-】
2024-09-14 00:12:24 GSD insert 第 1 次 等待 3 秒
2024-09-14 00:12:27 {"status":"bad","gid":"609058","msg":"添加失败！号码【1414511(-|-)】已存在！"}
2024-09-14 00:12:27 随机等待 101 秒，约 1 分钟
2024-09-14 00:12:27 下次操作: 2024-09-14 00:14:08

2024-09-14 00:14:08 开始第 4514 次操作

2024-09-14 00:14:08 开始操作号码 【1414512】
2024-09-14 00:14:16 GSD getOne 第 1 次 等待 3 秒
2024-09-14 00:14:19 查询号码 【1414512】，返回信息 {"status":"ok","msg":"-","gid":"609074","time_insert":"2023-03-23 09:51"}
2024-09-14 00:14:19 查询号码 【1414512】，GSD为【"-"】
2024-09-14 00:14:19 ok && -
2024-09-14 00:14:22 CHB 1414512?1726244059 第 1 次 等待 3 秒
2024-09-14 00:14:25 CHB 1414512?1726244059 第 1 次 获取到号码【1414512】GSD
2024-09-14 00:14:25 未获取到号码【1414512】GSD，可能号码格式错误
2024-09-14 00:14:25 获取到号码【1414512】的GSD为【-】
2024-09-14 00:14:37 GSD insert 第 1 次 等待 3 秒
2024-09-14 00:14:40 {"status":"bad","gid":"609074","msg":"添加失败！号码【1414512(-|-)】已存在！"}
2024-09-14 00:14:40 随机等待 74 秒，约 1 分钟
2024-09-14 00:14:40 下次操作: 2024-09-14 00:15:54

2024-09-14 00:15:54 开始第 4515 次操作

2024-09-14 00:15:54 开始操作号码 【1414513】
2024-09-14 00:16:02 GSD getOne 第 1 次 等待 3 秒
2024-09-14 00:16:05 查询号码 【1414513】，返回信息 {"status":"ok","msg":"-","gid":"609095","time_insert":"2023-03-23 10:08"}
2024-09-14 00:16:05 查询号码 【1414513】，GSD为【"-"】
2024-09-14 00:16:05 ok && -
2024-09-14 00:16:07 CHB 1414513?1726244165 第 1 次 等待 3 秒
2024-09-14 00:16:10 CHB 1414513?1726244165 第 1 次 获取到号码【1414513】GSD
2024-09-14 00:16:10 未获取到号码【1414513】GSD，可能号码格式错误
2024-09-14 00:16:10 获取到号码【1414513】的GSD为【-】
2024-09-14 00:16:18 GSD insert 第 1 次 等待 3 秒
2024-09-14 00:16:21 {"status":"bad","gid":"609095","msg":"添加失败！号码【1414513(-|-)】已存在！"}
2024-09-14 00:16:21 随机等待 92 秒，约 1 分钟
2024-09-14 00:16:21 下次操作: 2024-09-14 00:17:53

2024-09-14 00:17:53 开始第 4516 次操作

2024-09-14 00:17:53 开始操作号码 【1414514】
2024-09-14 00:18:02 GSD getOne 第 1 次 等待 3 秒
2024-09-14 00:18:05 查询号码 【1414514】，返回信息 {"status":"ok","msg":"-","gid":"609116","time_insert":"2023-03-23 10:28"}
2024-09-14 00:18:05 查询号码 【1414514】，GSD为【"-"】
2024-09-14 00:18:05 ok && -
2024-09-14 00:18:07 CHB 1414514?1726244285 第 1 次 等待 3 秒
2024-09-14 00:18:10 CHB 1414514?1726244285 第 1 次 获取到号码【1414514】GSD
2024-09-14 00:18:10 未获取到号码【1414514】GSD，可能号码格式错误
2024-09-14 00:18:10 获取到号码【1414514】的GSD为【-】
2024-09-14 00:18:23 GSD insert 第 1 次 等待 3 秒
2024-09-14 00:18:26 {"status":"bad","gid":"609116","msg":"添加失败！号码【1414514(-|-)】已存在！"}

2024-09-14 00:39:42 开始第 4517 次操作

2024-09-14 00:39:42 开始操作号码 【1414515】
2024-09-14 00:39:50 GSD getOne 第 1 次 等待 3 秒
2024-09-14 00:39:53 查询号码 【1414515】，返回信息 {"status":"ok","msg":"-","gid":"609140","time_insert":"2023-03-23 10:45"}
2024-09-14 00:39:53 查询号码 【1414515】，GSD为【"-"】
2024-09-14 00:39:53 ok && -
2024-09-14 00:39:55 CHB 1414515?1726245593 第 1 次 等待 3 秒
2024-09-14 00:39:58 CHB 1414515?1726245593 第 1 次 获取到号码【1414515】GSD
2024-09-14 00:39:58 未获取到号码【1414515】GSD，可能号码格式错误
2024-09-14 00:39:58 获取到号码【1414515】的GSD为【-】
2024-09-14 00:40:06 GSD insert 第 1 次 等待 3 秒
2024-09-14 00:40:09 {"status":"bad","gid":"609140","msg":"添加失败！号码【1414515(-|-)】已存在！"}
2024-09-14 00:40:09 随机等待 230 秒，约 3 分钟
2024-09-14 00:40:09 下次操作: 2024-09-14 00:43:59

2024-09-14 00:43:59 开始第 4518 次操作

2024-09-14 00:43:59 开始操作号码 【1414516】
2024-09-14 00:44:07 GSD getOne 第 1 次 等待 3 秒
2024-09-14 00:44:10 查询号码 【1414516】，返回信息 {"status":"ok","msg":"-","gid":"609159","time_insert":"2023-03-23 10:55"}
2024-09-14 00:44:10 查询号码 【1414516】，GSD为【"-"】
2024-09-14 00:44:10 ok && -
2024-09-14 00:44:12 CHB 1414516?1726245850 第 1 次 等待 3 秒
2024-09-14 00:44:15 CHB 1414516?1726245850 第 1 次 获取到号码【1414516】GSD
2024-09-14 00:44:15 未获取到号码【1414516】GSD，可能号码格式错误
2024-09-14 00:44:15 获取到号码【1414516】的GSD为【-】
2024-09-14 00:44:26 GSD insert 第 1 次 等待 3 秒
2024-09-14 00:44:29 {"status":"bad","gid":"609159","msg":"添加失败！号码【1414516(-|-)】已存在！"}
2024-09-14 00:44:29 随机等待 214 秒，约 3 分钟
2024-09-14 00:44:29 下次操作: 2024-09-14 00:48:03

2024-09-14 00:48:03 开始第 4519 次操作

2024-09-14 00:48:03 开始操作号码 【1414517】
2024-09-14 00:48:11 GSD getOne 第 1 次 等待 3 秒
2024-09-14 00:48:14 查询号码 【1414517】，返回信息 {"status":"ok","msg":"-","gid":"609195","time_insert":"2023-03-23 11:17"}
2024-09-14 00:48:14 查询号码 【1414517】，GSD为【"-"】
2024-09-14 00:48:14 ok && -
2024-09-14 00:48:16 CHB 1414517?1726246094 第 1 次 等待 3 秒
2024-09-14 00:48:19 CHB 1414517?1726246094 第 1 次 获取到号码【1414517】GSD
2024-09-14 00:48:19 未获取到号码【1414517】GSD，可能号码格式错误
2024-09-14 00:48:19 获取到号码【1414517】的GSD为【-】
2024-09-14 00:48:27 GSD insert 第 1 次 等待 3 秒
2024-09-14 00:48:30 {"status":"bad","gid":"609195","msg":"添加失败！号码【1414517(-|-)】已存在！"}
2024-09-14 00:48:30 随机等待 99 秒，约 1 分钟
2024-09-14 00:48:30 下次操作: 2024-09-14 00:50:09

2024-09-14 00:50:09 开始第 4520 次操作

2024-09-14 00:50:09 开始操作号码 【1414518】
2024-09-14 00:50:18 GSD getOne 第 1 次 等待 3 秒
2024-09-14 00:50:21 查询号码 【1414518】，返回信息 {"status":"ok","msg":"-","gid":"609207","time_insert":"2023-03-23 11:26"}
2024-09-14 00:50:21 查询号码 【1414518】，GSD为【"-"】
2024-09-14 00:50:21 ok && -
2024-09-14 00:50:23 CHB 1414518?1726246221 第 1 次 等待 3 秒
2024-09-14 00:50:26 CHB 1414518?1726246221 第 1 次 获取到号码【1414518】GSD
2024-09-14 00:50:26 未获取到号码【1414518】GSD，可能号码格式错误
2024-09-14 00:50:26 获取到号码【1414518】的GSD为【-】
2024-09-14 00:50:34 GSD insert 第 1 次 等待 3 秒
2024-09-14 00:50:37 {"status":"bad","gid":"609207","msg":"添加失败！号码【1414518(-|-)】已存在！"}

