2023-12-24 00:20:10 开始第 4789 次操作

2023-12-24 00:20:10 开始操作号码 【1854708】
2023-12-24 00:20:14 GSD getOne 第 1 次 等待 3 秒
2023-12-24 00:20:17 查询号码 【1854708】，返回信息 {"status":"ok","msg":"内蒙古-呼伦贝尔","gid":"458829","time_insert":"2021-07-31 18:27"}
2023-12-24 00:20:17 查询号码 【1854708】，GSD为【"内蒙古-呼伦贝尔"】

2023-12-24 00:20:18 开始第 4790 次操作

2023-12-24 00:20:18 开始操作号码 【1854709】
2023-12-24 00:20:26 GSD getOne 第 1 次 等待 3 秒
2023-12-24 00:20:29 查询号码 【1854709】，返回信息 {"status":"ok","msg":"内蒙古-呼伦贝尔","gid":"458817","time_insert":"2021-07-31 18:26"}
2023-12-24 00:20:29 查询号码 【1854709】，GSD为【"内蒙古-呼伦贝尔"】

2023-12-24 00:20:30 开始第 4791 次操作

2023-12-24 00:20:30 开始操作号码 【1854710】
2023-12-24 00:20:35 GSD getOne 第 1 次 等待 3 秒
2023-12-24 00:20:38 查询号码 【1854710】，返回信息 {"status":"ok","msg":"内蒙古-呼和浩特","gid":"458806","time_insert":"2021-07-31 18:25"}
2023-12-24 00:20:38 查询号码 【1854710】，GSD为【"内蒙古-呼和浩特"】

2023-12-24 00:20:39 开始第 4792 次操作

2023-12-24 00:20:39 开始操作号码 【1854711】
2023-12-24 00:20:54 GSD getOne 第 1 次 等待 3 秒
2023-12-24 00:20:57 查询号码 【1854711】，返回信息 {"status":"ok","msg":"内蒙古-呼和浩特","gid":"458792","time_insert":"2021-07-31 18:24"}
2023-12-24 00:20:57 查询号码 【1854711】，GSD为【"内蒙古-呼和浩特"】

