2024-06-17 00:20:52 开始第 1077 次操作

2024-06-17 00:20:52 开始操作号码 【1520985】
2024-06-17 00:21:02 GSD getOne 第 1 次 等待 3 秒
2024-06-17 00:21:05 查询号码 【1520985】，返回信息 {"status":"ok","msg":"安徽-合肥","gid":"92525","time_insert":"2021-06-12 06:50"}
2024-06-17 00:21:05 查询号码 【1520985】，GSD为【"安徽-合肥"】

2024-06-17 00:21:06 开始第 1078 次操作

2024-06-17 00:21:06 开始操作号码 【1520986】
2024-06-17 00:21:13 GSD getOne 第 1 次 等待 3 秒
2024-06-17 00:21:16 查询号码 【1520986】，返回信息 {"status":"ok","msg":"安徽-合肥","gid":"92547","time_insert":"2021-06-12 07:06"}
2024-06-17 00:21:16 查询号码 【1520986】，GSD为【"安徽-合肥"】

2024-06-17 00:21:17 开始第 1079 次操作

2024-06-17 00:21:17 开始操作号码 【1520987】
2024-06-17 00:21:26 GSD getOne 第 1 次 等待 3 秒
2024-06-17 00:21:29 查询号码 【1520987】，返回信息 {"status":"ok","msg":"安徽-合肥","gid":"92567","time_insert":"2021-06-12 07:22"}
2024-06-17 00:21:29 查询号码 【1520987】，GSD为【"安徽-合肥"】

2024-06-17 00:21:30 开始第 1080 次操作

2024-06-17 00:21:30 开始操作号码 【1520988】
2024-06-17 00:21:41 GSD getOne 第 1 次 等待 3 秒
2024-06-17 00:21:44 查询号码 【1520988】，返回信息 {"status":"ok","msg":"安徽-合肥","gid":"92586","time_insert":"2021-06-12 07:38"}
2024-06-17 00:21:44 查询号码 【1520988】，GSD为【"安徽-合肥"】

2024-06-17 00:40:35 开始第 1081 次操作

2024-06-17 00:40:35 开始操作号码 【1520989】
2024-06-17 00:41:10 GSD getOne 第 1 次 等待 3 秒
2024-06-17 00:41:13 查询号码 【1520989】，返回信息 {"status":"ok","msg":"安徽-合肥","gid":"92647","time_insert":"2021-06-12 08:37"}
2024-06-17 00:41:13 查询号码 【1520989】，GSD为【"安徽-合肥"】

2024-06-17 00:41:14 开始第 1082 次操作

2024-06-17 00:41:14 开始操作号码 【1520990】
2024-06-17 00:41:39 GSD getOne 第 1 次 等待 3 秒
2024-06-17 00:41:42 查询号码 【1520990】，返回信息 {"status":"ok","msg":"新疆-克拉玛依","gid":"92667","time_insert":"2021-06-12 08:56"}
2024-06-17 00:41:42 查询号码 【1520990】，GSD为【"新疆-克拉玛依"】

2024-06-17 00:41:43 开始第 1083 次操作

2024-06-17 00:41:43 开始操作号码 【1520991】
2024-06-17 00:41:52 GSD getOne 第 1 次 等待 3 秒
2024-06-17 00:41:55 查询号码 【1520991】，返回信息 {"status":"ok","msg":"新疆-乌鲁木齐","gid":"92690","time_insert":"2021-06-12 09:12"}
2024-06-17 00:41:55 查询号码 【1520991】，GSD为【"新疆-乌鲁木齐"】

2024-06-17 00:41:56 开始第 1084 次操作

2024-06-17 00:41:56 开始操作号码 【1520992】
2024-06-17 00:42:06 GSD getOne 第 1 次 等待 3 秒
2024-06-17 00:42:09 查询号码 【1520992】，返回信息 {"status":"ok","msg":"新疆-奎屯","gid":"92713","time_insert":"2021-06-12 09:30"}
2024-06-17 00:42:09 查询号码 【1520992】，GSD为【"新疆-奎屯"】

