2024-07-05 00:22:20 开始第 4237 次操作

2024-07-05 00:22:20 开始操作号码 【1524139】
2024-07-05 00:22:28 GSD getOne 第 1 次 等待 3 秒
2024-07-05 00:22:31 查询号码 【1524139】，返回信息 {"status":"ok","msg":"辽宁-营口","gid":"273865","time_insert":"2021-07-14 12:02"}
2024-07-05 00:22:31 查询号码 【1524139】，GSD为【"辽宁-营口"】

2024-07-05 00:22:32 开始第 4238 次操作

2024-07-05 00:22:32 开始操作号码 【1524140】
2024-07-05 00:22:40 GSD getOne 第 1 次 等待 3 秒
2024-07-05 00:22:43 查询号码 【1524140】，返回信息 {"status":"ok","msg":"辽宁-本溪","gid":"273912","time_insert":"2021-07-14 12:20"}
2024-07-05 00:22:43 查询号码 【1524140】，GSD为【"辽宁-本溪"】

2024-07-05 00:22:44 开始第 4239 次操作

2024-07-05 00:22:44 开始操作号码 【1524141】
2024-07-05 00:22:54 GSD getOne 第 1 次 等待 3 秒
2024-07-05 00:22:57 查询号码 【1524141】，返回信息 {"status":"ok","msg":"辽宁-本溪","gid":"273976","time_insert":"2021-07-14 12:39"}
2024-07-05 00:22:57 查询号码 【1524141】，GSD为【"辽宁-本溪"】

2024-07-05 00:22:58 开始第 4240 次操作

2024-07-05 00:22:58 开始操作号码 【1524142】
2024-07-05 00:23:06 GSD getOne 第 1 次 等待 3 秒
2024-07-05 00:23:09 查询号码 【1524142】，返回信息 {"status":"ok","msg":"辽宁-本溪","gid":"274196","time_insert":"2021-07-14 12:58"}
2024-07-05 00:23:09 查询号码 【1524142】，GSD为【"辽宁-本溪"】

2024-07-05 00:40:29 开始第 4241 次操作

2024-07-05 00:40:29 开始操作号码 【1524143】
2024-07-05 00:40:37 GSD getOne 第 1 次 等待 3 秒
2024-07-05 00:40:40 查询号码 【1524143】，返回信息 {"status":"ok","msg":"辽宁-本溪","gid":"274290","time_insert":"2021-07-14 13:18"}
2024-07-05 00:40:40 查询号码 【1524143】，GSD为【"辽宁-本溪"】

2024-07-05 00:40:41 开始第 4242 次操作

2024-07-05 00:40:41 开始操作号码 【1524144】
2024-07-05 00:40:51 GSD getOne 第 1 次 等待 3 秒
2024-07-05 00:40:54 查询号码 【1524144】，返回信息 {"status":"ok","msg":"辽宁-本溪","gid":"274341","time_insert":"2021-07-14 13:36"}
2024-07-05 00:40:54 查询号码 【1524144】，GSD为【"辽宁-本溪"】

2024-07-05 00:40:55 开始第 4243 次操作

2024-07-05 00:40:55 开始操作号码 【1524145】
2024-07-05 00:41:05 GSD getOne 第 1 次 等待 3 秒
2024-07-05 00:41:08 查询号码 【1524145】，返回信息 {"status":"ok","msg":"辽宁-大连","gid":"274567","time_insert":"2021-07-14 13:55"}
2024-07-05 00:41:08 查询号码 【1524145】，GSD为【"辽宁-大连"】

2024-07-05 00:41:09 开始第 4244 次操作

2024-07-05 00:41:09 开始操作号码 【1524146】
2024-07-05 00:41:17 GSD getOne 第 1 次 等待 3 秒
2024-07-05 00:41:20 查询号码 【1524146】，返回信息 {"status":"ok","msg":"辽宁-大连","gid":"274620","time_insert":"2021-07-14 14:11"}
2024-07-05 00:41:20 查询号码 【1524146】，GSD为【"辽宁-大连"】

