2024-07-04 00:23:58 开始第 4061 次操作

2024-07-04 00:23:58 开始操作号码 【1523963】
2024-07-04 00:24:08 GSD getOne 第 1 次 等待 3 秒
2024-07-04 00:24:11 查询号码 【1523963】，返回信息 {"status":"ok","msg":"河南-驻马店","gid":"258540","time_insert":"2021-07-12 18:41"}
2024-07-04 00:24:11 查询号码 【1523963】，GSD为【"河南-驻马店"】

2024-07-04 00:24:12 开始第 4062 次操作

2024-07-04 00:24:12 开始操作号码 【1523964】
2024-07-04 00:24:20 GSD getOne 第 1 次 等待 3 秒
2024-07-04 00:24:23 查询号码 【1523964】，返回信息 {"status":"ok","msg":"河南-驻马店","gid":"54333","time_insert":"2020-12-14 14:22"}
2024-07-04 00:24:23 查询号码 【1523964】，GSD为【"河南-驻马店"】

2024-07-04 00:24:24 开始第 4063 次操作

2024-07-04 00:24:24 开始操作号码 【1523965】
2024-07-04 00:24:32 GSD getOne 第 1 次 等待 3 秒
2024-07-04 00:24:35 查询号码 【1523965】，返回信息 {"status":"ok","msg":"河南-驻马店","gid":"19280","time_insert":"2017-08-23 16:21","time_update":"2020-09-12 13:05"}
2024-07-04 00:24:35 查询号码 【1523965】，GSD为【"河南-驻马店"】

2024-07-04 00:24:36 开始第 4064 次操作

2024-07-04 00:24:36 开始操作号码 【1523966】
2024-07-04 00:24:45 GSD getOne 第 1 次 等待 3 秒
2024-07-04 00:24:49 查询号码 【1523966】，返回信息 {"status":"ok","msg":"河南-驻马店","gid":"258784","time_insert":"2021-07-12 18:59"}
2024-07-04 00:24:49 查询号码 【1523966】，GSD为【"河南-驻马店"】

