2024-06-22 00:21:59 开始第 1953 次操作

2024-06-22 00:21:59 开始操作号码 【1521858】
2024-06-22 00:22:16 GSD getOne 第 1 次 等待 3 秒
2024-06-22 00:22:19 查询号码 【1521858】，返回信息 {"status":"ok","msg":"广东-云浮","gid":"109947","time_insert":"2021-06-21 06:29"}
2024-06-22 00:22:19 查询号码 【1521858】，GSD为【"广东-云浮"】

2024-06-22 00:22:20 开始第 1954 次操作

2024-06-22 00:22:20 开始操作号码 【1521859】
2024-06-22 00:22:36 GSD getOne 第 1 次 等待 3 秒
2024-06-22 00:22:39 查询号码 【1521859】，返回信息 {"status":"ok","msg":"广东-云浮","gid":"109969","time_insert":"2021-06-21 06:45"}
2024-06-22 00:22:39 查询号码 【1521859】，GSD为【"广东-云浮"】

2024-06-22 00:22:40 开始第 1955 次操作

2024-06-22 00:22:40 开始操作号码 【1521860】
2024-06-22 00:22:57 GSD getOne 第 1 次 等待 3 秒
2024-06-22 00:23:00 查询号码 【1521860】，返回信息 {"status":"ok","msg":"广东-揭阳","gid":"109992","time_insert":"2021-06-21 07:00"}
2024-06-22 00:23:00 查询号码 【1521860】，GSD为【"广东-揭阳"】

2024-06-22 00:23:01 开始第 1956 次操作

2024-06-22 00:23:01 开始操作号码 【1521861】
2024-06-22 00:23:29 GSD getOne 第 1 次 等待 3 秒
2024-06-22 00:23:32 查询号码 【1521861】，返回信息 {"status":"ok","msg":"广东-揭阳","gid":"110014","time_insert":"2021-06-21 07:16"}
2024-06-22 00:23:32 查询号码 【1521861】，GSD为【"广东-揭阳"】

