2023-10-01 00:19:07 开始第 821 次操作

2023-10-01 00:19:07 开始操作号码 【1950820】
2023-10-01 00:19:17 GSD getOne 第 1 次 等待 3 秒
2023-10-01 00:19:20 查询号码 【1950820】，返回信息 {"status":"ok","msg":"四川-眉山","gid":"497111","time_insert":"2021-08-06 02:11"}
2023-10-01 00:19:21 查询号码 【1950820】，GSD为【"四川-眉山"】

2023-10-01 00:19:22 开始第 822 次操作

2023-10-01 00:19:22 开始操作号码 【1950821】
2023-10-01 00:19:23 GSD getOne 第 1 次 等待 3 秒
2023-10-01 00:19:26 查询号码 【1950821】，返回信息 {"status":"ok","msg":"四川-眉山","gid":"497119","time_insert":"2021-08-06 02:27"}
2023-10-01 00:19:26 查询号码 【1950821】，GSD为【"四川-眉山"】

2023-10-01 00:19:27 开始第 823 次操作

2023-10-01 00:19:27 开始操作号码 【1950822】
2023-10-01 00:19:29 GSD getOne 第 1 次 等待 3 秒
2023-10-01 00:19:32 查询号码 【1950822】，返回信息 {"status":"ok","msg":"四川-眉山","gid":"497133","time_insert":"2021-08-06 02:47"}
2023-10-01 00:19:32 查询号码 【1950822】，GSD为【"四川-眉山"】

2023-10-01 00:19:33 开始第 824 次操作

2023-10-01 00:19:33 开始操作号码 【1950823】
2023-10-01 00:19:34 GSD getOne 第 1 次 等待 3 秒
2023-10-01 00:19:37 查询号码 【1950823】，返回信息 {"status":"ok","msg":"四川-眉山","gid":"497145","time_insert":"2021-08-06 03:06"}
2023-10-01 00:19:37 查询号码 【1950823】，GSD为【"四川-眉山"】

