2024-03-10 00:20:20 开始第 7965 次操作

2024-03-10 00:20:20 开始操作号码 【1747883】
2024-03-10 00:20:26 GSD getOne 第 1 次 等待 3 秒
2024-03-10 00:20:29 查询号码 【1747883】，返回信息 {"status":"ok","msg":"-","gid":"247129","time_insert":"2021-07-11 10:03"}
2024-03-10 00:20:29 查询号码 【1747883】，GSD为【"-"】
2024-03-10 00:20:29 ok && -
2024-03-10 00:20:32 CHB 1747883?1710001229 第 1 次 等待 3 秒
2024-03-10 00:20:35 CHB 1747883?1710001229 第 1 次 获取到号码【1747883】GSD
2024-03-10 00:20:35 未获取到号码【1747883】GSD，可能号码格式错误
2024-03-10 00:20:35 获取到号码【1747883】的GSD为【-】
2024-03-10 00:20:39 GSD insert 第 1 次 等待 3 秒
2024-03-10 00:20:42 {"status":"bad","gid":"247129","msg":"添加失败！号码【1747883(-|-)】已存在！"}
2024-03-10 00:20:42 随机等待 162 秒，约 2 分钟
2024-03-10 00:20:42 下次操作: 2024-03-10 00:23:24

2024-03-10 00:23:24 开始第 7966 次操作

2024-03-10 00:23:24 开始操作号码 【1747884】
2024-03-10 00:23:33 GSD getOne 第 1 次 等待 3 秒
2024-03-10 00:23:36 查询号码 【1747884】，返回信息 {"status":"ok","msg":"-","gid":"247134","time_insert":"2021-07-11 10:04"}
2024-03-10 00:23:36 查询号码 【1747884】，GSD为【"-"】
2024-03-10 00:23:36 ok && -
2024-03-10 00:23:39 CHB 1747884?1710001416 第 1 次 等待 3 秒
2024-03-10 00:23:42 CHB 1747884?1710001416 第 1 次 获取到号码【1747884】GSD
2024-03-10 00:23:42 未获取到号码【1747884】GSD，可能号码格式错误
2024-03-10 00:23:42 获取到号码【1747884】的GSD为【-】
2024-03-10 00:23:47 GSD insert 第 1 次 等待 3 秒
2024-03-10 00:23:50 {"status":"bad","gid":"247134","msg":"添加失败！号码【1747884(-|-)】已存在！"}
2024-03-10 00:23:50 随机等待 160 秒，约 2 分钟
2024-03-10 00:23:50 下次操作: 2024-03-10 00:26:30

2024-03-10 00:26:30 开始第 7967 次操作

2024-03-10 00:26:30 开始操作号码 【1747885】
2024-03-10 00:26:35 GSD getOne 第 1 次 等待 3 秒
2024-03-10 00:26:38 查询号码 【1747885】，返回信息 {"status":"ok","msg":"-","gid":"247239","time_insert":"2021-07-11 10:46"}
2024-03-10 00:26:38 查询号码 【1747885】，GSD为【"-"】
2024-03-10 00:26:38 ok && -
2024-03-10 00:26:41 CHB 1747885?1710001598 第 1 次 等待 3 秒
2024-03-10 00:26:44 CHB 1747885?1710001598 第 1 次 获取到号码【1747885】GSD
2024-03-10 00:26:44 未获取到号码【1747885】GSD，可能号码格式错误
2024-03-10 00:26:44 获取到号码【1747885】的GSD为【-】
2024-03-10 00:26:48 GSD insert 第 1 次 等待 3 秒
2024-03-10 00:26:51 {"status":"bad","gid":"247239","msg":"添加失败！号码【1747885(-|-)】已存在！"}
2024-03-10 00:26:51 随机等待 218 秒，约 3 分钟
2024-03-10 00:26:51 下次操作: 2024-03-10 00:30:29

2024-03-10 00:30:29 开始第 7968 次操作

2024-03-10 00:30:29 开始操作号码 【1747886】
2024-03-10 00:30:34 GSD getOne 第 1 次 等待 3 秒
2024-03-10 00:30:37 查询号码 【1747886】，返回信息 {"status":"ok","msg":"-","gid":"247243","time_insert":"2021-07-11 10:46"}
2024-03-10 00:30:37 查询号码 【1747886】，GSD为【"-"】
2024-03-10 00:30:37 ok && -
2024-03-10 00:30:44 CHB 1747886?1710001837 第 1 次 等待 3 秒
2024-03-10 00:30:47 CHB 1747886?1710001837 第 1 次 获取到号码【1747886】GSD
2024-03-10 00:30:47 未获取到号码【1747886】GSD，可能号码格式错误
2024-03-10 00:30:47 获取到号码【1747886】的GSD为【-】
2024-03-10 00:30:55 GSD insert 第 1 次 等待 3 秒
2024-03-10 00:30:58 {"status":"bad","gid":"247243","msg":"添加失败！号码【1747886(-|-)】已存在！"}

2024-03-10 00:39:05 开始第 7969 次操作

2024-03-10 00:39:05 开始操作号码 【1747887】
2024-03-10 00:39:13 GSD getOne 第 1 次 等待 3 秒
2024-03-10 00:39:16 查询号码 【1747887】，返回信息 {"status":"ok","msg":"-","gid":"247252","time_insert":"2021-07-11 10:47"}
2024-03-10 00:39:16 查询号码 【1747887】，GSD为【"-"】
2024-03-10 00:39:16 ok && -
2024-03-10 00:39:18 CHB 1747887?1710002356 第 1 次 等待 3 秒
2024-03-10 00:39:21 CHB 1747887?1710002356 第 1 次 获取到号码【1747887】GSD
2024-03-10 00:39:21 未获取到号码【1747887】GSD，可能号码格式错误
2024-03-10 00:39:21 获取到号码【1747887】的GSD为【-】
2024-03-10 00:39:26 GSD insert 第 1 次 等待 3 秒
2024-03-10 00:39:29 {"status":"bad","gid":"247252","msg":"添加失败！号码【1747887(-|-)】已存在！"}
2024-03-10 00:39:29 随机等待 176 秒，约 2 分钟
2024-03-10 00:39:29 下次操作: 2024-03-10 00:42:25

2024-03-10 00:42:25 开始第 7970 次操作

2024-03-10 00:42:25 开始操作号码 【1747888】
2024-03-10 00:42:30 GSD getOne 第 1 次 等待 3 秒
2024-03-10 00:42:33 查询号码 【1747888】，返回信息 {"status":"ok","msg":"-","gid":"247261","time_insert":"2021-07-11 10:47"}
2024-03-10 00:42:33 查询号码 【1747888】，GSD为【"-"】
2024-03-10 00:42:33 ok && -
2024-03-10 00:42:35 CHB 1747888?1710002553 第 1 次 等待 3 秒
2024-03-10 00:42:38 CHB 1747888?1710002553 第 1 次 获取到号码【1747888】GSD
2024-03-10 00:42:38 未获取到号码【1747888】GSD，可能号码格式错误
2024-03-10 00:42:38 获取到号码【1747888】的GSD为【-】
2024-03-10 00:42:43 GSD insert 第 1 次 等待 3 秒
2024-03-10 00:42:46 {"status":"bad","gid":"247261","msg":"添加失败！号码【1747888(-|-)】已存在！"}
2024-03-10 00:42:46 随机等待 199 秒，约 3 分钟
2024-03-10 00:42:46 下次操作: 2024-03-10 00:46:05

2024-03-10 00:46:05 开始第 7971 次操作

2024-03-10 00:46:05 开始操作号码 【1747889】
2024-03-10 00:46:11 GSD getOne 第 1 次 等待 3 秒
2024-03-10 00:46:14 查询号码 【1747889】，返回信息 {"status":"ok","msg":"-","gid":"247268","time_insert":"2021-07-11 10:48"}
2024-03-10 00:46:14 查询号码 【1747889】，GSD为【"-"】
2024-03-10 00:46:14 ok && -
2024-03-10 00:46:16 CHB 1747889?1710002774 第 1 次 等待 3 秒
2024-03-10 00:46:19 CHB 1747889?1710002774 第 1 次 获取到号码【1747889】GSD
2024-03-10 00:46:19 未获取到号码【1747889】GSD，可能号码格式错误
2024-03-10 00:46:19 获取到号码【1747889】的GSD为【-】
2024-03-10 00:46:25 GSD insert 第 1 次 等待 3 秒
2024-03-10 00:46:28 {"status":"bad","gid":"247268","msg":"添加失败！号码【1747889(-|-)】已存在！"}
2024-03-10 00:46:28 随机等待 116 秒，约 1 分钟
2024-03-10 00:46:28 下次操作: 2024-03-10 00:48:24

2024-03-10 00:48:24 开始第 7972 次操作

2024-03-10 00:48:24 开始操作号码 【1747890】
2024-03-10 00:48:29 GSD getOne 第 1 次 等待 3 秒
2024-03-10 00:48:32 查询号码 【1747890】，返回信息 {"status":"ok","msg":"-","gid":"247275","time_insert":"2021-07-11 10:48"}
2024-03-10 00:48:32 查询号码 【1747890】，GSD为【"-"】
2024-03-10 00:48:32 ok && -
2024-03-10 00:48:34 CHB 1747890?1710002912 第 1 次 等待 3 秒
2024-03-10 00:48:37 CHB 1747890?1710002912 第 1 次 获取到号码【1747890】GSD
2024-03-10 00:48:37 未获取到号码【1747890】GSD，可能号码格式错误
2024-03-10 00:48:37 获取到号码【1747890】的GSD为【-】
2024-03-10 00:48:43 GSD insert 第 1 次 等待 3 秒
2024-03-10 00:48:46 {"status":"bad","gid":"247275","msg":"添加失败！号码【1747890(-|-)】已存在！"}

