2023-12-16 00:22:40 开始第 3365 次操作

2023-12-16 00:22:40 开始操作号码 【1853284】
2023-12-16 00:22:49 GSD getOne 第 1 次 等待 3 秒
2023-12-16 00:22:52 查询号码 【1853284】，返回信息 {"status":"ok","msg":"河北-张家口","gid":"475601","time_insert":"2021-08-02 04:59"}
2023-12-16 00:22:52 查询号码 【1853284】，GSD为【"河北-张家口"】

2023-12-16 00:22:53 开始第 3366 次操作

2023-12-16 00:22:53 开始操作号码 【1853285】
2023-12-16 00:22:58 GSD getOne 第 1 次 等待 3 秒
2023-12-16 00:23:01 查询号码 【1853285】，返回信息 {"status":"ok","msg":"河北-保定","gid":"475591","time_insert":"2021-08-02 04:58"}
2023-12-16 00:23:01 查询号码 【1853285】，GSD为【"河北-保定"】

2023-12-16 00:23:02 开始第 3367 次操作

2023-12-16 00:23:02 开始操作号码 【1853286】
2023-12-16 00:23:07 GSD getOne 第 1 次 等待 3 秒
2023-12-16 00:23:10 查询号码 【1853286】，返回信息 {"status":"ok","msg":"河北-保定","gid":"475577","time_insert":"2021-08-02 04:58"}
2023-12-16 00:23:10 查询号码 【1853286】，GSD为【"河北-保定"】

2023-12-16 00:23:11 开始第 3368 次操作

2023-12-16 00:23:11 开始操作号码 【1853287】
2023-12-16 00:23:17 GSD getOne 第 1 次 等待 3 秒
2023-12-16 00:23:20 查询号码 【1853287】，返回信息 {"status":"ok","msg":"河北-保定","gid":"475569","time_insert":"2021-08-02 04:57"}
2023-12-16 00:23:20 查询号码 【1853287】，GSD为【"河北-保定"】

