2024-01-17 00:22:58 开始第 9029 次操作

2024-01-17 00:22:58 开始操作号码 【1858948】
2024-01-17 00:23:02 GSD getOne 第 1 次 等待 3 秒
2024-01-17 00:23:05 查询号码 【1858948】，返回信息 {"status":"ok","msg":"西藏-拉萨","gid":"415198","time_insert":"2021-07-27 17:06"}
2024-01-17 00:23:05 查询号码 【1858948】，GSD为【"西藏-拉萨"】

2024-01-17 00:23:06 开始第 9030 次操作

2024-01-17 00:23:06 开始操作号码 【1858949】
2024-01-17 00:23:11 GSD getOne 第 1 次 等待 3 秒
2024-01-17 00:23:14 查询号码 【1858949】，返回信息 {"status":"ok","msg":"西藏-拉萨","gid":"415182","time_insert":"2021-07-27 17:05"}
2024-01-17 00:23:14 查询号码 【1858949】，GSD为【"西藏-拉萨"】

2024-01-17 00:23:15 开始第 9031 次操作

2024-01-17 00:23:15 开始操作号码 【1858950】
2024-01-17 00:23:20 GSD getOne 第 1 次 等待 3 秒
2024-01-17 00:23:23 查询号码 【1858950】，返回信息 {"status":"ok","msg":"海南-海口","gid":"415167","time_insert":"2021-07-27 17:04"}
2024-01-17 00:23:23 查询号码 【1858950】，GSD为【"海南-海口"】

2024-01-17 00:23:24 开始第 9032 次操作

2024-01-17 00:23:24 开始操作号码 【1858951】
2024-01-17 00:23:31 GSD getOne 第 1 次 等待 3 秒
2024-01-17 00:23:34 查询号码 【1858951】，返回信息 {"status":"ok","msg":"海南-海口","gid":"415153","time_insert":"2021-07-27 17:03"}
2024-01-17 00:23:34 查询号码 【1858951】，GSD为【"海南-海口"】

