2024-01-29 00:18:39 开始第 677 次操作

2024-01-29 00:18:39 开始操作号码 【1740596】
2024-01-29 00:18:43 GSD getOne 第 1 次 等待 3 秒
2024-01-29 00:18:46 查询号码 【1740596】，返回信息 {"status":"ok","msg":"陕西-西安","gid":"139225","time_insert":"2021-06-27 13:07"}
2024-01-29 00:18:46 查询号码 【1740596】，GSD为【"陕西-西安"】

2024-01-29 00:18:47 开始第 678 次操作

2024-01-29 00:18:47 开始操作号码 【1740597】
2024-01-29 00:18:50 GSD getOne 第 1 次 等待 3 秒
2024-01-29 00:18:53 查询号码 【1740597】，返回信息 {"status":"ok","msg":"陕西-西安","gid":"139232","time_insert":"2021-06-27 13:07"}
2024-01-29 00:18:53 查询号码 【1740597】，GSD为【"陕西-西安"】

2024-01-29 00:18:54 开始第 679 次操作

2024-01-29 00:18:54 开始操作号码 【1740598】
2024-01-29 00:18:58 GSD getOne 第 1 次 等待 3 秒
2024-01-29 00:19:01 查询号码 【1740598】，返回信息 {"status":"ok","msg":"陕西-西安","gid":"139239","time_insert":"2021-06-27 13:07"}
2024-01-29 00:19:01 查询号码 【1740598】，GSD为【"陕西-西安"】

2024-01-29 00:19:02 开始第 680 次操作

2024-01-29 00:19:02 开始操作号码 【1740599】
2024-01-29 00:19:06 GSD getOne 第 1 次 等待 3 秒
2024-01-29 00:19:09 查询号码 【1740599】，返回信息 {"status":"ok","msg":"陕西-西安","gid":"139247","time_insert":"2021-06-27 13:08"}
2024-01-29 00:19:09 查询号码 【1740599】，GSD为【"陕西-西安"】

