2024-06-27 00:23:16 开始第 2833 次操作

2024-06-27 00:23:16 开始操作号码 【1522736】
2024-06-27 00:23:32 GSD getOne 第 1 次 等待 3 秒
2024-06-27 00:23:35 查询号码 【1522736】，返回信息 {"status":"ok","msg":"河北-邢台","gid":"162386","time_insert":"2021-06-30 19:00"}
2024-06-27 00:23:35 查询号码 【1522736】，GSD为【"河北-邢台"】

2024-06-27 00:23:36 开始第 2834 次操作

2024-06-27 00:23:36 开始操作号码 【1522737】
2024-06-27 00:23:54 GSD getOne 第 1 次 等待 3 秒
2024-06-27 00:23:57 查询号码 【1522737】，返回信息 {"status":"ok","msg":"河北-邢台","gid":"162420","time_insert":"2021-06-30 19:17"}
2024-06-27 00:23:57 查询号码 【1522737】，GSD为【"河北-邢台"】

2024-06-27 00:23:58 开始第 2835 次操作

2024-06-27 00:23:58 开始操作号码 【1522738】
2024-06-27 00:24:12 GSD getOne 第 1 次 等待 3 秒
2024-06-27 00:24:15 查询号码 【1522738】，返回信息 {"status":"ok","msg":"河北-邢台","gid":"162449","time_insert":"2021-06-30 19:35"}
2024-06-27 00:24:15 查询号码 【1522738】，GSD为【"河北-邢台"】

2024-06-27 00:24:16 开始第 2836 次操作

2024-06-27 00:24:16 开始操作号码 【1522739】
2024-06-27 00:24:36 GSD getOne 第 1 次 等待 3 秒
2024-06-27 00:24:39 查询号码 【1522739】，返回信息 {"status":"ok","msg":"河北-邢台","gid":"162497","time_insert":"2021-06-30 19:53","time_update":"2021-06-30 20:05"}
2024-06-27 00:24:39 查询号码 【1522739】，GSD为【"河北-邢台"】

2024-06-27 00:41:17 开始第 2837 次操作

2024-06-27 00:41:17 开始操作号码 【1522740】
2024-06-27 00:41:38 GSD getOne 第 1 次 等待 3 秒
2024-06-27 00:41:41 查询号码 【1522740】，返回信息 {"status":"ok","msg":"河北-邯郸","gid":"162534","time_insert":"2021-06-30 20:10"}
2024-06-27 00:41:41 查询号码 【1522740】，GSD为【"河北-邯郸"】

2024-06-27 00:41:42 开始第 2838 次操作

2024-06-27 00:41:42 开始操作号码 【1522741】
2024-06-27 00:42:03 GSD getOne 第 1 次 等待 3 秒
2024-06-27 00:42:06 查询号码 【1522741】，返回信息 {"status":"ok","msg":"河北-邯郸","gid":"162558","time_insert":"2021-06-30 20:27"}
2024-06-27 00:42:06 查询号码 【1522741】，GSD为【"河北-邯郸"】

2024-06-27 00:42:07 开始第 2839 次操作

2024-06-27 00:42:07 开始操作号码 【1522742】
2024-06-27 00:42:35 GSD getOne 第 1 次 等待 3 秒
2024-06-27 00:42:38 查询号码 【1522742】，返回信息 {"status":"ok","msg":"河北-邯郸","gid":"162585","time_insert":"2021-06-30 20:45"}
2024-06-27 00:42:38 查询号码 【1522742】，GSD为【"河北-邯郸"】

2024-06-27 00:42:39 开始第 2840 次操作

2024-06-27 00:42:39 开始操作号码 【1522743】
2024-06-27 00:43:18 GSD getOne 第 1 次 等待 3 秒
2024-06-27 00:43:21 查询号码 【1522743】，返回信息 {"status":"ok","msg":"河北-邯郸","gid":"162611","time_insert":"2021-06-30 21:04"}
2024-06-27 00:43:21 查询号码 【1522743】，GSD为【"河北-邯郸"】

2024-06-27 01:15:56 开始第 2841 次操作

2024-06-27 01:15:56 开始操作号码 【1522744】
2024-06-27 01:16:18 GSD getOne 第 1 次 等待 3 秒
2024-06-27 01:16:21 查询号码 【1522744】，返回信息 {"status":"ok","msg":"河北-邯郸","gid":"162634","time_insert":"2021-06-30 21:21"}
2024-06-27 01:16:21 查询号码 【1522744】，GSD为【"河北-邯郸"】

2024-06-27 01:16:22 开始第 2842 次操作

2024-06-27 01:16:22 开始操作号码 【1522745】
2024-06-27 01:16:40 GSD getOne 第 1 次 等待 3 秒
2024-06-27 01:16:43 查询号码 【1522745】，返回信息 {"status":"ok","msg":"河北-邯郸","gid":"162671","time_insert":"2021-06-30 21:38"}
2024-06-27 01:16:43 查询号码 【1522745】，GSD为【"河北-邯郸"】

2024-06-27 01:16:44 开始第 2843 次操作

2024-06-27 01:16:44 开始操作号码 【1522746】
2024-06-27 01:17:07 GSD getOne 第 1 次 等待 3 秒
2024-06-27 01:17:10 查询号码 【1522746】，返回信息 {"status":"ok","msg":"河北-邯郸","gid":"162718","time_insert":"2021-06-30 21:58"}
2024-06-27 01:17:10 查询号码 【1522746】，GSD为【"河北-邯郸"】

2024-06-27 01:17:11 开始第 2844 次操作

2024-06-27 01:17:11 开始操作号码 【1522747】
2024-06-27 01:17:30 GSD getOne 第 1 次 等待 3 秒
2024-06-27 01:17:33 查询号码 【1522747】，返回信息 {"status":"ok","msg":"河北-邯郸","gid":"162742","time_insert":"2021-06-30 22:16"}
2024-06-27 01:17:33 查询号码 【1522747】，GSD为【"河北-邯郸"】

