2021-07-09 00:00:01 开始第 16 次操作

2021-07-09 00:00:01 开始操作号码 【1777683】
2021-07-09 00:00:08 GSD getOne 第 1 次 等待 1 秒
2021-07-09 00:00:09 查询号码 【1777683】，返回信息 {"status":"bad","msg":""}
2021-07-09 00:00:09 查询号码 【1777683】，GSD为【""】
2021-07-09 00:00:09 bad
2021-07-09 00:00:11 CHB 1777683?1625760009 第 1 次 等待 1 秒
2021-07-09 00:00:12 CHB 1777683?1625760009 第 1 次 获取到号码【1777683】GSD
2021-07-09 00:00:12 获取到号码【1777683】的GSD为【海南-海口】
2021-07-09 00:00:18 GSD insert 第 1 次 等待 1 秒
2021-07-09 00:00:19 {"status":"ok","msg":"添加成功！226417"}
2021-07-09 00:00:19 下次操作: 2021-07-09 00:00:27

2021-07-09 00:00:27 开始第 17 次操作

2021-07-09 00:00:27 开始操作号码 【1777682】
2021-07-09 00:00:32 GSD getOne 第 1 次 等待 1 秒
2021-07-09 00:00:33 查询号码 【1777682】，返回信息 {"status":"bad","msg":""}
2021-07-09 00:00:33 查询号码 【1777682】，GSD为【""】
2021-07-09 00:00:33 bad
2021-07-09 00:00:36 CHB 1777682?1625760033 第 1 次 等待 1 秒
2021-07-09 00:00:37 CHB 1777682?1625760033 第 1 次 获取到号码【1777682】GSD
2021-07-09 00:00:37 获取到号码【1777682】的GSD为【海南-海口】
2021-07-09 00:00:44 GSD insert 第 1 次 等待 1 秒
2021-07-09 00:00:45 {"status":"ok","msg":"添加成功！226423"}
2021-07-09 00:00:45 下次操作: 2021-07-09 00:00:57

2021-07-09 00:00:57 开始第 18 次操作

2021-07-09 00:00:57 开始操作号码 【1777681】
2021-07-09 00:01:04 GSD getOne 第 1 次 等待 1 秒
2021-07-09 00:01:05 查询号码 【1777681】，返回信息 {"status":"bad","msg":""}
2021-07-09 00:01:05 查询号码 【1777681】，GSD为【""】
2021-07-09 00:01:05 bad
2021-07-09 00:01:13 CHB 1777681?1625760065 第 1 次 等待 1 秒
2021-07-09 00:01:14 CHB 1777681?1625760065 第 1 次 获取到号码【1777681】GSD
2021-07-09 00:01:14 获取到号码【1777681】的GSD为【海南-海口】
2021-07-09 00:01:19 GSD insert 第 1 次 等待 1 秒
2021-07-09 00:01:20 {"status":"ok","msg":"添加成功！226427"}
2021-07-09 00:01:20 下次操作: 2021-07-09 00:01:33

2021-07-09 00:01:33 开始第 19 次操作

2021-07-09 00:01:33 开始操作号码 【1777680】
2021-07-09 00:01:38 GSD getOne 第 1 次 等待 1 秒
2021-07-09 00:01:39 查询号码 【1777680】，返回信息 {"status":"bad","msg":""}
2021-07-09 00:01:39 查询号码 【1777680】，GSD为【""】
2021-07-09 00:01:39 bad
2021-07-09 00:01:42 CHB 1777680?1625760099 第 1 次 等待 1 秒
2021-07-09 00:01:43 CHB 1777680?1625760099 第 1 次 获取到号码【1777680】GSD
2021-07-09 00:01:43 获取到号码【1777680】的GSD为【海南-海口】
2021-07-09 00:01:48 GSD insert 第 1 次 等待 1 秒
2021-07-09 00:01:49 {"status":"ok","msg":"添加成功！226432"}
2021-07-09 00:01:49 下次操作: 2021-07-09 00:01:55

2021-07-09 00:01:55 开始第 20 次操作

2021-07-09 00:01:55 开始操作号码 【1777679】
2021-07-09 00:02:00 GSD getOne 第 1 次 等待 1 秒
2021-07-09 00:02:01 查询号码 【1777679】，返回信息 {"status":"bad","msg":""}
2021-07-09 00:02:01 查询号码 【1777679】，GSD为【""】
2021-07-09 00:02:01 bad
2021-07-09 00:02:06 CHB 1777679?1625760121 第 1 次 等待 1 秒
2021-07-09 00:02:07 CHB 1777679?1625760121 第 1 次 获取到号码【1777679】GSD
2021-07-09 00:02:07 获取到号码【1777679】的GSD为【广西-贵港】
2021-07-09 00:02:12 GSD insert 第 1 次 等待 1 秒
2021-07-09 00:02:13 {"status":"ok","msg":"添加成功！226436"}
2021-07-09 00:02:13 下次操作: 2021-07-09 00:02:29

2021-07-09 00:02:29 开始第 21 次操作

2021-07-09 00:02:29 开始操作号码 【1777678】
2021-07-09 00:02:33 GSD getOne 第 1 次 等待 1 秒
2021-07-09 00:02:34 查询号码 【1777678】，返回信息 {"status":"bad","msg":""}
2021-07-09 00:02:34 查询号码 【1777678】，GSD为【""】
2021-07-09 00:02:34 bad
2021-07-09 00:02:38 CHB 1777678?1625760154 第 1 次 等待 1 秒
2021-07-09 00:02:39 CHB 1777678?1625760154 第 1 次 获取到号码【1777678】GSD
2021-07-09 00:02:39 获取到号码【1777678】的GSD为【广西-贵港】
2021-07-09 00:02:43 GSD insert 第 1 次 等待 1 秒
2021-07-09 00:02:44 {"status":"ok","msg":"添加成功！226442"}
2021-07-09 00:02:44 下次操作: 2021-07-09 00:02:53

2021-07-09 00:02:53 开始第 22 次操作

2021-07-09 00:02:53 开始操作号码 【1777677】
2021-07-09 00:03:02 GSD getOne 第 1 次 等待 1 秒
2021-07-09 00:03:03 查询号码 【1777677】，返回信息 {"status":"bad","msg":""}
2021-07-09 00:03:03 查询号码 【1777677】，GSD为【""】
2021-07-09 00:03:03 bad
2021-07-09 00:03:05 CHB 1777677?1625760183 第 1 次 等待 1 秒
2021-07-09 00:03:06 CHB 1777677?1625760183 第 1 次 获取到号码【1777677】GSD
2021-07-09 00:03:07 获取到号码【1777677】的GSD为【广西-贵港】
2021-07-09 00:03:11 GSD insert 第 1 次 等待 1 秒
2021-07-09 00:03:12 {"status":"ok","msg":"添加成功！226449"}
2021-07-09 00:03:12 下次操作: 2021-07-09 00:03:25

2021-07-09 00:03:25 开始第 23 次操作

2021-07-09 00:03:25 开始操作号码 【1777676】
2021-07-09 00:03:31 GSD getOne 第 1 次 等待 1 秒
2021-07-09 00:03:32 查询号码 【1777676】，返回信息 {"status":"bad","msg":""}
2021-07-09 00:03:32 查询号码 【1777676】，GSD为【""】
2021-07-09 00:03:32 bad
2021-07-09 00:03:39 CHB 1777676?1625760212 第 1 次 等待 1 秒
2021-07-09 00:03:40 CHB 1777676?1625760212 第 1 次 获取到号码【1777676】GSD
2021-07-09 00:03:40 获取到号码【1777676】的GSD为【广西-贵港】
2021-07-09 00:03:44 GSD insert 第 1 次 等待 1 秒
2021-07-09 00:03:45 {"status":"ok","msg":"添加成功！226460"}
2021-07-09 00:03:45 下次操作: 2021-07-09 00:03:57

2021-07-09 00:03:57 开始第 24 次操作

2021-07-09 00:03:57 开始操作号码 【1777675】
2021-07-09 00:04:04 GSD getOne 第 1 次 等待 1 秒
2021-07-09 00:04:05 查询号码 【1777675】，返回信息 {"status":"bad","msg":""}
2021-07-09 00:04:06 查询号码 【1777675】，GSD为【""】
2021-07-09 00:04:06 bad
2021-07-09 00:04:08 CHB 1777675?1625760246 第 1 次 等待 1 秒
2021-07-09 00:04:09 CHB 1777675?1625760246 第 1 次 获取到号码【1777675】GSD
2021-07-09 00:04:09 获取到号码【1777675】的GSD为【广西-贵港】
2021-07-09 00:04:16 GSD insert 第 1 次 等待 1 秒
2021-07-09 00:04:17 {"status":"ok","msg":"添加成功！226468"}
2021-07-09 00:04:17 下次操作: 2021-07-09 00:04:30

2021-07-09 00:04:30 开始第 25 次操作

2021-07-09 00:04:30 开始操作号码 【1777674】
2021-07-09 00:04:37 GSD getOne 第 1 次 等待 1 秒
2021-07-09 00:04:38 查询号码 【1777674】，返回信息 {"status":"bad","msg":""}
2021-07-09 00:04:38 查询号码 【1777674】，GSD为【""】
2021-07-09 00:04:38 bad
2021-07-09 00:04:44 CHB 1777674?1625760278 第 1 次 等待 1 秒
2021-07-09 00:04:45 CHB 1777674?1625760278 第 1 次 获取到号码【1777674】GSD
2021-07-09 00:04:45 获取到号码【1777674】的GSD为【广西-贵港】
2021-07-09 00:04:50 GSD insert 第 1 次 等待 1 秒
2021-07-09 00:04:51 {"status":"ok","msg":"添加成功！226480"}
2021-07-09 00:04:51 下次操作: 2021-07-09 00:05:08

2021-07-09 00:05:08 开始第 26 次操作

2021-07-09 00:05:08 开始操作号码 【1777673】
2021-07-09 00:05:12 GSD getOne 第 1 次 等待 1 秒
2021-07-09 00:05:13 查询号码 【1777673】，返回信息 {"status":"bad","msg":""}
2021-07-09 00:05:13 查询号码 【1777673】，GSD为【""】
2021-07-09 00:05:13 bad
2021-07-09 00:05:16 CHB 1777673?1625760313 第 1 次 等待 1 秒
2021-07-09 00:05:17 CHB 1777673?1625760313 第 1 次 获取到号码【1777673】GSD
2021-07-09 00:05:17 获取到号码【1777673】的GSD为【广西-玉林】
2021-07-09 00:05:22 GSD insert 第 1 次 等待 1 秒
2021-07-09 00:05:23 {"status":"ok","msg":"添加成功！226489"}
2021-07-09 00:05:23 下次操作: 2021-07-09 00:05:37

2021-07-09 00:05:37 开始第 27 次操作

2021-07-09 00:05:37 开始操作号码 【1777672】
2021-07-09 00:05:41 GSD getOne 第 1 次 等待 1 秒
2021-07-09 00:05:42 查询号码 【1777672】，返回信息 {"status":"bad","msg":""}
2021-07-09 00:05:42 查询号码 【1777672】，GSD为【""】
2021-07-09 00:05:42 bad
2021-07-09 00:05:47 CHB 1777672?1625760342 第 1 次 等待 1 秒
2021-07-09 00:05:48 CHB 1777672?1625760342 第 1 次 获取到号码【1777672】GSD
2021-07-09 00:05:48 获取到号码【1777672】的GSD为【广西-玉林】
2021-07-09 00:05:52 GSD insert 第 1 次 等待 1 秒
2021-07-09 00:05:53 {"status":"ok","msg":"添加成功！226495"}
2021-07-09 00:05:53 下次操作: 2021-07-09 00:06:11

2021-07-09 00:06:11 开始第 28 次操作

2021-07-09 00:06:11 开始操作号码 【1777671】
2021-07-09 00:06:15 GSD getOne 第 1 次 等待 1 秒
2021-07-09 00:06:16 查询号码 【1777671】，返回信息 {"status":"bad","msg":""}
2021-07-09 00:06:16 查询号码 【1777671】，GSD为【""】
2021-07-09 00:06:16 bad
2021-07-09 00:06:20 CHB 1777671?1625760376 第 1 次 等待 1 秒
2021-07-09 00:06:21 CHB 1777671?1625760376 第 1 次 获取到号码【1777671】GSD
2021-07-09 00:06:21 获取到号码【1777671】的GSD为【广西-玉林】
2021-07-09 00:06:28 GSD insert 第 1 次 等待 1 秒
2021-07-09 00:06:29 {"status":"ok","msg":"添加成功！226503"}
2021-07-09 00:06:29 下次操作: 2021-07-09 00:06:45

2021-07-09 00:06:45 开始第 29 次操作

2021-07-09 00:06:45 开始操作号码 【1777670】
2021-07-09 00:06:49 GSD getOne 第 1 次 等待 1 秒
2021-07-09 00:06:50 查询号码 【1777670】，返回信息 {"status":"bad","msg":""}
2021-07-09 00:06:50 查询号码 【1777670】，GSD为【""】
2021-07-09 00:06:50 bad
2021-07-09 00:06:52 CHB 1777670?1625760410 第 1 次 等待 1 秒
2021-07-09 00:06:53 CHB 1777670?1625760410 第 1 次 获取到号码【1777670】GSD
2021-07-09 00:06:53 获取到号码【1777670】的GSD为【广西-玉林】
2021-07-09 00:06:59 GSD insert 第 1 次 等待 1 秒
2021-07-09 00:07:00 {"status":"ok","msg":"添加成功！226510"}
2021-07-09 00:07:00 下次操作: 2021-07-09 00:07:13

2021-07-09 00:07:13 开始第 30 次操作

2021-07-09 00:07:13 开始操作号码 【1777669】
2021-07-09 00:07:19 GSD getOne 第 1 次 等待 1 秒
2021-07-09 00:07:20 查询号码 【1777669】，返回信息 {"status":"bad","msg":""}
2021-07-09 00:07:20 查询号码 【1777669】，GSD为【""】
2021-07-09 00:07:20 bad
2021-07-09 00:07:23 CHB 1777669?1625760440 第 1 次 等待 1 秒
2021-07-09 00:07:24 CHB 1777669?1625760440 第 1 次 获取到号码【1777669】GSD
2021-07-09 00:07:24 获取到号码【1777669】的GSD为【广西-南宁】
2021-07-09 00:07:28 GSD insert 第 1 次 等待 1 秒
2021-07-09 00:07:29 {"status":"ok","msg":"添加成功！226518"}

2021-07-09 01:07:49 开始第 1 次操作

2021-07-09 01:07:49 开始操作号码 【1777668】
2021-07-09 01:08:18 GSD getOne 第 1 次 等待 1 秒
2021-07-09 01:08:19 查询号码 【1777668】，返回信息 {"status":"bad","msg":""}
2021-07-09 01:08:19 查询号码 【1777668】，GSD为【""】
2021-07-09 01:08:19 bad
2021-07-09 01:08:35 CHB 1777668?1625764099 第 1 次 等待 1 秒
2021-07-09 01:08:36 CHB 1777668?1625764099 第 1 次 获取到号码【1777668】GSD
2021-07-09 01:08:36 获取到号码【1777668】的GSD为【广西-南宁】
2021-07-09 01:08:40 GSD insert 第 1 次 等待 1 秒
2021-07-09 01:08:41 {"status":"ok","msg":"添加成功！226730"}
2021-07-09 01:08:41 下次操作: 2021-07-09 01:08:53

2021-07-09 01:08:53 开始第 2 次操作

2021-07-09 01:08:53 开始操作号码 【1777667】
2021-07-09 01:09:01 GSD getOne 第 1 次 等待 1 秒
2021-07-09 01:09:02 查询号码 【1777667】，返回信息 {"status":"bad","msg":""}
2021-07-09 01:09:02 查询号码 【1777667】，GSD为【""】
2021-07-09 01:09:02 bad
2021-07-09 01:09:13 CHB 1777667?1625764142 第 1 次 等待 1 秒
2021-07-09 01:09:14 CHB 1777667?1625764142 第 1 次 获取到号码【1777667】GSD
2021-07-09 01:09:14 获取到号码【1777667】的GSD为【广西-南宁】
2021-07-09 01:09:18 GSD insert 第 1 次 等待 1 秒
2021-07-09 01:09:19 {"status":"ok","msg":"添加成功！226734"}
2021-07-09 01:09:19 下次操作: 2021-07-09 01:09:29

2021-07-09 01:09:29 开始第 3 次操作

2021-07-09 01:09:29 开始操作号码 【1777666】
2021-07-09 01:09:37 GSD getOne 第 1 次 等待 1 秒
2021-07-09 01:09:38 查询号码 【1777666】，返回信息 {"status":"bad","msg":""}
2021-07-09 01:09:38 查询号码 【1777666】，GSD为【""】
2021-07-09 01:09:38 bad
2021-07-09 01:10:02 CHB 1777666?1625764178 第 1 次 等待 1 秒
2021-07-09 01:10:03 CHB 1777666?1625764178 第 1 次 获取到号码【1777666】GSD
2021-07-09 01:10:03 获取到号码【1777666】的GSD为【广西-南宁】
2021-07-09 01:10:08 GSD insert 第 1 次 等待 1 秒
2021-07-09 01:10:09 {"status":"ok","msg":"添加成功！226739"}
2021-07-09 01:10:09 下次操作: 2021-07-09 01:10:16

2021-07-09 01:10:16 开始第 4 次操作

2021-07-09 01:10:16 开始操作号码 【1777665】
2021-07-09 01:10:31 GSD getOne 第 1 次 等待 1 秒
2021-07-09 01:10:32 查询号码 【1777665】，返回信息 {"status":"bad","msg":""}
2021-07-09 01:10:32 查询号码 【1777665】，GSD为【""】
2021-07-09 01:10:32 bad
2021-07-09 01:10:34 CHB 1777665?1625764232 第 1 次 等待 1 秒
2021-07-09 01:10:35 CHB 1777665?1625764232 第 1 次 获取到号码【1777665】GSD
2021-07-09 01:10:35 获取到号码【1777665】的GSD为【广西-南宁】
2021-07-09 01:10:38 GSD insert 第 1 次 等待 1 秒
2021-07-09 01:10:39 {"status":"ok","msg":"添加成功！226743"}
2021-07-09 01:10:39 下次操作: 2021-07-09 01:10:52

2021-07-09 01:10:52 开始第 5 次操作

2021-07-09 01:10:52 开始操作号码 【1777664】
2021-07-09 01:11:01 GSD getOne 第 1 次 等待 1 秒
2021-07-09 01:11:02 查询号码 【1777664】，返回信息 {"status":"bad","msg":""}
2021-07-09 01:11:02 查询号码 【1777664】，GSD为【""】
2021-07-09 01:11:02 bad
2021-07-09 01:11:08 CHB 1777664?1625764262 第 1 次 等待 1 秒
2021-07-09 01:11:09 CHB 1777664?1625764262 第 1 次 获取到号码【1777664】GSD
2021-07-09 01:11:09 获取到号码【1777664】的GSD为【广西-南宁】
2021-07-09 01:11:15 GSD insert 第 1 次 等待 1 秒
2021-07-09 01:11:16 {"status":"ok","msg":"添加成功！226751"}
2021-07-09 01:11:16 下次操作: 2021-07-09 01:11:25

2021-07-09 01:11:25 开始第 6 次操作

2021-07-09 01:11:25 开始操作号码 【1777663】
2021-07-09 01:11:30 GSD getOne 第 1 次 等待 1 秒
2021-07-09 01:11:31 查询号码 【1777663】，返回信息 {"status":"bad","msg":""}
2021-07-09 01:11:31 查询号码 【1777663】，GSD为【""】
2021-07-09 01:11:31 bad
2021-07-09 01:11:37 CHB 1777663?1625764291 第 1 次 等待 1 秒
2021-07-09 01:11:38 CHB 1777663?1625764291 第 1 次 获取到号码【1777663】GSD
2021-07-09 01:11:38 获取到号码【1777663】的GSD为【广西-南宁】
2021-07-09 01:11:45 GSD insert 第 1 次 等待 1 秒
2021-07-09 01:11:46 {"status":"ok","msg":"添加成功！226759"}
2021-07-09 01:11:46 下次操作: 2021-07-09 01:11:59

2021-07-09 01:11:59 开始第 7 次操作

2021-07-09 01:12:00 开始操作号码 【1777662】
2021-07-09 01:12:10 GSD getOne 第 1 次 等待 1 秒
2021-07-09 01:12:11 查询号码 【1777662】，返回信息 {"status":"ok","msg":"广西-南宁","time_insert":"2017-04-19 16:11","time_update":"2020-12-17 14:07"}
2021-07-09 01:12:11 查询号码 【1777662】，GSD为【"广西-南宁"】

2021-07-09 01:12:11 开始第 7 次操作

2021-07-09 01:12:11 开始操作号码 【1777661】
2021-07-09 01:12:15 GSD getOne 第 1 次 等待 1 秒
2021-07-09 01:12:16 查询号码 【1777661】，返回信息 {"status":"bad","msg":""}
2021-07-09 01:12:16 查询号码 【1777661】，GSD为【""】
2021-07-09 01:12:16 bad
2021-07-09 01:12:23 CHB 1777661?1625764336 第 1 次 等待 1 秒
2021-07-09 01:12:24 CHB 1777661?1625764336 第 1 次 获取到号码【1777661】GSD
2021-07-09 01:12:24 获取到号码【1777661】的GSD为【广西-南宁】
2021-07-09 01:12:28 GSD insert 第 1 次 等待 1 秒
2021-07-09 01:12:29 {"status":"ok","msg":"添加成功！226767"}
2021-07-09 01:12:29 下次操作: 2021-07-09 01:12:40

2021-07-09 01:12:40 开始第 8 次操作

2021-07-09 01:12:40 开始操作号码 【1777660】
2021-07-09 01:12:45 GSD getOne 第 1 次 等待 1 秒
2021-07-09 01:12:46 查询号码 【1777660】，返回信息 {"status":"bad","msg":""}
2021-07-09 01:12:46 查询号码 【1777660】，GSD为【""】
2021-07-09 01:12:46 bad
2021-07-09 01:12:48 CHB 1777660?1625764366 第 1 次 等待 1 秒
2021-07-09 01:12:49 CHB 1777660?1625764366 第 1 次 获取到号码【1777660】GSD
2021-07-09 01:12:49 获取到号码【1777660】的GSD为【广西-南宁】
2021-07-09 01:12:59 GSD insert 第 1 次 等待 1 秒
2021-07-09 01:13:00 {"status":"ok","msg":"添加成功！226771"}
2021-07-09 01:13:00 下次操作: 2021-07-09 01:13:10

2021-07-09 01:13:10 开始第 9 次操作

2021-07-09 01:13:10 开始操作号码 【1777659】
2021-07-09 01:13:14 GSD getOne 第 1 次 等待 1 秒
2021-07-09 01:13:15 查询号码 【1777659】，返回信息 {"status":"bad","msg":""}
2021-07-09 01:13:15 查询号码 【1777659】，GSD为【""】
2021-07-09 01:13:15 bad
2021-07-09 01:13:17 CHB 1777659?1625764395 第 1 次 等待 1 秒
2021-07-09 01:13:18 CHB 1777659?1625764395 第 1 次 获取到号码【1777659】GSD
2021-07-09 01:13:18 获取到号码【1777659】的GSD为【广西-河池】
2021-07-09 01:13:23 GSD insert 第 1 次 等待 1 秒
2021-07-09 01:13:24 {"status":"ok","msg":"添加成功！226774"}
2021-07-09 01:13:24 下次操作: 2021-07-09 01:13:34

2021-07-09 01:13:34 开始第 10 次操作

2021-07-09 01:13:34 开始操作号码 【1777658】
2021-07-09 01:13:57 GSD getOne 第 1 次 等待 1 秒
2021-07-09 01:13:58 查询号码 【1777658】，返回信息 {"status":"bad","msg":""}
2021-07-09 01:13:59 查询号码 【1777658】，GSD为【""】
2021-07-09 01:13:59 bad
2021-07-09 01:14:09 CHB 1777658?1625764439 第 1 次 等待 1 秒
2021-07-09 01:14:10 CHB 1777658?1625764439 第 1 次 获取到号码【1777658】GSD
2021-07-09 01:14:10 获取到号码【1777658】的GSD为【广西-河池】
2021-07-09 01:14:17 GSD insert 第 1 次 等待 1 秒
2021-07-09 01:14:18 {"status":"ok","msg":"添加成功！226783"}
2021-07-09 01:14:18 下次操作: 2021-07-09 01:14:32

2021-07-09 01:14:32 开始第 11 次操作

2021-07-09 01:14:32 开始操作号码 【1777657】
2021-07-09 01:14:39 GSD getOne 第 1 次 等待 1 秒
2021-07-09 01:14:40 查询号码 【1777657】，返回信息 {"status":"ok","msg":"广西-河池","time_insert":"2021-04-21 14:39"}
2021-07-09 01:14:40 查询号码 【1777657】，GSD为【"广西-河池"】

2021-07-09 01:14:40 开始第 11 次操作

2021-07-09 01:14:40 开始操作号码 【1777656】
2021-07-09 01:14:47 GSD getOne 第 1 次 等待 1 秒
2021-07-09 01:14:48 查询号码 【1777656】，返回信息 {"status":"bad","msg":""}
2021-07-09 01:14:48 查询号码 【1777656】，GSD为【""】
2021-07-09 01:14:48 bad
2021-07-09 01:15:07 CHB 1777656?1625764488 第 1 次 等待 1 秒
2021-07-09 01:15:08 CHB 1777656?1625764488 第 1 次 获取到号码【1777656】GSD
2021-07-09 01:15:08 未获取到号码【1777656】GSD，查号吧 522 错误
2021-07-09 01:15:08 获取到号码【1777656】的GSD为【-】
2021-07-09 01:15:12 GSD insert 第 1 次 等待 1 秒
2021-07-09 01:15:13 {"status":"ok","msg":"添加成功！226788"}
2021-07-09 01:15:13 下次操作: 2021-07-09 01:15:23

2021-07-09 01:15:23 开始第 12 次操作

2021-07-09 01:15:23 开始操作号码 【1777655】
2021-07-09 01:15:30 GSD getOne 第 1 次 等待 1 秒
2021-07-09 01:15:31 查询号码 【1777655】，返回信息 {"status":"bad","msg":""}
2021-07-09 01:15:31 查询号码 【1777655】，GSD为【""】
2021-07-09 01:15:31 bad
2021-07-09 01:15:56 CHB 1777655?1625764531 第 1 次 等待 1 秒
2021-07-09 01:15:57 CHB 1777655?1625764531 第 1 次 获取到号码【1777655】GSD
2021-07-09 01:15:57 获取到号码【1777655】的GSD为【广西-崇左】
2021-07-09 01:16:02 GSD insert 第 1 次 等待 1 秒
2021-07-09 01:16:03 {"status":"ok","msg":"添加成功！226793"}
2021-07-09 01:16:03 下次操作: 2021-07-09 01:16:12

2021-07-09 01:16:12 开始第 13 次操作

2021-07-09 01:16:12 开始操作号码 【1777654】
2021-07-09 01:16:17 GSD getOne 第 1 次 等待 1 秒
2021-07-09 01:16:18 查询号码 【1777654】，返回信息 {"status":"bad","msg":""}
2021-07-09 01:16:19 查询号码 【1777654】，GSD为【""】
2021-07-09 01:16:19 bad
2021-07-09 01:16:25 CHB 1777654?1625764579 第 1 次 等待 1 秒
2021-07-09 01:16:26 CHB 1777654?1625764579 第 1 次 获取到号码【1777654】GSD
2021-07-09 01:16:26 获取到号码【1777654】的GSD为【广西-崇左】
2021-07-09 01:16:29 GSD insert 第 1 次 等待 1 秒
2021-07-09 01:16:31 {"status":"ok","msg":"添加成功！226795"}
2021-07-09 01:16:31 下次操作: 2021-07-09 01:16:38

2021-07-09 01:16:38 开始第 14 次操作

2021-07-09 01:16:38 开始操作号码 【1777653】
2021-07-09 01:16:42 GSD getOne 第 1 次 等待 1 秒
2021-07-09 01:16:43 查询号码 【1777653】，返回信息 {"status":"bad","msg":""}
2021-07-09 01:16:43 查询号码 【1777653】，GSD为【""】
2021-07-09 01:16:43 bad
2021-07-09 01:16:45 CHB 1777653?1625764603 第 1 次 等待 1 秒
2021-07-09 01:16:46 CHB 1777653?1625764603 第 1 次 获取到号码【1777653】GSD
2021-07-09 01:16:46 获取到号码【1777653】的GSD为【广西-崇左】
2021-07-09 01:16:54 GSD insert 第 1 次 等待 1 秒
2021-07-09 01:16:55 {"status":"ok","msg":"添加成功！226797"}
2021-07-09 01:16:55 下次操作: 2021-07-09 01:17:11

2021-07-09 01:17:11 开始第 15 次操作

2021-07-09 01:17:11 开始操作号码 【1777652】
2021-07-09 01:17:19 GSD getOne 第 1 次 等待 1 秒
2021-07-09 01:17:20 查询号码 【1777652】，返回信息 {"status":"bad","msg":""}
2021-07-09 01:17:20 查询号码 【1777652】，GSD为【""】
2021-07-09 01:17:20 bad
2021-07-09 01:17:22 CHB 1777652?1625764640 第 1 次 等待 1 秒
2021-07-09 01:17:23 CHB 1777652?1625764640 第 1 次 获取到号码【1777652】GSD
2021-07-09 01:17:24 获取到号码【1777652】的GSD为【广西-桂林】
2021-07-09 01:17:29 GSD insert 第 1 次 等待 1 秒
2021-07-09 01:17:30 {"status":"ok","msg":"添加成功！226802"}
2021-07-09 01:17:30 下次操作: 2021-07-09 01:17:44

2021-07-09 01:17:44 开始第 16 次操作

2021-07-09 01:17:44 开始操作号码 【1777651】
2021-07-09 01:17:51 GSD getOne 第 1 次 等待 1 秒
2021-07-09 01:17:52 查询号码 【1777651】，返回信息 {"status":"bad","msg":""}
2021-07-09 01:17:52 查询号码 【1777651】，GSD为【""】
2021-07-09 01:17:52 bad
2021-07-09 01:17:55 CHB 1777651?1625764672 第 1 次 等待 1 秒
2021-07-09 01:17:56 CHB 1777651?1625764672 第 1 次 获取到号码【1777651】GSD
2021-07-09 01:17:56 获取到号码【1777651】的GSD为【广西-桂林】
2021-07-09 01:18:05 GSD insert 第 1 次 等待 1 秒
2021-07-09 01:18:06 {"status":"ok","msg":"添加成功！226808"}
2021-07-09 01:18:06 下次操作: 2021-07-09 01:18:22

2021-07-09 01:18:22 开始第 17 次操作

2021-07-09 01:18:22 开始操作号码 【1777650】
2021-07-09 01:18:27 GSD getOne 第 1 次 等待 1 秒
2021-07-09 01:18:28 查询号码 【1777650】，返回信息 {"status":"bad","msg":""}
2021-07-09 01:18:28 查询号码 【1777650】，GSD为【""】
2021-07-09 01:18:28 bad
2021-07-09 01:18:34 CHB 1777650?1625764708 第 1 次 等待 1 秒
2021-07-09 01:18:35 CHB 1777650?1625764708 第 1 次 获取到号码【1777650】GSD
2021-07-09 01:18:35 获取到号码【1777650】的GSD为【广西-桂林】
2021-07-09 01:18:40 GSD insert 第 1 次 等待 1 秒
2021-07-09 01:18:41 {"status":"ok","msg":"添加成功！226815"}
2021-07-09 01:18:41 下次操作: 2021-07-09 01:18:57

2021-07-09 01:18:57 开始第 18 次操作

2021-07-09 01:18:57 开始操作号码 【1777649】
2021-07-09 01:19:01 GSD getOne 第 1 次 等待 1 秒
2021-07-09 01:19:02 查询号码 【1777649】，返回信息 {"status":"bad","msg":""}
2021-07-09 01:19:02 查询号码 【1777649】，GSD为【""】
2021-07-09 01:19:02 bad
2021-07-09 01:19:04 CHB 1777649?1625764742 第 1 次 等待 1 秒
2021-07-09 01:19:05 CHB 1777649?1625764742 第 1 次 获取到号码【1777649】GSD
2021-07-09 01:19:06 获取到号码【1777649】的GSD为【广西-南宁】
2021-07-09 01:19:09 GSD insert 第 1 次 等待 1 秒
2021-07-09 01:19:11 {"status":"ok","msg":"添加成功！226821"}
2021-07-09 01:19:11 下次操作: 2021-07-09 01:19:25

2021-07-09 01:19:25 开始第 19 次操作

2021-07-09 01:19:25 开始操作号码 【1777648】
2021-07-09 01:19:35 GSD getOne 第 1 次 等待 1 秒
2021-07-09 01:19:36 查询号码 【1777648】，返回信息 {"status":"bad","msg":""}
2021-07-09 01:19:36 查询号码 【1777648】，GSD为【""】
2021-07-09 01:19:36 bad
2021-07-09 01:19:44 CHB 1777648?1625764776 第 1 次 等待 1 秒
2021-07-09 01:19:45 CHB 1777648?1625764776 第 1 次 获取到号码【1777648】GSD
2021-07-09 01:19:45 获取到号码【1777648】的GSD为【广西-南宁】
2021-07-09 01:19:49 GSD insert 第 1 次 等待 1 秒
2021-07-09 01:19:50 {"status":"ok","msg":"添加成功！226828"}
2021-07-09 01:19:50 下次操作: 2021-07-09 01:19:58

2021-07-09 01:19:58 开始第 20 次操作

2021-07-09 01:19:58 开始操作号码 【1777647】
2021-07-09 01:20:05 GSD getOne 第 1 次 等待 1 秒
2021-07-09 01:20:06 查询号码 【1777647】，返回信息 {"status":"bad","msg":""}
2021-07-09 01:20:06 查询号码 【1777647】，GSD为【""】
2021-07-09 01:20:06 bad
2021-07-09 01:20:08 CHB 1777647?1625764806 第 1 次 等待 1 秒
2021-07-09 01:20:09 CHB 1777647?1625764806 第 1 次 获取到号码【1777647】GSD
2021-07-09 01:20:09 获取到号码【1777647】的GSD为【广西-桂林】
2021-07-09 01:20:13 GSD insert 第 1 次 等待 1 秒
2021-07-09 01:20:14 {"status":"ok","msg":"添加成功！226831"}
2021-07-09 01:20:14 下次操作: 2021-07-09 01:20:28

2021-07-09 01:20:28 开始第 21 次操作

2021-07-09 01:20:28 开始操作号码 【1777646】
2021-07-09 01:20:34 GSD getOne 第 1 次 等待 1 秒
2021-07-09 01:20:35 查询号码 【1777646】，返回信息 {"status":"bad","msg":""}
2021-07-09 01:20:35 查询号码 【1777646】，GSD为【""】
2021-07-09 01:20:35 bad
2021-07-09 01:21:25 CHB 1777646?1625764835 第 1 次 等待 1 秒
2021-07-09 01:21:26 CHB 1777646?1625764835 第 1 次 获取到号码【1777646】GSD
2021-07-09 01:21:26 获取到号码【1777646】的GSD为【广西-桂林】
2021-07-09 01:21:32 GSD insert 第 1 次 等待 1 秒
2021-07-09 01:21:33 {"status":"ok","msg":"添加成功！226840"}
2021-07-09 01:21:33 下次操作: 2021-07-09 01:21:50

2021-07-09 01:21:50 开始第 22 次操作

2021-07-09 01:21:50 开始操作号码 【1777645】
2021-07-09 01:21:55 GSD getOne 第 1 次 等待 1 秒
2021-07-09 01:21:56 查询号码 【1777645】，返回信息 {"status":"bad","msg":""}
2021-07-09 01:21:56 查询号码 【1777645】，GSD为【""】
2021-07-09 01:21:56 bad
2021-07-09 01:22:39 CHB 1777645?1625764916 第 1 次 等待 1 秒
2021-07-09 01:22:40 CHB 1777645?1625764916 第 1 次 获取到号码【1777645】GSD
2021-07-09 01:22:40 获取到号码【1777645】的GSD为【广西-柳州】
2021-07-09 01:22:52 GSD insert 第 1 次 等待 1 秒
2021-07-09 01:22:53 {"status":"ok","msg":"添加成功！226850"}
2021-07-09 01:22:53 下次操作: 2021-07-09 01:23:08

2021-07-09 01:23:08 开始第 23 次操作

2021-07-09 01:23:08 开始操作号码 【1777644】
2021-07-09 01:23:13 GSD getOne 第 1 次 等待 1 秒
2021-07-09 01:23:14 查询号码 【1777644】，返回信息 {"status":"bad","msg":""}
2021-07-09 01:23:14 查询号码 【1777644】，GSD为【""】
2021-07-09 01:23:14 bad
2021-07-09 01:23:20 CHB 1777644?1625764994 第 1 次 等待 1 秒
2021-07-09 01:23:21 CHB 1777644?1625764994 第 1 次 获取到号码【1777644】GSD
2021-07-09 01:23:21 获取到号码【1777644】的GSD为【广西-柳州】
2021-07-09 01:23:25 GSD insert 第 1 次 等待 1 秒
2021-07-09 01:23:26 {"status":"ok","msg":"添加成功！226858"}
2021-07-09 01:23:26 下次操作: 2021-07-09 01:23:42

2021-07-09 01:23:42 开始第 24 次操作

2021-07-09 01:23:42 开始操作号码 【1777643】
2021-07-09 01:23:47 GSD getOne 第 1 次 等待 1 秒
2021-07-09 01:23:48 查询号码 【1777643】，返回信息 {"status":"bad","msg":""}
2021-07-09 01:23:48 查询号码 【1777643】，GSD为【""】
2021-07-09 01:23:48 bad
2021-07-09 01:23:50 CHB 1777643?1625765028 第 1 次 等待 1 秒
2021-07-09 01:23:51 CHB 1777643?1625765028 第 1 次 获取到号码【1777643】GSD
2021-07-09 01:23:51 获取到号码【1777643】的GSD为【广西-玉林】
2021-07-09 01:23:57 GSD insert 第 1 次 等待 1 秒
2021-07-09 01:23:58 {"status":"ok","msg":"添加成功！226864"}
2021-07-09 01:23:58 下次操作: 2021-07-09 01:24:11

2021-07-09 01:24:11 开始第 25 次操作

2021-07-09 01:24:11 开始操作号码 【1777642】
2021-07-09 01:24:15 GSD getOne 第 1 次 等待 1 秒
2021-07-09 01:24:16 查询号码 【1777642】，返回信息 {"status":"bad","msg":""}
2021-07-09 01:24:16 查询号码 【1777642】，GSD为【""】
2021-07-09 01:24:16 bad
2021-07-09 01:24:18 CHB 1777642?1625765056 第 1 次 等待 1 秒
2021-07-09 01:24:19 CHB 1777642?1625765056 第 1 次 获取到号码【1777642】GSD
2021-07-09 01:24:19 获取到号码【1777642】的GSD为【广西-贵港】
2021-07-09 01:24:26 GSD insert 第 1 次 等待 1 秒
2021-07-09 01:24:27 {"status":"ok","msg":"添加成功！226868"}
2021-07-09 01:24:27 下次操作: 2021-07-09 01:24:34

2021-07-09 01:24:34 开始第 26 次操作

2021-07-09 01:24:34 开始操作号码 【1777641】
2021-07-09 01:24:45 GSD getOne 第 1 次 等待 1 秒
2021-07-09 01:24:46 查询号码 【1777641】，返回信息 {"status":"bad","msg":""}
2021-07-09 01:24:46 查询号码 【1777641】，GSD为【""】
2021-07-09 01:24:46 bad
2021-07-09 01:24:53 CHB 1777641?1625765086 第 1 次 等待 1 秒
2021-07-09 01:24:54 CHB 1777641?1625765086 第 1 次 获取到号码【1777641】GSD
2021-07-09 01:24:54 获取到号码【1777641】的GSD为【广西-河池】
2021-07-09 01:24:59 GSD insert 第 1 次 等待 1 秒
2021-07-09 01:25:00 {"status":"ok","msg":"添加成功！226872"}
2021-07-09 01:25:00 下次操作: 2021-07-09 01:25:13

2021-07-09 01:25:13 开始第 27 次操作

2021-07-09 01:25:13 开始操作号码 【1777640】
2021-07-09 01:25:17 GSD getOne 第 1 次 等待 1 秒
2021-07-09 01:25:18 查询号码 【1777640】，返回信息 {"status":"bad","msg":""}
2021-07-09 01:25:18 查询号码 【1777640】，GSD为【""】
2021-07-09 01:25:18 bad
2021-07-09 01:25:19 CHB 1777640?1625765118 第 1 次 等待 1 秒
2021-07-09 01:25:20 CHB 1777640?1625765118 第 1 次 获取到号码【1777640】GSD
2021-07-09 01:25:20 获取到号码【1777640】的GSD为【广西-河池】
2021-07-09 01:25:24 GSD insert 第 1 次 等待 1 秒
2021-07-09 01:25:25 {"status":"ok","msg":"添加成功！226874"}
2021-07-09 01:25:25 下次操作: 2021-07-09 01:25:33

2021-07-09 01:25:33 开始第 28 次操作

2021-07-09 01:25:33 开始操作号码 【1777639】
2021-07-09 01:25:38 GSD getOne 第 1 次 等待 1 秒
2021-07-09 01:25:39 查询号码 【1777639】，返回信息 {"status":"bad","msg":""}
2021-07-09 01:25:39 查询号码 【1777639】，GSD为【""】
2021-07-09 01:25:39 bad
2021-07-09 01:25:42 CHB 1777639?1625765139 第 1 次 等待 1 秒
2021-07-09 01:25:43 CHB 1777639?1625765139 第 1 次 获取到号码【1777639】GSD
2021-07-09 01:25:43 获取到号码【1777639】的GSD为【广西-贵港】
2021-07-09 01:25:53 GSD insert 第 1 次 等待 1 秒
2021-07-09 01:25:54 {"status":"ok","msg":"添加成功！226879"}
2021-07-09 01:25:54 下次操作: 2021-07-09 01:26:12

2021-07-09 01:26:12 开始第 29 次操作

2021-07-09 01:26:12 开始操作号码 【1777638】
2021-07-09 01:26:25 GSD getOne 第 1 次 等待 1 秒
2021-07-09 01:26:26 查询号码 【1777638】，返回信息 {"status":"bad","msg":""}
2021-07-09 01:26:26 查询号码 【1777638】，GSD为【""】
2021-07-09 01:26:26 bad
2021-07-09 01:26:36 CHB 1777638?1625765186 第 1 次 等待 1 秒
2021-07-09 01:26:37 CHB 1777638?1625765186 第 1 次 获取到号码【1777638】GSD
2021-07-09 01:26:37 获取到号码【1777638】的GSD为【广西-贵港】
2021-07-09 01:26:44 GSD insert 第 1 次 等待 1 秒
2021-07-09 01:26:45 {"status":"ok","msg":"添加成功！226883"}
2021-07-09 01:26:45 下次操作: 2021-07-09 01:26:54

2021-07-09 01:26:54 开始第 30 次操作

2021-07-09 01:26:54 开始操作号码 【1777637】
2021-07-09 01:27:03 GSD getOne 第 1 次 等待 1 秒
2021-07-09 01:27:04 查询号码 【1777637】，返回信息 {"status":"bad","msg":""}
2021-07-09 01:27:04 查询号码 【1777637】，GSD为【""】
2021-07-09 01:27:04 bad
2021-07-09 01:27:21 CHB 1777637?1625765224 第 1 次 等待 1 秒
2021-07-09 01:27:22 CHB 1777637?1625765224 第 1 次 获取到号码【1777637】GSD
2021-07-09 01:27:22 获取到号码【1777637】的GSD为【广西-贵港】
2021-07-09 01:27:27 GSD insert 第 1 次 等待 1 秒
2021-07-09 01:27:28 {"status":"ok","msg":"添加成功！226889"}

2021-07-09 01:47:02 开始第 1 次操作

2021-07-09 01:47:02 开始操作号码 【1777636】
2021-07-09 01:47:08 GSD getOne 第 1 次 等待 1 秒
2021-07-09 01:47:09 查询号码 【1777636】，返回信息 {"status":"bad","msg":""}
2021-07-09 01:47:09 查询号码 【1777636】，GSD为【""】
2021-07-09 01:47:09 bad
2021-07-09 01:47:14 CHB 1777636?1625766429 第 1 次 等待 1 秒
2021-07-09 01:47:15 CHB 1777636?1625766429 第 1 次 获取到号码【1777636】GSD
2021-07-09 01:47:15 获取到号码【1777636】的GSD为【广西-玉林】
2021-07-09 01:47:19 GSD insert 第 1 次 等待 1 秒
2021-07-09 01:47:20 {"status":"ok","msg":"添加成功！226970"}
2021-07-09 01:47:20 下次操作: 2021-07-09 01:47:36

2021-07-09 01:47:36 开始第 2 次操作

2021-07-09 01:47:36 开始操作号码 【1777635】
2021-07-09 01:47:41 GSD getOne 第 1 次 等待 1 秒
2021-07-09 01:47:42 查询号码 【1777635】，返回信息 {"status":"bad","msg":""}
2021-07-09 01:47:42 查询号码 【1777635】，GSD为【""】
2021-07-09 01:47:42 bad
2021-07-09 01:47:44 CHB 1777635?1625766462 第 1 次 等待 1 秒
2021-07-09 01:47:45 CHB 1777635?1625766462 第 1 次 获取到号码【1777635】GSD
2021-07-09 01:47:45 获取到号码【1777635】的GSD为【广西-玉林】
2021-07-09 01:47:52 GSD insert 第 1 次 等待 1 秒
2021-07-09 01:47:53 {"status":"ok","msg":"添加成功！226977"}
2021-07-09 01:47:53 下次操作: 2021-07-09 01:47:59

2021-07-09 01:47:59 开始第 3 次操作

2021-07-09 01:47:59 开始操作号码 【1777634】
2021-07-09 01:48:02 GSD getOne 第 1 次 等待 1 秒
2021-07-09 01:48:03 查询号码 【1777634】，返回信息 {"status":"bad","msg":""}
2021-07-09 01:48:03 查询号码 【1777634】，GSD为【""】
2021-07-09 01:48:03 bad
2021-07-09 01:48:06 CHB 1777634?1625766483 第 1 次 等待 1 秒
2021-07-09 01:48:07 CHB 1777634?1625766483 第 1 次 获取到号码【1777634】GSD
2021-07-09 01:48:07 获取到号码【1777634】的GSD为【广西-柳州】
2021-07-09 01:48:11 GSD insert 第 1 次 等待 1 秒
2021-07-09 01:48:12 {"status":"ok","msg":"添加成功！226982"}
2021-07-09 01:48:12 下次操作: 2021-07-09 01:48:20

2021-07-09 01:48:20 开始第 4 次操作

2021-07-09 01:48:20 开始操作号码 【1777633】
2021-07-09 01:48:26 GSD getOne 第 1 次 等待 1 秒
2021-07-09 01:48:27 查询号码 【1777633】，返回信息 {"status":"bad","msg":""}
2021-07-09 01:48:27 查询号码 【1777633】，GSD为【""】
2021-07-09 01:48:27 bad
2021-07-09 01:48:29 CHB 1777633?1625766507 第 1 次 等待 1 秒
2021-07-09 01:48:30 CHB 1777633?1625766507 第 1 次 获取到号码【1777633】GSD
2021-07-09 01:48:30 获取到号码【1777633】的GSD为【广西-柳州】
2021-07-09 01:48:33 GSD insert 第 1 次 等待 1 秒
2021-07-09 01:48:34 {"status":"ok","msg":"添加成功！226993"}
2021-07-09 01:48:34 下次操作: 2021-07-09 01:48:52

2021-07-09 01:48:52 开始第 5 次操作

2021-07-09 01:48:52 开始操作号码 【1777632】
2021-07-09 01:49:02 GSD getOne 第 1 次 等待 1 秒
2021-07-09 01:49:03 查询号码 【1777632】，返回信息 {"status":"bad","msg":""}
2021-07-09 01:49:03 查询号码 【1777632】，GSD为【""】
2021-07-09 01:49:03 bad
2021-07-09 01:49:05 CHB 1777632?1625766543 第 1 次 等待 1 秒
2021-07-09 01:49:06 CHB 1777632?1625766543 第 1 次 获取到号码【1777632】GSD
2021-07-09 01:49:06 获取到号码【1777632】的GSD为【广西-柳州】
2021-07-09 01:49:12 GSD insert 第 1 次 等待 1 秒
2021-07-09 01:49:13 {"status":"ok","msg":"添加成功！227002"}
2021-07-09 01:49:13 下次操作: 2021-07-09 01:49:20

2021-07-09 01:49:20 开始第 6 次操作

2021-07-09 01:49:20 开始操作号码 【1777631】
2021-07-09 01:49:29 GSD getOne 第 1 次 等待 1 秒
2021-07-09 01:49:30 查询号码 【1777631】，返回信息 {"status":"bad","msg":""}
2021-07-09 01:49:31 查询号码 【1777631】，GSD为【""】
2021-07-09 01:49:31 bad
2021-07-09 01:49:32 CHB 1777631?1625766571 第 1 次 等待 1 秒
2021-07-09 01:49:33 CHB 1777631?1625766571 第 1 次 获取到号码【1777631】GSD
2021-07-09 01:49:33 获取到号码【1777631】的GSD为【广西-柳州】
2021-07-09 01:49:37 GSD insert 第 1 次 等待 1 秒
2021-07-09 01:49:38 {"status":"ok","msg":"添加成功！227009"}
2021-07-09 01:49:38 下次操作: 2021-07-09 01:49:53

2021-07-09 01:49:53 开始第 7 次操作

2021-07-09 01:49:53 开始操作号码 【1777630】
2021-07-09 01:49:56 GSD getOne 第 1 次 等待 1 秒
2021-07-09 01:49:57 查询号码 【1777630】，返回信息 {"status":"bad","msg":""}
2021-07-09 01:49:57 查询号码 【1777630】，GSD为【""】
2021-07-09 01:49:57 bad
2021-07-09 01:49:59 CHB 1777630?1625766597 第 1 次 等待 1 秒
2021-07-09 01:50:00 CHB 1777630?1625766597 第 1 次 获取到号码【1777630】GSD
2021-07-09 01:50:00 获取到号码【1777630】的GSD为【广西-柳州】
2021-07-09 01:50:06 GSD insert 第 1 次 等待 1 秒
2021-07-09 01:50:07 {"status":"ok","msg":"添加成功！227019"}
2021-07-09 01:50:07 下次操作: 2021-07-09 01:50:14

2021-07-09 01:50:14 开始第 8 次操作

2021-07-09 01:50:14 开始操作号码 【1777629】
2021-07-09 01:50:17 GSD getOne 第 1 次 等待 1 秒
2021-07-09 01:50:18 查询号码 【1777629】，返回信息 {"status":"ok","msg":"广西-桂林","time_insert":"2020-06-20 15:49","time_update":"2020-12-17 14:03"}
2021-07-09 01:50:18 查询号码 【1777629】，GSD为【"广西-桂林"】

2021-07-09 01:50:19 开始第 8 次操作

2021-07-09 01:50:19 开始操作号码 【1777628】
2021-07-09 01:50:22 GSD getOne 第 1 次 等待 1 秒
2021-07-09 01:50:23 查询号码 【1777628】，返回信息 {"status":"bad","msg":""}
2021-07-09 01:50:23 查询号码 【1777628】，GSD为【""】
2021-07-09 01:50:23 bad
2021-07-09 01:50:25 CHB 1777628?1625766623 第 1 次 等待 1 秒
2021-07-09 01:50:26 CHB 1777628?1625766623 第 1 次 获取到号码【1777628】GSD
2021-07-09 01:50:26 获取到号码【1777628】的GSD为【广西-桂林】
2021-07-09 01:50:29 GSD insert 第 1 次 等待 1 秒
2021-07-09 01:50:30 {"status":"ok","msg":"添加成功！227026"}
2021-07-09 01:50:30 下次操作: 2021-07-09 01:50:37

2021-07-09 01:50:37 开始第 9 次操作

2021-07-09 01:50:37 开始操作号码 【1777627】
2021-07-09 01:50:41 GSD getOne 第 1 次 等待 1 秒
2021-07-09 01:50:42 查询号码 【1777627】，返回信息 {"status":"bad","msg":""}
2021-07-09 01:50:42 查询号码 【1777627】，GSD为【""】
2021-07-09 01:50:42 bad
2021-07-09 01:50:44 CHB 1777627?1625766642 第 1 次 等待 1 秒
2021-07-09 01:50:45 CHB 1777627?1625766642 第 1 次 获取到号码【1777627】GSD
2021-07-09 01:50:45 获取到号码【1777627】的GSD为【广西-桂林】
2021-07-09 01:50:49 GSD insert 第 1 次 等待 1 秒
2021-07-09 01:50:50 {"status":"ok","msg":"添加成功！227033"}
2021-07-09 01:50:50 下次操作: 2021-07-09 01:51:06

2021-07-09 01:51:06 开始第 10 次操作

2021-07-09 01:51:06 开始操作号码 【1777626】
2021-07-09 01:51:10 GSD getOne 第 1 次 等待 1 秒
2021-07-09 01:51:11 查询号码 【1777626】，返回信息 {"status":"bad","msg":""}
2021-07-09 01:51:11 查询号码 【1777626】，GSD为【""】
2021-07-09 01:51:11 bad
2021-07-09 01:51:12 CHB 1777626?1625766671 第 1 次 等待 1 秒
2021-07-09 01:51:13 CHB 1777626?1625766671 第 1 次 获取到号码【1777626】GSD
2021-07-09 01:51:14 获取到号码【1777626】的GSD为【广西-南宁】
2021-07-09 01:51:17 GSD insert 第 1 次 等待 1 秒
2021-07-09 01:51:18 {"status":"ok","msg":"添加成功！227042"}
2021-07-09 01:51:18 下次操作: 2021-07-09 01:51:25

2021-07-09 01:51:25 开始第 11 次操作

2021-07-09 01:51:25 开始操作号码 【1777625】
2021-07-09 01:51:28 GSD getOne 第 1 次 等待 1 秒
2021-07-09 01:51:29 查询号码 【1777625】，返回信息 {"status":"bad","msg":""}
2021-07-09 01:51:29 查询号码 【1777625】，GSD为【""】
2021-07-09 01:51:29 bad
2021-07-09 01:51:32 CHB 1777625?1625766689 第 1 次 等待 1 秒
2021-07-09 01:51:33 CHB 1777625?1625766689 第 1 次 获取到号码【1777625】GSD
2021-07-09 01:51:33 获取到号码【1777625】的GSD为【广西-南宁】
2021-07-09 01:51:37 GSD insert 第 1 次 等待 1 秒
2021-07-09 01:51:38 {"status":"ok","msg":"添加成功！227046"}
2021-07-09 01:51:38 下次操作: 2021-07-09 01:51:45

2021-07-09 01:51:45 开始第 12 次操作

2021-07-09 01:51:45 开始操作号码 【1777624】
2021-07-09 01:51:48 GSD getOne 第 1 次 等待 1 秒
2021-07-09 01:51:49 查询号码 【1777624】，返回信息 {"status":"bad","msg":""}
2021-07-09 01:51:49 查询号码 【1777624】，GSD为【""】
2021-07-09 01:51:49 bad
2021-07-09 01:51:51 CHB 1777624?1625766709 第 1 次 等待 1 秒
2021-07-09 01:51:52 CHB 1777624?1625766709 第 1 次 获取到号码【1777624】GSD
2021-07-09 01:51:52 获取到号码【1777624】的GSD为【广西-南宁】
2021-07-09 01:51:55 GSD insert 第 1 次 等待 1 秒
2021-07-09 01:51:56 {"status":"ok","msg":"添加成功！227053"}
2021-07-09 01:51:56 下次操作: 2021-07-09 01:52:04

2021-07-09 01:52:04 开始第 13 次操作

2021-07-09 01:52:04 开始操作号码 【1777623】
2021-07-09 01:52:08 GSD getOne 第 1 次 等待 1 秒
2021-07-09 01:52:09 查询号码 【1777623】，返回信息 {"status":"bad","msg":""}
2021-07-09 01:52:09 查询号码 【1777623】，GSD为【""】
2021-07-09 01:52:09 bad
2021-07-09 01:52:11 CHB 1777623?1625766729 第 1 次 等待 1 秒
2021-07-09 01:52:12 CHB 1777623?1625766729 第 1 次 获取到号码【1777623】GSD
2021-07-09 01:52:12 获取到号码【1777623】的GSD为【广西-南宁】
2021-07-09 01:52:15 GSD insert 第 1 次 等待 1 秒
2021-07-09 01:52:16 {"status":"ok","msg":"添加成功！227056"}
2021-07-09 01:52:16 下次操作: 2021-07-09 01:52:28

2021-07-09 01:52:28 开始第 14 次操作

2021-07-09 01:52:28 开始操作号码 【1777622】
2021-07-09 01:52:33 GSD getOne 第 1 次 等待 1 秒
2021-07-09 01:52:34 查询号码 【1777622】，返回信息 {"status":"bad","msg":""}
2021-07-09 01:52:34 查询号码 【1777622】，GSD为【""】
2021-07-09 01:52:34 bad
2021-07-09 01:52:35 CHB 1777622?1625766754 第 1 次 等待 1 秒
2021-07-09 01:52:36 CHB 1777622?1625766754 第 1 次 获取到号码【1777622】GSD
2021-07-09 01:52:36 获取到号码【1777622】的GSD为【广西-南宁】
2021-07-09 01:52:40 GSD insert 第 1 次 等待 1 秒
2021-07-09 01:52:41 {"status":"ok","msg":"添加成功！227063"}
2021-07-09 01:52:41 下次操作: 2021-07-09 01:52:57

2021-07-09 01:52:57 开始第 15 次操作

2021-07-09 01:52:57 开始操作号码 【1777621】
2021-07-09 01:53:00 GSD getOne 第 1 次 等待 1 秒
2021-07-09 01:53:02 查询号码 【1777621】，返回信息 {"status":"bad","msg":""}
2021-07-09 01:53:02 查询号码 【1777621】，GSD为【""】
2021-07-09 01:53:02 bad
2021-07-09 01:53:03 CHB 1777621?1625766782 第 1 次 等待 1 秒
2021-07-09 01:53:04 CHB 1777621?1625766782 第 1 次 获取到号码【1777621】GSD
2021-07-09 01:53:04 获取到号码【1777621】的GSD为【广西-南宁】
2021-07-09 01:53:12 GSD insert 第 1 次 等待 1 秒
2021-07-09 01:53:13 {"status":"ok","msg":"添加成功！227072"}
2021-07-09 01:53:13 下次操作: 2021-07-09 01:53:27

2021-07-09 01:53:27 开始第 16 次操作

2021-07-09 01:53:27 开始操作号码 【1777620】
2021-07-09 01:53:31 GSD getOne 第 1 次 等待 1 秒
2021-07-09 01:53:32 查询号码 【1777620】，返回信息 {"status":"bad","msg":""}
2021-07-09 01:53:32 查询号码 【1777620】，GSD为【""】
2021-07-09 01:53:32 bad
2021-07-09 01:53:33 CHB 1777620?1625766812 第 1 次 等待 1 秒
2021-07-09 01:53:34 CHB 1777620?1625766812 第 1 次 获取到号码【1777620】GSD
2021-07-09 01:53:34 获取到号码【1777620】的GSD为【广西-南宁】
2021-07-09 01:53:38 GSD insert 第 1 次 等待 1 秒
2021-07-09 01:53:39 {"status":"ok","msg":"添加成功！227080"}
2021-07-09 01:53:39 下次操作: 2021-07-09 01:53:54

2021-07-09 01:53:54 开始第 17 次操作

2021-07-09 01:53:54 开始操作号码 【1777619】
2021-07-09 01:53:58 GSD getOne 第 1 次 等待 1 秒
2021-07-09 01:53:59 查询号码 【1777619】，返回信息 {"status":"bad","msg":""}
2021-07-09 01:53:59 查询号码 【1777619】，GSD为【""】
2021-07-09 01:53:59 bad
2021-07-09 01:54:00 CHB 1777619?1625766839 第 1 次 等待 1 秒
2021-07-09 01:54:01 CHB 1777619?1625766839 第 1 次 获取到号码【1777619】GSD
2021-07-09 01:54:01 获取到号码【1777619】的GSD为【广西-河池】
2021-07-09 01:54:05 GSD insert 第 1 次 等待 1 秒
2021-07-09 01:54:06 {"status":"ok","msg":"添加成功！227086"}
2021-07-09 01:54:06 下次操作: 2021-07-09 01:54:14

2021-07-09 01:54:14 开始第 18 次操作

2021-07-09 01:54:14 开始操作号码 【1777618】
2021-07-09 01:54:18 GSD getOne 第 1 次 等待 1 秒
2021-07-09 01:54:19 查询号码 【1777618】，返回信息 {"status":"bad","msg":""}
2021-07-09 01:54:19 查询号码 【1777618】，GSD为【""】
2021-07-09 01:54:19 bad
2021-07-09 01:54:21 CHB 1777618?1625766859 第 1 次 等待 1 秒
2021-07-09 01:54:22 CHB 1777618?1625766859 第 1 次 获取到号码【1777618】GSD
2021-07-09 01:54:22 获取到号码【1777618】的GSD为【广西-河池】
2021-07-09 01:54:27 GSD insert 第 1 次 等待 1 秒
2021-07-09 01:54:28 {"status":"ok","msg":"添加成功！227094"}
2021-07-09 01:54:28 下次操作: 2021-07-09 01:54:42

2021-07-09 01:54:42 开始第 19 次操作

2021-07-09 01:54:42 开始操作号码 【1777617】
2021-07-09 01:54:45 GSD getOne 第 1 次 等待 1 秒
2021-07-09 01:54:46 查询号码 【1777617】，返回信息 {"status":"bad","msg":""}
2021-07-09 01:54:46 查询号码 【1777617】，GSD为【""】
2021-07-09 01:54:46 bad
2021-07-09 01:54:48 CHB 1777617?1625766886 第 1 次 等待 1 秒
2021-07-09 01:54:49 CHB 1777617?1625766886 第 1 次 获取到号码【1777617】GSD
2021-07-09 01:54:49 获取到号码【1777617】的GSD为【广西-百色】
2021-07-09 01:55:00 GSD insert 第 1 次 等待 1 秒
2021-07-09 01:55:01 {"status":"ok","msg":"添加成功！227103"}
2021-07-09 01:55:01 下次操作: 2021-07-09 01:55:11

2021-07-09 01:55:11 开始第 20 次操作

2021-07-09 01:55:11 开始操作号码 【1777616】
2021-07-09 01:55:19 GSD getOne 第 1 次 等待 1 秒
2021-07-09 01:55:20 查询号码 【1777616】，返回信息 {"status":"bad","msg":""}
2021-07-09 01:55:20 查询号码 【1777616】，GSD为【""】
2021-07-09 01:55:20 bad
2021-07-09 01:55:26 CHB 1777616?1625766920 第 1 次 等待 1 秒
2021-07-09 01:55:27 CHB 1777616?1625766920 第 1 次 获取到号码【1777616】GSD
2021-07-09 01:55:27 获取到号码【1777616】的GSD为【广西-百色】
2021-07-09 01:55:30 GSD insert 第 1 次 等待 1 秒
2021-07-09 01:55:31 {"status":"ok","msg":"添加成功！227110"}
2021-07-09 01:55:31 下次操作: 2021-07-09 01:55:37

2021-07-09 01:55:37 开始第 21 次操作

2021-07-09 01:55:37 开始操作号码 【1777615】
2021-07-09 01:55:44 GSD getOne 第 1 次 等待 1 秒
2021-07-09 01:55:45 查询号码 【1777615】，返回信息 {"status":"ok","msg":"广西-贵港","time_insert":"2018-06-23 03:02","time_update":"2020-12-17 14:00"}
2021-07-09 01:55:45 查询号码 【1777615】，GSD为【"广西-贵港"】

2021-07-09 01:55:45 开始第 21 次操作

2021-07-09 01:55:45 开始操作号码 【1777614】
2021-07-09 01:55:49 GSD getOne 第 1 次 等待 1 秒
2021-07-09 01:55:50 查询号码 【1777614】，返回信息 {"status":"bad","msg":""}
2021-07-09 01:55:50 查询号码 【1777614】，GSD为【""】
2021-07-09 01:55:50 bad
2021-07-09 01:55:51 CHB 1777614?1625766950 第 1 次 等待 1 秒
2021-07-09 01:55:52 CHB 1777614?1625766950 第 1 次 获取到号码【1777614】GSD
2021-07-09 01:55:52 获取到号码【1777614】的GSD为【广西-贵港】
2021-07-09 01:55:56 GSD insert 第 1 次 等待 1 秒
2021-07-09 01:55:57 {"status":"ok","msg":"添加成功！227119"}
2021-07-09 01:55:57 下次操作: 2021-07-09 01:56:14

2021-07-09 01:56:14 开始第 22 次操作

2021-07-09 01:56:14 开始操作号码 【1777613】
2021-07-09 01:56:17 GSD getOne 第 1 次 等待 1 秒
2021-07-09 01:56:18 查询号码 【1777613】，返回信息 {"status":"bad","msg":""}
2021-07-09 01:56:19 查询号码 【1777613】，GSD为【""】
2021-07-09 01:56:19 bad
2021-07-09 01:56:20 CHB 1777613?1625766979 第 1 次 等待 1 秒
2021-07-09 01:56:21 CHB 1777613?1625766979 第 1 次 获取到号码【1777613】GSD
2021-07-09 01:56:21 获取到号码【1777613】的GSD为【广西-玉林】
2021-07-09 01:56:25 GSD insert 第 1 次 等待 1 秒
2021-07-09 01:56:26 {"status":"ok","msg":"添加成功！227127"}
2021-07-09 01:56:26 下次操作: 2021-07-09 01:56:33

2021-07-09 01:56:33 开始第 23 次操作

2021-07-09 01:56:33 开始操作号码 【1777612】
2021-07-09 01:56:37 GSD getOne 第 1 次 等待 1 秒
2021-07-09 01:56:38 查询号码 【1777612】，返回信息 {"status":"bad","msg":""}
2021-07-09 01:56:38 查询号码 【1777612】，GSD为【""】
2021-07-09 01:56:38 bad
2021-07-09 01:56:41 CHB 1777612?1625766998 第 1 次 等待 1 秒
2021-07-09 01:56:42 CHB 1777612?1625766998 第 1 次 获取到号码【1777612】GSD
2021-07-09 01:56:42 获取到号码【1777612】的GSD为【广西-玉林】
2021-07-09 01:56:45 GSD insert 第 1 次 等待 1 秒
2021-07-09 01:56:46 {"status":"ok","msg":"添加成功！227134"}
2021-07-09 01:56:46 下次操作: 2021-07-09 01:56:56

2021-07-09 01:56:56 开始第 24 次操作

2021-07-09 01:56:56 开始操作号码 【1777611】
2021-07-09 01:57:00 GSD getOne 第 1 次 等待 1 秒
2021-07-09 01:57:01 查询号码 【1777611】，返回信息 {"status":"bad","msg":""}
2021-07-09 01:57:01 查询号码 【1777611】，GSD为【""】
2021-07-09 01:57:01 bad
2021-07-09 01:57:03 CHB 1777611?1625767021 第 1 次 等待 1 秒
2021-07-09 01:57:04 CHB 1777611?1625767021 第 1 次 获取到号码【1777611】GSD
2021-07-09 01:57:04 获取到号码【1777611】的GSD为【广西-贺州】
2021-07-09 01:57:07 GSD insert 第 1 次 等待 1 秒
2021-07-09 01:57:08 {"status":"ok","msg":"添加成功！227141"}
2021-07-09 01:57:08 下次操作: 2021-07-09 01:57:22

2021-07-09 01:57:22 开始第 25 次操作

2021-07-09 01:57:22 开始操作号码 【1777610】
2021-07-09 01:57:26 GSD getOne 第 1 次 等待 1 秒
2021-07-09 01:57:27 查询号码 【1777610】，返回信息 {"status":"bad","msg":""}
2021-07-09 01:57:27 查询号码 【1777610】，GSD为【""】
2021-07-09 01:57:27 bad
2021-07-09 01:57:28 CHB 1777610?1625767047 第 1 次 等待 1 秒
2021-07-09 01:57:29 CHB 1777610?1625767047 第 1 次 获取到号码【1777610】GSD
2021-07-09 01:57:29 获取到号码【1777610】的GSD为【广西-梧州】
2021-07-09 01:57:35 GSD insert 第 1 次 等待 1 秒
2021-07-09 01:57:36 {"status":"ok","msg":"添加成功！227149"}
2021-07-09 01:57:36 下次操作: 2021-07-09 01:57:42

2021-07-09 01:57:42 开始第 26 次操作

2021-07-09 01:57:42 开始操作号码 【1777609】
2021-07-09 01:57:45 GSD getOne 第 1 次 等待 1 秒
2021-07-09 01:57:46 查询号码 【1777609】，返回信息 {"status":"ok","msg":"广西-桂林","time_insert":"2021-04-21 14:45"}
2021-07-09 01:57:47 查询号码 【1777609】，GSD为【"广西-桂林"】

2021-07-09 01:57:47 开始第 26 次操作

2021-07-09 01:57:47 开始操作号码 【1777608】
2021-07-09 01:57:50 GSD getOne 第 1 次 等待 1 秒
2021-07-09 01:57:51 查询号码 【1777608】，返回信息 {"status":"bad","msg":""}
2021-07-09 01:57:51 查询号码 【1777608】，GSD为【""】
2021-07-09 01:57:51 bad
2021-07-09 01:57:57 CHB 1777608?1625767071 第 1 次 等待 1 秒
2021-07-09 01:57:58 CHB 1777608?1625767071 第 1 次 获取到号码【1777608】GSD
2021-07-09 01:57:58 获取到号码【1777608】的GSD为【广西-桂林】
2021-07-09 01:58:02 GSD insert 第 1 次 等待 1 秒
2021-07-09 01:58:03 {"status":"ok","msg":"添加成功！227154"}
2021-07-09 01:58:03 下次操作: 2021-07-09 01:58:12

2021-07-09 01:58:12 开始第 27 次操作

2021-07-09 01:58:12 开始操作号码 【1777607】
2021-07-09 01:58:15 GSD getOne 第 1 次 等待 1 秒
2021-07-09 01:58:16 查询号码 【1777607】，返回信息 {"status":"bad","msg":""}
2021-07-09 01:58:16 查询号码 【1777607】，GSD为【""】
2021-07-09 01:58:16 bad
2021-07-09 01:58:18 CHB 1777607?1625767096 第 1 次 等待 1 秒
2021-07-09 01:58:19 CHB 1777607?1625767096 第 1 次 获取到号码【1777607】GSD
2021-07-09 01:58:19 获取到号码【1777607】的GSD为【广西-来宾】
2021-07-09 01:58:27 GSD insert 第 1 次 等待 1 秒
2021-07-09 01:58:28 {"status":"ok","msg":"添加成功！227162"}
2021-07-09 01:58:28 下次操作: 2021-07-09 01:58:37

2021-07-09 01:58:37 开始第 28 次操作

2021-07-09 01:58:37 开始操作号码 【1777606】
2021-07-09 01:58:41 GSD getOne 第 1 次 等待 1 秒
2021-07-09 01:58:42 查询号码 【1777606】，返回信息 {"status":"bad","msg":""}
2021-07-09 01:58:42 查询号码 【1777606】，GSD为【""】
2021-07-09 01:58:42 bad
2021-07-09 01:58:48 CHB 1777606?1625767122 第 1 次 等待 1 秒
2021-07-09 01:58:49 CHB 1777606?1625767122 第 1 次 获取到号码【1777606】GSD
2021-07-09 01:58:49 获取到号码【1777606】的GSD为【广西-柳州】
2021-07-09 01:58:52 GSD insert 第 1 次 等待 1 秒
2021-07-09 01:58:53 {"status":"ok","msg":"添加成功！227172"}
2021-07-09 01:58:53 下次操作: 2021-07-09 01:59:05

2021-07-09 01:59:05 开始第 29 次操作

2021-07-09 01:59:05 开始操作号码 【1777605】
2021-07-09 01:59:16 GSD getOne 第 1 次 等待 1 秒
2021-07-09 01:59:17 查询号码 【1777605】，返回信息 {"status":"bad","msg":""}
2021-07-09 01:59:17 查询号码 【1777605】，GSD为【""】
2021-07-09 01:59:17 bad
2021-07-09 01:59:18 CHB 1777605?1625767157 第 1 次 等待 1 秒
2021-07-09 01:59:19 CHB 1777605?1625767157 第 1 次 获取到号码【1777605】GSD
2021-07-09 01:59:19 获取到号码【1777605】的GSD为【广西-柳州】
2021-07-09 01:59:28 GSD insert 第 1 次 等待 1 秒
2021-07-09 01:59:29 {"status":"ok","msg":"添加成功！227177"}
2021-07-09 01:59:29 下次操作: 2021-07-09 01:59:42

2021-07-09 01:59:42 开始第 30 次操作

2021-07-09 01:59:42 开始操作号码 【1777604】
2021-07-09 01:59:49 GSD getOne 第 1 次 等待 1 秒
2021-07-09 01:59:50 查询号码 【1777604】，返回信息 {"status":"bad","msg":""}
2021-07-09 01:59:50 查询号码 【1777604】，GSD为【""】
2021-07-09 01:59:50 bad
2021-07-09 01:59:52 CHB 1777604?1625767190 第 1 次 等待 1 秒
2021-07-09 01:59:53 CHB 1777604?1625767190 第 1 次 获取到号码【1777604】GSD
2021-07-09 01:59:53 获取到号码【1777604】的GSD为【广西-崇左】
2021-07-09 01:59:57 GSD insert 第 1 次 等待 1 秒
2021-07-09 01:59:58 {"status":"ok","msg":"添加成功！227184"}

2021-07-09 02:48:01 开始第 1 次操作

2021-07-09 02:48:01 开始操作号码 【1777603】
2021-07-09 02:48:05 GSD getOne 第 1 次 等待 1 秒
2021-07-09 02:48:06 查询号码 【1777603】，返回信息 {"status":"bad","msg":""}
2021-07-09 02:48:06 查询号码 【1777603】，GSD为【""】
2021-07-09 02:48:06 bad
2021-07-09 02:48:07 CHB 1777603?1625770086 第 1 次 等待 1 秒
2021-07-09 02:48:08 CHB 1777603?1625770086 第 1 次 获取到号码【1777603】GSD
2021-07-09 02:48:08 获取到号码【1777603】的GSD为【广西-崇左】
2021-07-09 02:48:12 GSD insert 第 1 次 等待 1 秒
2021-07-09 02:48:13 {"status":"ok","msg":"添加成功！227323"}
2021-07-09 02:48:13 下次操作: 2021-07-09 02:48:24

2021-07-09 02:48:24 开始第 2 次操作

2021-07-09 02:48:24 开始操作号码 【1777602】
2021-07-09 02:48:28 GSD getOne 第 1 次 等待 1 秒
2021-07-09 02:48:29 查询号码 【1777602】，返回信息 {"status":"bad","msg":""}
2021-07-09 02:48:29 查询号码 【1777602】，GSD为【""】
2021-07-09 02:48:29 bad
2021-07-09 02:48:30 CHB 1777602?1625770109 第 1 次 等待 1 秒
2021-07-09 02:48:31 CHB 1777602?1625770109 第 1 次 获取到号码【1777602】GSD
2021-07-09 02:48:31 获取到号码【1777602】的GSD为【广西-南宁】
2021-07-09 02:48:35 GSD insert 第 1 次 等待 1 秒
2021-07-09 02:48:36 {"status":"ok","msg":"添加成功！227325"}
2021-07-09 02:48:36 下次操作: 2021-07-09 02:48:49

2021-07-09 02:48:49 开始第 3 次操作

2021-07-09 02:48:49 开始操作号码 【1777601】
2021-07-09 02:48:53 GSD getOne 第 1 次 等待 1 秒
2021-07-09 02:48:54 查询号码 【1777601】，返回信息 {"status":"bad","msg":""}
2021-07-09 02:48:54 查询号码 【1777601】，GSD为【""】
2021-07-09 02:48:54 bad
2021-07-09 02:48:55 CHB 1777601?1625770134 第 1 次 等待 1 秒
2021-07-09 02:48:56 CHB 1777601?1625770134 第 1 次 获取到号码【1777601】GSD
2021-07-09 02:48:56 获取到号码【1777601】的GSD为【广西-南宁】
2021-07-09 02:49:00 GSD insert 第 1 次 等待 1 秒
2021-07-09 02:49:01 {"status":"ok","msg":"添加成功！227328"}
2021-07-09 02:49:01 下次操作: 2021-07-09 02:49:10

2021-07-09 02:49:10 开始第 4 次操作

2021-07-09 02:49:10 开始操作号码 【1777600】
2021-07-09 02:49:14 GSD getOne 第 1 次 等待 1 秒
2021-07-09 02:49:15 查询号码 【1777600】，返回信息 {"status":"bad","msg":""}
2021-07-09 02:49:15 查询号码 【1777600】，GSD为【""】
2021-07-09 02:49:15 bad
2021-07-09 02:49:16 CHB 1777600?1625770155 第 1 次 等待 1 秒
2021-07-09 02:49:17 CHB 1777600?1625770155 第 1 次 获取到号码【1777600】GSD
2021-07-09 02:49:17 获取到号码【1777600】的GSD为【广西-南宁】
2021-07-09 02:49:21 GSD insert 第 1 次 等待 1 秒
2021-07-09 02:49:22 {"status":"ok","msg":"添加成功！227331"}
2021-07-09 02:49:22 下次操作: 2021-07-09 02:49:31

2021-07-09 02:49:31 开始第 5 次操作

2021-07-09 02:49:31 开始操作号码 【1777599】
2021-07-09 02:49:35 GSD getOne 第 1 次 等待 1 秒
2021-07-09 02:49:36 查询号码 【1777599】，返回信息 {"status":"bad","msg":""}
2021-07-09 02:49:36 查询号码 【1777599】，GSD为【""】
2021-07-09 02:49:36 bad
2021-07-09 02:49:37 CHB 1777599?1625770176 第 1 次 等待 1 秒
2021-07-09 02:49:38 CHB 1777599?1625770176 第 1 次 获取到号码【1777599】GSD
2021-07-09 02:49:39 获取到号码【1777599】的GSD为【湖南-长沙】
2021-07-09 02:49:42 GSD insert 第 1 次 等待 1 秒
2021-07-09 02:49:43 {"status":"ok","msg":"添加成功！227335"}
2021-07-09 02:49:43 下次操作: 2021-07-09 02:49:55

2021-07-09 02:49:55 开始第 6 次操作

2021-07-09 02:49:55 开始操作号码 【1777598】
2021-07-09 02:50:00 GSD getOne 第 1 次 等待 1 秒
2021-07-09 02:50:01 查询号码 【1777598】，返回信息 {"status":"bad","msg":""}
2021-07-09 02:50:01 查询号码 【1777598】，GSD为【""】
2021-07-09 02:50:01 bad
2021-07-09 02:50:03 CHB 1777598?1625770201 第 1 次 等待 1 秒
2021-07-09 02:50:04 CHB 1777598?1625770201 第 1 次 获取到号码【1777598】GSD
2021-07-09 02:50:04 获取到号码【1777598】的GSD为【湖南-张家界】
2021-07-09 02:50:07 GSD insert 第 1 次 等待 1 秒
2021-07-09 02:50:08 {"status":"ok","msg":"添加成功！227341"}
2021-07-09 02:50:08 下次操作: 2021-07-09 02:50:16

2021-07-09 02:50:16 开始第 7 次操作

2021-07-09 02:50:16 开始操作号码 【1777597】
2021-07-09 02:50:21 GSD getOne 第 1 次 等待 1 秒
2021-07-09 02:50:22 查询号码 【1777597】，返回信息 {"status":"bad","msg":""}
2021-07-09 02:50:22 查询号码 【1777597】，GSD为【""】
2021-07-09 02:50:22 bad
2021-07-09 02:50:24 CHB 1777597?1625770222 第 1 次 等待 1 秒
2021-07-09 02:50:25 CHB 1777597?1625770222 第 1 次 获取到号码【1777597】GSD
2021-07-09 02:50:25 获取到号码【1777597】的GSD为【湖南-郴州】
2021-07-09 02:50:28 GSD insert 第 1 次 等待 1 秒
2021-07-09 02:50:29 {"status":"ok","msg":"添加成功！227343"}
2021-07-09 02:50:29 下次操作: 2021-07-09 02:50:41

2021-07-09 02:50:41 开始第 8 次操作

2021-07-09 02:50:41 开始操作号码 【1777596】
2021-07-09 02:50:45 GSD getOne 第 1 次 等待 1 秒
2021-07-09 02:50:46 查询号码 【1777596】，返回信息 {"status":"bad","msg":""}
2021-07-09 02:50:46 查询号码 【1777596】，GSD为【""】
2021-07-09 02:50:46 bad
2021-07-09 02:50:47 CHB 1777596?1625770246 第 1 次 等待 1 秒
2021-07-09 02:50:48 CHB 1777596?1625770246 第 1 次 获取到号码【1777596】GSD
2021-07-09 02:50:48 获取到号码【1777596】的GSD为【湖南-永州】
2021-07-09 02:50:52 GSD insert 第 1 次 等待 1 秒
2021-07-09 02:50:53 {"status":"ok","msg":"添加成功！227347"}
2021-07-09 02:50:53 下次操作: 2021-07-09 02:51:05

2021-07-09 02:51:05 开始第 9 次操作

2021-07-09 02:51:05 开始操作号码 【1777595】
2021-07-09 02:51:09 GSD getOne 第 1 次 等待 1 秒
2021-07-09 02:51:10 查询号码 【1777595】，返回信息 {"status":"bad","msg":""}
2021-07-09 02:51:10 查询号码 【1777595】，GSD为【""】
2021-07-09 02:51:10 bad
2021-07-09 02:51:11 CHB 1777595?1625770270 第 1 次 等待 1 秒
2021-07-09 02:51:12 CHB 1777595?1625770270 第 1 次 获取到号码【1777595】GSD
2021-07-09 02:51:12 获取到号码【1777595】的GSD为【湖南-永州】
2021-07-09 02:51:16 GSD insert 第 1 次 等待 1 秒
2021-07-09 02:51:17 {"status":"ok","msg":"添加成功！227354"}
2021-07-09 02:51:17 下次操作: 2021-07-09 02:51:30

2021-07-09 02:51:30 开始第 10 次操作

2021-07-09 02:51:30 开始操作号码 【1777594】
2021-07-09 02:51:34 GSD getOne 第 1 次 等待 1 秒
2021-07-09 02:51:35 查询号码 【1777594】，返回信息 {"status":"bad","msg":""}
2021-07-09 02:51:35 查询号码 【1777594】，GSD为【""】
2021-07-09 02:51:35 bad
2021-07-09 02:51:36 CHB 1777594?1625770295 第 1 次 等待 1 秒
2021-07-09 02:51:37 CHB 1777594?1625770295 第 1 次 获取到号码【1777594】GSD
2021-07-09 02:51:37 获取到号码【1777594】的GSD为【湖南-株洲】
2021-07-09 02:51:41 GSD insert 第 1 次 等待 1 秒
2021-07-09 02:51:42 {"status":"ok","msg":"添加成功！227358"}
2021-07-09 02:51:42 下次操作: 2021-07-09 02:51:53

2021-07-09 02:51:53 开始第 11 次操作

2021-07-09 02:51:53 开始操作号码 【1777593】
2021-07-09 02:51:59 GSD getOne 第 1 次 等待 1 秒
2021-07-09 02:52:00 查询号码 【1777593】，返回信息 {"status":"bad","msg":""}
2021-07-09 02:52:00 查询号码 【1777593】，GSD为【""】
2021-07-09 02:52:00 bad
2021-07-09 02:52:02 CHB 1777593?1625770320 第 1 次 等待 1 秒
2021-07-09 02:52:03 CHB 1777593?1625770320 第 1 次 获取到号码【1777593】GSD
2021-07-09 02:52:03 获取到号码【1777593】的GSD为【湖南-吉首】
2021-07-09 02:52:07 GSD insert 第 1 次 等待 1 秒
2021-07-09 02:52:08 {"status":"ok","msg":"添加成功！227363"}
2021-07-09 02:52:08 下次操作: 2021-07-09 02:52:14

2021-07-09 02:52:14 开始第 12 次操作

2021-07-09 02:52:14 开始操作号码 【1777592】
2021-07-09 02:52:17 GSD getOne 第 1 次 等待 1 秒
2021-07-09 02:52:18 查询号码 【1777592】，返回信息 {"status":"bad","msg":""}
2021-07-09 02:52:18 查询号码 【1777592】，GSD为【""】
2021-07-09 02:52:18 bad
2021-07-09 02:52:20 CHB 1777592?1625770338 第 1 次 等待 1 秒
2021-07-09 02:52:21 CHB 1777592?1625770338 第 1 次 获取到号码【1777592】GSD
2021-07-09 02:52:21 获取到号码【1777592】的GSD为【湖南-怀化】
2021-07-09 02:52:24 GSD insert 第 1 次 等待 1 秒
2021-07-09 02:52:25 {"status":"ok","msg":"添加成功！227365"}
2021-07-09 02:52:25 下次操作: 2021-07-09 02:52:34

2021-07-09 02:52:34 开始第 13 次操作

2021-07-09 02:52:34 开始操作号码 【1777591】
2021-07-09 02:52:38 GSD getOne 第 1 次 等待 1 秒
2021-07-09 02:52:39 查询号码 【1777591】，返回信息 {"status":"bad","msg":""}
2021-07-09 02:52:39 查询号码 【1777591】，GSD为【""】
2021-07-09 02:52:39 bad
2021-07-09 02:52:41 CHB 1777591?1625770359 第 1 次 等待 1 秒
2021-07-09 02:52:42 CHB 1777591?1625770359 第 1 次 获取到号码【1777591】GSD
2021-07-09 02:52:43 获取到号码【1777591】的GSD为【湖南-怀化】
2021-07-09 02:52:46 GSD insert 第 1 次 等待 1 秒
2021-07-09 02:52:47 {"status":"ok","msg":"添加成功！227370"}
2021-07-09 02:52:47 下次操作: 2021-07-09 02:53:04

2021-07-09 02:53:04 开始第 14 次操作

2021-07-09 02:53:04 开始操作号码 【1777590】
2021-07-09 02:53:08 GSD getOne 第 1 次 等待 1 秒
2021-07-09 02:53:09 查询号码 【1777590】，返回信息 {"status":"bad","msg":""}
2021-07-09 02:53:09 查询号码 【1777590】，GSD为【""】
2021-07-09 02:53:09 bad
2021-07-09 02:53:10 CHB 1777590?1625770389 第 1 次 等待 1 秒
2021-07-09 02:53:11 CHB 1777590?1625770389 第 1 次 获取到号码【1777590】GSD
2021-07-09 02:53:11 获取到号码【1777590】的GSD为【湖南-岳阳】
2021-07-09 02:53:15 GSD insert 第 1 次 等待 1 秒
2021-07-09 02:53:16 {"status":"ok","msg":"添加成功！227376"}
2021-07-09 02:53:16 下次操作: 2021-07-09 02:53:30

2021-07-09 02:53:30 开始第 15 次操作

2021-07-09 02:53:30 开始操作号码 【1777589】
2021-07-09 02:53:34 GSD getOne 第 1 次 等待 1 秒
2021-07-09 02:53:35 查询号码 【1777589】，返回信息 {"status":"bad","msg":""}
2021-07-09 02:53:35 查询号码 【1777589】，GSD为【""】
2021-07-09 02:53:35 bad
2021-07-09 02:53:36 CHB 1777589?1625770415 第 1 次 等待 1 秒
2021-07-09 02:53:37 CHB 1777589?1625770415 第 1 次 获取到号码【1777589】GSD
2021-07-09 02:53:37 获取到号码【1777589】的GSD为【湖南-长沙】
2021-07-09 02:53:41 GSD insert 第 1 次 等待 1 秒
2021-07-09 02:53:42 {"status":"ok","msg":"添加成功！227382"}
2021-07-09 02:53:42 下次操作: 2021-07-09 02:53:56

2021-07-09 02:53:56 开始第 16 次操作

2021-07-09 02:53:56 开始操作号码 【1777588】
2021-07-09 02:53:59 GSD getOne 第 1 次 等待 1 秒
2021-07-09 02:54:00 查询号码 【1777588】，返回信息 {"status":"bad","msg":""}
2021-07-09 02:54:00 查询号码 【1777588】，GSD为【""】
2021-07-09 02:54:00 bad
2021-07-09 02:54:02 CHB 1777588?1625770440 第 1 次 等待 1 秒
2021-07-09 02:54:03 CHB 1777588?1625770440 第 1 次 获取到号码【1777588】GSD
2021-07-09 02:54:03 获取到号码【1777588】的GSD为【湖南-长沙】
2021-07-09 02:54:07 GSD insert 第 1 次 等待 1 秒
2021-07-09 02:54:08 {"status":"ok","msg":"添加成功！227388"}
2021-07-09 02:54:08 下次操作: 2021-07-09 02:54:20

2021-07-09 02:54:20 开始第 17 次操作

2021-07-09 02:54:20 开始操作号码 【1777587】
2021-07-09 02:54:23 GSD getOne 第 1 次 等待 1 秒
2021-07-09 02:54:24 查询号码 【1777587】，返回信息 {"status":"bad","msg":""}
2021-07-09 02:54:24 查询号码 【1777587】，GSD为【""】
2021-07-09 02:54:24 bad
2021-07-09 02:54:26 CHB 1777587?1625770464 第 1 次 等待 1 秒
2021-07-09 02:54:27 CHB 1777587?1625770464 第 1 次 获取到号码【1777587】GSD
2021-07-09 02:54:27 获取到号码【1777587】的GSD为【湖南-长沙】
2021-07-09 02:54:30 GSD insert 第 1 次 等待 1 秒
2021-07-09 02:54:31 {"status":"ok","msg":"添加成功！227393"}
2021-07-09 02:54:31 下次操作: 2021-07-09 02:54:41

2021-07-09 02:54:41 开始第 18 次操作

2021-07-09 02:54:41 开始操作号码 【1777586】
2021-07-09 02:54:45 GSD getOne 第 1 次 等待 1 秒
2021-07-09 02:54:46 查询号码 【1777586】，返回信息 {"status":"bad","msg":""}
2021-07-09 02:54:46 查询号码 【1777586】，GSD为【""】
2021-07-09 02:54:46 bad
2021-07-09 02:54:47 CHB 1777586?1625770486 第 1 次 等待 1 秒
2021-07-09 02:54:48 CHB 1777586?1625770486 第 1 次 获取到号码【1777586】GSD
2021-07-09 02:54:48 获取到号码【1777586】的GSD为【湖南-长沙】
2021-07-09 02:54:52 GSD insert 第 1 次 等待 1 秒
2021-07-09 02:54:53 {"status":"ok","msg":"添加成功！227396"}
2021-07-09 02:54:53 下次操作: 2021-07-09 02:55:09

2021-07-09 02:55:09 开始第 19 次操作

2021-07-09 02:55:09 开始操作号码 【1777585】
2021-07-09 02:55:13 GSD getOne 第 1 次 等待 1 秒
2021-07-09 02:55:14 查询号码 【1777585】，返回信息 {"status":"bad","msg":""}
2021-07-09 02:55:14 查询号码 【1777585】，GSD为【""】
2021-07-09 02:55:14 bad
2021-07-09 02:55:19 CHB 1777585?1625770514 第 1 次 等待 1 秒
2021-07-09 02:55:20 CHB 1777585?1625770514 第 1 次 获取到号码【1777585】GSD
2021-07-09 02:55:20 获取到号码【1777585】的GSD为【湖南-长沙】
2021-07-09 02:55:26 GSD insert 第 1 次 等待 1 秒
2021-07-09 02:55:27 {"status":"ok","msg":"添加成功！227405"}
2021-07-09 02:55:27 下次操作: 2021-07-09 02:55:43

2021-07-09 02:55:43 开始第 20 次操作

2021-07-09 02:55:43 开始操作号码 【1777584】
2021-07-09 02:55:47 GSD getOne 第 1 次 等待 1 秒
2021-07-09 02:55:48 查询号码 【1777584】，返回信息 {"status":"bad","msg":""}
2021-07-09 02:55:48 查询号码 【1777584】，GSD为【""】
2021-07-09 02:55:48 bad
2021-07-09 02:55:49 CHB 1777584?1625770548 第 1 次 等待 1 秒
2021-07-09 02:55:50 CHB 1777584?1625770548 第 1 次 获取到号码【1777584】GSD
2021-07-09 02:55:50 获取到号码【1777584】的GSD为【湖南-长沙】
2021-07-09 02:55:54 GSD insert 第 1 次 等待 1 秒
2021-07-09 02:55:55 {"status":"ok","msg":"添加成功！227411"}
2021-07-09 02:55:55 下次操作: 2021-07-09 02:56:13

2021-07-09 02:56:13 开始第 21 次操作

2021-07-09 02:56:13 开始操作号码 【1777583】
2021-07-09 02:56:17 GSD getOne 第 1 次 等待 1 秒
2021-07-09 02:56:18 查询号码 【1777583】，返回信息 {"status":"bad","msg":""}
2021-07-09 02:56:18 查询号码 【1777583】，GSD为【""】
2021-07-09 02:56:18 bad
2021-07-09 02:56:19 CHB 1777583?1625770578 第 1 次 等待 1 秒
2021-07-09 02:56:20 CHB 1777583?1625770578 第 1 次 获取到号码【1777583】GSD
2021-07-09 02:56:20 获取到号码【1777583】的GSD为【湖南-长沙】
2021-07-09 02:56:25 GSD insert 第 1 次 等待 1 秒
2021-07-09 02:56:26 {"status":"ok","msg":"添加成功！227421"}
2021-07-09 02:56:26 下次操作: 2021-07-09 02:56:43

2021-07-09 02:56:43 开始第 22 次操作

2021-07-09 02:56:43 开始操作号码 【1777582】
2021-07-09 02:56:47 GSD getOne 第 1 次 等待 1 秒
2021-07-09 02:56:48 查询号码 【1777582】，返回信息 {"status":"bad","msg":""}
2021-07-09 02:56:48 查询号码 【1777582】，GSD为【""】
2021-07-09 02:56:48 bad
2021-07-09 02:56:49 CHB 1777582?1625770608 第 1 次 等待 1 秒
2021-07-09 02:56:50 CHB 1777582?1625770608 第 1 次 获取到号码【1777582】GSD
2021-07-09 02:56:50 获取到号码【1777582】的GSD为【湖南-长沙】
2021-07-09 02:56:54 GSD insert 第 1 次 等待 1 秒
2021-07-09 02:56:55 {"status":"ok","msg":"添加成功！227428"}
2021-07-09 02:56:55 下次操作: 2021-07-09 02:57:12

2021-07-09 02:57:12 开始第 23 次操作

2021-07-09 02:57:12 开始操作号码 【1777581】
2021-07-09 02:57:16 GSD getOne 第 1 次 等待 1 秒
2021-07-09 02:57:17 查询号码 【1777581】，返回信息 {"status":"bad","msg":""}
2021-07-09 02:57:17 查询号码 【1777581】，GSD为【""】
2021-07-09 02:57:17 bad
2021-07-09 02:57:18 CHB 1777581?1625770637 第 1 次 等待 1 秒
2021-07-09 02:57:19 CHB 1777581?1625770637 第 1 次 获取到号码【1777581】GSD
2021-07-09 02:57:19 获取到号码【1777581】的GSD为【湖南-长沙】
2021-07-09 02:57:23 GSD insert 第 1 次 等待 1 秒
2021-07-09 02:57:24 {"status":"ok","msg":"添加成功！227438"}
2021-07-09 02:57:24 下次操作: 2021-07-09 02:57:40

2021-07-09 02:57:40 开始第 24 次操作

2021-07-09 02:57:40 开始操作号码 【1777580】
2021-07-09 02:57:45 GSD getOne 第 1 次 等待 1 秒
2021-07-09 02:57:46 查询号码 【1777580】，返回信息 {"status":"bad","msg":""}
2021-07-09 02:57:46 查询号码 【1777580】，GSD为【""】
2021-07-09 02:57:46 bad
2021-07-09 02:57:47 CHB 1777580?1625770666 第 1 次 等待 1 秒
2021-07-09 02:57:48 CHB 1777580?1625770666 第 1 次 获取到号码【1777580】GSD
2021-07-09 02:57:48 获取到号码【1777580】的GSD为【湖南-长沙】
2021-07-09 02:57:52 GSD insert 第 1 次 等待 1 秒
2021-07-09 02:57:53 {"status":"ok","msg":"添加成功！227447"}
2021-07-09 02:57:53 下次操作: 2021-07-09 02:57:59

2021-07-09 02:57:59 开始第 25 次操作

2021-07-09 02:57:59 开始操作号码 【1777579】
2021-07-09 02:58:03 GSD getOne 第 1 次 等待 1 秒
2021-07-09 02:58:04 查询号码 【1777579】，返回信息 {"status":"bad","msg":""}
2021-07-09 02:58:04 查询号码 【1777579】，GSD为【""】
2021-07-09 02:58:04 bad
2021-07-09 02:58:05 CHB 1777579?1625770684 第 1 次 等待 1 秒
2021-07-09 02:58:06 CHB 1777579?1625770684 第 1 次 获取到号码【1777579】GSD
2021-07-09 02:58:06 获取到号码【1777579】的GSD为【湖南-长沙】
2021-07-09 02:58:10 GSD insert 第 1 次 等待 1 秒
2021-07-09 02:58:11 {"status":"ok","msg":"添加成功！227451"}
2021-07-09 02:58:11 下次操作: 2021-07-09 02:58:21

2021-07-09 02:58:21 开始第 26 次操作

2021-07-09 02:58:21 开始操作号码 【1777578】
2021-07-09 02:58:25 GSD getOne 第 1 次 等待 1 秒
2021-07-09 02:58:26 查询号码 【1777578】，返回信息 {"status":"bad","msg":""}
2021-07-09 02:58:26 查询号码 【1777578】，GSD为【""】
2021-07-09 02:58:26 bad
2021-07-09 02:58:27 CHB 1777578?1625770706 第 1 次 等待 1 秒
2021-07-09 02:58:28 CHB 1777578?1625770706 第 1 次 获取到号码【1777578】GSD
2021-07-09 02:58:28 获取到号码【1777578】的GSD为【湖南-长沙】
2021-07-09 02:58:32 GSD insert 第 1 次 等待 1 秒
2021-07-09 02:58:33 {"status":"ok","msg":"添加成功！227456"}
2021-07-09 02:58:33 下次操作: 2021-07-09 02:58:43

2021-07-09 02:58:43 开始第 27 次操作

2021-07-09 02:58:43 开始操作号码 【1777577】
2021-07-09 02:58:47 GSD getOne 第 1 次 等待 1 秒
2021-07-09 02:58:48 查询号码 【1777577】，返回信息 {"status":"bad","msg":""}
2021-07-09 02:58:48 查询号码 【1777577】，GSD为【""】
2021-07-09 02:58:48 bad
2021-07-09 02:58:49 CHB 1777577?1625770728 第 1 次 等待 1 秒
2021-07-09 02:58:50 CHB 1777577?1625770728 第 1 次 获取到号码【1777577】GSD
2021-07-09 02:58:50 获取到号码【1777577】的GSD为【湖南-长沙】
2021-07-09 02:58:56 GSD insert 第 1 次 等待 1 秒
2021-07-09 02:58:57 {"status":"ok","msg":"添加成功！227462"}
2021-07-09 02:58:57 下次操作: 2021-07-09 02:59:12

2021-07-09 02:59:12 开始第 28 次操作

2021-07-09 02:59:12 开始操作号码 【1777576】
2021-07-09 02:59:15 GSD getOne 第 1 次 等待 1 秒
2021-07-09 02:59:16 查询号码 【1777576】，返回信息 {"status":"bad","msg":""}
2021-07-09 02:59:16 查询号码 【1777576】，GSD为【""】
2021-07-09 02:59:16 bad
2021-07-09 02:59:22 CHB 1777576?1625770756 第 1 次 等待 1 秒
2021-07-09 02:59:23 CHB 1777576?1625770756 第 1 次 获取到号码【1777576】GSD
2021-07-09 02:59:23 获取到号码【1777576】的GSD为【湖南-长沙】
2021-07-09 02:59:27 GSD insert 第 1 次 等待 1 秒
2021-07-09 02:59:28 {"status":"ok","msg":"添加成功！227470"}
2021-07-09 02:59:28 下次操作: 2021-07-09 02:59:44

2021-07-09 02:59:44 开始第 29 次操作

2021-07-09 02:59:44 开始操作号码 【1777575】
2021-07-09 02:59:47 GSD getOne 第 1 次 等待 1 秒
2021-07-09 02:59:48 查询号码 【1777575】，返回信息 {"status":"bad","msg":""}
2021-07-09 02:59:48 查询号码 【1777575】，GSD为【""】
2021-07-09 02:59:48 bad
2021-07-09 02:59:50 CHB 1777575?1625770788 第 1 次 等待 1 秒
2021-07-09 02:59:51 CHB 1777575?1625770788 第 1 次 获取到号码【1777575】GSD
2021-07-09 02:59:51 获取到号码【1777575】的GSD为【湖南-长沙】
2021-07-09 02:59:55 GSD insert 第 1 次 等待 1 秒
2021-07-09 02:59:56 {"status":"ok","msg":"添加成功！227477"}
2021-07-09 02:59:56 下次操作: 2021-07-09 03:00:05

2021-07-09 03:00:05 开始第 30 次操作

2021-07-09 03:00:05 开始操作号码 【1777574】
2021-07-09 03:00:08 GSD getOne 第 1 次 等待 1 秒
2021-07-09 03:00:09 查询号码 【1777574】，返回信息 {"status":"bad","msg":""}
2021-07-09 03:00:10 查询号码 【1777574】，GSD为【""】
2021-07-09 03:00:10 bad
2021-07-09 03:00:11 CHB 1777574?1625770810 第 1 次 等待 1 秒
2021-07-09 03:00:12 CHB 1777574?1625770810 第 1 次 获取到号码【1777574】GSD
2021-07-09 03:00:12 获取到号码【1777574】的GSD为【湖南-长沙】
2021-07-09 03:00:16 GSD insert 第 1 次 等待 1 秒
2021-07-09 03:00:17 {"status":"ok","msg":"添加成功！227482"}

