2024-04-28 00:19:06 开始第 5837 次操作

2024-04-28 00:19:06 开始操作号码 【1635755】
2024-04-28 00:19:11 GSD getOne 第 1 次 等待 3 秒
2024-04-28 00:19:14 查询号码 【1635755】，返回信息 {"status":"ok","msg":"-","gid":"642148","time_insert":"2023-04-09 03:01"}
2024-04-28 00:19:14 查询号码 【1635755】，GSD为【"-"】
2024-04-28 00:19:14 ok && -
2024-04-28 00:19:17 CHB 1635755?1714234754 第 1 次 等待 3 秒
2024-04-28 00:19:20 CHB 1635755?1714234754 第 1 次 获取到号码【1635755】GSD
2024-04-28 00:19:20 未获取到号码【1635755】GSD，可能号码格式错误
2024-04-28 00:19:20 获取到号码【1635755】的GSD为【-】
2024-04-28 00:19:27 GSD insert 第 1 次 等待 3 秒
2024-04-28 00:19:30 {"status":"bad","gid":"642148","msg":"添加失败！号码【1635755(-|-)】已存在！"}
2024-04-28 00:19:30 随机等待 98 秒，约 1 分钟
2024-04-28 00:19:30 下次操作: 2024-04-28 00:21:08

2024-04-28 00:21:08 开始第 5838 次操作

2024-04-28 00:21:08 开始操作号码 【1635756】
2024-04-28 00:21:15 GSD getOne 第 1 次 等待 3 秒
2024-04-28 00:21:18 查询号码 【1635756】，返回信息 {"status":"ok","msg":"-","gid":"642158","time_insert":"2023-04-09 03:12"}
2024-04-28 00:21:18 查询号码 【1635756】，GSD为【"-"】
2024-04-28 00:21:18 ok && -
2024-04-28 00:21:24 CHB 1635756?1714234878 第 1 次 等待 3 秒
2024-04-28 00:21:27 CHB 1635756?1714234878 第 1 次 获取到号码【1635756】GSD
2024-04-28 00:21:27 未获取到号码【1635756】GSD，可能号码格式错误
2024-04-28 00:21:27 获取到号码【1635756】的GSD为【-】
2024-04-28 00:21:32 GSD insert 第 1 次 等待 3 秒
2024-04-28 00:21:35 {"status":"bad","gid":"642158","msg":"添加失败！号码【1635756(-|-)】已存在！"}
2024-04-28 00:21:35 随机等待 130 秒，约 2 分钟
2024-04-28 00:21:35 下次操作: 2024-04-28 00:23:45

2024-04-28 00:23:45 开始第 5839 次操作

2024-04-28 00:23:45 开始操作号码 【1635757】
2024-04-28 00:23:53 GSD getOne 第 1 次 等待 3 秒
2024-04-28 00:23:56 查询号码 【1635757】，返回信息 {"status":"ok","msg":"-","gid":"642167","time_insert":"2023-04-09 03:24"}
2024-04-28 00:23:56 查询号码 【1635757】，GSD为【"-"】
2024-04-28 00:23:56 ok && -
2024-04-28 00:23:58 CHB 1635757?1714235036 第 1 次 等待 3 秒
2024-04-28 00:24:01 CHB 1635757?1714235036 第 1 次 获取到号码【1635757】GSD
2024-04-28 00:24:01 未获取到号码【1635757】GSD，可能号码格式错误
2024-04-28 00:24:01 获取到号码【1635757】的GSD为【-】
2024-04-28 00:24:07 GSD insert 第 1 次 等待 3 秒
2024-04-28 00:24:10 {"status":"bad","gid":"642167","msg":"添加失败！号码【1635757(-|-)】已存在！"}
2024-04-28 00:24:10 随机等待 214 秒，约 3 分钟
2024-04-28 00:24:10 下次操作: 2024-04-28 00:27:44

2024-04-28 00:27:44 开始第 5840 次操作

2024-04-28 00:27:44 开始操作号码 【1635758】
2024-04-28 00:27:54 GSD getOne 第 1 次 等待 3 秒
2024-04-28 00:27:57 查询号码 【1635758】，返回信息 {"status":"ok","msg":"-","gid":"642173","time_insert":"2023-04-09 03:33"}
2024-04-28 00:27:57 查询号码 【1635758】，GSD为【"-"】
2024-04-28 00:27:57 ok && -
2024-04-28 00:27:59 CHB 1635758?1714235277 第 1 次 等待 3 秒
2024-04-28 00:28:02 CHB 1635758?1714235277 第 1 次 获取到号码【1635758】GSD
2024-04-28 00:28:02 未获取到号码【1635758】GSD，可能号码格式错误
2024-04-28 00:28:02 获取到号码【1635758】的GSD为【-】
2024-04-28 00:28:08 GSD insert 第 1 次 等待 3 秒
2024-04-28 00:28:11 {"status":"bad","gid":"642173","msg":"添加失败！号码【1635758(-|-)】已存在！"}

2024-04-28 00:37:46 开始第 5841 次操作

2024-04-28 00:37:46 开始操作号码 【1635759】
2024-04-28 00:38:04 GSD getOne 第 1 次 等待 3 秒
2024-04-28 00:38:07 查询号码 【1635759】，返回信息 {"status":"ok","msg":"-","gid":"642184","time_insert":"2023-04-09 03:46"}
2024-04-28 00:38:07 查询号码 【1635759】，GSD为【"-"】
2024-04-28 00:38:07 ok && -
2024-04-28 00:38:09 CHB 1635759?1714235887 第 1 次 等待 3 秒
2024-04-28 00:38:12 CHB 1635759?1714235887 第 1 次 获取到号码【1635759】GSD
2024-04-28 00:38:12 未获取到号码【1635759】GSD，可能号码格式错误
2024-04-28 00:38:12 获取到号码【1635759】的GSD为【-】
2024-04-28 00:38:20 GSD insert 第 1 次 等待 3 秒
2024-04-28 00:38:23 {"status":"bad","gid":"642184","msg":"添加失败！号码【1635759(-|-)】已存在！"}
2024-04-28 00:38:23 随机等待 215 秒，约 3 分钟
2024-04-28 00:38:23 下次操作: 2024-04-28 00:41:58

2024-04-28 00:41:58 开始第 5842 次操作

2024-04-28 00:41:58 开始操作号码 【1635760】
2024-04-28 00:42:05 GSD getOne 第 1 次 等待 3 秒
2024-04-28 00:42:08 查询号码 【1635760】，返回信息 {"status":"ok","msg":"-","gid":"642192","time_insert":"2023-04-09 03:57"}
2024-04-28 00:42:08 查询号码 【1635760】，GSD为【"-"】
2024-04-28 00:42:08 ok && -
2024-04-28 00:42:10 CHB 1635760?1714236128 第 1 次 等待 3 秒
2024-04-28 00:42:13 CHB 1635760?1714236128 第 1 次 获取到号码【1635760】GSD
2024-04-28 00:42:13 未获取到号码【1635760】GSD，可能号码格式错误
2024-04-28 00:42:13 获取到号码【1635760】的GSD为【-】
2024-04-28 00:42:19 GSD insert 第 1 次 等待 3 秒
2024-04-28 00:42:22 {"status":"bad","gid":"642192","msg":"添加失败！号码【1635760(-|-)】已存在！"}
2024-04-28 00:42:22 随机等待 69 秒，约 1 分钟
2024-04-28 00:42:22 下次操作: 2024-04-28 00:43:31

2024-04-28 00:43:31 开始第 5843 次操作

2024-04-28 00:43:31 开始操作号码 【1635761】
2024-04-28 00:43:40 GSD getOne 第 1 次 等待 3 秒
2024-04-28 00:43:43 查询号码 【1635761】，返回信息 {"status":"ok","msg":"-","gid":"642210","time_insert":"2023-04-09 04:17"}
2024-04-28 00:43:43 查询号码 【1635761】，GSD为【"-"】
2024-04-28 00:43:43 ok && -
2024-04-28 00:43:45 CHB 1635761?1714236223 第 1 次 等待 3 秒
2024-04-28 00:43:48 CHB 1635761?1714236223 第 1 次 获取到号码【1635761】GSD
2024-04-28 00:43:48 未获取到号码【1635761】GSD，可能号码格式错误
2024-04-28 00:43:48 获取到号码【1635761】的GSD为【-】
2024-04-28 00:43:55 GSD insert 第 1 次 等待 3 秒
2024-04-28 00:43:58 {"status":"bad","gid":"642210","msg":"添加失败！号码【1635761(-|-)】已存在！"}
2024-04-28 00:43:58 随机等待 120 秒，约 2 分钟
2024-04-28 00:43:58 下次操作: 2024-04-28 00:45:58

2024-04-28 00:45:58 开始第 5844 次操作

2024-04-28 00:45:58 开始操作号码 【1635762】
2024-04-28 00:46:03 GSD getOne 第 1 次 等待 3 秒
2024-04-28 00:46:06 查询号码 【1635762】，返回信息 {"status":"ok","msg":"-","gid":"642230","time_insert":"2023-04-09 04:40"}
2024-04-28 00:46:06 查询号码 【1635762】，GSD为【"-"】
2024-04-28 00:46:06 ok && -
2024-04-28 00:46:08 CHB 1635762?1714236366 第 1 次 等待 3 秒
2024-04-28 00:46:11 CHB 1635762?1714236366 第 1 次 获取到号码【1635762】GSD
2024-04-28 00:46:11 未获取到号码【1635762】GSD，可能号码格式错误
2024-04-28 00:46:11 获取到号码【1635762】的GSD为【-】
2024-04-28 00:46:16 GSD insert 第 1 次 等待 3 秒
2024-04-28 00:46:19 {"status":"bad","gid":"642230","msg":"添加失败！号码【1635762(-|-)】已存在！"}

2024-04-28 01:14:21 开始第 5845 次操作

2024-04-28 01:14:21 开始操作号码 【1635763】
2024-04-28 01:14:28 GSD getOne 第 1 次 等待 3 秒
2024-04-28 01:14:31 查询号码 【1635763】，返回信息 {"status":"ok","msg":"-","gid":"642244","time_insert":"2023-04-09 04:57"}
2024-04-28 01:14:31 查询号码 【1635763】，GSD为【"-"】
2024-04-28 01:14:31 ok && -
2024-04-28 01:14:34 CHB 1635763?1714238071 第 1 次 等待 3 秒
2024-04-28 01:14:37 CHB 1635763?1714238071 第 1 次 获取到号码【1635763】GSD
2024-04-28 01:14:37 未获取到号码【1635763】GSD，可能号码格式错误
2024-04-28 01:14:37 获取到号码【1635763】的GSD为【-】
2024-04-28 01:14:42 GSD insert 第 1 次 等待 3 秒
2024-04-28 01:14:45 {"status":"bad","gid":"642244","msg":"添加失败！号码【1635763(-|-)】已存在！"}
2024-04-28 01:14:45 随机等待 227 秒，约 3 分钟
2024-04-28 01:14:45 下次操作: 2024-04-28 01:18:32

2024-04-28 01:18:32 开始第 5846 次操作

2024-04-28 01:18:32 开始操作号码 【1635764】
2024-04-28 01:18:41 GSD getOne 第 1 次 等待 3 秒
2024-04-28 01:18:44 查询号码 【1635764】，返回信息 {"status":"ok","msg":"-","gid":"642257","time_insert":"2023-04-09 05:17"}
2024-04-28 01:18:44 查询号码 【1635764】，GSD为【"-"】
2024-04-28 01:18:44 ok && -
2024-04-28 01:18:46 CHB 1635764?1714238324 第 1 次 等待 3 秒
2024-04-28 01:18:49 CHB 1635764?1714238324 第 1 次 获取到号码【1635764】GSD
2024-04-28 01:18:49 未获取到号码【1635764】GSD，可能号码格式错误
2024-04-28 01:18:49 获取到号码【1635764】的GSD为【-】
2024-04-28 01:18:54 GSD insert 第 1 次 等待 3 秒
2024-04-28 01:18:57 {"status":"bad","gid":"642257","msg":"添加失败！号码【1635764(-|-)】已存在！"}
2024-04-28 01:18:57 随机等待 182 秒，约 3 分钟
2024-04-28 01:18:57 下次操作: 2024-04-28 01:21:59

2024-04-28 01:21:59 开始第 5847 次操作

2024-04-28 01:21:59 开始操作号码 【1635765】
2024-04-28 01:22:06 GSD getOne 第 1 次 等待 3 秒
2024-04-28 01:22:09 查询号码 【1635765】，返回信息 {"status":"ok","msg":"-","gid":"642274","time_insert":"2023-04-09 05:40"}
2024-04-28 01:22:09 查询号码 【1635765】，GSD为【"-"】
2024-04-28 01:22:09 ok && -
2024-04-28 01:22:12 CHB 1635765?1714238529 第 1 次 等待 3 秒
2024-04-28 01:22:15 CHB 1635765?1714238529 第 1 次 获取到号码【1635765】GSD
2024-04-28 01:22:15 未获取到号码【1635765】GSD，可能号码格式错误
2024-04-28 01:22:15 获取到号码【1635765】的GSD为【-】
2024-04-28 01:22:22 GSD insert 第 1 次 等待 3 秒
2024-04-28 01:22:25 {"status":"bad","gid":"642274","msg":"添加失败！号码【1635765(-|-)】已存在！"}
2024-04-28 01:22:25 随机等待 81 秒，约 1 分钟
2024-04-28 01:22:25 下次操作: 2024-04-28 01:23:46

2024-04-28 01:23:46 开始第 5848 次操作

2024-04-28 01:23:46 开始操作号码 【1635766】
2024-04-28 01:23:51 GSD getOne 第 1 次 等待 3 秒
2024-04-28 01:23:54 查询号码 【1635766】，返回信息 {"status":"ok","msg":"-","gid":"642291","time_insert":"2023-04-09 06:00"}
2024-04-28 01:23:54 查询号码 【1635766】，GSD为【"-"】
2024-04-28 01:23:54 ok && -
2024-04-28 01:23:57 CHB 1635766?1714238634 第 1 次 等待 3 秒
2024-04-28 01:24:00 CHB 1635766?1714238634 第 1 次 获取到号码【1635766】GSD
2024-04-28 01:24:00 未获取到号码【1635766】GSD，可能号码格式错误
2024-04-28 01:24:00 获取到号码【1635766】的GSD为【-】
2024-04-28 01:24:05 GSD insert 第 1 次 等待 3 秒
2024-04-28 01:24:08 {"status":"bad","gid":"642291","msg":"添加失败！号码【1635766(-|-)】已存在！"}

2024-04-28 01:37:18 开始第 5849 次操作

2024-04-28 01:37:18 开始操作号码 【1635767】
2024-04-28 01:37:26 GSD getOne 第 1 次 等待 3 秒
2024-04-28 01:37:29 查询号码 【1635767】，返回信息 {"status":"ok","msg":"-","gid":"642300","time_insert":"2023-04-09 06:12"}
2024-04-28 01:37:30 查询号码 【1635767】，GSD为【"-"】
2024-04-28 01:37:30 ok && -
2024-04-28 01:37:32 CHB 1635767?1714239450 第 1 次 等待 3 秒
2024-04-28 01:37:35 CHB 1635767?1714239450 第 1 次 获取到号码【1635767】GSD
2024-04-28 01:37:35 未获取到号码【1635767】GSD，可能号码格式错误
2024-04-28 01:37:35 获取到号码【1635767】的GSD为【-】
2024-04-28 01:37:42 GSD insert 第 1 次 等待 3 秒
2024-04-28 01:37:45 {"status":"bad","gid":"642300","msg":"添加失败！号码【1635767(-|-)】已存在！"}
2024-04-28 01:37:45 随机等待 184 秒，约 3 分钟
2024-04-28 01:37:45 下次操作: 2024-04-28 01:40:49

2024-04-28 01:40:49 开始第 5850 次操作

2024-04-28 01:40:49 开始操作号码 【1635768】
2024-04-28 01:41:13 GSD getOne 第 1 次 等待 3 秒
2024-04-28 01:41:16 查询号码 【1635768】，返回信息 {"status":"ok","msg":"-","gid":"642318","time_insert":"2023-04-09 06:35"}
2024-04-28 01:41:17 查询号码 【1635768】，GSD为【"-"】
2024-04-28 01:41:17 ok && -
2024-04-28 01:41:18 CHB 1635768?1714239677 第 1 次 等待 3 秒
2024-04-28 01:41:21 CHB 1635768?1714239677 第 1 次 获取到号码【1635768】GSD
2024-04-28 01:41:21 未获取到号码【1635768】GSD，可能号码格式错误
2024-04-28 01:41:21 获取到号码【1635768】的GSD为【-】
2024-04-28 01:41:27 GSD insert 第 1 次 等待 3 秒
2024-04-28 01:41:30 {"status":"bad","gid":"642318","msg":"添加失败！号码【1635768(-|-)】已存在！"}
2024-04-28 01:41:30 随机等待 197 秒，约 3 分钟
2024-04-28 01:41:30 下次操作: 2024-04-28 01:44:47

2024-04-28 01:44:47 开始第 5851 次操作

2024-04-28 01:44:47 开始操作号码 【1635769】
2024-04-28 01:44:52 GSD getOne 第 1 次 等待 3 秒
2024-04-28 01:44:55 查询号码 【1635769】，返回信息 {"status":"ok","msg":"-","gid":"642330","time_insert":"2023-04-09 06:52"}
2024-04-28 01:44:56 查询号码 【1635769】，GSD为【"-"】
2024-04-28 01:44:56 ok && -
2024-04-28 01:44:58 CHB 1635769?1714239896 第 1 次 等待 3 秒
2024-04-28 01:45:01 CHB 1635769?1714239896 第 1 次 获取到号码【1635769】GSD
2024-04-28 01:45:01 未获取到号码【1635769】GSD，可能号码格式错误
2024-04-28 01:45:01 获取到号码【1635769】的GSD为【-】
2024-04-28 01:45:06 GSD insert 第 1 次 等待 3 秒
2024-04-28 01:45:09 {"status":"bad","gid":"642330","msg":"添加失败！号码【1635769(-|-)】已存在！"}
2024-04-28 01:45:09 随机等待 109 秒，约 1 分钟
2024-04-28 01:45:09 下次操作: 2024-04-28 01:46:58

2024-04-28 01:46:58 开始第 5852 次操作

2024-04-28 01:46:58 开始操作号码 【1635770】
2024-04-28 01:47:04 GSD getOne 第 1 次 等待 3 秒
2024-04-28 01:47:07 查询号码 【1635770】，返回信息 {"status":"ok","msg":"-","gid":"642347","time_insert":"2023-04-09 07:12"}
2024-04-28 01:47:07 查询号码 【1635770】，GSD为【"-"】
2024-04-28 01:47:07 ok && -
2024-04-28 01:47:09 CHB 1635770?1714240027 第 1 次 等待 3 秒
2024-04-28 01:47:12 CHB 1635770?1714240027 第 1 次 获取到号码【1635770】GSD
2024-04-28 01:47:12 未获取到号码【1635770】GSD，可能号码格式错误
2024-04-28 01:47:12 获取到号码【1635770】的GSD为【-】
2024-04-28 01:47:17 GSD insert 第 1 次 等待 3 秒
2024-04-28 01:47:20 {"status":"bad","gid":"642347","msg":"添加失败！号码【1635770(-|-)】已存在！"}

2024-04-28 02:19:48 开始第 5853 次操作

2024-04-28 02:19:48 开始操作号码 【1635771】
2024-04-28 02:19:56 GSD getOne 第 1 次 等待 3 秒
2024-04-28 02:19:59 查询号码 【1635771】，返回信息 {"status":"ok","msg":"-","gid":"642366","time_insert":"2023-04-09 07:36"}
2024-04-28 02:19:59 查询号码 【1635771】，GSD为【"-"】
2024-04-28 02:19:59 ok && -
2024-04-28 02:20:02 CHB 1635771?1714241999 第 1 次 等待 3 秒
2024-04-28 02:20:05 CHB 1635771?1714241999 第 1 次 获取到号码【1635771】GSD
2024-04-28 02:20:05 未获取到号码【1635771】GSD，可能号码格式错误
2024-04-28 02:20:05 获取到号码【1635771】的GSD为【-】
2024-04-28 02:20:12 GSD insert 第 1 次 等待 3 秒
2024-04-28 02:20:15 {"status":"bad","gid":"642366","msg":"添加失败！号码【1635771(-|-)】已存在！"}
2024-04-28 02:20:15 随机等待 184 秒，约 3 分钟
2024-04-28 02:20:15 下次操作: 2024-04-28 02:23:19

2024-04-28 02:23:19 开始第 5854 次操作

2024-04-28 02:23:19 开始操作号码 【1635772】
2024-04-28 02:23:24 GSD getOne 第 1 次 等待 3 秒
2024-04-28 02:23:27 查询号码 【1635772】，返回信息 {"status":"ok","msg":"-","gid":"642386","time_insert":"2023-04-09 08:00"}
2024-04-28 02:23:27 查询号码 【1635772】，GSD为【"-"】
2024-04-28 02:23:27 ok && -
2024-04-28 02:23:29 CHB 1635772?1714242207 第 1 次 等待 3 秒
2024-04-28 02:23:32 CHB 1635772?1714242207 第 1 次 获取到号码【1635772】GSD
2024-04-28 02:23:32 未获取到号码【1635772】GSD，可能号码格式错误
2024-04-28 02:23:32 获取到号码【1635772】的GSD为【-】
2024-04-28 02:23:37 GSD insert 第 1 次 等待 3 秒
2024-04-28 02:23:40 {"status":"bad","gid":"642386","msg":"添加失败！号码【1635772(-|-)】已存在！"}
2024-04-28 02:23:40 随机等待 100 秒，约 1 分钟
2024-04-28 02:23:40 下次操作: 2024-04-28 02:25:20

2024-04-28 02:25:20 开始第 5855 次操作

2024-04-28 02:25:20 开始操作号码 【1635773】
2024-04-28 02:25:25 GSD getOne 第 1 次 等待 3 秒
2024-04-28 02:25:28 查询号码 【1635773】，返回信息 {"status":"ok","msg":"-","gid":"642392","time_insert":"2023-04-09 08:09"}
2024-04-28 02:25:28 查询号码 【1635773】，GSD为【"-"】
2024-04-28 02:25:28 ok && -
2024-04-28 02:25:30 CHB 1635773?1714242328 第 1 次 等待 3 秒
2024-04-28 02:25:33 CHB 1635773?1714242328 第 1 次 获取到号码【1635773】GSD
2024-04-28 02:25:33 未获取到号码【1635773】GSD，可能号码格式错误
2024-04-28 02:25:33 获取到号码【1635773】的GSD为【-】
2024-04-28 02:25:38 GSD insert 第 1 次 等待 3 秒
2024-04-28 02:25:41 {"status":"bad","gid":"642392","msg":"添加失败！号码【1635773(-|-)】已存在！"}
2024-04-28 02:25:41 随机等待 234 秒，约 3 分钟
2024-04-28 02:25:41 下次操作: 2024-04-28 02:29:35

2024-04-28 02:29:35 开始第 5856 次操作

2024-04-28 02:29:35 开始操作号码 【1635774】
2024-04-28 02:29:53 GSD getOne 第 1 次 等待 3 秒
2024-04-28 02:29:56 查询号码 【1635774】，返回信息 {"status":"ok","msg":"-","gid":"642409","time_insert":"2023-04-09 08:28"}
2024-04-28 02:29:56 查询号码 【1635774】，GSD为【"-"】
2024-04-28 02:29:56 ok && -
2024-04-28 02:29:58 CHB 1635774?1714242596 第 1 次 等待 3 秒
2024-04-28 02:30:01 CHB 1635774?1714242596 第 1 次 获取到号码【1635774】GSD
2024-04-28 02:30:01 未获取到号码【1635774】GSD，可能号码格式错误
2024-04-28 02:30:01 获取到号码【1635774】的GSD为【-】
2024-04-28 02:30:06 GSD insert 第 1 次 等待 3 秒
2024-04-28 02:30:09 {"status":"bad","gid":"642409","msg":"添加失败！号码【1635774(-|-)】已存在！"}

2024-04-28 02:38:32 开始第 5857 次操作

2024-04-28 02:38:32 开始操作号码 【1635775】
2024-04-28 02:38:37 GSD getOne 第 1 次 等待 3 秒
2024-04-28 02:38:40 查询号码 【1635775】，返回信息 {"status":"ok","msg":"-","gid":"642421","time_insert":"2023-04-09 08:39"}
2024-04-28 02:38:40 查询号码 【1635775】，GSD为【"-"】
2024-04-28 02:38:40 ok && -
2024-04-28 02:38:42 CHB 1635775?1714243120 第 1 次 等待 3 秒
2024-04-28 02:38:45 CHB 1635775?1714243120 第 1 次 获取到号码【1635775】GSD
2024-04-28 02:38:45 未获取到号码【1635775】GSD，可能号码格式错误
2024-04-28 02:38:45 获取到号码【1635775】的GSD为【-】
2024-04-28 02:38:52 GSD insert 第 1 次 等待 3 秒
2024-04-28 02:38:55 {"status":"bad","gid":"642421","msg":"添加失败！号码【1635775(-|-)】已存在！"}
2024-04-28 02:38:55 随机等待 91 秒，约 1 分钟
2024-04-28 02:38:55 下次操作: 2024-04-28 02:40:26

2024-04-28 02:40:26 开始第 5858 次操作

2024-04-28 02:40:26 开始操作号码 【1635776】
2024-04-28 02:40:33 GSD getOne 第 1 次 等待 3 秒
2024-04-28 02:40:36 查询号码 【1635776】，返回信息 {"status":"ok","msg":"-","gid":"642441","time_insert":"2023-04-09 08:52"}
2024-04-28 02:40:36 查询号码 【1635776】，GSD为【"-"】
2024-04-28 02:40:36 ok && -
2024-04-28 02:40:38 CHB 1635776?1714243236 第 1 次 等待 3 秒
2024-04-28 02:40:41 CHB 1635776?1714243236 第 1 次 获取到号码【1635776】GSD
2024-04-28 02:40:41 未获取到号码【1635776】GSD，可能号码格式错误
2024-04-28 02:40:41 获取到号码【1635776】的GSD为【-】
2024-04-28 02:40:49 GSD insert 第 1 次 等待 3 秒
2024-04-28 02:40:52 {"status":"bad","gid":"642441","msg":"添加失败！号码【1635776(-|-)】已存在！"}
2024-04-28 02:40:52 随机等待 217 秒，约 3 分钟
2024-04-28 02:40:52 下次操作: 2024-04-28 02:44:29

2024-04-28 02:44:29 开始第 5859 次操作

2024-04-28 02:44:29 开始操作号码 【1635777】
2024-04-28 02:44:34 GSD getOne 第 1 次 等待 3 秒
2024-04-28 02:44:37 查询号码 【1635777】，返回信息 {"status":"ok","msg":"-","gid":"642473","time_insert":"2023-04-09 09:14"}
2024-04-28 02:44:37 查询号码 【1635777】，GSD为【"-"】
2024-04-28 02:44:37 ok && -
2024-04-28 02:44:39 CHB 1635777?1714243477 第 1 次 等待 3 秒
2024-04-28 02:44:42 CHB 1635777?1714243477 第 1 次 获取到号码【1635777】GSD
2024-04-28 02:44:42 未获取到号码【1635777】GSD，可能号码格式错误
2024-04-28 02:44:42 获取到号码【1635777】的GSD为【-】
2024-04-28 02:44:48 GSD insert 第 1 次 等待 3 秒
2024-04-28 02:44:51 {"status":"bad","gid":"642473","msg":"添加失败！号码【1635777(-|-)】已存在！"}
2024-04-28 02:44:51 随机等待 75 秒，约 1 分钟
2024-04-28 02:44:51 下次操作: 2024-04-28 02:46:06

2024-04-28 02:46:06 开始第 5860 次操作

2024-04-28 02:46:06 开始操作号码 【1635778】
2024-04-28 02:46:11 GSD getOne 第 1 次 等待 3 秒
2024-04-28 02:46:14 查询号码 【1635778】，返回信息 {"status":"ok","msg":"-","gid":"642493","time_insert":"2023-04-09 09:34"}
2024-04-28 02:46:14 查询号码 【1635778】，GSD为【"-"】
2024-04-28 02:46:14 ok && -
2024-04-28 02:46:16 CHB 1635778?1714243574 第 1 次 等待 3 秒
2024-04-28 02:46:19 CHB 1635778?1714243574 第 1 次 获取到号码【1635778】GSD
2024-04-28 02:46:19 未获取到号码【1635778】GSD，可能号码格式错误
2024-04-28 02:46:19 获取到号码【1635778】的GSD为【-】
2024-04-28 02:46:25 GSD insert 第 1 次 等待 3 秒
2024-04-28 02:46:28 {"status":"bad","gid":"642493","msg":"添加失败！号码【1635778(-|-)】已存在！"}

