2021-07-30 00:00:09 开始第 21 次操作

2021-07-30 00:00:09 开始操作号码 【1813373】
2021-07-30 00:00:12 GSD getOne 第 1 次 等待 3 秒
2021-07-30 00:00:15 查询号码 【1813373】，返回信息 {"status":"bad","msg":""}
2021-07-30 00:00:15 查询号码 【1813373】，GSD为【""】
2021-07-30 00:00:15 bad
2021-07-30 00:00:17 CHB 1813373?1627574415 第 1 次 等待 3 秒
2021-07-30 00:00:20 CHB 1813373?1627574415 第 1 次 获取到号码【1813373】GSD
2021-07-30 00:00:20 获取到号码【1813373】的GSD为【安徽-宿州】
2021-07-30 00:00:23 GSD insert 第 1 次 等待 3 秒
2021-07-30 00:00:26 {"status":"ok","gid":438552,"msg":"添加成功！"}
2021-07-30 00:00:26 下次操作: 2021-07-30 00:00:45

2021-07-30 00:00:45 开始第 22 次操作

2021-07-30 00:00:45 开始操作号码 【1813372】
2021-07-30 00:00:52 GSD getOne 第 1 次 等待 3 秒
2021-07-30 00:00:55 查询号码 【1813372】，返回信息 {"status":"bad","msg":""}
2021-07-30 00:00:55 查询号码 【1813372】，GSD为【""】
2021-07-30 00:00:55 bad
2021-07-30 00:00:57 CHB 1813372?1627574455 第 1 次 等待 3 秒
2021-07-30 00:01:00 CHB 1813372?1627574455 第 1 次 获取到号码【1813372】GSD
2021-07-30 00:01:00 获取到号码【1813372】的GSD为【安徽-宿州】
2021-07-30 00:01:04 GSD insert 第 1 次 等待 3 秒
2021-07-30 00:01:07 {"status":"ok","gid":438561,"msg":"添加成功！"}
2021-07-30 00:01:07 下次操作: 2021-07-30 00:01:19

2021-07-30 00:01:19 开始第 23 次操作

2021-07-30 00:01:19 开始操作号码 【1813371】
2021-07-30 00:01:23 GSD getOne 第 1 次 等待 3 秒
2021-07-30 00:01:26 查询号码 【1813371】，返回信息 {"status":"bad","msg":""}
2021-07-30 00:01:26 查询号码 【1813371】，GSD为【""】
2021-07-30 00:01:26 bad
2021-07-30 00:01:28 CHB 1813371?1627574486 第 1 次 等待 3 秒
2021-07-30 00:01:31 CHB 1813371?1627574486 第 1 次 获取到号码【1813371】GSD
2021-07-30 00:01:31 获取到号码【1813371】的GSD为【安徽-宿州】
2021-07-30 00:01:38 GSD insert 第 1 次 等待 3 秒
2021-07-30 00:01:41 {"status":"ok","gid":438570,"msg":"添加成功！"}
2021-07-30 00:01:41 下次操作: 2021-07-30 00:01:59

2021-07-30 00:01:59 开始第 24 次操作

2021-07-30 00:01:59 开始操作号码 【1813370】
2021-07-30 00:02:03 GSD getOne 第 1 次 等待 3 秒
2021-07-30 00:02:06 查询号码 【1813370】，返回信息 {"status":"bad","msg":""}
2021-07-30 00:02:07 查询号码 【1813370】，GSD为【""】
2021-07-30 00:02:07 bad
2021-07-30 00:02:08 CHB 1813370?1627574527 第 1 次 等待 3 秒
2021-07-30 00:02:11 CHB 1813370?1627574527 第 1 次 获取到号码【1813370】GSD
2021-07-30 00:02:11 获取到号码【1813370】的GSD为【安徽-宿州】
2021-07-30 00:02:18 GSD insert 第 1 次 等待 3 秒
2021-07-30 00:02:21 {"status":"ok","gid":438579,"msg":"添加成功！"}
2021-07-30 00:02:21 下次操作: 2021-07-30 00:02:35

2021-07-30 00:02:35 开始第 25 次操作

2021-07-30 00:02:35 开始操作号码 【1813369】
2021-07-30 00:02:40 GSD getOne 第 1 次 等待 3 秒
2021-07-30 00:02:43 查询号码 【1813369】，返回信息 {"status":"bad","msg":""}
2021-07-30 00:02:43 查询号码 【1813369】，GSD为【""】
2021-07-30 00:02:43 bad
2021-07-30 00:02:46 CHB 1813369?1627574563 第 1 次 等待 3 秒
2021-07-30 00:02:49 CHB 1813369?1627574563 第 1 次 获取到号码【1813369】GSD
2021-07-30 00:02:49 获取到号码【1813369】的GSD为【安徽-合肥】
2021-07-30 00:02:55 GSD insert 第 1 次 等待 3 秒
2021-07-30 00:02:58 {"status":"ok","gid":438590,"msg":"添加成功！"}
2021-07-30 00:02:58 下次操作: 2021-07-30 00:03:14

2021-07-30 00:03:14 开始第 26 次操作

2021-07-30 00:03:14 开始操作号码 【1813368】
2021-07-30 00:03:17 GSD getOne 第 1 次 等待 3 秒
2021-07-30 00:03:20 查询号码 【1813368】，返回信息 {"status":"bad","msg":""}
2021-07-30 00:03:20 查询号码 【1813368】，GSD为【""】
2021-07-30 00:03:20 bad
2021-07-30 00:03:22 CHB 1813368?1627574600 第 1 次 等待 3 秒
2021-07-30 00:03:25 CHB 1813368?1627574600 第 1 次 获取到号码【1813368】GSD
2021-07-30 00:03:25 获取到号码【1813368】的GSD为【安徽-合肥】
2021-07-30 00:03:29 GSD insert 第 1 次 等待 3 秒
2021-07-30 00:03:32 {"status":"ok","gid":438598,"msg":"添加成功！"}
2021-07-30 00:03:32 下次操作: 2021-07-30 00:03:44

2021-07-30 00:03:44 开始第 27 次操作

2021-07-30 00:03:44 开始操作号码 【1813367】
2021-07-30 00:03:47 GSD getOne 第 1 次 等待 3 秒
2021-07-30 00:03:50 查询号码 【1813367】，返回信息 {"status":"bad","msg":""}
2021-07-30 00:03:50 查询号码 【1813367】，GSD为【""】
2021-07-30 00:03:50 bad
2021-07-30 00:03:53 CHB 1813367?1627574630 第 1 次 等待 3 秒
2021-07-30 00:03:56 CHB 1813367?1627574630 第 1 次 获取到号码【1813367】GSD
2021-07-30 00:03:56 获取到号码【1813367】的GSD为【安徽-合肥】
2021-07-30 00:03:59 GSD insert 第 1 次 等待 3 秒
2021-07-30 00:04:02 {"status":"ok","gid":438604,"msg":"添加成功！"}
2021-07-30 00:04:02 下次操作: 2021-07-30 00:04:24

2021-07-30 00:04:24 开始第 28 次操作

2021-07-30 00:04:24 开始操作号码 【1813366】
2021-07-30 00:05:26 GSD getOne 第 1 次 等待 3 秒
2021-07-30 00:05:29 查询号码 【1813366】，返回信息 {"status":"bad","msg":""}
2021-07-30 00:05:29 查询号码 【1813366】，GSD为【""】
2021-07-30 00:05:29 bad
2021-07-30 00:05:31 CHB 1813366?1627574729 第 1 次 等待 3 秒
2021-07-30 00:05:34 CHB 1813366?1627574729 第 1 次 获取到号码【1813366】GSD
2021-07-30 00:05:34 获取到号码【1813366】的GSD为【安徽-合肥】
2021-07-30 00:05:38 GSD insert 第 1 次 等待 3 秒
2021-07-30 00:05:41 {"status":"ok","gid":438625,"msg":"添加成功！"}
2021-07-30 00:05:41 下次操作: 2021-07-30 00:06:01

2021-07-30 00:06:01 开始第 29 次操作

2021-07-30 00:06:01 开始操作号码 【1813365】
2021-07-30 00:06:07 GSD getOne 第 1 次 等待 3 秒
2021-07-30 00:06:10 查询号码 【1813365】，返回信息 {"status":"bad","msg":""}
2021-07-30 00:06:10 查询号码 【1813365】，GSD为【""】
2021-07-30 00:06:10 bad
2021-07-30 00:06:11 CHB 1813365?1627574770 第 1 次 等待 3 秒
2021-07-30 00:06:14 CHB 1813365?1627574770 第 1 次 获取到号码【1813365】GSD
2021-07-30 00:06:15 获取到号码【1813365】的GSD为【安徽-合肥】
2021-07-30 00:06:19 GSD insert 第 1 次 等待 3 秒
2021-07-30 00:06:22 {"status":"ok","gid":438637,"msg":"添加成功！"}
2021-07-30 00:06:22 下次操作: 2021-07-30 00:06:40

2021-07-30 00:06:40 开始第 30 次操作

2021-07-30 00:06:40 开始操作号码 【1813364】
2021-07-30 00:06:47 GSD getOne 第 1 次 等待 3 秒
2021-07-30 00:06:50 查询号码 【1813364】，返回信息 {"status":"bad","msg":""}
2021-07-30 00:06:50 查询号码 【1813364】，GSD为【""】
2021-07-30 00:06:50 bad
2021-07-30 00:06:52 CHB 1813364?1627574810 第 1 次 等待 3 秒
2021-07-30 00:06:55 CHB 1813364?1627574810 第 1 次 获取到号码【1813364】GSD
2021-07-30 00:06:55 获取到号码【1813364】的GSD为【安徽-合肥】
2021-07-30 00:06:59 GSD insert 第 1 次 等待 3 秒
2021-07-30 00:07:02 {"status":"ok","gid":438648,"msg":"添加成功！"}
2021-07-30 00:07:02 下次操作: 2021-07-30 00:07:16

2021-07-30 00:07:16 开始第 31 次操作

2021-07-30 00:07:16 开始操作号码 【1813363】
2021-07-30 00:07:22 GSD getOne 第 1 次 等待 3 秒
2021-07-30 00:07:25 查询号码 【1813363】，返回信息 {"status":"bad","msg":""}
2021-07-30 00:07:25 查询号码 【1813363】，GSD为【""】
2021-07-30 00:07:25 bad
2021-07-30 00:07:28 CHB 1813363?1627574845 第 1 次 等待 3 秒
2021-07-30 00:07:31 CHB 1813363?1627574845 第 1 次 获取到号码【1813363】GSD
2021-07-30 00:07:31 获取到号码【1813363】的GSD为【安徽-合肥】
2021-07-30 00:07:38 GSD insert 第 1 次 等待 3 秒
2021-07-30 00:07:41 {"status":"ok","gid":438659,"msg":"添加成功！"}
2021-07-30 00:07:41 下次操作: 2021-07-30 00:07:55

2021-07-30 00:07:55 开始第 32 次操作

2021-07-30 00:07:55 开始操作号码 【1813362】
2021-07-30 00:08:03 GSD getOne 第 1 次 等待 3 秒
2021-07-30 00:08:06 查询号码 【1813362】，返回信息 {"status":"bad","msg":""}
2021-07-30 00:08:06 查询号码 【1813362】，GSD为【""】
2021-07-30 00:08:06 bad
2021-07-30 00:08:12 CHB 1813362?1627574887 第 1 次 等待 3 秒
2021-07-30 00:08:15 CHB 1813362?1627574887 第 1 次 获取到号码【1813362】GSD
2021-07-30 00:08:15 获取到号码【1813362】的GSD为【安徽-合肥】
2021-07-30 00:08:18 GSD insert 第 1 次 等待 3 秒
2021-07-30 00:08:21 {"status":"ok","gid":438670,"msg":"添加成功！"}
2021-07-30 00:08:21 下次操作: 2021-07-30 00:08:43

2021-07-30 00:08:43 开始第 33 次操作

2021-07-30 00:08:43 开始操作号码 【1813361】
2021-07-30 00:08:51 GSD getOne 第 1 次 等待 3 秒
2021-07-30 00:08:54 查询号码 【1813361】，返回信息 {"status":"bad","msg":""}
2021-07-30 00:08:54 查询号码 【1813361】，GSD为【""】
2021-07-30 00:08:54 bad
2021-07-30 00:08:57 CHB 1813361?1627574934 第 1 次 等待 3 秒
2021-07-30 00:09:00 CHB 1813361?1627574934 第 1 次 获取到号码【1813361】GSD
2021-07-30 00:09:00 获取到号码【1813361】的GSD为【安徽-合肥】
2021-07-30 00:09:03 GSD insert 第 1 次 等待 3 秒
2021-07-30 00:09:06 {"status":"ok","gid":438682,"msg":"添加成功！"}
2021-07-30 00:09:06 下次操作: 2021-07-30 00:09:27

2021-07-30 00:09:27 开始第 34 次操作

2021-07-30 00:09:27 开始操作号码 【1813360】
2021-07-30 00:09:31 GSD getOne 第 1 次 等待 3 秒
2021-07-30 00:09:34 查询号码 【1813360】，返回信息 {"status":"bad","msg":""}
2021-07-30 00:09:34 查询号码 【1813360】，GSD为【""】
2021-07-30 00:09:34 bad
2021-07-30 00:09:36 CHB 1813360?1627574974 第 1 次 等待 3 秒
2021-07-30 00:09:39 CHB 1813360?1627574974 第 1 次 获取到号码【1813360】GSD
2021-07-30 00:09:39 获取到号码【1813360】的GSD为【安徽-合肥】
2021-07-30 00:09:44 GSD insert 第 1 次 等待 3 秒
2021-07-30 00:09:47 {"status":"ok","gid":438690,"msg":"添加成功！"}
2021-07-30 00:09:47 下次操作: 2021-07-30 00:10:06

2021-07-30 00:10:06 开始第 35 次操作

2021-07-30 00:10:06 开始操作号码 【1813359】
2021-07-30 00:10:12 GSD getOne 第 1 次 等待 3 秒
2021-07-30 00:10:15 查询号码 【1813359】，返回信息 {"status":"bad","msg":""}
2021-07-30 00:10:15 查询号码 【1813359】，GSD为【""】
2021-07-30 00:10:15 bad
2021-07-30 00:10:17 CHB 1813359?1627575015 第 1 次 等待 3 秒
2021-07-30 00:10:20 CHB 1813359?1627575015 第 1 次 获取到号码【1813359】GSD
2021-07-30 00:10:20 获取到号码【1813359】的GSD为【河北-张家口】
2021-07-30 00:10:24 GSD insert 第 1 次 等待 3 秒
2021-07-30 00:10:27 {"status":"ok","gid":438699,"msg":"添加成功！"}
2021-07-30 00:10:27 下次操作: 2021-07-30 00:10:51

2021-07-30 00:10:51 开始第 36 次操作

2021-07-30 00:10:51 开始操作号码 【1813358】
2021-07-30 00:11:25 GSD getOne 第 1 次 等待 3 秒
2021-07-30 00:11:28 查询号码 【1813358】，返回信息 {"status":"bad","msg":""}
2021-07-30 00:11:28 查询号码 【1813358】，GSD为【""】
2021-07-30 00:11:28 bad
2021-07-30 00:11:31 CHB 1813358?1627575088 第 1 次 等待 3 秒
2021-07-30 00:11:34 CHB 1813358?1627575088 第 1 次 获取到号码【1813358】GSD
2021-07-30 00:11:34 获取到号码【1813358】的GSD为【河北-张家口】
2021-07-30 00:11:39 GSD insert 第 1 次 等待 3 秒
2021-07-30 00:11:42 {"status":"ok","gid":438716,"msg":"添加成功！"}
2021-07-30 00:11:42 下次操作: 2021-07-30 00:12:01

2021-07-30 00:12:01 开始第 37 次操作

2021-07-30 00:12:01 开始操作号码 【1813357】
2021-07-30 00:12:05 GSD getOne 第 1 次 等待 3 秒
2021-07-30 00:12:08 查询号码 【1813357】，返回信息 {"status":"bad","msg":""}
2021-07-30 00:12:08 查询号码 【1813357】，GSD为【""】
2021-07-30 00:12:08 bad
2021-07-30 00:12:09 CHB 1813357?1627575128 第 1 次 等待 3 秒
2021-07-30 00:12:12 CHB 1813357?1627575128 第 1 次 获取到号码【1813357】GSD
2021-07-30 00:12:12 获取到号码【1813357】的GSD为【河北-张家口】
2021-07-30 00:12:16 GSD insert 第 1 次 等待 3 秒
2021-07-30 00:12:19 {"status":"ok","gid":438725,"msg":"添加成功！"}
2021-07-30 00:12:19 下次操作: 2021-07-30 00:12:43

2021-07-30 00:12:43 开始第 38 次操作

2021-07-30 00:12:43 开始操作号码 【1813356】
2021-07-30 00:12:51 GSD getOne 第 1 次 等待 3 秒
2021-07-30 00:12:54 查询号码 【1813356】，返回信息 {"status":"bad","msg":""}
2021-07-30 00:12:54 查询号码 【1813356】，GSD为【""】
2021-07-30 00:12:54 bad
2021-07-30 00:12:55 CHB 1813356?1627575174 第 1 次 等待 3 秒
2021-07-30 00:12:58 CHB 1813356?1627575174 第 1 次 获取到号码【1813356】GSD
2021-07-30 00:12:58 获取到号码【1813356】的GSD为【河北-唐山】
2021-07-30 00:13:02 GSD insert 第 1 次 等待 3 秒
2021-07-30 00:13:06 {"status":"ok","gid":438736,"msg":"添加成功！"}
2021-07-30 00:13:06 下次操作: 2021-07-30 00:13:26

2021-07-30 00:13:26 开始第 39 次操作

2021-07-30 00:13:26 开始操作号码 【1813355】
2021-07-30 00:13:29 GSD getOne 第 1 次 等待 3 秒
2021-07-30 00:13:32 查询号码 【1813355】，返回信息 {"status":"bad","msg":""}
2021-07-30 00:13:32 查询号码 【1813355】，GSD为【""】
2021-07-30 00:13:32 bad
2021-07-30 00:13:37 CHB 1813355?1627575212 第 1 次 等待 3 秒
2021-07-30 00:13:40 CHB 1813355?1627575212 第 1 次 获取到号码【1813355】GSD
2021-07-30 00:13:40 获取到号码【1813355】的GSD为【河北-唐山】
2021-07-30 00:13:43 GSD insert 第 1 次 等待 3 秒
2021-07-30 00:13:46 {"status":"ok","gid":438744,"msg":"添加成功！"}
2021-07-30 00:13:46 下次操作: 2021-07-30 00:14:10

2021-07-30 00:14:10 开始第 40 次操作

2021-07-30 00:14:10 开始操作号码 【1813354】
2021-07-30 00:14:35 GSD getOne 第 1 次 等待 3 秒
2021-07-30 00:14:38 查询号码 【1813354】，返回信息 {"status":"bad","msg":""}
2021-07-30 00:14:38 查询号码 【1813354】，GSD为【""】
2021-07-30 00:14:38 bad
2021-07-30 00:14:40 CHB 1813354?1627575278 第 1 次 等待 3 秒
2021-07-30 00:14:43 CHB 1813354?1627575278 第 1 次 获取到号码【1813354】GSD
2021-07-30 00:14:43 获取到号码【1813354】的GSD为【河北-秦皇岛】
2021-07-30 00:14:46 GSD insert 第 1 次 等待 3 秒
2021-07-30 00:14:49 {"status":"ok","gid":438751,"msg":"添加成功！"}

