2024-05-06 00:21:24 开始第 7237 次操作

2024-05-06 00:21:24 开始操作号码 【1637154】
2024-05-06 00:21:29 GSD getOne 第 1 次 等待 3 秒
2024-05-06 00:21:32 查询号码 【1637154】，返回信息 {"status":"ok","msg":"-","gid":"675113","time_insert":"2023-04-24 21:12"}
2024-05-06 00:21:32 查询号码 【1637154】，GSD为【"-"】
2024-05-06 00:21:32 ok && -
2024-05-06 00:21:35 CHB 1637154?1714926092 第 1 次 等待 3 秒
2024-05-06 00:21:38 CHB 1637154?1714926092 第 1 次 获取到号码【1637154】GSD
2024-05-06 00:21:38 未获取到号码【1637154】GSD，可能号码格式错误
2024-05-06 00:21:38 获取到号码【1637154】的GSD为【-】
2024-05-06 00:21:44 GSD insert 第 1 次 等待 3 秒
2024-05-06 00:21:47 {"status":"bad","gid":"675113","msg":"添加失败！号码【1637154(-|-)】已存在！"}
2024-05-06 00:21:47 随机等待 228 秒，约 3 分钟
2024-05-06 00:21:47 下次操作: 2024-05-06 00:25:35

2024-05-06 00:25:35 开始第 7238 次操作

2024-05-06 00:25:35 开始操作号码 【1637155】
2024-05-06 00:25:40 GSD getOne 第 1 次 等待 3 秒
2024-05-06 00:25:43 查询号码 【1637155】，返回信息 {"status":"ok","msg":"-","gid":"675134","time_insert":"2023-04-24 21:28"}
2024-05-06 00:25:43 查询号码 【1637155】，GSD为【"-"】
2024-05-06 00:25:43 ok && -
2024-05-06 00:25:46 CHB 1637155?1714926343 第 1 次 等待 3 秒
2024-05-06 00:25:49 CHB 1637155?1714926343 第 1 次 获取到号码【1637155】GSD
2024-05-06 00:25:49 未获取到号码【1637155】GSD，可能号码格式错误
2024-05-06 00:25:49 获取到号码【1637155】的GSD为【-】
2024-05-06 00:25:57 GSD insert 第 1 次 等待 3 秒
2024-05-06 00:26:00 {"status":"bad","gid":"675134","msg":"添加失败！号码【1637155(-|-)】已存在！"}
2024-05-06 00:26:00 随机等待 217 秒，约 3 分钟
2024-05-06 00:26:00 下次操作: 2024-05-06 00:29:37

2024-05-06 00:29:37 开始第 7239 次操作

2024-05-06 00:29:37 开始操作号码 【1637156】
2024-05-06 00:29:42 GSD getOne 第 1 次 等待 3 秒
2024-05-06 00:29:45 查询号码 【1637156】，返回信息 {"status":"ok","msg":"-","gid":"675169","time_insert":"2023-04-24 21:49"}
2024-05-06 00:29:45 查询号码 【1637156】，GSD为【"-"】
2024-05-06 00:29:45 ok && -
2024-05-06 00:29:50 CHB 1637156?1714926585 第 1 次 等待 3 秒
2024-05-06 00:29:53 CHB 1637156?1714926585 第 1 次 获取到号码【1637156】GSD
2024-05-06 00:29:53 未获取到号码【1637156】GSD，可能号码格式错误
2024-05-06 00:29:53 获取到号码【1637156】的GSD为【-】
2024-05-06 00:29:59 GSD insert 第 1 次 等待 3 秒
2024-05-06 00:30:02 {"status":"bad","gid":"675169","msg":"添加失败！号码【1637156(-|-)】已存在！"}
2024-05-06 00:30:02 随机等待 113 秒，约 1 分钟
2024-05-06 00:30:02 下次操作: 2024-05-06 00:31:55

2024-05-06 00:31:55 开始第 7240 次操作

2024-05-06 00:31:55 开始操作号码 【1637157】
2024-05-06 00:32:03 GSD getOne 第 1 次 等待 3 秒
2024-05-06 00:32:06 查询号码 【1637157】，返回信息 {"status":"ok","msg":"-","gid":"675201","time_insert":"2023-04-24 22:11"}
2024-05-06 00:32:06 查询号码 【1637157】，GSD为【"-"】
2024-05-06 00:32:06 ok && -
2024-05-06 00:32:09 CHB 1637157?1714926726 第 1 次 等待 3 秒
2024-05-06 00:32:12 CHB 1637157?1714926726 第 1 次 获取到号码【1637157】GSD
2024-05-06 00:32:12 未获取到号码【1637157】GSD，可能号码格式错误
2024-05-06 00:32:12 获取到号码【1637157】的GSD为【-】
2024-05-06 00:32:17 GSD insert 第 1 次 等待 3 秒
2024-05-06 00:32:20 {"status":"bad","gid":"675201","msg":"添加失败！号码【1637157(-|-)】已存在！"}

