2024-04-10 00:19:43 开始第 2813 次操作

2024-04-10 00:19:43 开始操作号码 【1632731】
2024-04-10 00:20:07 GSD getOne 第 1 次 等待 3 秒
2024-04-10 00:20:16 GSD getOne 第 2 次 等待 3 秒
2024-04-10 00:20:19 查询号码 【1632731】，返回信息 {"status":"ok","msg":"-","gid":"570475","time_insert":"2023-03-05 02:36"}
2024-04-10 00:20:19 查询号码 【1632731】，GSD为【"-"】
2024-04-10 00:20:19 ok && -
2024-04-10 00:20:21 CHB 1632731?1712679619 第 1 次 等待 3 秒
2024-04-10 00:20:24 CHB 1632731?1712679619 第 1 次 获取到号码【1632731】GSD
2024-04-10 00:20:24 未获取到号码【1632731】GSD，可能号码格式错误
2024-04-10 00:20:24 获取到号码【1632731】的GSD为【-】
2024-04-10 00:20:30 GSD insert 第 1 次 等待 3 秒
2024-04-10 00:20:33 {"status":"bad","gid":"570475","msg":"添加失败！号码【1632731(-|-)】已存在！"}
2024-04-10 00:20:33 随机等待 223 秒，约 3 分钟
2024-04-10 00:20:33 下次操作: 2024-04-10 00:24:16

2024-04-10 00:24:16 开始第 2814 次操作

2024-04-10 00:24:16 开始操作号码 【1632732】
2024-04-10 00:24:21 GSD getOne 第 1 次 等待 3 秒
2024-04-10 00:24:24 查询号码 【1632732】，返回信息 {"status":"ok","msg":"-","gid":"570499","time_insert":"2023-03-05 02:51"}
2024-04-10 00:24:24 查询号码 【1632732】，GSD为【"-"】
2024-04-10 00:24:24 ok && -
2024-04-10 00:24:27 CHB 1632732?1712679864 第 1 次 等待 3 秒
2024-04-10 00:24:30 CHB 1632732?1712679864 第 1 次 获取到号码【1632732】GSD
2024-04-10 00:24:30 未获取到号码【1632732】GSD，可能号码格式错误
2024-04-10 00:24:30 获取到号码【1632732】的GSD为【-】
2024-04-10 00:24:34 GSD insert 第 1 次 等待 3 秒
2024-04-10 00:24:37 {"status":"bad","gid":"570499","msg":"添加失败！号码【1632732(-|-)】已存在！"}
2024-04-10 00:24:37 随机等待 229 秒，约 3 分钟
2024-04-10 00:24:38 下次操作: 2024-04-10 00:28:26

2024-04-10 00:28:27 开始第 2815 次操作

2024-04-10 00:28:27 开始操作号码 【1632733】
2024-04-10 00:28:32 GSD getOne 第 1 次 等待 3 秒
2024-04-10 00:28:35 查询号码 【1632733】，返回信息 {"status":"ok","msg":"-","gid":"570517","time_insert":"2023-03-05 03:03"}
2024-04-10 00:28:35 查询号码 【1632733】，GSD为【"-"】
2024-04-10 00:28:35 ok && -
2024-04-10 00:28:37 CHB 1632733?1712680115 第 1 次 等待 3 秒
2024-04-10 00:28:40 CHB 1632733?1712680115 第 1 次 获取到号码【1632733】GSD
2024-04-10 00:28:40 未获取到号码【1632733】GSD，可能号码格式错误
2024-04-10 00:28:40 获取到号码【1632733】的GSD为【-】
2024-04-10 00:28:46 GSD insert 第 1 次 等待 3 秒
2024-04-10 00:28:49 {"status":"bad","gid":"570517","msg":"添加失败！号码【1632733(-|-)】已存在！"}
2024-04-10 00:28:49 随机等待 103 秒，约 1 分钟
2024-04-10 00:28:49 下次操作: 2024-04-10 00:30:32

2024-04-10 00:30:32 开始第 2816 次操作

2024-04-10 00:30:32 开始操作号码 【1632734】
2024-04-10 00:30:38 GSD getOne 第 1 次 等待 3 秒
2024-04-10 00:30:41 查询号码 【1632734】，返回信息 {"status":"ok","msg":"-","gid":"570543","time_insert":"2023-03-05 03:20"}
2024-04-10 00:30:41 查询号码 【1632734】，GSD为【"-"】
2024-04-10 00:30:41 ok && -
2024-04-10 00:30:44 CHB 1632734?1712680241 第 1 次 等待 3 秒
2024-04-10 00:30:47 CHB 1632734?1712680241 第 1 次 获取到号码【1632734】GSD
2024-04-10 00:30:47 未获取到号码【1632734】GSD，可能号码格式错误
2024-04-10 00:30:47 获取到号码【1632734】的GSD为【-】
2024-04-10 00:30:53 GSD insert 第 1 次 等待 3 秒
2024-04-10 00:30:56 {"status":"bad","gid":"570543","msg":"添加失败！号码【1632734(-|-)】已存在！"}

