2024-08-01 00:23:37 开始第 8953 次操作

2024-08-01 00:23:37 开始操作号码 【1528855】
2024-08-01 00:23:49 GSD getOne 第 1 次 等待 3 秒
2024-08-01 00:23:52 查询号码 【1528855】，返回信息 {"status":"ok","msg":"云南-楚雄","gid":"20314","time_insert":"2018-06-13 23:05","time_update":"2020-11-30 14:04"}
2024-08-01 00:23:52 查询号码 【1528855】，GSD为【"云南-楚雄"】

2024-08-01 00:23:53 开始第 8954 次操作

2024-08-01 00:23:53 开始操作号码 【1528856】
2024-08-01 00:24:01 GSD getOne 第 1 次 等待 3 秒
2024-08-01 00:24:04 查询号码 【1528856】，返回信息 {"status":"ok","msg":"云南-楚雄","gid":"20315","time_insert":"2017-05-13 14:29","time_update":"2020-11-30 14:08"}
2024-08-01 00:24:04 查询号码 【1528856】，GSD为【"云南-楚雄"】

2024-08-01 00:24:05 开始第 8955 次操作

2024-08-01 00:24:05 开始操作号码 【1528857】
2024-08-01 00:24:13 GSD getOne 第 1 次 等待 3 秒
2024-08-01 00:24:16 查询号码 【1528857】，返回信息 {"status":"ok","msg":"云南-楚雄","gid":"20316","time_insert":"2017-04-19 10:22","time_update":"2020-11-30 15:50"}
2024-08-01 00:24:16 查询号码 【1528857】，GSD为【"云南-楚雄"】

2024-08-01 00:24:17 开始第 8956 次操作

2024-08-01 00:24:17 开始操作号码 【1528858】
2024-08-01 00:24:25 GSD getOne 第 1 次 等待 3 秒
2024-08-01 00:24:28 查询号码 【1528858】，返回信息 {"status":"ok","msg":"云南-楚雄","gid":"20317","time_insert":"2017-06-04 08:48","time_update":"2020-11-30 15:54"}
2024-08-01 00:24:28 查询号码 【1528858】，GSD为【"云南-楚雄"】

