2024-07-10 00:23:55 开始第 5113 次操作

2024-07-10 00:23:55 开始操作号码 【1525015】
2024-07-10 00:24:07 GSD getOne 第 1 次 等待 3 秒
2024-07-10 00:24:10 查询号码 【1525015】，返回信息 {"status":"ok","msg":"江苏-苏州","gid":"376017","time_insert":"2021-07-24 10:13"}
2024-07-10 00:24:10 查询号码 【1525015】，GSD为【"江苏-苏州"】

2024-07-10 00:24:11 开始第 5114 次操作

2024-07-10 00:24:11 开始操作号码 【1525016】
2024-07-10 00:24:19 GSD getOne 第 1 次 等待 3 秒
2024-07-10 00:24:22 查询号码 【1525016】，返回信息 {"status":"ok","msg":"江苏-苏州","gid":"19373","time_insert":"2017-10-26 20:49","time_update":"2021-06-02 05:48"}
2024-07-10 00:24:22 查询号码 【1525016】，GSD为【"江苏-苏州"】

2024-07-10 00:24:23 开始第 5115 次操作

2024-07-10 00:24:23 开始操作号码 【1525017】
2024-07-10 00:24:35 GSD getOne 第 1 次 等待 3 秒
2024-07-10 00:24:38 查询号码 【1525017】，返回信息 {"status":"ok","msg":"江苏-苏州","gid":"376072","time_insert":"2021-07-24 10:30"}
2024-07-10 00:24:38 查询号码 【1525017】，GSD为【"江苏-苏州"】

2024-07-10 00:24:39 开始第 5116 次操作

2024-07-10 00:24:39 开始操作号码 【1525018】
2024-07-10 00:24:47 GSD getOne 第 1 次 等待 3 秒
2024-07-10 00:24:50 查询号码 【1525018】，返回信息 {"status":"ok","msg":"江苏-苏州","gid":"54345","time_insert":"2020-09-02 14:32"}
2024-07-10 00:24:50 查询号码 【1525018】，GSD为【"江苏-苏州"】

