2023-10-11 00:25:41 开始第 2590 次操作

2023-10-11 00:25:41 开始操作号码 【1952588】
2023-10-11 00:27:51 GSD getOne 第 1 次 等待 3 秒
2023-10-11 00:30:04 GSD getOne 第 2 次 等待 3 秒
2023-10-11 00:32:17 GSD getOne 第 3 次 等待 3 秒
2023-10-11 00:34:30 GSD getOne 第 4 次 等待 3 秒
2023-10-11 00:36:43 GSD getOne 第 5 次 等待 3 秒
2023-10-11 00:38:57 GSD getOne 第 6 次 等待 3 秒
2023-10-11 00:41:10 GSD getOne 第 7 次 等待 3 秒
2023-10-11 00:43:23 GSD getOne 第 8 次 等待 3 秒
2023-10-11 00:45:36 GSD getOne 第 9 次 等待 3 秒
2023-10-11 00:47:49 GSD getOne 第 10 次 等待 3 秒
2023-10-11 00:47:52 查询号码 【1952588】，返回信息 
2023-10-11 00:47:52 查询失败，3 秒后重新查询
2023-10-11 00:50:06 GSD getOne 第 1 次 等待 3 秒
2023-10-11 00:52:19 GSD getOne 第 2 次 等待 3 秒
2023-10-11 00:54:33 GSD getOne 第 3 次 等待 3 秒
2023-10-11 00:56:46 GSD getOne 第 4 次 等待 3 秒
2023-10-11 00:58:59 GSD getOne 第 5 次 等待 3 秒
2023-10-11 01:01:12 GSD getOne 第 6 次 等待 3 秒
2023-10-11 01:03:25 GSD getOne 第 7 次 等待 3 秒
2023-10-11 01:05:38 GSD getOne 第 8 次 等待 3 秒
2023-10-11 01:07:51 GSD getOne 第 9 次 等待 3 秒
2023-10-11 01:10:04 GSD getOne 第 10 次 等待 3 秒
2023-10-11 01:10:07 查询号码 【1952588】，返回信息 
2023-10-11 01:10:07 查询失败，结束本次操作，期待下次成功~
2023-10-11 01:10:07 随机等待 142 秒，约 2 分钟
2023-10-11 01:10:07 下次操作: 2023-10-11 01:12:29

2023-10-11 01:12:29 开始第 2591 次操作

2023-10-11 01:12:29 开始操作号码 【1952588】
2023-10-11 01:14:39 GSD getOne 第 1 次 等待 3 秒
2023-10-11 01:16:52 GSD getOne 第 2 次 等待 3 秒
2023-10-11 01:19:05 GSD getOne 第 3 次 等待 3 秒
2023-10-11 01:21:18 GSD getOne 第 4 次 等待 3 秒
2023-10-11 01:23:31 GSD getOne 第 5 次 等待 3 秒
2023-10-11 01:25:44 GSD getOne 第 6 次 等待 3 秒
2023-10-11 01:27:58 GSD getOne 第 7 次 等待 3 秒
2023-10-11 01:30:11 GSD getOne 第 8 次 等待 3 秒
2023-10-11 01:32:24 GSD getOne 第 9 次 等待 3 秒
2023-10-11 01:34:37 GSD getOne 第 10 次 等待 3 秒
2023-10-11 01:34:40 查询号码 【1952588】，返回信息 
2023-10-11 01:34:40 查询失败，3 秒后重新查询
2023-10-11 01:36:54 GSD getOne 第 1 次 等待 3 秒
2023-10-11 01:39:07 GSD getOne 第 2 次 等待 3 秒
2023-10-11 01:41:20 GSD getOne 第 3 次 等待 3 秒
2023-10-11 01:43:33 GSD getOne 第 4 次 等待 3 秒
2023-10-11 01:45:47 GSD getOne 第 5 次 等待 3 秒
2023-10-11 01:48:00 GSD getOne 第 6 次 等待 3 秒
2023-10-11 01:50:13 GSD getOne 第 7 次 等待 3 秒
2023-10-11 01:52:26 GSD getOne 第 8 次 等待 3 秒
2023-10-11 01:54:39 GSD getOne 第 9 次 等待 3 秒
2023-10-11 01:56:52 GSD getOne 第 10 次 等待 3 秒
2023-10-11 01:56:55 查询号码 【1952588】，返回信息 
2023-10-11 01:56:55 查询失败，结束本次操作，期待下次成功~
2023-10-11 01:56:55 随机等待 200 秒，约 3 分钟
2023-10-11 01:56:55 下次操作: 2023-10-11 02:00:15

2023-10-11 02:00:15 开始第 2592 次操作

2023-10-11 02:00:15 开始操作号码 【1952588】
2023-10-11 02:02:26 GSD getOne 第 1 次 等待 3 秒
2023-10-11 02:04:39 GSD getOne 第 2 次 等待 3 秒
2023-10-11 02:06:52 GSD getOne 第 3 次 等待 3 秒
2023-10-11 02:09:05 GSD getOne 第 4 次 等待 3 秒
2023-10-11 02:11:18 GSD getOne 第 5 次 等待 3 秒
2023-10-11 02:13:32 GSD getOne 第 6 次 等待 3 秒
2023-10-11 02:15:45 GSD getOne 第 7 次 等待 3 秒
2023-10-11 02:17:58 GSD getOne 第 8 次 等待 3 秒
2023-10-11 02:20:11 GSD getOne 第 9 次 等待 3 秒
2023-10-11 02:22:24 GSD getOne 第 10 次 等待 3 秒
2023-10-11 02:22:27 查询号码 【1952588】，返回信息 
2023-10-11 02:22:27 查询失败，3 秒后重新查询
2023-10-11 02:24:41 GSD getOne 第 1 次 等待 3 秒
2023-10-11 02:26:54 GSD getOne 第 2 次 等待 3 秒
2023-10-11 02:29:08 GSD getOne 第 3 次 等待 3 秒
2023-10-11 02:31:21 GSD getOne 第 4 次 等待 3 秒
2023-10-11 02:33:34 GSD getOne 第 5 次 等待 3 秒
2023-10-11 02:35:47 GSD getOne 第 6 次 等待 3 秒
2023-10-11 02:38:00 GSD getOne 第 7 次 等待 3 秒
2023-10-11 02:40:13 GSD getOne 第 8 次 等待 3 秒
2023-10-11 02:42:26 GSD getOne 第 9 次 等待 3 秒
2023-10-11 02:44:39 GSD getOne 第 10 次 等待 3 秒
2023-10-11 02:44:42 查询号码 【1952588】，返回信息 
2023-10-11 02:44:42 查询失败，结束本次操作，期待下次成功~

