2024-01-31 00:20:24 开始第 1037 次操作

2024-01-31 00:20:24 开始操作号码 【1740956】
2024-01-31 00:20:28 GSD getOne 第 1 次 等待 3 秒
2024-01-31 00:20:31 查询号码 【1740956】，返回信息 {"status":"ok","msg":"北京-北京","gid":"143108","time_insert":"2021-06-28 01:29"}
2024-01-31 00:20:32 查询号码 【1740956】，GSD为【"北京-北京"】

2024-01-31 00:20:33 开始第 1038 次操作

2024-01-31 00:20:33 开始操作号码 【1740957】
2024-01-31 00:20:37 GSD getOne 第 1 次 等待 3 秒
2024-01-31 00:20:40 查询号码 【1740957】，返回信息 {"status":"ok","msg":"北京-北京","gid":"143110","time_insert":"2021-06-28 01:30"}
2024-01-31 00:20:40 查询号码 【1740957】，GSD为【"北京-北京"】

2024-01-31 00:20:41 开始第 1039 次操作

2024-01-31 00:20:41 开始操作号码 【1740958】
2024-01-31 00:20:45 GSD getOne 第 1 次 等待 3 秒
2024-01-31 00:20:48 查询号码 【1740958】，返回信息 {"status":"ok","msg":"北京-北京","gid":"143112","time_insert":"2021-06-28 01:30"}
2024-01-31 00:20:48 查询号码 【1740958】，GSD为【"北京-北京"】

2024-01-31 00:20:49 开始第 1040 次操作

2024-01-31 00:20:49 开始操作号码 【1740959】
2024-01-31 00:20:54 GSD getOne 第 1 次 等待 3 秒
2024-01-31 00:20:57 查询号码 【1740959】，返回信息 {"status":"ok","msg":"北京-北京","gid":"143115","time_insert":"2021-06-28 01:31"}
2024-01-31 00:20:57 查询号码 【1740959】，GSD为【"北京-北京"】

2024-01-31 00:40:48 开始第 1041 次操作

2024-01-31 00:40:48 开始操作号码 【1740960】
2024-01-31 00:40:53 GSD getOne 第 1 次 等待 3 秒
2024-01-31 00:40:56 查询号码 【1740960】，返回信息 {"status":"ok","msg":"北京-北京","gid":"143246","time_insert":"2021-06-28 01:46"}
2024-01-31 00:40:56 查询号码 【1740960】，GSD为【"北京-北京"】

2024-01-31 00:40:57 开始第 1042 次操作

2024-01-31 00:40:57 开始操作号码 【1740961】
2024-01-31 00:41:02 GSD getOne 第 1 次 等待 3 秒
2024-01-31 00:41:05 查询号码 【1740961】，返回信息 {"status":"ok","msg":"北京-北京","gid":"143262","time_insert":"2021-06-28 01:46"}
2024-01-31 00:41:05 查询号码 【1740961】，GSD为【"北京-北京"】

2024-01-31 00:41:06 开始第 1043 次操作

2024-01-31 00:41:06 开始操作号码 【1740962】
2024-01-31 00:41:12 GSD getOne 第 1 次 等待 3 秒
2024-01-31 00:41:15 查询号码 【1740962】，返回信息 {"status":"ok","msg":"北京-北京","gid":"143273","time_insert":"2021-06-28 01:47"}
2024-01-31 00:41:15 查询号码 【1740962】，GSD为【"北京-北京"】

2024-01-31 00:41:16 开始第 1044 次操作

2024-01-31 00:41:16 开始操作号码 【1740963】
2024-01-31 00:41:21 GSD getOne 第 1 次 等待 3 秒
2024-01-31 00:41:24 查询号码 【1740963】，返回信息 {"status":"ok","msg":"北京-北京","gid":"143279","time_insert":"2021-06-28 01:48"}
2024-01-31 00:41:24 查询号码 【1740963】，GSD为【"北京-北京"】

2024-01-31 01:15:53 开始第 1045 次操作

2024-01-31 01:15:53 开始操作号码 【1740964】
2024-01-31 01:15:58 GSD getOne 第 1 次 等待 3 秒
2024-01-31 01:16:01 查询号码 【1740964】，返回信息 {"status":"ok","msg":"北京-北京","gid":"143285","time_insert":"2021-06-28 01:49"}
2024-01-31 01:16:01 查询号码 【1740964】，GSD为【"北京-北京"】

2024-01-31 01:16:02 开始第 1046 次操作

2024-01-31 01:16:02 开始操作号码 【1740965】
2024-01-31 01:16:06 GSD getOne 第 1 次 等待 3 秒
2024-01-31 01:16:09 查询号码 【1740965】，返回信息 {"status":"ok","msg":"北京-北京","gid":"143290","time_insert":"2021-06-28 01:49"}
2024-01-31 01:16:10 查询号码 【1740965】，GSD为【"北京-北京"】

2024-01-31 01:16:11 开始第 1047 次操作

2024-01-31 01:16:11 开始操作号码 【1740966】
2024-01-31 01:16:16 GSD getOne 第 1 次 等待 3 秒
2024-01-31 01:16:19 查询号码 【1740966】，返回信息 {"status":"ok","msg":"北京-北京","gid":"143295","time_insert":"2021-06-28 01:50"}
2024-01-31 01:16:19 查询号码 【1740966】，GSD为【"北京-北京"】

2024-01-31 01:16:20 开始第 1048 次操作

2024-01-31 01:16:20 开始操作号码 【1740967】
2024-01-31 01:16:24 GSD getOne 第 1 次 等待 3 秒
2024-01-31 01:16:27 查询号码 【1740967】，返回信息 {"status":"ok","msg":"北京-北京","gid":"143301","time_insert":"2021-06-28 01:51"}
2024-01-31 01:16:27 查询号码 【1740967】，GSD为【"北京-北京"】

2024-01-31 01:37:32 开始第 1049 次操作

2024-01-31 01:37:32 开始操作号码 【1740968】
2024-01-31 01:37:36 GSD getOne 第 1 次 等待 3 秒
2024-01-31 01:37:39 查询号码 【1740968】，返回信息 {"status":"ok","msg":"北京-北京","gid":"143307","time_insert":"2021-06-28 01:52"}
2024-01-31 01:37:39 查询号码 【1740968】，GSD为【"北京-北京"】

2024-01-31 01:37:40 开始第 1050 次操作

2024-01-31 01:37:40 开始操作号码 【1740969】
2024-01-31 01:37:48 GSD getOne 第 1 次 等待 3 秒
2024-01-31 01:37:51 查询号码 【1740969】，返回信息 {"status":"ok","msg":"北京-北京","gid":"143314","time_insert":"2021-06-28 01:52"}
2024-01-31 01:37:51 查询号码 【1740969】，GSD为【"北京-北京"】

2024-01-31 01:37:52 开始第 1051 次操作

2024-01-31 01:37:52 开始操作号码 【1740970】
2024-01-31 01:37:58 GSD getOne 第 1 次 等待 3 秒
2024-01-31 01:38:01 查询号码 【1740970】，返回信息 {"status":"ok","msg":"-","gid":"143318","time_insert":"2021-06-28 01:53"}
2024-01-31 01:38:01 查询号码 【1740970】，GSD为【"-"】
2024-01-31 01:38:01 ok && -
2024-01-31 01:38:03 CHB 1740970?1706636281 第 1 次 等待 3 秒
2024-01-31 01:38:06 CHB 1740970?1706636281 第 1 次 获取到号码【1740970】GSD
2024-01-31 01:38:06 未获取到号码【1740970】GSD，可能号码格式错误
2024-01-31 01:38:06 获取到号码【1740970】的GSD为【-】
2024-01-31 01:38:11 GSD insert 第 1 次 等待 3 秒
2024-01-31 01:38:14 {"status":"bad","gid":"143318","msg":"添加失败！号码【1740970(-|-)】已存在！"}
2024-01-31 01:38:14 随机等待 120 秒，约 2 分钟
2024-01-31 01:38:14 下次操作: 2024-01-31 01:40:14

2024-01-31 01:40:14 开始第 1052 次操作

2024-01-31 01:40:14 开始操作号码 【1740971】
2024-01-31 01:40:18 GSD getOne 第 1 次 等待 3 秒
2024-01-31 01:40:21 查询号码 【1740971】，返回信息 {"status":"ok","msg":"-","gid":"143322","time_insert":"2021-06-28 01:54"}
2024-01-31 01:40:21 查询号码 【1740971】，GSD为【"-"】
2024-01-31 01:40:21 ok && -
2024-01-31 01:40:24 CHB 1740971?1706636421 第 1 次 等待 3 秒
2024-01-31 01:40:27 CHB 1740971?1706636421 第 1 次 获取到号码【1740971】GSD
2024-01-31 01:40:27 未获取到号码【1740971】GSD，可能号码格式错误
2024-01-31 01:40:27 获取到号码【1740971】的GSD为【-】
2024-01-31 01:40:31 GSD insert 第 1 次 等待 3 秒
2024-01-31 01:40:34 {"status":"bad","gid":"143322","msg":"添加失败！号码【1740971(-|-)】已存在！"}

