2023-12-27 00:21:10 开始第 5321 次操作

2023-12-27 00:21:10 开始操作号码 【1855240】
2023-12-27 00:21:13 GSD getOne 第 1 次 等待 3 秒
2023-12-27 00:21:16 查询号码 【1855240】，返回信息 {"status":"ok","msg":"江苏-无锡","gid":"452068","time_insert":"2021-07-31 03:58"}
2023-12-27 00:21:16 查询号码 【1855240】，GSD为【"江苏-无锡"】

2023-12-27 00:21:17 开始第 5322 次操作

2023-12-27 00:21:17 开始操作号码 【1855241】
2023-12-27 00:21:22 GSD getOne 第 1 次 等待 3 秒
2023-12-27 00:21:25 查询号码 【1855241】，返回信息 {"status":"ok","msg":"江苏-无锡","gid":"452060","time_insert":"2021-07-31 03:57"}
2023-12-27 00:21:25 查询号码 【1855241】，GSD为【"江苏-无锡"】

2023-12-27 00:21:26 开始第 5323 次操作

2023-12-27 00:21:26 开始操作号码 【1855242】
2023-12-27 00:21:29 GSD getOne 第 1 次 等待 3 秒
2023-12-27 00:21:32 查询号码 【1855242】，返回信息 {"status":"ok","msg":"江苏-无锡","gid":"452049","time_insert":"2021-07-31 03:57"}
2023-12-27 00:21:32 查询号码 【1855242】，GSD为【"江苏-无锡"】

2023-12-27 00:21:33 开始第 5324 次操作

2023-12-27 00:21:33 开始操作号码 【1855243】
2023-12-27 00:21:37 GSD getOne 第 1 次 等待 3 秒
2023-12-27 00:21:40 查询号码 【1855243】，返回信息 {"status":"ok","msg":"江苏-无锡","gid":"452036","time_insert":"2021-07-31 03:56"}
2023-12-27 00:21:40 查询号码 【1855243】，GSD为【"江苏-无锡"】

