2023-10-20 00:22:06 开始第 3977 次操作

2023-10-20 00:22:06 开始操作号码 【1953895】
2023-10-20 00:22:13 GSD getOne 第 1 次 等待 3 秒
2023-10-20 00:22:16 查询号码 【1953895】，返回信息 {"status":"ok","msg":"贵州-遵义","gid":"514487","time_insert":"2021-08-17 07:52","time_update":"2023-06-20 15:17"}
2023-10-20 00:22:16 查询号码 【1953895】，GSD为【"贵州-遵义"】

2023-10-20 00:22:17 开始第 3978 次操作

2023-10-20 00:22:17 开始操作号码 【1953896】
2023-10-20 00:22:21 GSD getOne 第 1 次 等待 3 秒
2023-10-20 00:22:24 查询号码 【1953896】，返回信息 {"status":"ok","msg":"山东-淄博","gid":"514501","time_insert":"2021-08-17 08:02","time_update":"2023-06-20 15:33"}
2023-10-20 00:22:24 查询号码 【1953896】，GSD为【"山东-淄博"】

2023-10-20 00:22:25 开始第 3979 次操作

2023-10-20 00:22:25 开始操作号码 【1953897】
2023-10-20 00:22:27 GSD getOne 第 1 次 等待 3 秒
2023-10-20 00:22:30 查询号码 【1953897】，返回信息 {"status":"ok","msg":"河南-驻马店","gid":"514511","time_insert":"2021-08-17 08:11","time_update":"2023-06-20 15:37"}
2023-10-20 00:22:30 查询号码 【1953897】，GSD为【"河南-驻马店"】

2023-10-20 00:22:31 开始第 3980 次操作

2023-10-20 00:22:31 开始操作号码 【1953898】
2023-10-20 00:22:35 GSD getOne 第 1 次 等待 3 秒
2023-10-20 00:22:38 查询号码 【1953898】，返回信息 {"status":"ok","msg":"江苏-盐城","gid":"514523","time_insert":"2021-08-17 08:21","time_update":"2023-06-20 15:39"}
2023-10-20 00:22:38 查询号码 【1953898】，GSD为【"江苏-盐城"】

