2024-08-03 00:24:10 开始第 9297 次操作

2024-08-03 00:24:10 开始操作号码 【1529199】
2024-08-03 00:24:19 GSD getOne 第 1 次 等待 3 秒
2024-08-03 00:24:22 查询号码 【1529199】，返回信息 {"status":"ok","msg":"陕西-西安","gid":"364214","time_insert":"2021-07-23 09:43"}
2024-08-03 00:24:22 查询号码 【1529199】，GSD为【"陕西-西安"】

2024-08-03 00:24:23 开始第 9298 次操作

2024-08-03 00:24:23 开始操作号码 【1529200】
2024-08-03 00:24:30 GSD getOne 第 1 次 等待 3 秒
2024-08-03 00:24:33 查询号码 【1529200】，返回信息 {"status":"ok","msg":"湖南-岳阳","gid":"364201","time_insert":"2021-07-23 09:42"}
2024-08-03 00:24:33 查询号码 【1529200】，GSD为【"湖南-岳阳"】

2024-08-03 00:24:34 开始第 9299 次操作

2024-08-03 00:24:34 开始操作号码 【1529201】
2024-08-03 00:24:47 GSD getOne 第 1 次 等待 3 秒
2024-08-03 00:24:50 查询号码 【1529201】，返回信息 {"status":"ok","msg":"湖南-岳阳","gid":"364192","time_insert":"2021-07-23 09:41"}
2024-08-03 00:24:51 查询号码 【1529201】，GSD为【"湖南-岳阳"】

2024-08-03 00:24:52 开始第 9300 次操作

2024-08-03 00:24:52 开始操作号码 【1529202】
2024-08-03 00:25:00 GSD getOne 第 1 次 等待 3 秒
2024-08-03 00:25:03 查询号码 【1529202】，返回信息 {"status":"ok","msg":"湖南-岳阳","gid":"364186","time_insert":"2021-07-23 09:40"}
2024-08-03 00:25:03 查询号码 【1529202】，GSD为【"湖南-岳阳"】

2024-08-03 00:42:34 开始第 9301 次操作

2024-08-03 00:42:34 开始操作号码 【1529203】
2024-08-03 00:42:45 GSD getOne 第 1 次 等待 3 秒
2024-08-03 00:42:48 查询号码 【1529203】，返回信息 {"status":"ok","msg":"湖南-岳阳","gid":"20377","time_insert":"2018-03-07 14:32","time_update":"2020-09-22 19:37"}
2024-08-03 00:42:48 查询号码 【1529203】，GSD为【"湖南-岳阳"】

2024-08-03 00:42:49 开始第 9302 次操作

2024-08-03 00:42:49 开始操作号码 【1529204】
2024-08-03 00:42:57 GSD getOne 第 1 次 等待 3 秒
2024-08-03 00:43:00 查询号码 【1529204】，返回信息 {"status":"ok","msg":"湖南-岳阳","gid":"364012","time_insert":"2021-07-23 08:10"}
2024-08-03 00:43:00 查询号码 【1529204】，GSD为【"湖南-岳阳"】

2024-08-03 00:43:01 开始第 9303 次操作

2024-08-03 00:43:01 开始操作号码 【1529205】
2024-08-03 00:43:09 GSD getOne 第 1 次 等待 3 秒
2024-08-03 00:43:12 查询号码 【1529205】，返回信息 {"status":"ok","msg":"湖南-益阳","gid":"364007","time_insert":"2021-07-23 08:10"}
2024-08-03 00:43:13 查询号码 【1529205】，GSD为【"湖南-益阳"】

2024-08-03 00:43:14 开始第 9304 次操作

2024-08-03 00:43:14 开始操作号码 【1529206】
2024-08-03 00:43:22 GSD getOne 第 1 次 等待 3 秒
2024-08-03 00:43:25 查询号码 【1529206】，返回信息 {"status":"ok","msg":"湖南-益阳","gid":"363998","time_insert":"2021-07-23 08:09"}
2024-08-03 00:43:25 查询号码 【1529206】，GSD为【"湖南-益阳"】

