2024-06-19 00:23:26 开始第 1429 次操作

2024-06-19 00:23:26 开始操作号码 【1521337】
2024-06-19 00:23:35 GSD getOne 第 1 次 等待 3 秒
2024-06-19 00:23:38 查询号码 【1521337】，返回信息 {"status":"ok","msg":"重庆-重庆","gid":"18850","time_insert":"2016-03-28 14:51","time_update":"2021-05-31 01:33"}
2024-06-19 00:23:38 查询号码 【1521337】，GSD为【"重庆-重庆"】

2024-06-19 00:23:39 开始第 1430 次操作

2024-06-19 00:23:39 开始操作号码 【1521338】
2024-06-19 00:23:50 GSD getOne 第 1 次 等待 3 秒
2024-06-19 00:23:53 查询号码 【1521338】，返回信息 {"status":"ok","msg":"重庆-重庆","gid":"18851","time_insert":"2018-02-01 21:03","time_update":"2021-05-31 01:48"}
2024-06-19 00:23:53 查询号码 【1521338】，GSD为【"重庆-重庆"】

2024-06-19 00:23:54 开始第 1431 次操作

2024-06-19 00:23:54 开始操作号码 【1521339】
2024-06-19 00:24:01 GSD getOne 第 1 次 等待 3 秒
2024-06-19 00:24:04 查询号码 【1521339】，返回信息 {"status":"ok","msg":"重庆-重庆","gid":"18852","time_insert":"2017-04-29 16:19","time_update":"2021-05-31 02:04"}
2024-06-19 00:24:04 查询号码 【1521339】，GSD为【"重庆-重庆"】

2024-06-19 00:24:05 开始第 1432 次操作

2024-06-19 00:24:05 开始操作号码 【1521340】
2024-06-19 00:24:11 GSD getOne 第 1 次 等待 3 秒
2024-06-19 00:24:14 查询号码 【1521340】，返回信息 {"status":"ok","msg":"重庆-重庆","gid":"18853","time_insert":"2017-05-30 10:52","time_update":"2021-01-09 22:53"}
2024-06-19 00:24:14 查询号码 【1521340】，GSD为【"重庆-重庆"】

