2024-04-11 00:23:18 开始第 2989 次操作

2024-04-11 00:23:18 开始操作号码 【1632907】
2024-04-11 00:23:24 GSD getOne 第 1 次 等待 3 秒
2024-04-11 00:23:27 查询号码 【1632907】，返回信息 {"status":"ok","msg":"-","gid":"574647","time_insert":"2023-03-07 01:18"}
2024-04-11 00:23:27 查询号码 【1632907】，GSD为【"-"】
2024-04-11 00:23:27 ok && -
2024-04-11 00:23:29 CHB 1632907?1712766207 第 1 次 等待 3 秒
2024-04-11 00:23:32 CHB 1632907?1712766207 第 1 次 获取到号码【1632907】GSD
2024-04-11 00:23:32 未获取到号码【1632907】GSD，可能号码格式错误
2024-04-11 00:23:32 获取到号码【1632907】的GSD为【-】
2024-04-11 00:23:37 GSD insert 第 1 次 等待 3 秒
2024-04-11 00:23:40 {"status":"bad","gid":"574647","msg":"添加失败！号码【1632907(-|-)】已存在！"}
2024-04-11 00:23:40 随机等待 173 秒，约 2 分钟
2024-04-11 00:23:40 下次操作: 2024-04-11 00:26:33

2024-04-11 00:26:33 开始第 2990 次操作

2024-04-11 00:26:33 开始操作号码 【1632908】
2024-04-11 00:26:39 GSD getOne 第 1 次 等待 3 秒
2024-04-11 00:26:42 查询号码 【1632908】，返回信息 {"status":"ok","msg":"-","gid":"574677","time_insert":"2023-03-07 01:41"}
2024-04-11 00:26:42 查询号码 【1632908】，GSD为【"-"】
2024-04-11 00:26:42 ok && -
2024-04-11 00:26:45 CHB 1632908?1712766402 第 1 次 等待 3 秒
2024-04-11 00:26:48 CHB 1632908?1712766402 第 1 次 获取到号码【1632908】GSD
2024-04-11 00:26:48 未获取到号码【1632908】GSD，可能号码格式错误
2024-04-11 00:26:48 获取到号码【1632908】的GSD为【-】
2024-04-11 00:26:53 GSD insert 第 1 次 等待 3 秒
2024-04-11 00:26:56 {"status":"bad","gid":"574677","msg":"添加失败！号码【1632908(-|-)】已存在！"}
2024-04-11 00:26:57 随机等待 150 秒，约 2 分钟
2024-04-11 00:26:57 下次操作: 2024-04-11 00:29:27

2024-04-11 00:29:27 开始第 2991 次操作

2024-04-11 00:29:27 开始操作号码 【1632909】
2024-04-11 00:29:32 GSD getOne 第 1 次 等待 3 秒
2024-04-11 00:29:35 查询号码 【1632909】，返回信息 {"status":"ok","msg":"-","gid":"574706","time_insert":"2023-03-07 01:56"}
2024-04-11 00:29:35 查询号码 【1632909】，GSD为【"-"】
2024-04-11 00:29:35 ok && -
2024-04-11 00:29:38 CHB 1632909?1712766575 第 1 次 等待 3 秒
2024-04-11 00:29:41 CHB 1632909?1712766575 第 1 次 获取到号码【1632909】GSD
2024-04-11 00:29:41 未获取到号码【1632909】GSD，可能号码格式错误
2024-04-11 00:29:41 获取到号码【1632909】的GSD为【-】
2024-04-11 00:29:46 GSD insert 第 1 次 等待 3 秒
2024-04-11 00:29:49 {"status":"bad","gid":"574706","msg":"添加失败！号码【1632909(-|-)】已存在！"}
2024-04-11 00:29:50 随机等待 187 秒，约 3 分钟
2024-04-11 00:29:50 下次操作: 2024-04-11 00:32:57

2024-04-11 00:32:57 开始第 2992 次操作

2024-04-11 00:32:57 开始操作号码 【1632910】
2024-04-11 00:33:02 GSD getOne 第 1 次 等待 3 秒
2024-04-11 00:33:05 查询号码 【1632910】，返回信息 {"status":"ok","msg":"-","gid":"574721","time_insert":"2023-03-07 02:04"}
2024-04-11 00:33:05 查询号码 【1632910】，GSD为【"-"】
2024-04-11 00:33:05 ok && -
2024-04-11 00:33:07 CHB 1632910?1712766785 第 1 次 等待 3 秒
2024-04-11 00:33:10 CHB 1632910?1712766785 第 1 次 获取到号码【1632910】GSD
2024-04-11 00:33:10 未获取到号码【1632910】GSD，可能号码格式错误
2024-04-11 00:33:10 获取到号码【1632910】的GSD为【-】
2024-04-11 00:33:16 GSD insert 第 1 次 等待 3 秒
2024-04-11 00:33:19 {"status":"bad","gid":"574721","msg":"添加失败！号码【1632910(-|-)】已存在！"}

