2021-07-08 00:00:47 开始第 16 次操作

2021-07-08 00:00:47 开始操作号码 【1778678】
2021-07-08 00:00:51 GSD getOne 第 1 次 等待 1 秒
2021-07-08 00:00:52 查询号码 【1778678】，返回信息 {"status":"bad","msg":""}
2021-07-08 00:00:52 查询号码 【1778678】，GSD为【""】
2021-07-08 00:00:52 bad
2021-07-08 00:00:53 CHB 1778678?1625673652 第 1 次 等待 1 秒
2021-07-08 00:00:54 CHB 1778678?1625673652 第 1 次 获取到号码【1778678】GSD
2021-07-08 00:00:54 获取到号码【1778678】的GSD为【湖北-襄阳】
2021-07-08 00:01:02 GSD insert 第 1 次 等待 1 秒
2021-07-08 00:01:03 {"status":"ok","msg":"添加成功！218008"}
2021-07-08 00:01:03 下次操作: 2021-07-08 00:01:13

2021-07-08 00:01:13 开始第 17 次操作

2021-07-08 00:01:13 开始操作号码 【1778677】
2021-07-08 00:01:23 GSD getOne 第 1 次 等待 1 秒
2021-07-08 00:01:24 查询号码 【1778677】，返回信息 {"status":"bad","msg":""}
2021-07-08 00:01:24 查询号码 【1778677】，GSD为【""】
2021-07-08 00:01:24 bad
2021-07-08 00:01:26 CHB 1778677?1625673684 第 1 次 等待 1 秒
2021-07-08 00:01:27 CHB 1778677?1625673684 第 1 次 获取到号码【1778677】GSD
2021-07-08 00:01:27 获取到号码【1778677】的GSD为【湖北-襄阳】
2021-07-08 00:01:31 GSD insert 第 1 次 等待 1 秒
2021-07-08 00:01:32 {"status":"ok","msg":"添加成功！218012"}
2021-07-08 00:01:32 下次操作: 2021-07-08 00:01:49

2021-07-08 00:01:49 开始第 18 次操作

2021-07-08 00:01:49 开始操作号码 【1778676】
2021-07-08 00:01:53 GSD getOne 第 1 次 等待 1 秒
2021-07-08 00:01:54 查询号码 【1778676】，返回信息 {"status":"bad","msg":""}
2021-07-08 00:01:54 查询号码 【1778676】，GSD为【""】
2021-07-08 00:01:54 bad
2021-07-08 00:01:55 CHB 1778676?1625673714 第 1 次 等待 1 秒
2021-07-08 00:01:56 CHB 1778676?1625673714 第 1 次 获取到号码【1778676】GSD
2021-07-08 00:01:56 获取到号码【1778676】的GSD为【湖北-荆门】
2021-07-08 00:02:03 GSD insert 第 1 次 等待 1 秒
2021-07-08 00:02:04 {"status":"ok","msg":"添加成功！218017"}
2021-07-08 00:02:04 下次操作: 2021-07-08 00:02:12

2021-07-08 00:02:12 开始第 19 次操作

2021-07-08 00:02:12 开始操作号码 【1778675】
2021-07-08 00:02:16 GSD getOne 第 1 次 等待 1 秒
2021-07-08 00:02:17 查询号码 【1778675】，返回信息 {"status":"bad","msg":""}
2021-07-08 00:02:18 查询号码 【1778675】，GSD为【""】
2021-07-08 00:02:18 bad
2021-07-08 00:02:19 CHB 1778675?1625673738 第 1 次 等待 1 秒
2021-07-08 00:02:20 CHB 1778675?1625673738 第 1 次 获取到号码【1778675】GSD
2021-07-08 00:02:20 获取到号码【1778675】的GSD为【湖北-荆门】
2021-07-08 00:02:24 GSD insert 第 1 次 等待 1 秒
2021-07-08 00:02:25 {"status":"ok","msg":"添加成功！218019"}
2021-07-08 00:02:25 下次操作: 2021-07-08 00:02:31

2021-07-08 00:02:31 开始第 20 次操作

2021-07-08 00:02:31 开始操作号码 【1778674】
2021-07-08 00:02:37 GSD getOne 第 1 次 等待 1 秒
2021-07-08 00:02:38 查询号码 【1778674】，返回信息 {"status":"bad","msg":""}
2021-07-08 00:02:38 查询号码 【1778674】，GSD为【""】
2021-07-08 00:02:38 bad
2021-07-08 00:02:40 CHB 1778674?1625673758 第 1 次 等待 1 秒
2021-07-08 00:02:41 CHB 1778674?1625673758 第 1 次 获取到号码【1778674】GSD
2021-07-08 00:02:41 获取到号码【1778674】的GSD为【湖北-随州】
2021-07-08 00:02:44 GSD insert 第 1 次 等待 1 秒
2021-07-08 00:02:45 {"status":"ok","msg":"添加成功！218025"}
2021-07-08 00:02:45 下次操作: 2021-07-08 00:02:54

2021-07-08 00:02:54 开始第 21 次操作

2021-07-08 00:02:54 开始操作号码 【1778673】
2021-07-08 00:02:58 GSD getOne 第 1 次 等待 1 秒
2021-07-08 00:02:59 查询号码 【1778673】，返回信息 {"status":"bad","msg":""}
2021-07-08 00:02:59 查询号码 【1778673】，GSD为【""】
2021-07-08 00:02:59 bad
2021-07-08 00:03:01 CHB 1778673?1625673779 第 1 次 等待 1 秒
2021-07-08 00:03:02 CHB 1778673?1625673779 第 1 次 获取到号码【1778673】GSD
2021-07-08 00:03:02 获取到号码【1778673】的GSD为【湖北-随州】
2021-07-08 00:03:07 GSD insert 第 1 次 等待 1 秒
2021-07-08 00:03:08 {"status":"ok","msg":"添加成功！218028"}
2021-07-08 00:03:08 下次操作: 2021-07-08 00:03:21

2021-07-08 00:03:21 开始第 22 次操作

2021-07-08 00:03:21 开始操作号码 【1778672】
2021-07-08 00:03:24 GSD getOne 第 1 次 等待 1 秒
2021-07-08 00:03:25 查询号码 【1778672】，返回信息 {"status":"bad","msg":""}
2021-07-08 00:03:25 查询号码 【1778672】，GSD为【""】
2021-07-08 00:03:25 bad
2021-07-08 00:03:27 CHB 1778672?1625673805 第 1 次 等待 1 秒
2021-07-08 00:03:28 CHB 1778672?1625673805 第 1 次 获取到号码【1778672】GSD
2021-07-08 00:03:28 获取到号码【1778672】的GSD为【湖北-随州】
2021-07-08 00:03:33 GSD insert 第 1 次 等待 1 秒
2021-07-08 00:03:34 {"status":"ok","msg":"添加成功！218031"}
2021-07-08 00:03:34 下次操作: 2021-07-08 00:03:47

2021-07-08 00:03:47 开始第 23 次操作

2021-07-08 00:03:47 开始操作号码 【1778671】
2021-07-08 00:03:51 GSD getOne 第 1 次 等待 1 秒
2021-07-08 00:03:52 查询号码 【1778671】，返回信息 {"status":"bad","msg":""}
2021-07-08 00:03:52 查询号码 【1778671】，GSD为【""】
2021-07-08 00:03:52 bad
2021-07-08 00:03:53 CHB 1778671?1625673832 第 1 次 等待 1 秒
2021-07-08 00:03:54 CHB 1778671?1625673832 第 1 次 获取到号码【1778671】GSD
2021-07-08 00:03:54 获取到号码【1778671】的GSD为【湖北-随州】
2021-07-08 00:04:01 GSD insert 第 1 次 等待 1 秒
2021-07-08 00:04:02 {"status":"ok","msg":"添加成功！218034"}
2021-07-08 00:04:02 下次操作: 2021-07-08 00:04:16

2021-07-08 00:04:16 开始第 24 次操作

2021-07-08 00:04:16 开始操作号码 【1778670】
2021-07-08 00:04:25 GSD getOne 第 1 次 等待 1 秒
2021-07-08 00:04:26 查询号码 【1778670】，返回信息 {"status":"bad","msg":""}
2021-07-08 00:04:26 查询号码 【1778670】，GSD为【""】
2021-07-08 00:04:26 bad
2021-07-08 00:04:28 CHB 1778670?1625673866 第 1 次 等待 1 秒
2021-07-08 00:04:29 CHB 1778670?1625673866 第 1 次 获取到号码【1778670】GSD
2021-07-08 00:04:29 获取到号码【1778670】的GSD为【湖北-随州】
2021-07-08 00:04:34 GSD insert 第 1 次 等待 1 秒
2021-07-08 00:04:35 {"status":"ok","msg":"添加成功！218039"}
2021-07-08 00:04:35 下次操作: 2021-07-08 00:04:43

2021-07-08 00:04:43 开始第 25 次操作

2021-07-08 00:04:43 开始操作号码 【1778669】
2021-07-08 00:04:46 GSD getOne 第 1 次 等待 1 秒
2021-07-08 00:04:47 查询号码 【1778669】，返回信息 {"status":"bad","msg":""}
2021-07-08 00:04:48 查询号码 【1778669】，GSD为【""】
2021-07-08 00:04:48 bad
2021-07-08 00:04:49 CHB 1778669?1625673888 第 1 次 等待 1 秒
2021-07-08 00:04:50 CHB 1778669?1625673888 第 1 次 获取到号码【1778669】GSD
2021-07-08 00:04:50 获取到号码【1778669】的GSD为【湖北-十堰】
2021-07-08 00:04:54 GSD insert 第 1 次 等待 1 秒
2021-07-08 00:04:55 {"status":"ok","msg":"添加成功！218042"}
2021-07-08 00:04:55 下次操作: 2021-07-08 00:05:07

2021-07-08 00:05:07 开始第 26 次操作

2021-07-08 00:05:07 开始操作号码 【1778668】
2021-07-08 00:05:11 GSD getOne 第 1 次 等待 1 秒
2021-07-08 00:05:12 查询号码 【1778668】，返回信息 {"status":"bad","msg":""}
2021-07-08 00:05:12 查询号码 【1778668】，GSD为【""】
2021-07-08 00:05:12 bad
2021-07-08 00:05:13 CHB 1778668?1625673912 第 1 次 等待 1 秒
2021-07-08 00:05:14 CHB 1778668?1625673912 第 1 次 获取到号码【1778668】GSD
2021-07-08 00:05:14 未获取到号码【1778668】GSD，查号吧 400 错误
2021-07-08 00:05:14 获取到号码【1778668】的GSD为【-】
2021-07-08 00:05:20 GSD insert 第 1 次 等待 1 秒
2021-07-08 00:05:21 {"status":"ok","msg":"添加成功！218049"}
2021-07-08 00:05:21 下次操作: 2021-07-08 00:05:39

2021-07-08 00:05:39 开始第 27 次操作

2021-07-08 00:05:39 开始操作号码 【1778667】
2021-07-08 00:05:47 GSD getOne 第 1 次 等待 1 秒
2021-07-08 00:05:48 查询号码 【1778667】，返回信息 {"status":"bad","msg":""}
2021-07-08 00:05:48 查询号码 【1778667】，GSD为【""】
2021-07-08 00:05:48 bad
2021-07-08 00:05:50 CHB 1778667?1625673948 第 1 次 等待 1 秒
2021-07-08 00:05:51 CHB 1778667?1625673948 第 1 次 获取到号码【1778667】GSD
2021-07-08 00:05:51 获取到号码【1778667】的GSD为【湖北-荆州】
2021-07-08 00:05:55 GSD insert 第 1 次 等待 1 秒
2021-07-08 00:05:56 {"status":"ok","msg":"添加成功！218057"}
2021-07-08 00:05:56 下次操作: 2021-07-08 00:06:11

2021-07-08 00:06:11 开始第 28 次操作

2021-07-08 00:06:11 开始操作号码 【1778666】
2021-07-08 00:06:15 GSD getOne 第 1 次 等待 1 秒
2021-07-08 00:06:16 查询号码 【1778666】，返回信息 {"status":"bad","msg":""}
2021-07-08 00:06:17 查询号码 【1778666】，GSD为【""】
2021-07-08 00:06:17 bad
2021-07-08 00:06:18 CHB 1778666?1625673977 第 1 次 等待 1 秒
2021-07-08 00:06:19 CHB 1778666?1625673977 第 1 次 获取到号码【1778666】GSD
2021-07-08 00:06:19 获取到号码【1778666】的GSD为【湖北-荆州】
2021-07-08 00:06:23 GSD insert 第 1 次 等待 1 秒
2021-07-08 00:06:24 {"status":"ok","msg":"添加成功！218059"}
2021-07-08 00:06:24 下次操作: 2021-07-08 00:06:38

2021-07-08 00:06:38 开始第 29 次操作

2021-07-08 00:06:38 开始操作号码 【1778665】
2021-07-08 00:06:42 GSD getOne 第 1 次 等待 1 秒
2021-07-08 00:06:43 查询号码 【1778665】，返回信息 {"status":"bad","msg":""}
2021-07-08 00:06:43 查询号码 【1778665】，GSD为【""】
2021-07-08 00:06:43 bad
2021-07-08 00:06:44 CHB 1778665?1625674003 第 1 次 等待 1 秒
2021-07-08 00:06:45 CHB 1778665?1625674003 第 1 次 获取到号码【1778665】GSD
2021-07-08 00:06:46 获取到号码【1778665】的GSD为【湖北-黄冈】
2021-07-08 00:06:54 GSD insert 第 1 次 等待 1 秒
2021-07-08 00:06:55 {"status":"ok","msg":"添加成功！218063"}
2021-07-08 00:06:55 下次操作: 2021-07-08 00:07:07

2021-07-08 00:07:07 开始第 30 次操作

2021-07-08 00:07:07 开始操作号码 【1778664】
2021-07-08 00:07:11 GSD getOne 第 1 次 等待 1 秒
2021-07-08 00:07:12 查询号码 【1778664】，返回信息 {"status":"bad","msg":""}
2021-07-08 00:07:12 查询号码 【1778664】，GSD为【""】
2021-07-08 00:07:12 bad
2021-07-08 00:07:13 CHB 1778664?1625674032 第 1 次 等待 1 秒
2021-07-08 00:07:14 CHB 1778664?1625674032 第 1 次 获取到号码【1778664】GSD
2021-07-08 00:07:15 获取到号码【1778664】的GSD为【湖北-黄冈】
2021-07-08 00:07:18 GSD insert 第 1 次 等待 1 秒
2021-07-08 00:07:19 {"status":"ok","msg":"添加成功！218067"}

2021-07-08 01:09:42 开始第 1 次操作

2021-07-08 01:09:42 开始操作号码 【1778663】
2021-07-08 01:09:45 GSD getOne 第 1 次 等待 1 秒
2021-07-08 01:09:46 查询号码 【1778663】，返回信息 {"status":"bad","msg":""}
2021-07-08 01:09:46 查询号码 【1778663】，GSD为【""】
2021-07-08 01:09:46 bad
2021-07-08 01:09:54 CHB 1778663?1625677786 第 1 次 等待 1 秒
2021-07-08 01:09:55 CHB 1778663?1625677786 第 1 次 获取到号码【1778663】GSD
2021-07-08 01:09:55 获取到号码【1778663】的GSD为【湖北-黄冈】
2021-07-08 01:10:00 GSD insert 第 1 次 等待 1 秒
2021-07-08 01:10:01 {"status":"ok","msg":"添加成功！218329"}
2021-07-08 01:10:01 下次操作: 2021-07-08 01:10:18

2021-07-08 01:10:18 开始第 2 次操作

2021-07-08 01:10:18 开始操作号码 【1778662】
2021-07-08 01:10:23 GSD getOne 第 1 次 等待 1 秒
2021-07-08 01:10:24 查询号码 【1778662】，返回信息 {"status":"bad","msg":""}
2021-07-08 01:10:24 查询号码 【1778662】，GSD为【""】
2021-07-08 01:10:24 bad
2021-07-08 01:10:26 CHB 1778662?1625677824 第 1 次 等待 1 秒
2021-07-08 01:10:27 CHB 1778662?1625677824 第 1 次 获取到号码【1778662】GSD
2021-07-08 01:10:27 获取到号码【1778662】的GSD为【湖北-黄冈】
2021-07-08 01:10:31 GSD insert 第 1 次 等待 1 秒
2021-07-08 01:10:32 {"status":"ok","msg":"添加成功！218334"}
2021-07-08 01:10:32 下次操作: 2021-07-08 01:10:38

2021-07-08 01:10:38 开始第 3 次操作

2021-07-08 01:10:38 开始操作号码 【1778661】
2021-07-08 01:10:45 GSD getOne 第 1 次 等待 1 秒
2021-07-08 01:10:46 查询号码 【1778661】，返回信息 {"status":"bad","msg":""}
2021-07-08 01:10:46 查询号码 【1778661】，GSD为【""】
2021-07-08 01:10:46 bad
2021-07-08 01:10:47 CHB 1778661?1625677846 第 1 次 等待 1 秒
2021-07-08 01:10:48 CHB 1778661?1625677846 第 1 次 获取到号码【1778661】GSD
2021-07-08 01:10:49 获取到号码【1778661】的GSD为【湖北-黄冈】
2021-07-08 01:10:55 GSD insert 第 1 次 等待 1 秒
2021-07-08 01:10:56 {"status":"ok","msg":"添加成功！218337"}
2021-07-08 01:10:56 下次操作: 2021-07-08 01:11:04

2021-07-08 01:11:04 开始第 4 次操作

2021-07-08 01:11:04 开始操作号码 【1778660】
2021-07-08 01:11:08 GSD getOne 第 1 次 等待 1 秒
2021-07-08 01:11:09 查询号码 【1778660】，返回信息 {"status":"bad","msg":""}
2021-07-08 01:11:09 查询号码 【1778660】，GSD为【""】
2021-07-08 01:11:09 bad
2021-07-08 01:11:10 CHB 1778660?1625677869 第 1 次 等待 1 秒
2021-07-08 01:11:11 CHB 1778660?1625677869 第 1 次 获取到号码【1778660】GSD
2021-07-08 01:11:11 获取到号码【1778660】的GSD为【湖北-黄冈】
2021-07-08 01:11:15 GSD insert 第 1 次 等待 1 秒
2021-07-08 01:11:16 {"status":"ok","msg":"添加成功！218342"}
2021-07-08 01:11:16 下次操作: 2021-07-08 01:11:27

2021-07-08 01:11:27 开始第 5 次操作

2021-07-08 01:11:27 开始操作号码 【1778659】
2021-07-08 01:11:30 GSD getOne 第 1 次 等待 1 秒
2021-07-08 01:11:31 查询号码 【1778659】，返回信息 {"status":"bad","msg":""}
2021-07-08 01:11:32 查询号码 【1778659】，GSD为【""】
2021-07-08 01:11:32 bad
2021-07-08 01:11:38 CHB 1778659?1625677892 第 1 次 等待 1 秒
2021-07-08 01:11:39 CHB 1778659?1625677892 第 1 次 获取到号码【1778659】GSD
2021-07-08 01:11:39 获取到号码【1778659】的GSD为【湖北-武汉】
2021-07-08 01:11:43 GSD insert 第 1 次 等待 1 秒
2021-07-08 01:11:44 {"status":"ok","msg":"添加成功！218346"}
2021-07-08 01:11:44 下次操作: 2021-07-08 01:12:00

2021-07-08 01:12:00 开始第 6 次操作

2021-07-08 01:12:00 开始操作号码 【1778658】
2021-07-08 01:12:04 GSD getOne 第 1 次 等待 1 秒
2021-07-08 01:12:05 查询号码 【1778658】，返回信息 {"status":"bad","msg":""}
2021-07-08 01:12:05 查询号码 【1778658】，GSD为【""】
2021-07-08 01:12:05 bad
2021-07-08 01:12:07 CHB 1778658?1625677925 第 1 次 等待 1 秒
2021-07-08 01:12:08 CHB 1778658?1625677925 第 1 次 获取到号码【1778658】GSD
2021-07-08 01:12:08 获取到号码【1778658】的GSD为【湖北-武汉】
2021-07-08 01:12:12 GSD insert 第 1 次 等待 1 秒
2021-07-08 01:12:13 {"status":"ok","msg":"添加成功！218351"}
2021-07-08 01:12:13 下次操作: 2021-07-08 01:12:26

2021-07-08 01:12:26 开始第 7 次操作

2021-07-08 01:12:26 开始操作号码 【1778657】
2021-07-08 01:12:30 GSD getOne 第 1 次 等待 1 秒
2021-07-08 01:12:31 查询号码 【1778657】，返回信息 {"status":"bad","msg":""}
2021-07-08 01:12:31 查询号码 【1778657】，GSD为【""】
2021-07-08 01:12:31 bad
2021-07-08 01:12:32 CHB 1778657?1625677951 第 1 次 等待 1 秒
2021-07-08 01:12:33 CHB 1778657?1625677951 第 1 次 获取到号码【1778657】GSD
2021-07-08 01:12:33 获取到号码【1778657】的GSD为【湖北-武汉】
2021-07-08 01:12:38 GSD insert 第 1 次 等待 1 秒
2021-07-08 01:12:39 {"status":"ok","msg":"添加成功！218355"}
2021-07-08 01:12:39 下次操作: 2021-07-08 01:12:45

2021-07-08 01:12:45 开始第 8 次操作

2021-07-08 01:12:45 开始操作号码 【1778656】
2021-07-08 01:12:49 GSD getOne 第 1 次 等待 1 秒
2021-07-08 01:12:50 查询号码 【1778656】，返回信息 {"status":"bad","msg":""}
2021-07-08 01:12:50 查询号码 【1778656】，GSD为【""】
2021-07-08 01:12:50 bad
2021-07-08 01:12:52 CHB 1778656?1625677970 第 1 次 等待 1 秒
2021-07-08 01:12:53 CHB 1778656?1625677970 第 1 次 获取到号码【1778656】GSD
2021-07-08 01:12:53 获取到号码【1778656】的GSD为【湖北-武汉】
2021-07-08 01:13:29 GSD insert 第 1 次 等待 1 秒
2021-07-08 01:13:30 {"status":"ok","msg":"添加成功！218371"}
2021-07-08 01:13:30 下次操作: 2021-07-08 01:13:41

2021-07-08 01:13:41 开始第 9 次操作

2021-07-08 01:13:41 开始操作号码 【1778655】
2021-07-08 01:13:45 GSD getOne 第 1 次 等待 1 秒
2021-07-08 01:13:46 查询号码 【1778655】，返回信息 {"status":"bad","msg":""}
2021-07-08 01:13:46 查询号码 【1778655】，GSD为【""】
2021-07-08 01:13:46 bad
2021-07-08 01:13:48 CHB 1778655?1625678026 第 1 次 等待 1 秒
2021-07-08 01:13:49 CHB 1778655?1625678026 第 1 次 获取到号码【1778655】GSD
2021-07-08 01:13:49 获取到号码【1778655】的GSD为【湖北-武汉】
2021-07-08 01:13:54 GSD insert 第 1 次 等待 1 秒
2021-07-08 01:13:55 {"status":"ok","msg":"添加成功！218377"}
2021-07-08 01:13:55 下次操作: 2021-07-08 01:14:09

2021-07-08 01:14:09 开始第 10 次操作

2021-07-08 01:14:09 开始操作号码 【1778654】
2021-07-08 01:14:13 GSD getOne 第 1 次 等待 1 秒
2021-07-08 01:14:14 查询号码 【1778654】，返回信息 {"status":"bad","msg":""}
2021-07-08 01:14:14 查询号码 【1778654】，GSD为【""】
2021-07-08 01:14:14 bad
2021-07-08 01:14:15 CHB 1778654?1625678054 第 1 次 等待 1 秒
2021-07-08 01:14:16 CHB 1778654?1625678054 第 1 次 获取到号码【1778654】GSD
2021-07-08 01:14:16 获取到号码【1778654】的GSD为【湖北-武汉】
2021-07-08 01:14:21 GSD insert 第 1 次 等待 1 秒
2021-07-08 01:14:22 {"status":"ok","msg":"添加成功！218385"}
2021-07-08 01:14:22 下次操作: 2021-07-08 01:14:36

2021-07-08 01:14:36 开始第 11 次操作

2021-07-08 01:14:36 开始操作号码 【1778653】
2021-07-08 01:14:40 GSD getOne 第 1 次 等待 1 秒
2021-07-08 01:14:41 查询号码 【1778653】，返回信息 {"status":"bad","msg":""}
2021-07-08 01:14:41 查询号码 【1778653】，GSD为【""】
2021-07-08 01:14:41 bad
2021-07-08 01:14:43 CHB 1778653?1625678081 第 1 次 等待 1 秒
2021-07-08 01:14:44 CHB 1778653?1625678081 第 1 次 获取到号码【1778653】GSD
2021-07-08 01:14:44 获取到号码【1778653】的GSD为【湖北-武汉】
2021-07-08 01:14:47 GSD insert 第 1 次 等待 1 秒
2021-07-08 01:14:48 {"status":"ok","msg":"添加成功！218389"}
2021-07-08 01:14:48 下次操作: 2021-07-08 01:15:03

2021-07-08 01:15:03 开始第 12 次操作

2021-07-08 01:15:03 开始操作号码 【1778652】
2021-07-08 01:15:07 GSD getOne 第 1 次 等待 1 秒
2021-07-08 01:15:08 查询号码 【1778652】，返回信息 {"status":"bad","msg":""}
2021-07-08 01:15:08 查询号码 【1778652】，GSD为【""】
2021-07-08 01:15:08 bad
2021-07-08 01:15:10 CHB 1778652?1625678108 第 1 次 等待 1 秒
2021-07-08 01:15:11 CHB 1778652?1625678108 第 1 次 获取到号码【1778652】GSD
2021-07-08 01:15:11 获取到号码【1778652】的GSD为【湖北-武汉】
2021-07-08 01:15:14 GSD insert 第 1 次 等待 1 秒
2021-07-08 01:15:15 {"status":"ok","msg":"添加成功！218395"}
2021-07-08 01:15:15 下次操作: 2021-07-08 01:15:27

2021-07-08 01:15:27 开始第 13 次操作

2021-07-08 01:15:27 开始操作号码 【1778651】
2021-07-08 01:15:31 GSD getOne 第 1 次 等待 1 秒
2021-07-08 01:15:32 查询号码 【1778651】，返回信息 {"status":"bad","msg":""}
2021-07-08 01:15:32 查询号码 【1778651】，GSD为【""】
2021-07-08 01:15:32 bad
2021-07-08 01:15:34 CHB 1778651?1625678132 第 1 次 等待 1 秒
2021-07-08 01:15:35 CHB 1778651?1625678132 第 1 次 获取到号码【1778651】GSD
2021-07-08 01:15:35 获取到号码【1778651】的GSD为【湖北-武汉】
2021-07-08 01:15:49 GSD insert 第 1 次 等待 1 秒
2021-07-08 01:15:50 {"status":"ok","msg":"添加成功！218402"}
2021-07-08 01:15:50 下次操作: 2021-07-08 01:15:56

2021-07-08 01:15:56 开始第 14 次操作

2021-07-08 01:15:56 开始操作号码 【1778650】
2021-07-08 01:15:59 GSD getOne 第 1 次 等待 1 秒
2021-07-08 01:16:00 查询号码 【1778650】，返回信息 {"status":"bad","msg":""}
2021-07-08 01:16:00 查询号码 【1778650】，GSD为【""】
2021-07-08 01:16:00 bad
2021-07-08 01:16:02 CHB 1778650?1625678160 第 1 次 等待 1 秒
2021-07-08 01:16:03 CHB 1778650?1625678160 第 1 次 获取到号码【1778650】GSD
2021-07-08 01:16:03 获取到号码【1778650】的GSD为【湖北-武汉】
2021-07-08 01:16:08 GSD insert 第 1 次 等待 1 秒
2021-07-08 01:16:09 {"status":"ok","msg":"添加成功！218405"}
2021-07-08 01:16:09 下次操作: 2021-07-08 01:16:17

2021-07-08 01:16:17 开始第 15 次操作

2021-07-08 01:16:17 开始操作号码 【1778649】
2021-07-08 01:16:20 GSD getOne 第 1 次 等待 1 秒
2021-07-08 01:16:21 查询号码 【1778649】，返回信息 {"status":"bad","msg":""}
2021-07-08 01:16:21 查询号码 【1778649】，GSD为【""】
2021-07-08 01:16:21 bad
2021-07-08 01:16:29 CHB 1778649?1625678181 第 1 次 等待 1 秒
2021-07-08 01:16:30 CHB 1778649?1625678181 第 1 次 获取到号码【1778649】GSD
2021-07-08 01:16:30 获取到号码【1778649】的GSD为【湖北-武汉】
2021-07-08 01:16:34 GSD insert 第 1 次 等待 1 秒
2021-07-08 01:16:35 {"status":"ok","msg":"添加成功！218410"}
2021-07-08 01:16:35 下次操作: 2021-07-08 01:16:47

2021-07-08 01:16:47 开始第 16 次操作

2021-07-08 01:16:47 开始操作号码 【1778648】
2021-07-08 01:16:51 GSD getOne 第 1 次 等待 1 秒
2021-07-08 01:16:52 查询号码 【1778648】，返回信息 {"status":"bad","msg":""}
2021-07-08 01:16:52 查询号码 【1778648】，GSD为【""】
2021-07-08 01:16:52 bad
2021-07-08 01:16:53 CHB 1778648?1625678212 第 1 次 等待 1 秒
2021-07-08 01:16:54 CHB 1778648?1625678212 第 1 次 获取到号码【1778648】GSD
2021-07-08 01:16:54 获取到号码【1778648】的GSD为【湖北-武汉】
2021-07-08 01:16:58 GSD insert 第 1 次 等待 1 秒
2021-07-08 01:16:59 {"status":"ok","msg":"添加成功！218417"}
2021-07-08 01:16:59 下次操作: 2021-07-08 01:17:13

2021-07-08 01:17:13 开始第 17 次操作

2021-07-08 01:17:13 开始操作号码 【1778647】
2021-07-08 01:17:16 GSD getOne 第 1 次 等待 1 秒
2021-07-08 01:17:17 查询号码 【1778647】，返回信息 {"status":"bad","msg":""}
2021-07-08 01:17:17 查询号码 【1778647】，GSD为【""】
2021-07-08 01:17:17 bad
2021-07-08 01:17:24 CHB 1778647?1625678237 第 1 次 等待 1 秒
2021-07-08 01:17:25 CHB 1778647?1625678237 第 1 次 获取到号码【1778647】GSD
2021-07-08 01:17:25 获取到号码【1778647】的GSD为【湖北-武汉】
2021-07-08 01:17:29 GSD insert 第 1 次 等待 1 秒
2021-07-08 01:17:30 {"status":"ok","msg":"添加成功！218421"}
2021-07-08 01:17:30 下次操作: 2021-07-08 01:17:43

2021-07-08 01:17:43 开始第 18 次操作

2021-07-08 01:17:43 开始操作号码 【1778646】
2021-07-08 01:17:48 GSD getOne 第 1 次 等待 1 秒
2021-07-08 01:17:49 查询号码 【1778646】，返回信息 {"status":"bad","msg":""}
2021-07-08 01:17:49 查询号码 【1778646】，GSD为【""】
2021-07-08 01:17:49 bad
2021-07-08 01:17:52 CHB 1778646?1625678269 第 1 次 等待 1 秒
2021-07-08 01:17:53 CHB 1778646?1625678269 第 1 次 获取到号码【1778646】GSD
2021-07-08 01:17:53 获取到号码【1778646】的GSD为【湖北-武汉】
2021-07-08 01:17:57 GSD insert 第 1 次 等待 1 秒
2021-07-08 01:17:58 {"status":"ok","msg":"添加成功！218425"}
2021-07-08 01:17:58 下次操作: 2021-07-08 01:18:08

2021-07-08 01:18:08 开始第 19 次操作

2021-07-08 01:18:08 开始操作号码 【1778645】
2021-07-08 01:18:12 GSD getOne 第 1 次 等待 1 秒
2021-07-08 01:18:13 查询号码 【1778645】，返回信息 {"status":"bad","msg":""}
2021-07-08 01:18:13 查询号码 【1778645】，GSD为【""】
2021-07-08 01:18:13 bad
2021-07-08 01:18:14 CHB 1778645?1625678293 第 1 次 等待 1 秒
2021-07-08 01:18:15 CHB 1778645?1625678293 第 1 次 获取到号码【1778645】GSD
2021-07-08 01:18:15 获取到号码【1778645】的GSD为【湖北-武汉】
2021-07-08 01:18:19 GSD insert 第 1 次 等待 1 秒
2021-07-08 01:18:20 {"status":"ok","msg":"添加成功！218429"}
2021-07-08 01:18:20 下次操作: 2021-07-08 01:18:26

2021-07-08 01:18:26 开始第 20 次操作

2021-07-08 01:18:26 开始操作号码 【1778644】
2021-07-08 01:18:29 GSD getOne 第 1 次 等待 1 秒
2021-07-08 01:18:30 查询号码 【1778644】，返回信息 {"status":"bad","msg":""}
2021-07-08 01:18:31 查询号码 【1778644】，GSD为【""】
2021-07-08 01:18:31 bad
2021-07-08 01:18:32 CHB 1778644?1625678311 第 1 次 等待 1 秒
2021-07-08 01:18:33 CHB 1778644?1625678311 第 1 次 获取到号码【1778644】GSD
2021-07-08 01:18:33 获取到号码【1778644】的GSD为【湖北-武汉】
2021-07-08 01:18:37 GSD insert 第 1 次 等待 1 秒
2021-07-08 01:18:38 {"status":"ok","msg":"添加成功！218433"}
2021-07-08 01:18:38 下次操作: 2021-07-08 01:18:46

2021-07-08 01:18:46 开始第 21 次操作

2021-07-08 01:18:46 开始操作号码 【1778643】
2021-07-08 01:18:50 GSD getOne 第 1 次 等待 1 秒
2021-07-08 01:18:51 查询号码 【1778643】，返回信息 {"status":"bad","msg":""}
2021-07-08 01:18:51 查询号码 【1778643】，GSD为【""】
2021-07-08 01:18:51 bad
2021-07-08 01:18:53 CHB 1778643?1625678331 第 1 次 等待 1 秒
2021-07-08 01:18:54 CHB 1778643?1625678331 第 1 次 获取到号码【1778643】GSD
2021-07-08 01:18:54 获取到号码【1778643】的GSD为【湖北-武汉】
2021-07-08 01:18:57 GSD insert 第 1 次 等待 1 秒
2021-07-08 01:18:58 {"status":"ok","msg":"添加成功！218437"}
2021-07-08 01:18:58 下次操作: 2021-07-08 01:19:16

2021-07-08 01:19:16 开始第 22 次操作

2021-07-08 01:19:16 开始操作号码 【1778642】
2021-07-08 01:19:20 GSD getOne 第 1 次 等待 1 秒
2021-07-08 01:19:21 查询号码 【1778642】，返回信息 {"status":"bad","msg":""}
2021-07-08 01:19:21 查询号码 【1778642】，GSD为【""】
2021-07-08 01:19:21 bad
2021-07-08 01:19:28 CHB 1778642?1625678361 第 1 次 等待 1 秒
2021-07-08 01:19:29 CHB 1778642?1625678361 第 1 次 获取到号码【1778642】GSD
2021-07-08 01:19:29 获取到号码【1778642】的GSD为【湖北-武汉】
2021-07-08 01:19:34 GSD insert 第 1 次 等待 1 秒
2021-07-08 01:19:35 {"status":"ok","msg":"添加成功！218442"}
2021-07-08 01:19:35 下次操作: 2021-07-08 01:19:47

2021-07-08 01:19:47 开始第 23 次操作

2021-07-08 01:19:47 开始操作号码 【1778641】
2021-07-08 01:19:50 GSD getOne 第 1 次 等待 1 秒
2021-07-08 01:19:51 查询号码 【1778641】，返回信息 {"status":"bad","msg":""}
2021-07-08 01:19:51 查询号码 【1778641】，GSD为【""】
2021-07-08 01:19:51 bad
2021-07-08 01:19:53 CHB 1778641?1625678391 第 1 次 等待 1 秒
2021-07-08 01:19:54 CHB 1778641?1625678391 第 1 次 获取到号码【1778641】GSD
2021-07-08 01:19:54 获取到号码【1778641】的GSD为【湖北-武汉】
2021-07-08 01:19:58 GSD insert 第 1 次 等待 1 秒
2021-07-08 01:19:59 {"status":"ok","msg":"添加成功！218446"}
2021-07-08 01:19:59 下次操作: 2021-07-08 01:20:07

2021-07-08 01:20:07 开始第 24 次操作

2021-07-08 01:20:07 开始操作号码 【1778640】
2021-07-08 01:20:11 GSD getOne 第 1 次 等待 1 秒
2021-07-08 01:20:12 查询号码 【1778640】，返回信息 {"status":"bad","msg":""}
2021-07-08 01:20:12 查询号码 【1778640】，GSD为【""】
2021-07-08 01:20:12 bad
2021-07-08 01:20:14 CHB 1778640?1625678412 第 1 次 等待 1 秒
2021-07-08 01:20:15 CHB 1778640?1625678412 第 1 次 获取到号码【1778640】GSD
2021-07-08 01:20:15 获取到号码【1778640】的GSD为【湖北-武汉】
2021-07-08 01:20:19 GSD insert 第 1 次 等待 1 秒
2021-07-08 01:20:20 {"status":"ok","msg":"添加成功！218450"}
2021-07-08 01:20:20 下次操作: 2021-07-08 01:20:35

2021-07-08 01:20:35 开始第 25 次操作

2021-07-08 01:20:35 开始操作号码 【1778639】
2021-07-08 01:20:38 GSD getOne 第 1 次 等待 1 秒
2021-07-08 01:20:39 查询号码 【1778639】，返回信息 {"status":"bad","msg":""}
2021-07-08 01:20:40 查询号码 【1778639】，GSD为【""】
2021-07-08 01:20:40 bad
2021-07-08 01:20:41 CHB 1778639?1625678440 第 1 次 等待 1 秒
2021-07-08 01:20:42 CHB 1778639?1625678440 第 1 次 获取到号码【1778639】GSD
2021-07-08 01:20:42 获取到号码【1778639】的GSD为【湖北-武汉】
2021-07-08 01:20:46 GSD insert 第 1 次 等待 1 秒
2021-07-08 01:20:47 {"status":"ok","msg":"添加成功！218454"}
2021-07-08 01:20:47 下次操作: 2021-07-08 01:20:59

2021-07-08 01:20:59 开始第 26 次操作

2021-07-08 01:20:59 开始操作号码 【1778638】
2021-07-08 01:21:03 GSD getOne 第 1 次 等待 1 秒
2021-07-08 01:21:04 查询号码 【1778638】，返回信息 {"status":"bad","msg":""}
2021-07-08 01:21:04 查询号码 【1778638】，GSD为【""】
2021-07-08 01:21:04 bad
2021-07-08 01:21:06 CHB 1778638?1625678464 第 1 次 等待 1 秒
2021-07-08 01:21:07 CHB 1778638?1625678464 第 1 次 获取到号码【1778638】GSD
2021-07-08 01:21:07 获取到号码【1778638】的GSD为【湖北-武汉】
2021-07-08 01:21:10 GSD insert 第 1 次 等待 1 秒
2021-07-08 01:21:11 {"status":"ok","msg":"添加成功！218458"}
2021-07-08 01:21:11 下次操作: 2021-07-08 01:21:21

2021-07-08 01:21:21 开始第 27 次操作

2021-07-08 01:21:21 开始操作号码 【1778637】
2021-07-08 01:21:26 GSD getOne 第 1 次 等待 1 秒
2021-07-08 01:21:27 查询号码 【1778637】，返回信息 {"status":"bad","msg":""}
2021-07-08 01:21:27 查询号码 【1778637】，GSD为【""】
2021-07-08 01:21:27 bad
2021-07-08 01:21:29 CHB 1778637?1625678487 第 1 次 等待 1 秒
2021-07-08 01:21:30 CHB 1778637?1625678487 第 1 次 获取到号码【1778637】GSD
2021-07-08 01:21:30 获取到号码【1778637】的GSD为【湖北-武汉】
2021-07-08 01:21:36 GSD insert 第 1 次 等待 1 秒
2021-07-08 01:21:37 {"status":"ok","msg":"添加成功！218462"}
2021-07-08 01:21:37 下次操作: 2021-07-08 01:21:44

2021-07-08 01:21:44 开始第 28 次操作

2021-07-08 01:21:44 开始操作号码 【1778636】
2021-07-08 01:21:48 GSD getOne 第 1 次 等待 1 秒
2021-07-08 01:21:49 查询号码 【1778636】，返回信息 {"status":"bad","msg":""}
2021-07-08 01:21:49 查询号码 【1778636】，GSD为【""】
2021-07-08 01:21:49 bad
2021-07-08 01:21:51 CHB 1778636?1625678509 第 1 次 等待 1 秒
2021-07-08 01:21:52 CHB 1778636?1625678509 第 1 次 获取到号码【1778636】GSD
2021-07-08 01:21:52 获取到号码【1778636】的GSD为【湖北-武汉】
2021-07-08 01:21:55 GSD insert 第 1 次 等待 1 秒
2021-07-08 01:21:56 {"status":"ok","msg":"添加成功！218463"}
2021-07-08 01:21:56 下次操作: 2021-07-08 01:22:02

2021-07-08 01:22:02 开始第 29 次操作

2021-07-08 01:22:02 开始操作号码 【1778635】
2021-07-08 01:22:07 GSD getOne 第 1 次 等待 1 秒
2021-07-08 01:22:08 查询号码 【1778635】，返回信息 {"status":"bad","msg":""}
2021-07-08 01:22:08 查询号码 【1778635】，GSD为【""】
2021-07-08 01:22:08 bad
2021-07-08 01:22:10 CHB 1778635?1625678528 第 1 次 等待 1 秒
2021-07-08 01:22:11 CHB 1778635?1625678528 第 1 次 获取到号码【1778635】GSD
2021-07-08 01:22:11 获取到号码【1778635】的GSD为【湖北-武汉】
2021-07-08 01:22:15 GSD insert 第 1 次 等待 1 秒
2021-07-08 01:22:16 {"status":"ok","msg":"添加成功！218466"}
2021-07-08 01:22:16 下次操作: 2021-07-08 01:22:26

2021-07-08 01:22:26 开始第 30 次操作

2021-07-08 01:22:26 开始操作号码 【1778634】
2021-07-08 01:22:30 GSD getOne 第 1 次 等待 1 秒
2021-07-08 01:22:31 查询号码 【1778634】，返回信息 {"status":"bad","msg":""}
2021-07-08 01:22:31 查询号码 【1778634】，GSD为【""】
2021-07-08 01:22:31 bad
2021-07-08 01:22:32 CHB 1778634?1625678551 第 1 次 等待 1 秒
2021-07-08 01:22:33 CHB 1778634?1625678551 第 1 次 获取到号码【1778634】GSD
2021-07-08 01:22:33 获取到号码【1778634】的GSD为【湖北-荆州】
2021-07-08 01:22:37 GSD insert 第 1 次 等待 1 秒
2021-07-08 01:22:38 {"status":"ok","msg":"添加成功！218469"}

