2024-03-09 00:18:51 开始第 7781 次操作

2024-03-09 00:18:51 开始操作号码 【1747699】
2024-03-09 00:18:56 GSD getOne 第 1 次 等待 3 秒
2024-03-09 00:18:59 查询号码 【1747699】，返回信息 {"status":"ok","msg":"-","gid":"244700","time_insert":"2021-07-11 02:56"}
2024-03-09 00:18:59 查询号码 【1747699】，GSD为【"-"】
2024-03-09 00:18:59 ok && -
2024-03-09 00:19:02 CHB 1747699?1709914739 第 1 次 等待 3 秒
2024-03-09 00:19:05 CHB 1747699?1709914739 第 1 次 获取到号码【1747699】GSD
2024-03-09 00:19:05 未获取到号码【1747699】GSD，可能号码格式错误
2024-03-09 00:19:05 获取到号码【1747699】的GSD为【-】
2024-03-09 00:19:12 GSD insert 第 1 次 等待 3 秒
2024-03-09 00:19:15 {"status":"bad","gid":"244700","msg":"添加失败！号码【1747699(-|-)】已存在！"}
2024-03-09 00:19:15 随机等待 149 秒，约 2 分钟
2024-03-09 00:19:15 下次操作: 2024-03-09 00:21:44

2024-03-09 00:21:44 开始第 7782 次操作

2024-03-09 00:21:44 开始操作号码 【1747700】
2024-03-09 00:21:50 GSD getOne 第 1 次 等待 3 秒
2024-03-09 00:21:53 查询号码 【1747700】，返回信息 {"status":"ok","msg":"-","gid":"244707","time_insert":"2021-07-11 02:57"}
2024-03-09 00:21:53 查询号码 【1747700】，GSD为【"-"】
2024-03-09 00:21:53 ok && -
2024-03-09 00:22:01 CHB 1747700?1709914913 第 1 次 等待 3 秒
2024-03-09 00:22:04 CHB 1747700?1709914913 第 1 次 获取到号码【1747700】GSD
2024-03-09 00:22:04 未获取到号码【1747700】GSD，可能号码格式错误
2024-03-09 00:22:04 获取到号码【1747700】的GSD为【-】
2024-03-09 00:22:09 GSD insert 第 1 次 等待 3 秒
2024-03-09 00:22:12 {"status":"bad","gid":"244707","msg":"添加失败！号码【1747700(-|-)】已存在！"}
2024-03-09 00:22:12 随机等待 82 秒，约 1 分钟
2024-03-09 00:22:12 下次操作: 2024-03-09 00:23:34

2024-03-09 00:23:34 开始第 7783 次操作

2024-03-09 00:23:34 开始操作号码 【1747701】
2024-03-09 00:23:38 GSD getOne 第 1 次 等待 3 秒
2024-03-09 00:23:41 查询号码 【1747701】，返回信息 {"status":"ok","msg":"-","gid":"244718","time_insert":"2021-07-11 02:58"}
2024-03-09 00:23:41 查询号码 【1747701】，GSD为【"-"】
2024-03-09 00:23:41 ok && -
2024-03-09 00:23:43 CHB 1747701?1709915021 第 1 次 等待 3 秒
2024-03-09 00:23:46 CHB 1747701?1709915021 第 1 次 获取到号码【1747701】GSD
2024-03-09 00:23:46 未获取到号码【1747701】GSD，可能号码格式错误
2024-03-09 00:23:46 获取到号码【1747701】的GSD为【-】
2024-03-09 00:23:50 GSD insert 第 1 次 等待 3 秒
2024-03-09 00:23:53 {"status":"bad","gid":"244718","msg":"添加失败！号码【1747701(-|-)】已存在！"}
2024-03-09 00:23:53 随机等待 162 秒，约 2 分钟
2024-03-09 00:23:53 下次操作: 2024-03-09 00:26:35

2024-03-09 00:26:35 开始第 7784 次操作

2024-03-09 00:26:35 开始操作号码 【1747702】
2024-03-09 00:26:43 GSD getOne 第 1 次 等待 3 秒
2024-03-09 00:26:46 查询号码 【1747702】，返回信息 {"status":"ok","msg":"-","gid":"244723","time_insert":"2021-07-11 02:58"}
2024-03-09 00:26:46 查询号码 【1747702】，GSD为【"-"】
2024-03-09 00:26:46 ok && -
2024-03-09 00:26:48 CHB 1747702?1709915206 第 1 次 等待 3 秒
2024-03-09 00:26:51 CHB 1747702?1709915206 第 1 次 获取到号码【1747702】GSD
2024-03-09 00:26:51 未获取到号码【1747702】GSD，可能号码格式错误
2024-03-09 00:26:51 获取到号码【1747702】的GSD为【-】
2024-03-09 00:26:56 GSD insert 第 1 次 等待 3 秒
2024-03-09 00:26:59 {"status":"bad","gid":"244723","msg":"添加失败！号码【1747702(-|-)】已存在！"}

2024-03-09 00:37:33 开始第 7785 次操作

2024-03-09 00:37:33 开始操作号码 【1747703】
2024-03-09 00:37:38 GSD getOne 第 1 次 等待 3 秒
2024-03-09 00:37:41 查询号码 【1747703】，返回信息 {"status":"ok","msg":"-","gid":"244731","time_insert":"2021-07-11 02:58"}
2024-03-09 00:37:41 查询号码 【1747703】，GSD为【"-"】
2024-03-09 00:37:41 ok && -
2024-03-09 00:37:43 CHB 1747703?1709915861 第 1 次 等待 3 秒
2024-03-09 00:37:46 CHB 1747703?1709915861 第 1 次 获取到号码【1747703】GSD
2024-03-09 00:37:46 未获取到号码【1747703】GSD，可能号码格式错误
2024-03-09 00:37:46 获取到号码【1747703】的GSD为【-】
2024-03-09 00:37:53 GSD insert 第 1 次 等待 3 秒
2024-03-09 00:37:56 {"status":"bad","gid":"244731","msg":"添加失败！号码【1747703(-|-)】已存在！"}
2024-03-09 00:37:56 随机等待 234 秒，约 3 分钟
2024-03-09 00:37:56 下次操作: 2024-03-09 00:41:50

2024-03-09 00:41:50 开始第 7786 次操作

2024-03-09 00:41:50 开始操作号码 【1747704】
2024-03-09 00:41:55 GSD getOne 第 1 次 等待 3 秒
2024-03-09 00:41:58 查询号码 【1747704】，返回信息 {"status":"ok","msg":"-","gid":"244735","time_insert":"2021-07-11 02:59"}
2024-03-09 00:41:58 查询号码 【1747704】，GSD为【"-"】
2024-03-09 00:41:58 ok && -
2024-03-09 00:42:00 CHB 1747704?1709916118 第 1 次 等待 3 秒
2024-03-09 00:42:03 CHB 1747704?1709916118 第 1 次 获取到号码【1747704】GSD
2024-03-09 00:42:03 未获取到号码【1747704】GSD，可能号码格式错误
2024-03-09 00:42:03 获取到号码【1747704】的GSD为【-】
2024-03-09 00:42:09 GSD insert 第 1 次 等待 3 秒
2024-03-09 00:42:12 {"status":"bad","gid":"244735","msg":"添加失败！号码【1747704(-|-)】已存在！"}
2024-03-09 00:42:12 随机等待 78 秒，约 1 分钟
2024-03-09 00:42:12 下次操作: 2024-03-09 00:43:30

2024-03-09 00:43:30 开始第 7787 次操作

2024-03-09 00:43:30 开始操作号码 【1747705】
2024-03-09 00:43:34 GSD getOne 第 1 次 等待 3 秒
2024-03-09 00:43:37 查询号码 【1747705】，返回信息 {"status":"ok","msg":"-","gid":"244892","time_insert":"2021-07-11 03:36"}
2024-03-09 00:43:37 查询号码 【1747705】，GSD为【"-"】
2024-03-09 00:43:37 ok && -
2024-03-09 00:43:39 CHB 1747705?1709916217 第 1 次 等待 3 秒
2024-03-09 00:43:42 CHB 1747705?1709916217 第 1 次 获取到号码【1747705】GSD
2024-03-09 00:43:42 未获取到号码【1747705】GSD，可能号码格式错误
2024-03-09 00:43:42 获取到号码【1747705】的GSD为【-】
2024-03-09 00:43:48 GSD insert 第 1 次 等待 3 秒
2024-03-09 00:43:51 {"status":"bad","gid":"244892","msg":"添加失败！号码【1747705(-|-)】已存在！"}
2024-03-09 00:43:51 随机等待 198 秒，约 3 分钟
2024-03-09 00:43:51 下次操作: 2024-03-09 00:47:09

2024-03-09 00:47:09 开始第 7788 次操作

2024-03-09 00:47:09 开始操作号码 【1747706】
2024-03-09 00:47:15 GSD getOne 第 1 次 等待 3 秒
2024-03-09 00:47:18 查询号码 【1747706】，返回信息 {"status":"ok","msg":"-","gid":"244907","time_insert":"2021-07-11 03:37"}
2024-03-09 00:47:18 查询号码 【1747706】，GSD为【"-"】
2024-03-09 00:47:18 ok && -
2024-03-09 00:47:20 CHB 1747706?1709916438 第 1 次 等待 3 秒
2024-03-09 00:47:23 CHB 1747706?1709916438 第 1 次 获取到号码【1747706】GSD
2024-03-09 00:47:24 未获取到号码【1747706】GSD，可能号码格式错误
2024-03-09 00:47:24 获取到号码【1747706】的GSD为【-】
2024-03-09 00:47:28 GSD insert 第 1 次 等待 3 秒
2024-03-09 00:47:31 {"status":"bad","gid":"244907","msg":"添加失败！号码【1747706(-|-)】已存在！"}

2024-03-09 01:14:18 开始第 7789 次操作

2024-03-09 01:14:18 开始操作号码 【1747707】
2024-03-09 01:14:23 GSD getOne 第 1 次 等待 3 秒
2024-03-09 01:14:26 查询号码 【1747707】，返回信息 {"status":"ok","msg":"-","gid":"244920","time_insert":"2021-07-11 03:38"}
2024-03-09 01:14:26 查询号码 【1747707】，GSD为【"-"】
2024-03-09 01:14:26 ok && -
2024-03-09 01:14:29 CHB 1747707?1709918066 第 1 次 等待 3 秒
2024-03-09 01:14:32 CHB 1747707?1709918066 第 1 次 获取到号码【1747707】GSD
2024-03-09 01:14:32 未获取到号码【1747707】GSD，可能号码格式错误
2024-03-09 01:14:32 获取到号码【1747707】的GSD为【-】
2024-03-09 01:14:36 GSD insert 第 1 次 等待 3 秒
2024-03-09 01:14:39 {"status":"bad","gid":"244920","msg":"添加失败！号码【1747707(-|-)】已存在！"}
2024-03-09 01:14:39 随机等待 84 秒，约 1 分钟
2024-03-09 01:14:39 下次操作: 2024-03-09 01:16:03

2024-03-09 01:16:03 开始第 7790 次操作

2024-03-09 01:16:03 开始操作号码 【1747708】
2024-03-09 01:16:09 GSD getOne 第 1 次 等待 3 秒
2024-03-09 01:16:12 查询号码 【1747708】，返回信息 {"status":"ok","msg":"-","gid":"244935","time_insert":"2021-07-11 03:39"}
2024-03-09 01:16:12 查询号码 【1747708】，GSD为【"-"】
2024-03-09 01:16:12 ok && -
2024-03-09 01:16:14 CHB 1747708?1709918172 第 1 次 等待 3 秒
2024-03-09 01:16:17 CHB 1747708?1709918172 第 1 次 获取到号码【1747708】GSD
2024-03-09 01:16:17 未获取到号码【1747708】GSD，可能号码格式错误
2024-03-09 01:16:17 获取到号码【1747708】的GSD为【-】
2024-03-09 01:16:22 GSD insert 第 1 次 等待 3 秒
2024-03-09 01:16:25 {"status":"bad","gid":"244935","msg":"添加失败！号码【1747708(-|-)】已存在！"}
2024-03-09 01:16:25 随机等待 214 秒，约 3 分钟
2024-03-09 01:16:25 下次操作: 2024-03-09 01:19:59

2024-03-09 01:19:59 开始第 7791 次操作

2024-03-09 01:19:59 开始操作号码 【1747709】
2024-03-09 01:20:03 GSD getOne 第 1 次 等待 3 秒
2024-03-09 01:20:06 查询号码 【1747709】，返回信息 {"status":"ok","msg":"-","gid":"244951","time_insert":"2021-07-11 03:39"}
2024-03-09 01:20:06 查询号码 【1747709】，GSD为【"-"】
2024-03-09 01:20:06 ok && -
2024-03-09 01:20:09 CHB 1747709?1709918406 第 1 次 等待 3 秒
2024-03-09 01:20:12 CHB 1747709?1709918406 第 1 次 获取到号码【1747709】GSD
2024-03-09 01:20:12 未获取到号码【1747709】GSD，可能号码格式错误
2024-03-09 01:20:12 获取到号码【1747709】的GSD为【-】
2024-03-09 01:20:16 GSD insert 第 1 次 等待 3 秒
2024-03-09 01:20:19 {"status":"bad","gid":"244951","msg":"添加失败！号码【1747709(-|-)】已存在！"}
2024-03-09 01:20:19 随机等待 145 秒，约 2 分钟
2024-03-09 01:20:19 下次操作: 2024-03-09 01:22:44

2024-03-09 01:22:44 开始第 7792 次操作

2024-03-09 01:22:44 开始操作号码 【1747710】
2024-03-09 01:22:49 GSD getOne 第 1 次 等待 3 秒
2024-03-09 01:22:52 查询号码 【1747710】，返回信息 {"status":"ok","msg":"-","gid":"244965","time_insert":"2021-07-11 03:40"}
2024-03-09 01:22:52 查询号码 【1747710】，GSD为【"-"】
2024-03-09 01:22:52 ok && -
2024-03-09 01:22:54 CHB 1747710?1709918572 第 1 次 等待 3 秒
2024-03-09 01:22:57 CHB 1747710?1709918572 第 1 次 获取到号码【1747710】GSD
2024-03-09 01:22:57 未获取到号码【1747710】GSD，可能号码格式错误
2024-03-09 01:22:57 获取到号码【1747710】的GSD为【-】
2024-03-09 01:23:01 GSD insert 第 1 次 等待 3 秒
2024-03-09 01:23:04 {"status":"bad","gid":"244965","msg":"添加失败！号码【1747710(-|-)】已存在！"}

