2021-08-04 00:04:43 开始第 13 次操作

2021-08-04 00:04:43 开始操作号码 【1986774】
2021-08-04 00:05:03 GSD getOne 第 1 次 等待 3 秒
2021-08-04 00:05:06 查询号码 【1986774】，返回信息 {"status":"bad","msg":""}
2021-08-04 00:05:07 查询号码 【1986774】，GSD为【""】
2021-08-04 00:05:07 bad
2021-08-04 00:05:10 CHB 1986774?1628006707 第 1 次 等待 3 秒
2021-08-04 00:05:13 CHB 1986774?1628006707 第 1 次 获取到号码【1986774】GSD
2021-08-04 00:05:14 获取到号码【1986774】的GSD为【广东-深圳】
2021-08-04 00:05:30 GSD insert 第 1 次 等待 3 秒
2021-08-04 00:05:33 {"status":"ok","gid":493465,"msg":"添加成功！"}
2021-08-04 00:05:33 下次操作: 2021-08-04 00:05:48

2021-08-04 00:05:48 开始第 14 次操作

2021-08-04 00:05:48 开始操作号码 【1986773】
2021-08-04 00:06:00 GSD getOne 第 1 次 等待 3 秒
2021-08-04 00:06:03 查询号码 【1986773】，返回信息 {"status":"bad","msg":""}
2021-08-04 00:06:03 查询号码 【1986773】，GSD为【""】
2021-08-04 00:06:03 bad
2021-08-04 00:06:10 CHB 1986773?1628006763 第 1 次 等待 3 秒
2021-08-04 00:06:13 CHB 1986773?1628006763 第 1 次 获取到号码【1986773】GSD
2021-08-04 00:06:13 获取到号码【1986773】的GSD为【广东-深圳】
2021-08-04 00:06:24 GSD insert 第 1 次 等待 3 秒
2021-08-04 00:06:27 {"status":"ok","gid":493470,"msg":"添加成功！"}
2021-08-04 00:06:27 下次操作: 2021-08-04 00:06:40

2021-08-04 00:06:40 开始第 15 次操作

2021-08-04 00:06:40 开始操作号码 【1986772】
2021-08-04 00:07:05 GSD getOne 第 1 次 等待 3 秒
2021-08-04 00:07:08 查询号码 【1986772】，返回信息 {"status":"bad","msg":""}
2021-08-04 00:07:08 查询号码 【1986772】，GSD为【""】
2021-08-04 00:07:08 bad
2021-08-04 00:07:11 CHB 1986772?1628006828 第 1 次 等待 3 秒
2021-08-04 00:07:14 CHB 1986772?1628006828 第 1 次 获取到号码【1986772】GSD
2021-08-04 00:07:14 获取到号码【1986772】的GSD为【广东-深圳】
2021-08-04 00:07:36 GSD insert 第 1 次 等待 3 秒
2021-08-04 00:07:39 {"status":"ok","gid":493478,"msg":"添加成功！"}
2021-08-04 00:07:39 下次操作: 2021-08-04 00:07:58

2021-08-04 00:07:58 开始第 16 次操作

2021-08-04 00:07:58 开始操作号码 【1986771】
2021-08-04 00:08:28 GSD getOne 第 1 次 等待 3 秒
2021-08-04 00:08:31 查询号码 【1986771】，返回信息 {"status":"bad","msg":""}
2021-08-04 00:08:32 查询号码 【1986771】，GSD为【""】
2021-08-04 00:08:32 bad
2021-08-04 00:08:33 CHB 1986771?1628006912 第 1 次 等待 3 秒
2021-08-04 00:08:36 CHB 1986771?1628006912 第 1 次 获取到号码【1986771】GSD
2021-08-04 00:08:36 获取到号码【1986771】的GSD为【广东-深圳】
2021-08-04 00:09:17 GSD insert 第 1 次 等待 3 秒
2021-08-04 00:09:20 {"status":"ok","gid":493488,"msg":"添加成功！"}
2021-08-04 00:09:20 下次操作: 2021-08-04 00:09:43

2021-08-04 00:09:43 开始第 17 次操作

2021-08-04 00:09:43 开始操作号码 【1986770】
2021-08-04 00:10:15 GSD getOne 第 1 次 等待 3 秒
2021-08-04 00:10:18 查询号码 【1986770】，返回信息 {"status":"bad","msg":""}
2021-08-04 00:10:19 查询号码 【1986770】，GSD为【""】
2021-08-04 00:10:19 bad
2021-08-04 00:10:21 CHB 1986770?1628007019 第 1 次 等待 3 秒
2021-08-04 00:10:24 CHB 1986770?1628007019 第 1 次 获取到号码【1986770】GSD
2021-08-04 00:10:24 获取到号码【1986770】的GSD为【广东-深圳】
2021-08-04 00:10:54 GSD insert 第 1 次 等待 3 秒
2021-08-04 00:10:57 {"status":"ok","gid":493495,"msg":"添加成功！"}
2021-08-04 00:10:57 下次操作: 2021-08-04 00:11:14

2021-08-04 00:11:14 开始第 18 次操作

2021-08-04 00:11:14 开始操作号码 【1986769】
2021-08-04 00:11:45 GSD getOne 第 1 次 等待 3 秒
2021-08-04 00:11:48 查询号码 【1986769】，返回信息 {"status":"bad","msg":""}
2021-08-04 00:11:48 查询号码 【1986769】，GSD为【""】
2021-08-04 00:11:48 bad
2021-08-04 00:11:51 CHB 1986769?1628007108 第 1 次 等待 3 秒
2021-08-04 00:11:54 CHB 1986769?1628007108 第 1 次 获取到号码【1986769】GSD
2021-08-04 00:11:54 获取到号码【1986769】的GSD为【广东-广州】
2021-08-04 00:12:17 GSD insert 第 1 次 等待 3 秒
2021-08-04 00:12:20 {"status":"ok","gid":493503,"msg":"添加成功！"}
2021-08-04 00:12:20 下次操作: 2021-08-04 00:12:32

2021-08-04 00:12:32 开始第 19 次操作

2021-08-04 00:12:32 开始操作号码 【1986768】
2021-08-04 00:12:49 GSD getOne 第 1 次 等待 3 秒
2021-08-04 00:12:52 查询号码 【1986768】，返回信息 {"status":"bad","msg":""}
2021-08-04 00:12:52 查询号码 【1986768】，GSD为【""】
2021-08-04 00:12:52 bad
2021-08-04 00:12:54 CHB 1986768?1628007172 第 1 次 等待 3 秒
2021-08-04 00:12:57 CHB 1986768?1628007172 第 1 次 获取到号码【1986768】GSD
2021-08-04 00:12:57 获取到号码【1986768】的GSD为【广东-广州】
2021-08-04 00:13:06 GSD insert 第 1 次 等待 3 秒
2021-08-04 00:13:09 {"status":"ok","gid":493509,"msg":"添加成功！"}
2021-08-04 00:13:09 下次操作: 2021-08-04 00:13:26

2021-08-04 00:13:26 开始第 20 次操作

2021-08-04 00:13:26 开始操作号码 【1986767】
2021-08-04 00:13:34 GSD getOne 第 1 次 等待 3 秒
2021-08-04 00:13:37 查询号码 【1986767】，返回信息 {"status":"bad","msg":""}
2021-08-04 00:13:37 查询号码 【1986767】，GSD为【""】
2021-08-04 00:13:37 bad
2021-08-04 00:13:39 CHB 1986767?1628007217 第 1 次 等待 3 秒
2021-08-04 00:13:42 CHB 1986767?1628007217 第 1 次 获取到号码【1986767】GSD
2021-08-04 00:13:42 获取到号码【1986767】的GSD为【广东-东莞】
2021-08-04 00:13:57 GSD insert 第 1 次 等待 3 秒
2021-08-04 00:14:00 {"status":"ok","gid":493512,"msg":"添加成功！"}
2021-08-04 00:14:00 下次操作: 2021-08-04 00:14:24

2021-08-04 00:14:24 开始第 21 次操作

2021-08-04 00:14:24 开始操作号码 【1986766】
2021-08-04 00:14:48 GSD getOne 第 1 次 等待 3 秒
2021-08-04 00:14:51 查询号码 【1986766】，返回信息 {"status":"bad","msg":""}
2021-08-04 00:14:51 查询号码 【1986766】，GSD为【""】
2021-08-04 00:14:51 bad
2021-08-04 00:14:53 CHB 1986766?1628007291 第 1 次 等待 3 秒
2021-08-04 00:14:56 CHB 1986766?1628007291 第 1 次 获取到号码【1986766】GSD
2021-08-04 00:14:56 获取到号码【1986766】的GSD为【广东-佛山】
2021-08-04 00:15:11 GSD insert 第 1 次 等待 3 秒
2021-08-04 00:15:14 {"status":"ok","gid":493519,"msg":"添加成功！"}
2021-08-04 00:15:14 下次操作: 2021-08-04 00:15:35

2021-08-04 00:15:35 开始第 22 次操作

2021-08-04 00:15:35 开始操作号码 【1986765】
2021-08-04 00:15:50 GSD getOne 第 1 次 等待 3 秒
2021-08-04 00:15:53 查询号码 【1986765】，返回信息 {"status":"bad","msg":""}
2021-08-04 00:15:53 查询号码 【1986765】，GSD为【""】
2021-08-04 00:15:53 bad
2021-08-04 00:15:55 CHB 1986765?1628007353 第 1 次 等待 3 秒
2021-08-04 00:15:58 CHB 1986765?1628007353 第 1 次 获取到号码【1986765】GSD
2021-08-04 00:15:58 获取到号码【1986765】的GSD为【广东-广州】
2021-08-04 00:16:20 GSD insert 第 1 次 等待 3 秒
2021-08-04 00:16:23 {"status":"ok","gid":493526,"msg":"添加成功！"}
2021-08-04 00:16:23 下次操作: 2021-08-04 00:16:44

2021-08-04 00:16:44 开始第 23 次操作

2021-08-04 00:16:44 开始操作号码 【1986764】
2021-08-04 00:17:22 GSD getOne 第 1 次 等待 3 秒
2021-08-04 00:17:25 查询号码 【1986764】，返回信息 {"status":"bad","msg":""}
2021-08-04 00:17:25 查询号码 【1986764】，GSD为【""】
2021-08-04 00:17:25 bad
2021-08-04 00:17:31 CHB 1986764?1628007445 第 1 次 等待 3 秒
2021-08-04 00:17:34 CHB 1986764?1628007445 第 1 次 获取到号码【1986764】GSD
2021-08-04 00:17:34 获取到号码【1986764】的GSD为【广东-东莞】
2021-08-04 00:17:44 GSD insert 第 1 次 等待 3 秒
2021-08-04 00:17:47 {"status":"ok","gid":493534,"msg":"添加成功！"}
2021-08-04 00:17:47 下次操作: 2021-08-04 00:18:08

2021-08-04 00:18:08 开始第 24 次操作

2021-08-04 00:18:08 开始操作号码 【1986763】
2021-08-04 00:18:30 GSD getOne 第 1 次 等待 3 秒
2021-08-04 00:18:33 查询号码 【1986763】，返回信息 {"status":"bad","msg":""}
2021-08-04 00:18:33 查询号码 【1986763】，GSD为【""】
2021-08-04 00:18:33 bad
2021-08-04 00:18:35 CHB 1986763?1628007513 第 1 次 等待 3 秒
2021-08-04 00:18:38 CHB 1986763?1628007513 第 1 次 获取到号码【1986763】GSD
2021-08-04 00:18:38 获取到号码【1986763】的GSD为【广东-广州】
2021-08-04 00:18:50 GSD insert 第 1 次 等待 3 秒
2021-08-04 00:18:53 {"status":"ok","gid":493541,"msg":"添加成功！"}
2021-08-04 00:18:53 下次操作: 2021-08-04 00:19:07

2021-08-04 00:19:07 开始第 25 次操作

2021-08-04 00:19:07 开始操作号码 【1986762】
2021-08-04 00:19:27 GSD getOne 第 1 次 等待 3 秒
2021-08-04 00:19:30 查询号码 【1986762】，返回信息 {"status":"bad","msg":""}
2021-08-04 00:19:30 查询号码 【1986762】，GSD为【""】
2021-08-04 00:19:30 bad
2021-08-04 00:19:32 CHB 1986762?1628007570 第 1 次 等待 3 秒
2021-08-04 00:19:35 CHB 1986762?1628007570 第 1 次 获取到号码【1986762】GSD
2021-08-04 00:19:35 获取到号码【1986762】的GSD为【广东-广州】
2021-08-04 00:19:47 GSD insert 第 1 次 等待 3 秒
2021-08-04 00:19:50 {"status":"ok","gid":493545,"msg":"添加成功！"}
2021-08-04 00:19:50 下次操作: 2021-08-04 00:20:02

2021-08-04 00:20:02 开始第 26 次操作

2021-08-04 00:20:02 开始操作号码 【1986761】
2021-08-04 00:20:08 GSD getOne 第 1 次 等待 3 秒
2021-08-04 00:20:11 查询号码 【1986761】，返回信息 {"status":"bad","msg":""}
2021-08-04 00:20:11 查询号码 【1986761】，GSD为【""】
2021-08-04 00:20:11 bad
2021-08-04 00:20:13 CHB 1986761?1628007611 第 1 次 等待 3 秒
2021-08-04 00:20:16 CHB 1986761?1628007611 第 1 次 获取到号码【1986761】GSD
2021-08-04 00:20:16 获取到号码【1986761】的GSD为【广东-广州】
2021-08-04 00:20:27 GSD insert 第 1 次 等待 3 秒
2021-08-04 00:20:30 {"status":"ok","gid":493550,"msg":"添加成功！"}
2021-08-04 00:20:30 下次操作: 2021-08-04 00:20:54

2021-08-04 00:20:54 开始第 27 次操作

2021-08-04 00:20:54 开始操作号码 【1986760】
2021-08-04 00:21:49 GSD getOne 第 1 次 等待 3 秒
2021-08-04 00:21:52 查询号码 【1986760】，返回信息 {"status":"bad","msg":""}
2021-08-04 00:21:52 查询号码 【1986760】，GSD为【""】
2021-08-04 00:21:52 bad
2021-08-04 00:21:54 CHB 1986760?1628007712 第 1 次 等待 3 秒
2021-08-04 00:21:57 CHB 1986760?1628007712 第 1 次 获取到号码【1986760】GSD
2021-08-04 00:21:57 获取到号码【1986760】的GSD为【广东-江门】
2021-08-04 00:22:23 GSD insert 第 1 次 等待 3 秒
2021-08-04 00:22:26 {"status":"ok","gid":493560,"msg":"添加成功！"}
2021-08-04 00:22:26 下次操作: 2021-08-04 00:22:50

2021-08-04 00:22:50 开始第 28 次操作

2021-08-04 00:22:50 开始操作号码 【1986759】
2021-08-04 00:23:51 GSD getOne 第 1 次 等待 3 秒
2021-08-04 00:23:54 查询号码 【1986759】，返回信息 {"status":"bad","msg":""}
2021-08-04 00:23:54 查询号码 【1986759】，GSD为【""】
2021-08-04 00:23:54 bad
2021-08-04 00:23:56 CHB 1986759?1628007834 第 1 次 等待 3 秒
2021-08-04 00:23:59 CHB 1986759?1628007834 第 1 次 获取到号码【1986759】GSD
2021-08-04 00:23:59 获取到号码【1986759】的GSD为【广东-江门】
2021-08-04 00:24:18 GSD insert 第 1 次 等待 3 秒
2021-08-04 00:24:21 {"status":"ok","gid":493570,"msg":"添加成功！"}
2021-08-04 00:24:21 下次操作: 2021-08-04 00:24:42

2021-08-04 00:24:42 开始第 29 次操作

2021-08-04 00:24:42 开始操作号码 【1986758】
2021-08-04 00:25:14 GSD getOne 第 1 次 等待 3 秒
2021-08-04 00:25:17 查询号码 【1986758】，返回信息 {"status":"bad","msg":""}
2021-08-04 00:25:17 查询号码 【1986758】，GSD为【""】
2021-08-04 00:25:17 bad
2021-08-04 00:25:19 CHB 1986758?1628007917 第 1 次 等待 3 秒
2021-08-04 00:25:22 CHB 1986758?1628007917 第 1 次 获取到号码【1986758】GSD
2021-08-04 00:25:22 获取到号码【1986758】的GSD为【广东-广州】
2021-08-04 00:25:37 GSD insert 第 1 次 等待 3 秒
2021-08-04 00:25:40 {"status":"ok","gid":493576,"msg":"添加成功！"}
2021-08-04 00:25:40 下次操作: 2021-08-04 00:26:03

2021-08-04 00:26:03 开始第 30 次操作

2021-08-04 00:26:03 开始操作号码 【1986757】
2021-08-04 00:26:17 GSD getOne 第 1 次 等待 3 秒
2021-08-04 00:26:20 查询号码 【1986757】，返回信息 {"status":"bad","msg":""}
2021-08-04 00:26:20 查询号码 【1986757】，GSD为【""】
2021-08-04 00:26:20 bad
2021-08-04 00:26:21 CHB 1986757?1628007980 第 1 次 等待 3 秒
2021-08-04 00:26:24 CHB 1986757?1628007980 第 1 次 获取到号码【1986757】GSD
2021-08-04 00:26:24 获取到号码【1986757】的GSD为【广东-广州】
2021-08-04 00:26:49 GSD insert 第 1 次 等待 3 秒
2021-08-04 00:26:52 {"status":"ok","gid":493582,"msg":"添加成功！"}
2021-08-04 00:26:52 下次操作: 2021-08-04 00:27:09

2021-08-04 00:27:09 开始第 31 次操作

2021-08-04 00:27:09 开始操作号码 【1986756】
2021-08-04 00:27:19 GSD getOne 第 1 次 等待 3 秒
2021-08-04 00:27:22 查询号码 【1986756】，返回信息 {"status":"bad","msg":""}
2021-08-04 00:27:22 查询号码 【1986756】，GSD为【""】
2021-08-04 00:27:22 bad
2021-08-04 00:27:24 CHB 1986756?1628008042 第 1 次 等待 3 秒
2021-08-04 00:27:27 CHB 1986756?1628008042 第 1 次 获取到号码【1986756】GSD
2021-08-04 00:27:27 获取到号码【1986756】的GSD为【广东-江门】
2021-08-04 00:27:41 GSD insert 第 1 次 等待 3 秒
2021-08-04 00:27:44 {"status":"ok","gid":493589,"msg":"添加成功！"}
2021-08-04 00:27:44 下次操作: 2021-08-04 00:27:58

2021-08-04 00:27:58 开始第 32 次操作

2021-08-04 00:27:58 开始操作号码 【1986755】
2021-08-04 00:28:13 GSD getOne 第 1 次 等待 3 秒
2021-08-04 00:28:16 查询号码 【1986755】，返回信息 {"status":"bad","msg":""}
2021-08-04 00:28:16 查询号码 【1986755】，GSD为【""】
2021-08-04 00:28:16 bad
2021-08-04 00:28:18 CHB 1986755?1628008096 第 1 次 等待 3 秒
2021-08-04 00:28:21 CHB 1986755?1628008096 第 1 次 获取到号码【1986755】GSD
2021-08-04 00:28:21 获取到号码【1986755】的GSD为【广东-河源】
2021-08-04 00:28:52 GSD insert 第 1 次 等待 3 秒
2021-08-04 00:28:55 {"status":"ok","gid":493598,"msg":"添加成功！"}
2021-08-04 00:28:55 下次操作: 2021-08-04 00:29:07

2021-08-04 00:29:07 开始第 33 次操作

2021-08-04 00:29:07 开始操作号码 【1986754】
2021-08-04 00:29:26 GSD getOne 第 1 次 等待 3 秒
2021-08-04 00:29:29 查询号码 【1986754】，返回信息 {"status":"bad","msg":""}
2021-08-04 00:29:29 查询号码 【1986754】，GSD为【""】
2021-08-04 00:29:29 bad
2021-08-04 00:29:30 CHB 1986754?1628008169 第 1 次 等待 3 秒
2021-08-04 00:29:33 CHB 1986754?1628008169 第 1 次 获取到号码【1986754】GSD
2021-08-04 00:29:33 获取到号码【1986754】的GSD为【广东-深圳】
2021-08-04 00:29:55 GSD insert 第 1 次 等待 3 秒
2021-08-04 00:29:58 {"status":"ok","gid":493604,"msg":"添加成功！"}
2021-08-04 00:29:58 下次操作: 2021-08-04 00:30:20

2021-08-04 00:30:20 开始第 34 次操作

2021-08-04 00:30:20 开始操作号码 【1986753】
2021-08-04 00:30:31 GSD getOne 第 1 次 等待 3 秒
2021-08-04 00:30:34 查询号码 【1986753】，返回信息 {"status":"bad","msg":""}
2021-08-04 00:30:34 查询号码 【1986753】，GSD为【""】
2021-08-04 00:30:34 bad
2021-08-04 00:30:36 CHB 1986753?1628008234 第 1 次 等待 3 秒
2021-08-04 00:30:39 CHB 1986753?1628008234 第 1 次 获取到号码【1986753】GSD
2021-08-04 00:30:39 获取到号码【1986753】的GSD为【广东-江门】
2021-08-04 00:30:46 GSD insert 第 1 次 等待 3 秒
2021-08-04 00:30:49 {"status":"ok","gid":493607,"msg":"添加成功！"}
2021-08-04 00:30:49 下次操作: 2021-08-04 00:31:11

2021-08-04 00:31:11 开始第 35 次操作

2021-08-04 00:31:11 开始操作号码 【1986752】
2021-08-04 00:31:22 GSD getOne 第 1 次 等待 3 秒
2021-08-04 00:31:25 查询号码 【1986752】，返回信息 {"status":"bad","msg":""}
2021-08-04 00:31:25 查询号码 【1986752】，GSD为【""】
2021-08-04 00:31:25 bad
2021-08-04 00:31:27 CHB 1986752?1628008285 第 1 次 等待 3 秒
2021-08-04 00:31:30 CHB 1986752?1628008285 第 1 次 获取到号码【1986752】GSD
2021-08-04 00:31:30 获取到号码【1986752】的GSD为【广东-江门】
2021-08-04 00:31:42 GSD insert 第 1 次 等待 3 秒
2021-08-04 00:31:45 {"status":"ok","gid":493614,"msg":"添加成功！"}
2021-08-04 00:31:45 下次操作: 2021-08-04 00:32:03

2021-08-04 00:32:03 开始第 36 次操作

2021-08-04 00:32:03 开始操作号码 【1986751】
2021-08-04 00:32:44 GSD getOne 第 1 次 等待 3 秒
2021-08-04 00:32:47 查询号码 【1986751】，返回信息 {"status":"bad","msg":""}
2021-08-04 00:32:47 查询号码 【1986751】，GSD为【""】
2021-08-04 00:32:47 bad
2021-08-04 00:32:50 CHB 1986751?1628008367 第 1 次 等待 3 秒
2021-08-04 00:32:53 CHB 1986751?1628008367 第 1 次 获取到号码【1986751】GSD
2021-08-04 00:32:53 获取到号码【1986751】的GSD为【广东-江门】
2021-08-04 00:33:03 GSD insert 第 1 次 等待 3 秒
2021-08-04 00:33:06 {"status":"ok","gid":493620,"msg":"添加成功！"}
2021-08-04 00:33:06 下次操作: 2021-08-04 00:33:18

2021-08-04 00:33:18 开始第 37 次操作

2021-08-04 00:33:18 开始操作号码 【1986750】
2021-08-04 00:33:37 GSD getOne 第 1 次 等待 3 秒
2021-08-04 00:33:40 查询号码 【1986750】，返回信息 {"status":"bad","msg":""}
2021-08-04 00:33:41 查询号码 【1986750】，GSD为【""】
2021-08-04 00:33:41 bad
2021-08-04 00:33:42 CHB 1986750?1628008421 第 1 次 等待 3 秒
2021-08-04 00:33:45 CHB 1986750?1628008421 第 1 次 获取到号码【1986750】GSD
2021-08-04 00:33:45 获取到号码【1986750】的GSD为【广东-江门】
2021-08-04 00:34:00 GSD insert 第 1 次 等待 3 秒
2021-08-04 00:34:03 {"status":"ok","gid":493626,"msg":"添加成功！"}
2021-08-04 00:34:03 下次操作: 2021-08-04 00:34:26

2021-08-04 00:34:26 开始第 38 次操作

2021-08-04 00:34:26 开始操作号码 【1986749】
2021-08-04 00:34:50 GSD getOne 第 1 次 等待 3 秒
2021-08-04 00:34:53 查询号码 【1986749】，返回信息 {"status":"bad","msg":""}
2021-08-04 00:34:53 查询号码 【1986749】，GSD为【""】
2021-08-04 00:34:53 bad
2021-08-04 00:34:55 CHB 1986749?1628008493 第 1 次 等待 3 秒
2021-08-04 00:34:58 CHB 1986749?1628008493 第 1 次 获取到号码【1986749】GSD
2021-08-04 00:34:58 获取到号码【1986749】的GSD为【广东-佛山】
2021-08-04 00:35:11 GSD insert 第 1 次 等待 3 秒
2021-08-04 00:35:14 {"status":"ok","gid":493632,"msg":"添加成功！"}
2021-08-04 00:35:14 下次操作: 2021-08-04 00:35:28

2021-08-04 00:35:28 开始第 39 次操作

2021-08-04 00:35:28 开始操作号码 【1986748】
2021-08-04 00:35:52 GSD getOne 第 1 次 等待 3 秒
2021-08-04 00:35:55 查询号码 【1986748】，返回信息 {"status":"bad","msg":""}
2021-08-04 00:35:55 查询号码 【1986748】，GSD为【""】
2021-08-04 00:35:55 bad
2021-08-04 00:35:57 CHB 1986748?1628008555 第 1 次 等待 3 秒
2021-08-04 00:36:00 CHB 1986748?1628008555 第 1 次 获取到号码【1986748】GSD
2021-08-04 00:36:00 获取到号码【1986748】的GSD为【广东-梅州】
2021-08-04 00:36:16 GSD insert 第 1 次 等待 3 秒
2021-08-04 00:36:19 {"status":"ok","gid":493640,"msg":"添加成功！"}
2021-08-04 00:36:19 下次操作: 2021-08-04 00:36:31

2021-08-04 00:36:32 开始第 40 次操作

2021-08-04 00:36:32 开始操作号码 【1986747】
2021-08-04 00:36:49 GSD getOne 第 1 次 等待 3 秒
2021-08-04 00:36:52 查询号码 【1986747】，返回信息 {"status":"bad","msg":""}
2021-08-04 00:36:52 查询号码 【1986747】，GSD为【""】
2021-08-04 00:36:52 bad
2021-08-04 00:36:54 CHB 1986747?1628008612 第 1 次 等待 3 秒
2021-08-04 00:36:57 CHB 1986747?1628008612 第 1 次 获取到号码【1986747】GSD
2021-08-04 00:36:57 获取到号码【1986747】的GSD为【广东-佛山】
2021-08-04 00:37:31 GSD insert 第 1 次 等待 3 秒
2021-08-04 00:37:34 {"status":"ok","gid":493647,"msg":"添加成功！"}

2021-08-04 01:09:14 开始第 1 次操作

2021-08-04 01:09:14 开始操作号码 【1986746】
2021-08-04 01:09:28 GSD getOne 第 1 次 等待 3 秒
2021-08-04 01:09:31 查询号码 【1986746】，返回信息 {"status":"bad","msg":""}
2021-08-04 01:09:31 查询号码 【1986746】，GSD为【""】
2021-08-04 01:09:31 bad
2021-08-04 01:09:33 CHB 1986746?1628010571 第 1 次 等待 3 秒
2021-08-04 01:09:36 CHB 1986746?1628010571 第 1 次 获取到号码【1986746】GSD
2021-08-04 01:09:36 获取到号码【1986746】的GSD为【广东-佛山】
2021-08-04 01:10:08 GSD insert 第 1 次 等待 3 秒
2021-08-04 01:10:11 {"status":"ok","gid":493687,"msg":"添加成功！"}
2021-08-04 01:10:12 下次操作: 2021-08-04 01:10:35

2021-08-04 01:10:35 开始第 2 次操作

2021-08-04 01:10:35 开始操作号码 【1986745】
2021-08-04 01:10:48 GSD getOne 第 1 次 等待 3 秒
2021-08-04 01:10:51 查询号码 【1986745】，返回信息 {"status":"bad","msg":""}
2021-08-04 01:10:51 查询号码 【1986745】，GSD为【""】
2021-08-04 01:10:51 bad
2021-08-04 01:10:53 CHB 1986745?1628010651 第 1 次 等待 3 秒
2021-08-04 01:10:56 CHB 1986745?1628010651 第 1 次 获取到号码【1986745】GSD
2021-08-04 01:10:56 获取到号码【1986745】的GSD为【广东-佛山】
2021-08-04 01:11:21 GSD insert 第 1 次 等待 3 秒
2021-08-04 01:11:24 {"status":"ok","gid":493691,"msg":"添加成功！"}
2021-08-04 01:11:24 下次操作: 2021-08-04 01:11:41

2021-08-04 01:11:41 开始第 3 次操作

2021-08-04 01:11:41 开始操作号码 【1986744】
2021-08-04 01:12:26 GSD getOne 第 1 次 等待 3 秒
2021-08-04 01:12:29 查询号码 【1986744】，返回信息 {"status":"bad","msg":""}
2021-08-04 01:12:29 查询号码 【1986744】，GSD为【""】
2021-08-04 01:12:29 bad
2021-08-04 01:12:31 CHB 1986744?1628010749 第 1 次 等待 3 秒
2021-08-04 01:12:34 CHB 1986744?1628010749 第 1 次 获取到号码【1986744】GSD
2021-08-04 01:12:34 获取到号码【1986744】的GSD为【广东-佛山】
2021-08-04 01:13:02 GSD insert 第 1 次 等待 3 秒
2021-08-04 01:13:05 {"status":"ok","gid":493697,"msg":"添加成功！"}
2021-08-04 01:13:05 下次操作: 2021-08-04 01:13:19

2021-08-04 01:13:19 开始第 4 次操作

2021-08-04 01:13:19 开始操作号码 【1986743】
2021-08-04 01:13:47 GSD getOne 第 1 次 等待 3 秒
2021-08-04 01:13:50 查询号码 【1986743】，返回信息 {"status":"bad","msg":""}
2021-08-04 01:13:50 查询号码 【1986743】，GSD为【""】
2021-08-04 01:13:50 bad
2021-08-04 01:13:51 CHB 1986743?1628010830 第 1 次 等待 3 秒
2021-08-04 01:13:54 CHB 1986743?1628010830 第 1 次 获取到号码【1986743】GSD
2021-08-04 01:13:54 获取到号码【1986743】的GSD为【广东-佛山】
2021-08-04 01:14:37 GSD insert 第 1 次 等待 3 秒
2021-08-04 01:14:40 {"status":"ok","gid":493701,"msg":"添加成功！"}
2021-08-04 01:14:40 下次操作: 2021-08-04 01:14:55

2021-08-04 01:14:55 开始第 5 次操作

2021-08-04 01:14:55 开始操作号码 【1986742】
2021-08-04 01:16:06 GSD getOne 第 1 次 等待 3 秒
2021-08-04 01:16:09 查询号码 【1986742】，返回信息 {"status":"bad","msg":""}
2021-08-04 01:16:09 查询号码 【1986742】，GSD为【""】
2021-08-04 01:16:09 bad
2021-08-04 01:16:11 CHB 1986742?1628010969 第 1 次 等待 3 秒
2021-08-04 01:16:14 CHB 1986742?1628010969 第 1 次 获取到号码【1986742】GSD
2021-08-04 01:16:14 获取到号码【1986742】的GSD为【广东-中山】
2021-08-04 01:16:47 GSD insert 第 1 次 等待 3 秒
2021-08-04 01:16:50 {"status":"ok","gid":493709,"msg":"添加成功！"}
2021-08-04 01:16:50 下次操作: 2021-08-04 01:17:11

2021-08-04 01:17:11 开始第 6 次操作

2021-08-04 01:17:11 开始操作号码 【1986741】
2021-08-04 01:17:24 GSD getOne 第 1 次 等待 3 秒
2021-08-04 01:17:27 查询号码 【1986741】，返回信息 {"status":"bad","msg":""}
2021-08-04 01:17:27 查询号码 【1986741】，GSD为【""】
2021-08-04 01:17:27 bad
2021-08-04 01:17:30 CHB 1986741?1628011047 第 1 次 等待 3 秒
2021-08-04 01:17:33 CHB 1986741?1628011047 第 1 次 获取到号码【1986741】GSD
2021-08-04 01:17:33 获取到号码【1986741】的GSD为【广东-茂名】
2021-08-04 01:18:21 GSD insert 第 1 次 等待 3 秒
2021-08-04 01:18:24 {"status":"ok","gid":493715,"msg":"添加成功！"}
2021-08-04 01:18:24 下次操作: 2021-08-04 01:18:43

2021-08-04 01:18:43 开始第 7 次操作

2021-08-04 01:18:43 开始操作号码 【1986740】
2021-08-04 01:19:02 GSD getOne 第 1 次 等待 3 秒
2021-08-04 01:19:05 查询号码 【1986740】，返回信息 {"status":"bad","msg":""}
2021-08-04 01:19:05 查询号码 【1986740】，GSD为【""】
2021-08-04 01:19:05 bad
2021-08-04 01:19:07 CHB 1986740?1628011145 第 1 次 等待 3 秒
2021-08-04 01:19:10 CHB 1986740?1628011145 第 1 次 获取到号码【1986740】GSD
2021-08-04 01:19:10 获取到号码【1986740】的GSD为【广东-珠海】
2021-08-04 01:19:39 GSD insert 第 1 次 等待 3 秒
2021-08-04 01:19:42 {"status":"ok","gid":493719,"msg":"添加成功！"}
2021-08-04 01:19:42 下次操作: 2021-08-04 01:19:58

2021-08-04 01:19:58 开始第 8 次操作

2021-08-04 01:19:58 开始操作号码 【1986739】
2021-08-04 01:20:20 GSD getOne 第 1 次 等待 3 秒
2021-08-04 01:20:23 查询号码 【1986739】，返回信息 {"status":"bad","msg":""}
2021-08-04 01:20:23 查询号码 【1986739】，GSD为【""】
2021-08-04 01:20:23 bad
2021-08-04 01:20:25 CHB 1986739?1628011223 第 1 次 等待 3 秒
2021-08-04 01:20:28 CHB 1986739?1628011223 第 1 次 获取到号码【1986739】GSD
2021-08-04 01:20:28 获取到号码【1986739】的GSD为【广东-揭阳】
2021-08-04 01:21:02 GSD insert 第 1 次 等待 3 秒
2021-08-04 01:21:05 {"status":"ok","gid":493724,"msg":"添加成功！"}
2021-08-04 01:21:05 下次操作: 2021-08-04 01:21:17

2021-08-04 01:21:17 开始第 9 次操作

2021-08-04 01:21:17 开始操作号码 【1986738】
2021-08-04 01:21:39 GSD getOne 第 1 次 等待 3 秒
2021-08-04 01:21:42 查询号码 【1986738】，返回信息 {"status":"bad","msg":""}
2021-08-04 01:21:43 查询号码 【1986738】，GSD为【""】
2021-08-04 01:21:43 bad
2021-08-04 01:21:45 CHB 1986738?1628011303 第 1 次 等待 3 秒
2021-08-04 01:21:48 CHB 1986738?1628011303 第 1 次 获取到号码【1986738】GSD
2021-08-04 01:21:48 获取到号码【1986738】的GSD为【广东-肇庆】
2021-08-04 01:22:13 GSD insert 第 1 次 等待 3 秒
2021-08-04 01:22:16 {"status":"ok","gid":493728,"msg":"添加成功！"}
2021-08-04 01:22:16 下次操作: 2021-08-04 01:22:38

2021-08-04 01:22:38 开始第 10 次操作

2021-08-04 01:22:38 开始操作号码 【1986737】
2021-08-04 01:22:48 GSD getOne 第 1 次 等待 3 秒
2021-08-04 01:22:51 查询号码 【1986737】，返回信息 {"status":"bad","msg":""}
2021-08-04 01:22:51 查询号码 【1986737】，GSD为【""】
2021-08-04 01:22:51 bad
2021-08-04 01:22:53 CHB 1986737?1628011371 第 1 次 等待 3 秒
2021-08-04 01:22:56 CHB 1986737?1628011371 第 1 次 获取到号码【1986737】GSD
2021-08-04 01:22:56 获取到号码【1986737】的GSD为【广东-广州】
2021-08-04 01:23:27 GSD insert 第 1 次 等待 3 秒
2021-08-04 01:23:30 {"status":"ok","gid":493733,"msg":"添加成功！"}
2021-08-04 01:23:30 下次操作: 2021-08-04 01:23:49

2021-08-04 01:23:49 开始第 11 次操作

2021-08-04 01:23:49 开始操作号码 【1986736】
2021-08-04 01:24:00 GSD getOne 第 1 次 等待 3 秒
2021-08-04 01:24:03 查询号码 【1986736】，返回信息 {"status":"bad","msg":""}
2021-08-04 01:24:03 查询号码 【1986736】，GSD为【""】
2021-08-04 01:24:03 bad
2021-08-04 01:24:05 CHB 1986736?1628011443 第 1 次 等待 3 秒
2021-08-04 01:24:08 CHB 1986736?1628011443 第 1 次 获取到号码【1986736】GSD
2021-08-04 01:24:08 获取到号码【1986736】的GSD为【广东-江门】
2021-08-04 01:24:37 GSD insert 第 1 次 等待 3 秒
2021-08-04 01:24:40 {"status":"ok","gid":493737,"msg":"添加成功！"}
2021-08-04 01:24:40 下次操作: 2021-08-04 01:25:02

2021-08-04 01:25:02 开始第 12 次操作

2021-08-04 01:25:02 开始操作号码 【1986735】
2021-08-04 01:25:36 GSD getOne 第 1 次 等待 3 秒
2021-08-04 01:25:39 查询号码 【1986735】，返回信息 {"status":"bad","msg":""}
2021-08-04 01:25:39 查询号码 【1986735】，GSD为【""】
2021-08-04 01:25:39 bad
2021-08-04 01:25:41 CHB 1986735?1628011539 第 1 次 等待 3 秒
2021-08-04 01:25:44 CHB 1986735?1628011539 第 1 次 获取到号码【1986735】GSD
2021-08-04 01:25:44 获取到号码【1986735】的GSD为【广东-江门】
2021-08-04 01:26:48 GSD insert 第 1 次 等待 3 秒
2021-08-04 01:26:51 {"status":"ok","gid":493746,"msg":"添加成功！"}
2021-08-04 01:26:51 下次操作: 2021-08-04 01:27:11

2021-08-04 01:27:11 开始第 13 次操作

2021-08-04 01:27:11 开始操作号码 【1986734】
2021-08-04 01:27:28 GSD getOne 第 1 次 等待 3 秒
2021-08-04 01:27:31 查询号码 【1986734】，返回信息 {"status":"bad","msg":""}
2021-08-04 01:27:32 查询号码 【1986734】，GSD为【""】
2021-08-04 01:27:32 bad
2021-08-04 01:27:38 CHB 1986734?1628011652 第 1 次 等待 3 秒
2021-08-04 01:27:41 CHB 1986734?1628011652 第 1 次 获取到号码【1986734】GSD
2021-08-04 01:27:41 获取到号码【1986734】的GSD为【广东-揭阳】
2021-08-04 01:28:00 GSD insert 第 1 次 等待 3 秒
2021-08-04 01:28:03 {"status":"ok","gid":493750,"msg":"添加成功！"}
2021-08-04 01:28:03 下次操作: 2021-08-04 01:28:17

2021-08-04 01:28:17 开始第 14 次操作

2021-08-04 01:28:17 开始操作号码 【1986733】
2021-08-04 01:28:36 GSD getOne 第 1 次 等待 3 秒
2021-08-04 01:28:39 查询号码 【1986733】，返回信息 {"status":"bad","msg":""}
2021-08-04 01:28:39 查询号码 【1986733】，GSD为【""】
2021-08-04 01:28:39 bad
2021-08-04 01:28:41 CHB 1986733?1628011719 第 1 次 等待 3 秒
2021-08-04 01:28:44 CHB 1986733?1628011719 第 1 次 获取到号码【1986733】GSD
2021-08-04 01:28:44 获取到号码【1986733】的GSD为【广东-河源】
2021-08-04 01:29:12 GSD insert 第 1 次 等待 3 秒
2021-08-04 01:29:15 {"status":"ok","gid":493755,"msg":"添加成功！"}
2021-08-04 01:29:15 下次操作: 2021-08-04 01:29:30

2021-08-04 01:29:30 开始第 15 次操作

2021-08-04 01:29:30 开始操作号码 【1986732】
2021-08-04 01:29:43 GSD getOne 第 1 次 等待 3 秒
2021-08-04 01:29:46 查询号码 【1986732】，返回信息 {"status":"bad","msg":""}
2021-08-04 01:29:46 查询号码 【1986732】，GSD为【""】
2021-08-04 01:29:46 bad
2021-08-04 01:29:48 CHB 1986732?1628011786 第 1 次 等待 3 秒
2021-08-04 01:29:51 CHB 1986732?1628011786 第 1 次 获取到号码【1986732】GSD
2021-08-04 01:29:51 获取到号码【1986732】的GSD为【广东-惠州】
2021-08-04 01:30:48 GSD insert 第 1 次 等待 3 秒
2021-08-04 01:30:51 {"status":"ok","gid":493759,"msg":"添加成功！"}
2021-08-04 01:30:51 下次操作: 2021-08-04 01:31:13

2021-08-04 01:31:13 开始第 16 次操作

2021-08-04 01:31:13 开始操作号码 【1986731】
2021-08-04 01:31:26 GSD getOne 第 1 次 等待 3 秒
2021-08-04 01:31:29 查询号码 【1986731】，返回信息 {"status":"bad","msg":""}
2021-08-04 01:31:29 查询号码 【1986731】，GSD为【""】
2021-08-04 01:31:29 bad
2021-08-04 01:31:31 CHB 1986731?1628011889 第 1 次 等待 3 秒
2021-08-04 01:31:34 CHB 1986731?1628011889 第 1 次 获取到号码【1986731】GSD
2021-08-04 01:31:34 获取到号码【1986731】的GSD为【广东-湛江】
2021-08-04 01:32:06 GSD insert 第 1 次 等待 3 秒
2021-08-04 01:32:09 {"status":"ok","gid":493763,"msg":"添加成功！"}
2021-08-04 01:32:09 下次操作: 2021-08-04 01:32:25

2021-08-04 01:32:25 开始第 17 次操作

2021-08-04 01:32:25 开始操作号码 【1986730】
2021-08-04 01:32:38 GSD getOne 第 1 次 等待 3 秒
2021-08-04 01:32:41 查询号码 【1986730】，返回信息 {"status":"bad","msg":""}
2021-08-04 01:32:41 查询号码 【1986730】，GSD为【""】
2021-08-04 01:32:41 bad
2021-08-04 01:32:43 CHB 1986730?1628011961 第 1 次 等待 3 秒
2021-08-04 01:32:46 CHB 1986730?1628011961 第 1 次 获取到号码【1986730】GSD
2021-08-04 01:32:46 获取到号码【1986730】的GSD为【广东-佛山】
2021-08-04 01:33:12 GSD insert 第 1 次 等待 3 秒
2021-08-04 01:33:15 {"status":"ok","gid":493768,"msg":"添加成功！"}
2021-08-04 01:33:15 下次操作: 2021-08-04 01:33:31

2021-08-04 01:33:31 开始第 18 次操作

2021-08-04 01:33:31 开始操作号码 【1986729】
2021-08-04 01:33:50 GSD getOne 第 1 次 等待 3 秒
2021-08-04 01:33:53 查询号码 【1986729】，返回信息 {"status":"bad","msg":""}
2021-08-04 01:33:53 查询号码 【1986729】，GSD为【""】
2021-08-04 01:33:53 bad
2021-08-04 01:33:54 CHB 1986729?1628012033 第 1 次 等待 3 秒
2021-08-04 01:33:57 CHB 1986729?1628012033 第 1 次 获取到号码【1986729】GSD
2021-08-04 01:33:57 获取到号码【1986729】的GSD为【广东-佛山】
2021-08-04 01:34:33 GSD insert 第 1 次 等待 3 秒
2021-08-04 01:34:36 {"status":"ok","gid":493771,"msg":"添加成功！"}
2021-08-04 01:34:36 下次操作: 2021-08-04 01:34:58

2021-08-04 01:34:58 开始第 19 次操作

2021-08-04 01:34:58 开始操作号码 【1986728】
2021-08-04 01:35:10 GSD getOne 第 1 次 等待 3 秒
2021-08-04 01:35:13 查询号码 【1986728】，返回信息 {"status":"bad","msg":""}
2021-08-04 01:35:13 查询号码 【1986728】，GSD为【""】
2021-08-04 01:35:13 bad
2021-08-04 01:35:15 CHB 1986728?1628012113 第 1 次 等待 3 秒
2021-08-04 01:35:18 CHB 1986728?1628012113 第 1 次 获取到号码【1986728】GSD
2021-08-04 01:35:18 获取到号码【1986728】的GSD为【广东-河源】
2021-08-04 01:35:53 GSD insert 第 1 次 等待 3 秒
2021-08-04 01:35:56 {"status":"ok","gid":493775,"msg":"添加成功！"}
2021-08-04 01:35:56 下次操作: 2021-08-04 01:36:15

2021-08-04 01:36:15 开始第 20 次操作

2021-08-04 01:36:15 开始操作号码 【1986727】
2021-08-04 01:36:27 GSD getOne 第 1 次 等待 3 秒
2021-08-04 01:36:30 查询号码 【1986727】，返回信息 {"status":"bad","msg":""}
2021-08-04 01:36:30 查询号码 【1986727】，GSD为【""】
2021-08-04 01:36:30 bad
2021-08-04 01:36:32 CHB 1986727?1628012190 第 1 次 等待 3 秒
2021-08-04 01:36:35 CHB 1986727?1628012190 第 1 次 获取到号码【1986727】GSD
2021-08-04 01:36:35 获取到号码【1986727】的GSD为【广东-揭阳】
2021-08-04 01:37:01 GSD insert 第 1 次 等待 3 秒
2021-08-04 01:37:04 {"status":"ok","gid":493780,"msg":"添加成功！"}
2021-08-04 01:37:04 下次操作: 2021-08-04 01:37:16

2021-08-04 01:37:16 开始第 21 次操作

2021-08-04 01:37:16 开始操作号码 【1986726】
2021-08-04 01:38:29 GSD getOne 第 1 次 等待 3 秒
2021-08-04 01:38:32 查询号码 【1986726】，返回信息 {"status":"bad","msg":""}
2021-08-04 01:38:32 查询号码 【1986726】，GSD为【""】
2021-08-04 01:38:32 bad
2021-08-04 01:38:34 CHB 1986726?1628012312 第 1 次 等待 3 秒
2021-08-04 01:38:37 CHB 1986726?1628012312 第 1 次 获取到号码【1986726】GSD
2021-08-04 01:38:37 获取到号码【1986726】的GSD为【广东-佛山】
2021-08-04 01:39:16 GSD insert 第 1 次 等待 3 秒
2021-08-04 01:39:19 {"status":"ok","gid":493787,"msg":"添加成功！"}
2021-08-04 01:39:19 下次操作: 2021-08-04 01:39:33

2021-08-04 01:39:33 开始第 22 次操作

2021-08-04 01:39:33 开始操作号码 【1986725】
2021-08-04 01:40:10 GSD getOne 第 1 次 等待 3 秒
2021-08-04 01:40:13 查询号码 【1986725】，返回信息 {"status":"bad","msg":""}
2021-08-04 01:40:13 查询号码 【1986725】，GSD为【""】
2021-08-04 01:40:13 bad
2021-08-04 01:40:14 CHB 1986725?1628012413 第 1 次 等待 3 秒
2021-08-04 01:40:17 CHB 1986725?1628012413 第 1 次 获取到号码【1986725】GSD
2021-08-04 01:40:17 获取到号码【1986725】的GSD为【广东-佛山】
2021-08-04 01:40:46 GSD insert 第 1 次 等待 3 秒
2021-08-04 01:40:49 {"status":"ok","gid":493792,"msg":"添加成功！"}
2021-08-04 01:40:49 下次操作: 2021-08-04 01:41:12

2021-08-04 01:41:12 开始第 23 次操作

2021-08-04 01:41:12 开始操作号码 【1986724】
2021-08-04 01:41:48 GSD getOne 第 1 次 等待 3 秒
2021-08-04 01:41:51 查询号码 【1986724】，返回信息 {"status":"bad","msg":""}
2021-08-04 01:41:51 查询号码 【1986724】，GSD为【""】
2021-08-04 01:41:51 bad
2021-08-04 01:41:52 CHB 1986724?1628012511 第 1 次 等待 3 秒
2021-08-04 01:41:55 CHB 1986724?1628012511 第 1 次 获取到号码【1986724】GSD
2021-08-04 01:41:55 获取到号码【1986724】的GSD为【广东-揭阳】
2021-08-04 01:42:30 GSD insert 第 1 次 等待 3 秒
2021-08-04 01:42:33 {"status":"ok","gid":493799,"msg":"添加成功！"}
2021-08-04 01:42:33 下次操作: 2021-08-04 01:42:56

2021-08-04 01:42:56 开始第 24 次操作

2021-08-04 01:42:56 开始操作号码 【1986723】
2021-08-04 01:43:12 GSD getOne 第 1 次 等待 3 秒
2021-08-04 01:43:15 查询号码 【1986723】，返回信息 {"status":"bad","msg":""}
2021-08-04 01:43:15 查询号码 【1986723】，GSD为【""】
2021-08-04 01:43:15 bad
2021-08-04 01:43:17 CHB 1986723?1628012595 第 1 次 等待 3 秒
2021-08-04 01:43:20 CHB 1986723?1628012595 第 1 次 获取到号码【1986723】GSD
2021-08-04 01:43:20 获取到号码【1986723】的GSD为【广东-佛山】
2021-08-04 01:43:46 GSD insert 第 1 次 等待 3 秒
2021-08-04 01:43:49 {"status":"ok","gid":493803,"msg":"添加成功！"}
2021-08-04 01:43:49 下次操作: 2021-08-04 01:44:07

2021-08-04 01:44:07 开始第 25 次操作

2021-08-04 01:44:07 开始操作号码 【1986722】
2021-08-04 01:44:19 GSD getOne 第 1 次 等待 3 秒
2021-08-04 01:44:22 查询号码 【1986722】，返回信息 {"status":"bad","msg":""}
2021-08-04 01:44:23 查询号码 【1986722】，GSD为【""】
2021-08-04 01:44:23 bad
2021-08-04 01:44:25 CHB 1986722?1628012663 第 1 次 等待 3 秒
2021-08-04 01:44:28 CHB 1986722?1628012663 第 1 次 获取到号码【1986722】GSD
2021-08-04 01:44:28 获取到号码【1986722】的GSD为【广东-河源】
2021-08-04 01:44:58 GSD insert 第 1 次 等待 3 秒
2021-08-04 01:45:01 {"status":"ok","gid":493808,"msg":"添加成功！"}
2021-08-04 01:45:01 下次操作: 2021-08-04 01:45:16

2021-08-04 01:45:16 开始第 26 次操作

2021-08-04 01:45:16 开始操作号码 【1986721】
2021-08-04 01:45:42 GSD getOne 第 1 次 等待 3 秒
2021-08-04 01:45:45 查询号码 【1986721】，返回信息 {"status":"bad","msg":""}
2021-08-04 01:45:45 查询号码 【1986721】，GSD为【""】
2021-08-04 01:45:45 bad
2021-08-04 01:45:47 CHB 1986721?1628012745 第 1 次 等待 3 秒
2021-08-04 01:45:50 CHB 1986721?1628012745 第 1 次 获取到号码【1986721】GSD
2021-08-04 01:45:50 获取到号码【1986721】的GSD为【广东-汕头】
2021-08-04 01:47:02 GSD insert 第 1 次 等待 3 秒
2021-08-04 01:47:05 {"status":"ok","gid":493816,"msg":"添加成功！"}
2021-08-04 01:47:05 下次操作: 2021-08-04 01:47:28

2021-08-04 01:47:28 开始第 27 次操作

2021-08-04 01:47:28 开始操作号码 【1986720】
2021-08-04 01:47:45 GSD getOne 第 1 次 等待 3 秒
2021-08-04 01:47:48 查询号码 【1986720】，返回信息 {"status":"bad","msg":""}
2021-08-04 01:47:48 查询号码 【1986720】，GSD为【""】
2021-08-04 01:47:48 bad
2021-08-04 01:47:50 CHB 1986720?1628012868 第 1 次 等待 3 秒
2021-08-04 01:47:53 CHB 1986720?1628012868 第 1 次 获取到号码【1986720】GSD
2021-08-04 01:47:53 获取到号码【1986720】的GSD为【广东-云浮】
2021-08-04 01:49:05 GSD insert 第 1 次 等待 3 秒
2021-08-04 01:49:08 {"status":"ok","gid":493826,"msg":"添加成功！"}
2021-08-04 01:49:08 下次操作: 2021-08-04 01:49:30

2021-08-04 01:49:30 开始第 28 次操作

2021-08-04 01:49:30 开始操作号码 【1986719】
2021-08-04 01:49:47 GSD getOne 第 1 次 等待 3 秒
2021-08-04 01:49:50 查询号码 【1986719】，返回信息 {"status":"bad","msg":""}
2021-08-04 01:49:50 查询号码 【1986719】，GSD为【""】
2021-08-04 01:49:50 bad
2021-08-04 01:49:52 CHB 1986719?1628012990 第 1 次 等待 3 秒
2021-08-04 01:49:55 CHB 1986719?1628012990 第 1 次 获取到号码【1986719】GSD
2021-08-04 01:49:55 获取到号码【1986719】的GSD为【广东-云浮】
2021-08-04 01:50:43 GSD insert 第 1 次 等待 3 秒
2021-08-04 01:50:46 {"status":"ok","gid":493832,"msg":"添加成功！"}
2021-08-04 01:50:46 下次操作: 2021-08-04 01:51:06

2021-08-04 01:51:06 开始第 29 次操作

2021-08-04 01:51:06 开始操作号码 【1986718】
2021-08-04 01:52:20 GSD getOne 第 1 次 等待 3 秒
2021-08-04 01:52:23 查询号码 【1986718】，返回信息 {"status":"bad","msg":""}
2021-08-04 01:52:23 查询号码 【1986718】，GSD为【""】
2021-08-04 01:52:23 bad
2021-08-04 01:52:25 CHB 1986718?1628013143 第 1 次 等待 3 秒
2021-08-04 01:52:28 CHB 1986718?1628013143 第 1 次 获取到号码【1986718】GSD
2021-08-04 01:52:28 获取到号码【1986718】的GSD为【广东-佛山】
2021-08-04 01:53:52 GSD insert 第 1 次 等待 3 秒
2021-08-04 01:53:55 {"status":"ok","gid":493846,"msg":"添加成功！"}
2021-08-04 01:53:55 下次操作: 2021-08-04 01:54:11

2021-08-04 01:54:11 开始第 30 次操作

2021-08-04 01:54:11 开始操作号码 【1986717】
2021-08-04 01:54:26 GSD getOne 第 1 次 等待 3 秒
2021-08-04 01:54:29 查询号码 【1986717】，返回信息 {"status":"bad","msg":""}
2021-08-04 01:54:29 查询号码 【1986717】，GSD为【""】
2021-08-04 01:54:29 bad
2021-08-04 01:54:31 CHB 1986717?1628013269 第 1 次 等待 3 秒
2021-08-04 01:54:34 CHB 1986717?1628013269 第 1 次 获取到号码【1986717】GSD
2021-08-04 01:54:34 获取到号码【1986717】的GSD为【广东-揭阳】
2021-08-04 01:56:43 GSD insert 第 1 次 等待 3 秒
2021-08-04 01:56:46 {"status":"ok","gid":493856,"msg":"添加成功！"}
2021-08-04 01:56:46 下次操作: 2021-08-04 01:57:05

2021-08-04 01:57:05 开始第 31 次操作

2021-08-04 01:57:05 开始操作号码 【1986716】
2021-08-04 01:57:33 GSD getOne 第 1 次 等待 3 秒
2021-08-04 01:57:36 查询号码 【1986716】，返回信息 {"status":"bad","msg":""}
2021-08-04 01:57:36 查询号码 【1986716】，GSD为【""】
2021-08-04 01:57:36 bad
2021-08-04 01:57:38 CHB 1986716?1628013456 第 1 次 等待 3 秒
2021-08-04 01:57:41 CHB 1986716?1628013456 第 1 次 获取到号码【1986716】GSD
2021-08-04 01:57:41 获取到号码【1986716】的GSD为【广东-惠州】
2021-08-04 01:58:21 GSD insert 第 1 次 等待 3 秒
2021-08-04 01:58:24 {"status":"ok","gid":493861,"msg":"添加成功！"}
2021-08-04 01:58:24 下次操作: 2021-08-04 01:58:41

2021-08-04 01:58:41 开始第 32 次操作

2021-08-04 01:58:41 开始操作号码 【1986715】
2021-08-04 01:59:07 GSD getOne 第 1 次 等待 3 秒
2021-08-04 01:59:10 查询号码 【1986715】，返回信息 {"status":"bad","msg":""}
2021-08-04 01:59:10 查询号码 【1986715】，GSD为【""】
2021-08-04 01:59:10 bad
2021-08-04 01:59:12 CHB 1986715?1628013550 第 1 次 等待 3 秒
2021-08-04 01:59:15 CHB 1986715?1628013550 第 1 次 获取到号码【1986715】GSD
2021-08-04 01:59:15 获取到号码【1986715】的GSD为【广东-惠州】
2021-08-04 02:00:06 GSD insert 第 1 次 等待 3 秒
2021-08-04 02:00:09 {"status":"ok","gid":493870,"msg":"添加成功！"}
2021-08-04 02:00:09 下次操作: 2021-08-04 02:00:29

2021-08-04 02:00:29 开始第 33 次操作

2021-08-04 02:00:29 开始操作号码 【1986714】
2021-08-04 02:01:14 GSD getOne 第 1 次 等待 3 秒
2021-08-04 02:01:17 查询号码 【1986714】，返回信息 {"status":"bad","msg":""}
2021-08-04 02:01:18 查询号码 【1986714】，GSD为【""】
2021-08-04 02:01:18 bad
2021-08-04 02:01:19 CHB 1986714?1628013678 第 1 次 等待 3 秒
2021-08-04 02:01:22 CHB 1986714?1628013678 第 1 次 获取到号码【1986714】GSD
2021-08-04 02:01:22 获取到号码【1986714】的GSD为【广东-揭阳】
2021-08-04 02:02:02 GSD insert 第 1 次 等待 3 秒
2021-08-04 02:02:05 {"status":"ok","gid":493877,"msg":"添加成功！"}
2021-08-04 02:02:05 下次操作: 2021-08-04 02:02:17

2021-08-04 02:02:17 开始第 34 次操作

2021-08-04 02:02:17 开始操作号码 【1986713】
2021-08-04 02:02:49 GSD getOne 第 1 次 等待 3 秒
2021-08-04 02:02:52 查询号码 【1986713】，返回信息 {"status":"bad","msg":""}
2021-08-04 02:02:52 查询号码 【1986713】，GSD为【""】
2021-08-04 02:02:52 bad
2021-08-04 02:02:54 CHB 1986713?1628013772 第 1 次 等待 3 秒
2021-08-04 02:02:57 CHB 1986713?1628013772 第 1 次 获取到号码【1986713】GSD
2021-08-04 02:02:57 获取到号码【1986713】的GSD为【广东-惠州】
2021-08-04 02:03:44 GSD insert 第 1 次 等待 3 秒
2021-08-04 02:03:47 {"status":"ok","gid":493882,"msg":"添加成功！"}
2021-08-04 02:03:47 下次操作: 2021-08-04 02:04:02

2021-08-04 02:04:02 开始第 35 次操作

2021-08-04 02:04:02 开始操作号码 【1986712】
2021-08-04 02:04:47 GSD getOne 第 1 次 等待 3 秒
2021-08-04 02:04:50 查询号码 【1986712】，返回信息 {"status":"bad","msg":""}
2021-08-04 02:04:50 查询号码 【1986712】，GSD为【""】
2021-08-04 02:04:50 bad
2021-08-04 02:04:52 CHB 1986712?1628013890 第 1 次 等待 3 秒
2021-08-04 02:04:55 CHB 1986712?1628013890 第 1 次 获取到号码【1986712】GSD
2021-08-04 02:04:55 获取到号码【1986712】的GSD为【广东-惠州】
2021-08-04 02:05:29 GSD insert 第 1 次 等待 3 秒
2021-08-04 02:05:32 {"status":"ok","gid":493889,"msg":"添加成功！"}
2021-08-04 02:05:32 下次操作: 2021-08-04 02:05:47

2021-08-04 02:05:47 开始第 36 次操作

2021-08-04 02:05:47 开始操作号码 【1986711】
2021-08-04 02:06:17 GSD getOne 第 1 次 等待 3 秒
2021-08-04 02:06:20 查询号码 【1986711】，返回信息 {"status":"bad","msg":""}
2021-08-04 02:06:20 查询号码 【1986711】，GSD为【""】
2021-08-04 02:06:20 bad
2021-08-04 02:06:22 CHB 1986711?1628013980 第 1 次 等待 3 秒
2021-08-04 02:06:25 CHB 1986711?1628013980 第 1 次 获取到号码【1986711】GSD
2021-08-04 02:06:25 获取到号码【1986711】的GSD为【广东-河源】
2021-08-04 02:07:04 GSD insert 第 1 次 等待 3 秒
2021-08-04 02:07:07 {"status":"ok","gid":493895,"msg":"添加成功！"}
2021-08-04 02:07:07 下次操作: 2021-08-04 02:07:30

2021-08-04 02:07:30 开始第 37 次操作

2021-08-04 02:07:30 开始操作号码 【1986710】
2021-08-04 02:07:50 GSD getOne 第 1 次 等待 3 秒
2021-08-04 02:07:53 查询号码 【1986710】，返回信息 {"status":"bad","msg":""}
2021-08-04 02:07:53 查询号码 【1986710】，GSD为【""】
2021-08-04 02:07:53 bad
2021-08-04 02:07:55 CHB 1986710?1628014073 第 1 次 等待 3 秒
2021-08-04 02:07:58 CHB 1986710?1628014073 第 1 次 获取到号码【1986710】GSD
2021-08-04 02:07:58 获取到号码【1986710】的GSD为【广东-惠州】
2021-08-04 02:08:28 GSD insert 第 1 次 等待 3 秒
2021-08-04 02:08:31 {"status":"ok","gid":493900,"msg":"添加成功！"}
2021-08-04 02:08:31 下次操作: 2021-08-04 02:08:43

2021-08-04 02:08:43 开始第 38 次操作

2021-08-04 02:08:43 开始操作号码 【1986709】
2021-08-04 02:09:35 GSD getOne 第 1 次 等待 3 秒
2021-08-04 02:09:38 查询号码 【1986709】，返回信息 {"status":"bad","msg":""}
2021-08-04 02:09:38 查询号码 【1986709】，GSD为【""】
2021-08-04 02:09:38 bad
2021-08-04 02:09:40 CHB 1986709?1628014178 第 1 次 等待 3 秒
2021-08-04 02:09:43 CHB 1986709?1628014178 第 1 次 获取到号码【1986709】GSD
2021-08-04 02:09:43 获取到号码【1986709】的GSD为【广东-揭阳】
2021-08-04 02:10:44 GSD insert 第 1 次 等待 3 秒
2021-08-04 02:10:47 {"status":"ok","gid":493907,"msg":"添加成功！"}
2021-08-04 02:10:47 下次操作: 2021-08-04 02:10:59

2021-08-04 02:10:59 开始第 39 次操作

2021-08-04 02:10:59 开始操作号码 【1986708】
2021-08-04 02:11:50 GSD getOne 第 1 次 等待 3 秒
2021-08-04 02:11:53 查询号码 【1986708】，返回信息 {"status":"bad","msg":""}
2021-08-04 02:11:53 查询号码 【1986708】，GSD为【""】
2021-08-04 02:11:53 bad
2021-08-04 02:11:54 CHB 1986708?1628014313 第 1 次 等待 3 秒
2021-08-04 02:11:57 CHB 1986708?1628014313 第 1 次 获取到号码【1986708】GSD
2021-08-04 02:11:57 获取到号码【1986708】的GSD为【广东-深圳】
2021-08-04 02:12:52 GSD insert 第 1 次 等待 3 秒
2021-08-04 02:12:55 {"status":"ok","gid":493915,"msg":"添加成功！"}
2021-08-04 02:12:55 下次操作: 2021-08-04 02:13:19

2021-08-04 02:13:19 开始第 40 次操作

2021-08-04 02:13:19 开始操作号码 【1986707】
2021-08-04 02:13:48 GSD getOne 第 1 次 等待 3 秒
2021-08-04 02:13:51 查询号码 【1986707】，返回信息 {"status":"bad","msg":""}
2021-08-04 02:13:52 查询号码 【1986707】，GSD为【""】
2021-08-04 02:13:52 bad
2021-08-04 02:13:53 CHB 1986707?1628014432 第 1 次 等待 3 秒
2021-08-04 02:13:56 CHB 1986707?1628014432 第 1 次 获取到号码【1986707】GSD
2021-08-04 02:13:56 获取到号码【1986707】的GSD为【广东-揭阳】
2021-08-04 02:14:25 GSD insert 第 1 次 等待 3 秒
2021-08-04 02:14:28 {"status":"ok","gid":493919,"msg":"添加成功！"}

