2024-04-15 06:09:23 开始第 3621 次操作

2024-04-15 06:09:23 开始操作号码 【1633539】
2024-04-15 06:09:28 GSD getOne 第 1 次 等待 3 秒
2024-04-15 06:09:31 查询号码 【1633539】，返回信息 {"status":"ok","msg":"-","gid":"589617","time_insert":"2023-03-14 06:14"}
2024-04-15 06:09:31 查询号码 【1633539】，GSD为【"-"】
2024-04-15 06:09:31 ok && -
2024-04-15 06:09:34 CHB 1633539?1713132571 第 1 次 等待 3 秒
2024-04-15 06:09:37 CHB 1633539?1713132571 第 1 次 获取到号码【1633539】GSD
2024-04-15 06:09:37 未获取到号码【1633539】GSD，可能号码格式错误
2024-04-15 06:09:37 获取到号码【1633539】的GSD为【-】
2024-04-15 06:09:42 GSD insert 第 1 次 等待 3 秒
2024-04-15 06:09:45 {"status":"bad","gid":"589617","msg":"添加失败！号码【1633539(-|-)】已存在！"}
2024-04-15 06:09:45 随机等待 151 秒，约 2 分钟
2024-04-15 06:09:45 下次操作: 2024-04-15 06:12:16

2024-04-15 06:12:16 开始第 3622 次操作

2024-04-15 06:12:16 开始操作号码 【1633540】
2024-04-15 06:12:27 GSD getOne 第 1 次 等待 3 秒
2024-04-15 06:12:30 查询号码 【1633540】，返回信息 {"status":"ok","msg":"-","gid":"589648","time_insert":"2023-03-14 06:34"}
2024-04-15 06:12:30 查询号码 【1633540】，GSD为【"-"】
2024-04-15 06:12:30 ok && -
2024-04-15 06:12:33 CHB 1633540?1713132750 第 1 次 等待 3 秒
2024-04-15 06:12:36 CHB 1633540?1713132750 第 1 次 获取到号码【1633540】GSD
2024-04-15 06:12:36 未获取到号码【1633540】GSD，可能号码格式错误
2024-04-15 06:12:36 获取到号码【1633540】的GSD为【-】
2024-04-15 06:12:41 GSD insert 第 1 次 等待 3 秒
2024-04-15 06:12:44 {"status":"bad","gid":"589648","msg":"添加失败！号码【1633540(-|-)】已存在！"}
2024-04-15 06:12:44 随机等待 111 秒，约 1 分钟
2024-04-15 06:12:44 下次操作: 2024-04-15 06:14:35

2024-04-15 06:14:35 开始第 3623 次操作

2024-04-15 06:14:35 开始操作号码 【1633541】
2024-04-15 06:14:40 GSD getOne 第 1 次 等待 3 秒
2024-04-15 06:14:43 查询号码 【1633541】，返回信息 {"status":"ok","msg":"-","gid":"589674","time_insert":"2023-03-14 06:51"}
2024-04-15 06:14:43 查询号码 【1633541】，GSD为【"-"】
2024-04-15 06:14:43 ok && -
2024-04-15 06:14:46 CHB 1633541?1713132883 第 1 次 等待 3 秒
2024-04-15 06:14:49 CHB 1633541?1713132883 第 1 次 获取到号码【1633541】GSD
2024-04-15 06:14:49 未获取到号码【1633541】GSD，可能号码格式错误
2024-04-15 06:14:49 获取到号码【1633541】的GSD为【-】
2024-04-15 06:14:55 GSD insert 第 1 次 等待 3 秒
2024-04-15 06:14:58 {"status":"bad","gid":"589674","msg":"添加失败！号码【1633541(-|-)】已存在！"}
2024-04-15 06:14:58 随机等待 232 秒，约 3 分钟
2024-04-15 06:14:58 下次操作: 2024-04-15 06:18:50

2024-04-15 06:18:50 开始第 3624 次操作

2024-04-15 06:18:50 开始操作号码 【1633542】
2024-04-15 06:18:55 GSD getOne 第 1 次 等待 3 秒
2024-04-15 06:18:58 查询号码 【1633542】，返回信息 {"status":"ok","msg":"-","gid":"589700","time_insert":"2023-03-14 07:11"}
2024-04-15 06:18:58 查询号码 【1633542】，GSD为【"-"】
2024-04-15 06:18:58 ok && -
2024-04-15 06:19:01 CHB 1633542?1713133138 第 1 次 等待 3 秒
2024-04-15 06:19:04 CHB 1633542?1713133138 第 1 次 获取到号码【1633542】GSD
2024-04-15 06:19:04 未获取到号码【1633542】GSD，可能号码格式错误
2024-04-15 06:19:04 获取到号码【1633542】的GSD为【-】
2024-04-15 06:19:13 GSD insert 第 1 次 等待 3 秒
2024-04-15 06:19:16 {"status":"bad","gid":"589700","msg":"添加失败！号码【1633542(-|-)】已存在！"}

