2023-10-30 00:20:21 开始第 5753 次操作

2023-10-30 00:20:21 开始操作号码 【1955671】
2023-10-30 00:20:24 GSD getOne 第 1 次 等待 3 秒
2023-10-30 00:20:27 查询号码 【1955671】，返回信息 {"status":"ok","msg":"安徽-亳州","gid":"495094","time_insert":"2021-08-04 07:35"}
2023-10-30 00:20:27 查询号码 【1955671】，GSD为【"安徽-亳州"】

2023-10-30 00:20:28 开始第 5754 次操作

2023-10-30 00:20:28 开始操作号码 【1955672】
2023-10-30 00:20:34 GSD getOne 第 1 次 等待 3 秒
2023-10-30 00:20:37 查询号码 【1955672】，返回信息 {"status":"ok","msg":"安徽-亳州","gid":"495086","time_insert":"2021-08-04 07:34"}
2023-10-30 00:20:37 查询号码 【1955672】，GSD为【"安徽-亳州"】

2023-10-30 00:20:38 开始第 5755 次操作

2023-10-30 00:20:38 开始操作号码 【1955673】
2023-10-30 00:20:41 GSD getOne 第 1 次 等待 3 秒
2023-10-30 00:20:44 查询号码 【1955673】，返回信息 {"status":"ok","msg":"安徽-亳州","gid":"495082","time_insert":"2021-08-04 07:32"}
2023-10-30 00:20:44 查询号码 【1955673】，GSD为【"安徽-亳州"】

2023-10-30 00:20:45 开始第 5756 次操作

2023-10-30 00:20:45 开始操作号码 【1955674】
2023-10-30 00:20:51 GSD getOne 第 1 次 等待 3 秒
2023-10-30 00:20:54 查询号码 【1955674】，返回信息 {"status":"ok","msg":"安徽-宿州","gid":"495077","time_insert":"2021-08-04 07:31"}
2023-10-30 00:20:55 查询号码 【1955674】，GSD为【"安徽-宿州"】

