2024-07-14 00:20:52 开始第 5817 次操作

2024-07-14 00:20:52 开始操作号码 【1525719】
2024-07-14 00:21:01 GSD getOne 第 1 次 等待 3 秒
2024-07-14 00:21:04 查询号码 【1525719】，返回信息 {"status":"ok","msg":"浙江-杭州","gid":"396232","time_insert":"2021-07-26 02:02","time_update":"2021-07-29 04:57"}
2024-07-14 00:21:04 查询号码 【1525719】，GSD为【"浙江-杭州"】

2024-07-14 00:21:05 开始第 5818 次操作

2024-07-14 00:21:05 开始操作号码 【1525720】
2024-07-14 00:21:13 GSD getOne 第 1 次 等待 3 秒
2024-07-14 00:21:16 查询号码 【1525720】，返回信息 {"status":"ok","msg":"浙江-湖州","gid":"19418","time_insert":"2017-04-19 11:23","time_update":"2020-08-31 15:43"}
2024-07-14 00:21:16 查询号码 【1525720】，GSD为【"浙江-湖州"】

2024-07-14 00:21:17 开始第 5819 次操作

2024-07-14 00:21:17 开始操作号码 【1525721】
2024-07-14 00:21:26 GSD getOne 第 1 次 等待 3 秒
2024-07-14 00:21:29 查询号码 【1525721】，返回信息 {"status":"ok","msg":"浙江-湖州","gid":"396219","time_insert":"2021-07-26 02:02"}
2024-07-14 00:21:29 查询号码 【1525721】，GSD为【"浙江-湖州"】

2024-07-14 00:21:30 开始第 5820 次操作

2024-07-14 00:21:30 开始操作号码 【1525722】
2024-07-14 00:21:41 GSD getOne 第 1 次 等待 3 秒
2024-07-14 00:21:44 查询号码 【1525722】，返回信息 {"status":"ok","msg":"浙江-湖州","gid":"396212","time_insert":"2021-07-26 02:01"}
2024-07-14 00:21:44 查询号码 【1525722】，GSD为【"浙江-湖州"】

