2024-03-17 00:18:22 开始第 9205 次操作

2024-03-17 00:18:22 开始操作号码 【1749123】
2024-03-17 00:18:29 GSD getOne 第 1 次 等待 3 秒
2024-03-17 00:18:32 查询号码 【1749123】，返回信息 {"status":"ok","msg":"-","gid":"262446","time_insert":"2021-07-13 04:42"}
2024-03-17 00:18:32 查询号码 【1749123】，GSD为【"-"】
2024-03-17 00:18:32 ok && -
2024-03-17 00:18:35 CHB 1749123?1710605912 第 1 次 等待 3 秒
2024-03-17 00:18:38 CHB 1749123?1710605912 第 1 次 获取到号码【1749123】GSD
2024-03-17 00:18:38 未获取到号码【1749123】GSD，可能号码格式错误
2024-03-17 00:18:38 获取到号码【1749123】的GSD为【-】
2024-03-17 00:18:42 GSD insert 第 1 次 等待 3 秒
2024-03-17 00:18:45 {"status":"bad","gid":"262446","msg":"添加失败！号码【1749123(-|-)】已存在！"}
2024-03-17 00:18:45 随机等待 210 秒，约 3 分钟
2024-03-17 00:18:45 下次操作: 2024-03-17 00:22:15

2024-03-17 00:22:15 开始第 9206 次操作

2024-03-17 00:22:15 开始操作号码 【1749124】
2024-03-17 00:22:20 GSD getOne 第 1 次 等待 3 秒
2024-03-17 00:22:23 查询号码 【1749124】，返回信息 {"status":"ok","msg":"-","gid":"262460","time_insert":"2021-07-13 04:43"}
2024-03-17 00:22:23 查询号码 【1749124】，GSD为【"-"】
2024-03-17 00:22:23 ok && -
2024-03-17 00:22:26 CHB 1749124?1710606143 第 1 次 等待 3 秒
2024-03-17 00:22:29 CHB 1749124?1710606143 第 1 次 获取到号码【1749124】GSD
2024-03-17 00:22:29 未获取到号码【1749124】GSD，可能号码格式错误
2024-03-17 00:22:29 获取到号码【1749124】的GSD为【-】
2024-03-17 00:22:34 GSD insert 第 1 次 等待 3 秒
2024-03-17 00:22:37 {"status":"bad","gid":"262460","msg":"添加失败！号码【1749124(-|-)】已存在！"}
2024-03-17 00:22:37 随机等待 190 秒，约 3 分钟
2024-03-17 00:22:37 下次操作: 2024-03-17 00:25:47

2024-03-17 00:25:47 开始第 9207 次操作

2024-03-17 00:25:47 开始操作号码 【1749125】
2024-03-17 00:25:53 GSD getOne 第 1 次 等待 3 秒
2024-03-17 00:25:56 查询号码 【1749125】，返回信息 {"status":"ok","msg":"-","gid":"262476","time_insert":"2021-07-13 04:44"}
2024-03-17 00:25:56 查询号码 【1749125】，GSD为【"-"】
2024-03-17 00:25:56 ok && -
2024-03-17 00:25:59 CHB 1749125?1710606356 第 1 次 等待 3 秒
2024-03-17 00:26:02 CHB 1749125?1710606356 第 1 次 获取到号码【1749125】GSD
2024-03-17 00:26:02 未获取到号码【1749125】GSD，可能号码格式错误
2024-03-17 00:26:02 获取到号码【1749125】的GSD为【-】
2024-03-17 00:26:06 GSD insert 第 1 次 等待 3 秒
2024-03-17 00:26:09 {"status":"bad","gid":"262476","msg":"添加失败！号码【1749125(-|-)】已存在！"}
2024-03-17 00:26:09 随机等待 178 秒，约 2 分钟
2024-03-17 00:26:09 下次操作: 2024-03-17 00:29:07

2024-03-17 00:29:07 开始第 9208 次操作

2024-03-17 00:29:07 开始操作号码 【1749126】
2024-03-17 00:29:12 GSD getOne 第 1 次 等待 3 秒
2024-03-17 00:29:15 查询号码 【1749126】，返回信息 {"status":"ok","msg":"-","gid":"262487","time_insert":"2021-07-13 04:45"}
2024-03-17 00:29:15 查询号码 【1749126】，GSD为【"-"】
2024-03-17 00:29:15 ok && -
2024-03-17 00:29:18 CHB 1749126?1710606555 第 1 次 等待 3 秒
2024-03-17 00:29:21 CHB 1749126?1710606555 第 1 次 获取到号码【1749126】GSD
2024-03-17 00:29:21 未获取到号码【1749126】GSD，可能号码格式错误
2024-03-17 00:29:21 获取到号码【1749126】的GSD为【-】
2024-03-17 00:29:29 GSD insert 第 1 次 等待 3 秒
2024-03-17 00:29:32 {"status":"bad","gid":"262487","msg":"添加失败！号码【1749126(-|-)】已存在！"}

