2024-08-23 00:12:07 开始第 649 次操作

2024-08-23 00:12:07 开始操作号码 【1410648】
2024-08-23 00:12:21 GSD getOne 第 1 次 等待 3 秒
2024-08-23 00:12:24 查询号码 【1410648】，返回信息 {"status":"ok","msg":"-","gid":"527246","time_insert":"2023-02-12 09:57"}
2024-08-23 00:12:24 查询号码 【1410648】，GSD为【"-"】
2024-08-23 00:12:24 ok && -
2024-08-23 00:12:26 CHB 1410648?1724343144 第 1 次 等待 3 秒
2024-08-23 00:12:29 CHB 1410648?1724343144 第 1 次 获取到号码【1410648】GSD
2024-08-23 00:12:29 未获取到号码【1410648】GSD，可能号码格式错误
2024-08-23 00:12:29 获取到号码【1410648】的GSD为【-】
2024-08-23 00:12:37 GSD insert 第 1 次 等待 3 秒
2024-08-23 00:12:40 {"status":"bad","gid":"527246","msg":"添加失败！号码【1410648(-|-)】已存在！"}
2024-08-23 00:12:40 随机等待 163 秒，约 2 分钟
2024-08-23 00:12:40 下次操作: 2024-08-23 00:15:23

2024-08-23 00:15:23 开始第 650 次操作

2024-08-23 00:15:23 开始操作号码 【1410649】
2024-08-23 00:15:34 GSD getOne 第 1 次 等待 3 秒
2024-08-23 00:15:37 查询号码 【1410649】，返回信息 {"status":"ok","msg":"-","gid":"527261","time_insert":"2023-02-12 10:10"}
2024-08-23 00:15:37 查询号码 【1410649】，GSD为【"-"】
2024-08-23 00:15:37 ok && -
2024-08-23 00:15:39 CHB 1410649?1724343337 第 1 次 等待 3 秒
2024-08-23 00:15:42 CHB 1410649?1724343337 第 1 次 获取到号码【1410649】GSD
2024-08-23 00:15:42 未获取到号码【1410649】GSD，可能号码格式错误
2024-08-23 00:15:42 获取到号码【1410649】的GSD为【-】
2024-08-23 00:15:50 GSD insert 第 1 次 等待 3 秒
2024-08-23 00:15:53 {"status":"bad","gid":"527261","msg":"添加失败！号码【1410649(-|-)】已存在！"}
2024-08-23 00:15:53 随机等待 138 秒，约 2 分钟
2024-08-23 00:15:53 下次操作: 2024-08-23 00:18:11

2024-08-23 00:18:11 开始第 651 次操作

2024-08-23 00:18:11 开始操作号码 【1410650】
2024-08-23 00:18:20 GSD getOne 第 1 次 等待 3 秒
2024-08-23 00:18:23 查询号码 【1410650】，返回信息 {"status":"ok","msg":"-","gid":"527277","time_insert":"2023-02-12 10:24"}
2024-08-23 00:18:23 查询号码 【1410650】，GSD为【"-"】
2024-08-23 00:18:23 ok && -
2024-08-23 00:18:25 CHB 1410650?1724343503 第 1 次 等待 3 秒
2024-08-23 00:18:28 CHB 1410650?1724343503 第 1 次 获取到号码【1410650】GSD
2024-08-23 00:18:28 未获取到号码【1410650】GSD，可能号码格式错误
2024-08-23 00:18:28 获取到号码【1410650】的GSD为【-】
2024-08-23 00:18:36 GSD insert 第 1 次 等待 3 秒
2024-08-23 00:18:39 {"status":"bad","gid":"527277","msg":"添加失败！号码【1410650(-|-)】已存在！"}
2024-08-23 00:18:39 随机等待 206 秒，约 3 分钟
2024-08-23 00:18:39 下次操作: 2024-08-23 00:22:05

2024-08-23 00:22:05 开始第 652 次操作

2024-08-23 00:22:05 开始操作号码 【1410651】
2024-08-23 00:22:16 GSD getOne 第 1 次 等待 3 秒
2024-08-23 00:22:19 查询号码 【1410651】，返回信息 {"status":"ok","msg":"-","gid":"527289","time_insert":"2023-02-12 10:36"}
2024-08-23 00:22:19 查询号码 【1410651】，GSD为【"-"】
2024-08-23 00:22:19 ok && -
2024-08-23 00:22:21 CHB 1410651?1724343739 第 1 次 等待 3 秒
2024-08-23 00:22:24 CHB 1410651?1724343739 第 1 次 获取到号码【1410651】GSD
2024-08-23 00:22:24 未获取到号码【1410651】GSD，可能号码格式错误
2024-08-23 00:22:24 获取到号码【1410651】的GSD为【-】
2024-08-23 00:22:41 GSD insert 第 1 次 等待 3 秒
2024-08-23 00:22:44 {"status":"bad","gid":"527289","msg":"添加失败！号码【1410651(-|-)】已存在！"}

