2023-11-07 00:22:40 开始第 7161 次操作

2023-11-07 00:22:40 开始操作号码 【1957079】
2023-11-07 00:22:46 GSD getOne 第 1 次 等待 3 秒
2023-11-07 00:22:49 查询号码 【1957079】，返回信息 {"status":"ok","msg":"甘肃-天水","gid":"481054","time_insert":"2021-08-02 16:49"}
2023-11-07 00:22:49 查询号码 【1957079】，GSD为【"甘肃-天水"】

2023-11-07 00:22:50 开始第 7162 次操作

2023-11-07 00:22:50 开始操作号码 【1957080】
2023-11-07 00:22:55 GSD getOne 第 1 次 等待 3 秒
2023-11-07 00:22:58 查询号码 【1957080】，返回信息 {"status":"ok","msg":"贵州-安顺","gid":"481037","time_insert":"2021-08-02 16:48"}
2023-11-07 00:22:58 查询号码 【1957080】，GSD为【"贵州-安顺"】

2023-11-07 00:22:59 开始第 7163 次操作

2023-11-07 00:22:59 开始操作号码 【1957081】
2023-11-07 00:23:02 GSD getOne 第 1 次 等待 3 秒
2023-11-07 00:23:05 查询号码 【1957081】，返回信息 {"status":"ok","msg":"贵州-安顺","gid":"481027","time_insert":"2021-08-02 16:47"}
2023-11-07 00:23:05 查询号码 【1957081】，GSD为【"贵州-安顺"】

2023-11-07 00:23:06 开始第 7164 次操作

2023-11-07 00:23:06 开始操作号码 【1957082】
2023-11-07 00:23:09 GSD getOne 第 1 次 等待 3 秒
2023-11-07 00:23:12 查询号码 【1957082】，返回信息 {"status":"ok","msg":"贵州-安顺","gid":"481015","time_insert":"2021-08-02 16:46"}
2023-11-07 00:23:12 查询号码 【1957082】，GSD为【"贵州-安顺"】

2023-11-07 00:42:00 开始第 7165 次操作

2023-11-07 00:42:00 开始操作号码 【1957083】
2023-11-07 00:42:04 GSD getOne 第 1 次 等待 3 秒
2023-11-07 00:42:07 查询号码 【1957083】，返回信息 {"status":"ok","msg":"贵州-安顺","gid":"481001","time_insert":"2021-08-02 16:45"}
2023-11-07 00:42:07 查询号码 【1957083】，GSD为【"贵州-安顺"】

2023-11-07 00:42:09 开始第 7166 次操作

2023-11-07 00:42:09 开始操作号码 【1957084】
2023-11-07 00:42:12 GSD getOne 第 1 次 等待 3 秒
2023-11-07 00:42:15 查询号码 【1957084】，返回信息 {"status":"ok","msg":"贵州-安顺","gid":"480987","time_insert":"2021-08-02 16:44"}
2023-11-07 00:42:15 查询号码 【1957084】，GSD为【"贵州-安顺"】

2023-11-07 00:42:16 开始第 7167 次操作

2023-11-07 00:42:16 开始操作号码 【1957085】
2023-11-07 00:42:19 GSD getOne 第 1 次 等待 3 秒
2023-11-07 00:42:22 查询号码 【1957085】，返回信息 {"status":"ok","msg":"贵州-黔南","gid":"480975","time_insert":"2021-08-02 16:43"}
2023-11-07 00:42:22 查询号码 【1957085】，GSD为【"贵州-黔南"】

2023-11-07 00:42:23 开始第 7168 次操作

2023-11-07 00:42:23 开始操作号码 【1957086】
2023-11-07 00:42:26 GSD getOne 第 1 次 等待 3 秒
2023-11-07 00:42:29 查询号码 【1957086】，返回信息 {"status":"ok","msg":"贵州-黔南","gid":"480918","time_insert":"2021-08-02 16:20"}
2023-11-07 00:42:29 查询号码 【1957086】，GSD为【"贵州-黔南"】

