2024-03-18 00:18:55 开始第 9385 次操作

2024-03-18 00:18:55 开始操作号码 【1749303】
2024-03-18 00:19:00 GSD getOne 第 1 次 等待 3 秒
2024-03-18 00:19:03 查询号码 【1749303】，返回信息 {"status":"ok","msg":"-","gid":"264784","time_insert":"2021-07-13 11:47"}
2024-03-18 00:19:03 查询号码 【1749303】，GSD为【"-"】
2024-03-18 00:19:03 ok && -
2024-03-18 00:19:09 CHB 1749303?1710692343 第 1 次 等待 3 秒
2024-03-18 00:19:12 CHB 1749303?1710692343 第 1 次 获取到号码【1749303】GSD
2024-03-18 00:19:12 未获取到号码【1749303】GSD，可能号码格式错误
2024-03-18 00:19:12 获取到号码【1749303】的GSD为【-】
2024-03-18 00:19:16 GSD insert 第 1 次 等待 3 秒
2024-03-18 00:19:19 {"status":"bad","gid":"264784","msg":"添加失败！号码【1749303(-|-)】已存在！"}
2024-03-18 00:19:19 随机等待 96 秒，约 1 分钟
2024-03-18 00:19:19 下次操作: 2024-03-18 00:20:55

2024-03-18 00:20:55 开始第 9386 次操作

2024-03-18 00:20:55 开始操作号码 【1749304】
2024-03-18 00:20:59 GSD getOne 第 1 次 等待 3 秒
2024-03-18 00:21:02 查询号码 【1749304】，返回信息 {"status":"ok","msg":"-","gid":"264791","time_insert":"2021-07-13 11:47"}
2024-03-18 00:21:03 查询号码 【1749304】，GSD为【"-"】
2024-03-18 00:21:03 ok && -
2024-03-18 00:21:05 CHB 1749304?1710692463 第 1 次 等待 3 秒
2024-03-18 00:21:08 CHB 1749304?1710692463 第 1 次 获取到号码【1749304】GSD
2024-03-18 00:21:08 未获取到号码【1749304】GSD，可能号码格式错误
2024-03-18 00:21:08 获取到号码【1749304】的GSD为【-】
2024-03-18 00:21:13 GSD insert 第 1 次 等待 3 秒
2024-03-18 00:21:16 {"status":"bad","gid":"264791","msg":"添加失败！号码【1749304(-|-)】已存在！"}
2024-03-18 00:21:16 随机等待 81 秒，约 1 分钟
2024-03-18 00:21:16 下次操作: 2024-03-18 00:22:37

2024-03-18 00:22:37 开始第 9387 次操作

2024-03-18 00:22:37 开始操作号码 【1749305】
2024-03-18 00:22:43 GSD getOne 第 1 次 等待 3 秒
2024-03-18 00:22:46 查询号码 【1749305】，返回信息 {"status":"ok","msg":"-","gid":"264802","time_insert":"2021-07-13 11:48"}
2024-03-18 00:22:47 查询号码 【1749305】，GSD为【"-"】
2024-03-18 00:22:47 ok && -
2024-03-18 00:22:49 CHB 1749305?1710692567 第 1 次 等待 3 秒
2024-03-18 00:22:52 CHB 1749305?1710692567 第 1 次 获取到号码【1749305】GSD
2024-03-18 00:22:52 未获取到号码【1749305】GSD，可能号码格式错误
2024-03-18 00:22:52 获取到号码【1749305】的GSD为【-】
2024-03-18 00:22:57 GSD insert 第 1 次 等待 3 秒
2024-03-18 00:23:00 {"status":"bad","gid":"264802","msg":"添加失败！号码【1749305(-|-)】已存在！"}
2024-03-18 00:23:00 随机等待 181 秒，约 3 分钟
2024-03-18 00:23:00 下次操作: 2024-03-18 00:26:01

2024-03-18 00:26:01 开始第 9388 次操作

2024-03-18 00:26:01 开始操作号码 【1749306】
2024-03-18 00:26:06 GSD getOne 第 1 次 等待 3 秒
2024-03-18 00:26:09 查询号码 【1749306】，返回信息 {"status":"ok","msg":"-","gid":"264810","time_insert":"2021-07-13 11:48"}
2024-03-18 00:26:09 查询号码 【1749306】，GSD为【"-"】
2024-03-18 00:26:09 ok && -
2024-03-18 00:26:12 CHB 1749306?1710692769 第 1 次 等待 3 秒
2024-03-18 00:26:15 CHB 1749306?1710692769 第 1 次 获取到号码【1749306】GSD
2024-03-18 00:26:15 未获取到号码【1749306】GSD，可能号码格式错误
2024-03-18 00:26:15 获取到号码【1749306】的GSD为【-】
2024-03-18 00:26:20 GSD insert 第 1 次 等待 3 秒
2024-03-18 00:26:23 {"status":"bad","gid":"264810","msg":"添加失败！号码【1749306(-|-)】已存在！"}

2024-03-18 00:37:36 开始第 9389 次操作

2024-03-18 00:37:36 开始操作号码 【1749307】
2024-03-18 00:37:44 GSD getOne 第 1 次 等待 3 秒
2024-03-18 00:37:47 查询号码 【1749307】，返回信息 {"status":"ok","msg":"-","gid":"264817","time_insert":"2021-07-13 11:49"}
2024-03-18 00:37:47 查询号码 【1749307】，GSD为【"-"】
2024-03-18 00:37:47 ok && -
2024-03-18 00:37:51 CHB 1749307?1710693467 第 1 次 等待 3 秒
2024-03-18 00:37:54 CHB 1749307?1710693467 第 1 次 获取到号码【1749307】GSD
2024-03-18 00:37:54 未获取到号码【1749307】GSD，可能号码格式错误
2024-03-18 00:37:54 获取到号码【1749307】的GSD为【-】
2024-03-18 00:37:59 GSD insert 第 1 次 等待 3 秒
2024-03-18 00:38:02 {"status":"bad","gid":"264817","msg":"添加失败！号码【1749307(-|-)】已存在！"}
2024-03-18 00:38:02 随机等待 218 秒，约 3 分钟
2024-03-18 00:38:02 下次操作: 2024-03-18 00:41:40

2024-03-18 00:41:40 开始第 9390 次操作

2024-03-18 00:41:40 开始操作号码 【1749308】
2024-03-18 00:41:44 GSD getOne 第 1 次 等待 3 秒
2024-03-18 00:41:47 查询号码 【1749308】，返回信息 {"status":"ok","msg":"-","gid":"264823","time_insert":"2021-07-13 11:49"}
2024-03-18 00:41:48 查询号码 【1749308】，GSD为【"-"】
2024-03-18 00:41:48 ok && -
2024-03-18 00:41:50 CHB 1749308?1710693708 第 1 次 等待 3 秒
2024-03-18 00:41:53 CHB 1749308?1710693708 第 1 次 获取到号码【1749308】GSD
2024-03-18 00:41:54 未获取到号码【1749308】GSD，可能号码格式错误
2024-03-18 00:41:54 获取到号码【1749308】的GSD为【-】
2024-03-18 00:41:58 GSD insert 第 1 次 等待 3 秒
2024-03-18 00:42:01 {"status":"bad","gid":"264823","msg":"添加失败！号码【1749308(-|-)】已存在！"}
2024-03-18 00:42:01 随机等待 204 秒，约 3 分钟
2024-03-18 00:42:01 下次操作: 2024-03-18 00:45:25

2024-03-18 00:45:25 开始第 9391 次操作

2024-03-18 00:45:25 开始操作号码 【1749309】
2024-03-18 00:45:30 GSD getOne 第 1 次 等待 3 秒
2024-03-18 00:45:33 查询号码 【1749309】，返回信息 {"status":"ok","msg":"-","gid":"264830","time_insert":"2021-07-13 11:49"}
2024-03-18 00:45:33 查询号码 【1749309】，GSD为【"-"】
2024-03-18 00:45:33 ok && -
2024-03-18 00:45:35 CHB 1749309?1710693933 第 1 次 等待 3 秒
2024-03-18 00:45:38 CHB 1749309?1710693933 第 1 次 获取到号码【1749309】GSD
2024-03-18 00:45:38 未获取到号码【1749309】GSD，可能号码格式错误
2024-03-18 00:45:38 获取到号码【1749309】的GSD为【-】
2024-03-18 00:45:43 GSD insert 第 1 次 等待 3 秒
2024-03-18 00:45:46 {"status":"bad","gid":"264830","msg":"添加失败！号码【1749309(-|-)】已存在！"}
2024-03-18 00:45:46 随机等待 176 秒，约 2 分钟
2024-03-18 00:45:46 下次操作: 2024-03-18 00:48:42

2024-03-18 00:48:42 开始第 9392 次操作

2024-03-18 00:48:42 开始操作号码 【1749310】
2024-03-18 00:48:46 GSD getOne 第 1 次 等待 3 秒
2024-03-18 00:48:49 查询号码 【1749310】，返回信息 {"status":"ok","msg":"-","gid":"264840","time_insert":"2021-07-13 11:50"}
2024-03-18 00:48:49 查询号码 【1749310】，GSD为【"-"】
2024-03-18 00:48:49 ok && -
2024-03-18 00:48:51 CHB 1749310?1710694129 第 1 次 等待 3 秒
2024-03-18 00:48:54 CHB 1749310?1710694129 第 1 次 获取到号码【1749310】GSD
2024-03-18 00:48:54 未获取到号码【1749310】GSD，可能号码格式错误
2024-03-18 00:48:54 获取到号码【1749310】的GSD为【-】
2024-03-18 00:49:02 GSD insert 第 1 次 等待 3 秒
2024-03-18 00:49:05 {"status":"bad","gid":"264840","msg":"添加失败！号码【1749310(-|-)】已存在！"}

