2024-01-06 00:20:40 开始第 7093 次操作

2024-01-06 00:20:40 开始操作号码 【1857012】
2024-01-06 00:20:43 GSD getOne 第 1 次 等待 3 秒
2024-01-06 00:20:46 查询号码 【1857012】，返回信息 {"status":"ok","msg":"湖南-长沙","gid":"431348","time_insert":"2021-07-29 07:46"}
2024-01-06 00:20:46 查询号码 【1857012】，GSD为【"湖南-长沙"】

2024-01-06 00:20:47 开始第 7094 次操作

2024-01-06 00:20:47 开始操作号码 【1857013】
2024-01-06 00:20:50 GSD getOne 第 1 次 等待 3 秒
2024-01-06 00:20:53 查询号码 【1857013】，返回信息 {"status":"ok","msg":"湖南-长沙","gid":"431340","time_insert":"2021-07-29 07:45"}
2024-01-06 00:20:53 查询号码 【1857013】，GSD为【"湖南-长沙"】

2024-01-06 00:20:54 开始第 7095 次操作

2024-01-06 00:20:55 开始操作号码 【1857014】
2024-01-06 00:21:00 GSD getOne 第 1 次 等待 3 秒
2024-01-06 00:21:03 查询号码 【1857014】，返回信息 {"status":"ok","msg":"湖南-长沙","gid":"431331","time_insert":"2021-07-29 07:45"}
2024-01-06 00:21:03 查询号码 【1857014】，GSD为【"湖南-长沙"】

2024-01-06 00:21:04 开始第 7096 次操作

2024-01-06 00:21:04 开始操作号码 【1857015】
2024-01-06 00:21:07 GSD getOne 第 1 次 等待 3 秒
2024-01-06 00:21:10 查询号码 【1857015】，返回信息 {"status":"ok","msg":"湖南-长沙","gid":"431323","time_insert":"2021-07-29 07:44"}
2024-01-06 00:21:10 查询号码 【1857015】，GSD为【"湖南-长沙"】

2024-01-06 00:40:15 开始第 7097 次操作

2024-01-06 00:40:15 开始操作号码 【1857016】
2024-01-06 00:40:22 GSD getOne 第 1 次 等待 3 秒
2024-01-06 00:40:25 查询号码 【1857016】，返回信息 {"status":"ok","msg":"湖南-长沙","gid":"431313","time_insert":"2021-07-29 07:43"}
2024-01-06 00:40:26 查询号码 【1857016】，GSD为【"湖南-长沙"】

2024-01-06 00:40:27 开始第 7098 次操作

2024-01-06 00:40:27 开始操作号码 【1857017】
2024-01-06 00:40:30 GSD getOne 第 1 次 等待 3 秒
2024-01-06 00:40:33 查询号码 【1857017】，返回信息 {"status":"ok","msg":"湖南-长沙","gid":"431302","time_insert":"2021-07-29 07:43"}
2024-01-06 00:40:33 查询号码 【1857017】，GSD为【"湖南-长沙"】

2024-01-06 00:40:34 开始第 7099 次操作

2024-01-06 00:40:34 开始操作号码 【1857018】
2024-01-06 00:40:37 GSD getOne 第 1 次 等待 3 秒
2024-01-06 00:40:40 查询号码 【1857018】，返回信息 {"status":"ok","msg":"湖南-长沙","gid":"431294","time_insert":"2021-07-29 07:42"}
2024-01-06 00:40:40 查询号码 【1857018】，GSD为【"湖南-长沙"】

2024-01-06 00:40:41 开始第 7100 次操作

2024-01-06 00:40:41 开始操作号码 【1857019】
2024-01-06 00:40:44 GSD getOne 第 1 次 等待 3 秒
2024-01-06 00:40:47 查询号码 【1857019】，返回信息 {"status":"ok","msg":"湖南-长沙","gid":"431286","time_insert":"2021-07-29 07:42"}
2024-01-06 00:40:47 查询号码 【1857019】，GSD为【"湖南-长沙"】

2024-01-06 01:16:56 开始第 7101 次操作

2024-01-06 01:16:56 开始操作号码 【1857020】
2024-01-06 01:16:59 GSD getOne 第 1 次 等待 3 秒
2024-01-06 01:17:02 查询号码 【1857020】，返回信息 {"status":"ok","msg":"湖南-湘潭","gid":"431280","time_insert":"2021-07-29 07:41"}
2024-01-06 01:17:02 查询号码 【1857020】，GSD为【"湖南-湘潭"】

2024-01-06 01:17:03 开始第 7102 次操作

2024-01-06 01:17:03 开始操作号码 【1857021】
2024-01-06 01:17:06 GSD getOne 第 1 次 等待 3 秒
2024-01-06 01:17:09 查询号码 【1857021】，返回信息 {"status":"ok","msg":"湖南-湘潭","gid":"431273","time_insert":"2021-07-29 07:41"}
2024-01-06 01:17:09 查询号码 【1857021】，GSD为【"湖南-湘潭"】

2024-01-06 01:17:10 开始第 7103 次操作

2024-01-06 01:17:10 开始操作号码 【1857022】
2024-01-06 01:17:13 GSD getOne 第 1 次 等待 3 秒
2024-01-06 01:17:16 查询号码 【1857022】，返回信息 {"status":"ok","msg":"湖南-湘潭","gid":"431267","time_insert":"2021-07-29 07:40"}
2024-01-06 01:17:16 查询号码 【1857022】，GSD为【"湖南-湘潭"】

2024-01-06 01:17:17 开始第 7104 次操作

2024-01-06 01:17:17 开始操作号码 【1857023】
2024-01-06 01:17:20 GSD getOne 第 1 次 等待 3 秒
2024-01-06 01:17:23 查询号码 【1857023】，返回信息 {"status":"ok","msg":"湖南-株洲","gid":"431260","time_insert":"2021-07-29 07:40"}
2024-01-06 01:17:23 查询号码 【1857023】，GSD为【"湖南-株洲"】

2024-01-06 01:37:47 开始第 7105 次操作

2024-01-06 01:37:47 开始操作号码 【1857024】
2024-01-06 01:37:50 GSD getOne 第 1 次 等待 3 秒
2024-01-06 01:37:53 查询号码 【1857024】，返回信息 {"status":"ok","msg":"湖南-邵阳","gid":"431255","time_insert":"2021-07-29 07:39"}
2024-01-06 01:37:53 查询号码 【1857024】，GSD为【"湖南-邵阳"】

2024-01-06 01:37:54 开始第 7106 次操作

2024-01-06 01:37:54 开始操作号码 【1857025】
2024-01-06 01:37:59 GSD getOne 第 1 次 等待 3 秒
2024-01-06 01:38:02 查询号码 【1857025】，返回信息 {"status":"ok","msg":"湖南-邵阳","gid":"431250","time_insert":"2021-07-29 07:38"}
2024-01-06 01:38:02 查询号码 【1857025】，GSD为【"湖南-邵阳"】

2024-01-06 01:38:03 开始第 7107 次操作

2024-01-06 01:38:03 开始操作号码 【1857026】
2024-01-06 01:38:06 GSD getOne 第 1 次 等待 3 秒
2024-01-06 01:38:09 查询号码 【1857026】，返回信息 {"status":"ok","msg":"湖南-郴州","gid":"431245","time_insert":"2021-07-29 07:38"}
2024-01-06 01:38:10 查询号码 【1857026】，GSD为【"湖南-郴州"】

2024-01-06 01:38:11 开始第 7108 次操作

2024-01-06 01:38:11 开始操作号码 【1857027】
2024-01-06 01:38:14 GSD getOne 第 1 次 等待 3 秒
2024-01-06 01:38:17 查询号码 【1857027】，返回信息 {"status":"ok","msg":"湖南-郴州","gid":"431239","time_insert":"2021-07-29 07:37"}
2024-01-06 01:38:17 查询号码 【1857027】，GSD为【"湖南-郴州"】

2024-01-06 02:20:56 开始第 7109 次操作

2024-01-06 02:20:56 开始操作号码 【1857028】
2024-01-06 02:20:59 GSD getOne 第 1 次 等待 3 秒
2024-01-06 02:21:02 查询号码 【1857028】，返回信息 {"status":"ok","msg":"湖南-郴州","gid":"431085","time_insert":"2021-07-29 06:57"}
2024-01-06 02:21:02 查询号码 【1857028】，GSD为【"湖南-郴州"】

2024-01-06 02:21:03 开始第 7110 次操作

2024-01-06 02:21:03 开始操作号码 【1857029】
2024-01-06 02:21:06 GSD getOne 第 1 次 等待 3 秒
2024-01-06 02:21:09 查询号码 【1857029】，返回信息 {"status":"ok","msg":"湖南-郴州","gid":"431081","time_insert":"2021-07-29 06:56"}
2024-01-06 02:21:09 查询号码 【1857029】，GSD为【"湖南-郴州"】

2024-01-06 02:21:10 开始第 7111 次操作

2024-01-06 02:21:10 开始操作号码 【1857030】
2024-01-06 02:21:13 GSD getOne 第 1 次 等待 3 秒
2024-01-06 02:21:16 查询号码 【1857030】，返回信息 {"status":"ok","msg":"湖南-长沙","gid":"431076","time_insert":"2021-07-29 06:56","time_update":"2021-08-06 01:41"}
2024-01-06 02:21:16 查询号码 【1857030】，GSD为【"湖南-长沙"】

2024-01-06 02:21:17 开始第 7112 次操作

2024-01-06 02:21:17 开始操作号码 【1857031】
2024-01-06 02:21:20 GSD getOne 第 1 次 等待 3 秒
2024-01-06 02:21:23 查询号码 【1857031】，返回信息 {"status":"ok","msg":"湖南-长沙","gid":"431070","time_insert":"2021-07-29 06:55"}
2024-01-06 02:21:23 查询号码 【1857031】，GSD为【"湖南-长沙"】

2024-01-06 02:38:00 开始第 7113 次操作

2024-01-06 02:38:00 开始操作号码 【1857032】
2024-01-06 02:38:05 GSD getOne 第 1 次 等待 3 秒
2024-01-06 02:38:08 查询号码 【1857032】，返回信息 {"status":"ok","msg":"湖南-长沙","gid":"431065","time_insert":"2021-07-29 06:55"}
2024-01-06 02:38:08 查询号码 【1857032】，GSD为【"湖南-长沙"】

2024-01-06 02:38:09 开始第 7114 次操作

2024-01-06 02:38:09 开始操作号码 【1857033】
2024-01-06 02:38:12 GSD getOne 第 1 次 等待 3 秒
2024-01-06 02:38:15 查询号码 【1857033】，返回信息 {"status":"ok","msg":"湖南-长沙","gid":"431056","time_insert":"2021-07-29 06:54"}
2024-01-06 02:38:15 查询号码 【1857033】，GSD为【"湖南-长沙"】

2024-01-06 02:38:16 开始第 7115 次操作

2024-01-06 02:38:16 开始操作号码 【1857034】
2024-01-06 02:38:19 GSD getOne 第 1 次 等待 3 秒
2024-01-06 02:38:22 查询号码 【1857034】，返回信息 {"status":"ok","msg":"湖南-长沙","gid":"431050","time_insert":"2021-07-29 06:54"}
2024-01-06 02:38:22 查询号码 【1857034】，GSD为【"湖南-长沙"】

2024-01-06 02:38:23 开始第 7116 次操作

2024-01-06 02:38:23 开始操作号码 【1857035】
2024-01-06 02:38:26 GSD getOne 第 1 次 等待 3 秒
2024-01-06 02:38:29 查询号码 【1857035】，返回信息 {"status":"ok","msg":"湖南-长沙","gid":"431043","time_insert":"2021-07-29 06:53"}
2024-01-06 02:38:29 查询号码 【1857035】，GSD为【"湖南-长沙"】

2024-01-06 03:13:29 开始第 7117 次操作

2024-01-06 03:13:29 开始操作号码 【1857036】
2024-01-06 03:13:33 GSD getOne 第 1 次 等待 3 秒
2024-01-06 03:13:36 查询号码 【1857036】，返回信息 {"status":"ok","msg":"湖南-长沙","gid":"39955","time_insert":"2019-02-11 09:15","time_update":"2020-09-24 04:47"}
2024-01-06 03:13:37 查询号码 【1857036】，GSD为【"湖南-长沙"】

2024-01-06 03:13:38 开始第 7118 次操作

2024-01-06 03:13:38 开始操作号码 【1857037】
2024-01-06 03:13:41 GSD getOne 第 1 次 等待 3 秒
2024-01-06 03:13:44 查询号码 【1857037】，返回信息 {"status":"ok","msg":"湖南-长沙","gid":"431032","time_insert":"2021-07-29 06:52"}
2024-01-06 03:13:44 查询号码 【1857037】，GSD为【"湖南-长沙"】

2024-01-06 03:13:45 开始第 7119 次操作

2024-01-06 03:13:45 开始操作号码 【1857038】
2024-01-06 03:13:48 GSD getOne 第 1 次 等待 3 秒
2024-01-06 03:13:51 查询号码 【1857038】，返回信息 {"status":"ok","msg":"湖南-长沙","gid":"431026","time_insert":"2021-07-29 06:52"}
2024-01-06 03:13:51 查询号码 【1857038】，GSD为【"湖南-长沙"】

2024-01-06 03:13:52 开始第 7120 次操作

2024-01-06 03:13:52 开始操作号码 【1857039】
2024-01-06 03:13:56 GSD getOne 第 1 次 等待 3 秒
2024-01-06 03:13:59 查询号码 【1857039】，返回信息 {"status":"ok","msg":"湖南-长沙","gid":"431017","time_insert":"2021-07-29 06:51"}
2024-01-06 03:13:59 查询号码 【1857039】，GSD为【"湖南-长沙"】

2024-01-06 03:37:32 开始第 7121 次操作

2024-01-06 03:37:32 开始操作号码 【1857040】
2024-01-06 03:37:36 GSD getOne 第 1 次 等待 3 秒
2024-01-06 03:37:39 查询号码 【1857040】，返回信息 {"status":"ok","msg":"湖南-岳阳","gid":"431010","time_insert":"2021-07-29 06:51"}
2024-01-06 03:37:39 查询号码 【1857040】，GSD为【"湖南-岳阳"】

2024-01-06 03:37:40 开始第 7122 次操作

2024-01-06 03:37:40 开始操作号码 【1857041】
2024-01-06 03:37:43 GSD getOne 第 1 次 等待 3 秒
2024-01-06 03:37:46 查询号码 【1857041】，返回信息 {"status":"ok","msg":"湖南-株洲","gid":"431005","time_insert":"2021-07-29 06:50"}
2024-01-06 03:37:46 查询号码 【1857041】，GSD为【"湖南-株洲"】

2024-01-06 03:37:47 开始第 7123 次操作

2024-01-06 03:37:47 开始操作号码 【1857042】
2024-01-06 03:37:51 GSD getOne 第 1 次 等待 3 秒
2024-01-06 03:37:54 查询号码 【1857042】，返回信息 {"status":"ok","msg":"湖南-常德","gid":"430998","time_insert":"2021-07-29 06:50"}
2024-01-06 03:37:54 查询号码 【1857042】，GSD为【"湖南-常德"】

2024-01-06 03:37:55 开始第 7124 次操作

2024-01-06 03:37:55 开始操作号码 【1857043】
2024-01-06 03:37:59 GSD getOne 第 1 次 等待 3 秒
2024-01-06 03:38:02 查询号码 【1857043】，返回信息 {"status":"ok","msg":"湖南-湘西","gid":"430991","time_insert":"2021-07-29 06:49"}
2024-01-06 03:38:02 查询号码 【1857043】，GSD为【"湖南-湘西"】

