2024-07-22 00:23:57 开始第 7193 次操作

2024-07-22 00:23:57 开始操作号码 【1527095】
2024-07-22 00:24:05 GSD getOne 第 1 次 等待 3 秒
2024-07-22 00:24:08 查询号码 【1527095】，返回信息 {"status":"ok","msg":"江西-南昌","gid":"19560","time_insert":"2017-04-19 11:23","time_update":"2020-09-07 20:24"}
2024-07-22 00:24:08 查询号码 【1527095】，GSD为【"江西-南昌"】

2024-07-22 00:24:09 开始第 7194 次操作

2024-07-22 00:24:09 开始操作号码 【1527096】
2024-07-22 00:24:17 GSD getOne 第 1 次 等待 3 秒
2024-07-22 00:24:20 查询号码 【1527096】，返回信息 {"status":"ok","msg":"江西-南昌","gid":"380389","time_insert":"2021-07-24 18:51"}
2024-07-22 00:24:20 查询号码 【1527096】，GSD为【"江西-南昌"】

2024-07-22 00:24:21 开始第 7195 次操作

2024-07-22 00:24:21 开始操作号码 【1527097】
2024-07-22 00:24:29 GSD getOne 第 1 次 等待 3 秒
2024-07-22 00:24:32 查询号码 【1527097】，返回信息 {"status":"ok","msg":"江西-南昌","gid":"380378","time_insert":"2021-07-24 18:51"}
2024-07-22 00:24:32 查询号码 【1527097】，GSD为【"江西-南昌"】

2024-07-22 00:24:33 开始第 7196 次操作

2024-07-22 00:24:33 开始操作号码 【1527098】
2024-07-22 00:24:41 GSD getOne 第 1 次 等待 3 秒
2024-07-22 00:24:44 查询号码 【1527098】，返回信息 {"status":"ok","msg":"江西-南昌","gid":"380367","time_insert":"2021-07-24 18:50"}
2024-07-22 00:24:44 查询号码 【1527098】，GSD为【"江西-南昌"】

