2023-10-03 00:20:53 开始第 1177 次操作

2023-10-03 00:20:53 开始操作号码 【1951176】
2023-10-03 00:20:57 GSD getOne 第 1 次 等待 3 秒
2023-10-03 00:21:00 查询号码 【1951176】，返回信息 {"status":"ok","msg":"四川-达州","gid":"501847","time_insert":"2021-08-10 11:07"}
2023-10-03 00:21:00 查询号码 【1951176】，GSD为【"四川-达州"】

2023-10-03 00:21:01 开始第 1178 次操作

2023-10-03 00:21:01 开始操作号码 【1951177】
2023-10-03 00:21:14 GSD getOne 第 1 次 等待 3 秒
2023-10-03 00:21:17 查询号码 【1951177】，返回信息 {"status":"ok","msg":"四川-达州","gid":"501861","time_insert":"2021-08-10 11:24"}
2023-10-03 00:21:17 查询号码 【1951177】，GSD为【"四川-达州"】

2023-10-03 00:21:18 开始第 1179 次操作

2023-10-03 00:21:18 开始操作号码 【1951178】
2023-10-03 00:21:21 GSD getOne 第 1 次 等待 3 秒
2023-10-03 00:21:24 查询号码 【1951178】，返回信息 {"status":"ok","msg":"四川-达州","gid":"501872","time_insert":"2021-08-10 11:39"}
2023-10-03 00:21:24 查询号码 【1951178】，GSD为【"四川-达州"】

2023-10-03 00:21:25 开始第 1180 次操作

2023-10-03 00:21:25 开始操作号码 【1951179】
2023-10-03 00:21:27 GSD getOne 第 1 次 等待 3 秒
2023-10-03 00:21:30 查询号码 【1951179】，返回信息 {"status":"ok","msg":"四川-达州","gid":"501885","time_insert":"2021-08-10 11:59"}
2023-10-03 00:21:30 查询号码 【1951179】，GSD为【"四川-达州"】

2023-10-03 00:40:04 开始第 1181 次操作

2023-10-03 00:40:04 开始操作号码 【1951180】
2023-10-03 00:40:12 GSD getOne 第 1 次 等待 3 秒
2023-10-03 00:40:15 查询号码 【1951180】，返回信息 {"status":"ok","msg":"四川-达州","gid":"501900","time_insert":"2021-08-10 12:18"}
2023-10-03 00:40:15 查询号码 【1951180】，GSD为【"四川-达州"】

2023-10-03 00:40:16 开始第 1182 次操作

2023-10-03 00:40:16 开始操作号码 【1951181】
2023-10-03 00:40:19 GSD getOne 第 1 次 等待 3 秒
2023-10-03 00:40:22 查询号码 【1951181】，返回信息 {"status":"ok","msg":"四川-达州","gid":"501910","time_insert":"2021-08-10 12:34"}
2023-10-03 00:40:22 查询号码 【1951181】，GSD为【"四川-达州"】

2023-10-03 00:40:23 开始第 1183 次操作

2023-10-03 00:40:23 开始操作号码 【1951182】
2023-10-03 00:40:25 GSD getOne 第 1 次 等待 3 秒
2023-10-03 00:40:28 查询号码 【1951182】，返回信息 {"status":"ok","msg":"四川-达州","gid":"501922","time_insert":"2021-08-10 12:49"}
2023-10-03 00:40:28 查询号码 【1951182】，GSD为【"四川-达州"】

2023-10-03 00:40:29 开始第 1184 次操作

2023-10-03 00:40:29 开始操作号码 【1951183】
2023-10-03 00:40:32 GSD getOne 第 1 次 等待 3 秒
2023-10-03 00:40:35 查询号码 【1951183】，返回信息 {"status":"ok","msg":"四川-达州","gid":"501932","time_insert":"2021-08-10 13:05"}
2023-10-03 00:40:35 查询号码 【1951183】，GSD为【"四川-达州"】

2023-10-03 01:14:43 开始第 1185 次操作

2023-10-03 01:14:43 开始操作号码 【1951184】
2023-10-03 01:14:46 GSD getOne 第 1 次 等待 3 秒
2023-10-03 01:14:49 查询号码 【1951184】，返回信息 {"status":"ok","msg":"四川-达州","gid":"501946","time_insert":"2021-08-10 13:23"}
2023-10-03 01:14:49 查询号码 【1951184】，GSD为【"四川-达州"】

2023-10-03 01:14:50 开始第 1186 次操作

2023-10-03 01:14:50 开始操作号码 【1951185】
2023-10-03 01:14:53 GSD getOne 第 1 次 等待 3 秒
2023-10-03 01:14:56 查询号码 【1951185】，返回信息 {"status":"ok","msg":"四川-达州","gid":"501960","time_insert":"2021-08-10 13:41"}
2023-10-03 01:14:56 查询号码 【1951185】，GSD为【"四川-达州"】

2023-10-03 01:14:57 开始第 1187 次操作

2023-10-03 01:14:58 开始操作号码 【1951186】
2023-10-03 01:15:00 GSD getOne 第 1 次 等待 3 秒
2023-10-03 01:15:03 查询号码 【1951186】，返回信息 {"status":"ok","msg":"四川-成都","gid":"501972","time_insert":"2021-08-10 13:59"}
2023-10-03 01:15:03 查询号码 【1951186】，GSD为【"四川-成都"】

2023-10-03 01:15:04 开始第 1188 次操作

2023-10-03 01:15:04 开始操作号码 【1951187】
2023-10-03 01:15:07 GSD getOne 第 1 次 等待 3 秒
2023-10-03 01:15:10 查询号码 【1951187】，返回信息 {"status":"ok","msg":"四川-成都","gid":"501991","time_insert":"2021-08-10 14:16"}
2023-10-03 01:15:10 查询号码 【1951187】，GSD为【"四川-成都"】

