2024-07-19 00:23:04 开始第 6681 次操作

2024-07-19 00:23:04 开始操作号码 【1526583】
2024-07-19 00:23:13 GSD getOne 第 1 次 等待 3 秒
2024-07-19 00:23:16 查询号码 【1526583】，返回信息 {"status":"ok","msg":"山东-日照","gid":"385937","time_insert":"2021-07-25 05:55"}
2024-07-19 00:23:16 查询号码 【1526583】，GSD为【"山东-日照"】

2024-07-19 00:23:17 开始第 6682 次操作

2024-07-19 00:23:17 开始操作号码 【1526584】
2024-07-19 00:23:25 GSD getOne 第 1 次 等待 3 秒
2024-07-19 00:23:28 查询号码 【1526584】，返回信息 {"status":"ok","msg":"山东-聊城","gid":"385926","time_insert":"2021-07-25 05:54"}
2024-07-19 00:23:28 查询号码 【1526584】，GSD为【"山东-聊城"】

2024-07-19 00:23:29 开始第 6683 次操作

2024-07-19 00:23:29 开始操作号码 【1526585】
2024-07-19 00:23:39 GSD getOne 第 1 次 等待 3 秒
2024-07-19 00:23:42 查询号码 【1526585】，返回信息 {"status":"ok","msg":"山东-聊城","gid":"385912","time_insert":"2021-07-25 05:54"}
2024-07-19 00:23:42 查询号码 【1526585】，GSD为【"山东-聊城"】

2024-07-19 00:23:43 开始第 6684 次操作

2024-07-19 00:23:43 开始操作号码 【1526586】
2024-07-19 00:23:51 GSD getOne 第 1 次 等待 3 秒
2024-07-19 00:23:54 查询号码 【1526586】，返回信息 {"status":"ok","msg":"山东-东营","gid":"385904","time_insert":"2021-07-25 05:53"}
2024-07-19 00:23:54 查询号码 【1526586】，GSD为【"山东-东营"】

