2023-10-15 00:19:09 开始第 3113 次操作

2023-10-15 00:19:09 开始操作号码 【1953079】
2023-10-15 00:19:19 GSD getOne 第 1 次 等待 3 秒
2023-10-15 00:19:22 查询号码 【1953079】，返回信息 {"status":"ok","msg":"山东-威海","gid":"516470","time_insert":"2021-08-18 06:20"}
2023-10-15 00:19:23 查询号码 【1953079】，GSD为【"山东-威海"】

2023-10-15 00:19:24 开始第 3114 次操作

2023-10-15 00:19:24 开始操作号码 【1953080】
2023-10-15 00:19:49 GSD getOne 第 1 次 等待 3 秒
2023-10-15 00:19:52 查询号码 【1953080】，返回信息 {"status":"ok","msg":"新疆-喀什","gid":"516487","time_insert":"2021-08-18 06:34"}
2023-10-15 00:19:52 查询号码 【1953080】，GSD为【"新疆-喀什"】

2023-10-15 00:19:53 开始第 3115 次操作

2023-10-15 00:19:53 开始操作号码 【1953081】
2023-10-15 00:19:55 GSD getOne 第 1 次 等待 3 秒
2023-10-15 00:19:58 查询号码 【1953081】，返回信息 {"status":"ok","msg":"甘肃-白银","gid":"516499","time_insert":"2021-08-18 06:46"}
2023-10-15 00:19:58 查询号码 【1953081】，GSD为【"甘肃-白银"】

2023-10-15 00:19:59 开始第 3116 次操作

2023-10-15 00:19:59 开始操作号码 【1953082】
2023-10-15 00:20:02 GSD getOne 第 1 次 等待 3 秒
2023-10-15 00:20:05 查询号码 【1953082】，返回信息 {"status":"ok","msg":"陕西-延安","gid":"516515","time_insert":"2021-08-18 07:01"}
2023-10-15 00:20:05 查询号码 【1953082】，GSD为【"陕西-延安"】

