2024-01-21 00:21:19 开始第 9733 次操作

2024-01-21 00:21:19 开始操作号码 【1859652】
2024-01-21 00:21:24 GSD getOne 第 1 次 等待 3 秒
2024-01-21 00:21:27 查询号码 【1859652】，返回信息 {"status":"ok","msg":"福建-泉州","gid":"406489","time_insert":"2021-07-26 22:55"}
2024-01-21 00:21:27 查询号码 【1859652】，GSD为【"福建-泉州"】

2024-01-21 00:21:28 开始第 9734 次操作

2024-01-21 00:21:28 开始操作号码 【1859653】
2024-01-21 00:21:31 GSD getOne 第 1 次 等待 3 秒
2024-01-21 00:21:34 查询号码 【1859653】，返回信息 {"status":"ok","msg":"福建-三明","gid":"40355","time_insert":"2019-06-03 15:06","time_update":"2020-09-06 03:45"}
2024-01-21 00:21:34 查询号码 【1859653】，GSD为【"福建-三明"】

2024-01-21 00:21:35 开始第 9735 次操作

2024-01-21 00:21:35 开始操作号码 【1859654】
2024-01-21 00:21:39 GSD getOne 第 1 次 等待 3 秒
2024-01-21 00:21:42 查询号码 【1859654】，返回信息 {"status":"ok","msg":"福建-三明","gid":"406481","time_insert":"2021-07-26 22:54"}
2024-01-21 00:21:42 查询号码 【1859654】，GSD为【"福建-三明"】

2024-01-21 00:21:44 开始第 9736 次操作

2024-01-21 00:21:44 开始操作号码 【1859655】
2024-01-21 00:21:48 GSD getOne 第 1 次 等待 3 秒
2024-01-21 00:21:51 查询号码 【1859655】，返回信息 {"status":"ok","msg":"福建-泉州","gid":"406479","time_insert":"2021-07-26 22:54"}
2024-01-21 00:21:51 查询号码 【1859655】，GSD为【"福建-泉州"】

