2024-07-21 00:22:58 开始第 7021 次操作

2024-07-21 00:22:58 开始操作号码 【1526923】
2024-07-21 00:23:06 GSD getOne 第 1 次 等待 3 秒
2024-07-21 00:23:09 查询号码 【1526923】，返回信息 {"status":"ok","msg":"山东-青岛","gid":"382379","time_insert":"2021-07-24 22:49"}
2024-07-21 00:23:09 查询号码 【1526923】，GSD为【"山东-青岛"】

2024-07-21 00:23:10 开始第 7022 次操作

2024-07-21 00:23:10 开始操作号码 【1526924】
2024-07-21 00:23:19 GSD getOne 第 1 次 等待 3 秒
2024-07-21 00:23:22 查询号码 【1526924】，返回信息 {"status":"ok","msg":"山东-青岛","gid":"382368","time_insert":"2021-07-24 22:48"}
2024-07-21 00:23:22 查询号码 【1526924】，GSD为【"山东-青岛"】

2024-07-21 00:23:23 开始第 7023 次操作

2024-07-21 00:23:23 开始操作号码 【1526925】
2024-07-21 00:23:31 GSD getOne 第 1 次 等待 3 秒
2024-07-21 00:23:34 查询号码 【1526925】，返回信息 {"status":"ok","msg":"山东-青岛","gid":"382357","time_insert":"2021-07-24 22:47"}
2024-07-21 00:23:34 查询号码 【1526925】，GSD为【"山东-青岛"】

2024-07-21 00:23:35 开始第 7024 次操作

2024-07-21 00:23:35 开始操作号码 【1526926】
2024-07-21 00:23:43 GSD getOne 第 1 次 等待 3 秒
2024-07-21 00:23:46 查询号码 【1526926】，返回信息 {"status":"ok","msg":"山东-青岛","gid":"382348","time_insert":"2021-07-24 22:46"}
2024-07-21 00:23:46 查询号码 【1526926】，GSD为【"山东-青岛"】

2024-07-21 00:40:18 开始第 7025 次操作

2024-07-21 00:40:18 开始操作号码 【1526927】
2024-07-21 00:40:26 GSD getOne 第 1 次 等待 3 秒
2024-07-21 00:40:29 查询号码 【1526927】，返回信息 {"status":"ok","msg":"山东-青岛","gid":"382338","time_insert":"2021-07-24 22:46"}
2024-07-21 00:40:29 查询号码 【1526927】，GSD为【"山东-青岛"】

2024-07-21 00:40:30 开始第 7026 次操作

2024-07-21 00:40:30 开始操作号码 【1526928】
2024-07-21 00:40:38 GSD getOne 第 1 次 等待 3 秒
2024-07-21 00:40:41 查询号码 【1526928】，返回信息 {"status":"ok","msg":"山东-青岛","gid":"382328","time_insert":"2021-07-24 22:45"}
2024-07-21 00:40:41 查询号码 【1526928】，GSD为【"山东-青岛"】

2024-07-21 00:40:42 开始第 7027 次操作

2024-07-21 00:40:42 开始操作号码 【1526929】
2024-07-21 00:40:50 GSD getOne 第 1 次 等待 3 秒
2024-07-21 00:40:53 查询号码 【1526929】，返回信息 {"status":"ok","msg":"山东-青岛","gid":"382315","time_insert":"2021-07-24 22:44"}
2024-07-21 00:40:53 查询号码 【1526929】，GSD为【"山东-青岛"】

2024-07-21 00:40:54 开始第 7028 次操作

2024-07-21 00:40:54 开始操作号码 【1526930】
2024-07-21 00:41:02 GSD getOne 第 1 次 等待 3 秒
2024-07-21 00:41:05 查询号码 【1526930】，返回信息 {"status":"ok","msg":"山东-淄博","gid":"382306","time_insert":"2021-07-24 22:43"}
2024-07-21 00:41:05 查询号码 【1526930】，GSD为【"山东-淄博"】

