2023-11-16 00:23:06 开始第 8745 次操作

2023-11-16 00:23:06 开始操作号码 【1958663】
2023-11-16 00:23:11 GSD getOne 第 1 次 等待 3 秒
2023-11-16 00:23:14 查询号码 【1958663】，返回信息 {"status":"ok","msg":"甘肃-庆阳","gid":"461174","time_insert":"2021-07-31 22:58"}
2023-11-16 00:23:14 查询号码 【1958663】，GSD为【"甘肃-庆阳"】

2023-11-16 00:23:15 开始第 8746 次操作

2023-11-16 00:23:15 开始操作号码 【1958664】
2023-11-16 00:23:18 GSD getOne 第 1 次 等待 3 秒
2023-11-16 00:23:21 查询号码 【1958664】，返回信息 {"status":"ok","msg":"甘肃-庆阳","gid":"461159","time_insert":"2021-07-31 22:57"}
2023-11-16 00:23:21 查询号码 【1958664】，GSD为【"甘肃-庆阳"】

2023-11-16 00:23:22 开始第 8747 次操作

2023-11-16 00:23:22 开始操作号码 【1958665】
2023-11-16 00:23:26 GSD getOne 第 1 次 等待 3 秒
2023-11-16 00:23:29 查询号码 【1958665】，返回信息 {"status":"ok","msg":"甘肃-白银","gid":"461147","time_insert":"2021-07-31 22:56"}
2023-11-16 00:23:29 查询号码 【1958665】，GSD为【"甘肃-白银"】

2023-11-16 00:23:30 开始第 8748 次操作

2023-11-16 00:23:30 开始操作号码 【1958666】
2023-11-16 00:23:37 GSD getOne 第 1 次 等待 3 秒
2023-11-16 00:23:40 查询号码 【1958666】，返回信息 {"status":"ok","msg":"甘肃-白银","gid":"461135","time_insert":"2021-07-31 22:55"}
2023-11-16 00:23:40 查询号码 【1958666】，GSD为【"甘肃-白银"】

2023-11-16 00:42:27 开始第 8749 次操作

2023-11-16 00:42:27 开始操作号码 【1958667】
2023-11-16 00:42:32 GSD getOne 第 1 次 等待 3 秒
2023-11-16 00:42:35 查询号码 【1958667】，返回信息 {"status":"ok","msg":"甘肃-白银","gid":"461125","time_insert":"2021-07-31 22:54"}
2023-11-16 00:42:35 查询号码 【1958667】，GSD为【"甘肃-白银"】

2023-11-16 00:42:36 开始第 8750 次操作

2023-11-16 00:42:36 开始操作号码 【1958668】
2023-11-16 00:42:42 GSD getOne 第 1 次 等待 3 秒
2023-11-16 00:42:45 查询号码 【1958668】，返回信息 {"status":"ok","msg":"甘肃-陇南","gid":"461113","time_insert":"2021-07-31 22:53"}
2023-11-16 00:42:45 查询号码 【1958668】，GSD为【"甘肃-陇南"】

2023-11-16 00:42:46 开始第 8751 次操作

2023-11-16 00:42:46 开始操作号码 【1958669】
2023-11-16 00:42:52 GSD getOne 第 1 次 等待 3 秒
2023-11-16 00:42:55 查询号码 【1958669】，返回信息 {"status":"ok","msg":"甘肃-陇南","gid":"461100","time_insert":"2021-07-31 22:53"}
2023-11-16 00:42:55 查询号码 【1958669】，GSD为【"甘肃-陇南"】

2023-11-16 00:42:56 开始第 8752 次操作

2023-11-16 00:42:56 开始操作号码 【1958670】
2023-11-16 00:43:00 GSD getOne 第 1 次 等待 3 秒
2023-11-16 00:43:03 查询号码 【1958670】，返回信息 {"status":"ok","msg":"海南-海口","gid":"461090","time_insert":"2021-07-31 22:52"}
2023-11-16 00:43:03 查询号码 【1958670】，GSD为【"海南-海口"】

