2024-07-20 00:23:54 开始第 6845 次操作

2024-07-20 00:23:54 开始操作号码 【1526747】
2024-07-20 00:24:02 GSD getOne 第 1 次 等待 3 秒
2024-07-20 00:24:05 查询号码 【1526747】，返回信息 {"status":"ok","msg":"浙江-杭州","gid":"384185","time_insert":"2021-07-25 02:46"}
2024-07-20 00:24:05 查询号码 【1526747】，GSD为【"浙江-杭州"】

2024-07-20 00:24:06 开始第 6846 次操作

2024-07-20 00:24:06 开始操作号码 【1526748】
2024-07-20 00:24:13 GSD getOne 第 1 次 等待 3 秒
2024-07-20 00:24:16 查询号码 【1526748】，返回信息 {"status":"ok","msg":"浙江-杭州","gid":"384047","time_insert":"2021-07-25 02:04"}
2024-07-20 00:24:16 查询号码 【1526748】，GSD为【"浙江-杭州"】

2024-07-20 00:24:17 开始第 6847 次操作

2024-07-20 00:24:17 开始操作号码 【1526749】
2024-07-20 00:24:26 GSD getOne 第 1 次 等待 3 秒
2024-07-20 00:24:29 查询号码 【1526749】，返回信息 {"status":"ok","msg":"浙江-杭州","gid":"384039","time_insert":"2021-07-25 02:04"}
2024-07-20 00:24:29 查询号码 【1526749】，GSD为【"浙江-杭州"】

2024-07-20 00:24:30 开始第 6848 次操作

2024-07-20 00:24:30 开始操作号码 【1526750】
2024-07-20 00:24:37 GSD getOne 第 1 次 等待 3 秒
2024-07-20 00:24:40 查询号码 【1526750】，返回信息 {"status":"ok","msg":"浙江-绍兴","gid":"19516","time_insert":"2017-08-11 02:01","time_update":"2020-08-31 18:33"}
2024-07-20 00:24:41 查询号码 【1526750】，GSD为【"浙江-绍兴"】

