2023-12-01 00:23:24 开始第 717 次操作

2023-12-01 00:23:24 开始操作号码 【1850636】
2023-12-01 00:23:28 GSD getOne 第 1 次 等待 3 秒
2023-12-01 00:23:31 查询号码 【1850636】，返回信息 {"status":"ok","msg":"山东-潍坊","gid":"355097","time_insert":"2021-07-22 12:15"}
2023-12-01 00:23:31 查询号码 【1850636】，GSD为【"山东-潍坊"】

2023-12-01 00:23:32 开始第 718 次操作

2023-12-01 00:23:32 开始操作号码 【1850637】
2023-12-01 00:23:36 GSD getOne 第 1 次 等待 3 秒
2023-12-01 00:23:39 查询号码 【1850637】，返回信息 {"status":"ok","msg":"山东-枣庄","gid":"355157","time_insert":"2021-07-22 12:29"}
2023-12-01 00:23:39 查询号码 【1850637】，GSD为【"山东-枣庄"】

2023-12-01 00:23:40 开始第 719 次操作

2023-12-01 00:23:40 开始操作号码 【1850638】
2023-12-01 00:23:44 GSD getOne 第 1 次 等待 3 秒
2023-12-01 00:23:47 查询号码 【1850638】，返回信息 {"status":"ok","msg":"山东-烟台","gid":"55794","time_insert":"2020-01-17 09:44"}
2023-12-01 00:23:47 查询号码 【1850638】，GSD为【"山东-烟台"】

2023-12-01 00:23:48 开始第 720 次操作

2023-12-01 00:23:48 开始操作号码 【1850639】
2023-12-01 00:24:01 GSD getOne 第 1 次 等待 3 秒
2023-12-01 00:24:04 查询号码 【1850639】，返回信息 {"status":"ok","msg":"山东-青岛","gid":"355204","time_insert":"2021-07-22 12:42"}
2023-12-01 00:24:04 查询号码 【1850639】，GSD为【"山东-青岛"】

2023-12-01 00:42:33 开始第 721 次操作

2023-12-01 00:42:33 开始操作号码 【1850640】
2023-12-01 00:42:37 GSD getOne 第 1 次 等待 3 秒
2023-12-01 00:42:40 查询号码 【1850640】，返回信息 {"status":"ok","msg":"山东-德州","gid":"355258","time_insert":"2021-07-22 12:54"}
2023-12-01 00:42:40 查询号码 【1850640】，GSD为【"山东-德州"】

2023-12-01 00:42:41 开始第 722 次操作

2023-12-01 00:42:41 开始操作号码 【1850641】
2023-12-01 00:42:45 GSD getOne 第 1 次 等待 3 秒
2023-12-01 00:42:48 查询号码 【1850641】，返回信息 {"status":"ok","msg":"山东-济南","gid":"355389","time_insert":"2021-07-22 13:07"}
2023-12-01 00:42:48 查询号码 【1850641】，GSD为【"山东-济南"】

2023-12-01 00:42:49 开始第 723 次操作

2023-12-01 00:42:49 开始操作号码 【1850642】
2023-12-01 00:42:53 GSD getOne 第 1 次 等待 3 秒
2023-12-01 00:42:56 查询号码 【1850642】，返回信息 {"status":"ok","msg":"山东-青岛","gid":"355513","time_insert":"2021-07-22 13:21"}
2023-12-01 00:42:56 查询号码 【1850642】，GSD为【"山东-青岛"】

2023-12-01 00:42:57 开始第 724 次操作

2023-12-01 00:42:57 开始操作号码 【1850643】
2023-12-01 00:43:00 GSD getOne 第 1 次 等待 3 秒
2023-12-01 00:43:03 查询号码 【1850643】，返回信息 {"status":"ok","msg":"山东-淄博","gid":"355593","time_insert":"2021-07-22 13:32"}
2023-12-01 00:43:03 查询号码 【1850643】，GSD为【"山东-淄博"】

