2024-07-25 00:23:25 开始第 7721 次操作

2024-07-25 00:23:25 开始操作号码 【1527623】
2024-07-25 00:23:33 GSD getOne 第 1 次 等待 3 秒
2024-07-25 00:23:36 查询号码 【1527623】，返回信息 {"status":"ok","msg":"新疆-库尔勒","gid":"374608","time_insert":"2021-07-24 06:47"}
2024-07-25 00:23:36 查询号码 【1527623】，GSD为【"新疆-库尔勒"】

2024-07-25 00:23:37 开始第 7722 次操作

2024-07-25 00:23:37 开始操作号码 【1527624】
2024-07-25 00:23:46 GSD getOne 第 1 次 等待 3 秒
2024-07-25 00:23:49 查询号码 【1527624】，返回信息 {"status":"ok","msg":"新疆-库尔勒","gid":"374599","time_insert":"2021-07-24 06:46"}
2024-07-25 00:23:49 查询号码 【1527624】，GSD为【"新疆-库尔勒"】

2024-07-25 00:23:50 开始第 7723 次操作

2024-07-25 00:23:50 开始操作号码 【1527625】
2024-07-25 00:23:58 GSD getOne 第 1 次 等待 3 秒
2024-07-25 00:24:01 查询号码 【1527625】，返回信息 {"status":"ok","msg":"新疆-库尔勒","gid":"374585","time_insert":"2021-07-24 06:45"}
2024-07-25 00:24:01 查询号码 【1527625】，GSD为【"新疆-库尔勒"】

2024-07-25 00:24:02 开始第 7724 次操作

2024-07-25 00:24:02 开始操作号码 【1527626】
2024-07-25 00:24:10 GSD getOne 第 1 次 等待 3 秒
2024-07-25 00:24:13 查询号码 【1527626】，返回信息 {"status":"ok","msg":"新疆-库尔勒","gid":"19632","time_insert":"2019-04-13 15:16","time_update":"2020-12-23 06:17"}
2024-07-25 00:24:13 查询号码 【1527626】，GSD为【"新疆-库尔勒"】

2024-07-25 00:42:03 开始第 7725 次操作

2024-07-25 00:42:03 开始操作号码 【1527627】
2024-07-25 00:42:11 GSD getOne 第 1 次 等待 3 秒
2024-07-25 00:42:14 查询号码 【1527627】，返回信息 {"status":"ok","msg":"新疆-库尔勒","gid":"19633","time_insert":"2018-08-18 22:46","time_update":"2020-12-23 03:32"}
2024-07-25 00:42:14 查询号码 【1527627】，GSD为【"新疆-库尔勒"】

2024-07-25 00:42:15 开始第 7726 次操作

2024-07-25 00:42:15 开始操作号码 【1527628】
2024-07-25 00:42:23 GSD getOne 第 1 次 等待 3 秒
2024-07-25 00:42:26 查询号码 【1527628】，返回信息 {"status":"ok","msg":"新疆-库尔勒","gid":"374564","time_insert":"2021-07-24 06:43"}
2024-07-25 00:42:26 查询号码 【1527628】，GSD为【"新疆-库尔勒"】

2024-07-25 00:42:27 开始第 7727 次操作

2024-07-25 00:42:27 开始操作号码 【1527629】
2024-07-25 00:42:35 GSD getOne 第 1 次 等待 3 秒
2024-07-25 00:42:38 查询号码 【1527629】，返回信息 {"status":"ok","msg":"新疆-库尔勒","gid":"374548","time_insert":"2021-07-24 06:43"}
2024-07-25 00:42:38 查询号码 【1527629】，GSD为【"新疆-库尔勒"】

2024-07-25 00:42:39 开始第 7728 次操作

2024-07-25 00:42:39 开始操作号码 【1527630】
2024-07-25 00:42:47 GSD getOne 第 1 次 等待 3 秒
2024-07-25 00:42:50 查询号码 【1527630】，返回信息 {"status":"ok","msg":"新疆-石河子","gid":"374536","time_insert":"2021-07-24 06:42"}
2024-07-25 00:42:50 查询号码 【1527630】，GSD为【"新疆-石河子"】

2024-07-25 01:16:32 开始第 7729 次操作

2024-07-25 01:16:32 开始操作号码 【1527631】
2024-07-25 01:16:41 GSD getOne 第 1 次 等待 3 秒
2024-07-25 01:16:44 查询号码 【1527631】，返回信息 {"status":"ok","msg":"新疆-石河子","gid":"374523","time_insert":"2021-07-24 06:41"}
2024-07-25 01:16:45 查询号码 【1527631】，GSD为【"新疆-石河子"】

2024-07-25 01:16:46 开始第 7730 次操作

2024-07-25 01:16:46 开始操作号码 【1527632】
2024-07-25 01:17:00 GSD getOne 第 1 次 等待 3 秒
2024-07-25 01:17:03 查询号码 【1527632】，返回信息 {"status":"ok","msg":"新疆-伊犁","gid":"374511","time_insert":"2021-07-24 06:40"}
2024-07-25 01:17:03 查询号码 【1527632】，GSD为【"新疆-伊犁"】

2024-07-25 01:17:04 开始第 7731 次操作

2024-07-25 01:17:04 开始操作号码 【1527633】
2024-07-25 01:17:15 GSD getOne 第 1 次 等待 3 秒
2024-07-25 01:17:18 查询号码 【1527633】，返回信息 {"status":"ok","msg":"新疆-伊犁","gid":"374500","time_insert":"2021-07-24 06:39"}
2024-07-25 01:17:18 查询号码 【1527633】，GSD为【"新疆-伊犁"】

2024-07-25 01:17:19 开始第 7732 次操作

2024-07-25 01:17:19 开始操作号码 【1527634】
2024-07-25 01:17:26 GSD getOne 第 1 次 等待 3 秒
2024-07-25 01:17:30 查询号码 【1527634】，返回信息 {"status":"ok","msg":"新疆-伊犁","gid":"374494","time_insert":"2021-07-24 06:38"}
2024-07-25 01:17:30 查询号码 【1527634】，GSD为【"新疆-伊犁"】

2024-07-25 01:37:31 开始第 7733 次操作

2024-07-25 01:37:31 开始操作号码 【1527635】
2024-07-25 01:37:45 GSD getOne 第 1 次 等待 3 秒
2024-07-25 01:37:48 查询号码 【1527635】，返回信息 {"status":"ok","msg":"新疆-伊犁","gid":"374453","time_insert":"2021-07-24 06:19"}
2024-07-25 01:37:48 查询号码 【1527635】，GSD为【"新疆-伊犁"】

2024-07-25 01:37:49 开始第 7734 次操作

2024-07-25 01:37:49 开始操作号码 【1527636】
2024-07-25 01:37:58 GSD getOne 第 1 次 等待 3 秒
2024-07-25 01:38:01 查询号码 【1527636】，返回信息 {"status":"ok","msg":"新疆-伊犁","gid":"374450","time_insert":"2021-07-24 06:18"}
2024-07-25 01:38:01 查询号码 【1527636】，GSD为【"新疆-伊犁"】

2024-07-25 01:38:02 开始第 7735 次操作

2024-07-25 01:38:02 开始操作号码 【1527637】
2024-07-25 01:38:13 GSD getOne 第 1 次 等待 3 秒
2024-07-25 01:38:16 查询号码 【1527637】，返回信息 {"status":"ok","msg":"新疆-伊犁","gid":"374445","time_insert":"2021-07-24 06:17"}
2024-07-25 01:38:16 查询号码 【1527637】，GSD为【"新疆-伊犁"】

2024-07-25 01:38:17 开始第 7736 次操作

2024-07-25 01:38:17 开始操作号码 【1527638】
2024-07-25 01:38:24 GSD getOne 第 1 次 等待 3 秒
2024-07-25 01:38:27 查询号码 【1527638】，返回信息 {"status":"ok","msg":"新疆-伊犁","gid":"374440","time_insert":"2021-07-24 06:17"}
2024-07-25 01:38:28 查询号码 【1527638】，GSD为【"新疆-伊犁"】

2024-07-25 02:26:50 开始第 7737 次操作

2024-07-25 02:26:50 开始操作号码 【1527639】
2024-07-25 02:26:58 GSD getOne 第 1 次 等待 3 秒
2024-07-25 02:27:01 查询号码 【1527639】，返回信息 {"status":"ok","msg":"新疆-伊犁","gid":"19634","time_insert":"2014-03-24 19:30","time_update":"2020-12-23 06:04"}
2024-07-25 02:27:01 查询号码 【1527639】，GSD为【"新疆-伊犁"】

2024-07-25 02:27:02 开始第 7738 次操作

2024-07-25 02:27:02 开始操作号码 【1527640】
2024-07-25 02:27:10 GSD getOne 第 1 次 等待 3 秒
2024-07-25 02:27:13 查询号码 【1527640】，返回信息 {"status":"ok","msg":"新疆-阿克苏","gid":"19635","time_insert":"2015-10-25 19:44","time_update":"2020-12-23 03:17"}
2024-07-25 02:27:13 查询号码 【1527640】，GSD为【"新疆-阿克苏"】

2024-07-25 02:27:14 开始第 7739 次操作

2024-07-25 02:27:14 开始操作号码 【1527641】
2024-07-25 02:27:22 GSD getOne 第 1 次 等待 3 秒
2024-07-25 02:27:25 查询号码 【1527641】，返回信息 {"status":"ok","msg":"新疆-阿克苏","gid":"374433","time_insert":"2021-07-24 06:15"}
2024-07-25 02:27:25 查询号码 【1527641】，GSD为【"新疆-阿克苏"】

2024-07-25 02:27:26 开始第 7740 次操作

2024-07-25 02:27:26 开始操作号码 【1527642】
2024-07-25 02:27:34 GSD getOne 第 1 次 等待 3 秒
2024-07-25 02:27:37 查询号码 【1527642】，返回信息 {"status":"ok","msg":"新疆-昌吉","gid":"374429","time_insert":"2021-07-24 06:14"}
2024-07-25 02:27:37 查询号码 【1527642】，GSD为【"新疆-昌吉"】

2024-07-25 02:43:04 开始第 7741 次操作

2024-07-25 02:43:04 开始操作号码 【1527643】
2024-07-25 02:43:12 GSD getOne 第 1 次 等待 3 秒
2024-07-25 02:43:15 查询号码 【1527643】，返回信息 {"status":"ok","msg":"新疆-昌吉","gid":"374424","time_insert":"2021-07-24 06:13"}
2024-07-25 02:43:15 查询号码 【1527643】，GSD为【"新疆-昌吉"】

2024-07-25 02:43:16 开始第 7742 次操作

2024-07-25 02:43:16 开始操作号码 【1527644】
2024-07-25 02:43:24 GSD getOne 第 1 次 等待 3 秒
2024-07-25 02:43:27 查询号码 【1527644】，返回信息 {"status":"ok","msg":"新疆-喀什","gid":"374418","time_insert":"2021-07-24 06:12"}
2024-07-25 02:43:27 查询号码 【1527644】，GSD为【"新疆-喀什"】

2024-07-25 02:43:28 开始第 7743 次操作

2024-07-25 02:43:28 开始操作号码 【1527645】
2024-07-25 02:43:36 GSD getOne 第 1 次 等待 3 秒
2024-07-25 02:43:39 查询号码 【1527645】，返回信息 {"status":"ok","msg":"新疆-喀什","gid":"374412","time_insert":"2021-07-24 06:12"}
2024-07-25 02:43:39 查询号码 【1527645】，GSD为【"新疆-喀什"】

2024-07-25 02:43:40 开始第 7744 次操作

2024-07-25 02:43:40 开始操作号码 【1527646】
2024-07-25 02:43:47 GSD getOne 第 1 次 等待 3 秒
2024-07-25 02:43:50 查询号码 【1527646】，返回信息 {"status":"ok","msg":"新疆-库尔勒","gid":"19636","time_insert":"2018-06-01 23:16","time_update":"2020-12-25 01:32"}
2024-07-25 02:43:50 查询号码 【1527646】，GSD为【"新疆-库尔勒"】

2024-07-25 03:14:52 开始第 7745 次操作

2024-07-25 03:14:52 开始操作号码 【1527647】
2024-07-25 03:15:00 GSD getOne 第 1 次 等待 3 秒
2024-07-25 03:15:03 查询号码 【1527647】，返回信息 {"status":"ok","msg":"新疆-库尔勒","gid":"374402","time_insert":"2021-07-24 06:10"}
2024-07-25 03:15:03 查询号码 【1527647】，GSD为【"新疆-库尔勒"】

2024-07-25 03:15:04 开始第 7746 次操作

2024-07-25 03:15:04 开始操作号码 【1527648】
2024-07-25 03:15:12 GSD getOne 第 1 次 等待 3 秒
2024-07-25 03:15:15 查询号码 【1527648】，返回信息 {"status":"ok","msg":"新疆-石河子","gid":"374396","time_insert":"2021-07-24 06:10"}
2024-07-25 03:15:15 查询号码 【1527648】，GSD为【"新疆-石河子"】

2024-07-25 03:15:16 开始第 7747 次操作

2024-07-25 03:15:16 开始操作号码 【1527649】
2024-07-25 03:15:38 GSD getOne 第 1 次 等待 3 秒
2024-07-25 03:15:41 查询号码 【1527649】，返回信息 {"status":"ok","msg":"新疆-伊犁","gid":"374391","time_insert":"2021-07-24 06:09"}
2024-07-25 03:15:41 查询号码 【1527649】，GSD为【"新疆-伊犁"】

2024-07-25 03:15:42 开始第 7748 次操作

2024-07-25 03:15:42 开始操作号码 【1527650】
2024-07-25 03:15:50 GSD getOne 第 1 次 等待 3 秒
2024-07-25 03:15:53 查询号码 【1527650】，返回信息 {"status":"ok","msg":"新疆-乌鲁木齐","gid":"374383","time_insert":"2021-07-24 06:08"}
2024-07-25 03:15:53 查询号码 【1527650】，GSD为【"新疆-乌鲁木齐"】

