2023-11-27 00:19:56 开始第 82 次操作
2023-11-27 00:19:56 号码【195（0000 ---> 9999）】处理完毕
2023-11-27 00:38:51 开始第 82 次操作
2023-11-27 00:38:51 号码【195（0000 ---> 9999）】处理完毕
2023-11-27 01:14:02 开始第 82 次操作
2023-11-27 01:14:02 号码【195（0000 ---> 9999）】处理完毕
2023-11-27 01:37:38 开始第 82 次操作
2023-11-27 01:37:38 号码【195（0000 ---> 9999）】处理完毕
2023-11-27 02:19:32 开始第 82 次操作
2023-11-27 02:19:32 号码【195（0000 ---> 9999）】处理完毕
2023-11-27 02:37:38 开始第 82 次操作
2023-11-27 02:37:38 号码【195（0000 ---> 9999）】处理完毕
2023-11-27 03:12:30 开始第 82 次操作
2023-11-27 03:12:30 号码【195（0000 ---> 9999）】处理完毕
2023-11-27 03:37:35 开始第 82 次操作
2023-11-27 03:37:35 号码【195（0000 ---> 9999）】处理完毕
2023-11-27 04:16:41 开始第 82 次操作
2023-11-27 04:16:41 号码【195（0000 ---> 9999）】处理完毕
2023-11-27 04:37:43 开始第 82 次操作
2023-11-27 04:37:43 号码【195（0000 ---> 9999）】处理完毕
2023-11-27 05:14:15 开始第 82 次操作
2023-11-27 05:14:15 号码【195（0000 ---> 9999）】处理完毕
2023-11-27 05:37:46 开始第 82 次操作
2023-11-27 05:37:46 号码【195（0000 ---> 9999）】处理完毕
2023-11-27 06:14:57 开始第 82 次操作
2023-11-27 06:14:57 号码【195（0000 ---> 9999）】处理完毕
2023-11-27 06:37:28 开始第 82 次操作
2023-11-27 06:37:28 号码【195（0000 ---> 9999）】处理完毕
2023-11-27 07:16:11 开始第 82 次操作
2023-11-27 07:16:11 号码【195（0000 ---> 9999）】处理完毕
2023-11-27 07:37:20 开始第 82 次操作
2023-11-27 07:37:20 号码【195（0000 ---> 9999）】处理完毕
2023-11-27 09:15:44 开始第 82 次操作
2023-11-27 09:15:44 号码【195（0000 ---> 9999）】处理完毕
2023-11-27 09:57:37 开始第 82 次操作

2023-11-27 09:57:37 开始操作号码 【1850001】
2023-11-27 09:57:41 GSD getOne 第 1 次 等待 3 秒
2023-11-27 09:57:44 查询号码 【1850001】，返回信息 {"status":"ok","msg":"北京-北京","gid":"301559","time_insert":"2021-07-17 09:26"}
2023-11-27 09:57:44 查询号码 【1850001】，GSD为【"北京-北京"】

2023-11-27 09:57:45 开始第 83 次操作

2023-11-27 09:57:45 开始操作号码 【1850002】
2023-11-27 09:57:49 GSD getOne 第 1 次 等待 3 秒
2023-11-27 09:57:52 查询号码 【1850002】，返回信息 {"status":"ok","msg":"北京-北京","gid":"301624","time_insert":"2021-07-17 09:39"}
2023-11-27 09:57:52 查询号码 【1850002】，GSD为【"北京-北京"】

2023-11-27 09:57:53 开始第 84 次操作

2023-11-27 09:57:53 开始操作号码 【1850003】
2023-11-27 09:57:57 GSD getOne 第 1 次 等待 3 秒
2023-11-27 09:58:00 查询号码 【1850003】，返回信息 {"status":"ok","msg":"北京-北京","gid":"301781","time_insert":"2021-07-17 09:49"}
2023-11-27 09:58:00 查询号码 【1850003】，GSD为【"北京-北京"】

2023-11-27 10:10:13 开始第 85 次操作

2023-11-27 10:10:13 开始操作号码 【1850004】
2023-11-27 10:10:17 GSD getOne 第 1 次 等待 3 秒
2023-11-27 10:10:20 查询号码 【1850004】，返回信息 {"status":"ok","msg":"北京-北京","gid":"301953","time_insert":"2021-07-17 10:02"}
2023-11-27 10:10:20 查询号码 【1850004】，GSD为【"北京-北京"】

2023-11-27 10:10:21 开始第 86 次操作

2023-11-27 10:10:21 开始操作号码 【1850005】
2023-11-27 10:10:25 GSD getOne 第 1 次 等待 3 秒
2023-11-27 10:10:28 查询号码 【1850005】，返回信息 {"status":"ok","msg":"北京-北京","gid":"302000","time_insert":"2021-07-17 10:13"}
2023-11-27 10:10:28 查询号码 【1850005】，GSD为【"北京-北京"】

2023-11-27 10:10:29 开始第 87 次操作

2023-11-27 10:10:29 开始操作号码 【1850006】
2023-11-27 10:10:33 GSD getOne 第 1 次 等待 3 秒
2023-11-27 10:10:36 查询号码 【1850006】，返回信息 {"status":"ok","msg":"北京-北京","gid":"302028","time_insert":"2021-07-17 10:25"}
2023-11-27 10:10:36 查询号码 【1850006】，GSD为【"北京-北京"】

2023-11-27 10:10:37 开始第 88 次操作

2023-11-27 10:10:37 开始操作号码 【1850007】
2023-11-27 10:10:40 GSD getOne 第 1 次 等待 3 秒
2023-11-27 10:10:43 查询号码 【1850007】，返回信息 {"status":"ok","msg":"北京-北京","gid":"302055","time_insert":"2021-07-17 10:36"}
2023-11-27 10:10:43 查询号码 【1850007】，GSD为【"北京-北京"】

2023-11-27 10:41:30 开始第 89 次操作

2023-11-27 10:41:30 开始操作号码 【1850008】
2023-11-27 10:41:35 GSD getOne 第 1 次 等待 3 秒
2023-11-27 10:41:38 查询号码 【1850008】，返回信息 {"status":"ok","msg":"北京-北京","gid":"302112","time_insert":"2021-07-17 10:48"}
2023-11-27 10:41:38 查询号码 【1850008】，GSD为【"北京-北京"】

2023-11-27 10:41:39 开始第 90 次操作

2023-11-27 10:41:39 开始操作号码 【1850009】
2023-11-27 10:41:43 GSD getOne 第 1 次 等待 3 秒
2023-11-27 10:41:46 查询号码 【1850009】，返回信息 {"status":"ok","msg":"北京-北京","gid":"302273","time_insert":"2021-07-17 10:58"}
2023-11-27 10:41:46 查询号码 【1850009】，GSD为【"北京-北京"】

2023-11-27 10:41:47 开始第 91 次操作

2023-11-27 10:41:47 开始操作号码 【1850010】
2023-11-27 10:41:50 GSD getOne 第 1 次 等待 3 秒
2023-11-27 10:41:53 查询号码 【1850010】，返回信息 {"status":"ok","msg":"北京-北京","gid":"302440","time_insert":"2021-07-17 11:11"}
2023-11-27 10:41:53 查询号码 【1850010】，GSD为【"北京-北京"】

2023-11-27 10:41:54 开始第 92 次操作

2023-11-27 10:41:54 开始操作号码 【1850011】
2023-11-27 10:41:59 GSD getOne 第 1 次 等待 3 秒
2023-11-27 10:42:02 查询号码 【1850011】，返回信息 {"status":"ok","msg":"北京-北京","gid":"302509","time_insert":"2021-07-17 11:23"}
2023-11-27 10:42:02 查询号码 【1850011】，GSD为【"北京-北京"】

2023-11-27 11:17:39 开始第 93 次操作

2023-11-27 11:17:39 开始操作号码 【1850012】
2023-11-27 11:17:44 GSD getOne 第 1 次 等待 3 秒
2023-11-27 11:17:47 查询号码 【1850012】，返回信息 {"status":"ok","msg":"北京-北京","gid":"302531","time_insert":"2021-07-17 11:34"}
2023-11-27 11:17:47 查询号码 【1850012】，GSD为【"北京-北京"】

2023-11-27 11:17:48 开始第 94 次操作

2023-11-27 11:17:48 开始操作号码 【1850013】
2023-11-27 11:17:52 GSD getOne 第 1 次 等待 3 秒
2023-11-27 11:17:55 查询号码 【1850013】，返回信息 {"status":"ok","msg":"北京-北京","gid":"302578","time_insert":"2021-07-17 11:44"}
2023-11-27 11:17:55 查询号码 【1850013】，GSD为【"北京-北京"】

2023-11-27 11:17:56 开始第 95 次操作

2023-11-27 11:17:56 开始操作号码 【1850014】
2023-11-27 11:18:00 GSD getOne 第 1 次 等待 3 秒
2023-11-27 11:18:03 查询号码 【1850014】，返回信息 {"status":"ok","msg":"北京-北京","gid":"302740","time_insert":"2021-07-17 11:57"}
2023-11-27 11:18:03 查询号码 【1850014】，GSD为【"北京-北京"】

2023-11-27 11:18:04 开始第 96 次操作

2023-11-27 11:18:04 开始操作号码 【1850015】
2023-11-27 11:18:07 GSD getOne 第 1 次 等待 3 秒
2023-11-27 11:18:10 查询号码 【1850015】，返回信息 {"status":"ok","msg":"北京-北京","gid":"302889","time_insert":"2021-07-17 12:10"}
2023-11-27 11:18:10 查询号码 【1850015】，GSD为【"北京-北京"】

2023-11-27 11:37:49 开始第 97 次操作

2023-11-27 11:37:49 开始操作号码 【1850016】
2023-11-27 11:37:56 GSD getOne 第 1 次 等待 3 秒
2023-11-27 11:37:59 查询号码 【1850016】，返回信息 {"status":"ok","msg":"北京-北京","gid":"302959","time_insert":"2021-07-17 12:23"}
2023-11-27 11:37:59 查询号码 【1850016】，GSD为【"北京-北京"】

2023-11-27 11:38:00 开始第 98 次操作

2023-11-27 11:38:00 开始操作号码 【1850017】
2023-11-27 11:38:09 GSD getOne 第 1 次 等待 3 秒
2023-11-27 11:38:12 查询号码 【1850017】，返回信息 {"status":"ok","msg":"北京-北京","gid":"303001","time_insert":"2021-07-17 12:37"}
2023-11-27 11:38:12 查询号码 【1850017】，GSD为【"北京-北京"】

2023-11-27 11:38:13 开始第 99 次操作

2023-11-27 11:38:13 开始操作号码 【1850018】
2023-11-27 11:38:18 GSD getOne 第 1 次 等待 3 秒
2023-11-27 11:38:21 查询号码 【1850018】，返回信息 {"status":"ok","msg":"北京-北京","gid":"55785","time_insert":"2020-03-13 08:57"}
2023-11-27 11:38:21 查询号码 【1850018】，GSD为【"北京-北京"】

2023-11-27 11:38:22 开始第 100 次操作

2023-11-27 11:38:22 开始操作号码 【1850019】
2023-11-27 11:38:26 GSD getOne 第 1 次 等待 3 秒
2023-11-27 11:38:29 查询号码 【1850019】，返回信息 {"status":"ok","msg":"北京-北京","gid":"303047","time_insert":"2021-07-17 12:50"}
2023-11-27 11:38:29 查询号码 【1850019】，GSD为【"北京-北京"】

