2024-01-07 00:20:22 开始第 7273 次操作

2024-01-07 00:20:22 开始操作号码 【1857192】
2024-01-07 00:20:25 GSD getOne 第 1 次 等待 3 秒
2024-01-07 00:20:28 查询号码 【1857192】，返回信息 {"status":"ok","msg":"湖北-武汉","gid":"429742","time_insert":"2021-07-29 03:42"}
2024-01-07 00:20:28 查询号码 【1857192】，GSD为【"湖北-武汉"】

2024-01-07 00:20:29 开始第 7274 次操作

2024-01-07 00:20:29 开始操作号码 【1857193】
2024-01-07 00:20:32 GSD getOne 第 1 次 等待 3 秒
2024-01-07 00:20:35 查询号码 【1857193】，返回信息 {"status":"ok","msg":"湖北-黄冈","gid":"429738","time_insert":"2021-07-29 03:42"}
2024-01-07 00:20:35 查询号码 【1857193】，GSD为【"湖北-黄冈"】

2024-01-07 00:20:36 开始第 7275 次操作

2024-01-07 00:20:36 开始操作号码 【1857194】
2024-01-07 00:20:42 GSD getOne 第 1 次 等待 3 秒
2024-01-07 00:20:45 查询号码 【1857194】，返回信息 {"status":"ok","msg":"湖北-黄冈","gid":"39968","time_insert":"2018-02-20 20:13","time_update":"2020-09-19 00:03"}
2024-01-07 00:20:45 查询号码 【1857194】，GSD为【"湖北-黄冈"】

2024-01-07 00:20:46 开始第 7276 次操作

2024-01-07 00:20:46 开始操作号码 【1857195】
2024-01-07 00:20:49 GSD getOne 第 1 次 等待 3 秒
2024-01-07 00:20:52 查询号码 【1857195】，返回信息 {"status":"ok","msg":"湖北-荆门","gid":"429733","time_insert":"2021-07-29 03:41"}
2024-01-07 00:20:52 查询号码 【1857195】，GSD为【"湖北-荆门"】

