2024-02-13 00:21:22 开始第 3369 次操作

2024-02-13 00:21:22 开始操作号码 【1743287】
2024-02-13 00:21:27 GSD getOne 第 1 次 等待 3 秒
2024-02-13 00:21:30 查询号码 【1743287】，返回信息 {"status":"ok","msg":"-","gid":"187773","time_insert":"2021-07-04 05:55"}
2024-02-13 00:21:30 查询号码 【1743287】，GSD为【"-"】
2024-02-13 00:21:30 ok && -
2024-02-13 00:21:33 CHB 1743287?1707754890 第 1 次 等待 3 秒
2024-02-13 00:21:36 CHB 1743287?1707754890 第 1 次 获取到号码【1743287】GSD
2024-02-13 00:21:36 未获取到号码【1743287】GSD，可能号码格式错误
2024-02-13 00:21:36 获取到号码【1743287】的GSD为【-】
2024-02-13 00:21:41 GSD insert 第 1 次 等待 3 秒
2024-02-13 00:21:44 {"status":"bad","gid":"187773","msg":"添加失败！号码【1743287(-|-)】已存在！"}
2024-02-13 00:21:44 随机等待 159 秒，约 2 分钟
2024-02-13 00:21:44 下次操作: 2024-02-13 00:24:23

2024-02-13 00:24:23 开始第 3370 次操作

2024-02-13 00:24:23 开始操作号码 【1743288】
2024-02-13 00:24:29 GSD getOne 第 1 次 等待 3 秒
2024-02-13 00:24:32 查询号码 【1743288】，返回信息 {"status":"ok","msg":"-","gid":"187779","time_insert":"2021-07-04 05:56"}
2024-02-13 00:24:32 查询号码 【1743288】，GSD为【"-"】
2024-02-13 00:24:32 ok && -
2024-02-13 00:24:34 CHB 1743288?1707755072 第 1 次 等待 3 秒
2024-02-13 00:24:37 CHB 1743288?1707755072 第 1 次 获取到号码【1743288】GSD
2024-02-13 00:24:37 未获取到号码【1743288】GSD，可能号码格式错误
2024-02-13 00:24:37 获取到号码【1743288】的GSD为【-】
2024-02-13 00:24:41 GSD insert 第 1 次 等待 3 秒
2024-02-13 00:24:44 {"status":"bad","gid":"187779","msg":"添加失败！号码【1743288(-|-)】已存在！"}
2024-02-13 00:24:44 随机等待 71 秒，约 1 分钟
2024-02-13 00:24:44 下次操作: 2024-02-13 00:25:55

2024-02-13 00:25:55 开始第 3371 次操作

2024-02-13 00:25:55 开始操作号码 【1743289】
2024-02-13 00:26:00 GSD getOne 第 1 次 等待 3 秒
2024-02-13 00:26:03 查询号码 【1743289】，返回信息 {"status":"ok","msg":"-","gid":"187787","time_insert":"2021-07-04 05:57"}
2024-02-13 00:26:04 查询号码 【1743289】，GSD为【"-"】
2024-02-13 00:26:04 ok && -
2024-02-13 00:26:07 CHB 1743289?1707755164 第 1 次 等待 3 秒
2024-02-13 00:26:10 CHB 1743289?1707755164 第 1 次 获取到号码【1743289】GSD
2024-02-13 00:26:10 未获取到号码【1743289】GSD，可能号码格式错误
2024-02-13 00:26:10 获取到号码【1743289】的GSD为【-】
2024-02-13 00:26:14 GSD insert 第 1 次 等待 3 秒
2024-02-13 00:26:17 {"status":"bad","gid":"187787","msg":"添加失败！号码【1743289(-|-)】已存在！"}
2024-02-13 00:26:17 随机等待 148 秒，约 2 分钟
2024-02-13 00:26:17 下次操作: 2024-02-13 00:28:45

2024-02-13 00:28:45 开始第 3372 次操作

2024-02-13 00:28:45 开始操作号码 【1743290】
2024-02-13 00:28:50 GSD getOne 第 1 次 等待 3 秒
2024-02-13 00:28:53 查询号码 【1743290】，返回信息 {"status":"ok","msg":"-","gid":"187792","time_insert":"2021-07-04 05:58"}
2024-02-13 00:28:53 查询号码 【1743290】，GSD为【"-"】
2024-02-13 00:28:53 ok && -
2024-02-13 00:28:55 CHB 1743290?1707755333 第 1 次 等待 3 秒
2024-02-13 00:28:58 CHB 1743290?1707755333 第 1 次 获取到号码【1743290】GSD
2024-02-13 00:28:58 未获取到号码【1743290】GSD，可能号码格式错误
2024-02-13 00:28:58 获取到号码【1743290】的GSD为【-】
2024-02-13 00:29:03 GSD insert 第 1 次 等待 3 秒
2024-02-13 00:29:06 {"status":"bad","gid":"187792","msg":"添加失败！号码【1743290(-|-)】已存在！"}

2024-02-13 00:38:20 开始第 3373 次操作

2024-02-13 00:38:20 开始操作号码 【1743291】
2024-02-13 00:38:24 GSD getOne 第 1 次 等待 3 秒
2024-02-13 00:38:27 查询号码 【1743291】，返回信息 {"status":"ok","msg":"-","gid":"187795","time_insert":"2021-07-04 05:58"}
2024-02-13 00:38:27 查询号码 【1743291】，GSD为【"-"】
2024-02-13 00:38:27 ok && -
2024-02-13 00:38:30 CHB 1743291?1707755907 第 1 次 等待 3 秒
2024-02-13 00:38:33 CHB 1743291?1707755907 第 1 次 获取到号码【1743291】GSD
2024-02-13 00:38:33 未获取到号码【1743291】GSD，可能号码格式错误
2024-02-13 00:38:33 获取到号码【1743291】的GSD为【-】
2024-02-13 00:38:38 GSD insert 第 1 次 等待 3 秒
2024-02-13 00:38:41 {"status":"bad","gid":"187795","msg":"添加失败！号码【1743291(-|-)】已存在！"}
2024-02-13 00:38:41 随机等待 178 秒，约 2 分钟
2024-02-13 00:38:41 下次操作: 2024-02-13 00:41:39

2024-02-13 00:41:39 开始第 3374 次操作

2024-02-13 00:41:39 开始操作号码 【1743292】
2024-02-13 00:41:45 GSD getOne 第 1 次 等待 3 秒
2024-02-13 00:41:48 查询号码 【1743292】，返回信息 {"status":"ok","msg":"-","gid":"187799","time_insert":"2021-07-04 05:59"}
2024-02-13 00:41:48 查询号码 【1743292】，GSD为【"-"】
2024-02-13 00:41:48 ok && -
2024-02-13 00:41:50 CHB 1743292?1707756108 第 1 次 等待 3 秒
2024-02-13 00:41:53 CHB 1743292?1707756108 第 1 次 获取到号码【1743292】GSD
2024-02-13 00:41:53 未获取到号码【1743292】GSD，可能号码格式错误
2024-02-13 00:41:53 获取到号码【1743292】的GSD为【-】
2024-02-13 00:41:57 GSD insert 第 1 次 等待 3 秒
2024-02-13 00:42:00 {"status":"bad","gid":"187799","msg":"添加失败！号码【1743292(-|-)】已存在！"}
2024-02-13 00:42:00 随机等待 190 秒，约 3 分钟
2024-02-13 00:42:00 下次操作: 2024-02-13 00:45:10

2024-02-13 00:45:10 开始第 3375 次操作

2024-02-13 00:45:10 开始操作号码 【1743293】
2024-02-13 00:45:16 GSD getOne 第 1 次 等待 3 秒
2024-02-13 00:45:19 查询号码 【1743293】，返回信息 {"status":"ok","msg":"-","gid":"187803","time_insert":"2021-07-04 05:59"}
2024-02-13 00:45:19 查询号码 【1743293】，GSD为【"-"】
2024-02-13 00:45:19 ok && -
2024-02-13 00:45:29 CHB 1743293?1707756319 第 1 次 等待 3 秒
2024-02-13 00:45:32 CHB 1743293?1707756319 第 1 次 获取到号码【1743293】GSD
2024-02-13 00:45:32 未获取到号码【1743293】GSD，可能号码格式错误
2024-02-13 00:45:32 获取到号码【1743293】的GSD为【-】
2024-02-13 00:45:36 GSD insert 第 1 次 等待 3 秒
2024-02-13 00:45:39 {"status":"bad","gid":"187803","msg":"添加失败！号码【1743293(-|-)】已存在！"}
2024-02-13 00:45:39 随机等待 219 秒，约 3 分钟
2024-02-13 00:45:39 下次操作: 2024-02-13 00:49:18

2024-02-13 00:49:18 开始第 3376 次操作

2024-02-13 00:49:18 开始操作号码 【1743294】
2024-02-13 00:49:24 GSD getOne 第 1 次 等待 3 秒
2024-02-13 00:49:27 查询号码 【1743294】，返回信息 {"status":"ok","msg":"-","gid":"187808","time_insert":"2021-07-04 06:00"}
2024-02-13 00:49:27 查询号码 【1743294】，GSD为【"-"】
2024-02-13 00:49:27 ok && -
2024-02-13 00:49:29 CHB 1743294?1707756567 第 1 次 等待 3 秒
2024-02-13 00:49:32 CHB 1743294?1707756567 第 1 次 获取到号码【1743294】GSD
2024-02-13 00:49:32 未获取到号码【1743294】GSD，可能号码格式错误
2024-02-13 00:49:32 获取到号码【1743294】的GSD为【-】
2024-02-13 00:49:37 GSD insert 第 1 次 等待 3 秒
2024-02-13 00:49:40 {"status":"bad","gid":"187808","msg":"添加失败！号码【1743294(-|-)】已存在！"}

