2023-10-19 00:22:19 开始第 3801 次操作

2023-10-19 00:22:19 开始操作号码 【1953719】
2023-10-19 00:22:22 GSD getOne 第 1 次 等待 3 秒
2023-10-19 00:22:25 查询号码 【1953719】，返回信息 {"status":"ok","msg":"四川-遂宁","gid":"513583","time_insert":"2021-08-16 20:08","time_update":"2023-06-19 15:39"}
2023-10-19 00:22:25 查询号码 【1953719】，GSD为【"四川-遂宁"】

2023-10-19 00:22:26 开始第 3802 次操作

2023-10-19 00:22:26 开始操作号码 【1953720】
2023-10-19 00:22:30 GSD getOne 第 1 次 等待 3 秒
2023-10-19 00:22:33 查询号码 【1953720】，返回信息 {"status":"ok","msg":"四川-内江","gid":"513599","time_insert":"2021-08-16 20:18","time_update":"2023-06-19 16:15"}
2023-10-19 00:22:33 查询号码 【1953720】，GSD为【"四川-内江"】

2023-10-19 00:22:34 开始第 3803 次操作

2023-10-19 00:22:34 开始操作号码 【1953721】
2023-10-19 00:22:37 GSD getOne 第 1 次 等待 3 秒
2023-10-19 00:22:40 查询号码 【1953721】，返回信息 {"status":"ok","msg":"四川-南充","gid":"513614","time_insert":"2021-08-16 20:30","time_update":"2023-06-19 16:17"}
2023-10-19 00:22:40 查询号码 【1953721】，GSD为【"四川-南充"】

2023-10-19 00:22:41 开始第 3804 次操作

2023-10-19 00:22:41 开始操作号码 【1953722】
2023-10-19 00:22:45 GSD getOne 第 1 次 等待 3 秒
2023-10-19 00:22:48 查询号码 【1953722】，返回信息 {"status":"ok","msg":"浙江-绍兴","gid":"513628","time_insert":"2021-08-16 20:40"}
2023-10-19 00:22:48 查询号码 【1953722】，GSD为【"浙江-绍兴"】

