2024-07-11 00:23:34 开始第 5289 次操作

2024-07-11 00:23:34 开始操作号码 【1525191】
2024-07-11 00:23:42 GSD getOne 第 1 次 等待 3 秒
2024-07-11 00:23:45 查询号码 【1525191】，返回信息 {"status":"ok","msg":"江苏-常州","gid":"399310","time_insert":"2021-07-26 08:43"}
2024-07-11 00:23:45 查询号码 【1525191】，GSD为【"江苏-常州"】

2024-07-11 00:23:46 开始第 5290 次操作

2024-07-11 00:23:46 开始操作号码 【1525192】
2024-07-11 00:23:55 GSD getOne 第 1 次 等待 3 秒
2024-07-11 00:23:58 查询号码 【1525192】，返回信息 {"status":"ok","msg":"江苏-常州","gid":"399356","time_insert":"2021-07-26 08:59"}
2024-07-11 00:23:58 查询号码 【1525192】，GSD为【"江苏-常州"】

2024-07-11 00:23:59 开始第 5291 次操作

2024-07-11 00:23:59 开始操作号码 【1525193】
2024-07-11 00:24:08 GSD getOne 第 1 次 等待 3 秒
2024-07-11 00:24:11 查询号码 【1525193】，返回信息 {"status":"ok","msg":"江苏-常州","gid":"19388","time_insert":"2017-06-14 15:45","time_update":"2020-08-25 09:09"}
2024-07-11 00:24:11 查询号码 【1525193】，GSD为【"江苏-常州"】

2024-07-11 00:24:13 开始第 5292 次操作

2024-07-11 00:24:13 开始操作号码 【1525194】
2024-07-11 00:24:20 GSD getOne 第 1 次 等待 3 秒
2024-07-11 00:24:23 查询号码 【1525194】，返回信息 {"status":"ok","msg":"江苏-常州","gid":"399407","time_insert":"2021-07-26 09:19"}
2024-07-11 00:24:23 查询号码 【1525194】，GSD为【"江苏-常州"】

