2024-09-21 00:12:47 开始第 5757 次操作

2024-09-21 00:12:47 开始操作号码 【1415754】
2024-09-21 00:12:53 GSD getOne 第 1 次 等待 3 秒
2024-09-21 00:12:56 查询号码 【1415754】，返回信息 {"status":"ok","msg":"-","gid":"641827","time_insert":"2023-04-08 20:23"}
2024-09-21 00:12:57 查询号码 【1415754】，GSD为【"-"】
2024-09-21 00:12:57 ok && -
2024-09-21 00:12:59 CHB 1415754?1726848777 第 1 次 等待 3 秒
2024-09-21 00:13:02 CHB 1415754?1726848777 第 1 次 获取到号码【1415754】GSD
2024-09-21 00:13:02 未获取到号码【1415754】GSD，可能号码格式错误
2024-09-21 00:13:02 获取到号码【1415754】的GSD为【-】
2024-09-21 00:13:04 GSD insert 第 1 次 等待 3 秒
2024-09-21 00:13:07 {"status":"bad","gid":"641827","msg":"添加失败！号码【1415754(-|-)】已存在！"}
2024-09-21 00:13:07 随机等待 144 秒，约 2 分钟
2024-09-21 00:13:07 下次操作: 2024-09-21 00:15:31

2024-09-21 00:15:31 开始第 5758 次操作

2024-09-21 00:15:31 开始操作号码 【1415755】
2024-09-21 00:15:33 GSD getOne 第 1 次 等待 3 秒
2024-09-21 00:15:36 查询号码 【1415755】，返回信息 {"status":"ok","msg":"-","gid":"641835","time_insert":"2023-04-08 20:35"}
2024-09-21 00:15:36 查询号码 【1415755】，GSD为【"-"】
2024-09-21 00:15:36 ok && -
2024-09-21 00:15:38 CHB 1415755?1726848936 第 1 次 等待 3 秒
2024-09-21 00:15:41 CHB 1415755?1726848936 第 1 次 获取到号码【1415755】GSD
2024-09-21 00:15:41 未获取到号码【1415755】GSD，可能号码格式错误
2024-09-21 00:15:41 获取到号码【1415755】的GSD为【-】
2024-09-21 00:15:44 GSD insert 第 1 次 等待 3 秒
2024-09-21 00:15:47 {"status":"bad","gid":"641835","msg":"添加失败！号码【1415755(-|-)】已存在！"}
2024-09-21 00:15:47 随机等待 122 秒，约 2 分钟
2024-09-21 00:15:47 下次操作: 2024-09-21 00:17:49

2024-09-21 00:17:49 开始第 5759 次操作

2024-09-21 00:17:49 开始操作号码 【1415756】
2024-09-21 00:17:51 GSD getOne 第 1 次 等待 3 秒
2024-09-21 00:17:54 查询号码 【1415756】，返回信息 {"status":"ok","msg":"-","gid":"641843","time_insert":"2023-04-08 20:44"}
2024-09-21 00:17:54 查询号码 【1415756】，GSD为【"-"】
2024-09-21 00:17:54 ok && -
2024-09-21 00:17:55 CHB 1415756?1726849074 第 1 次 等待 3 秒
2024-09-21 00:17:58 CHB 1415756?1726849074 第 1 次 获取到号码【1415756】GSD
2024-09-21 00:17:58 未获取到号码【1415756】GSD，可能号码格式错误
2024-09-21 00:17:58 获取到号码【1415756】的GSD为【-】
2024-09-21 00:18:00 GSD insert 第 1 次 等待 3 秒
2024-09-21 00:18:03 {"status":"bad","gid":"641843","msg":"添加失败！号码【1415756(-|-)】已存在！"}
2024-09-21 00:18:03 随机等待 202 秒，约 3 分钟
2024-09-21 00:18:03 下次操作: 2024-09-21 00:21:25

2024-09-21 00:21:25 开始第 5760 次操作

2024-09-21 00:21:25 开始操作号码 【1415757】
2024-09-21 00:21:27 GSD getOne 第 1 次 等待 3 秒
2024-09-21 00:21:30 查询号码 【1415757】，返回信息 {"status":"ok","msg":"-","gid":"641857","time_insert":"2023-04-08 21:07"}
2024-09-21 00:21:30 查询号码 【1415757】，GSD为【"-"】
2024-09-21 00:21:30 ok && -
2024-09-21 00:21:32 CHB 1415757?1726849290 第 1 次 等待 3 秒
2024-09-21 00:21:35 CHB 1415757?1726849290 第 1 次 获取到号码【1415757】GSD
2024-09-21 00:21:35 未获取到号码【1415757】GSD，可能号码格式错误
2024-09-21 00:21:35 获取到号码【1415757】的GSD为【-】
2024-09-21 00:21:39 GSD insert 第 1 次 等待 3 秒
2024-09-21 00:21:42 {"status":"bad","gid":"641857","msg":"添加失败！号码【1415757(-|-)】已存在！"}

2024-09-21 00:41:36 开始第 5761 次操作

2024-09-21 00:41:36 开始操作号码 【1415758】
2024-09-21 00:41:39 GSD getOne 第 1 次 等待 3 秒
2024-09-21 00:41:42 查询号码 【1415758】，返回信息 {"status":"ok","msg":"-","gid":"641875","time_insert":"2023-04-08 21:27"}
2024-09-21 00:41:42 查询号码 【1415758】，GSD为【"-"】
2024-09-21 00:41:42 ok && -
2024-09-21 00:41:44 CHB 1415758?1726850502 第 1 次 等待 3 秒
2024-09-21 00:41:47 CHB 1415758?1726850502 第 1 次 获取到号码【1415758】GSD
2024-09-21 00:41:47 未获取到号码【1415758】GSD，可能号码格式错误
2024-09-21 00:41:47 获取到号码【1415758】的GSD为【-】
2024-09-21 00:41:50 GSD insert 第 1 次 等待 3 秒
2024-09-21 00:41:53 {"status":"bad","gid":"641875","msg":"添加失败！号码【1415758(-|-)】已存在！"}
2024-09-21 00:41:53 随机等待 198 秒，约 3 分钟
2024-09-21 00:41:53 下次操作: 2024-09-21 00:45:11

2024-09-21 00:45:11 开始第 5762 次操作

2024-09-21 00:45:11 开始操作号码 【1415759】
2024-09-21 00:45:12 GSD getOne 第 1 次 等待 3 秒
2024-09-21 00:45:15 查询号码 【1415759】，返回信息 {"status":"ok","msg":"-","gid":"641884","time_insert":"2023-04-08 21:36"}
2024-09-21 00:45:15 查询号码 【1415759】，GSD为【"-"】
2024-09-21 00:45:15 ok && -
2024-09-21 00:45:17 CHB 1415759?1726850715 第 1 次 等待 3 秒
2024-09-21 00:45:20 CHB 1415759?1726850715 第 1 次 获取到号码【1415759】GSD
2024-09-21 00:45:20 未获取到号码【1415759】GSD，可能号码格式错误
2024-09-21 00:45:20 获取到号码【1415759】的GSD为【-】
2024-09-21 00:45:23 GSD insert 第 1 次 等待 3 秒
2024-09-21 00:45:26 {"status":"bad","gid":"641884","msg":"添加失败！号码【1415759(-|-)】已存在！"}
2024-09-21 00:45:26 随机等待 127 秒，约 2 分钟
2024-09-21 00:45:26 下次操作: 2024-09-21 00:47:33

2024-09-21 00:47:33 开始第 5763 次操作

2024-09-21 00:47:33 开始操作号码 【1415760】
2024-09-21 00:47:35 GSD getOne 第 1 次 等待 3 秒
2024-09-21 00:47:38 查询号码 【1415760】，返回信息 {"status":"ok","msg":"-","gid":"641899","time_insert":"2023-04-08 21:55"}
2024-09-21 00:47:38 查询号码 【1415760】，GSD为【"-"】
2024-09-21 00:47:38 ok && -
2024-09-21 00:47:40 CHB 1415760?1726850858 第 1 次 等待 3 秒
2024-09-21 00:47:43 CHB 1415760?1726850858 第 1 次 获取到号码【1415760】GSD
2024-09-21 00:47:43 未获取到号码【1415760】GSD，可能号码格式错误
2024-09-21 00:47:43 获取到号码【1415760】的GSD为【-】
2024-09-21 00:47:46 GSD insert 第 1 次 等待 3 秒
2024-09-21 00:47:49 {"status":"bad","gid":"641899","msg":"添加失败！号码【1415760(-|-)】已存在！"}
2024-09-21 00:47:49 随机等待 98 秒，约 1 分钟
2024-09-21 00:47:49 下次操作: 2024-09-21 00:49:27

2024-09-21 00:49:27 开始第 5764 次操作

2024-09-21 00:49:27 开始操作号码 【1415761】
2024-09-21 00:49:44 GSD getOne 第 1 次 等待 3 秒
2024-09-21 00:49:47 查询号码 【1415761】，返回信息 {"status":"ok","msg":"-","gid":"641914","time_insert":"2023-04-08 22:12"}
2024-09-21 00:49:47 查询号码 【1415761】，GSD为【"-"】
2024-09-21 00:49:47 ok && -
2024-09-21 00:49:49 CHB 1415761?1726850987 第 1 次 等待 3 秒
2024-09-21 00:49:52 CHB 1415761?1726850987 第 1 次 获取到号码【1415761】GSD
2024-09-21 00:49:52 未获取到号码【1415761】GSD，可能号码格式错误
2024-09-21 00:49:52 获取到号码【1415761】的GSD为【-】
2024-09-21 00:49:54 GSD insert 第 1 次 等待 3 秒
2024-09-21 00:49:57 {"status":"bad","gid":"641914","msg":"添加失败！号码【1415761(-|-)】已存在！"}

