2024-02-01 00:19:16 开始第 1217 次操作

2024-02-01 00:19:16 开始操作号码 【1741135】
2024-02-01 00:19:21 GSD getOne 第 1 次 等待 3 秒
2024-02-01 00:19:24 查询号码 【1741135】，返回信息 {"status":"ok","msg":"陕西-西安","gid":"144976","time_insert":"2021-06-28 07:01"}
2024-02-01 00:19:24 查询号码 【1741135】，GSD为【"陕西-西安"】

2024-02-01 00:19:25 开始第 1218 次操作

2024-02-01 00:19:25 开始操作号码 【1741136】
2024-02-01 00:19:29 GSD getOne 第 1 次 等待 3 秒
2024-02-01 00:19:32 查询号码 【1741136】，返回信息 {"status":"ok","msg":"陕西-西安","gid":"144983","time_insert":"2021-06-28 07:01"}
2024-02-01 00:19:32 查询号码 【1741136】，GSD为【"陕西-西安"】

2024-02-01 00:19:33 开始第 1219 次操作

2024-02-01 00:19:33 开始操作号码 【1741137】
2024-02-01 00:19:37 GSD getOne 第 1 次 等待 3 秒
2024-02-01 00:19:40 查询号码 【1741137】，返回信息 {"status":"ok","msg":"陕西-西安","gid":"144990","time_insert":"2021-06-28 07:02"}
2024-02-01 00:19:40 查询号码 【1741137】，GSD为【"陕西-西安"】

2024-02-01 00:19:41 开始第 1220 次操作

2024-02-01 00:19:41 开始操作号码 【1741138】
2024-02-01 00:19:45 GSD getOne 第 1 次 等待 3 秒
2024-02-01 00:19:48 查询号码 【1741138】，返回信息 {"status":"ok","msg":"陕西-西安","gid":"144996","time_insert":"2021-06-28 07:03"}
2024-02-01 00:19:48 查询号码 【1741138】，GSD为【"陕西-西安"】

