2024-09-11 00:12:09 开始第 3981 次操作

2024-09-11 00:12:09 开始操作号码 【1413979】
2024-09-11 00:12:19 GSD getOne 第 1 次 等待 3 秒
2024-09-11 00:12:22 查询号码 【1413979】，返回信息 {"status":"ok","msg":"-","gid":"595637","time_insert":"2023-03-17 03:04"}
2024-09-11 00:12:22 查询号码 【1413979】，GSD为【"-"】
2024-09-11 00:12:22 ok && -
2024-09-11 00:12:25 CHB 1413979?1725984742 第 1 次 等待 3 秒
2024-09-11 00:12:28 CHB 1413979?1725984742 第 1 次 获取到号码【1413979】GSD
2024-09-11 00:12:28 未获取到号码【1413979】GSD，可能号码格式错误
2024-09-11 00:12:28 获取到号码【1413979】的GSD为【-】
2024-09-11 00:12:36 GSD insert 第 1 次 等待 3 秒
2024-09-11 00:12:39 {"status":"bad","gid":"595637","msg":"添加失败！号码【1413979(-|-)】已存在！"}
2024-09-11 00:12:39 随机等待 137 秒，约 2 分钟
2024-09-11 00:12:39 下次操作: 2024-09-11 00:14:56

2024-09-11 00:14:56 开始第 3982 次操作

2024-09-11 00:14:56 开始操作号码 【1413980】
2024-09-11 00:15:05 GSD getOne 第 1 次 等待 3 秒
2024-09-11 00:15:08 查询号码 【1413980】，返回信息 {"status":"ok","msg":"-","gid":"595658","time_insert":"2023-03-17 03:23"}
2024-09-11 00:15:08 查询号码 【1413980】，GSD为【"-"】
2024-09-11 00:15:08 ok && -
2024-09-11 00:15:13 CHB 1413980?1725984908 第 1 次 等待 3 秒
2024-09-11 00:15:16 CHB 1413980?1725984908 第 1 次 获取到号码【1413980】GSD
2024-09-11 00:15:16 未获取到号码【1413980】GSD，可能号码格式错误
2024-09-11 00:15:16 获取到号码【1413980】的GSD为【-】
2024-09-11 00:15:24 GSD insert 第 1 次 等待 3 秒
2024-09-11 00:15:27 {"status":"bad","gid":"595658","msg":"添加失败！号码【1413980(-|-)】已存在！"}
2024-09-11 00:15:27 随机等待 106 秒，约 1 分钟
2024-09-11 00:15:27 下次操作: 2024-09-11 00:17:13

2024-09-11 00:17:13 开始第 3983 次操作

2024-09-11 00:17:13 开始操作号码 【1413981】
2024-09-11 00:17:21 GSD getOne 第 1 次 等待 3 秒
2024-09-11 00:17:24 查询号码 【1413981】，返回信息 {"status":"ok","msg":"-","gid":"595685","time_insert":"2023-03-17 03:42"}
2024-09-11 00:17:25 查询号码 【1413981】，GSD为【"-"】
2024-09-11 00:17:25 ok && -
2024-09-11 00:17:26 CHB 1413981?1725985045 第 1 次 等待 3 秒
2024-09-11 00:17:29 CHB 1413981?1725985045 第 1 次 获取到号码【1413981】GSD
2024-09-11 00:17:30 未获取到号码【1413981】GSD，可能号码格式错误
2024-09-11 00:17:30 获取到号码【1413981】的GSD为【-】
2024-09-11 00:17:37 GSD insert 第 1 次 等待 3 秒
2024-09-11 00:17:40 {"status":"bad","gid":"595685","msg":"添加失败！号码【1413981(-|-)】已存在！"}
2024-09-11 00:17:40 随机等待 134 秒，约 2 分钟
2024-09-11 00:17:40 下次操作: 2024-09-11 00:19:54

2024-09-11 00:19:54 开始第 3984 次操作

2024-09-11 00:19:54 开始操作号码 【1413982】
2024-09-11 00:20:03 GSD getOne 第 1 次 等待 3 秒
2024-09-11 00:20:06 查询号码 【1413982】，返回信息 {"status":"ok","msg":"-","gid":"595706","time_insert":"2023-03-17 03:58"}
2024-09-11 00:20:06 查询号码 【1413982】，GSD为【"-"】
2024-09-11 00:20:06 ok && -
2024-09-11 00:20:09 CHB 1413982?1725985206 第 1 次 等待 3 秒
2024-09-11 00:20:12 CHB 1413982?1725985206 第 1 次 获取到号码【1413982】GSD
2024-09-11 00:20:12 未获取到号码【1413982】GSD，可能号码格式错误
2024-09-11 00:20:12 获取到号码【1413982】的GSD为【-】
2024-09-11 00:20:20 GSD insert 第 1 次 等待 3 秒
2024-09-11 00:20:23 {"status":"bad","gid":"595706","msg":"添加失败！号码【1413982(-|-)】已存在！"}

