2024-01-25 00:22:32 开始第 81 次操作
2024-01-25 00:22:32 号码【185（0000 ---> 9999）】处理完毕
2024-01-25 00:42:11 开始第 81 次操作
2024-01-25 00:42:11 号码【185（0000 ---> 9999）】处理完毕
2024-01-25 01:15:55 开始第 81 次操作
2024-01-25 01:15:55 号码【185（0000 ---> 9999）】处理完毕
2024-01-25 01:37:42 开始第 81 次操作
2024-01-25 01:37:42 号码【185（0000 ---> 9999）】处理完毕
2024-01-25 02:20:39 开始第 81 次操作
2024-01-25 02:20:39 号码【185（0000 ---> 9999）】处理完毕
2024-01-25 02:38:51 开始第 81 次操作
2024-01-25 02:38:51 号码【185（0000 ---> 9999）】处理完毕
2024-01-25 03:14:31 开始第 81 次操作
2024-01-25 03:14:31 号码【185（0000 ---> 9999）】处理完毕
2024-01-25 03:37:20 开始第 81 次操作
2024-01-25 03:37:20 号码【185（0000 ---> 9999）】处理完毕
2024-01-25 04:18:58 开始第 81 次操作
2024-01-25 04:18:58 号码【185（0000 ---> 9999）】处理完毕
2024-01-25 04:37:54 开始第 81 次操作
2024-01-25 04:37:54 号码【185（0000 ---> 9999）】处理完毕
2024-01-25 05:15:33 开始第 81 次操作
2024-01-25 05:15:33 号码【185（0000 ---> 9999）】处理完毕
2024-01-25 05:37:40 开始第 81 次操作
2024-01-25 05:37:40 号码【185（0000 ---> 9999）】处理完毕
2024-01-25 06:16:26 开始第 81 次操作
2024-01-25 06:16:26 号码【185（0000 ---> 9999）】处理完毕
2024-01-25 06:37:46 开始第 81 次操作
2024-01-25 06:37:46 号码【185（0000 ---> 9999）】处理完毕
2024-01-25 07:17:19 开始第 81 次操作
2024-01-25 07:17:19 号码【185（0000 ---> 9999）】处理完毕
2024-01-25 07:37:40 开始第 81 次操作
2024-01-25 07:37:40 号码【185（0000 ---> 9999）】处理完毕
2024-01-25 09:18:33 开始第 81 次操作
2024-01-25 09:18:33 号码【185（0000 ---> 9999）】处理完毕
2024-01-25 10:19:02 开始第 81 次操作
2024-01-25 10:19:02 号码【185（0000 ---> 9999）】处理完毕
2024-01-25 10:45:28 开始第 81 次操作
2024-01-25 10:45:28 号码【185（0000 ---> 9999）】处理完毕
2024-01-25 11:18:11 开始第 81 次操作
2024-01-25 11:18:11 号码【185（0000 ---> 9999）】处理完毕
2024-01-25 11:37:53 开始第 81 次操作
2024-01-25 11:37:53 号码【185（0000 ---> 9999）】处理完毕
2024-01-25 12:21:46 开始第 81 次操作
2024-01-25 12:21:46 号码【185（0000 ---> 9999）】处理完毕
2024-01-25 12:39:38 开始第 81 次操作
2024-01-25 12:39:38 号码【185（0000 ---> 9999）】处理完毕
2024-01-25 13:17:02 开始第 81 次操作
2024-01-25 13:17:02 号码【185（0000 ---> 9999）】处理完毕
2024-01-25 13:37:36 开始第 81 次操作
2024-01-25 13:37:36 号码【185（0000 ---> 9999）】处理完毕
2024-01-25 14:22:57 开始第 81 次操作
2024-01-25 14:22:57 号码【185（0000 ---> 9999）】处理完毕
2024-01-25 14:39:54 开始第 81 次操作
2024-01-25 14:39:54 号码【185（0000 ---> 9999）】处理完毕
2024-01-25 15:16:27 开始第 81 次操作
2024-01-25 15:16:27 号码【185（0000 ---> 9999）】处理完毕
2024-01-25 15:37:19 开始第 81 次操作
2024-01-25 15:37:19 号码【185（0000 ---> 9999）】处理完毕
2024-01-25 16:22:23 开始第 81 次操作
2024-01-25 16:22:23 号码【185（0000 ---> 9999）】处理完毕
2024-01-25 16:39:23 开始第 81 次操作
2024-01-25 16:39:23 号码【185（0000 ---> 9999）】处理完毕
2024-01-25 16:45:59 开始第 81 次操作

2024-01-25 16:45:59 开始操作号码 【1740000】
2024-01-25 16:46:23 GSD getOne 第 1 次 等待 3 秒
2024-01-25 16:46:26 查询号码 【1740000】，返回信息 {"status":"ok","msg":"陕西-西安","gid":"133187","time_insert":"2021-06-26 17:19"}
2024-01-25 16:46:26 查询号码 【1740000】，GSD为【"陕西-西安"】

2024-01-25 16:46:27 开始第 82 次操作

2024-01-25 16:46:27 开始操作号码 【1740001】
2024-01-25 16:46:51 GSD getOne 第 1 次 等待 3 秒
2024-01-25 16:46:54 查询号码 【1740001】，返回信息 {"status":"ok","msg":"陕西-西安","gid":"133191","time_insert":"2021-06-26 17:19"}
2024-01-25 16:46:54 查询号码 【1740001】，GSD为【"陕西-西安"】

2024-01-25 16:46:55 开始第 83 次操作

2024-01-25 16:46:55 开始操作号码 【1740002】
2024-01-25 16:47:19 GSD getOne 第 1 次 等待 3 秒
2024-01-25 16:47:22 查询号码 【1740002】，返回信息 {"status":"ok","msg":"陕西-西安","gid":"133194","time_insert":"2021-06-26 17:20"}
2024-01-25 16:47:22 查询号码 【1740002】，GSD为【"陕西-西安"】

2024-01-25 16:47:23 开始第 84 次操作

2024-01-25 16:47:23 开始操作号码 【1740003】
2024-01-25 16:47:47 GSD getOne 第 1 次 等待 3 秒
2024-01-25 16:47:50 查询号码 【1740003】，返回信息 {"status":"ok","msg":"陕西-西安","gid":"133199","time_insert":"2021-06-26 17:20"}
2024-01-25 16:47:50 查询号码 【1740003】，GSD为【"陕西-西安"】

2024-01-25 17:17:28 开始第 85 次操作

2024-01-25 17:17:28 开始操作号码 【1740004】
2024-01-25 17:17:53 GSD getOne 第 1 次 等待 3 秒
2024-01-25 17:17:56 查询号码 【1740004】，返回信息 {"status":"ok","msg":"陕西-西安","gid":"133203","time_insert":"2021-06-26 17:21"}
2024-01-25 17:17:56 查询号码 【1740004】，GSD为【"陕西-西安"】

2024-01-25 17:17:57 开始第 86 次操作

2024-01-25 17:17:57 开始操作号码 【1740005】
2024-01-25 17:18:22 GSD getOne 第 1 次 等待 3 秒
2024-01-25 17:18:25 查询号码 【1740005】，返回信息 {"status":"ok","msg":"陕西-西安","gid":"133206","time_insert":"2021-06-26 17:21"}
2024-01-25 17:18:25 查询号码 【1740005】，GSD为【"陕西-西安"】

2024-01-25 17:18:26 开始第 87 次操作

2024-01-25 17:18:26 开始操作号码 【1740006】
2024-01-25 17:18:49 GSD getOne 第 1 次 等待 3 秒
2024-01-25 17:18:52 查询号码 【1740006】，返回信息 {"status":"ok","msg":"陕西-西安","gid":"133209","time_insert":"2021-06-26 17:22"}
2024-01-25 17:18:52 查询号码 【1740006】，GSD为【"陕西-西安"】

2024-01-25 17:18:53 开始第 88 次操作

2024-01-25 17:18:53 开始操作号码 【1740007】
2024-01-25 17:19:17 GSD getOne 第 1 次 等待 3 秒
2024-01-25 17:19:20 查询号码 【1740007】，返回信息 {"status":"ok","msg":"陕西-西安","gid":"133213","time_insert":"2021-06-26 17:22"}
2024-01-25 17:19:20 查询号码 【1740007】，GSD为【"陕西-西安"】

