2021-08-02 00:00:32 开始第 24 次操作

2021-08-02 00:00:32 开始操作号码 【1988636】
2021-08-02 00:00:38 GSD getOne 第 1 次 等待 3 秒
2021-08-02 00:00:41 查询号码 【1988636】，返回信息 {"status":"bad","msg":""}
2021-08-02 00:00:41 查询号码 【1988636】，GSD为【""】
2021-08-02 00:00:41 bad
2021-08-02 00:00:42 CHB 1988636?1627833641 第 1 次 等待 3 秒
2021-08-02 00:00:45 CHB 1988636?1627833641 第 1 次 获取到号码【1988636】GSD
2021-08-02 00:00:45 获取到号码【1988636】的GSD为【广东-梅州】
2021-08-02 00:00:50 GSD insert 第 1 次 等待 3 秒
2021-08-02 00:00:53 {"status":"ok","gid":473044,"msg":"添加成功！"}
2021-08-02 00:00:53 下次操作: 2021-08-02 00:01:10

2021-08-02 00:01:10 开始第 25 次操作

2021-08-02 00:01:10 开始操作号码 【1988635】
2021-08-02 00:01:15 GSD getOne 第 1 次 等待 3 秒
2021-08-02 00:01:18 查询号码 【1988635】，返回信息 {"status":"bad","msg":""}
2021-08-02 00:01:18 查询号码 【1988635】，GSD为【""】
2021-08-02 00:01:18 bad
2021-08-02 00:01:19 CHB 1988635?1627833678 第 1 次 等待 3 秒
2021-08-02 00:01:22 CHB 1988635?1627833678 第 1 次 获取到号码【1988635】GSD
2021-08-02 00:01:22 获取到号码【1988635】的GSD为【广东-揭阳】
2021-08-02 00:01:36 GSD insert 第 1 次 等待 3 秒
2021-08-02 00:01:39 {"status":"ok","gid":473055,"msg":"添加成功！"}
2021-08-02 00:01:39 下次操作: 2021-08-02 00:01:58

2021-08-02 00:01:58 开始第 26 次操作

2021-08-02 00:01:58 开始操作号码 【1988634】
2021-08-02 00:02:09 GSD getOne 第 1 次 等待 3 秒
2021-08-02 00:02:12 查询号码 【1988634】，返回信息 {"status":"bad","msg":""}
2021-08-02 00:02:12 查询号码 【1988634】，GSD为【""】
2021-08-02 00:02:12 bad
2021-08-02 00:02:13 CHB 1988634?1627833732 第 1 次 等待 3 秒
2021-08-02 00:02:16 CHB 1988634?1627833732 第 1 次 获取到号码【1988634】GSD
2021-08-02 00:02:16 获取到号码【1988634】的GSD为【广东-广州】
2021-08-02 00:02:20 GSD insert 第 1 次 等待 3 秒
2021-08-02 00:02:23 {"status":"ok","gid":473064,"msg":"添加成功！"}
2021-08-02 00:02:23 下次操作: 2021-08-02 00:02:35

2021-08-02 00:02:35 开始第 27 次操作

2021-08-02 00:02:35 开始操作号码 【1988633】
2021-08-02 00:02:39 GSD getOne 第 1 次 等待 3 秒
2021-08-02 00:02:42 查询号码 【1988633】，返回信息 {"status":"bad","msg":""}
2021-08-02 00:02:42 查询号码 【1988633】，GSD为【""】
2021-08-02 00:02:42 bad
2021-08-02 00:02:43 CHB 1988633?1627833762 第 1 次 等待 3 秒
2021-08-02 00:02:46 CHB 1988633?1627833762 第 1 次 获取到号码【1988633】GSD
2021-08-02 00:02:46 获取到号码【1988633】的GSD为【广东-广州】
2021-08-02 00:03:09 GSD insert 第 1 次 等待 3 秒
2021-08-02 00:03:12 {"status":"ok","gid":473074,"msg":"添加成功！"}
2021-08-02 00:03:12 下次操作: 2021-08-02 00:03:36

2021-08-02 00:03:36 开始第 28 次操作

2021-08-02 00:03:36 开始操作号码 【1988632】
2021-08-02 00:03:41 GSD getOne 第 1 次 等待 3 秒
2021-08-02 00:03:44 查询号码 【1988632】，返回信息 {"status":"bad","msg":""}
2021-08-02 00:03:44 查询号码 【1988632】，GSD为【""】
2021-08-02 00:03:44 bad
2021-08-02 00:03:45 CHB 1988632?1627833824 第 1 次 等待 3 秒
2021-08-02 00:03:48 CHB 1988632?1627833824 第 1 次 获取到号码【1988632】GSD
2021-08-02 00:03:48 获取到号码【1988632】的GSD为【广东-中山】
2021-08-02 00:03:52 GSD insert 第 1 次 等待 3 秒
2021-08-02 00:03:55 {"status":"ok","gid":473082,"msg":"添加成功！"}
2021-08-02 00:03:55 下次操作: 2021-08-02 00:04:19

2021-08-02 00:04:19 开始第 29 次操作

2021-08-02 00:04:19 开始操作号码 【1988631】
2021-08-02 00:04:26 GSD getOne 第 1 次 等待 3 秒
2021-08-02 00:04:29 查询号码 【1988631】，返回信息 {"status":"bad","msg":""}
2021-08-02 00:04:29 查询号码 【1988631】，GSD为【""】
2021-08-02 00:04:29 bad
2021-08-02 00:04:31 CHB 1988631?1627833869 第 1 次 等待 3 秒
2021-08-02 00:04:34 CHB 1988631?1627833869 第 1 次 获取到号码【1988631】GSD
2021-08-02 00:04:34 获取到号码【1988631】的GSD为【广东-广州】
2021-08-02 00:04:40 GSD insert 第 1 次 等待 3 秒
2021-08-02 00:04:43 {"status":"ok","gid":473093,"msg":"添加成功！"}
2021-08-02 00:04:43 下次操作: 2021-08-02 00:04:58

2021-08-02 00:04:58 开始第 30 次操作

2021-08-02 00:04:58 开始操作号码 【1988630】
2021-08-02 00:05:04 GSD getOne 第 1 次 等待 3 秒
2021-08-02 00:05:07 查询号码 【1988630】，返回信息 {"status":"bad","msg":""}
2021-08-02 00:05:07 查询号码 【1988630】，GSD为【""】
2021-08-02 00:05:07 bad
2021-08-02 00:05:09 CHB 1988630?1627833907 第 1 次 等待 3 秒
2021-08-02 00:05:12 CHB 1988630?1627833907 第 1 次 获取到号码【1988630】GSD
2021-08-02 00:05:12 获取到号码【1988630】的GSD为【广东-深圳】
2021-08-02 00:05:21 GSD insert 第 1 次 等待 3 秒
2021-08-02 00:05:24 {"status":"ok","gid":473103,"msg":"添加成功！"}
2021-08-02 00:05:24 下次操作: 2021-08-02 00:05:46

2021-08-02 00:05:46 开始第 31 次操作

2021-08-02 00:05:46 开始操作号码 【1988629】
2021-08-02 00:05:51 GSD getOne 第 1 次 等待 3 秒
2021-08-02 00:05:54 查询号码 【1988629】，返回信息 {"status":"bad","msg":""}
2021-08-02 00:05:55 查询号码 【1988629】，GSD为【""】
2021-08-02 00:05:55 bad
2021-08-02 00:05:56 CHB 1988629?1627833955 第 1 次 等待 3 秒
2021-08-02 00:05:59 CHB 1988629?1627833955 第 1 次 获取到号码【1988629】GSD
2021-08-02 00:05:59 获取到号码【1988629】的GSD为【广东-东莞】
2021-08-02 00:06:10 GSD insert 第 1 次 等待 3 秒
2021-08-02 00:06:13 {"status":"ok","gid":473113,"msg":"添加成功！"}
2021-08-02 00:06:13 下次操作: 2021-08-02 00:06:29

2021-08-02 00:06:29 开始第 32 次操作

2021-08-02 00:06:29 开始操作号码 【1988628】
2021-08-02 00:06:36 GSD getOne 第 1 次 等待 3 秒
2021-08-02 00:06:39 查询号码 【1988628】，返回信息 {"status":"bad","msg":""}
2021-08-02 00:06:39 查询号码 【1988628】，GSD为【""】
2021-08-02 00:06:39 bad
2021-08-02 00:06:41 CHB 1988628?1627833999 第 1 次 等待 3 秒
2021-08-02 00:06:44 CHB 1988628?1627833999 第 1 次 获取到号码【1988628】GSD
2021-08-02 00:06:44 获取到号码【1988628】的GSD为【广东-佛山】
2021-08-02 00:06:48 GSD insert 第 1 次 等待 3 秒
2021-08-02 00:06:51 {"status":"ok","gid":473120,"msg":"添加成功！"}
2021-08-02 00:06:51 下次操作: 2021-08-02 00:07:13

2021-08-02 00:07:13 开始第 33 次操作

2021-08-02 00:07:13 开始操作号码 【1988627】
2021-08-02 00:07:30 GSD getOne 第 1 次 等待 3 秒
2021-08-02 00:07:33 查询号码 【1988627】，返回信息 {"status":"bad","msg":""}
2021-08-02 00:07:34 查询号码 【1988627】，GSD为【""】
2021-08-02 00:07:34 bad
2021-08-02 00:07:35 CHB 1988627?1627834054 第 1 次 等待 3 秒
2021-08-02 00:07:38 CHB 1988627?1627834054 第 1 次 获取到号码【1988627】GSD
2021-08-02 00:07:38 获取到号码【1988627】的GSD为【广东-东莞】
2021-08-02 00:07:44 GSD insert 第 1 次 等待 3 秒
2021-08-02 00:07:47 {"status":"ok","gid":473137,"msg":"添加成功！"}
2021-08-02 00:07:47 下次操作: 2021-08-02 00:08:05

2021-08-02 00:08:05 开始第 34 次操作

2021-08-02 00:08:05 开始操作号码 【1988626】
2021-08-02 00:08:09 GSD getOne 第 1 次 等待 3 秒
2021-08-02 00:08:12 查询号码 【1988626】，返回信息 {"status":"bad","msg":""}
2021-08-02 00:08:12 查询号码 【1988626】，GSD为【""】
2021-08-02 00:08:12 bad
2021-08-02 00:08:14 CHB 1988626?1627834092 第 1 次 等待 3 秒
2021-08-02 00:08:17 CHB 1988626?1627834092 第 1 次 获取到号码【1988626】GSD
2021-08-02 00:08:17 获取到号码【1988626】的GSD为【广东-佛山】
2021-08-02 00:08:25 GSD insert 第 1 次 等待 3 秒
2021-08-02 00:08:28 {"status":"ok","gid":473145,"msg":"添加成功！"}
2021-08-02 00:08:28 下次操作: 2021-08-02 00:08:40

2021-08-02 00:08:40 开始第 35 次操作

2021-08-02 00:08:40 开始操作号码 【1988625】
2021-08-02 00:08:43 GSD getOne 第 1 次 等待 3 秒
2021-08-02 00:08:46 查询号码 【1988625】，返回信息 {"status":"bad","msg":""}
2021-08-02 00:08:47 查询号码 【1988625】，GSD为【""】
2021-08-02 00:08:47 bad
2021-08-02 00:08:49 CHB 1988625?1627834127 第 1 次 等待 3 秒
2021-08-02 00:08:52 CHB 1988625?1627834127 第 1 次 获取到号码【1988625】GSD
2021-08-02 00:08:52 获取到号码【1988625】的GSD为【广东-湛江】
2021-08-02 00:08:57 GSD insert 第 1 次 等待 3 秒
2021-08-02 00:09:00 {"status":"ok","gid":473150,"msg":"添加成功！"}
2021-08-02 00:09:00 下次操作: 2021-08-02 00:09:12

2021-08-02 00:09:12 开始第 36 次操作

2021-08-02 00:09:12 开始操作号码 【1988624】
2021-08-02 00:09:15 GSD getOne 第 1 次 等待 3 秒
2021-08-02 00:09:18 查询号码 【1988624】，返回信息 {"status":"bad","msg":""}
2021-08-02 00:09:18 查询号码 【1988624】，GSD为【""】
2021-08-02 00:09:18 bad
2021-08-02 00:09:21 CHB 1988624?1627834158 第 1 次 等待 3 秒
2021-08-02 00:09:24 CHB 1988624?1627834158 第 1 次 获取到号码【1988624】GSD
2021-08-02 00:09:24 获取到号码【1988624】的GSD为【广东-深圳】
2021-08-02 00:09:30 GSD insert 第 1 次 等待 3 秒
2021-08-02 00:09:33 {"status":"ok","gid":473156,"msg":"添加成功！"}
2021-08-02 00:09:33 下次操作: 2021-08-02 00:09:54

2021-08-02 00:09:54 开始第 37 次操作

2021-08-02 00:09:54 开始操作号码 【1988623】
2021-08-02 00:09:57 GSD getOne 第 1 次 等待 3 秒
2021-08-02 00:10:00 查询号码 【1988623】，返回信息 {"status":"bad","msg":""}
2021-08-02 00:10:01 查询号码 【1988623】，GSD为【""】
2021-08-02 00:10:01 bad
2021-08-02 00:10:02 CHB 1988623?1627834201 第 1 次 等待 3 秒
2021-08-02 00:10:05 CHB 1988623?1627834201 第 1 次 获取到号码【1988623】GSD
2021-08-02 00:10:05 获取到号码【1988623】的GSD为【广东-惠州】
2021-08-02 00:10:21 GSD insert 第 1 次 等待 3 秒
2021-08-02 00:10:24 {"status":"ok","gid":473162,"msg":"添加成功！"}
2021-08-02 00:10:24 下次操作: 2021-08-02 00:10:41

2021-08-02 00:10:41 开始第 38 次操作

2021-08-02 00:10:41 开始操作号码 【1988622】
2021-08-02 00:11:16 GSD getOne 第 1 次 等待 3 秒
2021-08-02 00:11:19 查询号码 【1988622】，返回信息 {"status":"bad","msg":""}
2021-08-02 00:11:19 查询号码 【1988622】，GSD为【""】
2021-08-02 00:11:19 bad
2021-08-02 00:11:21 CHB 1988622?1627834279 第 1 次 等待 3 秒
2021-08-02 00:11:24 CHB 1988622?1627834279 第 1 次 获取到号码【1988622】GSD
2021-08-02 00:11:24 获取到号码【1988622】的GSD为【广东-佛山】
2021-08-02 00:11:31 GSD insert 第 1 次 等待 3 秒
2021-08-02 00:11:34 {"status":"ok","gid":473175,"msg":"添加成功！"}
2021-08-02 00:11:34 下次操作: 2021-08-02 00:11:48

2021-08-02 00:11:48 开始第 39 次操作

2021-08-02 00:11:48 开始操作号码 【1988621】
2021-08-02 00:12:00 GSD getOne 第 1 次 等待 3 秒
2021-08-02 00:12:03 查询号码 【1988621】，返回信息 {"status":"bad","msg":""}
2021-08-02 00:12:03 查询号码 【1988621】，GSD为【""】
2021-08-02 00:12:03 bad
2021-08-02 00:12:04 CHB 1988621?1627834323 第 1 次 等待 3 秒
2021-08-02 00:12:07 CHB 1988621?1627834323 第 1 次 获取到号码【1988621】GSD
2021-08-02 00:12:07 获取到号码【1988621】的GSD为【广东-江门】
2021-08-02 00:12:19 GSD insert 第 1 次 等待 3 秒
2021-08-02 00:12:22 {"status":"ok","gid":473184,"msg":"添加成功！"}
2021-08-02 00:12:22 下次操作: 2021-08-02 00:12:39

2021-08-02 00:12:39 开始第 40 次操作

2021-08-02 00:12:39 开始操作号码 【1988620】
2021-08-02 00:12:43 GSD getOne 第 1 次 等待 3 秒
2021-08-02 00:12:46 查询号码 【1988620】，返回信息 {"status":"bad","msg":""}
2021-08-02 00:12:47 查询号码 【1988620】，GSD为【""】
2021-08-02 00:12:47 bad
2021-08-02 00:12:48 CHB 1988620?1627834367 第 1 次 等待 3 秒
2021-08-02 00:12:51 CHB 1988620?1627834367 第 1 次 获取到号码【1988620】GSD
2021-08-02 00:12:51 获取到号码【1988620】的GSD为【广东-梅州】
2021-08-02 00:12:54 GSD insert 第 1 次 等待 3 秒
2021-08-02 00:12:57 {"status":"ok","gid":473193,"msg":"添加成功！"}

2021-08-02 01:00:06 开始第 1 次操作

2021-08-02 01:00:06 开始操作号码 【1988619】
2021-08-02 01:00:15 GSD getOne 第 1 次 等待 3 秒
2021-08-02 01:00:18 查询号码 【1988619】，返回信息 {"status":"bad","msg":""}
2021-08-02 01:00:18 查询号码 【1988619】，GSD为【""】
2021-08-02 01:00:18 bad
2021-08-02 01:00:19 CHB 1988619?1627837218 第 1 次 等待 3 秒
2021-08-02 01:00:22 CHB 1988619?1627837218 第 1 次 获取到号码【1988619】GSD
2021-08-02 01:00:22 获取到号码【1988619】的GSD为【广东-揭阳】
2021-08-02 01:00:30 GSD insert 第 1 次 等待 3 秒
2021-08-02 01:00:33 {"status":"ok","gid":473362,"msg":"添加成功！"}
2021-08-02 01:00:33 下次操作: 2021-08-02 01:00:50

2021-08-02 01:00:50 开始第 2 次操作

2021-08-02 01:00:50 开始操作号码 【1988618】
2021-08-02 01:00:54 GSD getOne 第 1 次 等待 3 秒
2021-08-02 01:00:57 查询号码 【1988618】，返回信息 {"status":"bad","msg":""}
2021-08-02 01:00:57 查询号码 【1988618】，GSD为【""】
2021-08-02 01:00:57 bad
2021-08-02 01:00:59 CHB 1988618?1627837257 第 1 次 等待 3 秒
2021-08-02 01:01:02 CHB 1988618?1627837257 第 1 次 获取到号码【1988618】GSD
2021-08-02 01:01:02 获取到号码【1988618】的GSD为【广东-广州】
2021-08-02 01:01:06 GSD insert 第 1 次 等待 3 秒
2021-08-02 01:01:09 {"status":"ok","gid":473369,"msg":"添加成功！"}
2021-08-02 01:01:09 下次操作: 2021-08-02 01:01:26

2021-08-02 01:01:26 开始第 3 次操作

2021-08-02 01:01:26 开始操作号码 【1988617】
2021-08-02 01:01:49 GSD getOne 第 1 次 等待 3 秒
2021-08-02 01:01:52 查询号码 【1988617】，返回信息 {"status":"bad","msg":""}
2021-08-02 01:01:52 查询号码 【1988617】，GSD为【""】
2021-08-02 01:01:52 bad
2021-08-02 01:01:54 CHB 1988617?1627837312 第 1 次 等待 3 秒
2021-08-02 01:01:57 CHB 1988617?1627837312 第 1 次 获取到号码【1988617】GSD
2021-08-02 01:01:57 获取到号码【1988617】的GSD为【广东-广州】
2021-08-02 01:02:08 GSD insert 第 1 次 等待 3 秒
2021-08-02 01:02:11 {"status":"ok","gid":473381,"msg":"添加成功！"}
2021-08-02 01:02:11 下次操作: 2021-08-02 01:02:33

2021-08-02 01:02:33 开始第 4 次操作

2021-08-02 01:02:33 开始操作号码 【1988616】
2021-08-02 01:02:37 GSD getOne 第 1 次 等待 3 秒
2021-08-02 01:02:40 查询号码 【1988616】，返回信息 {"status":"bad","msg":""}
2021-08-02 01:02:40 查询号码 【1988616】，GSD为【""】
2021-08-02 01:02:40 bad
2021-08-02 01:02:42 CHB 1988616?1627837360 第 1 次 等待 3 秒
2021-08-02 01:02:45 CHB 1988616?1627837360 第 1 次 获取到号码【1988616】GSD
2021-08-02 01:02:45 获取到号码【1988616】的GSD为【广东-中山】
2021-08-02 01:02:56 GSD insert 第 1 次 等待 3 秒
2021-08-02 01:02:59 {"status":"ok","gid":473392,"msg":"添加成功！"}
2021-08-02 01:02:59 下次操作: 2021-08-02 01:03:22

2021-08-02 01:03:22 开始第 5 次操作

2021-08-02 01:03:22 开始操作号码 【1988615】
2021-08-02 01:03:27 GSD getOne 第 1 次 等待 3 秒
2021-08-02 01:03:30 查询号码 【1988615】，返回信息 {"status":"bad","msg":""}
2021-08-02 01:03:30 查询号码 【1988615】，GSD为【""】
2021-08-02 01:03:30 bad
2021-08-02 01:03:32 CHB 1988615?1627837410 第 1 次 等待 3 秒
2021-08-02 01:03:35 CHB 1988615?1627837410 第 1 次 获取到号码【1988615】GSD
2021-08-02 01:03:35 获取到号码【1988615】的GSD为【广东-广州】
2021-08-02 01:03:41 GSD insert 第 1 次 等待 3 秒
2021-08-02 01:03:44 {"status":"ok","gid":473401,"msg":"添加成功！"}
2021-08-02 01:03:44 下次操作: 2021-08-02 01:04:00

2021-08-02 01:04:00 开始第 6 次操作

2021-08-02 01:04:00 开始操作号码 【1988614】
2021-08-02 01:04:11 GSD getOne 第 1 次 等待 3 秒
2021-08-02 01:04:14 查询号码 【1988614】，返回信息 {"status":"bad","msg":""}
2021-08-02 01:04:14 查询号码 【1988614】，GSD为【""】
2021-08-02 01:04:14 bad
2021-08-02 01:04:16 CHB 1988614?1627837454 第 1 次 等待 3 秒
2021-08-02 01:04:19 CHB 1988614?1627837454 第 1 次 获取到号码【1988614】GSD
2021-08-02 01:04:19 获取到号码【1988614】的GSD为【广东-佛山】
2021-08-02 01:04:34 GSD insert 第 1 次 等待 3 秒
2021-08-02 01:04:37 {"status":"ok","gid":473413,"msg":"添加成功！"}
2021-08-02 01:04:37 下次操作: 2021-08-02 01:04:52

2021-08-02 01:04:52 开始第 7 次操作

2021-08-02 01:04:52 开始操作号码 【1988613】
2021-08-02 01:04:56 GSD getOne 第 1 次 等待 3 秒
2021-08-02 01:04:59 查询号码 【1988613】，返回信息 {"status":"bad","msg":""}
2021-08-02 01:04:59 查询号码 【1988613】，GSD为【""】
2021-08-02 01:04:59 bad
2021-08-02 01:05:01 CHB 1988613?1627837499 第 1 次 等待 3 秒
2021-08-02 01:05:04 CHB 1988613?1627837499 第 1 次 获取到号码【1988613】GSD
2021-08-02 01:05:04 获取到号码【1988613】的GSD为【广东-深圳】
2021-08-02 01:05:08 GSD insert 第 1 次 等待 3 秒
2021-08-02 01:05:11 {"status":"ok","gid":473424,"msg":"添加成功！"}
2021-08-02 01:05:11 下次操作: 2021-08-02 01:05:35

2021-08-02 01:05:35 开始第 8 次操作

2021-08-02 01:05:35 开始操作号码 【1988612】
2021-08-02 01:05:39 GSD getOne 第 1 次 等待 3 秒
2021-08-02 01:05:42 查询号码 【1988612】，返回信息 {"status":"bad","msg":""}
2021-08-02 01:05:42 查询号码 【1988612】，GSD为【""】
2021-08-02 01:05:42 bad
2021-08-02 01:05:44 CHB 1988612?1627837542 第 1 次 等待 3 秒
2021-08-02 01:05:47 CHB 1988612?1627837542 第 1 次 获取到号码【1988612】GSD
2021-08-02 01:05:47 获取到号码【1988612】的GSD为【广东-东莞】
2021-08-02 01:05:54 GSD insert 第 1 次 等待 3 秒
2021-08-02 01:05:57 {"status":"ok","gid":473434,"msg":"添加成功！"}
2021-08-02 01:05:57 下次操作: 2021-08-02 01:06:17

2021-08-02 01:06:17 开始第 9 次操作

2021-08-02 01:06:17 开始操作号码 【1988611】
2021-08-02 01:06:20 GSD getOne 第 1 次 等待 3 秒
2021-08-02 01:06:23 查询号码 【1988611】，返回信息 {"status":"bad","msg":""}
2021-08-02 01:06:24 查询号码 【1988611】，GSD为【""】
2021-08-02 01:06:24 bad
2021-08-02 01:06:25 CHB 1988611?1627837584 第 1 次 等待 3 秒
2021-08-02 01:06:28 CHB 1988611?1627837584 第 1 次 获取到号码【1988611】GSD
2021-08-02 01:06:28 获取到号码【1988611】的GSD为【广东-东莞】
2021-08-02 01:06:37 GSD insert 第 1 次 等待 3 秒
2021-08-02 01:06:40 {"status":"ok","gid":473440,"msg":"添加成功！"}
2021-08-02 01:06:40 下次操作: 2021-08-02 01:07:03

2021-08-02 01:07:03 开始第 10 次操作

2021-08-02 01:07:03 开始操作号码 【1988610】
2021-08-02 01:07:07 GSD getOne 第 1 次 等待 3 秒
2021-08-02 01:07:10 查询号码 【1988610】，返回信息 {"status":"bad","msg":""}
2021-08-02 01:07:10 查询号码 【1988610】，GSD为【""】
2021-08-02 01:07:10 bad
2021-08-02 01:07:11 CHB 1988610?1627837630 第 1 次 等待 3 秒
2021-08-02 01:07:14 CHB 1988610?1627837630 第 1 次 获取到号码【1988610】GSD
2021-08-02 01:07:15 获取到号码【1988610】的GSD为【广东-佛山】
2021-08-02 01:07:25 GSD insert 第 1 次 等待 3 秒
2021-08-02 01:07:28 {"status":"ok","gid":473451,"msg":"添加成功！"}
2021-08-02 01:07:28 下次操作: 2021-08-02 01:07:44

2021-08-02 01:07:44 开始第 11 次操作

2021-08-02 01:07:44 开始操作号码 【1988609】
2021-08-02 01:07:51 GSD getOne 第 1 次 等待 3 秒
2021-08-02 01:07:54 查询号码 【1988609】，返回信息 {"status":"bad","msg":""}
2021-08-02 01:07:54 查询号码 【1988609】，GSD为【""】
2021-08-02 01:07:54 bad
2021-08-02 01:07:56 CHB 1988609?1627837674 第 1 次 等待 3 秒
2021-08-02 01:07:59 CHB 1988609?1627837674 第 1 次 获取到号码【1988609】GSD
2021-08-02 01:07:59 获取到号码【1988609】的GSD为【广东-湛江】
2021-08-02 01:08:08 GSD insert 第 1 次 等待 3 秒
2021-08-02 01:08:11 {"status":"ok","gid":473463,"msg":"添加成功！"}
2021-08-02 01:08:11 下次操作: 2021-08-02 01:08:33

2021-08-02 01:08:33 开始第 12 次操作

2021-08-02 01:08:33 开始操作号码 【1988608】
2021-08-02 01:08:45 GSD getOne 第 1 次 等待 3 秒
2021-08-02 01:08:48 查询号码 【1988608】，返回信息 {"status":"bad","msg":""}
2021-08-02 01:08:48 查询号码 【1988608】，GSD为【""】
2021-08-02 01:08:48 bad
2021-08-02 01:08:50 CHB 1988608?1627837728 第 1 次 等待 3 秒
2021-08-02 01:08:53 CHB 1988608?1627837728 第 1 次 获取到号码【1988608】GSD
2021-08-02 01:08:53 获取到号码【1988608】的GSD为【广东-东莞】
2021-08-02 01:09:00 GSD insert 第 1 次 等待 3 秒
2021-08-02 01:09:03 {"status":"ok","gid":473472,"msg":"添加成功！"}
2021-08-02 01:09:03 下次操作: 2021-08-02 01:09:23

2021-08-02 01:09:23 开始第 13 次操作

2021-08-02 01:09:23 开始操作号码 【1988607】
2021-08-02 01:09:27 GSD getOne 第 1 次 等待 3 秒
2021-08-02 01:09:30 查询号码 【1988607】，返回信息 {"status":"bad","msg":""}
2021-08-02 01:09:30 查询号码 【1988607】，GSD为【""】
2021-08-02 01:09:30 bad
2021-08-02 01:09:32 CHB 1988607?1627837770 第 1 次 等待 3 秒
2021-08-02 01:09:35 CHB 1988607?1627837770 第 1 次 获取到号码【1988607】GSD
2021-08-02 01:09:35 获取到号码【1988607】的GSD为【广东-东莞】
2021-08-02 01:09:39 GSD insert 第 1 次 等待 3 秒
2021-08-02 01:09:42 {"status":"ok","gid":473482,"msg":"添加成功！"}
2021-08-02 01:09:42 下次操作: 2021-08-02 01:10:05

2021-08-02 01:10:05 开始第 14 次操作

2021-08-02 01:10:05 开始操作号码 【1988606】
2021-08-02 01:10:11 GSD getOne 第 1 次 等待 3 秒
2021-08-02 01:10:14 查询号码 【1988606】，返回信息 {"status":"bad","msg":""}
2021-08-02 01:10:14 查询号码 【1988606】，GSD为【""】
2021-08-02 01:10:14 bad
2021-08-02 01:10:16 CHB 1988606?1627837814 第 1 次 等待 3 秒
2021-08-02 01:10:19 CHB 1988606?1627837814 第 1 次 获取到号码【1988606】GSD
2021-08-02 01:10:19 获取到号码【1988606】的GSD为【广东-惠州】
2021-08-02 01:10:23 GSD insert 第 1 次 等待 3 秒
2021-08-02 01:10:26 {"status":"ok","gid":473492,"msg":"添加成功！"}
2021-08-02 01:10:26 下次操作: 2021-08-02 01:10:45

2021-08-02 01:10:45 开始第 15 次操作

2021-08-02 01:10:45 开始操作号码 【1988605】
2021-08-02 01:11:12 GSD getOne 第 1 次 等待 3 秒
2021-08-02 01:11:15 查询号码 【1988605】，返回信息 {"status":"bad","msg":""}
2021-08-02 01:11:15 查询号码 【1988605】，GSD为【""】
2021-08-02 01:11:15 bad
2021-08-02 01:11:16 CHB 1988605?1627837875 第 1 次 等待 3 秒
2021-08-02 01:11:19 CHB 1988605?1627837875 第 1 次 获取到号码【1988605】GSD
2021-08-02 01:11:19 获取到号码【1988605】的GSD为【广东-江门】
2021-08-02 01:11:24 GSD insert 第 1 次 等待 3 秒
2021-08-02 01:11:27 {"status":"ok","gid":473507,"msg":"添加成功！"}
2021-08-02 01:11:27 下次操作: 2021-08-02 01:11:46

2021-08-02 01:11:46 开始第 16 次操作

2021-08-02 01:11:46 开始操作号码 【1988604】
2021-08-02 01:11:49 GSD getOne 第 1 次 等待 3 秒
2021-08-02 01:11:52 查询号码 【1988604】，返回信息 {"status":"bad","msg":""}
2021-08-02 01:11:52 查询号码 【1988604】，GSD为【""】
2021-08-02 01:11:52 bad
2021-08-02 01:11:54 CHB 1988604?1627837912 第 1 次 等待 3 秒
2021-08-02 01:11:57 CHB 1988604?1627837912 第 1 次 获取到号码【1988604】GSD
2021-08-02 01:11:57 获取到号码【1988604】的GSD为【广东-深圳】
2021-08-02 01:12:03 GSD insert 第 1 次 等待 3 秒
2021-08-02 01:12:06 {"status":"ok","gid":473516,"msg":"添加成功！"}
2021-08-02 01:12:06 下次操作: 2021-08-02 01:12:18

2021-08-02 01:12:18 开始第 17 次操作

2021-08-02 01:12:18 开始操作号码 【1988603】
2021-08-02 01:12:21 GSD getOne 第 1 次 等待 3 秒
2021-08-02 01:12:24 查询号码 【1988603】，返回信息 {"status":"bad","msg":""}
2021-08-02 01:12:25 查询号码 【1988603】，GSD为【""】
2021-08-02 01:12:25 bad
2021-08-02 01:12:26 CHB 1988603?1627837945 第 1 次 等待 3 秒
2021-08-02 01:12:29 CHB 1988603?1627837945 第 1 次 获取到号码【1988603】GSD
2021-08-02 01:12:29 获取到号码【1988603】的GSD为【广东-梅州】
2021-08-02 01:12:33 GSD insert 第 1 次 等待 3 秒
2021-08-02 01:12:36 {"status":"ok","gid":473521,"msg":"添加成功！"}
2021-08-02 01:12:36 下次操作: 2021-08-02 01:12:50

2021-08-02 01:12:50 开始第 18 次操作

2021-08-02 01:12:50 开始操作号码 【1988602】
2021-08-02 01:12:54 GSD getOne 第 1 次 等待 3 秒
2021-08-02 01:12:57 查询号码 【1988602】，返回信息 {"status":"bad","msg":""}
2021-08-02 01:12:57 查询号码 【1988602】，GSD为【""】
2021-08-02 01:12:57 bad
2021-08-02 01:12:59 CHB 1988602?1627837977 第 1 次 等待 3 秒
2021-08-02 01:13:02 CHB 1988602?1627837977 第 1 次 获取到号码【1988602】GSD
2021-08-02 01:13:02 获取到号码【1988602】的GSD为【广东-揭阳】
2021-08-02 01:13:08 GSD insert 第 1 次 等待 3 秒
2021-08-02 01:13:11 {"status":"ok","gid":473529,"msg":"添加成功！"}
2021-08-02 01:13:11 下次操作: 2021-08-02 01:13:33

2021-08-02 01:13:33 开始第 19 次操作

2021-08-02 01:13:33 开始操作号码 【1988601】
2021-08-02 01:13:38 GSD getOne 第 1 次 等待 3 秒
2021-08-02 01:13:41 查询号码 【1988601】，返回信息 {"status":"bad","msg":""}
2021-08-02 01:13:41 查询号码 【1988601】，GSD为【""】
2021-08-02 01:13:41 bad
2021-08-02 01:13:42 CHB 1988601?1627838021 第 1 次 等待 3 秒
2021-08-02 01:13:45 CHB 1988601?1627838021 第 1 次 获取到号码【1988601】GSD
2021-08-02 01:13:45 获取到号码【1988601】的GSD为【广东-中山】
2021-08-02 01:13:52 GSD insert 第 1 次 等待 3 秒
2021-08-02 01:13:55 {"status":"ok","gid":473539,"msg":"添加成功！"}
2021-08-02 01:13:55 下次操作: 2021-08-02 01:14:15

2021-08-02 01:14:15 开始第 20 次操作

2021-08-02 01:14:15 开始操作号码 【1988600】
2021-08-02 01:14:18 GSD getOne 第 1 次 等待 3 秒
2021-08-02 01:14:21 查询号码 【1988600】，返回信息 {"status":"bad","msg":""}
2021-08-02 01:14:21 查询号码 【1988600】，GSD为【""】
2021-08-02 01:14:21 bad
2021-08-02 01:14:23 CHB 1988600?1627838061 第 1 次 等待 3 秒
2021-08-02 01:14:26 CHB 1988600?1627838061 第 1 次 获取到号码【1988600】GSD
2021-08-02 01:14:26 获取到号码【1988600】的GSD为【广东-深圳】
2021-08-02 01:14:30 GSD insert 第 1 次 等待 3 秒
2021-08-02 01:14:33 {"status":"ok","gid":473548,"msg":"添加成功！"}
2021-08-02 01:14:33 下次操作: 2021-08-02 01:14:53

2021-08-02 01:14:53 开始第 21 次操作

2021-08-02 01:14:53 开始操作号码 【1988599】
2021-08-02 01:14:57 GSD getOne 第 1 次 等待 3 秒
2021-08-02 01:15:00 查询号码 【1988599】，返回信息 {"status":"bad","msg":""}
2021-08-02 01:15:00 查询号码 【1988599】，GSD为【""】
2021-08-02 01:15:00 bad
2021-08-02 01:15:02 CHB 1988599?1627838100 第 1 次 等待 3 秒
2021-08-02 01:15:05 CHB 1988599?1627838100 第 1 次 获取到号码【1988599】GSD
2021-08-02 01:15:05 获取到号码【1988599】的GSD为【贵州-黔东南】
2021-08-02 01:15:12 GSD insert 第 1 次 等待 3 秒
2021-08-02 01:15:15 {"status":"ok","gid":473558,"msg":"添加成功！"}
2021-08-02 01:15:15 下次操作: 2021-08-02 01:15:32

2021-08-02 01:15:32 开始第 22 次操作

2021-08-02 01:15:32 开始操作号码 【1988598】
2021-08-02 01:15:38 GSD getOne 第 1 次 等待 3 秒
2021-08-02 01:15:41 查询号码 【1988598】，返回信息 {"status":"ok","msg":"-","gid":"470783","time_insert":"2021-08-01 19:16"}
2021-08-02 01:15:41 查询号码 【1988598】，GSD为【"-"】
2021-08-02 01:15:41 ok && -
2021-08-02 01:15:42 CHB 1988598?1627838141 第 1 次 等待 3 秒
2021-08-02 01:15:45 CHB 1988598?1627838141 第 1 次 获取到号码【1988598】GSD
2021-08-02 01:15:45 获取到号码【1988598】的GSD为【贵州-黔东南】
2021-08-02 01:16:00 GSD insert 第 1 次 等待 3 秒
2021-08-02 01:16:03 {"status":"ok","gid":"470783","msg":"添加号码已存在，但为‘-’，修改为【贵州-黔东南】成功！"}
2021-08-02 01:16:03 下次操作: 2021-08-02 01:16:26

2021-08-02 01:16:26 开始第 23 次操作

2021-08-02 01:16:26 开始操作号码 【1988597】
2021-08-02 01:16:31 GSD getOne 第 1 次 等待 3 秒
2021-08-02 01:16:34 查询号码 【1988597】，返回信息 {"status":"bad","msg":""}
2021-08-02 01:16:34 查询号码 【1988597】，GSD为【""】
2021-08-02 01:16:34 bad
2021-08-02 01:16:36 CHB 1988597?1627838194 第 1 次 等待 3 秒
2021-08-02 01:16:39 CHB 1988597?1627838194 第 1 次 获取到号码【1988597】GSD
2021-08-02 01:16:39 获取到号码【1988597】的GSD为【贵州-黔东南】
2021-08-02 01:16:42 GSD insert 第 1 次 等待 3 秒
2021-08-02 01:16:45 {"status":"ok","gid":473575,"msg":"添加成功！"}
2021-08-02 01:16:45 下次操作: 2021-08-02 01:17:04

2021-08-02 01:17:04 开始第 24 次操作

2021-08-02 01:17:04 开始操作号码 【1988596】
2021-08-02 01:17:08 GSD getOne 第 1 次 等待 3 秒
2021-08-02 01:17:11 查询号码 【1988596】，返回信息 {"status":"bad","msg":""}
2021-08-02 01:17:11 查询号码 【1988596】，GSD为【""】
2021-08-02 01:17:11 bad
2021-08-02 01:17:13 CHB 1988596?1627838231 第 1 次 等待 3 秒
2021-08-02 01:17:16 CHB 1988596?1627838231 第 1 次 获取到号码【1988596】GSD
2021-08-02 01:17:16 获取到号码【1988596】的GSD为【贵州-黔东南】
2021-08-02 01:17:33 GSD insert 第 1 次 等待 3 秒
2021-08-02 01:17:36 {"status":"ok","gid":473585,"msg":"添加成功！"}
2021-08-02 01:17:36 下次操作: 2021-08-02 01:17:51

2021-08-02 01:17:51 开始第 25 次操作

2021-08-02 01:17:51 开始操作号码 【1988595】
2021-08-02 01:17:56 GSD getOne 第 1 次 等待 3 秒
2021-08-02 01:17:59 查询号码 【1988595】，返回信息 {"status":"bad","msg":""}
2021-08-02 01:17:59 查询号码 【1988595】，GSD为【""】
2021-08-02 01:17:59 bad
2021-08-02 01:18:00 CHB 1988595?1627838279 第 1 次 等待 3 秒
2021-08-02 01:18:03 CHB 1988595?1627838279 第 1 次 获取到号码【1988595】GSD
2021-08-02 01:18:03 获取到号码【1988595】的GSD为【贵州-黔东南】
2021-08-02 01:18:08 GSD insert 第 1 次 等待 3 秒
2021-08-02 01:18:11 {"status":"ok","gid":473595,"msg":"添加成功！"}
2021-08-02 01:18:11 下次操作: 2021-08-02 01:18:32

2021-08-02 01:18:32 开始第 26 次操作

2021-08-02 01:18:32 开始操作号码 【1988594】
2021-08-02 01:18:37 GSD getOne 第 1 次 等待 3 秒
2021-08-02 01:18:40 查询号码 【1988594】，返回信息 {"status":"bad","msg":""}
2021-08-02 01:18:40 查询号码 【1988594】，GSD为【""】
2021-08-02 01:18:40 bad
2021-08-02 01:18:42 CHB 1988594?1627838320 第 1 次 等待 3 秒
2021-08-02 01:18:45 CHB 1988594?1627838320 第 1 次 获取到号码【1988594】GSD
2021-08-02 01:18:45 获取到号码【1988594】的GSD为【贵州-黔东南】
2021-08-02 01:18:54 GSD insert 第 1 次 等待 3 秒
2021-08-02 01:18:57 {"status":"ok","gid":473605,"msg":"添加成功！"}
2021-08-02 01:18:57 下次操作: 2021-08-02 01:19:11

2021-08-02 01:19:11 开始第 27 次操作

2021-08-02 01:19:11 开始操作号码 【1988593】
2021-08-02 01:19:17 GSD getOne 第 1 次 等待 3 秒
2021-08-02 01:19:20 查询号码 【1988593】，返回信息 {"status":"bad","msg":""}
2021-08-02 01:19:20 查询号码 【1988593】，GSD为【""】
2021-08-02 01:19:20 bad
2021-08-02 01:19:22 CHB 1988593?1627838360 第 1 次 等待 3 秒
2021-08-02 01:19:25 CHB 1988593?1627838360 第 1 次 获取到号码【1988593】GSD
2021-08-02 01:19:25 获取到号码【1988593】的GSD为【贵州-黔东南】
2021-08-02 01:19:29 GSD insert 第 1 次 等待 3 秒
2021-08-02 01:19:32 {"status":"ok","gid":473614,"msg":"添加成功！"}
2021-08-02 01:19:32 下次操作: 2021-08-02 01:19:53

2021-08-02 01:19:53 开始第 28 次操作

2021-08-02 01:19:53 开始操作号码 【1988592】
2021-08-02 01:19:59 GSD getOne 第 1 次 等待 3 秒
2021-08-02 01:20:02 查询号码 【1988592】，返回信息 {"status":"bad","msg":""}
2021-08-02 01:20:02 查询号码 【1988592】，GSD为【""】
2021-08-02 01:20:02 bad
2021-08-02 01:20:03 CHB 1988592?1627838402 第 1 次 等待 3 秒
2021-08-02 01:20:06 CHB 1988592?1627838402 第 1 次 获取到号码【1988592】GSD
2021-08-02 01:20:06 获取到号码【1988592】的GSD为【贵州-黔东南】
2021-08-02 01:20:15 GSD insert 第 1 次 等待 3 秒
2021-08-02 01:20:18 {"status":"ok","gid":473623,"msg":"添加成功！"}
2021-08-02 01:20:18 下次操作: 2021-08-02 01:20:38

2021-08-02 01:20:38 开始第 29 次操作

2021-08-02 01:20:38 开始操作号码 【1988591】
2021-08-02 01:20:44 GSD getOne 第 1 次 等待 3 秒
2021-08-02 01:20:47 查询号码 【1988591】，返回信息 {"status":"bad","msg":""}
2021-08-02 01:20:47 查询号码 【1988591】，GSD为【""】
2021-08-02 01:20:47 bad
2021-08-02 01:20:49 CHB 1988591?1627838447 第 1 次 等待 3 秒
2021-08-02 01:20:52 CHB 1988591?1627838447 第 1 次 获取到号码【1988591】GSD
2021-08-02 01:20:52 获取到号码【1988591】的GSD为【贵州-黔东南】
2021-08-02 01:20:56 GSD insert 第 1 次 等待 3 秒
2021-08-02 01:20:59 {"status":"ok","gid":473635,"msg":"添加成功！"}
2021-08-02 01:21:00 下次操作: 2021-08-02 01:21:21

2021-08-02 01:21:21 开始第 30 次操作

2021-08-02 01:21:21 开始操作号码 【1988590】
2021-08-02 01:21:25 GSD getOne 第 1 次 等待 3 秒
2021-08-02 01:21:28 查询号码 【1988590】，返回信息 {"status":"bad","msg":""}
2021-08-02 01:21:28 查询号码 【1988590】，GSD为【""】
2021-08-02 01:21:28 bad
2021-08-02 01:21:29 CHB 1988590?1627838488 第 1 次 等待 3 秒
2021-08-02 01:21:32 CHB 1988590?1627838488 第 1 次 获取到号码【1988590】GSD
2021-08-02 01:21:33 获取到号码【1988590】的GSD为【贵州-黔东南】
2021-08-02 01:21:42 GSD insert 第 1 次 等待 3 秒
2021-08-02 01:21:45 {"status":"ok","gid":473645,"msg":"添加成功！"}
2021-08-02 01:21:45 下次操作: 2021-08-02 01:21:58

2021-08-02 01:21:58 开始第 31 次操作

2021-08-02 01:21:58 开始操作号码 【1988589】
2021-08-02 01:22:01 GSD getOne 第 1 次 等待 3 秒
2021-08-02 01:22:04 查询号码 【1988589】，返回信息 {"status":"bad","msg":""}
2021-08-02 01:22:04 查询号码 【1988589】，GSD为【""】
2021-08-02 01:22:04 bad
2021-08-02 01:22:06 CHB 1988589?1627838524 第 1 次 等待 3 秒
2021-08-02 01:22:09 CHB 1988589?1627838524 第 1 次 获取到号码【1988589】GSD
2021-08-02 01:22:09 获取到号码【1988589】的GSD为【贵州-都匀】
2021-08-02 01:22:13 GSD insert 第 1 次 等待 3 秒
2021-08-02 01:22:16 {"status":"ok","gid":473653,"msg":"添加成功！"}
2021-08-02 01:22:16 下次操作: 2021-08-02 01:22:32

2021-08-02 01:22:32 开始第 32 次操作

2021-08-02 01:22:32 开始操作号码 【1988588】
2021-08-02 01:22:40 GSD getOne 第 1 次 等待 3 秒
2021-08-02 01:22:43 查询号码 【1988588】，返回信息 {"status":"bad","msg":""}
2021-08-02 01:22:43 查询号码 【1988588】，GSD为【""】
2021-08-02 01:22:43 bad
2021-08-02 01:22:44 CHB 1988588?1627838563 第 1 次 等待 3 秒
2021-08-02 01:22:47 CHB 1988588?1627838563 第 1 次 获取到号码【1988588】GSD
2021-08-02 01:22:47 获取到号码【1988588】的GSD为【贵州-都匀】
2021-08-02 01:22:52 GSD insert 第 1 次 等待 3 秒
2021-08-02 01:22:55 {"status":"ok","gid":473663,"msg":"添加成功！"}
2021-08-02 01:22:55 下次操作: 2021-08-02 01:23:08

2021-08-02 01:23:08 开始第 33 次操作

2021-08-02 01:23:08 开始操作号码 【1988587】
2021-08-02 01:23:14 GSD getOne 第 1 次 等待 3 秒
2021-08-02 01:23:17 查询号码 【1988587】，返回信息 {"status":"bad","msg":""}
2021-08-02 01:23:17 查询号码 【1988587】，GSD为【""】
2021-08-02 01:23:17 bad
2021-08-02 01:23:19 CHB 1988587?1627838597 第 1 次 等待 3 秒
2021-08-02 01:23:22 CHB 1988587?1627838597 第 1 次 获取到号码【1988587】GSD
2021-08-02 01:23:22 获取到号码【1988587】的GSD为【贵州-都匀】
2021-08-02 01:23:26 GSD insert 第 1 次 等待 3 秒
2021-08-02 01:23:29 {"status":"ok","gid":473669,"msg":"添加成功！"}
2021-08-02 01:23:29 下次操作: 2021-08-02 01:23:47

2021-08-02 01:23:47 开始第 34 次操作

2021-08-02 01:23:47 开始操作号码 【1988586】
2021-08-02 01:23:51 GSD getOne 第 1 次 等待 3 秒
2021-08-02 01:23:54 查询号码 【1988586】，返回信息 {"status":"bad","msg":""}
2021-08-02 01:23:54 查询号码 【1988586】，GSD为【""】
2021-08-02 01:23:54 bad
2021-08-02 01:23:56 CHB 1988586?1627838634 第 1 次 等待 3 秒
2021-08-02 01:23:59 CHB 1988586?1627838634 第 1 次 获取到号码【1988586】GSD
2021-08-02 01:23:59 获取到号码【1988586】的GSD为【贵州-都匀】
2021-08-02 01:24:03 GSD insert 第 1 次 等待 3 秒
2021-08-02 01:24:06 {"status":"ok","gid":473680,"msg":"添加成功！"}
2021-08-02 01:24:06 下次操作: 2021-08-02 01:24:18

2021-08-02 01:24:18 开始第 35 次操作

2021-08-02 01:24:18 开始操作号码 【1988585】
2021-08-02 01:24:22 GSD getOne 第 1 次 等待 3 秒
2021-08-02 01:24:25 查询号码 【1988585】，返回信息 {"status":"bad","msg":""}
2021-08-02 01:24:25 查询号码 【1988585】，GSD为【""】
2021-08-02 01:24:25 bad
2021-08-02 01:24:27 CHB 1988585?1627838665 第 1 次 等待 3 秒
2021-08-02 01:24:30 CHB 1988585?1627838665 第 1 次 获取到号码【1988585】GSD
2021-08-02 01:24:30 获取到号码【1988585】的GSD为【贵州-都匀】
2021-08-02 01:24:35 GSD insert 第 1 次 等待 3 秒
2021-08-02 01:24:38 {"status":"ok","gid":473689,"msg":"添加成功！"}
2021-08-02 01:24:38 下次操作: 2021-08-02 01:24:51

2021-08-02 01:24:51 开始第 36 次操作

2021-08-02 01:24:51 开始操作号码 【1988584】
2021-08-02 01:25:00 GSD getOne 第 1 次 等待 3 秒
2021-08-02 01:25:03 查询号码 【1988584】，返回信息 {"status":"bad","msg":""}
2021-08-02 01:25:03 查询号码 【1988584】，GSD为【""】
2021-08-02 01:25:03 bad
2021-08-02 01:25:04 CHB 1988584?1627838703 第 1 次 等待 3 秒
2021-08-02 01:25:07 CHB 1988584?1627838703 第 1 次 获取到号码【1988584】GSD
2021-08-02 01:25:07 获取到号码【1988584】的GSD为【贵州-都匀】
2021-08-02 01:25:12 GSD insert 第 1 次 等待 3 秒
2021-08-02 01:25:15 {"status":"ok","gid":473698,"msg":"添加成功！"}
2021-08-02 01:25:15 下次操作: 2021-08-02 01:25:28

2021-08-02 01:25:28 开始第 37 次操作

2021-08-02 01:25:28 开始操作号码 【1988583】
2021-08-02 01:25:32 GSD getOne 第 1 次 等待 3 秒
2021-08-02 01:25:35 查询号码 【1988583】，返回信息 {"status":"bad","msg":""}
2021-08-02 01:25:35 查询号码 【1988583】，GSD为【""】
2021-08-02 01:25:35 bad
2021-08-02 01:25:37 CHB 1988583?1627838735 第 1 次 等待 3 秒
2021-08-02 01:25:40 CHB 1988583?1627838735 第 1 次 获取到号码【1988583】GSD
2021-08-02 01:25:40 获取到号码【1988583】的GSD为【贵州-都匀】
2021-08-02 01:25:45 GSD insert 第 1 次 等待 3 秒
2021-08-02 01:25:48 {"status":"ok","gid":473707,"msg":"添加成功！"}
2021-08-02 01:25:48 下次操作: 2021-08-02 01:26:08

2021-08-02 01:26:08 开始第 38 次操作

2021-08-02 01:26:08 开始操作号码 【1988582】
2021-08-02 01:26:12 GSD getOne 第 1 次 等待 3 秒
2021-08-02 01:26:15 查询号码 【1988582】，返回信息 {"status":"bad","msg":""}
2021-08-02 01:26:15 查询号码 【1988582】，GSD为【""】
2021-08-02 01:26:15 bad
2021-08-02 01:26:17 CHB 1988582?1627838775 第 1 次 等待 3 秒
2021-08-02 01:26:20 CHB 1988582?1627838775 第 1 次 获取到号码【1988582】GSD
2021-08-02 01:26:20 获取到号码【1988582】的GSD为【贵州-都匀】
2021-08-02 01:26:23 GSD insert 第 1 次 等待 3 秒
2021-08-02 01:26:26 {"status":"ok","gid":473713,"msg":"添加成功！"}
2021-08-02 01:26:26 下次操作: 2021-08-02 01:26:46

2021-08-02 01:26:46 开始第 39 次操作

2021-08-02 01:26:46 开始操作号码 【1988581】
2021-08-02 01:26:56 GSD getOne 第 1 次 等待 3 秒
2021-08-02 01:26:59 查询号码 【1988581】，返回信息 {"status":"bad","msg":""}
2021-08-02 01:26:59 查询号码 【1988581】，GSD为【""】
2021-08-02 01:26:59 bad
2021-08-02 01:27:00 CHB 1988581?1627838819 第 1 次 等待 3 秒
2021-08-02 01:27:03 CHB 1988581?1627838819 第 1 次 获取到号码【1988581】GSD
2021-08-02 01:27:03 获取到号码【1988581】的GSD为【贵州-都匀】
2021-08-02 01:27:07 GSD insert 第 1 次 等待 3 秒
2021-08-02 01:27:10 {"status":"ok","gid":473721,"msg":"添加成功！"}
2021-08-02 01:27:10 下次操作: 2021-08-02 01:27:31

2021-08-02 01:27:31 开始第 40 次操作

2021-08-02 01:27:31 开始操作号码 【1988580】
2021-08-02 01:27:35 GSD getOne 第 1 次 等待 3 秒
2021-08-02 01:27:38 查询号码 【1988580】，返回信息 {"status":"bad","msg":""}
2021-08-02 01:27:38 查询号码 【1988580】，GSD为【""】
2021-08-02 01:27:38 bad
2021-08-02 01:27:40 CHB 1988580?1627838858 第 1 次 等待 3 秒
2021-08-02 01:27:43 CHB 1988580?1627838858 第 1 次 获取到号码【1988580】GSD
2021-08-02 01:27:43 获取到号码【1988580】的GSD为【贵州-都匀】
2021-08-02 01:27:50 GSD insert 第 1 次 等待 3 秒
2021-08-02 01:27:53 {"status":"ok","gid":473727,"msg":"添加成功！"}

