2024-04-08 00:18:46 开始第 2461 次操作

2024-04-08 00:18:46 开始操作号码 【1632379】
2024-04-08 00:18:52 GSD getOne 第 1 次 等待 3 秒
2024-04-08 00:18:55 查询号码 【1632379】，返回信息 {"status":"ok","msg":"-","gid":"562628","time_insert":"2023-03-01 10:17"}
2024-04-08 00:18:55 查询号码 【1632379】，GSD为【"-"】
2024-04-08 00:18:55 ok && -
2024-04-08 00:18:58 CHB 1632379?1712506735 第 1 次 等待 3 秒
2024-04-08 00:19:01 CHB 1632379?1712506735 第 1 次 获取到号码【1632379】GSD
2024-04-08 00:19:01 未获取到号码【1632379】GSD，可能号码格式错误
2024-04-08 00:19:01 获取到号码【1632379】的GSD为【-】
2024-04-08 00:19:07 GSD insert 第 1 次 等待 3 秒
2024-04-08 00:19:10 {"status":"bad","gid":"562628","msg":"添加失败！号码【1632379(-|-)】已存在！"}
2024-04-08 00:19:10 随机等待 232 秒，约 3 分钟
2024-04-08 00:19:10 下次操作: 2024-04-08 00:23:02

2024-04-08 00:23:02 开始第 2462 次操作

2024-04-08 00:23:02 开始操作号码 【1632380】
2024-04-08 00:23:06 GSD getOne 第 1 次 等待 3 秒
2024-04-08 00:23:09 查询号码 【1632380】，返回信息 {"status":"ok","msg":"-","gid":"562642","time_insert":"2023-03-01 10:30"}
2024-04-08 00:23:09 查询号码 【1632380】，GSD为【"-"】
2024-04-08 00:23:09 ok && -
2024-04-08 00:23:12 CHB 1632380?1712506989 第 1 次 等待 3 秒
2024-04-08 00:23:15 CHB 1632380?1712506989 第 1 次 获取到号码【1632380】GSD
2024-04-08 00:23:15 未获取到号码【1632380】GSD，可能号码格式错误
2024-04-08 00:23:15 获取到号码【1632380】的GSD为【-】
2024-04-08 00:23:21 GSD insert 第 1 次 等待 3 秒
2024-04-08 00:23:24 {"status":"bad","gid":"562642","msg":"添加失败！号码【1632380(-|-)】已存在！"}
2024-04-08 00:23:24 随机等待 177 秒，约 2 分钟
2024-04-08 00:23:24 下次操作: 2024-04-08 00:26:21

2024-04-08 00:26:21 开始第 2463 次操作

2024-04-08 00:26:21 开始操作号码 【1632381】
2024-04-08 00:26:26 GSD getOne 第 1 次 等待 3 秒
2024-04-08 00:26:29 查询号码 【1632381】，返回信息 {"status":"ok","msg":"-","gid":"562658","time_insert":"2023-03-01 10:42"}
2024-04-08 00:26:29 查询号码 【1632381】，GSD为【"-"】
2024-04-08 00:26:29 ok && -
2024-04-08 00:26:35 CHB 1632381?1712507189 第 1 次 等待 3 秒
2024-04-08 00:26:38 CHB 1632381?1712507189 第 1 次 获取到号码【1632381】GSD
2024-04-08 00:26:38 未获取到号码【1632381】GSD，可能号码格式错误
2024-04-08 00:26:38 获取到号码【1632381】的GSD为【-】
2024-04-08 00:26:43 GSD insert 第 1 次 等待 3 秒
2024-04-08 00:26:46 {"status":"bad","gid":"562658","msg":"添加失败！号码【1632381(-|-)】已存在！"}
2024-04-08 00:26:46 随机等待 233 秒，约 3 分钟
2024-04-08 00:26:46 下次操作: 2024-04-08 00:30:39

2024-04-08 00:30:39 开始第 2464 次操作

2024-04-08 00:30:39 开始操作号码 【1632382】
2024-04-08 00:30:44 GSD getOne 第 1 次 等待 3 秒
2024-04-08 00:30:47 查询号码 【1632382】，返回信息 {"status":"ok","msg":"-","gid":"562682","time_insert":"2023-03-01 11:00"}
2024-04-08 00:30:47 查询号码 【1632382】，GSD为【"-"】
2024-04-08 00:30:47 ok && -
2024-04-08 00:30:54 CHB 1632382?1712507447 第 1 次 等待 3 秒
2024-04-08 00:30:57 CHB 1632382?1712507447 第 1 次 获取到号码【1632382】GSD
2024-04-08 00:30:57 未获取到号码【1632382】GSD，可能号码格式错误
2024-04-08 00:30:57 获取到号码【1632382】的GSD为【-】
2024-04-08 00:31:02 GSD insert 第 1 次 等待 3 秒
2024-04-08 00:31:05 {"status":"bad","gid":"562682","msg":"添加失败！号码【1632382(-|-)】已存在！"}

2024-04-08 00:37:30 开始第 2465 次操作

2024-04-08 00:37:30 开始操作号码 【1632383】
2024-04-08 00:37:35 GSD getOne 第 1 次 等待 3 秒
2024-04-08 00:37:38 查询号码 【1632383】，返回信息 {"status":"ok","msg":"-","gid":"562695","time_insert":"2023-03-01 11:12"}
2024-04-08 00:37:38 查询号码 【1632383】，GSD为【"-"】
2024-04-08 00:37:38 ok && -
2024-04-08 00:37:40 CHB 1632383?1712507858 第 1 次 等待 3 秒
2024-04-08 00:37:43 CHB 1632383?1712507858 第 1 次 获取到号码【1632383】GSD
2024-04-08 00:37:43 未获取到号码【1632383】GSD，可能号码格式错误
2024-04-08 00:37:43 获取到号码【1632383】的GSD为【-】
2024-04-08 00:37:48 GSD insert 第 1 次 等待 3 秒
2024-04-08 00:37:51 {"status":"bad","gid":"562695","msg":"添加失败！号码【1632383(-|-)】已存在！"}
2024-04-08 00:37:51 随机等待 216 秒，约 3 分钟
2024-04-08 00:37:51 下次操作: 2024-04-08 00:41:27

2024-04-08 00:41:27 开始第 2466 次操作

2024-04-08 00:41:27 开始操作号码 【1632384】
2024-04-08 00:41:36 GSD getOne 第 1 次 等待 3 秒
2024-04-08 00:41:39 查询号码 【1632384】，返回信息 {"status":"ok","msg":"-","gid":"562719","time_insert":"2023-03-01 11:29"}
2024-04-08 00:41:39 查询号码 【1632384】，GSD为【"-"】
2024-04-08 00:41:39 ok && -
2024-04-08 00:41:41 CHB 1632384?1712508099 第 1 次 等待 3 秒
2024-04-08 00:41:44 CHB 1632384?1712508099 第 1 次 获取到号码【1632384】GSD
2024-04-08 00:41:44 未获取到号码【1632384】GSD，可能号码格式错误
2024-04-08 00:41:44 获取到号码【1632384】的GSD为【-】
2024-04-08 00:41:50 GSD insert 第 1 次 等待 3 秒
2024-04-08 00:41:53 {"status":"bad","gid":"562719","msg":"添加失败！号码【1632384(-|-)】已存在！"}
2024-04-08 00:41:53 随机等待 229 秒，约 3 分钟
2024-04-08 00:41:53 下次操作: 2024-04-08 00:45:42

2024-04-08 00:45:42 开始第 2467 次操作

2024-04-08 00:45:42 开始操作号码 【1632385】
2024-04-08 00:45:48 GSD getOne 第 1 次 等待 3 秒
2024-04-08 00:45:51 查询号码 【1632385】，返回信息 {"status":"ok","msg":"-","gid":"562733","time_insert":"2023-03-01 11:38"}
2024-04-08 00:45:51 查询号码 【1632385】，GSD为【"-"】
2024-04-08 00:45:51 ok && -
2024-04-08 00:45:53 CHB 1632385?1712508351 第 1 次 等待 3 秒
2024-04-08 00:45:56 CHB 1632385?1712508351 第 1 次 获取到号码【1632385】GSD
2024-04-08 00:45:56 未获取到号码【1632385】GSD，可能号码格式错误
2024-04-08 00:45:56 获取到号码【1632385】的GSD为【-】
2024-04-08 00:46:01 GSD insert 第 1 次 等待 3 秒
2024-04-08 00:46:04 {"status":"bad","gid":"562733","msg":"添加失败！号码【1632385(-|-)】已存在！"}
2024-04-08 00:46:04 随机等待 196 秒，约 3 分钟
2024-04-08 00:46:04 下次操作: 2024-04-08 00:49:20

2024-04-08 00:49:20 开始第 2468 次操作

2024-04-08 00:49:20 开始操作号码 【1632386】
2024-04-08 00:49:25 GSD getOne 第 1 次 等待 3 秒
2024-04-08 00:49:28 查询号码 【1632386】，返回信息 {"status":"ok","msg":"-","gid":"562758","time_insert":"2023-03-01 11:53"}
2024-04-08 00:49:28 查询号码 【1632386】，GSD为【"-"】
2024-04-08 00:49:28 ok && -
2024-04-08 00:49:30 CHB 1632386?1712508568 第 1 次 等待 3 秒
2024-04-08 00:49:33 CHB 1632386?1712508568 第 1 次 获取到号码【1632386】GSD
2024-04-08 00:49:33 未获取到号码【1632386】GSD，可能号码格式错误
2024-04-08 00:49:33 获取到号码【1632386】的GSD为【-】
2024-04-08 00:49:38 GSD insert 第 1 次 等待 3 秒
2024-04-08 00:49:41 {"status":"bad","gid":"562758","msg":"添加失败！号码【1632386(-|-)】已存在！"}

2024-04-08 01:14:14 开始第 2469 次操作

2024-04-08 01:14:14 开始操作号码 【1632387】
2024-04-08 01:14:19 GSD getOne 第 1 次 等待 3 秒
2024-04-08 01:14:22 查询号码 【1632387】，返回信息 {"status":"ok","msg":"-","gid":"562782","time_insert":"2023-03-01 12:07"}
2024-04-08 01:14:22 查询号码 【1632387】，GSD为【"-"】
2024-04-08 01:14:22 ok && -
2024-04-08 01:14:24 CHB 1632387?1712510062 第 1 次 等待 3 秒
2024-04-08 01:14:27 CHB 1632387?1712510062 第 1 次 获取到号码【1632387】GSD
2024-04-08 01:14:27 未获取到号码【1632387】GSD，可能号码格式错误
2024-04-08 01:14:27 获取到号码【1632387】的GSD为【-】
2024-04-08 01:14:32 GSD insert 第 1 次 等待 3 秒
2024-04-08 01:14:35 {"status":"bad","gid":"562782","msg":"添加失败！号码【1632387(-|-)】已存在！"}
2024-04-08 01:14:35 随机等待 105 秒，约 1 分钟
2024-04-08 01:14:35 下次操作: 2024-04-08 01:16:20

2024-04-08 01:16:20 开始第 2470 次操作

2024-04-08 01:16:20 开始操作号码 【1632388】
2024-04-08 01:16:25 GSD getOne 第 1 次 等待 3 秒
2024-04-08 01:16:28 查询号码 【1632388】，返回信息 {"status":"ok","msg":"-","gid":"562809","time_insert":"2023-03-01 12:25"}
2024-04-08 01:16:28 查询号码 【1632388】，GSD为【"-"】
2024-04-08 01:16:28 ok && -
2024-04-08 01:16:30 CHB 1632388?1712510188 第 1 次 等待 3 秒
2024-04-08 01:16:33 CHB 1632388?1712510188 第 1 次 获取到号码【1632388】GSD
2024-04-08 01:16:33 未获取到号码【1632388】GSD，可能号码格式错误
2024-04-08 01:16:33 获取到号码【1632388】的GSD为【-】
2024-04-08 01:16:39 GSD insert 第 1 次 等待 3 秒
2024-04-08 01:16:42 {"status":"bad","gid":"562809","msg":"添加失败！号码【1632388(-|-)】已存在！"}
2024-04-08 01:16:42 随机等待 193 秒，约 3 分钟
2024-04-08 01:16:42 下次操作: 2024-04-08 01:19:55

2024-04-08 01:19:55 开始第 2471 次操作

2024-04-08 01:19:55 开始操作号码 【1632389】
2024-04-08 01:19:59 GSD getOne 第 1 次 等待 3 秒
2024-04-08 01:20:02 查询号码 【1632389】，返回信息 {"status":"ok","msg":"-","gid":"562840","time_insert":"2023-03-01 12:43"}
2024-04-08 01:20:02 查询号码 【1632389】，GSD为【"-"】
2024-04-08 01:20:02 ok && -
2024-04-08 01:20:04 CHB 1632389?1712510402 第 1 次 等待 3 秒
2024-04-08 01:20:07 CHB 1632389?1712510402 第 1 次 获取到号码【1632389】GSD
2024-04-08 01:20:07 未获取到号码【1632389】GSD，可能号码格式错误
2024-04-08 01:20:08 获取到号码【1632389】的GSD为【-】
2024-04-08 01:20:12 GSD insert 第 1 次 等待 3 秒
2024-04-08 01:20:15 {"status":"bad","gid":"562840","msg":"添加失败！号码【1632389(-|-)】已存在！"}
2024-04-08 01:20:15 随机等待 200 秒，约 3 分钟
2024-04-08 01:20:15 下次操作: 2024-04-08 01:23:35

2024-04-08 01:23:35 开始第 2472 次操作

2024-04-08 01:23:35 开始操作号码 【1632390】
2024-04-08 01:23:40 GSD getOne 第 1 次 等待 3 秒
2024-04-08 01:23:43 查询号码 【1632390】，返回信息 {"status":"ok","msg":"-","gid":"562871","time_insert":"2023-03-01 13:01"}
2024-04-08 01:23:43 查询号码 【1632390】，GSD为【"-"】
2024-04-08 01:23:43 ok && -
2024-04-08 01:23:45 CHB 1632390?1712510623 第 1 次 等待 3 秒
2024-04-08 01:23:48 CHB 1632390?1712510623 第 1 次 获取到号码【1632390】GSD
2024-04-08 01:23:48 未获取到号码【1632390】GSD，可能号码格式错误
2024-04-08 01:23:48 获取到号码【1632390】的GSD为【-】
2024-04-08 01:23:53 GSD insert 第 1 次 等待 3 秒
2024-04-08 01:23:56 {"status":"bad","gid":"562871","msg":"添加失败！号码【1632390(-|-)】已存在！"}

2024-04-08 01:37:32 开始第 2473 次操作

2024-04-08 01:37:32 开始操作号码 【1632391】
2024-04-08 01:37:37 GSD getOne 第 1 次 等待 3 秒
2024-04-08 01:37:40 查询号码 【1632391】，返回信息 {"status":"ok","msg":"-","gid":"562892","time_insert":"2023-03-01 13:16"}
2024-04-08 01:37:40 查询号码 【1632391】，GSD为【"-"】
2024-04-08 01:37:40 ok && -
2024-04-08 01:37:43 CHB 1632391?1712511460 第 1 次 等待 3 秒
2024-04-08 01:37:46 CHB 1632391?1712511460 第 1 次 获取到号码【1632391】GSD
2024-04-08 01:37:46 未获取到号码【1632391】GSD，可能号码格式错误
2024-04-08 01:37:46 获取到号码【1632391】的GSD为【-】
2024-04-08 01:37:52 GSD insert 第 1 次 等待 3 秒
2024-04-08 01:37:55 {"status":"bad","gid":"562892","msg":"添加失败！号码【1632391(-|-)】已存在！"}
2024-04-08 01:37:55 随机等待 105 秒，约 1 分钟
2024-04-08 01:37:55 下次操作: 2024-04-08 01:39:40

2024-04-08 01:39:40 开始第 2474 次操作

2024-04-08 01:39:40 开始操作号码 【1632392】
2024-04-08 01:39:46 GSD getOne 第 1 次 等待 3 秒
2024-04-08 01:39:49 查询号码 【1632392】，返回信息 {"status":"ok","msg":"-","gid":"562919","time_insert":"2023-03-01 13:34"}
2024-04-08 01:39:49 查询号码 【1632392】，GSD为【"-"】
2024-04-08 01:39:49 ok && -
2024-04-08 01:39:51 CHB 1632392?1712511589 第 1 次 等待 3 秒
2024-04-08 01:39:54 CHB 1632392?1712511589 第 1 次 获取到号码【1632392】GSD
2024-04-08 01:39:54 未获取到号码【1632392】GSD，可能号码格式错误
2024-04-08 01:39:54 获取到号码【1632392】的GSD为【-】
2024-04-08 01:40:00 GSD insert 第 1 次 等待 3 秒
2024-04-08 01:40:03 {"status":"bad","gid":"562919","msg":"添加失败！号码【1632392(-|-)】已存在！"}
2024-04-08 01:40:03 随机等待 174 秒，约 2 分钟
2024-04-08 01:40:03 下次操作: 2024-04-08 01:42:57

2024-04-08 01:42:57 开始第 2475 次操作

2024-04-08 01:42:57 开始操作号码 【1632393】
2024-04-08 01:43:04 GSD getOne 第 1 次 等待 3 秒
2024-04-08 01:43:07 查询号码 【1632393】，返回信息 {"status":"ok","msg":"-","gid":"562943","time_insert":"2023-03-01 13:46"}
2024-04-08 01:43:07 查询号码 【1632393】，GSD为【"-"】
2024-04-08 01:43:07 ok && -
2024-04-08 01:43:10 CHB 1632393?1712511787 第 1 次 等待 3 秒
2024-04-08 01:43:13 CHB 1632393?1712511787 第 1 次 获取到号码【1632393】GSD
2024-04-08 01:43:13 未获取到号码【1632393】GSD，可能号码格式错误
2024-04-08 01:43:13 获取到号码【1632393】的GSD为【-】
2024-04-08 01:43:19 GSD insert 第 1 次 等待 3 秒
2024-04-08 01:43:22 {"status":"bad","gid":"562943","msg":"添加失败！号码【1632393(-|-)】已存在！"}
2024-04-08 01:43:22 随机等待 71 秒，约 1 分钟
2024-04-08 01:43:22 下次操作: 2024-04-08 01:44:33

2024-04-08 01:44:33 开始第 2476 次操作

2024-04-08 01:44:33 开始操作号码 【1632394】
2024-04-08 01:44:38 GSD getOne 第 1 次 等待 3 秒
2024-04-08 01:44:41 查询号码 【1632394】，返回信息 {"status":"ok","msg":"-","gid":"562972","time_insert":"2023-03-01 14:05"}
2024-04-08 01:44:41 查询号码 【1632394】，GSD为【"-"】
2024-04-08 01:44:41 ok && -
2024-04-08 01:44:43 CHB 1632394?1712511881 第 1 次 等待 3 秒
2024-04-08 01:44:46 CHB 1632394?1712511881 第 1 次 获取到号码【1632394】GSD
2024-04-08 01:44:46 未获取到号码【1632394】GSD，可能号码格式错误
2024-04-08 01:44:46 获取到号码【1632394】的GSD为【-】
2024-04-08 01:44:51 GSD insert 第 1 次 等待 3 秒
2024-04-08 01:44:54 {"status":"bad","gid":"562972","msg":"添加失败！号码【1632394(-|-)】已存在！"}

2024-04-08 02:19:35 开始第 2477 次操作

2024-04-08 02:19:35 开始操作号码 【1632395】
2024-04-08 02:19:40 GSD getOne 第 1 次 等待 3 秒
2024-04-08 02:19:43 查询号码 【1632395】，返回信息 {"status":"ok","msg":"-","gid":"562983","time_insert":"2023-03-01 14:14"}
2024-04-08 02:19:43 查询号码 【1632395】，GSD为【"-"】
2024-04-08 02:19:43 ok && -
2024-04-08 02:19:46 CHB 1632395?1712513983 第 1 次 等待 3 秒
2024-04-08 02:19:49 CHB 1632395?1712513983 第 1 次 获取到号码【1632395】GSD
2024-04-08 02:19:49 未获取到号码【1632395】GSD，可能号码格式错误
2024-04-08 02:19:49 获取到号码【1632395】的GSD为【-】
2024-04-08 02:19:54 GSD insert 第 1 次 等待 3 秒
2024-04-08 02:19:57 {"status":"bad","gid":"562983","msg":"添加失败！号码【1632395(-|-)】已存在！"}
2024-04-08 02:19:57 随机等待 92 秒，约 1 分钟
2024-04-08 02:19:57 下次操作: 2024-04-08 02:21:29

2024-04-08 02:21:29 开始第 2478 次操作

2024-04-08 02:21:29 开始操作号码 【1632396】
2024-04-08 02:21:35 GSD getOne 第 1 次 等待 3 秒
2024-04-08 02:21:38 查询号码 【1632396】，返回信息 {"status":"ok","msg":"-","gid":"563009","time_insert":"2023-03-01 14:32"}
2024-04-08 02:21:38 查询号码 【1632396】，GSD为【"-"】
2024-04-08 02:21:38 ok && -
2024-04-08 02:21:40 CHB 1632396?1712514098 第 1 次 等待 3 秒
2024-04-08 02:21:43 CHB 1632396?1712514098 第 1 次 获取到号码【1632396】GSD
2024-04-08 02:21:43 未获取到号码【1632396】GSD，可能号码格式错误
2024-04-08 02:21:43 获取到号码【1632396】的GSD为【-】
2024-04-08 02:21:48 GSD insert 第 1 次 等待 3 秒
2024-04-08 02:21:51 {"status":"bad","gid":"563009","msg":"添加失败！号码【1632396(-|-)】已存在！"}
2024-04-08 02:21:51 随机等待 86 秒，约 1 分钟
2024-04-08 02:21:51 下次操作: 2024-04-08 02:23:17

2024-04-08 02:23:17 开始第 2479 次操作

2024-04-08 02:23:17 开始操作号码 【1632397】
2024-04-08 02:23:24 GSD getOne 第 1 次 等待 3 秒
2024-04-08 02:23:27 查询号码 【1632397】，返回信息 {"status":"ok","msg":"-","gid":"563027","time_insert":"2023-03-01 14:45"}
2024-04-08 02:23:27 查询号码 【1632397】，GSD为【"-"】
2024-04-08 02:23:27 ok && -
2024-04-08 02:23:29 CHB 1632397?1712514207 第 1 次 等待 3 秒
2024-04-08 02:23:32 CHB 1632397?1712514207 第 1 次 获取到号码【1632397】GSD
2024-04-08 02:23:32 未获取到号码【1632397】GSD，可能号码格式错误
2024-04-08 02:23:32 获取到号码【1632397】的GSD为【-】
2024-04-08 02:23:39 GSD insert 第 1 次 等待 3 秒
2024-04-08 02:23:42 {"status":"bad","gid":"563027","msg":"添加失败！号码【1632397(-|-)】已存在！"}
2024-04-08 02:23:42 随机等待 157 秒，约 2 分钟
2024-04-08 02:23:42 下次操作: 2024-04-08 02:26:19

2024-04-08 02:26:19 开始第 2480 次操作

2024-04-08 02:26:19 开始操作号码 【1632398】
2024-04-08 02:26:24 GSD getOne 第 1 次 等待 3 秒
2024-04-08 02:26:27 查询号码 【1632398】，返回信息 {"status":"ok","msg":"-","gid":"563046","time_insert":"2023-03-01 14:55"}
2024-04-08 02:26:27 查询号码 【1632398】，GSD为【"-"】
2024-04-08 02:26:27 ok && -
2024-04-08 02:26:29 CHB 1632398?1712514387 第 1 次 等待 3 秒
2024-04-08 02:26:32 CHB 1632398?1712514387 第 1 次 获取到号码【1632398】GSD
2024-04-08 02:26:32 未获取到号码【1632398】GSD，可能号码格式错误
2024-04-08 02:26:32 获取到号码【1632398】的GSD为【-】
2024-04-08 02:26:37 GSD insert 第 1 次 等待 3 秒
2024-04-08 02:26:40 {"status":"bad","gid":"563046","msg":"添加失败！号码【1632398(-|-)】已存在！"}

2024-04-08 02:37:54 开始第 2481 次操作

2024-04-08 02:37:54 开始操作号码 【1632399】
2024-04-08 02:38:06 GSD getOne 第 1 次 等待 3 秒
2024-04-08 02:38:09 查询号码 【1632399】，返回信息 {"status":"ok","msg":"-","gid":"563064","time_insert":"2023-03-01 15:05"}
2024-04-08 02:38:09 查询号码 【1632399】，GSD为【"-"】
2024-04-08 02:38:09 ok && -
2024-04-08 02:38:11 CHB 1632399?1712515089 第 1 次 等待 3 秒
2024-04-08 02:38:14 CHB 1632399?1712515089 第 1 次 获取到号码【1632399】GSD
2024-04-08 02:38:14 未获取到号码【1632399】GSD，可能号码格式错误
2024-04-08 02:38:14 获取到号码【1632399】的GSD为【-】
2024-04-08 02:38:23 GSD insert 第 1 次 等待 3 秒
2024-04-08 02:38:26 {"status":"bad","gid":"563064","msg":"添加失败！号码【1632399(-|-)】已存在！"}
2024-04-08 02:38:26 随机等待 195 秒，约 3 分钟
2024-04-08 02:38:26 下次操作: 2024-04-08 02:41:41

2024-04-08 02:41:41 开始第 2482 次操作

2024-04-08 02:41:41 开始操作号码 【1632400】
2024-04-08 02:41:46 GSD getOne 第 1 次 等待 3 秒
2024-04-08 02:41:49 查询号码 【1632400】，返回信息 {"status":"ok","msg":"-","gid":"563091","time_insert":"2023-03-01 15:24"}
2024-04-08 02:41:49 查询号码 【1632400】，GSD为【"-"】
2024-04-08 02:41:49 ok && -
2024-04-08 02:41:51 CHB 1632400?1712515309 第 1 次 等待 3 秒
2024-04-08 02:41:54 CHB 1632400?1712515309 第 1 次 获取到号码【1632400】GSD
2024-04-08 02:41:54 未获取到号码【1632400】GSD，可能号码格式错误
2024-04-08 02:41:54 获取到号码【1632400】的GSD为【-】
2024-04-08 02:41:59 GSD insert 第 1 次 等待 3 秒
2024-04-08 02:42:02 {"status":"bad","gid":"563091","msg":"添加失败！号码【1632400(-|-)】已存在！"}
2024-04-08 02:42:02 随机等待 75 秒，约 1 分钟
2024-04-08 02:42:02 下次操作: 2024-04-08 02:43:17

2024-04-08 02:43:17 开始第 2483 次操作

2024-04-08 02:43:17 开始操作号码 【1632401】
2024-04-08 02:43:21 GSD getOne 第 1 次 等待 3 秒
2024-04-08 02:43:24 查询号码 【1632401】，返回信息 {"status":"ok","msg":"-","gid":"563108","time_insert":"2023-03-01 15:33"}
2024-04-08 02:43:24 查询号码 【1632401】，GSD为【"-"】
2024-04-08 02:43:24 ok && -
2024-04-08 02:43:26 CHB 1632401?1712515404 第 1 次 等待 3 秒
2024-04-08 02:43:29 CHB 1632401?1712515404 第 1 次 获取到号码【1632401】GSD
2024-04-08 02:43:29 未获取到号码【1632401】GSD，可能号码格式错误
2024-04-08 02:43:29 获取到号码【1632401】的GSD为【-】
2024-04-08 02:43:34 GSD insert 第 1 次 等待 3 秒
2024-04-08 02:43:37 {"status":"bad","gid":"563108","msg":"添加失败！号码【1632401(-|-)】已存在！"}
2024-04-08 02:43:37 随机等待 181 秒，约 3 分钟
2024-04-08 02:43:37 下次操作: 2024-04-08 02:46:38

2024-04-08 02:46:38 开始第 2484 次操作

2024-04-08 02:46:38 开始操作号码 【1632402】
2024-04-08 02:46:43 GSD getOne 第 1 次 等待 3 秒
2024-04-08 02:46:46 查询号码 【1632402】，返回信息 {"status":"ok","msg":"-","gid":"563144","time_insert":"2023-03-01 15:52"}
2024-04-08 02:46:46 查询号码 【1632402】，GSD为【"-"】
2024-04-08 02:46:46 ok && -
2024-04-08 02:46:48 CHB 1632402?1712515606 第 1 次 等待 3 秒
2024-04-08 02:46:51 CHB 1632402?1712515606 第 1 次 获取到号码【1632402】GSD
2024-04-08 02:46:51 未获取到号码【1632402】GSD，可能号码格式错误
2024-04-08 02:46:51 获取到号码【1632402】的GSD为【-】
2024-04-08 02:46:56 GSD insert 第 1 次 等待 3 秒
2024-04-08 02:46:59 {"status":"bad","gid":"563144","msg":"添加失败！号码【1632402(-|-)】已存在！"}

2024-04-08 03:12:30 开始第 2485 次操作

2024-04-08 03:12:30 开始操作号码 【1632403】
2024-04-08 03:12:35 GSD getOne 第 1 次 等待 3 秒
2024-04-08 03:12:38 查询号码 【1632403】，返回信息 {"status":"ok","msg":"-","gid":"563161","time_insert":"2023-03-01 16:01"}
2024-04-08 03:12:38 查询号码 【1632403】，GSD为【"-"】
2024-04-08 03:12:38 ok && -
2024-04-08 03:12:40 CHB 1632403?1712517158 第 1 次 等待 3 秒
2024-04-08 03:12:43 CHB 1632403?1712517158 第 1 次 获取到号码【1632403】GSD
2024-04-08 03:12:43 未获取到号码【1632403】GSD，可能号码格式错误
2024-04-08 03:12:43 获取到号码【1632403】的GSD为【-】
2024-04-08 03:12:49 GSD insert 第 1 次 等待 3 秒
2024-04-08 03:12:52 {"status":"bad","gid":"563161","msg":"添加失败！号码【1632403(-|-)】已存在！"}
2024-04-08 03:12:52 随机等待 96 秒，约 1 分钟
2024-04-08 03:12:52 下次操作: 2024-04-08 03:14:28

2024-04-08 03:14:28 开始第 2486 次操作

2024-04-08 03:14:28 开始操作号码 【1632404】
2024-04-08 03:14:32 GSD getOne 第 1 次 等待 3 秒
2024-04-08 03:14:35 查询号码 【1632404】，返回信息 {"status":"ok","msg":"-","gid":"563189","time_insert":"2023-03-01 16:18"}
2024-04-08 03:14:35 查询号码 【1632404】，GSD为【"-"】
2024-04-08 03:14:35 ok && -
2024-04-08 03:14:37 CHB 1632404?1712517275 第 1 次 等待 3 秒
2024-04-08 03:14:40 CHB 1632404?1712517275 第 1 次 获取到号码【1632404】GSD
2024-04-08 03:14:40 未获取到号码【1632404】GSD，可能号码格式错误
2024-04-08 03:14:40 获取到号码【1632404】的GSD为【-】
2024-04-08 03:14:44 GSD insert 第 1 次 等待 3 秒
2024-04-08 03:14:47 {"status":"bad","gid":"563189","msg":"添加失败！号码【1632404(-|-)】已存在！"}
2024-04-08 03:14:47 随机等待 194 秒，约 3 分钟
2024-04-08 03:14:47 下次操作: 2024-04-08 03:18:01

2024-04-08 03:18:01 开始第 2487 次操作

2024-04-08 03:18:01 开始操作号码 【1632405】
2024-04-08 03:18:06 GSD getOne 第 1 次 等待 3 秒
2024-04-08 03:18:09 查询号码 【1632405】，返回信息 {"status":"ok","msg":"-","gid":"563207","time_insert":"2023-03-01 16:34"}
2024-04-08 03:18:09 查询号码 【1632405】，GSD为【"-"】
2024-04-08 03:18:09 ok && -
2024-04-08 03:18:10 CHB 1632405?1712517489 第 1 次 等待 3 秒
2024-04-08 03:18:13 CHB 1632405?1712517489 第 1 次 获取到号码【1632405】GSD
2024-04-08 03:18:13 未获取到号码【1632405】GSD，可能号码格式错误
2024-04-08 03:18:13 获取到号码【1632405】的GSD为【-】
2024-04-08 03:18:18 GSD insert 第 1 次 等待 3 秒
2024-04-08 03:18:21 {"status":"bad","gid":"563207","msg":"添加失败！号码【1632405(-|-)】已存在！"}
2024-04-08 03:18:21 随机等待 160 秒，约 2 分钟
2024-04-08 03:18:21 下次操作: 2024-04-08 03:21:01

2024-04-08 03:21:01 开始第 2488 次操作

2024-04-08 03:21:01 开始操作号码 【1632406】
2024-04-08 03:21:05 GSD getOne 第 1 次 等待 3 秒
2024-04-08 03:21:08 查询号码 【1632406】，返回信息 {"status":"ok","msg":"-","gid":"563228","time_insert":"2023-03-01 16:44"}
2024-04-08 03:21:08 查询号码 【1632406】，GSD为【"-"】
2024-04-08 03:21:08 ok && -
2024-04-08 03:21:10 CHB 1632406?1712517668 第 1 次 等待 3 秒
2024-04-08 03:21:13 CHB 1632406?1712517668 第 1 次 获取到号码【1632406】GSD
2024-04-08 03:21:13 未获取到号码【1632406】GSD，可能号码格式错误
2024-04-08 03:21:13 获取到号码【1632406】的GSD为【-】
2024-04-08 03:21:17 GSD insert 第 1 次 等待 3 秒
2024-04-08 03:21:20 {"status":"bad","gid":"563228","msg":"添加失败！号码【1632406(-|-)】已存在！"}

2024-04-08 03:37:38 开始第 2489 次操作

2024-04-08 03:37:38 开始操作号码 【1632407】
2024-04-08 03:37:43 GSD getOne 第 1 次 等待 3 秒
2024-04-08 03:37:46 查询号码 【1632407】，返回信息 {"status":"ok","msg":"-","gid":"563258","time_insert":"2023-03-01 17:02"}
2024-04-08 03:37:46 查询号码 【1632407】，GSD为【"-"】
2024-04-08 03:37:46 ok && -
2024-04-08 03:37:48 CHB 1632407?1712518666 第 1 次 等待 3 秒
2024-04-08 03:37:51 CHB 1632407?1712518666 第 1 次 获取到号码【1632407】GSD
2024-04-08 03:37:51 未获取到号码【1632407】GSD，可能号码格式错误
2024-04-08 03:37:51 获取到号码【1632407】的GSD为【-】
2024-04-08 03:37:55 GSD insert 第 1 次 等待 3 秒
2024-04-08 03:37:58 {"status":"bad","gid":"563258","msg":"添加失败！号码【1632407(-|-)】已存在！"}
2024-04-08 03:37:58 随机等待 227 秒，约 3 分钟
2024-04-08 03:37:58 下次操作: 2024-04-08 03:41:45

2024-04-08 03:41:45 开始第 2490 次操作

2024-04-08 03:41:45 开始操作号码 【1632408】
2024-04-08 03:41:50 GSD getOne 第 1 次 等待 3 秒
2024-04-08 03:41:53 查询号码 【1632408】，返回信息 {"status":"ok","msg":"-","gid":"563279","time_insert":"2023-03-01 17:18"}
2024-04-08 03:41:53 查询号码 【1632408】，GSD为【"-"】
2024-04-08 03:41:53 ok && -
2024-04-08 03:41:55 CHB 1632408?1712518913 第 1 次 等待 3 秒
2024-04-08 03:41:58 CHB 1632408?1712518913 第 1 次 获取到号码【1632408】GSD
2024-04-08 03:41:58 未获取到号码【1632408】GSD，可能号码格式错误
2024-04-08 03:41:58 获取到号码【1632408】的GSD为【-】
2024-04-08 03:42:02 GSD insert 第 1 次 等待 3 秒
2024-04-08 03:42:05 {"status":"bad","gid":"563279","msg":"添加失败！号码【1632408(-|-)】已存在！"}
2024-04-08 03:42:05 随机等待 146 秒，约 2 分钟
2024-04-08 03:42:05 下次操作: 2024-04-08 03:44:31

2024-04-08 03:44:31 开始第 2491 次操作

2024-04-08 03:44:31 开始操作号码 【1632409】
2024-04-08 03:44:35 GSD getOne 第 1 次 等待 3 秒
2024-04-08 03:44:38 查询号码 【1632409】，返回信息 {"status":"ok","msg":"-","gid":"563293","time_insert":"2023-03-01 17:28"}
2024-04-08 03:44:38 查询号码 【1632409】，GSD为【"-"】
2024-04-08 03:44:38 ok && -
2024-04-08 03:44:41 CHB 1632409?1712519078 第 1 次 等待 3 秒
2024-04-08 03:44:44 CHB 1632409?1712519078 第 1 次 获取到号码【1632409】GSD
2024-04-08 03:44:44 未获取到号码【1632409】GSD，可能号码格式错误
2024-04-08 03:44:44 获取到号码【1632409】的GSD为【-】
2024-04-08 03:44:48 GSD insert 第 1 次 等待 3 秒
2024-04-08 03:44:51 {"status":"bad","gid":"563293","msg":"添加失败！号码【1632409(-|-)】已存在！"}
2024-04-08 03:44:51 随机等待 135 秒，约 2 分钟
2024-04-08 03:44:51 下次操作: 2024-04-08 03:47:06

2024-04-08 03:47:06 开始第 2492 次操作

2024-04-08 03:47:06 开始操作号码 【1632410】
2024-04-08 03:47:11 GSD getOne 第 1 次 等待 3 秒
2024-04-08 03:47:14 查询号码 【1632410】，返回信息 {"status":"ok","msg":"-","gid":"563311","time_insert":"2023-03-01 17:38"}
2024-04-08 03:47:14 查询号码 【1632410】，GSD为【"-"】
2024-04-08 03:47:14 ok && -
2024-04-08 03:47:16 CHB 1632410?1712519234 第 1 次 等待 3 秒
2024-04-08 03:47:19 CHB 1632410?1712519234 第 1 次 获取到号码【1632410】GSD
2024-04-08 03:47:19 未获取到号码【1632410】GSD，可能号码格式错误
2024-04-08 03:47:19 获取到号码【1632410】的GSD为【-】
2024-04-08 03:47:23 GSD insert 第 1 次 等待 3 秒
2024-04-08 03:47:26 {"status":"bad","gid":"563311","msg":"添加失败！号码【1632410(-|-)】已存在！"}

