2023-12-29 00:21:07 开始第 5673 次操作

2023-12-29 00:21:07 开始操作号码 【1855592】
2023-12-29 00:21:12 GSD getOne 第 1 次 等待 3 秒
2023-12-29 00:21:15 查询号码 【1855592】，返回信息 {"status":"ok","msg":"安徽-淮南","gid":"447749","time_insert":"2021-07-30 19:41"}
2023-12-29 00:21:15 查询号码 【1855592】，GSD为【"安徽-淮南"】

2023-12-29 00:21:16 开始第 5674 次操作

2023-12-29 00:21:16 开始操作号码 【1855593】
2023-12-29 00:21:20 GSD getOne 第 1 次 等待 3 秒
2023-12-29 00:21:23 查询号码 【1855593】，返回信息 {"status":"ok","msg":"安徽-淮南","gid":"447744","time_insert":"2021-07-30 19:41"}
2023-12-29 00:21:23 查询号码 【1855593】，GSD为【"安徽-淮南"】

2023-12-29 00:21:24 开始第 5675 次操作

2023-12-29 00:21:24 开始操作号码 【1855594】
2023-12-29 00:21:28 GSD getOne 第 1 次 等待 3 秒
2023-12-29 00:21:31 查询号码 【1855594】，返回信息 {"status":"ok","msg":"安徽-淮南","gid":"447736","time_insert":"2021-07-30 19:40"}
2023-12-29 00:21:31 查询号码 【1855594】，GSD为【"安徽-淮南"】

2023-12-29 00:21:32 开始第 5676 次操作

2023-12-29 00:21:32 开始操作号码 【1855595】
2023-12-29 00:21:36 GSD getOne 第 1 次 等待 3 秒
2023-12-29 00:21:39 查询号码 【1855595】，返回信息 {"status":"ok","msg":"安徽-淮南","gid":"447728","time_insert":"2021-07-30 19:39"}
2023-12-29 00:21:39 查询号码 【1855595】，GSD为【"安徽-淮南"】

2023-12-29 00:40:52 开始第 5677 次操作

2023-12-29 00:40:52 开始操作号码 【1855596】
2023-12-29 00:40:55 GSD getOne 第 1 次 等待 3 秒
2023-12-29 00:40:58 查询号码 【1855596】，返回信息 {"status":"ok","msg":"安徽-淮南","gid":"447723","time_insert":"2021-07-30 19:39"}
2023-12-29 00:40:58 查询号码 【1855596】，GSD为【"安徽-淮南"】

2023-12-29 00:41:00 开始第 5678 次操作

2023-12-29 00:41:00 开始操作号码 【1855597】
2023-12-29 00:41:03 GSD getOne 第 1 次 等待 3 秒
2023-12-29 00:41:06 查询号码 【1855597】，返回信息 {"status":"ok","msg":"安徽-宣城","gid":"447714","time_insert":"2021-07-30 19:38"}
2023-12-29 00:41:06 查询号码 【1855597】，GSD为【"安徽-宣城"】

2023-12-29 00:41:07 开始第 5679 次操作

2023-12-29 00:41:07 开始操作号码 【1855598】
2023-12-29 00:41:10 GSD getOne 第 1 次 等待 3 秒
2023-12-29 00:41:13 查询号码 【1855598】，返回信息 {"status":"ok","msg":"安徽-宣城","gid":"447708","time_insert":"2021-07-30 19:37"}
2023-12-29 00:41:13 查询号码 【1855598】，GSD为【"安徽-宣城"】

2023-12-29 00:41:14 开始第 5680 次操作

2023-12-29 00:41:14 开始操作号码 【1855599】
2023-12-29 00:41:18 GSD getOne 第 1 次 等待 3 秒
2023-12-29 00:41:21 查询号码 【1855599】，返回信息 {"status":"ok","msg":"安徽-黄山","gid":"447699","time_insert":"2021-07-30 19:37"}
2023-12-29 00:41:21 查询号码 【1855599】，GSD为【"安徽-黄山"】

