2024-05-03 00:21:08 开始第 6705 次操作

2024-05-03 00:21:08 开始操作号码 【1636622】
2024-05-03 00:21:15 GSD getOne 第 1 次 等待 3 秒
2024-05-03 00:21:18 查询号码 【1636622】，返回信息 {"status":"ok","msg":"-","gid":"662932","time_insert":"2023-04-18 21:21"}
2024-05-03 00:21:18 查询号码 【1636622】，GSD为【"-"】
2024-05-03 00:21:18 ok && -
2024-05-03 00:21:20 CHB 1636622?1714666878 第 1 次 等待 3 秒
2024-05-03 00:21:23 CHB 1636622?1714666878 第 1 次 获取到号码【1636622】GSD
2024-05-03 00:21:23 未获取到号码【1636622】GSD，可能号码格式错误
2024-05-03 00:21:23 获取到号码【1636622】的GSD为【-】
2024-05-03 00:21:29 GSD insert 第 1 次 等待 3 秒
2024-05-03 00:21:32 {"status":"bad","gid":"662932","msg":"添加失败！号码【1636622(-|-)】已存在！"}
2024-05-03 00:21:32 随机等待 220 秒，约 3 分钟
2024-05-03 00:21:32 下次操作: 2024-05-03 00:25:12

2024-05-03 00:25:12 开始第 6706 次操作

2024-05-03 00:25:12 开始操作号码 【1636623】
2024-05-03 00:25:19 GSD getOne 第 1 次 等待 3 秒
2024-05-03 00:25:22 查询号码 【1636623】，返回信息 {"status":"ok","msg":"-","gid":"662964","time_insert":"2023-04-18 21:43"}
2024-05-03 00:25:22 查询号码 【1636623】，GSD为【"-"】
2024-05-03 00:25:22 ok && -
2024-05-03 00:25:24 CHB 1636623?1714667122 第 1 次 等待 3 秒
2024-05-03 00:25:27 CHB 1636623?1714667122 第 1 次 获取到号码【1636623】GSD
2024-05-03 00:25:28 未获取到号码【1636623】GSD，可能号码格式错误
2024-05-03 00:25:28 获取到号码【1636623】的GSD为【-】
2024-05-03 00:25:33 GSD insert 第 1 次 等待 3 秒
2024-05-03 00:25:36 {"status":"bad","gid":"662964","msg":"添加失败！号码【1636623(-|-)】已存在！"}
2024-05-03 00:25:36 随机等待 198 秒，约 3 分钟
2024-05-03 00:25:36 下次操作: 2024-05-03 00:28:54

2024-05-03 00:28:54 开始第 6707 次操作

2024-05-03 00:28:54 开始操作号码 【1636624】
2024-05-03 00:29:16 GSD getOne 第 1 次 等待 3 秒
2024-05-03 00:29:19 查询号码 【1636624】，返回信息 {"status":"ok","msg":"-","gid":"662990","time_insert":"2023-04-18 21:58"}
2024-05-03 00:29:19 查询号码 【1636624】，GSD为【"-"】
2024-05-03 00:29:19 ok && -
2024-05-03 00:29:21 CHB 1636624?1714667359 第 1 次 等待 3 秒
2024-05-03 00:29:24 CHB 1636624?1714667359 第 1 次 获取到号码【1636624】GSD
2024-05-03 00:29:24 未获取到号码【1636624】GSD，可能号码格式错误
2024-05-03 00:29:24 获取到号码【1636624】的GSD为【-】
2024-05-03 00:29:30 GSD insert 第 1 次 等待 3 秒
2024-05-03 00:29:33 {"status":"bad","gid":"662990","msg":"添加失败！号码【1636624(-|-)】已存在！"}
2024-05-03 00:29:33 随机等待 113 秒，约 1 分钟
2024-05-03 00:29:33 下次操作: 2024-05-03 00:31:26

2024-05-03 00:31:26 开始第 6708 次操作

2024-05-03 00:31:26 开始操作号码 【1636625】
2024-05-03 00:31:32 GSD getOne 第 1 次 等待 3 秒
2024-05-03 00:31:35 查询号码 【1636625】，返回信息 {"status":"ok","msg":"-","gid":"663011","time_insert":"2023-04-18 22:13"}
2024-05-03 00:31:35 查询号码 【1636625】，GSD为【"-"】
2024-05-03 00:31:35 ok && -
2024-05-03 00:31:37 CHB 1636625?1714667495 第 1 次 等待 3 秒
2024-05-03 00:31:40 CHB 1636625?1714667495 第 1 次 获取到号码【1636625】GSD
2024-05-03 00:31:40 未获取到号码【1636625】GSD，可能号码格式错误
2024-05-03 00:31:40 获取到号码【1636625】的GSD为【-】
2024-05-03 00:31:45 GSD insert 第 1 次 等待 3 秒
2024-05-03 00:31:48 {"status":"bad","gid":"663011","msg":"添加失败！号码【1636625(-|-)】已存在！"}

2024-05-03 00:39:11 开始第 6709 次操作

2024-05-03 00:39:11 开始操作号码 【1636626】
2024-05-03 00:39:22 GSD getOne 第 1 次 等待 3 秒
2024-05-03 00:39:25 查询号码 【1636626】，返回信息 {"status":"ok","msg":"-","gid":"663025","time_insert":"2023-04-18 22:25"}
2024-05-03 00:39:25 查询号码 【1636626】，GSD为【"-"】
2024-05-03 00:39:25 ok && -
2024-05-03 00:39:27 CHB 1636626?1714667965 第 1 次 等待 3 秒
2024-05-03 00:39:30 CHB 1636626?1714667965 第 1 次 获取到号码【1636626】GSD
2024-05-03 00:39:30 未获取到号码【1636626】GSD，可能号码格式错误
2024-05-03 00:39:30 获取到号码【1636626】的GSD为【-】
2024-05-03 00:39:39 GSD insert 第 1 次 等待 3 秒
2024-05-03 00:39:42 {"status":"bad","gid":"663025","msg":"添加失败！号码【1636626(-|-)】已存在！"}
2024-05-03 00:39:42 随机等待 195 秒，约 3 分钟
2024-05-03 00:39:42 下次操作: 2024-05-03 00:42:57

2024-05-03 00:42:57 开始第 6710 次操作

2024-05-03 00:42:57 开始操作号码 【1636627】
2024-05-03 00:43:02 GSD getOne 第 1 次 等待 3 秒
2024-05-03 00:43:05 查询号码 【1636627】，返回信息 {"status":"ok","msg":"-","gid":"663048","time_insert":"2023-04-18 22:41"}
2024-05-03 00:43:05 查询号码 【1636627】，GSD为【"-"】
2024-05-03 00:43:05 ok && -
2024-05-03 00:43:08 CHB 1636627?1714668185 第 1 次 等待 3 秒
2024-05-03 00:43:11 CHB 1636627?1714668185 第 1 次 获取到号码【1636627】GSD
2024-05-03 00:43:11 未获取到号码【1636627】GSD，可能号码格式错误
2024-05-03 00:43:11 获取到号码【1636627】的GSD为【-】
2024-05-03 00:43:16 GSD insert 第 1 次 等待 3 秒
2024-05-03 00:43:19 {"status":"bad","gid":"663048","msg":"添加失败！号码【1636627(-|-)】已存在！"}
2024-05-03 00:43:19 随机等待 141 秒，约 2 分钟
2024-05-03 00:43:19 下次操作: 2024-05-03 00:45:40

2024-05-03 00:45:40 开始第 6711 次操作

2024-05-03 00:45:40 开始操作号码 【1636628】
2024-05-03 00:45:48 GSD getOne 第 1 次 等待 3 秒
2024-05-03 00:45:51 查询号码 【1636628】，返回信息 {"status":"ok","msg":"-","gid":"663065","time_insert":"2023-04-18 22:51"}
2024-05-03 00:45:52 查询号码 【1636628】，GSD为【"-"】
2024-05-03 00:45:52 ok && -
2024-05-03 00:45:54 CHB 1636628?1714668352 第 1 次 等待 3 秒
2024-05-03 00:45:57 CHB 1636628?1714668352 第 1 次 获取到号码【1636628】GSD
2024-05-03 00:45:57 未获取到号码【1636628】GSD，可能号码格式错误
2024-05-03 00:45:57 获取到号码【1636628】的GSD为【-】
2024-05-03 00:46:04 GSD insert 第 1 次 等待 3 秒
2024-05-03 00:46:07 {"status":"bad","gid":"663065","msg":"添加失败！号码【1636628(-|-)】已存在！"}
2024-05-03 00:46:07 随机等待 150 秒，约 2 分钟
2024-05-03 00:46:07 下次操作: 2024-05-03 00:48:37

2024-05-03 00:48:37 开始第 6712 次操作

2024-05-03 00:48:37 开始操作号码 【1636629】
2024-05-03 00:48:42 GSD getOne 第 1 次 等待 3 秒
2024-05-03 00:48:45 查询号码 【1636629】，返回信息 {"status":"ok","msg":"-","gid":"663095","time_insert":"2023-04-18 23:15"}
2024-05-03 00:48:45 查询号码 【1636629】，GSD为【"-"】
2024-05-03 00:48:45 ok && -
2024-05-03 00:48:47 CHB 1636629?1714668525 第 1 次 等待 3 秒
2024-05-03 00:48:50 CHB 1636629?1714668525 第 1 次 获取到号码【1636629】GSD
2024-05-03 00:48:50 未获取到号码【1636629】GSD，可能号码格式错误
2024-05-03 00:48:50 获取到号码【1636629】的GSD为【-】
2024-05-03 00:48:56 GSD insert 第 1 次 等待 3 秒
2024-05-03 00:48:59 {"status":"bad","gid":"663095","msg":"添加失败！号码【1636629(-|-)】已存在！"}

