2023-11-28 00:23:02 开始第 193 次操作

2023-11-28 00:23:02 开始操作号码 【1850112】
2023-11-28 00:23:10 GSD getOne 第 1 次 等待 3 秒
2023-11-28 00:23:13 查询号码 【1850112】，返回信息 {"status":"ok","msg":"北京-北京","gid":"312122","time_insert":"2021-07-18 07:23"}
2023-11-28 00:23:13 查询号码 【1850112】，GSD为【"北京-北京"】

2023-11-28 00:23:14 开始第 194 次操作

2023-11-28 00:23:14 开始操作号码 【1850113】
2023-11-28 00:23:18 GSD getOne 第 1 次 等待 3 秒
2023-11-28 00:23:21 查询号码 【1850113】，返回信息 {"status":"ok","msg":"北京-北京","gid":"312160","time_insert":"2021-07-18 07:37"}
2023-11-28 00:23:21 查询号码 【1850113】，GSD为【"北京-北京"】

2023-11-28 00:23:22 开始第 195 次操作

2023-11-28 00:23:22 开始操作号码 【1850114】
2023-11-28 00:23:25 GSD getOne 第 1 次 等待 3 秒
2023-11-28 00:23:28 查询号码 【1850114】，返回信息 {"status":"ok","msg":"北京-北京","gid":"312363","time_insert":"2021-07-18 07:51"}
2023-11-28 00:23:28 查询号码 【1850114】，GSD为【"北京-北京"】

2023-11-28 00:23:29 开始第 196 次操作

2023-11-28 00:23:29 开始操作号码 【1850115】
2023-11-28 00:23:33 GSD getOne 第 1 次 等待 3 秒
2023-11-28 00:23:36 查询号码 【1850115】，返回信息 {"status":"ok","msg":"北京-北京","gid":"275811","time_insert":"2021-07-14 16:49","time_update":"2021-07-18 08:04"}
2023-11-28 00:23:36 查询号码 【1850115】，GSD为【"北京-北京"】

2023-11-28 00:41:23 开始第 197 次操作

2023-11-28 00:41:23 开始操作号码 【1850116】
2023-11-28 00:41:28 GSD getOne 第 1 次 等待 3 秒
2023-11-28 00:41:31 查询号码 【1850116】，返回信息 {"status":"ok","msg":"北京-北京","gid":"312599","time_insert":"2021-07-18 08:19"}
2023-11-28 00:41:31 查询号码 【1850116】，GSD为【"北京-北京"】

2023-11-28 00:41:32 开始第 198 次操作

2023-11-28 00:41:32 开始操作号码 【1850117】
2023-11-28 00:41:36 GSD getOne 第 1 次 等待 3 秒
2023-11-28 00:41:39 查询号码 【1850117】，返回信息 {"status":"ok","msg":"北京-北京","gid":"312631","time_insert":"2021-07-18 08:34"}
2023-11-28 00:41:39 查询号码 【1850117】，GSD为【"北京-北京"】

2023-11-28 00:41:40 开始第 199 次操作

2023-11-28 00:41:40 开始操作号码 【1850118】
2023-11-28 00:41:44 GSD getOne 第 1 次 等待 3 秒
2023-11-28 00:41:47 查询号码 【1850118】，返回信息 {"status":"ok","msg":"北京-北京","gid":"312647","time_insert":"2021-07-18 08:42"}
2023-11-28 00:41:47 查询号码 【1850118】，GSD为【"北京-北京"】

2023-11-28 00:41:48 开始第 200 次操作

2023-11-28 00:41:48 开始操作号码 【1850119】
2023-11-28 00:41:53 GSD getOne 第 1 次 等待 3 秒
2023-11-28 00:41:56 查询号码 【1850119】，返回信息 {"status":"ok","msg":"北京-北京","gid":"312678","time_insert":"2021-07-18 08:52"}
2023-11-28 00:41:56 查询号码 【1850119】，GSD为【"北京-北京"】

2023-11-28 01:15:30 开始第 201 次操作

2023-11-28 01:15:30 开始操作号码 【1850120】
2023-11-28 01:15:36 GSD getOne 第 1 次 等待 3 秒
2023-11-28 01:15:39 查询号码 【1850120】，返回信息 {"status":"ok","msg":"北京-北京","gid":"312708","time_insert":"2021-07-18 09:03"}
2023-11-28 01:15:39 查询号码 【1850120】，GSD为【"北京-北京"】

2023-11-28 01:15:40 开始第 202 次操作

2023-11-28 01:15:40 开始操作号码 【1850121】
2023-11-28 01:15:45 GSD getOne 第 1 次 等待 3 秒
2023-11-28 01:15:48 查询号码 【1850121】，返回信息 {"status":"ok","msg":"北京-北京","gid":"312740","time_insert":"2021-07-18 09:14"}
2023-11-28 01:15:48 查询号码 【1850121】，GSD为【"北京-北京"】

2023-11-28 01:15:49 开始第 203 次操作

2023-11-28 01:15:49 开始操作号码 【1850122】
2023-11-28 01:15:52 GSD getOne 第 1 次 等待 3 秒
2023-11-28 01:15:55 查询号码 【1850122】，返回信息 {"status":"ok","msg":"北京-北京","gid":"312773","time_insert":"2021-07-18 09:25"}
2023-11-28 01:15:55 查询号码 【1850122】，GSD为【"北京-北京"】

2023-11-28 01:15:56 开始第 204 次操作

2023-11-28 01:15:56 开始操作号码 【1850123】
2023-11-28 01:16:00 GSD getOne 第 1 次 等待 3 秒
2023-11-28 01:16:03 查询号码 【1850123】，返回信息 {"status":"ok","msg":"北京-北京","gid":"312806","time_insert":"2021-07-18 09:37"}
2023-11-28 01:16:03 查询号码 【1850123】，GSD为【"北京-北京"】

2023-11-28 01:37:35 开始第 205 次操作

2023-11-28 01:37:35 开始操作号码 【1850124】
2023-11-28 01:37:40 GSD getOne 第 1 次 等待 3 秒
2023-11-28 01:37:43 查询号码 【1850124】，返回信息 {"status":"ok","msg":"北京-北京","gid":"312982","time_insert":"2021-07-18 09:49"}
2023-11-28 01:37:43 查询号码 【1850124】，GSD为【"北京-北京"】

2023-11-28 01:37:44 开始第 206 次操作

2023-11-28 01:37:44 开始操作号码 【1850125】
2023-11-28 01:37:48 GSD getOne 第 1 次 等待 3 秒
2023-11-28 01:37:51 查询号码 【1850125】，返回信息 {"status":"ok","msg":"北京-北京","gid":"313041","time_insert":"2021-07-18 09:53"}
2023-11-28 01:37:51 查询号码 【1850125】，GSD为【"北京-北京"】

2023-11-28 01:37:52 开始第 207 次操作

2023-11-28 01:37:52 开始操作号码 【1850126】
2023-11-28 01:37:56 GSD getOne 第 1 次 等待 3 秒
2023-11-28 01:37:59 查询号码 【1850126】，返回信息 {"status":"ok","msg":"北京-北京","gid":"313180","time_insert":"2021-07-18 10:04"}
2023-11-28 01:37:59 查询号码 【1850126】，GSD为【"北京-北京"】

2023-11-28 01:38:00 开始第 208 次操作

2023-11-28 01:38:00 开始操作号码 【1850127】
2023-11-28 01:38:04 GSD getOne 第 1 次 等待 3 秒
2023-11-28 01:38:07 查询号码 【1850127】，返回信息 {"status":"ok","msg":"北京-北京","gid":"313280","time_insert":"2021-07-18 10:16"}
2023-11-28 01:38:07 查询号码 【1850127】，GSD为【"北京-北京"】

2023-11-28 02:21:40 开始第 209 次操作

2023-11-28 02:21:40 开始操作号码 【1850128】
2023-11-28 02:21:43 GSD getOne 第 1 次 等待 3 秒
2023-11-28 02:21:46 查询号码 【1850128】，返回信息 {"status":"ok","msg":"北京-北京","gid":"313319","time_insert":"2021-07-18 10:29"}
2023-11-28 02:21:46 查询号码 【1850128】，GSD为【"北京-北京"】

2023-11-28 02:21:47 开始第 210 次操作

2023-11-28 02:21:47 开始操作号码 【1850129】
2023-11-28 02:21:51 GSD getOne 第 1 次 等待 3 秒
2023-11-28 02:21:54 查询号码 【1850129】，返回信息 {"status":"ok","msg":"北京-北京","gid":"313349","time_insert":"2021-07-18 10:39"}
2023-11-28 02:21:54 查询号码 【1850129】，GSD为【"北京-北京"】

2023-11-28 02:21:55 开始第 211 次操作

2023-11-28 02:21:55 开始操作号码 【1850130】
2023-11-28 02:21:58 GSD getOne 第 1 次 等待 3 秒
2023-11-28 02:22:01 查询号码 【1850130】，返回信息 {"status":"ok","msg":"北京-北京","gid":"313517","time_insert":"2021-07-18 10:54"}
2023-11-28 02:22:01 查询号码 【1850130】，GSD为【"北京-北京"】

2023-11-28 02:22:02 开始第 212 次操作

2023-11-28 02:22:02 开始操作号码 【1850131】
2023-11-28 02:22:05 GSD getOne 第 1 次 等待 3 秒
2023-11-28 02:22:08 查询号码 【1850131】，返回信息 {"status":"ok","msg":"北京-北京","gid":"313752","time_insert":"2021-07-18 11:09"}
2023-11-28 02:22:08 查询号码 【1850131】，GSD为【"北京-北京"】

