2021-07-01 11:20:56 开始第 1 次操作

2021-07-01 11:20:56 开始操作号码 【1309999】
2021-07-01 11:21:00 GSD getOne 第 1 次 等待 1 秒
2021-07-01 11:21:01 查询号码 【1309999】，返回信息 {"status":"ok","msg":"云南-昆明","time_insert":"2021-06-20 12:30"}
2021-07-01 11:21:01 查询号码 【1309999】，GSD为【"云南-昆明"】

2021-07-01 11:21:01 开始第 1 次操作

2021-07-01 11:21:01 开始操作号码 【1309998】
2021-07-01 11:21:06 GSD getOne 第 1 次 等待 1 秒
2021-07-01 11:21:07 查询号码 【1309998】，返回信息 {"status":"ok","msg":"云南-昆明","time_insert":"2021-06-20 12:30"}
2021-07-01 11:21:07 查询号码 【1309998】，GSD为【"云南-昆明"】

2021-07-01 11:21:07 开始第 1 次操作

2021-07-01 11:21:07 开始操作号码 【1309997】
2021-07-01 11:21:11 GSD getOne 第 1 次 等待 1 秒
2021-07-01 11:21:12 查询号码 【1309997】，返回信息 {"status":"bad","msg":""}
2021-07-01 11:21:12 查询号码 【1309997】，GSD为【""】
2021-07-01 11:21:12 bad
2021-07-01 11:21:13 CHB 1309997?1625109672 第 1 次 等待 1 秒
2021-07-01 11:21:14 CHB 1309997?1625109672 第 1 次 获取到号码【1309997】GSD
2021-07-01 11:21:15 获取到号码【1309997】的GSD为【云南-昆明】
2021-07-01 11:21:18 GSD insert 第 1 次 等待 1 秒
2021-07-01 11:21:19 {"status":"ok","msg":"添加成功！166055"}
2021-07-01 11:21:19 下次操作: 2021-07-01 11:21:29

2021-07-01 11:21:29 开始第 2 次操作

2021-07-01 11:21:29 开始操作号码 【1309996】
2021-07-01 11:21:34 GSD getOne 第 1 次 等待 1 秒
2021-07-01 11:21:35 查询号码 【1309996】，返回信息 {"status":"bad","msg":""}
2021-07-01 11:21:35 查询号码 【1309996】，GSD为【""】
2021-07-01 11:21:35 bad
2021-07-01 11:21:37 CHB 1309996?1625109695 第 1 次 等待 1 秒
2021-07-01 11:21:38 CHB 1309996?1625109695 第 1 次 获取到号码【1309996】GSD
2021-07-01 11:21:38 获取到号码【1309996】的GSD为【云南-昆明】
2021-07-01 11:21:43 GSD insert 第 1 次 等待 1 秒
2021-07-01 11:21:44 {"status":"ok","msg":"添加成功！166056"}
2021-07-01 11:21:44 下次操作: 2021-07-01 11:22:01

2021-07-01 11:22:01 开始第 3 次操作

2021-07-01 11:22:01 开始操作号码 【1309995】
2021-07-01 11:22:04 GSD getOne 第 1 次 等待 1 秒
2021-07-01 11:22:05 查询号码 【1309995】，返回信息 {"status":"bad","msg":""}
2021-07-01 11:22:05 查询号码 【1309995】，GSD为【""】
2021-07-01 11:22:05 bad
2021-07-01 11:22:07 CHB 1309995?1625109725 第 1 次 等待 1 秒
2021-07-01 11:22:08 CHB 1309995?1625109725 第 1 次 获取到号码【1309995】GSD
2021-07-01 11:22:08 获取到号码【1309995】的GSD为【云南-昆明】
2021-07-01 11:22:12 GSD insert 第 1 次 等待 1 秒
2021-07-01 11:22:13 {"status":"ok","msg":"添加成功！166058"}
2021-07-01 11:22:13 下次操作: 2021-07-01 11:22:27

2021-07-01 11:22:27 开始第 4 次操作

2021-07-01 11:22:27 开始操作号码 【1309994】
2021-07-01 11:22:30 GSD getOne 第 1 次 等待 1 秒
2021-07-01 11:22:31 查询号码 【1309994】，返回信息 {"status":"bad","msg":""}
2021-07-01 11:22:31 查询号码 【1309994】，GSD为【""】
2021-07-01 11:22:31 bad
2021-07-01 11:22:33 CHB 1309994?1625109751 第 1 次 等待 1 秒
2021-07-01 11:22:34 CHB 1309994?1625109751 第 1 次 获取到号码【1309994】GSD
2021-07-01 11:22:34 获取到号码【1309994】的GSD为【云南-昆明】
2021-07-01 11:22:38 GSD insert 第 1 次 等待 1 秒
2021-07-01 11:22:39 {"status":"ok","msg":"添加成功！166059"}
2021-07-01 11:22:39 下次操作: 2021-07-01 11:22:54

2021-07-01 11:22:54 开始第 5 次操作

2021-07-01 11:22:54 开始操作号码 【1309993】
2021-07-01 11:22:57 GSD getOne 第 1 次 等待 1 秒
2021-07-01 11:22:58 查询号码 【1309993】，返回信息 {"status":"ok","msg":"云南-昆明","time_insert":"2017-06-21 19:45","time_update":"2020-11-24 19:47"}
2021-07-01 11:22:58 查询号码 【1309993】，GSD为【"云南-昆明"】

2021-07-01 11:22:58 开始第 5 次操作

2021-07-01 11:22:58 开始操作号码 【1309992】
2021-07-01 11:23:02 GSD getOne 第 1 次 等待 1 秒
2021-07-01 11:23:03 查询号码 【1309992】，返回信息 {"status":"ok","msg":"云南-昆明","time_insert":"2018-12-15 15:04","time_update":"2020-11-24 19:42"}
2021-07-01 11:23:03 查询号码 【1309992】，GSD为【"云南-昆明"】

2021-07-01 11:23:03 开始第 5 次操作

2021-07-01 11:23:03 开始操作号码 【1309991】
2021-07-01 11:23:11 GSD getOne 第 1 次 等待 1 秒
2021-07-01 11:23:12 查询号码 【1309991】，返回信息 {"status":"bad","msg":""}
2021-07-01 11:23:12 查询号码 【1309991】，GSD为【""】
2021-07-01 11:23:12 bad
2021-07-01 11:23:14 CHB 1309991?1625109792 第 1 次 等待 1 秒
2021-07-01 11:23:15 CHB 1309991?1625109792 第 1 次 获取到号码【1309991】GSD
2021-07-01 11:23:15 获取到号码【1309991】的GSD为【云南-昆明】
2021-07-01 11:23:20 GSD insert 第 1 次 等待 1 秒
2021-07-01 11:23:21 {"status":"ok","msg":"添加成功！166060"}
2021-07-01 11:23:21 下次操作: 2021-07-01 11:23:37

2021-07-01 11:23:37 开始第 6 次操作

2021-07-01 11:23:37 开始操作号码 【1309990】
2021-07-01 11:23:40 GSD getOne 第 1 次 等待 1 秒
2021-07-01 11:23:41 查询号码 【1309990】，返回信息 {"status":"ok","msg":"云南-昆明","time_insert":"2018-03-15 11:55","time_update":"2020-11-24 19:37"}
2021-07-01 11:23:41 查询号码 【1309990】，GSD为【"云南-昆明"】

2021-07-01 11:23:41 开始第 6 次操作

2021-07-01 11:23:41 开始操作号码 【1309989】
2021-07-01 11:23:46 GSD getOne 第 1 次 等待 1 秒
2021-07-01 11:23:47 查询号码 【1309989】，返回信息 {"status":"bad","msg":""}
2021-07-01 11:23:47 查询号码 【1309989】，GSD为【""】
2021-07-01 11:23:47 bad
2021-07-01 11:23:48 CHB 1309989?1625109827 第 1 次 等待 1 秒
2021-07-01 11:23:49 CHB 1309989?1625109827 第 1 次 获取到号码【1309989】GSD
2021-07-01 11:23:50 获取到号码【1309989】的GSD为【云南-玉溪】
2021-07-01 11:23:53 GSD insert 第 1 次 等待 1 秒
2021-07-01 11:23:54 {"status":"ok","msg":"添加成功！166062"}
2021-07-01 11:23:54 下次操作: 2021-07-01 11:24:02

2021-07-01 11:24:02 开始第 7 次操作

2021-07-01 11:24:02 开始操作号码 【1309988】
2021-07-01 11:24:06 GSD getOne 第 1 次 等待 1 秒
2021-07-01 11:24:07 查询号码 【1309988】，返回信息 {"status":"ok","msg":"云南-玉溪","time_insert":"2017-07-09 10:48","time_update":"2020-11-24 19:33"}
2021-07-01 11:24:07 查询号码 【1309988】，GSD为【"云南-玉溪"】

2021-07-01 11:24:07 开始第 7 次操作

2021-07-01 11:24:07 开始操作号码 【1309987】
2021-07-01 11:24:15 GSD getOne 第 1 次 等待 1 秒
2021-07-01 11:24:16 查询号码 【1309987】，返回信息 {"status":"bad","msg":""}
2021-07-01 11:24:16 查询号码 【1309987】，GSD为【""】
2021-07-01 11:24:16 bad
2021-07-01 11:24:17 CHB 1309987?1625109856 第 1 次 等待 1 秒
2021-07-01 11:24:18 CHB 1309987?1625109856 第 1 次 获取到号码【1309987】GSD
2021-07-01 11:24:18 获取到号码【1309987】的GSD为【云南-曲靖】
2021-07-01 11:24:22 GSD insert 第 1 次 等待 1 秒
2021-07-01 11:24:23 {"status":"ok","msg":"添加成功！166064"}
2021-07-01 11:24:23 下次操作: 2021-07-01 11:24:39

2021-07-01 11:24:39 开始第 8 次操作

2021-07-01 11:24:39 开始操作号码 【1309986】
2021-07-01 11:24:46 GSD getOne 第 1 次 等待 1 秒
2021-07-01 11:24:47 查询号码 【1309986】，返回信息 {"status":"ok","msg":"云南-曲靖","time_insert":"2016-11-23 22:06","time_update":"2020-11-24 19:29"}
2021-07-01 11:24:48 查询号码 【1309986】，GSD为【"云南-曲靖"】

2021-07-01 11:24:48 开始第 8 次操作

2021-07-01 11:24:48 开始操作号码 【1309985】
2021-07-01 11:24:54 GSD getOne 第 1 次 等待 1 秒
2021-07-01 11:24:55 查询号码 【1309985】，返回信息 {"status":"bad","msg":""}
2021-07-01 11:24:55 查询号码 【1309985】，GSD为【""】
2021-07-01 11:24:55 bad
2021-07-01 11:24:57 CHB 1309985?1625109895 第 1 次 等待 1 秒
2021-07-01 11:24:58 CHB 1309985?1625109895 第 1 次 获取到号码【1309985】GSD
2021-07-01 11:24:58 获取到号码【1309985】的GSD为【云南-大理】
2021-07-01 11:25:02 GSD insert 第 1 次 等待 1 秒
2021-07-01 11:25:03 {"status":"ok","msg":"添加成功！166065"}
2021-07-01 11:25:03 下次操作: 2021-07-01 11:25:19

2021-07-01 11:25:19 开始第 9 次操作

2021-07-01 11:25:19 开始操作号码 【1309984】
2021-07-01 11:25:23 GSD getOne 第 1 次 等待 1 秒
2021-07-01 11:25:24 查询号码 【1309984】，返回信息 {"status":"bad","msg":""}
2021-07-01 11:25:24 查询号码 【1309984】，GSD为【""】
2021-07-01 11:25:24 bad
2021-07-01 11:25:25 CHB 1309984?1625109924 第 1 次 等待 1 秒
2021-07-01 11:25:26 CHB 1309984?1625109924 第 1 次 获取到号码【1309984】GSD
2021-07-01 11:25:26 获取到号码【1309984】的GSD为【云南-大理】
2021-07-01 11:25:30 GSD insert 第 1 次 等待 1 秒
2021-07-01 11:25:31 {"status":"ok","msg":"添加成功！166066"}
2021-07-01 11:25:31 下次操作: 2021-07-01 11:25:46

2021-07-01 11:25:46 开始第 10 次操作

2021-07-01 11:25:46 开始操作号码 【1309983】
2021-07-01 11:25:49 GSD getOne 第 1 次 等待 1 秒
2021-07-01 11:25:50 查询号码 【1309983】，返回信息 {"status":"bad","msg":""}
2021-07-01 11:25:50 查询号码 【1309983】，GSD为【""】
2021-07-01 11:25:50 bad
2021-07-01 11:25:52 CHB 1309983?1625109950 第 1 次 等待 1 秒
2021-07-01 11:25:53 CHB 1309983?1625109950 第 1 次 获取到号码【1309983】GSD
2021-07-01 11:25:53 获取到号码【1309983】的GSD为【云南-楚雄】
2021-07-01 11:26:00 GSD insert 第 1 次 等待 1 秒
2021-07-01 11:26:01 {"status":"ok","msg":"添加成功！166068"}
2021-07-01 11:26:01 下次操作: 2021-07-01 11:26:13

2021-07-01 11:26:13 开始第 11 次操作

2021-07-01 11:26:13 开始操作号码 【1309982】
2021-07-01 11:26:17 GSD getOne 第 1 次 等待 1 秒
2021-07-01 11:26:18 查询号码 【1309982】，返回信息 {"status":"ok","msg":"云南-楚雄","time_insert":"2018-04-06 08:43","time_update":"2020-11-24 19:25"}
2021-07-01 11:26:18 查询号码 【1309982】，GSD为【"云南-楚雄"】

2021-07-01 11:26:18 开始第 11 次操作

2021-07-01 11:26:18 开始操作号码 【1309981】
2021-07-01 11:26:22 GSD getOne 第 1 次 等待 1 秒
2021-07-01 11:26:23 查询号码 【1309981】，返回信息 {"status":"bad","msg":""}
2021-07-01 11:26:23 查询号码 【1309981】，GSD为【""】
2021-07-01 11:26:23 bad
2021-07-01 11:26:25 CHB 1309981?1625109983 第 1 次 等待 1 秒
2021-07-01 11:26:26 CHB 1309981?1625109983 第 1 次 获取到号码【1309981】GSD
2021-07-01 11:26:26 获取到号码【1309981】的GSD为【云南-红河】
2021-07-01 11:26:29 GSD insert 第 1 次 等待 1 秒
2021-07-01 11:26:30 {"status":"ok","msg":"添加成功！166069"}
2021-07-01 11:26:30 下次操作: 2021-07-01 11:26:38

2021-07-01 11:26:38 开始第 12 次操作

2021-07-01 11:26:38 开始操作号码 【1309980】
2021-07-01 11:26:45 GSD getOne 第 1 次 等待 1 秒
2021-07-01 11:26:46 查询号码 【1309980】，返回信息 {"status":"ok","msg":"云南-红河","time_insert":"2017-04-28 09:41","time_update":"2020-11-24 19:21"}
2021-07-01 11:26:46 查询号码 【1309980】，GSD为【"云南-红河"】

2021-07-01 11:26:46 开始第 12 次操作

2021-07-01 11:26:46 开始操作号码 【1309979】
2021-07-01 11:26:51 GSD getOne 第 1 次 等待 1 秒
2021-07-01 11:26:52 查询号码 【1309979】，返回信息 {"status":"bad","msg":""}
2021-07-01 11:26:52 查询号码 【1309979】，GSD为【""】
2021-07-01 11:26:52 bad
2021-07-01 11:26:54 CHB 1309979?1625110012 第 1 次 等待 1 秒
2021-07-01 11:26:55 CHB 1309979?1625110012 第 1 次 获取到号码【1309979】GSD
2021-07-01 11:26:55 获取到号码【1309979】的GSD为【青海-西宁】
2021-07-01 11:26:58 GSD insert 第 1 次 等待 1 秒
2021-07-01 11:26:59 {"status":"ok","msg":"添加成功！166072"}
2021-07-01 11:26:59 下次操作: 2021-07-01 11:27:10

2021-07-01 11:27:10 开始第 13 次操作

2021-07-01 11:27:10 开始操作号码 【1309978】
2021-07-01 11:27:14 GSD getOne 第 1 次 等待 1 秒
2021-07-01 11:27:15 查询号码 【1309978】，返回信息 {"status":"bad","msg":""}
2021-07-01 11:27:15 查询号码 【1309978】，GSD为【""】
2021-07-01 11:27:15 bad
2021-07-01 11:27:17 CHB 1309978?1625110035 第 1 次 等待 1 秒
2021-07-01 11:27:18 CHB 1309978?1625110035 第 1 次 获取到号码【1309978】GSD
2021-07-01 11:27:18 获取到号码【1309978】的GSD为【青海-西宁】
2021-07-01 11:27:22 GSD insert 第 1 次 等待 1 秒
2021-07-01 11:27:23 {"status":"ok","msg":"添加成功！166074"}
2021-07-01 11:27:23 下次操作: 2021-07-01 11:27:41

2021-07-01 11:27:41 开始第 14 次操作

2021-07-01 11:27:41 开始操作号码 【1309977】
2021-07-01 11:27:46 GSD getOne 第 1 次 等待 1 秒
2021-07-01 11:27:47 查询号码 【1309977】，返回信息 {"status":"bad","msg":""}
2021-07-01 11:27:47 查询号码 【1309977】，GSD为【""】
2021-07-01 11:27:47 bad
2021-07-01 11:27:49 CHB 1309977?1625110067 第 1 次 等待 1 秒
2021-07-01 11:27:50 CHB 1309977?1625110067 第 1 次 获取到号码【1309977】GSD
2021-07-01 11:27:50 获取到号码【1309977】的GSD为【青海-西宁】
2021-07-01 11:27:53 GSD insert 第 1 次 等待 1 秒
2021-07-01 11:27:54 {"status":"ok","msg":"添加成功！166076"}
2021-07-01 11:27:54 下次操作: 2021-07-01 11:28:04

2021-07-01 11:28:04 开始第 15 次操作

2021-07-01 11:28:04 开始操作号码 【1309976】
2021-07-01 11:28:08 GSD getOne 第 1 次 等待 1 秒
2021-07-01 11:28:09 查询号码 【1309976】，返回信息 {"status":"bad","msg":""}
2021-07-01 11:28:09 查询号码 【1309976】，GSD为【""】
2021-07-01 11:28:09 bad
2021-07-01 11:28:10 CHB 1309976?1625110089 第 1 次 等待 1 秒
2021-07-01 11:28:11 CHB 1309976?1625110089 第 1 次 获取到号码【1309976】GSD
2021-07-01 11:28:11 获取到号码【1309976】的GSD为【青海-西宁】
2021-07-01 11:28:15 GSD insert 第 1 次 等待 1 秒
2021-07-01 11:28:16 {"status":"ok","msg":"添加成功！166078"}
2021-07-01 11:28:16 下次操作: 2021-07-01 11:28:29

2021-07-01 11:28:29 开始第 16 次操作

2021-07-01 11:28:29 开始操作号码 【1309975】
2021-07-01 11:28:37 GSD getOne 第 1 次 等待 1 秒
2021-07-01 11:28:38 查询号码 【1309975】，返回信息 {"status":"bad","msg":""}
2021-07-01 11:28:39 查询号码 【1309975】，GSD为【""】
2021-07-01 11:28:39 bad
2021-07-01 11:28:40 CHB 1309975?1625110119 第 1 次 等待 1 秒
2021-07-01 11:28:41 CHB 1309975?1625110119 第 1 次 获取到号码【1309975】GSD
2021-07-01 11:28:41 获取到号码【1309975】的GSD为【青海-西宁】
2021-07-01 11:28:44 GSD insert 第 1 次 等待 1 秒
2021-07-01 11:28:45 {"status":"ok","msg":"添加成功！166079"}
2021-07-01 11:28:45 下次操作: 2021-07-01 11:28:59

2021-07-01 11:28:59 开始第 17 次操作

2021-07-01 11:28:59 开始操作号码 【1309974】
2021-07-01 11:29:04 GSD getOne 第 1 次 等待 1 秒
2021-07-01 11:29:05 查询号码 【1309974】，返回信息 {"status":"bad","msg":""}
2021-07-01 11:29:05 查询号码 【1309974】，GSD为【""】
2021-07-01 11:29:05 bad
2021-07-01 11:29:06 CHB 1309974?1625110145 第 1 次 等待 1 秒
2021-07-01 11:29:07 CHB 1309974?1625110145 第 1 次 获取到号码【1309974】GSD
2021-07-01 11:29:07 获取到号码【1309974】的GSD为【青海-西宁】
2021-07-01 11:29:11 GSD insert 第 1 次 等待 1 秒
2021-07-01 11:29:12 {"status":"ok","msg":"添加成功！166080"}
2021-07-01 11:29:12 下次操作: 2021-07-01 11:29:22

2021-07-01 11:29:22 开始第 18 次操作

2021-07-01 11:29:22 开始操作号码 【1309973】
2021-07-01 11:29:28 GSD getOne 第 1 次 等待 1 秒
2021-07-01 11:29:29 查询号码 【1309973】，返回信息 {"status":"bad","msg":""}
2021-07-01 11:29:29 查询号码 【1309973】，GSD为【""】
2021-07-01 11:29:29 bad
2021-07-01 11:29:30 CHB 1309973?1625110169 第 1 次 等待 1 秒
2021-07-01 11:29:31 CHB 1309973?1625110169 第 1 次 获取到号码【1309973】GSD
2021-07-01 11:29:31 获取到号码【1309973】的GSD为【青海-黄南】
2021-07-01 11:29:35 GSD insert 第 1 次 等待 1 秒
2021-07-01 11:29:36 {"status":"ok","msg":"添加成功！166082"}
2021-07-01 11:29:36 下次操作: 2021-07-01 11:29:53

2021-07-01 11:29:53 开始第 19 次操作

2021-07-01 11:29:53 开始操作号码 【1309972】
2021-07-01 11:29:57 GSD getOne 第 1 次 等待 1 秒
2021-07-01 11:29:58 查询号码 【1309972】，返回信息 {"status":"bad","msg":""}
2021-07-01 11:29:58 查询号码 【1309972】，GSD为【""】
2021-07-01 11:29:58 bad
2021-07-01 11:29:59 CHB 1309972?1625110198 第 1 次 等待 1 秒
2021-07-01 11:30:00 CHB 1309972?1625110198 第 1 次 获取到号码【1309972】GSD
2021-07-01 11:30:00 获取到号码【1309972】的GSD为【青海-海东】
2021-07-01 11:30:04 GSD insert 第 1 次 等待 1 秒
2021-07-01 11:30:05 {"status":"ok","msg":"添加成功！166083"}
2021-07-01 11:30:05 下次操作: 2021-07-01 11:30:12

2021-07-01 11:30:12 开始第 20 次操作

2021-07-01 11:30:12 开始操作号码 【1309971】
2021-07-01 11:30:15 GSD getOne 第 1 次 等待 1 秒
2021-07-01 11:30:16 查询号码 【1309971】，返回信息 {"status":"bad","msg":""}
2021-07-01 11:30:16 查询号码 【1309971】，GSD为【""】
2021-07-01 11:30:16 bad
2021-07-01 11:30:18 CHB 1309971?1625110216 第 1 次 等待 1 秒
2021-07-01 11:30:19 CHB 1309971?1625110216 第 1 次 获取到号码【1309971】GSD
2021-07-01 11:30:19 获取到号码【1309971】的GSD为【青海-果洛】
2021-07-01 11:30:23 GSD insert 第 1 次 等待 1 秒
2021-07-01 11:30:24 {"status":"ok","msg":"添加成功！166084"}
2021-07-01 11:30:24 下次操作: 2021-07-01 11:30:42

2021-07-01 11:30:42 开始第 21 次操作

2021-07-01 11:30:42 开始操作号码 【1309970】
2021-07-01 11:30:45 GSD getOne 第 1 次 等待 1 秒
2021-07-01 11:30:46 查询号码 【1309970】，返回信息 {"status":"bad","msg":""}
2021-07-01 11:30:46 查询号码 【1309970】，GSD为【""】
2021-07-01 11:30:46 bad
2021-07-01 11:30:48 CHB 1309970?1625110246 第 1 次 等待 1 秒
2021-07-01 11:30:49 CHB 1309970?1625110246 第 1 次 获取到号码【1309970】GSD
2021-07-01 11:30:49 获取到号码【1309970】的GSD为【青海-玉树】
2021-07-01 11:30:54 GSD insert 第 1 次 等待 1 秒
2021-07-01 11:30:55 {"status":"ok","msg":"添加成功！166085"}
2021-07-01 11:30:55 下次操作: 2021-07-01 11:31:03

2021-07-01 11:31:03 开始第 22 次操作

2021-07-01 11:31:03 开始操作号码 【1309969】
2021-07-01 11:31:07 GSD getOne 第 1 次 等待 1 秒
2021-07-01 11:31:08 查询号码 【1309969】，返回信息 {"status":"bad","msg":""}
2021-07-01 11:31:08 查询号码 【1309969】，GSD为【""】
2021-07-01 11:31:08 bad
2021-07-01 11:31:10 CHB 1309969?1625110268 第 1 次 等待 1 秒
2021-07-01 11:31:11 CHB 1309969?1625110268 第 1 次 获取到号码【1309969】GSD
2021-07-01 11:31:11 获取到号码【1309969】的GSD为【云南-文山】
2021-07-01 11:31:14 GSD insert 第 1 次 等待 1 秒
2021-07-01 11:31:15 {"status":"ok","msg":"添加成功！166087"}
2021-07-01 11:31:15 下次操作: 2021-07-01 11:31:32

2021-07-01 11:31:32 开始第 23 次操作

2021-07-01 11:31:32 开始操作号码 【1309968】
2021-07-01 11:31:36 GSD getOne 第 1 次 等待 1 秒
2021-07-01 11:31:37 查询号码 【1309968】，返回信息 {"status":"ok","msg":"云南-保山","time_insert":"2017-01-03 14:20","time_update":"2020-11-24 19:17"}
2021-07-01 11:31:37 查询号码 【1309968】，GSD为【"云南-保山"】

2021-07-01 11:31:37 开始第 23 次操作

2021-07-01 11:31:37 开始操作号码 【1309967】
2021-07-01 11:31:40 GSD getOne 第 1 次 等待 1 秒
2021-07-01 11:31:41 查询号码 【1309967】，返回信息 {"status":"bad","msg":""}
2021-07-01 11:31:42 查询号码 【1309967】，GSD为【""】
2021-07-01 11:31:42 bad
2021-07-01 11:31:43 CHB 1309967?1625110302 第 1 次 等待 1 秒
2021-07-01 11:31:44 CHB 1309967?1625110302 第 1 次 获取到号码【1309967】GSD
2021-07-01 11:31:44 获取到号码【1309967】的GSD为【云南-保山】
2021-07-01 11:31:47 GSD insert 第 1 次 等待 1 秒
2021-07-01 11:31:48 {"status":"ok","msg":"添加成功！166091"}
2021-07-01 11:31:48 下次操作: 2021-07-01 11:31:59

2021-07-01 11:32:00 开始第 24 次操作

2021-07-01 11:32:00 开始操作号码 【1309966】
2021-07-01 11:32:06 GSD getOne 第 1 次 等待 1 秒
2021-07-01 11:32:07 查询号码 【1309966】，返回信息 {"status":"bad","msg":""}
2021-07-01 11:32:07 查询号码 【1309966】，GSD为【""】
2021-07-01 11:32:07 bad
2021-07-01 11:32:08 CHB 1309966?1625110327 第 1 次 等待 1 秒
2021-07-01 11:32:09 CHB 1309966?1625110327 第 1 次 获取到号码【1309966】GSD
2021-07-01 11:32:09 获取到号码【1309966】的GSD为【云南-普洱】
2021-07-01 11:32:13 GSD insert 第 1 次 等待 1 秒
2021-07-01 11:32:14 {"status":"ok","msg":"添加成功！166092"}
2021-07-01 11:32:14 下次操作: 2021-07-01 11:32:30

2021-07-01 11:32:30 开始第 25 次操作

2021-07-01 11:32:30 开始操作号码 【1309965】
2021-07-01 11:32:34 GSD getOne 第 1 次 等待 1 秒
2021-07-01 11:32:35 查询号码 【1309965】，返回信息 {"status":"bad","msg":""}
2021-07-01 11:32:35 查询号码 【1309965】，GSD为【""】
2021-07-01 11:32:35 bad
2021-07-01 11:32:36 CHB 1309965?1625110355 第 1 次 等待 1 秒
2021-07-01 11:32:37 CHB 1309965?1625110355 第 1 次 获取到号码【1309965】GSD
2021-07-01 11:32:37 获取到号码【1309965】的GSD为【云南-普洱】
2021-07-01 11:32:41 GSD insert 第 1 次 等待 1 秒
2021-07-01 11:32:42 {"status":"ok","msg":"添加成功！166093"}
2021-07-01 11:32:42 下次操作: 2021-07-01 11:32:49

2021-07-01 11:32:49 开始第 26 次操作

2021-07-01 11:32:49 开始操作号码 【1309964】
2021-07-01 11:32:52 GSD getOne 第 1 次 等待 1 秒
2021-07-01 11:32:53 查询号码 【1309964】，返回信息 {"status":"ok","msg":"云南-昭通","time_insert":"2017-07-27 08:41","time_update":"2020-11-24 19:16"}
2021-07-01 11:32:53 查询号码 【1309964】，GSD为【"云南-昭通"】

2021-07-01 11:32:53 开始第 26 次操作

2021-07-01 11:32:53 开始操作号码 【1309963】
2021-07-01 11:32:57 GSD getOne 第 1 次 等待 1 秒
2021-07-01 11:32:58 查询号码 【1309963】，返回信息 {"status":"bad","msg":""}
2021-07-01 11:32:58 查询号码 【1309963】，GSD为【""】
2021-07-01 11:32:58 bad
2021-07-01 11:32:59 CHB 1309963?1625110378 第 1 次 等待 1 秒
2021-07-01 11:33:00 CHB 1309963?1625110378 第 1 次 获取到号码【1309963】GSD
2021-07-01 11:33:00 获取到号码【1309963】的GSD为【云南-西双版纳】
2021-07-01 11:33:04 GSD insert 第 1 次 等待 1 秒
2021-07-01 11:33:05 {"status":"ok","msg":"添加成功！166095"}
2021-07-01 11:33:05 下次操作: 2021-07-01 11:33:11

2021-07-01 11:33:11 开始第 27 次操作

2021-07-01 11:33:11 开始操作号码 【1309962】
2021-07-01 11:33:16 GSD getOne 第 1 次 等待 1 秒
2021-07-01 11:33:17 查询号码 【1309962】，返回信息 {"status":"bad","msg":""}
2021-07-01 11:33:17 查询号码 【1309962】，GSD为【""】
2021-07-01 11:33:17 bad
2021-07-01 11:33:18 CHB 1309962?1625110397 第 1 次 等待 1 秒
2021-07-01 11:33:19 CHB 1309962?1625110397 第 1 次 获取到号码【1309962】GSD
2021-07-01 11:33:19 获取到号码【1309962】的GSD为【云南-西双版纳】
2021-07-01 11:33:23 GSD insert 第 1 次 等待 1 秒
2021-07-01 11:33:24 {"status":"ok","msg":"添加成功！166096"}
2021-07-01 11:33:24 下次操作: 2021-07-01 11:33:40

2021-07-01 11:33:40 开始第 28 次操作

2021-07-01 11:33:40 开始操作号码 【1309961】
2021-07-01 11:33:44 GSD getOne 第 1 次 等待 1 秒
2021-07-01 11:33:45 查询号码 【1309961】，返回信息 {"status":"bad","msg":""}
2021-07-01 11:33:45 查询号码 【1309961】，GSD为【""】
2021-07-01 11:33:45 bad
2021-07-01 11:33:46 CHB 1309961?1625110425 第 1 次 等待 1 秒
2021-07-01 11:33:47 CHB 1309961?1625110425 第 1 次 获取到号码【1309961】GSD
2021-07-01 11:33:47 获取到号码【1309961】的GSD为【云南-临沧】
2021-07-01 11:33:54 GSD insert 第 1 次 等待 1 秒
2021-07-01 11:33:55 {"status":"ok","msg":"添加成功！166097"}
2021-07-01 11:33:55 下次操作: 2021-07-01 11:34:04

2021-07-01 11:34:04 开始第 29 次操作

2021-07-01 11:34:04 开始操作号码 【1309960】
2021-07-01 11:34:07 GSD getOne 第 1 次 等待 1 秒
2021-07-01 11:34:08 查询号码 【1309960】，返回信息 {"status":"bad","msg":""}
2021-07-01 11:34:09 查询号码 【1309960】，GSD为【""】
2021-07-01 11:34:09 bad
2021-07-01 11:34:10 CHB 1309960?1625110449 第 1 次 等待 1 秒
2021-07-01 11:34:11 CHB 1309960?1625110449 第 1 次 获取到号码【1309960】GSD
2021-07-01 11:34:11 获取到号码【1309960】的GSD为【云南-临沧】
2021-07-01 11:34:15 GSD insert 第 1 次 等待 1 秒
2021-07-01 11:34:16 {"status":"ok","msg":"添加成功！166098"}
2021-07-01 11:34:16 下次操作: 2021-07-01 11:34:22

2021-07-01 11:34:22 开始第 30 次操作

2021-07-01 11:34:22 开始操作号码 【1309959】
2021-07-01 11:34:29 GSD getOne 第 1 次 等待 1 秒
2021-07-01 11:34:30 查询号码 【1309959】，返回信息 {"status":"bad","msg":""}
2021-07-01 11:34:30 查询号码 【1309959】，GSD为【""】
2021-07-01 11:34:30 bad
2021-07-01 11:34:32 CHB 1309959?1625110470 第 1 次 等待 1 秒
2021-07-01 11:34:33 CHB 1309959?1625110470 第 1 次 获取到号码【1309959】GSD
2021-07-01 11:34:33 获取到号码【1309959】的GSD为【宁夏-银川】
2021-07-01 11:34:36 GSD insert 第 1 次 等待 1 秒
2021-07-01 11:34:37 {"status":"ok","msg":"添加成功！166099"}

2021-07-01 11:43:40 开始第 1 次操作

2021-07-01 11:43:40 开始操作号码 【1309958】
2021-07-01 11:43:45 GSD getOne 第 1 次 等待 1 秒
2021-07-01 11:43:46 查询号码 【1309958】，返回信息 {"status":"bad","msg":""}
2021-07-01 11:43:46 查询号码 【1309958】，GSD为【""】
2021-07-01 11:43:46 bad
2021-07-01 11:43:48 CHB 1309958?1625111026 第 1 次 等待 1 秒
2021-07-01 11:43:49 CHB 1309958?1625111026 第 1 次 获取到号码【1309958】GSD
2021-07-01 11:43:49 获取到号码【1309958】的GSD为【宁夏-银川】
2021-07-01 11:43:53 GSD insert 第 1 次 等待 1 秒
2021-07-01 11:43:54 {"status":"ok","msg":"添加成功！166112"}
2021-07-01 11:43:54 下次操作: 2021-07-01 11:44:00

2021-07-01 11:44:00 开始第 2 次操作

2021-07-01 11:44:00 开始操作号码 【1309957】
2021-07-01 11:44:04 GSD getOne 第 1 次 等待 1 秒
2021-07-01 11:44:05 查询号码 【1309957】，返回信息 {"status":"bad","msg":""}
2021-07-01 11:44:05 查询号码 【1309957】，GSD为【""】
2021-07-01 11:44:05 bad
2021-07-01 11:44:06 CHB 1309957?1625111045 第 1 次 等待 1 秒
2021-07-01 11:44:07 CHB 1309957?1625111045 第 1 次 获取到号码【1309957】GSD
2021-07-01 11:44:07 获取到号码【1309957】的GSD为【宁夏-银川】
2021-07-01 11:44:11 GSD insert 第 1 次 等待 1 秒
2021-07-01 11:44:12 {"status":"ok","msg":"添加成功！166113"}
2021-07-01 11:44:12 下次操作: 2021-07-01 11:44:28

2021-07-01 11:44:28 开始第 3 次操作

2021-07-01 11:44:28 开始操作号码 【1309956】
2021-07-01 11:44:34 GSD getOne 第 1 次 等待 1 秒
2021-07-01 11:44:35 查询号码 【1309956】，返回信息 {"status":"bad","msg":""}
2021-07-01 11:44:35 查询号码 【1309956】，GSD为【""】
2021-07-01 11:44:35 bad
2021-07-01 11:44:36 CHB 1309956?1625111075 第 1 次 等待 1 秒
2021-07-01 11:44:37 CHB 1309956?1625111075 第 1 次 获取到号码【1309956】GSD
2021-07-01 11:44:37 获取到号码【1309956】的GSD为【宁夏-石嘴山】
2021-07-01 11:44:42 GSD insert 第 1 次 等待 1 秒
2021-07-01 11:44:43 {"status":"ok","msg":"添加成功！166115"}
2021-07-01 11:44:43 下次操作: 2021-07-01 11:44:55

2021-07-01 11:44:55 开始第 4 次操作

2021-07-01 11:44:55 开始操作号码 【1309955】
2021-07-01 11:45:00 GSD getOne 第 1 次 等待 1 秒
2021-07-01 11:45:01 查询号码 【1309955】，返回信息 {"status":"bad","msg":""}
2021-07-01 11:45:01 查询号码 【1309955】，GSD为【""】
2021-07-01 11:45:01 bad
2021-07-01 11:45:03 CHB 1309955?1625111101 第 1 次 等待 1 秒
2021-07-01 11:45:04 CHB 1309955?1625111101 第 1 次 获取到号码【1309955】GSD
2021-07-01 11:45:04 获取到号码【1309955】的GSD为【宁夏-吴忠】
2021-07-01 11:45:08 GSD insert 第 1 次 等待 1 秒
2021-07-01 11:45:09 {"status":"ok","msg":"添加成功！166116"}
2021-07-01 11:45:09 下次操作: 2021-07-01 11:45:25

2021-07-01 11:45:25 开始第 5 次操作

2021-07-01 11:45:25 开始操作号码 【1309954】
2021-07-01 11:45:29 GSD getOne 第 1 次 等待 1 秒
2021-07-01 11:45:30 查询号码 【1309954】，返回信息 {"status":"bad","msg":""}
2021-07-01 11:45:30 查询号码 【1309954】，GSD为【""】
2021-07-01 11:45:30 bad
2021-07-01 11:45:32 CHB 1309954?1625111130 第 1 次 等待 1 秒
2021-07-01 11:45:33 CHB 1309954?1625111130 第 1 次 获取到号码【1309954】GSD
2021-07-01 11:45:33 获取到号码【1309954】的GSD为【宁夏-固原】
2021-07-01 11:45:39 GSD insert 第 1 次 等待 1 秒
2021-07-01 11:45:40 {"status":"ok","msg":"添加成功！166117"}
2021-07-01 11:45:40 下次操作: 2021-07-01 11:45:57

2021-07-01 11:45:57 开始第 6 次操作

2021-07-01 11:45:57 开始操作号码 【1309953】
2021-07-01 11:46:01 GSD getOne 第 1 次 等待 1 秒
2021-07-01 11:46:02 查询号码 【1309953】，返回信息 {"status":"bad","msg":""}
2021-07-01 11:46:02 查询号码 【1309953】，GSD为【""】
2021-07-01 11:46:02 bad
2021-07-01 11:46:03 CHB 1309953?1625111162 第 1 次 等待 1 秒
2021-07-01 11:46:04 CHB 1309953?1625111162 第 1 次 获取到号码【1309953】GSD
2021-07-01 11:46:05 获取到号码【1309953】的GSD为【宁夏-吴忠】
2021-07-01 11:46:08 GSD insert 第 1 次 等待 1 秒
2021-07-01 11:46:09 {"status":"ok","msg":"添加成功！166119"}
2021-07-01 11:46:09 下次操作: 2021-07-01 11:46:19

2021-07-01 11:46:19 开始第 7 次操作

2021-07-01 11:46:19 开始操作号码 【1309952】
2021-07-01 11:46:23 GSD getOne 第 1 次 等待 1 秒
2021-07-01 11:46:24 查询号码 【1309952】，返回信息 {"status":"bad","msg":""}
2021-07-01 11:46:24 查询号码 【1309952】，GSD为【""】
2021-07-01 11:46:24 bad
2021-07-01 11:46:26 CHB 1309952?1625111184 第 1 次 等待 1 秒
2021-07-01 11:46:27 CHB 1309952?1625111184 第 1 次 获取到号码【1309952】GSD
2021-07-01 11:46:27 获取到号码【1309952】的GSD为【宁夏-石嘴山】
2021-07-01 11:46:31 GSD insert 第 1 次 等待 1 秒
2021-07-01 11:46:32 {"status":"ok","msg":"添加成功！166121"}
2021-07-01 11:46:32 下次操作: 2021-07-01 11:46:48

2021-07-01 11:46:48 开始第 8 次操作

2021-07-01 11:46:48 开始操作号码 【1309951】
2021-07-01 11:46:52 GSD getOne 第 1 次 等待 1 秒
2021-07-01 11:46:53 查询号码 【1309951】，返回信息 {"status":"bad","msg":""}
2021-07-01 11:46:53 查询号码 【1309951】，GSD为【""】
2021-07-01 11:46:53 bad
2021-07-01 11:46:54 CHB 1309951?1625111213 第 1 次 等待 1 秒
2021-07-01 11:46:55 CHB 1309951?1625111213 第 1 次 获取到号码【1309951】GSD
2021-07-01 11:46:55 获取到号码【1309951】的GSD为【宁夏-银川】
2021-07-01 11:46:59 GSD insert 第 1 次 等待 1 秒
2021-07-01 11:47:00 {"status":"ok","msg":"添加成功！166123"}
2021-07-01 11:47:00 下次操作: 2021-07-01 11:47:17

2021-07-01 11:47:17 开始第 9 次操作

2021-07-01 11:47:17 开始操作号码 【1309950】
2021-07-01 11:47:23 GSD getOne 第 1 次 等待 1 秒
2021-07-01 11:47:24 查询号码 【1309950】，返回信息 {"status":"bad","msg":""}
2021-07-01 11:47:24 查询号码 【1309950】，GSD为【""】
2021-07-01 11:47:24 bad
2021-07-01 11:47:26 CHB 1309950?1625111244 第 1 次 等待 1 秒
2021-07-01 11:47:27 CHB 1309950?1625111244 第 1 次 获取到号码【1309950】GSD
2021-07-01 11:47:27 获取到号码【1309950】的GSD为【宁夏-银川】
2021-07-01 11:47:30 GSD insert 第 1 次 等待 1 秒
2021-07-01 11:47:31 {"status":"ok","msg":"添加成功！166124"}
2021-07-01 11:47:31 下次操作: 2021-07-01 11:47:40

2021-07-01 11:47:40 开始第 10 次操作

2021-07-01 11:47:40 开始操作号码 【1309949】
2021-07-01 11:47:44 GSD getOne 第 1 次 等待 1 秒
2021-07-01 11:47:45 查询号码 【1309949】，返回信息 {"status":"bad","msg":""}
2021-07-01 11:47:45 查询号码 【1309949】，GSD为【""】
2021-07-01 11:47:45 bad
2021-07-01 11:47:47 CHB 1309949?1625111265 第 1 次 等待 1 秒
2021-07-01 11:47:48 CHB 1309949?1625111265 第 1 次 获取到号码【1309949】GSD
2021-07-01 11:47:48 获取到号码【1309949】的GSD为【云南-德宏】
2021-07-01 11:47:54 GSD insert 第 1 次 等待 1 秒
2021-07-01 11:47:55 {"status":"ok","msg":"添加成功！166125"}
2021-07-01 11:47:55 下次操作: 2021-07-01 11:48:09

2021-07-01 11:48:09 开始第 11 次操作

2021-07-01 11:48:09 开始操作号码 【1309948】
2021-07-01 11:48:13 GSD getOne 第 1 次 等待 1 秒
2021-07-01 11:48:14 查询号码 【1309948】，返回信息 {"status":"bad","msg":""}
2021-07-01 11:48:14 查询号码 【1309948】，GSD为【""】
2021-07-01 11:48:14 bad
2021-07-01 11:48:16 CHB 1309948?1625111294 第 1 次 等待 1 秒
2021-07-01 11:48:17 CHB 1309948?1625111294 第 1 次 获取到号码【1309948】GSD
2021-07-01 11:48:17 获取到号码【1309948】的GSD为【云南-德宏】
2021-07-01 11:48:21 GSD insert 第 1 次 等待 1 秒
2021-07-01 11:48:22 {"status":"ok","msg":"添加成功！166126"}
2021-07-01 11:48:22 下次操作: 2021-07-01 11:48:35

2021-07-01 11:48:35 开始第 12 次操作

2021-07-01 11:48:35 开始操作号码 【1309947】
2021-07-01 11:48:38 GSD getOne 第 1 次 等待 1 秒
2021-07-01 11:48:39 查询号码 【1309947】，返回信息 {"status":"bad","msg":""}
2021-07-01 11:48:39 查询号码 【1309947】，GSD为【""】
2021-07-01 11:48:39 bad
2021-07-01 11:48:42 CHB 1309947?1625111319 第 1 次 等待 1 秒
2021-07-01 11:48:43 CHB 1309947?1625111319 第 1 次 获取到号码【1309947】GSD
2021-07-01 11:48:43 获取到号码【1309947】的GSD为【云南-德宏】
2021-07-01 11:48:47 GSD insert 第 1 次 等待 1 秒
2021-07-01 11:48:48 {"status":"ok","msg":"添加成功！166128"}
2021-07-01 11:48:48 下次操作: 2021-07-01 11:48:57

2021-07-01 11:48:57 开始第 13 次操作

2021-07-01 11:48:57 开始操作号码 【1309946】
2021-07-01 11:49:02 GSD getOne 第 1 次 等待 1 秒
2021-07-01 11:49:03 查询号码 【1309946】，返回信息 {"status":"bad","msg":""}
2021-07-01 11:49:03 查询号码 【1309946】，GSD为【""】
2021-07-01 11:49:03 bad
2021-07-01 11:49:05 CHB 1309946?1625111343 第 1 次 等待 1 秒
2021-07-01 11:49:06 CHB 1309946?1625111343 第 1 次 获取到号码【1309946】GSD
2021-07-01 11:49:06 获取到号码【1309946】的GSD为【云南-昆明】
2021-07-01 11:49:09 GSD insert 第 1 次 等待 1 秒
2021-07-01 11:49:10 {"status":"ok","msg":"添加成功！166131"}
2021-07-01 11:49:10 下次操作: 2021-07-01 11:49:27

2021-07-01 11:49:27 开始第 14 次操作

2021-07-01 11:49:27 开始操作号码 【1309945】
2021-07-01 11:49:32 GSD getOne 第 1 次 等待 1 秒
2021-07-01 11:49:33 查询号码 【1309945】，返回信息 {"status":"ok","msg":"云南-昆明","time_insert":"2017-11-10 13:01","time_update":"2020-11-24 19:12"}
2021-07-01 11:49:33 查询号码 【1309945】，GSD为【"云南-昆明"】

2021-07-01 11:49:33 开始第 14 次操作

2021-07-01 11:49:33 开始操作号码 【1309944】
2021-07-01 11:49:39 GSD getOne 第 1 次 等待 1 秒
2021-07-01 11:49:40 查询号码 【1309944】，返回信息 {"status":"bad","msg":""}
2021-07-01 11:49:40 查询号码 【1309944】，GSD为【""】
2021-07-01 11:49:40 bad
2021-07-01 11:49:42 CHB 1309944?1625111380 第 1 次 等待 1 秒
2021-07-01 11:49:43 CHB 1309944?1625111380 第 1 次 获取到号码【1309944】GSD
2021-07-01 11:49:43 获取到号码【1309944】的GSD为【云南-昆明】
2021-07-01 11:49:47 GSD insert 第 1 次 等待 1 秒
2021-07-01 11:49:48 {"status":"ok","msg":"添加成功！166137"}
2021-07-01 11:49:48 下次操作: 2021-07-01 11:49:56

2021-07-01 11:49:56 开始第 15 次操作

2021-07-01 11:49:56 开始操作号码 【1309943】
2021-07-01 11:50:00 GSD getOne 第 1 次 等待 1 秒
2021-07-01 11:50:01 查询号码 【1309943】，返回信息 {"status":"ok","msg":"云南-昆明","time_insert":"2016-10-28 15:53","time_update":"2020-11-24 19:09"}
2021-07-01 11:50:01 查询号码 【1309943】，GSD为【"云南-昆明"】

2021-07-01 11:50:01 开始第 15 次操作

2021-07-01 11:50:01 开始操作号码 【1309942】
2021-07-01 11:50:04 GSD getOne 第 1 次 等待 1 秒
2021-07-01 11:50:05 查询号码 【1309942】，返回信息 {"status":"bad","msg":""}
2021-07-01 11:50:05 查询号码 【1309942】，GSD为【""】
2021-07-01 11:50:05 bad
2021-07-01 11:50:07 CHB 1309942?1625111405 第 1 次 等待 1 秒
2021-07-01 11:50:08 CHB 1309942?1625111405 第 1 次 获取到号码【1309942】GSD
2021-07-01 11:50:08 获取到号码【1309942】的GSD为【云南-昆明】
2021-07-01 11:50:13 GSD insert 第 1 次 等待 1 秒
2021-07-01 11:50:14 {"status":"ok","msg":"添加成功！166142"}
2021-07-01 11:50:14 下次操作: 2021-07-01 11:50:22

2021-07-01 11:50:22 开始第 16 次操作

2021-07-01 11:50:22 开始操作号码 【1309941】
2021-07-01 11:50:26 GSD getOne 第 1 次 等待 1 秒
2021-07-01 11:50:27 查询号码 【1309941】，返回信息 {"status":"ok","msg":"云南-昆明","time_insert":"2021-05-15 09:12","time_update":"2021-05-15 09:43"}
2021-07-01 11:50:27 查询号码 【1309941】，GSD为【"云南-昆明"】

2021-07-01 11:50:27 开始第 16 次操作

2021-07-01 11:50:27 开始操作号码 【1309940】
2021-07-01 11:50:32 GSD getOne 第 1 次 等待 1 秒
2021-07-01 11:50:33 查询号码 【1309940】，返回信息 {"status":"ok","msg":"云南-昆明","time_insert":"2017-01-24 10:33","time_update":"2020-11-24 19:04"}
2021-07-01 11:50:33 查询号码 【1309940】，GSD为【"云南-昆明"】

2021-07-01 11:50:33 开始第 16 次操作

2021-07-01 11:50:33 开始操作号码 【1309939】
2021-07-01 11:50:36 GSD getOne 第 1 次 等待 1 秒
2021-07-01 11:50:37 查询号码 【1309939】，返回信息 {"status":"bad","msg":""}
2021-07-01 11:50:37 查询号码 【1309939】，GSD为【""】
2021-07-01 11:50:37 bad
2021-07-01 11:50:39 CHB 1309939?1625111437 第 1 次 等待 1 秒
2021-07-01 11:50:40 CHB 1309939?1625111437 第 1 次 获取到号码【1309939】GSD
2021-07-01 11:50:40 获取到号码【1309939】的GSD为【甘肃-酒泉】
2021-07-01 11:50:46 GSD insert 第 1 次 等待 1 秒
2021-07-01 11:50:47 {"status":"ok","msg":"添加成功！166153"}
2021-07-01 11:50:47 下次操作: 2021-07-01 11:51:00

2021-07-01 11:51:00 开始第 17 次操作

2021-07-01 11:51:00 开始操作号码 【1309938】
2021-07-01 11:51:04 GSD getOne 第 1 次 等待 1 秒
2021-07-01 11:51:05 查询号码 【1309938】，返回信息 {"status":"bad","msg":""}
2021-07-01 11:51:05 查询号码 【1309938】，GSD为【""】
2021-07-01 11:51:05 bad
2021-07-01 11:51:06 CHB 1309938?1625111465 第 1 次 等待 1 秒
2021-07-01 11:51:07 CHB 1309938?1625111465 第 1 次 获取到号码【1309938】GSD
2021-07-01 11:51:08 获取到号码【1309938】的GSD为【甘肃-张掖】
2021-07-01 11:51:12 GSD insert 第 1 次 等待 1 秒
2021-07-01 11:51:13 {"status":"ok","msg":"添加成功！166159"}
2021-07-01 11:51:13 下次操作: 2021-07-01 11:51:25

2021-07-01 11:51:25 开始第 18 次操作

2021-07-01 11:51:25 开始操作号码 【1309937】
2021-07-01 11:51:29 GSD getOne 第 1 次 等待 1 秒
2021-07-01 11:51:30 查询号码 【1309937】，返回信息 {"status":"bad","msg":""}
2021-07-01 11:51:30 查询号码 【1309937】，GSD为【""】
2021-07-01 11:51:30 bad
2021-07-01 11:51:31 CHB 1309937?1625111490 第 1 次 等待 1 秒
2021-07-01 11:51:32 CHB 1309937?1625111490 第 1 次 获取到号码【1309937】GSD
2021-07-01 11:51:32 获取到号码【1309937】的GSD为【甘肃-酒泉】
2021-07-01 11:51:36 GSD insert 第 1 次 等待 1 秒
2021-07-01 11:51:37 {"status":"ok","msg":"添加成功！166167"}
2021-07-01 11:51:37 下次操作: 2021-07-01 11:51:48

2021-07-01 11:51:48 开始第 19 次操作

2021-07-01 11:51:48 开始操作号码 【1309936】
2021-07-01 11:51:52 GSD getOne 第 1 次 等待 1 秒
2021-07-01 11:51:53 查询号码 【1309936】，返回信息 {"status":"bad","msg":""}
2021-07-01 11:51:53 查询号码 【1309936】，GSD为【""】
2021-07-01 11:51:53 bad
2021-07-01 11:51:55 CHB 1309936?1625111513 第 1 次 等待 1 秒
2021-07-01 11:51:56 CHB 1309936?1625111513 第 1 次 获取到号码【1309936】GSD
2021-07-01 11:51:56 获取到号码【1309936】的GSD为【甘肃-庆阳】
2021-07-01 11:52:00 GSD insert 第 1 次 等待 1 秒
2021-07-01 11:52:01 {"status":"ok","msg":"添加成功！166173"}
2021-07-01 11:52:01 下次操作: 2021-07-01 11:52:11

2021-07-01 11:52:11 开始第 20 次操作

2021-07-01 11:52:11 开始操作号码 【1309935】
2021-07-01 11:52:15 GSD getOne 第 1 次 等待 1 秒
2021-07-01 11:52:16 查询号码 【1309935】，返回信息 {"status":"bad","msg":""}
2021-07-01 11:52:16 查询号码 【1309935】，GSD为【""】
2021-07-01 11:52:16 bad
2021-07-01 11:52:17 CHB 1309935?1625111536 第 1 次 等待 1 秒
2021-07-01 11:52:18 CHB 1309935?1625111536 第 1 次 获取到号码【1309935】GSD
2021-07-01 11:52:18 获取到号码【1309935】的GSD为【甘肃-庆阳】
2021-07-01 11:52:27 GSD insert 第 1 次 等待 1 秒
2021-07-01 11:52:28 {"status":"ok","msg":"添加成功！166181"}
2021-07-01 11:52:29 下次操作: 2021-07-01 11:52:37

2021-07-01 11:52:38 开始第 21 次操作

2021-07-01 11:52:38 开始操作号码 【1309934】
2021-07-01 11:52:41 GSD getOne 第 1 次 等待 1 秒
2021-07-01 11:52:42 查询号码 【1309934】，返回信息 {"status":"bad","msg":""}
2021-07-01 11:52:42 查询号码 【1309934】，GSD为【""】
2021-07-01 11:52:42 bad
2021-07-01 11:52:43 CHB 1309934?1625111562 第 1 次 等待 1 秒
2021-07-01 11:52:44 CHB 1309934?1625111562 第 1 次 获取到号码【1309934】GSD
2021-07-01 11:52:44 获取到号码【1309934】的GSD为【甘肃-陇南】
2021-07-01 11:52:48 GSD insert 第 1 次 等待 1 秒
2021-07-01 11:52:49 {"status":"ok","msg":"添加成功！166187"}
2021-07-01 11:52:49 下次操作: 2021-07-01 11:53:05

2021-07-01 11:53:05 开始第 22 次操作

2021-07-01 11:53:05 开始操作号码 【1309933】
2021-07-01 11:53:09 GSD getOne 第 1 次 等待 1 秒
2021-07-01 11:53:10 查询号码 【1309933】，返回信息 {"status":"bad","msg":""}
2021-07-01 11:53:10 查询号码 【1309933】，GSD为【""】
2021-07-01 11:53:10 bad
2021-07-01 11:53:12 CHB 1309933?1625111590 第 1 次 等待 1 秒
2021-07-01 11:53:13 CHB 1309933?1625111590 第 1 次 获取到号码【1309933】GSD
2021-07-01 11:53:13 获取到号码【1309933】的GSD为【甘肃-平凉】
2021-07-01 11:53:20 GSD insert 第 1 次 等待 1 秒
2021-07-01 11:53:21 {"status":"ok","msg":"添加成功！166195"}
2021-07-01 11:53:21 下次操作: 2021-07-01 11:53:36

2021-07-01 11:53:36 开始第 23 次操作

2021-07-01 11:53:36 开始操作号码 【1309932】
2021-07-01 11:53:40 GSD getOne 第 1 次 等待 1 秒
2021-07-01 11:53:41 查询号码 【1309932】，返回信息 {"status":"bad","msg":""}
2021-07-01 11:53:41 查询号码 【1309932】，GSD为【""】
2021-07-01 11:53:41 bad
2021-07-01 11:53:42 CHB 1309932?1625111621 第 1 次 等待 1 秒
2021-07-01 11:53:43 CHB 1309932?1625111621 第 1 次 获取到号码【1309932】GSD
2021-07-01 11:53:43 获取到号码【1309932】的GSD为【甘肃-陇南】
2021-07-01 11:53:47 GSD insert 第 1 次 等待 1 秒
2021-07-01 11:53:48 {"status":"ok","msg":"添加成功！166203"}
2021-07-01 11:53:48 下次操作: 2021-07-01 11:53:56

2021-07-01 11:53:56 开始第 24 次操作

2021-07-01 11:53:56 开始操作号码 【1309931】
2021-07-01 11:54:00 GSD getOne 第 1 次 等待 1 秒
2021-07-01 11:54:01 查询号码 【1309931】，返回信息 {"status":"bad","msg":""}
2021-07-01 11:54:01 查询号码 【1309931】，GSD为【""】
2021-07-01 11:54:01 bad
2021-07-01 11:54:02 CHB 1309931?1625111641 第 1 次 等待 1 秒
2021-07-01 11:54:03 CHB 1309931?1625111641 第 1 次 获取到号码【1309931】GSD
2021-07-01 11:54:03 获取到号码【1309931】的GSD为【甘肃-甘南】
2021-07-01 11:54:07 GSD insert 第 1 次 等待 1 秒
2021-07-01 11:54:08 {"status":"ok","msg":"添加成功！166210"}
2021-07-01 11:54:08 下次操作: 2021-07-01 11:54:22

2021-07-01 11:54:22 开始第 25 次操作

2021-07-01 11:54:22 开始操作号码 【1309930】
2021-07-01 11:54:26 GSD getOne 第 1 次 等待 1 秒
2021-07-01 11:54:27 查询号码 【1309930】，返回信息 {"status":"bad","msg":""}
2021-07-01 11:54:27 查询号码 【1309930】，GSD为【""】
2021-07-01 11:54:27 bad
2021-07-01 11:54:28 CHB 1309930?1625111667 第 1 次 等待 1 秒
2021-07-01 11:54:29 CHB 1309930?1625111667 第 1 次 获取到号码【1309930】GSD
2021-07-01 11:54:29 获取到号码【1309930】的GSD为【甘肃-甘南】
2021-07-01 11:54:33 GSD insert 第 1 次 等待 1 秒
2021-07-01 11:54:34 {"status":"ok","msg":"添加成功！166213"}
2021-07-01 11:54:34 下次操作: 2021-07-01 11:54:46

2021-07-01 11:54:46 开始第 26 次操作

2021-07-01 11:54:46 开始操作号码 【1309929】
2021-07-01 11:54:52 GSD getOne 第 1 次 等待 1 秒
2021-07-01 11:54:53 查询号码 【1309929】，返回信息 {"status":"bad","msg":""}
2021-07-01 11:54:53 查询号码 【1309929】，GSD为【""】
2021-07-01 11:54:53 bad
2021-07-01 11:54:54 CHB 1309929?1625111693 第 1 次 等待 1 秒
2021-07-01 11:54:55 CHB 1309929?1625111693 第 1 次 获取到号码【1309929】GSD
2021-07-01 11:54:55 获取到号码【1309929】的GSD为【甘肃-临夏】
2021-07-01 11:54:59 GSD insert 第 1 次 等待 1 秒
2021-07-01 11:55:00 {"status":"ok","msg":"添加成功！166222"}
2021-07-01 11:55:00 下次操作: 2021-07-01 11:55:08

2021-07-01 11:55:08 开始第 27 次操作

2021-07-01 11:55:08 开始操作号码 【1309928】
2021-07-01 11:55:12 GSD getOne 第 1 次 等待 1 秒
2021-07-01 11:55:13 查询号码 【1309928】，返回信息 {"status":"bad","msg":""}
2021-07-01 11:55:13 查询号码 【1309928】，GSD为【""】
2021-07-01 11:55:13 bad
2021-07-01 11:55:15 CHB 1309928?1625111713 第 1 次 等待 1 秒
2021-07-01 11:55:16 CHB 1309928?1625111713 第 1 次 获取到号码【1309928】GSD
2021-07-01 11:55:16 获取到号码【1309928】的GSD为【甘肃-白银】
2021-07-01 11:55:21 GSD insert 第 1 次 等待 1 秒
2021-07-01 11:55:22 {"status":"ok","msg":"添加成功！166227"}
2021-07-01 11:55:22 下次操作: 2021-07-01 11:55:30

2021-07-01 11:55:30 开始第 28 次操作

2021-07-01 11:55:30 开始操作号码 【1309927】
2021-07-01 11:55:34 GSD getOne 第 1 次 等待 1 秒
2021-07-01 11:55:35 查询号码 【1309927】，返回信息 {"status":"bad","msg":""}
2021-07-01 11:55:35 查询号码 【1309927】，GSD为【""】
2021-07-01 11:55:35 bad
2021-07-01 11:55:37 CHB 1309927?1625111735 第 1 次 等待 1 秒
2021-07-01 11:55:38 CHB 1309927?1625111735 第 1 次 获取到号码【1309927】GSD
2021-07-01 11:55:38 获取到号码【1309927】的GSD为【甘肃-白银】
2021-07-01 11:55:42 GSD insert 第 1 次 等待 1 秒
2021-07-01 11:55:43 {"status":"ok","msg":"添加成功！166233"}
2021-07-01 11:55:43 下次操作: 2021-07-01 11:55:51

2021-07-01 11:55:51 开始第 29 次操作

2021-07-01 11:55:51 开始操作号码 【1309926】
2021-07-01 11:55:55 GSD getOne 第 1 次 等待 1 秒
2021-07-01 11:55:56 查询号码 【1309926】，返回信息 {"status":"bad","msg":""}
2021-07-01 11:55:56 查询号码 【1309926】，GSD为【""】
2021-07-01 11:55:56 bad
2021-07-01 11:55:58 CHB 1309926?1625111756 第 1 次 等待 1 秒
2021-07-01 11:55:59 CHB 1309926?1625111756 第 1 次 获取到号码【1309926】GSD
2021-07-01 11:55:59 获取到号码【1309926】的GSD为【甘肃-兰州】
2021-07-01 11:56:02 GSD insert 第 1 次 等待 1 秒
2021-07-01 11:56:04 {"status":"ok","msg":"添加成功！166237"}
2021-07-01 11:56:04 下次操作: 2021-07-01 11:56:13

2021-07-01 11:56:13 开始第 30 次操作

2021-07-01 11:56:13 开始操作号码 【1309925】
2021-07-01 11:56:16 GSD getOne 第 1 次 等待 1 秒
2021-07-01 11:56:17 查询号码 【1309925】，返回信息 {"status":"bad","msg":""}
2021-07-01 11:56:18 查询号码 【1309925】，GSD为【""】
2021-07-01 11:56:18 bad
2021-07-01 11:56:19 CHB 1309925?1625111778 第 1 次 等待 1 秒
2021-07-01 11:56:20 CHB 1309925?1625111778 第 1 次 获取到号码【1309925】GSD
2021-07-01 11:56:20 获取到号码【1309925】的GSD为【甘肃-兰州】
2021-07-01 11:56:24 GSD insert 第 1 次 等待 1 秒
2021-07-01 11:56:25 {"status":"ok","msg":"添加成功！166245"}

