2024-02-15 00:20:45 开始第 3725 次操作

2024-02-15 00:20:45 开始操作号码 【1743643】
2024-02-15 00:20:49 GSD getOne 第 1 次 等待 3 秒
2024-02-15 00:20:52 查询号码 【1743643】，返回信息 {"status":"ok","msg":"-","gid":"192380","time_insert":"2021-07-04 19:09"}
2024-02-15 00:20:53 查询号码 【1743643】，GSD为【"-"】
2024-02-15 00:20:53 ok && -
2024-02-15 00:20:55 CHB 1743643?1707927653 第 1 次 等待 3 秒
2024-02-15 00:20:58 CHB 1743643?1707927653 第 1 次 获取到号码【1743643】GSD
2024-02-15 00:20:58 未获取到号码【1743643】GSD，可能号码格式错误
2024-02-15 00:20:58 获取到号码【1743643】的GSD为【-】
2024-02-15 00:21:02 GSD insert 第 1 次 等待 3 秒
2024-02-15 00:21:05 {"status":"bad","gid":"192380","msg":"添加失败！号码【1743643(-|-)】已存在！"}
2024-02-15 00:21:05 随机等待 188 秒，约 3 分钟
2024-02-15 00:21:05 下次操作: 2024-02-15 00:24:13

2024-02-15 00:24:13 开始第 3726 次操作

2024-02-15 00:24:13 开始操作号码 【1743644】
2024-02-15 00:24:18 GSD getOne 第 1 次 等待 3 秒
2024-02-15 00:24:21 查询号码 【1743644】，返回信息 {"status":"ok","msg":"-","gid":"192386","time_insert":"2021-07-04 19:10"}
2024-02-15 00:24:21 查询号码 【1743644】，GSD为【"-"】
2024-02-15 00:24:21 ok && -
2024-02-15 00:24:23 CHB 1743644?1707927861 第 1 次 等待 3 秒
2024-02-15 00:24:26 CHB 1743644?1707927861 第 1 次 获取到号码【1743644】GSD
2024-02-15 00:24:26 未获取到号码【1743644】GSD，可能号码格式错误
2024-02-15 00:24:26 获取到号码【1743644】的GSD为【-】
2024-02-15 00:24:31 GSD insert 第 1 次 等待 3 秒
2024-02-15 00:24:34 {"status":"bad","gid":"192386","msg":"添加失败！号码【1743644(-|-)】已存在！"}
2024-02-15 00:24:34 随机等待 116 秒，约 1 分钟
2024-02-15 00:24:34 下次操作: 2024-02-15 00:26:30

2024-02-15 00:26:30 开始第 3727 次操作

2024-02-15 00:26:30 开始操作号码 【1743645】
2024-02-15 00:26:34 GSD getOne 第 1 次 等待 3 秒
2024-02-15 00:26:37 查询号码 【1743645】，返回信息 {"status":"ok","msg":"-","gid":"192392","time_insert":"2021-07-04 19:11"}
2024-02-15 00:26:37 查询号码 【1743645】，GSD为【"-"】
2024-02-15 00:26:37 ok && -
2024-02-15 00:26:40 CHB 1743645?1707927997 第 1 次 等待 3 秒
2024-02-15 00:26:43 CHB 1743645?1707927997 第 1 次 获取到号码【1743645】GSD
2024-02-15 00:26:43 未获取到号码【1743645】GSD，可能号码格式错误
2024-02-15 00:26:43 获取到号码【1743645】的GSD为【-】
2024-02-15 00:26:47 GSD insert 第 1 次 等待 3 秒
2024-02-15 00:26:50 {"status":"bad","gid":"192392","msg":"添加失败！号码【1743645(-|-)】已存在！"}
2024-02-15 00:26:50 随机等待 138 秒，约 2 分钟
2024-02-15 00:26:50 下次操作: 2024-02-15 00:29:08

2024-02-15 00:29:08 开始第 3728 次操作

2024-02-15 00:29:08 开始操作号码 【1743646】
2024-02-15 00:29:13 GSD getOne 第 1 次 等待 3 秒
2024-02-15 00:29:16 查询号码 【1743646】，返回信息 {"status":"ok","msg":"-","gid":"192398","time_insert":"2021-07-04 19:12"}
2024-02-15 00:29:16 查询号码 【1743646】，GSD为【"-"】
2024-02-15 00:29:16 ok && -
2024-02-15 00:29:20 CHB 1743646?1707928156 第 1 次 等待 3 秒
2024-02-15 00:29:23 CHB 1743646?1707928156 第 1 次 获取到号码【1743646】GSD
2024-02-15 00:29:23 未获取到号码【1743646】GSD，可能号码格式错误
2024-02-15 00:29:23 获取到号码【1743646】的GSD为【-】
2024-02-15 00:29:28 GSD insert 第 1 次 等待 3 秒
2024-02-15 00:29:31 {"status":"bad","gid":"192398","msg":"添加失败！号码【1743646(-|-)】已存在！"}

2024-02-15 00:38:44 开始第 3729 次操作

2024-02-15 00:38:44 开始操作号码 【1743647】
2024-02-15 00:38:49 GSD getOne 第 1 次 等待 3 秒
2024-02-15 00:38:52 查询号码 【1743647】，返回信息 {"status":"ok","msg":"-","gid":"192406","time_insert":"2021-07-04 19:12"}
2024-02-15 00:38:52 查询号码 【1743647】，GSD为【"-"】
2024-02-15 00:38:52 ok && -
2024-02-15 00:38:55 CHB 1743647?1707928732 第 1 次 等待 3 秒
2024-02-15 00:38:58 CHB 1743647?1707928732 第 1 次 获取到号码【1743647】GSD
2024-02-15 00:38:58 未获取到号码【1743647】GSD，可能号码格式错误
2024-02-15 00:38:58 获取到号码【1743647】的GSD为【-】
2024-02-15 00:39:06 GSD insert 第 1 次 等待 3 秒
2024-02-15 00:39:09 {"status":"bad","gid":"192406","msg":"添加失败！号码【1743647(-|-)】已存在！"}
2024-02-15 00:39:09 随机等待 213 秒，约 3 分钟
2024-02-15 00:39:09 下次操作: 2024-02-15 00:42:42

2024-02-15 00:42:42 开始第 3730 次操作

2024-02-15 00:42:42 开始操作号码 【1743648】
2024-02-15 00:42:46 GSD getOne 第 1 次 等待 3 秒
2024-02-15 00:42:49 查询号码 【1743648】，返回信息 {"status":"ok","msg":"-","gid":"192412","time_insert":"2021-07-04 19:13"}
2024-02-15 00:42:49 查询号码 【1743648】，GSD为【"-"】
2024-02-15 00:42:49 ok && -
2024-02-15 00:42:51 CHB 1743648?1707928969 第 1 次 等待 3 秒
2024-02-15 00:42:54 CHB 1743648?1707928969 第 1 次 获取到号码【1743648】GSD
2024-02-15 00:42:54 未获取到号码【1743648】GSD，可能号码格式错误
2024-02-15 00:42:54 获取到号码【1743648】的GSD为【-】
2024-02-15 00:42:59 GSD insert 第 1 次 等待 3 秒
2024-02-15 00:43:02 {"status":"bad","gid":"192412","msg":"添加失败！号码【1743648(-|-)】已存在！"}
2024-02-15 00:43:02 随机等待 100 秒，约 1 分钟
2024-02-15 00:43:02 下次操作: 2024-02-15 00:44:42

2024-02-15 00:44:42 开始第 3731 次操作

2024-02-15 00:44:42 开始操作号码 【1743649】
2024-02-15 00:44:46 GSD getOne 第 1 次 等待 3 秒
2024-02-15 00:44:49 查询号码 【1743649】，返回信息 {"status":"ok","msg":"-","gid":"192418","time_insert":"2021-07-04 19:14"}
2024-02-15 00:44:49 查询号码 【1743649】，GSD为【"-"】
2024-02-15 00:44:49 ok && -
2024-02-15 00:44:52 CHB 1743649?1707929089 第 1 次 等待 3 秒
2024-02-15 00:44:55 CHB 1743649?1707929089 第 1 次 获取到号码【1743649】GSD
2024-02-15 00:44:55 未获取到号码【1743649】GSD，可能号码格式错误
2024-02-15 00:44:55 获取到号码【1743649】的GSD为【-】
2024-02-15 00:44:59 GSD insert 第 1 次 等待 3 秒
2024-02-15 00:45:02 {"status":"bad","gid":"192418","msg":"添加失败！号码【1743649(-|-)】已存在！"}
2024-02-15 00:45:02 随机等待 136 秒，约 2 分钟
2024-02-15 00:45:02 下次操作: 2024-02-15 00:47:18

2024-02-15 00:47:19 开始第 3732 次操作

2024-02-15 00:47:19 开始操作号码 【1743650】
2024-02-15 00:47:24 GSD getOne 第 1 次 等待 3 秒
2024-02-15 00:47:27 查询号码 【1743650】，返回信息 {"status":"ok","msg":"-","gid":"192426","time_insert":"2021-07-04 19:15"}
2024-02-15 00:47:27 查询号码 【1743650】，GSD为【"-"】
2024-02-15 00:47:27 ok && -
2024-02-15 00:47:29 CHB 1743650?1707929247 第 1 次 等待 3 秒
2024-02-15 00:47:32 CHB 1743650?1707929247 第 1 次 获取到号码【1743650】GSD
2024-02-15 00:47:32 未获取到号码【1743650】GSD，可能号码格式错误
2024-02-15 00:47:32 获取到号码【1743650】的GSD为【-】
2024-02-15 00:47:38 GSD insert 第 1 次 等待 3 秒
2024-02-15 00:47:41 {"status":"bad","gid":"192426","msg":"添加失败！号码【1743650(-|-)】已存在！"}

2024-02-15 01:14:33 开始第 3733 次操作

2024-02-15 01:14:33 开始操作号码 【1743651】
2024-02-15 01:14:41 GSD getOne 第 1 次 等待 3 秒
2024-02-15 01:14:44 查询号码 【1743651】，返回信息 {"status":"ok","msg":"-","gid":"192429","time_insert":"2021-07-04 19:16"}
2024-02-15 01:14:44 查询号码 【1743651】，GSD为【"-"】
2024-02-15 01:14:44 ok && -
2024-02-15 01:14:47 CHB 1743651?1707930884 第 1 次 等待 3 秒
2024-02-15 01:14:50 CHB 1743651?1707930884 第 1 次 获取到号码【1743651】GSD
2024-02-15 01:14:50 未获取到号码【1743651】GSD，可能号码格式错误
2024-02-15 01:14:50 获取到号码【1743651】的GSD为【-】
2024-02-15 01:14:54 GSD insert 第 1 次 等待 3 秒
2024-02-15 01:14:57 {"status":"bad","gid":"192429","msg":"添加失败！号码【1743651(-|-)】已存在！"}
2024-02-15 01:14:57 随机等待 109 秒，约 1 分钟
2024-02-15 01:14:57 下次操作: 2024-02-15 01:16:46

2024-02-15 01:16:46 开始第 3734 次操作

2024-02-15 01:16:46 开始操作号码 【1743652】
2024-02-15 01:16:53 GSD getOne 第 1 次 等待 3 秒
2024-02-15 01:16:56 查询号码 【1743652】，返回信息 {"status":"ok","msg":"-","gid":"192432","time_insert":"2021-07-04 19:16"}
2024-02-15 01:16:56 查询号码 【1743652】，GSD为【"-"】
2024-02-15 01:16:56 ok && -
2024-02-15 01:16:58 CHB 1743652?1707931016 第 1 次 等待 3 秒
2024-02-15 01:17:01 CHB 1743652?1707931016 第 1 次 获取到号码【1743652】GSD
2024-02-15 01:17:01 未获取到号码【1743652】GSD，可能号码格式错误
2024-02-15 01:17:01 获取到号码【1743652】的GSD为【-】
2024-02-15 01:17:05 GSD insert 第 1 次 等待 3 秒
2024-02-15 01:17:08 {"status":"bad","gid":"192432","msg":"添加失败！号码【1743652(-|-)】已存在！"}
2024-02-15 01:17:08 随机等待 93 秒，约 1 分钟
2024-02-15 01:17:08 下次操作: 2024-02-15 01:18:41

2024-02-15 01:18:41 开始第 3735 次操作

2024-02-15 01:18:41 开始操作号码 【1743653】
2024-02-15 01:18:46 GSD getOne 第 1 次 等待 3 秒
2024-02-15 01:18:49 查询号码 【1743653】，返回信息 {"status":"ok","msg":"-","gid":"192436","time_insert":"2021-07-04 19:17"}
2024-02-15 01:18:49 查询号码 【1743653】，GSD为【"-"】
2024-02-15 01:18:49 ok && -
2024-02-15 01:18:51 CHB 1743653?1707931129 第 1 次 等待 3 秒
2024-02-15 01:18:54 CHB 1743653?1707931129 第 1 次 获取到号码【1743653】GSD
2024-02-15 01:18:54 未获取到号码【1743653】GSD，可能号码格式错误
2024-02-15 01:18:54 获取到号码【1743653】的GSD为【-】
2024-02-15 01:18:58 GSD insert 第 1 次 等待 3 秒
2024-02-15 01:19:01 {"status":"bad","gid":"192436","msg":"添加失败！号码【1743653(-|-)】已存在！"}
2024-02-15 01:19:01 随机等待 181 秒，约 3 分钟
2024-02-15 01:19:01 下次操作: 2024-02-15 01:22:02

2024-02-15 01:22:02 开始第 3736 次操作

2024-02-15 01:22:02 开始操作号码 【1743654】
2024-02-15 01:22:07 GSD getOne 第 1 次 等待 3 秒
2024-02-15 01:22:10 查询号码 【1743654】，返回信息 {"status":"ok","msg":"-","gid":"192443","time_insert":"2021-07-04 19:18"}
2024-02-15 01:22:10 查询号码 【1743654】，GSD为【"-"】
2024-02-15 01:22:10 ok && -
2024-02-15 01:22:12 CHB 1743654?1707931330 第 1 次 等待 3 秒
2024-02-15 01:22:15 CHB 1743654?1707931330 第 1 次 获取到号码【1743654】GSD
2024-02-15 01:22:15 未获取到号码【1743654】GSD，可能号码格式错误
2024-02-15 01:22:15 获取到号码【1743654】的GSD为【-】
2024-02-15 01:22:19 GSD insert 第 1 次 等待 3 秒
2024-02-15 01:22:22 {"status":"bad","gid":"192443","msg":"添加失败！号码【1743654(-|-)】已存在！"}

2024-02-15 01:37:31 开始第 3737 次操作

2024-02-15 01:37:31 开始操作号码 【1743655】
2024-02-15 01:37:36 GSD getOne 第 1 次 等待 3 秒
2024-02-15 01:37:39 查询号码 【1743655】，返回信息 {"status":"ok","msg":"-","gid":"192500","time_insert":"2021-07-04 19:37"}
2024-02-15 01:37:39 查询号码 【1743655】，GSD为【"-"】
2024-02-15 01:37:39 ok && -
2024-02-15 01:37:41 CHB 1743655?1707932259 第 1 次 等待 3 秒
2024-02-15 01:37:44 CHB 1743655?1707932259 第 1 次 获取到号码【1743655】GSD
2024-02-15 01:37:44 未获取到号码【1743655】GSD，可能号码格式错误
2024-02-15 01:37:44 获取到号码【1743655】的GSD为【-】
2024-02-15 01:37:48 GSD insert 第 1 次 等待 3 秒
2024-02-15 01:37:51 {"status":"bad","gid":"192500","msg":"添加失败！号码【1743655(-|-)】已存在！"}
2024-02-15 01:37:52 随机等待 80 秒，约 1 分钟
2024-02-15 01:37:52 下次操作: 2024-02-15 01:39:12

2024-02-15 01:39:12 开始第 3738 次操作

2024-02-15 01:39:12 开始操作号码 【1743656】
2024-02-15 01:39:19 GSD getOne 第 1 次 等待 3 秒
2024-02-15 01:39:22 查询号码 【1743656】，返回信息 {"status":"ok","msg":"-","gid":"192508","time_insert":"2021-07-04 19:37"}
2024-02-15 01:39:22 查询号码 【1743656】，GSD为【"-"】
2024-02-15 01:39:22 ok && -
2024-02-15 01:39:23 CHB 1743656?1707932362 第 1 次 等待 3 秒
2024-02-15 01:39:26 CHB 1743656?1707932362 第 1 次 获取到号码【1743656】GSD
2024-02-15 01:39:26 未获取到号码【1743656】GSD，可能号码格式错误
2024-02-15 01:39:26 获取到号码【1743656】的GSD为【-】
2024-02-15 01:39:31 GSD insert 第 1 次 等待 3 秒
2024-02-15 01:39:34 {"status":"bad","gid":"192508","msg":"添加失败！号码【1743656(-|-)】已存在！"}
2024-02-15 01:39:34 随机等待 96 秒，约 1 分钟
2024-02-15 01:39:34 下次操作: 2024-02-15 01:41:10

2024-02-15 01:41:10 开始第 3739 次操作

2024-02-15 01:41:10 开始操作号码 【1743657】
2024-02-15 01:41:14 GSD getOne 第 1 次 等待 3 秒
2024-02-15 01:41:17 查询号码 【1743657】，返回信息 {"status":"ok","msg":"-","gid":"192518","time_insert":"2021-07-04 19:38"}
2024-02-15 01:41:17 查询号码 【1743657】，GSD为【"-"】
2024-02-15 01:41:17 ok && -
2024-02-15 01:41:19 CHB 1743657?1707932477 第 1 次 等待 3 秒
2024-02-15 01:41:22 CHB 1743657?1707932477 第 1 次 获取到号码【1743657】GSD
2024-02-15 01:41:22 未获取到号码【1743657】GSD，可能号码格式错误
2024-02-15 01:41:22 获取到号码【1743657】的GSD为【-】
2024-02-15 01:41:26 GSD insert 第 1 次 等待 3 秒
2024-02-15 01:41:29 {"status":"bad","gid":"192518","msg":"添加失败！号码【1743657(-|-)】已存在！"}
2024-02-15 01:41:29 随机等待 220 秒，约 3 分钟
2024-02-15 01:41:29 下次操作: 2024-02-15 01:45:09

2024-02-15 01:45:09 开始第 3740 次操作

2024-02-15 01:45:09 开始操作号码 【1743658】
2024-02-15 01:45:14 GSD getOne 第 1 次 等待 3 秒
2024-02-15 01:45:17 查询号码 【1743658】，返回信息 {"status":"ok","msg":"-","gid":"192529","time_insert":"2021-07-04 19:39"}
2024-02-15 01:45:17 查询号码 【1743658】，GSD为【"-"】
2024-02-15 01:45:17 ok && -
2024-02-15 01:45:19 CHB 1743658?1707932717 第 1 次 等待 3 秒
2024-02-15 01:45:22 CHB 1743658?1707932717 第 1 次 获取到号码【1743658】GSD
2024-02-15 01:45:22 未获取到号码【1743658】GSD，可能号码格式错误
2024-02-15 01:45:22 获取到号码【1743658】的GSD为【-】
2024-02-15 01:45:26 GSD insert 第 1 次 等待 3 秒
2024-02-15 01:45:29 {"status":"bad","gid":"192529","msg":"添加失败！号码【1743658(-|-)】已存在！"}

