2024-05-04 00:22:01 开始第 6881 次操作

2024-05-04 00:22:01 开始操作号码 【1636798】
2024-05-04 00:22:07 GSD getOne 第 1 次 等待 3 秒
2024-05-04 00:22:10 查询号码 【1636798】，返回信息 {"status":"ok","msg":"-","gid":"667183","time_insert":"2023-04-20 20:39"}
2024-05-04 00:22:10 查询号码 【1636798】，GSD为【"-"】
2024-05-04 00:22:10 ok && -
2024-05-04 00:22:12 CHB 1636798?1714753330 第 1 次 等待 3 秒
2024-05-04 00:22:15 CHB 1636798?1714753330 第 1 次 获取到号码【1636798】GSD
2024-05-04 00:22:15 未获取到号码【1636798】GSD，可能号码格式错误
2024-05-04 00:22:15 获取到号码【1636798】的GSD为【-】
2024-05-04 00:22:23 GSD insert 第 1 次 等待 3 秒
2024-05-04 00:22:26 {"status":"bad","gid":"667183","msg":"添加失败！号码【1636798(-|-)】已存在！"}
2024-05-04 00:22:26 随机等待 172 秒，约 2 分钟
2024-05-04 00:22:26 下次操作: 2024-05-04 00:25:18

2024-05-04 00:25:18 开始第 6882 次操作

2024-05-04 00:25:18 开始操作号码 【1636799】
2024-05-04 00:25:24 GSD getOne 第 1 次 等待 3 秒
2024-05-04 00:25:27 查询号码 【1636799】，返回信息 {"status":"ok","msg":"-","gid":"667200","time_insert":"2023-04-20 20:52"}
2024-05-04 00:25:27 查询号码 【1636799】，GSD为【"-"】
2024-05-04 00:25:27 ok && -
2024-05-04 00:25:29 CHB 1636799?1714753527 第 1 次 等待 3 秒
2024-05-04 00:25:32 CHB 1636799?1714753527 第 1 次 获取到号码【1636799】GSD
2024-05-04 00:25:32 未获取到号码【1636799】GSD，可能号码格式错误
2024-05-04 00:25:32 获取到号码【1636799】的GSD为【-】
2024-05-04 00:25:43 GSD insert 第 1 次 等待 3 秒
2024-05-04 00:25:46 {"status":"bad","gid":"667200","msg":"添加失败！号码【1636799(-|-)】已存在！"}
2024-05-04 00:25:46 随机等待 91 秒，约 1 分钟
2024-05-04 00:25:46 下次操作: 2024-05-04 00:27:17

2024-05-04 00:27:17 开始第 6883 次操作

2024-05-04 00:27:17 开始操作号码 【1636800】
2024-05-04 00:27:29 GSD getOne 第 1 次 等待 3 秒
2024-05-04 00:27:32 查询号码 【1636800】，返回信息 {"status":"ok","msg":"-","gid":"667214","time_insert":"2023-04-20 21:02"}
2024-05-04 00:27:32 查询号码 【1636800】，GSD为【"-"】
2024-05-04 00:27:32 ok && -
2024-05-04 00:27:35 CHB 1636800?1714753652 第 1 次 等待 3 秒
2024-05-04 00:27:38 CHB 1636800?1714753652 第 1 次 获取到号码【1636800】GSD
2024-05-04 00:27:38 未获取到号码【1636800】GSD，可能号码格式错误
2024-05-04 00:27:38 获取到号码【1636800】的GSD为【-】
2024-05-04 00:27:43 GSD insert 第 1 次 等待 3 秒
2024-05-04 00:27:46 {"status":"bad","gid":"667214","msg":"添加失败！号码【1636800(-|-)】已存在！"}
2024-05-04 00:27:46 随机等待 114 秒，约 1 分钟
2024-05-04 00:27:46 下次操作: 2024-05-04 00:29:40

2024-05-04 00:29:40 开始第 6884 次操作

2024-05-04 00:29:40 开始操作号码 【1636801】
2024-05-04 00:29:50 GSD getOne 第 1 次 等待 3 秒
2024-05-04 00:29:53 查询号码 【1636801】，返回信息 {"status":"ok","msg":"-","gid":"667230","time_insert":"2023-04-20 21:15"}
2024-05-04 00:29:53 查询号码 【1636801】，GSD为【"-"】
2024-05-04 00:29:53 ok && -
2024-05-04 00:29:55 CHB 1636801?1714753793 第 1 次 等待 3 秒
2024-05-04 00:29:58 CHB 1636801?1714753793 第 1 次 获取到号码【1636801】GSD
2024-05-04 00:29:58 未获取到号码【1636801】GSD，可能号码格式错误
2024-05-04 00:29:58 获取到号码【1636801】的GSD为【-】
2024-05-04 00:30:03 GSD insert 第 1 次 等待 3 秒
2024-05-04 00:30:06 {"status":"bad","gid":"667230","msg":"添加失败！号码【1636801(-|-)】已存在！"}

2024-05-04 00:39:30 开始第 6885 次操作

2024-05-04 00:39:30 开始操作号码 【1636802】
2024-05-04 00:39:35 GSD getOne 第 1 次 等待 3 秒
2024-05-04 00:39:38 查询号码 【1636802】，返回信息 {"status":"ok","msg":"-","gid":"667248","time_insert":"2023-04-20 21:29"}
2024-05-04 00:39:38 查询号码 【1636802】，GSD为【"-"】
2024-05-04 00:39:38 ok && -
2024-05-04 00:39:41 CHB 1636802?1714754378 第 1 次 等待 3 秒
2024-05-04 00:39:44 CHB 1636802?1714754378 第 1 次 获取到号码【1636802】GSD
2024-05-04 00:39:44 未获取到号码【1636802】GSD，可能号码格式错误
2024-05-04 00:39:44 获取到号码【1636802】的GSD为【-】
2024-05-04 00:39:51 GSD insert 第 1 次 等待 3 秒
2024-05-04 00:39:54 {"status":"bad","gid":"667248","msg":"添加失败！号码【1636802(-|-)】已存在！"}
2024-05-04 00:39:54 随机等待 199 秒，约 3 分钟
2024-05-04 00:39:54 下次操作: 2024-05-04 00:43:13

2024-05-04 00:43:13 开始第 6886 次操作

2024-05-04 00:43:13 开始操作号码 【1636803】
2024-05-04 00:43:19 GSD getOne 第 1 次 等待 3 秒
2024-05-04 00:43:22 查询号码 【1636803】，返回信息 {"status":"ok","msg":"-","gid":"667265","time_insert":"2023-04-20 21:40"}
2024-05-04 00:43:22 查询号码 【1636803】，GSD为【"-"】
2024-05-04 00:43:22 ok && -
2024-05-04 00:43:25 CHB 1636803?1714754602 第 1 次 等待 3 秒
2024-05-04 00:43:28 CHB 1636803?1714754602 第 1 次 获取到号码【1636803】GSD
2024-05-04 00:43:28 未获取到号码【1636803】GSD，可能号码格式错误
2024-05-04 00:43:28 获取到号码【1636803】的GSD为【-】
2024-05-04 00:43:33 GSD insert 第 1 次 等待 3 秒
2024-05-04 00:43:36 {"status":"bad","gid":"667265","msg":"添加失败！号码【1636803(-|-)】已存在！"}
2024-05-04 00:43:36 随机等待 210 秒，约 3 分钟
2024-05-04 00:43:36 下次操作: 2024-05-04 00:47:06

2024-05-04 00:47:06 开始第 6887 次操作

2024-05-04 00:47:06 开始操作号码 【1636804】
2024-05-04 00:47:12 GSD getOne 第 1 次 等待 3 秒
2024-05-04 00:47:15 查询号码 【1636804】，返回信息 {"status":"ok","msg":"-","gid":"667300","time_insert":"2023-04-20 22:03"}
2024-05-04 00:47:15 查询号码 【1636804】，GSD为【"-"】
2024-05-04 00:47:15 ok && -
2024-05-04 00:47:18 CHB 1636804?1714754835 第 1 次 等待 3 秒
2024-05-04 00:47:21 CHB 1636804?1714754835 第 1 次 获取到号码【1636804】GSD
2024-05-04 00:47:21 未获取到号码【1636804】GSD，可能号码格式错误
2024-05-04 00:47:21 获取到号码【1636804】的GSD为【-】
2024-05-04 00:47:27 GSD insert 第 1 次 等待 3 秒
2024-05-04 00:47:30 {"status":"bad","gid":"667300","msg":"添加失败！号码【1636804(-|-)】已存在！"}
2024-05-04 00:47:30 随机等待 153 秒，约 2 分钟
2024-05-04 00:47:30 下次操作: 2024-05-04 00:50:03

2024-05-04 00:50:03 开始第 6888 次操作

2024-05-04 00:50:03 开始操作号码 【1636805】
2024-05-04 00:50:08 GSD getOne 第 1 次 等待 3 秒
2024-05-04 00:50:11 查询号码 【1636805】，返回信息 {"status":"ok","msg":"-","gid":"667318","time_insert":"2023-04-20 22:16"}
2024-05-04 00:50:11 查询号码 【1636805】，GSD为【"-"】
2024-05-04 00:50:11 ok && -
2024-05-04 00:50:14 CHB 1636805?1714755011 第 1 次 等待 3 秒
2024-05-04 00:50:17 CHB 1636805?1714755011 第 1 次 获取到号码【1636805】GSD
2024-05-04 00:50:17 未获取到号码【1636805】GSD，可能号码格式错误
2024-05-04 00:50:17 获取到号码【1636805】的GSD为【-】
2024-05-04 00:50:24 GSD insert 第 1 次 等待 3 秒
2024-05-04 00:50:27 {"status":"bad","gid":"667318","msg":"添加失败！号码【1636805(-|-)】已存在！"}

