2024-09-30 00:12:00 开始第 7325 次操作

2024-09-30 00:12:00 开始操作号码 【1417322】
2024-09-30 00:12:02 GSD getOne 第 1 次 等待 3 秒
2024-09-30 00:12:05 查询号码 【1417322】，返回信息 {"status":"ok","msg":"-","gid":"676995","time_insert":"2023-04-25 19:12"}
2024-09-30 00:12:06 查询号码 【1417322】，GSD为【"-"】
2024-09-30 00:12:06 ok && -
2024-09-30 00:12:08 CHB 1417322?1727626326 第 1 次 等待 3 秒
2024-09-30 00:12:11 CHB 1417322?1727626326 第 1 次 获取到号码【1417322】GSD
2024-09-30 00:12:11 未获取到号码【1417322】GSD，可能号码格式错误
2024-09-30 00:12:11 获取到号码【1417322】的GSD为【-】
2024-09-30 00:12:14 GSD insert 第 1 次 等待 3 秒
2024-09-30 00:12:17 {"status":"bad","gid":"676995","msg":"添加失败！号码【1417322(-|-)】已存在！"}
2024-09-30 00:12:17 随机等待 217 秒，约 3 分钟
2024-09-30 00:12:17 下次操作: 2024-09-30 00:15:54

2024-09-30 00:15:54 开始第 7326 次操作

2024-09-30 00:15:54 开始操作号码 【1417323】
2024-09-30 00:15:56 GSD getOne 第 1 次 等待 3 秒
2024-09-30 00:15:59 查询号码 【1417323】，返回信息 {"status":"ok","msg":"-","gid":"677008","time_insert":"2023-04-25 19:21"}
2024-09-30 00:15:59 查询号码 【1417323】，GSD为【"-"】
2024-09-30 00:15:59 ok && -
2024-09-30 00:16:01 CHB 1417323?1727626559 第 1 次 等待 3 秒
2024-09-30 00:16:04 CHB 1417323?1727626559 第 1 次 获取到号码【1417323】GSD
2024-09-30 00:16:04 未获取到号码【1417323】GSD，可能号码格式错误
2024-09-30 00:16:04 获取到号码【1417323】的GSD为【-】
2024-09-30 00:16:08 GSD insert 第 1 次 等待 3 秒
2024-09-30 00:16:11 {"status":"bad","gid":"677008","msg":"添加失败！号码【1417323(-|-)】已存在！"}
2024-09-30 00:16:11 随机等待 168 秒，约 2 分钟
2024-09-30 00:16:11 下次操作: 2024-09-30 00:18:59

2024-09-30 00:18:59 开始第 7327 次操作

2024-09-30 00:18:59 开始操作号码 【1417324】
2024-09-30 00:19:01 GSD getOne 第 1 次 等待 3 秒
2024-09-30 00:19:04 查询号码 【1417324】，返回信息 {"status":"ok","msg":"-","gid":"677043","time_insert":"2023-04-25 19:42"}
2024-09-30 00:19:04 查询号码 【1417324】，GSD为【"-"】
2024-09-30 00:19:04 ok && -
2024-09-30 00:19:06 CHB 1417324?1727626744 第 1 次 等待 3 秒
2024-09-30 00:19:09 CHB 1417324?1727626744 第 1 次 获取到号码【1417324】GSD
2024-09-30 00:19:09 未获取到号码【1417324】GSD，可能号码格式错误
2024-09-30 00:19:09 获取到号码【1417324】的GSD为【-】
2024-09-30 00:19:11 GSD insert 第 1 次 等待 3 秒
2024-09-30 00:19:14 {"status":"bad","gid":"677043","msg":"添加失败！号码【1417324(-|-)】已存在！"}
2024-09-30 00:19:14 随机等待 145 秒，约 2 分钟
2024-09-30 00:19:14 下次操作: 2024-09-30 00:21:39

2024-09-30 00:21:39 开始第 7328 次操作

2024-09-30 00:21:39 开始操作号码 【1417325】
2024-09-30 00:21:41 GSD getOne 第 1 次 等待 3 秒
2024-09-30 00:21:44 查询号码 【1417325】，返回信息 {"status":"ok","msg":"-","gid":"677070","time_insert":"2023-04-25 19:57"}
2024-09-30 00:21:44 查询号码 【1417325】，GSD为【"-"】
2024-09-30 00:21:44 ok && -
2024-09-30 00:21:45 CHB 1417325?1727626904 第 1 次 等待 3 秒
2024-09-30 00:21:48 CHB 1417325?1727626904 第 1 次 获取到号码【1417325】GSD
2024-09-30 00:21:48 未获取到号码【1417325】GSD，可能号码格式错误
2024-09-30 00:21:48 获取到号码【1417325】的GSD为【-】
2024-09-30 00:21:55 GSD insert 第 1 次 等待 3 秒
2024-09-30 00:21:58 {"status":"bad","gid":"677070","msg":"添加失败！号码【1417325(-|-)】已存在！"}

