2024-01-09 00:22:33 开始第 7625 次操作

2024-01-09 00:22:33 开始操作号码 【1857544】
2024-01-09 00:22:39 GSD getOne 第 1 次 等待 3 秒
2024-01-09 00:22:42 查询号码 【1857544】，返回信息 {"status":"ok","msg":"广东-东莞","gid":"426774","time_insert":"2021-07-28 19:35"}
2024-01-09 00:22:42 查询号码 【1857544】，GSD为【"广东-东莞"】

2024-01-09 00:22:43 开始第 7626 次操作

2024-01-09 00:22:43 开始操作号码 【1857545】
2024-01-09 00:22:46 GSD getOne 第 1 次 等待 3 秒
2024-01-09 00:22:49 查询号码 【1857545】，返回信息 {"status":"ok","msg":"广东-东莞","gid":"426770","time_insert":"2021-07-28 19:35"}
2024-01-09 00:22:49 查询号码 【1857545】，GSD为【"广东-东莞"】

2024-01-09 00:22:50 开始第 7627 次操作

2024-01-09 00:22:50 开始操作号码 【1857546】
2024-01-09 00:22:53 GSD getOne 第 1 次 等待 3 秒
2024-01-09 00:22:56 查询号码 【1857546】，返回信息 {"status":"ok","msg":"广东-东莞","gid":"426729","time_insert":"2021-07-28 19:15"}
2024-01-09 00:22:56 查询号码 【1857546】，GSD为【"广东-东莞"】

2024-01-09 00:22:57 开始第 7628 次操作

2024-01-09 00:22:57 开始操作号码 【1857547】
2024-01-09 00:23:02 GSD getOne 第 1 次 等待 3 秒
2024-01-09 00:23:05 查询号码 【1857547】，返回信息 {"status":"ok","msg":"广东-东莞","gid":"426728","time_insert":"2021-07-28 19:14"}
2024-01-09 00:23:05 查询号码 【1857547】，GSD为【"广东-东莞"】

