2024-05-01 00:22:13 开始第 6361 次操作

2024-05-01 00:22:13 开始操作号码 【1636278】
2024-05-01 00:22:21 GSD getOne 第 1 次 等待 3 秒
2024-05-01 00:22:24 查询号码 【1636278】，返回信息 {"status":"ok","msg":"-","gid":"654954","time_insert":"2023-04-15 01:28"}
2024-05-01 00:22:24 查询号码 【1636278】，GSD为【"-"】
2024-05-01 00:22:24 ok && -
2024-05-01 00:22:27 CHB 1636278?1714494144 第 1 次 等待 3 秒
2024-05-01 00:22:30 CHB 1636278?1714494144 第 1 次 获取到号码【1636278】GSD
2024-05-01 00:22:30 未获取到号码【1636278】GSD，可能号码格式错误
2024-05-01 00:22:30 获取到号码【1636278】的GSD为【-】
2024-05-01 00:22:36 GSD insert 第 1 次 等待 3 秒
2024-05-01 00:22:39 {"status":"bad","gid":"654954","msg":"添加失败！号码【1636278(-|-)】已存在！"}
2024-05-01 00:22:39 随机等待 128 秒，约 2 分钟
2024-05-01 00:22:39 下次操作: 2024-05-01 00:24:47

2024-05-01 00:24:47 开始第 6362 次操作

2024-05-01 00:24:47 开始操作号码 【1636279】
2024-05-01 00:24:52 GSD getOne 第 1 次 等待 3 秒
2024-05-01 00:24:55 查询号码 【1636279】，返回信息 {"status":"ok","msg":"-","gid":"654977","time_insert":"2023-04-15 01:42"}
2024-05-01 00:24:55 查询号码 【1636279】，GSD为【"-"】
2024-05-01 00:24:55 ok && -
2024-05-01 00:24:57 CHB 1636279?1714494295 第 1 次 等待 3 秒
2024-05-01 00:25:00 CHB 1636279?1714494295 第 1 次 获取到号码【1636279】GSD
2024-05-01 00:25:00 未获取到号码【1636279】GSD，可能号码格式错误
2024-05-01 00:25:00 获取到号码【1636279】的GSD为【-】
2024-05-01 00:25:07 GSD insert 第 1 次 等待 3 秒
2024-05-01 00:25:10 {"status":"bad","gid":"654977","msg":"添加失败！号码【1636279(-|-)】已存在！"}
2024-05-01 00:25:10 随机等待 233 秒，约 3 分钟
2024-05-01 00:25:10 下次操作: 2024-05-01 00:29:03

2024-05-01 00:29:03 开始第 6363 次操作

2024-05-01 00:29:03 开始操作号码 【1636280】
2024-05-01 00:29:08 GSD getOne 第 1 次 等待 3 秒
2024-05-01 00:29:11 查询号码 【1636280】，返回信息 {"status":"ok","msg":"-","gid":"655012","time_insert":"2023-04-15 02:01"}
2024-05-01 00:29:11 查询号码 【1636280】，GSD为【"-"】
2024-05-01 00:29:11 ok && -
2024-05-01 00:29:14 CHB 1636280?1714494551 第 1 次 等待 3 秒
2024-05-01 00:29:17 CHB 1636280?1714494551 第 1 次 获取到号码【1636280】GSD
2024-05-01 00:29:17 未获取到号码【1636280】GSD，可能号码格式错误
2024-05-01 00:29:17 获取到号码【1636280】的GSD为【-】
2024-05-01 00:29:22 GSD insert 第 1 次 等待 3 秒
2024-05-01 00:29:25 {"status":"bad","gid":"655012","msg":"添加失败！号码【1636280(-|-)】已存在！"}
2024-05-01 00:29:25 随机等待 140 秒，约 2 分钟
2024-05-01 00:29:25 下次操作: 2024-05-01 00:31:45

2024-05-01 00:31:45 开始第 6364 次操作

2024-05-01 00:31:45 开始操作号码 【1636281】
2024-05-01 00:31:50 GSD getOne 第 1 次 等待 3 秒
2024-05-01 00:31:53 查询号码 【1636281】，返回信息 {"status":"ok","msg":"-","gid":"655024","time_insert":"2023-04-15 02:10"}
2024-05-01 00:31:54 查询号码 【1636281】，GSD为【"-"】
2024-05-01 00:31:54 ok && -
2024-05-01 00:31:56 CHB 1636281?1714494714 第 1 次 等待 3 秒
2024-05-01 00:31:59 CHB 1636281?1714494714 第 1 次 获取到号码【1636281】GSD
2024-05-01 00:31:59 未获取到号码【1636281】GSD，可能号码格式错误
2024-05-01 00:31:59 获取到号码【1636281】的GSD为【-】
2024-05-01 00:32:07 GSD insert 第 1 次 等待 3 秒
2024-05-01 00:32:10 {"status":"bad","gid":"655024","msg":"添加失败！号码【1636281(-|-)】已存在！"}

2024-05-01 00:40:18 开始第 6365 次操作

2024-05-01 00:40:18 开始操作号码 【1636282】
2024-05-01 00:40:28 GSD getOne 第 1 次 等待 3 秒
2024-05-01 00:40:31 查询号码 【1636282】，返回信息 {"status":"ok","msg":"-","gid":"655056","time_insert":"2023-04-15 02:30"}
2024-05-01 00:40:31 查询号码 【1636282】，GSD为【"-"】
2024-05-01 00:40:31 ok && -
2024-05-01 00:40:33 CHB 1636282?1714495231 第 1 次 等待 3 秒
2024-05-01 00:40:36 CHB 1636282?1714495231 第 1 次 获取到号码【1636282】GSD
2024-05-01 00:40:36 未获取到号码【1636282】GSD，可能号码格式错误
2024-05-01 00:40:36 获取到号码【1636282】的GSD为【-】
2024-05-01 00:40:51 GSD insert 第 1 次 等待 3 秒
2024-05-01 00:40:54 {"status":"bad","gid":"655056","msg":"添加失败！号码【1636282(-|-)】已存在！"}
2024-05-01 00:40:54 随机等待 105 秒，约 1 分钟
2024-05-01 00:40:54 下次操作: 2024-05-01 00:42:39

2024-05-01 00:42:39 开始第 6366 次操作

2024-05-01 00:42:39 开始操作号码 【1636283】
2024-05-01 00:42:52 GSD getOne 第 1 次 等待 3 秒
2024-05-01 00:42:55 查询号码 【1636283】，返回信息 {"status":"ok","msg":"-","gid":"655079","time_insert":"2023-04-15 02:42"}
2024-05-01 00:42:55 查询号码 【1636283】，GSD为【"-"】
2024-05-01 00:42:55 ok && -
2024-05-01 00:42:59 CHB 1636283?1714495375 第 1 次 等待 3 秒
2024-05-01 00:43:02 CHB 1636283?1714495375 第 1 次 获取到号码【1636283】GSD
2024-05-01 00:43:02 未获取到号码【1636283】GSD，可能号码格式错误
2024-05-01 00:43:02 获取到号码【1636283】的GSD为【-】
2024-05-01 00:43:14 GSD insert 第 1 次 等待 3 秒
2024-05-01 00:43:17 {"status":"bad","gid":"655079","msg":"添加失败！号码【1636283(-|-)】已存在！"}
2024-05-01 00:43:17 随机等待 172 秒，约 2 分钟
2024-05-01 00:43:17 下次操作: 2024-05-01 00:46:09

2024-05-01 00:46:09 开始第 6367 次操作

2024-05-01 00:46:09 开始操作号码 【1636284】
2024-05-01 00:46:17 GSD getOne 第 1 次 等待 3 秒
2024-05-01 00:46:20 查询号码 【1636284】，返回信息 {"status":"ok","msg":"-","gid":"655105","time_insert":"2023-04-15 02:53"}
2024-05-01 00:46:20 查询号码 【1636284】，GSD为【"-"】
2024-05-01 00:46:20 ok && -
2024-05-01 00:46:22 CHB 1636284?1714495580 第 1 次 等待 3 秒
2024-05-01 00:46:25 CHB 1636284?1714495580 第 1 次 获取到号码【1636284】GSD
2024-05-01 00:46:25 未获取到号码【1636284】GSD，可能号码格式错误
2024-05-01 00:46:25 获取到号码【1636284】的GSD为【-】
2024-05-01 00:46:33 GSD insert 第 1 次 等待 3 秒
2024-05-01 00:46:36 {"status":"bad","gid":"655105","msg":"添加失败！号码【1636284(-|-)】已存在！"}
2024-05-01 00:46:36 随机等待 234 秒，约 3 分钟
2024-05-01 00:46:36 下次操作: 2024-05-01 00:50:30

2024-05-01 00:50:30 开始第 6368 次操作

2024-05-01 00:50:30 开始操作号码 【1636285】
2024-05-01 00:50:39 GSD getOne 第 1 次 等待 3 秒
2024-05-01 00:50:42 查询号码 【1636285】，返回信息 {"status":"ok","msg":"-","gid":"655127","time_insert":"2023-04-15 03:07"}
2024-05-01 00:50:42 查询号码 【1636285】，GSD为【"-"】
2024-05-01 00:50:42 ok && -
2024-05-01 00:50:46 CHB 1636285?1714495842 第 1 次 等待 3 秒
2024-05-01 00:50:49 CHB 1636285?1714495842 第 1 次 获取到号码【1636285】GSD
2024-05-01 00:50:49 未获取到号码【1636285】GSD，可能号码格式错误
2024-05-01 00:50:49 获取到号码【1636285】的GSD为【-】
2024-05-01 00:51:01 GSD insert 第 1 次 等待 3 秒
2024-05-01 00:51:04 {"status":"bad","gid":"655127","msg":"添加失败！号码【1636285(-|-)】已存在！"}

