2024-07-29 00:23:17 开始第 8421 次操作

2024-07-29 00:23:17 开始操作号码 【1528323】
2024-07-29 00:23:26 GSD getOne 第 1 次 等待 3 秒
2024-07-29 00:23:29 查询号码 【1528323】，返回信息 {"status":"ok","msg":"四川-资阳","gid":"19937","time_insert":"2015-08-20 14:08","time_update":"2020-10-21 05:43"}
2024-07-29 00:23:29 查询号码 【1528323】，GSD为【"四川-资阳"】

2024-07-29 00:23:30 开始第 8422 次操作

2024-07-29 00:23:30 开始操作号码 【1528324】
2024-07-29 00:23:38 GSD getOne 第 1 次 等待 3 秒
2024-07-29 00:23:41 查询号码 【1528324】，返回信息 {"status":"ok","msg":"四川-资阳","gid":"19938","time_insert":"2017-08-28 13:46","time_update":"2020-10-21 05:47"}
2024-07-29 00:23:41 查询号码 【1528324】，GSD为【"四川-资阳"】

2024-07-29 00:23:42 开始第 8423 次操作

2024-07-29 00:23:42 开始操作号码 【1528325】
2024-07-29 00:23:49 GSD getOne 第 1 次 等待 3 秒
2024-07-29 00:23:52 查询号码 【1528325】，返回信息 {"status":"ok","msg":"四川-内江","gid":"19939","time_insert":"2016-11-12 06:30","time_update":"2020-10-21 05:51"}
2024-07-29 00:23:53 查询号码 【1528325】，GSD为【"四川-内江"】

2024-07-29 00:23:54 开始第 8424 次操作

2024-07-29 00:23:54 开始操作号码 【1528326】
2024-07-29 00:24:02 GSD getOne 第 1 次 等待 3 秒
2024-07-29 00:24:05 查询号码 【1528326】，返回信息 {"status":"ok","msg":"四川-内江","gid":"19940","time_insert":"2018-11-04 12:52","time_update":"2020-10-21 05:55"}
2024-07-29 00:24:05 查询号码 【1528326】，GSD为【"四川-内江"】

