2023-10-07 00:21:45 开始第 1881 次操作

2023-10-07 00:21:45 开始操作号码 【1951880】
2023-10-07 00:21:49 GSD getOne 第 1 次 等待 3 秒
2023-10-07 00:21:52 查询号码 【1951880】，返回信息 {"status":"ok","msg":"江苏-宿迁","gid":"513339","time_insert":"2021-08-16 17:08"}
2023-10-07 00:21:52 查询号码 【1951880】，GSD为【"江苏-宿迁"】

2023-10-07 00:21:53 开始第 1882 次操作

2023-10-07 00:21:53 开始操作号码 【1951881】
2023-10-07 00:21:56 GSD getOne 第 1 次 等待 3 秒
2023-10-07 00:21:59 查询号码 【1951881】，返回信息 {"status":"ok","msg":"江苏-宿迁","gid":"513349","time_insert":"2021-08-16 17:14"}
2023-10-07 00:21:59 查询号码 【1951881】，GSD为【"江苏-宿迁"】

2023-10-07 00:22:00 开始第 1883 次操作

2023-10-07 00:22:00 开始操作号码 【1951882】
2023-10-07 00:22:03 GSD getOne 第 1 次 等待 3 秒
2023-10-07 00:22:06 查询号码 【1951882】，返回信息 {"status":"ok","msg":"江苏-连云港","gid":"513361","time_insert":"2021-08-16 17:23"}
2023-10-07 00:22:06 查询号码 【1951882】，GSD为【"江苏-连云港"】

2023-10-07 00:22:07 开始第 1884 次操作

2023-10-07 00:22:07 开始操作号码 【1951883】
2023-10-07 00:22:10 GSD getOne 第 1 次 等待 3 秒
2023-10-07 00:22:13 查询号码 【1951883】，返回信息 {"status":"ok","msg":"江苏-连云港","gid":"513366","time_insert":"2021-08-16 17:27"}
2023-10-07 00:22:13 查询号码 【1951883】，GSD为【"江苏-连云港"】

2023-10-07 00:40:35 开始第 1885 次操作

2023-10-07 00:40:35 开始操作号码 【1951884】
2023-10-07 00:40:39 GSD getOne 第 1 次 等待 3 秒
2023-10-07 00:40:42 查询号码 【1951884】，返回信息 {"status":"ok","msg":"江苏-泰州","gid":"513378","time_insert":"2021-08-16 17:34"}
2023-10-07 00:40:42 查询号码 【1951884】，GSD为【"江苏-泰州"】

2023-10-07 00:40:43 开始第 1886 次操作

2023-10-07 00:40:43 开始操作号码 【1951885】
2023-10-07 00:40:46 GSD getOne 第 1 次 等待 3 秒
2023-10-07 00:40:49 查询号码 【1951885】，返回信息 {"status":"ok","msg":"江苏-淮安","gid":"513384","time_insert":"2021-08-16 17:38"}
2023-10-07 00:40:49 查询号码 【1951885】，GSD为【"江苏-淮安"】

2023-10-07 00:40:50 开始第 1887 次操作

2023-10-07 00:40:50 开始操作号码 【1951886】
2023-10-07 00:40:52 GSD getOne 第 1 次 等待 3 秒
2023-10-07 00:40:55 查询号码 【1951886】，返回信息 {"status":"ok","msg":"江苏-淮安","gid":"513393","time_insert":"2021-08-16 17:43"}
2023-10-07 00:40:55 查询号码 【1951886】，GSD为【"江苏-淮安"】

2023-10-07 00:40:56 开始第 1888 次操作

2023-10-07 00:40:56 开始操作号码 【1951887】
2023-10-07 00:40:59 GSD getOne 第 1 次 等待 3 秒
2023-10-07 00:41:02 查询号码 【1951887】，返回信息 {"status":"ok","msg":"江苏-盐城","gid":"513407","time_insert":"2021-08-16 17:54"}
2023-10-07 00:41:02 查询号码 【1951887】，GSD为【"江苏-盐城"】

