2024-04-24 00:20:57 开始第 5133 次操作

2024-04-24 00:20:57 开始操作号码 【1635051】
2024-04-24 00:21:03 GSD getOne 第 1 次 等待 3 秒
2024-04-24 00:21:06 查询号码 【1635051】，返回信息 {"status":"ok","msg":"-","gid":"625923","time_insert":"2023-03-31 14:16"}
2024-04-24 00:21:06 查询号码 【1635051】，GSD为【"-"】
2024-04-24 00:21:06 ok && -
2024-04-24 00:21:09 CHB 1635051?1713889266 第 1 次 等待 3 秒
2024-04-24 00:21:12 CHB 1635051?1713889266 第 1 次 获取到号码【1635051】GSD
2024-04-24 00:21:12 未获取到号码【1635051】GSD，可能号码格式错误
2024-04-24 00:21:12 获取到号码【1635051】的GSD为【-】
2024-04-24 00:21:18 GSD insert 第 1 次 等待 3 秒
2024-04-24 00:21:21 {"status":"bad","gid":"625923","msg":"添加失败！号码【1635051(-|-)】已存在！"}
2024-04-24 00:21:21 随机等待 186 秒，约 3 分钟
2024-04-24 00:21:21 下次操作: 2024-04-24 00:24:27

2024-04-24 00:24:27 开始第 5134 次操作

2024-04-24 00:24:27 开始操作号码 【1635052】
2024-04-24 00:24:34 GSD getOne 第 1 次 等待 3 秒
2024-04-24 00:24:37 查询号码 【1635052】，返回信息 {"status":"ok","msg":"-","gid":"625940","time_insert":"2023-03-31 14:29"}
2024-04-24 00:24:37 查询号码 【1635052】，GSD为【"-"】
2024-04-24 00:24:37 ok && -
2024-04-24 00:24:39 CHB 1635052?1713889477 第 1 次 等待 3 秒
2024-04-24 00:24:42 CHB 1635052?1713889477 第 1 次 获取到号码【1635052】GSD
2024-04-24 00:24:42 未获取到号码【1635052】GSD，可能号码格式错误
2024-04-24 00:24:42 获取到号码【1635052】的GSD为【-】
2024-04-24 00:24:48 GSD insert 第 1 次 等待 3 秒
2024-04-24 00:24:51 {"status":"bad","gid":"625940","msg":"添加失败！号码【1635052(-|-)】已存在！"}
2024-04-24 00:24:51 随机等待 214 秒，约 3 分钟
2024-04-24 00:24:51 下次操作: 2024-04-24 00:28:25

2024-04-24 00:28:25 开始第 5135 次操作

2024-04-24 00:28:25 开始操作号码 【1635053】
2024-04-24 00:28:33 GSD getOne 第 1 次 等待 3 秒
2024-04-24 00:28:36 查询号码 【1635053】，返回信息 {"status":"ok","msg":"-","gid":"625969","time_insert":"2023-03-31 14:46"}
2024-04-24 00:28:36 查询号码 【1635053】，GSD为【"-"】
2024-04-24 00:28:36 ok && -
2024-04-24 00:28:39 CHB 1635053?1713889716 第 1 次 等待 3 秒
2024-04-24 00:28:42 CHB 1635053?1713889716 第 1 次 获取到号码【1635053】GSD
2024-04-24 00:28:42 未获取到号码【1635053】GSD，可能号码格式错误
2024-04-24 00:28:42 获取到号码【1635053】的GSD为【-】
2024-04-24 00:28:46 GSD insert 第 1 次 等待 3 秒
2024-04-24 00:28:49 {"status":"bad","gid":"625969","msg":"添加失败！号码【1635053(-|-)】已存在！"}
2024-04-24 00:28:49 随机等待 195 秒，约 3 分钟
2024-04-24 00:28:49 下次操作: 2024-04-24 00:32:04

2024-04-24 00:32:04 开始第 5136 次操作

2024-04-24 00:32:04 开始操作号码 【1635054】
2024-04-24 00:32:10 GSD getOne 第 1 次 等待 3 秒
2024-04-24 00:32:13 查询号码 【1635054】，返回信息 {"status":"ok","msg":"-","gid":"625988","time_insert":"2023-03-31 14:56"}
2024-04-24 00:32:13 查询号码 【1635054】，GSD为【"-"】
2024-04-24 00:32:13 ok && -
2024-04-24 00:32:16 CHB 1635054?1713889933 第 1 次 等待 3 秒
2024-04-24 00:32:19 CHB 1635054?1713889933 第 1 次 获取到号码【1635054】GSD
2024-04-24 00:32:19 未获取到号码【1635054】GSD，可能号码格式错误
2024-04-24 00:32:19 获取到号码【1635054】的GSD为【-】
2024-04-24 00:32:26 GSD insert 第 1 次 等待 3 秒
2024-04-24 00:32:29 {"status":"bad","gid":"625988","msg":"添加失败！号码【1635054(-|-)】已存在！"}

