2023-12-15 00:18:50 开始第 3189 次操作

2023-12-15 00:18:50 开始操作号码 【1853108】
2023-12-15 00:18:54 GSD getOne 第 1 次 等待 3 秒
2023-12-15 00:18:57 查询号码 【1853108】，返回信息 {"status":"ok","msg":"河北-邯郸","gid":"477996","time_insert":"2021-08-02 10:52"}
2023-12-15 00:18:57 查询号码 【1853108】，GSD为【"河北-邯郸"】

2023-12-15 00:18:58 开始第 3190 次操作

2023-12-15 00:18:58 开始操作号码 【1853109】
2023-12-15 00:19:05 GSD getOne 第 1 次 等待 3 秒
2023-12-15 00:19:08 查询号码 【1853109】，返回信息 {"status":"ok","msg":"河北-邯郸","gid":"477982","time_insert":"2021-08-02 10:51"}
2023-12-15 00:19:09 查询号码 【1853109】，GSD为【"河北-邯郸"】

2023-12-15 00:19:10 开始第 3191 次操作

2023-12-15 00:19:10 开始操作号码 【1853110】
2023-12-15 00:19:17 GSD getOne 第 1 次 等待 3 秒
2023-12-15 00:19:20 查询号码 【1853110】，返回信息 {"status":"ok","msg":"河北-石家庄","gid":"477970","time_insert":"2021-08-02 10:51"}
2023-12-15 00:19:20 查询号码 【1853110】，GSD为【"河北-石家庄"】

2023-12-15 00:19:21 开始第 3192 次操作

2023-12-15 00:19:21 开始操作号码 【1853111】
2023-12-15 00:19:25 GSD getOne 第 1 次 等待 3 秒
2023-12-15 00:19:28 查询号码 【1853111】，返回信息 {"status":"ok","msg":"河北-石家庄","gid":"477958","time_insert":"2021-08-02 10:50"}
2023-12-15 00:19:28 查询号码 【1853111】，GSD为【"河北-石家庄"】

