2021-07-24 00:00:28 开始第 24 次操作

2021-07-24 00:00:28 开始操作号码 【1385918】
2021-07-24 00:00:31 GSD getOne 第 1 次 等待 3 秒
2021-07-24 00:00:34 查询号码 【1385918】，返回信息 {"status":"bad","msg":""}
2021-07-24 00:00:34 查询号码 【1385918】，GSD为【""】
2021-07-24 00:00:34 bad
2021-07-24 00:00:35 CHB 1385918?1627056034 第 1 次 等待 3 秒
2021-07-24 00:00:38 CHB 1385918?1627056034 第 1 次 获取到号码【1385918】GSD
2021-07-24 00:00:38 获取到号码【1385918】的GSD为【福建-三明】
2021-07-24 00:00:41 GSD insert 第 1 次 等待 3 秒
2021-07-24 00:00:44 {"status":"ok","gid":371205,"msg":"添加成功！"}
2021-07-24 00:00:44 下次操作: 2021-07-24 00:00:58

2021-07-24 00:00:58 开始第 25 次操作

2021-07-24 00:00:58 开始操作号码 【1385917】
2021-07-24 00:01:00 GSD getOne 第 1 次 等待 3 秒
2021-07-24 00:01:03 查询号码 【1385917】，返回信息 {"status":"bad","msg":""}
2021-07-24 00:01:04 查询号码 【1385917】，GSD为【""】
2021-07-24 00:01:04 bad
2021-07-24 00:01:05 CHB 1385917?1627056064 第 1 次 等待 3 秒
2021-07-24 00:01:08 CHB 1385917?1627056064 第 1 次 获取到号码【1385917】GSD
2021-07-24 00:01:08 获取到号码【1385917】的GSD为【福建-三明】
2021-07-24 00:01:11 GSD insert 第 1 次 等待 3 秒
2021-07-24 00:01:14 {"status":"ok","gid":371214,"msg":"添加成功！"}
2021-07-24 00:01:14 下次操作: 2021-07-24 00:01:30

2021-07-24 00:01:30 开始第 26 次操作

2021-07-24 00:01:30 开始操作号码 【1385916】
2021-07-24 00:01:33 GSD getOne 第 1 次 等待 3 秒
2021-07-24 00:01:36 查询号码 【1385916】，返回信息 {"status":"bad","msg":""}
2021-07-24 00:01:36 查询号码 【1385916】，GSD为【""】
2021-07-24 00:01:36 bad
2021-07-24 00:01:37 CHB 1385916?1627056096 第 1 次 等待 3 秒
2021-07-24 00:01:40 CHB 1385916?1627056096 第 1 次 获取到号码【1385916】GSD
2021-07-24 00:01:40 获取到号码【1385916】的GSD为【福建-三明】
2021-07-24 00:01:43 GSD insert 第 1 次 等待 3 秒
2021-07-24 00:01:46 {"status":"ok","gid":371221,"msg":"添加成功！"}
2021-07-24 00:01:46 下次操作: 2021-07-24 00:02:09

2021-07-24 00:02:09 开始第 27 次操作

2021-07-24 00:02:09 开始操作号码 【1385915】
2021-07-24 00:02:12 GSD getOne 第 1 次 等待 3 秒
2021-07-24 00:02:15 查询号码 【1385915】，返回信息 {"status":"bad","msg":""}
2021-07-24 00:02:15 查询号码 【1385915】，GSD为【""】
2021-07-24 00:02:15 bad
2021-07-24 00:02:17 CHB 1385915?1627056135 第 1 次 等待 3 秒
2021-07-24 00:02:20 CHB 1385915?1627056135 第 1 次 获取到号码【1385915】GSD
2021-07-24 00:02:20 获取到号码【1385915】的GSD为【福建-三明】
2021-07-24 00:02:22 GSD insert 第 1 次 等待 3 秒
2021-07-24 00:02:25 {"status":"ok","gid":371228,"msg":"添加成功！"}
2021-07-24 00:02:25 下次操作: 2021-07-24 00:02:37

2021-07-24 00:02:37 开始第 28 次操作

2021-07-24 00:02:37 开始操作号码 【1385914】
2021-07-24 00:02:41 GSD getOne 第 1 次 等待 3 秒
2021-07-24 00:02:44 查询号码 【1385914】，返回信息 {"status":"bad","msg":""}
2021-07-24 00:02:44 查询号码 【1385914】，GSD为【""】
2021-07-24 00:02:44 bad
2021-07-24 00:02:45 CHB 1385914?1627056164 第 1 次 等待 3 秒
2021-07-24 00:02:48 CHB 1385914?1627056164 第 1 次 获取到号码【1385914】GSD
2021-07-24 00:02:48 获取到号码【1385914】的GSD为【福建-三明】
2021-07-24 00:02:51 GSD insert 第 1 次 等待 3 秒
2021-07-24 00:02:54 {"status":"ok","gid":371237,"msg":"添加成功！"}
2021-07-24 00:02:54 下次操作: 2021-07-24 00:03:09

2021-07-24 00:03:09 开始第 29 次操作

2021-07-24 00:03:09 开始操作号码 【1385913】
2021-07-24 00:03:13 GSD getOne 第 1 次 等待 3 秒
2021-07-24 00:03:16 查询号码 【1385913】，返回信息 {"status":"bad","msg":""}
2021-07-24 00:03:16 查询号码 【1385913】，GSD为【""】
2021-07-24 00:03:16 bad
2021-07-24 00:03:18 CHB 1385913?1627056196 第 1 次 等待 3 秒
2021-07-24 00:03:21 CHB 1385913?1627056196 第 1 次 获取到号码【1385913】GSD
2021-07-24 00:03:21 获取到号码【1385913】的GSD为【福建-三明】
2021-07-24 00:03:24 GSD insert 第 1 次 等待 3 秒
2021-07-24 00:03:27 {"status":"ok","gid":371245,"msg":"添加成功！"}
2021-07-24 00:03:27 下次操作: 2021-07-24 00:03:50

2021-07-24 00:03:50 开始第 30 次操作

2021-07-24 00:03:50 开始操作号码 【1385912】
2021-07-24 00:03:56 GSD getOne 第 1 次 等待 3 秒
2021-07-24 00:03:59 查询号码 【1385912】，返回信息 {"status":"ok","msg":"福建-三明","gid":"11421","time_insert":"2019-01-04 12:26","time_update":"2020-09-05 20:10"}
2021-07-24 00:04:00 查询号码 【1385912】，GSD为【"福建-三明"】

2021-07-24 00:04:00 开始第 30 次操作

2021-07-24 00:04:00 开始操作号码 【1385911】
2021-07-24 00:04:04 GSD getOne 第 1 次 等待 3 秒
2021-07-24 00:04:07 查询号码 【1385911】，返回信息 {"status":"bad","msg":""}
2021-07-24 00:04:07 查询号码 【1385911】，GSD为【""】
2021-07-24 00:04:07 bad
2021-07-24 00:04:08 CHB 1385911?1627056247 第 1 次 等待 3 秒
2021-07-24 00:04:11 CHB 1385911?1627056247 第 1 次 获取到号码【1385911】GSD
2021-07-24 00:04:12 获取到号码【1385911】的GSD为【福建-三明】
2021-07-24 00:04:15 GSD insert 第 1 次 等待 3 秒
2021-07-24 00:04:18 {"status":"ok","gid":371255,"msg":"添加成功！"}
2021-07-24 00:04:18 下次操作: 2021-07-24 00:04:40

2021-07-24 00:04:40 开始第 31 次操作

2021-07-24 00:04:40 开始操作号码 【1385910】
2021-07-24 00:04:51 GSD getOne 第 1 次 等待 3 秒
2021-07-24 00:04:54 查询号码 【1385910】，返回信息 {"status":"ok","msg":"福建-三明","gid":"11420","time_insert":"2018-04-18 11:19","time_update":"2020-09-05 22:29"}
2021-07-24 00:04:54 查询号码 【1385910】，GSD为【"福建-三明"】

2021-07-24 00:04:54 开始第 31 次操作

2021-07-24 00:04:54 开始操作号码 【1385909】
2021-07-24 00:05:01 GSD getOne 第 1 次 等待 3 秒
2021-07-24 00:05:04 查询号码 【1385909】，返回信息 {"status":"bad","msg":""}
2021-07-24 00:05:04 查询号码 【1385909】，GSD为【""】
2021-07-24 00:05:04 bad
2021-07-24 00:05:05 CHB 1385909?1627056304 第 1 次 等待 3 秒
2021-07-24 00:05:08 CHB 1385909?1627056304 第 1 次 获取到号码【1385909】GSD
2021-07-24 00:05:08 获取到号码【1385909】的GSD为【福建-福州】
2021-07-24 00:05:11 GSD insert 第 1 次 等待 3 秒
2021-07-24 00:05:14 {"status":"ok","gid":371269,"msg":"添加成功！"}
2021-07-24 00:05:14 下次操作: 2021-07-24 00:05:31

2021-07-24 00:05:31 开始第 32 次操作

2021-07-24 00:05:31 开始操作号码 【1385908】
2021-07-24 00:05:34 GSD getOne 第 1 次 等待 3 秒
2021-07-24 00:05:37 查询号码 【1385908】，返回信息 {"status":"bad","msg":""}
2021-07-24 00:05:37 查询号码 【1385908】，GSD为【""】
2021-07-24 00:05:37 bad
2021-07-24 00:05:38 CHB 1385908?1627056337 第 1 次 等待 3 秒
2021-07-24 00:05:41 CHB 1385908?1627056337 第 1 次 获取到号码【1385908】GSD
2021-07-24 00:05:41 获取到号码【1385908】的GSD为【福建-福州】
2021-07-24 00:05:45 GSD insert 第 1 次 等待 3 秒
2021-07-24 00:05:48 {"status":"ok","gid":371280,"msg":"添加成功！"}
2021-07-24 00:05:48 下次操作: 2021-07-24 00:06:11

2021-07-24 00:06:11 开始第 33 次操作

2021-07-24 00:06:11 开始操作号码 【1385907】
2021-07-24 00:06:14 GSD getOne 第 1 次 等待 3 秒
2021-07-24 00:06:17 查询号码 【1385907】，返回信息 {"status":"bad","msg":""}
2021-07-24 00:06:17 查询号码 【1385907】，GSD为【""】
2021-07-24 00:06:17 bad
2021-07-24 00:06:18 CHB 1385907?1627056377 第 1 次 等待 3 秒
2021-07-24 00:06:21 CHB 1385907?1627056377 第 1 次 获取到号码【1385907】GSD
2021-07-24 00:06:22 获取到号码【1385907】的GSD为【福建-福州】
2021-07-24 00:06:25 GSD insert 第 1 次 等待 3 秒
2021-07-24 00:06:28 {"status":"ok","gid":371291,"msg":"添加成功！"}
2021-07-24 00:06:28 下次操作: 2021-07-24 00:06:46

2021-07-24 00:06:46 开始第 34 次操作

2021-07-24 00:06:46 开始操作号码 【1385906】
2021-07-24 00:06:50 GSD getOne 第 1 次 等待 3 秒
2021-07-24 00:06:53 查询号码 【1385906】，返回信息 {"status":"ok","msg":"福建-福州","gid":"56306","time_insert":"2021-04-30 12:58"}
2021-07-24 00:06:53 查询号码 【1385906】，GSD为【"福建-福州"】

2021-07-24 00:06:53 开始第 34 次操作

2021-07-24 00:06:53 开始操作号码 【1385905】
2021-07-24 00:07:07 GSD getOne 第 1 次 等待 3 秒
2021-07-24 00:07:10 查询号码 【1385905】，返回信息 {"status":"bad","msg":""}
2021-07-24 00:07:10 查询号码 【1385905】，GSD为【""】
2021-07-24 00:07:10 bad
2021-07-24 00:07:11 CHB 1385905?1627056430 第 1 次 等待 3 秒
2021-07-24 00:07:14 CHB 1385905?1627056430 第 1 次 获取到号码【1385905】GSD
2021-07-24 00:07:14 获取到号码【1385905】的GSD为【福建-福州】
2021-07-24 00:07:17 GSD insert 第 1 次 等待 3 秒
2021-07-24 00:07:20 {"status":"ok","gid":371300,"msg":"添加成功！"}
2021-07-24 00:07:20 下次操作: 2021-07-24 00:07:43

2021-07-24 00:07:43 开始第 35 次操作

2021-07-24 00:07:43 开始操作号码 【1385904】
2021-07-24 00:07:46 GSD getOne 第 1 次 等待 3 秒
2021-07-24 00:07:49 查询号码 【1385904】，返回信息 {"status":"bad","msg":""}
2021-07-24 00:07:49 查询号码 【1385904】，GSD为【""】
2021-07-24 00:07:49 bad
2021-07-24 00:07:50 CHB 1385904?1627056469 第 1 次 等待 3 秒
2021-07-24 00:07:53 CHB 1385904?1627056469 第 1 次 获取到号码【1385904】GSD
2021-07-24 00:07:53 获取到号码【1385904】的GSD为【福建-福州】
2021-07-24 00:07:58 GSD insert 第 1 次 等待 3 秒
2021-07-24 00:08:01 {"status":"ok","gid":371310,"msg":"添加成功！"}
2021-07-24 00:08:01 下次操作: 2021-07-24 00:08:20

2021-07-24 00:08:20 开始第 36 次操作

2021-07-24 00:08:20 开始操作号码 【1385903】
2021-07-24 00:08:25 GSD getOne 第 1 次 等待 3 秒
2021-07-24 00:08:28 查询号码 【1385903】，返回信息 {"status":"bad","msg":""}
2021-07-24 00:08:28 查询号码 【1385903】，GSD为【""】
2021-07-24 00:08:28 bad
2021-07-24 00:08:29 CHB 1385903?1627056508 第 1 次 等待 3 秒
2021-07-24 00:08:32 CHB 1385903?1627056508 第 1 次 获取到号码【1385903】GSD
2021-07-24 00:08:32 获取到号码【1385903】的GSD为【福建-福州】
2021-07-24 00:08:40 GSD insert 第 1 次 等待 3 秒
2021-07-24 00:08:43 {"status":"ok","gid":371319,"msg":"添加成功！"}
2021-07-24 00:08:43 下次操作: 2021-07-24 00:09:00

2021-07-24 00:09:00 开始第 37 次操作

2021-07-24 00:09:00 开始操作号码 【1385902】
2021-07-24 00:09:02 GSD getOne 第 1 次 等待 3 秒
2021-07-24 00:09:05 查询号码 【1385902】，返回信息 {"status":"bad","msg":""}
2021-07-24 00:09:06 查询号码 【1385902】，GSD为【""】
2021-07-24 00:09:06 bad
2021-07-24 00:09:07 CHB 1385902?1627056546 第 1 次 等待 3 秒
2021-07-24 00:09:10 CHB 1385902?1627056546 第 1 次 获取到号码【1385902】GSD
2021-07-24 00:09:10 获取到号码【1385902】的GSD为【福建-福州】
2021-07-24 00:09:15 GSD insert 第 1 次 等待 3 秒
2021-07-24 00:09:18 {"status":"ok","gid":371323,"msg":"添加成功！"}
2021-07-24 00:09:18 下次操作: 2021-07-24 00:09:36

2021-07-24 00:09:36 开始第 38 次操作

2021-07-24 00:09:36 开始操作号码 【1385901】
2021-07-24 00:09:38 GSD getOne 第 1 次 等待 3 秒
2021-07-24 00:09:41 查询号码 【1385901】，返回信息 {"status":"bad","msg":""}
2021-07-24 00:09:41 查询号码 【1385901】，GSD为【""】
2021-07-24 00:09:41 bad
2021-07-24 00:09:43 CHB 1385901?1627056581 第 1 次 等待 3 秒
2021-07-24 00:09:46 CHB 1385901?1627056581 第 1 次 获取到号码【1385901】GSD
2021-07-24 00:09:46 获取到号码【1385901】的GSD为【福建-福州】
2021-07-24 00:09:49 GSD insert 第 1 次 等待 3 秒
2021-07-24 00:09:52 {"status":"ok","gid":371330,"msg":"添加成功！"}
2021-07-24 00:09:52 下次操作: 2021-07-24 00:10:11

2021-07-24 00:10:11 开始第 39 次操作

2021-07-24 00:10:11 开始操作号码 【1385900】
2021-07-24 00:10:15 GSD getOne 第 1 次 等待 3 秒
2021-07-24 00:10:18 查询号码 【1385900】，返回信息 {"status":"bad","msg":""}
2021-07-24 00:10:18 查询号码 【1385900】，GSD为【""】
2021-07-24 00:10:18 bad
2021-07-24 00:10:19 CHB 1385900?1627056618 第 1 次 等待 3 秒
2021-07-24 00:10:22 CHB 1385900?1627056618 第 1 次 获取到号码【1385900】GSD
2021-07-24 00:10:22 获取到号码【1385900】的GSD为【福建-福州】
2021-07-24 00:10:27 GSD insert 第 1 次 等待 3 秒
2021-07-24 00:10:30 {"status":"ok","gid":371339,"msg":"添加成功！"}
2021-07-24 00:10:30 下次操作: 2021-07-24 00:10:47

2021-07-24 00:10:47 开始第 40 次操作

2021-07-24 00:10:47 开始操作号码 【1385899】
2021-07-24 00:10:52 GSD getOne 第 1 次 等待 3 秒
2021-07-24 00:10:55 查询号码 【1385899】，返回信息 {"status":"bad","msg":""}
2021-07-24 00:10:56 查询号码 【1385899】，GSD为【""】
2021-07-24 00:10:56 bad
2021-07-24 00:11:00 CHB 1385899?1627056656 第 1 次 等待 3 秒
2021-07-24 00:11:03 CHB 1385899?1627056656 第 1 次 获取到号码【1385899】GSD
2021-07-24 00:11:03 获取到号码【1385899】的GSD为【浙江-金华】
2021-07-24 00:11:06 GSD insert 第 1 次 等待 3 秒
2021-07-24 00:11:09 {"status":"ok","gid":371347,"msg":"添加成功！"}

2021-07-24 01:34:11 开始第 1 次操作

2021-07-24 01:34:11 开始操作号码 【1819999】
2021-07-24 01:34:14 GSD getOne 第 1 次 等待 3 秒
2021-07-24 01:34:17 查询号码 【1819999】，返回信息 {"status":"bad","msg":""}
2021-07-24 01:34:17 查询号码 【1819999】，GSD为【""】
2021-07-24 01:34:17 bad
2021-07-24 01:34:19 CHB 1819999?1627061657 第 1 次 等待 3 秒
2021-07-24 01:34:22 CHB 1819999?1627061657 第 1 次 获取到号码【1819999】GSD
2021-07-24 01:34:22 获取到号码【1819999】的GSD为【新疆-乌鲁木齐】
2021-07-24 01:34:25 GSD insert 第 1 次 等待 3 秒
2021-07-24 01:34:28 {"status":"ok","gid":371854,"msg":"添加成功！"}
2021-07-24 01:34:28 下次操作: 2021-07-24 01:34:43

2021-07-24 01:34:43 开始第 2 次操作

2021-07-24 01:34:43 开始操作号码 【1819998】
2021-07-24 01:34:46 GSD getOne 第 1 次 等待 3 秒
2021-07-24 01:34:49 查询号码 【1819998】，返回信息 {"status":"bad","msg":""}
2021-07-24 01:34:49 查询号码 【1819998】，GSD为【""】
2021-07-24 01:34:49 bad
2021-07-24 01:34:51 CHB 1819998?1627061689 第 1 次 等待 3 秒
2021-07-24 01:34:54 CHB 1819998?1627061689 第 1 次 获取到号码【1819998】GSD
2021-07-24 01:34:54 获取到号码【1819998】的GSD为【新疆-乌鲁木齐】
2021-07-24 01:34:57 GSD insert 第 1 次 等待 3 秒
2021-07-24 01:35:00 {"status":"ok","gid":371860,"msg":"添加成功！"}
2021-07-24 01:35:00 下次操作: 2021-07-24 01:35:23

2021-07-24 01:35:23 开始第 3 次操作

2021-07-24 01:35:23 开始操作号码 【1819997】
2021-07-24 01:35:26 GSD getOne 第 1 次 等待 3 秒
2021-07-24 01:35:29 查询号码 【1819997】，返回信息 {"status":"bad","msg":""}
2021-07-24 01:35:29 查询号码 【1819997】，GSD为【""】
2021-07-24 01:35:29 bad
2021-07-24 01:35:31 CHB 1819997?1627061729 第 1 次 等待 3 秒
2021-07-24 01:35:34 CHB 1819997?1627061729 第 1 次 获取到号码【1819997】GSD
2021-07-24 01:35:34 获取到号码【1819997】的GSD为【新疆-阿克苏】
2021-07-24 01:35:38 GSD insert 第 1 次 等待 3 秒
2021-07-24 01:35:41 {"status":"ok","gid":371866,"msg":"添加成功！"}
2021-07-24 01:35:41 下次操作: 2021-07-24 01:36:03

2021-07-24 01:36:03 开始第 4 次操作

2021-07-24 01:36:03 开始操作号码 【1819996】
2021-07-24 01:36:08 GSD getOne 第 1 次 等待 3 秒
2021-07-24 01:36:11 查询号码 【1819996】，返回信息 {"status":"bad","msg":""}
2021-07-24 01:36:11 查询号码 【1819996】，GSD为【""】
2021-07-24 01:36:11 bad
2021-07-24 01:36:13 CHB 1819996?1627061771 第 1 次 等待 3 秒
2021-07-24 01:36:16 CHB 1819996?1627061771 第 1 次 获取到号码【1819996】GSD
2021-07-24 01:36:16 获取到号码【1819996】的GSD为【新疆-巴音郭楞】
2021-07-24 01:36:19 GSD insert 第 1 次 等待 3 秒
2021-07-24 01:36:22 {"status":"ok","gid":371872,"msg":"添加成功！"}
2021-07-24 01:36:22 下次操作: 2021-07-24 01:36:35

2021-07-24 01:36:35 开始第 5 次操作

2021-07-24 01:36:35 开始操作号码 【1819995】
2021-07-24 01:36:38 GSD getOne 第 1 次 等待 3 秒
2021-07-24 01:36:41 查询号码 【1819995】，返回信息 {"status":"bad","msg":""}
2021-07-24 01:36:41 查询号码 【1819995】，GSD为【""】
2021-07-24 01:36:41 bad
2021-07-24 01:36:43 CHB 1819995?1627061801 第 1 次 等待 3 秒
2021-07-24 01:36:46 CHB 1819995?1627061801 第 1 次 获取到号码【1819995】GSD
2021-07-24 01:36:46 获取到号码【1819995】的GSD为【新疆-昌吉】
2021-07-24 01:36:48 GSD insert 第 1 次 等待 3 秒
2021-07-24 01:36:51 {"status":"ok","gid":371876,"msg":"添加成功！"}
2021-07-24 01:36:51 下次操作: 2021-07-24 01:37:03

2021-07-24 01:37:03 开始第 6 次操作

2021-07-24 01:37:03 开始操作号码 【1819994】
2021-07-24 01:37:11 GSD getOne 第 1 次 等待 3 秒
2021-07-24 01:37:14 查询号码 【1819994】，返回信息 {"status":"bad","msg":""}
2021-07-24 01:37:14 查询号码 【1819994】，GSD为【""】
2021-07-24 01:37:14 bad
2021-07-24 01:37:15 CHB 1819994?1627061834 第 1 次 等待 3 秒
2021-07-24 01:37:18 CHB 1819994?1627061834 第 1 次 获取到号码【1819994】GSD
2021-07-24 01:37:19 获取到号码【1819994】的GSD为【新疆-昌吉】
2021-07-24 01:37:21 GSD insert 第 1 次 等待 3 秒
2021-07-24 01:37:24 {"status":"ok","gid":371881,"msg":"添加成功！"}
2021-07-24 01:37:24 下次操作: 2021-07-24 01:37:47

2021-07-24 01:37:47 开始第 7 次操作

2021-07-24 01:37:47 开始操作号码 【1819993】
2021-07-24 01:37:51 GSD getOne 第 1 次 等待 3 秒
2021-07-24 01:37:54 查询号码 【1819993】，返回信息 {"status":"bad","msg":""}
2021-07-24 01:37:54 查询号码 【1819993】，GSD为【""】
2021-07-24 01:37:54 bad
2021-07-24 01:37:55 CHB 1819993?1627061874 第 1 次 等待 3 秒
2021-07-24 01:37:58 CHB 1819993?1627061874 第 1 次 获取到号码【1819993】GSD
2021-07-24 01:37:58 获取到号码【1819993】的GSD为【新疆-石河子】
2021-07-24 01:38:01 GSD insert 第 1 次 等待 3 秒
2021-07-24 01:38:04 {"status":"ok","gid":371887,"msg":"添加成功！"}
2021-07-24 01:38:04 下次操作: 2021-07-24 01:38:25

2021-07-24 01:38:25 开始第 8 次操作

2021-07-24 01:38:25 开始操作号码 【1819992】
2021-07-24 01:38:31 GSD getOne 第 1 次 等待 3 秒
2021-07-24 01:38:34 查询号码 【1819992】，返回信息 {"status":"bad","msg":""}
2021-07-24 01:38:34 查询号码 【1819992】，GSD为【""】
2021-07-24 01:38:34 bad
2021-07-24 01:38:35 CHB 1819992?1627061914 第 1 次 等待 3 秒
2021-07-24 01:38:38 CHB 1819992?1627061914 第 1 次 获取到号码【1819992】GSD
2021-07-24 01:38:38 获取到号码【1819992】的GSD为【新疆-乌鲁木齐】
2021-07-24 01:38:41 GSD insert 第 1 次 等待 3 秒
2021-07-24 01:38:44 {"status":"ok","gid":371895,"msg":"添加成功！"}
2021-07-24 01:38:44 下次操作: 2021-07-24 01:39:01

2021-07-24 01:39:01 开始第 9 次操作

2021-07-24 01:39:01 开始操作号码 【1819991】
2021-07-24 01:39:06 GSD getOne 第 1 次 等待 3 秒
2021-07-24 01:39:09 查询号码 【1819991】，返回信息 {"status":"bad","msg":""}
2021-07-24 01:39:09 查询号码 【1819991】，GSD为【""】
2021-07-24 01:39:09 bad
2021-07-24 01:39:10 CHB 1819991?1627061949 第 1 次 等待 3 秒
2021-07-24 01:39:13 CHB 1819991?1627061949 第 1 次 获取到号码【1819991】GSD
2021-07-24 01:39:13 获取到号码【1819991】的GSD为【新疆-乌鲁木齐】
2021-07-24 01:39:16 GSD insert 第 1 次 等待 3 秒
2021-07-24 01:39:19 {"status":"ok","gid":371900,"msg":"添加成功！"}
2021-07-24 01:39:19 下次操作: 2021-07-24 01:39:33

2021-07-24 01:39:33 开始第 10 次操作

2021-07-24 01:39:33 开始操作号码 【1819990】
2021-07-24 01:39:36 GSD getOne 第 1 次 等待 3 秒
2021-07-24 01:39:39 查询号码 【1819990】，返回信息 {"status":"bad","msg":""}
2021-07-24 01:39:39 查询号码 【1819990】，GSD为【""】
2021-07-24 01:39:39 bad
2021-07-24 01:39:40 CHB 1819990?1627061979 第 1 次 等待 3 秒
2021-07-24 01:39:43 CHB 1819990?1627061979 第 1 次 获取到号码【1819990】GSD
2021-07-24 01:39:43 获取到号码【1819990】的GSD为【新疆-乌鲁木齐】
2021-07-24 01:39:46 GSD insert 第 1 次 等待 3 秒
2021-07-24 01:39:49 {"status":"ok","gid":371904,"msg":"添加成功！"}
2021-07-24 01:39:49 下次操作: 2021-07-24 01:40:04

2021-07-24 01:40:04 开始第 11 次操作

2021-07-24 01:40:04 开始操作号码 【1819989】
2021-07-24 01:40:07 GSD getOne 第 1 次 等待 3 秒
2021-07-24 01:40:10 查询号码 【1819989】，返回信息 {"status":"bad","msg":""}
2021-07-24 01:40:10 查询号码 【1819989】，GSD为【""】
2021-07-24 01:40:10 bad
2021-07-24 01:40:12 CHB 1819989?1627062010 第 1 次 等待 3 秒
2021-07-24 01:40:15 CHB 1819989?1627062010 第 1 次 获取到号码【1819989】GSD
2021-07-24 01:40:15 获取到号码【1819989】的GSD为【新疆-乌鲁木齐】
2021-07-24 01:40:18 GSD insert 第 1 次 等待 3 秒
2021-07-24 01:40:21 {"status":"ok","gid":371910,"msg":"添加成功！"}
2021-07-24 01:40:21 下次操作: 2021-07-24 01:40:37

2021-07-24 01:40:37 开始第 12 次操作

2021-07-24 01:40:37 开始操作号码 【1819988】
2021-07-24 01:40:39 GSD getOne 第 1 次 等待 3 秒
2021-07-24 01:40:42 查询号码 【1819988】，返回信息 {"status":"bad","msg":""}
2021-07-24 01:40:42 查询号码 【1819988】，GSD为【""】
2021-07-24 01:40:42 bad
2021-07-24 01:40:44 CHB 1819988?1627062042 第 1 次 等待 3 秒
2021-07-24 01:40:47 CHB 1819988?1627062042 第 1 次 获取到号码【1819988】GSD
2021-07-24 01:40:47 获取到号码【1819988】的GSD为【新疆-乌鲁木齐】
2021-07-24 01:40:49 GSD insert 第 1 次 等待 3 秒
2021-07-24 01:40:52 {"status":"ok","gid":371915,"msg":"添加成功！"}
2021-07-24 01:40:52 下次操作: 2021-07-24 01:41:12

2021-07-24 01:41:12 开始第 13 次操作

2021-07-24 01:41:12 开始操作号码 【1819987】
2021-07-24 01:41:15 GSD getOne 第 1 次 等待 3 秒
2021-07-24 01:41:18 查询号码 【1819987】，返回信息 {"status":"bad","msg":""}
2021-07-24 01:41:18 查询号码 【1819987】，GSD为【""】
2021-07-24 01:41:18 bad
2021-07-24 01:41:20 CHB 1819987?1627062078 第 1 次 等待 3 秒
2021-07-24 01:41:23 CHB 1819987?1627062078 第 1 次 获取到号码【1819987】GSD
2021-07-24 01:41:23 获取到号码【1819987】的GSD为【新疆-乌鲁木齐】
2021-07-24 01:41:26 GSD insert 第 1 次 等待 3 秒
2021-07-24 01:41:29 {"status":"ok","gid":371921,"msg":"添加成功！"}
2021-07-24 01:41:29 下次操作: 2021-07-24 01:41:45

2021-07-24 01:41:45 开始第 14 次操作

2021-07-24 01:41:46 开始操作号码 【1819986】
2021-07-24 01:41:49 GSD getOne 第 1 次 等待 3 秒
2021-07-24 01:41:52 查询号码 【1819986】，返回信息 {"status":"bad","msg":""}
2021-07-24 01:41:53 查询号码 【1819986】，GSD为【""】
2021-07-24 01:41:53 bad
2021-07-24 01:41:54 CHB 1819986?1627062113 第 1 次 等待 3 秒
2021-07-24 01:41:57 CHB 1819986?1627062113 第 1 次 获取到号码【1819986】GSD
2021-07-24 01:41:57 获取到号码【1819986】的GSD为【新疆-乌鲁木齐】
2021-07-24 01:42:00 GSD insert 第 1 次 等待 3 秒
2021-07-24 01:42:03 {"status":"ok","gid":371925,"msg":"添加成功！"}
2021-07-24 01:42:03 下次操作: 2021-07-24 01:42:17

2021-07-24 01:42:17 开始第 15 次操作

2021-07-24 01:42:17 开始操作号码 【1819985】
2021-07-24 01:42:21 GSD getOne 第 1 次 等待 3 秒
2021-07-24 01:42:24 查询号码 【1819985】，返回信息 {"status":"bad","msg":""}
2021-07-24 01:42:24 查询号码 【1819985】，GSD为【""】
2021-07-24 01:42:24 bad
2021-07-24 01:42:26 CHB 1819985?1627062144 第 1 次 等待 3 秒
2021-07-24 01:42:29 CHB 1819985?1627062144 第 1 次 获取到号码【1819985】GSD
2021-07-24 01:42:29 获取到号码【1819985】的GSD为【新疆-乌鲁木齐】
2021-07-24 01:42:40 GSD insert 第 1 次 等待 3 秒
2021-07-24 01:42:43 {"status":"ok","gid":371935,"msg":"添加成功！"}
2021-07-24 01:42:43 下次操作: 2021-07-24 01:42:57

2021-07-24 01:42:57 开始第 16 次操作

2021-07-24 01:42:57 开始操作号码 【1819984】
2021-07-24 01:43:03 GSD getOne 第 1 次 等待 3 秒
2021-07-24 01:43:06 查询号码 【1819984】，返回信息 {"status":"bad","msg":""}
2021-07-24 01:43:06 查询号码 【1819984】，GSD为【""】
2021-07-24 01:43:06 bad
2021-07-24 01:43:07 CHB 1819984?1627062186 第 1 次 等待 3 秒
2021-07-24 01:43:10 CHB 1819984?1627062186 第 1 次 获取到号码【1819984】GSD
2021-07-24 01:43:10 获取到号码【1819984】的GSD为【新疆-乌鲁木齐】
2021-07-24 01:43:13 GSD insert 第 1 次 等待 3 秒
2021-07-24 01:43:16 {"status":"ok","gid":371941,"msg":"添加成功！"}
2021-07-24 01:43:16 下次操作: 2021-07-24 01:43:29

2021-07-24 01:43:29 开始第 17 次操作

2021-07-24 01:43:29 开始操作号码 【1819983】
2021-07-24 01:43:35 GSD getOne 第 1 次 等待 3 秒
2021-07-24 01:43:38 查询号码 【1819983】，返回信息 {"status":"bad","msg":""}
2021-07-24 01:43:38 查询号码 【1819983】，GSD为【""】
2021-07-24 01:43:38 bad
2021-07-24 01:43:40 CHB 1819983?1627062218 第 1 次 等待 3 秒
2021-07-24 01:43:43 CHB 1819983?1627062218 第 1 次 获取到号码【1819983】GSD
2021-07-24 01:43:43 获取到号码【1819983】的GSD为【新疆-乌鲁木齐】
2021-07-24 01:43:46 GSD insert 第 1 次 等待 3 秒
2021-07-24 01:43:49 {"status":"ok","gid":371946,"msg":"添加成功！"}
2021-07-24 01:43:49 下次操作: 2021-07-24 01:44:11

2021-07-24 01:44:11 开始第 18 次操作

2021-07-24 01:44:11 开始操作号码 【1819982】
2021-07-24 01:44:16 GSD getOne 第 1 次 等待 3 秒
2021-07-24 01:44:19 查询号码 【1819982】，返回信息 {"status":"bad","msg":""}
2021-07-24 01:44:19 查询号码 【1819982】，GSD为【""】
2021-07-24 01:44:19 bad
2021-07-24 01:44:20 CHB 1819982?1627062259 第 1 次 等待 3 秒
2021-07-24 01:44:23 CHB 1819982?1627062259 第 1 次 获取到号码【1819982】GSD
2021-07-24 01:44:23 获取到号码【1819982】的GSD为【新疆-乌鲁木齐】
2021-07-24 01:44:26 GSD insert 第 1 次 等待 3 秒
2021-07-24 01:44:29 {"status":"ok","gid":371956,"msg":"添加成功！"}
2021-07-24 01:44:29 下次操作: 2021-07-24 01:44:49

2021-07-24 01:44:49 开始第 19 次操作

2021-07-24 01:44:49 开始操作号码 【1819981】
2021-07-24 01:44:55 GSD getOne 第 1 次 等待 3 秒
2021-07-24 01:44:58 查询号码 【1819981】，返回信息 {"status":"bad","msg":""}
2021-07-24 01:44:58 查询号码 【1819981】，GSD为【""】
2021-07-24 01:44:58 bad
2021-07-24 01:45:00 CHB 1819981?1627062298 第 1 次 等待 3 秒
2021-07-24 01:45:03 CHB 1819981?1627062298 第 1 次 获取到号码【1819981】GSD
2021-07-24 01:45:03 获取到号码【1819981】的GSD为【新疆-乌鲁木齐】
2021-07-24 01:45:09 GSD insert 第 1 次 等待 3 秒
2021-07-24 01:45:12 {"status":"ok","gid":371966,"msg":"添加成功！"}
2021-07-24 01:45:12 下次操作: 2021-07-24 01:45:24

2021-07-24 01:45:24 开始第 20 次操作

2021-07-24 01:45:24 开始操作号码 【1819980】
2021-07-24 01:45:27 GSD getOne 第 1 次 等待 3 秒
2021-07-24 01:45:30 查询号码 【1819980】，返回信息 {"status":"bad","msg":""}
2021-07-24 01:45:30 查询号码 【1819980】，GSD为【""】
2021-07-24 01:45:30 bad
2021-07-24 01:45:31 CHB 1819980?1627062330 第 1 次 等待 3 秒
2021-07-24 01:45:34 CHB 1819980?1627062330 第 1 次 获取到号码【1819980】GSD
2021-07-24 01:45:34 获取到号码【1819980】的GSD为【新疆-乌鲁木齐】
2021-07-24 01:45:37 GSD insert 第 1 次 等待 3 秒
2021-07-24 01:45:40 {"status":"ok","gid":371974,"msg":"添加成功！"}
2021-07-24 01:45:40 下次操作: 2021-07-24 01:45:57

2021-07-24 01:45:57 开始第 21 次操作

2021-07-24 01:45:57 开始操作号码 【1819979】
2021-07-24 01:46:00 GSD getOne 第 1 次 等待 3 秒
2021-07-24 01:46:03 查询号码 【1819979】，返回信息 {"status":"bad","msg":""}
2021-07-24 01:46:03 查询号码 【1819979】，GSD为【""】
2021-07-24 01:46:03 bad
2021-07-24 01:46:04 CHB 1819979?1627062363 第 1 次 等待 3 秒
2021-07-24 01:46:07 CHB 1819979?1627062363 第 1 次 获取到号码【1819979】GSD
2021-07-24 01:46:07 获取到号码【1819979】的GSD为【新疆-哈密】
2021-07-24 01:46:10 GSD insert 第 1 次 等待 3 秒
2021-07-24 01:46:13 {"status":"ok","gid":371982,"msg":"添加成功！"}
2021-07-24 01:46:13 下次操作: 2021-07-24 01:46:30

2021-07-24 01:46:30 开始第 22 次操作

2021-07-24 01:46:30 开始操作号码 【1819978】
2021-07-24 01:46:39 GSD getOne 第 1 次 等待 3 秒
2021-07-24 01:46:42 查询号码 【1819978】，返回信息 {"status":"bad","msg":""}
2021-07-24 01:46:42 查询号码 【1819978】，GSD为【""】
2021-07-24 01:46:42 bad
2021-07-24 01:46:44 CHB 1819978?1627062402 第 1 次 等待 3 秒
2021-07-24 01:46:47 CHB 1819978?1627062402 第 1 次 获取到号码【1819978】GSD
2021-07-24 01:46:47 获取到号码【1819978】的GSD为【新疆-哈密】
2021-07-24 01:46:49 GSD insert 第 1 次 等待 3 秒
2021-07-24 01:46:52 {"status":"ok","gid":371994,"msg":"添加成功！"}
2021-07-24 01:46:52 下次操作: 2021-07-24 01:47:05

2021-07-24 01:47:05 开始第 23 次操作

2021-07-24 01:47:05 开始操作号码 【1819977】
2021-07-24 01:47:11 GSD getOne 第 1 次 等待 3 秒
2021-07-24 01:47:14 查询号码 【1819977】，返回信息 {"status":"bad","msg":""}
2021-07-24 01:47:14 查询号码 【1819977】，GSD为【""】
2021-07-24 01:47:14 bad
2021-07-24 01:47:15 CHB 1819977?1627062434 第 1 次 等待 3 秒
2021-07-24 01:47:18 CHB 1819977?1627062434 第 1 次 获取到号码【1819977】GSD
2021-07-24 01:47:18 未获取到号码【1819977】GSD，查号吧 400 错误
2021-07-24 01:47:18 获取到号码【1819977】的GSD为【-】
2021-07-24 01:47:22 GSD insert 第 1 次 等待 3 秒
2021-07-24 01:47:25 {"status":"ok","gid":372001,"msg":"添加成功！"}
2021-07-24 01:47:25 下次操作: 2021-07-24 01:47:45

2021-07-24 01:47:45 开始第 24 次操作

2021-07-24 01:47:45 开始操作号码 【1819976】
2021-07-24 01:47:48 GSD getOne 第 1 次 等待 3 秒
2021-07-24 01:47:51 查询号码 【1819976】，返回信息 {"status":"bad","msg":""}
2021-07-24 01:47:51 查询号码 【1819976】，GSD为【""】
2021-07-24 01:47:51 bad
2021-07-24 01:47:53 CHB 1819976?1627062471 第 1 次 等待 3 秒
2021-07-24 01:47:56 CHB 1819976?1627062471 第 1 次 获取到号码【1819976】GSD
2021-07-24 01:47:56 获取到号码【1819976】的GSD为【新疆-哈密】
2021-07-24 01:47:58 GSD insert 第 1 次 等待 3 秒
2021-07-24 01:48:01 {"status":"ok","gid":372012,"msg":"添加成功！"}
2021-07-24 01:48:01 下次操作: 2021-07-24 01:48:22

2021-07-24 01:48:22 开始第 25 次操作

2021-07-24 01:48:22 开始操作号码 【1819975】
2021-07-24 01:48:26 GSD getOne 第 1 次 等待 3 秒
2021-07-24 01:48:29 查询号码 【1819975】，返回信息 {"status":"bad","msg":""}
2021-07-24 01:48:29 查询号码 【1819975】，GSD为【""】
2021-07-24 01:48:29 bad
2021-07-24 01:48:30 CHB 1819975?1627062509 第 1 次 等待 3 秒
2021-07-24 01:48:33 CHB 1819975?1627062509 第 1 次 获取到号码【1819975】GSD
2021-07-24 01:48:33 获取到号码【1819975】的GSD为【新疆-哈密】
2021-07-24 01:48:36 GSD insert 第 1 次 等待 3 秒
2021-07-24 01:48:39 {"status":"ok","gid":372021,"msg":"添加成功！"}
2021-07-24 01:48:39 下次操作: 2021-07-24 01:48:54

2021-07-24 01:48:54 开始第 26 次操作

2021-07-24 01:48:54 开始操作号码 【1819974】
2021-07-24 01:48:59 GSD getOne 第 1 次 等待 3 秒
2021-07-24 01:49:02 查询号码 【1819974】，返回信息 {"status":"bad","msg":""}
2021-07-24 01:49:02 查询号码 【1819974】，GSD为【""】
2021-07-24 01:49:02 bad
2021-07-24 01:49:03 CHB 1819974?1627062542 第 1 次 等待 3 秒
2021-07-24 01:49:06 CHB 1819974?1627062542 第 1 次 获取到号码【1819974】GSD
2021-07-24 01:49:06 获取到号码【1819974】的GSD为【新疆-乌鲁木齐】
2021-07-24 01:49:09 GSD insert 第 1 次 等待 3 秒
2021-07-24 01:49:12 {"status":"ok","gid":372030,"msg":"添加成功！"}
2021-07-24 01:49:12 下次操作: 2021-07-24 01:49:26

2021-07-24 01:49:26 开始第 27 次操作

2021-07-24 01:49:26 开始操作号码 【1819973】
2021-07-24 01:49:29 GSD getOne 第 1 次 等待 3 秒
2021-07-24 01:49:32 查询号码 【1819973】，返回信息 {"status":"ok","msg":"新疆-乌鲁木齐","gid":"34556","time_insert":"2019-07-20 16:30","time_update":"2020-12-24 14:33"}
2021-07-24 01:49:32 查询号码 【1819973】，GSD为【"新疆-乌鲁木齐"】

2021-07-24 01:49:32 开始第 27 次操作

2021-07-24 01:49:32 开始操作号码 【1819972】
2021-07-24 01:49:39 GSD getOne 第 1 次 等待 3 秒
2021-07-24 01:49:42 查询号码 【1819972】，返回信息 {"status":"bad","msg":""}
2021-07-24 01:49:42 查询号码 【1819972】，GSD为【""】
2021-07-24 01:49:42 bad
2021-07-24 01:49:44 CHB 1819972?1627062582 第 1 次 等待 3 秒
2021-07-24 01:49:47 CHB 1819972?1627062582 第 1 次 获取到号码【1819972】GSD
2021-07-24 01:49:47 获取到号码【1819972】的GSD为【新疆-克孜勒苏】
2021-07-24 01:49:50 GSD insert 第 1 次 等待 3 秒
2021-07-24 01:49:53 {"status":"ok","gid":372043,"msg":"添加成功！"}
2021-07-24 01:49:53 下次操作: 2021-07-24 01:50:06

2021-07-24 01:50:06 开始第 28 次操作

2021-07-24 01:50:06 开始操作号码 【1819971】
2021-07-24 01:50:09 GSD getOne 第 1 次 等待 3 秒
2021-07-24 01:50:12 查询号码 【1819971】，返回信息 {"status":"bad","msg":""}
2021-07-24 01:50:12 查询号码 【1819971】，GSD为【""】
2021-07-24 01:50:12 bad
2021-07-24 01:55:13 CHB 1819971?1627062612 第 1 次 等待 3 秒
2021-07-24 01:55:16 CHB 1819971?1627062612 第 1 次 未获取到 等待 17 秒 下次操作: 2021-07-24 01:55:33
2021-07-24 01:55:35 CHB 1819971?1627062933 第 2 次 等待 3 秒
2021-07-24 01:55:38 CHB 1819971?1627062933 第 2 次 获取到号码【1819971】GSD
2021-07-24 01:55:38 获取到号码【1819971】的GSD为【新疆-克孜勒苏】
2021-07-24 01:55:41 GSD insert 第 1 次 等待 3 秒
2021-07-24 01:55:44 {"status":"ok","gid":372060,"msg":"添加成功！"}
2021-07-24 01:55:44 下次操作: 2021-07-24 01:55:56

2021-07-24 01:55:56 开始第 29 次操作

2021-07-24 01:55:56 开始操作号码 【1819970】
2021-07-24 01:55:58 GSD getOne 第 1 次 等待 3 秒
2021-07-24 01:56:01 查询号码 【1819970】，返回信息 {"status":"bad","msg":""}
2021-07-24 01:56:02 查询号码 【1819970】，GSD为【""】
2021-07-24 01:56:02 bad
2021-07-24 01:56:03 CHB 1819970?1627062962 第 1 次 等待 3 秒
2021-07-24 01:56:06 CHB 1819970?1627062962 第 1 次 获取到号码【1819970】GSD
2021-07-24 01:56:06 获取到号码【1819970】的GSD为【新疆-克孜勒苏】
2021-07-24 01:56:09 GSD insert 第 1 次 等待 3 秒
2021-07-24 01:56:12 {"status":"ok","gid":372071,"msg":"添加成功！"}
2021-07-24 01:56:12 下次操作: 2021-07-24 01:56:35

2021-07-24 01:56:35 开始第 30 次操作

2021-07-24 01:56:35 开始操作号码 【1819969】
2021-07-24 01:56:37 GSD getOne 第 1 次 等待 3 秒
2021-07-24 01:56:40 查询号码 【1819969】，返回信息 {"status":"bad","msg":""}
2021-07-24 01:56:40 查询号码 【1819969】，GSD为【""】
2021-07-24 01:56:40 bad
2021-07-24 01:56:42 CHB 1819969?1627063000 第 1 次 等待 3 秒
2021-07-24 01:56:45 CHB 1819969?1627063000 第 1 次 获取到号码【1819969】GSD
2021-07-24 01:56:45 获取到号码【1819969】的GSD为【新疆-石河子】
2021-07-24 01:56:50 GSD insert 第 1 次 等待 3 秒
2021-07-24 01:56:53 {"status":"ok","gid":372082,"msg":"添加成功！"}
2021-07-24 01:56:53 下次操作: 2021-07-24 01:57:05

2021-07-24 01:57:05 开始第 31 次操作

2021-07-24 01:57:05 开始操作号码 【1819968】
2021-07-24 01:57:07 GSD getOne 第 1 次 等待 3 秒
2021-07-24 01:57:10 查询号码 【1819968】，返回信息 {"status":"bad","msg":""}
2021-07-24 01:57:10 查询号码 【1819968】，GSD为【""】
2021-07-24 01:57:10 bad
2021-07-24 01:57:12 CHB 1819968?1627063030 第 1 次 等待 3 秒
2021-07-24 01:57:15 CHB 1819968?1627063030 第 1 次 获取到号码【1819968】GSD
2021-07-24 01:57:15 获取到号码【1819968】的GSD为【新疆-石河子】
2021-07-24 01:57:18 GSD insert 第 1 次 等待 3 秒
2021-07-24 01:57:21 {"status":"ok","gid":372090,"msg":"添加成功！"}
2021-07-24 01:57:21 下次操作: 2021-07-24 01:57:45

2021-07-24 01:57:45 开始第 32 次操作

2021-07-24 01:57:45 开始操作号码 【1819967】
2021-07-24 01:57:48 GSD getOne 第 1 次 等待 3 秒
2021-07-24 01:57:51 查询号码 【1819967】，返回信息 {"status":"bad","msg":""}
2021-07-24 01:57:51 查询号码 【1819967】，GSD为【""】
2021-07-24 01:57:51 bad
2021-07-24 01:57:53 CHB 1819967?1627063071 第 1 次 等待 3 秒
2021-07-24 01:57:56 CHB 1819967?1627063071 第 1 次 获取到号码【1819967】GSD
2021-07-24 01:57:56 获取到号码【1819967】的GSD为【新疆-石河子】
2021-07-24 01:57:58 GSD insert 第 1 次 等待 3 秒
2021-07-24 01:58:01 {"status":"ok","gid":372101,"msg":"添加成功！"}
2021-07-24 01:58:01 下次操作: 2021-07-24 01:58:20

2021-07-24 01:58:20 开始第 33 次操作

2021-07-24 01:58:20 开始操作号码 【1819966】
2021-07-24 01:58:25 GSD getOne 第 1 次 等待 3 秒
2021-07-24 01:58:28 查询号码 【1819966】，返回信息 {"status":"bad","msg":""}
2021-07-24 01:58:28 查询号码 【1819966】，GSD为【""】
2021-07-24 01:58:28 bad
2021-07-24 01:58:30 CHB 1819966?1627063108 第 1 次 等待 3 秒
2021-07-24 01:58:33 CHB 1819966?1627063108 第 1 次 获取到号码【1819966】GSD
2021-07-24 01:58:33 获取到号码【1819966】的GSD为【新疆-石河子】
2021-07-24 01:58:37 GSD insert 第 1 次 等待 3 秒
2021-07-24 01:58:40 {"status":"ok","gid":372110,"msg":"添加成功！"}
2021-07-24 01:58:40 下次操作: 2021-07-24 01:58:59

2021-07-24 01:58:59 开始第 34 次操作

2021-07-24 01:58:59 开始操作号码 【1819965】
2021-07-24 01:59:03 GSD getOne 第 1 次 等待 3 秒
2021-07-24 01:59:06 查询号码 【1819965】，返回信息 {"status":"bad","msg":""}
2021-07-24 01:59:06 查询号码 【1819965】，GSD为【""】
2021-07-24 01:59:06 bad
2021-07-24 01:59:07 CHB 1819965?1627063146 第 1 次 等待 3 秒
2021-07-24 01:59:10 CHB 1819965?1627063146 第 1 次 获取到号码【1819965】GSD
2021-07-24 01:59:11 获取到号码【1819965】的GSD为【新疆-石河子】
2021-07-24 01:59:13 GSD insert 第 1 次 等待 3 秒
2021-07-24 01:59:16 {"status":"ok","gid":372120,"msg":"添加成功！"}
2021-07-24 01:59:16 下次操作: 2021-07-24 01:59:34

2021-07-24 01:59:34 开始第 35 次操作

2021-07-24 01:59:34 开始操作号码 【1819964】
2021-07-24 01:59:37 GSD getOne 第 1 次 等待 3 秒
2021-07-24 01:59:40 查询号码 【1819964】，返回信息 {"status":"bad","msg":""}
2021-07-24 01:59:40 查询号码 【1819964】，GSD为【""】
2021-07-24 01:59:40 bad
2021-07-24 01:59:41 CHB 1819964?1627063180 第 1 次 等待 3 秒
2021-07-24 01:59:44 CHB 1819964?1627063180 第 1 次 获取到号码【1819964】GSD
2021-07-24 01:59:44 获取到号码【1819964】的GSD为【新疆-阿勒泰】
2021-07-24 01:59:47 GSD insert 第 1 次 等待 3 秒
2021-07-24 01:59:50 {"status":"ok","gid":372132,"msg":"添加成功！"}
2021-07-24 01:59:50 下次操作: 2021-07-24 02:00:10

2021-07-24 02:00:10 开始第 36 次操作

2021-07-24 02:00:10 开始操作号码 【1819963】
2021-07-24 02:00:14 GSD getOne 第 1 次 等待 3 秒
2021-07-24 02:00:17 查询号码 【1819963】，返回信息 {"status":"bad","msg":""}
2021-07-24 02:00:17 查询号码 【1819963】，GSD为【""】
2021-07-24 02:00:17 bad
2021-07-24 02:00:19 CHB 1819963?1627063217 第 1 次 等待 3 秒
2021-07-24 02:00:22 CHB 1819963?1627063217 第 1 次 获取到号码【1819963】GSD
2021-07-24 02:00:22 获取到号码【1819963】的GSD为【新疆-阿勒泰】
2021-07-24 02:00:24 GSD insert 第 1 次 等待 3 秒
2021-07-24 02:00:27 {"status":"ok","gid":372141,"msg":"添加成功！"}
2021-07-24 02:00:27 下次操作: 2021-07-24 02:00:48

2021-07-24 02:00:48 开始第 37 次操作

2021-07-24 02:00:48 开始操作号码 【1819962】
2021-07-24 02:00:51 GSD getOne 第 1 次 等待 3 秒
2021-07-24 02:00:54 查询号码 【1819962】，返回信息 {"status":"bad","msg":""}
2021-07-24 02:00:54 查询号码 【1819962】，GSD为【""】
2021-07-24 02:00:54 bad
2021-07-24 02:00:56 CHB 1819962?1627063254 第 1 次 等待 3 秒
2021-07-24 02:00:59 CHB 1819962?1627063254 第 1 次 获取到号码【1819962】GSD
2021-07-24 02:00:59 获取到号码【1819962】的GSD为【新疆-阿勒泰】
2021-07-24 02:01:01 GSD insert 第 1 次 等待 3 秒
2021-07-24 02:01:04 {"status":"ok","gid":372150,"msg":"添加成功！"}
2021-07-24 02:01:04 下次操作: 2021-07-24 02:01:21

2021-07-24 02:01:21 开始第 38 次操作

2021-07-24 02:01:21 开始操作号码 【1819961】
2021-07-24 02:01:24 GSD getOne 第 1 次 等待 3 秒
2021-07-24 02:01:27 查询号码 【1819961】，返回信息 {"status":"bad","msg":""}
2021-07-24 02:01:27 查询号码 【1819961】，GSD为【""】
2021-07-24 02:01:27 bad
2021-07-24 02:01:29 CHB 1819961?1627063287 第 1 次 等待 3 秒
2021-07-24 02:01:32 CHB 1819961?1627063287 第 1 次 获取到号码【1819961】GSD
2021-07-24 02:01:32 获取到号码【1819961】的GSD为【新疆-阿勒泰】
2021-07-24 02:01:35 GSD insert 第 1 次 等待 3 秒
2021-07-24 02:01:38 {"status":"ok","gid":372159,"msg":"添加成功！"}
2021-07-24 02:01:38 下次操作: 2021-07-24 02:02:02

2021-07-24 02:02:02 开始第 39 次操作

2021-07-24 02:02:02 开始操作号码 【1819960】
2021-07-24 02:02:06 GSD getOne 第 1 次 等待 3 秒
2021-07-24 02:02:09 查询号码 【1819960】，返回信息 {"status":"bad","msg":""}
2021-07-24 02:02:09 查询号码 【1819960】，GSD为【""】
2021-07-24 02:02:09 bad
2021-07-24 02:02:10 CHB 1819960?1627063329 第 1 次 等待 3 秒
2021-07-24 02:02:13 CHB 1819960?1627063329 第 1 次 获取到号码【1819960】GSD
2021-07-24 02:02:13 获取到号码【1819960】的GSD为【新疆-阿勒泰】
2021-07-24 02:02:18 GSD insert 第 1 次 等待 3 秒
2021-07-24 02:02:21 {"status":"ok","gid":372171,"msg":"添加成功！"}
2021-07-24 02:02:21 下次操作: 2021-07-24 02:02:43

2021-07-24 02:02:43 开始第 40 次操作

2021-07-24 02:02:43 开始操作号码 【1819959】
2021-07-24 02:02:46 GSD getOne 第 1 次 等待 3 秒
2021-07-24 02:02:49 查询号码 【1819959】，返回信息 {"status":"bad","msg":""}
2021-07-24 02:02:49 查询号码 【1819959】，GSD为【""】
2021-07-24 02:02:49 bad
2021-07-24 02:02:51 CHB 1819959?1627063369 第 1 次 等待 3 秒
2021-07-24 02:02:54 CHB 1819959?1627063369 第 1 次 获取到号码【1819959】GSD
2021-07-24 02:02:54 获取到号码【1819959】的GSD为【新疆-喀什】
2021-07-24 02:02:56 GSD insert 第 1 次 等待 3 秒
2021-07-24 02:02:59 {"status":"ok","gid":372182,"msg":"添加成功！"}

2021-07-24 02:47:35 开始第 1 次操作

2021-07-24 02:47:35 开始操作号码 【1819958】
2021-07-24 02:47:38 GSD getOne 第 1 次 等待 3 秒
2021-07-24 02:47:41 查询号码 【1819958】，返回信息 {"status":"ok","msg":"新疆-喀什","gid":"34555","time_insert":"2018-01-30 22:29","time_update":"2020-12-24 13:53"}
2021-07-24 02:47:41 查询号码 【1819958】，GSD为【"新疆-喀什"】

2021-07-24 02:47:41 开始第 1 次操作

2021-07-24 02:47:41 开始操作号码 【1819957】
2021-07-24 02:47:44 GSD getOne 第 1 次 等待 3 秒
2021-07-24 02:47:47 查询号码 【1819957】，返回信息 {"status":"ok","msg":"新疆-喀什","gid":"372212","time_insert":"2021-07-24 02:04"}
2021-07-24 02:47:47 查询号码 【1819957】，GSD为【"新疆-喀什"】

2021-07-24 02:47:47 开始第 1 次操作

2021-07-24 02:47:47 开始操作号码 【1819956】
2021-07-24 02:47:50 GSD getOne 第 1 次 等待 3 秒
2021-07-24 02:47:53 查询号码 【1819956】，返回信息 {"status":"ok","msg":"新疆-喀什","gid":"372225","time_insert":"2021-07-24 02:05"}
2021-07-24 02:47:53 查询号码 【1819956】，GSD为【"新疆-喀什"】

2021-07-24 02:47:53 开始第 1 次操作

2021-07-24 02:47:53 开始操作号码 【1819955】
2021-07-24 02:47:56 GSD getOne 第 1 次 等待 3 秒
2021-07-24 02:47:59 查询号码 【1819955】，返回信息 {"status":"ok","msg":"新疆-喀什","gid":"34554","time_insert":"2017-04-08 16:14","time_update":"2020-12-24 14:21"}
2021-07-24 02:47:59 查询号码 【1819955】，GSD为【"新疆-喀什"】

2021-07-24 02:47:59 开始第 1 次操作

2021-07-24 02:47:59 开始操作号码 【1819954】
2021-07-24 02:48:02 GSD getOne 第 1 次 等待 3 秒
2021-07-24 02:48:05 查询号码 【1819954】，返回信息 {"status":"ok","msg":"新疆-喀什","gid":"372245","time_insert":"2021-07-24 02:06"}
2021-07-24 02:48:05 查询号码 【1819954】，GSD为【"新疆-喀什"】

2021-07-24 02:48:05 开始第 1 次操作

2021-07-24 02:48:05 开始操作号码 【1819953】
2021-07-24 02:48:08 GSD getOne 第 1 次 等待 3 秒
2021-07-24 02:48:11 查询号码 【1819953】，返回信息 {"status":"ok","msg":"新疆-喀什","gid":"372255","time_insert":"2021-07-24 02:07"}
2021-07-24 02:48:11 查询号码 【1819953】，GSD为【"新疆-喀什"】

2021-07-24 02:48:11 开始第 1 次操作

2021-07-24 02:48:11 开始操作号码 【1819952】
2021-07-24 02:48:16 GSD getOne 第 1 次 等待 3 秒
2021-07-24 02:48:19 查询号码 【1819952】，返回信息 {"status":"ok","msg":"新疆-喀什","gid":"372268","time_insert":"2021-07-24 02:08"}
2021-07-24 02:48:19 查询号码 【1819952】，GSD为【"新疆-喀什"】

2021-07-24 02:48:19 开始第 1 次操作

2021-07-24 02:48:19 开始操作号码 【1819951】
2021-07-24 02:48:23 GSD getOne 第 1 次 等待 3 秒
2021-07-24 02:48:26 查询号码 【1819951】，返回信息 {"status":"ok","msg":"新疆-喀什","gid":"372280","time_insert":"2021-07-24 02:09"}
2021-07-24 02:48:26 查询号码 【1819951】，GSD为【"新疆-喀什"】

2021-07-24 02:48:26 开始第 1 次操作

2021-07-24 02:48:26 开始操作号码 【1819950】
2021-07-24 02:48:28 GSD getOne 第 1 次 等待 3 秒
2021-07-24 02:48:31 查询号码 【1819950】，返回信息 {"status":"ok","msg":"新疆-喀什","gid":"372291","time_insert":"2021-07-24 02:10"}
2021-07-24 02:48:32 查询号码 【1819950】，GSD为【"新疆-喀什"】

2021-07-24 02:48:32 开始第 1 次操作

2021-07-24 02:48:32 开始操作号码 【1819949】
2021-07-24 02:48:36 GSD getOne 第 1 次 等待 3 秒
2021-07-24 02:48:39 查询号码 【1819949】，返回信息 {"status":"ok","msg":"新疆-阿克苏","gid":"372304","time_insert":"2021-07-24 02:11"}
2021-07-24 02:48:39 查询号码 【1819949】，GSD为【"新疆-阿克苏"】

2021-07-24 02:48:39 开始第 1 次操作

2021-07-24 02:48:39 开始操作号码 【1819948】
2021-07-24 02:48:42 GSD getOne 第 1 次 等待 3 秒
2021-07-24 02:48:45 查询号码 【1819948】，返回信息 {"status":"ok","msg":"新疆-阿克苏","gid":"372314","time_insert":"2021-07-24 02:11"}
2021-07-24 02:48:45 查询号码 【1819948】，GSD为【"新疆-阿克苏"】

2021-07-24 02:48:45 开始第 1 次操作

2021-07-24 02:48:45 开始操作号码 【1819947】
2021-07-24 02:48:48 GSD getOne 第 1 次 等待 3 秒
2021-07-24 02:48:51 查询号码 【1819947】，返回信息 {"status":"ok","msg":"新疆-阿克苏","gid":"372321","time_insert":"2021-07-24 02:12"}
2021-07-24 02:48:51 查询号码 【1819947】，GSD为【"新疆-阿克苏"】

2021-07-24 02:48:51 开始第 1 次操作

2021-07-24 02:48:51 开始操作号码 【1819946】
2021-07-24 02:48:55 GSD getOne 第 1 次 等待 3 秒
2021-07-24 02:48:58 查询号码 【1819946】，返回信息 {"status":"ok","msg":"新疆-阿克苏","gid":"372330","time_insert":"2021-07-24 02:13"}
2021-07-24 02:48:58 查询号码 【1819946】，GSD为【"新疆-阿克苏"】

2021-07-24 02:48:58 开始第 1 次操作

2021-07-24 02:48:58 开始操作号码 【1819945】
2021-07-24 02:49:01 GSD getOne 第 1 次 等待 3 秒
2021-07-24 02:49:04 查询号码 【1819945】，返回信息 {"status":"ok","msg":"-","gid":"372335","time_insert":"2021-07-24 02:14"}
2021-07-24 02:49:04 查询号码 【1819945】，GSD为【"-"】
2021-07-24 02:49:04 ok && -
2021-07-24 02:49:06 CHB 1819945?1627066144 第 1 次 等待 3 秒
2021-07-24 02:49:09 CHB 1819945?1627066144 第 1 次 获取到号码【1819945】GSD
2021-07-24 02:49:09 获取到号码【1819945】的GSD为【新疆-阿克苏】
2021-07-24 02:49:14 GSD insert 第 1 次 等待 3 秒
2021-07-24 02:49:17 {"status":"ok","gid":"372335","msg":"添加号码已存在，但为‘-’，修改为【新疆-阿克苏】成功！"}
2021-07-24 02:49:17 下次操作: 2021-07-24 02:49:39

2021-07-24 02:49:39 开始第 2 次操作

2021-07-24 02:49:39 开始操作号码 【1819944】
2021-07-24 02:49:44 GSD getOne 第 1 次 等待 3 秒
2021-07-24 02:49:47 查询号码 【1819944】，返回信息 {"status":"ok","msg":"新疆-阿克苏","gid":"372341","time_insert":"2021-07-24 02:15"}
2021-07-24 02:49:47 查询号码 【1819944】，GSD为【"新疆-阿克苏"】

2021-07-24 02:49:47 开始第 2 次操作

2021-07-24 02:49:47 开始操作号码 【1819943】
2021-07-24 02:49:50 GSD getOne 第 1 次 等待 3 秒
2021-07-24 02:49:53 查询号码 【1819943】，返回信息 {"status":"ok","msg":"新疆-阿克苏","gid":"372350","time_insert":"2021-07-24 02:16"}
2021-07-24 02:49:53 查询号码 【1819943】，GSD为【"新疆-阿克苏"】

2021-07-24 02:49:53 开始第 2 次操作

2021-07-24 02:49:53 开始操作号码 【1819942】
2021-07-24 02:49:56 GSD getOne 第 1 次 等待 3 秒
2021-07-24 02:49:59 查询号码 【1819942】，返回信息 {"status":"ok","msg":"新疆-阿克苏","gid":"372355","time_insert":"2021-07-24 02:16"}
2021-07-24 02:49:59 查询号码 【1819942】，GSD为【"新疆-阿克苏"】

2021-07-24 02:49:59 开始第 2 次操作

2021-07-24 02:49:59 开始操作号码 【1819941】
2021-07-24 02:50:03 GSD getOne 第 1 次 等待 3 秒
2021-07-24 02:50:06 查询号码 【1819941】，返回信息 {"status":"ok","msg":"新疆-塔城","gid":"372362","time_insert":"2021-07-24 02:17"}
2021-07-24 02:50:06 查询号码 【1819941】，GSD为【"新疆-塔城"】

2021-07-24 02:50:06 开始第 2 次操作

2021-07-24 02:50:06 开始操作号码 【1819940】
2021-07-24 02:50:09 GSD getOne 第 1 次 等待 3 秒
2021-07-24 02:50:12 查询号码 【1819940】，返回信息 {"status":"ok","msg":"新疆-阿克苏","gid":"372367","time_insert":"2021-07-24 02:18"}
2021-07-24 02:50:12 查询号码 【1819940】，GSD为【"新疆-阿克苏"】

2021-07-24 02:50:12 开始第 2 次操作

2021-07-24 02:50:12 开始操作号码 【1819939】
2021-07-24 02:50:15 GSD getOne 第 1 次 等待 3 秒
2021-07-24 02:50:18 查询号码 【1819939】，返回信息 {"status":"ok","msg":"新疆-和田","gid":"372370","time_insert":"2021-07-24 02:19"}
2021-07-24 02:50:18 查询号码 【1819939】，GSD为【"新疆-和田"】

2021-07-24 02:50:18 开始第 2 次操作

2021-07-24 02:50:18 开始操作号码 【1819938】
2021-07-24 02:50:21 GSD getOne 第 1 次 等待 3 秒
2021-07-24 02:50:24 查询号码 【1819938】，返回信息 {"status":"ok","msg":"新疆-和田","gid":"372374","time_insert":"2021-07-24 02:19"}
2021-07-24 02:50:24 查询号码 【1819938】，GSD为【"新疆-和田"】

2021-07-24 02:50:24 开始第 2 次操作

2021-07-24 02:50:24 开始操作号码 【1819937】
2021-07-24 02:50:27 GSD getOne 第 1 次 等待 3 秒
2021-07-24 02:50:30 查询号码 【1819937】，返回信息 {"status":"ok","msg":"新疆-和田","gid":"372379","time_insert":"2021-07-24 02:20"}
2021-07-24 02:50:30 查询号码 【1819937】，GSD为【"新疆-和田"】

2021-07-24 02:50:30 开始第 2 次操作

2021-07-24 02:50:30 开始操作号码 【1819936】
2021-07-24 02:50:33 GSD getOne 第 1 次 等待 3 秒
2021-07-24 02:50:36 查询号码 【1819936】，返回信息 {"status":"ok","msg":"新疆-和田","gid":"372385","time_insert":"2021-07-24 02:20"}
2021-07-24 02:50:36 查询号码 【1819936】，GSD为【"新疆-和田"】

2021-07-24 02:50:36 开始第 2 次操作

2021-07-24 02:50:36 开始操作号码 【1819935】
2021-07-24 02:50:39 GSD getOne 第 1 次 等待 3 秒
2021-07-24 02:50:42 查询号码 【1819935】，返回信息 {"status":"ok","msg":"新疆-和田","gid":"372392","time_insert":"2021-07-24 02:21"}
2021-07-24 02:50:42 查询号码 【1819935】，GSD为【"新疆-和田"】

2021-07-24 02:50:42 开始第 2 次操作

2021-07-24 02:50:42 开始操作号码 【1819934】
2021-07-24 02:50:45 GSD getOne 第 1 次 等待 3 秒
2021-07-24 02:50:48 查询号码 【1819934】，返回信息 {"status":"ok","msg":"新疆-和田","gid":"372397","time_insert":"2021-07-24 02:22"}
2021-07-24 02:50:48 查询号码 【1819934】，GSD为【"新疆-和田"】

2021-07-24 02:50:48 开始第 2 次操作

2021-07-24 02:50:48 开始操作号码 【1819933】
2021-07-24 02:50:51 GSD getOne 第 1 次 等待 3 秒
2021-07-24 02:50:54 查询号码 【1819933】，返回信息 {"status":"ok","msg":"新疆-和田","gid":"372400","time_insert":"2021-07-24 02:22"}
2021-07-24 02:50:54 查询号码 【1819933】，GSD为【"新疆-和田"】

2021-07-24 02:50:54 开始第 2 次操作

2021-07-24 02:50:54 开始操作号码 【1819932】
2021-07-24 02:50:57 GSD getOne 第 1 次 等待 3 秒
2021-07-24 02:51:00 查询号码 【1819932】，返回信息 {"status":"ok","msg":"新疆-乌鲁木齐","gid":"372404","time_insert":"2021-07-24 02:23"}
2021-07-24 02:51:00 查询号码 【1819932】，GSD为【"新疆-乌鲁木齐"】

2021-07-24 02:51:00 开始第 2 次操作

2021-07-24 02:51:00 开始操作号码 【1819931】
2021-07-24 02:51:03 GSD getOne 第 1 次 等待 3 秒
2021-07-24 02:51:06 查询号码 【1819931】，返回信息 {"status":"ok","msg":"新疆-乌鲁木齐","gid":"372408","time_insert":"2021-07-24 02:23"}
2021-07-24 02:51:06 查询号码 【1819931】，GSD为【"新疆-乌鲁木齐"】

2021-07-24 02:51:06 开始第 2 次操作

2021-07-24 02:51:06 开始操作号码 【1819930】
2021-07-24 02:51:09 GSD getOne 第 1 次 等待 3 秒
2021-07-24 02:51:12 查询号码 【1819930】，返回信息 {"status":"ok","msg":"新疆-乌鲁木齐","gid":"372413","time_insert":"2021-07-24 02:24"}
2021-07-24 02:51:12 查询号码 【1819930】，GSD为【"新疆-乌鲁木齐"】

2021-07-24 02:51:12 开始第 2 次操作

2021-07-24 02:51:12 开始操作号码 【1819929】
2021-07-24 02:51:15 GSD getOne 第 1 次 等待 3 秒
2021-07-24 02:51:18 查询号码 【1819929】，返回信息 {"status":"ok","msg":"新疆-昌吉","gid":"372415","time_insert":"2021-07-24 02:25"}
2021-07-24 02:51:18 查询号码 【1819929】，GSD为【"新疆-昌吉"】

2021-07-24 02:51:18 开始第 2 次操作

2021-07-24 02:51:18 开始操作号码 【1819928】
2021-07-24 02:51:21 GSD getOne 第 1 次 等待 3 秒
2021-07-24 02:51:24 查询号码 【1819928】，返回信息 {"status":"ok","msg":"新疆-昌吉","gid":"372418","time_insert":"2021-07-24 02:25"}
2021-07-24 02:51:24 查询号码 【1819928】，GSD为【"新疆-昌吉"】

2021-07-24 02:51:24 开始第 2 次操作

2021-07-24 02:51:24 开始操作号码 【1819927】
2021-07-24 02:51:27 GSD getOne 第 1 次 等待 3 秒
2021-07-24 02:51:30 查询号码 【1819927】，返回信息 {"status":"ok","msg":"新疆-昌吉","gid":"34553","time_insert":"2018-03-15 11:55","time_update":"2020-12-24 14:47"}
2021-07-24 02:51:30 查询号码 【1819927】，GSD为【"新疆-昌吉"】

2021-07-24 02:51:30 开始第 2 次操作

2021-07-24 02:51:30 开始操作号码 【1819926】
2021-07-24 02:51:35 GSD getOne 第 1 次 等待 3 秒
2021-07-24 02:51:38 查询号码 【1819926】，返回信息 {"status":"ok","msg":"新疆-昌吉","gid":"372420","time_insert":"2021-07-24 02:26"}
2021-07-24 02:51:38 查询号码 【1819926】，GSD为【"新疆-昌吉"】

2021-07-24 02:51:38 开始第 2 次操作

2021-07-24 02:51:38 开始操作号码 【1819925】
2021-07-24 02:51:40 GSD getOne 第 1 次 等待 3 秒
2021-07-24 02:51:43 查询号码 【1819925】，返回信息 {"status":"ok","msg":"新疆-昌吉","gid":"372422","time_insert":"2021-07-24 02:27"}
2021-07-24 02:51:43 查询号码 【1819925】，GSD为【"新疆-昌吉"】

2021-07-24 02:51:44 开始第 2 次操作

2021-07-24 02:51:44 开始操作号码 【1819924】
2021-07-24 02:51:46 GSD getOne 第 1 次 等待 3 秒
2021-07-24 02:51:49 查询号码 【1819924】，返回信息 {"status":"ok","msg":"新疆-巴音郭楞","gid":"34552","time_insert":"2018-04-27 17:18","time_update":"2020-12-24 15:15"}
2021-07-24 02:51:49 查询号码 【1819924】，GSD为【"新疆-巴音郭楞"】

2021-07-24 02:51:49 开始第 2 次操作

2021-07-24 02:51:49 开始操作号码 【1819923】
2021-07-24 02:51:52 GSD getOne 第 1 次 等待 3 秒
2021-07-24 02:51:55 查询号码 【1819923】，返回信息 {"status":"ok","msg":"新疆-巴音郭楞","gid":"372424","time_insert":"2021-07-24 02:27"}
2021-07-24 02:51:55 查询号码 【1819923】，GSD为【"新疆-巴音郭楞"】

2021-07-24 02:51:55 开始第 2 次操作

2021-07-24 02:51:55 开始操作号码 【1819922】
2021-07-24 02:51:59 GSD getOne 第 1 次 等待 3 秒
2021-07-24 02:52:02 查询号码 【1819922】，返回信息 {"status":"ok","msg":"新疆-巴音郭楞","gid":"372426","time_insert":"2021-07-24 02:28"}
2021-07-24 02:52:02 查询号码 【1819922】，GSD为【"新疆-巴音郭楞"】

2021-07-24 02:52:02 开始第 2 次操作

2021-07-24 02:52:02 开始操作号码 【1819921】
2021-07-24 02:52:04 GSD getOne 第 1 次 等待 3 秒
2021-07-24 02:52:07 查询号码 【1819921】，返回信息 {"status":"ok","msg":"新疆-巴音郭楞","gid":"372427","time_insert":"2021-07-24 02:29"}
2021-07-24 02:52:07 查询号码 【1819921】，GSD为【"新疆-巴音郭楞"】

2021-07-24 02:52:07 开始第 2 次操作

2021-07-24 02:52:07 开始操作号码 【1819920】
2021-07-24 02:52:10 GSD getOne 第 1 次 等待 3 秒
2021-07-24 02:52:13 查询号码 【1819920】，返回信息 {"status":"ok","msg":"新疆-巴音郭楞","gid":"372429","time_insert":"2021-07-24 02:30"}
2021-07-24 02:52:13 查询号码 【1819920】，GSD为【"新疆-巴音郭楞"】

2021-07-24 02:52:13 开始第 2 次操作

2021-07-24 02:52:13 开始操作号码 【1819919】
2021-07-24 02:52:18 GSD getOne 第 1 次 等待 3 秒
2021-07-24 02:52:21 查询号码 【1819919】，返回信息 {"status":"ok","msg":"新疆-乌鲁木齐","gid":"372433","time_insert":"2021-07-24 02:30"}
2021-07-24 02:52:21 查询号码 【1819919】，GSD为【"新疆-乌鲁木齐"】

2021-07-24 02:52:21 开始第 2 次操作

2021-07-24 02:52:21 开始操作号码 【1819918】
2021-07-24 02:52:26 GSD getOne 第 1 次 等待 3 秒
2021-07-24 02:52:29 查询号码 【1819918】，返回信息 {"status":"ok","msg":"新疆-乌鲁木齐","gid":"372434","time_insert":"2021-07-24 02:31"}
2021-07-24 02:52:29 查询号码 【1819918】，GSD为【"新疆-乌鲁木齐"】

2021-07-24 02:52:29 开始第 2 次操作

2021-07-24 02:52:29 开始操作号码 【1819917】
2021-07-24 02:52:32 GSD getOne 第 1 次 等待 3 秒
2021-07-24 02:52:35 查询号码 【1819917】，返回信息 {"status":"ok","msg":"新疆-乌鲁木齐","gid":"372436","time_insert":"2021-07-24 02:32"}
2021-07-24 02:52:35 查询号码 【1819917】，GSD为【"新疆-乌鲁木齐"】

2021-07-24 02:52:35 开始第 2 次操作

2021-07-24 02:52:35 开始操作号码 【1819916】
2021-07-24 02:52:37 GSD getOne 第 1 次 等待 3 秒
2021-07-24 02:52:40 查询号码 【1819916】，返回信息 {"status":"ok","msg":"新疆-乌鲁木齐","gid":"372448","time_insert":"2021-07-24 02:35"}
2021-07-24 02:52:40 查询号码 【1819916】，GSD为【"新疆-乌鲁木齐"】

2021-07-24 02:52:40 开始第 2 次操作

2021-07-24 02:52:40 开始操作号码 【1819915】
2021-07-24 02:52:43 GSD getOne 第 1 次 等待 3 秒
2021-07-24 02:52:46 查询号码 【1819915】，返回信息 {"status":"bad","msg":""}
2021-07-24 02:52:46 查询号码 【1819915】，GSD为【""】
2021-07-24 02:52:46 bad
2021-07-24 02:52:48 CHB 1819915?1627066366 第 1 次 等待 3 秒
2021-07-24 02:52:51 CHB 1819915?1627066366 第 1 次 获取到号码【1819915】GSD
2021-07-24 02:52:51 获取到号码【1819915】的GSD为【新疆-乌鲁木齐】
2021-07-24 02:52:53 GSD insert 第 1 次 等待 3 秒
2021-07-24 02:52:56 {"status":"ok","gid":372556,"msg":"添加成功！"}
2021-07-24 02:52:56 下次操作: 2021-07-24 02:53:13

2021-07-24 02:53:13 开始第 3 次操作

2021-07-24 02:53:13 开始操作号码 【1819914】
2021-07-24 02:53:16 GSD getOne 第 1 次 等待 3 秒
2021-07-24 02:53:19 查询号码 【1819914】，返回信息 {"status":"bad","msg":""}
2021-07-24 02:53:19 查询号码 【1819914】，GSD为【""】
2021-07-24 02:53:19 bad
2021-07-24 02:53:21 CHB 1819914?1627066399 第 1 次 等待 3 秒
2021-07-24 02:53:24 CHB 1819914?1627066399 第 1 次 获取到号码【1819914】GSD
2021-07-24 02:53:24 获取到号码【1819914】的GSD为【新疆-乌鲁木齐】
2021-07-24 02:53:30 GSD insert 第 1 次 等待 3 秒
2021-07-24 02:53:33 {"status":"ok","gid":372564,"msg":"添加成功！"}
2021-07-24 02:53:33 下次操作: 2021-07-24 02:53:55

2021-07-24 02:53:55 开始第 4 次操作

2021-07-24 02:53:55 开始操作号码 【1819913】
2021-07-24 02:53:58 GSD getOne 第 1 次 等待 3 秒
2021-07-24 02:54:01 查询号码 【1819913】，返回信息 {"status":"bad","msg":""}
2021-07-24 02:54:01 查询号码 【1819913】，GSD为【""】
2021-07-24 02:54:01 bad
2021-07-24 02:54:03 CHB 1819913?1627066441 第 1 次 等待 3 秒
2021-07-24 02:54:06 CHB 1819913?1627066441 第 1 次 获取到号码【1819913】GSD
2021-07-24 02:54:06 获取到号码【1819913】的GSD为【新疆-乌鲁木齐】
2021-07-24 02:54:08 GSD insert 第 1 次 等待 3 秒
2021-07-24 02:54:11 {"status":"ok","gid":372575,"msg":"添加成功！"}
2021-07-24 02:54:11 下次操作: 2021-07-24 02:54:30

2021-07-24 02:54:30 开始第 5 次操作

2021-07-24 02:54:30 开始操作号码 【1819912】
2021-07-24 02:54:33 GSD getOne 第 1 次 等待 3 秒
2021-07-24 02:54:36 查询号码 【1819912】，返回信息 {"status":"bad","msg":""}
2021-07-24 02:54:36 查询号码 【1819912】，GSD为【""】
2021-07-24 02:54:36 bad
2021-07-24 02:54:38 CHB 1819912?1627066476 第 1 次 等待 3 秒
2021-07-24 02:54:41 CHB 1819912?1627066476 第 1 次 获取到号码【1819912】GSD
2021-07-24 02:54:41 获取到号码【1819912】的GSD为【新疆-乌鲁木齐】
2021-07-24 02:54:43 GSD insert 第 1 次 等待 3 秒
2021-07-24 02:54:46 {"status":"ok","gid":372585,"msg":"添加成功！"}
2021-07-24 02:54:47 下次操作: 2021-07-24 02:55:02

2021-07-24 02:55:02 开始第 6 次操作

2021-07-24 02:55:02 开始操作号码 【1819911】
2021-07-24 02:55:10 GSD getOne 第 1 次 等待 3 秒
2021-07-24 02:55:13 查询号码 【1819911】，返回信息 {"status":"bad","msg":""}
2021-07-24 02:55:13 查询号码 【1819911】，GSD为【""】
2021-07-24 02:55:13 bad
2021-07-24 02:55:14 CHB 1819911?1627066513 第 1 次 等待 3 秒
2021-07-24 02:55:17 CHB 1819911?1627066513 第 1 次 获取到号码【1819911】GSD
2021-07-24 02:55:17 获取到号码【1819911】的GSD为【新疆-乌鲁木齐】
2021-07-24 02:55:20 GSD insert 第 1 次 等待 3 秒
2021-07-24 02:55:23 {"status":"ok","gid":372595,"msg":"添加成功！"}
2021-07-24 02:55:23 下次操作: 2021-07-24 02:55:47

2021-07-24 02:55:47 开始第 7 次操作

2021-07-24 02:55:47 开始操作号码 【1819910】
2021-07-24 02:55:50 GSD getOne 第 1 次 等待 3 秒
2021-07-24 02:55:53 查询号码 【1819910】，返回信息 {"status":"bad","msg":""}
2021-07-24 02:55:53 查询号码 【1819910】，GSD为【""】
2021-07-24 02:55:53 bad
2021-07-24 02:55:54 CHB 1819910?1627066553 第 1 次 等待 3 秒
2021-07-24 02:55:57 CHB 1819910?1627066553 第 1 次 获取到号码【1819910】GSD
2021-07-24 02:55:58 获取到号码【1819910】的GSD为【新疆-乌鲁木齐】
2021-07-24 02:56:00 GSD insert 第 1 次 等待 3 秒
2021-07-24 02:56:03 {"status":"ok","gid":372605,"msg":"添加成功！"}
2021-07-24 02:56:03 下次操作: 2021-07-24 02:56:19

2021-07-24 02:56:19 开始第 8 次操作

2021-07-24 02:56:19 开始操作号码 【1819909】
2021-07-24 02:56:22 GSD getOne 第 1 次 等待 3 秒
2021-07-24 02:56:25 查询号码 【1819909】，返回信息 {"status":"bad","msg":""}
2021-07-24 02:56:25 查询号码 【1819909】，GSD为【""】
2021-07-24 02:56:25 bad
2021-07-24 02:56:26 CHB 1819909?1627066585 第 1 次 等待 3 秒
2021-07-24 02:56:29 CHB 1819909?1627066585 第 1 次 获取到号码【1819909】GSD
2021-07-24 02:56:29 获取到号码【1819909】的GSD为【新疆-阿克苏】
2021-07-24 02:56:32 GSD insert 第 1 次 等待 3 秒
2021-07-24 02:56:35 {"status":"ok","gid":372616,"msg":"添加成功！"}
2021-07-24 02:56:35 下次操作: 2021-07-24 02:56:53

2021-07-24 02:56:53 开始第 9 次操作

2021-07-24 02:56:53 开始操作号码 【1819908】
2021-07-24 02:56:56 GSD getOne 第 1 次 等待 3 秒
2021-07-24 02:56:59 查询号码 【1819908】，返回信息 {"status":"bad","msg":""}
2021-07-24 02:56:59 查询号码 【1819908】，GSD为【""】
2021-07-24 02:56:59 bad
2021-07-24 02:57:00 CHB 1819908?1627066619 第 1 次 等待 3 秒
2021-07-24 02:57:04 CHB 1819908?1627066619 第 1 次 获取到号码【1819908】GSD
2021-07-24 02:57:04 获取到号码【1819908】的GSD为【新疆-喀什】
2021-07-24 02:57:06 GSD insert 第 1 次 等待 3 秒
2021-07-24 02:57:09 {"status":"ok","gid":372626,"msg":"添加成功！"}
2021-07-24 02:57:09 下次操作: 2021-07-24 02:57:26

2021-07-24 02:57:26 开始第 10 次操作

2021-07-24 02:57:26 开始操作号码 【1819907】
2021-07-24 02:57:30 GSD getOne 第 1 次 等待 3 秒
2021-07-24 02:57:33 查询号码 【1819907】，返回信息 {"status":"ok","msg":"新疆-阿克苏","gid":"34551","time_insert":"2019-01-05 13:31","time_update":"2020-12-24 15:00"}
2021-07-24 02:57:33 查询号码 【1819907】，GSD为【"新疆-阿克苏"】

2021-07-24 02:57:33 开始第 10 次操作

2021-07-24 02:57:33 开始操作号码 【1819906】
2021-07-24 02:57:38 GSD getOne 第 1 次 等待 3 秒
2021-07-24 02:57:41 查询号码 【1819906】，返回信息 {"status":"bad","msg":""}
2021-07-24 02:57:41 查询号码 【1819906】，GSD为【""】
2021-07-24 02:57:41 bad
2021-07-24 02:57:42 CHB 1819906?1627066661 第 1 次 等待 3 秒
2021-07-24 02:57:45 CHB 1819906?1627066661 第 1 次 获取到号码【1819906】GSD
2021-07-24 02:57:45 获取到号码【1819906】的GSD为【新疆-阿勒泰】
2021-07-24 02:57:48 GSD insert 第 1 次 等待 3 秒
2021-07-24 02:57:51 {"status":"ok","gid":372637,"msg":"添加成功！"}
2021-07-24 02:57:51 下次操作: 2021-07-24 02:58:05

2021-07-24 02:58:05 开始第 11 次操作

2021-07-24 02:58:05 开始操作号码 【1819905】
2021-07-24 02:58:08 GSD getOne 第 1 次 等待 3 秒
2021-07-24 02:58:11 查询号码 【1819905】，返回信息 {"status":"bad","msg":""}
2021-07-24 02:58:11 查询号码 【1819905】，GSD为【""】
2021-07-24 02:58:11 bad
2021-07-24 02:58:12 CHB 1819905?1627066691 第 1 次 等待 3 秒
2021-07-24 02:58:15 CHB 1819905?1627066691 第 1 次 获取到号码【1819905】GSD
2021-07-24 02:58:15 获取到号码【1819905】的GSD为【新疆-喀什】
2021-07-24 02:58:18 GSD insert 第 1 次 等待 3 秒
2021-07-24 02:58:21 {"status":"ok","gid":372648,"msg":"添加成功！"}
2021-07-24 02:58:21 下次操作: 2021-07-24 02:58:33

2021-07-24 02:58:33 开始第 12 次操作

2021-07-24 02:58:33 开始操作号码 【1819904】
2021-07-24 02:58:36 GSD getOne 第 1 次 等待 3 秒
2021-07-24 02:58:39 查询号码 【1819904】，返回信息 {"status":"bad","msg":""}
2021-07-24 02:58:39 查询号码 【1819904】，GSD为【""】
2021-07-24 02:58:39 bad
2021-07-24 02:58:40 CHB 1819904?1627066719 第 1 次 等待 3 秒
2021-07-24 02:58:43 CHB 1819904?1627066719 第 1 次 获取到号码【1819904】GSD
2021-07-24 02:58:43 获取到号码【1819904】的GSD为【新疆-和田】
2021-07-24 02:58:47 GSD insert 第 1 次 等待 3 秒
2021-07-24 02:58:50 {"status":"ok","gid":372656,"msg":"添加成功！"}
2021-07-24 02:58:50 下次操作: 2021-07-24 02:59:06

2021-07-24 02:59:06 开始第 13 次操作

2021-07-24 02:59:06 开始操作号码 【1819903】
2021-07-24 02:59:08 GSD getOne 第 1 次 等待 3 秒
2021-07-24 02:59:11 查询号码 【1819903】，返回信息 {"status":"bad","msg":""}
2021-07-24 02:59:12 查询号码 【1819903】，GSD为【""】
2021-07-24 02:59:12 bad
2021-07-24 02:59:13 CHB 1819903?1627066752 第 1 次 等待 3 秒
2021-07-24 02:59:16 CHB 1819903?1627066752 第 1 次 获取到号码【1819903】GSD
2021-07-24 02:59:16 获取到号码【1819903】的GSD为【新疆-和田】
2021-07-24 02:59:19 GSD insert 第 1 次 等待 3 秒
2021-07-24 02:59:22 {"status":"ok","gid":372663,"msg":"添加成功！"}
2021-07-24 02:59:22 下次操作: 2021-07-24 02:59:37

2021-07-24 02:59:37 开始第 14 次操作

2021-07-24 02:59:37 开始操作号码 【1819902】
2021-07-24 02:59:40 GSD getOne 第 1 次 等待 3 秒
2021-07-24 02:59:43 查询号码 【1819902】，返回信息 {"status":"bad","msg":""}
2021-07-24 02:59:43 查询号码 【1819902】，GSD为【""】
2021-07-24 02:59:43 bad
2021-07-24 02:59:44 CHB 1819902?1627066783 第 1 次 等待 3 秒
2021-07-24 02:59:47 CHB 1819902?1627066783 第 1 次 获取到号码【1819902】GSD
2021-07-24 02:59:47 获取到号码【1819902】的GSD为【新疆-哈密】
2021-07-24 02:59:50 GSD insert 第 1 次 等待 3 秒
2021-07-24 02:59:53 {"status":"ok","gid":372675,"msg":"添加成功！"}
2021-07-24 02:59:53 下次操作: 2021-07-24 03:00:14

2021-07-24 03:00:14 开始第 15 次操作

2021-07-24 03:00:14 开始操作号码 【1819901】
2021-07-24 03:00:17 GSD getOne 第 1 次 等待 3 秒
2021-07-24 03:00:20 查询号码 【1819901】，返回信息 {"status":"bad","msg":""}
2021-07-24 03:00:20 查询号码 【1819901】，GSD为【""】
2021-07-24 03:00:20 bad
2021-07-24 03:00:21 CHB 1819901?1627066820 第 1 次 等待 3 秒
2021-07-24 03:00:24 CHB 1819901?1627066820 第 1 次 获取到号码【1819901】GSD
2021-07-24 03:00:24 获取到号码【1819901】的GSD为【新疆-塔城】
2021-07-24 03:00:27 GSD insert 第 1 次 等待 3 秒
2021-07-24 03:00:30 {"status":"ok","gid":372683,"msg":"添加成功！"}
2021-07-24 03:00:30 下次操作: 2021-07-24 03:00:43

2021-07-24 03:00:43 开始第 16 次操作

2021-07-24 03:00:43 开始操作号码 【1819900】
2021-07-24 03:00:46 GSD getOne 第 1 次 等待 3 秒
2021-07-24 03:00:49 查询号码 【1819900】，返回信息 {"status":"bad","msg":""}
2021-07-24 03:00:49 查询号码 【1819900】，GSD为【""】
2021-07-24 03:00:49 bad
2021-07-24 03:00:51 CHB 1819900?1627066849 第 1 次 等待 3 秒
2021-07-24 03:00:54 CHB 1819900?1627066849 第 1 次 获取到号码【1819900】GSD
2021-07-24 03:00:54 获取到号码【1819900】的GSD为【新疆-昌吉】
2021-07-24 03:00:56 GSD insert 第 1 次 等待 3 秒
2021-07-24 03:00:59 {"status":"ok","gid":372691,"msg":"添加成功！"}
2021-07-24 03:00:59 下次操作: 2021-07-24 03:01:16

2021-07-24 03:01:16 开始第 17 次操作

2021-07-24 03:01:16 开始操作号码 【1819899】
2021-07-24 03:01:20 GSD getOne 第 1 次 等待 3 秒
2021-07-24 03:01:23 查询号码 【1819899】，返回信息 {"status":"bad","msg":""}
2021-07-24 03:01:23 查询号码 【1819899】，GSD为【""】
2021-07-24 03:01:23 bad
2021-07-24 03:01:25 CHB 1819899?1627066883 第 1 次 等待 3 秒
2021-07-24 03:01:28 CHB 1819899?1627066883 第 1 次 获取到号码【1819899】GSD
2021-07-24 03:01:28 获取到号码【1819899】的GSD为【广东-广州】
2021-07-24 03:01:30 GSD insert 第 1 次 等待 3 秒
2021-07-24 03:01:33 {"status":"ok","gid":372702,"msg":"添加成功！"}
2021-07-24 03:01:33 下次操作: 2021-07-24 03:01:51

2021-07-24 03:01:51 开始第 18 次操作

2021-07-24 03:01:51 开始操作号码 【1819898】
2021-07-24 03:01:54 GSD getOne 第 1 次 等待 3 秒
2021-07-24 03:01:57 查询号码 【1819898】，返回信息 {"status":"bad","msg":""}
2021-07-24 03:01:57 查询号码 【1819898】，GSD为【""】
2021-07-24 03:01:57 bad
2021-07-24 03:01:59 CHB 1819898?1627066917 第 1 次 等待 3 秒
2021-07-24 03:02:02 CHB 1819898?1627066917 第 1 次 获取到号码【1819898】GSD
2021-07-24 03:02:02 获取到号码【1819898】的GSD为【广东-广州】
2021-07-24 03:02:05 GSD insert 第 1 次 等待 3 秒
2021-07-24 03:02:08 {"status":"ok","gid":372710,"msg":"添加成功！"}
2021-07-24 03:02:08 下次操作: 2021-07-24 03:02:32

2021-07-24 03:02:32 开始第 19 次操作

2021-07-24 03:02:32 开始操作号码 【1819897】
2021-07-24 03:02:34 GSD getOne 第 1 次 等待 3 秒
2021-07-24 03:02:37 查询号码 【1819897】，返回信息 {"status":"bad","msg":""}
2021-07-24 03:02:37 查询号码 【1819897】，GSD为【""】
2021-07-24 03:02:37 bad
2021-07-24 03:02:39 CHB 1819897?1627066957 第 1 次 等待 3 秒
2021-07-24 03:02:42 CHB 1819897?1627066957 第 1 次 获取到号码【1819897】GSD
2021-07-24 03:02:42 未获取到号码【1819897】GSD，查号吧 400 错误
2021-07-24 03:02:42 获取到号码【1819897】的GSD为【-】
2021-07-24 03:02:45 GSD insert 第 1 次 等待 3 秒
2021-07-24 03:02:48 {"status":"ok","gid":372722,"msg":"添加成功！"}
2021-07-24 03:02:48 下次操作: 2021-07-24 03:03:01

2021-07-24 03:03:01 开始第 20 次操作

2021-07-24 03:03:01 开始操作号码 【1819896】
2021-07-24 03:03:04 GSD getOne 第 1 次 等待 3 秒
2021-07-24 03:03:07 查询号码 【1819896】，返回信息 {"status":"bad","msg":""}
2021-07-24 03:03:07 查询号码 【1819896】，GSD为【""】
2021-07-24 03:03:07 bad
2021-07-24 03:03:08 CHB 1819896?1627066987 第 1 次 等待 3 秒
2021-07-24 03:03:11 CHB 1819896?1627066987 第 1 次 获取到号码【1819896】GSD
2021-07-24 03:03:11 获取到号码【1819896】的GSD为【广东-广州】
2021-07-24 03:03:15 GSD insert 第 1 次 等待 3 秒
2021-07-24 03:03:18 {"status":"ok","gid":372730,"msg":"添加成功！"}
2021-07-24 03:03:18 下次操作: 2021-07-24 03:03:34

2021-07-24 03:03:34 开始第 21 次操作

2021-07-24 03:03:34 开始操作号码 【1819895】
2021-07-24 03:03:37 GSD getOne 第 1 次 等待 3 秒
2021-07-24 03:03:40 查询号码 【1819895】，返回信息 {"status":"bad","msg":""}
2021-07-24 03:03:40 查询号码 【1819895】，GSD为【""】
2021-07-24 03:03:40 bad
2021-07-24 03:03:42 CHB 1819895?1627067020 第 1 次 等待 3 秒
2021-07-24 03:03:45 CHB 1819895?1627067020 第 1 次 获取到号码【1819895】GSD
2021-07-24 03:03:45 获取到号码【1819895】的GSD为【广东-广州】
2021-07-24 03:03:48 GSD insert 第 1 次 等待 3 秒
2021-07-24 03:03:51 {"status":"ok","gid":372738,"msg":"添加成功！"}
2021-07-24 03:03:51 下次操作: 2021-07-24 03:04:12

2021-07-24 03:04:12 开始第 22 次操作

2021-07-24 03:04:12 开始操作号码 【1819894】
2021-07-24 03:04:15 GSD getOne 第 1 次 等待 3 秒
2021-07-24 03:04:18 查询号码 【1819894】，返回信息 {"status":"bad","msg":""}
2021-07-24 03:04:18 查询号码 【1819894】，GSD为【""】
2021-07-24 03:04:18 bad
2021-07-24 03:04:20 CHB 1819894?1627067058 第 1 次 等待 3 秒
2021-07-24 03:04:23 CHB 1819894?1627067058 第 1 次 获取到号码【1819894】GSD
2021-07-24 03:04:23 获取到号码【1819894】的GSD为【广东-广州】
2021-07-24 03:04:26 GSD insert 第 1 次 等待 3 秒
2021-07-24 03:04:29 {"status":"ok","gid":372748,"msg":"添加成功！"}
2021-07-24 03:04:29 下次操作: 2021-07-24 03:04:42

2021-07-24 03:04:42 开始第 23 次操作

2021-07-24 03:04:42 开始操作号码 【1819893】
2021-07-24 03:04:45 GSD getOne 第 1 次 等待 3 秒
2021-07-24 03:04:48 查询号码 【1819893】，返回信息 {"status":"bad","msg":""}
2021-07-24 03:04:49 查询号码 【1819893】，GSD为【""】
2021-07-24 03:04:49 bad
2021-07-24 03:04:50 CHB 1819893?1627067089 第 1 次 等待 3 秒
2021-07-24 03:04:53 CHB 1819893?1627067089 第 1 次 获取到号码【1819893】GSD
2021-07-24 03:04:53 获取到号码【1819893】的GSD为【广东-广州】
2021-07-24 03:04:56 GSD insert 第 1 次 等待 3 秒
2021-07-24 03:04:59 {"status":"ok","gid":372756,"msg":"添加成功！"}
2021-07-24 03:04:59 下次操作: 2021-07-24 03:05:11

2021-07-24 03:05:11 开始第 24 次操作

2021-07-24 03:05:11 开始操作号码 【1819892】
2021-07-24 03:05:13 GSD getOne 第 1 次 等待 3 秒
2021-07-24 03:05:16 查询号码 【1819892】，返回信息 {"status":"bad","msg":""}
2021-07-24 03:05:17 查询号码 【1819892】，GSD为【""】
2021-07-24 03:05:17 bad
2021-07-24 03:05:18 CHB 1819892?1627067117 第 1 次 等待 3 秒
2021-07-24 03:05:21 CHB 1819892?1627067117 第 1 次 获取到号码【1819892】GSD
2021-07-24 03:05:21 获取到号码【1819892】的GSD为【广东-广州】
2021-07-24 03:05:24 GSD insert 第 1 次 等待 3 秒
2021-07-24 03:05:27 {"status":"ok","gid":372765,"msg":"添加成功！"}
2021-07-24 03:05:27 下次操作: 2021-07-24 03:05:48

2021-07-24 03:05:48 开始第 25 次操作

2021-07-24 03:05:48 开始操作号码 【1819891】
2021-07-24 03:05:51 GSD getOne 第 1 次 等待 3 秒
2021-07-24 03:05:54 查询号码 【1819891】，返回信息 {"status":"bad","msg":""}
2021-07-24 03:05:54 查询号码 【1819891】，GSD为【""】
2021-07-24 03:05:54 bad
2021-07-24 03:05:55 CHB 1819891?1627067154 第 1 次 等待 3 秒
2021-07-24 03:05:58 CHB 1819891?1627067154 第 1 次 获取到号码【1819891】GSD
2021-07-24 03:05:58 获取到号码【1819891】的GSD为【广东-广州】
2021-07-24 03:06:01 GSD insert 第 1 次 等待 3 秒
2021-07-24 03:06:04 {"status":"ok","gid":372776,"msg":"添加成功！"}
2021-07-24 03:06:04 下次操作: 2021-07-24 03:06:23

2021-07-24 03:06:23 开始第 26 次操作

2021-07-24 03:06:23 开始操作号码 【1819890】
2021-07-24 03:06:26 GSD getOne 第 1 次 等待 3 秒
2021-07-24 03:06:29 查询号码 【1819890】，返回信息 {"status":"bad","msg":""}
2021-07-24 03:06:29 查询号码 【1819890】，GSD为【""】
2021-07-24 03:06:29 bad
2021-07-24 03:06:30 CHB 1819890?1627067189 第 1 次 等待 3 秒
2021-07-24 03:06:33 CHB 1819890?1627067189 第 1 次 获取到号码【1819890】GSD
2021-07-24 03:06:33 获取到号码【1819890】的GSD为【广东-广州】
2021-07-24 03:06:36 GSD insert 第 1 次 等待 3 秒
2021-07-24 03:06:39 {"status":"ok","gid":372784,"msg":"添加成功！"}
2021-07-24 03:06:39 下次操作: 2021-07-24 03:06:57

2021-07-24 03:06:57 开始第 27 次操作

2021-07-24 03:06:57 开始操作号码 【1819889】
2021-07-24 03:07:00 GSD getOne 第 1 次 等待 3 秒
2021-07-24 03:07:03 查询号码 【1819889】，返回信息 {"status":"bad","msg":""}
2021-07-24 03:07:03 查询号码 【1819889】，GSD为【""】
2021-07-24 03:07:03 bad
2021-07-24 03:07:04 CHB 1819889?1627067223 第 1 次 等待 3 秒
2021-07-24 03:07:07 CHB 1819889?1627067223 第 1 次 获取到号码【1819889】GSD
2021-07-24 03:07:07 获取到号码【1819889】的GSD为【广东-广州】
2021-07-24 03:07:10 GSD insert 第 1 次 等待 3 秒
2021-07-24 03:07:13 {"status":"ok","gid":372793,"msg":"添加成功！"}
2021-07-24 03:07:13 下次操作: 2021-07-24 03:07:34

2021-07-24 03:07:34 开始第 28 次操作

2021-07-24 03:07:34 开始操作号码 【1819888】
2021-07-24 03:07:37 GSD getOne 第 1 次 等待 3 秒
2021-07-24 03:07:40 查询号码 【1819888】，返回信息 {"status":"bad","msg":""}
2021-07-24 03:07:40 查询号码 【1819888】，GSD为【""】
2021-07-24 03:07:40 bad
2021-07-24 03:07:41 CHB 1819888?1627067260 第 1 次 等待 3 秒
2021-07-24 03:07:44 CHB 1819888?1627067260 第 1 次 获取到号码【1819888】GSD
2021-07-24 03:07:44 获取到号码【1819888】的GSD为【广东-广州】
2021-07-24 03:07:47 GSD insert 第 1 次 等待 3 秒
2021-07-24 03:07:50 {"status":"ok","gid":372806,"msg":"添加成功！"}
2021-07-24 03:07:50 下次操作: 2021-07-24 03:08:02

2021-07-24 03:08:02 开始第 29 次操作

2021-07-24 03:08:02 开始操作号码 【1819887】
2021-07-24 03:08:05 GSD getOne 第 1 次 等待 3 秒
2021-07-24 03:08:08 查询号码 【1819887】，返回信息 {"status":"bad","msg":""}
2021-07-24 03:08:08 查询号码 【1819887】，GSD为【""】
2021-07-24 03:08:08 bad
2021-07-24 03:08:10 CHB 1819887?1627067288 第 1 次 等待 3 秒
2021-07-24 03:08:13 CHB 1819887?1627067288 第 1 次 获取到号码【1819887】GSD
2021-07-24 03:08:13 获取到号码【1819887】的GSD为【广东-广州】
2021-07-24 03:08:16 GSD insert 第 1 次 等待 3 秒
2021-07-24 03:08:19 {"status":"ok","gid":372815,"msg":"添加成功！"}
2021-07-24 03:08:19 下次操作: 2021-07-24 03:08:31

2021-07-24 03:08:31 开始第 30 次操作

2021-07-24 03:08:31 开始操作号码 【1819886】
2021-07-24 03:08:33 GSD getOne 第 1 次 等待 3 秒
2021-07-24 03:08:36 查询号码 【1819886】，返回信息 {"status":"bad","msg":""}
2021-07-24 03:08:36 查询号码 【1819886】，GSD为【""】
2021-07-24 03:08:36 bad
2021-07-24 03:08:38 CHB 1819886?1627067316 第 1 次 等待 3 秒
2021-07-24 03:08:41 CHB 1819886?1627067316 第 1 次 获取到号码【1819886】GSD
2021-07-24 03:08:41 获取到号码【1819886】的GSD为【广东-广州】
2021-07-24 03:08:44 GSD insert 第 1 次 等待 3 秒
2021-07-24 03:08:47 {"status":"ok","gid":372823,"msg":"添加成功！"}
2021-07-24 03:08:47 下次操作: 2021-07-24 03:09:09

2021-07-24 03:09:09 开始第 31 次操作

2021-07-24 03:09:09 开始操作号码 【1819885】
2021-07-24 03:09:11 GSD getOne 第 1 次 等待 3 秒
2021-07-24 03:09:14 查询号码 【1819885】，返回信息 {"status":"bad","msg":""}
2021-07-24 03:09:14 查询号码 【1819885】，GSD为【""】
2021-07-24 03:09:14 bad
2021-07-24 03:09:16 CHB 1819885?1627067354 第 1 次 等待 3 秒
2021-07-24 03:09:19 CHB 1819885?1627067354 第 1 次 获取到号码【1819885】GSD
2021-07-24 03:09:19 获取到号码【1819885】的GSD为【广东-广州】
2021-07-24 03:09:22 GSD insert 第 1 次 等待 3 秒
2021-07-24 03:09:25 {"status":"ok","gid":372835,"msg":"添加成功！"}
2021-07-24 03:09:25 下次操作: 2021-07-24 03:09:41

2021-07-24 03:09:41 开始第 32 次操作

2021-07-24 03:09:41 开始操作号码 【1819884】
2021-07-24 03:09:43 GSD getOne 第 1 次 等待 3 秒
2021-07-24 03:09:46 查询号码 【1819884】，返回信息 {"status":"bad","msg":""}
2021-07-24 03:09:46 查询号码 【1819884】，GSD为【""】
2021-07-24 03:09:47 bad
2021-07-24 03:09:48 CHB 1819884?1627067387 第 1 次 等待 3 秒
2021-07-24 03:09:51 CHB 1819884?1627067387 第 1 次 获取到号码【1819884】GSD
2021-07-24 03:09:51 获取到号码【1819884】的GSD为【广东-梅州】
2021-07-24 03:09:54 GSD insert 第 1 次 等待 3 秒
2021-07-24 03:09:57 {"status":"ok","gid":372845,"msg":"添加成功！"}
2021-07-24 03:09:57 下次操作: 2021-07-24 03:10:17

2021-07-24 03:10:17 开始第 33 次操作

2021-07-24 03:10:17 开始操作号码 【1819883】
2021-07-24 03:10:20 GSD getOne 第 1 次 等待 3 秒
2021-07-24 03:10:23 查询号码 【1819883】，返回信息 {"status":"bad","msg":""}
2021-07-24 03:10:23 查询号码 【1819883】，GSD为【""】
2021-07-24 03:10:23 bad
2021-07-24 03:10:24 CHB 1819883?1627067423 第 1 次 等待 3 秒
2021-07-24 03:10:27 CHB 1819883?1627067423 第 1 次 获取到号码【1819883】GSD
2021-07-24 03:10:27 获取到号码【1819883】的GSD为【广东-东莞】
2021-07-24 03:10:30 GSD insert 第 1 次 等待 3 秒
2021-07-24 03:10:33 {"status":"ok","gid":372854,"msg":"添加成功！"}
2021-07-24 03:10:33 下次操作: 2021-07-24 03:10:55

2021-07-24 03:10:55 开始第 34 次操作

2021-07-24 03:10:55 开始操作号码 【1819882】
2021-07-24 03:10:58 GSD getOne 第 1 次 等待 3 秒
2021-07-24 03:11:01 查询号码 【1819882】，返回信息 {"status":"bad","msg":""}
2021-07-24 03:11:01 查询号码 【1819882】，GSD为【""】
2021-07-24 03:11:01 bad
2021-07-24 03:11:03 CHB 1819882?1627067461 第 1 次 等待 3 秒
2021-07-24 03:11:06 CHB 1819882?1627067461 第 1 次 获取到号码【1819882】GSD
2021-07-24 03:11:06 获取到号码【1819882】的GSD为【广东-东莞】
2021-07-24 03:11:09 GSD insert 第 1 次 等待 3 秒
2021-07-24 03:11:12 {"status":"ok","gid":372864,"msg":"添加成功！"}
2021-07-24 03:11:12 下次操作: 2021-07-24 03:11:34

2021-07-24 03:11:34 开始第 35 次操作

2021-07-24 03:11:34 开始操作号码 【1819881】
2021-07-24 03:11:39 GSD getOne 第 1 次 等待 3 秒
2021-07-24 03:11:42 查询号码 【1819881】，返回信息 {"status":"bad","msg":""}
2021-07-24 03:11:42 查询号码 【1819881】，GSD为【""】
2021-07-24 03:11:42 bad
2021-07-24 03:11:44 CHB 1819881?1627067502 第 1 次 等待 3 秒
2021-07-24 03:11:47 CHB 1819881?1627067502 第 1 次 获取到号码【1819881】GSD
2021-07-24 03:11:47 获取到号码【1819881】的GSD为【广东-潮州】
2021-07-24 03:11:50 GSD insert 第 1 次 等待 3 秒
2021-07-24 03:11:53 {"status":"ok","gid":372874,"msg":"添加成功！"}
2021-07-24 03:11:53 下次操作: 2021-07-24 03:12:15

2021-07-24 03:12:15 开始第 36 次操作

2021-07-24 03:12:15 开始操作号码 【1819880】
2021-07-24 03:12:17 GSD getOne 第 1 次 等待 3 秒
2021-07-24 03:12:20 查询号码 【1819880】，返回信息 {"status":"bad","msg":""}
2021-07-24 03:12:21 查询号码 【1819880】，GSD为【""】
2021-07-24 03:12:21 bad
2021-07-24 03:12:22 CHB 1819880?1627067541 第 1 次 等待 3 秒
2021-07-24 03:12:25 CHB 1819880?1627067541 第 1 次 获取到号码【1819880】GSD
2021-07-24 03:12:25 获取到号码【1819880】的GSD为【广东-中山】
2021-07-24 03:12:28 GSD insert 第 1 次 等待 3 秒
2021-07-24 03:12:31 {"status":"ok","gid":372881,"msg":"添加成功！"}
2021-07-24 03:12:31 下次操作: 2021-07-24 03:12:46

2021-07-24 03:12:46 开始第 37 次操作

2021-07-24 03:12:46 开始操作号码 【1819879】
2021-07-24 03:12:49 GSD getOne 第 1 次 等待 3 秒
2021-07-24 03:12:52 查询号码 【1819879】，返回信息 {"status":"bad","msg":""}
2021-07-24 03:12:52 查询号码 【1819879】，GSD为【""】
2021-07-24 03:12:52 bad
2021-07-24 03:12:53 CHB 1819879?1627067572 第 1 次 等待 3 秒
2021-07-24 03:12:56 CHB 1819879?1627067572 第 1 次 获取到号码【1819879】GSD
2021-07-24 03:12:56 获取到号码【1819879】的GSD为【广东-珠海】
2021-07-24 03:12:59 GSD insert 第 1 次 等待 3 秒
2021-07-24 03:13:02 {"status":"ok","gid":372887,"msg":"添加成功！"}
2021-07-24 03:13:02 下次操作: 2021-07-24 03:13:19

2021-07-24 03:13:19 开始第 38 次操作

2021-07-24 03:13:19 开始操作号码 【1819878】
2021-07-24 03:13:22 GSD getOne 第 1 次 等待 3 秒
2021-07-24 03:13:25 查询号码 【1819878】，返回信息 {"status":"bad","msg":""}
2021-07-24 03:13:25 查询号码 【1819878】，GSD为【""】
2021-07-24 03:13:25 bad
2021-07-24 03:13:27 CHB 1819878?1627067605 第 1 次 等待 3 秒
2021-07-24 03:13:30 CHB 1819878?1627067605 第 1 次 获取到号码【1819878】GSD
2021-07-24 03:13:30 获取到号码【1819878】的GSD为【广东-阳江】
2021-07-24 03:13:32 GSD insert 第 1 次 等待 3 秒
2021-07-24 03:13:35 {"status":"ok","gid":372893,"msg":"添加成功！"}
2021-07-24 03:13:35 下次操作: 2021-07-24 03:13:55

2021-07-24 03:13:55 开始第 39 次操作

2021-07-24 03:13:55 开始操作号码 【1819877】
2021-07-24 03:13:58 GSD getOne 第 1 次 等待 3 秒
2021-07-24 03:14:01 查询号码 【1819877】，返回信息 {"status":"bad","msg":""}
2021-07-24 03:14:01 查询号码 【1819877】，GSD为【""】
2021-07-24 03:14:01 bad
2021-07-24 03:14:03 CHB 1819877?1627067641 第 1 次 等待 3 秒
2021-07-24 03:14:06 CHB 1819877?1627067641 第 1 次 获取到号码【1819877】GSD
2021-07-24 03:14:06 获取到号码【1819877】的GSD为【广东-阳江】
2021-07-24 03:14:08 GSD insert 第 1 次 等待 3 秒
2021-07-24 03:14:11 {"status":"ok","gid":372900,"msg":"添加成功！"}
2021-07-24 03:14:11 下次操作: 2021-07-24 03:14:23

2021-07-24 03:14:23 开始第 40 次操作

2021-07-24 03:14:23 开始操作号码 【1819876】
2021-07-24 03:14:26 GSD getOne 第 1 次 等待 3 秒
2021-07-24 03:14:29 查询号码 【1819876】，返回信息 {"status":"bad","msg":""}
2021-07-24 03:14:29 查询号码 【1819876】，GSD为【""】
2021-07-24 03:14:29 bad
2021-07-24 03:14:31 CHB 1819876?1627067669 第 1 次 等待 3 秒
2021-07-24 03:14:34 CHB 1819876?1627067669 第 1 次 获取到号码【1819876】GSD
2021-07-24 03:14:34 获取到号码【1819876】的GSD为【广东-惠州】
2021-07-24 03:14:36 GSD insert 第 1 次 等待 3 秒
2021-07-24 03:14:39 {"status":"ok","gid":372903,"msg":"添加成功！"}

