2023-11-29 00:23:36 开始第 369 次操作

2023-11-29 00:23:36 开始操作号码 【1850288】
2023-11-29 00:23:40 GSD getOne 第 1 次 等待 3 秒
2023-11-29 00:23:43 查询号码 【1850288】，返回信息 {"status":"ok","msg":"四川-成都","gid":"39644","time_insert":"2019-04-27 08:40","time_update":"2020-11-10 13:14"}
2023-11-29 00:23:43 查询号码 【1850288】，GSD为【"四川-成都"】

2023-11-29 00:23:44 开始第 370 次操作

2023-11-29 00:23:44 开始操作号码 【1850289】
2023-11-29 00:23:47 GSD getOne 第 1 次 等待 3 秒
2023-11-29 00:23:50 查询号码 【1850289】，返回信息 {"status":"ok","msg":"四川-成都","gid":"39645","time_insert":"2017-04-16 17:27","time_update":"2020-11-10 13:18"}
2023-11-29 00:23:50 查询号码 【1850289】，GSD为【"四川-成都"】

2023-11-29 00:23:51 开始第 371 次操作

2023-11-29 00:23:51 开始操作号码 【1850290】
2023-11-29 00:23:55 GSD getOne 第 1 次 等待 3 秒
2023-11-29 00:23:58 查询号码 【1850290】，返回信息 {"status":"ok","msg":"陕西-西安","gid":"327024","time_insert":"2021-07-19 15:03"}
2023-11-29 00:23:58 查询号码 【1850290】，GSD为【"陕西-西安"】

2023-11-29 00:23:59 开始第 372 次操作

2023-11-29 00:23:59 开始操作号码 【1850291】
2023-11-29 00:24:03 GSD getOne 第 1 次 等待 3 秒
2023-11-29 00:24:06 查询号码 【1850291】，返回信息 {"status":"ok","msg":"陕西-西安","gid":"327185","time_insert":"2021-07-19 15:17"}
2023-11-29 00:24:06 查询号码 【1850291】，GSD为【"陕西-西安"】

