2024-05-11 00:22:48 开始第 8121 次操作

2024-05-11 00:22:48 开始操作号码 【1638036】
2024-05-11 00:22:58 GSD getOne 第 1 次 等待 3 秒
2024-05-11 00:23:01 查询号码 【1638036】，返回信息 {"status":"ok","msg":"-","gid":"693050","time_insert":"2023-05-05 07:13"}
2024-05-11 00:23:01 查询号码 【1638036】，GSD为【"-"】
2024-05-11 00:23:01 ok && -
2024-05-11 00:23:03 CHB 1638036?1715358181 第 1 次 等待 3 秒
2024-05-11 00:23:06 CHB 1638036?1715358181 第 1 次 获取到号码【1638036】GSD
2024-05-11 00:23:06 未获取到号码【1638036】GSD，可能号码格式错误
2024-05-11 00:23:06 获取到号码【1638036】的GSD为【-】
2024-05-11 00:23:18 GSD insert 第 1 次 等待 3 秒
2024-05-11 00:23:21 {"status":"bad","gid":"693050","msg":"添加失败！号码【1638036(-|-)】已存在！"}
2024-05-11 00:23:21 随机等待 210 秒，约 3 分钟
2024-05-11 00:23:21 下次操作: 2024-05-11 00:26:51

2024-05-11 00:26:51 开始第 8122 次操作

2024-05-11 00:26:51 开始操作号码 【1638037】
2024-05-11 00:27:00 GSD getOne 第 1 次 等待 3 秒
2024-05-11 00:27:03 查询号码 【1638037】，返回信息 {"status":"ok","msg":"-","gid":"693062","time_insert":"2023-05-05 07:28"}
2024-05-11 00:27:03 查询号码 【1638037】，GSD为【"-"】
2024-05-11 00:27:03 ok && -
2024-05-11 00:27:06 CHB 1638037?1715358423 第 1 次 等待 3 秒
2024-05-11 00:27:09 CHB 1638037?1715358423 第 1 次 获取到号码【1638037】GSD
2024-05-11 00:27:09 未获取到号码【1638037】GSD，可能号码格式错误
2024-05-11 00:27:09 获取到号码【1638037】的GSD为【-】
2024-05-11 00:27:14 GSD insert 第 1 次 等待 3 秒
2024-05-11 00:27:17 {"status":"bad","gid":"693062","msg":"添加失败！号码【1638037(-|-)】已存在！"}
2024-05-11 00:27:17 随机等待 151 秒，约 2 分钟
2024-05-11 00:27:17 下次操作: 2024-05-11 00:29:48

2024-05-11 00:29:48 开始第 8123 次操作

2024-05-11 00:29:48 开始操作号码 【1638038】
2024-05-11 00:29:53 GSD getOne 第 1 次 等待 3 秒
2024-05-11 00:29:56 查询号码 【1638038】，返回信息 {"status":"ok","msg":"-","gid":"693084","time_insert":"2023-05-05 07:48"}
2024-05-11 00:29:56 查询号码 【1638038】，GSD为【"-"】
2024-05-11 00:29:56 ok && -
2024-05-11 00:30:00 CHB 1638038?1715358596 第 1 次 等待 3 秒
2024-05-11 00:30:03 CHB 1638038?1715358596 第 1 次 获取到号码【1638038】GSD
2024-05-11 00:30:03 未获取到号码【1638038】GSD，可能号码格式错误
2024-05-11 00:30:03 获取到号码【1638038】的GSD为【-】
2024-05-11 00:30:08 GSD insert 第 1 次 等待 3 秒
2024-05-11 00:30:11 {"status":"bad","gid":"693084","msg":"添加失败！号码【1638038(-|-)】已存在！"}
2024-05-11 00:30:11 随机等待 193 秒，约 3 分钟
2024-05-11 00:30:11 下次操作: 2024-05-11 00:33:24

2024-05-11 00:33:24 开始第 8124 次操作

2024-05-11 00:33:24 开始操作号码 【1638039】
2024-05-11 00:33:29 GSD getOne 第 1 次 等待 3 秒
2024-05-11 00:33:32 查询号码 【1638039】，返回信息 {"status":"ok","msg":"-","gid":"693101","time_insert":"2023-05-05 08:10"}
2024-05-11 00:33:32 查询号码 【1638039】，GSD为【"-"】
2024-05-11 00:33:32 ok && -
2024-05-11 00:33:34 CHB 1638039?1715358812 第 1 次 等待 3 秒
2024-05-11 00:33:37 CHB 1638039?1715358812 第 1 次 获取到号码【1638039】GSD
2024-05-11 00:33:37 未获取到号码【1638039】GSD，可能号码格式错误
2024-05-11 00:33:37 获取到号码【1638039】的GSD为【-】
2024-05-11 00:33:44 GSD insert 第 1 次 等待 3 秒
2024-05-11 00:33:47 {"status":"bad","gid":"693101","msg":"添加失败！号码【1638039(-|-)】已存在！"}

2024-05-11 00:39:41 开始第 8125 次操作

2024-05-11 00:39:41 开始操作号码 【1638040】
2024-05-11 00:39:50 GSD getOne 第 1 次 等待 3 秒
2024-05-11 00:39:53 查询号码 【1638040】，返回信息 {"status":"ok","msg":"-","gid":"693117","time_insert":"2023-05-05 08:25"}
2024-05-11 00:39:53 查询号码 【1638040】，GSD为【"-"】
2024-05-11 00:39:53 ok && -
2024-05-11 00:39:56 CHB 1638040?1715359193 第 1 次 等待 3 秒
2024-05-11 00:39:59 CHB 1638040?1715359193 第 1 次 获取到号码【1638040】GSD
2024-05-11 00:39:59 未获取到号码【1638040】GSD，可能号码格式错误
2024-05-11 00:39:59 获取到号码【1638040】的GSD为【-】
2024-05-11 00:40:05 GSD insert 第 1 次 等待 3 秒
2024-05-11 00:40:08 {"status":"bad","gid":"693117","msg":"添加失败！号码【1638040(-|-)】已存在！"}
2024-05-11 00:40:08 随机等待 123 秒，约 2 分钟
2024-05-11 00:40:08 下次操作: 2024-05-11 00:42:11

2024-05-11 00:42:11 开始第 8126 次操作

2024-05-11 00:42:11 开始操作号码 【1638041】
2024-05-11 00:42:26 GSD getOne 第 1 次 等待 3 秒
2024-05-11 00:42:29 查询号码 【1638041】，返回信息 {"status":"ok","msg":"-","gid":"693139","time_insert":"2023-05-05 08:49"}
2024-05-11 00:42:29 查询号码 【1638041】，GSD为【"-"】
2024-05-11 00:42:29 ok && -
2024-05-11 00:42:32 CHB 1638041?1715359349 第 1 次 等待 3 秒
2024-05-11 00:42:35 CHB 1638041?1715359349 第 1 次 获取到号码【1638041】GSD
2024-05-11 00:42:35 未获取到号码【1638041】GSD，可能号码格式错误
2024-05-11 00:42:35 获取到号码【1638041】的GSD为【-】
2024-05-11 00:42:43 GSD insert 第 1 次 等待 3 秒
2024-05-11 00:42:46 {"status":"bad","gid":"693139","msg":"添加失败！号码【1638041(-|-)】已存在！"}
2024-05-11 00:42:46 随机等待 205 秒，约 3 分钟
2024-05-11 00:42:46 下次操作: 2024-05-11 00:46:11

2024-05-11 00:46:11 开始第 8127 次操作

2024-05-11 00:46:11 开始操作号码 【1638042】
2024-05-11 00:46:21 GSD getOne 第 1 次 等待 3 秒
2024-05-11 00:46:24 查询号码 【1638042】，返回信息 {"status":"ok","msg":"-","gid":"693156","time_insert":"2023-05-05 09:07"}
2024-05-11 00:46:24 查询号码 【1638042】，GSD为【"-"】
2024-05-11 00:46:24 ok && -
2024-05-11 00:46:26 CHB 1638042?1715359584 第 1 次 等待 3 秒
2024-05-11 00:46:29 CHB 1638042?1715359584 第 1 次 获取到号码【1638042】GSD
2024-05-11 00:46:29 未获取到号码【1638042】GSD，可能号码格式错误
2024-05-11 00:46:29 获取到号码【1638042】的GSD为【-】
2024-05-11 00:46:35 GSD insert 第 1 次 等待 3 秒
2024-05-11 00:46:38 {"status":"bad","gid":"693156","msg":"添加失败！号码【1638042(-|-)】已存在！"}
2024-05-11 00:46:38 随机等待 138 秒，约 2 分钟
2024-05-11 00:46:38 下次操作: 2024-05-11 00:48:56

2024-05-11 00:48:56 开始第 8128 次操作

2024-05-11 00:48:56 开始操作号码 【1638043】
2024-05-11 00:49:04 GSD getOne 第 1 次 等待 3 秒
2024-05-11 00:49:07 查询号码 【1638043】，返回信息 {"status":"ok","msg":"-","gid":"693164","time_insert":"2023-05-05 09:18"}
2024-05-11 00:49:07 查询号码 【1638043】，GSD为【"-"】
2024-05-11 00:49:07 ok && -
2024-05-11 00:49:10 CHB 1638043?1715359747 第 1 次 等待 3 秒
2024-05-11 00:49:13 CHB 1638043?1715359747 第 1 次 获取到号码【1638043】GSD
2024-05-11 00:49:13 未获取到号码【1638043】GSD，可能号码格式错误
2024-05-11 00:49:13 获取到号码【1638043】的GSD为【-】
2024-05-11 00:49:17 GSD insert 第 1 次 等待 3 秒
2024-05-11 00:49:20 {"status":"bad","gid":"693164","msg":"添加失败！号码【1638043(-|-)】已存在！"}

