2021-07-26 00:00:09 开始第 19 次操作

2021-07-26 00:00:09 开始操作号码 【1817511】
2021-07-26 00:00:15 GSD getOne 第 1 次 等待 3 秒
2021-07-26 00:00:18 查询号码 【1817511】，返回信息 {"status":"bad","msg":""}
2021-07-26 00:00:18 查询号码 【1817511】，GSD为【""】
2021-07-26 00:00:18 bad
2021-07-26 00:00:21 CHB 1817511?1627228818 第 1 次 等待 3 秒
2021-07-26 00:00:24 CHB 1817511?1627228818 第 1 次 获取到号码【1817511】GSD
2021-07-26 00:00:24 获取到号码【1817511】的GSD为【湖南-长沙】
2021-07-26 00:00:27 GSD insert 第 1 次 等待 3 秒
2021-07-26 00:00:30 {"status":"ok","gid":395133,"msg":"添加成功！"}
2021-07-26 00:00:30 下次操作: 2021-07-26 00:00:54

2021-07-26 00:00:54 开始第 20 次操作

2021-07-26 00:00:54 开始操作号码 【1817510】
2021-07-26 00:00:57 GSD getOne 第 1 次 等待 3 秒
2021-07-26 00:01:00 查询号码 【1817510】，返回信息 {"status":"ok","msg":"湖南-长沙","gid":"33926","time_insert":"2018-11-30 08:46","time_update":"2020-09-23 14:07"}
2021-07-26 00:01:00 查询号码 【1817510】，GSD为【"湖南-长沙"】

2021-07-26 00:01:00 开始第 20 次操作

2021-07-26 00:01:00 开始操作号码 【1817509】
2021-07-26 00:01:15 GSD getOne 第 1 次 等待 3 秒
2021-07-26 00:01:18 查询号码 【1817509】，返回信息 {"status":"bad","msg":""}
2021-07-26 00:01:18 查询号码 【1817509】，GSD为【""】
2021-07-26 00:01:18 bad
2021-07-26 00:01:20 CHB 1817509?1627228878 第 1 次 等待 3 秒
2021-07-26 00:01:23 CHB 1817509?1627228878 第 1 次 获取到号码【1817509】GSD
2021-07-26 00:01:23 未获取到号码【1817509】GSD，查号吧 400 错误
2021-07-26 00:01:23 获取到号码【1817509】的GSD为【-】
2021-07-26 00:01:30 GSD insert 第 1 次 等待 3 秒
2021-07-26 00:01:33 {"status":"ok","gid":395145,"msg":"添加成功！"}
2021-07-26 00:01:33 下次操作: 2021-07-26 00:01:51

2021-07-26 00:01:51 开始第 21 次操作

2021-07-26 00:01:51 开始操作号码 【1817508】
2021-07-26 00:01:54 GSD getOne 第 1 次 等待 3 秒
2021-07-26 00:01:57 查询号码 【1817508】，返回信息 {"status":"ok","msg":"安徽-六安","gid":"33925","time_insert":"2020-08-05 10:22","time_update":"2020-08-08 09:06"}
2021-07-26 00:01:57 查询号码 【1817508】，GSD为【"安徽-六安"】

2021-07-26 00:01:57 开始第 21 次操作

2021-07-26 00:01:57 开始操作号码 【1817507】
2021-07-26 00:02:01 GSD getOne 第 1 次 等待 3 秒
2021-07-26 00:02:04 查询号码 【1817507】，返回信息 {"status":"bad","msg":""}
2021-07-26 00:02:04 查询号码 【1817507】，GSD为【""】
2021-07-26 00:02:04 bad
2021-07-26 00:02:37 CHB 1817507?1627228924 第 1 次 等待 3 秒
2021-07-26 00:02:40 CHB 1817507?1627228924 第 1 次 获取到号码【1817507】GSD
2021-07-26 00:02:40 获取到号码【1817507】的GSD为【安徽-六安】
2021-07-26 00:02:51 GSD insert 第 1 次 等待 3 秒
2021-07-26 00:02:54 {"status":"ok","gid":395164,"msg":"添加成功！"}
2021-07-26 00:02:54 下次操作: 2021-07-26 00:03:16

2021-07-26 00:03:16 开始第 22 次操作

2021-07-26 00:03:16 开始操作号码 【1817506】
2021-07-26 00:03:19 GSD getOne 第 1 次 等待 3 秒
2021-07-26 00:03:22 查询号码 【1817506】，返回信息 {"status":"bad","msg":""}
2021-07-26 00:03:22 查询号码 【1817506】，GSD为【""】
2021-07-26 00:03:22 bad
2021-07-26 00:03:27 CHB 1817506?1627229002 第 1 次 等待 3 秒
2021-07-26 00:03:30 CHB 1817506?1627229002 第 1 次 获取到号码【1817506】GSD
2021-07-26 00:03:30 获取到号码【1817506】的GSD为【安徽-六安】
2021-07-26 00:03:33 GSD insert 第 1 次 等待 3 秒
2021-07-26 00:03:36 {"status":"ok","gid":395175,"msg":"添加成功！"}
2021-07-26 00:03:36 下次操作: 2021-07-26 00:03:48

2021-07-26 00:03:48 开始第 23 次操作

2021-07-26 00:03:48 开始操作号码 【1817505】
2021-07-26 00:03:51 GSD getOne 第 1 次 等待 3 秒
2021-07-26 00:03:54 查询号码 【1817505】，返回信息 {"status":"bad","msg":""}
2021-07-26 00:03:54 查询号码 【1817505】，GSD为【""】
2021-07-26 00:03:54 bad
2021-07-26 00:03:57 CHB 1817505?1627229034 第 1 次 等待 3 秒
2021-07-26 00:04:00 CHB 1817505?1627229034 第 1 次 获取到号码【1817505】GSD
2021-07-26 00:04:00 获取到号码【1817505】的GSD为【安徽-六安】
2021-07-26 00:04:11 GSD insert 第 1 次 等待 3 秒
2021-07-26 00:04:14 {"status":"ok","gid":395182,"msg":"添加成功！"}
2021-07-26 00:04:14 下次操作: 2021-07-26 00:04:34

2021-07-26 00:04:34 开始第 24 次操作

2021-07-26 00:04:34 开始操作号码 【1817504】
2021-07-26 00:04:38 GSD getOne 第 1 次 等待 3 秒
2021-07-26 00:04:41 查询号码 【1817504】，返回信息 {"status":"bad","msg":""}
2021-07-26 00:04:41 查询号码 【1817504】，GSD为【""】
2021-07-26 00:04:41 bad
2021-07-26 00:04:43 CHB 1817504?1627229081 第 1 次 等待 3 秒
2021-07-26 00:04:46 CHB 1817504?1627229081 第 1 次 获取到号码【1817504】GSD
2021-07-26 00:04:46 获取到号码【1817504】的GSD为【安徽-六安】
2021-07-26 00:04:52 GSD insert 第 1 次 等待 3 秒
2021-07-26 00:04:55 {"status":"ok","gid":395194,"msg":"添加成功！"}
2021-07-26 00:04:55 下次操作: 2021-07-26 00:05:12

2021-07-26 00:05:12 开始第 25 次操作

2021-07-26 00:05:12 开始操作号码 【1817503】
2021-07-26 00:05:18 GSD getOne 第 1 次 等待 3 秒
2021-07-26 00:05:21 查询号码 【1817503】，返回信息 {"status":"bad","msg":""}
2021-07-26 00:05:21 查询号码 【1817503】，GSD为【""】
2021-07-26 00:05:21 bad
2021-07-26 00:05:27 CHB 1817503?1627229121 第 1 次 等待 3 秒
2021-07-26 00:05:30 CHB 1817503?1627229121 第 1 次 获取到号码【1817503】GSD
2021-07-26 00:05:30 获取到号码【1817503】的GSD为【安徽-六安】
2021-07-26 00:05:35 GSD insert 第 1 次 等待 3 秒
2021-07-26 00:05:38 {"status":"ok","gid":395202,"msg":"添加成功！"}
2021-07-26 00:05:38 下次操作: 2021-07-26 00:05:56

2021-07-26 00:05:56 开始第 26 次操作

2021-07-26 00:05:56 开始操作号码 【1817502】
2021-07-26 00:06:07 GSD getOne 第 1 次 等待 3 秒
2021-07-26 00:06:10 查询号码 【1817502】，返回信息 {"status":"bad","msg":""}
2021-07-26 00:06:10 查询号码 【1817502】，GSD为【""】
2021-07-26 00:06:10 bad
2021-07-26 00:06:12 CHB 1817502?1627229170 第 1 次 等待 3 秒
2021-07-26 00:06:15 CHB 1817502?1627229170 第 1 次 获取到号码【1817502】GSD
2021-07-26 00:06:15 获取到号码【1817502】的GSD为【安徽-六安】
2021-07-26 00:06:21 GSD insert 第 1 次 等待 3 秒
2021-07-26 00:06:24 {"status":"ok","gid":395215,"msg":"添加成功！"}
2021-07-26 00:06:24 下次操作: 2021-07-26 00:06:45

2021-07-26 00:06:45 开始第 27 次操作

2021-07-26 00:06:45 开始操作号码 【1817501】
2021-07-26 00:06:49 GSD getOne 第 1 次 等待 3 秒
2021-07-26 00:06:52 查询号码 【1817501】，返回信息 {"status":"bad","msg":""}
2021-07-26 00:06:53 查询号码 【1817501】，GSD为【""】
2021-07-26 00:06:53 bad
2021-07-26 00:06:54 CHB 1817501?1627229213 第 1 次 等待 3 秒
2021-07-26 00:06:57 CHB 1817501?1627229213 第 1 次 获取到号码【1817501】GSD
2021-07-26 00:06:57 获取到号码【1817501】的GSD为【安徽-六安】
2021-07-26 00:07:06 GSD insert 第 1 次 等待 3 秒
2021-07-26 00:07:09 {"status":"ok","gid":395228,"msg":"添加成功！"}
2021-07-26 00:07:09 下次操作: 2021-07-26 00:07:29

2021-07-26 00:07:29 开始第 28 次操作

2021-07-26 00:07:29 开始操作号码 【1817500】
2021-07-26 00:07:49 GSD getOne 第 1 次 等待 3 秒
2021-07-26 00:07:52 查询号码 【1817500】，返回信息 {"status":"bad","msg":""}
2021-07-26 00:07:52 查询号码 【1817500】，GSD为【""】
2021-07-26 00:07:52 bad
2021-07-26 00:07:55 CHB 1817500?1627229272 第 1 次 等待 3 秒
2021-07-26 00:07:58 CHB 1817500?1627229272 第 1 次 获取到号码【1817500】GSD
2021-07-26 00:07:58 获取到号码【1817500】的GSD为【安徽-六安】
2021-07-26 00:08:04 GSD insert 第 1 次 等待 3 秒
2021-07-26 00:08:07 {"status":"ok","gid":395239,"msg":"添加成功！"}
2021-07-26 00:08:07 下次操作: 2021-07-26 00:08:21

2021-07-26 00:08:21 开始第 29 次操作

2021-07-26 00:08:21 开始操作号码 【1817499】
2021-07-26 00:08:28 GSD getOne 第 1 次 等待 3 秒
2021-07-26 00:08:31 查询号码 【1817499】，返回信息 {"status":"ok","msg":"广西-百色","gid":"50108","time_insert":"2021-04-21 15:15"}
2021-07-26 00:08:31 查询号码 【1817499】，GSD为【"广西-百色"】

2021-07-26 00:08:31 开始第 29 次操作

2021-07-26 00:08:31 开始操作号码 【1817498】
2021-07-26 00:08:34 GSD getOne 第 1 次 等待 3 秒
2021-07-26 00:08:37 查询号码 【1817498】，返回信息 {"status":"bad","msg":""}
2021-07-26 00:08:37 查询号码 【1817498】，GSD为【""】
2021-07-26 00:08:37 bad
2021-07-26 00:08:40 CHB 1817498?1627229317 第 1 次 等待 3 秒
2021-07-26 00:08:43 CHB 1817498?1627229317 第 1 次 获取到号码【1817498】GSD
2021-07-26 00:08:43 获取到号码【1817498】的GSD为【广西-百色】
2021-07-26 00:08:54 GSD insert 第 1 次 等待 3 秒
2021-07-26 00:08:57 {"status":"ok","gid":395249,"msg":"添加成功！"}
2021-07-26 00:08:57 下次操作: 2021-07-26 00:09:10

2021-07-26 00:09:10 开始第 30 次操作

2021-07-26 00:09:10 开始操作号码 【1817497】
2021-07-26 00:09:19 GSD getOne 第 1 次 等待 3 秒
2021-07-26 00:09:22 查询号码 【1817497】，返回信息 {"status":"ok","msg":"广西-百色","gid":"72389","time_insert":"2021-05-29 16:06","time_update":"2021-06-14 23:32"}
2021-07-26 00:09:22 查询号码 【1817497】，GSD为【"广西-百色"】

2021-07-26 00:09:22 开始第 30 次操作

2021-07-26 00:09:22 开始操作号码 【1817496】
2021-07-26 00:09:25 GSD getOne 第 1 次 等待 3 秒
2021-07-26 00:09:28 查询号码 【1817496】，返回信息 {"status":"bad","msg":""}
2021-07-26 00:09:28 查询号码 【1817496】，GSD为【""】
2021-07-26 00:09:28 bad
2021-07-26 00:09:30 CHB 1817496?1627229368 第 1 次 等待 3 秒
2021-07-26 00:09:33 CHB 1817496?1627229368 第 1 次 获取到号码【1817496】GSD
2021-07-26 00:09:33 获取到号码【1817496】的GSD为【广西-百色】
2021-07-26 00:10:31 GSD insert 第 1 次 等待 3 秒
2021-07-26 00:10:34 {"status":"ok","gid":395261,"msg":"添加成功！"}
2021-07-26 00:10:34 下次操作: 2021-07-26 00:10:56

2021-07-26 00:10:56 开始第 31 次操作

2021-07-26 00:10:56 开始操作号码 【1817495】
2021-07-26 00:11:00 GSD getOne 第 1 次 等待 3 秒
2021-07-26 00:11:03 查询号码 【1817495】，返回信息 {"status":"bad","msg":""}
2021-07-26 00:11:04 查询号码 【1817495】，GSD为【""】
2021-07-26 00:11:04 bad
2021-07-26 00:11:06 CHB 1817495?1627229464 第 1 次 等待 3 秒
2021-07-26 00:11:09 CHB 1817495?1627229464 第 1 次 获取到号码【1817495】GSD
2021-07-26 00:11:09 获取到号码【1817495】的GSD为【广西-百色】
2021-07-26 00:11:13 GSD insert 第 1 次 等待 3 秒
2021-07-26 00:11:16 {"status":"ok","gid":395267,"msg":"添加成功！"}
2021-07-26 00:11:16 下次操作: 2021-07-26 00:11:38

2021-07-26 00:11:38 开始第 32 次操作

2021-07-26 00:11:38 开始操作号码 【1817494】
2021-07-26 00:11:41 GSD getOne 第 1 次 等待 3 秒
2021-07-26 00:11:44 查询号码 【1817494】，返回信息 {"status":"bad","msg":""}
2021-07-26 00:11:44 查询号码 【1817494】，GSD为【""】
2021-07-26 00:11:44 bad
2021-07-26 00:11:47 CHB 1817494?1627229504 第 1 次 等待 3 秒
2021-07-26 00:11:50 CHB 1817494?1627229504 第 1 次 获取到号码【1817494】GSD
2021-07-26 00:11:50 获取到号码【1817494】的GSD为【广西-河池】
2021-07-26 00:11:53 GSD insert 第 1 次 等待 3 秒
2021-07-26 00:11:56 {"status":"ok","gid":395275,"msg":"添加成功！"}
2021-07-26 00:11:56 下次操作: 2021-07-26 00:12:14

2021-07-26 00:12:14 开始第 33 次操作

2021-07-26 00:12:14 开始操作号码 【1817493】
2021-07-26 00:12:18 GSD getOne 第 1 次 等待 3 秒
2021-07-26 00:12:21 查询号码 【1817493】，返回信息 {"status":"bad","msg":""}
2021-07-26 00:12:21 查询号码 【1817493】，GSD为【""】
2021-07-26 00:12:21 bad
2021-07-26 00:12:26 CHB 1817493?1627229541 第 1 次 等待 3 秒
2021-07-26 00:12:29 CHB 1817493?1627229541 第 1 次 获取到号码【1817493】GSD
2021-07-26 00:12:29 获取到号码【1817493】的GSD为【广西-河池】
2021-07-26 00:12:33 GSD insert 第 1 次 等待 3 秒
2021-07-26 00:12:36 {"status":"ok","gid":395285,"msg":"添加成功！"}
2021-07-26 00:12:37 下次操作: 2021-07-26 00:12:57

2021-07-26 00:12:57 开始第 34 次操作

2021-07-26 00:12:57 开始操作号码 【1817492】
2021-07-26 00:12:59 GSD getOne 第 1 次 等待 3 秒
2021-07-26 00:13:02 查询号码 【1817492】，返回信息 {"status":"bad","msg":""}
2021-07-26 00:13:02 查询号码 【1817492】，GSD为【""】
2021-07-26 00:13:02 bad
2021-07-26 00:13:05 CHB 1817492?1627229582 第 1 次 等待 3 秒
2021-07-26 00:13:08 CHB 1817492?1627229582 第 1 次 获取到号码【1817492】GSD
2021-07-26 00:13:08 获取到号码【1817492】的GSD为【广西-河池】
2021-07-26 00:13:11 GSD insert 第 1 次 等待 3 秒
2021-07-26 00:13:14 {"status":"ok","gid":395296,"msg":"添加成功！"}
2021-07-26 00:13:14 下次操作: 2021-07-26 00:13:28

2021-07-26 00:13:28 开始第 35 次操作

2021-07-26 00:13:28 开始操作号码 【1817491】
2021-07-26 00:13:46 GSD getOne 第 1 次 等待 3 秒
2021-07-26 00:13:49 查询号码 【1817491】，返回信息 {"status":"bad","msg":""}
2021-07-26 00:13:49 查询号码 【1817491】，GSD为【""】
2021-07-26 00:13:49 bad
2021-07-26 00:13:51 CHB 1817491?1627229629 第 1 次 等待 3 秒
2021-07-26 00:13:54 CHB 1817491?1627229629 第 1 次 获取到号码【1817491】GSD
2021-07-26 00:13:54 获取到号码【1817491】的GSD为【广西-河池】
2021-07-26 00:13:57 GSD insert 第 1 次 等待 3 秒
2021-07-26 00:14:00 {"status":"ok","gid":395306,"msg":"添加成功！"}
2021-07-26 00:14:00 下次操作: 2021-07-26 00:14:17

2021-07-26 00:14:17 开始第 36 次操作

2021-07-26 00:14:17 开始操作号码 【1817490】
2021-07-26 00:14:25 GSD getOne 第 1 次 等待 3 秒
2021-07-26 00:14:28 查询号码 【1817490】，返回信息 {"status":"ok","msg":"广西-河池","gid":"113330","time_insert":"2021-06-22 12:40","time_update":"2021-06-22 15:01"}
2021-07-26 00:14:28 查询号码 【1817490】，GSD为【"广西-河池"】

2021-07-26 00:14:28 开始第 36 次操作

2021-07-26 00:14:28 开始操作号码 【1817489】
2021-07-26 00:14:31 GSD getOne 第 1 次 等待 3 秒
2021-07-26 00:14:34 查询号码 【1817489】，返回信息 {"status":"bad","msg":""}
2021-07-26 00:14:34 查询号码 【1817489】，GSD为【""】
2021-07-26 00:14:34 bad
2021-07-26 00:14:38 CHB 1817489?1627229674 第 1 次 等待 3 秒
2021-07-26 00:14:41 CHB 1817489?1627229674 第 1 次 获取到号码【1817489】GSD
2021-07-26 00:14:41 获取到号码【1817489】的GSD为【广西-贵港】
2021-07-26 00:14:45 GSD insert 第 1 次 等待 3 秒
2021-07-26 00:14:48 {"status":"ok","gid":395314,"msg":"添加成功！"}
2021-07-26 00:14:48 下次操作: 2021-07-26 00:15:12

2021-07-26 00:15:12 开始第 37 次操作

2021-07-26 00:15:12 开始操作号码 【1817488】
2021-07-26 00:15:16 GSD getOne 第 1 次 等待 3 秒
2021-07-26 00:15:19 查询号码 【1817488】，返回信息 {"status":"bad","msg":""}
2021-07-26 00:15:20 查询号码 【1817488】，GSD为【""】
2021-07-26 00:15:20 bad
2021-07-26 00:15:22 CHB 1817488?1627229720 第 1 次 等待 3 秒
2021-07-26 00:15:25 CHB 1817488?1627229720 第 1 次 获取到号码【1817488】GSD
2021-07-26 00:15:25 获取到号码【1817488】的GSD为【广西-贵港】
2021-07-26 00:15:30 GSD insert 第 1 次 等待 3 秒
2021-07-26 00:15:33 {"status":"ok","gid":395321,"msg":"添加成功！"}
2021-07-26 00:15:33 下次操作: 2021-07-26 00:15:50

2021-07-26 00:15:50 开始第 38 次操作

2021-07-26 00:15:50 开始操作号码 【1817487】
2021-07-26 00:15:53 GSD getOne 第 1 次 等待 3 秒
2021-07-26 00:15:56 查询号码 【1817487】，返回信息 {"status":"bad","msg":""}
2021-07-26 00:15:56 查询号码 【1817487】，GSD为【""】
2021-07-26 00:15:56 bad
2021-07-26 00:15:58 CHB 1817487?1627229756 第 1 次 等待 3 秒
2021-07-26 00:16:01 CHB 1817487?1627229756 第 1 次 获取到号码【1817487】GSD
2021-07-26 00:16:01 获取到号码【1817487】的GSD为【广西-贵港】
2021-07-26 00:16:09 GSD insert 第 1 次 等待 3 秒
2021-07-26 00:16:12 {"status":"ok","gid":395327,"msg":"添加成功！"}
2021-07-26 00:16:12 下次操作: 2021-07-26 00:16:24

2021-07-26 00:16:24 开始第 39 次操作

2021-07-26 00:16:24 开始操作号码 【1817486】
2021-07-26 00:16:32 GSD getOne 第 1 次 等待 3 秒
2021-07-26 00:16:35 查询号码 【1817486】，返回信息 {"status":"bad","msg":""}
2021-07-26 00:16:35 查询号码 【1817486】，GSD为【""】
2021-07-26 00:16:35 bad
2021-07-26 00:16:59 CHB 1817486?1627229795 第 1 次 等待 3 秒
2021-07-26 00:17:02 CHB 1817486?1627229795 第 1 次 获取到号码【1817486】GSD
2021-07-26 00:17:02 获取到号码【1817486】的GSD为【广西-贵港】
2021-07-26 00:17:10 GSD insert 第 1 次 等待 3 秒
2021-07-26 00:17:13 {"status":"ok","gid":395339,"msg":"添加成功！"}
2021-07-26 00:17:13 下次操作: 2021-07-26 00:17:30

2021-07-26 00:17:30 开始第 40 次操作

2021-07-26 00:17:30 开始操作号码 【1817485】
2021-07-26 00:17:34 GSD getOne 第 1 次 等待 3 秒
2021-07-26 00:17:37 查询号码 【1817485】，返回信息 {"status":"bad","msg":""}
2021-07-26 00:17:37 查询号码 【1817485】，GSD为【""】
2021-07-26 00:17:37 bad
2021-07-26 00:17:39 CHB 1817485?1627229857 第 1 次 等待 3 秒
2021-07-26 00:17:42 CHB 1817485?1627229857 第 1 次 获取到号码【1817485】GSD
2021-07-26 00:17:42 未获取到号码【1817485】GSD，查号吧 400 错误
2021-07-26 00:17:42 获取到号码【1817485】的GSD为【-】
2021-07-26 00:17:45 GSD insert 第 1 次 等待 3 秒
2021-07-26 00:17:48 {"status":"ok","gid":395343,"msg":"添加成功！"}

2021-07-26 01:00:11 开始第 1 次操作

2021-07-26 01:00:11 开始操作号码 【1817484】
2021-07-26 01:00:15 GSD getOne 第 1 次 等待 3 秒
2021-07-26 01:00:18 查询号码 【1817484】，返回信息 {"status":"bad","msg":""}
2021-07-26 01:00:18 查询号码 【1817484】，GSD为【""】
2021-07-26 01:00:18 bad
2021-07-26 01:00:19 CHB 1817484?1627232418 第 1 次 等待 3 秒
2021-07-26 01:00:22 CHB 1817484?1627232418 第 1 次 获取到号码【1817484】GSD
2021-07-26 01:00:22 获取到号码【1817484】的GSD为【广西-玉林】
2021-07-26 01:00:25 GSD insert 第 1 次 等待 3 秒
2021-07-26 01:00:28 {"status":"ok","gid":395476,"msg":"添加成功！"}
2021-07-26 01:00:28 下次操作: 2021-07-26 01:00:51

2021-07-26 01:00:51 开始第 2 次操作

2021-07-26 01:00:51 开始操作号码 【1817483】
2021-07-26 01:00:55 GSD getOne 第 1 次 等待 3 秒
2021-07-26 01:00:58 查询号码 【1817483】，返回信息 {"status":"bad","msg":""}
2021-07-26 01:00:58 查询号码 【1817483】，GSD为【""】
2021-07-26 01:00:58 bad
2021-07-26 01:00:59 CHB 1817483?1627232458 第 1 次 等待 3 秒
2021-07-26 01:01:02 CHB 1817483?1627232458 第 1 次 获取到号码【1817483】GSD
2021-07-26 01:01:03 获取到号码【1817483】的GSD为【广西-玉林】
2021-07-26 01:01:05 GSD insert 第 1 次 等待 3 秒
2021-07-26 01:01:08 {"status":"ok","gid":395481,"msg":"添加成功！"}
2021-07-26 01:01:08 下次操作: 2021-07-26 01:01:27

2021-07-26 01:01:27 开始第 3 次操作

2021-07-26 01:01:27 开始操作号码 【1817482】
2021-07-26 01:01:30 GSD getOne 第 1 次 等待 3 秒
2021-07-26 01:01:33 查询号码 【1817482】，返回信息 {"status":"bad","msg":""}
2021-07-26 01:01:33 查询号码 【1817482】，GSD为【""】
2021-07-26 01:01:33 bad
2021-07-26 01:01:35 CHB 1817482?1627232493 第 1 次 等待 3 秒
2021-07-26 01:01:38 CHB 1817482?1627232493 第 1 次 获取到号码【1817482】GSD
2021-07-26 01:01:38 获取到号码【1817482】的GSD为【广西-玉林】
2021-07-26 01:01:41 GSD insert 第 1 次 等待 3 秒
2021-07-26 01:01:44 {"status":"ok","gid":395488,"msg":"添加成功！"}
2021-07-26 01:01:44 下次操作: 2021-07-26 01:02:06

2021-07-26 01:02:06 开始第 4 次操作

2021-07-26 01:02:06 开始操作号码 【1817481】
2021-07-26 01:02:09 GSD getOne 第 1 次 等待 3 秒
2021-07-26 01:02:12 查询号码 【1817481】，返回信息 {"status":"bad","msg":""}
2021-07-26 01:02:13 查询号码 【1817481】，GSD为【""】
2021-07-26 01:02:13 bad
2021-07-26 01:02:14 CHB 1817481?1627232533 第 1 次 等待 3 秒
2021-07-26 01:02:17 CHB 1817481?1627232533 第 1 次 获取到号码【1817481】GSD
2021-07-26 01:02:17 未获取到号码【1817481】GSD，查号吧 400 错误
2021-07-26 01:02:17 获取到号码【1817481】的GSD为【-】
2021-07-26 01:02:20 GSD insert 第 1 次 等待 3 秒
2021-07-26 01:02:23 {"status":"ok","gid":395494,"msg":"添加成功！"}
2021-07-26 01:02:23 下次操作: 2021-07-26 01:02:42

2021-07-26 01:02:42 开始第 5 次操作

2021-07-26 01:02:42 开始操作号码 【1817480】
2021-07-26 01:02:48 GSD getOne 第 1 次 等待 3 秒
2021-07-26 01:02:51 查询号码 【1817480】，返回信息 {"status":"bad","msg":""}
2021-07-26 01:02:52 查询号码 【1817480】，GSD为【""】
2021-07-26 01:02:52 bad
2021-07-26 01:02:53 CHB 1817480?1627232572 第 1 次 等待 3 秒
2021-07-26 01:02:56 CHB 1817480?1627232572 第 1 次 获取到号码【1817480】GSD
2021-07-26 01:02:56 获取到号码【1817480】的GSD为【广西-玉林】
2021-07-26 01:03:08 GSD insert 第 1 次 等待 3 秒
2021-07-26 01:03:11 {"status":"ok","gid":395503,"msg":"添加成功！"}
2021-07-26 01:03:11 下次操作: 2021-07-26 01:03:27

2021-07-26 01:03:27 开始第 6 次操作

2021-07-26 01:03:27 开始操作号码 【1817479】
2021-07-26 01:03:31 GSD getOne 第 1 次 等待 3 秒
2021-07-26 01:03:34 查询号码 【1817479】，返回信息 {"status":"bad","msg":""}
2021-07-26 01:03:34 查询号码 【1817479】，GSD为【""】
2021-07-26 01:03:34 bad
2021-07-26 01:03:35 CHB 1817479?1627232614 第 1 次 等待 3 秒
2021-07-26 01:03:38 CHB 1817479?1627232614 第 1 次 获取到号码【1817479】GSD
2021-07-26 01:03:38 获取到号码【1817479】的GSD为【广西-柳州】
2021-07-26 01:03:42 GSD insert 第 1 次 等待 3 秒
2021-07-26 01:03:45 {"status":"ok","gid":395512,"msg":"添加成功！"}
2021-07-26 01:03:45 下次操作: 2021-07-26 01:03:58

2021-07-26 01:03:58 开始第 7 次操作

2021-07-26 01:03:58 开始操作号码 【1817478】
2021-07-26 01:04:02 GSD getOne 第 1 次 等待 3 秒
2021-07-26 01:04:05 查询号码 【1817478】，返回信息 {"status":"bad","msg":""}
2021-07-26 01:04:05 查询号码 【1817478】，GSD为【""】
2021-07-26 01:04:05 bad
2021-07-26 01:04:06 CHB 1817478?1627232645 第 1 次 等待 3 秒
2021-07-26 01:04:09 CHB 1817478?1627232645 第 1 次 获取到号码【1817478】GSD
2021-07-26 01:04:09 获取到号码【1817478】的GSD为【广西-柳州】
2021-07-26 01:04:12 GSD insert 第 1 次 等待 3 秒
2021-07-26 01:04:15 {"status":"ok","gid":395518,"msg":"添加成功！"}
2021-07-26 01:04:15 下次操作: 2021-07-26 01:04:32

2021-07-26 01:04:32 开始第 8 次操作

2021-07-26 01:04:32 开始操作号码 【1817477】
2021-07-26 01:04:35 GSD getOne 第 1 次 等待 3 秒
2021-07-26 01:04:38 查询号码 【1817477】，返回信息 {"status":"ok","msg":"广西-柳州","gid":"50084","time_insert":"2021-04-21 15:10"}
2021-07-26 01:04:39 查询号码 【1817477】，GSD为【"广西-柳州"】

2021-07-26 01:04:39 开始第 8 次操作

2021-07-26 01:04:39 开始操作号码 【1817476】
2021-07-26 01:04:42 GSD getOne 第 1 次 等待 3 秒
2021-07-26 01:04:45 查询号码 【1817476】，返回信息 {"status":"bad","msg":""}
2021-07-26 01:04:45 查询号码 【1817476】，GSD为【""】
2021-07-26 01:04:45 bad
2021-07-26 01:04:47 CHB 1817476?1627232685 第 1 次 等待 3 秒
2021-07-26 01:04:50 CHB 1817476?1627232685 第 1 次 获取到号码【1817476】GSD
2021-07-26 01:04:50 获取到号码【1817476】的GSD为【广西-崇左】
2021-07-26 01:04:54 GSD insert 第 1 次 等待 3 秒
2021-07-26 01:04:57 {"status":"ok","gid":395528,"msg":"添加成功！"}
2021-07-26 01:04:57 下次操作: 2021-07-26 01:05:10

2021-07-26 01:05:10 开始第 9 次操作

2021-07-26 01:05:10 开始操作号码 【1817475】
2021-07-26 01:05:14 GSD getOne 第 1 次 等待 3 秒
2021-07-26 01:05:17 查询号码 【1817475】，返回信息 {"status":"ok","msg":"广西-崇左","gid":"33924","time_insert":"2017-12-10 10:35","time_update":"2020-12-17 09:54"}
2021-07-26 01:05:17 查询号码 【1817475】，GSD为【"广西-崇左"】

2021-07-26 01:05:17 开始第 9 次操作

2021-07-26 01:05:17 开始操作号码 【1817474】
2021-07-26 01:05:21 GSD getOne 第 1 次 等待 3 秒
2021-07-26 01:05:24 查询号码 【1817474】，返回信息 {"status":"bad","msg":""}
2021-07-26 01:05:24 查询号码 【1817474】，GSD为【""】
2021-07-26 01:05:24 bad
2021-07-26 01:05:27 CHB 1817474?1627232724 第 1 次 等待 3 秒
2021-07-26 01:05:30 CHB 1817474?1627232724 第 1 次 获取到号码【1817474】GSD
2021-07-26 01:05:30 获取到号码【1817474】的GSD为【广西-南宁】
2021-07-26 01:05:33 GSD insert 第 1 次 等待 3 秒
2021-07-26 01:05:36 {"status":"ok","gid":395536,"msg":"添加成功！"}
2021-07-26 01:05:36 下次操作: 2021-07-26 01:05:58

2021-07-26 01:05:58 开始第 10 次操作

2021-07-26 01:05:58 开始操作号码 【1817473】
2021-07-26 01:06:03 GSD getOne 第 1 次 等待 3 秒
2021-07-26 01:06:06 查询号码 【1817473】，返回信息 {"status":"bad","msg":""}
2021-07-26 01:06:06 查询号码 【1817473】，GSD为【""】
2021-07-26 01:06:06 bad
2021-07-26 01:06:08 CHB 1817473?1627232766 第 1 次 等待 3 秒
2021-07-26 01:06:11 CHB 1817473?1627232766 第 1 次 获取到号码【1817473】GSD
2021-07-26 01:06:11 获取到号码【1817473】的GSD为【广西-南宁】
2021-07-26 01:06:15 GSD insert 第 1 次 等待 3 秒
2021-07-26 01:06:18 {"status":"ok","gid":395545,"msg":"添加成功！"}
2021-07-26 01:06:18 下次操作: 2021-07-26 01:06:38

2021-07-26 01:06:38 开始第 11 次操作

2021-07-26 01:06:38 开始操作号码 【1817472】
2021-07-26 01:06:45 GSD getOne 第 1 次 等待 3 秒
2021-07-26 01:06:48 查询号码 【1817472】，返回信息 {"status":"bad","msg":""}
2021-07-26 01:06:48 查询号码 【1817472】，GSD为【""】
2021-07-26 01:06:48 bad
2021-07-26 01:06:50 CHB 1817472?1627232808 第 1 次 等待 3 秒
2021-07-26 01:06:53 CHB 1817472?1627232808 第 1 次 获取到号码【1817472】GSD
2021-07-26 01:06:53 获取到号码【1817472】的GSD为【广西-南宁】
2021-07-26 01:07:04 GSD insert 第 1 次 等待 3 秒
2021-07-26 01:07:07 {"status":"ok","gid":395556,"msg":"添加成功！"}
2021-07-26 01:07:07 下次操作: 2021-07-26 01:07:23

2021-07-26 01:07:23 开始第 12 次操作

2021-07-26 01:07:23 开始操作号码 【1817471】
2021-07-26 01:07:27 GSD getOne 第 1 次 等待 3 秒
2021-07-26 01:07:30 查询号码 【1817471】，返回信息 {"status":"bad","msg":""}
2021-07-26 01:07:30 查询号码 【1817471】，GSD为【""】
2021-07-26 01:07:30 bad
2021-07-26 01:07:32 CHB 1817471?1627232850 第 1 次 等待 3 秒
2021-07-26 01:07:35 CHB 1817471?1627232850 第 1 次 获取到号码【1817471】GSD
2021-07-26 01:07:35 获取到号码【1817471】的GSD为【广西-南宁】
2021-07-26 01:07:38 GSD insert 第 1 次 等待 3 秒
2021-07-26 01:07:41 {"status":"ok","gid":395561,"msg":"添加成功！"}
2021-07-26 01:07:41 下次操作: 2021-07-26 01:07:59

2021-07-26 01:07:59 开始第 13 次操作

2021-07-26 01:07:59 开始操作号码 【1817470】
2021-07-26 01:08:02 GSD getOne 第 1 次 等待 3 秒
2021-07-26 01:08:05 查询号码 【1817470】，返回信息 {"status":"bad","msg":""}
2021-07-26 01:08:05 查询号码 【1817470】，GSD为【""】
2021-07-26 01:08:05 bad
2021-07-26 01:08:07 CHB 1817470?1627232885 第 1 次 等待 3 秒
2021-07-26 01:08:10 CHB 1817470?1627232885 第 1 次 获取到号码【1817470】GSD
2021-07-26 01:08:10 获取到号码【1817470】的GSD为【广西-南宁】
2021-07-26 01:08:19 GSD insert 第 1 次 等待 3 秒
2021-07-26 01:08:22 {"status":"ok","gid":395568,"msg":"添加成功！"}
2021-07-26 01:08:22 下次操作: 2021-07-26 01:08:34

2021-07-26 01:08:34 开始第 14 次操作

2021-07-26 01:08:34 开始操作号码 【1817469】
2021-07-26 01:08:39 GSD getOne 第 1 次 等待 3 秒
2021-07-26 01:08:42 查询号码 【1817469】，返回信息 {"status":"bad","msg":""}
2021-07-26 01:08:42 查询号码 【1817469】，GSD为【""】
2021-07-26 01:08:42 bad
2021-07-26 01:08:44 CHB 1817469?1627232922 第 1 次 等待 3 秒
2021-07-26 01:08:47 CHB 1817469?1627232922 第 1 次 获取到号码【1817469】GSD
2021-07-26 01:08:47 获取到号码【1817469】的GSD为【湖南-永州】
2021-07-26 01:08:51 GSD insert 第 1 次 等待 3 秒
2021-07-26 01:08:54 {"status":"ok","gid":395576,"msg":"添加成功！"}
2021-07-26 01:08:54 下次操作: 2021-07-26 01:09:13

2021-07-26 01:09:13 开始第 15 次操作

2021-07-26 01:09:13 开始操作号码 【1817468】
2021-07-26 01:09:18 GSD getOne 第 1 次 等待 3 秒
2021-07-26 01:09:21 查询号码 【1817468】，返回信息 {"status":"bad","msg":""}
2021-07-26 01:09:21 查询号码 【1817468】，GSD为【""】
2021-07-26 01:09:21 bad
2021-07-26 01:09:23 CHB 1817468?1627232961 第 1 次 等待 3 秒
2021-07-26 01:09:26 CHB 1817468?1627232961 第 1 次 获取到号码【1817468】GSD
2021-07-26 01:09:26 获取到号码【1817468】的GSD为【湖南-永州】
2021-07-26 01:09:31 GSD insert 第 1 次 等待 3 秒
2021-07-26 01:09:34 {"status":"ok","gid":395585,"msg":"添加成功！"}
2021-07-26 01:09:34 下次操作: 2021-07-26 01:09:55

2021-07-26 01:09:55 开始第 16 次操作

2021-07-26 01:09:55 开始操作号码 【1817467】
2021-07-26 01:09:58 GSD getOne 第 1 次 等待 3 秒
2021-07-26 01:10:01 查询号码 【1817467】，返回信息 {"status":"bad","msg":""}
2021-07-26 01:10:01 查询号码 【1817467】，GSD为【""】
2021-07-26 01:10:01 bad
2021-07-26 01:10:03 CHB 1817467?1627233001 第 1 次 等待 3 秒
2021-07-26 01:10:06 CHB 1817467?1627233001 第 1 次 获取到号码【1817467】GSD
2021-07-26 01:10:06 获取到号码【1817467】的GSD为【湖南-永州】
2021-07-26 01:10:10 GSD insert 第 1 次 等待 3 秒
2021-07-26 01:10:13 {"status":"ok","gid":395596,"msg":"添加成功！"}
2021-07-26 01:10:13 下次操作: 2021-07-26 01:10:28

2021-07-26 01:10:28 开始第 17 次操作

2021-07-26 01:10:28 开始操作号码 【1817466】
2021-07-26 01:10:31 GSD getOne 第 1 次 等待 3 秒
2021-07-26 01:10:34 查询号码 【1817466】，返回信息 {"status":"bad","msg":""}
2021-07-26 01:10:35 查询号码 【1817466】，GSD为【""】
2021-07-26 01:10:35 bad
2021-07-26 01:10:36 CHB 1817466?1627233035 第 1 次 等待 3 秒
2021-07-26 01:10:39 CHB 1817466?1627233035 第 1 次 获取到号码【1817466】GSD
2021-07-26 01:10:39 获取到号码【1817466】的GSD为【湖南-永州】
2021-07-26 01:10:43 GSD insert 第 1 次 等待 3 秒
2021-07-26 01:10:46 {"status":"ok","gid":395602,"msg":"添加成功！"}
2021-07-26 01:10:46 下次操作: 2021-07-26 01:11:02

2021-07-26 01:11:02 开始第 18 次操作

2021-07-26 01:11:02 开始操作号码 【1817465】
2021-07-26 01:11:06 GSD getOne 第 1 次 等待 3 秒
2021-07-26 01:11:09 查询号码 【1817465】，返回信息 {"status":"bad","msg":""}
2021-07-26 01:11:09 查询号码 【1817465】，GSD为【""】
2021-07-26 01:11:09 bad
2021-07-26 01:11:11 CHB 1817465?1627233069 第 1 次 等待 3 秒
2021-07-26 01:11:14 CHB 1817465?1627233069 第 1 次 获取到号码【1817465】GSD
2021-07-26 01:11:14 获取到号码【1817465】的GSD为【湖南-永州】
2021-07-26 01:11:19 GSD insert 第 1 次 等待 3 秒
2021-07-26 01:11:22 {"status":"ok","gid":395608,"msg":"添加成功！"}
2021-07-26 01:11:22 下次操作: 2021-07-26 01:11:37

2021-07-26 01:11:37 开始第 19 次操作

2021-07-26 01:11:37 开始操作号码 【1817464】
2021-07-26 01:11:40 GSD getOne 第 1 次 等待 3 秒
2021-07-26 01:11:43 查询号码 【1817464】，返回信息 {"status":"bad","msg":""}
2021-07-26 01:11:43 查询号码 【1817464】，GSD为【""】
2021-07-26 01:11:43 bad
2021-07-26 01:11:45 CHB 1817464?1627233103 第 1 次 等待 3 秒
2021-07-26 01:11:48 CHB 1817464?1627233103 第 1 次 获取到号码【1817464】GSD
2021-07-26 01:11:48 获取到号码【1817464】的GSD为【湖南-永州】
2021-07-26 01:11:51 GSD insert 第 1 次 等待 3 秒
2021-07-26 01:11:54 {"status":"ok","gid":395614,"msg":"添加成功！"}
2021-07-26 01:11:54 下次操作: 2021-07-26 01:12:08

2021-07-26 01:12:08 开始第 20 次操作

2021-07-26 01:12:08 开始操作号码 【1817463】
2021-07-26 01:12:12 GSD getOne 第 1 次 等待 3 秒
2021-07-26 01:12:15 查询号码 【1817463】，返回信息 {"status":"bad","msg":""}
2021-07-26 01:12:15 查询号码 【1817463】，GSD为【""】
2021-07-26 01:12:15 bad
2021-07-26 01:12:16 CHB 1817463?1627233135 第 1 次 等待 3 秒
2021-07-26 01:12:19 CHB 1817463?1627233135 第 1 次 获取到号码【1817463】GSD
2021-07-26 01:12:19 未获取到号码【1817463】GSD，查号吧 400 错误
2021-07-26 01:12:19 获取到号码【1817463】的GSD为【-】
2021-07-26 01:12:23 GSD insert 第 1 次 等待 3 秒
2021-07-26 01:12:26 {"status":"ok","gid":395620,"msg":"添加成功！"}
2021-07-26 01:12:26 下次操作: 2021-07-26 01:12:40

2021-07-26 01:12:40 开始第 21 次操作

2021-07-26 01:12:40 开始操作号码 【1817462】
2021-07-26 01:12:44 GSD getOne 第 1 次 等待 3 秒
2021-07-26 01:12:47 查询号码 【1817462】，返回信息 {"status":"ok","msg":"湖南-永州","gid":"33923","time_insert":"2018-07-04 13:29","time_update":"2020-09-23 14:02"}
2021-07-26 01:12:47 查询号码 【1817462】，GSD为【"湖南-永州"】

2021-07-26 01:12:47 开始第 21 次操作

2021-07-26 01:12:47 开始操作号码 【1817461】
2021-07-26 01:12:50 GSD getOne 第 1 次 等待 3 秒
2021-07-26 01:12:53 查询号码 【1817461】，返回信息 {"status":"bad","msg":""}
2021-07-26 01:12:53 查询号码 【1817461】，GSD为【""】
2021-07-26 01:12:53 bad
2021-07-26 01:12:55 CHB 1817461?1627233173 第 1 次 等待 3 秒
2021-07-26 01:12:58 CHB 1817461?1627233173 第 1 次 获取到号码【1817461】GSD
2021-07-26 01:12:58 获取到号码【1817461】的GSD为【湖南-永州】
2021-07-26 01:13:01 GSD insert 第 1 次 等待 3 秒
2021-07-26 01:13:04 {"status":"ok","gid":395628,"msg":"添加成功！"}
2021-07-26 01:13:04 下次操作: 2021-07-26 01:13:17

2021-07-26 01:13:17 开始第 22 次操作

2021-07-26 01:13:17 开始操作号码 【1817460】
2021-07-26 01:13:25 GSD getOne 第 1 次 等待 3 秒
2021-07-26 01:13:28 查询号码 【1817460】，返回信息 {"status":"ok","msg":"湖南-永州","gid":"50199","time_insert":"2021-04-21 15:35"}
2021-07-26 01:13:28 查询号码 【1817460】，GSD为【"湖南-永州"】

2021-07-26 01:13:28 开始第 22 次操作

2021-07-26 01:13:28 开始操作号码 【1817459】
2021-07-26 01:13:30 GSD getOne 第 1 次 等待 3 秒
2021-07-26 01:13:33 查询号码 【1817459】，返回信息 {"status":"bad","msg":""}
2021-07-26 01:13:33 查询号码 【1817459】，GSD为【""】
2021-07-26 01:13:33 bad
2021-07-26 01:13:35 CHB 1817459?1627233213 第 1 次 等待 3 秒
2021-07-26 01:13:38 CHB 1817459?1627233213 第 1 次 获取到号码【1817459】GSD
2021-07-26 01:13:38 获取到号码【1817459】的GSD为【湖南-怀化】
2021-07-26 01:13:43 GSD insert 第 1 次 等待 3 秒
2021-07-26 01:13:46 {"status":"ok","gid":395637,"msg":"添加成功！"}
2021-07-26 01:13:46 下次操作: 2021-07-26 01:14:02

2021-07-26 01:14:02 开始第 23 次操作

2021-07-26 01:14:02 开始操作号码 【1817458】
2021-07-26 01:14:05 GSD getOne 第 1 次 等待 3 秒
2021-07-26 01:14:08 查询号码 【1817458】，返回信息 {"status":"bad","msg":""}
2021-07-26 01:14:08 查询号码 【1817458】，GSD为【""】
2021-07-26 01:14:08 bad
2021-07-26 01:14:10 CHB 1817458?1627233248 第 1 次 等待 3 秒
2021-07-26 01:14:13 CHB 1817458?1627233248 第 1 次 获取到号码【1817458】GSD
2021-07-26 01:14:13 获取到号码【1817458】的GSD为【湖南-怀化】
2021-07-26 01:14:18 GSD insert 第 1 次 等待 3 秒
2021-07-26 01:14:21 {"status":"ok","gid":395644,"msg":"添加成功！"}
2021-07-26 01:14:21 下次操作: 2021-07-26 01:14:38

2021-07-26 01:14:38 开始第 24 次操作

2021-07-26 01:14:38 开始操作号码 【1817457】
2021-07-26 01:14:41 GSD getOne 第 1 次 等待 3 秒
2021-07-26 01:14:44 查询号码 【1817457】，返回信息 {"status":"bad","msg":""}
2021-07-26 01:14:44 查询号码 【1817457】，GSD为【""】
2021-07-26 01:14:44 bad
2021-07-26 01:14:46 CHB 1817457?1627233284 第 1 次 等待 3 秒
2021-07-26 01:14:49 CHB 1817457?1627233284 第 1 次 获取到号码【1817457】GSD
2021-07-26 01:14:49 获取到号码【1817457】的GSD为【湖南-怀化】
2021-07-26 01:14:52 GSD insert 第 1 次 等待 3 秒
2021-07-26 01:14:55 {"status":"ok","gid":395652,"msg":"添加成功！"}
2021-07-26 01:14:55 下次操作: 2021-07-26 01:15:19

2021-07-26 01:15:19 开始第 25 次操作

2021-07-26 01:15:19 开始操作号码 【1817456】
2021-07-26 01:15:27 GSD getOne 第 1 次 等待 3 秒
2021-07-26 01:15:30 查询号码 【1817456】，返回信息 {"status":"bad","msg":""}
2021-07-26 01:15:30 查询号码 【1817456】，GSD为【""】
2021-07-26 01:15:30 bad
2021-07-26 01:15:32 CHB 1817456?1627233330 第 1 次 等待 3 秒
2021-07-26 01:15:35 CHB 1817456?1627233330 第 1 次 获取到号码【1817456】GSD
2021-07-26 01:15:35 获取到号码【1817456】的GSD为【湖南-怀化】
2021-07-26 01:15:39 GSD insert 第 1 次 等待 3 秒
2021-07-26 01:15:42 {"status":"ok","gid":395660,"msg":"添加成功！"}
2021-07-26 01:15:42 下次操作: 2021-07-26 01:15:57

2021-07-26 01:15:57 开始第 26 次操作

2021-07-26 01:15:57 开始操作号码 【1817455】
2021-07-26 01:16:05 GSD getOne 第 1 次 等待 3 秒
2021-07-26 01:16:08 查询号码 【1817455】，返回信息 {"status":"bad","msg":""}
2021-07-26 01:16:08 查询号码 【1817455】，GSD为【""】
2021-07-26 01:16:08 bad
2021-07-26 01:16:10 CHB 1817455?1627233368 第 1 次 等待 3 秒
2021-07-26 01:16:13 CHB 1817455?1627233368 第 1 次 获取到号码【1817455】GSD
2021-07-26 01:16:13 获取到号码【1817455】的GSD为【湖南-怀化】
2021-07-26 01:16:16 GSD insert 第 1 次 等待 3 秒
2021-07-26 01:16:19 {"status":"ok","gid":395670,"msg":"添加成功！"}
2021-07-26 01:16:19 下次操作: 2021-07-26 01:16:34

2021-07-26 01:16:34 开始第 27 次操作

2021-07-26 01:16:34 开始操作号码 【1817454】
2021-07-26 01:16:38 GSD getOne 第 1 次 等待 3 秒
2021-07-26 01:16:41 查询号码 【1817454】，返回信息 {"status":"bad","msg":""}
2021-07-26 01:16:41 查询号码 【1817454】，GSD为【""】
2021-07-26 01:16:41 bad
2021-07-26 01:16:43 CHB 1817454?1627233401 第 1 次 等待 3 秒
2021-07-26 01:16:46 CHB 1817454?1627233401 第 1 次 获取到号码【1817454】GSD
2021-07-26 01:16:46 获取到号码【1817454】的GSD为【湖南-怀化】
2021-07-26 01:16:54 GSD insert 第 1 次 等待 3 秒
2021-07-26 01:16:57 {"status":"ok","gid":395676,"msg":"添加成功！"}
2021-07-26 01:16:57 下次操作: 2021-07-26 01:17:15

2021-07-26 01:17:15 开始第 28 次操作

2021-07-26 01:17:15 开始操作号码 【1817453】
2021-07-26 01:17:19 GSD getOne 第 1 次 等待 3 秒
2021-07-26 01:17:22 查询号码 【1817453】，返回信息 {"status":"bad","msg":""}
2021-07-26 01:17:22 查询号码 【1817453】，GSD为【""】
2021-07-26 01:17:22 bad
2021-07-26 01:17:24 CHB 1817453?1627233442 第 1 次 等待 3 秒
2021-07-26 01:17:27 CHB 1817453?1627233442 第 1 次 获取到号码【1817453】GSD
2021-07-26 01:17:27 获取到号码【1817453】的GSD为【湖南-怀化】
2021-07-26 01:17:32 GSD insert 第 1 次 等待 3 秒
2021-07-26 01:17:35 {"status":"ok","gid":395684,"msg":"添加成功！"}
2021-07-26 01:17:35 下次操作: 2021-07-26 01:17:57

2021-07-26 01:17:57 开始第 29 次操作

2021-07-26 01:17:57 开始操作号码 【1817452】
2021-07-26 01:18:10 GSD getOne 第 1 次 等待 3 秒
2021-07-26 01:18:13 查询号码 【1817452】，返回信息 {"status":"bad","msg":""}
2021-07-26 01:18:13 查询号码 【1817452】，GSD为【""】
2021-07-26 01:18:13 bad
2021-07-26 01:18:14 CHB 1817452?1627233493 第 1 次 等待 3 秒
2021-07-26 01:18:17 CHB 1817452?1627233493 第 1 次 获取到号码【1817452】GSD
2021-07-26 01:18:17 获取到号码【1817452】的GSD为【湖南-怀化】
2021-07-26 01:18:22 GSD insert 第 1 次 等待 3 秒
2021-07-26 01:18:25 {"status":"ok","gid":395692,"msg":"添加成功！"}
2021-07-26 01:18:25 下次操作: 2021-07-26 01:18:49

2021-07-26 01:18:49 开始第 30 次操作

2021-07-26 01:18:49 开始操作号码 【1817451】
2021-07-26 01:18:52 GSD getOne 第 1 次 等待 3 秒
2021-07-26 01:18:55 查询号码 【1817451】，返回信息 {"status":"bad","msg":""}
2021-07-26 01:18:55 查询号码 【1817451】，GSD为【""】
2021-07-26 01:18:55 bad
2021-07-26 01:18:57 CHB 1817451?1627233535 第 1 次 等待 3 秒
2021-07-26 01:19:00 CHB 1817451?1627233535 第 1 次 获取到号码【1817451】GSD
2021-07-26 01:19:00 获取到号码【1817451】的GSD为【湖南-怀化】
2021-07-26 01:19:03 GSD insert 第 1 次 等待 3 秒
2021-07-26 01:19:06 {"status":"ok","gid":395701,"msg":"添加成功！"}
2021-07-26 01:19:06 下次操作: 2021-07-26 01:19:27

2021-07-26 01:19:27 开始第 31 次操作

2021-07-26 01:19:27 开始操作号码 【1817450】
2021-07-26 01:19:30 GSD getOne 第 1 次 等待 3 秒
2021-07-26 01:19:33 查询号码 【1817450】，返回信息 {"status":"bad","msg":""}
2021-07-26 01:19:33 查询号码 【1817450】，GSD为【""】
2021-07-26 01:19:33 bad
2021-07-26 01:19:34 CHB 1817450?1627233573 第 1 次 等待 3 秒
2021-07-26 01:19:37 CHB 1817450?1627233573 第 1 次 获取到号码【1817450】GSD
2021-07-26 01:19:38 获取到号码【1817450】的GSD为【湖南-怀化】
2021-07-26 01:19:45 GSD insert 第 1 次 等待 3 秒
2021-07-26 01:19:48 {"status":"ok","gid":395711,"msg":"添加成功！"}
2021-07-26 01:19:48 下次操作: 2021-07-26 01:20:00

2021-07-26 01:20:00 开始第 32 次操作

2021-07-26 01:20:00 开始操作号码 【1817449】
2021-07-26 01:20:02 GSD getOne 第 1 次 等待 3 秒
2021-07-26 01:20:05 查询号码 【1817449】，返回信息 {"status":"bad","msg":""}
2021-07-26 01:20:05 查询号码 【1817449】，GSD为【""】
2021-07-26 01:20:05 bad
2021-07-26 01:20:07 CHB 1817449?1627233605 第 1 次 等待 3 秒
2021-07-26 01:20:10 CHB 1817449?1627233605 第 1 次 获取到号码【1817449】GSD
2021-07-26 01:20:10 获取到号码【1817449】的GSD为【湖南-张家界】
2021-07-26 01:20:13 GSD insert 第 1 次 等待 3 秒
2021-07-26 01:20:16 {"status":"ok","gid":395716,"msg":"添加成功！"}
2021-07-26 01:20:16 下次操作: 2021-07-26 01:20:39

2021-07-26 01:20:39 开始第 33 次操作

2021-07-26 01:20:39 开始操作号码 【1817448】
2021-07-26 01:20:42 GSD getOne 第 1 次 等待 3 秒
2021-07-26 01:20:45 查询号码 【1817448】，返回信息 {"status":"bad","msg":""}
2021-07-26 01:20:45 查询号码 【1817448】，GSD为【""】
2021-07-26 01:20:45 bad
2021-07-26 01:20:47 CHB 1817448?1627233645 第 1 次 等待 3 秒
2021-07-26 01:20:50 CHB 1817448?1627233645 第 1 次 获取到号码【1817448】GSD
2021-07-26 01:20:50 获取到号码【1817448】的GSD为【湖南-张家界】
2021-07-26 01:20:54 GSD insert 第 1 次 等待 3 秒
2021-07-26 01:20:57 {"status":"ok","gid":395725,"msg":"添加成功！"}
2021-07-26 01:20:57 下次操作: 2021-07-26 01:21:18

2021-07-26 01:21:18 开始第 34 次操作

2021-07-26 01:21:18 开始操作号码 【1817447】
2021-07-26 01:21:21 GSD getOne 第 1 次 等待 3 秒
2021-07-26 01:21:24 查询号码 【1817447】，返回信息 {"status":"bad","msg":""}
2021-07-26 01:21:24 查询号码 【1817447】，GSD为【""】
2021-07-26 01:21:24 bad
2021-07-26 01:21:26 CHB 1817447?1627233684 第 1 次 等待 3 秒
2021-07-26 01:21:29 CHB 1817447?1627233684 第 1 次 获取到号码【1817447】GSD
2021-07-26 01:21:29 获取到号码【1817447】的GSD为【湖南-张家界】
2021-07-26 01:21:32 GSD insert 第 1 次 等待 3 秒
2021-07-26 01:21:35 {"status":"ok","gid":395734,"msg":"添加成功！"}
2021-07-26 01:21:35 下次操作: 2021-07-26 01:21:52

2021-07-26 01:21:52 开始第 35 次操作

2021-07-26 01:21:52 开始操作号码 【1817446】
2021-07-26 01:21:56 GSD getOne 第 1 次 等待 3 秒
2021-07-26 01:21:59 查询号码 【1817446】，返回信息 {"status":"bad","msg":""}
2021-07-26 01:21:59 查询号码 【1817446】，GSD为【""】
2021-07-26 01:21:59 bad
2021-07-26 01:22:00 CHB 1817446?1627233719 第 1 次 等待 3 秒
2021-07-26 01:22:03 CHB 1817446?1627233719 第 1 次 获取到号码【1817446】GSD
2021-07-26 01:22:04 获取到号码【1817446】的GSD为【湖南-张家界】
2021-07-26 01:22:07 GSD insert 第 1 次 等待 3 秒
2021-07-26 01:22:10 {"status":"ok","gid":395741,"msg":"添加成功！"}
2021-07-26 01:22:10 下次操作: 2021-07-26 01:22:28

2021-07-26 01:22:28 开始第 36 次操作

2021-07-26 01:22:28 开始操作号码 【1817445】
2021-07-26 01:22:33 GSD getOne 第 1 次 等待 3 秒
2021-07-26 01:22:36 查询号码 【1817445】，返回信息 {"status":"bad","msg":""}
2021-07-26 01:22:36 查询号码 【1817445】，GSD为【""】
2021-07-26 01:22:36 bad
2021-07-26 01:22:38 CHB 1817445?1627233756 第 1 次 等待 3 秒
2021-07-26 01:22:41 CHB 1817445?1627233756 第 1 次 获取到号码【1817445】GSD
2021-07-26 01:22:41 获取到号码【1817445】的GSD为【湖南-长沙】
2021-07-26 01:22:45 GSD insert 第 1 次 等待 3 秒
2021-07-26 01:22:48 {"status":"ok","gid":395751,"msg":"添加成功！"}
2021-07-26 01:22:48 下次操作: 2021-07-26 01:23:12

2021-07-26 01:23:12 开始第 37 次操作

2021-07-26 01:23:12 开始操作号码 【1817444】
2021-07-26 01:23:17 GSD getOne 第 1 次 等待 3 秒
2021-07-26 01:23:20 查询号码 【1817444】，返回信息 {"status":"bad","msg":""}
2021-07-26 01:23:20 查询号码 【1817444】，GSD为【""】
2021-07-26 01:23:20 bad
2021-07-26 01:23:22 CHB 1817444?1627233800 第 1 次 等待 3 秒
2021-07-26 01:23:25 CHB 1817444?1627233800 第 1 次 获取到号码【1817444】GSD
2021-07-26 01:23:25 获取到号码【1817444】的GSD为【湖南-张家界】
2021-07-26 01:23:27 GSD insert 第 1 次 等待 3 秒
2021-07-26 01:23:30 {"status":"ok","gid":395760,"msg":"添加成功！"}
2021-07-26 01:23:30 下次操作: 2021-07-26 01:23:50

2021-07-26 01:23:50 开始第 38 次操作

2021-07-26 01:23:50 开始操作号码 【1817443】
2021-07-26 01:23:55 GSD getOne 第 1 次 等待 3 秒
2021-07-26 01:23:58 查询号码 【1817443】，返回信息 {"status":"ok","msg":"湖南-长沙","gid":"33922","time_insert":"2018-09-01 18:57","time_update":"2020-09-23 13:59"}
2021-07-26 01:23:58 查询号码 【1817443】，GSD为【"湖南-长沙"】

2021-07-26 01:23:58 开始第 38 次操作

2021-07-26 01:23:58 开始操作号码 【1817442】
2021-07-26 01:24:01 GSD getOne 第 1 次 等待 3 秒
2021-07-26 01:24:04 查询号码 【1817442】，返回信息 {"status":"bad","msg":""}
2021-07-26 01:24:04 查询号码 【1817442】，GSD为【""】
2021-07-26 01:24:04 bad
2021-07-26 01:24:05 CHB 1817442?1627233844 第 1 次 等待 3 秒
2021-07-26 01:24:08 CHB 1817442?1627233844 第 1 次 获取到号码【1817442】GSD
2021-07-26 01:24:09 获取到号码【1817442】的GSD为【湖南-长沙】
2021-07-26 01:24:11 GSD insert 第 1 次 等待 3 秒
2021-07-26 01:24:14 {"status":"ok","gid":395770,"msg":"添加成功！"}
2021-07-26 01:24:14 下次操作: 2021-07-26 01:24:38

2021-07-26 01:24:38 开始第 39 次操作

2021-07-26 01:24:38 开始操作号码 【1817441】
2021-07-26 01:24:42 GSD getOne 第 1 次 等待 3 秒
2021-07-26 01:24:45 查询号码 【1817441】，返回信息 {"status":"bad","msg":""}
2021-07-26 01:24:45 查询号码 【1817441】，GSD为【""】
2021-07-26 01:24:45 bad
2021-07-26 01:24:47 CHB 1817441?1627233885 第 1 次 等待 3 秒
2021-07-26 01:24:50 CHB 1817441?1627233885 第 1 次 获取到号码【1817441】GSD
2021-07-26 01:24:50 获取到号码【1817441】的GSD为【湖南-长沙】
2021-07-26 01:24:53 GSD insert 第 1 次 等待 3 秒
2021-07-26 01:24:56 {"status":"ok","gid":395779,"msg":"添加成功！"}
2021-07-26 01:24:56 下次操作: 2021-07-26 01:25:11

2021-07-26 01:25:11 开始第 40 次操作

2021-07-26 01:25:11 开始操作号码 【1817440】
2021-07-26 01:25:14 GSD getOne 第 1 次 等待 3 秒
2021-07-26 01:25:17 查询号码 【1817440】，返回信息 {"status":"bad","msg":""}
2021-07-26 01:25:17 查询号码 【1817440】，GSD为【""】
2021-07-26 01:25:17 bad
2021-07-26 01:25:19 CHB 1817440?1627233917 第 1 次 等待 3 秒
2021-07-26 01:25:22 CHB 1817440?1627233917 第 1 次 获取到号码【1817440】GSD
2021-07-26 01:25:22 获取到号码【1817440】的GSD为【湖南-张家界】
2021-07-26 01:25:27 GSD insert 第 1 次 等待 3 秒
2021-07-26 01:25:30 {"status":"ok","gid":395788,"msg":"添加成功！"}

