2024-09-29 00:11:53 开始第 7149 次操作

2024-09-29 00:11:53 开始操作号码 【1417146】
2024-09-29 00:11:55 GSD getOne 第 1 次 等待 3 秒
2024-09-29 00:11:58 查询号码 【1417146】，返回信息 {"status":"ok","msg":"-","gid":"673480","time_insert":"2023-04-23 20:52"}
2024-09-29 00:11:58 查询号码 【1417146】，GSD为【"-"】
2024-09-29 00:11:58 ok && -
2024-09-29 00:12:00 CHB 1417146?1727539918 第 1 次 等待 3 秒
2024-09-29 00:12:03 CHB 1417146?1727539918 第 1 次 获取到号码【1417146】GSD
2024-09-29 00:12:03 未获取到号码【1417146】GSD，可能号码格式错误
2024-09-29 00:12:03 获取到号码【1417146】的GSD为【-】
2024-09-29 00:12:10 GSD insert 第 1 次 等待 3 秒
2024-09-29 00:12:13 {"status":"bad","gid":"673480","msg":"添加失败！号码【1417146(-|-)】已存在！"}
2024-09-29 00:12:13 随机等待 232 秒，约 3 分钟
2024-09-29 00:12:13 下次操作: 2024-09-29 00:16:05

2024-09-29 00:16:05 开始第 7150 次操作

2024-09-29 00:16:05 开始操作号码 【1417147】
2024-09-29 00:16:07 GSD getOne 第 1 次 等待 3 秒
2024-09-29 00:16:10 查询号码 【1417147】，返回信息 {"status":"ok","msg":"-","gid":"673493","time_insert":"2023-04-23 21:13"}
2024-09-29 00:16:10 查询号码 【1417147】，GSD为【"-"】
2024-09-29 00:16:10 ok && -
2024-09-29 00:16:12 CHB 1417147?1727540170 第 1 次 等待 3 秒
2024-09-29 00:16:15 CHB 1417147?1727540170 第 1 次 获取到号码【1417147】GSD
2024-09-29 00:16:15 未获取到号码【1417147】GSD，可能号码格式错误
2024-09-29 00:16:15 获取到号码【1417147】的GSD为【-】
2024-09-29 00:16:18 GSD insert 第 1 次 等待 3 秒
2024-09-29 00:16:21 {"status":"bad","gid":"673493","msg":"添加失败！号码【1417147(-|-)】已存在！"}
2024-09-29 00:16:21 随机等待 186 秒，约 3 分钟
2024-09-29 00:16:21 下次操作: 2024-09-29 00:19:27

2024-09-29 00:19:27 开始第 7151 次操作

2024-09-29 00:19:27 开始操作号码 【1417148】
2024-09-29 00:19:29 GSD getOne 第 1 次 等待 3 秒
2024-09-29 00:19:32 查询号码 【1417148】，返回信息 {"status":"ok","msg":"-","gid":"673507","time_insert":"2023-04-23 21:28"}
2024-09-29 00:19:32 查询号码 【1417148】，GSD为【"-"】
2024-09-29 00:19:32 ok && -
2024-09-29 00:19:34 CHB 1417148?1727540372 第 1 次 等待 3 秒
2024-09-29 00:19:37 CHB 1417148?1727540372 第 1 次 获取到号码【1417148】GSD
2024-09-29 00:19:37 未获取到号码【1417148】GSD，可能号码格式错误
2024-09-29 00:19:37 获取到号码【1417148】的GSD为【-】
2024-09-29 00:19:39 GSD insert 第 1 次 等待 3 秒
2024-09-29 00:19:42 {"status":"bad","gid":"673507","msg":"添加失败！号码【1417148(-|-)】已存在！"}
2024-09-29 00:19:42 随机等待 75 秒，约 1 分钟
2024-09-29 00:19:42 下次操作: 2024-09-29 00:20:57

2024-09-29 00:20:57 开始第 7152 次操作

2024-09-29 00:20:57 开始操作号码 【1417149】
2024-09-29 00:21:00 GSD getOne 第 1 次 等待 3 秒
2024-09-29 00:21:03 查询号码 【1417149】，返回信息 {"status":"ok","msg":"-","gid":"673516","time_insert":"2023-04-23 21:41"}
2024-09-29 00:21:03 查询号码 【1417149】，GSD为【"-"】
2024-09-29 00:21:03 ok && -
2024-09-29 00:21:05 CHB 1417149?1727540463 第 1 次 等待 3 秒
2024-09-29 00:21:08 CHB 1417149?1727540463 第 1 次 获取到号码【1417149】GSD
2024-09-29 00:21:08 未获取到号码【1417149】GSD，可能号码格式错误
2024-09-29 00:21:08 获取到号码【1417149】的GSD为【-】
2024-09-29 00:21:09 GSD insert 第 1 次 等待 3 秒
2024-09-29 00:21:12 {"status":"bad","gid":"673516","msg":"添加失败！号码【1417149(-|-)】已存在！"}

2024-09-29 00:39:37 开始第 7153 次操作

2024-09-29 00:39:37 开始操作号码 【1417150】
2024-09-29 00:39:40 GSD getOne 第 1 次 等待 3 秒
2024-09-29 00:39:43 查询号码 【1417150】，返回信息 {"status":"ok","msg":"-","gid":"673522","time_insert":"2023-04-23 21:50"}
2024-09-29 00:39:43 查询号码 【1417150】，GSD为【"-"】
2024-09-29 00:39:43 ok && -
2024-09-29 00:39:45 CHB 1417150?1727541583 第 1 次 等待 3 秒
2024-09-29 00:39:48 CHB 1417150?1727541583 第 1 次 获取到号码【1417150】GSD
2024-09-29 00:39:48 未获取到号码【1417150】GSD，可能号码格式错误
2024-09-29 00:39:48 获取到号码【1417150】的GSD为【-】
2024-09-29 00:39:50 GSD insert 第 1 次 等待 3 秒
2024-09-29 00:39:53 {"status":"bad","gid":"673522","msg":"添加失败！号码【1417150(-|-)】已存在！"}
2024-09-29 00:39:53 随机等待 128 秒，约 2 分钟
2024-09-29 00:39:53 下次操作: 2024-09-29 00:42:01

2024-09-29 00:42:01 开始第 7154 次操作

2024-09-29 00:42:01 开始操作号码 【1417151】
2024-09-29 00:42:05 GSD getOne 第 1 次 等待 3 秒
2024-09-29 00:42:08 查询号码 【1417151】，返回信息 {"status":"ok","msg":"-","gid":"673534","time_insert":"2023-04-23 22:02"}
2024-09-29 00:42:08 查询号码 【1417151】，GSD为【"-"】
2024-09-29 00:42:08 ok && -
2024-09-29 00:42:11 CHB 1417151?1727541728 第 1 次 等待 3 秒
2024-09-29 00:42:14 CHB 1417151?1727541728 第 1 次 获取到号码【1417151】GSD
2024-09-29 00:42:14 未获取到号码【1417151】GSD，可能号码格式错误
2024-09-29 00:42:14 获取到号码【1417151】的GSD为【-】
2024-09-29 00:42:16 GSD insert 第 1 次 等待 3 秒
2024-09-29 00:42:19 {"status":"bad","gid":"673534","msg":"添加失败！号码【1417151(-|-)】已存在！"}
2024-09-29 00:42:19 随机等待 115 秒，约 1 分钟
2024-09-29 00:42:19 下次操作: 2024-09-29 00:44:14

2024-09-29 00:44:14 开始第 7155 次操作

2024-09-29 00:44:14 开始操作号码 【1417152】
2024-09-29 00:44:16 GSD getOne 第 1 次 等待 3 秒
2024-09-29 00:44:19 查询号码 【1417152】，返回信息 {"status":"ok","msg":"-","gid":"673539","time_insert":"2023-04-23 22:12"}
2024-09-29 00:44:19 查询号码 【1417152】，GSD为【"-"】
2024-09-29 00:44:19 ok && -
2024-09-29 00:44:22 CHB 1417152?1727541859 第 1 次 等待 3 秒
2024-09-29 00:44:25 CHB 1417152?1727541859 第 1 次 获取到号码【1417152】GSD
2024-09-29 00:44:25 未获取到号码【1417152】GSD，可能号码格式错误
2024-09-29 00:44:25 获取到号码【1417152】的GSD为【-】
2024-09-29 00:44:27 GSD insert 第 1 次 等待 3 秒
2024-09-29 00:44:30 {"status":"bad","gid":"673539","msg":"添加失败！号码【1417152(-|-)】已存在！"}
2024-09-29 00:44:30 随机等待 67 秒，约 1 分钟
2024-09-29 00:44:30 下次操作: 2024-09-29 00:45:37

2024-09-29 00:45:37 开始第 7156 次操作

2024-09-29 00:45:37 开始操作号码 【1417153】
2024-09-29 00:45:39 GSD getOne 第 1 次 等待 3 秒
2024-09-29 00:45:42 查询号码 【1417153】，返回信息 {"status":"ok","msg":"-","gid":"673558","time_insert":"2023-04-23 22:35"}
2024-09-29 00:45:42 查询号码 【1417153】，GSD为【"-"】
2024-09-29 00:45:42 ok && -
2024-09-29 00:45:44 CHB 1417153?1727541942 第 1 次 等待 3 秒
2024-09-29 00:45:47 CHB 1417153?1727541942 第 1 次 获取到号码【1417153】GSD
2024-09-29 00:45:47 未获取到号码【1417153】GSD，可能号码格式错误
2024-09-29 00:45:47 获取到号码【1417153】的GSD为【-】
2024-09-29 00:45:49 GSD insert 第 1 次 等待 3 秒
2024-09-29 00:45:52 {"status":"bad","gid":"673558","msg":"添加失败！号码【1417153(-|-)】已存在！"}

2024-09-29 01:08:22 开始第 7157 次操作

2024-09-29 01:08:22 开始操作号码 【1417154】
2024-09-29 01:08:26 GSD getOne 第 1 次 等待 3 秒
2024-09-29 01:08:29 查询号码 【1417154】，返回信息 {"status":"ok","msg":"-","gid":"673572","time_insert":"2023-04-23 22:53"}
2024-09-29 01:08:29 查询号码 【1417154】，GSD为【"-"】
2024-09-29 01:08:29 ok && -
2024-09-29 01:08:33 CHB 1417154?1727543309 第 1 次 等待 3 秒
2024-09-29 01:08:36 CHB 1417154?1727543309 第 1 次 获取到号码【1417154】GSD
2024-09-29 01:08:36 未获取到号码【1417154】GSD，可能号码格式错误
2024-09-29 01:08:36 获取到号码【1417154】的GSD为【-】
2024-09-29 01:08:38 GSD insert 第 1 次 等待 3 秒
2024-09-29 01:08:41 {"status":"bad","gid":"673572","msg":"添加失败！号码【1417154(-|-)】已存在！"}
2024-09-29 01:08:41 随机等待 67 秒，约 1 分钟
2024-09-29 01:08:41 下次操作: 2024-09-29 01:09:48

2024-09-29 01:09:48 开始第 7158 次操作

2024-09-29 01:09:48 开始操作号码 【1417155】
2024-09-29 01:09:50 GSD getOne 第 1 次 等待 3 秒
2024-09-29 01:09:53 查询号码 【1417155】，返回信息 {"status":"ok","msg":"-","gid":"673581","time_insert":"2023-04-23 23:03"}
2024-09-29 01:09:53 查询号码 【1417155】，GSD为【"-"】
2024-09-29 01:09:53 ok && -
2024-09-29 01:09:55 CHB 1417155?1727543393 第 1 次 等待 3 秒
2024-09-29 01:09:58 CHB 1417155?1727543393 第 1 次 获取到号码【1417155】GSD
2024-09-29 01:09:58 未获取到号码【1417155】GSD，可能号码格式错误
2024-09-29 01:09:58 获取到号码【1417155】的GSD为【-】
2024-09-29 01:10:00 GSD insert 第 1 次 等待 3 秒
2024-09-29 01:10:03 {"status":"bad","gid":"673581","msg":"添加失败！号码【1417155(-|-)】已存在！"}
2024-09-29 01:10:03 随机等待 186 秒，约 3 分钟
2024-09-29 01:10:03 下次操作: 2024-09-29 01:13:09

2024-09-29 01:13:09 开始第 7159 次操作

2024-09-29 01:13:09 开始操作号码 【1417156】
2024-09-29 01:13:11 GSD getOne 第 1 次 等待 3 秒
2024-09-29 01:13:14 查询号码 【1417156】，返回信息 {"status":"ok","msg":"-","gid":"673589","time_insert":"2023-04-23 23:12"}
2024-09-29 01:13:14 查询号码 【1417156】，GSD为【"-"】
2024-09-29 01:13:14 ok && -
2024-09-29 01:13:16 CHB 1417156?1727543594 第 1 次 等待 3 秒
2024-09-29 01:13:19 CHB 1417156?1727543594 第 1 次 获取到号码【1417156】GSD
2024-09-29 01:13:19 未获取到号码【1417156】GSD，可能号码格式错误
2024-09-29 01:13:19 获取到号码【1417156】的GSD为【-】
2024-09-29 01:13:21 GSD insert 第 1 次 等待 3 秒
2024-09-29 01:13:24 {"status":"bad","gid":"673589","msg":"添加失败！号码【1417156(-|-)】已存在！"}
2024-09-29 01:13:24 随机等待 127 秒，约 2 分钟
2024-09-29 01:13:24 下次操作: 2024-09-29 01:15:31

2024-09-29 01:15:31 开始第 7160 次操作

2024-09-29 01:15:31 开始操作号码 【1417157】
2024-09-29 01:15:33 GSD getOne 第 1 次 等待 3 秒
2024-09-29 01:15:36 查询号码 【1417157】，返回信息 {"status":"ok","msg":"-","gid":"673595","time_insert":"2023-04-23 23:22"}
2024-09-29 01:15:36 查询号码 【1417157】，GSD为【"-"】
2024-09-29 01:15:36 ok && -
2024-09-29 01:15:38 CHB 1417157?1727543736 第 1 次 等待 3 秒
2024-09-29 01:15:41 CHB 1417157?1727543736 第 1 次 获取到号码【1417157】GSD
2024-09-29 01:15:41 未获取到号码【1417157】GSD，可能号码格式错误
2024-09-29 01:15:41 获取到号码【1417157】的GSD为【-】
2024-09-29 01:15:43 GSD insert 第 1 次 等待 3 秒
2024-09-29 01:15:46 {"status":"bad","gid":"673595","msg":"添加失败！号码【1417157(-|-)】已存在！"}

2024-09-29 01:33:49 开始第 7161 次操作

2024-09-29 01:33:49 开始操作号码 【1417158】
2024-09-29 01:33:51 GSD getOne 第 1 次 等待 3 秒
2024-09-29 01:33:54 查询号码 【1417158】，返回信息 {"status":"ok","msg":"-","gid":"673605","time_insert":"2023-04-23 23:32"}
2024-09-29 01:33:54 查询号码 【1417158】，GSD为【"-"】
2024-09-29 01:33:54 ok && -
2024-09-29 01:33:56 CHB 1417158?1727544834 第 1 次 等待 3 秒
2024-09-29 01:33:59 CHB 1417158?1727544834 第 1 次 获取到号码【1417158】GSD
2024-09-29 01:33:59 未获取到号码【1417158】GSD，可能号码格式错误
2024-09-29 01:33:59 获取到号码【1417158】的GSD为【-】
2024-09-29 01:34:01 GSD insert 第 1 次 等待 3 秒
2024-09-29 01:34:04 {"status":"bad","gid":"673605","msg":"添加失败！号码【1417158(-|-)】已存在！"}
2024-09-29 01:34:04 随机等待 225 秒，约 3 分钟
2024-09-29 01:34:04 下次操作: 2024-09-29 01:37:49

2024-09-29 01:37:49 开始第 7162 次操作

2024-09-29 01:37:49 开始操作号码 【1417159】
2024-09-29 01:37:51 GSD getOne 第 1 次 等待 3 秒
2024-09-29 01:37:54 查询号码 【1417159】，返回信息 {"status":"ok","msg":"-","gid":"673619","time_insert":"2023-04-23 23:51"}
2024-09-29 01:37:54 查询号码 【1417159】，GSD为【"-"】
2024-09-29 01:37:54 ok && -
2024-09-29 01:37:56 CHB 1417159?1727545074 第 1 次 等待 3 秒
2024-09-29 01:37:59 CHB 1417159?1727545074 第 1 次 获取到号码【1417159】GSD
2024-09-29 01:37:59 未获取到号码【1417159】GSD，可能号码格式错误
2024-09-29 01:37:59 获取到号码【1417159】的GSD为【-】
2024-09-29 01:38:00 GSD insert 第 1 次 等待 3 秒
2024-09-29 01:38:03 {"status":"bad","gid":"673619","msg":"添加失败！号码【1417159(-|-)】已存在！"}
2024-09-29 01:38:03 随机等待 176 秒，约 2 分钟
2024-09-29 01:38:03 下次操作: 2024-09-29 01:40:59

2024-09-29 01:40:59 开始第 7163 次操作

2024-09-29 01:40:59 开始操作号码 【1417160】
2024-09-29 01:41:01 GSD getOne 第 1 次 等待 3 秒
2024-09-29 01:41:04 查询号码 【1417160】，返回信息 {"status":"ok","msg":"-","gid":"673632","time_insert":"2023-04-24 00:07"}
2024-09-29 01:41:04 查询号码 【1417160】，GSD为【"-"】
2024-09-29 01:41:04 ok && -
2024-09-29 01:41:06 CHB 1417160?1727545264 第 1 次 等待 3 秒
2024-09-29 01:41:09 CHB 1417160?1727545264 第 1 次 获取到号码【1417160】GSD
2024-09-29 01:41:09 未获取到号码【1417160】GSD，可能号码格式错误
2024-09-29 01:41:09 获取到号码【1417160】的GSD为【-】
2024-09-29 01:41:11 GSD insert 第 1 次 等待 3 秒
2024-09-29 01:41:14 {"status":"bad","gid":"673632","msg":"添加失败！号码【1417160(-|-)】已存在！"}
2024-09-29 01:41:14 随机等待 88 秒，约 1 分钟
2024-09-29 01:41:14 下次操作: 2024-09-29 01:42:42

2024-09-29 01:42:42 开始第 7164 次操作

2024-09-29 01:42:42 开始操作号码 【1417161】
2024-09-29 01:42:47 GSD getOne 第 1 次 等待 3 秒
2024-09-29 01:42:50 查询号码 【1417161】，返回信息 {"status":"ok","msg":"-","gid":"673642","time_insert":"2023-04-24 00:20"}
2024-09-29 01:42:50 查询号码 【1417161】，GSD为【"-"】
2024-09-29 01:42:50 ok && -
2024-09-29 01:42:53 CHB 1417161?1727545370 第 1 次 等待 3 秒
2024-09-29 01:42:56 CHB 1417161?1727545370 第 1 次 获取到号码【1417161】GSD
2024-09-29 01:42:56 未获取到号码【1417161】GSD，可能号码格式错误
2024-09-29 01:42:56 获取到号码【1417161】的GSD为【-】
2024-09-29 01:42:58 GSD insert 第 1 次 等待 3 秒
2024-09-29 01:43:01 {"status":"bad","gid":"673642","msg":"添加失败！号码【1417161(-|-)】已存在！"}

