2024-08-27 00:13:18 开始第 1369 次操作

2024-08-27 00:13:18 开始操作号码 【1411368】
2024-08-27 00:13:26 GSD getOne 第 1 次 等待 3 秒
2024-08-27 00:13:29 查询号码 【1411368】，返回信息 {"status":"ok","msg":"-","gid":"538687","time_insert":"2023-02-18 20:08"}
2024-08-27 00:13:29 查询号码 【1411368】，GSD为【"-"】
2024-08-27 00:13:29 ok && -
2024-08-27 00:13:31 CHB 1411368?1724688809 第 1 次 等待 3 秒
2024-08-27 00:13:34 CHB 1411368?1724688809 第 1 次 获取到号码【1411368】GSD
2024-08-27 00:13:34 未获取到号码【1411368】GSD，可能号码格式错误
2024-08-27 00:13:34 获取到号码【1411368】的GSD为【-】
2024-08-27 00:13:42 GSD insert 第 1 次 等待 3 秒
2024-08-27 00:13:45 {"status":"bad","gid":"538687","msg":"添加失败！号码【1411368(-|-)】已存在！"}
2024-08-27 00:13:45 随机等待 139 秒，约 2 分钟
2024-08-27 00:13:45 下次操作: 2024-08-27 00:16:04

2024-08-27 00:16:04 开始第 1370 次操作

2024-08-27 00:16:04 开始操作号码 【1411369】
2024-08-27 00:16:12 GSD getOne 第 1 次 等待 3 秒
2024-08-27 00:16:15 查询号码 【1411369】，返回信息 {"status":"ok","msg":"-","gid":"538701","time_insert":"2023-02-18 20:20"}
2024-08-27 00:16:15 查询号码 【1411369】，GSD为【"-"】
2024-08-27 00:16:15 ok && -
2024-08-27 00:16:18 CHB 1411369?1724688975 第 1 次 等待 3 秒
2024-08-27 00:16:21 CHB 1411369?1724688975 第 1 次 获取到号码【1411369】GSD
2024-08-27 00:16:21 未获取到号码【1411369】GSD，可能号码格式错误
2024-08-27 00:16:21 获取到号码【1411369】的GSD为【-】
2024-08-27 00:16:30 GSD insert 第 1 次 等待 3 秒
2024-08-27 00:16:33 {"status":"bad","gid":"538701","msg":"添加失败！号码【1411369(-|-)】已存在！"}
2024-08-27 00:16:33 随机等待 232 秒，约 3 分钟
2024-08-27 00:16:33 下次操作: 2024-08-27 00:20:25

2024-08-27 00:20:25 开始第 1371 次操作

2024-08-27 00:20:25 开始操作号码 【1411370】
2024-08-27 00:20:32 GSD getOne 第 1 次 等待 3 秒
2024-08-27 00:20:35 查询号码 【1411370】，返回信息 {"status":"ok","msg":"-","gid":"538720","time_insert":"2023-02-18 20:32"}
2024-08-27 00:20:36 查询号码 【1411370】，GSD为【"-"】
2024-08-27 00:20:36 ok && -
2024-08-27 00:20:37 CHB 1411370?1724689236 第 1 次 等待 3 秒
2024-08-27 00:20:40 CHB 1411370?1724689236 第 1 次 获取到号码【1411370】GSD
2024-08-27 00:20:40 未获取到号码【1411370】GSD，可能号码格式错误
2024-08-27 00:20:40 获取到号码【1411370】的GSD为【-】
2024-08-27 00:20:48 GSD insert 第 1 次 等待 3 秒
2024-08-27 00:20:51 {"status":"bad","gid":"538720","msg":"添加失败！号码【1411370(-|-)】已存在！"}
2024-08-27 00:20:51 随机等待 97 秒，约 1 分钟
2024-08-27 00:20:51 下次操作: 2024-08-27 00:22:28

2024-08-27 00:22:28 开始第 1372 次操作

2024-08-27 00:22:28 开始操作号码 【1411371】
2024-08-27 00:22:37 GSD getOne 第 1 次 等待 3 秒
2024-08-27 00:22:40 查询号码 【1411371】，返回信息 {"status":"ok","msg":"-","gid":"538738","time_insert":"2023-02-18 20:50"}
2024-08-27 00:22:40 查询号码 【1411371】，GSD为【"-"】
2024-08-27 00:22:40 ok && -
2024-08-27 00:22:42 CHB 1411371?1724689360 第 1 次 等待 3 秒
2024-08-27 00:22:45 CHB 1411371?1724689360 第 1 次 获取到号码【1411371】GSD
2024-08-27 00:22:45 未获取到号码【1411371】GSD，可能号码格式错误
2024-08-27 00:22:45 获取到号码【1411371】的GSD为【-】
2024-08-27 00:22:52 GSD insert 第 1 次 等待 3 秒
2024-08-27 00:22:55 {"status":"bad","gid":"538738","msg":"添加失败！号码【1411371(-|-)】已存在！"}

