2024-04-20 00:22:39 开始第 4429 次操作

2024-04-20 00:22:39 开始操作号码 【1634347】
2024-04-20 00:22:44 GSD getOne 第 1 次 等待 3 秒
2024-04-20 00:22:47 查询号码 【1634347】，返回信息 {"status":"ok","msg":"-","gid":"608970","time_insert":"2023-03-23 08:13"}
2024-04-20 00:22:47 查询号码 【1634347】，GSD为【"-"】
2024-04-20 00:22:47 ok && -
2024-04-20 00:22:49 CHB 1634347?1713543767 第 1 次 等待 3 秒
2024-04-20 00:22:52 CHB 1634347?1713543767 第 1 次 获取到号码【1634347】GSD
2024-04-20 00:22:52 未获取到号码【1634347】GSD，可能号码格式错误
2024-04-20 00:22:52 获取到号码【1634347】的GSD为【-】
2024-04-20 00:22:56 GSD insert 第 1 次 等待 3 秒
2024-04-20 00:22:59 {"status":"bad","gid":"608970","msg":"添加失败！号码【1634347(-|-)】已存在！"}
2024-04-20 00:23:00 随机等待 87 秒，约 1 分钟
2024-04-20 00:23:00 下次操作: 2024-04-20 00:24:27

2024-04-20 00:24:27 开始第 4430 次操作

2024-04-20 00:24:27 开始操作号码 【1634348】
2024-04-20 00:24:31 GSD getOne 第 1 次 等待 3 秒
2024-04-20 00:24:34 查询号码 【1634348】，返回信息 {"status":"ok","msg":"-","gid":"608981","time_insert":"2023-03-23 08:24"}
2024-04-20 00:24:34 查询号码 【1634348】，GSD为【"-"】
2024-04-20 00:24:34 ok && -
2024-04-20 00:24:40 CHB 1634348?1713543874 第 1 次 等待 3 秒
2024-04-20 00:24:43 CHB 1634348?1713543874 第 1 次 获取到号码【1634348】GSD
2024-04-20 00:24:43 未获取到号码【1634348】GSD，可能号码格式错误
2024-04-20 00:24:43 获取到号码【1634348】的GSD为【-】
2024-04-20 00:24:48 GSD insert 第 1 次 等待 3 秒
2024-04-20 00:24:51 {"status":"bad","gid":"608981","msg":"添加失败！号码【1634348(-|-)】已存在！"}
2024-04-20 00:24:51 随机等待 115 秒，约 1 分钟
2024-04-20 00:24:51 下次操作: 2024-04-20 00:26:46

2024-04-20 00:26:46 开始第 4431 次操作

2024-04-20 00:26:46 开始操作号码 【1634349】
2024-04-20 00:26:50 GSD getOne 第 1 次 等待 3 秒
2024-04-20 00:26:53 查询号码 【1634349】，返回信息 {"status":"ok","msg":"-","gid":"608997","time_insert":"2023-03-23 08:41"}
2024-04-20 00:26:53 查询号码 【1634349】，GSD为【"-"】
2024-04-20 00:26:53 ok && -
2024-04-20 00:26:55 CHB 1634349?1713544013 第 1 次 等待 3 秒
2024-04-20 00:26:58 CHB 1634349?1713544013 第 1 次 获取到号码【1634349】GSD
2024-04-20 00:26:58 未获取到号码【1634349】GSD，可能号码格式错误
2024-04-20 00:26:58 获取到号码【1634349】的GSD为【-】
2024-04-20 00:27:02 GSD insert 第 1 次 等待 3 秒
2024-04-20 00:27:05 {"status":"bad","gid":"608997","msg":"添加失败！号码【1634349(-|-)】已存在！"}
2024-04-20 00:27:06 随机等待 91 秒，约 1 分钟
2024-04-20 00:27:06 下次操作: 2024-04-20 00:28:36

2024-04-20 00:28:37 开始第 4432 次操作

2024-04-20 00:28:37 开始操作号码 【1634350】
2024-04-20 00:28:42 GSD getOne 第 1 次 等待 3 秒
2024-04-20 00:28:45 查询号码 【1634350】，返回信息 {"status":"ok","msg":"-","gid":"609017","time_insert":"2023-03-23 08:53"}
2024-04-20 00:28:45 查询号码 【1634350】，GSD为【"-"】
2024-04-20 00:28:45 ok && -
2024-04-20 00:28:47 CHB 1634350?1713544125 第 1 次 等待 3 秒
2024-04-20 00:28:50 CHB 1634350?1713544125 第 1 次 获取到号码【1634350】GSD
2024-04-20 00:28:50 未获取到号码【1634350】GSD，可能号码格式错误
2024-04-20 00:28:50 获取到号码【1634350】的GSD为【-】
2024-04-20 00:28:54 GSD insert 第 1 次 等待 3 秒
2024-04-20 00:28:58 {"status":"bad","gid":"609017","msg":"添加失败！号码【1634350(-|-)】已存在！"}

2024-04-20 00:40:01 开始第 4433 次操作

2024-04-20 00:40:01 开始操作号码 【1634351】
2024-04-20 00:40:09 GSD getOne 第 1 次 等待 3 秒
2024-04-20 00:40:12 查询号码 【1634351】，返回信息 {"status":"ok","msg":"-","gid":"609039","time_insert":"2023-03-23 09:17"}
2024-04-20 00:40:12 查询号码 【1634351】，GSD为【"-"】
2024-04-20 00:40:12 ok && -
2024-04-20 00:40:14 CHB 1634351?1713544812 第 1 次 等待 3 秒
2024-04-20 00:40:17 CHB 1634351?1713544812 第 1 次 获取到号码【1634351】GSD
2024-04-20 00:40:17 未获取到号码【1634351】GSD，可能号码格式错误
2024-04-20 00:40:17 获取到号码【1634351】的GSD为【-】
2024-04-20 00:40:26 GSD insert 第 1 次 等待 3 秒
2024-04-20 00:40:29 {"status":"bad","gid":"609039","msg":"添加失败！号码【1634351(-|-)】已存在！"}
2024-04-20 00:40:29 随机等待 163 秒，约 2 分钟
2024-04-20 00:40:29 下次操作: 2024-04-20 00:43:12

2024-04-20 00:43:12 开始第 4434 次操作

2024-04-20 00:43:12 开始操作号码 【1634352】
2024-04-20 00:43:18 GSD getOne 第 1 次 等待 3 秒
2024-04-20 00:43:21 查询号码 【1634352】，返回信息 {"status":"ok","msg":"-","gid":"609056","time_insert":"2023-03-23 09:35"}
2024-04-20 00:43:21 查询号码 【1634352】，GSD为【"-"】
2024-04-20 00:43:21 ok && -
2024-04-20 00:43:24 CHB 1634352?1713545001 第 1 次 等待 3 秒
2024-04-20 00:43:27 CHB 1634352?1713545001 第 1 次 获取到号码【1634352】GSD
2024-04-20 00:43:27 未获取到号码【1634352】GSD，可能号码格式错误
2024-04-20 00:43:27 获取到号码【1634352】的GSD为【-】
2024-04-20 00:43:34 GSD insert 第 1 次 等待 3 秒
2024-04-20 00:43:37 {"status":"bad","gid":"609056","msg":"添加失败！号码【1634352(-|-)】已存在！"}
2024-04-20 00:43:37 随机等待 209 秒，约 3 分钟
2024-04-20 00:43:37 下次操作: 2024-04-20 00:47:06

2024-04-20 00:47:06 开始第 4435 次操作

2024-04-20 00:47:06 开始操作号码 【1634353】
2024-04-20 00:47:14 GSD getOne 第 1 次 等待 3 秒
2024-04-20 00:47:17 查询号码 【1634353】，返回信息 {"status":"ok","msg":"-","gid":"609072","time_insert":"2023-03-23 09:49"}
2024-04-20 00:47:17 查询号码 【1634353】，GSD为【"-"】
2024-04-20 00:47:17 ok && -
2024-04-20 00:47:19 CHB 1634353?1713545237 第 1 次 等待 3 秒
2024-04-20 00:47:22 CHB 1634353?1713545237 第 1 次 获取到号码【1634353】GSD
2024-04-20 00:47:22 未获取到号码【1634353】GSD，可能号码格式错误
2024-04-20 00:47:22 获取到号码【1634353】的GSD为【-】
2024-04-20 00:47:29 GSD insert 第 1 次 等待 3 秒
2024-04-20 00:47:32 {"status":"bad","gid":"609072","msg":"添加失败！号码【1634353(-|-)】已存在！"}
2024-04-20 00:47:32 随机等待 162 秒，约 2 分钟
2024-04-20 00:47:32 下次操作: 2024-04-20 00:50:14

2024-04-20 00:50:14 开始第 4436 次操作

2024-04-20 00:50:14 开始操作号码 【1634354】
2024-04-20 00:50:19 GSD getOne 第 1 次 等待 3 秒
2024-04-20 00:50:22 查询号码 【1634354】，返回信息 {"status":"ok","msg":"-","gid":"609082","time_insert":"2023-03-23 09:59"}
2024-04-20 00:50:22 查询号码 【1634354】，GSD为【"-"】
2024-04-20 00:50:22 ok && -
2024-04-20 00:50:25 CHB 1634354?1713545422 第 1 次 等待 3 秒
2024-04-20 00:50:28 CHB 1634354?1713545422 第 1 次 获取到号码【1634354】GSD
2024-04-20 00:50:28 未获取到号码【1634354】GSD，可能号码格式错误
2024-04-20 00:50:28 获取到号码【1634354】的GSD为【-】
2024-04-20 00:50:33 GSD insert 第 1 次 等待 3 秒
2024-04-20 00:50:36 {"status":"bad","gid":"609082","msg":"添加失败！号码【1634354(-|-)】已存在！"}

