2023-10-28 00:20:45 开始第 5393 次操作

2023-10-28 00:20:45 开始操作号码 【1955311】
2023-10-28 00:20:54 GSD getOne 第 1 次 等待 3 秒
2023-10-28 00:20:57 查询号码 【1955311】，返回信息 {"status":"ok","msg":"山东-济南","gid":"515627","time_insert":"2021-08-17 19:21"}
2023-10-28 00:20:57 查询号码 【1955311】，GSD为【"山东-济南"】

2023-10-28 00:20:58 开始第 5394 次操作

2023-10-28 00:20:58 开始操作号码 【1955312】
2023-10-28 00:21:08 GSD getOne 第 1 次 等待 3 秒
2023-10-28 00:21:11 查询号码 【1955312】，返回信息 {"status":"ok","msg":"山东-济南","gid":"515645","time_insert":"2021-08-17 19:33"}
2023-10-28 00:21:11 查询号码 【1955312】，GSD为【"山东-济南"】

2023-10-28 00:21:12 开始第 5395 次操作

2023-10-28 00:21:12 开始操作号码 【1955313】
2023-10-28 00:21:21 GSD getOne 第 1 次 等待 3 秒
2023-10-28 00:21:24 查询号码 【1955313】，返回信息 {"status":"ok","msg":"山东-济南","gid":"515663","time_insert":"2021-08-17 19:46"}
2023-10-28 00:21:24 查询号码 【1955313】，GSD为【"山东-济南"】

2023-10-28 00:21:25 开始第 5396 次操作

2023-10-28 00:21:25 开始操作号码 【1955314】
2023-10-28 00:21:28 GSD getOne 第 1 次 等待 3 秒
2023-10-28 00:21:31 查询号码 【1955314】，返回信息 {"status":"ok","msg":"山东-济南","gid":"515682","time_insert":"2021-08-17 19:59"}
2023-10-28 00:21:31 查询号码 【1955314】，GSD为【"山东-济南"】

