2024-05-21 00:22:44 开始第 9881 次操作

2024-05-21 00:22:44 开始操作号码 【1639788】
2024-05-21 00:22:50 GSD getOne 第 1 次 等待 3 秒
2024-05-21 00:22:53 查询号码 【1639788】，返回信息 {"status":"ok","msg":"-","gid":"696608","time_insert":"2023-05-07 21:58"}
2024-05-21 00:22:53 查询号码 【1639788】，GSD为【"-"】
2024-05-21 00:22:53 ok && -
2024-05-21 00:22:56 CHB 1639788?1716222173 第 1 次 等待 3 秒
2024-05-21 00:22:59 CHB 1639788?1716222173 第 1 次 获取到号码【1639788】GSD
2024-05-21 00:22:59 未获取到号码【1639788】GSD，可能号码格式错误
2024-05-21 00:22:59 获取到号码【1639788】的GSD为【-】
2024-05-21 00:23:07 GSD insert 第 1 次 等待 3 秒
2024-05-21 00:23:10 {"status":"bad","gid":"696608","msg":"添加失败！号码【1639788(-|-)】已存在！"}
2024-05-21 00:23:10 随机等待 87 秒，约 1 分钟
2024-05-21 00:23:10 下次操作: 2024-05-21 00:24:37

2024-05-21 00:24:37 开始第 9882 次操作

2024-05-21 00:24:37 开始操作号码 【1639789】
2024-05-21 00:24:42 GSD getOne 第 1 次 等待 3 秒
2024-05-21 00:24:45 查询号码 【1639789】，返回信息 {"status":"ok","msg":"-","gid":"696629","time_insert":"2023-05-07 22:18"}
2024-05-21 00:24:46 查询号码 【1639789】，GSD为【"-"】
2024-05-21 00:24:46 ok && -
2024-05-21 00:24:48 CHB 1639789?1716222286 第 1 次 等待 3 秒
2024-05-21 00:24:51 CHB 1639789?1716222286 第 1 次 获取到号码【1639789】GSD
2024-05-21 00:24:51 未获取到号码【1639789】GSD，可能号码格式错误
2024-05-21 00:24:51 获取到号码【1639789】的GSD为【-】
2024-05-21 00:24:57 GSD insert 第 1 次 等待 3 秒
2024-05-21 00:25:00 {"status":"bad","gid":"696629","msg":"添加失败！号码【1639789(-|-)】已存在！"}
2024-05-21 00:25:00 随机等待 178 秒，约 2 分钟
2024-05-21 00:25:00 下次操作: 2024-05-21 00:27:58

2024-05-21 00:27:58 开始第 9883 次操作

2024-05-21 00:27:58 开始操作号码 【1639790】
2024-05-21 00:28:05 GSD getOne 第 1 次 等待 3 秒
2024-05-21 00:28:08 查询号码 【1639790】，返回信息 {"status":"ok","msg":"-","gid":"696648","time_insert":"2023-05-07 22:37"}
2024-05-21 00:28:08 查询号码 【1639790】，GSD为【"-"】
2024-05-21 00:28:08 ok && -
2024-05-21 00:28:13 CHB 1639790?1716222488 第 1 次 等待 3 秒
2024-05-21 00:28:16 CHB 1639790?1716222488 第 1 次 获取到号码【1639790】GSD
2024-05-21 00:28:16 未获取到号码【1639790】GSD，可能号码格式错误
2024-05-21 00:28:16 获取到号码【1639790】的GSD为【-】
2024-05-21 00:28:22 GSD insert 第 1 次 等待 3 秒
2024-05-21 00:28:25 {"status":"bad","gid":"696648","msg":"添加失败！号码【1639790(-|-)】已存在！"}
2024-05-21 00:28:25 随机等待 133 秒，约 2 分钟
2024-05-21 00:28:25 下次操作: 2024-05-21 00:30:38

2024-05-21 00:30:38 开始第 9884 次操作

2024-05-21 00:30:38 开始操作号码 【1639791】
2024-05-21 00:30:45 GSD getOne 第 1 次 等待 3 秒
2024-05-21 00:30:48 查询号码 【1639791】，返回信息 {"status":"ok","msg":"-","gid":"696665","time_insert":"2023-05-07 22:57"}
2024-05-21 00:30:48 查询号码 【1639791】，GSD为【"-"】
2024-05-21 00:30:48 ok && -
2024-05-21 00:30:50 CHB 1639791?1716222648 第 1 次 等待 3 秒
2024-05-21 00:30:53 CHB 1639791?1716222648 第 1 次 获取到号码【1639791】GSD
2024-05-21 00:30:53 未获取到号码【1639791】GSD，可能号码格式错误
2024-05-21 00:30:53 获取到号码【1639791】的GSD为【-】
2024-05-21 00:30:59 GSD insert 第 1 次 等待 3 秒
2024-05-21 00:31:02 {"status":"bad","gid":"696665","msg":"添加失败！号码【1639791(-|-)】已存在！"}

2024-05-21 00:40:48 开始第 9885 次操作

2024-05-21 00:40:48 开始操作号码 【1639792】
2024-05-21 00:40:58 GSD getOne 第 1 次 等待 3 秒
2024-05-21 00:41:01 查询号码 【1639792】，返回信息 {"status":"ok","msg":"-","gid":"696680","time_insert":"2023-05-07 23:14"}
2024-05-21 00:41:01 查询号码 【1639792】，GSD为【"-"】
2024-05-21 00:41:01 ok && -
2024-05-21 00:41:04 CHB 1639792?1716223261 第 1 次 等待 3 秒
2024-05-21 00:41:07 CHB 1639792?1716223261 第 1 次 获取到号码【1639792】GSD
2024-05-21 00:41:07 未获取到号码【1639792】GSD，可能号码格式错误
2024-05-21 00:41:07 获取到号码【1639792】的GSD为【-】
2024-05-21 00:41:13 GSD insert 第 1 次 等待 3 秒
2024-05-21 00:41:16 {"status":"bad","gid":"696680","msg":"添加失败！号码【1639792(-|-)】已存在！"}
2024-05-21 00:41:16 随机等待 122 秒，约 2 分钟
2024-05-21 00:41:16 下次操作: 2024-05-21 00:43:18

2024-05-21 00:43:18 开始第 9886 次操作

2024-05-21 00:43:18 开始操作号码 【1639793】
2024-05-21 00:43:23 GSD getOne 第 1 次 等待 3 秒
2024-05-21 00:43:26 查询号码 【1639793】，返回信息 {"status":"ok","msg":"-","gid":"696698","time_insert":"2023-05-07 23:33"}
2024-05-21 00:43:26 查询号码 【1639793】，GSD为【"-"】
2024-05-21 00:43:26 ok && -
2024-05-21 00:43:29 CHB 1639793?1716223406 第 1 次 等待 3 秒
2024-05-21 00:43:32 CHB 1639793?1716223406 第 1 次 获取到号码【1639793】GSD
2024-05-21 00:43:32 未获取到号码【1639793】GSD，可能号码格式错误
2024-05-21 00:43:32 获取到号码【1639793】的GSD为【-】
2024-05-21 00:43:38 GSD insert 第 1 次 等待 3 秒
2024-05-21 00:43:41 {"status":"bad","gid":"696698","msg":"添加失败！号码【1639793(-|-)】已存在！"}
2024-05-21 00:43:41 随机等待 186 秒，约 3 分钟
2024-05-21 00:43:41 下次操作: 2024-05-21 00:46:47

2024-05-21 00:46:47 开始第 9887 次操作

2024-05-21 00:46:47 开始操作号码 【1639794】
2024-05-21 00:46:53 GSD getOne 第 1 次 等待 3 秒
2024-05-21 00:46:56 查询号码 【1639794】，返回信息 {"status":"ok","msg":"-","gid":"696712","time_insert":"2023-05-07 23:53"}
2024-05-21 00:46:56 查询号码 【1639794】，GSD为【"-"】
2024-05-21 00:46:56 ok && -
2024-05-21 00:46:59 CHB 1639794?1716223616 第 1 次 等待 3 秒
2024-05-21 00:47:02 CHB 1639794?1716223616 第 1 次 获取到号码【1639794】GSD
2024-05-21 00:47:02 未获取到号码【1639794】GSD，可能号码格式错误
2024-05-21 00:47:02 获取到号码【1639794】的GSD为【-】
2024-05-21 00:47:15 GSD insert 第 1 次 等待 3 秒
2024-05-21 00:47:18 {"status":"bad","gid":"696712","msg":"添加失败！号码【1639794(-|-)】已存在！"}
2024-05-21 00:47:18 随机等待 99 秒，约 1 分钟
2024-05-21 00:47:18 下次操作: 2024-05-21 00:48:57

2024-05-21 00:48:57 开始第 9888 次操作

2024-05-21 00:48:57 开始操作号码 【1639795】
2024-05-21 00:49:07 GSD getOne 第 1 次 等待 3 秒
2024-05-21 00:49:10 查询号码 【1639795】，返回信息 {"status":"ok","msg":"-","gid":"696728","time_insert":"2023-05-08 00:09"}
2024-05-21 00:49:10 查询号码 【1639795】，GSD为【"-"】
2024-05-21 00:49:10 ok && -
2024-05-21 00:49:13 CHB 1639795?1716223750 第 1 次 等待 3 秒
2024-05-21 00:49:16 CHB 1639795?1716223750 第 1 次 获取到号码【1639795】GSD
2024-05-21 00:49:16 未获取到号码【1639795】GSD，可能号码格式错误
2024-05-21 00:49:16 获取到号码【1639795】的GSD为【-】
2024-05-21 00:49:21 GSD insert 第 1 次 等待 3 秒
2024-05-21 00:49:24 {"status":"bad","gid":"696728","msg":"添加失败！号码【1639795(-|-)】已存在！"}

