2023-10-16 00:19:15 开始第 3293 次操作

2023-10-16 00:19:15 开始操作号码 【1953259】
2023-10-16 00:19:28 GSD getOne 第 1 次 等待 3 秒
2023-10-16 00:19:31 查询号码 【1953259】，返回信息 
2023-10-16 00:19:31 查询失败，3 秒后重新查询
2023-10-16 00:19:34 查询号码 【1953259】，返回信息 
2023-10-16 00:19:34 查询失败，结束本次操作，期待下次成功~
2023-10-16 00:19:34 随机等待 141 秒，约 2 分钟
2023-10-16 00:19:34 下次操作: 2023-10-16 00:21:55

2023-10-16 00:21:55 开始第 3294 次操作

2023-10-16 00:21:55 开始操作号码 【1953259】
2023-10-16 00:22:34 GSD getOne 第 1 次 等待 3 秒
2023-10-16 00:22:37 查询号码 【1953259】，返回信息 
2023-10-16 00:22:37 查询失败，3 秒后重新查询
2023-10-16 00:22:40 查询号码 【1953259】，返回信息 
2023-10-16 00:22:40 查询失败，结束本次操作，期待下次成功~
2023-10-16 00:22:40 随机等待 194 秒，约 3 分钟
2023-10-16 00:22:40 下次操作: 2023-10-16 00:25:54

2023-10-16 00:25:54 开始第 3295 次操作

2023-10-16 00:25:54 开始操作号码 【1953259】
2023-10-16 00:26:05 GSD getOne 第 1 次 等待 3 秒
2023-10-16 00:26:08 查询号码 【1953259】，返回信息 
2023-10-16 00:26:08 查询失败，3 秒后重新查询
2023-10-16 00:26:11 查询号码 【1953259】，返回信息 
2023-10-16 00:26:11 查询失败，结束本次操作，期待下次成功~
2023-10-16 00:26:11 随机等待 152 秒，约 2 分钟
2023-10-16 00:26:11 下次操作: 2023-10-16 00:28:43

2023-10-16 00:28:43 开始第 3296 次操作

2023-10-16 00:28:43 开始操作号码 【1953259】
2023-10-16 00:31:31 GSD getOne 第 1 次 等待 3 秒
2023-10-16 00:36:35 GSD getOne 第 2 次 等待 3 秒
2023-10-16 00:38:51 GSD getOne 第 3 次 等待 3 秒
2023-10-16 00:38:54 查询号码 【1953259】，返回信息 
2023-10-16 00:38:54 查询失败，3 秒后重新查询
2023-10-16 00:38:57 查询号码 【1953259】，返回信息 
2023-10-16 00:38:57 查询失败，结束本次操作，期待下次成功~

