2024-01-12 00:22:59 开始第 8149 次操作

2024-01-12 00:22:59 开始操作号码 【1858068】
2024-01-12 00:23:02 GSD getOne 第 1 次 等待 3 秒
2024-01-12 00:23:05 查询号码 【1858068】，返回信息 {"status":"ok","msg":"重庆-重庆","gid":"40062","time_insert":"2017-05-11 09:33","time_update":"2021-01-18 03:02"}
2024-01-12 00:23:05 查询号码 【1858068】，GSD为【"重庆-重庆"】

2024-01-12 00:23:06 开始第 8150 次操作

2024-01-12 00:23:06 开始操作号码 【1858069】
2024-01-12 00:23:11 GSD getOne 第 1 次 等待 3 秒
2024-01-12 00:23:14 查询号码 【1858069】，返回信息 {"status":"ok","msg":"重庆-重庆","gid":"40063","time_insert":"2017-05-11 09:33","time_update":"2021-01-18 03:05"}
2024-01-12 00:23:14 查询号码 【1858069】，GSD为【"重庆-重庆"】

2024-01-12 00:23:15 开始第 8151 次操作

2024-01-12 00:23:15 开始操作号码 【1858070】
2024-01-12 00:23:18 GSD getOne 第 1 次 等待 3 秒
2024-01-12 00:23:21 查询号码 【1858070】，返回信息 {"status":"ok","msg":"重庆-重庆","gid":"422247","time_insert":"2021-07-28 07:05"}
2024-01-12 00:23:21 查询号码 【1858070】，GSD为【"重庆-重庆"】

2024-01-12 00:23:22 开始第 8152 次操作

2024-01-12 00:23:22 开始操作号码 【1858071】
2024-01-12 00:23:25 GSD getOne 第 1 次 等待 3 秒
2024-01-12 00:23:28 查询号码 【1858071】，返回信息 {"status":"ok","msg":"重庆-重庆","gid":"40064","time_insert":"2014-04-13 14:10","time_update":"2021-01-18 03:11"}
2024-01-12 00:23:28 查询号码 【1858071】，GSD为【"重庆-重庆"】

