2024-01-20 00:22:40 开始第 9557 次操作

2024-01-20 00:22:40 开始操作号码 【1859476】
2024-01-20 00:22:44 GSD getOne 第 1 次 等待 3 秒
2024-01-20 00:22:47 查询号码 【1859476】，返回信息 {"status":"ok","msg":"重庆-重庆","gid":"408615","time_insert":"2021-07-27 03:06"}
2024-01-20 00:22:47 查询号码 【1859476】，GSD为【"重庆-重庆"】

2024-01-20 00:22:48 开始第 9558 次操作

2024-01-20 00:22:48 开始操作号码 【1859477】
2024-01-20 00:22:53 GSD getOne 第 1 次 等待 3 秒
2024-01-20 00:22:56 查询号码 【1859477】，返回信息 {"status":"ok","msg":"重庆-重庆","gid":"408603","time_insert":"2021-07-27 03:05"}
2024-01-20 00:22:56 查询号码 【1859477】，GSD为【"重庆-重庆"】

2024-01-20 00:22:57 开始第 9559 次操作

2024-01-20 00:22:57 开始操作号码 【1859478】
2024-01-20 00:23:08 GSD getOne 第 1 次 等待 3 秒
2024-01-20 00:23:11 查询号码 【1859478】，返回信息 {"status":"ok","msg":"重庆-重庆","gid":"408592","time_insert":"2021-07-27 03:04"}
2024-01-20 00:23:11 查询号码 【1859478】，GSD为【"重庆-重庆"】

2024-01-20 00:23:12 开始第 9560 次操作

2024-01-20 00:23:12 开始操作号码 【1859479】
2024-01-20 00:23:20 GSD getOne 第 1 次 等待 3 秒
2024-01-20 00:23:23 查询号码 【1859479】，返回信息 {"status":"ok","msg":"重庆-重庆","gid":"408581","time_insert":"2021-07-27 03:04"}
2024-01-20 00:23:23 查询号码 【1859479】，GSD为【"重庆-重庆"】

2024-01-20 00:41:57 开始第 9561 次操作

2024-01-20 00:41:57 开始操作号码 【1859480】
2024-01-20 00:42:01 GSD getOne 第 1 次 等待 3 秒
2024-01-20 00:42:04 查询号码 【1859480】，返回信息 {"status":"ok","msg":"重庆-重庆","gid":"408568","time_insert":"2021-07-27 03:03"}
2024-01-20 00:42:04 查询号码 【1859480】，GSD为【"重庆-重庆"】

2024-01-20 00:42:05 开始第 9562 次操作

2024-01-20 00:42:05 开始操作号码 【1859481】
2024-01-20 00:42:10 GSD getOne 第 1 次 等待 3 秒
2024-01-20 00:42:13 查询号码 【1859481】，返回信息 {"status":"ok","msg":"重庆-重庆","gid":"408559","time_insert":"2021-07-27 03:03"}
2024-01-20 00:42:13 查询号码 【1859481】，GSD为【"重庆-重庆"】

2024-01-20 00:42:14 开始第 9563 次操作

2024-01-20 00:42:14 开始操作号码 【1859482】
2024-01-20 00:42:19 GSD getOne 第 1 次 等待 3 秒
2024-01-20 00:42:22 查询号码 【1859482】，返回信息 {"status":"ok","msg":"重庆-重庆","gid":"408547","time_insert":"2021-07-27 03:02"}
2024-01-20 00:42:22 查询号码 【1859482】，GSD为【"重庆-重庆"】

2024-01-20 00:42:23 开始第 9564 次操作

2024-01-20 00:42:23 开始操作号码 【1859483】
2024-01-20 00:42:27 GSD getOne 第 1 次 等待 3 秒
2024-01-20 00:42:30 查询号码 【1859483】，返回信息 {"status":"ok","msg":"重庆-重庆","gid":"408530","time_insert":"2021-07-27 03:01"}
2024-01-20 00:42:30 查询号码 【1859483】，GSD为【"重庆-重庆"】

2024-01-20 01:15:31 开始第 9565 次操作

2024-01-20 01:15:31 开始操作号码 【1859484】
2024-01-20 01:15:36 GSD getOne 第 1 次 等待 3 秒
2024-01-20 01:15:39 查询号码 【1859484】，返回信息 {"status":"ok","msg":"重庆-重庆","gid":"408520","time_insert":"2021-07-27 03:01"}
2024-01-20 01:15:39 查询号码 【1859484】，GSD为【"重庆-重庆"】

2024-01-20 01:15:40 开始第 9566 次操作

2024-01-20 01:15:40 开始操作号码 【1859485】
2024-01-20 01:15:44 GSD getOne 第 1 次 等待 3 秒
2024-01-20 01:15:47 查询号码 【1859485】，返回信息 {"status":"ok","msg":"重庆-重庆","gid":"408512","time_insert":"2021-07-27 03:00"}
2024-01-20 01:15:47 查询号码 【1859485】，GSD为【"重庆-重庆"】

2024-01-20 01:15:48 开始第 9567 次操作

2024-01-20 01:15:48 开始操作号码 【1859486】
2024-01-20 01:15:51 GSD getOne 第 1 次 等待 3 秒
2024-01-20 01:15:54 查询号码 【1859486】，返回信息 {"status":"ok","msg":"重庆-重庆","gid":"408501","time_insert":"2021-07-27 03:00"}
2024-01-20 01:15:55 查询号码 【1859486】，GSD为【"重庆-重庆"】

2024-01-20 01:15:56 开始第 9568 次操作

2024-01-20 01:15:56 开始操作号码 【1859487】
2024-01-20 01:15:59 GSD getOne 第 1 次 等待 3 秒
2024-01-20 01:16:02 查询号码 【1859487】，返回信息 {"status":"ok","msg":"重庆-重庆","gid":"408493","time_insert":"2021-07-27 02:59"}
2024-01-20 01:16:02 查询号码 【1859487】，GSD为【"重庆-重庆"】

2024-01-20 01:37:38 开始第 9569 次操作

2024-01-20 01:37:38 开始操作号码 【1859488】
2024-01-20 01:37:42 GSD getOne 第 1 次 等待 3 秒
2024-01-20 01:37:45 查询号码 【1859488】，返回信息 {"status":"ok","msg":"重庆-重庆","gid":"408481","time_insert":"2021-07-27 02:59"}
2024-01-20 01:37:45 查询号码 【1859488】，GSD为【"重庆-重庆"】

2024-01-20 01:37:46 开始第 9570 次操作

2024-01-20 01:37:46 开始操作号码 【1859489】
2024-01-20 01:37:50 GSD getOne 第 1 次 等待 3 秒
2024-01-20 01:37:53 查询号码 【1859489】，返回信息 {"status":"ok","msg":"重庆-重庆","gid":"408471","time_insert":"2021-07-27 02:58"}
2024-01-20 01:37:53 查询号码 【1859489】，GSD为【"重庆-重庆"】

2024-01-20 01:37:54 开始第 9571 次操作

2024-01-20 01:37:54 开始操作号码 【1859490】
2024-01-20 01:37:58 GSD getOne 第 1 次 等待 3 秒
2024-01-20 01:38:01 查询号码 【1859490】，返回信息 {"status":"ok","msg":"广东-广州","gid":"345311","time_insert":"2021-07-21 11:03"}
2024-01-20 01:38:01 查询号码 【1859490】，GSD为【"广东-广州"】

2024-01-20 01:38:03 开始第 9572 次操作

2024-01-20 01:38:03 开始操作号码 【1859491】
2024-01-20 01:38:06 GSD getOne 第 1 次 等待 3 秒
2024-01-20 01:38:09 查询号码 【1859491】，返回信息 {"status":"ok","msg":"广东-广州","gid":"408455","time_insert":"2021-07-27 02:57"}
2024-01-20 01:38:09 查询号码 【1859491】，GSD为【"广东-广州"】

