2024-03-11 00:19:15 开始第 8145 次操作

2024-03-11 00:19:15 开始操作号码 【1748063】
2024-03-11 00:19:19 GSD getOne 第 1 次 等待 3 秒
2024-03-11 00:19:22 查询号码 【1748063】，返回信息 {"status":"ok","msg":"-","gid":"249242","time_insert":"2021-07-11 15:48"}
2024-03-11 00:19:22 查询号码 【1748063】，GSD为【"-"】
2024-03-11 00:19:22 ok && -
2024-03-11 00:19:25 CHB 1748063?1710087562 第 1 次 等待 3 秒
2024-03-11 00:19:28 CHB 1748063?1710087562 第 1 次 获取到号码【1748063】GSD
2024-03-11 00:19:28 未获取到号码【1748063】GSD，可能号码格式错误
2024-03-11 00:19:28 获取到号码【1748063】的GSD为【-】
2024-03-11 00:19:32 GSD insert 第 1 次 等待 3 秒
2024-03-11 00:19:35 {"status":"bad","gid":"249242","msg":"添加失败！号码【1748063(-|-)】已存在！"}
2024-03-11 00:19:35 随机等待 182 秒，约 3 分钟
2024-03-11 00:19:35 下次操作: 2024-03-11 00:22:37

2024-03-11 00:22:37 开始第 8146 次操作

2024-03-11 00:22:37 开始操作号码 【1748064】
2024-03-11 00:22:41 GSD getOne 第 1 次 等待 3 秒
2024-03-11 00:22:44 查询号码 【1748064】，返回信息 {"status":"ok","msg":"-","gid":"249245","time_insert":"2021-07-11 15:48"}
2024-03-11 00:22:44 查询号码 【1748064】，GSD为【"-"】
2024-03-11 00:22:44 ok && -
2024-03-11 00:22:46 CHB 1748064?1710087764 第 1 次 等待 3 秒
2024-03-11 00:22:49 CHB 1748064?1710087764 第 1 次 获取到号码【1748064】GSD
2024-03-11 00:22:49 未获取到号码【1748064】GSD，可能号码格式错误
2024-03-11 00:22:49 获取到号码【1748064】的GSD为【-】
2024-03-11 00:22:54 GSD insert 第 1 次 等待 3 秒
2024-03-11 00:22:57 {"status":"bad","gid":"249245","msg":"添加失败！号码【1748064(-|-)】已存在！"}
2024-03-11 00:22:57 随机等待 139 秒，约 2 分钟
2024-03-11 00:22:57 下次操作: 2024-03-11 00:25:16

2024-03-11 00:25:16 开始第 8147 次操作

2024-03-11 00:25:16 开始操作号码 【1748065】
2024-03-11 00:25:22 GSD getOne 第 1 次 等待 3 秒
2024-03-11 00:25:25 查询号码 【1748065】，返回信息 {"status":"ok","msg":"-","gid":"249419","time_insert":"2021-07-11 16:40"}
2024-03-11 00:25:25 查询号码 【1748065】，GSD为【"-"】
2024-03-11 00:25:25 ok && -
2024-03-11 00:25:27 CHB 1748065?1710087925 第 1 次 等待 3 秒
2024-03-11 00:25:30 CHB 1748065?1710087925 第 1 次 获取到号码【1748065】GSD
2024-03-11 00:25:30 未获取到号码【1748065】GSD，可能号码格式错误
2024-03-11 00:25:30 获取到号码【1748065】的GSD为【-】
2024-03-11 00:25:36 GSD insert 第 1 次 等待 3 秒
2024-03-11 00:25:39 {"status":"bad","gid":"249419","msg":"添加失败！号码【1748065(-|-)】已存在！"}
2024-03-11 00:25:39 随机等待 202 秒，约 3 分钟
2024-03-11 00:25:39 下次操作: 2024-03-11 00:29:01

2024-03-11 00:29:01 开始第 8148 次操作

2024-03-11 00:29:01 开始操作号码 【1748066】
2024-03-11 00:29:06 GSD getOne 第 1 次 等待 3 秒
2024-03-11 00:29:09 查询号码 【1748066】，返回信息 {"status":"ok","msg":"-","gid":"249425","time_insert":"2021-07-11 16:41"}
2024-03-11 00:29:09 查询号码 【1748066】，GSD为【"-"】
2024-03-11 00:29:09 ok && -
2024-03-11 00:29:12 CHB 1748066?1710088149 第 1 次 等待 3 秒
2024-03-11 00:29:15 CHB 1748066?1710088149 第 1 次 获取到号码【1748066】GSD
2024-03-11 00:29:15 未获取到号码【1748066】GSD，可能号码格式错误
2024-03-11 00:29:15 获取到号码【1748066】的GSD为【-】
2024-03-11 00:29:21 GSD insert 第 1 次 等待 3 秒
2024-03-11 00:29:24 {"status":"bad","gid":"249425","msg":"添加失败！号码【1748066(-|-)】已存在！"}

