2023-12-03 00:19:50 开始第 1073 次操作

2023-12-03 00:19:50 开始操作号码 【1850992】
2023-12-03 00:19:54 GSD getOne 第 1 次 等待 3 秒
2023-12-03 00:19:57 查询号码 【1850992】，返回信息 {"status":"ok","msg":"新疆-奎屯","gid":"385910","time_insert":"2021-07-25 05:53"}
2023-12-03 00:19:57 查询号码 【1850992】，GSD为【"新疆-奎屯"】

2023-12-03 00:19:58 开始第 1074 次操作

2023-12-03 00:19:58 开始操作号码 【1850993】
2023-12-03 00:20:14 GSD getOne 第 1 次 等待 3 秒
2023-12-03 00:20:17 查询号码 【1850993】，返回信息 {"status":"ok","msg":"新疆-石河子","gid":"386072","time_insert":"2021-07-25 06:04"}
2023-12-03 00:20:17 查询号码 【1850993】，GSD为【"新疆-石河子"】

2023-12-03 00:20:18 开始第 1075 次操作

2023-12-03 00:20:18 开始操作号码 【1850994】
2023-12-03 00:20:21 GSD getOne 第 1 次 等待 3 秒
2023-12-03 00:20:24 查询号码 【1850994】，返回信息 {"status":"ok","msg":"新疆-昌吉","gid":"386138","time_insert":"2021-07-25 06:16"}
2023-12-03 00:20:25 查询号码 【1850994】，GSD为【"新疆-昌吉"】

2023-12-03 00:20:26 开始第 1076 次操作

2023-12-03 00:20:26 开始操作号码 【1850995】
2023-12-03 00:20:29 GSD getOne 第 1 次 等待 3 秒
2023-12-03 00:20:32 查询号码 【1850995】，返回信息 {"status":"ok","msg":"新疆-吐鲁番","gid":"386166","time_insert":"2021-07-25 06:29"}
2023-12-03 00:20:32 查询号码 【1850995】，GSD为【"新疆-吐鲁番"】

2023-12-03 00:38:05 开始第 1077 次操作

2023-12-03 00:38:05 开始操作号码 【1850996】
2023-12-03 00:38:10 GSD getOne 第 1 次 等待 3 秒
2023-12-03 00:38:13 查询号码 【1850996】，返回信息 {"status":"ok","msg":"新疆-库尔勒","gid":"386221","time_insert":"2021-07-25 06:41"}
2023-12-03 00:38:13 查询号码 【1850996】，GSD为【"新疆-库尔勒"】

2023-12-03 00:38:14 开始第 1078 次操作

2023-12-03 00:38:14 开始操作号码 【1850997】
2023-12-03 00:38:19 GSD getOne 第 1 次 等待 3 秒
2023-12-03 00:38:22 查询号码 【1850997】，返回信息 {"status":"ok","msg":"新疆-阿克苏","gid":"386446","time_insert":"2021-07-25 06:54"}
2023-12-03 00:38:22 查询号码 【1850997】，GSD为【"新疆-阿克苏"】

2023-12-03 00:38:23 开始第 1079 次操作

2023-12-03 00:38:23 开始操作号码 【1850998】
2023-12-03 00:38:29 GSD getOne 第 1 次 等待 3 秒
2023-12-03 00:38:32 查询号码 【1850998】，返回信息 {"status":"ok","msg":"新疆-喀什","gid":"386605","time_insert":"2021-07-25 07:06"}
2023-12-03 00:38:32 查询号码 【1850998】，GSD为【"新疆-喀什"】

2023-12-03 00:38:33 开始第 1080 次操作

2023-12-03 00:38:33 开始操作号码 【1850999】
2023-12-03 00:38:36 GSD getOne 第 1 次 等待 3 秒
2023-12-03 00:38:39 查询号码 【1850999】，返回信息 {"status":"ok","msg":"新疆-伊犁","gid":"386656","time_insert":"2021-07-25 07:20"}
2023-12-03 00:38:40 查询号码 【1850999】，GSD为【"新疆-伊犁"】

