2023-11-20 00:20:11 开始第 9445 次操作

2023-11-20 00:20:11 开始操作号码 【1959363】
2023-11-20 00:20:15 GSD getOne 第 1 次 等待 3 秒
2023-11-20 00:20:18 查询号码 【1959363】，返回信息 {"status":"ok","msg":"-","gid":"452262","time_insert":"2021-07-31 04:42"}
2023-11-20 00:20:18 查询号码 【1959363】，GSD为【"-"】
2023-11-20 00:20:18 ok && -
2023-11-20 00:20:21 CHB 1959363?1700410818 第 1 次 等待 3 秒
2023-11-20 00:20:24 CHB 1959363?1700410818 第 1 次 获取到号码【1959363】GSD
2023-11-20 00:20:24 未获取到号码【1959363】GSD，可能号码格式错误
2023-11-20 00:20:24 获取到号码【1959363】的GSD为【-】
2023-11-20 00:20:27 GSD insert 第 1 次 等待 3 秒
2023-11-20 00:20:30 {"status":"bad","gid":"452262","msg":"添加失败！号码【1959363(-|-)】已存在！"}
2023-11-20 00:20:30 随机等待 199 秒，约 3 分钟
2023-11-20 00:20:30 下次操作: 2023-11-20 00:23:49

2023-11-20 00:23:49 开始第 9446 次操作

2023-11-20 00:23:49 开始操作号码 【1959364】
2023-11-20 00:23:54 GSD getOne 第 1 次 等待 3 秒
2023-11-20 00:23:57 查询号码 【1959364】，返回信息 {"status":"ok","msg":"上海-上海","gid":"452254","time_insert":"2021-07-31 04:41","time_update":"2023-07-22 00:38"}
2023-11-20 00:23:57 查询号码 【1959364】，GSD为【"上海-上海"】

2023-11-20 00:23:58 开始第 9447 次操作

2023-11-20 00:23:58 开始操作号码 【1959365】
2023-11-20 00:24:07 GSD getOne 第 1 次 等待 3 秒
2023-11-20 00:24:10 查询号码 【1959365】，返回信息 {"status":"ok","msg":"-","gid":"452245","time_insert":"2021-07-31 04:41"}
2023-11-20 00:24:10 查询号码 【1959365】，GSD为【"-"】
2023-11-20 00:24:10 ok && -
2023-11-20 00:24:16 CHB 1959365?1700411050 第 1 次 等待 3 秒
2023-11-20 00:24:19 CHB 1959365?1700411050 第 1 次 获取到号码【1959365】GSD
2023-11-20 00:24:19 未获取到号码【1959365】GSD，可能号码格式错误
2023-11-20 00:24:19 获取到号码【1959365】的GSD为【-】
2023-11-20 00:24:22 GSD insert 第 1 次 等待 3 秒
2023-11-20 00:24:25 {"status":"bad","gid":"452245","msg":"添加失败！号码【1959365(-|-)】已存在！"}
2023-11-20 00:24:25 随机等待 70 秒，约 1 分钟
2023-11-20 00:24:25 下次操作: 2023-11-20 00:25:35

2023-11-20 00:25:35 开始第 9448 次操作

2023-11-20 00:25:35 开始操作号码 【1959366】
2023-11-20 00:25:39 GSD getOne 第 1 次 等待 3 秒
2023-11-20 00:25:42 查询号码 【1959366】，返回信息 {"status":"ok","msg":"-","gid":"452235","time_insert":"2021-07-31 04:40"}
2023-11-20 00:25:42 查询号码 【1959366】，GSD为【"-"】
2023-11-20 00:25:42 ok && -
2023-11-20 00:25:45 CHB 1959366?1700411142 第 1 次 等待 3 秒
2023-11-20 00:25:48 CHB 1959366?1700411142 第 1 次 获取到号码【1959366】GSD
2023-11-20 00:25:48 未获取到号码【1959366】GSD，可能号码格式错误
2023-11-20 00:25:48 获取到号码【1959366】的GSD为【-】
2023-11-20 00:25:52 GSD insert 第 1 次 等待 3 秒
2023-11-20 00:25:55 {"status":"bad","gid":"452235","msg":"添加失败！号码【1959366(-|-)】已存在！"}

