2023-09-26 09:24:00 开始第 1 次操作

2023-09-26 09:24:00 开始操作号码 【1950000】
2023-09-26 09:24:02 GSD getOne 第 1 次 等待 3 秒
2023-09-26 09:24:05 查询号码 【1950000】，返回信息 {"status":"ok","msg":"四川-成都","gid":"402471","time_insert":"2021-07-26 15:11","time_update":"2023-05-29 15:58"}
2023-09-26 09:24:05 查询号码 【1950000】，GSD为【"四川-成都"】

2023-09-26 09:24:06 开始第 2 次操作

2023-09-26 09:24:06 开始操作号码 【1950001】
2023-09-26 09:24:07 GSD getOne 第 1 次 等待 3 秒
2023-09-26 09:24:10 查询号码 【1950001】，返回信息 {"status":"ok","msg":"四川-成都","gid":"402460","time_insert":"2021-07-26 15:10","time_update":"2023-05-29 16:01"}
2023-09-26 09:24:10 查询号码 【1950001】，GSD为【"四川-成都"】

2023-09-26 09:24:11 开始第 3 次操作

2023-09-26 09:24:11 开始操作号码 【1950002】
2023-09-26 09:24:13 GSD getOne 第 1 次 等待 3 秒
2023-09-26 09:24:16 查询号码 【1950002】，返回信息 {"status":"ok","msg":"四川-成都","gid":"402625","time_insert":"2021-07-26 15:27","time_update":"2023-05-29 16:03"}
2023-09-26 09:24:16 查询号码 【1950002】，GSD为【"四川-成都"】

2023-09-26 09:24:17 开始第 4 次操作

2023-09-26 09:24:17 开始操作号码 【1950003】
2023-09-26 09:24:18 GSD getOne 第 1 次 等待 3 秒
2023-09-26 09:24:21 查询号码 【1950003】，返回信息 {"status":"ok","msg":"四川-成都","gid":"402853","time_insert":"2021-07-26 15:47","time_update":"2023-05-29 16:05"}
2023-09-26 09:24:21 查询号码 【1950003】，GSD为【"四川-成都"】

2023-09-26 10:04:49 开始第 5 次操作

2023-09-26 10:04:49 开始操作号码 【1950004】
2023-09-26 10:04:51 GSD getOne 第 1 次 等待 3 秒
2023-09-26 10:04:54 查询号码 【1950004】，返回信息 {"status":"ok","msg":"四川-成都","gid":"403150","time_insert":"2021-07-26 16:07","time_update":"2023-05-29 16:22"}
2023-09-26 10:04:54 查询号码 【1950004】，GSD为【"四川-成都"】

2023-09-26 10:04:55 开始第 6 次操作

2023-09-26 10:04:55 开始操作号码 【1950005】
2023-09-26 10:04:57 GSD getOne 第 1 次 等待 3 秒
2023-09-26 10:05:00 查询号码 【1950005】，返回信息 {"status":"ok","msg":"四川-成都","gid":"403176","time_insert":"2021-07-26 16:24","time_update":"2023-05-29 16:24"}
2023-09-26 10:05:00 查询号码 【1950005】，GSD为【"四川-成都"】

2023-09-26 10:05:01 开始第 7 次操作

2023-09-26 10:05:01 开始操作号码 【1950006】
2023-09-26 10:05:03 GSD getOne 第 1 次 等待 3 秒
2023-09-26 10:05:06 查询号码 【1950006】，返回信息 {"status":"ok","msg":"四川-绵阳","gid":"403241","time_insert":"2021-07-26 16:44","time_update":"2023-05-29 16:27"}
2023-09-26 10:05:06 查询号码 【1950006】，GSD为【"四川-绵阳"】

2023-09-26 10:05:07 开始第 8 次操作

2023-09-26 10:05:07 开始操作号码 【1950007】
2023-09-26 10:05:09 GSD getOne 第 1 次 等待 3 秒
2023-09-26 10:05:12 查询号码 【1950007】，返回信息 {"status":"ok","msg":"四川-德阳","gid":"403547","time_insert":"2021-07-26 17:02","time_update":"2023-05-29 16:28"}
2023-09-26 10:05:12 查询号码 【1950007】，GSD为【"四川-德阳"】

